{"failedTests":[{"testName":"js-native-api/test_cannot_run_js/test","timestamp":1703161388004,"status":"FAILED","jobName":"node-test-binary-windows-native-suites","config":"node-test-binary-windows-native-suites » win11-vs2022-arm64-COMPILED_BY-vs2022-arm64 #20893","buildUrl":"https://ci.nodejs.org/job/node-test-binary-windows-native-suites/nodes=win11-vs2022-arm64-COMPILED_BY-vs2022-arm64/20893/","buildNumber":20893,"builtOn":"test-azure_msft-win11_vs2022-arm64-4","nodeVersion":"22.0.0","commitHash":"8d7a9292177a2172f956b0f28375a257236c35c7","callStack":[{"upstreamBuild":59913,"upstreamProject":"node-test-commit-windows-fanned","upstreamUrl":"job/node-test-commit-windows-fanned/"},{"upstreamBuild":67505,"upstreamProject":"node-test-commit","upstreamUrl":"job/node-test-commit/"},{"upstreamBuild":56429,"upstreamProject":"node-test-pull-request","upstreamUrl":"job/node-test-pull-request/"},{"prId":"50120"}],"tap":{"ok":false,"name":"js-native-api/test_cannot_run_js/test","id":89,"buffered":false,"tapError":null,"skip":false,"todo":": Fix flaky test","previous":null,"plan":null,"diag":{"severity":"flaky","exitcode":3221226505,"stack":""},"time":461.586,"fullname":"js-native-api/test_cannot_run_js/test","closingTestPoint":false}},{"testName":"benchmark/test-benchmark-net","timestamp":1703161388004,"status":"REGRESSION","jobName":"node-test-binary-windows-native-suites","config":"node-test-binary-windows-native-suites » win11-vs2022-arm64-COMPILED_BY-vs2022-arm64 #20893","buildUrl":"https://ci.nodejs.org/job/node-test-binary-windows-native-suites/nodes=win11-vs2022-arm64-COMPILED_BY-vs2022-arm64/20893/","buildNumber":20893,"builtOn":"test-azure_msft-win11_vs2022-arm64-4","nodeVersion":"22.0.0","commitHash":"8d7a9292177a2172f956b0f28375a257236c35c7","callStack":[{"upstreamBuild":59913,"upstreamProject":"node-test-commit-windows-fanned","upstreamUrl":"job/node-test-commit-windows-fanned/"},{"upstreamBuild":67505,"upstreamProject":"node-test-commit","upstreamUrl":"job/node-test-commit/"},{"upstreamBuild":56429,"upstreamProject":"node-test-pull-request","upstreamUrl":"job/node-test-pull-request/"},{"prId":"50120"}],"tap":{"ok":false,"name":"benchmark/test-benchmark-net","id":195,"buffered":false,"tapError":null,"skip":false,"todo":false,"previous":null,"plan":null,"diag":{"severity":"fail","exitcode":1,"stack":"node:events:497\n      throw er; // Unhandled 'error' event\n      ^\n\nError: write ENOBUFS\n    at WriteWrap.onWriteComplete [as oncomplete] (node:internal/stream_base_commons:94:16)\nEmitted 'error' event on Socket instance at:\n    at emitErrorNT (node:internal/streams/destroy:169:8)\n    at emitErrorCloseNT (node:internal/streams/destroy:128:3)\n    at process.processTicksAndRejections (node:internal/process/task_queues:82:21) {\n  errno: -4060,\n  code: 'ENOBUFS',\n  syscall: 'write'\n}\n\nNode.js v22.0.0-pre\nnode:assert:126\n  throw new AssertionError(obj);\n  ^\n\nAssertionError [ERR_ASSERTION]: Expected values to be strictly equal:\n\n1 !== 0\n\n    at ChildProcess.<anonymous> (d:\\workspace\\node-test-binary-windows-native-suites\\node\\test\\common\\benchmark.js:28:12)\n    at ChildProcess.emit (node:events:519:28)\n    at ChildProcess._handle.onexit (node:internal/child_process:294:12) {\n  generatedMessage: true,\n  code: 'ERR_ASSERTION',\n  actual: 1,\n  expected: 0,\n  operator: 'strictEqual'\n}\n\nNode.js v22.0.0-pre"},"time":1346.302,"fullname":"benchmark/test-benchmark-net","closingTestPoint":false}},{"testName":"benchmark/test-benchmark-net","timestamp":1703161388004,"status":"REGRESSION","jobName":"node-test-binary-windows-native-suites","config":"node-test-binary-windows-native-suites » win2016-vs2017-COMPILED_BY-vs2022-x86 #20893","buildUrl":"https://ci.nodejs.org/job/node-test-binary-windows-native-suites/nodes=win2016-vs2017-COMPILED_BY-vs2022-x86/20893/","buildNumber":20893,"builtOn":"test-azure_msft-win2016_vs2017-x64-3","nodeVersion":"22.0.0","commitHash":"8d7a9292177a2172f956b0f28375a257236c35c7","callStack":[{"upstreamBuild":59913,"upstreamProject":"node-test-commit-windows-fanned","upstreamUrl":"job/node-test-commit-windows-fanned/"},{"upstreamBuild":67505,"upstreamProject":"node-test-commit","upstreamUrl":"job/node-test-commit/"},{"upstreamBuild":56429,"upstreamProject":"node-test-pull-request","upstreamUrl":"job/node-test-pull-request/"},{"prId":"50120"}],"tap":{"ok":false,"name":"benchmark/test-benchmark-net","id":195,"buffered":false,"tapError":null,"skip":false,"todo":false,"previous":null,"plan":null,"diag":{"severity":"fail","exitcode":1,"stack":"node:events:497\n      throw er; // Unhandled 'error' event\n      ^\n\nError: write ENOBUFS\n    at WriteWrap.onWriteComplete [as oncomplete] (node:internal/stream_base_commons:94:16)\nEmitted 'error' event on Socket instance at:\n    at emitErrorNT (node:internal/streams/destroy:169:8)\n    at emitErrorCloseNT (node:internal/streams/destroy:128:3)\n    at process.processTicksAndRejections (node:internal/process/task_queues:82:21) {\n  errno: -4060,\n  code: 'ENOBUFS',\n  syscall: 'write'\n}\n\nNode.js v22.0.0-pre\nnode:assert:126\n  throw new AssertionError(obj);\n  ^\n\nAssertionError [ERR_ASSERTION]: Expected values to be strictly equal:\n\n1 !== 0\n\n    at ChildProcess.<anonymous> (C:\\workspace\\node-test-binary-windows-native-suites\\node\\test\\common\\benchmark.js:28:12)\n    at ChildProcess.emit (node:events:519:28)\n    at ChildProcess._handle.onexit (node:internal/child_process:294:12) {\n  generatedMessage: true,\n  code: 'ERR_ASSERTION',\n  actual: 1,\n  expected: 0,\n  operator: 'strictEqual'\n}\n\nNode.js v22.0.0-pre"},"time":758.52,"fullname":"benchmark/test-benchmark-net","closingTestPoint":false}}]}