{"failedTests":[{"testName":"benchmark/test-benchmark-net","timestamp":1710242947962,"status":"REGRESSION","jobName":"node-test-binary-windows-native-suites","config":"node-test-binary-windows-native-suites » win2022-vs2022-COMPILED_BY-vs2022 #21786","buildUrl":"https://ci.nodejs.org/job/node-test-binary-windows-native-suites/nodes=win2022-vs2022-COMPILED_BY-vs2022/21786/","buildNumber":21786,"builtOn":"test-rackspace-win2022_vs2022-x64-1","nodeVersion":"22.0.0","commitHash":"cc2c84d95bf40ef04efc4834ecc1e7b3984f4bd2","callStack":[{"upstreamBuild":61383,"upstreamProject":"node-test-commit-windows-fanned","upstreamUrl":"job/node-test-commit-windows-fanned/"},{"upstreamBuild":69068,"upstreamProject":"node-test-commit","upstreamUrl":"job/node-test-commit/"},{"upstreamBuild":57712,"upstreamProject":"node-test-pull-request","upstreamUrl":"job/node-test-pull-request/"},{"prId":"52037"}],"tap":{"ok":false,"name":"benchmark/test-benchmark-net","id":195,"buffered":false,"tapError":null,"skip":false,"todo":false,"previous":null,"plan":null,"diag":{"severity":"fail","exitcode":1,"stack":"node:events:497\n      throw er; // Unhandled 'error' event\n      ^\n\nError: write ENOBUFS\n    at WriteWrap.onWriteComplete [as oncomplete] (node:internal/stream_base_commons:94:16)\nEmitted 'error' event on Socket instance at:\n    at emitErrorNT (node:internal/streams/destroy:169:8)\n    at emitErrorCloseNT (node:internal/streams/destroy:128:3)\n    at process.processTicksAndRejections (node:internal/process/task_queues:82:21) {\n  errno: -4060,\n  code: 'ENOBUFS',\n  syscall: 'write'\n}\n\nNode.js v22.0.0-pre\nnode:assert:126\n  throw new AssertionError(obj);\n  ^\n\nAssertionError [ERR_ASSERTION]: Expected values to be strictly equal:\n\n1 !== 0\n\n    at ChildProcess.<anonymous> (C:\\workspace\\node-test-binary-windows-native-suites\\node\\test\\common\\benchmark.js:28:12)\n    at ChildProcess.emit (node:events:519:28)\n    at ChildProcess._handle.onexit (node:internal/child_process:294:12) {\n  generatedMessage: true,\n  code: 'ERR_ASSERTION',\n  actual: 1,\n  expected: 0,\n  operator: 'strictEqual'\n}\n\nNode.js v22.0.0-pre"},"time":869.055,"fullname":"benchmark/test-benchmark-net","closingTestPoint":false}},{"testName":"benchmark/test-benchmark-net","timestamp":1710242947962,"status":"REGRESSION","jobName":"node-test-binary-windows-native-suites","config":"node-test-binary-windows-native-suites » win10-vs2019-COMPILED_BY-vs2022 #21786","buildUrl":"https://ci.nodejs.org/job/node-test-binary-windows-native-suites/nodes=win10-vs2019-COMPILED_BY-vs2022/21786/","buildNumber":21786,"builtOn":"test-azure_msft-win10_vs2019-x64-2","nodeVersion":"22.0.0","commitHash":"cc2c84d95bf40ef04efc4834ecc1e7b3984f4bd2","callStack":[{"upstreamBuild":61383,"upstreamProject":"node-test-commit-windows-fanned","upstreamUrl":"job/node-test-commit-windows-fanned/"},{"upstreamBuild":69068,"upstreamProject":"node-test-commit","upstreamUrl":"job/node-test-commit/"},{"upstreamBuild":57712,"upstreamProject":"node-test-pull-request","upstreamUrl":"job/node-test-pull-request/"},{"prId":"52037"}],"tap":{"ok":false,"name":"benchmark/test-benchmark-net","id":195,"buffered":false,"tapError":null,"skip":false,"todo":false,"previous":null,"plan":null,"diag":{"severity":"fail","exitcode":1,"stack":"node:events:497\n      throw er; // Unhandled 'error' event\n      ^\n\nError: write ENOBUFS\n    at WriteWrap.onWriteComplete [as oncomplete] (node:internal/stream_base_commons:94:16)\nEmitted 'error' event on Socket instance at:\n    at emitErrorNT (node:internal/streams/destroy:169:8)\n    at emitErrorCloseNT (node:internal/streams/destroy:128:3)\n    at process.processTicksAndRejections (node:internal/process/task_queues:82:21) {\n  errno: -4060,\n  code: 'ENOBUFS',\n  syscall: 'write'\n}\n\nNode.js v22.0.0-pre\nnode:assert:126\n  throw new AssertionError(obj);\n  ^\n\nAssertionError [ERR_ASSERTION]: Expected values to be strictly equal:\n\n1 !== 0\n\n    at ChildProcess.<anonymous> (c:\\workspace\\node-test-binary-windows-native-suites\\node\\test\\common\\benchmark.js:28:12)\n    at ChildProcess.emit (node:events:519:28)\n    at ChildProcess._handle.onexit (node:internal/child_process:294:12) {\n  generatedMessage: true,\n  code: 'ERR_ASSERTION',\n  actual: 1,\n  expected: 0,\n  operator: 'strictEqual'\n}\n\nNode.js v22.0.0-pre"},"time":1030.07,"fullname":"benchmark/test-benchmark-net","closingTestPoint":false}},{"testName":"benchmark/test-benchmark-net","timestamp":1710242947962,"status":"REGRESSION","jobName":"node-test-binary-windows-native-suites","config":"node-test-binary-windows-native-suites » win2019-vs2019-COMPILED_BY-vs2022 #21786","buildUrl":"https://ci.nodejs.org/job/node-test-binary-windows-native-suites/nodes=win2019-vs2019-COMPILED_BY-vs2022/21786/","buildNumber":21786,"builtOn":"test-rackspace-win2019_vs2019-x64-3","nodeVersion":"22.0.0","commitHash":"cc2c84d95bf40ef04efc4834ecc1e7b3984f4bd2","callStack":[{"upstreamBuild":61383,"upstreamProject":"node-test-commit-windows-fanned","upstreamUrl":"job/node-test-commit-windows-fanned/"},{"upstreamBuild":69068,"upstreamProject":"node-test-commit","upstreamUrl":"job/node-test-commit/"},{"upstreamBuild":57712,"upstreamProject":"node-test-pull-request","upstreamUrl":"job/node-test-pull-request/"},{"prId":"52037"}],"tap":{"ok":false,"name":"benchmark/test-benchmark-net","id":195,"buffered":false,"tapError":null,"skip":false,"todo":false,"previous":null,"plan":null,"diag":{"severity":"fail","exitcode":1,"stack":"node:events:497\n      throw er; // Unhandled 'error' event\n      ^\n\nError: write ENOBUFS\n    at WriteWrap.onWriteComplete [as oncomplete] (node:internal/stream_base_commons:94:16)\nEmitted 'error' event on Socket instance at:\n    at emitErrorNT (node:internal/streams/destroy:169:8)\n    at emitErrorCloseNT (node:internal/streams/destroy:128:3)\n    at process.processTicksAndRejections (node:internal/process/task_queues:82:21) {\n  errno: -4060,\n  code: 'ENOBUFS',\n  syscall: 'write'\n}\n\nNode.js v22.0.0-pre\nnode:assert:126\n  throw new AssertionError(obj);\n  ^\n\nAssertionError [ERR_ASSERTION]: Expected values to be strictly equal:\n\n1 !== 0\n\n    at ChildProcess.<anonymous> (C:\\workspace\\node-test-binary-windows-native-suites\\node\\test\\common\\benchmark.js:28:12)\n    at ChildProcess.emit (node:events:519:28)\n    at ChildProcess._handle.onexit (node:internal/child_process:294:12) {\n  generatedMessage: true,\n  code: 'ERR_ASSERTION',\n  actual: 1,\n  expected: 0,\n  operator: 'strictEqual'\n}\n\nNode.js v22.0.0-pre"},"time":868.007,"fullname":"benchmark/test-benchmark-net","closingTestPoint":false}},{"testName":"benchmark/test-benchmark-net","timestamp":1710242947962,"status":"REGRESSION","jobName":"node-test-binary-windows-native-suites","config":"node-test-binary-windows-native-suites » win11-vs2022-arm64-COMPILED_BY-vs2022-arm64 #21786","buildUrl":"https://ci.nodejs.org/job/node-test-binary-windows-native-suites/nodes=win11-vs2022-arm64-COMPILED_BY-vs2022-arm64/21786/","buildNumber":21786,"builtOn":"test-azure_msft-win11_vs2022-arm64-4","nodeVersion":"22.0.0","commitHash":"cc2c84d95bf40ef04efc4834ecc1e7b3984f4bd2","callStack":[{"upstreamBuild":61383,"upstreamProject":"node-test-commit-windows-fanned","upstreamUrl":"job/node-test-commit-windows-fanned/"},{"upstreamBuild":69068,"upstreamProject":"node-test-commit","upstreamUrl":"job/node-test-commit/"},{"upstreamBuild":57712,"upstreamProject":"node-test-pull-request","upstreamUrl":"job/node-test-pull-request/"},{"prId":"52037"}],"tap":{"ok":false,"name":"benchmark/test-benchmark-net","id":195,"buffered":false,"tapError":null,"skip":false,"todo":false,"previous":null,"plan":null,"diag":{"severity":"fail","exitcode":1,"stack":"node:events:497\n      throw er; // Unhandled 'error' event\n      ^\n\nError: write ENOBUFS\n    at WriteWrap.onWriteComplete [as oncomplete] (node:internal/stream_base_commons:94:16)\nEmitted 'error' event on Socket instance at:\n    at emitErrorNT (node:internal/streams/destroy:169:8)\n    at emitErrorCloseNT (node:internal/streams/destroy:128:3)\n    at process.processTicksAndRejections (node:internal/process/task_queues:82:21) {\n  errno: -4060,\n  code: 'ENOBUFS',\n  syscall: 'write'\n}\n\nNode.js v22.0.0-pre\nnode:assert:126\n  throw new AssertionError(obj);\n  ^\n\nAssertionError [ERR_ASSERTION]: Expected values to be strictly equal:\n\n1 !== 0\n\n    at ChildProcess.<anonymous> (d:\\workspace\\node-test-binary-windows-native-suites\\node\\test\\common\\benchmark.js:28:12)\n    at ChildProcess.emit (node:events:519:28)\n    at ChildProcess._handle.onexit (node:internal/child_process:294:12) {\n  generatedMessage: true,\n  code: 'ERR_ASSERTION',\n  actual: 1,\n  expected: 0,\n  operator: 'strictEqual'\n}\n\nNode.js v22.0.0-pre"},"time":1451.097,"fullname":"benchmark/test-benchmark-net","closingTestPoint":false}},{"testName":"benchmark/test-benchmark-net","timestamp":1710242947962,"status":"REGRESSION","jobName":"node-test-binary-windows-native-suites","config":"node-test-binary-windows-native-suites » win11-vs2022-COMPILED_BY-vs2022 #21786","buildUrl":"https://ci.nodejs.org/job/node-test-binary-windows-native-suites/nodes=win11-vs2022-COMPILED_BY-vs2022/21786/","buildNumber":21786,"builtOn":"test-azure_msft-win11_vs2022-x64-3","nodeVersion":"22.0.0","commitHash":"cc2c84d95bf40ef04efc4834ecc1e7b3984f4bd2","callStack":[{"upstreamBuild":61383,"upstreamProject":"node-test-commit-windows-fanned","upstreamUrl":"job/node-test-commit-windows-fanned/"},{"upstreamBuild":69068,"upstreamProject":"node-test-commit","upstreamUrl":"job/node-test-commit/"},{"upstreamBuild":57712,"upstreamProject":"node-test-pull-request","upstreamUrl":"job/node-test-pull-request/"},{"prId":"52037"}],"tap":{"ok":false,"name":"benchmark/test-benchmark-net","id":195,"buffered":false,"tapError":null,"skip":false,"todo":false,"previous":null,"plan":null,"diag":{"severity":"fail","exitcode":1,"stack":"node:events:497\n      throw er; // Unhandled 'error' event\n      ^\n\nError: write ENOBUFS\n    at WriteWrap.onWriteComplete [as oncomplete] (node:internal/stream_base_commons:94:16)\nEmitted 'error' event on Socket instance at:\n    at emitErrorNT (node:internal/streams/destroy:169:8)\n    at emitErrorCloseNT (node:internal/streams/destroy:128:3)\n    at process.processTicksAndRejections (node:internal/process/task_queues:82:21) {\n  errno: -4060,\n  code: 'ENOBUFS',\n  syscall: 'write'\n}\n\nNode.js v22.0.0-pre\nnode:assert:126\n  throw new AssertionError(obj);\n  ^\n\nAssertionError [ERR_ASSERTION]: Expected values to be strictly equal:\n\n1 !== 0\n\n    at ChildProcess.<anonymous> (c:\\workspace\\node-test-binary-windows-native-suites\\node\\test\\common\\benchmark.js:28:12)\n    at ChildProcess.emit (node:events:519:28)\n    at ChildProcess._handle.onexit (node:internal/child_process:294:12) {\n  generatedMessage: true,\n  code: 'ERR_ASSERTION',\n  actual: 1,\n  expected: 0,\n  operator: 'strictEqual'\n}\n\nNode.js v22.0.0-pre"},"time":1252.247,"fullname":"benchmark/test-benchmark-net","closingTestPoint":false}}]}