{"failedTests":[{"testName":"benchmark/test-benchmark-async-hooks","timestamp":1712601349233,"status":"FAILED","jobName":"node-test-binary-windows-native-suites","config":"node-test-binary-windows-native-suites » win2022-vs2022-COMPILED_BY-vs2019 #22172","buildUrl":"https://ci.nodejs.org/job/node-test-binary-windows-native-suites/nodes=win2022-vs2022-COMPILED_BY-vs2019/22172/","buildNumber":22172,"builtOn":"test-rackspace-win2022_vs2022-x64-4","nodeVersion":"18.20.2","commitHash":"cc6e3b8e3792e803db5de69db65731e3c980581c","callStack":[{"upstreamBuild":62007,"upstreamProject":"node-test-commit-windows-fanned","upstreamUrl":"job/node-test-commit-windows-fanned/"},{"upstreamBuild":69680,"upstreamProject":"node-test-commit","upstreamUrl":"job/node-test-commit/"},{"upstreamBuild":58215,"upstreamProject":"node-test-pull-request","upstreamUrl":"job/node-test-pull-request/"},{"prId":"578"}],"tap":{"ok":false,"name":"benchmark/test-benchmark-async-hooks","id":170,"buffered":false,"tapError":null,"skip":false,"todo":false,"previous":null,"plan":null,"diag":{"severity":"fail","exitcode":1,"stack":"node:internal/child_process:414\n    throw errnoException(err, 'spawn');\n    ^\n\nError: spawn EINVAL\n    at ChildProcess.spawn (node:internal/child_process:414:11)\n    at Object.spawn (node:child_process:761:9)\n    at AutocannonBenchmarker.create (C:\\workspace\\node-test-binary-windows-native-suites\\node\\benchmark\\_http-benchmarkers.js:34:33)\n    at exports.run (C:\\workspace\\node-test-binary-windows-native-suites\\node\\benchmark\\_http-benchmarkers.js:227:29)\n    at Benchmark.http (C:\\workspace\\node-test-binary-windows-native-suites\\node\\benchmark\\common.js:175:23)\n    at Server.<anonymous> (C:\\workspace\\node-test-binary-windows-native-suites\\node\\benchmark\\async_hooks\\async-resource-vs-destroy.js:178:13)\n    at Server.emit (node:events:529:35)\n    at emitListeningNT (node:net:1851:10)\n    at process.processTicksAndRejections (node:internal/process/task_queues:81:21) {\n  errno: -4071,\n  code: 'EINVAL',\n  syscall: 'spawn'\n}\n\nNode.js v18.20.2\nnode:assert:125\n  throw new AssertionError(obj);\n  ^\n\nAssertionError [ERR_ASSERTION]: Expected values to be strictly equal:\n\n1 !== 0\n\n    at ChildProcess.<anonymous> (C:\\workspace\\node-test-binary-windows-native-suites\\node\\test\\common\\benchmark.js:28:12)\n    at ChildProcess.emit (node:events:517:28)\n    at ChildProcess._handle.onexit (node:internal/child_process:292:12) {\n  generatedMessage: true,\n  code: 'ERR_ASSERTION',\n  actual: 1,\n  expected: 0,\n  operator: 'strictEqual'\n}\n\nNode.js v18.20.2"},"time":2267.027,"fullname":"benchmark/test-benchmark-async-hooks","closingTestPoint":false}},{"testName":"benchmark/test-benchmark-http","timestamp":1712601349233,"status":"FAILED","jobName":"node-test-binary-windows-native-suites","config":"node-test-binary-windows-native-suites » win2022-vs2022-COMPILED_BY-vs2019 #22172","buildUrl":"https://ci.nodejs.org/job/node-test-binary-windows-native-suites/nodes=win2022-vs2022-COMPILED_BY-vs2019/22172/","buildNumber":22172,"builtOn":"test-rackspace-win2022_vs2022-x64-4","nodeVersion":"18.20.2","commitHash":"cc6e3b8e3792e803db5de69db65731e3c980581c","callStack":[{"upstreamBuild":62007,"upstreamProject":"node-test-commit-windows-fanned","upstreamUrl":"job/node-test-commit-windows-fanned/"},{"upstreamBuild":69680,"upstreamProject":"node-test-commit","upstreamUrl":"job/node-test-commit/"},{"upstreamBuild":58215,"upstreamProject":"node-test-pull-request","upstreamUrl":"job/node-test-pull-request/"},{"prId":"578"}],"tap":{"ok":false,"name":"benchmark/test-benchmark-http","id":183,"buffered":false,"tapError":null,"skip":false,"todo":false,"previous":null,"plan":null,"diag":{"severity":"fail","exitcode":1,"stack":"node:internal/child_process:414\n    throw errnoException(err, 'spawn');\n    ^\n\nError: spawn EINVAL\n    at ChildProcess.spawn (node:internal/child_process:414:11)\n    at Object.spawn (node:child_process:761:9)\n    at AutocannonBenchmarker.create (C:\\workspace\\node-test-binary-windows-native-suites\\node\\benchmark\\_http-benchmarkers.js:34:33)\n    at exports.run (C:\\workspace\\node-test-binary-windows-native-suites\\node\\benchmark\\_http-benchmarkers.js:227:29)\n    at Benchmark.http (C:\\workspace\\node-test-binary-windows-native-suites\\node\\benchmark\\common.js:175:23)\n    at Server.<anonymous> (C:\\workspace\\node-test-binary-windows-native-suites\\node\\benchmark\\http\\chunked.js:36:11)\n    at Object.onceWrapper (node:events:631:28)\n    at Server.emit (node:events:529:35)\n    at emitListeningNT (node:net:1851:10)\n    at process.processTicksAndRejections (node:internal/process/task_queues:81:21) {\n  errno: -4071,\n  code: 'EINVAL',\n  syscall: 'spawn'\n}\n\nNode.js v18.20.2\nnode:assert:125\n  throw new AssertionError(obj);\n  ^\n\nAssertionError [ERR_ASSERTION]: Expected values to be strictly equal:\n\n1 !== 0\n\n    at ChildProcess.<anonymous> (C:\\workspace\\node-test-binary-windows-native-suites\\node\\test\\common\\benchmark.js:28:12)\n    at ChildProcess.emit (node:events:517:28)\n    at ChildProcess._handle.onexit (node:internal/child_process:292:12) {\n  generatedMessage: true,\n  code: 'ERR_ASSERTION',\n  actual: 1,\n  expected: 0,\n  operator: 'strictEqual'\n}\n\nNode.js v18.20.2"},"time":1660.994,"fullname":"benchmark/test-benchmark-http","closingTestPoint":false}},{"testName":"benchmark/test-benchmark-async-hooks","timestamp":1712601349233,"status":"FAILED","jobName":"node-test-binary-windows-native-suites","config":"node-test-binary-windows-native-suites » win2019-vs2019-COMPILED_BY-vs2019 #22172","buildUrl":"https://ci.nodejs.org/job/node-test-binary-windows-native-suites/nodes=win2019-vs2019-COMPILED_BY-vs2019/22172/","buildNumber":22172,"builtOn":"test-rackspace-win2019_vs2019-x64-2","nodeVersion":"18.20.2","commitHash":"cc6e3b8e3792e803db5de69db65731e3c980581c","callStack":[{"upstreamBuild":62007,"upstreamProject":"node-test-commit-windows-fanned","upstreamUrl":"job/node-test-commit-windows-fanned/"},{"upstreamBuild":69680,"upstreamProject":"node-test-commit","upstreamUrl":"job/node-test-commit/"},{"upstreamBuild":58215,"upstreamProject":"node-test-pull-request","upstreamUrl":"job/node-test-pull-request/"},{"prId":"578"}],"tap":{"ok":false,"name":"benchmark/test-benchmark-async-hooks","id":170,"buffered":false,"tapError":null,"skip":false,"todo":false,"previous":null,"plan":null,"diag":{"severity":"fail","exitcode":1,"stack":"node:internal/child_process:414\n    throw errnoException(err, 'spawn');\n    ^\n\nError: spawn EINVAL\n    at ChildProcess.spawn (node:internal/child_process:414:11)\n    at Object.spawn (node:child_process:761:9)\n    at AutocannonBenchmarker.create (C:\\workspace\\node-test-binary-windows-native-suites\\node\\benchmark\\_http-benchmarkers.js:34:33)\n    at exports.run (C:\\workspace\\node-test-binary-windows-native-suites\\node\\benchmark\\_http-benchmarkers.js:227:29)\n    at Benchmark.http (C:\\workspace\\node-test-binary-windows-native-suites\\node\\benchmark\\common.js:175:23)\n    at Server.<anonymous> (C:\\workspace\\node-test-binary-windows-native-suites\\node\\benchmark\\async_hooks\\async-resource-vs-destroy.js:178:13)\n    at Server.emit (node:events:529:35)\n    at emitListeningNT (node:net:1851:10)\n    at process.processTicksAndRejections (node:internal/process/task_queues:81:21) {\n  errno: -4071,\n  code: 'EINVAL',\n  syscall: 'spawn'\n}\n\nNode.js v18.20.2\nnode:assert:125\n  throw new AssertionError(obj);\n  ^\n\nAssertionError [ERR_ASSERTION]: Expected values to be strictly equal:\n\n1 !== 0\n\n    at ChildProcess.<anonymous> (C:\\workspace\\node-test-binary-windows-native-suites\\node\\test\\common\\benchmark.js:28:12)\n    at ChildProcess.emit (node:events:517:28)\n    at ChildProcess._handle.onexit (node:internal/child_process:292:12) {\n  generatedMessage: true,\n  code: 'ERR_ASSERTION',\n  actual: 1,\n  expected: 0,\n  operator: 'strictEqual'\n}\n\nNode.js v18.20.2"},"time":2179.032,"fullname":"benchmark/test-benchmark-async-hooks","closingTestPoint":false}},{"testName":"benchmark/test-benchmark-http","timestamp":1712601349233,"status":"FAILED","jobName":"node-test-binary-windows-native-suites","config":"node-test-binary-windows-native-suites » win2019-vs2019-COMPILED_BY-vs2019 #22172","buildUrl":"https://ci.nodejs.org/job/node-test-binary-windows-native-suites/nodes=win2019-vs2019-COMPILED_BY-vs2019/22172/","buildNumber":22172,"builtOn":"test-rackspace-win2019_vs2019-x64-2","nodeVersion":"18.20.2","commitHash":"cc6e3b8e3792e803db5de69db65731e3c980581c","callStack":[{"upstreamBuild":62007,"upstreamProject":"node-test-commit-windows-fanned","upstreamUrl":"job/node-test-commit-windows-fanned/"},{"upstreamBuild":69680,"upstreamProject":"node-test-commit","upstreamUrl":"job/node-test-commit/"},{"upstreamBuild":58215,"upstreamProject":"node-test-pull-request","upstreamUrl":"job/node-test-pull-request/"},{"prId":"578"}],"tap":{"ok":false,"name":"benchmark/test-benchmark-http","id":183,"buffered":false,"tapError":null,"skip":false,"todo":false,"previous":null,"plan":null,"diag":{"severity":"fail","exitcode":1,"stack":"node:internal/child_process:414\n    throw errnoException(err, 'spawn');\n    ^\n\nError: spawn EINVAL\n    at ChildProcess.spawn (node:internal/child_process:414:11)\n    at Object.spawn (node:child_process:761:9)\n    at AutocannonBenchmarker.create (C:\\workspace\\node-test-binary-windows-native-suites\\node\\benchmark\\_http-benchmarkers.js:34:33)\n    at exports.run (C:\\workspace\\node-test-binary-windows-native-suites\\node\\benchmark\\_http-benchmarkers.js:227:29)\n    at Benchmark.http (C:\\workspace\\node-test-binary-windows-native-suites\\node\\benchmark\\common.js:175:23)\n    at Server.<anonymous> (C:\\workspace\\node-test-binary-windows-native-suites\\node\\benchmark\\http\\chunked.js:36:11)\n    at Object.onceWrapper (node:events:631:28)\n    at Server.emit (node:events:529:35)\n    at emitListeningNT (node:net:1851:10)\n    at process.processTicksAndRejections (node:internal/process/task_queues:81:21) {\n  errno: -4071,\n  code: 'EINVAL',\n  syscall: 'spawn'\n}\n\nNode.js v18.20.2\nnode:assert:125\n  throw new AssertionError(obj);\n  ^\n\nAssertionError [ERR_ASSERTION]: Expected values to be strictly equal:\n\n1 !== 0\n\n    at ChildProcess.<anonymous> (C:\\workspace\\node-test-binary-windows-native-suites\\node\\test\\common\\benchmark.js:28:12)\n    at ChildProcess.emit (node:events:517:28)\n    at ChildProcess._handle.onexit (node:internal/child_process:292:12) {\n  generatedMessage: true,\n  code: 'ERR_ASSERTION',\n  actual: 1,\n  expected: 0,\n  operator: 'strictEqual'\n}\n\nNode.js v18.20.2"},"time":1680.057,"fullname":"benchmark/test-benchmark-http","closingTestPoint":false}},{"testName":"benchmark/test-benchmark-async-hooks","timestamp":1712601349233,"status":"FAILED","jobName":"node-test-binary-windows-native-suites","config":"node-test-binary-windows-native-suites » win2016-vs2017-COMPILED_BY-vs2019-x86 #22172","buildUrl":"https://ci.nodejs.org/job/node-test-binary-windows-native-suites/nodes=win2016-vs2017-COMPILED_BY-vs2019-x86/22172/","buildNumber":22172,"builtOn":"test-azure_msft-win2016_vs2017-x64-2","nodeVersion":"18.20.2","commitHash":"cc6e3b8e3792e803db5de69db65731e3c980581c","callStack":[{"upstreamBuild":62007,"upstreamProject":"node-test-commit-windows-fanned","upstreamUrl":"job/node-test-commit-windows-fanned/"},{"upstreamBuild":69680,"upstreamProject":"node-test-commit","upstreamUrl":"job/node-test-commit/"},{"upstreamBuild":58215,"upstreamProject":"node-test-pull-request","upstreamUrl":"job/node-test-pull-request/"},{"prId":"578"}],"tap":{"ok":false,"name":"benchmark/test-benchmark-async-hooks","id":170,"buffered":false,"tapError":null,"skip":false,"todo":false,"previous":null,"plan":null,"diag":{"severity":"fail","exitcode":1,"stack":"node:internal/child_process:414\n    throw errnoException(err, 'spawn');\n    ^\n\nError: spawn EINVAL\n    at ChildProcess.spawn (node:internal/child_process:414:11)\n    at Object.spawn (node:child_process:761:9)\n    at AutocannonBenchmarker.create (C:\\workspace\\node-test-binary-windows-native-suites\\node\\benchmark\\_http-benchmarkers.js:34:33)\n    at exports.run (C:\\workspace\\node-test-binary-windows-native-suites\\node\\benchmark\\_http-benchmarkers.js:227:29)\n    at Benchmark.http (C:\\workspace\\node-test-binary-windows-native-suites\\node\\benchmark\\common.js:175:23)\n    at Server.<anonymous> (C:\\workspace\\node-test-binary-windows-native-suites\\node\\benchmark\\async_hooks\\async-resource-vs-destroy.js:178:13)\n    at Server.emit (node:events:529:35)\n    at emitListeningNT (node:net:1851:10)\n    at process.processTicksAndRejections (node:internal/process/task_queues:81:21) {\n  errno: -4071,\n  code: 'EINVAL',\n  syscall: 'spawn'\n}\n\nNode.js v18.20.2\nnode:assert:125\n  throw new AssertionError(obj);\n  ^\n\nAssertionError [ERR_ASSERTION]: Expected values to be strictly equal:\n\n1 !== 0\n\n    at ChildProcess.<anonymous> (C:\\workspace\\node-test-binary-windows-native-suites\\node\\test\\common\\benchmark.js:28:12)\n    at ChildProcess.emit (node:events:517:28)\n    at ChildProcess._handle.onexit (node:internal/child_process:292:12) {\n  generatedMessage: true,\n  code: 'ERR_ASSERTION',\n  actual: 1,\n  expected: 0,\n  operator: 'strictEqual'\n}\n\nNode.js v18.20.2"},"time":1462.314,"fullname":"benchmark/test-benchmark-async-hooks","closingTestPoint":false}},{"testName":"benchmark/test-benchmark-http","timestamp":1712601349233,"status":"FAILED","jobName":"node-test-binary-windows-native-suites","config":"node-test-binary-windows-native-suites » win2016-vs2017-COMPILED_BY-vs2019-x86 #22172","buildUrl":"https://ci.nodejs.org/job/node-test-binary-windows-native-suites/nodes=win2016-vs2017-COMPILED_BY-vs2019-x86/22172/","buildNumber":22172,"builtOn":"test-azure_msft-win2016_vs2017-x64-2","nodeVersion":"18.20.2","commitHash":"cc6e3b8e3792e803db5de69db65731e3c980581c","callStack":[{"upstreamBuild":62007,"upstreamProject":"node-test-commit-windows-fanned","upstreamUrl":"job/node-test-commit-windows-fanned/"},{"upstreamBuild":69680,"upstreamProject":"node-test-commit","upstreamUrl":"job/node-test-commit/"},{"upstreamBuild":58215,"upstreamProject":"node-test-pull-request","upstreamUrl":"job/node-test-pull-request/"},{"prId":"578"}],"tap":{"ok":false,"name":"benchmark/test-benchmark-http","id":183,"buffered":false,"tapError":null,"skip":false,"todo":false,"previous":null,"plan":null,"diag":{"severity":"fail","exitcode":1,"stack":"node:internal/child_process:414\n    throw errnoException(err, 'spawn');\n    ^\n\nError: spawn EINVAL\n    at ChildProcess.spawn (node:internal/child_process:414:11)\n    at Object.spawn (node:child_process:761:9)\n    at AutocannonBenchmarker.create (C:\\workspace\\node-test-binary-windows-native-suites\\node\\benchmark\\_http-benchmarkers.js:34:33)\n    at exports.run (C:\\workspace\\node-test-binary-windows-native-suites\\node\\benchmark\\_http-benchmarkers.js:227:29)\n    at Benchmark.http (C:\\workspace\\node-test-binary-windows-native-suites\\node\\benchmark\\common.js:175:23)\n    at Server.<anonymous> (C:\\workspace\\node-test-binary-windows-native-suites\\node\\benchmark\\http\\chunked.js:36:11)\n    at Object.onceWrapper (node:events:631:28)\n    at Server.emit (node:events:529:35)\n    at emitListeningNT (node:net:1851:10)\n    at process.processTicksAndRejections (node:internal/process/task_queues:81:21) {\n  errno: -4071,\n  code: 'EINVAL',\n  syscall: 'spawn'\n}\n\nNode.js v18.20.2\nnode:assert:125\n  throw new AssertionError(obj);\n  ^\n\nAssertionError [ERR_ASSERTION]: Expected values to be strictly equal:\n\n1 !== 0\n\n    at ChildProcess.<anonymous> (C:\\workspace\\node-test-binary-windows-native-suites\\node\\test\\common\\benchmark.js:28:12)\n    at ChildProcess.emit (node:events:517:28)\n    at ChildProcess._handle.onexit (node:internal/child_process:292:12) {\n  generatedMessage: true,\n  code: 'ERR_ASSERTION',\n  actual: 1,\n  expected: 0,\n  operator: 'strictEqual'\n}\n\nNode.js v18.20.2"},"time":1057.321,"fullname":"benchmark/test-benchmark-http","closingTestPoint":false}},{"testName":"benchmark/test-benchmark-http2","timestamp":1712601349233,"status":"REGRESSION","jobName":"node-test-binary-windows-native-suites","config":"node-test-binary-windows-native-suites » win2016-vs2017-COMPILED_BY-vs2019-x86 #22172","buildUrl":"https://ci.nodejs.org/job/node-test-binary-windows-native-suites/nodes=win2016-vs2017-COMPILED_BY-vs2019-x86/22172/","buildNumber":22172,"builtOn":"test-azure_msft-win2016_vs2017-x64-2","nodeVersion":"18.20.2","commitHash":"cc6e3b8e3792e803db5de69db65731e3c980581c","callStack":[{"upstreamBuild":62007,"upstreamProject":"node-test-commit-windows-fanned","upstreamUrl":"job/node-test-commit-windows-fanned/"},{"upstreamBuild":69680,"upstreamProject":"node-test-commit","upstreamUrl":"job/node-test-commit/"},{"upstreamBuild":58215,"upstreamProject":"node-test-pull-request","upstreamUrl":"job/node-test-pull-request/"},{"prId":"578"}],"tap":{"ok":false,"name":"benchmark/test-benchmark-http2","id":184,"buffered":false,"tapError":null,"skip":false,"todo":false,"previous":null,"plan":null,"diag":{"severity":"fail","exitcode":1,"stack":"Error: test-double-http2 failed with 3221226505.\n    at ChildProcess.<anonymous> (C:\\workspace\\node-test-binary-windows-native-suites\\node\\benchmark\\_http-benchmarkers.js:242:16)\n    at Object.onceWrapper (node:events:632:26)\n    at ChildProcess.emit (node:events:517:28)\n    at maybeClose (node:internal/child_process:1098:16)\n    at ChildProcess._handle.onexit (node:internal/child_process:303:5)\nnode:assert:125\n  throw new AssertionError(obj);\n  ^\n\nAssertionError [ERR_ASSERTION]: Expected values to be strictly equal:\n\n3221226505 !== 0\n\n    at ChildProcess.<anonymous> (C:\\workspace\\node-test-binary-windows-native-suites\\node\\test\\common\\benchmark.js:28:12)\n    at ChildProcess.emit (node:events:517:28)\n    at ChildProcess._handle.onexit (node:internal/child_process:292:12) {\n  generatedMessage: true,\n  code: 'ERR_ASSERTION',\n  actual: 3221226505,\n  expected: 0,\n  operator: 'strictEqual'\n}\n\nNode.js v18.20.2"},"time":1960.54,"fullname":"benchmark/test-benchmark-http2","closingTestPoint":false}},{"testName":"benchmark/test-benchmark-async-hooks","timestamp":1712601349233,"status":"FAILED","jobName":"node-test-binary-windows-native-suites","config":"node-test-binary-windows-native-suites » win10-vs2019-COMPILED_BY-vs2019 #22172","buildUrl":"https://ci.nodejs.org/job/node-test-binary-windows-native-suites/nodes=win10-vs2019-COMPILED_BY-vs2019/22172/","buildNumber":22172,"builtOn":"test-azure_msft-win10_vs2019-x64-2","nodeVersion":"18.20.2","commitHash":"cc6e3b8e3792e803db5de69db65731e3c980581c","callStack":[{"upstreamBuild":62007,"upstreamProject":"node-test-commit-windows-fanned","upstreamUrl":"job/node-test-commit-windows-fanned/"},{"upstreamBuild":69680,"upstreamProject":"node-test-commit","upstreamUrl":"job/node-test-commit/"},{"upstreamBuild":58215,"upstreamProject":"node-test-pull-request","upstreamUrl":"job/node-test-pull-request/"},{"prId":"578"}],"tap":{"ok":false,"name":"benchmark/test-benchmark-async-hooks","id":170,"buffered":false,"tapError":null,"skip":false,"todo":false,"previous":null,"plan":null,"diag":{"severity":"fail","exitcode":1,"stack":"node:internal/child_process:414\n    throw errnoException(err, 'spawn');\n    ^\n\nError: spawn EINVAL\n    at ChildProcess.spawn (node:internal/child_process:414:11)\n    at Object.spawn (node:child_process:761:9)\n    at AutocannonBenchmarker.create (c:\\workspace\\node-test-binary-windows-native-suites\\node\\benchmark\\_http-benchmarkers.js:34:33)\n    at exports.run (c:\\workspace\\node-test-binary-windows-native-suites\\node\\benchmark\\_http-benchmarkers.js:227:29)\n    at Benchmark.http (c:\\workspace\\node-test-binary-windows-native-suites\\node\\benchmark\\common.js:175:23)\n    at Server.<anonymous> (c:\\workspace\\node-test-binary-windows-native-suites\\node\\benchmark\\async_hooks\\async-resource-vs-destroy.js:178:13)\n    at Server.emit (node:events:529:35)\n    at emitListeningNT (node:net:1851:10)\n    at process.processTicksAndRejections (node:internal/process/task_queues:81:21) {\n  errno: -4071,\n  code: 'EINVAL',\n  syscall: 'spawn'\n}\n\nNode.js v18.20.2\nnode:assert:125\n  throw new AssertionError(obj);\n  ^\n\nAssertionError [ERR_ASSERTION]: Expected values to be strictly equal:\n\n1 !== 0\n\n    at ChildProcess.<anonymous> (c:\\workspace\\node-test-binary-windows-native-suites\\node\\test\\common\\benchmark.js:28:12)\n    at ChildProcess.emit (node:events:517:28)\n    at ChildProcess._handle.onexit (node:internal/child_process:292:12) {\n  generatedMessage: true,\n  code: 'ERR_ASSERTION',\n  actual: 1,\n  expected: 0,\n  operator: 'strictEqual'\n}\n\nNode.js v18.20.2"},"time":1446.136,"fullname":"benchmark/test-benchmark-async-hooks","closingTestPoint":false}},{"testName":"benchmark/test-benchmark-http","timestamp":1712601349233,"status":"FAILED","jobName":"node-test-binary-windows-native-suites","config":"node-test-binary-windows-native-suites » win10-vs2019-COMPILED_BY-vs2019 #22172","buildUrl":"https://ci.nodejs.org/job/node-test-binary-windows-native-suites/nodes=win10-vs2019-COMPILED_BY-vs2019/22172/","buildNumber":22172,"builtOn":"test-azure_msft-win10_vs2019-x64-2","nodeVersion":"18.20.2","commitHash":"cc6e3b8e3792e803db5de69db65731e3c980581c","callStack":[{"upstreamBuild":62007,"upstreamProject":"node-test-commit-windows-fanned","upstreamUrl":"job/node-test-commit-windows-fanned/"},{"upstreamBuild":69680,"upstreamProject":"node-test-commit","upstreamUrl":"job/node-test-commit/"},{"upstreamBuild":58215,"upstreamProject":"node-test-pull-request","upstreamUrl":"job/node-test-pull-request/"},{"prId":"578"}],"tap":{"ok":false,"name":"benchmark/test-benchmark-http","id":183,"buffered":false,"tapError":null,"skip":false,"todo":false,"previous":null,"plan":null,"diag":{"severity":"fail","exitcode":1,"stack":"node:internal/child_process:414\n    throw errnoException(err, 'spawn');\n    ^\n\nError: spawn EINVAL\n    at ChildProcess.spawn (node:internal/child_process:414:11)\n    at Object.spawn (node:child_process:761:9)\n    at AutocannonBenchmarker.create (c:\\workspace\\node-test-binary-windows-native-suites\\node\\benchmark\\_http-benchmarkers.js:34:33)\n    at exports.run (c:\\workspace\\node-test-binary-windows-native-suites\\node\\benchmark\\_http-benchmarkers.js:227:29)\n    at Benchmark.http (c:\\workspace\\node-test-binary-windows-native-suites\\node\\benchmark\\common.js:175:23)\n    at Server.<anonymous> (c:\\workspace\\node-test-binary-windows-native-suites\\node\\benchmark\\http\\chunked.js:36:11)\n    at Object.onceWrapper (node:events:631:28)\n    at Server.emit (node:events:529:35)\n    at emitListeningNT (node:net:1851:10)\n    at process.processTicksAndRejections (node:internal/process/task_queues:81:21) {\n  errno: -4071,\n  code: 'EINVAL',\n  syscall: 'spawn'\n}\n\nNode.js v18.20.2\nnode:assert:125\n  throw new AssertionError(obj);\n  ^\n\nAssertionError [ERR_ASSERTION]: Expected values to be strictly equal:\n\n1 !== 0\n\n    at ChildProcess.<anonymous> (c:\\workspace\\node-test-binary-windows-native-suites\\node\\test\\common\\benchmark.js:28:12)\n    at ChildProcess.emit (node:events:517:28)\n    at ChildProcess._handle.onexit (node:internal/child_process:292:12) {\n  generatedMessage: true,\n  code: 'ERR_ASSERTION',\n  actual: 1,\n  expected: 0,\n  operator: 'strictEqual'\n}\n\nNode.js v18.20.2"},"time":1085.081,"fullname":"benchmark/test-benchmark-http","closingTestPoint":false}},{"testName":"benchmark/test-benchmark-async-hooks","timestamp":1712601349233,"status":"FAILED","jobName":"node-test-binary-windows-native-suites","config":"node-test-binary-windows-native-suites » win11-vs2022-COMPILED_BY-vs2019 #22172","buildUrl":"https://ci.nodejs.org/job/node-test-binary-windows-native-suites/nodes=win11-vs2022-COMPILED_BY-vs2019/22172/","buildNumber":22172,"builtOn":"test-azure_msft-win11_vs2022-x64-3","nodeVersion":"18.20.2","commitHash":"cc6e3b8e3792e803db5de69db65731e3c980581c","callStack":[{"upstreamBuild":62007,"upstreamProject":"node-test-commit-windows-fanned","upstreamUrl":"job/node-test-commit-windows-fanned/"},{"upstreamBuild":69680,"upstreamProject":"node-test-commit","upstreamUrl":"job/node-test-commit/"},{"upstreamBuild":58215,"upstreamProject":"node-test-pull-request","upstreamUrl":"job/node-test-pull-request/"},{"prId":"578"}],"tap":{"ok":false,"name":"benchmark/test-benchmark-async-hooks","id":170,"buffered":false,"tapError":null,"skip":false,"todo":false,"previous":null,"plan":null,"diag":{"severity":"fail","exitcode":1,"stack":"node:internal/child_process:414\n    throw errnoException(err, 'spawn');\n    ^\n\nError: spawn EINVAL\n    at ChildProcess.spawn (node:internal/child_process:414:11)\n    at Object.spawn (node:child_process:761:9)\n    at AutocannonBenchmarker.create (c:\\workspace\\node-test-binary-windows-native-suites\\node\\benchmark\\_http-benchmarkers.js:34:33)\n    at exports.run (c:\\workspace\\node-test-binary-windows-native-suites\\node\\benchmark\\_http-benchmarkers.js:227:29)\n    at Benchmark.http (c:\\workspace\\node-test-binary-windows-native-suites\\node\\benchmark\\common.js:175:23)\n    at Server.<anonymous> (c:\\workspace\\node-test-binary-windows-native-suites\\node\\benchmark\\async_hooks\\async-resource-vs-destroy.js:178:13)\n    at Server.emit (node:events:529:35)\n    at emitListeningNT (node:net:1851:10)\n    at process.processTicksAndRejections (node:internal/process/task_queues:81:21) {\n  errno: -4071,\n  code: 'EINVAL',\n  syscall: 'spawn'\n}\n\nNode.js v18.20.2\nnode:assert:125\n  throw new AssertionError(obj);\n  ^\n\nAssertionError [ERR_ASSERTION]: Expected values to be strictly equal:\n\n1 !== 0\n\n    at ChildProcess.<anonymous> (c:\\workspace\\node-test-binary-windows-native-suites\\node\\test\\common\\benchmark.js:28:12)\n    at ChildProcess.emit (node:events:517:28)\n    at ChildProcess._handle.onexit (node:internal/child_process:292:12) {\n  generatedMessage: true,\n  code: 'ERR_ASSERTION',\n  actual: 1,\n  expected: 0,\n  operator: 'strictEqual'\n}\n\nNode.js v18.20.2"},"time":1635.02,"fullname":"benchmark/test-benchmark-async-hooks","closingTestPoint":false}},{"testName":"benchmark/test-benchmark-http","timestamp":1712601349233,"status":"FAILED","jobName":"node-test-binary-windows-native-suites","config":"node-test-binary-windows-native-suites » win11-vs2022-COMPILED_BY-vs2019 #22172","buildUrl":"https://ci.nodejs.org/job/node-test-binary-windows-native-suites/nodes=win11-vs2022-COMPILED_BY-vs2019/22172/","buildNumber":22172,"builtOn":"test-azure_msft-win11_vs2022-x64-3","nodeVersion":"18.20.2","commitHash":"cc6e3b8e3792e803db5de69db65731e3c980581c","callStack":[{"upstreamBuild":62007,"upstreamProject":"node-test-commit-windows-fanned","upstreamUrl":"job/node-test-commit-windows-fanned/"},{"upstreamBuild":69680,"upstreamProject":"node-test-commit","upstreamUrl":"job/node-test-commit/"},{"upstreamBuild":58215,"upstreamProject":"node-test-pull-request","upstreamUrl":"job/node-test-pull-request/"},{"prId":"578"}],"tap":{"ok":false,"name":"benchmark/test-benchmark-http","id":183,"buffered":false,"tapError":null,"skip":false,"todo":false,"previous":null,"plan":null,"diag":{"severity":"fail","exitcode":1,"stack":"node:internal/child_process:414\n    throw errnoException(err, 'spawn');\n    ^\n\nError: spawn EINVAL\n    at ChildProcess.spawn (node:internal/child_process:414:11)\n    at Object.spawn (node:child_process:761:9)\n    at AutocannonBenchmarker.create (c:\\workspace\\node-test-binary-windows-native-suites\\node\\benchmark\\_http-benchmarkers.js:34:33)\n    at exports.run (c:\\workspace\\node-test-binary-windows-native-suites\\node\\benchmark\\_http-benchmarkers.js:227:29)\n    at Benchmark.http (c:\\workspace\\node-test-binary-windows-native-suites\\node\\benchmark\\common.js:175:23)\n    at Server.<anonymous> (c:\\workspace\\node-test-binary-windows-native-suites\\node\\benchmark\\http\\chunked.js:36:11)\n    at Object.onceWrapper (node:events:631:28)\n    at Server.emit (node:events:529:35)\n    at emitListeningNT (node:net:1851:10)\n    at process.processTicksAndRejections (node:internal/process/task_queues:81:21) {\n  errno: -4071,\n  code: 'EINVAL',\n  syscall: 'spawn'\n}\n\nNode.js v18.20.2\nnode:assert:125\n  throw new AssertionError(obj);\n  ^\n\nAssertionError [ERR_ASSERTION]: Expected values to be strictly equal:\n\n1 !== 0\n\n    at ChildProcess.<anonymous> (c:\\workspace\\node-test-binary-windows-native-suites\\node\\test\\common\\benchmark.js:28:12)\n    at ChildProcess.emit (node:events:517:28)\n    at ChildProcess._handle.onexit (node:internal/child_process:292:12) {\n  generatedMessage: true,\n  code: 'ERR_ASSERTION',\n  actual: 1,\n  expected: 0,\n  operator: 'strictEqual'\n}\n\nNode.js v18.20.2"},"time":1252.817,"fullname":"benchmark/test-benchmark-http","closingTestPoint":false}},{"testName":"benchmark/test-benchmark-async-hooks","timestamp":1712601349233,"status":"FAILED","jobName":"node-test-binary-windows-native-suites","config":"node-test-binary-windows-native-suites » win2016-vs2015-COMPILED_BY-vs2019-x86 #22172","buildUrl":"https://ci.nodejs.org/job/node-test-binary-windows-native-suites/nodes=win2016-vs2015-COMPILED_BY-vs2019-x86/22172/","buildNumber":22172,"builtOn":"test-rackspace-win2016_vs2015-x64-1","nodeVersion":"18.20.2","commitHash":"cc6e3b8e3792e803db5de69db65731e3c980581c","callStack":[{"upstreamBuild":62007,"upstreamProject":"node-test-commit-windows-fanned","upstreamUrl":"job/node-test-commit-windows-fanned/"},{"upstreamBuild":69680,"upstreamProject":"node-test-commit","upstreamUrl":"job/node-test-commit/"},{"upstreamBuild":58215,"upstreamProject":"node-test-pull-request","upstreamUrl":"job/node-test-pull-request/"},{"prId":"578"}],"tap":{"ok":false,"name":"benchmark/test-benchmark-async-hooks","id":170,"buffered":false,"tapError":null,"skip":false,"todo":false,"previous":null,"plan":null,"diag":{"severity":"fail","exitcode":1,"stack":"node:internal/child_process:414\n    throw errnoException(err, 'spawn');\n    ^\n\nError: spawn EINVAL\n    at ChildProcess.spawn (node:internal/child_process:414:11)\n    at Object.spawn (node:child_process:761:9)\n    at AutocannonBenchmarker.create (C:\\workspace\\node-test-binary-windows-native-suites\\node\\benchmark\\_http-benchmarkers.js:34:33)\n    at exports.run (C:\\workspace\\node-test-binary-windows-native-suites\\node\\benchmark\\_http-benchmarkers.js:227:29)\n    at Benchmark.http (C:\\workspace\\node-test-binary-windows-native-suites\\node\\benchmark\\common.js:175:23)\n    at Server.<anonymous> (C:\\workspace\\node-test-binary-windows-native-suites\\node\\benchmark\\async_hooks\\async-resource-vs-destroy.js:178:13)\n    at Server.emit (node:events:529:35)\n    at emitListeningNT (node:net:1851:10)\n    at process.processTicksAndRejections (node:internal/process/task_queues:81:21) {\n  errno: -4071,\n  code: 'EINVAL',\n  syscall: 'spawn'\n}\n\nNode.js v18.20.2\nnode:assert:125\n  throw new AssertionError(obj);\n  ^\n\nAssertionError [ERR_ASSERTION]: Expected values to be strictly equal:\n\n1 !== 0\n\n    at ChildProcess.<anonymous> (C:\\workspace\\node-test-binary-windows-native-suites\\node\\test\\common\\benchmark.js:28:12)\n    at ChildProcess.emit (node:events:517:28)\n    at ChildProcess._handle.onexit (node:internal/child_process:292:12) {\n  generatedMessage: true,\n  code: 'ERR_ASSERTION',\n  actual: 1,\n  expected: 0,\n  operator: 'strictEqual'\n}\n\nNode.js v18.20.2"},"time":2274.988,"fullname":"benchmark/test-benchmark-async-hooks","closingTestPoint":false}},{"testName":"benchmark/test-benchmark-http","timestamp":1712601349233,"status":"FAILED","jobName":"node-test-binary-windows-native-suites","config":"node-test-binary-windows-native-suites » win2016-vs2015-COMPILED_BY-vs2019-x86 #22172","buildUrl":"https://ci.nodejs.org/job/node-test-binary-windows-native-suites/nodes=win2016-vs2015-COMPILED_BY-vs2019-x86/22172/","buildNumber":22172,"builtOn":"test-rackspace-win2016_vs2015-x64-1","nodeVersion":"18.20.2","commitHash":"cc6e3b8e3792e803db5de69db65731e3c980581c","callStack":[{"upstreamBuild":62007,"upstreamProject":"node-test-commit-windows-fanned","upstreamUrl":"job/node-test-commit-windows-fanned/"},{"upstreamBuild":69680,"upstreamProject":"node-test-commit","upstreamUrl":"job/node-test-commit/"},{"upstreamBuild":58215,"upstreamProject":"node-test-pull-request","upstreamUrl":"job/node-test-pull-request/"},{"prId":"578"}],"tap":{"ok":false,"name":"benchmark/test-benchmark-http","id":183,"buffered":false,"tapError":null,"skip":false,"todo":false,"previous":null,"plan":null,"diag":{"severity":"fail","exitcode":1,"stack":"node:internal/child_process:414\n    throw errnoException(err, 'spawn');\n    ^\n\nError: spawn EINVAL\n    at ChildProcess.spawn (node:internal/child_process:414:11)\n    at Object.spawn (node:child_process:761:9)\n    at AutocannonBenchmarker.create (C:\\workspace\\node-test-binary-windows-native-suites\\node\\benchmark\\_http-benchmarkers.js:34:33)\n    at exports.run (C:\\workspace\\node-test-binary-windows-native-suites\\node\\benchmark\\_http-benchmarkers.js:227:29)\n    at Benchmark.http (C:\\workspace\\node-test-binary-windows-native-suites\\node\\benchmark\\common.js:175:23)\n    at Server.<anonymous> (C:\\workspace\\node-test-binary-windows-native-suites\\node\\benchmark\\http\\chunked.js:36:11)\n    at Object.onceWrapper (node:events:631:28)\n    at Server.emit (node:events:529:35)\n    at emitListeningNT (node:net:1851:10)\n    at process.processTicksAndRejections (node:internal/process/task_queues:81:21) {\n  errno: -4071,\n  code: 'EINVAL',\n  syscall: 'spawn'\n}\n\nNode.js v18.20.2\nnode:assert:125\n  throw new AssertionError(obj);\n  ^\n\nAssertionError [ERR_ASSERTION]: Expected values to be strictly equal:\n\n1 !== 0\n\n    at ChildProcess.<anonymous> (C:\\workspace\\node-test-binary-windows-native-suites\\node\\test\\common\\benchmark.js:28:12)\n    at ChildProcess.emit (node:events:517:28)\n    at ChildProcess._handle.onexit (node:internal/child_process:292:12) {\n  generatedMessage: true,\n  code: 'ERR_ASSERTION',\n  actual: 1,\n  expected: 0,\n  operator: 'strictEqual'\n}\n\nNode.js v18.20.2"},"time":1665.976,"fullname":"benchmark/test-benchmark-http","closingTestPoint":false}}]}