{"failedTests":[{"testName":"benchmark/test-benchmark-async-hooks","timestamp":1712682821710,"status":"FAILED","jobName":"node-test-binary-windows-native-suites","config":"node-test-binary-windows-native-suites » win2016-vs2017-COMPILED_BY-vs2022-x86 #22184","buildUrl":"https://ci.nodejs.org/job/node-test-binary-windows-native-suites/nodes=win2016-vs2017-COMPILED_BY-vs2022-x86/22184/","buildNumber":22184,"builtOn":"test-azure_msft-win2016_vs2017-x64-1","nodeVersion":"20.12.2","commitHash":"26da28e83121d352f162b83e7dcaf32bb54472a0","callStack":[{"upstreamBuild":62019,"upstreamProject":"node-test-commit-windows-fanned","upstreamUrl":"job/node-test-commit-windows-fanned/"},{"upstreamBuild":69692,"upstreamProject":"node-test-commit","upstreamUrl":"job/node-test-commit/"},{"upstreamBuild":58227,"upstreamProject":"node-test-pull-request","upstreamUrl":"job/node-test-pull-request/"},{"prId":"579"}],"tap":{"ok":false,"name":"benchmark/test-benchmark-async-hooks","id":175,"buffered":false,"tapError":null,"skip":false,"todo":false,"previous":null,"plan":null,"diag":{"severity":"fail","exitcode":1,"stack":"'wrk' is not recognized as an internal or external command,\noperable program or batch file.\nError: wrk failed with 1.\n    at ChildProcess.<anonymous> (C:\\workspace\\node-test-binary-windows-native-suites\\node\\benchmark\\_http-benchmarkers.js:242:16)\n    at Object.onceWrapper (node:events:633:26)\n    at ChildProcess.emit (node:events:518:28)\n    at maybeClose (node:internal/child_process:1105:16)\n    at Socket.<anonymous> (node:internal/child_process:457:11)\n    at Socket.emit (node:events:518:28)\n    at Pipe.<anonymous> (node:net:337:12)\n    at Pipe.callbackTrampoline (node:internal/async_hooks:130:17)\nnode:assert:126\n  throw new AssertionError(obj);\n  ^\n\nAssertionError [ERR_ASSERTION]: Expected values to be strictly equal:\n\n1 !== 0\n\n    at ChildProcess.<anonymous> (C:\\workspace\\node-test-binary-windows-native-suites\\node\\test\\common\\benchmark.js:28:12)\n    at ChildProcess.emit (node:events:518:28)\n    at ChildProcess._handle.onexit (node:internal/child_process:294:12) {\n  generatedMessage: true,\n  code: 'ERR_ASSERTION',\n  actual: 1,\n  expected: 0,\n  operator: 'strictEqual'\n}\n\nNode.js v20.12.2"},"time":1761.34,"fullname":"benchmark/test-benchmark-async-hooks","closingTestPoint":false}},{"testName":"benchmark/test-benchmark-http","timestamp":1712682821710,"status":"FAILED","jobName":"node-test-binary-windows-native-suites","config":"node-test-binary-windows-native-suites » win2016-vs2017-COMPILED_BY-vs2022-x86 #22184","buildUrl":"https://ci.nodejs.org/job/node-test-binary-windows-native-suites/nodes=win2016-vs2017-COMPILED_BY-vs2022-x86/22184/","buildNumber":22184,"builtOn":"test-azure_msft-win2016_vs2017-x64-1","nodeVersion":"20.12.2","commitHash":"26da28e83121d352f162b83e7dcaf32bb54472a0","callStack":[{"upstreamBuild":62019,"upstreamProject":"node-test-commit-windows-fanned","upstreamUrl":"job/node-test-commit-windows-fanned/"},{"upstreamBuild":69692,"upstreamProject":"node-test-commit","upstreamUrl":"job/node-test-commit/"},{"upstreamBuild":58227,"upstreamProject":"node-test-pull-request","upstreamUrl":"job/node-test-pull-request/"},{"prId":"579"}],"tap":{"ok":false,"name":"benchmark/test-benchmark-http","id":188,"buffered":false,"tapError":null,"skip":false,"todo":false,"previous":null,"plan":null,"diag":{"severity":"fail","exitcode":1,"stack":"'wrk' is not recognized as an internal or external command,\noperable program or batch file.\nError: wrk failed with 1.\n    at ChildProcess.<anonymous> (C:\\workspace\\node-test-binary-windows-native-suites\\node\\benchmark\\_http-benchmarkers.js:242:16)\n    at Object.onceWrapper (node:events:633:26)\n    at ChildProcess.emit (node:events:518:28)\n    at maybeClose (node:internal/child_process:1105:16)\n    at Socket.<anonymous> (node:internal/child_process:457:11)\n    at Socket.emit (node:events:518:28)\n    at Pipe.<anonymous> (node:net:337:12)\nnode:assert:126\n  throw new AssertionError(obj);\n  ^\n\nAssertionError [ERR_ASSERTION]: Expected values to be strictly equal:\n\n1 !== 0\n\n    at ChildProcess.<anonymous> (C:\\workspace\\node-test-binary-windows-native-suites\\node\\test\\common\\benchmark.js:28:12)\n    at ChildProcess.emit (node:events:518:28)\n    at ChildProcess._handle.onexit (node:internal/child_process:294:12) {\n  generatedMessage: true,\n  code: 'ERR_ASSERTION',\n  actual: 1,\n  expected: 0,\n  operator: 'strictEqual'\n}\n\nNode.js v20.12.2"},"time":1250.586,"fullname":"benchmark/test-benchmark-http","closingTestPoint":false}},{"testName":"benchmark/test-benchmark-async-hooks","timestamp":1712682821710,"status":"FAILED","jobName":"node-test-binary-windows-native-suites","config":"node-test-binary-windows-native-suites » win10-vs2019-COMPILED_BY-vs2022 #22184","buildUrl":"https://ci.nodejs.org/job/node-test-binary-windows-native-suites/nodes=win10-vs2019-COMPILED_BY-vs2022/22184/","buildNumber":22184,"builtOn":"test-azure_msft-win10_vs2019-x64-1","nodeVersion":"20.12.2","commitHash":"26da28e83121d352f162b83e7dcaf32bb54472a0","callStack":[{"upstreamBuild":62019,"upstreamProject":"node-test-commit-windows-fanned","upstreamUrl":"job/node-test-commit-windows-fanned/"},{"upstreamBuild":69692,"upstreamProject":"node-test-commit","upstreamUrl":"job/node-test-commit/"},{"upstreamBuild":58227,"upstreamProject":"node-test-pull-request","upstreamUrl":"job/node-test-pull-request/"},{"prId":"579"}],"tap":{"ok":false,"name":"benchmark/test-benchmark-async-hooks","id":175,"buffered":false,"tapError":null,"skip":false,"todo":false,"previous":null,"plan":null,"diag":{"severity":"fail","exitcode":1,"stack":"'wrk' is not recognized as an internal or external command,\noperable program or batch file.\nError: wrk failed with 1.\n    at ChildProcess.<anonymous> (c:\\workspace\\node-test-binary-windows-native-suites\\node\\benchmark\\_http-benchmarkers.js:242:16)\n    at Object.onceWrapper (node:events:633:26)\n    at ChildProcess.emit (node:events:518:28)\n    at maybeClose (node:internal/child_process:1105:16)\n    at Socket.<anonymous> (node:internal/child_process:457:11)\n    at Socket.emit (node:events:518:28)\n    at Pipe.<anonymous> (node:net:337:12)\n    at Pipe.callbackTrampoline (node:internal/async_hooks:130:17)\nnode:assert:126\n  throw new AssertionError(obj);\n  ^\n\nAssertionError [ERR_ASSERTION]: Expected values to be strictly equal:\n\n1 !== 0\n\n    at ChildProcess.<anonymous> (c:\\workspace\\node-test-binary-windows-native-suites\\node\\test\\common\\benchmark.js:28:12)\n    at ChildProcess.emit (node:events:518:28)\n    at ChildProcess._handle.onexit (node:internal/child_process:294:12) {\n  generatedMessage: true,\n  code: 'ERR_ASSERTION',\n  actual: 1,\n  expected: 0,\n  operator: 'strictEqual'\n}\n\nNode.js v20.12.2"},"time":2336.023,"fullname":"benchmark/test-benchmark-async-hooks","closingTestPoint":false}},{"testName":"benchmark/test-benchmark-http","timestamp":1712682821710,"status":"FAILED","jobName":"node-test-binary-windows-native-suites","config":"node-test-binary-windows-native-suites » win10-vs2019-COMPILED_BY-vs2022 #22184","buildUrl":"https://ci.nodejs.org/job/node-test-binary-windows-native-suites/nodes=win10-vs2019-COMPILED_BY-vs2022/22184/","buildNumber":22184,"builtOn":"test-azure_msft-win10_vs2019-x64-1","nodeVersion":"20.12.2","commitHash":"26da28e83121d352f162b83e7dcaf32bb54472a0","callStack":[{"upstreamBuild":62019,"upstreamProject":"node-test-commit-windows-fanned","upstreamUrl":"job/node-test-commit-windows-fanned/"},{"upstreamBuild":69692,"upstreamProject":"node-test-commit","upstreamUrl":"job/node-test-commit/"},{"upstreamBuild":58227,"upstreamProject":"node-test-pull-request","upstreamUrl":"job/node-test-pull-request/"},{"prId":"579"}],"tap":{"ok":false,"name":"benchmark/test-benchmark-http","id":188,"buffered":false,"tapError":null,"skip":false,"todo":false,"previous":null,"plan":null,"diag":{"severity":"fail","exitcode":1,"stack":"'wrk' is not recognized as an internal or external command,\noperable program or batch file.\nError: wrk failed with 1.\n    at ChildProcess.<anonymous> (c:\\workspace\\node-test-binary-windows-native-suites\\node\\benchmark\\_http-benchmarkers.js:242:16)\n    at Object.onceWrapper (node:events:633:26)\n    at ChildProcess.emit (node:events:518:28)\n    at maybeClose (node:internal/child_process:1105:16)\n    at Socket.<anonymous> (node:internal/child_process:457:11)\n    at Socket.emit (node:events:518:28)\n    at Pipe.<anonymous> (node:net:337:12)\nnode:assert:126\n  throw new AssertionError(obj);\n  ^\n\nAssertionError [ERR_ASSERTION]: Expected values to be strictly equal:\n\n1 !== 0\n\n    at ChildProcess.<anonymous> (c:\\workspace\\node-test-binary-windows-native-suites\\node\\test\\common\\benchmark.js:28:12)\n    at ChildProcess.emit (node:events:518:28)\n    at ChildProcess._handle.onexit (node:internal/child_process:294:12) {\n  generatedMessage: true,\n  code: 'ERR_ASSERTION',\n  actual: 1,\n  expected: 0,\n  operator: 'strictEqual'\n}\n\nNode.js v20.12.2"},"time":1691.017,"fullname":"benchmark/test-benchmark-http","closingTestPoint":false}},{"testName":"benchmark/test-benchmark-async-hooks","timestamp":1712682821710,"status":"FAILED","jobName":"node-test-binary-windows-native-suites","config":"node-test-binary-windows-native-suites » win11-vs2022-arm64-COMPILED_BY-vs2022-arm64 #22184","buildUrl":"https://ci.nodejs.org/job/node-test-binary-windows-native-suites/nodes=win11-vs2022-arm64-COMPILED_BY-vs2022-arm64/22184/","buildNumber":22184,"builtOn":"test-azure_msft-win11_vs2022-arm64-4","nodeVersion":"20.12.2","commitHash":"26da28e83121d352f162b83e7dcaf32bb54472a0","callStack":[{"upstreamBuild":62019,"upstreamProject":"node-test-commit-windows-fanned","upstreamUrl":"job/node-test-commit-windows-fanned/"},{"upstreamBuild":69692,"upstreamProject":"node-test-commit","upstreamUrl":"job/node-test-commit/"},{"upstreamBuild":58227,"upstreamProject":"node-test-pull-request","upstreamUrl":"job/node-test-pull-request/"},{"prId":"579"}],"tap":{"ok":false,"name":"benchmark/test-benchmark-async-hooks","id":175,"buffered":false,"tapError":null,"skip":false,"todo":false,"previous":null,"plan":null,"diag":{"severity":"fail","exitcode":1,"stack":"'wrk' is not recognized as an internal or external command,\noperable program or batch file.\nError: wrk failed with 1.\n    at ChildProcess.<anonymous> (d:\\workspace\\node-test-binary-windows-native-suites\\node\\benchmark\\_http-benchmarkers.js:242:16)\n    at Object.onceWrapper (node:events:633:26)\n    at ChildProcess.emit (node:events:518:28)\n    at maybeClose (node:internal/child_process:1105:16)\n    at Socket.<anonymous> (node:internal/child_process:457:11)\n    at Socket.emit (node:events:518:28)\n    at Pipe.<anonymous> (node:net:337:12)\n    at Pipe.callbackTrampoline (node:internal/async_hooks:130:17)\nnode:assert:126\n  throw new AssertionError(obj);\n  ^\n\nAssertionError [ERR_ASSERTION]: Expected values to be strictly equal:\n\n1 !== 0\n\n    at ChildProcess.<anonymous> (d:\\workspace\\node-test-binary-windows-native-suites\\node\\test\\common\\benchmark.js:28:12)\n    at ChildProcess.emit (node:events:518:28)\n    at ChildProcess._handle.onexit (node:internal/child_process:294:12) {\n  generatedMessage: true,\n  code: 'ERR_ASSERTION',\n  actual: 1,\n  expected: 0,\n  operator: 'strictEqual'\n}\n\nNode.js v20.12.2"},"time":2773.401,"fullname":"benchmark/test-benchmark-async-hooks","closingTestPoint":false}},{"testName":"benchmark/test-benchmark-http","timestamp":1712682821710,"status":"FAILED","jobName":"node-test-binary-windows-native-suites","config":"node-test-binary-windows-native-suites » win11-vs2022-arm64-COMPILED_BY-vs2022-arm64 #22184","buildUrl":"https://ci.nodejs.org/job/node-test-binary-windows-native-suites/nodes=win11-vs2022-arm64-COMPILED_BY-vs2022-arm64/22184/","buildNumber":22184,"builtOn":"test-azure_msft-win11_vs2022-arm64-4","nodeVersion":"20.12.2","commitHash":"26da28e83121d352f162b83e7dcaf32bb54472a0","callStack":[{"upstreamBuild":62019,"upstreamProject":"node-test-commit-windows-fanned","upstreamUrl":"job/node-test-commit-windows-fanned/"},{"upstreamBuild":69692,"upstreamProject":"node-test-commit","upstreamUrl":"job/node-test-commit/"},{"upstreamBuild":58227,"upstreamProject":"node-test-pull-request","upstreamUrl":"job/node-test-pull-request/"},{"prId":"579"}],"tap":{"ok":false,"name":"benchmark/test-benchmark-http","id":188,"buffered":false,"tapError":null,"skip":false,"todo":false,"previous":null,"plan":null,"diag":{"severity":"fail","exitcode":1,"stack":"'wrk' is not recognized as an internal or external command,\noperable program or batch file.\nError: wrk failed with 1.\n    at ChildProcess.<anonymous> (d:\\workspace\\node-test-binary-windows-native-suites\\node\\benchmark\\_http-benchmarkers.js:242:16)\n    at Object.onceWrapper (node:events:633:26)\n    at ChildProcess.emit (node:events:518:28)\n    at maybeClose (node:internal/child_process:1105:16)\n    at ChildProcess._handle.onexit (node:internal/child_process:305:5)\nnode:assert:126\n  throw new AssertionError(obj);\n  ^\n\nAssertionError [ERR_ASSERTION]: Expected values to be strictly equal:\n\n1 !== 0\n\n    at ChildProcess.<anonymous> (d:\\workspace\\node-test-binary-windows-native-suites\\node\\test\\common\\benchmark.js:28:12)\n    at ChildProcess.emit (node:events:518:28)\n    at ChildProcess._handle.onexit (node:internal/child_process:294:12) {\n  generatedMessage: true,\n  code: 'ERR_ASSERTION',\n  actual: 1,\n  expected: 0,\n  operator: 'strictEqual'\n}\n\nNode.js v20.12.2"},"time":2112.996,"fullname":"benchmark/test-benchmark-http","closingTestPoint":false}},{"testName":"benchmark/test-benchmark-async-hooks","timestamp":1712682821710,"status":"FAILED","jobName":"node-test-binary-windows-native-suites","config":"node-test-binary-windows-native-suites » win2022-vs2022-COMPILED_BY-vs2022 #22184","buildUrl":"https://ci.nodejs.org/job/node-test-binary-windows-native-suites/nodes=win2022-vs2022-COMPILED_BY-vs2022/22184/","buildNumber":22184,"builtOn":"test-rackspace-win2022_vs2022-x64-4","nodeVersion":"20.12.2","commitHash":"26da28e83121d352f162b83e7dcaf32bb54472a0","callStack":[{"upstreamBuild":62019,"upstreamProject":"node-test-commit-windows-fanned","upstreamUrl":"job/node-test-commit-windows-fanned/"},{"upstreamBuild":69692,"upstreamProject":"node-test-commit","upstreamUrl":"job/node-test-commit/"},{"upstreamBuild":58227,"upstreamProject":"node-test-pull-request","upstreamUrl":"job/node-test-pull-request/"},{"prId":"579"}],"tap":{"ok":false,"name":"benchmark/test-benchmark-async-hooks","id":175,"buffered":false,"tapError":null,"skip":false,"todo":false,"previous":null,"plan":null,"diag":{"severity":"fail","exitcode":1,"stack":"'wrk' is not recognized as an internal or external command,\noperable program or batch file.\nError: wrk failed with 1.\n    at ChildProcess.<anonymous> (C:\\workspace\\node-test-binary-windows-native-suites\\node\\benchmark\\_http-benchmarkers.js:242:16)\n    at Object.onceWrapper (node:events:633:26)\n    at ChildProcess.emit (node:events:518:28)\n    at maybeClose (node:internal/child_process:1105:16)\n    at Socket.<anonymous> (node:internal/child_process:457:11)\n    at Socket.emit (node:events:518:28)\n    at Pipe.<anonymous> (node:net:337:12)\n    at Pipe.callbackTrampoline (node:internal/async_hooks:130:17)\nnode:assert:126\n  throw new AssertionError(obj);\n  ^\n\nAssertionError [ERR_ASSERTION]: Expected values to be strictly equal:\n\n1 !== 0\n\n    at ChildProcess.<anonymous> (C:\\workspace\\node-test-binary-windows-native-suites\\node\\test\\common\\benchmark.js:28:12)\n    at ChildProcess.emit (node:events:518:28)\n    at ChildProcess._handle.onexit (node:internal/child_process:294:12) {\n  generatedMessage: true,\n  code: 'ERR_ASSERTION',\n  actual: 1,\n  expected: 0,\n  operator: 'strictEqual'\n}\n\nNode.js v20.12.2"},"time":3088.031,"fullname":"benchmark/test-benchmark-async-hooks","closingTestPoint":false}},{"testName":"benchmark/test-benchmark-http","timestamp":1712682821710,"status":"FAILED","jobName":"node-test-binary-windows-native-suites","config":"node-test-binary-windows-native-suites » win2022-vs2022-COMPILED_BY-vs2022 #22184","buildUrl":"https://ci.nodejs.org/job/node-test-binary-windows-native-suites/nodes=win2022-vs2022-COMPILED_BY-vs2022/22184/","buildNumber":22184,"builtOn":"test-rackspace-win2022_vs2022-x64-4","nodeVersion":"20.12.2","commitHash":"26da28e83121d352f162b83e7dcaf32bb54472a0","callStack":[{"upstreamBuild":62019,"upstreamProject":"node-test-commit-windows-fanned","upstreamUrl":"job/node-test-commit-windows-fanned/"},{"upstreamBuild":69692,"upstreamProject":"node-test-commit","upstreamUrl":"job/node-test-commit/"},{"upstreamBuild":58227,"upstreamProject":"node-test-pull-request","upstreamUrl":"job/node-test-pull-request/"},{"prId":"579"}],"tap":{"ok":false,"name":"benchmark/test-benchmark-http","id":188,"buffered":false,"tapError":null,"skip":false,"todo":false,"previous":null,"plan":null,"diag":{"severity":"fail","exitcode":1,"stack":"'wrk' is not recognized as an internal or external command,\noperable program or batch file.\nError: wrk failed with 1.\n    at ChildProcess.<anonymous> (C:\\workspace\\node-test-binary-windows-native-suites\\node\\benchmark\\_http-benchmarkers.js:242:16)\n    at Object.onceWrapper (node:events:633:26)\n    at ChildProcess.emit (node:events:518:28)\n    at maybeClose (node:internal/child_process:1105:16)\n    at Socket.<anonymous> (node:internal/child_process:457:11)\n    at Socket.emit (node:events:518:28)\n    at Pipe.<anonymous> (node:net:337:12)\nnode:assert:126\n  throw new AssertionError(obj);\n  ^\n\nAssertionError [ERR_ASSERTION]: Expected values to be strictly equal:\n\n1 !== 0\n\n    at ChildProcess.<anonymous> (C:\\workspace\\node-test-binary-windows-native-suites\\node\\test\\common\\benchmark.js:28:12)\n    at ChildProcess.emit (node:events:518:28)\n    at ChildProcess._handle.onexit (node:internal/child_process:294:12) {\n  generatedMessage: true,\n  code: 'ERR_ASSERTION',\n  actual: 1,\n  expected: 0,\n  operator: 'strictEqual'\n}\n\nNode.js v20.12.2"},"time":2289.08,"fullname":"benchmark/test-benchmark-http","closingTestPoint":false}},{"testName":"benchmark/test-benchmark-async-hooks","timestamp":1712682821710,"status":"FAILED","jobName":"node-test-binary-windows-native-suites","config":"node-test-binary-windows-native-suites » win2019-vs2019-COMPILED_BY-vs2022 #22184","buildUrl":"https://ci.nodejs.org/job/node-test-binary-windows-native-suites/nodes=win2019-vs2019-COMPILED_BY-vs2022/22184/","buildNumber":22184,"builtOn":"test-rackspace-win2019_vs2019-x64-3","nodeVersion":"20.12.2","commitHash":"26da28e83121d352f162b83e7dcaf32bb54472a0","callStack":[{"upstreamBuild":62019,"upstreamProject":"node-test-commit-windows-fanned","upstreamUrl":"job/node-test-commit-windows-fanned/"},{"upstreamBuild":69692,"upstreamProject":"node-test-commit","upstreamUrl":"job/node-test-commit/"},{"upstreamBuild":58227,"upstreamProject":"node-test-pull-request","upstreamUrl":"job/node-test-pull-request/"},{"prId":"579"}],"tap":{"ok":false,"name":"benchmark/test-benchmark-async-hooks","id":175,"buffered":false,"tapError":null,"skip":false,"todo":false,"previous":null,"plan":null,"diag":{"severity":"fail","exitcode":1,"stack":"'wrk' is not recognized as an internal or external command,\noperable program or batch file.\nError: wrk failed with 1.\n    at ChildProcess.<anonymous> (C:\\workspace\\node-test-binary-windows-native-suites\\node\\benchmark\\_http-benchmarkers.js:242:16)\n    at Object.onceWrapper (node:events:633:26)\n    at ChildProcess.emit (node:events:518:28)\n    at maybeClose (node:internal/child_process:1105:16)\n    at Socket.<anonymous> (node:internal/child_process:457:11)\n    at Socket.emit (node:events:518:28)\n    at Pipe.<anonymous> (node:net:337:12)\n    at Pipe.callbackTrampoline (node:internal/async_hooks:130:17)\nnode:assert:126\n  throw new AssertionError(obj);\n  ^\n\nAssertionError [ERR_ASSERTION]: Expected values to be strictly equal:\n\n1 !== 0\n\n    at ChildProcess.<anonymous> (C:\\workspace\\node-test-binary-windows-native-suites\\node\\test\\common\\benchmark.js:28:12)\n    at ChildProcess.emit (node:events:518:28)\n    at ChildProcess._handle.onexit (node:internal/child_process:294:12) {\n  generatedMessage: true,\n  code: 'ERR_ASSERTION',\n  actual: 1,\n  expected: 0,\n  operator: 'strictEqual'\n}\n\nNode.js v20.12.2"},"time":2789,"fullname":"benchmark/test-benchmark-async-hooks","closingTestPoint":false}},{"testName":"benchmark/test-benchmark-http","timestamp":1712682821710,"status":"FAILED","jobName":"node-test-binary-windows-native-suites","config":"node-test-binary-windows-native-suites » win2019-vs2019-COMPILED_BY-vs2022 #22184","buildUrl":"https://ci.nodejs.org/job/node-test-binary-windows-native-suites/nodes=win2019-vs2019-COMPILED_BY-vs2022/22184/","buildNumber":22184,"builtOn":"test-rackspace-win2019_vs2019-x64-3","nodeVersion":"20.12.2","commitHash":"26da28e83121d352f162b83e7dcaf32bb54472a0","callStack":[{"upstreamBuild":62019,"upstreamProject":"node-test-commit-windows-fanned","upstreamUrl":"job/node-test-commit-windows-fanned/"},{"upstreamBuild":69692,"upstreamProject":"node-test-commit","upstreamUrl":"job/node-test-commit/"},{"upstreamBuild":58227,"upstreamProject":"node-test-pull-request","upstreamUrl":"job/node-test-pull-request/"},{"prId":"579"}],"tap":{"ok":false,"name":"benchmark/test-benchmark-http","id":188,"buffered":false,"tapError":null,"skip":false,"todo":false,"previous":null,"plan":null,"diag":{"severity":"fail","exitcode":1,"stack":"'wrk' is not recognized as an internal or external command,\noperable program or batch file.\nError: wrk failed with 1.\n    at ChildProcess.<anonymous> (C:\\workspace\\node-test-binary-windows-native-suites\\node\\benchmark\\_http-benchmarkers.js:242:16)\n    at Object.onceWrapper (node:events:633:26)\n    at ChildProcess.emit (node:events:518:28)\n    at maybeClose (node:internal/child_process:1105:16)\n    at Socket.<anonymous> (node:internal/child_process:457:11)\n    at Socket.emit (node:events:518:28)\n    at Pipe.<anonymous> (node:net:337:12)\nnode:assert:126\n  throw new AssertionError(obj);\n  ^\n\nAssertionError [ERR_ASSERTION]: Expected values to be strictly equal:\n\n1 !== 0\n\n    at ChildProcess.<anonymous> (C:\\workspace\\node-test-binary-windows-native-suites\\node\\test\\common\\benchmark.js:28:12)\n    at ChildProcess.emit (node:events:518:28)\n    at ChildProcess._handle.onexit (node:internal/child_process:294:12) {\n  generatedMessage: true,\n  code: 'ERR_ASSERTION',\n  actual: 1,\n  expected: 0,\n  operator: 'strictEqual'\n}\n\nNode.js v20.12.2"},"time":2084.021,"fullname":"benchmark/test-benchmark-http","closingTestPoint":false}},{"testName":"benchmark/test-benchmark-async-hooks","timestamp":1712682821710,"status":"FAILED","jobName":"node-test-binary-windows-native-suites","config":"node-test-binary-windows-native-suites » win2022-vs2022-COMPILED_BY-vs2019 #22184","buildUrl":"https://ci.nodejs.org/job/node-test-binary-windows-native-suites/nodes=win2022-vs2022-COMPILED_BY-vs2019/22184/","buildNumber":22184,"builtOn":"test-rackspace-win2022_vs2022-x64-3","nodeVersion":"20.12.2","commitHash":"26da28e83121d352f162b83e7dcaf32bb54472a0","callStack":[{"upstreamBuild":62019,"upstreamProject":"node-test-commit-windows-fanned","upstreamUrl":"job/node-test-commit-windows-fanned/"},{"upstreamBuild":69692,"upstreamProject":"node-test-commit","upstreamUrl":"job/node-test-commit/"},{"upstreamBuild":58227,"upstreamProject":"node-test-pull-request","upstreamUrl":"job/node-test-pull-request/"},{"prId":"579"}],"tap":{"ok":false,"name":"benchmark/test-benchmark-async-hooks","id":175,"buffered":false,"tapError":null,"skip":false,"todo":false,"previous":null,"plan":null,"diag":{"severity":"fail","exitcode":1,"stack":"'wrk' is not recognized as an internal or external command,\noperable program or batch file.\nError: wrk failed with 1.\n    at ChildProcess.<anonymous> (C:\\workspace\\node-test-binary-windows-native-suites\\node\\benchmark\\_http-benchmarkers.js:242:16)\n    at Object.onceWrapper (node:events:633:26)\n    at ChildProcess.emit (node:events:518:28)\n    at maybeClose (node:internal/child_process:1105:16)\n    at Socket.<anonymous> (node:internal/child_process:457:11)\n    at Socket.emit (node:events:518:28)\n    at Pipe.<anonymous> (node:net:337:12)\n    at Pipe.callbackTrampoline (node:internal/async_hooks:130:17)\nnode:assert:126\n  throw new AssertionError(obj);\n  ^\n\nAssertionError [ERR_ASSERTION]: Expected values to be strictly equal:\n\n1 !== 0\n\n    at ChildProcess.<anonymous> (C:\\workspace\\node-test-binary-windows-native-suites\\node\\test\\common\\benchmark.js:28:12)\n    at ChildProcess.emit (node:events:518:28)\n    at ChildProcess._handle.onexit (node:internal/child_process:294:12) {\n  generatedMessage: true,\n  code: 'ERR_ASSERTION',\n  actual: 1,\n  expected: 0,\n  operator: 'strictEqual'\n}\n\nNode.js v20.12.2"},"time":2886.077,"fullname":"benchmark/test-benchmark-async-hooks","closingTestPoint":false}},{"testName":"benchmark/test-benchmark-http","timestamp":1712682821710,"status":"FAILED","jobName":"node-test-binary-windows-native-suites","config":"node-test-binary-windows-native-suites » win2022-vs2022-COMPILED_BY-vs2019 #22184","buildUrl":"https://ci.nodejs.org/job/node-test-binary-windows-native-suites/nodes=win2022-vs2022-COMPILED_BY-vs2019/22184/","buildNumber":22184,"builtOn":"test-rackspace-win2022_vs2022-x64-3","nodeVersion":"20.12.2","commitHash":"26da28e83121d352f162b83e7dcaf32bb54472a0","callStack":[{"upstreamBuild":62019,"upstreamProject":"node-test-commit-windows-fanned","upstreamUrl":"job/node-test-commit-windows-fanned/"},{"upstreamBuild":69692,"upstreamProject":"node-test-commit","upstreamUrl":"job/node-test-commit/"},{"upstreamBuild":58227,"upstreamProject":"node-test-pull-request","upstreamUrl":"job/node-test-pull-request/"},{"prId":"579"}],"tap":{"ok":false,"name":"benchmark/test-benchmark-http","id":188,"buffered":false,"tapError":null,"skip":false,"todo":false,"previous":null,"plan":null,"diag":{"severity":"fail","exitcode":1,"stack":"'wrk' is not recognized as an internal or external command,\noperable program or batch file.\nError: wrk failed with 1.\n    at ChildProcess.<anonymous> (C:\\workspace\\node-test-binary-windows-native-suites\\node\\benchmark\\_http-benchmarkers.js:242:16)\n    at Object.onceWrapper (node:events:633:26)\n    at ChildProcess.emit (node:events:518:28)\n    at maybeClose (node:internal/child_process:1105:16)\n    at Socket.<anonymous> (node:internal/child_process:457:11)\n    at Socket.emit (node:events:518:28)\n    at Pipe.<anonymous> (node:net:337:12)\nnode:assert:126\n  throw new AssertionError(obj);\n  ^\n\nAssertionError [ERR_ASSERTION]: Expected values to be strictly equal:\n\n1 !== 0\n\n    at ChildProcess.<anonymous> (C:\\workspace\\node-test-binary-windows-native-suites\\node\\test\\common\\benchmark.js:28:12)\n    at ChildProcess.emit (node:events:518:28)\n    at ChildProcess._handle.onexit (node:internal/child_process:294:12) {\n  generatedMessage: true,\n  code: 'ERR_ASSERTION',\n  actual: 1,\n  expected: 0,\n  operator: 'strictEqual'\n}\n\nNode.js v20.12.2"},"time":1983.061,"fullname":"benchmark/test-benchmark-http","closingTestPoint":false}},{"testName":"benchmark/test-benchmark-async-hooks","timestamp":1712682821710,"status":"FAILED","jobName":"node-test-binary-windows-native-suites","config":"node-test-binary-windows-native-suites » win2019-vs2019-COMPILED_BY-vs2019 #22184","buildUrl":"https://ci.nodejs.org/job/node-test-binary-windows-native-suites/nodes=win2019-vs2019-COMPILED_BY-vs2019/22184/","buildNumber":22184,"builtOn":"test-rackspace-win2019_vs2019-x64-1","nodeVersion":"20.12.2","commitHash":"26da28e83121d352f162b83e7dcaf32bb54472a0","callStack":[{"upstreamBuild":62019,"upstreamProject":"node-test-commit-windows-fanned","upstreamUrl":"job/node-test-commit-windows-fanned/"},{"upstreamBuild":69692,"upstreamProject":"node-test-commit","upstreamUrl":"job/node-test-commit/"},{"upstreamBuild":58227,"upstreamProject":"node-test-pull-request","upstreamUrl":"job/node-test-pull-request/"},{"prId":"579"}],"tap":{"ok":false,"name":"benchmark/test-benchmark-async-hooks","id":175,"buffered":false,"tapError":null,"skip":false,"todo":false,"previous":null,"plan":null,"diag":{"severity":"fail","exitcode":1,"stack":"'wrk' is not recognized as an internal or external command,\noperable program or batch file.\nError: wrk failed with 1.\n    at ChildProcess.<anonymous> (C:\\workspace\\node-test-binary-windows-native-suites\\node\\benchmark\\_http-benchmarkers.js:242:16)\n    at Object.onceWrapper (node:events:633:26)\n    at ChildProcess.emit (node:events:518:28)\n    at maybeClose (node:internal/child_process:1105:16)\n    at Socket.<anonymous> (node:internal/child_process:457:11)\n    at Socket.emit (node:events:518:28)\n    at Pipe.<anonymous> (node:net:337:12)\n    at Pipe.callbackTrampoline (node:internal/async_hooks:130:17)\nnode:assert:126\n  throw new AssertionError(obj);\n  ^\n\nAssertionError [ERR_ASSERTION]: Expected values to be strictly equal:\n\n1 !== 0\n\n    at ChildProcess.<anonymous> (C:\\workspace\\node-test-binary-windows-native-suites\\node\\test\\common\\benchmark.js:28:12)\n    at ChildProcess.emit (node:events:518:28)\n    at ChildProcess._handle.onexit (node:internal/child_process:294:12) {\n  generatedMessage: true,\n  code: 'ERR_ASSERTION',\n  actual: 1,\n  expected: 0,\n  operator: 'strictEqual'\n}\n\nNode.js v20.12.2"},"time":3072.096,"fullname":"benchmark/test-benchmark-async-hooks","closingTestPoint":false}},{"testName":"benchmark/test-benchmark-http","timestamp":1712682821710,"status":"FAILED","jobName":"node-test-binary-windows-native-suites","config":"node-test-binary-windows-native-suites » win2019-vs2019-COMPILED_BY-vs2019 #22184","buildUrl":"https://ci.nodejs.org/job/node-test-binary-windows-native-suites/nodes=win2019-vs2019-COMPILED_BY-vs2019/22184/","buildNumber":22184,"builtOn":"test-rackspace-win2019_vs2019-x64-1","nodeVersion":"20.12.2","commitHash":"26da28e83121d352f162b83e7dcaf32bb54472a0","callStack":[{"upstreamBuild":62019,"upstreamProject":"node-test-commit-windows-fanned","upstreamUrl":"job/node-test-commit-windows-fanned/"},{"upstreamBuild":69692,"upstreamProject":"node-test-commit","upstreamUrl":"job/node-test-commit/"},{"upstreamBuild":58227,"upstreamProject":"node-test-pull-request","upstreamUrl":"job/node-test-pull-request/"},{"prId":"579"}],"tap":{"ok":false,"name":"benchmark/test-benchmark-http","id":188,"buffered":false,"tapError":null,"skip":false,"todo":false,"previous":null,"plan":null,"diag":{"severity":"fail","exitcode":1,"stack":"'wrk' is not recognized as an internal or external command,\noperable program or batch file.\nError: wrk failed with 1.\n    at ChildProcess.<anonymous> (C:\\workspace\\node-test-binary-windows-native-suites\\node\\benchmark\\_http-benchmarkers.js:242:16)\n    at Object.onceWrapper (node:events:633:26)\n    at ChildProcess.emit (node:events:518:28)\n    at maybeClose (node:internal/child_process:1105:16)\n    at Socket.<anonymous> (node:internal/child_process:457:11)\n    at Socket.emit (node:events:518:28)\n    at Pipe.<anonymous> (node:net:337:12)\nnode:assert:126\n  throw new AssertionError(obj);\n  ^\n\nAssertionError [ERR_ASSERTION]: Expected values to be strictly equal:\n\n1 !== 0\n\n    at ChildProcess.<anonymous> (C:\\workspace\\node-test-binary-windows-native-suites\\node\\test\\common\\benchmark.js:28:12)\n    at ChildProcess.emit (node:events:518:28)\n    at ChildProcess._handle.onexit (node:internal/child_process:294:12) {\n  generatedMessage: true,\n  code: 'ERR_ASSERTION',\n  actual: 1,\n  expected: 0,\n  operator: 'strictEqual'\n}\n\nNode.js v20.12.2"},"time":2075.071,"fullname":"benchmark/test-benchmark-http","closingTestPoint":false}},{"testName":"benchmark/test-benchmark-async-hooks","timestamp":1712682821710,"status":"FAILED","jobName":"node-test-binary-windows-native-suites","config":"node-test-binary-windows-native-suites » win2016-vs2017-COMPILED_BY-vs2019-x86 #22184","buildUrl":"https://ci.nodejs.org/job/node-test-binary-windows-native-suites/nodes=win2016-vs2017-COMPILED_BY-vs2019-x86/22184/","buildNumber":22184,"builtOn":"test-azure_msft-win2016_vs2017-x64-2","nodeVersion":"20.12.2","commitHash":"26da28e83121d352f162b83e7dcaf32bb54472a0","callStack":[{"upstreamBuild":62019,"upstreamProject":"node-test-commit-windows-fanned","upstreamUrl":"job/node-test-commit-windows-fanned/"},{"upstreamBuild":69692,"upstreamProject":"node-test-commit","upstreamUrl":"job/node-test-commit/"},{"upstreamBuild":58227,"upstreamProject":"node-test-pull-request","upstreamUrl":"job/node-test-pull-request/"},{"prId":"579"}],"tap":{"ok":false,"name":"benchmark/test-benchmark-async-hooks","id":175,"buffered":false,"tapError":null,"skip":false,"todo":false,"previous":null,"plan":null,"diag":{"severity":"fail","exitcode":1,"stack":"'wrk' is not recognized as an internal or external command,\noperable program or batch file.\nError: wrk failed with 1.\n    at ChildProcess.<anonymous> (C:\\workspace\\node-test-binary-windows-native-suites\\node\\benchmark\\_http-benchmarkers.js:242:16)\n    at Object.onceWrapper (node:events:633:26)\n    at ChildProcess.emit (node:events:518:28)\n    at maybeClose (node:internal/child_process:1105:16)\n    at Socket.<anonymous> (node:internal/child_process:457:11)\n    at Socket.emit (node:events:518:28)\n    at Pipe.<anonymous> (node:net:337:12)\n    at Pipe.callbackTrampoline (node:internal/async_hooks:130:17)\nnode:assert:126\n  throw new AssertionError(obj);\n  ^\n\nAssertionError [ERR_ASSERTION]: Expected values to be strictly equal:\n\n1 !== 0\n\n    at ChildProcess.<anonymous> (C:\\workspace\\node-test-binary-windows-native-suites\\node\\test\\common\\benchmark.js:28:12)\n    at ChildProcess.emit (node:events:518:28)\n    at ChildProcess._handle.onexit (node:internal/child_process:294:12) {\n  generatedMessage: true,\n  code: 'ERR_ASSERTION',\n  actual: 1,\n  expected: 0,\n  operator: 'strictEqual'\n}\n\nNode.js v20.12.2"},"time":1871.136,"fullname":"benchmark/test-benchmark-async-hooks","closingTestPoint":false}},{"testName":"benchmark/test-benchmark-http","timestamp":1712682821710,"status":"FAILED","jobName":"node-test-binary-windows-native-suites","config":"node-test-binary-windows-native-suites » win2016-vs2017-COMPILED_BY-vs2019-x86 #22184","buildUrl":"https://ci.nodejs.org/job/node-test-binary-windows-native-suites/nodes=win2016-vs2017-COMPILED_BY-vs2019-x86/22184/","buildNumber":22184,"builtOn":"test-azure_msft-win2016_vs2017-x64-2","nodeVersion":"20.12.2","commitHash":"26da28e83121d352f162b83e7dcaf32bb54472a0","callStack":[{"upstreamBuild":62019,"upstreamProject":"node-test-commit-windows-fanned","upstreamUrl":"job/node-test-commit-windows-fanned/"},{"upstreamBuild":69692,"upstreamProject":"node-test-commit","upstreamUrl":"job/node-test-commit/"},{"upstreamBuild":58227,"upstreamProject":"node-test-pull-request","upstreamUrl":"job/node-test-pull-request/"},{"prId":"579"}],"tap":{"ok":false,"name":"benchmark/test-benchmark-http","id":188,"buffered":false,"tapError":null,"skip":false,"todo":false,"previous":null,"plan":null,"diag":{"severity":"fail","exitcode":1,"stack":"'wrk' is not recognized as an internal or external command,\noperable program or batch file.\nError: wrk failed with 1.\n    at ChildProcess.<anonymous> (C:\\workspace\\node-test-binary-windows-native-suites\\node\\benchmark\\_http-benchmarkers.js:242:16)\n    at Object.onceWrapper (node:events:633:26)\n    at ChildProcess.emit (node:events:518:28)\n    at maybeClose (node:internal/child_process:1105:16)\n    at Socket.<anonymous> (node:internal/child_process:457:11)\n    at Socket.emit (node:events:518:28)\n    at Pipe.<anonymous> (node:net:337:12)\nnode:assert:126\n  throw new AssertionError(obj);\n  ^\n\nAssertionError [ERR_ASSERTION]: Expected values to be strictly equal:\n\n1 !== 0\n\n    at ChildProcess.<anonymous> (C:\\workspace\\node-test-binary-windows-native-suites\\node\\test\\common\\benchmark.js:28:12)\n    at ChildProcess.emit (node:events:518:28)\n    at ChildProcess._handle.onexit (node:internal/child_process:294:12) {\n  generatedMessage: true,\n  code: 'ERR_ASSERTION',\n  actual: 1,\n  expected: 0,\n  operator: 'strictEqual'\n}\n\nNode.js v20.12.2"},"time":1364.165,"fullname":"benchmark/test-benchmark-http","closingTestPoint":false}},{"testName":"benchmark/test-benchmark-async-hooks","timestamp":1712682821710,"status":"FAILED","jobName":"node-test-binary-windows-native-suites","config":"node-test-binary-windows-native-suites » win11-vs2022-COMPILED_BY-vs2022 #22184","buildUrl":"https://ci.nodejs.org/job/node-test-binary-windows-native-suites/nodes=win11-vs2022-COMPILED_BY-vs2022/22184/","buildNumber":22184,"builtOn":"test-azure_msft-win11_vs2022-x64-1","nodeVersion":"20.12.2","commitHash":"26da28e83121d352f162b83e7dcaf32bb54472a0","callStack":[{"upstreamBuild":62019,"upstreamProject":"node-test-commit-windows-fanned","upstreamUrl":"job/node-test-commit-windows-fanned/"},{"upstreamBuild":69692,"upstreamProject":"node-test-commit","upstreamUrl":"job/node-test-commit/"},{"upstreamBuild":58227,"upstreamProject":"node-test-pull-request","upstreamUrl":"job/node-test-pull-request/"},{"prId":"579"}],"tap":{"ok":false,"name":"benchmark/test-benchmark-async-hooks","id":175,"buffered":false,"tapError":null,"skip":false,"todo":false,"previous":null,"plan":null,"diag":{"severity":"fail","exitcode":1,"stack":"'wrk' is not recognized as an internal or external command,\noperable program or batch file.\nError: wrk failed with 1.\n    at ChildProcess.<anonymous> (c:\\workspace\\node-test-binary-windows-native-suites\\node\\benchmark\\_http-benchmarkers.js:242:16)\n    at Object.onceWrapper (node:events:633:26)\n    at ChildProcess.emit (node:events:518:28)\n    at maybeClose (node:internal/child_process:1105:16)\n    at Socket.<anonymous> (node:internal/child_process:457:11)\n    at Socket.emit (node:events:518:28)\n    at Pipe.<anonymous> (node:net:337:12)\n    at Pipe.callbackTrampoline (node:internal/async_hooks:130:17)\nnode:assert:126\n  throw new AssertionError(obj);\n  ^\n\nAssertionError [ERR_ASSERTION]: Expected values to be strictly equal:\n\n1 !== 0\n\n    at ChildProcess.<anonymous> (c:\\workspace\\node-test-binary-windows-native-suites\\node\\test\\common\\benchmark.js:28:12)\n    at ChildProcess.emit (node:events:518:28)\n    at ChildProcess._handle.onexit (node:internal/child_process:294:12) {\n  generatedMessage: true,\n  code: 'ERR_ASSERTION',\n  actual: 1,\n  expected: 0,\n  operator: 'strictEqual'\n}\n\nNode.js v20.12.2"},"time":2155.029,"fullname":"benchmark/test-benchmark-async-hooks","closingTestPoint":false}},{"testName":"benchmark/test-benchmark-http","timestamp":1712682821710,"status":"FAILED","jobName":"node-test-binary-windows-native-suites","config":"node-test-binary-windows-native-suites » win11-vs2022-COMPILED_BY-vs2022 #22184","buildUrl":"https://ci.nodejs.org/job/node-test-binary-windows-native-suites/nodes=win11-vs2022-COMPILED_BY-vs2022/22184/","buildNumber":22184,"builtOn":"test-azure_msft-win11_vs2022-x64-1","nodeVersion":"20.12.2","commitHash":"26da28e83121d352f162b83e7dcaf32bb54472a0","callStack":[{"upstreamBuild":62019,"upstreamProject":"node-test-commit-windows-fanned","upstreamUrl":"job/node-test-commit-windows-fanned/"},{"upstreamBuild":69692,"upstreamProject":"node-test-commit","upstreamUrl":"job/node-test-commit/"},{"upstreamBuild":58227,"upstreamProject":"node-test-pull-request","upstreamUrl":"job/node-test-pull-request/"},{"prId":"579"}],"tap":{"ok":false,"name":"benchmark/test-benchmark-http","id":188,"buffered":false,"tapError":null,"skip":false,"todo":false,"previous":null,"plan":null,"diag":{"severity":"fail","exitcode":1,"stack":"'wrk' is not recognized as an internal or external command,\noperable program or batch file.\nError: wrk failed with 1.\n    at ChildProcess.<anonymous> (c:\\workspace\\node-test-binary-windows-native-suites\\node\\benchmark\\_http-benchmarkers.js:242:16)\n    at Object.onceWrapper (node:events:633:26)\n    at ChildProcess.emit (node:events:518:28)\n    at maybeClose (node:internal/child_process:1105:16)\n    at Socket.<anonymous> (node:internal/child_process:457:11)\n    at Socket.emit (node:events:518:28)\n    at Pipe.<anonymous> (node:net:337:12)\nnode:assert:126\n  throw new AssertionError(obj);\n  ^\n\nAssertionError [ERR_ASSERTION]: Expected values to be strictly equal:\n\n1 !== 0\n\n    at ChildProcess.<anonymous> (c:\\workspace\\node-test-binary-windows-native-suites\\node\\test\\common\\benchmark.js:28:12)\n    at ChildProcess.emit (node:events:518:28)\n    at ChildProcess._handle.onexit (node:internal/child_process:294:12) {\n  generatedMessage: true,\n  code: 'ERR_ASSERTION',\n  actual: 1,\n  expected: 0,\n  operator: 'strictEqual'\n}\n\nNode.js v20.12.2"},"time":1600.023,"fullname":"benchmark/test-benchmark-http","closingTestPoint":false}},{"testName":"benchmark/test-benchmark-async-hooks","timestamp":1712682821710,"status":"FAILED","jobName":"node-test-binary-windows-native-suites","config":"node-test-binary-windows-native-suites » win11-vs2022-arm64-COMPILED_BY-vs2019-arm64 #22184","buildUrl":"https://ci.nodejs.org/job/node-test-binary-windows-native-suites/nodes=win11-vs2022-arm64-COMPILED_BY-vs2019-arm64/22184/","buildNumber":22184,"builtOn":"test-azure_msft-win11_vs2022-arm64-3","nodeVersion":"20.12.2","commitHash":"26da28e83121d352f162b83e7dcaf32bb54472a0","callStack":[{"upstreamBuild":62019,"upstreamProject":"node-test-commit-windows-fanned","upstreamUrl":"job/node-test-commit-windows-fanned/"},{"upstreamBuild":69692,"upstreamProject":"node-test-commit","upstreamUrl":"job/node-test-commit/"},{"upstreamBuild":58227,"upstreamProject":"node-test-pull-request","upstreamUrl":"job/node-test-pull-request/"},{"prId":"579"}],"tap":{"ok":false,"name":"benchmark/test-benchmark-async-hooks","id":175,"buffered":false,"tapError":null,"skip":false,"todo":false,"previous":null,"plan":null,"diag":{"severity":"fail","exitcode":1,"stack":"'wrk' is not recognized as an internal or external command,\noperable program or batch file.\nError: wrk failed with 1.\n    at ChildProcess.<anonymous> (d:\\workspace\\node-test-binary-windows-native-suites\\node\\benchmark\\_http-benchmarkers.js:242:16)\n    at Object.onceWrapper (node:events:633:26)\n    at ChildProcess.emit (node:events:518:28)\n    at maybeClose (node:internal/child_process:1105:16)\n    at Socket.<anonymous> (node:internal/child_process:457:11)\n    at Socket.emit (node:events:518:28)\n    at Pipe.<anonymous> (node:net:337:12)\n    at Pipe.callbackTrampoline (node:internal/async_hooks:130:17)\nnode:assert:126\n  throw new AssertionError(obj);\n  ^\n\nAssertionError [ERR_ASSERTION]: Expected values to be strictly equal:\n\n1 !== 0\n\n    at ChildProcess.<anonymous> (d:\\workspace\\node-test-binary-windows-native-suites\\node\\test\\common\\benchmark.js:28:12)\n    at ChildProcess.emit (node:events:518:28)\n    at ChildProcess._handle.onexit (node:internal/child_process:294:12) {\n  generatedMessage: true,\n  code: 'ERR_ASSERTION',\n  actual: 1,\n  expected: 0,\n  operator: 'strictEqual'\n}\n\nNode.js v20.12.2"},"time":3178.225,"fullname":"benchmark/test-benchmark-async-hooks","closingTestPoint":false}},{"testName":"benchmark/test-benchmark-http","timestamp":1712682821710,"status":"FAILED","jobName":"node-test-binary-windows-native-suites","config":"node-test-binary-windows-native-suites » win11-vs2022-arm64-COMPILED_BY-vs2019-arm64 #22184","buildUrl":"https://ci.nodejs.org/job/node-test-binary-windows-native-suites/nodes=win11-vs2022-arm64-COMPILED_BY-vs2019-arm64/22184/","buildNumber":22184,"builtOn":"test-azure_msft-win11_vs2022-arm64-3","nodeVersion":"20.12.2","commitHash":"26da28e83121d352f162b83e7dcaf32bb54472a0","callStack":[{"upstreamBuild":62019,"upstreamProject":"node-test-commit-windows-fanned","upstreamUrl":"job/node-test-commit-windows-fanned/"},{"upstreamBuild":69692,"upstreamProject":"node-test-commit","upstreamUrl":"job/node-test-commit/"},{"upstreamBuild":58227,"upstreamProject":"node-test-pull-request","upstreamUrl":"job/node-test-pull-request/"},{"prId":"579"}],"tap":{"ok":false,"name":"benchmark/test-benchmark-http","id":188,"buffered":false,"tapError":null,"skip":false,"todo":false,"previous":null,"plan":null,"diag":{"severity":"fail","exitcode":1,"stack":"'wrk' is not recognized as an internal or external command,\noperable program or batch file.\nError: wrk failed with 1.\n    at ChildProcess.<anonymous> (d:\\workspace\\node-test-binary-windows-native-suites\\node\\benchmark\\_http-benchmarkers.js:242:16)\n    at Object.onceWrapper (node:events:633:26)\n    at ChildProcess.emit (node:events:518:28)\n    at maybeClose (node:internal/child_process:1105:16)\n    at ChildProcess._handle.onexit (node:internal/child_process:305:5)\nnode:assert:126\n  throw new AssertionError(obj);\n  ^\n\nAssertionError [ERR_ASSERTION]: Expected values to be strictly equal:\n\n1 !== 0\n\n    at ChildProcess.<anonymous> (d:\\workspace\\node-test-binary-windows-native-suites\\node\\test\\common\\benchmark.js:28:12)\n    at ChildProcess.emit (node:events:518:28)\n    at ChildProcess._handle.onexit (node:internal/child_process:294:12) {\n  generatedMessage: true,\n  code: 'ERR_ASSERTION',\n  actual: 1,\n  expected: 0,\n  operator: 'strictEqual'\n}\n\nNode.js v20.12.2"},"time":2275.474,"fullname":"benchmark/test-benchmark-http","closingTestPoint":false}},{"testName":"benchmark/test-benchmark-async-hooks","timestamp":1712682821710,"status":"FAILED","jobName":"node-test-binary-windows-native-suites","config":"node-test-binary-windows-native-suites » win11-vs2022-COMPILED_BY-vs2019 #22184","buildUrl":"https://ci.nodejs.org/job/node-test-binary-windows-native-suites/nodes=win11-vs2022-COMPILED_BY-vs2019/22184/","buildNumber":22184,"builtOn":"test-azure_msft-win11_vs2022-x64-2","nodeVersion":"20.12.2","commitHash":"26da28e83121d352f162b83e7dcaf32bb54472a0","callStack":[{"upstreamBuild":62019,"upstreamProject":"node-test-commit-windows-fanned","upstreamUrl":"job/node-test-commit-windows-fanned/"},{"upstreamBuild":69692,"upstreamProject":"node-test-commit","upstreamUrl":"job/node-test-commit/"},{"upstreamBuild":58227,"upstreamProject":"node-test-pull-request","upstreamUrl":"job/node-test-pull-request/"},{"prId":"579"}],"tap":{"ok":false,"name":"benchmark/test-benchmark-async-hooks","id":175,"buffered":false,"tapError":null,"skip":false,"todo":false,"previous":null,"plan":null,"diag":{"severity":"fail","exitcode":1,"stack":"'wrk' is not recognized as an internal or external command,\noperable program or batch file.\nError: wrk failed with 1.\n    at ChildProcess.<anonymous> (c:\\workspace\\node-test-binary-windows-native-suites\\node\\benchmark\\_http-benchmarkers.js:242:16)\n    at Object.onceWrapper (node:events:633:26)\n    at ChildProcess.emit (node:events:518:28)\n    at maybeClose (node:internal/child_process:1105:16)\n    at Socket.<anonymous> (node:internal/child_process:457:11)\n    at Socket.emit (node:events:518:28)\n    at Pipe.<anonymous> (node:net:337:12)\n    at Pipe.callbackTrampoline (node:internal/async_hooks:130:17)\nnode:assert:126\n  throw new AssertionError(obj);\n  ^\n\nAssertionError [ERR_ASSERTION]: Expected values to be strictly equal:\n\n1 !== 0\n\n    at ChildProcess.<anonymous> (c:\\workspace\\node-test-binary-windows-native-suites\\node\\test\\common\\benchmark.js:28:12)\n    at ChildProcess.emit (node:events:518:28)\n    at ChildProcess._handle.onexit (node:internal/child_process:294:12) {\n  generatedMessage: true,\n  code: 'ERR_ASSERTION',\n  actual: 1,\n  expected: 0,\n  operator: 'strictEqual'\n}\n\nNode.js v20.12.2"},"time":1827.026,"fullname":"benchmark/test-benchmark-async-hooks","closingTestPoint":false}},{"testName":"benchmark/test-benchmark-http","timestamp":1712682821710,"status":"FAILED","jobName":"node-test-binary-windows-native-suites","config":"node-test-binary-windows-native-suites » win11-vs2022-COMPILED_BY-vs2019 #22184","buildUrl":"https://ci.nodejs.org/job/node-test-binary-windows-native-suites/nodes=win11-vs2022-COMPILED_BY-vs2019/22184/","buildNumber":22184,"builtOn":"test-azure_msft-win11_vs2022-x64-2","nodeVersion":"20.12.2","commitHash":"26da28e83121d352f162b83e7dcaf32bb54472a0","callStack":[{"upstreamBuild":62019,"upstreamProject":"node-test-commit-windows-fanned","upstreamUrl":"job/node-test-commit-windows-fanned/"},{"upstreamBuild":69692,"upstreamProject":"node-test-commit","upstreamUrl":"job/node-test-commit/"},{"upstreamBuild":58227,"upstreamProject":"node-test-pull-request","upstreamUrl":"job/node-test-pull-request/"},{"prId":"579"}],"tap":{"ok":false,"name":"benchmark/test-benchmark-http","id":188,"buffered":false,"tapError":null,"skip":false,"todo":false,"previous":null,"plan":null,"diag":{"severity":"fail","exitcode":1,"stack":"'wrk' is not recognized as an internal or external command,\noperable program or batch file.\nError: wrk failed with 1.\n    at ChildProcess.<anonymous> (c:\\workspace\\node-test-binary-windows-native-suites\\node\\benchmark\\_http-benchmarkers.js:242:16)\n    at Object.onceWrapper (node:events:633:26)\n    at ChildProcess.emit (node:events:518:28)\n    at maybeClose (node:internal/child_process:1105:16)\n    at Socket.<anonymous> (node:internal/child_process:457:11)\n    at Socket.emit (node:events:518:28)\n    at Pipe.<anonymous> (node:net:337:12)\nnode:assert:126\n  throw new AssertionError(obj);\n  ^\n\nAssertionError [ERR_ASSERTION]: Expected values to be strictly equal:\n\n1 !== 0\n\n    at ChildProcess.<anonymous> (c:\\workspace\\node-test-binary-windows-native-suites\\node\\test\\common\\benchmark.js:28:12)\n    at ChildProcess.emit (node:events:518:28)\n    at ChildProcess._handle.onexit (node:internal/child_process:294:12) {\n  generatedMessage: true,\n  code: 'ERR_ASSERTION',\n  actual: 1,\n  expected: 0,\n  operator: 'strictEqual'\n}\n\nNode.js v20.12.2"},"time":1263.019,"fullname":"benchmark/test-benchmark-http","closingTestPoint":false}},{"testName":"benchmark/test-benchmark-async-hooks","timestamp":1712682821710,"status":"FAILED","jobName":"node-test-binary-windows-native-suites","config":"node-test-binary-windows-native-suites » win10-vs2019-COMPILED_BY-vs2019 #22184","buildUrl":"https://ci.nodejs.org/job/node-test-binary-windows-native-suites/nodes=win10-vs2019-COMPILED_BY-vs2019/22184/","buildNumber":22184,"builtOn":"test-azure_msft-win10_vs2019-x64-2","nodeVersion":"20.12.2","commitHash":"26da28e83121d352f162b83e7dcaf32bb54472a0","callStack":[{"upstreamBuild":62019,"upstreamProject":"node-test-commit-windows-fanned","upstreamUrl":"job/node-test-commit-windows-fanned/"},{"upstreamBuild":69692,"upstreamProject":"node-test-commit","upstreamUrl":"job/node-test-commit/"},{"upstreamBuild":58227,"upstreamProject":"node-test-pull-request","upstreamUrl":"job/node-test-pull-request/"},{"prId":"579"}],"tap":{"ok":false,"name":"benchmark/test-benchmark-async-hooks","id":175,"buffered":false,"tapError":null,"skip":false,"todo":false,"previous":null,"plan":null,"diag":{"severity":"fail","exitcode":1,"stack":"'wrk' is not recognized as an internal or external command,\noperable program or batch file.\nError: wrk failed with 1.\n    at ChildProcess.<anonymous> (c:\\workspace\\node-test-binary-windows-native-suites\\node\\benchmark\\_http-benchmarkers.js:242:16)\n    at Object.onceWrapper (node:events:633:26)\n    at ChildProcess.emit (node:events:518:28)\n    at maybeClose (node:internal/child_process:1105:16)\n    at Socket.<anonymous> (node:internal/child_process:457:11)\n    at Socket.emit (node:events:518:28)\n    at Pipe.<anonymous> (node:net:337:12)\n    at Pipe.callbackTrampoline (node:internal/async_hooks:130:17)\nnode:assert:126\n  throw new AssertionError(obj);\n  ^\n\nAssertionError [ERR_ASSERTION]: Expected values to be strictly equal:\n\n1 !== 0\n\n    at ChildProcess.<anonymous> (c:\\workspace\\node-test-binary-windows-native-suites\\node\\test\\common\\benchmark.js:28:12)\n    at ChildProcess.emit (node:events:518:28)\n    at ChildProcess._handle.onexit (node:internal/child_process:294:12) {\n  generatedMessage: true,\n  code: 'ERR_ASSERTION',\n  actual: 1,\n  expected: 0,\n  operator: 'strictEqual'\n}\n\nNode.js v20.12.2"},"time":1647.005,"fullname":"benchmark/test-benchmark-async-hooks","closingTestPoint":false}},{"testName":"benchmark/test-benchmark-http","timestamp":1712682821710,"status":"FAILED","jobName":"node-test-binary-windows-native-suites","config":"node-test-binary-windows-native-suites » win10-vs2019-COMPILED_BY-vs2019 #22184","buildUrl":"https://ci.nodejs.org/job/node-test-binary-windows-native-suites/nodes=win10-vs2019-COMPILED_BY-vs2019/22184/","buildNumber":22184,"builtOn":"test-azure_msft-win10_vs2019-x64-2","nodeVersion":"20.12.2","commitHash":"26da28e83121d352f162b83e7dcaf32bb54472a0","callStack":[{"upstreamBuild":62019,"upstreamProject":"node-test-commit-windows-fanned","upstreamUrl":"job/node-test-commit-windows-fanned/"},{"upstreamBuild":69692,"upstreamProject":"node-test-commit","upstreamUrl":"job/node-test-commit/"},{"upstreamBuild":58227,"upstreamProject":"node-test-pull-request","upstreamUrl":"job/node-test-pull-request/"},{"prId":"579"}],"tap":{"ok":false,"name":"benchmark/test-benchmark-http","id":188,"buffered":false,"tapError":null,"skip":false,"todo":false,"previous":null,"plan":null,"diag":{"severity":"fail","exitcode":1,"stack":"'wrk' is not recognized as an internal or external command,\noperable program or batch file.\nError: wrk failed with 1.\n    at ChildProcess.<anonymous> (c:\\workspace\\node-test-binary-windows-native-suites\\node\\benchmark\\_http-benchmarkers.js:242:16)\n    at Object.onceWrapper (node:events:633:26)\n    at ChildProcess.emit (node:events:518:28)\n    at maybeClose (node:internal/child_process:1105:16)\n    at Socket.<anonymous> (node:internal/child_process:457:11)\n    at Socket.emit (node:events:518:28)\n    at Pipe.<anonymous> (node:net:337:12)\nnode:assert:126\n  throw new AssertionError(obj);\n  ^\n\nAssertionError [ERR_ASSERTION]: Expected values to be strictly equal:\n\n1 !== 0\n\n    at ChildProcess.<anonymous> (c:\\workspace\\node-test-binary-windows-native-suites\\node\\test\\common\\benchmark.js:28:12)\n    at ChildProcess.emit (node:events:518:28)\n    at ChildProcess._handle.onexit (node:internal/child_process:294:12) {\n  generatedMessage: true,\n  code: 'ERR_ASSERTION',\n  actual: 1,\n  expected: 0,\n  operator: 'strictEqual'\n}\n\nNode.js v20.12.2"},"time":1232.002,"fullname":"benchmark/test-benchmark-http","closingTestPoint":false}}]}