{"failedTests":[{"testName":"addons/load-long-path/test","timestamp":1722581408235,"status":"FAILED","jobName":"node-test-binary-windows-native-suites","config":"node-test-binary-windows-native-suites » win11-vs2022-arm64-COMPILED_BY-vs2022-arm64 #23872","buildUrl":"https://ci.nodejs.org/job/node-test-binary-windows-native-suites/nodes=win11-vs2022-arm64-COMPILED_BY-vs2022-arm64/23872/","buildNumber":23872,"builtOn":"test-azure_msft-win11_vs2022-arm64-3","nodeVersion":"23","commitHash":"1d5286845a69d6e4085edacc9a0e63bde2d87f03","callStack":[{"upstreamBuild":64529,"upstreamProject":"node-test-commit-windows-fanned","upstreamUrl":"job/node-test-commit-windows-fanned/"},{"upstreamBuild":72694,"upstreamProject":"node-test-commit","upstreamUrl":"job/node-test-commit/"},{"upstreamBuild":60813,"upstreamProject":"node-test-pull-request","upstreamUrl":"job/node-test-pull-request/"},{"prId":"54093"}],"tap":{"ok":false,"name":"addons/load-long-path/test","id":31,"buffered":false,"tapError":null,"skip":false,"todo":false,"previous":null,"plan":null,"diag":{"severity":"fail","exitcode":1,"stack":"Can't clean tmpdir: d:\\workspace\\node-test-binary-windows-native-suites\\node\\test\\.tmp.30\nFiles blocking: [ 'xxxxxxxxxxxxxxxxxxxxxxxxxxxxxx' ]\n\nd:\\workspace\\node-test-binary-windows-native-suites\\node\\test\\common\\tmpdir.js:69\n    throw e;\n    ^\n\nError: EPERM, Permission denied: \\\\?\\d:\\workspace\\node-test-binary-windows-native-suites\\node\\test\\.tmp.30 '\\\\?\\d:\\workspace\\node-test-binary-windows-native-suites\\node\\test\\.tmp.30'\n    at Object.rmSync (node:fs:1246:18)\n    at rmSync (d:\\workspace\\node-test-binary-windows-native-suites\\node\\test\\common\\tmpdir.js:20:8)\n    at onexit (d:\\workspace\\node-test-binary-windows-native-suites\\node\\test\\common\\tmpdir.js:54:5)\n    at process.<anonymous> (d:\\workspace\\node-test-binary-windows-native-suites\\node\\test\\common\\tmpdir.js:43:14)\n    at process.emit (node:events:532:35) {\n  errno: 1,\n  code: 'EPERM',\n  path: '\\\\\\\\?\\\\d:\\\\workspace\\\\node-test-binary-windows-native-suites\\\\node\\\\test\\\\.tmp.30',\n  syscall: 'rm'\n}\n\nNode.js v23.0.0-pre"},"time":911.701,"fullname":"addons/load-long-path/test","closingTestPoint":false}},{"testName":"node-api/test_general/test","timestamp":1722581408235,"status":"FAILED","jobName":"node-test-binary-windows-native-suites","config":"node-test-binary-windows-native-suites » win11-vs2022-arm64-COMPILED_BY-vs2022-arm64 #23872","buildUrl":"https://ci.nodejs.org/job/node-test-binary-windows-native-suites/nodes=win11-vs2022-arm64-COMPILED_BY-vs2022-arm64/23872/","buildNumber":23872,"builtOn":"test-azure_msft-win11_vs2022-arm64-3","nodeVersion":"23","commitHash":"1d5286845a69d6e4085edacc9a0e63bde2d87f03","callStack":[{"upstreamBuild":64529,"upstreamProject":"node-test-commit-windows-fanned","upstreamUrl":"job/node-test-commit-windows-fanned/"},{"upstreamBuild":72694,"upstreamProject":"node-test-commit","upstreamUrl":"job/node-test-commit/"},{"upstreamBuild":60813,"upstreamProject":"node-test-pull-request","upstreamUrl":"job/node-test-pull-request/"},{"prId":"54093"}],"tap":{"ok":false,"name":"node-api/test_general/test","id":142,"buffered":false,"tapError":null,"skip":false,"todo":false,"previous":null,"plan":null,"diag":{"severity":"fail","exitcode":1,"stack":"Can't clean tmpdir: d:\\workspace\\node-test-binary-windows-native-suites\\node\\test\\.tmp.141\nFiles blocking: [ 'foo%#bar' ]\n\nnode:fs:1246\n  return binding.rmSync(getValidatedPath(path), opts.maxRetries, opts.recursive, opts.retryDelay);\n                 ^\n\nError: EPERM, Permission denied: \\\\?\\d:\\workspace\\node-test-binary-windows-native-suites\\node\\test\\.tmp.141\\foo%#bar '\\\\?\\d:\\workspace\\node-test-binary-windows-native-suites\\node\\test\\.tmp.141\\foo%#bar'\n    at Object.rmSync (node:fs:1246:18)\n    at Object.<anonymous> (d:\\workspace\\node-test-binary-windows-native-suites\\node\\test\\node-api\\test_general\\test.js:34:6)\n    at Module._compile (node:internal/modules/cjs/loader:1546:14)\n    at Module._extensions..js (node:internal/modules/cjs/loader:1691:10)\n    at Module.load (node:internal/modules/cjs/loader:1317:32)\n    at Module._load (node:internal/modules/cjs/loader:1127:12)\n    at TracingChannel.traceSync (node:diagnostics_channel:315:14)\n    at wrapModuleLoad (node:internal/modules/cjs/loader:217:24)\n    at Function.executeUserEntryPoint [as runMain] (node:internal/modules/run_main:166:5)\n    at node:internal/main/run_main_module:30:49 {\n  errno: 1,\n  code: 'EPERM',\n  path: '\\\\\\\\?\\\\d:\\\\workspace\\\\node-test-binary-windows-native-suites\\\\node\\\\test\\\\.tmp.141\\\\foo%#bar',\n  syscall: 'rm'\n}\n\nNode.js v23.0.0-pre"},"time":909.976,"fullname":"node-api/test_general/test","closingTestPoint":false}}]}