{"failedTests":[{"testName":"benchmark/test-benchmark-crypto","timestamp":1724491184843,"status":"FAILED","jobName":"node-test-binary-windows-native-suites","config":"node-test-binary-windows-native-suites Â» win11-vs2022-arm64-COMPILED_BY-vs2022-arm64 #24243","buildUrl":"https://ci.nodejs.org/job/node-test-binary-windows-native-suites/nodes=win11-vs2022-arm64-COMPILED_BY-vs2022-arm64/24243/","buildNumber":24243,"builtOn":"test-azure_msft-win11_vs2022-arm64-4","nodeVersion":"23.0.0","commitHash":"8821991f4fb6416aa1951191ce65fff58099a174","callStack":[{"upstreamBuild":65040,"upstreamProject":"node-test-commit-windows-fanned","upstreamUrl":"job/node-test-commit-windows-fanned/"},{"upstreamBuild":73367,"upstreamProject":"node-test-commit","upstreamUrl":"job/node-test-commit/"},{"upstreamBuild":61402,"upstreamProject":"node-test-pull-request","upstreamUrl":"job/node-test-pull-request/"},{"prId":"54526"}],"tap":{"ok":false,"name":"benchmark/test-benchmark-crypto","id":180,"buffered":false,"tapError":null,"skip":false,"todo":": Fix flaky test","previous":null,"plan":null,"diag":{"severity":"flaky","exitcode":1,"stack":"node:assert:126\n  throw new AssertionError(obj);\n  ^\n\nAssertionError [ERR_ASSERTION]: Expected values to be strictly equal:\n\n1 !== 0\n\n    at main (d:\\workspace\\node-test-binary-windows-native-suites\\node\\benchmark\\crypto\\timingSafeEqual.js:21:10)\n    at d:\\workspace\\node-test-binary-windows-native-suites\\node\\benchmark\\common.js:54:9\n    at process.processTicksAndRejections (node:internal/process/task_queues:85:11) {\n  generatedMessage: true,\n  code: 'ERR_ASSERTION',\n  actual: 1,\n  expected: 0,\n  operator: 'strictEqual'\n}\n\nNode.js v23.0.0-pre\nnode:assert:126\n  throw new AssertionError(obj);\n  ^\n\nAssertionError [ERR_ASSERTION]: Expected values to be strictly equal:\n\n1 !== 0\n\n    at ChildProcess.<anonymous> (d:\\workspace\\node-test-binary-windows-native-suites\\node\\test\\common\\benchmark.js:28:12)\n    at ChildProcess.emit (node:events:520:28)\n    at ChildProcess._handle.onexit (node:internal/child_process:294:12) {\n  generatedMessage: true,\n  code: 'ERR_ASSERTION',\n  actual: 1,\n  expected: 0,\n  operator: 'strictEqual'\n}\n\nNode.js v23.0.0-pre"},"time":7329.334,"fullname":"benchmark/test-benchmark-crypto","closingTestPoint":false}}]}