{"failedTests":[{"testName":"benchmark/test-benchmark-crypto","timestamp":1731757362148,"status":"FAILED","jobName":"node-test-binary-windows-native-suites","config":"node-test-binary-windows-native-suites Â» win10-vs2019-COMPILED_BY-vs2022 #25629","buildUrl":"https://ci.nodejs.org/job/node-test-binary-windows-native-suites/nodes=win10-vs2019-COMPILED_BY-vs2022/25629/","buildNumber":25629,"builtOn":"test-azure_msft-win10_vs2019-x64-2","nodeVersion":"24.0.0","commitHash":"34817548cc73f717eda0d82eb476e35a9a79cb31","callStack":[{"upstreamBuild":66989,"upstreamProject":"node-test-commit-windows-fanned","upstreamUrl":"job/node-test-commit-windows-fanned/"},{"upstreamBuild":75817,"upstreamProject":"node-test-commit","upstreamUrl":"job/node-test-commit/"},{"upstreamBuild":63570,"upstreamProject":"node-test-pull-request","upstreamUrl":"job/node-test-pull-request/"},{"prId":"52888"}],"tap":{"ok":false,"name":"benchmark/test-benchmark-crypto","id":180,"buffered":false,"tapError":null,"skip":false,"todo":": Fix flaky test","previous":null,"plan":null,"diag":{"severity":"flaky","exitcode":1,"stack":"node:assert:90\n  throw new AssertionError(obj);\n  ^\n\nAssertionError [ERR_ASSERTION]: Expected values to be strictly equal:\n\n1 !== 0\n\n    at main (c:\\workspace\\node-test-binary-windows-native-suites\\node\\benchmark\\crypto\\timingSafeEqual.js:21:10)\n    at c:\\workspace\\node-test-binary-windows-native-suites\\node\\benchmark\\common.js:63:9\n    at process.processTicksAndRejections (node:internal/process/task_queues:85:11) {\n  generatedMessage: true,\n  code: 'ERR_ASSERTION',\n  actual: 1,\n  expected: 0,\n  operator: 'strictEqual'\n}\n\nNode.js v24.0.0-pre\nnode:internal/process/promises:392\n      new UnhandledPromiseRejection(reason);\n      ^\n\nUnhandledPromiseRejection: This error originated either by throwing inside of an async function without a catch block, or by rejecting a promise which was not handled with .catch(). The promise rejected with the reason \"1\".\n    at throwUnhandledRejectionsMode (node:internal/process/promises:392:7)\n    at processPromiseRejections (node:internal/process/promises:475:17)\n    at process.processTicksAndRejections (node:internal/process/task_queues:106:32) {\n  code: 'ERR_UNHANDLED_REJECTION'\n}\n\nNode.js v24.0.0-pre\nnode:assert:90\n  throw new AssertionError(obj);\n  ^\n\nAssertionError [ERR_ASSERTION]: Expected values to be strictly equal:\n\n1 !== 0\n\n    at ChildProcess.<anonymous> (c:\\workspace\\node-test-binary-windows-native-suites\\node\\test\\common\\benchmark.js:28:12)\n    at ChildProcess.emit (node:events:513:28)\n    at ChildProcess._handle.onexit (node:internal/child_process:294:12) {\n  generatedMessage: true,\n  code: 'ERR_ASSERTION',\n  actual: 1,\n  expected: 0,\n  operator: 'strictEqual'\n}\n\nNode.js v24.0.0-pre"},"time":3532.631,"fullname":"benchmark/test-benchmark-crypto","closingTestPoint":false}}]}