{"failedTests":[{"testName":"benchmark/test-benchmark-crypto","timestamp":1731775410361,"status":"FAILED","jobName":"node-test-binary-windows-native-suites","config":"node-test-binary-windows-native-suites Â» win2022-vs2022-COMPILED_BY-vs2022 #25637","buildUrl":"https://ci.nodejs.org/job/node-test-binary-windows-native-suites/nodes=win2022-vs2022-COMPILED_BY-vs2022/25637/","buildNumber":25637,"builtOn":"test-rackspace-win2022_vs2022-x64-6","nodeVersion":"24.0.0","commitHash":"842d353716690f6b247b9e0ecc018dcfa9fb9636","callStack":[{"upstreamBuild":66996,"upstreamProject":"node-test-commit-windows-fanned","upstreamUrl":"job/node-test-commit-windows-fanned/"},{"upstreamBuild":75826,"upstreamProject":"node-test-commit","upstreamUrl":"job/node-test-commit/"},{"upstreamBuild":63578,"upstreamProject":"node-test-pull-request","upstreamUrl":"job/node-test-pull-request/"},{"prId":"55880"}],"tap":{"ok":false,"name":"benchmark/test-benchmark-crypto","id":180,"buffered":false,"tapError":null,"skip":false,"todo":": Fix flaky test","previous":null,"plan":null,"diag":{"severity":"flaky","exitcode":1,"stack":"node:assert:90\n  throw new AssertionError(obj);\n  ^\n\nAssertionError [ERR_ASSERTION]: Expected values to be strictly equal:\n\n1 !== 0\n\n    at main (C:\\workspace\\node-test-binary-windows-native-suites\\node\\benchmark\\crypto\\timingSafeEqual.js:21:10)\n    at C:\\workspace\\node-test-binary-windows-native-suites\\node\\benchmark\\common.js:63:9\n    at process.processTicksAndRejections (node:internal/process/task_queues:85:11) {\n  generatedMessage: true,\n  code: 'ERR_ASSERTION',\n  actual: 1,\n  expected: 0,\n  operator: 'strictEqual'\n}\n\nNode.js v24.0.0-pre\nnode:internal/process/promises:392\n      new UnhandledPromiseRejection(reason);\n      ^\n\nUnhandledPromiseRejection: This error originated either by throwing inside of an async function without a catch block, or by rejecting a promise which was not handled with .catch(). The promise rejected with the reason \"1\".\n    at throwUnhandledRejectionsMode (node:internal/process/promises:392:7)\n    at processPromiseRejections (node:internal/process/promises:475:17)\n    at process.processTicksAndRejections (node:internal/process/task_queues:106:32) {\n  code: 'ERR_UNHANDLED_REJECTION'\n}\n\nNode.js v24.0.0-pre\nnode:assert:90\n  throw new AssertionError(obj);\n  ^\n\nAssertionError [ERR_ASSERTION]: Expected values to be strictly equal:\n\n1 !== 0\n\n    at ChildProcess.<anonymous> (C:\\workspace\\node-test-binary-windows-native-suites\\node\\test\\common\\benchmark.js:28:12)\n    at ChildProcess.emit (node:events:513:28)\n    at ChildProcess._handle.onexit (node:internal/child_process:294:12) {\n  generatedMessage: true,\n  code: 'ERR_ASSERTION',\n  actual: 1,\n  expected: 0,\n  operator: 'strictEqual'\n}\n\nNode.js v24.0.0-pre"},"time":6198.058,"fullname":"benchmark/test-benchmark-crypto","closingTestPoint":false}}]}