{"failedTests":[{"testName":"InspectorSocketTest/HostIPv6NonRoutable","timestamp":1737419907292,"status":"REGRESSION","jobName":"node-test-binary-windows-native-suites","config":"node-test-binary-windows-native-suites » win11-vs2022-COMPILED_BY-vs2019 #26465","buildUrl":"https://ci.nodejs.org/job/node-test-binary-windows-native-suites/nodes=win11-vs2022-COMPILED_BY-vs2019/26465/","buildNumber":26465,"builtOn":"test-azure_msft-win11_vs2022-x64-3","nodeVersion":"18.20.6","commitHash":"14b6317641751590ebe5d87d4f15822ae3fdb7d6","callStack":[{"upstreamBuild":67930,"upstreamProject":"node-test-commit-windows-fanned","upstreamUrl":"job/node-test-commit-windows-fanned/"}],"tap":null},{"testName":"benchmark/test-benchmark-http2","timestamp":1737419907292,"status":"FAILED","jobName":"node-test-binary-windows-native-suites","config":"node-test-binary-windows-native-suites » win2016-vs2017-COMPILED_BY-vs2019-x86 #26465","buildUrl":"https://ci.nodejs.org/job/node-test-binary-windows-native-suites/nodes=win2016-vs2017-COMPILED_BY-vs2019-x86/26465/","buildNumber":26465,"builtOn":"test-azure_msft-win2016_vs2017-x64-2","nodeVersion":"18.20.6","commitHash":"14b6317641751590ebe5d87d4f15822ae3fdb7d6","callStack":[{"upstreamBuild":67930,"upstreamProject":"node-test-commit-windows-fanned","upstreamUrl":"job/node-test-commit-windows-fanned/"}],"tap":{"ok":false,"name":"benchmark/test-benchmark-http2","id":184,"buffered":false,"tapError":null,"skip":false,"todo":false,"previous":null,"plan":null,"diag":{"severity":"fail","exitcode":1,"stack":"Error: test-double-http2 failed with 3221226505.\n    at ChildProcess.<anonymous> (C:\\workspace\\node-test-binary-windows-native-suites\\node\\benchmark\\_http-benchmarkers.js:251:16)\n    at Object.onceWrapper (node:events:632:26)\n    at ChildProcess.emit (node:events:517:28)\n    at maybeClose (node:internal/child_process:1098:16)\n    at ChildProcess._handle.onexit (node:internal/child_process:303:5)\nnode:assert:125\n  throw new AssertionError(obj);\n  ^\n\nAssertionError [ERR_ASSERTION]: Expected values to be strictly equal:\n\n3221226505 !== 0\n\n    at ChildProcess.<anonymous> (C:\\workspace\\node-test-binary-windows-native-suites\\node\\test\\common\\benchmark.js:28:12)\n    at ChildProcess.emit (node:events:517:28)\n    at ChildProcess._handle.onexit (node:internal/child_process:292:12) {\n  generatedMessage: true,\n  code: 'ERR_ASSERTION',\n  actual: 3221226505,\n  expected: 0,\n  operator: 'strictEqual'\n}\n\nNode.js v18.20.6-pre"},"time":2278.638,"fullname":"benchmark/test-benchmark-http2","closingTestPoint":false}}]}