{"failedTests":[{"testName":"benchmark/test-benchmark-misc","timestamp":1740484327709,"status":"REGRESSION","jobName":"node-test-binary-windows-native-suites","config":"node-test-binary-windows-native-suites » win11-vs2022-arm64-COMPILED_BY-vs2022-arm64 #27075","buildUrl":"https://ci.nodejs.org/job/node-test-binary-windows-native-suites/nodes=win11-vs2022-arm64-COMPILED_BY-vs2022-arm64/27075/","buildNumber":27075,"builtOn":"test-azure_msft-win11_vs2022-arm64-4","nodeVersion":"24.0.0","commitHash":"207d0780b7cf41939675ac1d42bc846590615564","callStack":[{"upstreamBuild":68783,"upstreamProject":"node-test-commit-windows-fanned","upstreamUrl":"job/node-test-commit-windows-fanned/"},{"upstreamBuild":78138,"upstreamProject":"node-test-commit","upstreamUrl":"job/node-test-commit/"},{"upstreamBuild":65426,"upstreamProject":"node-test-pull-request","upstreamUrl":"job/node-test-pull-request/"},{"prId":"57196"}],"tap":{"ok":false,"name":"benchmark/test-benchmark-misc","id":197,"buffered":false,"tapError":null,"skip":false,"todo":false,"previous":null,"plan":null,"diag":{"severity":"fail","exitcode":1,"stack":"------ stdout ------\n\n------ stderr ------\nnode:internal/modules/cjs/loader:1408\n  throw err;\n  ^\n\nError: Cannot find module 'd:\\workspace\\node-test-binary-windows-native-suites\\node\\1'\n    at Module._resolveFilename (node:internal/modules/cjs/loader:1405:15)\n    at defaultResolveImpl (node:internal/modules/cjs/loader:1061:19)\n    at resolveForCJSWithHooks (node:internal/modules/cjs/loader:1066:22)\n    at Module._load (node:internal/modules/cjs/loader:1215:37)\n    at TracingChannel.traceSync (node:diagnostics_channel:322:14)\n    at wrapModuleLoad (node:internal/modules/cjs/loader:235:24)\n    at Function.executeUserEntryPoint [as runMain] (node:internal/modules/run_main:151:5)\n    at node:internal/main/run_main_module:33:47 {\n  code: 'MODULE_NOT_FOUND',\n  requireStack: []\n}\n\nNode.js v24.0.0-pre\n\nd:\\workspace\\node-test-binary-windows-native-suites\\node\\benchmark\\misc\\print.js:35\n      throw new Error(`Error during node startup, exit code ${code}`);\n      ^\n\nError: Error during node startup, exit code 1\n    at ChildProcess.<anonymous> (d:\\workspace\\node-test-binary-windows-native-suites\\node\\benchmark\\misc\\print.js:35:13)\n    at ChildProcess.emit (node:events:507:28)\n    at ChildProcess._handle.onexit (node:internal/child_process:294:12)\n\nNode.js v24.0.0-pre\nnode:internal/process/promises:392\n      new UnhandledPromiseRejection(reason);\n      ^\n\nUnhandledPromiseRejection: This error originated either by throwing inside of an async function without a catch block, or by rejecting a promise which was not handled with .catch(). The promise rejected with the reason \"1\".\n    at throwUnhandledRejectionsMode (node:internal/process/promises:392:7)\n    at processPromiseRejections (node:internal/process/promises:475:17)\n    at process.processTicksAndRejections (node:internal/process/task_queues:106:32) {\n  code: 'ERR_UNHANDLED_REJECTION'\n}\n\nNode.js v24.0.0-pre\nnode:assert:128\n  throw new AssertionError(obj);\n  ^\n\nAssertionError [ERR_ASSERTION]: Expected values to be strictly equal:\n\n1 !== 0\n\n    at ChildProcess.<anonymous> (d:\\workspace\\node-test-binary-windows-native-suites\\node\\test\\common\\benchmark.js:28:12)\n    at ChildProcess.emit (node:events:507:28)\n    at ChildProcess._handle.onexit (node:internal/child_process:294:12) {\n  generatedMessage: true,\n  code: 'ERR_ASSERTION',\n  actual: 1,\n  expected: 0,\n  operator: 'strictEqual'\n}\n\nNode.js v24.0.0-pre"},"time":2554.341,"fullname":"benchmark/test-benchmark-misc","closingTestPoint":false}},{"testName":"benchmark/test-benchmark-misc","timestamp":1740484327709,"status":"REGRESSION","jobName":"node-test-binary-windows-native-suites","config":"node-test-binary-windows-native-suites » win11-vs2022-COMPILED_BY-vs2022 #27075","buildUrl":"https://ci.nodejs.org/job/node-test-binary-windows-native-suites/nodes=win11-vs2022-COMPILED_BY-vs2022/27075/","buildNumber":27075,"builtOn":"test-azure_msft-win11_vs2022-x64-4","nodeVersion":"24.0.0","commitHash":"207d0780b7cf41939675ac1d42bc846590615564","callStack":[{"upstreamBuild":68783,"upstreamProject":"node-test-commit-windows-fanned","upstreamUrl":"job/node-test-commit-windows-fanned/"},{"upstreamBuild":78138,"upstreamProject":"node-test-commit","upstreamUrl":"job/node-test-commit/"},{"upstreamBuild":65426,"upstreamProject":"node-test-pull-request","upstreamUrl":"job/node-test-pull-request/"},{"prId":"57196"}],"tap":{"ok":false,"name":"benchmark/test-benchmark-misc","id":197,"buffered":false,"tapError":null,"skip":false,"todo":false,"previous":null,"plan":null,"diag":{"severity":"fail","exitcode":1,"stack":"------ stdout ------\n\n------ stderr ------\nnode:internal/modules/cjs/loader:1408\n  throw err;\n  ^\n\nError: Cannot find module 'c:\\workspace\\node-test-binary-windows-native-suites\\node\\1'\n    at Function._resolveFilename (node:internal/modules/cjs/loader:1405:15)\n    at defaultResolveImpl (node:internal/modules/cjs/loader:1061:19)\n    at resolveForCJSWithHooks (node:internal/modules/cjs/loader:1066:22)\n    at Function._load (node:internal/modules/cjs/loader:1215:37)\n    at TracingChannel.traceSync (node:diagnostics_channel:322:14)\n    at wrapModuleLoad (node:internal/modules/cjs/loader:235:24)\n    at Function.executeUserEntryPoint [as runMain] (node:internal/modules/run_main:151:5)\n    at node:internal/main/run_main_module:33:47 {\n  code: 'MODULE_NOT_FOUND',\n  requireStack: []\n}\n\nNode.js v24.0.0-pre\n\nc:\\workspace\\node-test-binary-windows-native-suites\\node\\benchmark\\misc\\print.js:35\n      throw new Error(`Error during node startup, exit code ${code}`);\n      ^\n\nError: Error during node startup, exit code 1\n    at ChildProcess.<anonymous> (c:\\workspace\\node-test-binary-windows-native-suites\\node\\benchmark\\misc\\print.js:35:13)\n    at ChildProcess.emit (node:events:507:28)\n    at ChildProcess._handle.onexit (node:internal/child_process:294:12)\n\nNode.js v24.0.0-pre\nnode:internal/process/promises:392\n      new UnhandledPromiseRejection(reason);\n      ^\n\nUnhandledPromiseRejection: This error originated either by throwing inside of an async function without a catch block, or by rejecting a promise which was not handled with .catch(). The promise rejected with the reason \"1\".\n    at throwUnhandledRejectionsMode (node:internal/process/promises:392:7)\n    at processPromiseRejections (node:internal/process/promises:475:17)\n    at process.processTicksAndRejections (node:internal/process/task_queues:106:32) {\n  code: 'ERR_UNHANDLED_REJECTION'\n}\n\nNode.js v24.0.0-pre\nnode:assert:128\n  throw new AssertionError(obj);\n  ^\n\nAssertionError [ERR_ASSERTION]: Expected values to be strictly equal:\n\n1 !== 0\n\n    at ChildProcess.<anonymous> (c:\\workspace\\node-test-binary-windows-native-suites\\node\\test\\common\\benchmark.js:28:12)\n    at ChildProcess.emit (node:events:507:28)\n    at ChildProcess._handle.onexit (node:internal/child_process:294:12) {\n  generatedMessage: true,\n  code: 'ERR_ASSERTION',\n  actual: 1,\n  expected: 0,\n  operator: 'strictEqual'\n}\n\nNode.js v24.0.0-pre"},"time":1259.027,"fullname":"benchmark/test-benchmark-misc","closingTestPoint":false}},{"testName":"benchmark/test-benchmark-misc","timestamp":1740484327709,"status":"REGRESSION","jobName":"node-test-binary-windows-native-suites","config":"node-test-binary-windows-native-suites » win2019-vs2019-COMPILED_BY-vs2022 #27075","buildUrl":"https://ci.nodejs.org/job/node-test-binary-windows-native-suites/nodes=win2019-vs2019-COMPILED_BY-vs2022/27075/","buildNumber":27075,"builtOn":"test-rackspace-win2019_vs2019-x64-4","nodeVersion":"24.0.0","commitHash":"207d0780b7cf41939675ac1d42bc846590615564","callStack":[{"upstreamBuild":68783,"upstreamProject":"node-test-commit-windows-fanned","upstreamUrl":"job/node-test-commit-windows-fanned/"},{"upstreamBuild":78138,"upstreamProject":"node-test-commit","upstreamUrl":"job/node-test-commit/"},{"upstreamBuild":65426,"upstreamProject":"node-test-pull-request","upstreamUrl":"job/node-test-pull-request/"},{"prId":"57196"}],"tap":{"ok":false,"name":"benchmark/test-benchmark-misc","id":197,"buffered":false,"tapError":null,"skip":false,"todo":false,"previous":null,"plan":null,"diag":{"severity":"fail","exitcode":1,"stack":"------ stdout ------\n\n------ stderr ------\nnode:internal/modules/cjs/loader:1408\n  throw err;\n  ^\n\nError: Cannot find module 'C:\\workspace\\node-test-binary-windows-native-suites\\node\\1'\n    at Function._resolveFilename (node:internal/modules/cjs/loader:1405:15)\n    at defaultResolveImpl (node:internal/modules/cjs/loader:1061:19)\n    at resolveForCJSWithHooks (node:internal/modules/cjs/loader:1066:22)\n    at Function._load (node:internal/modules/cjs/loader:1215:37)\n    at TracingChannel.traceSync (node:diagnostics_channel:322:14)\n    at wrapModuleLoad (node:internal/modules/cjs/loader:235:24)\n    at Function.executeUserEntryPoint [as runMain] (node:internal/modules/run_main:151:5)\n    at node:internal/main/run_main_module:33:47 {\n  code: 'MODULE_NOT_FOUND',\n  requireStack: []\n}\n\nNode.js v24.0.0-pre\n\nC:\\workspace\\node-test-binary-windows-native-suites\\node\\benchmark\\misc\\print.js:35\n      throw new Error(`Error during node startup, exit code ${code}`);\n      ^\n\nError: Error during node startup, exit code 1\n    at ChildProcess.<anonymous> (C:\\workspace\\node-test-binary-windows-native-suites\\node\\benchmark\\misc\\print.js:35:13)\n    at ChildProcess.emit (node:events:507:28)\n    at ChildProcess._handle.onexit (node:internal/child_process:294:12)\n\nNode.js v24.0.0-pre\nnode:internal/process/promises:392\n      new UnhandledPromiseRejection(reason);\n      ^\n\nUnhandledPromiseRejection: This error originated either by throwing inside of an async function without a catch block, or by rejecting a promise which was not handled with .catch(). The promise rejected with the reason \"1\".\n    at throwUnhandledRejectionsMode (node:internal/process/promises:392:7)\n    at processPromiseRejections (node:internal/process/promises:475:17)\n    at process.processTicksAndRejections (node:internal/process/task_queues:106:32) {\n  code: 'ERR_UNHANDLED_REJECTION'\n}\n\nNode.js v24.0.0-pre\nnode:assert:128\n  throw new AssertionError(obj);\n  ^\n\nAssertionError [ERR_ASSERTION]: Expected values to be strictly equal:\n\n1 !== 0\n\n    at ChildProcess.<anonymous> (C:\\workspace\\node-test-binary-windows-native-suites\\node\\test\\common\\benchmark.js:28:12)\n    at ChildProcess.emit (node:events:507:28)\n    at ChildProcess._handle.onexit (node:internal/child_process:294:12) {\n  generatedMessage: true,\n  code: 'ERR_ASSERTION',\n  actual: 1,\n  expected: 0,\n  operator: 'strictEqual'\n}\n\nNode.js v24.0.0-pre"},"time":2299.026,"fullname":"benchmark/test-benchmark-misc","closingTestPoint":false}},{"testName":"benchmark/test-benchmark-misc","timestamp":1740484327709,"status":"REGRESSION","jobName":"node-test-binary-windows-native-suites","config":"node-test-binary-windows-native-suites » win2022-vs2022-COMPILED_BY-vs2022 #27075","buildUrl":"https://ci.nodejs.org/job/node-test-binary-windows-native-suites/nodes=win2022-vs2022-COMPILED_BY-vs2022/27075/","buildNumber":27075,"builtOn":"test-rackspace-win2022_vs2022-x64-4","nodeVersion":"24.0.0","commitHash":"207d0780b7cf41939675ac1d42bc846590615564","callStack":[{"upstreamBuild":68783,"upstreamProject":"node-test-commit-windows-fanned","upstreamUrl":"job/node-test-commit-windows-fanned/"},{"upstreamBuild":78138,"upstreamProject":"node-test-commit","upstreamUrl":"job/node-test-commit/"},{"upstreamBuild":65426,"upstreamProject":"node-test-pull-request","upstreamUrl":"job/node-test-pull-request/"},{"prId":"57196"}],"tap":{"ok":false,"name":"benchmark/test-benchmark-misc","id":197,"buffered":false,"tapError":null,"skip":false,"todo":false,"previous":null,"plan":null,"diag":{"severity":"fail","exitcode":1,"stack":"------ stdout ------\n\n------ stderr ------\nnode:internal/modules/cjs/loader:1408\n  throw err;\n  ^\n\nError: Cannot find module 'C:\\workspace\\node-test-binary-windows-native-suites\\node\\1'\n    at Function._resolveFilename (node:internal/modules/cjs/loader:1405:15)\n    at defaultResolveImpl (node:internal/modules/cjs/loader:1061:19)\n    at resolveForCJSWithHooks (node:internal/modules/cjs/loader:1066:22)\n    at Function._load (node:internal/modules/cjs/loader:1215:37)\n    at TracingChannel.traceSync (node:diagnostics_channel:322:14)\n    at wrapModuleLoad (node:internal/modules/cjs/loader:235:24)\n    at Function.executeUserEntryPoint [as runMain] (node:internal/modules/run_main:151:5)\n    at node:internal/main/run_main_module:33:47 {\n  code: 'MODULE_NOT_FOUND',\n  requireStack: []\n}\n\nNode.js v24.0.0-pre\n\nC:\\workspace\\node-test-binary-windows-native-suites\\node\\benchmark\\misc\\print.js:35\n      throw new Error(`Error during node startup, exit code ${code}`);\n      ^\n\nError: Error during node startup, exit code 1\n    at ChildProcess.<anonymous> (C:\\workspace\\node-test-binary-windows-native-suites\\node\\benchmark\\misc\\print.js:35:13)\n    at ChildProcess.emit (node:events:507:28)\n    at ChildProcess._handle.onexit (node:internal/child_process:294:12)\n\nNode.js v24.0.0-pre\nnode:internal/process/promises:392\n      new UnhandledPromiseRejection(reason);\n      ^\n\nUnhandledPromiseRejection: This error originated either by throwing inside of an async function without a catch block, or by rejecting a promise which was not handled with .catch(). The promise rejected with the reason \"1\".\n    at throwUnhandledRejectionsMode (node:internal/process/promises:392:7)\n    at processPromiseRejections (node:internal/process/promises:475:17)\n    at process.processTicksAndRejections (node:internal/process/task_queues:106:32) {\n  code: 'ERR_UNHANDLED_REJECTION'\n}\n\nNode.js v24.0.0-pre\nnode:assert:128\n  throw new AssertionError(obj);\n  ^\n\nAssertionError [ERR_ASSERTION]: Expected values to be strictly equal:\n\n1 !== 0\n\n    at ChildProcess.<anonymous> (C:\\workspace\\node-test-binary-windows-native-suites\\node\\test\\common\\benchmark.js:28:12)\n    at ChildProcess.emit (node:events:507:28)\n    at ChildProcess._handle.onexit (node:internal/child_process:294:12) {\n  generatedMessage: true,\n  code: 'ERR_ASSERTION',\n  actual: 1,\n  expected: 0,\n  operator: 'strictEqual'\n}\n\nNode.js v24.0.0-pre"},"time":2199.056,"fullname":"benchmark/test-benchmark-misc","closingTestPoint":false}},{"testName":"benchmark/test-benchmark-misc","timestamp":1740484327709,"status":"REGRESSION","jobName":"node-test-binary-windows-native-suites","config":"node-test-binary-windows-native-suites » win10-vs2019-COMPILED_BY-vs2022 #27075","buildUrl":"https://ci.nodejs.org/job/node-test-binary-windows-native-suites/nodes=win10-vs2019-COMPILED_BY-vs2022/27075/","buildNumber":27075,"builtOn":"test-azure_msft-win10_vs2019-x64-2","nodeVersion":"24.0.0","commitHash":"207d0780b7cf41939675ac1d42bc846590615564","callStack":[{"upstreamBuild":68783,"upstreamProject":"node-test-commit-windows-fanned","upstreamUrl":"job/node-test-commit-windows-fanned/"},{"upstreamBuild":78138,"upstreamProject":"node-test-commit","upstreamUrl":"job/node-test-commit/"},{"upstreamBuild":65426,"upstreamProject":"node-test-pull-request","upstreamUrl":"job/node-test-pull-request/"},{"prId":"57196"}],"tap":{"ok":false,"name":"benchmark/test-benchmark-misc","id":197,"buffered":false,"tapError":null,"skip":false,"todo":false,"previous":null,"plan":null,"diag":{"severity":"fail","exitcode":1,"stack":"------ stdout ------\n\n------ stderr ------\nnode:internal/modules/cjs/loader:1408\n  throw err;\n  ^\n\nError: Cannot find module 'c:\\workspace\\node-test-binary-windows-native-suites\\node\\1'\n    at Function._resolveFilename (node:internal/modules/cjs/loader:1405:15)\n    at defaultResolveImpl (node:internal/modules/cjs/loader:1061:19)\n    at resolveForCJSWithHooks (node:internal/modules/cjs/loader:1066:22)\n    at Function._load (node:internal/modules/cjs/loader:1215:37)\n    at TracingChannel.traceSync (node:diagnostics_channel:322:14)\n    at wrapModuleLoad (node:internal/modules/cjs/loader:235:24)\n    at Function.executeUserEntryPoint [as runMain] (node:internal/modules/run_main:151:5)\n    at node:internal/main/run_main_module:33:47 {\n  code: 'MODULE_NOT_FOUND',\n  requireStack: []\n}\n\nNode.js v24.0.0-pre\n\nc:\\workspace\\node-test-binary-windows-native-suites\\node\\benchmark\\misc\\print.js:35\n      throw new Error(`Error during node startup, exit code ${code}`);\n      ^\n\nError: Error during node startup, exit code 1\n    at ChildProcess.<anonymous> (c:\\workspace\\node-test-binary-windows-native-suites\\node\\benchmark\\misc\\print.js:35:13)\n    at ChildProcess.emit (node:events:507:28)\n    at ChildProcess._handle.onexit (node:internal/child_process:294:12)\n\nNode.js v24.0.0-pre\nnode:internal/process/promises:392\n      new UnhandledPromiseRejection(reason);\n      ^\n\nUnhandledPromiseRejection: This error originated either by throwing inside of an async function without a catch block, or by rejecting a promise which was not handled with .catch(). The promise rejected with the reason \"1\".\n    at throwUnhandledRejectionsMode (node:internal/process/promises:392:7)\n    at processPromiseRejections (node:internal/process/promises:475:17)\n    at process.processTicksAndRejections (node:internal/process/task_queues:106:32) {\n  code: 'ERR_UNHANDLED_REJECTION'\n}\n\nNode.js v24.0.0-pre\nnode:assert:128\n  throw new AssertionError(obj);\n  ^\n\nAssertionError [ERR_ASSERTION]: Expected values to be strictly equal:\n\n1 !== 0\n\n    at ChildProcess.<anonymous> (c:\\workspace\\node-test-binary-windows-native-suites\\node\\test\\common\\benchmark.js:28:12)\n    at ChildProcess.emit (node:events:507:28)\n    at ChildProcess._handle.onexit (node:internal/child_process:294:12) {\n  generatedMessage: true,\n  code: 'ERR_ASSERTION',\n  actual: 1,\n  expected: 0,\n  operator: 'strictEqual'\n}\n\nNode.js v24.0.0-pre"},"time":1291.999,"fullname":"benchmark/test-benchmark-misc","closingTestPoint":false}}]}