{"failedTests":[{"testName":"node-api/test_general/test","timestamp":1749748969247,"status":"REGRESSION","jobName":"node-test-binary-windows-native-suites","config":"node-test-binary-windows-native-suites » win10-vs2019-COMPILED_BY-vs2022_clang #28434","buildUrl":"https://ci.nodejs.org/job/node-test-binary-windows-native-suites/nodes=win10-vs2019-COMPILED_BY-vs2022_clang/28434/","buildNumber":28434,"builtOn":"test-azure_msft-win10_vs2019-x64-1","nodeVersion":"25.0.0","commitHash":"6b50c57e50ac119d03136aa572a819c0d4c3b5bc","callStack":[{"upstreamBuild":70988,"upstreamProject":"node-test-commit-windows-fanned","upstreamUrl":"job/node-test-commit-windows-fanned/"},{"upstreamBuild":80582,"upstreamProject":"node-test-commit","upstreamUrl":"job/node-test-commit/"},{"upstreamBuild":67422,"upstreamProject":"node-test-pull-request","upstreamUrl":"job/node-test-pull-request/"},{"prId":"58578"}],"tap":{"ok":false,"name":"node-api/test_general/test","id":150,"buffered":false,"tapError":null,"skip":false,"todo":false,"previous":null,"plan":null,"diag":{"severity":"fail","exitcode":1,"stack":"node:assert:92\n  throw new AssertionError(obj);\n  ^\n\nAssertionError [ERR_ASSERTION]: Expected values to be strictly equal:\n+ actual - expected\n\n+ 'c:\\\\workspace\\\\node-test-binary-windows-native-suites\\\\node\\\\test\\\\node-api\\\\test_general\\\\build\\\\Release\\\\test_general.node'\n- 'file:///c:/workspace/node-test-binary-windows-native-suites/node/test/node-api/test_general/build/Release/test_general.node'\n\n    at Object.<anonymous> (c:\\workspace\\node-test-binary-windows-native-suites\\node\\test\\node-api\\test_general\\test.js:18:10)\n    at Module._compile (node:internal/modules/cjs/loader:1733:14)\n    at Object..js (node:internal/modules/cjs/loader:1898:10)\n    at Module.load (node:internal/modules/cjs/loader:1468:32)\n    at Module._load (node:internal/modules/cjs/loader:1285:12)\n    at TracingChannel.traceSync (node:diagnostics_channel:322:14)\n    at wrapModuleLoad (node:internal/modules/cjs/loader:235:24)\n    at Module.executeUserEntryPoint [as runMain] (node:internal/modules/run_main:152:5)\n    at node:internal/main/run_main_module:33:47 {\n  generatedMessage: true,\n  code: 'ERR_ASSERTION',\n  actual: 'c:\\\\workspace\\\\node-test-binary-windows-native-suites\\\\node\\\\test\\\\node-api\\\\test_general\\\\build\\\\Release\\\\test_general.node',\n  expected: 'file:///c:/workspace/node-test-binary-windows-native-suites/node/test/node-api/test_general/build/Release/test_general.node',\n  operator: 'strictEqual'\n}\n\nNode.js v25.0.0-pre"},"time":212.99,"fullname":"node-api/test_general/test","closingTestPoint":false}},{"testName":"node-api/test_general/test","timestamp":1749748969247,"status":"REGRESSION","jobName":"node-test-binary-windows-native-suites","config":"node-test-binary-windows-native-suites » win11-vs2022-COMPILED_BY-vs2022_clang #28434","buildUrl":"https://ci.nodejs.org/job/node-test-binary-windows-native-suites/nodes=win11-vs2022-COMPILED_BY-vs2022_clang/28434/","buildNumber":28434,"builtOn":"test-azure_msft-win11_vs2022-x64-2","nodeVersion":"25.0.0","commitHash":"6b50c57e50ac119d03136aa572a819c0d4c3b5bc","callStack":[{"upstreamBuild":70988,"upstreamProject":"node-test-commit-windows-fanned","upstreamUrl":"job/node-test-commit-windows-fanned/"},{"upstreamBuild":80582,"upstreamProject":"node-test-commit","upstreamUrl":"job/node-test-commit/"},{"upstreamBuild":67422,"upstreamProject":"node-test-pull-request","upstreamUrl":"job/node-test-pull-request/"},{"prId":"58578"}],"tap":{"ok":false,"name":"node-api/test_general/test","id":150,"buffered":false,"tapError":null,"skip":false,"todo":false,"previous":null,"plan":null,"diag":{"severity":"fail","exitcode":1,"stack":"node:assert:92\n  throw new AssertionError(obj);\n  ^\n\nAssertionError [ERR_ASSERTION]: Expected values to be strictly equal:\n+ actual - expected\n\n+ 'c:\\\\workspace\\\\node-test-binary-windows-native-suites\\\\node\\\\test\\\\node-api\\\\test_general\\\\build\\\\Release\\\\test_general.node'\n- 'file:///c:/workspace/node-test-binary-windows-native-suites/node/test/node-api/test_general/build/Release/test_general.node'\n\n    at Object.<anonymous> (c:\\workspace\\node-test-binary-windows-native-suites\\node\\test\\node-api\\test_general\\test.js:18:10)\n    at Module._compile (node:internal/modules/cjs/loader:1733:14)\n    at Object..js (node:internal/modules/cjs/loader:1898:10)\n    at Module.load (node:internal/modules/cjs/loader:1468:32)\n    at Module._load (node:internal/modules/cjs/loader:1285:12)\n    at TracingChannel.traceSync (node:diagnostics_channel:322:14)\n    at wrapModuleLoad (node:internal/modules/cjs/loader:235:24)\n    at Module.executeUserEntryPoint [as runMain] (node:internal/modules/run_main:152:5)\n    at node:internal/main/run_main_module:33:47 {\n  generatedMessage: true,\n  code: 'ERR_ASSERTION',\n  actual: 'c:\\\\workspace\\\\node-test-binary-windows-native-suites\\\\node\\\\test\\\\node-api\\\\test_general\\\\build\\\\Release\\\\test_general.node',\n  expected: 'file:///c:/workspace/node-test-binary-windows-native-suites/node/test/node-api/test_general/build/Release/test_general.node',\n  operator: 'strictEqual'\n}\n\nNode.js v25.0.0-pre"},"time":202.159,"fullname":"node-api/test_general/test","closingTestPoint":false}},{"testName":"node-api/test_general/test","timestamp":1749748969247,"status":"REGRESSION","jobName":"node-test-binary-windows-native-suites","config":"node-test-binary-windows-native-suites » win2022-vs2022-COMPILED_BY-vs2022_clang #28434","buildUrl":"https://ci.nodejs.org/job/node-test-binary-windows-native-suites/nodes=win2022-vs2022-COMPILED_BY-vs2022_clang/28434/","buildNumber":28434,"builtOn":"test-rackspace-win2022_vs2022-x64-1","nodeVersion":"25.0.0","commitHash":"6b50c57e50ac119d03136aa572a819c0d4c3b5bc","callStack":[{"upstreamBuild":70988,"upstreamProject":"node-test-commit-windows-fanned","upstreamUrl":"job/node-test-commit-windows-fanned/"},{"upstreamBuild":80582,"upstreamProject":"node-test-commit","upstreamUrl":"job/node-test-commit/"},{"upstreamBuild":67422,"upstreamProject":"node-test-pull-request","upstreamUrl":"job/node-test-pull-request/"},{"prId":"58578"}],"tap":{"ok":false,"name":"node-api/test_general/test","id":150,"buffered":false,"tapError":null,"skip":false,"todo":false,"previous":null,"plan":null,"diag":{"severity":"fail","exitcode":1,"stack":"node:assert:92\n  throw new AssertionError(obj);\n  ^\n\nAssertionError [ERR_ASSERTION]: Expected values to be strictly equal:\n+ actual - expected\n\n+ 'C:\\\\workspace\\\\node-test-binary-windows-native-suites\\\\node\\\\test\\\\node-api\\\\test_general\\\\build\\\\Release\\\\test_general.node'\n- 'file:///C:/workspace/node-test-binary-windows-native-suites/node/test/node-api/test_general/build/Release/test_general.node'\n\n    at Object.<anonymous> (C:\\workspace\\node-test-binary-windows-native-suites\\node\\test\\node-api\\test_general\\test.js:18:10)\n    at Module._compile (node:internal/modules/cjs/loader:1733:14)\n    at Object..js (node:internal/modules/cjs/loader:1898:10)\n    at Module.load (node:internal/modules/cjs/loader:1468:32)\n    at Module._load (node:internal/modules/cjs/loader:1285:12)\n    at TracingChannel.traceSync (node:diagnostics_channel:322:14)\n    at wrapModuleLoad (node:internal/modules/cjs/loader:235:24)\n    at Module.executeUserEntryPoint [as runMain] (node:internal/modules/run_main:152:5)\n    at node:internal/main/run_main_module:33:47 {\n  generatedMessage: true,\n  code: 'ERR_ASSERTION',\n  actual: 'C:\\\\workspace\\\\node-test-binary-windows-native-suites\\\\node\\\\test\\\\node-api\\\\test_general\\\\build\\\\Release\\\\test_general.node',\n  expected: 'file:///C:/workspace/node-test-binary-windows-native-suites/node/test/node-api/test_general/build/Release/test_general.node',\n  operator: 'strictEqual'\n}\n\nNode.js v25.0.0-pre"},"time":284.016,"fullname":"node-api/test_general/test","closingTestPoint":false}},{"testName":"node-api/test_general/test","timestamp":1749748969247,"status":"REGRESSION","jobName":"node-test-binary-windows-native-suites","config":"node-test-binary-windows-native-suites » win11-vs2022-arm64-COMPILED_BY-vs2022_clang-arm64 #28434","buildUrl":"https://ci.nodejs.org/job/node-test-binary-windows-native-suites/nodes=win11-vs2022-arm64-COMPILED_BY-vs2022_clang-arm64/28434/","buildNumber":28434,"builtOn":"test-azure_msft-win11_vs2022-arm64-3","nodeVersion":"25.0.0","commitHash":"6b50c57e50ac119d03136aa572a819c0d4c3b5bc","callStack":[{"upstreamBuild":70988,"upstreamProject":"node-test-commit-windows-fanned","upstreamUrl":"job/node-test-commit-windows-fanned/"},{"upstreamBuild":80582,"upstreamProject":"node-test-commit","upstreamUrl":"job/node-test-commit/"},{"upstreamBuild":67422,"upstreamProject":"node-test-pull-request","upstreamUrl":"job/node-test-pull-request/"},{"prId":"58578"}],"tap":{"ok":false,"name":"node-api/test_general/test","id":150,"buffered":false,"tapError":null,"skip":false,"todo":false,"previous":null,"plan":null,"diag":{"severity":"fail","exitcode":1,"stack":"node:assert:92\n  throw new AssertionError(obj);\n  ^\n\nAssertionError [ERR_ASSERTION]: Expected values to be strictly equal:\n+ actual - expected\n\n+ 'd:\\\\workspace\\\\node-test-binary-windows-native-suites\\\\node\\\\test\\\\node-api\\\\test_general\\\\build\\\\Release\\\\test_general.node'\n- 'file:///d:/workspace/node-test-binary-windows-native-suites/node/test/node-api/test_general/build/Release/test_general.node'\n\n    at Object.<anonymous> (d:\\workspace\\node-test-binary-windows-native-suites\\node\\test\\node-api\\test_general\\test.js:18:10)\n    at Module._compile (node:internal/modules/cjs/loader:1733:14)\n    at Module._extensions..js (node:internal/modules/cjs/loader:1898:10)\n    at Module.load (node:internal/modules/cjs/loader:1468:32)\n    at Module._load (node:internal/modules/cjs/loader:1285:12)\n    at TracingChannel.traceSync (node:diagnostics_channel:322:14)\n    at wrapModuleLoad (node:internal/modules/cjs/loader:235:24)\n    at Module.executeUserEntryPoint [as runMain] (node:internal/modules/run_main:152:5)\n    at node:internal/main/run_main_module:33:47 {\n  generatedMessage: true,\n  code: 'ERR_ASSERTION',\n  actual: 'd:\\\\workspace\\\\node-test-binary-windows-native-suites\\\\node\\\\test\\\\node-api\\\\test_general\\\\build\\\\Release\\\\test_general.node',\n  expected: 'file:///d:/workspace/node-test-binary-windows-native-suites/node/test/node-api/test_general/build/Release/test_general.node',\n  operator: 'strictEqual'\n}\n\nNode.js v25.0.0-pre"},"time":270.373,"fullname":"node-api/test_general/test","closingTestPoint":false}},{"testName":"node-api/test_general/test","timestamp":1749748969247,"status":"REGRESSION","jobName":"node-test-binary-windows-native-suites","config":"node-test-binary-windows-native-suites » win2019-vs2019-COMPILED_BY-vs2022_clang #28434","buildUrl":"https://ci.nodejs.org/job/node-test-binary-windows-native-suites/nodes=win2019-vs2019-COMPILED_BY-vs2022_clang/28434/","buildNumber":28434,"builtOn":"test-rackspace-win2019_vs2019-x64-3","nodeVersion":"25.0.0","commitHash":"6b50c57e50ac119d03136aa572a819c0d4c3b5bc","callStack":[{"upstreamBuild":70988,"upstreamProject":"node-test-commit-windows-fanned","upstreamUrl":"job/node-test-commit-windows-fanned/"},{"upstreamBuild":80582,"upstreamProject":"node-test-commit","upstreamUrl":"job/node-test-commit/"},{"upstreamBuild":67422,"upstreamProject":"node-test-pull-request","upstreamUrl":"job/node-test-pull-request/"},{"prId":"58578"}],"tap":{"ok":false,"name":"node-api/test_general/test","id":150,"buffered":false,"tapError":null,"skip":false,"todo":false,"previous":null,"plan":null,"diag":{"severity":"fail","exitcode":1,"stack":"node:assert:92\n  throw new AssertionError(obj);\n  ^\n\nAssertionError [ERR_ASSERTION]: Expected values to be strictly equal:\n+ actual - expected\n\n+ 'C:\\\\workspace\\\\node-test-binary-windows-native-suites\\\\node\\\\test\\\\node-api\\\\test_general\\\\build\\\\Release\\\\test_general.node'\n- 'file:///C:/workspace/node-test-binary-windows-native-suites/node/test/node-api/test_general/build/Release/test_general.node'\n\n    at Object.<anonymous> (C:\\workspace\\node-test-binary-windows-native-suites\\node\\test\\node-api\\test_general\\test.js:18:10)\n    at Module._compile (node:internal/modules/cjs/loader:1733:14)\n    at Object..js (node:internal/modules/cjs/loader:1898:10)\n    at Module.load (node:internal/modules/cjs/loader:1468:32)\n    at Module._load (node:internal/modules/cjs/loader:1285:12)\n    at TracingChannel.traceSync (node:diagnostics_channel:322:14)\n    at wrapModuleLoad (node:internal/modules/cjs/loader:235:24)\n    at Module.executeUserEntryPoint [as runMain] (node:internal/modules/run_main:152:5)\n    at node:internal/main/run_main_module:33:47 {\n  generatedMessage: true,\n  code: 'ERR_ASSERTION',\n  actual: 'C:\\\\workspace\\\\node-test-binary-windows-native-suites\\\\node\\\\test\\\\node-api\\\\test_general\\\\build\\\\Release\\\\test_general.node',\n  expected: 'file:///C:/workspace/node-test-binary-windows-native-suites/node/test/node-api/test_general/build/Release/test_general.node',\n  operator: 'strictEqual'\n}\n\nNode.js v25.0.0-pre"},"time":299.99,"fullname":"node-api/test_general/test","closingTestPoint":false}}]}