{"failedTests":[{"testName":"benchmark/test-benchmark-async-hooks","timestamp":1756916797237,"status":"REGRESSION","jobName":"node-test-binary-windows-native-suites","config":"node-test-binary-windows-native-suites » win2022-vs2022-COMPILED_BY-vs2022_clang #29591","buildUrl":"https://ci.nodejs.org/job/node-test-binary-windows-native-suites/nodes=win2022-vs2022-COMPILED_BY-vs2022_clang/29591/","buildNumber":29591,"builtOn":"test-rackspace-win2022_vs2022-x64-1","nodeVersion":"25.0.0","commitHash":"f68150540eef881dbcd0d7314c565a6d6a277147","callStack":[{"upstreamBuild":72953,"upstreamProject":"node-test-commit-windows-fanned","upstreamUrl":"job/node-test-commit-windows-fanned/"},{"upstreamBuild":82511,"upstreamProject":"node-test-commit","upstreamUrl":"job/node-test-commit/"},{"upstreamBuild":69033,"upstreamProject":"node-test-pull-request","upstreamUrl":"job/node-test-pull-request/"},{"prId":"59747"}],"tap":{"ok":false,"name":"benchmark/test-benchmark-async-hooks","id":183,"buffered":false,"tapError":null,"skip":false,"todo":false,"previous":null,"plan":null,"diag":{"severity":"fail","exitcode":1,"stack":"(node:4840) [DEP0190] DeprecationWarning: Passing args to a child process with shell option true can lead to security vulnerabilities, as the arguments are not escaped, only concatenated.\n(Use `node --trace-deprecation ...` to show where the warning was created)\n(node:6712) [DEP0190] DeprecationWarning: Passing args to a child process with shell option true can lead to security vulnerabilities, as the arguments are not escaped, only concatenated.\n(Use `node --trace-deprecation ...` to show where the warning was created)\n(node:7344) [DEP0190] DeprecationWarning: Passing args to a child process with shell option true can lead to security vulnerabilities, as the arguments are not escaped, only concatenated.\n(Use `node --trace-deprecation ...` to show where the warning was created)\n(node:7716) [DEP0190] DeprecationWarning: Passing args to a child process with shell option true can lead to security vulnerabilities, as the arguments are not escaped, only concatenated.\n(Use `node --trace-deprecation ...` to show where the warning was created)\n(node:10796) [DEP0190] DeprecationWarning: Passing args to a child process with shell option true can lead to security vulnerabilities, as the arguments are not escaped, only concatenated.\n(Use `node --trace-deprecation ...` to show where the warning was created)\n(node:9404) [DEP0190] DeprecationWarning: Passing args to a child process with shell option true can lead to security vulnerabilities, as the arguments are not escaped, only concatenated.\n(Use `node --trace-deprecation ...` to show where the warning was created)\n(node:8460) [DEP0190] DeprecationWarning: Passing args to a child process with shell option true can lead to security vulnerabilities, as the arguments are not escaped, only concatenated.\n(Use `node --trace-deprecation ...` to show where the warning was created)\n(node:8912) [DEP0190] DeprecationWarning: Passing args to a child process with shell option true can lead to security vulnerabilities, as the arguments are not escaped, only concatenated.\n(Use `node --trace-deprecation ...` to show where the warning was created)\n(node:10368) [DEP0190] DeprecationWarning: Passing args to a child process with shell option true can lead to security vulnerabilities, as the arguments are not escaped, only concatenated.\n(Use `node --trace-deprecation ...` to show where the warning was created)\n(node:10996) [DEP0190] DeprecationWarning: Passing args to a child process with shell option true can lead to security vulnerabilities, as the arguments are not escaped, only concatenated.\n(Use `node --trace-deprecation ...` to show where the warning was created)\n(node:5736) [DEP0190] DeprecationWarning: Passing args to a child process with shell option true can lead to security vulnerabilities, as the arguments are not escaped, only concatenated.\n(Use `node --trace-deprecation ...` to show where the warning was created)\n(node:7096) [DEP0190] DeprecationWarning: Passing args to a child process with shell option true can lead to security vulnerabilities, as the arguments are not escaped, only concatenated.\n(Use `node --trace-deprecation ...` to show where the warning was created)\nnode:_http_incoming:435\n    if (this.hasListeners('end')) {\n             ^\n\nTypeError: this.hasListeners is not a function\n    at IncomingMessage._dump (node:_http_incoming:435:14)\n    at resOnFinish (node:_http_server:1017:9)\n    at ServerResponse.emit (node:events:508:28)\n    at onFinish (node:_http_outgoing:1024:10)\n    at callback (node:internal/streams/writable:764:21)\n    at afterWrite (node:internal/streams/writable:708:5)\n    at afterWriteTick (node:internal/streams/writable:694:10)\n    at process.processTicksAndRejections (node:internal/process/task_queues:89:21)\n\nNode.js v25.0.0-pre\nnode:internal/process/promises:330\n      new UnhandledPromiseRejection(reason);\n      ^\n\nUnhandledPromiseRejection: This error originated either by throwing inside of an async function without a catch block, or by rejecting a promise which was not handled with .catch(). The promise rejected with the reason \"1\".\n    at throwUnhandledRejectionsMode (node:internal/process/promises:330:7)\n    at processPromiseRejections (node:internal/process/promises:413:17)\n    at process.processTicksAndRejections (node:internal/process/task_queues:106:32) {\n  code: 'ERR_UNHANDLED_REJECTION'\n}\n\nNode.js v25.0.0-pre\nnode:assert:147\n  throw new AssertionError(obj);\n  ^\n\nAssertionError [ERR_ASSERTION]: Expected values to be strictly equal:\n\n1 !== 0\n\n    at ChildProcess.<anonymous> (C:\\workspace\\node-test-binary-windows-native-suites\\node\\test\\common\\benchmark.js:28:12)\n    at ChildProcess.emit (node:events:508:28)\n    at ChildProcess._handle.onexit (node:internal/child_process:293:12) {\n  generatedMessage: true,\n  code: 'ERR_ASSERTION',\n  actual: 1,\n  expected: 0,\n  operator: 'strictEqual',\n  diff: 'simple'\n}\n\nNode.js v25.0.0-pre"},"time":3005.044,"fullname":"benchmark/test-benchmark-async-hooks","closingTestPoint":false}},{"testName":"benchmark/test-benchmark-http","timestamp":1756916797237,"status":"REGRESSION","jobName":"node-test-binary-windows-native-suites","config":"node-test-binary-windows-native-suites » win2022-vs2022-COMPILED_BY-vs2022_clang #29591","buildUrl":"https://ci.nodejs.org/job/node-test-binary-windows-native-suites/nodes=win2022-vs2022-COMPILED_BY-vs2022_clang/29591/","buildNumber":29591,"builtOn":"test-rackspace-win2022_vs2022-x64-1","nodeVersion":"25.0.0","commitHash":"f68150540eef881dbcd0d7314c565a6d6a277147","callStack":[{"upstreamBuild":72953,"upstreamProject":"node-test-commit-windows-fanned","upstreamUrl":"job/node-test-commit-windows-fanned/"},{"upstreamBuild":82511,"upstreamProject":"node-test-commit","upstreamUrl":"job/node-test-commit/"},{"upstreamBuild":69033,"upstreamProject":"node-test-pull-request","upstreamUrl":"job/node-test-pull-request/"},{"prId":"59747"}],"tap":{"ok":false,"name":"benchmark/test-benchmark-http","id":196,"buffered":false,"tapError":null,"skip":false,"todo":false,"previous":null,"plan":null,"diag":{"severity":"fail","exitcode":1,"stack":"(node:7184) [DEP0190] DeprecationWarning: Passing args to a child process with shell option true can lead to security vulnerabilities, as the arguments are not escaped, only concatenated.\n(Use `node --trace-deprecation ...` to show where the warning was created)\n(node:9840) [DEP0190] DeprecationWarning: Passing args to a child process with shell option true can lead to security vulnerabilities, as the arguments are not escaped, only concatenated.\n(Use `node --trace-deprecation ...` to show where the warning was created)\n(node:9852) [DEP0190] DeprecationWarning: Passing args to a child process with shell option true can lead to security vulnerabilities, as the arguments are not escaped, only concatenated.\n(Use `node --trace-deprecation ...` to show where the warning was created)\n(node:9364) [DEP0190] DeprecationWarning: Passing args to a child process with shell option true can lead to security vulnerabilities, as the arguments are not escaped, only concatenated.\n(Use `node --trace-deprecation ...` to show where the warning was created)\n(node:5352) [DEP0190] DeprecationWarning: Passing args to a child process with shell option true can lead to security vulnerabilities, as the arguments are not escaped, only concatenated.\n(Use `node --trace-deprecation ...` to show where the warning was created)\n(node:6280) [DEP0190] DeprecationWarning: Passing args to a child process with shell option true can lead to security vulnerabilities, as the arguments are not escaped, only concatenated.\n(Use `node --trace-deprecation ...` to show where the warning was created)\n(node:4788) [DEP0190] DeprecationWarning: Passing args to a child process with shell option true can lead to security vulnerabilities, as the arguments are not escaped, only concatenated.\n(Use `node --trace-deprecation ...` to show where the warning was created)\nnode:_http_incoming:435\n    if (this.hasListeners('end')) {\n             ^\n\nTypeError: this.hasListeners is not a function\n    at IncomingMessage._dump (node:_http_incoming:435:14)\n    at resOnFinish (node:_http_server:1017:9)\n    at ServerResponse.emit (node:events:508:28)\n    at onFinish (node:_http_outgoing:1024:10)\n    at afterWrite (node:internal/streams/writable:708:5)\n    at afterWriteTick (node:internal/streams/writable:694:10)\n    at process.processTicksAndRejections (node:internal/process/task_queues:89:21)\n\nNode.js v25.0.0-pre\nnode:internal/process/promises:330\n      new UnhandledPromiseRejection(reason);\n      ^\n\nUnhandledPromiseRejection: This error originated either by throwing inside of an async function without a catch block, or by rejecting a promise which was not handled with .catch(). The promise rejected with the reason \"1\".\n    at throwUnhandledRejectionsMode (node:internal/process/promises:330:7)\n    at processPromiseRejections (node:internal/process/promises:413:17)\n    at process.processTicksAndRejections (node:internal/process/task_queues:106:32) {\n  code: 'ERR_UNHANDLED_REJECTION'\n}\n\nNode.js v25.0.0-pre\nnode:assert:147\n  throw new AssertionError(obj);\n  ^\n\nAssertionError [ERR_ASSERTION]: Expected values to be strictly equal:\n\n1 !== 0\n\n    at ChildProcess.<anonymous> (C:\\workspace\\node-test-binary-windows-native-suites\\node\\test\\common\\benchmark.js:28:12)\n    at ChildProcess.emit (node:events:508:28)\n    at ChildProcess._handle.onexit (node:internal/child_process:293:12) {\n  generatedMessage: true,\n  code: 'ERR_ASSERTION',\n  actual: 1,\n  expected: 0,\n  operator: 'strictEqual',\n  diff: 'simple'\n}\n\nNode.js v25.0.0-pre"},"time":2105.029,"fullname":"benchmark/test-benchmark-http","closingTestPoint":false}},{"testName":"benchmark/test-benchmark-async-hooks","timestamp":1756916797237,"status":"REGRESSION","jobName":"node-test-binary-windows-native-suites","config":"node-test-binary-windows-native-suites » win10-vs2019-COMPILED_BY-vs2022_clang #29591","buildUrl":"https://ci.nodejs.org/job/node-test-binary-windows-native-suites/nodes=win10-vs2019-COMPILED_BY-vs2022_clang/29591/","buildNumber":29591,"builtOn":"test-azure_msft-win10_vs2019-x64-1","nodeVersion":"25.0.0","commitHash":"f68150540eef881dbcd0d7314c565a6d6a277147","callStack":[{"upstreamBuild":72953,"upstreamProject":"node-test-commit-windows-fanned","upstreamUrl":"job/node-test-commit-windows-fanned/"},{"upstreamBuild":82511,"upstreamProject":"node-test-commit","upstreamUrl":"job/node-test-commit/"},{"upstreamBuild":69033,"upstreamProject":"node-test-pull-request","upstreamUrl":"job/node-test-pull-request/"},{"prId":"59747"}],"tap":{"ok":false,"name":"benchmark/test-benchmark-async-hooks","id":183,"buffered":false,"tapError":null,"skip":false,"todo":false,"previous":null,"plan":null,"diag":{"severity":"fail","exitcode":1,"stack":"(node:7284) [DEP0190] DeprecationWarning: Passing args to a child process with shell option true can lead to security vulnerabilities, as the arguments are not escaped, only concatenated.\n(Use `node --trace-deprecation ...` to show where the warning was created)\n(node:9368) [DEP0190] DeprecationWarning: Passing args to a child process with shell option true can lead to security vulnerabilities, as the arguments are not escaped, only concatenated.\n(Use `node --trace-deprecation ...` to show where the warning was created)\n(node:9244) [DEP0190] DeprecationWarning: Passing args to a child process with shell option true can lead to security vulnerabilities, as the arguments are not escaped, only concatenated.\n(Use `node --trace-deprecation ...` to show where the warning was created)\n(node:2792) [DEP0190] DeprecationWarning: Passing args to a child process with shell option true can lead to security vulnerabilities, as the arguments are not escaped, only concatenated.\n(Use `node --trace-deprecation ...` to show where the warning was created)\n(node:8412) [DEP0190] DeprecationWarning: Passing args to a child process with shell option true can lead to security vulnerabilities, as the arguments are not escaped, only concatenated.\n(Use `node --trace-deprecation ...` to show where the warning was created)\n(node:5324) [DEP0190] DeprecationWarning: Passing args to a child process with shell option true can lead to security vulnerabilities, as the arguments are not escaped, only concatenated.\n(Use `node --trace-deprecation ...` to show where the warning was created)\n(node:8628) [DEP0190] DeprecationWarning: Passing args to a child process with shell option true can lead to security vulnerabilities, as the arguments are not escaped, only concatenated.\n(Use `node --trace-deprecation ...` to show where the warning was created)\n(node:6680) [DEP0190] DeprecationWarning: Passing args to a child process with shell option true can lead to security vulnerabilities, as the arguments are not escaped, only concatenated.\n(Use `node --trace-deprecation ...` to show where the warning was created)\n(node:9024) [DEP0190] DeprecationWarning: Passing args to a child process with shell option true can lead to security vulnerabilities, as the arguments are not escaped, only concatenated.\n(Use `node --trace-deprecation ...` to show where the warning was created)\n(node:1932) [DEP0190] DeprecationWarning: Passing args to a child process with shell option true can lead to security vulnerabilities, as the arguments are not escaped, only concatenated.\n(Use `node --trace-deprecation ...` to show where the warning was created)\n(node:1108) [DEP0190] DeprecationWarning: Passing args to a child process with shell option true can lead to security vulnerabilities, as the arguments are not escaped, only concatenated.\n(Use `node --trace-deprecation ...` to show where the warning was created)\n(node:11232) [DEP0190] DeprecationWarning: Passing args to a child process with shell option true can lead to security vulnerabilities, as the arguments are not escaped, only concatenated.\n(Use `node --trace-deprecation ...` to show where the warning was created)\nnode:_http_incoming:435\n    if (this.hasListeners('end')) {\n             ^\n\nTypeError: this.hasListeners is not a function\n    at IncomingMessage._dump (node:_http_incoming:435:14)\n    at resOnFinish (node:_http_server:1017:9)\n    at ServerResponse.emit (node:events:508:28)\n    at onFinish (node:_http_outgoing:1024:10)\n    at callback (node:internal/streams/writable:764:21)\n    at afterWrite (node:internal/streams/writable:708:5)\n    at afterWriteTick (node:internal/streams/writable:694:10)\n    at process.processTicksAndRejections (node:internal/process/task_queues:89:21)\n\nNode.js v25.0.0-pre\nnode:internal/process/promises:330\n      new UnhandledPromiseRejection(reason);\n      ^\n\nUnhandledPromiseRejection: This error originated either by throwing inside of an async function without a catch block, or by rejecting a promise which was not handled with .catch(). The promise rejected with the reason \"1\".\n    at throwUnhandledRejectionsMode (node:internal/process/promises:330:7)\n    at processPromiseRejections (node:internal/process/promises:413:17)\n    at process.processTicksAndRejections (node:internal/process/task_queues:106:32) {\n  code: 'ERR_UNHANDLED_REJECTION'\n}\n\nNode.js v25.0.0-pre\nnode:assert:147\n  throw new AssertionError(obj);\n  ^\n\nAssertionError [ERR_ASSERTION]: Expected values to be strictly equal:\n\n1 !== 0\n\n    at ChildProcess.<anonymous> (c:\\workspace\\node-test-binary-windows-native-suites\\node\\test\\common\\benchmark.js:28:12)\n    at ChildProcess.emit (node:events:508:28)\n    at ChildProcess._handle.onexit (node:internal/child_process:293:12) {\n  generatedMessage: true,\n  code: 'ERR_ASSERTION',\n  actual: 1,\n  expected: 0,\n  operator: 'strictEqual',\n  diff: 'simple'\n}\n\nNode.js v25.0.0-pre"},"time":2129.088,"fullname":"benchmark/test-benchmark-async-hooks","closingTestPoint":false}},{"testName":"benchmark/test-benchmark-http","timestamp":1756916797237,"status":"REGRESSION","jobName":"node-test-binary-windows-native-suites","config":"node-test-binary-windows-native-suites » win10-vs2019-COMPILED_BY-vs2022_clang #29591","buildUrl":"https://ci.nodejs.org/job/node-test-binary-windows-native-suites/nodes=win10-vs2019-COMPILED_BY-vs2022_clang/29591/","buildNumber":29591,"builtOn":"test-azure_msft-win10_vs2019-x64-1","nodeVersion":"25.0.0","commitHash":"f68150540eef881dbcd0d7314c565a6d6a277147","callStack":[{"upstreamBuild":72953,"upstreamProject":"node-test-commit-windows-fanned","upstreamUrl":"job/node-test-commit-windows-fanned/"},{"upstreamBuild":82511,"upstreamProject":"node-test-commit","upstreamUrl":"job/node-test-commit/"},{"upstreamBuild":69033,"upstreamProject":"node-test-pull-request","upstreamUrl":"job/node-test-pull-request/"},{"prId":"59747"}],"tap":{"ok":false,"name":"benchmark/test-benchmark-http","id":196,"buffered":false,"tapError":null,"skip":false,"todo":false,"previous":null,"plan":null,"diag":{"severity":"fail","exitcode":1,"stack":"(node:9332) [DEP0190] DeprecationWarning: Passing args to a child process with shell option true can lead to security vulnerabilities, as the arguments are not escaped, only concatenated.\n(Use `node --trace-deprecation ...` to show where the warning was created)\n(node:2168) [DEP0190] DeprecationWarning: Passing args to a child process with shell option true can lead to security vulnerabilities, as the arguments are not escaped, only concatenated.\n(Use `node --trace-deprecation ...` to show where the warning was created)\n(node:10728) [DEP0190] DeprecationWarning: Passing args to a child process with shell option true can lead to security vulnerabilities, as the arguments are not escaped, only concatenated.\n(Use `node --trace-deprecation ...` to show where the warning was created)\n(node:5848) [DEP0190] DeprecationWarning: Passing args to a child process with shell option true can lead to security vulnerabilities, as the arguments are not escaped, only concatenated.\n(Use `node --trace-deprecation ...` to show where the warning was created)\n(node:11228) [DEP0190] DeprecationWarning: Passing args to a child process with shell option true can lead to security vulnerabilities, as the arguments are not escaped, only concatenated.\n(Use `node --trace-deprecation ...` to show where the warning was created)\n(node:8832) [DEP0190] DeprecationWarning: Passing args to a child process with shell option true can lead to security vulnerabilities, as the arguments are not escaped, only concatenated.\n(Use `node --trace-deprecation ...` to show where the warning was created)\n(node:5864) [DEP0190] DeprecationWarning: Passing args to a child process with shell option true can lead to security vulnerabilities, as the arguments are not escaped, only concatenated.\n(Use `node --trace-deprecation ...` to show where the warning was created)\nnode:_http_incoming:435\n    if (this.hasListeners('end')) {\n             ^\n\nTypeError: this.hasListeners is not a function\n    at IncomingMessage._dump (node:_http_incoming:435:14)\n    at resOnFinish (node:_http_server:1017:9)\n    at ServerResponse.emit (node:events:508:28)\n    at onFinish (node:_http_outgoing:1024:10)\n    at afterWrite (node:internal/streams/writable:708:5)\n    at afterWriteTick (node:internal/streams/writable:694:10)\n    at process.processTicksAndRejections (node:internal/process/task_queues:89:21)\n\nNode.js v25.0.0-pre\nnode:internal/process/promises:330\n      new UnhandledPromiseRejection(reason);\n      ^\n\nUnhandledPromiseRejection: This error originated either by throwing inside of an async function without a catch block, or by rejecting a promise which was not handled with .catch(). The promise rejected with the reason \"1\".\n    at throwUnhandledRejectionsMode (node:internal/process/promises:330:7)\n    at processPromiseRejections (node:internal/process/promises:413:17)\n    at process.processTicksAndRejections (node:internal/process/task_queues:106:32) {\n  code: 'ERR_UNHANDLED_REJECTION'\n}\n\nNode.js v25.0.0-pre\nnode:assert:147\n  throw new AssertionError(obj);\n  ^\n\nAssertionError [ERR_ASSERTION]: Expected values to be strictly equal:\n\n1 !== 0\n\n    at ChildProcess.<anonymous> (c:\\workspace\\node-test-binary-windows-native-suites\\node\\test\\common\\benchmark.js:28:12)\n    at ChildProcess.emit (node:events:508:28)\n    at ChildProcess._handle.onexit (node:internal/child_process:293:12) {\n  generatedMessage: true,\n  code: 'ERR_ASSERTION',\n  actual: 1,\n  expected: 0,\n  operator: 'strictEqual',\n  diff: 'simple'\n}\n\nNode.js v25.0.0-pre"},"time":1575.03,"fullname":"benchmark/test-benchmark-http","closingTestPoint":false}},{"testName":"benchmark/test-benchmark-async-hooks","timestamp":1756916797237,"status":"REGRESSION","jobName":"node-test-binary-windows-native-suites","config":"node-test-binary-windows-native-suites » win2019-vs2019-COMPILED_BY-vs2022_clang #29591","buildUrl":"https://ci.nodejs.org/job/node-test-binary-windows-native-suites/nodes=win2019-vs2019-COMPILED_BY-vs2022_clang/29591/","buildNumber":29591,"builtOn":"test-rackspace-win2019_vs2019-x64-2","nodeVersion":"25.0.0","commitHash":"f68150540eef881dbcd0d7314c565a6d6a277147","callStack":[{"upstreamBuild":72953,"upstreamProject":"node-test-commit-windows-fanned","upstreamUrl":"job/node-test-commit-windows-fanned/"},{"upstreamBuild":82511,"upstreamProject":"node-test-commit","upstreamUrl":"job/node-test-commit/"},{"upstreamBuild":69033,"upstreamProject":"node-test-pull-request","upstreamUrl":"job/node-test-pull-request/"},{"prId":"59747"}],"tap":{"ok":false,"name":"benchmark/test-benchmark-async-hooks","id":183,"buffered":false,"tapError":null,"skip":false,"todo":false,"previous":null,"plan":null,"diag":{"severity":"fail","exitcode":1,"stack":"(node:3688) [DEP0190] DeprecationWarning: Passing args to a child process with shell option true can lead to security vulnerabilities, as the arguments are not escaped, only concatenated.\n(Use `node --trace-deprecation ...` to show where the warning was created)\n(node:5096) [DEP0190] DeprecationWarning: Passing args to a child process with shell option true can lead to security vulnerabilities, as the arguments are not escaped, only concatenated.\n(Use `node --trace-deprecation ...` to show where the warning was created)\n(node:4164) [DEP0190] DeprecationWarning: Passing args to a child process with shell option true can lead to security vulnerabilities, as the arguments are not escaped, only concatenated.\n(Use `node --trace-deprecation ...` to show where the warning was created)\n(node:9256) [DEP0190] DeprecationWarning: Passing args to a child process with shell option true can lead to security vulnerabilities, as the arguments are not escaped, only concatenated.\n(Use `node --trace-deprecation ...` to show where the warning was created)\n(node:3692) [DEP0190] DeprecationWarning: Passing args to a child process with shell option true can lead to security vulnerabilities, as the arguments are not escaped, only concatenated.\n(Use `node --trace-deprecation ...` to show where the warning was created)\n(node:7992) [DEP0190] DeprecationWarning: Passing args to a child process with shell option true can lead to security vulnerabilities, as the arguments are not escaped, only concatenated.\n(Use `node --trace-deprecation ...` to show where the warning was created)\n(node:7952) [DEP0190] DeprecationWarning: Passing args to a child process with shell option true can lead to security vulnerabilities, as the arguments are not escaped, only concatenated.\n(Use `node --trace-deprecation ...` to show where the warning was created)\n(node:4420) [DEP0190] DeprecationWarning: Passing args to a child process with shell option true can lead to security vulnerabilities, as the arguments are not escaped, only concatenated.\n(Use `node --trace-deprecation ...` to show where the warning was created)\n(node:9784) [DEP0190] DeprecationWarning: Passing args to a child process with shell option true can lead to security vulnerabilities, as the arguments are not escaped, only concatenated.\n(Use `node --trace-deprecation ...` to show where the warning was created)\n(node:3448) [DEP0190] DeprecationWarning: Passing args to a child process with shell option true can lead to security vulnerabilities, as the arguments are not escaped, only concatenated.\n(Use `node --trace-deprecation ...` to show where the warning was created)\n(node:7196) [DEP0190] DeprecationWarning: Passing args to a child process with shell option true can lead to security vulnerabilities, as the arguments are not escaped, only concatenated.\n(Use `node --trace-deprecation ...` to show where the warning was created)\n(node:9624) [DEP0190] DeprecationWarning: Passing args to a child process with shell option true can lead to security vulnerabilities, as the arguments are not escaped, only concatenated.\n(Use `node --trace-deprecation ...` to show where the warning was created)\nnode:_http_incoming:435\n    if (this.hasListeners('end')) {\n             ^\n\nTypeError: this.hasListeners is not a function\n    at IncomingMessage._dump (node:_http_incoming:435:14)\n    at resOnFinish (node:_http_server:1017:9)\n    at ServerResponse.emit (node:events:508:28)\n    at onFinish (node:_http_outgoing:1024:10)\n    at callback (node:internal/streams/writable:764:21)\n    at afterWrite (node:internal/streams/writable:708:5)\n    at afterWriteTick (node:internal/streams/writable:694:10)\n    at process.processTicksAndRejections (node:internal/process/task_queues:89:21)\n\nNode.js v25.0.0-pre\nnode:internal/process/promises:330\n      new UnhandledPromiseRejection(reason);\n      ^\n\nUnhandledPromiseRejection: This error originated either by throwing inside of an async function without a catch block, or by rejecting a promise which was not handled with .catch(). The promise rejected with the reason \"1\".\n    at throwUnhandledRejectionsMode (node:internal/process/promises:330:7)\n    at processPromiseRejections (node:internal/process/promises:413:17)\n    at process.processTicksAndRejections (node:internal/process/task_queues:106:32) {\n  code: 'ERR_UNHANDLED_REJECTION'\n}\n\nNode.js v25.0.0-pre\nnode:assert:147\n  throw new AssertionError(obj);\n  ^\n\nAssertionError [ERR_ASSERTION]: Expected values to be strictly equal:\n\n1 !== 0\n\n    at ChildProcess.<anonymous> (C:\\workspace\\node-test-binary-windows-native-suites\\node\\test\\common\\benchmark.js:28:12)\n    at ChildProcess.emit (node:events:508:28)\n    at ChildProcess._handle.onexit (node:internal/child_process:293:12) {\n  generatedMessage: true,\n  code: 'ERR_ASSERTION',\n  actual: 1,\n  expected: 0,\n  operator: 'strictEqual',\n  diff: 'simple'\n}\n\nNode.js v25.0.0-pre"},"time":2595.372,"fullname":"benchmark/test-benchmark-async-hooks","closingTestPoint":false}},{"testName":"benchmark/test-benchmark-http","timestamp":1756916797237,"status":"REGRESSION","jobName":"node-test-binary-windows-native-suites","config":"node-test-binary-windows-native-suites » win2019-vs2019-COMPILED_BY-vs2022_clang #29591","buildUrl":"https://ci.nodejs.org/job/node-test-binary-windows-native-suites/nodes=win2019-vs2019-COMPILED_BY-vs2022_clang/29591/","buildNumber":29591,"builtOn":"test-rackspace-win2019_vs2019-x64-2","nodeVersion":"25.0.0","commitHash":"f68150540eef881dbcd0d7314c565a6d6a277147","callStack":[{"upstreamBuild":72953,"upstreamProject":"node-test-commit-windows-fanned","upstreamUrl":"job/node-test-commit-windows-fanned/"},{"upstreamBuild":82511,"upstreamProject":"node-test-commit","upstreamUrl":"job/node-test-commit/"},{"upstreamBuild":69033,"upstreamProject":"node-test-pull-request","upstreamUrl":"job/node-test-pull-request/"},{"prId":"59747"}],"tap":{"ok":false,"name":"benchmark/test-benchmark-http","id":196,"buffered":false,"tapError":null,"skip":false,"todo":false,"previous":null,"plan":null,"diag":{"severity":"fail","exitcode":1,"stack":"(node:8624) [DEP0190] DeprecationWarning: Passing args to a child process with shell option true can lead to security vulnerabilities, as the arguments are not escaped, only concatenated.\n(Use `node --trace-deprecation ...` to show where the warning was created)\n(node:3052) [DEP0190] DeprecationWarning: Passing args to a child process with shell option true can lead to security vulnerabilities, as the arguments are not escaped, only concatenated.\n(Use `node --trace-deprecation ...` to show where the warning was created)\n(node:8116) [DEP0190] DeprecationWarning: Passing args to a child process with shell option true can lead to security vulnerabilities, as the arguments are not escaped, only concatenated.\n(Use `node --trace-deprecation ...` to show where the warning was created)\n(node:7988) [DEP0190] DeprecationWarning: Passing args to a child process with shell option true can lead to security vulnerabilities, as the arguments are not escaped, only concatenated.\n(Use `node --trace-deprecation ...` to show where the warning was created)\n(node:8936) [DEP0190] DeprecationWarning: Passing args to a child process with shell option true can lead to security vulnerabilities, as the arguments are not escaped, only concatenated.\n(Use `node --trace-deprecation ...` to show where the warning was created)\n(node:2604) [DEP0190] DeprecationWarning: Passing args to a child process with shell option true can lead to security vulnerabilities, as the arguments are not escaped, only concatenated.\n(Use `node --trace-deprecation ...` to show where the warning was created)\n(node:2408) [DEP0190] DeprecationWarning: Passing args to a child process with shell option true can lead to security vulnerabilities, as the arguments are not escaped, only concatenated.\n(Use `node --trace-deprecation ...` to show where the warning was created)\nnode:_http_incoming:435\n    if (this.hasListeners('end')) {\n             ^\n\nTypeError: this.hasListeners is not a function\n    at IncomingMessage._dump (node:_http_incoming:435:14)\n    at resOnFinish (node:_http_server:1017:9)\n    at ServerResponse.emit (node:events:508:28)\n    at onFinish (node:_http_outgoing:1024:10)\n    at afterWrite (node:internal/streams/writable:708:5)\n    at afterWriteTick (node:internal/streams/writable:694:10)\n    at process.processTicksAndRejections (node:internal/process/task_queues:89:21)\n\nNode.js v25.0.0-pre\nnode:internal/process/promises:330\n      new UnhandledPromiseRejection(reason);\n      ^\n\nUnhandledPromiseRejection: This error originated either by throwing inside of an async function without a catch block, or by rejecting a promise which was not handled with .catch(). The promise rejected with the reason \"1\".\n    at throwUnhandledRejectionsMode (node:internal/process/promises:330:7)\n    at processPromiseRejections (node:internal/process/promises:413:17)\n    at process.processTicksAndRejections (node:internal/process/task_queues:106:32) {\n  code: 'ERR_UNHANDLED_REJECTION'\n}\n\nNode.js v25.0.0-pre\nnode:assert:147\n  throw new AssertionError(obj);\n  ^\n\nAssertionError [ERR_ASSERTION]: Expected values to be strictly equal:\n\n1 !== 0\n\n    at ChildProcess.<anonymous> (C:\\workspace\\node-test-binary-windows-native-suites\\node\\test\\common\\benchmark.js:28:12)\n    at ChildProcess.emit (node:events:508:28)\n    at ChildProcess._handle.onexit (node:internal/child_process:293:12) {\n  generatedMessage: true,\n  code: 'ERR_ASSERTION',\n  actual: 1,\n  expected: 0,\n  operator: 'strictEqual',\n  diff: 'simple'\n}\n\nNode.js v25.0.0-pre"},"time":1898.005,"fullname":"benchmark/test-benchmark-http","closingTestPoint":false}},{"testName":"benchmark/test-benchmark-async-hooks","timestamp":1756916797237,"status":"REGRESSION","jobName":"node-test-binary-windows-native-suites","config":"node-test-binary-windows-native-suites » win11-vs2022-arm64-COMPILED_BY-vs2022_clang-arm64 #29591","buildUrl":"https://ci.nodejs.org/job/node-test-binary-windows-native-suites/nodes=win11-vs2022-arm64-COMPILED_BY-vs2022_clang-arm64/29591/","buildNumber":29591,"builtOn":"test-azure_msft-win11_vs2022-arm64-3","nodeVersion":"25.0.0","commitHash":"f68150540eef881dbcd0d7314c565a6d6a277147","callStack":[{"upstreamBuild":72953,"upstreamProject":"node-test-commit-windows-fanned","upstreamUrl":"job/node-test-commit-windows-fanned/"},{"upstreamBuild":82511,"upstreamProject":"node-test-commit","upstreamUrl":"job/node-test-commit/"},{"upstreamBuild":69033,"upstreamProject":"node-test-pull-request","upstreamUrl":"job/node-test-pull-request/"},{"prId":"59747"}],"tap":{"ok":false,"name":"benchmark/test-benchmark-async-hooks","id":183,"buffered":false,"tapError":null,"skip":false,"todo":false,"previous":null,"plan":null,"diag":{"severity":"fail","exitcode":1,"stack":"(node:17096) [DEP0190] DeprecationWarning: Passing args to a child process with shell option true can lead to security vulnerabilities, as the arguments are not escaped, only concatenated.\n(Use `node --trace-deprecation ...` to show where the warning was created)\n(node:7624) [DEP0190] DeprecationWarning: Passing args to a child process with shell option true can lead to security vulnerabilities, as the arguments are not escaped, only concatenated.\n(Use `node --trace-deprecation ...` to show where the warning was created)\n(node:9168) [DEP0190] DeprecationWarning: Passing args to a child process with shell option true can lead to security vulnerabilities, as the arguments are not escaped, only concatenated.\n(Use `node --trace-deprecation ...` to show where the warning was created)\n(node:17812) [DEP0190] DeprecationWarning: Passing args to a child process with shell option true can lead to security vulnerabilities, as the arguments are not escaped, only concatenated.\n(Use `node --trace-deprecation ...` to show where the warning was created)\n(node:10604) [DEP0190] DeprecationWarning: Passing args to a child process with shell option true can lead to security vulnerabilities, as the arguments are not escaped, only concatenated.\n(Use `node --trace-deprecation ...` to show where the warning was created)\n(node:18724) [DEP0190] DeprecationWarning: Passing args to a child process with shell option true can lead to security vulnerabilities, as the arguments are not escaped, only concatenated.\n(Use `node --trace-deprecation ...` to show where the warning was created)\n(node:9328) [DEP0190] DeprecationWarning: Passing args to a child process with shell option true can lead to security vulnerabilities, as the arguments are not escaped, only concatenated.\n(Use `node --trace-deprecation ...` to show where the warning was created)\n(node:9712) [DEP0190] DeprecationWarning: Passing args to a child process with shell option true can lead to security vulnerabilities, as the arguments are not escaped, only concatenated.\n(Use `node --trace-deprecation ...` to show where the warning was created)\n(node:13404) [DEP0190] DeprecationWarning: Passing args to a child process with shell option true can lead to security vulnerabilities, as the arguments are not escaped, only concatenated.\n(Use `node --trace-deprecation ...` to show where the warning was created)\n(node:18484) [DEP0190] DeprecationWarning: Passing args to a child process with shell option true can lead to security vulnerabilities, as the arguments are not escaped, only concatenated.\n(Use `node --trace-deprecation ...` to show where the warning was created)\n(node:10048) [DEP0190] DeprecationWarning: Passing args to a child process with shell option true can lead to security vulnerabilities, as the arguments are not escaped, only concatenated.\n(Use `node --trace-deprecation ...` to show where the warning was created)\n(node:9204) [DEP0190] DeprecationWarning: Passing args to a child process with shell option true can lead to security vulnerabilities, as the arguments are not escaped, only concatenated.\n(Use `node --trace-deprecation ...` to show where the warning was created)\nnode:_http_incoming:435\n    if (this.hasListeners('end')) {\n             ^\n\nTypeError: this.hasListeners is not a function\n    at IncomingMessage._dump (node:_http_incoming:435:14)\n    at resOnFinish (node:_http_server:1017:9)\n    at ServerResponse.emit (node:events:508:28)\n    at onFinish (node:_http_outgoing:1024:10)\n    at callback (node:internal/streams/writable:764:21)\n    at afterWrite (node:internal/streams/writable:708:5)\n    at afterWriteTick (node:internal/streams/writable:694:10)\n    at process.processTicksAndRejections (node:internal/process/task_queues:89:21)\n\nNode.js v25.0.0-pre\nnode:internal/process/promises:330\n      new UnhandledPromiseRejection(reason);\n      ^\n\nUnhandledPromiseRejection: This error originated either by throwing inside of an async function without a catch block, or by rejecting a promise which was not handled with .catch(). The promise rejected with the reason \"1\".\n    at throwUnhandledRejectionsMode (node:internal/process/promises:330:7)\n    at processPromiseRejections (node:internal/process/promises:413:17)\n    at process.processTicksAndRejections (node:internal/process/task_queues:106:32) {\n  code: 'ERR_UNHANDLED_REJECTION'\n}\n\nNode.js v25.0.0-pre\nnode:assert:147\n  throw new AssertionError(obj);\n  ^\n\nAssertionError [ERR_ASSERTION]: Expected values to be strictly equal:\n\n1 !== 0\n\n    at ChildProcess.<anonymous> (d:\\workspace\\node-test-binary-windows-native-suites\\node\\test\\common\\benchmark.js:28:12)\n    at ChildProcess.emit (node:events:508:28)\n    at ChildProcess._handle.onexit (node:internal/child_process:293:12) {\n  generatedMessage: true,\n  code: 'ERR_ASSERTION',\n  actual: 1,\n  expected: 0,\n  operator: 'strictEqual',\n  diff: 'simple'\n}\n\nNode.js v25.0.0-pre"},"time":2835.875,"fullname":"benchmark/test-benchmark-async-hooks","closingTestPoint":false}},{"testName":"benchmark/test-benchmark-http","timestamp":1756916797237,"status":"REGRESSION","jobName":"node-test-binary-windows-native-suites","config":"node-test-binary-windows-native-suites » win11-vs2022-arm64-COMPILED_BY-vs2022_clang-arm64 #29591","buildUrl":"https://ci.nodejs.org/job/node-test-binary-windows-native-suites/nodes=win11-vs2022-arm64-COMPILED_BY-vs2022_clang-arm64/29591/","buildNumber":29591,"builtOn":"test-azure_msft-win11_vs2022-arm64-3","nodeVersion":"25.0.0","commitHash":"f68150540eef881dbcd0d7314c565a6d6a277147","callStack":[{"upstreamBuild":72953,"upstreamProject":"node-test-commit-windows-fanned","upstreamUrl":"job/node-test-commit-windows-fanned/"},{"upstreamBuild":82511,"upstreamProject":"node-test-commit","upstreamUrl":"job/node-test-commit/"},{"upstreamBuild":69033,"upstreamProject":"node-test-pull-request","upstreamUrl":"job/node-test-pull-request/"},{"prId":"59747"}],"tap":{"ok":false,"name":"benchmark/test-benchmark-http","id":196,"buffered":false,"tapError":null,"skip":false,"todo":false,"previous":null,"plan":null,"diag":{"severity":"fail","exitcode":1,"stack":"(node:8920) [DEP0190] DeprecationWarning: Passing args to a child process with shell option true can lead to security vulnerabilities, as the arguments are not escaped, only concatenated.\n(Use `node --trace-deprecation ...` to show where the warning was created)\n(node:11596) [DEP0190] DeprecationWarning: Passing args to a child process with shell option true can lead to security vulnerabilities, as the arguments are not escaped, only concatenated.\n(Use `node --trace-deprecation ...` to show where the warning was created)\n(node:20048) [DEP0190] DeprecationWarning: Passing args to a child process with shell option true can lead to security vulnerabilities, as the arguments are not escaped, only concatenated.\n(Use `node --trace-deprecation ...` to show where the warning was created)\n(node:16328) [DEP0190] DeprecationWarning: Passing args to a child process with shell option true can lead to security vulnerabilities, as the arguments are not escaped, only concatenated.\n(Use `node --trace-deprecation ...` to show where the warning was created)\n(node:10444) [DEP0190] DeprecationWarning: Passing args to a child process with shell option true can lead to security vulnerabilities, as the arguments are not escaped, only concatenated.\n(Use `node --trace-deprecation ...` to show where the warning was created)\n(node:5980) [DEP0190] DeprecationWarning: Passing args to a child process with shell option true can lead to security vulnerabilities, as the arguments are not escaped, only concatenated.\n(Use `node --trace-deprecation ...` to show where the warning was created)\n(node:13436) [DEP0190] DeprecationWarning: Passing args to a child process with shell option true can lead to security vulnerabilities, as the arguments are not escaped, only concatenated.\n(Use `node --trace-deprecation ...` to show where the warning was created)\nnode:_http_incoming:435\n    if (this.hasListeners('end')) {\n             ^\n\nTypeError: this.hasListeners is not a function\n    at IncomingMessage._dump (node:_http_incoming:435:14)\n    at resOnFinish (node:_http_server:1017:9)\n    at ServerResponse.emit (node:events:508:28)\n    at onFinish (node:_http_outgoing:1024:10)\n    at afterWrite (node:internal/streams/writable:708:5)\n    at afterWriteTick (node:internal/streams/writable:694:10)\n    at process.processTicksAndRejections (node:internal/process/task_queues:89:21)\n\nNode.js v25.0.0-pre\nnode:internal/process/promises:330\n      new UnhandledPromiseRejection(reason);\n      ^\n\nUnhandledPromiseRejection: This error originated either by throwing inside of an async function without a catch block, or by rejecting a promise which was not handled with .catch(). The promise rejected with the reason \"1\".\n    at throwUnhandledRejectionsMode (node:internal/process/promises:330:7)\n    at processPromiseRejections (node:internal/process/promises:413:17)\n    at process.processTicksAndRejections (node:internal/process/task_queues:106:32) {\n  code: 'ERR_UNHANDLED_REJECTION'\n}\n\nNode.js v25.0.0-pre\nnode:assert:147\n  throw new AssertionError(obj);\n  ^\n\nAssertionError [ERR_ASSERTION]: Expected values to be strictly equal:\n\n1 !== 0\n\n    at ChildProcess.<anonymous> (d:\\workspace\\node-test-binary-windows-native-suites\\node\\test\\common\\benchmark.js:28:12)\n    at ChildProcess.emit (node:events:508:28)\n    at ChildProcess._handle.onexit (node:internal/child_process:293:12) {\n  generatedMessage: true,\n  code: 'ERR_ASSERTION',\n  actual: 1,\n  expected: 0,\n  operator: 'strictEqual',\n  diff: 'simple'\n}\n\nNode.js v25.0.0-pre"},"time":2112.59,"fullname":"benchmark/test-benchmark-http","closingTestPoint":false}},{"testName":"benchmark/test-benchmark-async-hooks","timestamp":1756916797237,"status":"REGRESSION","jobName":"node-test-binary-windows-native-suites","config":"node-test-binary-windows-native-suites » win11-vs2022-COMPILED_BY-vs2022_clang #29591","buildUrl":"https://ci.nodejs.org/job/node-test-binary-windows-native-suites/nodes=win11-vs2022-COMPILED_BY-vs2022_clang/29591/","buildNumber":29591,"builtOn":"test-azure_msft-win11_vs2022-x64-2","nodeVersion":"25.0.0","commitHash":"f68150540eef881dbcd0d7314c565a6d6a277147","callStack":[{"upstreamBuild":72953,"upstreamProject":"node-test-commit-windows-fanned","upstreamUrl":"job/node-test-commit-windows-fanned/"},{"upstreamBuild":82511,"upstreamProject":"node-test-commit","upstreamUrl":"job/node-test-commit/"},{"upstreamBuild":69033,"upstreamProject":"node-test-pull-request","upstreamUrl":"job/node-test-pull-request/"},{"prId":"59747"}],"tap":{"ok":false,"name":"benchmark/test-benchmark-async-hooks","id":183,"buffered":false,"tapError":null,"skip":false,"todo":false,"previous":null,"plan":null,"diag":{"severity":"fail","exitcode":1,"stack":"(node:11000) [DEP0190] DeprecationWarning: Passing args to a child process with shell option true can lead to security vulnerabilities, as the arguments are not escaped, only concatenated.\n(Use `node --trace-deprecation ...` to show where the warning was created)\n(node:6812) [DEP0190] DeprecationWarning: Passing args to a child process with shell option true can lead to security vulnerabilities, as the arguments are not escaped, only concatenated.\n(Use `node --trace-deprecation ...` to show where the warning was created)\n(node:5668) [DEP0190] DeprecationWarning: Passing args to a child process with shell option true can lead to security vulnerabilities, as the arguments are not escaped, only concatenated.\n(Use `node --trace-deprecation ...` to show where the warning was created)\n(node:6604) [DEP0190] DeprecationWarning: Passing args to a child process with shell option true can lead to security vulnerabilities, as the arguments are not escaped, only concatenated.\n(Use `node --trace-deprecation ...` to show where the warning was created)\n(node:6216) [DEP0190] DeprecationWarning: Passing args to a child process with shell option true can lead to security vulnerabilities, as the arguments are not escaped, only concatenated.\n(Use `node --trace-deprecation ...` to show where the warning was created)\n(node:1712) [DEP0190] DeprecationWarning: Passing args to a child process with shell option true can lead to security vulnerabilities, as the arguments are not escaped, only concatenated.\n(Use `node --trace-deprecation ...` to show where the warning was created)\n(node:9384) [DEP0190] DeprecationWarning: Passing args to a child process with shell option true can lead to security vulnerabilities, as the arguments are not escaped, only concatenated.\n(Use `node --trace-deprecation ...` to show where the warning was created)\n(node:7244) [DEP0190] DeprecationWarning: Passing args to a child process with shell option true can lead to security vulnerabilities, as the arguments are not escaped, only concatenated.\n(Use `node --trace-deprecation ...` to show where the warning was created)\n(node:4876) [DEP0190] DeprecationWarning: Passing args to a child process with shell option true can lead to security vulnerabilities, as the arguments are not escaped, only concatenated.\n(Use `node --trace-deprecation ...` to show where the warning was created)\n(node:6232) [DEP0190] DeprecationWarning: Passing args to a child process with shell option true can lead to security vulnerabilities, as the arguments are not escaped, only concatenated.\n(Use `node --trace-deprecation ...` to show where the warning was created)\n(node:7736) [DEP0190] DeprecationWarning: Passing args to a child process with shell option true can lead to security vulnerabilities, as the arguments are not escaped, only concatenated.\n(Use `node --trace-deprecation ...` to show where the warning was created)\n(node:8460) [DEP0190] DeprecationWarning: Passing args to a child process with shell option true can lead to security vulnerabilities, as the arguments are not escaped, only concatenated.\n(Use `node --trace-deprecation ...` to show where the warning was created)\nnode:_http_incoming:435\n    if (this.hasListeners('end')) {\n             ^\n\nTypeError: this.hasListeners is not a function\n    at IncomingMessage._dump (node:_http_incoming:435:14)\n    at resOnFinish (node:_http_server:1017:9)\n    at ServerResponse.emit (node:events:508:28)\n    at onFinish (node:_http_outgoing:1024:10)\n    at callback (node:internal/streams/writable:764:21)\n    at afterWrite (node:internal/streams/writable:708:5)\n    at afterWriteTick (node:internal/streams/writable:694:10)\n    at process.processTicksAndRejections (node:internal/process/task_queues:89:21)\n\nNode.js v25.0.0-pre\nnode:internal/process/promises:330\n      new UnhandledPromiseRejection(reason);\n      ^\n\nUnhandledPromiseRejection: This error originated either by throwing inside of an async function without a catch block, or by rejecting a promise which was not handled with .catch(). The promise rejected with the reason \"1\".\n    at throwUnhandledRejectionsMode (node:internal/process/promises:330:7)\n    at processPromiseRejections (node:internal/process/promises:413:17)\n    at process.processTicksAndRejections (node:internal/process/task_queues:106:32) {\n  code: 'ERR_UNHANDLED_REJECTION'\n}\n\nNode.js v25.0.0-pre\nnode:assert:147\n  throw new AssertionError(obj);\n  ^\n\nAssertionError [ERR_ASSERTION]: Expected values to be strictly equal:\n\n1 !== 0\n\n    at ChildProcess.<anonymous> (c:\\workspace\\node-test-binary-windows-native-suites\\node\\test\\common\\benchmark.js:28:12)\n    at ChildProcess.emit (node:events:508:28)\n    at ChildProcess._handle.onexit (node:internal/child_process:293:12) {\n  generatedMessage: true,\n  code: 'ERR_ASSERTION',\n  actual: 1,\n  expected: 0,\n  operator: 'strictEqual',\n  diff: 'simple'\n}\n\nNode.js v25.0.0-pre"},"time":1750.024,"fullname":"benchmark/test-benchmark-async-hooks","closingTestPoint":false}},{"testName":"benchmark/test-benchmark-http","timestamp":1756916797237,"status":"REGRESSION","jobName":"node-test-binary-windows-native-suites","config":"node-test-binary-windows-native-suites » win11-vs2022-COMPILED_BY-vs2022_clang #29591","buildUrl":"https://ci.nodejs.org/job/node-test-binary-windows-native-suites/nodes=win11-vs2022-COMPILED_BY-vs2022_clang/29591/","buildNumber":29591,"builtOn":"test-azure_msft-win11_vs2022-x64-2","nodeVersion":"25.0.0","commitHash":"f68150540eef881dbcd0d7314c565a6d6a277147","callStack":[{"upstreamBuild":72953,"upstreamProject":"node-test-commit-windows-fanned","upstreamUrl":"job/node-test-commit-windows-fanned/"},{"upstreamBuild":82511,"upstreamProject":"node-test-commit","upstreamUrl":"job/node-test-commit/"},{"upstreamBuild":69033,"upstreamProject":"node-test-pull-request","upstreamUrl":"job/node-test-pull-request/"},{"prId":"59747"}],"tap":{"ok":false,"name":"benchmark/test-benchmark-http","id":196,"buffered":false,"tapError":null,"skip":false,"todo":false,"previous":null,"plan":null,"diag":{"severity":"fail","exitcode":1,"stack":"(node:3888) [DEP0190] DeprecationWarning: Passing args to a child process with shell option true can lead to security vulnerabilities, as the arguments are not escaped, only concatenated.\n(Use `node --trace-deprecation ...` to show where the warning was created)\n(node:6500) [DEP0190] DeprecationWarning: Passing args to a child process with shell option true can lead to security vulnerabilities, as the arguments are not escaped, only concatenated.\n(Use `node --trace-deprecation ...` to show where the warning was created)\n(node:8600) [DEP0190] DeprecationWarning: Passing args to a child process with shell option true can lead to security vulnerabilities, as the arguments are not escaped, only concatenated.\n(Use `node --trace-deprecation ...` to show where the warning was created)\n(node:924) [DEP0190] DeprecationWarning: Passing args to a child process with shell option true can lead to security vulnerabilities, as the arguments are not escaped, only concatenated.\n(Use `node --trace-deprecation ...` to show where the warning was created)\n(node:8520) [DEP0190] DeprecationWarning: Passing args to a child process with shell option true can lead to security vulnerabilities, as the arguments are not escaped, only concatenated.\n(Use `node --trace-deprecation ...` to show where the warning was created)\n(node:9632) [DEP0190] DeprecationWarning: Passing args to a child process with shell option true can lead to security vulnerabilities, as the arguments are not escaped, only concatenated.\n(Use `node --trace-deprecation ...` to show where the warning was created)\n(node:7792) [DEP0190] DeprecationWarning: Passing args to a child process with shell option true can lead to security vulnerabilities, as the arguments are not escaped, only concatenated.\n(Use `node --trace-deprecation ...` to show where the warning was created)\nnode:_http_incoming:435\n    if (this.hasListeners('end')) {\n             ^\n\nTypeError: this.hasListeners is not a function\n    at IncomingMessage._dump (node:_http_incoming:435:14)\n    at resOnFinish (node:_http_server:1017:9)\n    at ServerResponse.emit (node:events:508:28)\n    at onFinish (node:_http_outgoing:1024:10)\n    at afterWrite (node:internal/streams/writable:708:5)\n    at afterWriteTick (node:internal/streams/writable:694:10)\n    at process.processTicksAndRejections (node:internal/process/task_queues:89:21)\n\nNode.js v25.0.0-pre\nnode:internal/process/promises:330\n      new UnhandledPromiseRejection(reason);\n      ^\n\nUnhandledPromiseRejection: This error originated either by throwing inside of an async function without a catch block, or by rejecting a promise which was not handled with .catch(). The promise rejected with the reason \"1\".\n    at throwUnhandledRejectionsMode (node:internal/process/promises:330:7)\n    at processPromiseRejections (node:internal/process/promises:413:17)\n    at process.processTicksAndRejections (node:internal/process/task_queues:106:32) {\n  code: 'ERR_UNHANDLED_REJECTION'\n}\n\nNode.js v25.0.0-pre\nnode:assert:147\n  throw new AssertionError(obj);\n  ^\n\nAssertionError [ERR_ASSERTION]: Expected values to be strictly equal:\n\n1 !== 0\n\n    at ChildProcess.<anonymous> (c:\\workspace\\node-test-binary-windows-native-suites\\node\\test\\common\\benchmark.js:28:12)\n    at ChildProcess.emit (node:events:508:28)\n    at ChildProcess._handle.onexit (node:internal/child_process:293:12) {\n  generatedMessage: true,\n  code: 'ERR_ASSERTION',\n  actual: 1,\n  expected: 0,\n  operator: 'strictEqual',\n  diff: 'simple'\n}\n\nNode.js v25.0.0-pre"},"time":1248.018,"fullname":"benchmark/test-benchmark-http","closingTestPoint":false}}]}