{"failedTests":[{"testName":"doctool/test-stability-block-position","timestamp":1771103823324,"status":"FAILED","jobName":"node-test-binary-windows-native-suites","config":"node-test-binary-windows-native-suites » win11-vs2022-arm64-COMPILED_BY-vs2022_clang-arm64 #31431","buildUrl":"https://ci.nodejs.org/job/node-test-binary-windows-native-suites/nodes=win11-vs2022-arm64-COMPILED_BY-vs2022_clang-arm64/31431/","buildNumber":31431,"builtOn":"test-azure_msft-win11_vs2022-arm64-4","nodeVersion":"25.0.0","commitHash":"91a80788bf61c0eb6049f15e48de74fdb0ada489","callStack":[{"upstreamBuild":75154,"upstreamProject":"node-test-commit-windows-fanned","upstreamUrl":"job/node-test-commit-windows-fanned/"},{"upstreamBuild":85466,"upstreamProject":"node-test-commit","upstreamUrl":"job/node-test-commit/"},{"upstreamBuild":71343,"upstreamProject":"node-test-pull-request","upstreamUrl":"job/node-test-pull-request/"},{"prId":"58590"}],"tap":{"ok":false,"name":"doctool/test-stability-block-position","id":20,"buffered":false,"tapError":null,"skip":false,"todo":false,"previous":null,"plan":null,"diag":{"severity":"fail","exitcode":1,"stack":"node:internal/modules/run_main:107\n    triggerUncaughtException(\n    ^\n\nAssertionError [ERR_ASSERTION]: Stability block must be the first content element under heading\n    at file:///d:/workspace/node-test-binary-windows-native-suites/node/doc/api/environment_variables.md:23:1\n    at file:///d:/workspace/node-test-binary-windows-native-suites/node/test/doctool/test-stability-block-position.mjs:41:7\n    at ModuleJob.run (node:internal/modules/esm/module_job:430:25)\n    at async onImport.tracePromise.__proto__ (node:internal/modules/esm/loader:656:26)\n    at async asyncRunEntryPointWithESMLoader (node:internal/modules/run_main:101:5) {\n  generatedMessage: false,\n  code: 'ERR_ASSERTION',\n  actual: false,\n  expected: true,\n  operator: '==',\n  diff: 'simple'\n}\n\nNode.js v26.0.0-pre"},"time":3763.997,"fullname":"doctool/test-stability-block-position","closingTestPoint":false}},{"testName":"doctool/test-stability-block-position","timestamp":1771103823324,"status":"FAILED","jobName":"node-test-binary-windows-native-suites","config":"node-test-binary-windows-native-suites » win2019-vs2019-COMPILED_BY-vs2022_clang #31431","buildUrl":"https://ci.nodejs.org/job/node-test-binary-windows-native-suites/nodes=win2019-vs2019-COMPILED_BY-vs2022_clang/31431/","buildNumber":31431,"builtOn":"test-rackspace-win2019_vs2019-x64-2","nodeVersion":"25.0.0","commitHash":"91a80788bf61c0eb6049f15e48de74fdb0ada489","callStack":[{"upstreamBuild":75154,"upstreamProject":"node-test-commit-windows-fanned","upstreamUrl":"job/node-test-commit-windows-fanned/"},{"upstreamBuild":85466,"upstreamProject":"node-test-commit","upstreamUrl":"job/node-test-commit/"},{"upstreamBuild":71343,"upstreamProject":"node-test-pull-request","upstreamUrl":"job/node-test-pull-request/"},{"prId":"58590"}],"tap":{"ok":false,"name":"doctool/test-stability-block-position","id":21,"buffered":false,"tapError":null,"skip":false,"todo":false,"previous":null,"plan":null,"diag":{"severity":"fail","exitcode":1,"stack":"node:internal/modules/run_main:107\n    triggerUncaughtException(\n    ^\n\nAssertionError [ERR_ASSERTION]: Stability block must be the first content element under heading\n    at file:///C:/workspace/node-test-binary-windows-native-suites/node/doc/api/environment_variables.md:23:1\n    at file:///C:/workspace/node-test-binary-windows-native-suites/node/test/doctool/test-stability-block-position.mjs:41:7\n    at ModuleJob.run (node:internal/modules/esm/module_job:430:25)\n    at async onImport.tracePromise.__proto__ (node:internal/modules/esm/loader:656:26)\n    at async asyncRunEntryPointWithESMLoader (node:internal/modules/run_main:101:5) {\n  generatedMessage: false,\n  code: 'ERR_ASSERTION',\n  actual: false,\n  expected: true,\n  operator: '==',\n  diff: 'simple'\n}\n\nNode.js v26.0.0-pre"},"time":7038.065,"fullname":"doctool/test-stability-block-position","closingTestPoint":false}},{"testName":"doctool/test-stability-block-position","timestamp":1771103823324,"status":"FAILED","jobName":"node-test-binary-windows-native-suites","config":"node-test-binary-windows-native-suites » win10-vs2019-COMPILED_BY-vs2022_clang #31431","buildUrl":"https://ci.nodejs.org/job/node-test-binary-windows-native-suites/nodes=win10-vs2019-COMPILED_BY-vs2022_clang/31431/","buildNumber":31431,"builtOn":"test-azure_msft-win10_vs2019-x64-1","nodeVersion":"25.0.0","commitHash":"91a80788bf61c0eb6049f15e48de74fdb0ada489","callStack":[{"upstreamBuild":75154,"upstreamProject":"node-test-commit-windows-fanned","upstreamUrl":"job/node-test-commit-windows-fanned/"},{"upstreamBuild":85466,"upstreamProject":"node-test-commit","upstreamUrl":"job/node-test-commit/"},{"upstreamBuild":71343,"upstreamProject":"node-test-pull-request","upstreamUrl":"job/node-test-pull-request/"},{"prId":"58590"}],"tap":{"ok":false,"name":"doctool/test-stability-block-position","id":20,"buffered":false,"tapError":null,"skip":false,"todo":false,"previous":null,"plan":null,"diag":{"severity":"fail","exitcode":1,"stack":"node:internal/modules/run_main:107\n    triggerUncaughtException(\n    ^\n\nAssertionError [ERR_ASSERTION]: Stability block must be the first content element under heading\n    at file:///c:/workspace/node-test-binary-windows-native-suites/node/doc/api/environment_variables.md:23:1\n    at file:///c:/workspace/node-test-binary-windows-native-suites/node/test/doctool/test-stability-block-position.mjs:41:7\n    at ModuleJob.run (node:internal/modules/esm/module_job:430:25)\n    at async onImport.tracePromise.__proto__ (node:internal/modules/esm/loader:656:26)\n    at async asyncRunEntryPointWithESMLoader (node:internal/modules/run_main:101:5) {\n  generatedMessage: false,\n  code: 'ERR_ASSERTION',\n  actual: false,\n  expected: true,\n  operator: '==',\n  diff: 'simple'\n}\n\nNode.js v26.0.0-pre"},"time":4432.021,"fullname":"doctool/test-stability-block-position","closingTestPoint":false}},{"testName":"doctool/test-stability-block-position","timestamp":1771103823324,"status":"FAILED","jobName":"node-test-binary-windows-native-suites","config":"node-test-binary-windows-native-suites » win11-vs2022-COMPILED_BY-vs2022_clang #31431","buildUrl":"https://ci.nodejs.org/job/node-test-binary-windows-native-suites/nodes=win11-vs2022-COMPILED_BY-vs2022_clang/31431/","buildNumber":31431,"builtOn":"test-azure_msft-win11_vs2022-x64-1","nodeVersion":"25.0.0","commitHash":"91a80788bf61c0eb6049f15e48de74fdb0ada489","callStack":[{"upstreamBuild":75154,"upstreamProject":"node-test-commit-windows-fanned","upstreamUrl":"job/node-test-commit-windows-fanned/"},{"upstreamBuild":85466,"upstreamProject":"node-test-commit","upstreamUrl":"job/node-test-commit/"},{"upstreamBuild":71343,"upstreamProject":"node-test-pull-request","upstreamUrl":"job/node-test-pull-request/"},{"prId":"58590"}],"tap":{"ok":false,"name":"doctool/test-stability-block-position","id":20,"buffered":false,"tapError":null,"skip":false,"todo":false,"previous":null,"plan":null,"diag":{"severity":"fail","exitcode":1,"stack":"node:internal/modules/run_main:107\n    triggerUncaughtException(\n    ^\n\nAssertionError [ERR_ASSERTION]: Stability block must be the first content element under heading\n    at file:///c:/workspace/node-test-binary-windows-native-suites/node/doc/api/environment_variables.md:23:1\n    at file:///c:/workspace/node-test-binary-windows-native-suites/node/test/doctool/test-stability-block-position.mjs:41:7\n    at ModuleJob.run (node:internal/modules/esm/module_job:430:25)\n    at async onImport.tracePromise.__proto__ (node:internal/modules/esm/loader:656:26)\n    at async asyncRunEntryPointWithESMLoader (node:internal/modules/run_main:101:5) {\n  generatedMessage: false,\n  code: 'ERR_ASSERTION',\n  actual: false,\n  expected: true,\n  operator: '==',\n  diff: 'simple'\n}\n\nNode.js v26.0.0-pre"},"time":3789.243,"fullname":"doctool/test-stability-block-position","closingTestPoint":false}},{"testName":"doctool/test-stability-block-position","timestamp":1771103823324,"status":"FAILED","jobName":"node-test-binary-windows-native-suites","config":"node-test-binary-windows-native-suites » win2022-vs2022-COMPILED_BY-vs2022_clang #31431","buildUrl":"https://ci.nodejs.org/job/node-test-binary-windows-native-suites/nodes=win2022-vs2022-COMPILED_BY-vs2022_clang/31431/","buildNumber":31431,"builtOn":"test-rackspace-win2022_vs2022-x64-2","nodeVersion":"25.0.0","commitHash":"91a80788bf61c0eb6049f15e48de74fdb0ada489","callStack":[{"upstreamBuild":75154,"upstreamProject":"node-test-commit-windows-fanned","upstreamUrl":"job/node-test-commit-windows-fanned/"},{"upstreamBuild":85466,"upstreamProject":"node-test-commit","upstreamUrl":"job/node-test-commit/"},{"upstreamBuild":71343,"upstreamProject":"node-test-pull-request","upstreamUrl":"job/node-test-pull-request/"},{"prId":"58590"}],"tap":{"ok":false,"name":"doctool/test-stability-block-position","id":34,"buffered":false,"tapError":null,"skip":false,"todo":false,"previous":null,"plan":null,"diag":{"severity":"fail","exitcode":1,"stack":"node:internal/modules/run_main:107\n    triggerUncaughtException(\n    ^\n\nAssertionError [ERR_ASSERTION]: Stability block must be the first content element under heading\n    at file:///C:/workspace/node-test-binary-windows-native-suites/node/doc/api/environment_variables.md:23:1\n    at file:///C:/workspace/node-test-binary-windows-native-suites/node/test/doctool/test-stability-block-position.mjs:41:7\n    at ModuleJob.run (node:internal/modules/esm/module_job:430:25)\n    at async onImport.tracePromise.__proto__ (node:internal/modules/esm/loader:656:26)\n    at async asyncRunEntryPointWithESMLoader (node:internal/modules/run_main:101:5) {\n  generatedMessage: false,\n  code: 'ERR_ASSERTION',\n  actual: false,\n  expected: true,\n  operator: '==',\n  diff: 'simple'\n}\n\nNode.js v26.0.0-pre"},"time":5978.095,"fullname":"doctool/test-stability-block-position","closingTestPoint":false}}]}