{"failedTests":[{"testName":"benchmark/test-benchmark-http","timestamp":1771426257326,"status":"FAILED","jobName":"node-test-binary-windows-native-suites","config":"node-test-binary-windows-native-suites Â» win2019-vs2019-COMPILED_BY-vs2022_clang #31442","buildUrl":"https://ci.nodejs.org/job/node-test-binary-windows-native-suites/nodes=win2019-vs2019-COMPILED_BY-vs2022_clang/31442/","buildNumber":31442,"builtOn":"test-rackspace-win2019_vs2019-x64-1","nodeVersion":"26.0.0","commitHash":"6a25a76777230ac65bf5ea2203a78dc2b0d5188c","callStack":[{"upstreamBuild":75165,"upstreamProject":"node-test-commit-windows-fanned","upstreamUrl":"job/node-test-commit-windows-fanned/"},{"upstreamBuild":85479,"upstreamProject":"node-test-commit","upstreamUrl":"job/node-test-commit/"},{"upstreamBuild":71354,"upstreamProject":"node-test-pull-request","upstreamUrl":"job/node-test-pull-request/"},{"prId":"61829"}],"tap":{"ok":false,"name":"benchmark/test-benchmark-http","id":216,"buffered":false,"tapError":null,"skip":false,"todo":false,"previous":null,"plan":null,"diag":{"severity":"fail","exitcode":1,"stack":"(node:1832) [DEP0190] DeprecationWarning: Passing args to a child process with shell option true can lead to security vulnerabilities, as the arguments are not escaped, only concatenated.\n(Use `node --trace-deprecation ...` to show where the warning was created)\n(node:2512) [DEP0190] DeprecationWarning: Passing args to a child process with shell option true can lead to security vulnerabilities, as the arguments are not escaped, only concatenated.\n(Use `node --trace-deprecation ...` to show where the warning was created)\n(node:5812) [DEP0190] DeprecationWarning: Passing args to a child process with shell option true can lead to security vulnerabilities, as the arguments are not escaped, only concatenated.\n(Use `node --trace-deprecation ...` to show where the warning was created)\n(node:5692) [DEP0190] DeprecationWarning: Passing args to a child process with shell option true can lead to security vulnerabilities, as the arguments are not escaped, only concatenated.\n(Use `node --trace-deprecation ...` to show where the warning was created)\n(node:2108) [DEP0190] DeprecationWarning: Passing args to a child process with shell option true can lead to security vulnerabilities, as the arguments are not escaped, only concatenated.\n(Use `node --trace-deprecation ...` to show where the warning was created)\n(node:9128) [DEP0190] DeprecationWarning: Passing args to a child process with shell option true can lead to security vulnerabilities, as the arguments are not escaped, only concatenated.\n(Use `node --trace-deprecation ...` to show where the warning was created)\n(node:6804) [DEP0190] DeprecationWarning: Passing args to a child process with shell option true can lead to security vulnerabilities, as the arguments are not escaped, only concatenated.\n(Use `node --trace-deprecation ...` to show where the warning was created)\n(node:9256) [DEP0190] DeprecationWarning: Passing args to a child process with shell option true can lead to security vulnerabilities, as the arguments are not escaped, only concatenated.\n(Use `node --trace-deprecation ...` to show where the warning was created)\n(node:4060) [DEP0190] DeprecationWarning: Passing args to a child process with shell option true can lead to security vulnerabilities, as the arguments are not escaped, only concatenated.\n(Use `node --trace-deprecation ...` to show where the warning was created)\n(node:6824) [DEP0190] DeprecationWarning: Passing args to a child process with shell option true can lead to security vulnerabilities, as the arguments are not escaped, only concatenated.\n(Use `node --trace-deprecation ...` to show where the warning was created)\n(node:3700) [DEP0190] DeprecationWarning: Passing args to a child process with shell option true can lead to security vulnerabilities, as the arguments are not escaped, only concatenated.\n(Use `node --trace-deprecation ...` to show where the warning was created)\n(node:8680) [DEP0190] DeprecationWarning: Passing args to a child process with shell option true can lead to security vulnerabilities, as the arguments are not escaped, only concatenated.\n(Use `node --trace-deprecation ...` to show where the warning was created)\n(node:9300) [DEP0190] DeprecationWarning: Passing args to a child process with shell option true can lead to security vulnerabilities, as the arguments are not escaped, only concatenated.\n(Use `node --trace-deprecation ...` to show where the warning was created)\n(node:6956) [DEP0190] DeprecationWarning: Passing args to a child process with shell option true can lead to security vulnerabilities, as the arguments are not escaped, only concatenated.\n(Use `node --trace-deprecation ...` to show where the warning was created)\n(node:3456) [DEP0190] DeprecationWarning: Passing args to a child process with shell option true can lead to security vulnerabilities, as the arguments are not escaped, only concatenated.\n(Use `node --trace-deprecation ...` to show where the warning was created)\n(node:3596) [DEP0190] DeprecationWarning: Passing args to a child process with shell option true can lead to security vulnerabilities, as the arguments are not escaped, only concatenated.\n(Use `node --trace-deprecation ...` to show where the warning was created)\n(node:9896) [DEP0190] DeprecationWarning: Passing args to a child process with shell option true can lead to security vulnerabilities, as the arguments are not escaped, only concatenated.\n(Use `node --trace-deprecation ...` to show where the warning was created)\n(node:7468) [DEP0190] DeprecationWarning: Passing args to a child process with shell option true can lead to security vulnerabilities, as the arguments are not escaped, only concatenated.\n(Use `node --trace-deprecation ...` to show where the warning was created)\n(node:9648) [DEP0190] DeprecationWarning: Passing args to a child process with shell option true can lead to security vulnerabilities, as the arguments are not escaped, only concatenated.\n(Use `node --trace-deprecation ...` to show where the warning was created)\n(node:8244) [DEP0190] DeprecationWarning: Passing args to a child process with shell option true can lead to security vulnerabilities, as the arguments are not escaped, only concatenated.\n(Use `node --trace-deprecation ...` to show where the warning was created)\n(node:9572) [DEP0190] DeprecationWarning: Passing args to a child process with shell option true can lead to security vulnerabilities, as the arguments are not escaped, only concatenated.\n(Use `node --trace-deprecation ...` to show where the warning was created)\n(node:10156) [DEP0190] DeprecationWarning: Passing args to a child process with shell option true can lead to security vulnerabilities, as the arguments are not escaped, only concatenated.\n(Use `node --trace-deprecation ...` to show where the warning was created)\nError: test-double-http failed with 3221226505.\n    at ChildProcess.<anonymous> (C:\\workspace\\node-test-binary-windows-native-suites\\node\\benchmark\\_http-benchmarkers.js:251:16)\n    at Object.onceWrapper (node:events:623:12)\n    at ChildProcess.emit (node:events:508:20)\n    at maybeClose (node:internal/child_process:1084:16)\n    at ChildProcess._handle.onexit (node:internal/child_process:304:5)\nnode:internal/process/promises:330\n      new UnhandledPromiseRejection(reason);\n      ^\n\nUnhandledPromiseRejection: This error originated either by throwing inside of an async function without a catch block, or by rejecting a promise which was not handled with .catch(). The promise rejected with the reason \"3221226505\".\n    at throwUnhandledRejectionsMode (node:internal/process/promises:330:7)\n    at processPromiseRejections (node:internal/process/promises:413:17)\n    at process.processTicksAndRejections (node:internal/process/task_queues:105:32) {\n  code: 'ERR_UNHANDLED_REJECTION'\n}\n\nNode.js v26.0.0-pre\nnode:internal/assert/utils:146\n  throw error;\n  ^\n\nAssertionError [ERR_ASSERTION]: Expected values to be strictly equal:\n\n1 !== 0\n\n    at ChildProcess.<anonymous> (C:\\workspace\\node-test-binary-windows-native-suites\\node\\test\\common\\benchmark.js:28:12)\n    at ChildProcess.emit (node:events:508:20)\n    at ChildProcess._handle.onexit (node:internal/child_process:293:12) {\n  generatedMessage: true,\n  code: 'ERR_ASSERTION',\n  actual: 1,\n  expected: 0,\n  operator: 'strictEqual',\n  diff: 'simple'\n}\n\nNode.js v26.0.0-pre"},"time":15974.383,"fullname":"benchmark/test-benchmark-http","closingTestPoint":false}}]}