{"failedTests":[{"testName":"parallel/test-child-process-pipe-dataflow","timestamp":1701172240623,"status":"FAILED","jobName":"node-test-binary-windows-js-suites","config":"node-test-binary-windows-js-suites » 1,win2022-COMPILED_BY-vs2019 #24720","buildUrl":"https://ci.nodejs.org/job/node-test-binary-windows-js-suites/RUN_SUBSET=1,nodes=win2022-COMPILED_BY-vs2019/24720/","buildNumber":24720,"builtOn":"test-rackspace-win2022_vs2022-x64-3","nodeVersion":"18.19.0","commitHash":"9e0c715518efb028fdabf43994df141fb91fa65f","callStack":[{"upstreamBuild":59511,"upstreamProject":"node-test-commit-windows-fanned","upstreamUrl":"job/node-test-commit-windows-fanned/"},{"upstreamBuild":66950,"upstreamProject":"node-test-commit","upstreamUrl":"job/node-test-commit/"},{"upstreamBuild":55968,"upstreamProject":"node-test-pull-request","upstreamUrl":"job/node-test-pull-request/"},{"prId":"50953"}],"tap":{"ok":false,"name":"parallel/test-child-process-pipe-dataflow","id":108,"buffered":false,"tapError":null,"skip":false,"todo":": Fix flaky test","previous":null,"plan":null,"diag":{"severity":"flaky","exitcode":1,"stack":"node:assert:125\n  throw new AssertionError(obj);\n  ^\n\nAssertionError [ERR_ASSERTION]: Expected values to be strictly deep-equal:\n+ actual - expected\n\n+ [\n+   'child 1 exited with code 1'\n+ ]\n- []\n    at process.<anonymous> (C:\\workspace\\node-test-binary-windows-js-suites\\node\\test\\parallel\\test-child-process-pipe-dataflow.js:46:12)\n    at process.emit (node:events:529:35) {\n  generatedMessage: true,\n  code: 'ERR_ASSERTION',\n  actual: [ 'child 1 exited with code 1' ],\n  expected: [],\n  operator: 'deepStrictEqual'\n}\n\nNode.js v18.19.0"},"time":924.024,"fullname":"parallel/test-child-process-pipe-dataflow","closingTestPoint":false}},{"testName":"parallel/test-child-process-pipe-dataflow","timestamp":1701172240623,"status":"FAILED","jobName":"node-test-binary-windows-js-suites","config":"node-test-binary-windows-js-suites » 1,win2016-COMPILED_BY-vs2019-x86 #24720","buildUrl":"https://ci.nodejs.org/job/node-test-binary-windows-js-suites/RUN_SUBSET=1,nodes=win2016-COMPILED_BY-vs2019-x86/24720/","buildNumber":24720,"builtOn":"test-rackspace-win2016_vs2015-x64-2","nodeVersion":"18.19.0","commitHash":"9e0c715518efb028fdabf43994df141fb91fa65f","callStack":[{"upstreamBuild":59511,"upstreamProject":"node-test-commit-windows-fanned","upstreamUrl":"job/node-test-commit-windows-fanned/"},{"upstreamBuild":66950,"upstreamProject":"node-test-commit","upstreamUrl":"job/node-test-commit/"},{"upstreamBuild":55968,"upstreamProject":"node-test-pull-request","upstreamUrl":"job/node-test-pull-request/"},{"prId":"50953"}],"tap":{"ok":false,"name":"parallel/test-child-process-pipe-dataflow","id":108,"buffered":false,"tapError":null,"skip":false,"todo":": Fix flaky test","previous":null,"plan":null,"diag":{"severity":"flaky","exitcode":1,"stack":"node:assert:125\n  throw new AssertionError(obj);\n  ^\n\nAssertionError [ERR_ASSERTION]: Expected values to be strictly equal:\n+ actual - expected\n\n+ '189465'\n- '1048577'\n    at process.<anonymous> (C:\\workspace\\node-test-binary-windows-js-suites\\node\\test\\parallel\\test-child-process-pipe-dataflow.js:71:12)\n    at process.emit (node:events:529:35) {\n  generatedMessage: true,\n  code: 'ERR_ASSERTION',\n  actual: '189465',\n  expected: '1048577',\n  operator: 'strictEqual'\n}\n\nNode.js v18.19.0"},"time":342.02,"fullname":"parallel/test-child-process-pipe-dataflow","closingTestPoint":false}}]}