{"failedTests":[{"testName":"parallel/test-runner-output","timestamp":1701465112589,"status":"FAILED","jobName":"node-test-binary-windows-js-suites","config":"node-test-binary-windows-js-suites » 2,win2016-COMPILED_BY-vs2022-x86 #24777","buildUrl":"https://ci.nodejs.org/job/node-test-binary-windows-js-suites/RUN_SUBSET=2,nodes=win2016-COMPILED_BY-vs2022-x86/24777/","buildNumber":24777,"builtOn":"test-azure_msft-win2016_vs2017-x64-1","nodeVersion":"22.0.0","commitHash":"a0cbf71e6122bb4567be233892af15e9d9975540","callStack":[{"upstreamBuild":59573,"upstreamProject":"node-test-commit-windows-fanned","upstreamUrl":"job/node-test-commit-windows-fanned/"},{"upstreamBuild":67034,"upstreamProject":"node-test-commit","upstreamUrl":"job/node-test-commit/"},{"upstreamBuild":56039,"upstreamProject":"node-test-pull-request","upstreamUrl":"job/node-test-pull-request/"},{"prId":"50980"}],"tap":{"ok":false,"name":"parallel/test-runner-output","id":649,"buffered":false,"tapError":null,"skip":false,"todo":false,"previous":null,"plan":null,"diag":{"severity":"fail","exitcode":1,"stack":"file:///C:/workspace/node-test-binary-windows-js-suites/node/test/parallel/test-runner-output.mjs:6\nconst { RegExpPrototypeSymbolReplace } = require('internal/test/binding').primordials;\n                                         ^\n\nReferenceError: require is not defined in ES module scope, you can use import instead\n    at file:///C:/workspace/node-test-binary-windows-js-suites/node/test/parallel/test-runner-output.mjs:6:42\n    at ModuleJob.run (node:internal/modules/esm/module_job:218:25)\n    at async ModuleLoader.import (node:internal/modules/esm/loader:329:24)\n    at async loadESM (node:internal/process/esm_loader:28:7)\n    at async handleMainPromise (node:internal/modules/run_main:120:12)\n\nNode.js v22.0.0-pre"},"time":222.004,"fullname":"parallel/test-runner-output","closingTestPoint":false}},{"testName":"parallel/test-runner-output","timestamp":1701465112589,"status":"FAILED","jobName":"node-test-binary-windows-js-suites","config":"node-test-binary-windows-js-suites » 2,win2022-COMPILED_BY-vs2022 #24777","buildUrl":"https://ci.nodejs.org/job/node-test-binary-windows-js-suites/RUN_SUBSET=2,nodes=win2022-COMPILED_BY-vs2022/24777/","buildNumber":24777,"builtOn":"test-azure_msft-win2022_vs2019-x64-2","nodeVersion":"22.0.0","commitHash":"a0cbf71e6122bb4567be233892af15e9d9975540","callStack":[{"upstreamBuild":59573,"upstreamProject":"node-test-commit-windows-fanned","upstreamUrl":"job/node-test-commit-windows-fanned/"},{"upstreamBuild":67034,"upstreamProject":"node-test-commit","upstreamUrl":"job/node-test-commit/"},{"upstreamBuild":56039,"upstreamProject":"node-test-pull-request","upstreamUrl":"job/node-test-pull-request/"},{"prId":"50980"}],"tap":{"ok":false,"name":"parallel/test-runner-output","id":649,"buffered":false,"tapError":null,"skip":false,"todo":false,"previous":null,"plan":null,"diag":{"severity":"fail","exitcode":1,"stack":"file:///C:/workspace/node-test-binary-windows-js-suites/node/test/parallel/test-runner-output.mjs:6\nconst { RegExpPrototypeSymbolReplace } = require('internal/test/binding').primordials;\n                                         ^\n\nReferenceError: require is not defined in ES module scope, you can use import instead\n    at file:///C:/workspace/node-test-binary-windows-js-suites/node/test/parallel/test-runner-output.mjs:6:42\n    at ModuleJob.run (node:internal/modules/esm/module_job:218:25)\n    at async ModuleLoader.import (node:internal/modules/esm/loader:329:24)\n    at async loadESM (node:internal/process/esm_loader:28:7)\n    at async handleMainPromise (node:internal/modules/run_main:120:12)\n\nNode.js v22.0.0-pre"},"time":252.001,"fullname":"parallel/test-runner-output","closingTestPoint":false}},{"testName":"parallel/test-runner-output","timestamp":1701465112589,"status":"FAILED","jobName":"node-test-binary-windows-js-suites","config":"node-test-binary-windows-js-suites » 2,win2019-COMPILED_BY-vs2022 #24777","buildUrl":"https://ci.nodejs.org/job/node-test-binary-windows-js-suites/RUN_SUBSET=2,nodes=win2019-COMPILED_BY-vs2022/24777/","buildNumber":24777,"builtOn":"test-rackspace-win2019_vs2019-x64-3","nodeVersion":"22.0.0","commitHash":"a0cbf71e6122bb4567be233892af15e9d9975540","callStack":[{"upstreamBuild":59573,"upstreamProject":"node-test-commit-windows-fanned","upstreamUrl":"job/node-test-commit-windows-fanned/"},{"upstreamBuild":67034,"upstreamProject":"node-test-commit","upstreamUrl":"job/node-test-commit/"},{"upstreamBuild":56039,"upstreamProject":"node-test-pull-request","upstreamUrl":"job/node-test-pull-request/"},{"prId":"50980"}],"tap":{"ok":false,"name":"parallel/test-runner-output","id":648,"buffered":false,"tapError":null,"skip":false,"todo":false,"previous":null,"plan":null,"diag":{"severity":"fail","exitcode":1,"stack":"file:///C:/workspace/node-test-binary-windows-js-suites/node/test/parallel/test-runner-output.mjs:6\nconst { RegExpPrototypeSymbolReplace } = require('internal/test/binding').primordials;\n                                         ^\n\nReferenceError: require is not defined in ES module scope, you can use import instead\n    at file:///C:/workspace/node-test-binary-windows-js-suites/node/test/parallel/test-runner-output.mjs:6:42\n    at ModuleJob.run (node:internal/modules/esm/module_job:218:25)\n    at async ModuleLoader.import (node:internal/modules/esm/loader:329:24)\n    at async loadESM (node:internal/process/esm_loader:28:7)\n    at async handleMainPromise (node:internal/modules/run_main:120:12)\n\nNode.js v22.0.0-pre"},"time":344.983,"fullname":"parallel/test-runner-output","closingTestPoint":false}},{"testName":"parallel/test-runner-output","timestamp":1701465112589,"status":"FAILED","jobName":"node-test-binary-windows-js-suites","config":"node-test-binary-windows-js-suites » 3,win11-arm64-COMPILED_BY-vs2022-arm64 #24777","buildUrl":"https://ci.nodejs.org/job/node-test-binary-windows-js-suites/RUN_SUBSET=3,nodes=win11-arm64-COMPILED_BY-vs2022-arm64/24777/","buildNumber":24777,"builtOn":"test-azure_msft-win11_vs2022-arm64-2","nodeVersion":"22.0.0","commitHash":"a0cbf71e6122bb4567be233892af15e9d9975540","callStack":[{"upstreamBuild":59573,"upstreamProject":"node-test-commit-windows-fanned","upstreamUrl":"job/node-test-commit-windows-fanned/"},{"upstreamBuild":67034,"upstreamProject":"node-test-commit","upstreamUrl":"job/node-test-commit/"},{"upstreamBuild":56039,"upstreamProject":"node-test-pull-request","upstreamUrl":"job/node-test-pull-request/"},{"prId":"50980"}],"tap":{"ok":false,"name":"parallel/test-runner-output","id":648,"buffered":false,"tapError":null,"skip":false,"todo":false,"previous":null,"plan":null,"diag":{"severity":"fail","exitcode":1,"stack":"file:///d:/workspace/node-test-binary-windows-js-suites/node/test/parallel/test-runner-output.mjs:6\nconst { RegExpPrototypeSymbolReplace } = require('internal/test/binding').primordials;\n                                         ^\n\nReferenceError: require is not defined in ES module scope, you can use import instead\n    at file:///d:/workspace/node-test-binary-windows-js-suites/node/test/parallel/test-runner-output.mjs:6:42\n    at ModuleJob.run (node:internal/modules/esm/module_job:218:25)\n    at async ModuleLoader.import (node:internal/modules/esm/loader:329:24)\n    at async loadESM (node:internal/process/esm_loader:28:7)\n    at async handleMainPromise (node:internal/modules/run_main:120:12)\n\nNode.js v22.0.0-pre"},"time":341.005,"fullname":"parallel/test-runner-output","closingTestPoint":false}}]}