{"failedTests":[{"testName":"parallel/test-child-process-pipe-dataflow","timestamp":1701944499114,"status":"FAILED","jobName":"node-test-binary-windows-js-suites","config":"node-test-binary-windows-js-suites » 1,win2016-COMPILED_BY-vs2019-x86 #24874","buildUrl":"https://ci.nodejs.org/job/node-test-binary-windows-js-suites/RUN_SUBSET=1,nodes=win2016-COMPILED_BY-vs2019-x86/24874/","buildNumber":24874,"builtOn":"test-rackspace-win2016_vs2015-x64-2","nodeVersion":"18.19.1","commitHash":"7fa1551557cf319f997a8bcabbf773049380c961","callStack":[{"upstreamBuild":59674,"upstreamProject":"node-test-commit-windows-fanned","upstreamUrl":"job/node-test-commit-windows-fanned/"},{"upstreamBuild":67160,"upstreamProject":"node-test-commit","upstreamUrl":"job/node-test-commit/"},{"upstreamBuild":34,"upstreamProject":"node-daily-v18.x-staging","upstreamUrl":"job/node-daily-v18.x-staging/"}],"tap":{"ok":false,"name":"parallel/test-child-process-pipe-dataflow","id":108,"buffered":false,"tapError":null,"skip":false,"todo":": Fix flaky test","previous":null,"plan":null,"diag":{"severity":"flaky","exitcode":1,"stack":"node:assert:125\n  throw new AssertionError(obj);\n  ^\n\nAssertionError [ERR_ASSERTION]: Expected values to be strictly equal:\n+ actual - expected\n\n+ '157016'\n- '1048577'\n    at process.<anonymous> (C:\\workspace\\node-test-binary-windows-js-suites\\node\\test\\parallel\\test-child-process-pipe-dataflow.js:71:12)\n    at process.emit (node:events:529:35) {\n  generatedMessage: true,\n  code: 'ERR_ASSERTION',\n  actual: '157016',\n  expected: '1048577',\n  operator: 'strictEqual'\n}\n\nNode.js v18.19.1-pre"},"time":386,"fullname":"parallel/test-child-process-pipe-dataflow","closingTestPoint":false}},{"testName":"parallel/test-child-process-pipe-dataflow","timestamp":1701944499114,"status":"FAILED","jobName":"node-test-binary-windows-js-suites","config":"node-test-binary-windows-js-suites » 1,win2022-COMPILED_BY-vs2019 #24874","buildUrl":"https://ci.nodejs.org/job/node-test-binary-windows-js-suites/RUN_SUBSET=1,nodes=win2022-COMPILED_BY-vs2019/24874/","buildNumber":24874,"builtOn":"test-rackspace-win2022_vs2022-x64-1","nodeVersion":"18.19.1","commitHash":"7fa1551557cf319f997a8bcabbf773049380c961","callStack":[{"upstreamBuild":59674,"upstreamProject":"node-test-commit-windows-fanned","upstreamUrl":"job/node-test-commit-windows-fanned/"},{"upstreamBuild":67160,"upstreamProject":"node-test-commit","upstreamUrl":"job/node-test-commit/"},{"upstreamBuild":34,"upstreamProject":"node-daily-v18.x-staging","upstreamUrl":"job/node-daily-v18.x-staging/"}],"tap":{"ok":false,"name":"parallel/test-child-process-pipe-dataflow","id":109,"buffered":false,"tapError":null,"skip":false,"todo":": Fix flaky test","previous":null,"plan":null,"diag":{"severity":"flaky","exitcode":1,"stack":"node:assert:125\n  throw new AssertionError(obj);\n  ^\n\nAssertionError [ERR_ASSERTION]: Expected values to be strictly equal:\n+ actual - expected\n\n+ '226000'\n- '1048577'\n    at process.<anonymous> (C:\\workspace\\node-test-binary-windows-js-suites\\node\\test\\parallel\\test-child-process-pipe-dataflow.js:71:12)\n    at process.emit (node:events:529:35) {\n  generatedMessage: true,\n  code: 'ERR_ASSERTION',\n  actual: '226000',\n  expected: '1048577',\n  operator: 'strictEqual'\n}\n\nNode.js v18.19.1-pre"},"time":681.026,"fullname":"parallel/test-child-process-pipe-dataflow","closingTestPoint":false}}]}