{"failedTests":[{"testName":"parallel/test-child-process-pipe-dataflow","timestamp":1702377919175,"status":"FAILED","jobName":"node-test-binary-windows-js-suites","config":"node-test-binary-windows-js-suites » 1,win2022-COMPILED_BY-vs2019 #24941","buildUrl":"https://ci.nodejs.org/job/node-test-binary-windows-js-suites/RUN_SUBSET=1,nodes=win2022-COMPILED_BY-vs2019/24941/","buildNumber":24941,"builtOn":"test-rackspace-win2022_vs2022-x64-3","nodeVersion":"18.19.1","commitHash":"7fa1551557cf319f997a8bcabbf773049380c961","callStack":[{"upstreamBuild":59746,"upstreamProject":"node-test-commit-windows-fanned","upstreamUrl":"job/node-test-commit-windows-fanned/"},{"upstreamBuild":67276,"upstreamProject":"node-test-commit","upstreamUrl":"job/node-test-commit/"},{"upstreamBuild":39,"upstreamProject":"node-daily-v18.x-staging","upstreamUrl":"job/node-daily-v18.x-staging/"}],"tap":{"ok":false,"name":"parallel/test-child-process-pipe-dataflow","id":108,"buffered":false,"tapError":null,"skip":false,"todo":": Fix flaky test","previous":null,"plan":null,"diag":{"severity":"flaky","exitcode":1,"stack":"node:assert:125\n  throw new AssertionError(obj);\n  ^\n\nAssertionError [ERR_ASSERTION]: Expected values to be strictly equal:\n+ actual - expected\n\n+ '740480'\n- '1048577'\n    at process.<anonymous> (C:\\workspace\\node-test-binary-windows-js-suites\\node\\test\\parallel\\test-child-process-pipe-dataflow.js:71:12)\n    at process.emit (node:events:529:35) {\n  generatedMessage: true,\n  code: 'ERR_ASSERTION',\n  actual: '740480',\n  expected: '1048577',\n  operator: 'strictEqual'\n}\n\nNode.js v18.19.1-pre"},"time":577.021,"fullname":"parallel/test-child-process-pipe-dataflow","closingTestPoint":false}},{"testName":"parallel/test-worker-http2-stream-terminate","timestamp":1702377919175,"status":"FAILED","jobName":"node-test-binary-windows-js-suites","config":"node-test-binary-windows-js-suites » 3,win2022-COMPILED_BY-vs2019 #24941","buildUrl":"https://ci.nodejs.org/job/node-test-binary-windows-js-suites/RUN_SUBSET=3,nodes=win2022-COMPILED_BY-vs2019/24941/","buildNumber":24941,"builtOn":"test-rackspace-win2022_vs2022-x64-2","nodeVersion":"18.19.1","commitHash":"7fa1551557cf319f997a8bcabbf773049380c961","callStack":[{"upstreamBuild":59746,"upstreamProject":"node-test-commit-windows-fanned","upstreamUrl":"job/node-test-commit-windows-fanned/"},{"upstreamBuild":67276,"upstreamProject":"node-test-commit","upstreamUrl":"job/node-test-commit/"},{"upstreamBuild":39,"upstreamProject":"node-daily-v18.x-staging","upstreamUrl":"job/node-daily-v18.x-staging/"}],"tap":{"ok":false,"name":"parallel/test-worker-http2-stream-terminate","id":848,"buffered":false,"tapError":null,"skip":false,"todo":false,"previous":null,"plan":null,"diag":{"severity":"fail","exitcode":3221226356,"stack":""},"time":2277.059,"fullname":"parallel/test-worker-http2-stream-terminate","closingTestPoint":false}},{"testName":"parallel/test-child-process-pipe-dataflow","timestamp":1702377919175,"status":"FAILED","jobName":"node-test-binary-windows-js-suites","config":"node-test-binary-windows-js-suites » 1,win2016-COMPILED_BY-vs2019-x86 #24941","buildUrl":"https://ci.nodejs.org/job/node-test-binary-windows-js-suites/RUN_SUBSET=1,nodes=win2016-COMPILED_BY-vs2019-x86/24941/","buildNumber":24941,"builtOn":"test-rackspace-win2016_vs2015-x64-2","nodeVersion":"18.19.1","commitHash":"7fa1551557cf319f997a8bcabbf773049380c961","callStack":[{"upstreamBuild":59746,"upstreamProject":"node-test-commit-windows-fanned","upstreamUrl":"job/node-test-commit-windows-fanned/"},{"upstreamBuild":67276,"upstreamProject":"node-test-commit","upstreamUrl":"job/node-test-commit/"},{"upstreamBuild":39,"upstreamProject":"node-daily-v18.x-staging","upstreamUrl":"job/node-daily-v18.x-staging/"}],"tap":{"ok":false,"name":"parallel/test-child-process-pipe-dataflow","id":108,"buffered":false,"tapError":null,"skip":false,"todo":": Fix flaky test","previous":null,"plan":null,"diag":{"severity":"flaky","exitcode":1,"stack":"node:assert:125\n  throw new AssertionError(obj);\n  ^\n\nAssertionError [ERR_ASSERTION]: Expected values to be strictly equal:\n+ actual - expected\n\n+ '172320'\n- '1048577'\n    at process.<anonymous> (C:\\workspace\\node-test-binary-windows-js-suites\\node\\test\\parallel\\test-child-process-pipe-dataflow.js:71:12)\n    at process.emit (node:events:529:35) {\n  generatedMessage: true,\n  code: 'ERR_ASSERTION',\n  actual: '172320',\n  expected: '1048577',\n  operator: 'strictEqual'\n}\n\nNode.js v18.19.1-pre"},"time":353.008,"fullname":"parallel/test-child-process-pipe-dataflow","closingTestPoint":false}}]}