{"failedTests":[{"testName":"parallel/test-worker-memory","timestamp":1702926413349,"status":"FAILED","jobName":"node-test-binary-windows-js-suites","config":"node-test-binary-windows-js-suites » 1,win2019-COMPILED_BY-vs2022 #25041","buildUrl":"https://ci.nodejs.org/job/node-test-binary-windows-js-suites/RUN_SUBSET=1,nodes=win2019-COMPILED_BY-vs2022/25041/","buildNumber":25041,"builtOn":"test-rackspace-win2019_vs2019-x64-1","nodeVersion":"22.0.0","commitHash":"06c14d7451b4366ac5dd8b1e9a1b3e31c84ff91e","callStack":[{"upstreamBuild":59849,"upstreamProject":"node-test-commit-windows-fanned","upstreamUrl":"job/node-test-commit-windows-fanned/"},{"upstreamBuild":67432,"upstreamProject":"node-test-commit","upstreamUrl":"job/node-test-commit/"},{"upstreamBuild":56372,"upstreamProject":"node-test-pull-request","upstreamUrl":"job/node-test-pull-request/"},{"prId":"51205"}],"tap":{"ok":false,"name":"parallel/test-worker-memory","id":868,"buffered":false,"tapError":null,"skip":false,"todo":false,"previous":null,"plan":null,"diag":{"severity":"fail","exitcode":3221226356,"stack":"run() called with n=7.5 (numWorkers=8)\nrun() called with n=7.5 (numWorkers=8)\nrun() called with n=7.5 (numWorkers=8)\nrun() called with n=7.5 (numWorkers=8)\nrun() called with n=7.5 (numWorkers=8)\nrun() called with n=7.5 (numWorkers=8)\nrun() called with n=7.5 (numWorkers=8)\nrun() called with n=7.5 (numWorkers=8)\nrun() called with n=6.5 (numWorkers=8)\nrun() called with n=6.5 (numWorkers=8)\nrun() called with n=6.5 (numWorkers=8)\nrun() called with n=6.5 (numWorkers=8)\nrun() called with n=6.5 (numWorkers=8)\nrun() called with n=6.5 (numWorkers=8)\nrun() called with n=6.5 (numWorkers=8)\nrun() called with n=6.5 (numWorkers=8)\nrun() called with n=5.5 (numWorkers=8)\nrun() called with n=5.5 (numWorkers=8)\nrun() called with n=5.5 (numWorkers=8)\nrun() called with n=5.5 (numWorkers=8)\nrun() called with n=5.5 (numWorkers=8)\nrun() called with n=5.5 (numWorkers=8)\nrun() called with n=5.5 (numWorkers=8)\nrun() called with n=4.5 (numWorkers=8)\nrun() called with n=4.5 (numWorkers=8)\nrun() called with n=5.5 (numWorkers=8)\nrun() called with n=4.5 (numWorkers=8)\nrun() called with n=4.5 (numWorkers=8)\nrun() called with n=4.5 (numWorkers=8)\nrun() called with n=3.5 (numWorkers=8)\nrun() called with n=4.5 (numWorkers=8)\nrun() called with n=4.5 (numWorkers=8)\nrun() called with n=3.5 (numWorkers=8)\nrun() called with n=3.5 (numWorkers=8)\nrun() called with n=3.5 (numWorkers=8)\nrun() called with n=3.5 (numWorkers=8)\nrun() called with n=2.5 (numWorkers=8)\nrun() called with n=2.5 (numWorkers=8)\nrun() called with n=3.5 (numWorkers=8)\nrun() called with n=3.5 (numWorkers=8)"},"time":2092.076,"fullname":"parallel/test-worker-memory","closingTestPoint":false}},{"testName":"sequential/test-single-executable-application-snapshot","timestamp":1702926413349,"status":"FAILED","jobName":"node-test-binary-windows-js-suites","config":"node-test-binary-windows-js-suites » 0,win2016-COMPILED_BY-vs2022-x86 #25041","buildUrl":"https://ci.nodejs.org/job/node-test-binary-windows-js-suites/RUN_SUBSET=0,nodes=win2016-COMPILED_BY-vs2022-x86/25041/","buildNumber":25041,"builtOn":"test-azure_msft-win2016_vs2017-x64-6","nodeVersion":"22.0.0","commitHash":"06c14d7451b4366ac5dd8b1e9a1b3e31c84ff91e","callStack":[{"upstreamBuild":59849,"upstreamProject":"node-test-commit-windows-fanned","upstreamUrl":"job/node-test-commit-windows-fanned/"},{"upstreamBuild":67432,"upstreamProject":"node-test-commit","upstreamUrl":"job/node-test-commit/"},{"upstreamBuild":56372,"upstreamProject":"node-test-pull-request","upstreamUrl":"job/node-test-pull-request/"},{"prId":"51205"}],"tap":{"ok":false,"name":"sequential/test-single-executable-application-snapshot","id":955,"buffered":false,"tapError":null,"skip":false,"todo":": Fix flaky test","previous":null,"plan":null,"diag":{"severity":"flaky","exitcode":1,"stack":"[process 820]: --- stderr ---\nAborted()\n\n[process 820]: --- stdout ---\n\u001b[36mStart injection of NODE_SEA_BLOB in C:\\workspace\\node-test-binary-windows-js-suites\\node\\test\\.tmp.954\\sea.exe...\u001b[0m\n\u001b[31mError: Aborted(). Build with -sASSERTIONS for more info.\u001b[0m\n\n[process 820]: status = 1, signal = null\nC:\\workspace\\node-test-binary-windows-js-suites\\node\\test\\common\\child_process.js:86\n    throw new Error(`${failures.join('\\n')}`);\n    ^\n\nError: - process terminated with status 1, expected 0\n    at logAndThrow (C:\\workspace\\node-test-binary-windows-js-suites\\node\\test\\common\\child_process.js:86:11)\n    at expectSyncExit (C:\\workspace\\node-test-binary-windows-js-suites\\node\\test\\common\\child_process.js:91:5)\n    at spawnSyncAndExitWithoutError (C:\\workspace\\node-test-binary-windows-js-suites\\node\\test\\common\\child_process.js:125:10)\n    at injectAndCodeSign (C:\\workspace\\node-test-binary-windows-js-suites\\node\\test\\common\\sea.js:59:3)\n    at Object.<anonymous> (C:\\workspace\\node-test-binary-windows-js-suites\\node\\test\\sequential\\test-single-executable-application-snapshot.js:89:3)\n    at Module._compile (node:internal/modules/cjs/loader:1375:14)\n    at Module._extensions..js (node:internal/modules/cjs/loader:1434:10)\n    at Module.load (node:internal/modules/cjs/loader:1206:32)\n    at Module._load (node:internal/modules/cjs/loader:1022:12)\n    at Function.executeUserEntryPoint [as runMain] (node:internal/modules/run_main:142:12)\n\nNode.js v22.0.0-pre"},"time":16520.448,"fullname":"sequential/test-single-executable-application-snapshot","closingTestPoint":false}}]}