{"failedTests":[{"testName":"sequential/test-single-executable-application-snapshot-and-code-cache","timestamp":1703214675797,"status":"FAILED","jobName":"node-test-binary-windows-js-suites","config":"node-test-binary-windows-js-suites » 0,win2016-COMPILED_BY-vs2022-x86 #25115","buildUrl":"https://ci.nodejs.org/job/node-test-binary-windows-js-suites/RUN_SUBSET=0,nodes=win2016-COMPILED_BY-vs2022-x86/25115/","buildNumber":25115,"builtOn":"test-azure_msft-win2016_vs2017-x64-6","nodeVersion":"22.0.0","commitHash":"7dd07c13f96927b520e16bcd30b130d2507febc0","callStack":[{"upstreamBuild":59930,"upstreamProject":"node-test-commit-windows-fanned","upstreamUrl":"job/node-test-commit-windows-fanned/"},{"upstreamBuild":67527,"upstreamProject":"node-test-commit","upstreamUrl":"job/node-test-commit/"},{"upstreamBuild":56451,"upstreamProject":"node-test-pull-request","upstreamUrl":"job/node-test-pull-request/"},{"prId":"50454"}],"tap":{"ok":false,"name":"sequential/test-single-executable-application-snapshot-and-code-cache","id":955,"buffered":false,"tapError":null,"skip":false,"todo":": Fix flaky test","previous":null,"plan":null,"diag":{"severity":"flaky","exitcode":1,"stack":"[process 4164]: --- stderr ---\nAborted()\n\n[process 4164]: --- stdout ---\n\u001b[36mStart injection of NODE_SEA_BLOB in C:\\workspace\\node-test-binary-windows-js-suites\\node\\test\\.tmp.954\\sea.exe...\u001b[0m\n\u001b[31mError: Aborted(). Build with -sASSERTIONS for more info.\u001b[0m\n\n[process 4164]: status = 1, signal = null\nC:\\workspace\\node-test-binary-windows-js-suites\\node\\test\\common\\child_process.js:86\n    throw new Error(`${failures.join('\\n')}`);\n    ^\n\nError: - process terminated with status 1, expected 0\n    at logAndThrow (C:\\workspace\\node-test-binary-windows-js-suites\\node\\test\\common\\child_process.js:86:11)\n    at expectSyncExit (C:\\workspace\\node-test-binary-windows-js-suites\\node\\test\\common\\child_process.js:91:5)\n    at spawnSyncAndExitWithoutError (C:\\workspace\\node-test-binary-windows-js-suites\\node\\test\\common\\child_process.js:125:10)\n    at injectAndCodeSign (C:\\workspace\\node-test-binary-windows-js-suites\\node\\test\\common\\sea.js:59:3)\n    at Object.<anonymous> (C:\\workspace\\node-test-binary-windows-js-suites\\node\\test\\sequential\\test-single-executable-application-snapshot-and-code-cache.js:66:3)\n    at Module._compile (node:internal/modules/cjs/loader:1378:14)\n    at Module._extensions..js (node:internal/modules/cjs/loader:1437:10)\n    at Module.load (node:internal/modules/cjs/loader:1212:32)\n    at Module._load (node:internal/modules/cjs/loader:1028:12)\n    at Function.executeUserEntryPoint [as runMain] (node:internal/modules/run_main:142:12)\n\nNode.js v22.0.0-pre"},"time":16126.599,"fullname":"sequential/test-single-executable-application-snapshot-and-code-cache","closingTestPoint":false}},{"testName":"parallel/test-runner-watch-mode","timestamp":1703214675797,"status":"FAILED","jobName":"node-test-binary-windows-js-suites","config":"node-test-binary-windows-js-suites » 3,win2019-COMPILED_BY-vs2022 #25115","buildUrl":"https://ci.nodejs.org/job/node-test-binary-windows-js-suites/RUN_SUBSET=3,nodes=win2019-COMPILED_BY-vs2022/25115/","buildNumber":25115,"builtOn":"test-rackspace-win2019_vs2019-x64-2","nodeVersion":"22.0.0","commitHash":"7dd07c13f96927b520e16bcd30b130d2507febc0","callStack":[{"upstreamBuild":59930,"upstreamProject":"node-test-commit-windows-fanned","upstreamUrl":"job/node-test-commit-windows-fanned/"},{"upstreamBuild":67527,"upstreamProject":"node-test-commit","upstreamUrl":"job/node-test-commit/"},{"upstreamBuild":56451,"upstreamProject":"node-test-pull-request","upstreamUrl":"job/node-test-pull-request/"},{"prId":"50454"}],"tap":{"ok":false,"name":"parallel/test-runner-watch-mode","id":756,"buffered":false,"tapError":null,"skip":false,"todo":": Fix flaky test","previous":null,"plan":null,"diag":{"severity":"flaky","exitcode":1,"stack":"TAP version 13\n# Subtest: test runner watch mode\n    # Subtest: should run tests repeatedly\n    ok 1 - should run tests repeatedly\n      ---\n      duration_ms: 2300.2699\n      ...\n    # Subtest: should run tests with dependency repeatedly\n    ok 2 - should run tests with dependency repeatedly\n      ---\n      duration_ms: 1708.5866\n      ...\n    # Subtest: should run tests with ESM dependency\n    ok 3 - should run tests with ESM dependency\n      ---\n      duration_ms: 1643.7733\n      ...\n    # Subtest: should support running tests without a file\n    ok 4 - should support running tests without a file\n      ---\n      duration_ms: 1718.7783\n      ...\n    1..4\nok 1 - test runner watch mode\n  ---\n  duration_ms: 7378.3167\n  type: 'suite'\n  ...\n1..1\n# tests 4\n# suites 1\n# pass 4\n# fail 0\n# cancelled 0\n# skipped 0\n# todo 0\n# duration_ms 7405.9762\nCan't clean tmpdir: C:\\workspace\\node-test-binary-windows-js-suites\\node\\test\\.tmp.654\nFiles blocking: [ 'dependency.js', 'dependency.mjs', 'test.js' ]\n\nC:\\workspace\\node-test-binary-windows-js-suites\\node\\test\\common\\tmpdir.js:69\n    throw e;\n    ^\n\nError: EBUSY: resource busy or locked, rmdir 'C:\\workspace\\node-test-binary-windows-js-suites\\node\\test\\.tmp.654'\n    at rmdirSync (node:fs:1217:11)\n    at _rmdirSync (node:internal/fs/rimraf:235:5)\n    at rimrafSync (node:internal/fs/rimraf:193:7)\n    at Object.rmSync (node:fs:1266:10)\n    at rmSync (C:\\workspace\\node-test-binary-windows-js-suites\\node\\test\\common\\tmpdir.js:20:8)\n    at onexit (C:\\workspace\\node-test-binary-windows-js-suites\\node\\test\\common\\tmpdir.js:54:5)\n    at process.<anonymous> (C:\\workspace\\node-test-binary-windows-js-suites\\node\\test\\common\\tmpdir.js:43:14)\n    at process.emit (node:events:531:35) {\n  errno: -4082,\n  code: 'EBUSY',\n  syscall: 'rmdir',\n  path: 'C:\\\\workspace\\\\node-test-binary-windows-js-suites\\\\node\\\\test\\\\.tmp.654'\n}\n\nNode.js v22.0.0-pre"},"time":7938.037,"fullname":"parallel/test-runner-watch-mode","closingTestPoint":false}}]}