{"failedTests":[{"testName":"sequential/test-single-executable-application-snapshot","timestamp":1703189029612,"status":"FAILED","jobName":"node-test-binary-windows-js-suites","config":"node-test-binary-windows-js-suites » 1,win2016-COMPILED_BY-vs2022-x86 #25113","buildUrl":"https://ci.nodejs.org/job/node-test-binary-windows-js-suites/RUN_SUBSET=1,nodes=win2016-COMPILED_BY-vs2022-x86/25113/","buildNumber":25113,"builtOn":"test-azure_msft-win2016_vs2017-x64-3","nodeVersion":"22.0.0","commitHash":"7478354e92d06a9d8c1549e45d4c8dd890184ac5","callStack":[{"upstreamBuild":59928,"upstreamProject":"node-test-commit-windows-fanned","upstreamUrl":"job/node-test-commit-windows-fanned/"},{"upstreamBuild":67522,"upstreamProject":"node-test-commit","upstreamUrl":"job/node-test-commit/"},{"upstreamBuild":56446,"upstreamProject":"node-test-pull-request","upstreamUrl":"job/node-test-pull-request/"},{"prId":"51244"}],"tap":{"ok":false,"name":"sequential/test-single-executable-application-snapshot","id":956,"buffered":false,"tapError":null,"skip":false,"todo":": Fix flaky test","previous":null,"plan":null,"diag":{"severity":"flaky","exitcode":1,"stack":"[process 5664]: --- stderr ---\nAborted()\n\n[process 5664]: --- stdout ---\n\u001b[36mStart injection of NODE_SEA_BLOB in C:\\workspace\\node-test-binary-windows-js-suites\\node\\test\\.tmp.955\\sea.exe...\u001b[0m\n\u001b[31mError: Aborted(). Build with -sASSERTIONS for more info.\u001b[0m\n\n[process 5664]: status = 1, signal = null\nC:\\workspace\\node-test-binary-windows-js-suites\\node\\test\\common\\child_process.js:86\n    throw new Error(`${failures.join('\\n')}`);\n    ^\n\nError: - process terminated with status 1, expected 0\n    at logAndThrow (C:\\workspace\\node-test-binary-windows-js-suites\\node\\test\\common\\child_process.js:86:11)\n    at expectSyncExit (C:\\workspace\\node-test-binary-windows-js-suites\\node\\test\\common\\child_process.js:91:5)\n    at spawnSyncAndExitWithoutError (C:\\workspace\\node-test-binary-windows-js-suites\\node\\test\\common\\child_process.js:125:10)\n    at injectAndCodeSign (C:\\workspace\\node-test-binary-windows-js-suites\\node\\test\\common\\sea.js:59:3)\n    at Object.<anonymous> (C:\\workspace\\node-test-binary-windows-js-suites\\node\\test\\sequential\\test-single-executable-application-snapshot.js:89:3)\n    at Module._compile (node:internal/modules/cjs/loader:1370:14)\n    at Module._extensions..js (node:internal/modules/cjs/loader:1429:10)\n    at Module.load (node:internal/modules/cjs/loader:1205:32)\n    at Module._load (node:internal/modules/cjs/loader:1021:12)\n    at Function.executeUserEntryPoint [as runMain] (node:internal/modules/run_main:142:12)\n\nNode.js v22.0.0-pre"},"time":20866.202,"fullname":"sequential/test-single-executable-application-snapshot","closingTestPoint":false}},{"testName":"es-module/test-vm-main-context-default-loader","timestamp":1703189029612,"status":"FAILED","jobName":"node-test-binary-windows-js-suites","config":"node-test-binary-windows-js-suites » 2,win11-arm64-COMPILED_BY-vs2022-arm64 #25113","buildUrl":"https://ci.nodejs.org/job/node-test-binary-windows-js-suites/RUN_SUBSET=2,nodes=win11-arm64-COMPILED_BY-vs2022-arm64/25113/","buildNumber":25113,"builtOn":"test-azure_msft-win11_vs2022-arm64-5","nodeVersion":"22.0.0","commitHash":"7478354e92d06a9d8c1549e45d4c8dd890184ac5","callStack":[{"upstreamBuild":59928,"upstreamProject":"node-test-commit-windows-fanned","upstreamUrl":"job/node-test-commit-windows-fanned/"},{"upstreamBuild":67522,"upstreamProject":"node-test-commit","upstreamUrl":"job/node-test-commit/"},{"upstreamBuild":56446,"upstreamProject":"node-test-pull-request","upstreamUrl":"job/node-test-pull-request/"},{"prId":"51244"}],"tap":{"ok":false,"name":"es-module/test-vm-main-context-default-loader","id":52,"buffered":false,"tapError":null,"skip":false,"todo":false,"previous":null,"plan":null,"diag":{"severity":"fail","exitcode":1,"stack":"(node:9224) ExperimentalWarning: vm.USE_MAIN_CONTEXT_DEFAULT_LOADER is an experimental feature and might change at any time\n(Use `node --trace-warnings ...` to show where the warning was created)\nnode:internal/process/promises:289\n            triggerUncaughtException(err, true /* fromPromise */);\n            ^\n\nAssertionError [ERR_ASSERTION]: function should not have been called at d:\\workspace\\node-test-binary-windows-js-suites\\node\\test\\es-module\\test-vm-main-context-default-loader.js:138\ncalled with arguments: Error [ERR_UNSUPPORTED_ESM_URL_SCHEME]: Only URLs with a scheme in: file, data, and node are supported by the default ESM loader. On Windows, absolute paths must be valid file:// URLs. Received protocol 'd:'\n    at throwIfUnsupportedURLScheme (node:internal/modules/esm/load:239:11)\n    at defaultLoad (node:internal/modules/esm/load:130:3)\n    at ModuleLoader.load (node:internal/modules/esm/loader:409:13)\n    at ModuleLoader.moduleProvider (node:internal/modules/esm/loader:291:56)\n    at new ModuleJob (node:internal/modules/esm/module_job:65:26)\n    at #createModuleJob (node:internal/modules/esm/loader:303:17)\n    at ModuleLoader.getJobFromResolveResult (node:internal/modules/esm/loader:260:34)\n    at ModuleLoader.getModuleJob (node:internal/modules/esm/loader:241:17)\n    at process.processTicksAndRejections (node:internal/process/task_queues:95:5)\n    at async ModuleLoader.import (node:internal/modules/esm/loader:328:23) {\n  code: 'ERR_UNSUPPORTED_ESM_URL_SCHEME'\n}\n    at mustNotCall (d:\\workspace\\node-test-binary-windows-js-suites\\node\\test\\common\\index.js:554:12)\n    at process.processTicksAndRejections (node:internal/process/task_queues:95:5) {\n  generatedMessage: false,\n  code: 'ERR_ASSERTION',\n  actual: undefined,\n  expected: undefined,\n  operator: 'fail'\n}\n\nNode.js v22.0.0-pre"},"time":409.998,"fullname":"es-module/test-vm-main-context-default-loader","closingTestPoint":false}},{"testName":"es-module/test-vm-main-context-default-loader","timestamp":1703189029612,"status":"FAILED","jobName":"node-test-binary-windows-js-suites","config":"node-test-binary-windows-js-suites » 2,win2022-COMPILED_BY-vs2022 #25113","buildUrl":"https://ci.nodejs.org/job/node-test-binary-windows-js-suites/RUN_SUBSET=2,nodes=win2022-COMPILED_BY-vs2022/25113/","buildNumber":25113,"builtOn":"test-azure_msft-win2022_vs2019-x64-2","nodeVersion":"22.0.0","commitHash":"7478354e92d06a9d8c1549e45d4c8dd890184ac5","callStack":[{"upstreamBuild":59928,"upstreamProject":"node-test-commit-windows-fanned","upstreamUrl":"job/node-test-commit-windows-fanned/"},{"upstreamBuild":67522,"upstreamProject":"node-test-commit","upstreamUrl":"job/node-test-commit/"},{"upstreamBuild":56446,"upstreamProject":"node-test-pull-request","upstreamUrl":"job/node-test-pull-request/"},{"prId":"51244"}],"tap":{"ok":false,"name":"es-module/test-vm-main-context-default-loader","id":56,"buffered":false,"tapError":null,"skip":false,"todo":false,"previous":null,"plan":null,"diag":{"severity":"fail","exitcode":1,"stack":"(node:3524) ExperimentalWarning: vm.USE_MAIN_CONTEXT_DEFAULT_LOADER is an experimental feature and might change at any time\n(Use `node --trace-warnings ...` to show where the warning was created)\nnode:internal/process/promises:289\n            triggerUncaughtException(err, true /* fromPromise */);\n            ^\n\nAssertionError [ERR_ASSERTION]: function should not have been called at C:\\workspace\\node-test-binary-windows-js-suites\\node\\test\\es-module\\test-vm-main-context-default-loader.js:138\ncalled with arguments: Error [ERR_UNSUPPORTED_ESM_URL_SCHEME]: Only URLs with a scheme in: file, data, and node are supported by the default ESM loader. On Windows, absolute paths must be valid file:// URLs. Received protocol 'c:'\n    at throwIfUnsupportedURLScheme (node:internal/modules/esm/load:239:11)\n    at defaultLoad (node:internal/modules/esm/load:130:3)\n    at ModuleLoader.load (node:internal/modules/esm/loader:409:13)\n    at ModuleLoader.moduleProvider (node:internal/modules/esm/loader:291:56)\n    at new ModuleJob (node:internal/modules/esm/module_job:65:26)\n    at #createModuleJob (node:internal/modules/esm/loader:303:17)\n    at ModuleLoader.getJobFromResolveResult (node:internal/modules/esm/loader:260:34)\n    at ModuleLoader.getModuleJob (node:internal/modules/esm/loader:241:17)\n    at process.processTicksAndRejections (node:internal/process/task_queues:95:5)\n    at async ModuleLoader.import (node:internal/modules/esm/loader:328:23) {\n  code: 'ERR_UNSUPPORTED_ESM_URL_SCHEME'\n}\n    at mustNotCall (C:\\workspace\\node-test-binary-windows-js-suites\\node\\test\\common\\index.js:554:12)\n    at process.processTicksAndRejections (node:internal/process/task_queues:95:5) {\n  generatedMessage: false,\n  code: 'ERR_ASSERTION',\n  actual: undefined,\n  expected: undefined,\n  operator: 'fail'\n}\n\nNode.js v22.0.0-pre"},"time":250.001,"fullname":"es-module/test-vm-main-context-default-loader","closingTestPoint":false}},{"testName":"es-module/test-vm-main-context-default-loader","timestamp":1703189029612,"status":"FAILED","jobName":"node-test-binary-windows-js-suites","config":"node-test-binary-windows-js-suites » 2,win2016-COMPILED_BY-vs2022-x86 #25113","buildUrl":"https://ci.nodejs.org/job/node-test-binary-windows-js-suites/RUN_SUBSET=2,nodes=win2016-COMPILED_BY-vs2022-x86/25113/","buildNumber":25113,"builtOn":"test-azure_msft-win2016_vs2017-x64-1","nodeVersion":"22.0.0","commitHash":"7478354e92d06a9d8c1549e45d4c8dd890184ac5","callStack":[{"upstreamBuild":59928,"upstreamProject":"node-test-commit-windows-fanned","upstreamUrl":"job/node-test-commit-windows-fanned/"},{"upstreamBuild":67522,"upstreamProject":"node-test-commit","upstreamUrl":"job/node-test-commit/"},{"upstreamBuild":56446,"upstreamProject":"node-test-pull-request","upstreamUrl":"job/node-test-pull-request/"},{"prId":"51244"}],"tap":{"ok":false,"name":"es-module/test-vm-main-context-default-loader","id":55,"buffered":false,"tapError":null,"skip":false,"todo":false,"previous":null,"plan":null,"diag":{"severity":"fail","exitcode":1,"stack":"(node:6636) ExperimentalWarning: vm.USE_MAIN_CONTEXT_DEFAULT_LOADER is an experimental feature and might change at any time\n(Use `node --trace-warnings ...` to show where the warning was created)\nnode:internal/process/promises:289\n            triggerUncaughtException(err, true /* fromPromise */);\n            ^\n\nAssertionError [ERR_ASSERTION]: function should not have been called at C:\\workspace\\node-test-binary-windows-js-suites\\node\\test\\es-module\\test-vm-main-context-default-loader.js:138\ncalled with arguments: Error [ERR_UNSUPPORTED_ESM_URL_SCHEME]: Only URLs with a scheme in: file, data, and node are supported by the default ESM loader. On Windows, absolute paths must be valid file:// URLs. Received protocol 'c:'\n    at throwIfUnsupportedURLScheme (node:internal/modules/esm/load:239:11)\n    at defaultLoad (node:internal/modules/esm/load:130:3)\n    at ModuleLoader.load (node:internal/modules/esm/loader:409:13)\n    at ModuleLoader.moduleProvider (node:internal/modules/esm/loader:291:56)\n    at new ModuleJob (node:internal/modules/esm/module_job:65:26)\n    at #createModuleJob (node:internal/modules/esm/loader:303:17)\n    at ModuleLoader.getJobFromResolveResult (node:internal/modules/esm/loader:260:34)\n    at ModuleLoader.getModuleJob (node:internal/modules/esm/loader:241:17)\n    at process.processTicksAndRejections (node:internal/process/task_queues:95:5)\n    at async ModuleLoader.import (node:internal/modules/esm/loader:328:23) {\n  code: 'ERR_UNSUPPORTED_ESM_URL_SCHEME'\n}\n    at mustNotCall (C:\\workspace\\node-test-binary-windows-js-suites\\node\\test\\common\\index.js:554:12)\n    at process.processTicksAndRejections (node:internal/process/task_queues:95:5) {\n  generatedMessage: false,\n  code: 'ERR_ASSERTION',\n  actual: undefined,\n  expected: undefined,\n  operator: 'fail'\n}\n\nNode.js v22.0.0-pre"},"time":202.003,"fullname":"es-module/test-vm-main-context-default-loader","closingTestPoint":false}},{"testName":"parallel/test-worker-memory","timestamp":1703189029612,"status":"FAILED","jobName":"node-test-binary-windows-js-suites","config":"node-test-binary-windows-js-suites » 2,win2016-COMPILED_BY-vs2022-x86 #25113","buildUrl":"https://ci.nodejs.org/job/node-test-binary-windows-js-suites/RUN_SUBSET=2,nodes=win2016-COMPILED_BY-vs2022-x86/25113/","buildNumber":25113,"builtOn":"test-azure_msft-win2016_vs2017-x64-1","nodeVersion":"22.0.0","commitHash":"7478354e92d06a9d8c1549e45d4c8dd890184ac5","callStack":[{"upstreamBuild":59928,"upstreamProject":"node-test-commit-windows-fanned","upstreamUrl":"job/node-test-commit-windows-fanned/"},{"upstreamBuild":67522,"upstreamProject":"node-test-commit","upstreamUrl":"job/node-test-commit/"},{"upstreamBuild":56446,"upstreamProject":"node-test-pull-request","upstreamUrl":"job/node-test-pull-request/"},{"prId":"51244"}],"tap":{"ok":false,"name":"parallel/test-worker-memory","id":870,"buffered":false,"tapError":null,"skip":false,"todo":false,"previous":null,"plan":null,"diag":{"severity":"crashed","exitcode":3221225477,"stack":"run() called with n=15 (numWorkers=4)\nrun() called with n=15 (numWorkers=4)\nrun() called with n=15 (numWorkers=4)\nrun() called with n=15 (numWorkers=4)\nrun() called with n=14 (numWorkers=4)\nrun() called with n=14 (numWorkers=4)\nrun() called with n=14 (numWorkers=4)\nrun() called with n=13 (numWorkers=4)\nrun() called with n=14 (numWorkers=4)\nrun() called with n=13 (numWorkers=4)\nrun() called with n=12 (numWorkers=4)\nrun() called with n=13 (numWorkers=4)\nrun() called with n=13 (numWorkers=4)\nrun() called with n=11 (numWorkers=4)\nrun() called with n=12 (numWorkers=4)\nrun() called with n=12 (numWorkers=4)\nrun() called with n=12 (numWorkers=4)\nrun() called with n=10 (numWorkers=4)\nrun() called with n=11 (numWorkers=4)\nrun() called with n=10 (numWorkers=4)\nrun() called with n=11 (numWorkers=4)\nrun() called with n=9 (numWorkers=4)\nrun() called with n=11 (numWorkers=4)\nrun() called with n=9 (numWorkers=4)\nrun() called with n=10 (numWorkers=4)\nrun() called with n=8 (numWorkers=4)\nrun() called with n=10 (numWorkers=4)\nrun() called with n=8 (numWorkers=4)\nrun() called with n=9 (numWorkers=4)\nrun() called with n=7 (numWorkers=4)\nrun() called with n=9 (numWorkers=4)\nrun() called with n=8 (numWorkers=4)\nrun() called with n=7 (numWorkers=4)\nrun() called with n=6 (numWorkers=4)\nrun() called with n=7 (numWorkers=4)\nrun() called with n=8 (numWorkers=4)\nrun() called with n=5 (numWorkers=4)\nrun() called with n=6 (numWorkers=4)\nrun() called with n=6 (numWorkers=4)"},"time":3370.308,"fullname":"parallel/test-worker-memory","closingTestPoint":false}},{"testName":"es-module/test-vm-main-context-default-loader","timestamp":1703189029612,"status":"FAILED","jobName":"node-test-binary-windows-js-suites","config":"node-test-binary-windows-js-suites » 2,win2019-COMPILED_BY-vs2022 #25113","buildUrl":"https://ci.nodejs.org/job/node-test-binary-windows-js-suites/RUN_SUBSET=2,nodes=win2019-COMPILED_BY-vs2022/25113/","buildNumber":25113,"builtOn":"test-rackspace-win2019_vs2019-x64-4","nodeVersion":"22.0.0","commitHash":"7478354e92d06a9d8c1549e45d4c8dd890184ac5","callStack":[{"upstreamBuild":59928,"upstreamProject":"node-test-commit-windows-fanned","upstreamUrl":"job/node-test-commit-windows-fanned/"},{"upstreamBuild":67522,"upstreamProject":"node-test-commit","upstreamUrl":"job/node-test-commit/"},{"upstreamBuild":56446,"upstreamProject":"node-test-pull-request","upstreamUrl":"job/node-test-pull-request/"},{"prId":"51244"}],"tap":{"ok":false,"name":"es-module/test-vm-main-context-default-loader","id":55,"buffered":false,"tapError":null,"skip":false,"todo":false,"previous":null,"plan":null,"diag":{"severity":"fail","exitcode":1,"stack":"(node:3000) ExperimentalWarning: vm.USE_MAIN_CONTEXT_DEFAULT_LOADER is an experimental feature and might change at any time\n(Use `node --trace-warnings ...` to show where the warning was created)\nnode:internal/process/promises:289\n            triggerUncaughtException(err, true /* fromPromise */);\n            ^\n\nAssertionError [ERR_ASSERTION]: function should not have been called at C:\\workspace\\node-test-binary-windows-js-suites\\node\\test\\es-module\\test-vm-main-context-default-loader.js:138\ncalled with arguments: Error [ERR_UNSUPPORTED_ESM_URL_SCHEME]: Only URLs with a scheme in: file, data, and node are supported by the default ESM loader. On Windows, absolute paths must be valid file:// URLs. Received protocol 'c:'\n    at throwIfUnsupportedURLScheme (node:internal/modules/esm/load:239:11)\n    at defaultLoad (node:internal/modules/esm/load:130:3)\n    at ModuleLoader.load (node:internal/modules/esm/loader:409:13)\n    at ModuleLoader.moduleProvider (node:internal/modules/esm/loader:291:56)\n    at new ModuleJob (node:internal/modules/esm/module_job:65:26)\n    at #createModuleJob (node:internal/modules/esm/loader:303:17)\n    at ModuleLoader.getJobFromResolveResult (node:internal/modules/esm/loader:260:34)\n    at ModuleLoader.getModuleJob (node:internal/modules/esm/loader:241:17)\n    at process.processTicksAndRejections (node:internal/process/task_queues:95:5)\n    at async ModuleLoader.import (node:internal/modules/esm/loader:328:23) {\n  code: 'ERR_UNSUPPORTED_ESM_URL_SCHEME'\n}\n    at mustNotCall (C:\\workspace\\node-test-binary-windows-js-suites\\node\\test\\common\\index.js:554:12)\n    at process.processTicksAndRejections (node:internal/process/task_queues:95:5) {\n  generatedMessage: false,\n  code: 'ERR_ASSERTION',\n  actual: undefined,\n  expected: undefined,\n  operator: 'fail'\n}\n\nNode.js v22.0.0-pre"},"time":793.987,"fullname":"es-module/test-vm-main-context-default-loader","closingTestPoint":false}}]}