{"failedTests":[{"testName":"parallel/test-quic-internal-endpoint-options","timestamp":1703375635856,"status":"REGRESSION","jobName":"node-test-binary-windows-js-suites","config":"node-test-binary-windows-js-suites » 2,win11-arm64-COMPILED_BY-vs2022-arm64 #25159","buildUrl":"https://ci.nodejs.org/job/node-test-binary-windows-js-suites/RUN_SUBSET=2,nodes=win11-arm64-COMPILED_BY-vs2022-arm64/25159/","buildNumber":25159,"builtOn":"test-azure_msft-win11_vs2022-arm64-5","nodeVersion":"22.0.0","commitHash":"c1c6513669feb5e6715c1bcca3198997b4b49da0","callStack":[{"upstreamBuild":59978,"upstreamProject":"node-test-commit-windows-fanned","upstreamUrl":"job/node-test-commit-windows-fanned/"},{"upstreamBuild":67585,"upstreamProject":"node-test-commit","upstreamUrl":"job/node-test-commit/"},{"upstreamBuild":56502,"upstreamProject":"node-test-pull-request","upstreamUrl":"job/node-test-pull-request/"},{"prId":"51112"}],"tap":{"ok":false,"name":"parallel/test-quic-internal-endpoint-options","id":617,"buffered":false,"tapError":null,"skip":false,"todo":false,"previous":null,"plan":null,"diag":{"severity":"crashed","exitcode":3221225477,"stack":"(node:11316) internal/test/binding: These APIs are for internal testing only. Do not use them.\n(Use `node --trace-warnings ...` to show where the warning was created)"},"time":277.001,"fullname":"parallel/test-quic-internal-endpoint-options","closingTestPoint":false}},{"testName":"parallel/test-quic-internal-endpoint-stats-state","timestamp":1703375635856,"status":"FAILED","jobName":"node-test-binary-windows-js-suites","config":"node-test-binary-windows-js-suites » 2,win2016-COMPILED_BY-vs2022-x86 #25159","buildUrl":"https://ci.nodejs.org/job/node-test-binary-windows-js-suites/RUN_SUBSET=2,nodes=win2016-COMPILED_BY-vs2022-x86/25159/","buildNumber":25159,"builtOn":"test-azure_msft-win2016_vs2017-x64-1","nodeVersion":"22.0.0","commitHash":"c1c6513669feb5e6715c1bcca3198997b4b49da0","callStack":[{"upstreamBuild":59978,"upstreamProject":"node-test-commit-windows-fanned","upstreamUrl":"job/node-test-commit-windows-fanned/"},{"upstreamBuild":67585,"upstreamProject":"node-test-commit","upstreamUrl":"job/node-test-commit/"},{"upstreamBuild":56502,"upstreamProject":"node-test-pull-request","upstreamUrl":"job/node-test-pull-request/"},{"prId":"51112"}],"tap":{"ok":false,"name":"parallel/test-quic-internal-endpoint-stats-state","id":618,"buffered":false,"tapError":null,"skip":false,"todo":false,"previous":null,"plan":null,"diag":{"severity":"crashed","exitcode":3221225477,"stack":"(node:7196) internal/test/binding: These APIs are for internal testing only. Do not use them.\n(Use `node --trace-warnings ...` to show where the warning was created)"},"time":133.003,"fullname":"parallel/test-quic-internal-endpoint-stats-state","closingTestPoint":false}},{"testName":"parallel/test-quic-internal-endpoint-options","timestamp":1703375635856,"status":"FAILED","jobName":"node-test-binary-windows-js-suites","config":"node-test-binary-windows-js-suites » 1,win2016-COMPILED_BY-vs2022-x86 #25159","buildUrl":"https://ci.nodejs.org/job/node-test-binary-windows-js-suites/RUN_SUBSET=1,nodes=win2016-COMPILED_BY-vs2022-x86/25159/","buildNumber":25159,"builtOn":"test-azure_msft-win2016_vs2017-x64-4","nodeVersion":"22.0.0","commitHash":"c1c6513669feb5e6715c1bcca3198997b4b49da0","callStack":[{"upstreamBuild":59978,"upstreamProject":"node-test-commit-windows-fanned","upstreamUrl":"job/node-test-commit-windows-fanned/"},{"upstreamBuild":67585,"upstreamProject":"node-test-commit","upstreamUrl":"job/node-test-commit/"},{"upstreamBuild":56502,"upstreamProject":"node-test-pull-request","upstreamUrl":"job/node-test-pull-request/"},{"prId":"51112"}],"tap":{"ok":false,"name":"parallel/test-quic-internal-endpoint-options","id":619,"buffered":false,"tapError":null,"skip":false,"todo":false,"previous":null,"plan":null,"diag":{"severity":"crashed","exitcode":3221225477,"stack":"(node:6596) internal/test/binding: These APIs are for internal testing only. Do not use them.\n(Use `node --trace-warnings ...` to show where the warning was created)"},"time":250.017,"fullname":"parallel/test-quic-internal-endpoint-options","closingTestPoint":false}},{"testName":"sequential/test-single-executable-application-snapshot-and-code-cache","timestamp":1703375635856,"status":"FAILED","jobName":"node-test-binary-windows-js-suites","config":"node-test-binary-windows-js-suites » 3,win2016-COMPILED_BY-vs2022-x86 #25159","buildUrl":"https://ci.nodejs.org/job/node-test-binary-windows-js-suites/RUN_SUBSET=3,nodes=win2016-COMPILED_BY-vs2022-x86/25159/","buildNumber":25159,"builtOn":"test-azure_msft-win2016_vs2017-x64-2","nodeVersion":"22.0.0","commitHash":"c1c6513669feb5e6715c1bcca3198997b4b49da0","callStack":[{"upstreamBuild":59978,"upstreamProject":"node-test-commit-windows-fanned","upstreamUrl":"job/node-test-commit-windows-fanned/"},{"upstreamBuild":67585,"upstreamProject":"node-test-commit","upstreamUrl":"job/node-test-commit/"},{"upstreamBuild":56502,"upstreamProject":"node-test-pull-request","upstreamUrl":"job/node-test-pull-request/"},{"prId":"51112"}],"tap":{"ok":false,"name":"sequential/test-single-executable-application-snapshot-and-code-cache","id":956,"buffered":false,"tapError":null,"skip":false,"todo":": Fix flaky test","previous":null,"plan":null,"diag":{"severity":"flaky","exitcode":1,"stack":"[process 7120]: --- stderr ---\nAborted()\n\n[process 7120]: --- stdout ---\n\u001b[36mStart injection of NODE_SEA_BLOB in C:\\workspace\\node-test-binary-windows-js-suites\\node\\test\\.tmp.955\\sea.exe...\u001b[0m\n\u001b[31mError: Aborted(). Build with -sASSERTIONS for more info.\u001b[0m\n\n[process 7120]: status = 1, signal = null\nC:\\workspace\\node-test-binary-windows-js-suites\\node\\test\\common\\child_process.js:86\n    throw new Error(`${failures.join('\\n')}`);\n    ^\n\nError: - process terminated with status 1, expected 0\n    at logAndThrow (C:\\workspace\\node-test-binary-windows-js-suites\\node\\test\\common\\child_process.js:86:11)\n    at expectSyncExit (C:\\workspace\\node-test-binary-windows-js-suites\\node\\test\\common\\child_process.js:91:5)\n    at spawnSyncAndExitWithoutError (C:\\workspace\\node-test-binary-windows-js-suites\\node\\test\\common\\child_process.js:125:10)\n    at injectAndCodeSign (C:\\workspace\\node-test-binary-windows-js-suites\\node\\test\\common\\sea.js:59:3)\n    at Object.<anonymous> (C:\\workspace\\node-test-binary-windows-js-suites\\node\\test\\sequential\\test-single-executable-application-snapshot-and-code-cache.js:66:3)\n    at Module._compile (node:internal/modules/cjs/loader:1378:14)\n    at Module._extensions..js (node:internal/modules/cjs/loader:1437:10)\n    at Module.load (node:internal/modules/cjs/loader:1212:32)\n    at Module._load (node:internal/modules/cjs/loader:1028:12)\n    at Function.executeUserEntryPoint [as runMain] (node:internal/modules/run_main:142:12)\n\nNode.js v22.0.0-pre"},"time":16436.101,"fullname":"sequential/test-single-executable-application-snapshot-and-code-cache","closingTestPoint":false}}]}