{"failedTests":[{"testName":"sequential/test-single-executable-application-snapshot-and-code-cache","timestamp":1703601740369,"status":"FAILED","jobName":"node-test-binary-windows-js-suites","config":"node-test-binary-windows-js-suites » 0,win2016-COMPILED_BY-vs2022-x86 #25198","buildUrl":"https://ci.nodejs.org/job/node-test-binary-windows-js-suites/RUN_SUBSET=0,nodes=win2016-COMPILED_BY-vs2022-x86/25198/","buildNumber":25198,"builtOn":"test-azure_msft-win2016_vs2017-x64-6","nodeVersion":"22.0.0","commitHash":"231d15a709305f848b88eaca3872c09c4773050e","callStack":[{"upstreamBuild":60018,"upstreamProject":"node-test-commit-windows-fanned","upstreamUrl":"job/node-test-commit-windows-fanned/"},{"upstreamBuild":67629,"upstreamProject":"node-test-commit","upstreamUrl":"job/node-test-commit/"},{"upstreamBuild":56537,"upstreamProject":"node-test-pull-request","upstreamUrl":"job/node-test-pull-request/"},{"prId":"51112"}],"tap":{"ok":false,"name":"sequential/test-single-executable-application-snapshot-and-code-cache","id":957,"buffered":false,"tapError":null,"skip":false,"todo":": Fix flaky test","previous":null,"plan":null,"diag":{"severity":"flaky","exitcode":1,"stack":"[process 6216]: --- stderr ---\nAborted()\n\n[process 6216]: --- stdout ---\n\u001b[36mStart injection of NODE_SEA_BLOB in C:\\workspace\\node-test-binary-windows-js-suites\\node\\test\\.tmp.956\\sea.exe...\u001b[0m\n\u001b[31mError: Aborted(). Build with -sASSERTIONS for more info.\u001b[0m\n\n[process 6216]: status = 1, signal = null\nC:\\workspace\\node-test-binary-windows-js-suites\\node\\test\\common\\child_process.js:86\n    throw new Error(`${failures.join('\\n')}`);\n    ^\n\nError: - process terminated with status 1, expected 0\n    at logAndThrow (C:\\workspace\\node-test-binary-windows-js-suites\\node\\test\\common\\child_process.js:86:11)\n    at expectSyncExit (C:\\workspace\\node-test-binary-windows-js-suites\\node\\test\\common\\child_process.js:91:5)\n    at spawnSyncAndExitWithoutError (C:\\workspace\\node-test-binary-windows-js-suites\\node\\test\\common\\child_process.js:125:10)\n    at injectAndCodeSign (C:\\workspace\\node-test-binary-windows-js-suites\\node\\test\\common\\sea.js:59:3)\n    at Object.<anonymous> (C:\\workspace\\node-test-binary-windows-js-suites\\node\\test\\sequential\\test-single-executable-application-snapshot-and-code-cache.js:66:3)\n    at Module._compile (node:internal/modules/cjs/loader:1378:14)\n    at Module._extensions..js (node:internal/modules/cjs/loader:1437:10)\n    at Module.load (node:internal/modules/cjs/loader:1212:32)\n    at Module._load (node:internal/modules/cjs/loader:1028:12)\n    at Function.executeUserEntryPoint [as runMain] (node:internal/modules/run_main:142:12)\n\nNode.js v22.0.0-pre"},"time":16417.971,"fullname":"sequential/test-single-executable-application-snapshot-and-code-cache","closingTestPoint":false}},{"testName":"parallel/test-quic-internal-endpoint-options","timestamp":1703601740369,"status":"FAILED","jobName":"node-test-binary-windows-js-suites","config":"node-test-binary-windows-js-suites » 1,win2016-COMPILED_BY-vs2022-x86 #25198","buildUrl":"https://ci.nodejs.org/job/node-test-binary-windows-js-suites/RUN_SUBSET=1,nodes=win2016-COMPILED_BY-vs2022-x86/25198/","buildNumber":25198,"builtOn":"test-azure_msft-win2016_vs2017-x64-4","nodeVersion":"22.0.0","commitHash":"231d15a709305f848b88eaca3872c09c4773050e","callStack":[{"upstreamBuild":60018,"upstreamProject":"node-test-commit-windows-fanned","upstreamUrl":"job/node-test-commit-windows-fanned/"},{"upstreamBuild":67629,"upstreamProject":"node-test-commit","upstreamUrl":"job/node-test-commit/"},{"upstreamBuild":56537,"upstreamProject":"node-test-pull-request","upstreamUrl":"job/node-test-pull-request/"},{"prId":"51112"}],"tap":{"ok":false,"name":"parallel/test-quic-internal-endpoint-options","id":617,"buffered":false,"tapError":null,"skip":false,"todo":false,"previous":null,"plan":null,"diag":{"severity":"crashed","exitcode":3221225477,"stack":"(node:8104) internal/test/binding: These APIs are for internal testing only. Do not use them.\n(Use `node --trace-warnings ...` to show where the warning was created)"},"time":218.009,"fullname":"parallel/test-quic-internal-endpoint-options","closingTestPoint":false}}]}