{"failedTests":[{"testName":"parallel/test-child-process-pipe-dataflow","timestamp":1703586272699,"status":"FAILED","jobName":"node-test-binary-windows-js-suites","config":"node-test-binary-windows-js-suites » 1,win2016-COMPILED_BY-vs2019-x86 #25194","buildUrl":"https://ci.nodejs.org/job/node-test-binary-windows-js-suites/RUN_SUBSET=1,nodes=win2016-COMPILED_BY-vs2019-x86/25194/","buildNumber":25194,"builtOn":"test-rackspace-win2016_vs2015-x64-1","nodeVersion":"18.19.1","commitHash":"7fa1551557cf319f997a8bcabbf773049380c961","callStack":[{"upstreamBuild":60014,"upstreamProject":"node-test-commit-windows-fanned","upstreamUrl":"job/node-test-commit-windows-fanned/"},{"upstreamBuild":67625,"upstreamProject":"node-test-commit","upstreamUrl":"job/node-test-commit/"},{"upstreamBuild":53,"upstreamProject":"node-daily-v18.x-staging","upstreamUrl":"job/node-daily-v18.x-staging/"}],"tap":{"ok":false,"name":"parallel/test-child-process-pipe-dataflow","id":108,"buffered":false,"tapError":null,"skip":false,"todo":": Fix flaky test","previous":null,"plan":null,"diag":{"severity":"flaky","exitcode":1,"stack":"node:assert:125\n  throw new AssertionError(obj);\n  ^\n\nAssertionError [ERR_ASSERTION]: Expected values to be strictly equal:\n+ actual - expected\n\n+ '188344'\n- '1048577'\n    at process.<anonymous> (C:\\workspace\\node-test-binary-windows-js-suites\\node\\test\\parallel\\test-child-process-pipe-dataflow.js:71:12)\n    at process.emit (node:events:529:35) {\n  generatedMessage: true,\n  code: 'ERR_ASSERTION',\n  actual: '188344',\n  expected: '1048577',\n  operator: 'strictEqual'\n}\n\nNode.js v18.19.1-pre"},"time":427.991,"fullname":"parallel/test-child-process-pipe-dataflow","closingTestPoint":false}},{"testName":"parallel/test-child-process-pipe-dataflow","timestamp":1703586272699,"status":"FAILED","jobName":"node-test-binary-windows-js-suites","config":"node-test-binary-windows-js-suites » 1,win2019-COMPILED_BY-vs2019 #25194","buildUrl":"https://ci.nodejs.org/job/node-test-binary-windows-js-suites/RUN_SUBSET=1,nodes=win2019-COMPILED_BY-vs2019/25194/","buildNumber":25194,"builtOn":"test-rackspace-win2019_vs2019-x64-3","nodeVersion":"18.19.1","commitHash":"7fa1551557cf319f997a8bcabbf773049380c961","callStack":[{"upstreamBuild":60014,"upstreamProject":"node-test-commit-windows-fanned","upstreamUrl":"job/node-test-commit-windows-fanned/"},{"upstreamBuild":67625,"upstreamProject":"node-test-commit","upstreamUrl":"job/node-test-commit/"},{"upstreamBuild":53,"upstreamProject":"node-daily-v18.x-staging","upstreamUrl":"job/node-daily-v18.x-staging/"}],"tap":{"ok":false,"name":"parallel/test-child-process-pipe-dataflow","id":110,"buffered":false,"tapError":null,"skip":false,"todo":": Fix flaky test","previous":null,"plan":null,"diag":{"severity":"flaky","exitcode":1,"stack":"node:assert:125\n  throw new AssertionError(obj);\n  ^\n\nAssertionError [ERR_ASSERTION]: Expected values to be strictly equal:\n+ actual - expected\n\n+ '37'\n- '1048577'\n    at process.<anonymous> (C:\\workspace\\node-test-binary-windows-js-suites\\node\\test\\parallel\\test-child-process-pipe-dataflow.js:71:12)\n    at process.emit (node:events:529:35) {\n  generatedMessage: true,\n  code: 'ERR_ASSERTION',\n  actual: '37',\n  expected: '1048577',\n  operator: 'strictEqual'\n}\n\nNode.js v18.19.1-pre"},"time":528.016,"fullname":"parallel/test-child-process-pipe-dataflow","closingTestPoint":false}},{"testName":"parallel/test-child-process-pipe-dataflow","timestamp":1703586272699,"status":"FAILED","jobName":"node-test-binary-windows-js-suites","config":"node-test-binary-windows-js-suites » 1,win2022-COMPILED_BY-vs2019 #25194","buildUrl":"https://ci.nodejs.org/job/node-test-binary-windows-js-suites/RUN_SUBSET=1,nodes=win2022-COMPILED_BY-vs2019/25194/","buildNumber":25194,"builtOn":"test-rackspace-win2022_vs2022-x64-1","nodeVersion":"18.19.1","commitHash":"7fa1551557cf319f997a8bcabbf773049380c961","callStack":[{"upstreamBuild":60014,"upstreamProject":"node-test-commit-windows-fanned","upstreamUrl":"job/node-test-commit-windows-fanned/"},{"upstreamBuild":67625,"upstreamProject":"node-test-commit","upstreamUrl":"job/node-test-commit/"},{"upstreamBuild":53,"upstreamProject":"node-daily-v18.x-staging","upstreamUrl":"job/node-daily-v18.x-staging/"}],"tap":{"ok":false,"name":"parallel/test-child-process-pipe-dataflow","id":113,"buffered":false,"tapError":null,"skip":false,"todo":": Fix flaky test","previous":null,"plan":null,"diag":{"severity":"flaky","exitcode":1,"stack":"node:assert:125\n  throw new AssertionError(obj);\n  ^\n\nAssertionError [ERR_ASSERTION]: Expected values to be strictly equal:\n+ actual - expected\n\n+ '3244440'\n- '1048577'\n    at process.<anonymous> (C:\\workspace\\node-test-binary-windows-js-suites\\node\\test\\parallel\\test-child-process-pipe-dataflow.js:71:12)\n    at process.emit (node:events:529:35) {\n  generatedMessage: true,\n  code: 'ERR_ASSERTION',\n  actual: '3244440',\n  expected: '1048577',\n  operator: 'strictEqual'\n}\n\nNode.js v18.19.1-pre"},"time":2579.057,"fullname":"parallel/test-child-process-pipe-dataflow","closingTestPoint":false}}]}