{"failedTests":[{"testName":"es-module/test-vm-main-context-default-loader","timestamp":1705274474512,"status":"FAILED","jobName":"node-test-binary-windows-js-suites","config":"node-test-binary-windows-js-suites » 2,win2022-COMPILED_BY-vs2022 #25413","buildUrl":"https://ci.nodejs.org/job/node-test-binary-windows-js-suites/RUN_SUBSET=2,nodes=win2022-COMPILED_BY-vs2022/25413/","buildNumber":25413,"builtOn":"test-rackspace-win2022_vs2022-x64-3","nodeVersion":"22.0.0","commitHash":"4f055d2a828838ca8472ea7a18b2905bebb999f0","callStack":[{"upstreamBuild":60278,"upstreamProject":"node-test-commit-windows-fanned","upstreamUrl":"job/node-test-commit-windows-fanned/"},{"upstreamBuild":67929,"upstreamProject":"node-test-commit","upstreamUrl":"job/node-test-commit/"},{"upstreamBuild":56777,"upstreamProject":"node-test-pull-request","upstreamUrl":"job/node-test-pull-request/"},{"prId":"51244"}],"tap":{"ok":false,"name":"es-module/test-vm-main-context-default-loader","id":53,"buffered":false,"tapError":null,"skip":false,"todo":false,"previous":null,"plan":null,"diag":{"severity":"fail","exitcode":1,"stack":"(node:10400) ExperimentalWarning: vm.USE_MAIN_CONTEXT_DEFAULT_LOADER is an experimental feature and might change at any time\n(Use `node --trace-warnings ...` to show where the warning was created)\nnode:internal/process/promises:289\n            triggerUncaughtException(err, true /* fromPromise */);\n            ^\n\nAssertionError [ERR_ASSERTION]: function should not have been called at C:\\workspace\\node-test-binary-windows-js-suites\\node\\test\\es-module\\test-vm-main-context-default-loader.js:138\ncalled with arguments: Error [ERR_UNSUPPORTED_ESM_URL_SCHEME]: Only URLs with a scheme in: file, data, and node are supported by the default ESM loader. On Windows, absolute paths must be valid file:// URLs. Received protocol 'c:'\n    at throwIfUnsupportedURLScheme (node:internal/modules/esm/load:239:11)\n    at defaultLoad (node:internal/modules/esm/load:130:3)\n    at ModuleLoader.load (node:internal/modules/esm/loader:403:13)\n    at ModuleLoader.moduleProvider (node:internal/modules/esm/loader:285:56)\n    at new ModuleJob (node:internal/modules/esm/module_job:65:26)\n    at #createModuleJob (node:internal/modules/esm/loader:297:17)\n    at ModuleLoader.getJobFromResolveResult (node:internal/modules/esm/loader:254:34)\n    at ModuleLoader.getModuleJob (node:internal/modules/esm/loader:235:17)\n    at process.processTicksAndRejections (node:internal/process/task_queues:95:5)\n    at async ModuleLoader.import (node:internal/modules/esm/loader:322:23) {\n  code: 'ERR_UNSUPPORTED_ESM_URL_SCHEME'\n}\n    at mustNotCall (C:\\workspace\\node-test-binary-windows-js-suites\\node\\test\\common\\index.js:554:12)\n    at process.processTicksAndRejections (node:internal/process/task_queues:95:5) {\n  generatedMessage: false,\n  code: 'ERR_ASSERTION',\n  actual: undefined,\n  expected: undefined,\n  operator: 'fail'\n}\n\nNode.js v22.0.0-pre"},"time":495.007,"fullname":"es-module/test-vm-main-context-default-loader","closingTestPoint":false}},{"testName":"es-module/test-vm-main-context-default-loader","timestamp":1705274474512,"status":"FAILED","jobName":"node-test-binary-windows-js-suites","config":"node-test-binary-windows-js-suites » 2,win11-arm64-COMPILED_BY-vs2022-arm64 #25413","buildUrl":"https://ci.nodejs.org/job/node-test-binary-windows-js-suites/RUN_SUBSET=2,nodes=win11-arm64-COMPILED_BY-vs2022-arm64/25413/","buildNumber":25413,"builtOn":"test-azure_msft-win11_vs2022-arm64-5","nodeVersion":"22.0.0","commitHash":"4f055d2a828838ca8472ea7a18b2905bebb999f0","callStack":[{"upstreamBuild":60278,"upstreamProject":"node-test-commit-windows-fanned","upstreamUrl":"job/node-test-commit-windows-fanned/"},{"upstreamBuild":67929,"upstreamProject":"node-test-commit","upstreamUrl":"job/node-test-commit/"},{"upstreamBuild":56777,"upstreamProject":"node-test-pull-request","upstreamUrl":"job/node-test-pull-request/"},{"prId":"51244"}],"tap":{"ok":false,"name":"es-module/test-vm-main-context-default-loader","id":52,"buffered":false,"tapError":null,"skip":false,"todo":false,"previous":null,"plan":null,"diag":{"severity":"fail","exitcode":1,"stack":"(node:9652) ExperimentalWarning: vm.USE_MAIN_CONTEXT_DEFAULT_LOADER is an experimental feature and might change at any time\n(Use `node --trace-warnings ...` to show where the warning was created)\nnode:internal/process/promises:289\n            triggerUncaughtException(err, true /* fromPromise */);\n            ^\n\nAssertionError [ERR_ASSERTION]: function should not have been called at d:\\workspace\\node-test-binary-windows-js-suites\\node\\test\\es-module\\test-vm-main-context-default-loader.js:138\ncalled with arguments: Error [ERR_UNSUPPORTED_ESM_URL_SCHEME]: Only URLs with a scheme in: file, data, and node are supported by the default ESM loader. On Windows, absolute paths must be valid file:// URLs. Received protocol 'd:'\n    at throwIfUnsupportedURLScheme (node:internal/modules/esm/load:239:11)\n    at defaultLoad (node:internal/modules/esm/load:130:3)\n    at ModuleLoader.load (node:internal/modules/esm/loader:403:13)\n    at ModuleLoader.moduleProvider (node:internal/modules/esm/loader:285:56)\n    at new ModuleJob (node:internal/modules/esm/module_job:65:26)\n    at #createModuleJob (node:internal/modules/esm/loader:297:17)\n    at ModuleLoader.getJobFromResolveResult (node:internal/modules/esm/loader:254:34)\n    at ModuleLoader.getModuleJob (node:internal/modules/esm/loader:235:17)\n    at process.processTicksAndRejections (node:internal/process/task_queues:95:5)\n    at async ModuleLoader.import (node:internal/modules/esm/loader:322:23) {\n  code: 'ERR_UNSUPPORTED_ESM_URL_SCHEME'\n}\n    at mustNotCall (d:\\workspace\\node-test-binary-windows-js-suites\\node\\test\\common\\index.js:554:12)\n    at process.processTicksAndRejections (node:internal/process/task_queues:95:5) {\n  generatedMessage: false,\n  code: 'ERR_ASSERTION',\n  actual: undefined,\n  expected: undefined,\n  operator: 'fail'\n}\n\nNode.js v22.0.0-pre"},"time":639.004,"fullname":"es-module/test-vm-main-context-default-loader","closingTestPoint":false}},{"testName":"parallel/test-fs-read-stream-concurrent-reads","timestamp":1705274474512,"status":"FAILED","jobName":"node-test-binary-windows-js-suites","config":"node-test-binary-windows-js-suites » 2,win11-arm64-COMPILED_BY-vs2022-arm64 #25413","buildUrl":"https://ci.nodejs.org/job/node-test-binary-windows-js-suites/RUN_SUBSET=2,nodes=win11-arm64-COMPILED_BY-vs2022-arm64/25413/","buildNumber":25413,"builtOn":"test-azure_msft-win11_vs2022-arm64-5","nodeVersion":"22.0.0","commitHash":"4f055d2a828838ca8472ea7a18b2905bebb999f0","callStack":[{"upstreamBuild":60278,"upstreamProject":"node-test-commit-windows-fanned","upstreamUrl":"job/node-test-commit-windows-fanned/"},{"upstreamBuild":67929,"upstreamProject":"node-test-commit","upstreamUrl":"job/node-test-commit/"},{"upstreamBuild":56777,"upstreamProject":"node-test-pull-request","upstreamUrl":"job/node-test-pull-request/"},{"prId":"51244"}],"tap":{"ok":false,"name":"parallel/test-fs-read-stream-concurrent-reads","id":919,"buffered":false,"tapError":null,"skip":false,"todo":false,"previous":null,"plan":null,"diag":{"severity":"fail","exitcode":1,"stack":"timeout"},"time":120238.878,"fullname":"parallel/test-fs-read-stream-concurrent-reads","closingTestPoint":false}},{"testName":"es-module/test-vm-main-context-default-loader","timestamp":1705274474512,"status":"FAILED","jobName":"node-test-binary-windows-js-suites","config":"node-test-binary-windows-js-suites » 2,win11-COMPILED_BY-vs2022 #25413","buildUrl":"https://ci.nodejs.org/job/node-test-binary-windows-js-suites/RUN_SUBSET=2,nodes=win11-COMPILED_BY-vs2022/25413/","buildNumber":25413,"builtOn":"test-azure_msft-win11_vs2022-x64-2","nodeVersion":"22.0.0","commitHash":"4f055d2a828838ca8472ea7a18b2905bebb999f0","callStack":[{"upstreamBuild":60278,"upstreamProject":"node-test-commit-windows-fanned","upstreamUrl":"job/node-test-commit-windows-fanned/"},{"upstreamBuild":67929,"upstreamProject":"node-test-commit","upstreamUrl":"job/node-test-commit/"},{"upstreamBuild":56777,"upstreamProject":"node-test-pull-request","upstreamUrl":"job/node-test-pull-request/"},{"prId":"51244"}],"tap":{"ok":false,"name":"es-module/test-vm-main-context-default-loader","id":56,"buffered":false,"tapError":null,"skip":false,"todo":false,"previous":null,"plan":null,"diag":{"severity":"fail","exitcode":1,"stack":"(node:5348) ExperimentalWarning: vm.USE_MAIN_CONTEXT_DEFAULT_LOADER is an experimental feature and might change at any time\n(Use `node --trace-warnings ...` to show where the warning was created)\nnode:internal/process/promises:289\n            triggerUncaughtException(err, true /* fromPromise */);\n            ^\n\nAssertionError [ERR_ASSERTION]: function should not have been called at c:\\workspace\\node-test-binary-windows-js-suites\\node\\test\\es-module\\test-vm-main-context-default-loader.js:138\ncalled with arguments: Error [ERR_UNSUPPORTED_ESM_URL_SCHEME]: Only URLs with a scheme in: file, data, and node are supported by the default ESM loader. On Windows, absolute paths must be valid file:// URLs. Received protocol 'c:'\n    at throwIfUnsupportedURLScheme (node:internal/modules/esm/load:239:11)\n    at defaultLoad (node:internal/modules/esm/load:130:3)\n    at ModuleLoader.load (node:internal/modules/esm/loader:403:13)\n    at ModuleLoader.moduleProvider (node:internal/modules/esm/loader:285:56)\n    at new ModuleJob (node:internal/modules/esm/module_job:65:26)\n    at #createModuleJob (node:internal/modules/esm/loader:297:17)\n    at ModuleLoader.getJobFromResolveResult (node:internal/modules/esm/loader:254:34)\n    at ModuleLoader.getModuleJob (node:internal/modules/esm/loader:235:17)\n    at process.processTicksAndRejections (node:internal/process/task_queues:95:5)\n    at async ModuleLoader.import (node:internal/modules/esm/loader:322:23) {\n  code: 'ERR_UNSUPPORTED_ESM_URL_SCHEME'\n}\n    at mustNotCall (c:\\workspace\\node-test-binary-windows-js-suites\\node\\test\\common\\index.js:554:12)\n    at process.processTicksAndRejections (node:internal/process/task_queues:95:5) {\n  generatedMessage: false,\n  code: 'ERR_ASSERTION',\n  actual: undefined,\n  expected: undefined,\n  operator: 'fail'\n}\n\nNode.js v22.0.0-pre"},"time":291.004,"fullname":"es-module/test-vm-main-context-default-loader","closingTestPoint":false}},{"testName":"es-module/test-vm-main-context-default-loader","timestamp":1705274474512,"status":"FAILED","jobName":"node-test-binary-windows-js-suites","config":"node-test-binary-windows-js-suites » 2,win2016-COMPILED_BY-vs2022-x86 #25413","buildUrl":"https://ci.nodejs.org/job/node-test-binary-windows-js-suites/RUN_SUBSET=2,nodes=win2016-COMPILED_BY-vs2022-x86/25413/","buildNumber":25413,"builtOn":"test-rackspace-win2016_vs2015-x64-2","nodeVersion":"22.0.0","commitHash":"4f055d2a828838ca8472ea7a18b2905bebb999f0","callStack":[{"upstreamBuild":60278,"upstreamProject":"node-test-commit-windows-fanned","upstreamUrl":"job/node-test-commit-windows-fanned/"},{"upstreamBuild":67929,"upstreamProject":"node-test-commit","upstreamUrl":"job/node-test-commit/"},{"upstreamBuild":56777,"upstreamProject":"node-test-pull-request","upstreamUrl":"job/node-test-pull-request/"},{"prId":"51244"}],"tap":{"ok":false,"name":"es-module/test-vm-main-context-default-loader","id":53,"buffered":false,"tapError":null,"skip":false,"todo":false,"previous":null,"plan":null,"diag":{"severity":"fail","exitcode":1,"stack":"(node:8788) ExperimentalWarning: vm.USE_MAIN_CONTEXT_DEFAULT_LOADER is an experimental feature and might change at any time\n(Use `node --trace-warnings ...` to show where the warning was created)\nnode:internal/process/promises:289\n            triggerUncaughtException(err, true /* fromPromise */);\n            ^\n\nAssertionError [ERR_ASSERTION]: function should not have been called at C:\\workspace\\node-test-binary-windows-js-suites\\node\\test\\es-module\\test-vm-main-context-default-loader.js:138\ncalled with arguments: Error [ERR_UNSUPPORTED_ESM_URL_SCHEME]: Only URLs with a scheme in: file, data, and node are supported by the default ESM loader. On Windows, absolute paths must be valid file:// URLs. Received protocol 'c:'\n    at throwIfUnsupportedURLScheme (node:internal/modules/esm/load:239:11)\n    at defaultLoad (node:internal/modules/esm/load:130:3)\n    at ModuleLoader.load (node:internal/modules/esm/loader:403:13)\n    at ModuleLoader.moduleProvider (node:internal/modules/esm/loader:285:56)\n    at new ModuleJob (node:internal/modules/esm/module_job:65:26)\n    at #createModuleJob (node:internal/modules/esm/loader:297:17)\n    at ModuleLoader.getJobFromResolveResult (node:internal/modules/esm/loader:254:34)\n    at ModuleLoader.getModuleJob (node:internal/modules/esm/loader:235:17)\n    at process.processTicksAndRejections (node:internal/process/task_queues:95:5)\n    at async ModuleLoader.import (node:internal/modules/esm/loader:322:23) {\n  code: 'ERR_UNSUPPORTED_ESM_URL_SCHEME'\n}\n    at mustNotCall (C:\\workspace\\node-test-binary-windows-js-suites\\node\\test\\common\\index.js:554:12)\n    at process.processTicksAndRejections (node:internal/process/task_queues:95:5) {\n  generatedMessage: false,\n  code: 'ERR_ASSERTION',\n  actual: undefined,\n  expected: undefined,\n  operator: 'fail'\n}\n\nNode.js v22.0.0-pre"},"time":360.001,"fullname":"es-module/test-vm-main-context-default-loader","closingTestPoint":false}},{"testName":"es-module/test-vm-main-context-default-loader","timestamp":1705274474512,"status":"FAILED","jobName":"node-test-binary-windows-js-suites","config":"node-test-binary-windows-js-suites » 2,win10-COMPILED_BY-vs2022 #25413","buildUrl":"https://ci.nodejs.org/job/node-test-binary-windows-js-suites/RUN_SUBSET=2,nodes=win10-COMPILED_BY-vs2022/25413/","buildNumber":25413,"builtOn":"test-azure_msft-win10_vs2019-x64-1","nodeVersion":"22.0.0","commitHash":"4f055d2a828838ca8472ea7a18b2905bebb999f0","callStack":[{"upstreamBuild":60278,"upstreamProject":"node-test-commit-windows-fanned","upstreamUrl":"job/node-test-commit-windows-fanned/"},{"upstreamBuild":67929,"upstreamProject":"node-test-commit","upstreamUrl":"job/node-test-commit/"},{"upstreamBuild":56777,"upstreamProject":"node-test-pull-request","upstreamUrl":"job/node-test-pull-request/"},{"prId":"51244"}],"tap":{"ok":false,"name":"es-module/test-vm-main-context-default-loader","id":55,"buffered":false,"tapError":null,"skip":false,"todo":false,"previous":null,"plan":null,"diag":{"severity":"fail","exitcode":1,"stack":"(node:3228) ExperimentalWarning: vm.USE_MAIN_CONTEXT_DEFAULT_LOADER is an experimental feature and might change at any time\n(Use `node --trace-warnings ...` to show where the warning was created)\nnode:internal/process/promises:289\n            triggerUncaughtException(err, true /* fromPromise */);\n            ^\n\nAssertionError [ERR_ASSERTION]: function should not have been called at c:\\workspace\\node-test-binary-windows-js-suites\\node\\test\\es-module\\test-vm-main-context-default-loader.js:138\ncalled with arguments: Error [ERR_UNSUPPORTED_ESM_URL_SCHEME]: Only URLs with a scheme in: file, data, and node are supported by the default ESM loader. On Windows, absolute paths must be valid file:// URLs. Received protocol 'c:'\n    at throwIfUnsupportedURLScheme (node:internal/modules/esm/load:239:11)\n    at defaultLoad (node:internal/modules/esm/load:130:3)\n    at ModuleLoader.load (node:internal/modules/esm/loader:403:13)\n    at ModuleLoader.moduleProvider (node:internal/modules/esm/loader:285:56)\n    at new ModuleJob (node:internal/modules/esm/module_job:65:26)\n    at #createModuleJob (node:internal/modules/esm/loader:297:17)\n    at ModuleLoader.getJobFromResolveResult (node:internal/modules/esm/loader:254:34)\n    at ModuleLoader.getModuleJob (node:internal/modules/esm/loader:235:17)\n    at process.processTicksAndRejections (node:internal/process/task_queues:95:5)\n    at async ModuleLoader.import (node:internal/modules/esm/loader:322:23) {\n  code: 'ERR_UNSUPPORTED_ESM_URL_SCHEME'\n}\n    at mustNotCall (c:\\workspace\\node-test-binary-windows-js-suites\\node\\test\\common\\index.js:554:12)\n    at process.processTicksAndRejections (node:internal/process/task_queues:95:5) {\n  generatedMessage: false,\n  code: 'ERR_ASSERTION',\n  actual: undefined,\n  expected: undefined,\n  operator: 'fail'\n}\n\nNode.js v22.0.0-pre"},"time":272.001,"fullname":"es-module/test-vm-main-context-default-loader","closingTestPoint":false}},{"testName":"es-module/test-vm-main-context-default-loader","timestamp":1705274474512,"status":"FAILED","jobName":"node-test-binary-windows-js-suites","config":"node-test-binary-windows-js-suites » 2,win2019-COMPILED_BY-vs2022 #25413","buildUrl":"https://ci.nodejs.org/job/node-test-binary-windows-js-suites/RUN_SUBSET=2,nodes=win2019-COMPILED_BY-vs2022/25413/","buildNumber":25413,"builtOn":"test-rackspace-win2019_vs2019-x64-4","nodeVersion":"22.0.0","commitHash":"4f055d2a828838ca8472ea7a18b2905bebb999f0","callStack":[{"upstreamBuild":60278,"upstreamProject":"node-test-commit-windows-fanned","upstreamUrl":"job/node-test-commit-windows-fanned/"},{"upstreamBuild":67929,"upstreamProject":"node-test-commit","upstreamUrl":"job/node-test-commit/"},{"upstreamBuild":56777,"upstreamProject":"node-test-pull-request","upstreamUrl":"job/node-test-pull-request/"},{"prId":"51244"}],"tap":{"ok":false,"name":"es-module/test-vm-main-context-default-loader","id":54,"buffered":false,"tapError":null,"skip":false,"todo":false,"previous":null,"plan":null,"diag":{"severity":"fail","exitcode":1,"stack":"(node:8520) ExperimentalWarning: vm.USE_MAIN_CONTEXT_DEFAULT_LOADER is an experimental feature and might change at any time\n(Use `node --trace-warnings ...` to show where the warning was created)\nnode:internal/process/promises:289\n            triggerUncaughtException(err, true /* fromPromise */);\n            ^\n\nAssertionError [ERR_ASSERTION]: function should not have been called at C:\\workspace\\node-test-binary-windows-js-suites\\node\\test\\es-module\\test-vm-main-context-default-loader.js:138\ncalled with arguments: Error [ERR_UNSUPPORTED_ESM_URL_SCHEME]: Only URLs with a scheme in: file, data, and node are supported by the default ESM loader. On Windows, absolute paths must be valid file:// URLs. Received protocol 'c:'\n    at throwIfUnsupportedURLScheme (node:internal/modules/esm/load:239:11)\n    at defaultLoad (node:internal/modules/esm/load:130:3)\n    at ModuleLoader.load (node:internal/modules/esm/loader:403:13)\n    at ModuleLoader.moduleProvider (node:internal/modules/esm/loader:285:56)\n    at new ModuleJob (node:internal/modules/esm/module_job:65:26)\n    at #createModuleJob (node:internal/modules/esm/loader:297:17)\n    at ModuleLoader.getJobFromResolveResult (node:internal/modules/esm/loader:254:34)\n    at ModuleLoader.getModuleJob (node:internal/modules/esm/loader:235:17)\n    at process.processTicksAndRejections (node:internal/process/task_queues:95:5)\n    at async ModuleLoader.import (node:internal/modules/esm/loader:322:23) {\n  code: 'ERR_UNSUPPORTED_ESM_URL_SCHEME'\n}\n    at mustNotCall (C:\\workspace\\node-test-binary-windows-js-suites\\node\\test\\common\\index.js:554:12)\n    at process.processTicksAndRejections (node:internal/process/task_queues:95:5) {\n  generatedMessage: false,\n  code: 'ERR_ASSERTION',\n  actual: undefined,\n  expected: undefined,\n  operator: 'fail'\n}\n\nNode.js v22.0.0-pre"},"time":830.005,"fullname":"es-module/test-vm-main-context-default-loader","closingTestPoint":false}}]}