{"failedTests":[{"testName":"parallel/test-runner-watch-mode","timestamp":1705432175216,"status":"FAILED","jobName":"node-test-binary-windows-js-suites","config":"node-test-binary-windows-js-suites » 3,win2016-COMPILED_BY-vs2022-x86 #25451","buildUrl":"https://ci.nodejs.org/job/node-test-binary-windows-js-suites/RUN_SUBSET=3,nodes=win2016-COMPILED_BY-vs2022-x86/25451/","buildNumber":25451,"builtOn":"test-azure_msft-win2016_vs2017-x64-2","nodeVersion":"22.0.0","commitHash":"4a48345d830831fb6d247800afa85506fb5597b5","callStack":[{"upstreamBuild":60320,"upstreamProject":"node-test-commit-windows-fanned","upstreamUrl":"job/node-test-commit-windows-fanned/"},{"upstreamBuild":67973,"upstreamProject":"node-test-commit","upstreamUrl":"job/node-test-commit/"},{"upstreamBuild":56814,"upstreamProject":"node-test-pull-request","upstreamUrl":"job/node-test-pull-request/"},{"prId":"51244"}],"tap":{"ok":false,"name":"parallel/test-runner-watch-mode","id":718,"buffered":false,"tapError":null,"skip":false,"todo":": Fix flaky test","previous":null,"plan":null,"diag":{"severity":"flaky","exitcode":1,"stack":"TAP version 13\n# Subtest: test runner watch mode\n    # Subtest: should run tests repeatedly\n    ok 1 - should run tests repeatedly\n      ---\n      duration_ms: 1515.7041\n      ...\n    # Subtest: should run tests with dependency repeatedly\n    ok 2 - should run tests with dependency repeatedly\n      ---\n      duration_ms: 1614.8235\n      ...\n    # Subtest: should run tests with ESM dependency\n    ok 3 - should run tests with ESM dependency\n      ---\n      duration_ms: 1456.5422\n      ...\n    # Subtest: should support running tests without a file\n    ok 4 - should support running tests without a file\n      ---\n      duration_ms: 1479.0431\n      ...\n    1..4\nok 1 - test runner watch mode\n  ---\n  duration_ms: 6069.548\n  type: 'suite'\n  ...\n1..1\n# tests 4\n# suites 1\n# pass 4\n# fail 0\n# cancelled 0\n# skipped 0\n# todo 0\n# duration_ms 6086.2115\nCan't clean tmpdir: C:\\workspace\\node-test-binary-windows-js-suites\\node\\test\\.tmp.656\nFiles blocking: [ 'dependency.js', 'dependency.mjs', 'test.js' ]\n\nC:\\workspace\\node-test-binary-windows-js-suites\\node\\test\\common\\tmpdir.js:69\n    throw e;\n    ^\n\nError: EBUSY: resource busy or locked, rmdir 'C:\\workspace\\node-test-binary-windows-js-suites\\node\\test\\.tmp.656'\n    at rmdirSync (node:fs:1216:11)\n    at _rmdirSync (node:internal/fs/rimraf:235:5)\n    at rimrafSync (node:internal/fs/rimraf:193:7)\n    at Object.rmSync (node:fs:1265:10)\n    at rmSync (C:\\workspace\\node-test-binary-windows-js-suites\\node\\test\\common\\tmpdir.js:20:8)\n    at onexit (C:\\workspace\\node-test-binary-windows-js-suites\\node\\test\\common\\tmpdir.js:54:5)\n    at process.<anonymous> (C:\\workspace\\node-test-binary-windows-js-suites\\node\\test\\common\\tmpdir.js:43:14)\n    at process.emit (node:events:531:35) {\n  errno: -4082,\n  code: 'EBUSY',\n  syscall: 'rmdir',\n  path: 'C:\\\\workspace\\\\node-test-binary-windows-js-suites\\\\node\\\\test\\\\.tmp.656'\n}\n\nNode.js v22.0.0-pre"},"time":6422.088,"fullname":"parallel/test-runner-watch-mode","closingTestPoint":false}},{"testName":"es-module/test-vm-main-context-default-loader","timestamp":1705432175216,"status":"FAILED","jobName":"node-test-binary-windows-js-suites","config":"node-test-binary-windows-js-suites » 2,win11-arm64-COMPILED_BY-vs2022-arm64 #25451","buildUrl":"https://ci.nodejs.org/job/node-test-binary-windows-js-suites/RUN_SUBSET=2,nodes=win11-arm64-COMPILED_BY-vs2022-arm64/25451/","buildNumber":25451,"builtOn":"test-azure_msft-win11_vs2022-arm64-1","nodeVersion":"22.0.0","commitHash":"4a48345d830831fb6d247800afa85506fb5597b5","callStack":[{"upstreamBuild":60320,"upstreamProject":"node-test-commit-windows-fanned","upstreamUrl":"job/node-test-commit-windows-fanned/"},{"upstreamBuild":67973,"upstreamProject":"node-test-commit","upstreamUrl":"job/node-test-commit/"},{"upstreamBuild":56814,"upstreamProject":"node-test-pull-request","upstreamUrl":"job/node-test-pull-request/"},{"prId":"51244"}],"tap":{"ok":false,"name":"es-module/test-vm-main-context-default-loader","id":52,"buffered":false,"tapError":null,"skip":false,"todo":false,"previous":null,"plan":null,"diag":{"severity":"fail","exitcode":1,"stack":"(node:9152) ExperimentalWarning: vm.USE_MAIN_CONTEXT_DEFAULT_LOADER is an experimental feature and might change at any time\n(Use `node --trace-warnings ...` to show where the warning was created)\nnode:internal/process/promises:289\n            triggerUncaughtException(err, true /* fromPromise */);\n            ^\n\nAssertionError [ERR_ASSERTION]: function should not have been called at d:\\workspace\\node-test-binary-windows-js-suites\\node\\test\\es-module\\test-vm-main-context-default-loader.js:138\ncalled with arguments: Error [ERR_UNSUPPORTED_ESM_URL_SCHEME]: Only URLs with a scheme in: file, data, and node are supported by the default ESM loader. On Windows, absolute paths must be valid file:// URLs. Received protocol 'd:'\n    at throwIfUnsupportedURLScheme (node:internal/modules/esm/load:239:11)\n    at defaultLoad (node:internal/modules/esm/load:130:3)\n    at ModuleLoader.load (node:internal/modules/esm/loader:403:13)\n    at ModuleLoader.moduleProvider (node:internal/modules/esm/loader:285:56)\n    at new ModuleJob (node:internal/modules/esm/module_job:65:26)\n    at #createModuleJob (node:internal/modules/esm/loader:297:17)\n    at ModuleLoader.getJobFromResolveResult (node:internal/modules/esm/loader:254:34)\n    at ModuleLoader.getModuleJob (node:internal/modules/esm/loader:235:17)\n    at process.processTicksAndRejections (node:internal/process/task_queues:95:5)\n    at async ModuleLoader.import (node:internal/modules/esm/loader:322:23) {\n  code: 'ERR_UNSUPPORTED_ESM_URL_SCHEME'\n}\n    at mustNotCall (d:\\workspace\\node-test-binary-windows-js-suites\\node\\test\\common\\index.js:554:12)\n    at process.processTicksAndRejections (node:internal/process/task_queues:95:5) {\n  generatedMessage: false,\n  code: 'ERR_ASSERTION',\n  actual: undefined,\n  expected: undefined,\n  operator: 'fail'\n}\n\nNode.js v22.0.0-pre"},"time":446.998,"fullname":"es-module/test-vm-main-context-default-loader","closingTestPoint":false}},{"testName":"es-module/test-vm-main-context-default-loader","timestamp":1705432175216,"status":"FAILED","jobName":"node-test-binary-windows-js-suites","config":"node-test-binary-windows-js-suites » 2,win2016-COMPILED_BY-vs2022-x86 #25451","buildUrl":"https://ci.nodejs.org/job/node-test-binary-windows-js-suites/RUN_SUBSET=2,nodes=win2016-COMPILED_BY-vs2022-x86/25451/","buildNumber":25451,"builtOn":"test-rackspace-win2016_vs2015-x64-2","nodeVersion":"22.0.0","commitHash":"4a48345d830831fb6d247800afa85506fb5597b5","callStack":[{"upstreamBuild":60320,"upstreamProject":"node-test-commit-windows-fanned","upstreamUrl":"job/node-test-commit-windows-fanned/"},{"upstreamBuild":67973,"upstreamProject":"node-test-commit","upstreamUrl":"job/node-test-commit/"},{"upstreamBuild":56814,"upstreamProject":"node-test-pull-request","upstreamUrl":"job/node-test-pull-request/"},{"prId":"51244"}],"tap":{"ok":false,"name":"es-module/test-vm-main-context-default-loader","id":54,"buffered":false,"tapError":null,"skip":false,"todo":false,"previous":null,"plan":null,"diag":{"severity":"fail","exitcode":1,"stack":"(node:9012) ExperimentalWarning: vm.USE_MAIN_CONTEXT_DEFAULT_LOADER is an experimental feature and might change at any time\n(Use `node --trace-warnings ...` to show where the warning was created)\nnode:internal/process/promises:289\n            triggerUncaughtException(err, true /* fromPromise */);\n            ^\n\nAssertionError [ERR_ASSERTION]: function should not have been called at C:\\workspace\\node-test-binary-windows-js-suites\\node\\test\\es-module\\test-vm-main-context-default-loader.js:138\ncalled with arguments: Error [ERR_UNSUPPORTED_ESM_URL_SCHEME]: Only URLs with a scheme in: file, data, and node are supported by the default ESM loader. On Windows, absolute paths must be valid file:// URLs. Received protocol 'c:'\n    at throwIfUnsupportedURLScheme (node:internal/modules/esm/load:239:11)\n    at defaultLoad (node:internal/modules/esm/load:130:3)\n    at ModuleLoader.load (node:internal/modules/esm/loader:403:13)\n    at ModuleLoader.moduleProvider (node:internal/modules/esm/loader:285:56)\n    at new ModuleJob (node:internal/modules/esm/module_job:65:26)\n    at #createModuleJob (node:internal/modules/esm/loader:297:17)\n    at ModuleLoader.getJobFromResolveResult (node:internal/modules/esm/loader:254:34)\n    at ModuleLoader.getModuleJob (node:internal/modules/esm/loader:235:17)\n    at process.processTicksAndRejections (node:internal/process/task_queues:95:5)\n    at async ModuleLoader.import (node:internal/modules/esm/loader:322:23) {\n  code: 'ERR_UNSUPPORTED_ESM_URL_SCHEME'\n}\n    at mustNotCall (C:\\workspace\\node-test-binary-windows-js-suites\\node\\test\\common\\index.js:554:12)\n    at process.processTicksAndRejections (node:internal/process/task_queues:95:5) {\n  generatedMessage: false,\n  code: 'ERR_ASSERTION',\n  actual: undefined,\n  expected: undefined,\n  operator: 'fail'\n}\n\nNode.js v22.0.0-pre"},"time":359.008,"fullname":"es-module/test-vm-main-context-default-loader","closingTestPoint":false}},{"testName":"es-module/test-vm-main-context-default-loader","timestamp":1705432175216,"status":"FAILED","jobName":"node-test-binary-windows-js-suites","config":"node-test-binary-windows-js-suites » 2,win2022-COMPILED_BY-vs2022 #25451","buildUrl":"https://ci.nodejs.org/job/node-test-binary-windows-js-suites/RUN_SUBSET=2,nodes=win2022-COMPILED_BY-vs2022/25451/","buildNumber":25451,"builtOn":"test-rackspace-win2022_vs2022-x64-3","nodeVersion":"22.0.0","commitHash":"4a48345d830831fb6d247800afa85506fb5597b5","callStack":[{"upstreamBuild":60320,"upstreamProject":"node-test-commit-windows-fanned","upstreamUrl":"job/node-test-commit-windows-fanned/"},{"upstreamBuild":67973,"upstreamProject":"node-test-commit","upstreamUrl":"job/node-test-commit/"},{"upstreamBuild":56814,"upstreamProject":"node-test-pull-request","upstreamUrl":"job/node-test-pull-request/"},{"prId":"51244"}],"tap":{"ok":false,"name":"es-module/test-vm-main-context-default-loader","id":51,"buffered":false,"tapError":null,"skip":false,"todo":false,"previous":null,"plan":null,"diag":{"severity":"fail","exitcode":1,"stack":"(node:12972) ExperimentalWarning: vm.USE_MAIN_CONTEXT_DEFAULT_LOADER is an experimental feature and might change at any time\n(Use `node --trace-warnings ...` to show where the warning was created)\nnode:internal/process/promises:289\n            triggerUncaughtException(err, true /* fromPromise */);\n            ^\n\nAssertionError [ERR_ASSERTION]: function should not have been called at C:\\workspace\\node-test-binary-windows-js-suites\\node\\test\\es-module\\test-vm-main-context-default-loader.js:138\ncalled with arguments: Error [ERR_UNSUPPORTED_ESM_URL_SCHEME]: Only URLs with a scheme in: file, data, and node are supported by the default ESM loader. On Windows, absolute paths must be valid file:// URLs. Received protocol 'c:'\n    at throwIfUnsupportedURLScheme (node:internal/modules/esm/load:239:11)\n    at defaultLoad (node:internal/modules/esm/load:130:3)\n    at ModuleLoader.load (node:internal/modules/esm/loader:403:13)\n    at ModuleLoader.moduleProvider (node:internal/modules/esm/loader:285:56)\n    at new ModuleJob (node:internal/modules/esm/module_job:65:26)\n    at #createModuleJob (node:internal/modules/esm/loader:297:17)\n    at ModuleLoader.getJobFromResolveResult (node:internal/modules/esm/loader:254:34)\n    at ModuleLoader.getModuleJob (node:internal/modules/esm/loader:235:17)\n    at process.processTicksAndRejections (node:internal/process/task_queues:95:5)\n    at async ModuleLoader.import (node:internal/modules/esm/loader:322:23) {\n  code: 'ERR_UNSUPPORTED_ESM_URL_SCHEME'\n}\n    at mustNotCall (C:\\workspace\\node-test-binary-windows-js-suites\\node\\test\\common\\index.js:554:12)\n    at process.processTicksAndRejections (node:internal/process/task_queues:95:5) {\n  generatedMessage: false,\n  code: 'ERR_ASSERTION',\n  actual: undefined,\n  expected: undefined,\n  operator: 'fail'\n}\n\nNode.js v22.0.0-pre"},"time":511.021,"fullname":"es-module/test-vm-main-context-default-loader","closingTestPoint":false}},{"testName":"parallel/test-runner-watch-mode","timestamp":1705432175216,"status":"FAILED","jobName":"node-test-binary-windows-js-suites","config":"node-test-binary-windows-js-suites » 3,win11-COMPILED_BY-vs2022 #25451","buildUrl":"https://ci.nodejs.org/job/node-test-binary-windows-js-suites/RUN_SUBSET=3,nodes=win11-COMPILED_BY-vs2022/25451/","buildNumber":25451,"builtOn":"test-azure_msft-win11_vs2022-x64-1","nodeVersion":"22.0.0","commitHash":"4a48345d830831fb6d247800afa85506fb5597b5","callStack":[{"upstreamBuild":60320,"upstreamProject":"node-test-commit-windows-fanned","upstreamUrl":"job/node-test-commit-windows-fanned/"},{"upstreamBuild":67973,"upstreamProject":"node-test-commit","upstreamUrl":"job/node-test-commit/"},{"upstreamBuild":56814,"upstreamProject":"node-test-pull-request","upstreamUrl":"job/node-test-pull-request/"},{"prId":"51244"}],"tap":{"ok":false,"name":"parallel/test-runner-watch-mode","id":726,"buffered":false,"tapError":null,"skip":false,"todo":": Fix flaky test","previous":null,"plan":null,"diag":{"severity":"flaky","exitcode":1,"stack":"TAP version 13\n# Subtest: test runner watch mode\n    # Subtest: should run tests repeatedly\n    ok 1 - should run tests repeatedly\n      ---\n      duration_ms: 2912.2233\n      ...\n    # Subtest: should run tests with dependency repeatedly\n    ok 2 - should run tests with dependency repeatedly\n      ---\n      duration_ms: 1679.8661\n      ...\n    # Subtest: should run tests with ESM dependency\n    ok 3 - should run tests with ESM dependency\n      ---\n      duration_ms: 1570.232\n      ...\n    # Subtest: should support running tests without a file\n    ok 4 - should support running tests without a file\n      ---\n      duration_ms: 1554.2045\n      ...\n    1..4\nok 1 - test runner watch mode\n  ---\n  duration_ms: 7720.3973\n  type: 'suite'\n  ...\n1..1\n# tests 4\n# suites 1\n# pass 4\n# fail 0\n# cancelled 0\n# skipped 0\n# todo 0\n# duration_ms 7737.326\nCan't clean tmpdir: c:\\workspace\\node-test-binary-windows-js-suites\\node\\test\\.tmp.656\nFiles blocking: [ 'dependency.js', 'dependency.mjs', 'test.js' ]\n\nc:\\workspace\\node-test-binary-windows-js-suites\\node\\test\\common\\tmpdir.js:69\n    throw e;\n    ^\n\nError: EBUSY: resource busy or locked, rmdir 'c:\\workspace\\node-test-binary-windows-js-suites\\node\\test\\.tmp.656'\n    at rmdirSync (node:fs:1216:11)\n    at _rmdirSync (node:internal/fs/rimraf:235:5)\n    at rimrafSync (node:internal/fs/rimraf:193:7)\n    at Object.rmSync (node:fs:1265:10)\n    at rmSync (c:\\workspace\\node-test-binary-windows-js-suites\\node\\test\\common\\tmpdir.js:20:8)\n    at onexit (c:\\workspace\\node-test-binary-windows-js-suites\\node\\test\\common\\tmpdir.js:54:5)\n    at process.<anonymous> (c:\\workspace\\node-test-binary-windows-js-suites\\node\\test\\common\\tmpdir.js:43:14)\n    at process.emit (node:events:531:35) {\n  errno: -4082,\n  code: 'EBUSY',\n  syscall: 'rmdir',\n  path: 'c:\\\\workspace\\\\node-test-binary-windows-js-suites\\\\node\\\\test\\\\.tmp.656'\n}\n\nNode.js v22.0.0-pre"},"time":8322.117,"fullname":"parallel/test-runner-watch-mode","closingTestPoint":false}},{"testName":"es-module/test-vm-main-context-default-loader","timestamp":1705432175216,"status":"FAILED","jobName":"node-test-binary-windows-js-suites","config":"node-test-binary-windows-js-suites » 2,win2019-COMPILED_BY-vs2022 #25451","buildUrl":"https://ci.nodejs.org/job/node-test-binary-windows-js-suites/RUN_SUBSET=2,nodes=win2019-COMPILED_BY-vs2022/25451/","buildNumber":25451,"builtOn":"test-rackspace-win2019_vs2019-x64-3","nodeVersion":"22.0.0","commitHash":"4a48345d830831fb6d247800afa85506fb5597b5","callStack":[{"upstreamBuild":60320,"upstreamProject":"node-test-commit-windows-fanned","upstreamUrl":"job/node-test-commit-windows-fanned/"},{"upstreamBuild":67973,"upstreamProject":"node-test-commit","upstreamUrl":"job/node-test-commit/"},{"upstreamBuild":56814,"upstreamProject":"node-test-pull-request","upstreamUrl":"job/node-test-pull-request/"},{"prId":"51244"}],"tap":{"ok":false,"name":"es-module/test-vm-main-context-default-loader","id":54,"buffered":false,"tapError":null,"skip":false,"todo":false,"previous":null,"plan":null,"diag":{"severity":"fail","exitcode":1,"stack":"(node:11908) ExperimentalWarning: vm.USE_MAIN_CONTEXT_DEFAULT_LOADER is an experimental feature and might change at any time\n(Use `node --trace-warnings ...` to show where the warning was created)\nnode:internal/process/promises:289\n            triggerUncaughtException(err, true /* fromPromise */);\n            ^\n\nAssertionError [ERR_ASSERTION]: function should not have been called at C:\\workspace\\node-test-binary-windows-js-suites\\node\\test\\es-module\\test-vm-main-context-default-loader.js:138\ncalled with arguments: Error [ERR_UNSUPPORTED_ESM_URL_SCHEME]: Only URLs with a scheme in: file, data, and node are supported by the default ESM loader. On Windows, absolute paths must be valid file:// URLs. Received protocol 'c:'\n    at throwIfUnsupportedURLScheme (node:internal/modules/esm/load:239:11)\n    at defaultLoad (node:internal/modules/esm/load:130:3)\n    at ModuleLoader.load (node:internal/modules/esm/loader:403:13)\n    at ModuleLoader.moduleProvider (node:internal/modules/esm/loader:285:56)\n    at new ModuleJob (node:internal/modules/esm/module_job:65:26)\n    at #createModuleJob (node:internal/modules/esm/loader:297:17)\n    at ModuleLoader.getJobFromResolveResult (node:internal/modules/esm/loader:254:34)\n    at ModuleLoader.getModuleJob (node:internal/modules/esm/loader:235:17)\n    at process.processTicksAndRejections (node:internal/process/task_queues:95:5)\n    at async ModuleLoader.import (node:internal/modules/esm/loader:322:23) {\n  code: 'ERR_UNSUPPORTED_ESM_URL_SCHEME'\n}\n    at mustNotCall (C:\\workspace\\node-test-binary-windows-js-suites\\node\\test\\common\\index.js:554:12)\n    at process.processTicksAndRejections (node:internal/process/task_queues:95:5) {\n  generatedMessage: false,\n  code: 'ERR_ASSERTION',\n  actual: undefined,\n  expected: undefined,\n  operator: 'fail'\n}\n\nNode.js v22.0.0-pre"},"time":401.998,"fullname":"es-module/test-vm-main-context-default-loader","closingTestPoint":false}},{"testName":"es-module/test-vm-main-context-default-loader","timestamp":1705432175216,"status":"FAILED","jobName":"node-test-binary-windows-js-suites","config":"node-test-binary-windows-js-suites » 2,win11-COMPILED_BY-vs2022 #25451","buildUrl":"https://ci.nodejs.org/job/node-test-binary-windows-js-suites/RUN_SUBSET=2,nodes=win11-COMPILED_BY-vs2022/25451/","buildNumber":25451,"builtOn":"test-azure_msft-win11_vs2022-x64-2","nodeVersion":"22.0.0","commitHash":"4a48345d830831fb6d247800afa85506fb5597b5","callStack":[{"upstreamBuild":60320,"upstreamProject":"node-test-commit-windows-fanned","upstreamUrl":"job/node-test-commit-windows-fanned/"},{"upstreamBuild":67973,"upstreamProject":"node-test-commit","upstreamUrl":"job/node-test-commit/"},{"upstreamBuild":56814,"upstreamProject":"node-test-pull-request","upstreamUrl":"job/node-test-pull-request/"},{"prId":"51244"}],"tap":{"ok":false,"name":"es-module/test-vm-main-context-default-loader","id":55,"buffered":false,"tapError":null,"skip":false,"todo":false,"previous":null,"plan":null,"diag":{"severity":"fail","exitcode":1,"stack":"(node:3728) ExperimentalWarning: vm.USE_MAIN_CONTEXT_DEFAULT_LOADER is an experimental feature and might change at any time\n(Use `node --trace-warnings ...` to show where the warning was created)\nnode:internal/process/promises:289\n            triggerUncaughtException(err, true /* fromPromise */);\n            ^\n\nAssertionError [ERR_ASSERTION]: function should not have been called at c:\\workspace\\node-test-binary-windows-js-suites\\node\\test\\es-module\\test-vm-main-context-default-loader.js:138\ncalled with arguments: Error [ERR_UNSUPPORTED_ESM_URL_SCHEME]: Only URLs with a scheme in: file, data, and node are supported by the default ESM loader. On Windows, absolute paths must be valid file:// URLs. Received protocol 'c:'\n    at throwIfUnsupportedURLScheme (node:internal/modules/esm/load:239:11)\n    at defaultLoad (node:internal/modules/esm/load:130:3)\n    at ModuleLoader.load (node:internal/modules/esm/loader:403:13)\n    at ModuleLoader.moduleProvider (node:internal/modules/esm/loader:285:56)\n    at new ModuleJob (node:internal/modules/esm/module_job:65:26)\n    at #createModuleJob (node:internal/modules/esm/loader:297:17)\n    at ModuleLoader.getJobFromResolveResult (node:internal/modules/esm/loader:254:34)\n    at ModuleLoader.getModuleJob (node:internal/modules/esm/loader:235:17)\n    at process.processTicksAndRejections (node:internal/process/task_queues:95:5)\n    at async ModuleLoader.import (node:internal/modules/esm/loader:322:23) {\n  code: 'ERR_UNSUPPORTED_ESM_URL_SCHEME'\n}\n    at mustNotCall (c:\\workspace\\node-test-binary-windows-js-suites\\node\\test\\common\\index.js:554:12)\n    at process.processTicksAndRejections (node:internal/process/task_queues:95:5) {\n  generatedMessage: false,\n  code: 'ERR_ASSERTION',\n  actual: undefined,\n  expected: undefined,\n  operator: 'fail'\n}\n\nNode.js v22.0.0-pre"},"time":215.998,"fullname":"es-module/test-vm-main-context-default-loader","closingTestPoint":false}},{"testName":"parallel/test-worker-cleanexit-with-js","timestamp":1705432175216,"status":"FAILED","jobName":"node-test-binary-windows-js-suites","config":"node-test-binary-windows-js-suites » 0,win10-COMPILED_BY-vs2022 #25451","buildUrl":"https://ci.nodejs.org/job/node-test-binary-windows-js-suites/RUN_SUBSET=0,nodes=win10-COMPILED_BY-vs2022/25451/","buildNumber":25451,"builtOn":"test-azure_msft-win10_vs2019-x64-4","nodeVersion":"22.0.0","commitHash":"4a48345d830831fb6d247800afa85506fb5597b5","callStack":[{"upstreamBuild":60320,"upstreamProject":"node-test-commit-windows-fanned","upstreamUrl":"job/node-test-commit-windows-fanned/"},{"upstreamBuild":67973,"upstreamProject":"node-test-commit","upstreamUrl":"job/node-test-commit/"},{"upstreamBuild":56814,"upstreamProject":"node-test-pull-request","upstreamUrl":"job/node-test-pull-request/"},{"prId":"51244"}],"tap":{"ok":false,"name":"parallel/test-worker-cleanexit-with-js","id":863,"buffered":false,"tapError":null,"skip":false,"todo":false,"previous":null,"plan":null,"diag":{"severity":"fail","exitcode":3221226356,"stack":""},"time":461,"fullname":"parallel/test-worker-cleanexit-with-js","closingTestPoint":false}},{"testName":"es-module/test-vm-main-context-default-loader","timestamp":1705432175216,"status":"FAILED","jobName":"node-test-binary-windows-js-suites","config":"node-test-binary-windows-js-suites » 2,win10-COMPILED_BY-vs2022 #25451","buildUrl":"https://ci.nodejs.org/job/node-test-binary-windows-js-suites/RUN_SUBSET=2,nodes=win10-COMPILED_BY-vs2022/25451/","buildNumber":25451,"builtOn":"test-azure_msft-win10_vs2019-x64-3","nodeVersion":"22.0.0","commitHash":"4a48345d830831fb6d247800afa85506fb5597b5","callStack":[{"upstreamBuild":60320,"upstreamProject":"node-test-commit-windows-fanned","upstreamUrl":"job/node-test-commit-windows-fanned/"},{"upstreamBuild":67973,"upstreamProject":"node-test-commit","upstreamUrl":"job/node-test-commit/"},{"upstreamBuild":56814,"upstreamProject":"node-test-pull-request","upstreamUrl":"job/node-test-pull-request/"},{"prId":"51244"}],"tap":{"ok":false,"name":"es-module/test-vm-main-context-default-loader","id":55,"buffered":false,"tapError":null,"skip":false,"todo":false,"previous":null,"plan":null,"diag":{"severity":"fail","exitcode":1,"stack":"(node:6732) ExperimentalWarning: vm.USE_MAIN_CONTEXT_DEFAULT_LOADER is an experimental feature and might change at any time\n(Use `node --trace-warnings ...` to show where the warning was created)\nnode:internal/process/promises:289\n            triggerUncaughtException(err, true /* fromPromise */);\n            ^\n\nAssertionError [ERR_ASSERTION]: function should not have been called at c:\\workspace\\node-test-binary-windows-js-suites\\node\\test\\es-module\\test-vm-main-context-default-loader.js:138\ncalled with arguments: Error [ERR_UNSUPPORTED_ESM_URL_SCHEME]: Only URLs with a scheme in: file, data, and node are supported by the default ESM loader. On Windows, absolute paths must be valid file:// URLs. Received protocol 'c:'\n    at throwIfUnsupportedURLScheme (node:internal/modules/esm/load:239:11)\n    at defaultLoad (node:internal/modules/esm/load:130:3)\n    at ModuleLoader.load (node:internal/modules/esm/loader:403:13)\n    at ModuleLoader.moduleProvider (node:internal/modules/esm/loader:285:56)\n    at new ModuleJob (node:internal/modules/esm/module_job:65:26)\n    at #createModuleJob (node:internal/modules/esm/loader:297:17)\n    at ModuleLoader.getJobFromResolveResult (node:internal/modules/esm/loader:254:34)\n    at ModuleLoader.getModuleJob (node:internal/modules/esm/loader:235:17)\n    at process.processTicksAndRejections (node:internal/process/task_queues:95:5)\n    at async ModuleLoader.import (node:internal/modules/esm/loader:322:23) {\n  code: 'ERR_UNSUPPORTED_ESM_URL_SCHEME'\n}\n    at mustNotCall (c:\\workspace\\node-test-binary-windows-js-suites\\node\\test\\common\\index.js:554:12)\n    at process.processTicksAndRejections (node:internal/process/task_queues:95:5) {\n  generatedMessage: false,\n  code: 'ERR_ASSERTION',\n  actual: undefined,\n  expected: undefined,\n  operator: 'fail'\n}\n\nNode.js v22.0.0-pre"},"time":269.023,"fullname":"es-module/test-vm-main-context-default-loader","closingTestPoint":false}}]}