{"failedTests":[{"testName":"parallel/test-child-process-execfile","timestamp":1705998251748,"status":"REGRESSION","jobName":"node-test-binary-windows-js-suites","config":"node-test-binary-windows-js-suites » 3,win2019-COMPILED_BY-vs2022 #25540","buildUrl":"https://ci.nodejs.org/job/node-test-binary-windows-js-suites/RUN_SUBSET=3,nodes=win2019-COMPILED_BY-vs2022/25540/","buildNumber":25540,"builtOn":"test-rackspace-win2019_vs2019-x64-2","nodeVersion":"22.0.0","commitHash":"66556f53a7b36384bce305865c30ca43eaa0874b","callStack":[{"upstreamBuild":60411,"upstreamProject":"node-test-commit-windows-fanned","upstreamUrl":"job/node-test-commit-windows-fanned/"},{"upstreamBuild":68072,"upstreamProject":"node-test-commit","upstreamUrl":"job/node-test-commit/"},{"upstreamBuild":3301,"upstreamProject":"node-daily-master","upstreamUrl":"job/node-daily-master/"}],"tap":{"ok":false,"name":"parallel/test-child-process-execfile","id":98,"buffered":false,"tapError":null,"skip":false,"todo":false,"previous":null,"plan":null,"diag":{"severity":"fail","exitcode":1,"stack":"node:internal/child_process:421\n    throw new ErrnoException(err, 'spawn');\n    ^\n\nError: spawn UNKNOWN\n    at ChildProcess.spawn (node:internal/child_process:421:11)\n    at spawn (node:child_process:761:9)\n    at execFile (node:child_process:351:17)\n    at Object.<anonymous> (C:\\workspace\\node-test-binary-windows-js-suites\\node\\test\\parallel\\test-child-process-execfile.js:41:17)\n    at Module._compile (node:internal/modules/cjs/loader:1378:14)\n    at Module._extensions..js (node:internal/modules/cjs/loader:1437:10)\n    at Module.load (node:internal/modules/cjs/loader:1212:32)\n    at Module._load (node:internal/modules/cjs/loader:1028:12)\n    at Function.executeUserEntryPoint [as runMain] (node:internal/modules/run_main:142:12)\n    at node:internal/main/run_main_module:28:49 {\n  errno: -4094,\n  code: 'UNKNOWN',\n  syscall: 'spawn'\n}\n\nNode.js v22.0.0-pre"},"time":439.996,"fullname":"parallel/test-child-process-execfile","closingTestPoint":false}},{"testName":"parallel/test-child-process-exec-maxbuf","timestamp":1705998251748,"status":"REGRESSION","jobName":"node-test-binary-windows-js-suites","config":"node-test-binary-windows-js-suites » 3,win2019-COMPILED_BY-vs2022 #25540","buildUrl":"https://ci.nodejs.org/job/node-test-binary-windows-js-suites/RUN_SUBSET=3,nodes=win2019-COMPILED_BY-vs2022/25540/","buildNumber":25540,"builtOn":"test-rackspace-win2019_vs2019-x64-2","nodeVersion":"22.0.0","commitHash":"66556f53a7b36384bce305865c30ca43eaa0874b","callStack":[{"upstreamBuild":60411,"upstreamProject":"node-test-commit-windows-fanned","upstreamUrl":"job/node-test-commit-windows-fanned/"},{"upstreamBuild":68072,"upstreamProject":"node-test-commit","upstreamUrl":"job/node-test-commit/"},{"upstreamBuild":3301,"upstreamProject":"node-daily-master","upstreamUrl":"job/node-daily-master/"}],"tap":{"ok":false,"name":"parallel/test-child-process-exec-maxbuf","id":99,"buffered":false,"tapError":null,"skip":false,"todo":false,"previous":null,"plan":null,"diag":{"severity":"fail","exitcode":1,"stack":"node:internal/child_process:421\n    throw new ErrnoException(err, 'spawn');\n    ^\n\nError: spawn UNKNOWN\n    at ChildProcess.spawn (node:internal/child_process:421:11)\n    at spawn (node:child_process:761:9)\n    at Object.execFile (node:child_process:351:17)\n    at Object.exec (node:child_process:234:25)\n    at Object.<anonymous> (C:\\workspace\\node-test-binary-windows-js-suites\\node\\test\\parallel\\test-child-process-exec-maxbuf.js:63:6)\n    at Module._compile (node:internal/modules/cjs/loader:1378:14)\n    at Module._extensions..js (node:internal/modules/cjs/loader:1437:10)\n    at Module.load (node:internal/modules/cjs/loader:1212:32)\n    at Module._load (node:internal/modules/cjs/loader:1028:12)\n    at Function.executeUserEntryPoint [as runMain] (node:internal/modules/run_main:142:12) {\n  errno: -4094,\n  code: 'UNKNOWN',\n  syscall: 'spawn'\n}\n\nNode.js v22.0.0-pre"},"time":551.001,"fullname":"parallel/test-child-process-exec-maxbuf","closingTestPoint":false}},{"testName":"parallel/test-child-process-exec-encoding","timestamp":1705998251748,"status":"REGRESSION","jobName":"node-test-binary-windows-js-suites","config":"node-test-binary-windows-js-suites » 3,win2019-COMPILED_BY-vs2022 #25540","buildUrl":"https://ci.nodejs.org/job/node-test-binary-windows-js-suites/RUN_SUBSET=3,nodes=win2019-COMPILED_BY-vs2022/25540/","buildNumber":25540,"builtOn":"test-rackspace-win2019_vs2019-x64-2","nodeVersion":"22.0.0","commitHash":"66556f53a7b36384bce305865c30ca43eaa0874b","callStack":[{"upstreamBuild":60411,"upstreamProject":"node-test-commit-windows-fanned","upstreamUrl":"job/node-test-commit-windows-fanned/"},{"upstreamBuild":68072,"upstreamProject":"node-test-commit","upstreamUrl":"job/node-test-commit/"},{"upstreamBuild":3301,"upstreamProject":"node-daily-master","upstreamUrl":"job/node-daily-master/"}],"tap":{"ok":false,"name":"parallel/test-child-process-exec-encoding","id":100,"buffered":false,"tapError":null,"skip":false,"todo":false,"previous":null,"plan":null,"diag":{"severity":"fail","exitcode":1,"stack":"node:assert:1000\n    throw newErr;\n    ^\n\nAssertionError [ERR_ASSERTION]: ifError got unwanted exception: Command failed: \"C:\\workspace\\node-test-binary-windows-js-suites\\node\\Release\\node.exe\" \"C:\\workspace\\node-test-binary-windows-js-suites\\node\\test\\parallel\\test-child-process-exec-encoding.js\" child\nThe system cannot execute the specified program.\n\n\n    at C:\\workspace\\node-test-binary-windows-js-suites\\node\\test\\common\\index.js:439:12\n    at C:\\workspace\\node-test-binary-windows-js-suites\\node\\test\\common\\index.js:476:15\n    at ChildProcess.exithandler (node:child_process:430:5)\n    at genericNodeError (node:internal/errors:984:15)\n    at wrappedFn (node:internal/errors:538:14)\n    at ChildProcess.exithandler (node:child_process:422:12)\n    at ChildProcess.emit (node:events:519:28)\n    at maybeClose (node:internal/child_process:1105:16)\n    at ChildProcess._handle.onexit (node:internal/child_process:305:5) {\n  generatedMessage: false,\n  code: 'ERR_ASSERTION',\n  actual: Error: Command failed: \"C:\\workspace\\node-test-binary-windows-js-suites\\node\\Release\\node.exe\" \"C:\\workspace\\node-test-binary-windows-js-suites\\node\\test\\parallel\\test-child-process-exec-encoding.js\" child\n  The system cannot execute the specified program.\n\n  \n      at genericNodeError (node:internal/errors:984:15)\n      at wrappedFn (node:internal/errors:538:14)\n      at ChildProcess.exithandler (node:child_process:422:12)\n      at ChildProcess.emit (node:events:519:28)\n      at maybeClose (node:internal/child_process:1105:16)\n      at ChildProcess._handle.onexit (node:internal/child_process:305:5) {\n    code: 1,\n    killed: false,\n    signal: null,\n    cmd: '\"C:\\\\workspace\\\\node-test-binary-windows-js-suites\\\\node\\\\Release\\\\node.exe\" \"C:\\\\workspace\\\\node-test-binary-windows-js-suites\\\\node\\\\test\\\\parallel\\\\test-child-process-exec-encoding.js\" child'\n  },\n  expected: null,\n  operator: 'ifError'\n}\n\nNode.js v22.0.0-pre"},"time":556.998,"fullname":"parallel/test-child-process-exec-encoding","closingTestPoint":false}},{"testName":"parallel/test-runner-watch-mode","timestamp":1705998251748,"status":"FAILED","jobName":"node-test-binary-windows-js-suites","config":"node-test-binary-windows-js-suites » 3,win2016-COMPILED_BY-vs2022-x86 #25540","buildUrl":"https://ci.nodejs.org/job/node-test-binary-windows-js-suites/RUN_SUBSET=3,nodes=win2016-COMPILED_BY-vs2022-x86/25540/","buildNumber":25540,"builtOn":"test-azure_msft-win2016_vs2017-x64-2","nodeVersion":"22.0.0","commitHash":"66556f53a7b36384bce305865c30ca43eaa0874b","callStack":[{"upstreamBuild":60411,"upstreamProject":"node-test-commit-windows-fanned","upstreamUrl":"job/node-test-commit-windows-fanned/"},{"upstreamBuild":68072,"upstreamProject":"node-test-commit","upstreamUrl":"job/node-test-commit/"},{"upstreamBuild":3301,"upstreamProject":"node-daily-master","upstreamUrl":"job/node-daily-master/"}],"tap":{"ok":false,"name":"parallel/test-runner-watch-mode","id":715,"buffered":false,"tapError":null,"skip":false,"todo":": Fix flaky test","previous":null,"plan":null,"diag":{"severity":"flaky","exitcode":1,"stack":"TAP version 13\n# Subtest: test runner watch mode\n    # Subtest: should run tests repeatedly\n    ok 1 - should run tests repeatedly\n      ---\n      duration_ms: 1511.652\n      ...\n    # Subtest: should run tests with dependency repeatedly\n    ok 2 - should run tests with dependency repeatedly\n      ---\n      duration_ms: 1488.4966\n      ...\n    # Subtest: should run tests with ESM dependency\n    ok 3 - should run tests with ESM dependency\n      ---\n      duration_ms: 1470.7257\n      ...\n    # Subtest: should support running tests without a file\n    ok 4 - should support running tests without a file\n      ---\n      duration_ms: 1495.4482\n      ...\n    1..4\nok 1 - test runner watch mode\n  ---\n  duration_ms: 5970.0698\n  type: 'suite'\n  ...\n1..1\n# tests 4\n# suites 1\n# pass 4\n# fail 0\n# cancelled 0\n# skipped 0\n# todo 0\n# duration_ms 5984.2191\nCan't clean tmpdir: C:\\workspace\\node-test-binary-windows-js-suites\\node\\test\\.tmp.656\nFiles blocking: [ 'dependency.js', 'dependency.mjs', 'test.js' ]\n\nC:\\workspace\\node-test-binary-windows-js-suites\\node\\test\\common\\tmpdir.js:69\n    throw e;\n    ^\n\nError: EBUSY: resource busy or locked, rmdir 'C:\\workspace\\node-test-binary-windows-js-suites\\node\\test\\.tmp.656'\n    at rmdirSync (node:fs:1216:11)\n    at _rmdirSync (node:internal/fs/rimraf:235:5)\n    at rimrafSync (node:internal/fs/rimraf:193:7)\n    at Object.rmSync (node:fs:1265:10)\n    at rmSync (C:\\workspace\\node-test-binary-windows-js-suites\\node\\test\\common\\tmpdir.js:20:8)\n    at onexit (C:\\workspace\\node-test-binary-windows-js-suites\\node\\test\\common\\tmpdir.js:54:5)\n    at process.<anonymous> (C:\\workspace\\node-test-binary-windows-js-suites\\node\\test\\common\\tmpdir.js:43:14)\n    at process.emit (node:events:531:35) {\n  errno: -4082,\n  code: 'EBUSY',\n  syscall: 'rmdir',\n  path: 'C:\\\\workspace\\\\node-test-binary-windows-js-suites\\\\node\\\\test\\\\.tmp.656'\n}\n\nNode.js v22.0.0-pre"},"time":6710.093,"fullname":"parallel/test-runner-watch-mode","closingTestPoint":false}}]}