{"failedTests":[{"testName":"sequential/test-http2-large-file","timestamp":1706697615366,"status":"FAILED","jobName":"node-test-binary-windows-js-suites","config":"node-test-binary-windows-js-suites » 2,win2022-COMPILED_BY-vs2022 #25624","buildUrl":"https://ci.nodejs.org/job/node-test-binary-windows-js-suites/RUN_SUBSET=2,nodes=win2022-COMPILED_BY-vs2022/25624/","buildNumber":25624,"builtOn":"test-rackspace-win2022_vs2022-x64-1","nodeVersion":"22.0.0","commitHash":"0c451677dd196d9a23a96d20faf6db7370f9bc6c","callStack":[{"upstreamBuild":60512,"upstreamProject":"node-test-commit-windows-fanned","upstreamUrl":"job/node-test-commit-windows-fanned/"},{"upstreamBuild":68174,"upstreamProject":"node-test-commit","upstreamUrl":"job/node-test-commit/"},{"upstreamBuild":56972,"upstreamProject":"node-test-pull-request","upstreamUrl":"job/node-test-pull-request/"},{"prId":"51244"}],"tap":{"ok":false,"name":"sequential/test-http2-large-file","id":951,"buffered":false,"tapError":null,"skip":false,"todo":": Fix flaky test","previous":null,"plan":null,"diag":{"severity":"fail","exitcode":1,"stack":"timeout"},"time":120204.193,"fullname":"sequential/test-http2-large-file","closingTestPoint":false}},{"testName":"parallel/test-runner-watch-mode","timestamp":1706697615366,"status":"FAILED","jobName":"node-test-binary-windows-js-suites","config":"node-test-binary-windows-js-suites » 3,win11-COMPILED_BY-vs2022 #25624","buildUrl":"https://ci.nodejs.org/job/node-test-binary-windows-js-suites/RUN_SUBSET=3,nodes=win11-COMPILED_BY-vs2022/25624/","buildNumber":25624,"builtOn":"test-azure_msft-win11_vs2022-x64-3","nodeVersion":"22.0.0","commitHash":"0c451677dd196d9a23a96d20faf6db7370f9bc6c","callStack":[{"upstreamBuild":60512,"upstreamProject":"node-test-commit-windows-fanned","upstreamUrl":"job/node-test-commit-windows-fanned/"},{"upstreamBuild":68174,"upstreamProject":"node-test-commit","upstreamUrl":"job/node-test-commit/"},{"upstreamBuild":56972,"upstreamProject":"node-test-pull-request","upstreamUrl":"job/node-test-pull-request/"},{"prId":"51244"}],"tap":{"ok":false,"name":"parallel/test-runner-watch-mode","id":716,"buffered":false,"tapError":null,"skip":false,"todo":": Fix flaky test","previous":null,"plan":null,"diag":{"severity":"flaky","exitcode":1,"stack":"TAP version 13\n# Subtest: test runner watch mode\n    # Subtest: should run tests repeatedly\n    ok 1 - should run tests repeatedly\n      ---\n      duration_ms: 2865.1439\n      ...\n    # Subtest: should run tests with dependency repeatedly\n    ok 2 - should run tests with dependency repeatedly\n      ---\n      duration_ms: 1630.4794\n      ...\n    # Subtest: should run tests with ESM dependency\n    ok 3 - should run tests with ESM dependency\n      ---\n      duration_ms: 1643.3348\n      ...\n    # Subtest: should support running tests without a file\n    ok 4 - should support running tests without a file\n      ---\n      duration_ms: 1627.6697\n      ...\n    1..4\nok 1 - test runner watch mode\n  ---\n  duration_ms: 7770.8456\n  type: 'suite'\n  ...\n1..1\n# tests 4\n# suites 1\n# pass 4\n# fail 0\n# cancelled 0\n# skipped 0\n# todo 0\n# duration_ms 7796.495\nCan't clean tmpdir: c:\\workspace\\node-test-binary-windows-js-suites\\node\\test\\.tmp.657\nFiles blocking: [ 'dependency.js', 'dependency.mjs', 'test.js' ]\n\nc:\\workspace\\node-test-binary-windows-js-suites\\node\\test\\common\\tmpdir.js:69\n    throw e;\n    ^\n\nError: EBUSY: resource busy or locked, rmdir 'c:\\workspace\\node-test-binary-windows-js-suites\\node\\test\\.tmp.657'\n    at rmdirSync (node:fs:1216:11)\n    at _rmdirSync (node:internal/fs/rimraf:235:5)\n    at rimrafSync (node:internal/fs/rimraf:193:7)\n    at Object.rmSync (node:fs:1265:10)\n    at rmSync (c:\\workspace\\node-test-binary-windows-js-suites\\node\\test\\common\\tmpdir.js:20:8)\n    at onexit (c:\\workspace\\node-test-binary-windows-js-suites\\node\\test\\common\\tmpdir.js:54:5)\n    at process.<anonymous> (c:\\workspace\\node-test-binary-windows-js-suites\\node\\test\\common\\tmpdir.js:43:14)\n    at process.emit (node:events:531:35) {\n  errno: -4082,\n  code: 'EBUSY',\n  syscall: 'rmdir',\n  path: 'c:\\\\workspace\\\\node-test-binary-windows-js-suites\\\\node\\\\test\\\\.tmp.657'\n}\n\nNode.js v22.0.0-pre"},"time":9058.117,"fullname":"parallel/test-runner-watch-mode","closingTestPoint":false}},{"testName":"parallel/test-child-process-exec-maxbuf","timestamp":1706697615366,"status":"FAILED","jobName":"node-test-binary-windows-js-suites","config":"node-test-binary-windows-js-suites » 0,win2019-COMPILED_BY-vs2022 #25624","buildUrl":"https://ci.nodejs.org/job/node-test-binary-windows-js-suites/RUN_SUBSET=0,nodes=win2019-COMPILED_BY-vs2022/25624/","buildNumber":25624,"builtOn":"test-rackspace-win2019_vs2019-x64-2","nodeVersion":"22.0.0","commitHash":"0c451677dd196d9a23a96d20faf6db7370f9bc6c","callStack":[{"upstreamBuild":60512,"upstreamProject":"node-test-commit-windows-fanned","upstreamUrl":"job/node-test-commit-windows-fanned/"},{"upstreamBuild":68174,"upstreamProject":"node-test-commit","upstreamUrl":"job/node-test-commit/"},{"upstreamBuild":56972,"upstreamProject":"node-test-pull-request","upstreamUrl":"job/node-test-pull-request/"},{"prId":"51244"}],"tap":{"ok":false,"name":"parallel/test-child-process-exec-maxbuf","id":94,"buffered":false,"tapError":null,"skip":false,"todo":false,"previous":null,"plan":null,"diag":{"severity":"fail","exitcode":3221225794,"stack":""},"time":92.005,"fullname":"parallel/test-child-process-exec-maxbuf","closingTestPoint":false}},{"testName":"parallel/test-child-process-env","timestamp":1706697615366,"status":"FAILED","jobName":"node-test-binary-windows-js-suites","config":"node-test-binary-windows-js-suites » 0,win2019-COMPILED_BY-vs2022 #25624","buildUrl":"https://ci.nodejs.org/job/node-test-binary-windows-js-suites/RUN_SUBSET=0,nodes=win2019-COMPILED_BY-vs2022/25624/","buildNumber":25624,"builtOn":"test-rackspace-win2019_vs2019-x64-2","nodeVersion":"22.0.0","commitHash":"0c451677dd196d9a23a96d20faf6db7370f9bc6c","callStack":[{"upstreamBuild":60512,"upstreamProject":"node-test-commit-windows-fanned","upstreamUrl":"job/node-test-commit-windows-fanned/"},{"upstreamBuild":68174,"upstreamProject":"node-test-commit","upstreamUrl":"job/node-test-commit/"},{"upstreamBuild":56972,"upstreamProject":"node-test-pull-request","upstreamUrl":"job/node-test-pull-request/"},{"prId":"51244"}],"tap":{"ok":false,"name":"parallel/test-child-process-env","id":96,"buffered":false,"tapError":null,"skip":false,"todo":false,"previous":null,"plan":null,"diag":{"severity":"fail","exitcode":1,"stack":"node:internal/child_process:421\n    throw new ErrnoException(err, 'spawn');\n    ^\n\nError: spawn UNKNOWN\n    at ChildProcess.spawn (node:internal/child_process:421:11)\n    at spawn (node:child_process:761:9)\n    at Object.<anonymous> (C:\\workspace\\node-test-binary-windows-js-suites\\node\\test\\parallel\\test-child-process-env.js:49:11)\n    at Module._compile (node:internal/modules/cjs/loader:1370:14)\n    at Module._extensions..js (node:internal/modules/cjs/loader:1429:10)\n    at Module.load (node:internal/modules/cjs/loader:1208:32)\n    at Module._load (node:internal/modules/cjs/loader:1024:12)\n    at Function.executeUserEntryPoint [as runMain] (node:internal/modules/run_main:142:12)\n    at node:internal/main/run_main_module:28:49 {\n  errno: -4094,\n  code: 'UNKNOWN',\n  syscall: 'spawn'\n}\n\nNode.js v22.0.0-pre"},"time":316.999,"fullname":"parallel/test-child-process-env","closingTestPoint":false}},{"testName":"parallel/test-buffer-constructor-node-modules-paths","timestamp":1706697615366,"status":"FAILED","jobName":"node-test-binary-windows-js-suites","config":"node-test-binary-windows-js-suites » 0,win2019-COMPILED_BY-vs2022 #25624","buildUrl":"https://ci.nodejs.org/job/node-test-binary-windows-js-suites/RUN_SUBSET=0,nodes=win2019-COMPILED_BY-vs2022/25624/","buildNumber":25624,"builtOn":"test-rackspace-win2019_vs2019-x64-2","nodeVersion":"22.0.0","commitHash":"0c451677dd196d9a23a96d20faf6db7370f9bc6c","callStack":[{"upstreamBuild":60512,"upstreamProject":"node-test-commit-windows-fanned","upstreamUrl":"job/node-test-commit-windows-fanned/"},{"upstreamBuild":68174,"upstreamProject":"node-test-commit","upstreamUrl":"job/node-test-commit/"},{"upstreamBuild":56972,"upstreamProject":"node-test-pull-request","upstreamUrl":"job/node-test-pull-request/"},{"prId":"51244"}],"tap":{"ok":false,"name":"parallel/test-buffer-constructor-node-modules-paths","id":98,"buffered":false,"tapError":null,"skip":false,"todo":false,"previous":null,"plan":null,"diag":{"severity":"fail","exitcode":1,"stack":"node:assert:408\n    throw err;\n    ^\n\nAssertionError [ERR_ASSERTION]\n    at test (C:\\workspace\\node-test-binary-windows-js-suites\\node\\test\\parallel\\test-buffer-constructor-node-modules-paths.js:18:5)\n    at Object.<anonymous> (C:\\workspace\\node-test-binary-windows-js-suites\\node\\test\\parallel\\test-buffer-constructor-node-modules-paths.js:27:1)\n    at Module._compile (node:internal/modules/cjs/loader:1370:14)\n    at Module._extensions..js (node:internal/modules/cjs/loader:1429:10)\n    at Module.load (node:internal/modules/cjs/loader:1208:32)\n    at Module._load (node:internal/modules/cjs/loader:1024:12)\n    at Function.executeUserEntryPoint [as runMain] (node:internal/modules/run_main:142:12)\n    at node:internal/main/run_main_module:28:49 {\n  generatedMessage: false,\n  code: 'ERR_ASSERTION',\n  actual: false,\n  expected: true,\n  operator: '=='\n}\n\nNode.js v22.0.0-pre"},"time":1014.013,"fullname":"parallel/test-buffer-constructor-node-modules-paths","closingTestPoint":false}},{"testName":"parallel/test-child-process-exec-encoding","timestamp":1706697615366,"status":"FAILED","jobName":"node-test-binary-windows-js-suites","config":"node-test-binary-windows-js-suites » 0,win2019-COMPILED_BY-vs2022 #25624","buildUrl":"https://ci.nodejs.org/job/node-test-binary-windows-js-suites/RUN_SUBSET=0,nodes=win2019-COMPILED_BY-vs2022/25624/","buildNumber":25624,"builtOn":"test-rackspace-win2019_vs2019-x64-2","nodeVersion":"22.0.0","commitHash":"0c451677dd196d9a23a96d20faf6db7370f9bc6c","callStack":[{"upstreamBuild":60512,"upstreamProject":"node-test-commit-windows-fanned","upstreamUrl":"job/node-test-commit-windows-fanned/"},{"upstreamBuild":68174,"upstreamProject":"node-test-commit","upstreamUrl":"job/node-test-commit/"},{"upstreamBuild":56972,"upstreamProject":"node-test-pull-request","upstreamUrl":"job/node-test-pull-request/"},{"prId":"51244"}],"tap":{"ok":false,"name":"parallel/test-child-process-exec-encoding","id":100,"buffered":false,"tapError":null,"skip":false,"todo":false,"previous":null,"plan":null,"diag":{"severity":"fail","exitcode":1,"stack":"node:assert:1000\n    throw newErr;\n    ^\n\nAssertionError [ERR_ASSERTION]: ifError got unwanted exception: Command failed: \"C:\\workspace\\node-test-binary-windows-js-suites\\node\\Release\\node.exe\" \"C:\\workspace\\node-test-binary-windows-js-suites\\node\\test\\parallel\\test-child-process-exec-encoding.js\" child\nThe system cannot execute the specified program.\n\n\n    at C:\\workspace\\node-test-binary-windows-js-suites\\node\\test\\common\\index.js:439:12\n    at C:\\workspace\\node-test-binary-windows-js-suites\\node\\test\\common\\index.js:476:15\n    at ChildProcess.exithandler (node:child_process:430:5)\n    at genericNodeError (node:internal/errors:984:15)\n    at wrappedFn (node:internal/errors:538:14)\n    at ChildProcess.exithandler (node:child_process:422:12)\n    at ChildProcess.emit (node:events:519:28)\n    at maybeClose (node:internal/child_process:1105:16)\n    at ChildProcess._handle.onexit (node:internal/child_process:305:5) {\n  generatedMessage: false,\n  code: 'ERR_ASSERTION',\n  actual: Error: Command failed: \"C:\\workspace\\node-test-binary-windows-js-suites\\node\\Release\\node.exe\" \"C:\\workspace\\node-test-binary-windows-js-suites\\node\\test\\parallel\\test-child-process-exec-encoding.js\" child\n  The system cannot execute the specified program.\n\n  \n      at genericNodeError (node:internal/errors:984:15)\n      at wrappedFn (node:internal/errors:538:14)\n      at ChildProcess.exithandler (node:child_process:422:12)\n      at ChildProcess.emit (node:events:519:28)\n      at maybeClose (node:internal/child_process:1105:16)\n      at ChildProcess._handle.onexit (node:internal/child_process:305:5) {\n    code: 1,\n    killed: false,\n    signal: null,\n    cmd: '\"C:\\\\workspace\\\\node-test-binary-windows-js-suites\\\\node\\\\Release\\\\node.exe\" \"C:\\\\workspace\\\\node-test-binary-windows-js-suites\\\\node\\\\test\\\\parallel\\\\test-child-process-exec-encoding.js\" child'\n  },\n  expected: null,\n  operator: 'ifError'\n}\n\nNode.js v22.0.0-pre"},"time":451.988,"fullname":"parallel/test-child-process-exec-encoding","closingTestPoint":false}}]}