{"failedTests":[{"testName":"parallel/test-shadow-realm-gc-module","timestamp":1707915495523,"status":"FAILED","jobName":"node-test-binary-windows-js-suites","config":"node-test-binary-windows-js-suites » 1,win11-arm64-COMPILED_BY-vs2019-arm64 #25760","buildUrl":"https://ci.nodejs.org/job/node-test-binary-windows-js-suites/RUN_SUBSET=1,nodes=win11-arm64-COMPILED_BY-vs2019-arm64/25760/","buildNumber":25760,"builtOn":"test-azure_msft-win11_vs2022-arm64-4","nodeVersion":"20.11.1","commitHash":"0ebaecc0a8f9f2caea0361fc5e76b72221667b8a","callStack":[{"upstreamBuild":60659,"upstreamProject":"node-test-commit-windows-fanned","upstreamUrl":"job/node-test-commit-windows-fanned/"},{"upstreamBuild":68331,"upstreamProject":"node-test-commit","upstreamUrl":"job/node-test-commit/"},{"upstreamBuild":104,"upstreamProject":"node-daily-v20.x-staging","upstreamUrl":"job/node-daily-v20.x-staging/"}],"tap":{"ok":false,"name":"parallel/test-shadow-realm-gc-module","id":667,"buffered":false,"tapError":null,"skip":false,"todo":false,"previous":null,"plan":null,"diag":{"severity":"fail","exitcode":134,"stack":"\n<--- Last few GCs --->\n\n[10840:00000143550C6040]     1606 ms: Scavenge 16.0 (21.8) -> 15.3 (25.8) MB, 2.57 / 0.00 ms  (average mu = 0.884, current mu = 0.954) task; \n[10840:00000143550C6040]     1660 ms: Mark-Compact 20.2 (26.3) -> 13.2 (28.6) MB, 4.86 / 0.04 ms  (+ 4.6 ms in 58 steps since start of marking, biggest step 0.3 ms, walltime since start of marking 53 ms) (average mu = 0.900, current mu = 0.914) allocation\n\n<--- JS stacktrace --->\n\nFATAL ERROR: Reached heap limit Allocation failed - JavaScript heap out of memory\n----- Native stack trace -----\n\n 1: 0000014356E5ED04 \n 2: 00007FF6307AD6C0 \n 3: 0000014356E5FA74 \n 4: 0000014356E5F434 \n 5: 00007FF6307AD6C0 \n 6: 0000014356E5FA74 \n 7: 0000014356E5F434 \n 8: 00007FF6307AD6C0 \n 9: 00007FF6307AD6C0 \n10: 00007FF6307AD6C0 \n11: 00007FF6307AD6C0 \n12: 00007FF6307AD6C0 \n13: 00007FF6307AA95C \n14: 00007FF6308EA888 \n15: 00007FF6307AD6C0 \n16: 00007FF6307AD6C0 \n17: 00007FF6307AD6C0 \n18: 00007FF6307E45EC \n19: 00007FF630892EB4 \n20: 00007FF6307D4310 \n21: 00007FF6307AB670 \n22: 00007FF6313FCBC4 v8::base::OS::ActivationFrameAlignment+2788\n23: 00007FF631B14DE8 inflateValidate+16032\n24: 00007FFD79C52310 BaseThreadInitThunk+48\n25: 00007FFD79F9577C RtlUserThreadStart+60"},"time":2051.994,"fullname":"parallel/test-shadow-realm-gc-module","closingTestPoint":false}},{"testName":"parallel/test-runner-watch-mode","timestamp":1707915495523,"status":"FAILED","jobName":"node-test-binary-windows-js-suites","config":"node-test-binary-windows-js-suites » 0,win11-arm64-COMPILED_BY-vs2022-arm64 #25760","buildUrl":"https://ci.nodejs.org/job/node-test-binary-windows-js-suites/RUN_SUBSET=0,nodes=win11-arm64-COMPILED_BY-vs2022-arm64/25760/","buildNumber":25760,"builtOn":"test-azure_msft-win11_vs2022-arm64-4","nodeVersion":"20.11.1","commitHash":"0ebaecc0a8f9f2caea0361fc5e76b72221667b8a","callStack":[{"upstreamBuild":60659,"upstreamProject":"node-test-commit-windows-fanned","upstreamUrl":"job/node-test-commit-windows-fanned/"},{"upstreamBuild":68331,"upstreamProject":"node-test-commit","upstreamUrl":"job/node-test-commit/"},{"upstreamBuild":104,"upstreamProject":"node-daily-v20.x-staging","upstreamUrl":"job/node-daily-v20.x-staging/"}],"tap":{"ok":false,"name":"parallel/test-runner-watch-mode","id":742,"buffered":false,"tapError":null,"skip":false,"todo":": Fix flaky test","previous":null,"plan":null,"diag":{"severity":"flaky","exitcode":1,"stack":"TAP version 13\n# Subtest: test runner watch mode\n    # Subtest: should run tests repeatedly\n    ok 1 - should run tests repeatedly\n      ---\n      duration_ms: 2390.8367\n      ...\n    # Subtest: should run tests with dependency repeatedly\n    ok 2 - should run tests with dependency repeatedly\n      ---\n      duration_ms: 1986.2686\n      ...\n    # Subtest: should run tests with ESM dependency\n    ok 3 - should run tests with ESM dependency\n      ---\n      duration_ms: 1846.4045\n      ...\n    # Subtest: should support running tests without a file\n    ok 4 - should support running tests without a file\n      ---\n      duration_ms: 1985.0363\n      ...\n    1..4\nok 1 - test runner watch mode\n  ---\n  duration_ms: 8212.4379\n  type: 'suite'\n  ...\n1..1\n# tests 4\n# suites 1\n# pass 4\n# fail 0\n# cancelled 0\n# skipped 0\n# todo 0\n# duration_ms 8235.9569\nCan't clean tmpdir: d:\\workspace\\node-test-binary-windows-js-suites\\node\\test\\.tmp.651\nFiles blocking: [ 'dependency.js', 'dependency.mjs', 'test.js' ]\n\nd:\\workspace\\node-test-binary-windows-js-suites\\node\\test\\common\\tmpdir.js:69\n    throw e;\n    ^\n\nError: EBUSY: resource busy or locked, rmdir 'd:\\workspace\\node-test-binary-windows-js-suites\\node\\test\\.tmp.651'\n    at rmdirSync (node:fs:1219:11)\n    at _rmdirSync (node:internal/fs/rimraf:235:5)\n    at rimrafSync (node:internal/fs/rimraf:193:7)\n    at Object.rmSync (node:fs:1268:10)\n    at rmSync (d:\\workspace\\node-test-binary-windows-js-suites\\node\\test\\common\\tmpdir.js:20:8)\n    at onexit (d:\\workspace\\node-test-binary-windows-js-suites\\node\\test\\common\\tmpdir.js:54:5)\n    at process.<anonymous> (d:\\workspace\\node-test-binary-windows-js-suites\\node\\test\\common\\tmpdir.js:43:14)\n    at process.emit (node:events:530:35) {\n  errno: -4082,\n  code: 'EBUSY',\n  syscall: 'rmdir',\n  path: 'd:\\\\workspace\\\\node-test-binary-windows-js-suites\\\\node\\\\test\\\\.tmp.651'\n}\n\nNode.js v20.11.1-pre"},"time":8772.074,"fullname":"parallel/test-runner-watch-mode","closingTestPoint":false}}]}