{"failedTests":[{"testName":"parallel/test-fs-write-stream-eagain","timestamp":1707944016661,"status":"FAILED","jobName":"node-test-binary-windows-js-suites","config":"node-test-binary-windows-js-suites » 1,win2016-COMPILED_BY-vs2022-x86 #25763","buildUrl":"https://ci.nodejs.org/job/node-test-binary-windows-js-suites/RUN_SUBSET=1,nodes=win2016-COMPILED_BY-vs2022-x86/25763/","buildNumber":25763,"builtOn":"test-azure_msft-win2016_vs2017-x64-2","nodeVersion":"22.0.0","commitHash":"a43067aa55dd978877723e12586a3ad71e2c9e7d","callStack":[{"upstreamBuild":60663,"upstreamProject":"node-test-commit-windows-fanned","upstreamUrl":"job/node-test-commit-windows-fanned/"},{"upstreamBuild":68335,"upstreamProject":"node-test-commit","upstreamUrl":"job/node-test-commit/"},{"upstreamBuild":57080,"upstreamProject":"node-test-pull-request","upstreamUrl":"job/node-test-pull-request/"},{"prId":"51723"}],"tap":{"ok":false,"name":"parallel/test-fs-write-stream-eagain","id":312,"buffered":false,"tapError":null,"skip":false,"todo":false,"previous":null,"plan":null,"diag":{"severity":"fail","exitcode":1,"stack":"TAP version 13\n# Subtest: WriteStream EAGAIN\n    # Subtest: _write\n    not ok 1 - _write\n      ---\n      duration_ms: 13.8993\n      location: 'file:///C:/workspace/node-test-binary-windows-js-suites/node/test/parallel/test-fs-write-stream-eagain.mjs:15:3'\n      failureType: 'testCodeFailure'\n      error: |-\n        Expected values to be strictly equal:\n        \n        '' !== 'foo'\n        \n      code: 'ERR_ASSERTION'\n      name: 'AssertionError'\n      expected: 'foo'\n      actual: ''\n      operator: 'strictEqual'\n      stack: |-\n        TestContext.<anonymous> (file:///C:/workspace/node-test-binary-windows-js-suites/node/test/parallel/test-fs-write-stream-eagain.mjs:30:12)\n        process.processTicksAndRejections (node:internal/process/task_queues:95:5)\n        async Test.run (node:internal/test_runner/test:642:9)\n        async Promise.all (index 0)\n        async Suite.run (node:internal/test_runner/test:966:7)\n        async startSubtest (node:internal/test_runner/harness:218:3)\n      ...\n    # Subtest: _write\n    ok 2 - _write\n      ---\n      duration_ms: 16.7942\n      ...\n    1..2\nnot ok 1 - WriteStream EAGAIN\n  ---\n  duration_ms: 22.401\n  type: 'suite'\n  location: 'file:///C:/workspace/node-test-binary-windows-js-suites/node/test/parallel/test-fs-write-stream-eagain.mjs:14:1'\n  failureType: 'subtestsFailed'\n  error: '1 subtest failed'\n  code: 'ERR_TEST_FAILURE'\n  ...\n1..1\n# tests 2\n# suites 1\n# pass 1\n# fail 1\n# cancelled 0\n# skipped 0\n# todo 0\n# duration_ms 30.7071"},"time":275.009,"fullname":"parallel/test-fs-write-stream-eagain","closingTestPoint":false}},{"testName":"sequential/test-http2-large-file","timestamp":1707944016661,"status":"FAILED","jobName":"node-test-binary-windows-js-suites","config":"node-test-binary-windows-js-suites » 0,win2022-COMPILED_BY-vs2022 #25763","buildUrl":"https://ci.nodejs.org/job/node-test-binary-windows-js-suites/RUN_SUBSET=0,nodes=win2022-COMPILED_BY-vs2022/25763/","buildNumber":25763,"builtOn":"test-rackspace-win2022_vs2022-x64-2","nodeVersion":"22.0.0","commitHash":"a43067aa55dd978877723e12586a3ad71e2c9e7d","callStack":[{"upstreamBuild":60663,"upstreamProject":"node-test-commit-windows-fanned","upstreamUrl":"job/node-test-commit-windows-fanned/"},{"upstreamBuild":68335,"upstreamProject":"node-test-commit","upstreamUrl":"job/node-test-commit/"},{"upstreamBuild":57080,"upstreamProject":"node-test-pull-request","upstreamUrl":"job/node-test-pull-request/"},{"prId":"51723"}],"tap":{"ok":false,"name":"sequential/test-http2-large-file","id":952,"buffered":false,"tapError":null,"skip":false,"todo":": Fix flaky test","previous":null,"plan":null,"diag":{"severity":"fail","exitcode":1,"stack":"timeout"},"time":120191.722,"fullname":"sequential/test-http2-large-file","closingTestPoint":false}}]}