{"failedTests":[{"testName":"parallel/test-worker-nearheaplimit-deadlock","timestamp":1708046363576,"status":"FAILED","jobName":"node-test-binary-windows-js-suites","config":"node-test-binary-windows-js-suites » 0,win2016-COMPILED_BY-vs2022-x86 #25804","buildUrl":"https://ci.nodejs.org/job/node-test-binary-windows-js-suites/RUN_SUBSET=0,nodes=win2016-COMPILED_BY-vs2022-x86/25804/","buildNumber":25804,"builtOn":"test-azure_msft-win2016_vs2017-x64-2","nodeVersion":"22.0.0","commitHash":"54c2d69d3624b3085682349f111099ee627c51df","callStack":[{"upstreamBuild":60705,"upstreamProject":"node-test-commit-windows-fanned","upstreamUrl":"job/node-test-commit-windows-fanned/"},{"upstreamBuild":68379,"upstreamProject":"node-test-commit","upstreamUrl":"job/node-test-commit/"},{"upstreamBuild":57121,"upstreamProject":"node-test-pull-request","upstreamUrl":"job/node-test-pull-request/"},{"prId":"51693"}],"tap":{"ok":false,"name":"parallel/test-worker-nearheaplimit-deadlock","id":885,"buffered":false,"tapError":null,"skip":false,"todo":": Fix flaky test","previous":null,"plan":null,"diag":{"severity":"flaky","exitcode":134,"stack":"\n<--- Last few GCs --->\n\n[5188:0BCFB018]       55 ms: Mark-Compact 1.5 (3.9) -> 1.5 (3.9) MB, 1.76 / 0.00 ms  (average mu = 0.661, current mu = 0.012) background allocation failure; GC in old space requested\n[5188:0BCFB018]       57 ms: Mark-Compact 1.5 (3.9) -> 1.5 (3.9) MB, 1.91 / 0.00 ms  (average mu = 0.545, current mu = 0.093) background allocation failure; GC in old space requested\n\n\n<--- JS stacktrace --->\n\nFATAL ERROR: LocalHeap: allocation failed Allocation failed - JavaScript heap out of memory\n----- Native stack trace -----"},"time":425.008,"fullname":"parallel/test-worker-nearheaplimit-deadlock","closingTestPoint":false}},{"testName":"sequential/test-http2-large-file","timestamp":1708046363576,"status":"FAILED","jobName":"node-test-binary-windows-js-suites","config":"node-test-binary-windows-js-suites » 0,win2022-COMPILED_BY-vs2022 #25804","buildUrl":"https://ci.nodejs.org/job/node-test-binary-windows-js-suites/RUN_SUBSET=0,nodes=win2022-COMPILED_BY-vs2022/25804/","buildNumber":25804,"builtOn":"test-rackspace-win2022_vs2022-x64-6","nodeVersion":"22.0.0","commitHash":"54c2d69d3624b3085682349f111099ee627c51df","callStack":[{"upstreamBuild":60705,"upstreamProject":"node-test-commit-windows-fanned","upstreamUrl":"job/node-test-commit-windows-fanned/"},{"upstreamBuild":68379,"upstreamProject":"node-test-commit","upstreamUrl":"job/node-test-commit/"},{"upstreamBuild":57121,"upstreamProject":"node-test-pull-request","upstreamUrl":"job/node-test-pull-request/"},{"prId":"51693"}],"tap":{"ok":false,"name":"sequential/test-http2-large-file","id":952,"buffered":false,"tapError":null,"skip":false,"todo":": Fix flaky test","previous":null,"plan":null,"diag":{"severity":"fail","exitcode":1,"stack":"timeout"},"time":120224.515,"fullname":"sequential/test-http2-large-file","closingTestPoint":false}},{"testName":"parallel/test-runner-watch-mode","timestamp":1708046363576,"status":"FAILED","jobName":"node-test-binary-windows-js-suites","config":"node-test-binary-windows-js-suites » 2,win2016-COMPILED_BY-vs2022-x86 #25804","buildUrl":"https://ci.nodejs.org/job/node-test-binary-windows-js-suites/RUN_SUBSET=2,nodes=win2016-COMPILED_BY-vs2022-x86/25804/","buildNumber":25804,"builtOn":"test-azure_msft-win2016_vs2017-x64-1","nodeVersion":"22.0.0","commitHash":"54c2d69d3624b3085682349f111099ee627c51df","callStack":[{"upstreamBuild":60705,"upstreamProject":"node-test-commit-windows-fanned","upstreamUrl":"job/node-test-commit-windows-fanned/"},{"upstreamBuild":68379,"upstreamProject":"node-test-commit","upstreamUrl":"job/node-test-commit/"},{"upstreamBuild":57121,"upstreamProject":"node-test-pull-request","upstreamUrl":"job/node-test-pull-request/"},{"prId":"51693"}],"tap":{"ok":false,"name":"parallel/test-runner-watch-mode","id":721,"buffered":false,"tapError":null,"skip":false,"todo":": Fix flaky test","previous":null,"plan":null,"diag":{"severity":"flaky","exitcode":1,"stack":"TAP version 13\n# Subtest: test runner watch mode\n    # Subtest: should run tests repeatedly\n    ok 1 - should run tests repeatedly\n      ---\n      duration_ms: 1535.9789\n      ...\n    # Subtest: should run tests with dependency repeatedly\n    ok 2 - should run tests with dependency repeatedly\n      ---\n      duration_ms: 1568.679\n      ...\n    # Subtest: should run tests with ESM dependency\n    ok 3 - should run tests with ESM dependency\n      ---\n      duration_ms: 1488.9098\n      ...\n    # Subtest: should support running tests without a file\n    ok 4 - should support running tests without a file\n      ---\n      duration_ms: 1485.0354\n      ...\n    1..4\nok 1 - test runner watch mode\n  ---\n  duration_ms: 6082.2989\n  type: 'suite'\n  ...\n1..1\n# tests 4\n# suites 1\n# pass 4\n# fail 0\n# cancelled 0\n# skipped 0\n# todo 0\n# duration_ms 6099.0559\nCan't clean tmpdir: C:\\workspace\\node-test-binary-windows-js-suites\\node\\test\\.tmp.658\nFiles blocking: [ 'dependency.js', 'dependency.mjs', 'test.js' ]\n\nC:\\workspace\\node-test-binary-windows-js-suites\\node\\test\\common\\tmpdir.js:69\n    throw e;\n    ^\n\nError: EBUSY: resource busy or locked, rmdir 'C:\\workspace\\node-test-binary-windows-js-suites\\node\\test\\.tmp.658'\n    at rmdirSync (node:fs:1216:11)\n    at _rmdirSync (node:internal/fs/rimraf:235:5)\n    at rimrafSync (node:internal/fs/rimraf:193:7)\n    at Object.rmSync (node:fs:1265:10)\n    at rmSync (C:\\workspace\\node-test-binary-windows-js-suites\\node\\test\\common\\tmpdir.js:20:8)\n    at onexit (C:\\workspace\\node-test-binary-windows-js-suites\\node\\test\\common\\tmpdir.js:54:5)\n    at process.<anonymous> (C:\\workspace\\node-test-binary-windows-js-suites\\node\\test\\common\\tmpdir.js:43:14)\n    at process.emit (node:events:531:35) {\n  errno: -4082,\n  code: 'EBUSY',\n  syscall: 'rmdir',\n  path: 'C:\\\\workspace\\\\node-test-binary-windows-js-suites\\\\node\\\\test\\\\.tmp.658'\n}\n\nNode.js v22.0.0-pre"},"time":6724.569,"fullname":"parallel/test-runner-watch-mode","closingTestPoint":false}}]}