{"failedTests":[{"testName":"wasi/test-wasi","timestamp":1708428923554,"status":"REGRESSION","jobName":"node-test-binary-windows-js-suites","config":"node-test-binary-windows-js-suites » 3,win11-arm64-COMPILED_BY-vs2022-arm64 #25882","buildUrl":"https://ci.nodejs.org/job/node-test-binary-windows-js-suites/RUN_SUBSET=3,nodes=win11-arm64-COMPILED_BY-vs2022-arm64/25882/","buildNumber":25882,"builtOn":"test-azure_msft-win11_vs2022-arm64-1","nodeVersion":"22.0.0","commitHash":"c65ff7aa51fd7a7583fbfcb5af322a91bba199ec","callStack":[{"upstreamBuild":60792,"upstreamProject":"node-test-commit-windows-fanned","upstreamUrl":"job/node-test-commit-windows-fanned/"},{"upstreamBuild":68471,"upstreamProject":"node-test-commit","upstreamUrl":"job/node-test-commit/"},{"upstreamBuild":57199,"upstreamProject":"node-test-pull-request","upstreamUrl":"job/node-test-pull-request/"},{"prId":"51810"}],"tap":{"ok":false,"name":"wasi/test-wasi","id":923,"buffered":false,"tapError":null,"skip":false,"todo":false,"previous":null,"plan":null,"diag":{"severity":"fail","exitcode":1,"stack":"executing cant_dotdot\n(node:6012) ExperimentalWarning: WASI is an experimental feature and might change at any time\n(Use `node --trace-warnings ...` to show where the warning was created)\nfd_prestat_get(3, 69752)\nfd_prestat_dir_name(3, 69776, 8)\nfd_prestat_get(4, 69752)\nfd_prestat_dir_name(4, 69776, 4)\nfd_prestat_get(5, 69752)\nfd_fdstat_get(3, 69704)\npath_open(3, 1, 1062, 14, 0, 264240830, 268435455, 0, 69700)\n\nexecuting cant_dotdot\n(node:8420) ExperimentalWarning: WASI is an experimental feature and might change at any time\n(Use `node --trace-warnings ...` to show where the warning was created)\nfd_prestat_get(3, 69752)\nfd_prestat_dir_name(3, 69776, 8)\nfd_prestat_get(4, 69752)\nfd_prestat_dir_name(4, 69776, 4)\nfd_prestat_get(5, 69752)\nfd_fdstat_get(3, 69704)\npath_open(3, 1, 1062, 14, 0, 264240830, 268435455, 0, 69700)\n\nexecuting clock_getres\n(node:9180) ExperimentalWarning: WASI is an experimental feature and might change at any time\n(Use `node --trace-warnings ...` to show where the warning was created)\nclock_res_get(0, 69160)\nclock_res_get(1, 69160)\n\nexecuting clock_getres\n(node:10680) ExperimentalWarning: WASI is an experimental feature and might change at any time\n(Use `node --trace-warnings ...` to show where the warning was created)\nclock_res_get(0, 69160)\nclock_res_get(1, 69160)\n\nexecuting exitcode\n(node:10796) ExperimentalWarning: WASI is an experimental feature and might change at any time\n(Use `node --trace-warnings ...` to show where the warning was created)\n\nexecuting exitcode\n(node:3132) ExperimentalWarning: WASI is an experimental feature and might change at any time\n(Use `node --trace-warnings ...` to show where the warning was created)\n\nexecuting exitcode\n(node:5500) ExperimentalWarning: WASI is an experimental feature and might change at any time\n(Use `node --trace-warnings ...` to show where the warning was created)\n\nexecuting exitcode\n(node:6648) ExperimentalWarning: WASI is an experimental feature and might change at any time\n(Use `node --trace-warnings ...` to show where the warning was created)\n\nexecuting exitcode\n(node:3856) ExperimentalWarning: WASI is an experimental feature and might change at any time\n(Use `node --trace-warnings ...` to show where the warning was created)\nproc_exit(120)\n\nexecuting exitcode\n(node:10556) ExperimentalWarning: WASI is an experimental feature and might change at any time\n(Use `node --trace-warnings ...` to show where the warning was created)\nproc_exit(120)\n\nexecuting fd_prestat_get_refresh\n(node:4000) ExperimentalWarning: WASI is an experimental feature and might change at any time\n(Use `node --trace-warnings ...` to show where the warning was created)\nfd_fdstat_get(1, 66536)\nfd_fdstat_get(1, 66536)\n\nexecuting fd_prestat_get_refresh\n(node:1716) ExperimentalWarning: WASI is an experimental feature and might change at any time\n(Use `node --trace-warnings ...` to show where the warning was created)\nfd_fdstat_get(1, 66536)\nfd_fdstat_get(1, 66536)\n\nexecuting freopen\n(node:8304) ExperimentalWarning: WASI is an experimental feature and might change at any time\n(Use `node --trace-warnings ...` to show where the warning was created)\nfd_prestat_get(3, 70936)\nfd_prestat_dir_name(3, 70960, 8)\nfd_prestat_get(4, 70936)\nfd_prestat_dir_name(4, 70960, 4)\nfd_prestat_get(5, 70936)\nfd_fdstat_get(3, 70872)\npath_open(3, 1, 1062, 9, 0, 264240830, 268435455, 0, 70868)\nfd_fdstat_get(3, 70856)\npath_open(3, 1, 1081, 10, 0, 264240830, 268435455, 0, 70852)\nfd_renumber(6, 5)\nfd_read(5, 70872, 1, 70868)\nfd_fdstat_get(1, 70872)\nfd_write(1, 70880, 2, 70876)\nfd_read(5, 70872, 1, 70868)\n\nexecuting freopen\n(node:10824) ExperimentalWarning: WASI is an experimental feature and might change at any time\n(Use `node --trace-warnings ...` to show where the warning was created)\nfd_prestat_get(3, 70936)\nfd_prestat_dir_name(3, 70960, 8)\nfd_prestat_get(4, 70936)\nfd_prestat_dir_name(4, 70960, 4)\nfd_prestat_get(5, 70936)\nfd_fdstat_get(3, 70872)\npath_open(3, 1, 1062, 9, 0, 264240830, 268435455, 0, 70868)\nfd_fdstat_get(3, 70856)\npath_open(3, 1, 1081, 10, 0, 264240830, 268435455, 0, 70852)\nfd_renumber(6, 5)\nfd_close(4294967295)\nfd_read(5, 70872, 1, 70868)\nfd_fdstat_get(1, 70872)\nfd_write(1, 70880, 2, 70876)\nfd_read(5, 70872, 1, 70868)\n\nexecuting ftruncate\n(node:580) ExperimentalWarning: WASI is an experimental feature and might change at any time\n(Use `node --trace-warnings ...` to show where the warning was created)\nfd_prestat_get(3, 69944)\nfd_prestat_dir_name(3, 69968, 8)\nfd_prestat_get(4, 69944)\nfd_prestat_dir_name(4, 69968, 4)\nfd_prestat_get(5, 69944)\npath_create_directory(4, 1082, 7)\nfd_fdstat_get(4, 69640)\npath_open(4, 1, 1058, 18, 1, 268419069, 268435455, 0, 69636)\nfd_filestat_get(5, 69584)\nfd_tell(5, 69672)\nfd_filestat_set_size(5, 500)\nfd_filestat_get(5, 69584)\nfd_tell(5, 69672)\nfd_filestat_set_size(5, 300)\nfd_filestat_get(5, 69584)\nfd_tell(5, 69672)\nfd_close(5)\n\nexecuting ftruncate\n(node:8984) ExperimentalWarning: WASI is an experimental feature and might change at any time\n(Use `node --trace-warnings ...` to show where the warning was created)\nfd_prestat_get(3, 69944)\nfd_prestat_dir_name(3, 69968, 8)\nfd_prestat_get(4, 69944)\nfd_prestat_dir_name(4, 69968, 4)\nfd_prestat_get(5, 69944)\npath_create_directory(4, 1082, 7)\nfd_fdstat_get(4, 69640)\npath_open(4, 1, 1058, 18, 1, 268419069, 268435455, 0, 69636)\nfd_filestat_get(5, 69584)\nfd_tell(5, 69672)\nfd_filestat_set_size(5, 500)\nfd_filestat_get(5, 69584)\nfd_tell(5, 69672)\nfd_filestat_set_size(5, 300)\nfd_filestat_get(5, 69584)\nfd_tell(5, 69672)\nfd_close(5)\n\nexecuting getentropy\n(node:7436) ExperimentalWarning: WASI is an experimental feature and might change at any time\n(Use `node --trace-warnings ...` to show where the warning was created)\nrandom_get(68912, 256)\n\nexecuting getentropy\n(node:8896) ExperimentalWarning: WASI is an experimental feature and might change at any time\n(Use `node --trace-warnings ...` to show where the warning was created)\nrandom_get(68912, 256)\n\nexecuting getrusage\n(node:11792) ExperimentalWarning: WASI is an experimental feature and might change at any time\n(Use `node --trace-warnings ...` to show where the warning was created)\nclock_time_get(1, 0, 3616)\nclock_time_get(1, 0, 69080)\nclock_time_get(1, 0, 69080)\n\nexecuting getrusage\n(node:7488) ExperimentalWarning: WASI is an experimental feature and might change at any time\n(Use `node --trace-warnings ...` to show where the warning was created)\nclock_time_get(1, 0, 3616)\nclock_time_get(1, 0, 69080)\nclock_time_get(1, 0, 69080)\n\nexecuting gettimeofday\n(node:11964) ExperimentalWarning: WASI is an experimental feature and might change at any time\n(Use `node --trace-warnings ...` to show where the warning was created)\nclock_time_get(0, 1000, 69096)\nclock_time_get(0, 1000, 69096)\nclock_time_get(0, 1000, 69096)\nclock_time_get(0, 1000, 69096)\nclock_time_get(0, 1000, 69096)\nclock_time_get(0, 1000, 69096)\nclock_time_get(0, 1000, 69096)\nclock_time_get(0, 1000, 69096)\nclock_time_get(0, 1000, 69096)\nclock_time_get(0, 1000, 69096)\nclock_time_get(0, 1000, 69096)\nclock_time_get(0, 1000, 69096)\nclock_time_get(0, 1000, 69096)\nclock_time_get(0, 1000, 69096)\nclock_time_get(0, 1000, 69096)\nclock_time_get(0, 1000, 69096)\nclock_time_get(0, 1000, 69096)\nclock_time_get(0, 1000, 69096)\nclock_time_get(0, 1000, 69096)\nclock_time_get(0, 1000, 69096)\nclock_time_get(0, 1000, 69096)\nclock_time_get(0, 1000, 69096)\nclock_time_get(0, 1000, 69096)\nclock_time_get(0, 1000, 69096)\nclock_time_get(0, 1000, 69096)\nclock_time_get(0, 1000, 69096)\nclock_time_get(0, 1000, 69096)\nclock_time_get(0, 1000, 69096)\nclock_time_get(0, 1000, 69096)\nclock_time_get(0, 1000, 69096)\nclock_time_get(0, 1000, 69096)\nclock_time_get(0, 1000, 69096)\nclock_time_get(0, 1000, 69096)\nclock_time_get(0, 1000, 69096)\nclock_time_get(0, 1000, 69096)\nclock_time_get(0, 1000, 69096)\nclock_time_get(0, 1000, 69096)\nclock_time_get(0, 1000, 69096)\nclock_time_get(0, 1000, 69096)\nclock_time_get(0, 1000, 69096)\nclock_time_get(0, 1000, 69096)\nclock_time_get(0, 1000, 69096)\nclock_time_get(0, 1000, 69096)\nclock_time_get(0, 1000, 69096)\nclock_time_get(0, 1000, 69096)\nclock_time_get(0, 1000, 69096)\nclock_time_get(0, 1000, 69096)\nclock_time_get(0, 1000, 69096)\nclock_time_get(0, 1000, 69096)\nclock_time_get(0, 1000, 69096)\nclock_time_get(0, 1000, 69096)\nclock_time_get(0, 1000, 69096)\nclock_time_get(0, 1000, 69096)\nclock_time_get(0, 1000, 69096)\nclock_time_get(0, 1000, 69096)\nclock_time_get(0, 1000, 69096)\nclock_time_get(0, 1000, 69096)\nclock_time_get(0, 1000, 69096)\nclock_time_get(0, 1000, 69096)\nclock_time_get(0, 1000, 69096)\nclock_time_get(0, 1000, 69096)\nclock_time_get(0, 1000, 69096)\nclock_time_get(0, 1000, 69096)\nclock_time_get(0, 1000, 69096)\nclock_time_get(0, 1000, 69096)\nclock_time_get(0, 1000, 69096)\nclock_time_get(0, 1000, 69096)\nclock_time_get(0, 1000, 69096)\nclock_time_get(0, 1000, 69096)\nclock_time_get(0, 1000, 69096)\nclock_time_get(0, 1000, 69096)\nclock_time_get(0, 1000, 69096)\nclock_time_get(0, 1000, 69096)\nclock_time_get(0, 1000, 69096)\nclock_time_get(0, 1000, 69096)\nclock_time_get(0, 1000, 69096)\nclock_time_get(0, 1000, 69096)\nclock_time_get(0, 1000, 69096)\nclock_time_get(0, 1000, 69096)\nclock_time_get(0, 1000, 69096)\nclock_time_get(0, 1000, 69096)\nclock_time_get(0, 1000, 69096)\nclock_time_get(0, 1000, 69096)\nclock_time_get(0, 1000, 69096)\nclock_time_get(0, 1000, 69096)\nclock_time_get(0, 1000, 69096)\nclock_time_get(0, 1000, 69096)\nclock_time_get(0, 1000, 69096)\nclock_time_get(0, 1000, 69096)\nclock_time_get(0, 1000, 69096)\nclock_time_get(0, 1000, 69096)\nclock_time_get(0, 1000, 69096)\nclock_time_get(0, 1000, 69096)\nclock_time_get(0, 1000, 69096)\nclock_time_get(0, 1000, 69096)\nclock_time_get(0, 1000, 69096)\nclock_time_get(0, 1000, 69096)\nclock_time_get(0, 1000, 69096)\nclock_time_get(0, 1000, 69096)\nclock_time_get(0, 1000, 69096)\nclock_time_get(0, 1000, 69096)\nclock_time_get(0, 1000, 69096)\nclock_time_get(0, 1000, 69096)\nclock_time_get(0, 1000, 69096)\nclock_time_get(0, 1000, 69096)\nclock_time_get(0, 1000, 69096)\nclock_time_get(0, 1000, 69096)\nclock_time_get(0, 1000, 69096)\nclock_time_get(0, 1000, 69096)\nclock_time_get(0, 1000, 69096)\nclock_time_get(0, 1000, 69096)\nclock_time_get(0, 1000, 69096)\nclock_time_get(0, 1000, 69096)\nclock_time_get(0, 1000, 69096)\nclock_time_get(0, 1000, 69096)\nclock_time_get(0, 1000, 69096)\nclock_time_get(0, 1000, 69096)\nclock_time_get(0, 1000, 69096)\nclock_time_get(0, 1000, 69096)\nclock_time_get(0, 1000, 69096)\nclock_time_get(0, 1000, 69096)\nclock_time_get(0, 1000, 69096)\nclock_time_get(0, 1000, 69096)\nclock_time_get(0, 1000, 69096)\nclock_time_get(0, 1000, 69096)\nclock_time_get(0, 1000, 69096)\nclock_time_get(0, 1000, 69096)\nclock_time_get(0, 1000, 69096)\nclock_time_get(0, 1000, 69096)\nclock_time_get(0, 1000, 69096)\nclock_time_get(0, 1000, 69096)\nclock_time_get(0, 1000, 69096)\nclock_time_get(0, 1000, 69096)\nclock_time_get(0, 1000, 69096)\nclock_time_get(0, 1000, 69096)\nclock_time_get(0, 1000, 69096)\nclock_time_get(0, 1000, 69096)\nclock_time_get(0, 1000, 69096)\nclock_time_get(0, 1000, 69096)\nclock_time_get(0, 1000, 69096)\nclock_time_get(0, 1000, 69096)\nclock_time_get(0, 1000, 69096)\nclock_time_get(0, 1000, 69096)\nclock_time_get(0, 1000, 69096)\nclock_time_get(0, 1000, 69096)\n\nexecuting gettimeofday\n(node:68) ExperimentalWarning: WASI is an experimental feature and might change at any time\n(Use `node --trace-warnings ...` to show where the warning was created)\nclock_time_get(0, 1000, 69096)\nclock_time_get(0, 1000, 69096)\nclock_time_get(0, 1000, 69096)\nclock_time_get(0, 1000, 69096)\nclock_time_get(0, 1000, 69096)\nclock_time_get(0, 1000, 69096)\nclock_time_get(0, 1000, 69096)\nclock_time_get(0, 1000, 69096)\nclock_time_get(0, 1000, 69096)\nclock_time_get(0, 1000, 69096)\nclock_time_get(0, 1000, 69096)\nclock_time_get(0, 1000, 69096)\nclock_time_get(0, 1000, 69096)\nclock_time_get(0, 1000, 69096)\nclock_time_get(0, 1000, 69096)\nclock_time_get(0, 1000, 69096)\nclock_time_get(0, 1000, 69096)\nclock_time_get(0, 1000, 69096)\nclock_time_get(0, 1000, 69096)\n\nexecuting main_args\n(node:3188) ExperimentalWarning: WASI is an experimental feature and might change at any time\n(Use `node --trace-warnings ...` to show where the warning was created)\nargs_sizes_get(69784, 69788)\nargs_get(69840, 69808)\n\nexecuting main_args\n(node:608) ExperimentalWarning: WASI is an experimental feature and might change at any time\n(Use `node --trace-warnings ...` to show where the warning was created)\nargs_sizes_get(69784, 69788)\nargs_get(69840, 69808)\n\nexecuting notdir\n(node:11420) ExperimentalWarning: WASI is an experimental feature and might change at any time\n(Use `node --trace-warnings ...` to show where the warning was created)\nfd_prestat_get(3, 69720)\nfd_prestat_dir_name(3, 69744, 8)\nfd_prestat_get(4, 69720)\nfd_prestat_dir_name(4, 69744, 4)\nfd_prestat_get(5, 69720)\nfd_fdstat_get(3, 69672)\npath_open(3, 1, 1062, 7, 2, 264240830, 268435455, 4, 69668)\n\nexecuting notdir\n(node:12104) ExperimentalWarning: WASI is an experimental feature and might change at any time\n(Use `node --trace-warnings ...` to show where the warning was created)\nfd_prestat_get(3, 69720)\nfd_prestat_dir_name(3, 69744, 8)\nfd_prestat_get(4, 69720)\nfd_prestat_dir_name(4, 69744, 4)\nfd_prestat_get(5, 69720)\nfd_fdstat_get(3, 69672)\npath_open(3, 1, 1062, 7, 2, 264240830, 268435455, 4, 69668)\n\nexecuting poll\n(node:11996) ExperimentalWarning: WASI is an experimental feature and might change at any time\n(Use `node --trace-warnings ...` to show where the warning was created)\n\nnode:assert:126\n  throw new AssertionError(obj);\n  ^\n\nAssertionError [ERR_ASSERTION]: Expected values to be strictly equal:\n\n3221225477 !== 0\n\n    at innerRunWASI (d:\\workspace\\node-test-binary-windows-js-suites\\node\\test\\wasi\\test-wasi.js:80:12)\n    at runWASI (d:\\workspace\\node-test-binary-windows-js-suites\\node\\test\\wasi\\test-wasi.js:86:5)\n    at Object.<anonymous> (d:\\workspace\\node-test-binary-windows-js-suites\\node\\test\\wasi\\test-wasi.js:111:3)\n    at Module._compile (node:internal/modules/cjs/loader:1370:14)\n    at Module._extensions..js (node:internal/modules/cjs/loader:1429:10)\n    at Module.load (node:internal/modules/cjs/loader:1208:32)\n    at Module._load (node:internal/modules/cjs/loader:1024:12)\n    at Function.executeUserEntryPoint [as runMain] (node:internal/modules/run_main:142:12)\n    at node:internal/main/run_main_module:28:49 {\n  generatedMessage: true,\n  code: 'ERR_ASSERTION',\n  actual: 3221225477,\n  expected: 0,\n  operator: 'strictEqual'\n}\n\nNode.js v22.0.0-pre"},"time":6278.629,"fullname":"wasi/test-wasi","closingTestPoint":false}},{"testName":"parallel/test-child-process-exec-timeout-kill","timestamp":1708428923554,"status":"REGRESSION","jobName":"node-test-binary-windows-js-suites","config":"node-test-binary-windows-js-suites » 0,win2019-COMPILED_BY-vs2022 #25882","buildUrl":"https://ci.nodejs.org/job/node-test-binary-windows-js-suites/RUN_SUBSET=0,nodes=win2019-COMPILED_BY-vs2022/25882/","buildNumber":25882,"builtOn":"test-rackspace-win2019_vs2019-x64-3","nodeVersion":"22.0.0","commitHash":"c65ff7aa51fd7a7583fbfcb5af322a91bba199ec","callStack":[{"upstreamBuild":60792,"upstreamProject":"node-test-commit-windows-fanned","upstreamUrl":"job/node-test-commit-windows-fanned/"},{"upstreamBuild":68471,"upstreamProject":"node-test-commit","upstreamUrl":"job/node-test-commit/"},{"upstreamBuild":57199,"upstreamProject":"node-test-pull-request","upstreamUrl":"job/node-test-pull-request/"},{"prId":"51810"}],"tap":{"ok":false,"name":"parallel/test-child-process-exec-timeout-kill","id":98,"buffered":false,"tapError":null,"skip":false,"todo":false,"previous":null,"plan":null,"diag":{"severity":"fail","exitcode":1,"stack":"node:internal/child_process:421\n    throw new ErrnoException(err, 'spawn');\n    ^\n\nError: spawn UNKNOWN\n    at ChildProcess.spawn (node:internal/child_process:421:11)\n    at spawn (node:child_process:761:9)\n    at Object.execFile (node:child_process:351:17)\n    at Object.exec (node:child_process:234:25)\n    at Object.<anonymous> (C:\\workspace\\node-test-binary-windows-js-suites\\node\\test\\parallel\\test-child-process-exec-timeout-kill.js:24:4)\n    at Module._compile (node:internal/modules/cjs/loader:1370:14)\n    at Module._extensions..js (node:internal/modules/cjs/loader:1429:10)\n    at Module.load (node:internal/modules/cjs/loader:1208:32)\n    at Module._load (node:internal/modules/cjs/loader:1024:12)\n    at Function.executeUserEntryPoint [as runMain] (node:internal/modules/run_main:142:12) {\n  errno: -4094,\n  code: 'UNKNOWN',\n  syscall: 'spawn'\n}\n\nNode.js v22.0.0-pre"},"time":327.003,"fullname":"parallel/test-child-process-exec-timeout-kill","closingTestPoint":false}},{"testName":"parallel/test-child-process-execfile","timestamp":1708428923554,"status":"REGRESSION","jobName":"node-test-binary-windows-js-suites","config":"node-test-binary-windows-js-suites » 0,win2019-COMPILED_BY-vs2022 #25882","buildUrl":"https://ci.nodejs.org/job/node-test-binary-windows-js-suites/RUN_SUBSET=0,nodes=win2019-COMPILED_BY-vs2022/25882/","buildNumber":25882,"builtOn":"test-rackspace-win2019_vs2019-x64-3","nodeVersion":"22.0.0","commitHash":"c65ff7aa51fd7a7583fbfcb5af322a91bba199ec","callStack":[{"upstreamBuild":60792,"upstreamProject":"node-test-commit-windows-fanned","upstreamUrl":"job/node-test-commit-windows-fanned/"},{"upstreamBuild":68471,"upstreamProject":"node-test-commit","upstreamUrl":"job/node-test-commit/"},{"upstreamBuild":57199,"upstreamProject":"node-test-pull-request","upstreamUrl":"job/node-test-pull-request/"},{"prId":"51810"}],"tap":{"ok":false,"name":"parallel/test-child-process-execfile","id":99,"buffered":false,"tapError":null,"skip":false,"todo":false,"previous":null,"plan":null,"diag":{"severity":"fail","exitcode":1,"stack":"node:internal/child_process:421\n    throw new ErrnoException(err, 'spawn');\n    ^\n\nError: spawn UNKNOWN\n    at ChildProcess.spawn (node:internal/child_process:421:11)\n    at spawn (node:child_process:761:9)\n    at execFile (node:child_process:351:17)\n    at Object.<anonymous> (C:\\workspace\\node-test-binary-windows-js-suites\\node\\test\\parallel\\test-child-process-execfile.js:41:17)\n    at Module._compile (node:internal/modules/cjs/loader:1370:14)\n    at Module._extensions..js (node:internal/modules/cjs/loader:1429:10)\n    at Module.load (node:internal/modules/cjs/loader:1208:32)\n    at Module._load (node:internal/modules/cjs/loader:1024:12)\n    at Function.executeUserEntryPoint [as runMain] (node:internal/modules/run_main:142:12)\n    at node:internal/main/run_main_module:28:49 {\n  errno: -4094,\n  code: 'UNKNOWN',\n  syscall: 'spawn'\n}\n\nNode.js v22.0.0-pre"},"time":328.005,"fullname":"parallel/test-child-process-execfile","closingTestPoint":false}},{"testName":"parallel/test-child-process-exec-encoding","timestamp":1708428923554,"status":"REGRESSION","jobName":"node-test-binary-windows-js-suites","config":"node-test-binary-windows-js-suites » 0,win2019-COMPILED_BY-vs2022 #25882","buildUrl":"https://ci.nodejs.org/job/node-test-binary-windows-js-suites/RUN_SUBSET=0,nodes=win2019-COMPILED_BY-vs2022/25882/","buildNumber":25882,"builtOn":"test-rackspace-win2019_vs2019-x64-3","nodeVersion":"22.0.0","commitHash":"c65ff7aa51fd7a7583fbfcb5af322a91bba199ec","callStack":[{"upstreamBuild":60792,"upstreamProject":"node-test-commit-windows-fanned","upstreamUrl":"job/node-test-commit-windows-fanned/"},{"upstreamBuild":68471,"upstreamProject":"node-test-commit","upstreamUrl":"job/node-test-commit/"},{"upstreamBuild":57199,"upstreamProject":"node-test-pull-request","upstreamUrl":"job/node-test-pull-request/"},{"prId":"51810"}],"tap":{"ok":false,"name":"parallel/test-child-process-exec-encoding","id":100,"buffered":false,"tapError":null,"skip":false,"todo":false,"previous":null,"plan":null,"diag":{"severity":"fail","exitcode":1,"stack":"node:assert:1000\n    throw newErr;\n    ^\n\nAssertionError [ERR_ASSERTION]: ifError got unwanted exception: Command failed: \"C:\\workspace\\node-test-binary-windows-js-suites\\node\\Release\\node.exe\" \"C:\\workspace\\node-test-binary-windows-js-suites\\node\\test\\parallel\\test-child-process-exec-encoding.js\" child\n\n    at C:\\workspace\\node-test-binary-windows-js-suites\\node\\test\\common\\index.js:436:12\n    at C:\\workspace\\node-test-binary-windows-js-suites\\node\\test\\common\\index.js:473:15\n    at ChildProcess.exithandler (node:child_process:430:5)\n    at genericNodeError (node:internal/errors:984:15)\n    at wrappedFn (node:internal/errors:538:14)\n    at ChildProcess.exithandler (node:child_process:422:12)\n    at ChildProcess.emit (node:events:519:28)\n    at maybeClose (node:internal/child_process:1105:16)\n    at ChildProcess._handle.onexit (node:internal/child_process:305:5) {\n  generatedMessage: false,\n  code: 'ERR_ASSERTION',\n  actual: Error: Command failed: \"C:\\workspace\\node-test-binary-windows-js-suites\\node\\Release\\node.exe\" \"C:\\workspace\\node-test-binary-windows-js-suites\\node\\test\\parallel\\test-child-process-exec-encoding.js\" child\n  \n      at genericNodeError (node:internal/errors:984:15)\n      at wrappedFn (node:internal/errors:538:14)\n      at ChildProcess.exithandler (node:child_process:422:12)\n      at ChildProcess.emit (node:events:519:28)\n      at maybeClose (node:internal/child_process:1105:16)\n      at ChildProcess._handle.onexit (node:internal/child_process:305:5) {\n    code: 3221225725,\n    killed: false,\n    signal: null,\n    cmd: '\"C:\\\\workspace\\\\node-test-binary-windows-js-suites\\\\node\\\\Release\\\\node.exe\" \"C:\\\\workspace\\\\node-test-binary-windows-js-suites\\\\node\\\\test\\\\parallel\\\\test-child-process-exec-encoding.js\" child'\n  },\n  expected: null,\n  operator: 'ifError'\n}\n\nNode.js v22.0.0-pre"},"time":564.002,"fullname":"parallel/test-child-process-exec-encoding","closingTestPoint":false}},{"testName":"parallel/test-child-process-exec-maxbuf","timestamp":1708428923554,"status":"REGRESSION","jobName":"node-test-binary-windows-js-suites","config":"node-test-binary-windows-js-suites » 0,win2019-COMPILED_BY-vs2022 #25882","buildUrl":"https://ci.nodejs.org/job/node-test-binary-windows-js-suites/RUN_SUBSET=0,nodes=win2019-COMPILED_BY-vs2022/25882/","buildNumber":25882,"builtOn":"test-rackspace-win2019_vs2019-x64-3","nodeVersion":"22.0.0","commitHash":"c65ff7aa51fd7a7583fbfcb5af322a91bba199ec","callStack":[{"upstreamBuild":60792,"upstreamProject":"node-test-commit-windows-fanned","upstreamUrl":"job/node-test-commit-windows-fanned/"},{"upstreamBuild":68471,"upstreamProject":"node-test-commit","upstreamUrl":"job/node-test-commit/"},{"upstreamBuild":57199,"upstreamProject":"node-test-pull-request","upstreamUrl":"job/node-test-pull-request/"},{"prId":"51810"}],"tap":{"ok":false,"name":"parallel/test-child-process-exec-maxbuf","id":101,"buffered":false,"tapError":null,"skip":false,"todo":false,"previous":null,"plan":null,"diag":{"severity":"fail","exitcode":1,"stack":"node:internal/child_process:421\n    throw new ErrnoException(err, 'spawn');\n    ^\n\nError: spawn UNKNOWN\n    at ChildProcess.spawn (node:internal/child_process:421:11)\n    at spawn (node:child_process:761:9)\n    at Object.execFile (node:child_process:351:17)\n    at Object.exec (node:child_process:234:25)\n    at Object.<anonymous> (C:\\workspace\\node-test-binary-windows-js-suites\\node\\test\\parallel\\test-child-process-exec-maxbuf.js:49:6)\n    at Module._compile (node:internal/modules/cjs/loader:1370:14)\n    at Module._extensions..js (node:internal/modules/cjs/loader:1429:10)\n    at Module.load (node:internal/modules/cjs/loader:1208:32)\n    at Module._load (node:internal/modules/cjs/loader:1024:12)\n    at Function.executeUserEntryPoint [as runMain] (node:internal/modules/run_main:142:12) {\n  errno: -4094,\n  code: 'UNKNOWN',\n  syscall: 'spawn'\n}\n\nNode.js v22.0.0-pre"},"time":492.998,"fullname":"parallel/test-child-process-exec-maxbuf","closingTestPoint":false}},{"testName":"parallel/test-buffer-constructor-node-modules-paths","timestamp":1708428923554,"status":"REGRESSION","jobName":"node-test-binary-windows-js-suites","config":"node-test-binary-windows-js-suites » 0,win2019-COMPILED_BY-vs2022 #25882","buildUrl":"https://ci.nodejs.org/job/node-test-binary-windows-js-suites/RUN_SUBSET=0,nodes=win2019-COMPILED_BY-vs2022/25882/","buildNumber":25882,"builtOn":"test-rackspace-win2019_vs2019-x64-3","nodeVersion":"22.0.0","commitHash":"c65ff7aa51fd7a7583fbfcb5af322a91bba199ec","callStack":[{"upstreamBuild":60792,"upstreamProject":"node-test-commit-windows-fanned","upstreamUrl":"job/node-test-commit-windows-fanned/"},{"upstreamBuild":68471,"upstreamProject":"node-test-commit","upstreamUrl":"job/node-test-commit/"},{"upstreamBuild":57199,"upstreamProject":"node-test-pull-request","upstreamUrl":"job/node-test-pull-request/"},{"prId":"51810"}],"tap":{"ok":false,"name":"parallel/test-buffer-constructor-node-modules-paths","id":102,"buffered":false,"tapError":null,"skip":false,"todo":false,"previous":null,"plan":null,"diag":{"severity":"fail","exitcode":1,"stack":"C:\\workspace\\node-test-binary-windows-js-suites\\node\\test\\parallel\\test-buffer-constructor-node-modules-paths.js:20\n    assert.strictEqual(stderr.trim(), '');\n                              ^\n\nTypeError: Cannot read properties of null (reading 'trim')\n    at test (C:\\workspace\\node-test-binary-windows-js-suites\\node\\test\\parallel\\test-buffer-constructor-node-modules-paths.js:20:31)\n    at Object.<anonymous> (C:\\workspace\\node-test-binary-windows-js-suites\\node\\test\\parallel\\test-buffer-constructor-node-modules-paths.js:28:1)\n    at Module._compile (node:internal/modules/cjs/loader:1370:14)\n    at Module._extensions..js (node:internal/modules/cjs/loader:1429:10)\n    at Module.load (node:internal/modules/cjs/loader:1208:32)\n    at Module._load (node:internal/modules/cjs/loader:1024:12)\n    at Function.executeUserEntryPoint [as runMain] (node:internal/modules/run_main:142:12)\n    at node:internal/main/run_main_module:28:49\n\nNode.js v22.0.0-pre"},"time":1246.018,"fullname":"parallel/test-buffer-constructor-node-modules-paths","closingTestPoint":false}},{"testName":"test/Test 972 missing","timestamp":1708428923554,"status":"FAILED","jobName":"node-test-binary-windows-js-suites","config":"node-test-binary-windows-js-suites » 0,win2019-COMPILED_BY-vs2022 #25882","buildUrl":"https://ci.nodejs.org/job/node-test-binary-windows-js-suites/RUN_SUBSET=0,nodes=win2019-COMPILED_BY-vs2022/25882/","buildNumber":25882,"builtOn":"test-rackspace-win2019_vs2019-x64-3","nodeVersion":"22.0.0","commitHash":"c65ff7aa51fd7a7583fbfcb5af322a91bba199ec","callStack":[{"upstreamBuild":60792,"upstreamProject":"node-test-commit-windows-fanned","upstreamUrl":"job/node-test-commit-windows-fanned/"},{"upstreamBuild":68471,"upstreamProject":"node-test-commit","upstreamUrl":"job/node-test-commit/"},{"upstreamBuild":57199,"upstreamProject":"node-test-pull-request","upstreamUrl":"job/node-test-pull-request/"},{"prId":"51810"}],"tap":null},{"testName":"sequential/test-http2-large-file","timestamp":1708428923554,"status":"FAILED","jobName":"node-test-binary-windows-js-suites","config":"node-test-binary-windows-js-suites » 0,win2022-COMPILED_BY-vs2022 #25882","buildUrl":"https://ci.nodejs.org/job/node-test-binary-windows-js-suites/RUN_SUBSET=0,nodes=win2022-COMPILED_BY-vs2022/25882/","buildNumber":25882,"builtOn":"test-rackspace-win2022_vs2022-x64-4","nodeVersion":"22.0.0","commitHash":"c65ff7aa51fd7a7583fbfcb5af322a91bba199ec","callStack":[{"upstreamBuild":60792,"upstreamProject":"node-test-commit-windows-fanned","upstreamUrl":"job/node-test-commit-windows-fanned/"},{"upstreamBuild":68471,"upstreamProject":"node-test-commit","upstreamUrl":"job/node-test-commit/"},{"upstreamBuild":57199,"upstreamProject":"node-test-pull-request","upstreamUrl":"job/node-test-pull-request/"},{"prId":"51810"}],"tap":{"ok":false,"name":"sequential/test-http2-large-file","id":952,"buffered":false,"tapError":null,"skip":false,"todo":": Fix flaky test","previous":null,"plan":null,"diag":{"severity":"fail","exitcode":1,"stack":"timeout"},"time":120193.955,"fullname":"sequential/test-http2-large-file","closingTestPoint":false}}]}