{"failedTests":[{"testName":"parallel/test-child-process-fork-net","timestamp":1708498474909,"status":"REGRESSION","jobName":"node-test-binary-windows-js-suites","config":"node-test-binary-windows-js-suites ¬ª 1,win2019-COMPILED_BY-vs2022 #25921","buildUrl":"https://ci.nodejs.org/job/node-test-binary-windows-js-suites/RUN_SUBSET=1,nodes=win2019-COMPILED_BY-vs2022/25921/","buildNumber":25921,"builtOn":"test-rackspace-win2019_vs2019-x64-3","nodeVersion":"22.0.0","commitHash":"b91c291fd769ea2b01073fa01c3582246a4624ef","callStack":[{"upstreamBuild":60830,"upstreamProject":"node-test-commit-windows-fanned","upstreamUrl":"job/node-test-commit-windows-fanned/"},{"upstreamBuild":68509,"upstreamProject":"node-test-commit","upstreamUrl":"job/node-test-commit/"},{"upstreamBuild":57235,"upstreamProject":"node-test-pull-request","upstreamUrl":"job/node-test-pull-request/"},{"prId":"51800"}],"tap":{"ok":false,"name":"parallel/test-child-process-fork-net","id":106,"buffered":false,"tapError":null,"skip":false,"todo":false,"previous":null,"plan":null,"diag":{"severity":"fail","exitcode":1,"stack":"Mismatched <anonymous> function calls. Expected exactly 1, actual 4.\n    at mustCall (C:\\workspace\\node-test-binary-windows-js-suites\\node\\test\\common\\index.js:431:10)\n    at Object.<anonymous> (C:\\workspace\\node-test-binary-windows-js-suites\\node\\test\\parallel\\test-child-process-fork-net.js:38:25)\n    at Module._compile (node:internal/modules/cjs/loader:1370:14)\n    at Module._extensions..js (node:internal/modules/cjs/loader:1429:10)\n    at Module.load (node:internal/modules/cjs/loader:1208:32)\n    at Module._load (node:internal/modules/cjs/loader:1024:12)\n    at Function.executeUserEntryPoint [as runMain] (node:internal/modules/run_main:142:12)\n    at node:internal/main/run_main_module:28:49\nMismatched <anonymous> function calls. Expected exactly 1, actual 4.\n    at mustCall (C:\\workspace\\node-test-binary-windows-js-suites\\node\\test\\common\\index.js:431:10)\n    at Object.<anonymous> (C:\\workspace\\node-test-binary-windows-js-suites\\node\\test\\parallel\\test-child-process-fork-net.js:70:25)\n    at Module._compile (node:internal/modules/cjs/loader:1370:14)\n    at Module._extensions..js (node:internal/modules/cjs/loader:1429:10)\n    at Module.load (node:internal/modules/cjs/loader:1208:32)\n    at Module._load (node:internal/modules/cjs/loader:1024:12)\n    at Function.executeUserEntryPoint [as runMain] (node:internal/modules/run_main:142:12)\n    at node:internal/main/run_main_module:28:49\nMismatched <anonymous> function calls. Expected at least 1, actual 0.\n    at mustCallAtLeast (C:\\workspace\\node-test-binary-windows-js-suites\\node\\test\\common\\index.js:443:10)\n    at process.<anonymous> (C:\\workspace\\node-test-binary-windows-js-suites\\node\\test\\parallel\\test-child-process-fork-net.js:48:23)\n    at process.<anonymous> (C:\\workspace\\node-test-binary-windows-js-suites\\node\\test\\common\\index.js:473:15)\n    at process.emit (node:events:531:35)\n    at emit (node:internal/child_process:951:14)\n    at process.processTicksAndRejections (node:internal/process/task_queues:83:21)\nMismatched <anonymous> function calls. Expected at least 1, actual 0.\n    at mustCallAtLeast (C:\\workspace\\node-test-binary-windows-js-suites\\node\\test\\common\\index.js:443:10)\n    at process.<anonymous> (C:\\workspace\\node-test-binary-windows-js-suites\\node\\test\\parallel\\test-child-process-fork-net.js:48:23)\n    at process.<anonymous> (C:\\workspace\\node-test-binary-windows-js-suites\\node\\test\\common\\index.js:473:15)\n    at process.emit (node:events:531:35)\n    at emit (node:internal/child_process:951:14)\n    at process.processTicksAndRejections (node:internal/process/task_queues:83:21)\nMismatched <anonymous> function calls. Expected at least 1, actual 0.\n    at mustCallAtLeast (C:\\workspace\\node-test-binary-windows-js-suites\\node\\test\\common\\index.js:443:10)\n    at process.<anonymous> (C:\\workspace\\node-test-binary-windows-js-suites\\node\\test\\parallel\\test-child-process-fork-net.js:48:23)\n    at process.<anonymous> (C:\\workspace\\node-test-binary-windows-js-suites\\node\\test\\common\\index.js:473:15)\n    at process.emit (node:events:531:35)\n    at emit (node:internal/child_process:951:14)\n    at process.processTicksAndRejections (node:internal/process/task_queues:83:21)\nMismatched <anonymous> function calls. Expected at least 1, actual 0.\n    at mustCallAtLeast (C:\\workspace\\node-test-binary-windows-js-suites\\node\\test\\common\\index.js:443:10)\n    at process.<anonymous> (C:\\workspace\\node-test-binary-windows-js-suites\\node\\test\\parallel\\test-child-process-fork-net.js:48:23)\n    at process.<anonymous> (C:\\workspace\\node-test-binary-windows-js-suites\\node\\test\\common\\index.js:473:15)\n    at process.emit (node:events:531:35)\n    at emit (node:internal/child_process:951:14)\n    at process.processTicksAndRejections (node:internal/process/task_queues:83:21)\nnode:events:497\n      throw er; // Unhandled 'error' event\n      ^\n\nError: kill EPERM\n    at ChildProcess.kill (node:internal/child_process:512:26)\n    at Server.<anonymous> (C:\\workspace\\node-test-binary-windows-js-suites\\node\\test\\parallel\\test-child-process-fork-net.js:151:12)\n    at Server.<anonymous> (C:\\workspace\\node-test-binary-windows-js-suites\\node\\test\\common\\index.js:473:15)\n    at Server.emit (node:events:519:28)\n    at emitCloseNT (node:net:2300:8)\n    at process.processTicksAndRejections (node:internal/process/task_queues:81:21)\nEmitted 'error' event on ChildProcess instance at:\n    at ChildProcess.kill (node:internal/child_process:512:12)\n    at Server.<anonymous> (C:\\workspace\\node-test-binary-windows-js-suites\\node\\test\\parallel\\test-child-process-fork-net.js:151:12)\n    [... lines matching original stack trace ...]\n    at process.processTicksAndRejections (node:internal/process/task_queues:81:21) {\n  errno: -4048,\n  code: 'EPERM',\n  syscall: 'kill'\n}\n\nNode.js v22.0.0-pre"},"time":736.003,"fullname":"parallel/test-child-process-fork-net","closingTestPoint":false}},{"testName":"wpt/test-blob","timestamp":1708498474909,"status":"REGRESSION","jobName":"node-test-binary-windows-js-suites","config":"node-test-binary-windows-js-suites ¬ª 1,win2019-COMPILED_BY-vs2022 #25921","buildUrl":"https://ci.nodejs.org/job/node-test-binary-windows-js-suites/RUN_SUBSET=1,nodes=win2019-COMPILED_BY-vs2022/25921/","buildNumber":25921,"builtOn":"test-rackspace-win2019_vs2019-x64-3","nodeVersion":"22.0.0","commitHash":"b91c291fd769ea2b01073fa01c3582246a4624ef","callStack":[{"upstreamBuild":60830,"upstreamProject":"node-test-commit-windows-fanned","upstreamUrl":"job/node-test-commit-windows-fanned/"},{"upstreamBuild":68509,"upstreamProject":"node-test-commit","upstreamUrl":"job/node-test-commit/"},{"upstreamBuild":57235,"upstreamProject":"node-test-pull-request","upstreamUrl":"job/node-test-pull-request/"},{"prId":"51800"}],"tap":{"ok":false,"name":"wpt/test-blob","id":968,"buffered":false,"tapError":null,"skip":false,"todo":false,"previous":null,"plan":null,"diag":{"severity":"fail","exitcode":3221226356,"stack":"[SKIPPED] Blob-constructor-dom.window.js: Depends on DOM API\n[SKIPPED] Blob-in-worker.worker.js: Depends on Web Workers API\n[SKIPPED] Blob-slice.any.js: Depends on File API\n[PASS] Blob interface object\n[PASS] Blob constructor with no arguments\n[PASS] Blob constructor with no arguments, without 'new'\n[PASS] Blob constructor without brackets\n[PASS] Blob constructor with undefined as first argument\n[PASS] Blob.arrayBuffer()\n[PASS] Blob.arrayBuffer() empty Blob data\n[PASS] Blob.arrayBuffer() non-ascii input\n[PASS] Blob.arrayBuffer() non-unicode input\n[PASS] Passing non-objects, Dates and RegExps for blobParts should throw a TypeError.\n[PASS] Blob.arrayBuffer() concurrent reads\n[PASS] slice start is negative, relativeStart will be max((size + start), 0)\n[EXPECTED_FAILURE][FAIL] A plain object with @@iterator should be treated as a sequence for the blobParts argument.\nFileReader is not defined\nReferenceError: FileReader is not defined\n    at Test.<anonymous> (C:\\workspace\\node-test-binary-windows-js-suites\\node\\test\\fixtures\\wpt\\FileAPI\\support\\Blob.js:16:14)\n    at Test.step (C:\\workspace\\node-test-binary-windows-js-suites\\node\\test\\fixtures\\wpt\\resources\\testharness.js:2599:25)\n    at self.test_blob (C:\\workspace\\node-test-binary-windows-js-suites\\node\\test\\fixtures\\wpt\\FileAPI\\support\\Blob.js:9:5)\n    at C:\\workspace\\node-test-binary-windows-js-suites\\node\\test\\fixtures\\wpt\\FileAPI\\blob\\Blob-constructor.any.js:58:1\n    at Script.runInThisContext (node:vm:136:12)\n    at runInThisContext (node:vm:316:38)\n    at Object.<anonymous> (C:\\workspace\\node-test-binary-windows-js-suites\\node\\test\\common\\wpt\\worker.js:69:3)\n    at Module._compile (node:internal/modules/cjs/loader:1370:14)\n    at Module._extensions..js (node:internal/modules/cjs/loader:1429:10)\n    at Module.load (node:internal/modules/cjs/loader:1208:32)\nCommand: C:\\workspace\\node-test-binary-windows-js-suites\\node\\Release\\node.exe  C:\\workspace\\node-test-binary-windows-js-suites\\node\\test\\wpt\\test-blob.js 'Blob-constructor.any.js'\n\n[PASS] slice start is greater than blob size, relativeStart will be min(start, size)\n[PASS] slice end is negative, relativeEnd will be max((size + end), 0)\n[PASS] slice end is greater than blob size, relativeEnd will be min(end, size)\n[PASS] A plain object with custom @@iterator should be treated as a sequence for the blobParts argument.\n[EXPECTED_FAILURE][FAIL] A plain object with @@iterator and a length property should be treated as a sequence for the blobParts argument.\nFileReader is not defined\nReferenceError: FileReader is not defined\n    at Test.<anonymous> (C:\\workspace\\node-test-binary-windows-js-suites\\node\\test\\fixtures\\wpt\\FileAPI\\support\\Blob.js:16:14)\n    at Test.step (C:\\workspace\\node-test-binary-windows-js-suites\\node\\test\\fixtures\\wpt\\resources\\testharness.js:2599:25)\n    at self.test_blob (C:\\workspace\\node-test-binary-windows-js-suites\\node\\test\\fixtures\\wpt\\FileAPI\\support\\Blob.js:9:5)\n    at C:\\workspace\\node-test-binary-windows-js-suites\\node\\test\\fixtures\\wpt\\FileAPI\\blob\\Blob-constructor.any.js:81:1\n    at Script.runInThisContext (node:vm:136:12)\n    at runInThisContext (node:vm:316:38)\n    at Object.<anonymous> (C:\\workspace\\node-test-binary-windows-js-suites\\node\\test\\common\\wpt\\worker.js:69:3)\n    at Module._compile (node:internal/modules/cjs/loader:1370:14)\n    at Module._extensions..js (node:internal/modules/cjs/loader:1429:10)\n    at Module.load (node:internal/modules/cjs/loader:1208:32)\nCommand: C:\\workspace\\node-test-binary-windows-js-suites\\node\\Release\\node.exe  C:\\workspace\\node-test-binary-windows-js-suites\\node\\test\\wpt\\test-blob.js 'Blob-constructor.any.js'\n\n[EXPECTED_FAILURE][FAIL] A String object should be treated as a sequence for the blobParts argument.\nFileReader is not defined\nReferenceError: FileReader is not defined\n    at Test.<anonymous> (C:\\workspace\\node-test-binary-windows-js-suites\\node\\test\\fixtures\\wpt\\FileAPI\\support\\Blob.js:16:14)\n    at Test.step (C:\\workspace\\node-test-binary-windows-js-suites\\node\\test\\fixtures\\wpt\\resources\\testharness.js:2599:25)\n    at self.test_blob (C:\\workspace\\node-test-binary-windows-js-suites\\node\\test\\fixtures\\wpt\\FileAPI\\support\\Blob.js:9:5)\n    at C:\\workspace\\node-test-binary-windows-js-suites\\node\\test\\fixtures\\wpt\\FileAPI\\blob\\Blob-constructor.any.js:92:1\n    at Script.runInThisContext (node:vm:136:12)\n    at runInThisContext (node:vm:316:38)\n    at Object.<anonymous> (C:\\workspace\\node-test-binary-windows-js-suites\\node\\test\\common\\wpt\\worker.js:69:3)\n    at Module._compile (node:internal/modules/cjs/loader:1370:14)\n    at Module._extensions..js (node:internal/modules/cjs/loader:1429:10)\n    at Module.load (node:internal/modules/cjs/loader:1208:32)\nCommand: C:\\workspace\\node-test-binary-windows-js-suites\\node\\Release\\node.exe  C:\\workspace\\node-test-binary-windows-js-suites\\node\\test\\wpt\\test-blob.js 'Blob-constructor.any.js'\n\n[EXPECTED_FAILURE][FAIL] A Uint8Array object should be treated as a sequence for the blobParts argument.\nFileReader is not defined\nReferenceError: FileReader is not defined\n    at Test.<anonymous> (C:\\workspace\\node-test-binary-windows-js-suites\\node\\test\\fixtures\\wpt\\FileAPI\\support\\Blob.js:16:14)\n    at Test.step (C:\\workspace\\node-test-binary-windows-js-suites\\node\\test\\fixtures\\wpt\\resources\\testharness.js:2599:25)\n    at self.test_blob (C:\\workspace\\node-test-binary-windows-js-suites\\node\\test\\fixtures\\wpt\\FileAPI\\support\\Blob.js:9:5)\n    at C:\\workspace\\node-test-binary-windows-js-suites\\node\\test\\fixtures\\wpt\\FileAPI\\blob\\Blob-constructor.any.js:99:1\n    at Script.runInThisContext (node:vm:136:12)\n    at runInThisContext (node:vm:316:38)\n    at Object.<anonymous> (C:\\workspace\\node-test-binary-windows-js-suites\\node\\test\\common\\wpt\\worker.js:69:3)\n    at Module._compile (node:internal/modules/cjs/loader:1370:14)\n    at Module._extensions..js (node:internal/modules/cjs/loader:1429:10)\n    at Module.load (node:internal/modules/cjs/loader:1208:32)\nCommand: C:\\workspace\\node-test-binary-windows-js-suites\\node\\Release\\node.exe  C:\\workspace\\node-test-binary-windows-js-suites\\node\\test\\wpt\\test-blob.js 'Blob-constructor.any.js'\n\n[PASS] The length getter should be invoked and any exceptions should be propagated.\n[PASS] ToUint32 should be applied to the length and any exceptions should be propagated.\n[EXPECTED_FAILURE][FAIL] Getters and value conversions should happen in order until an exception is thrown.\nassert_array_equals: lengths differ, expected array [\"Symbol.iterator\", \"length getter\", \"length valueOf\", \"0 getter\", \"0 toString\", \"length getter\", \"length valueOf\", \"1 getter\"] length 8, got [\"Symbol.iterator\", \"Symbol.iterator\", \"length getter\", \"length valueOf\", \"0 getter\", \"0 toString\", \"length getter\", \"length valueOf\", \"1 getter\"] length 9\n    at Test.<anonymous> (C:\\workspace\\node-test-binary-windows-js-suites\\node\\test\\fixtures\\wpt\\FileAPI\\blob\\Blob-constructor.any.js:179:3)\n    at Test.step (C:\\workspace\\node-test-binary-windows-js-suites\\node\\test\\fixtures\\wpt\\resources\\testharness.js:2599:25)\n    at test (C:\\workspace\\node-test-binary-windows-js-suites\\node\\test\\fixtures\\wpt\\resources\\testharness.js:628:30)\n    at C:\\workspace\\node-test-binary-windows-js-suites\\node\\test\\fixtures\\wpt\\FileAPI\\blob\\Blob-constructor.any.js:142:1\n    at Script.runInThisContext (node:vm:136:12)\nCommand: C:\\workspace\\node-test-binary-windows-js-suites\\node\\Release\\node.exe  C:\\workspace\\node-test-binary-windows-js-suites\\node\\test\\wpt\\test-blob.js 'Blob-constructor.any.js'\n\n[PASS] ToString should be called on elements of the blobParts array and any exceptions should be propagated.\n[EXPECTED_FAILURE][FAIL] Changes to the blobParts array should be reflected in the returned Blob (pop).\nFileReader is not defined\nReferenceError: FileReader is not defined\n    at Test.<anonymous> (C:\\workspace\\node-test-binary-windows-js-suites\\node\\test\\fixtures\\wpt\\FileAPI\\support\\Blob.js:16:14)\n    at Test.step (C:\\workspace\\node-test-binary-windows-js-suites\\node\\test\\fixtures\\wpt\\resources\\testharness.js:2599:25)\n    at self.test_blob (C:\\workspace\\node-test-binary-windows-js-suites\\node\\test\\fixtures\\wpt\\FileAPI\\support\\Blob.js:9:5)\n    at C:\\workspace\\node-test-binary-windows-js-suites\\node\\test\\fixtures\\wpt\\FileAPI\\blob\\Blob-constructor.any.js:211:1\n    at Script.runInThisContext (node:vm:136:12)\n    at runInThisContext (node:vm:316:38)\n    at Object.<anonymous> (C:\\workspace\\node-test-binary-windows-js-suites\\node\\test\\common\\wpt\\worker.js:69:3)\n    at Module._compile (node:internal/modules/cjs/loader:1370:14)\n    at Module._extensions..js (node:internal/modules/cjs/loader:1429:10)\n    at Module.load (node:internal/modules/cjs/loader:1208:32)\nCommand: C:\\workspace\\node-test-binary-windows-js-suites\\node\\Release\\node.exe  C:\\workspace\\node-test-binary-windows-js-suites\\node\\test\\wpt\\test-blob.js 'Blob-constructor.any.js'\n\n[EXPECTED_FAILURE][FAIL] Changes to the blobParts array should be reflected in the returned Blob (unshift).\nFileReader is not defined\nReferenceError: FileReader is not defined\n    at Test.<anonymous> (C:\\workspace\\node-test-binary-windows-js-suites\\node\\test\\fixtures\\wpt\\FileAPI\\support\\Blob.js:16:14)\n    at Test.step (C:\\workspace\\node-test-binary-windows-js-suites\\node\\test\\fixtures\\wpt\\resources\\testharness.js:2599:25)\n    at self.test_blob (C:\\workspace\\node-test-binary-windows-js-suites\\node\\test\\fixtures\\wpt\\FileAPI\\support\\Blob.js:9:5)\n    at C:\\workspace\\node-test-binary-windows-js-suites\\node\\test\\fixtures\\wpt\\FileAPI\\blob\\Blob-constructor.any.js:223:1\n    at Script.runInThisContext (node:vm:136:12)\n    at runInThisContext (node:vm:316:38)\n    at Object.<anonymous> (C:\\workspace\\node-test-binary-windows-js-suites\\node\\test\\common\\wpt\\worker.js:69:3)\n    at Module._compile (node:internal/modules/cjs/loader:1370:14)\n    at Module._extensions..js (node:internal/modules/cjs/loader:1429:10)\n    at Module.load (node:internal/modules/cjs/loader:1208:32)\nCommand: C:\\workspace\\node-test-binary-windows-js-suites\\node\\Release\\node.exe  C:\\workspace\\node-test-binary-windows-js-suites\\node\\test\\wpt\\test-blob.js 'Blob-constructor.any.js'\n\n[EXPECTED_FAILURE][FAIL] ToString should be called on elements of the blobParts array.\nFileReader is not defined\nReferenceError: FileReader is not defined\n    at Test.<anonymous> (C:\\workspace\\node-test-binary-windows-js-suites\\node\\test\\fixtures\\wpt\\FileAPI\\support\\Blob.js:16:14)\n    at Test.step (C:\\workspace\\node-test-binary-windows-js-suites\\node\\test\\fixtures\\wpt\\resources\\testharness.js:2599:25)\n    at self.test_blob (C:\\workspace\\node-test-binary-windows-js-suites\\node\\test\\fixtures\\wpt\\FileAPI\\support\\Blob.js:9:5)\n    at C:\\workspace\\node-test-binary-windows-js-suites\\node\\test\\fixtures\\wpt\\FileAPI\\blob\\Blob-constructor.any.js:251:1\n    at Script.runInThisContext (node:vm:136:12)\n    at runInThisContext (node:vm:316:38)\n    at Object.<anonymous> (C:\\workspace\\node-test-binary-windows-js-suites\\node\\test\\common\\wpt\\worker.js:69:3)\n    at Module._compile (node:internal/modules/cjs/loader:1370:14)\n    at Module._extensions..js (node:internal/modules/cjs/loader:1429:10)\n    at Module.load (node:internal/modules/cjs/loader:1208:32)\nCommand: C:\\workspace\\node-test-binary-windows-js-suites\\node\\Release\\node.exe  C:\\workspace\\node-test-binary-windows-js-suites\\node\\test\\wpt\\test-blob.js 'Blob-constructor.any.js'\n\n[EXPECTED_FAILURE][FAIL] ArrayBuffer elements of the blobParts array should be supported.\nFileReader is not defined\nReferenceError: FileReader is not defined\n    at Test.<anonymous> (C:\\workspace\\node-test-binary-windows-js-suites\\node\\test\\fixtures\\wpt\\FileAPI\\support\\Blob.js:16:14)\n    at Test.step (C:\\workspace\\node-test-binary-windows-js-suites\\node\\test\\fixtures\\wpt\\resources\\testharness.js:2599:25)\n    at self.test_blob (C:\\workspace\\node-test-binary-windows-js-suites\\node\\test\\fixtures\\wpt\\FileAPI\\support\\Blob.js:9:5)\n    at C:\\workspace\\node-test-binary-windows-js-suites\\node\\test\\fixtures\\wpt\\FileAPI\\blob\\Blob-constructor.any.js:275:1\n    at Script.runInThisContext (node:vm:136:12)\n    at runInThisContext (node:vm:316:38)\n    at Object.<anonymous> (C:\\workspace\\node-test-binary-windows-js-suites\\node\\test\\common\\wpt\\worker.js:69:3)\n    at Module._compile (node:internal/modules/cjs/loader:1370:14)\n    at Module._extensions..js (node:internal/modules/cjs/loader:1429:10)\n    at Module.load (node:internal/modules/cjs/loader:1208:32)\nCommand: C:\\workspace\\node-test-binary-windows-js-suites\\node\\Release\\node.exe  C:\\workspace\\node-test-binary-windows-js-suites\\node\\test\\wpt\\test-blob.js 'Blob-constructor.any.js'\n\n[EXPECTED_FAILURE][FAIL] Passing typed arrays as elements of the blobParts array should work.\nFileReader is not defined\nReferenceError: FileReader is not defined\n    at Test.<anonymous> (C:\\workspace\\node-test-binary-windows-js-suites\\node\\test\\fixtures\\wpt\\FileAPI\\support\\Blob.js:16:14)\n    at Test.step (C:\\workspace\\node-test-binary-windows-js-suites\\node\\test\\fixtures\\wpt\\resources\\testharness.js:2599:25)\n    at self.test_blob (C:\\workspace\\node-test-binary-windows-js-suites\\node\\test\\fixtures\\wpt\\FileAPI\\support\\Blob.js:9:5)\n    at C:\\workspace\\node-test-binary-windows-js-suites\\node\\test\\fixtures\\wpt\\FileAPI\\blob\\Blob-constructor.any.js:285:1\n    at Script.runInThisContext (node:vm:136:12)\n    at runInThisContext (node:vm:316:38)\n    at Object.<anonymous> (C:\\workspace\\node-test-binary-windows-js-suites\\node\\test\\common\\wpt\\worker.js:69:3)\n    at Module._compile (node:internal/modules/cjs/loader:1370:14)\n    at Module._extensions..js (node:internal/modules/cjs/loader:1429:10)\n    at Module.load (node:internal/modules/cjs/loader:1208:32)\nCommand: C:\\workspace\\node-test-binary-windows-js-suites\\node\\Release\\node.exe  C:\\workspace\\node-test-binary-windows-js-suites\\node\\test\\wpt\\test-blob.js 'Blob-constructor.any.js'\n\n[EXPECTED_FAILURE][FAIL] Passing a Float64Array as element of the blobParts array should work.\nFileReader is not defined\nReferenceError: FileReader is not defined\n    at Test.<anonymous> (C:\\workspace\\node-test-binary-windows-js-suites\\node\\test\\fixtures\\wpt\\FileAPI\\support\\Blob.js:16:14)\n    at Test.step (C:\\workspace\\node-test-binary-windows-js-suites\\node\\test\\fixtures\\wpt\\resources\\testharness.js:2599:25)\n    at self.test_blob (C:\\workspace\\node-test-binary-windows-js-suites\\node\\test\\fixtures\\wpt\\FileAPI\\support\\Blob.js:9:5)\n    at C:\\workspace\\node-test-binary-windows-js-suites\\node\\test\\fixtures\\wpt\\FileAPI\\blob\\Blob-constructor.any.js:300:1\n    at Script.runInThisContext (node:vm:136:12)\n    at runInThisContext (node:vm:316:38)\n    at Object.<anonymous> (C:\\workspace\\node-test-binary-windows-js-suites\\node\\test\\common\\wpt\\worker.js:69:3)\n    at Module._compile (node:internal/modules/cjs/loader:1370:14)\n    at Module._extensions..js (node:internal/modules/cjs/loader:1429:10)\n    at Module.load (node:internal/modules/cjs/loader:1208:32)\nCommand: C:\\workspace\\node-test-binary-windows-js-suites\\node\\Release\\node.exe  C:\\workspace\\node-test-binary-windows-js-suites\\node\\test\\wpt\\test-blob.js 'Blob-constructor.any.js'\n\n[EXPECTED_FAILURE][FAIL] Passing BigInt typed arrays as elements of the blobParts array should work.\nFileReader is not defined\nReferenceError: FileReader is not defined\n    at Test.<anonymous> (C:\\workspace\\node-test-binary-windows-js-suites\\node\\test\\fixtures\\wpt\\FileAPI\\support\\Blob.js:16:14)\n    at Test.step (C:\\workspace\\node-test-binary-windows-js-suites\\node\\test\\fixtures\\wpt\\resources\\testharness.js:2599:25)\n    at self.test_blob (C:\\workspace\\node-test-binary-windows-js-suites\\node\\test\\fixtures\\wpt\\FileAPI\\support\\Blob.js:9:5)\n    at C:\\workspace\\node-test-binary-windows-js-suites\\node\\test\\fixtures\\wpt\\FileAPI\\blob\\Blob-constructor.any.js:314:1\n    at Script.runInThisContext (node:vm:136:12)\n    at runInThisContext (node:vm:316:38)\n    at Object.<anonymous> (C:\\workspace\\node-test-binary-windows-js-suites\\node\\test\\common\\wpt\\worker.js:69:3)\n    at Module._compile (node:internal/modules/cjs/loader:1370:14)\n    at Module._extensions..js (node:internal/modules/cjs/loader:1429:10)\n    at Module.load (node:internal/modules/cjs/loader:1208:32)\nCommand: C:\\workspace\\node-test-binary-windows-js-suites\\node\\Release\\node.exe  C:\\workspace\\node-test-binary-windows-js-suites\\node\\test\\wpt\\test-blob.js 'Blob-constructor.any.js'\n\n[EXPECTED_FAILURE][FAIL] Array with two blobs\nFileReader is not defined\nReferenceError: FileReader is not defined\n    at Test.<anonymous> (C:\\workspace\\node-test-binary-windows-js-suites\\node\\test\\fixtures\\wpt\\FileAPI\\support\\Blob.js:16:14)\n    at Test.step (C:\\workspace\\node-test-binary-windows-js-suites\\node\\test\\fixtures\\wpt\\resources\\testharness.js:2599:25)\n    at self.test_blob (C:\\workspace\\node-test-binary-windows-js-suites\\node\\test\\fixtures\\wpt\\FileAPI\\support\\Blob.js:9:5)\n    at C:\\workspace\\node-test-binary-windows-js-suites\\node\\test\\fixtures\\wpt\\FileAPI\\blob\\Blob-constructor.any.js:337:1\n    at Script.runInThisContext (node:vm:136:12)\n    at runInThisContext (node:vm:316:38)\n    at Object.<anonymous> (C:\\workspace\\node-test-binary-windows-js-suites\\node\\test\\common\\wpt\\worker.js:69:3)\n    at Module._compile (node:internal/modules/cjs/loader:1370:14)\n    at Module._extensions..js (node:internal/modules/cjs/loader:1429:10)\n    at Module.load (node:internal/modules/cjs/loader:1208:32)\nCommand: C:\\workspace\\node-test-binary-windows-js-suites\\node\\Release\\node.exe  C:\\workspace\\node-test-binary-windows-js-suites\\node\\test\\wpt\\test-blob.js 'Blob-constructor.any.js'\n\n[EXPECTED_FAILURE][FAIL] Array with two buffers\nFileReader is not defined\nReferenceError: FileReader is not defined\n    at Test.<anonymous> (C:\\workspace\\node-test-binary-windows-js-suites\\node\\test\\fixtures\\wpt\\FileAPI\\support\\Blob.js:40:14)\n    at Test.step (C:\\workspace\\node-test-binary-windows-js-suites\\node\\test\\fixtures\\wpt\\resources\\testharness.js:2599:25)\n    at self.test_blob_binary (C:\\workspace\\node-test-binary-windows-js-suites\\node\\test\\fixtures\\wpt\\FileAPI\\support\\Blob.js:33:5)\n    at C:\\workspace\\node-test-binary-windows-js-suites\\node\\test\\fixtures\\wpt\\FileAPI\\blob\\Blob-constructor.any.js:346:1\n    at Script.runInThisContext (node:vm:136:12)\n    at runInThisContext (node:vm:316:38)\n    at Object.<anonymous> (C:\\workspace\\node-test-binary-windows-js-suites\\node\\test\\common\\wpt\\worker.js:69:3)\n    at Module._compile (node:internal/modules/cjs/loader:1370:14)\n    at Module._extensions..js (node:internal/modules/cjs/loader:1429:10)\n    at Module.load (node:internal/modules/cjs/loader:1208:32)\nCommand: C:\\workspace\\node-test-binary-windows-js-suites\\node\\Release\\node.exe  C:\\workspace\\node-test-binary-windows-js-suites\\node\\test\\wpt\\test-blob.js 'Blob-constructor.any.js'\n\n[EXPECTED_FAILURE][FAIL] Array with two bufferviews\nFileReader is not defined\nReferenceError: FileReader is not defined\n    at Test.<anonymous> (C:\\workspace\\node-test-binary-windows-js-suites\\node\\test\\fixtures\\wpt\\FileAPI\\support\\Blob.js:40:14)\n    at Test.step (C:\\workspace\\node-test-binary-windows-js-suites\\node\\test\\fixtures\\wpt\\resources\\testharness.js:2599:25)\n    at self.test_blob_binary (C:\\workspace\\node-test-binary-windows-js-suites\\node\\test\\fixtures\\wpt\\FileAPI\\support\\Blob.js:33:5)\n    at C:\\workspace\\node-test-binary-windows-js-suites\\node\\test\\fixtures\\wpt\\FileAPI\\blob\\Blob-constructor.any.js:355:1\n    at Script.runInThisContext (node:vm:136:12)\n    at runInThisContext (node:vm:316:38)\n    at Object.<anonymous> (C:\\workspace\\node-test-binary-windows-js-suites\\node\\test\\common\\wpt\\worker.js:69:3)\n    at Module._compile (node:internal/modules/cjs/loader:1370:14)\n    at Module._extensions..js (node:internal/modules/cjs/loader:1429:10)\n    at Module.load (node:internal/modules/cjs/loader:1208:32)\nCommand: C:\\workspace\\node-test-binary-windows-js-suites\\node\\Release\\node.exe  C:\\workspace\\node-test-binary-windows-js-suites\\node\\test\\wpt\\test-blob.js 'Blob-constructor.any.js'\n\n[EXPECTED_FAILURE][FAIL] Array with mixed types\nFileReader is not defined\nReferenceError: FileReader is not defined\n    at Test.<anonymous> (C:\\workspace\\node-test-binary-windows-js-suites\\node\\test\\fixtures\\wpt\\FileAPI\\support\\Blob.js:16:14)\n    at Test.step (C:\\workspace\\node-test-binary-windows-js-suites\\node\\test\\fixtures\\wpt\\resources\\testharness.js:2599:25)\n    at self.test_blob (C:\\workspace\\node-test-binary-windows-js-suites\\node\\test\\fixtures\\wpt\\FileAPI\\support\\Blob.js:9:5)\n    at C:\\workspace\\node-test-binary-windows-js-suites\\node\\test\\fixtures\\wpt\\FileAPI\\blob\\Blob-constructor.any.js:367:1\n    at Script.runInThisContext (node:vm:136:12)\n    at runInThisContext (node:vm:316:38)\n    at Object.<anonymous> (C:\\workspace\\node-test-binary-windows-js-suites\\node\\test\\common\\wpt\\worker.js:69:3)\n    at Module._compile (node:internal/modules/cjs/loader:1370:14)\n    at Module._extensions..js (node:internal/modules/cjs/loader:1429:10)\n    at Module.load (node:internal/modules/cjs/loader:1208:32)\nCommand: C:\\workspace\\node-test-binary-windows-js-suites\\node\\Release\\node.exe  C:\\workspace\\node-test-binary-windows-js-suites\\node\\test\\wpt\\test-blob.js 'Blob-constructor.any.js'\n\n[EXPECTED_FAILURE][FAIL] options properties should be accessed in lexicographic order.\nassert_array_equals: expected property 0 to be \"endings\" but got \"type\" (expected array [\"endings\", \"type\"] got [\"type\", \"endings\"])\n    at Test.<anonymous> (C:\\workspace\\node-test-binary-windows-js-suites\\node\\test\\fixtures\\wpt\\FileAPI\\blob\\Blob-constructor.any.js:389:3)\n    at Test.step (C:\\workspace\\node-test-binary-windows-js-suites\\node\\test\\fixtures\\wpt\\resources\\testharness.js:2599:25)\n    at test (C:\\workspace\\node-test-binary-windows-js-suites\\node\\test\\fixtures\\wpt\\resources\\testharness.js:628:30)\n    at C:\\workspace\\node-test-binary-windows-js-suites\\node\\test\\fixtures\\wpt\\FileAPI\\blob\\Blob-constructor.any.js:377:1\n    at Script.runInThisContext (node:vm:136:12)\nCommand: C:\\workspace\\node-test-binary-windows-js-suites\\node\\Release\\node.exe  C:\\workspace\\node-test-binary-windows-js-suites\\node\\test\\wpt\\test-blob.js 'Blob-constructor.any.js'\n\n[EXPECTED_FAILURE][FAIL] Arguments should be evaluated from left to right.\nassert_unreached: type getter should not be called. Reached unreachable code\n    at get type [as type] (C:\\workspace\\node-test-binary-windows-js-suites\\node\\test\\fixtures\\wpt\\FileAPI\\blob\\Blob-constructor.any.js:398:22)\n    at new Blob (node:internal/blob:150:7)\n    at C:\\workspace\\node-test-binary-windows-js-suites\\node\\test\\fixtures\\wpt\\FileAPI\\blob\\Blob-constructor.any.js:395:5\n    at assert_throws_exactly_impl (C:\\workspace\\node-test-binary-windows-js-suites\\node\\test\\fixtures\\wpt\\resources\\testharness.js:2332:18)\n    at assert_throws_exactly (C:\\workspace\\node-test-binary-windows-js-suites\\node\\test\\fixtures\\wpt\\resources\\testharness.js:2319:9)\nCommand: C:\\workspace\\node-test-binary-windows-js-suites\\node\\Release\\node.exe  C:\\workspace\\node-test-binary-windows-js-suites\\node\\test\\wpt\\test-blob.js 'Blob-constructor.any.js'\n\n[EXPECTED_FAILURE][FAIL] Passing null (index 0) for options should use the defaults.\nFileReader is not defined\nReferenceError: FileReader is not defined\n    at Test.<anonymous> (C:\\workspace\\node-test-binary-windows-js-suites\\node\\test\\fixtures\\wpt\\FileAPI\\support\\Blob.js:16:14)\n    at Test.step (C:\\workspace\\node-test-binary-windows-js-suites\\node\\test\\fixtures\\wpt\\resources\\testharness.js:2599:25)\n    at self.test_blob (C:\\workspace\\node-test-binary-windows-js-suites\\node\\test\\fixtures\\wpt\\FileAPI\\support\\Blob.js:9:5)\n    at C:\\workspace\\node-test-binary-windows-js-suites\\node\\test\\fixtures\\wpt\\FileAPI\\blob\\Blob-constructor.any.js:412:3\n    at Array.forEach (<anonymous>)\n    at C:\\workspace\\node-test-binary-windows-js-suites\\node\\test\\fixtures\\wpt\\FileAPI\\blob\\Blob-constructor.any.js:411:3\n    at Script.runInThisContext (node:vm:136:12)\n    at runInThisContext (node:vm:316:38)\n    at Object.<anonymous> (C:\\workspace\\node-test-binary-windows-js-suites\\node\\test\\common\\wpt\\worker.js:69:3)\n    at Module._compile (node:internal/modules/cjs/loader:1370:14)\nCommand: C:\\workspace\\node-test-binary-windows-js-suites\\node\\Release\\node.exe  C:\\workspace\\node-test-binary-windows-js-suites\\node\\test\\wpt\\test-blob.js 'Blob-constructor.any.js'\n\n[EXPECTED_FAILURE][FAIL] Passing null (index 0) for options should use the defaults (with newlines).\nFileReader is not defined\nReferenceError: FileReader is not defined\n    at Test.<anonymous> (C:\\workspace\\node-test-binary-windows-js-suites\\node\\test\\fixtures\\wpt\\FileAPI\\support\\Blob.js:16:14)\n    at Test.step (C:\\workspace\\node-test-binary-windows-js-suites\\node\\test\\fixtures\\wpt\\resources\\testharness.js:2599:25)\n    at self.test_blob (C:\\workspace\\node-test-binary-windows-js-suites\\node\\test\\fixtures\\wpt\\FileAPI\\support\\Blob.js:9:5)\n    at C:\\workspace\\node-test-binary-windows-js-suites\\node\\test\\fixtures\\wpt\\FileAPI\\blob\\Blob-constructor.any.js:419:3\n    at Array.forEach (<anonymous>)\n    at C:\\workspace\\node-test-binary-windows-js-suites\\node\\test\\fixtures\\wpt\\FileAPI\\blob\\Blob-constructor.any.js:411:3\n    at Script.runInThisContext (node:vm:136:12)\n    at runInThisContext (node:vm:316:38)\n    at Object.<anonymous> (C:\\workspace\\node-test-binary-windows-js-suites\\node\\test\\common\\wpt\\worker.js:69:3)\n    at Module._compile (node:internal/modules/cjs/loader:1370:14)\nCommand: C:\\workspace\\node-test-binary-windows-js-suites\\node\\Release\\node.exe  C:\\workspace\\node-test-binary-windows-js-suites\\node\\test\\wpt\\test-blob.js 'Blob-constructor.any.js'\n\n[EXPECTED_FAILURE][FAIL] Passing undefined (index 1) for options should use the defaults.\nFileReader is not defined\nReferenceError: FileReader is not defined\n    at Test.<anonymous> (C:\\workspace\\node-test-binary-windows-js-suites\\node\\test\\fixtures\\wpt\\FileAPI\\support\\Blob.js:16:14)\n    at Test.step (C:\\workspace\\node-test-binary-windows-js-suites\\node\\test\\fixtures\\wpt\\resources\\testharness.js:2599:25)\n    at self.test_blob (C:\\workspace\\node-test-binary-windows-js-suites\\node\\test\\fixtures\\wpt\\FileAPI\\support\\Blob.js:9:5)\n    at C:\\workspace\\node-test-binary-windows-js-suites\\node\\test\\fixtures\\wpt\\FileAPI\\blob\\Blob-constructor.any.js:412:3\n    at Array.forEach (<anonymous>)\n    at C:\\workspace\\node-test-binary-windows-js-suites\\node\\test\\fixtures\\wpt\\FileAPI\\blob\\Blob-constructor.any.js:411:3\n    at Script.runInThisContext (node:vm:136:12)\n    at runInThisContext (node:vm:316:38)\n    at Object.<anonymous> (C:\\workspace\\node-test-binary-windows-js-suites\\node\\test\\common\\wpt\\worker.js:69:3)\n    at Module._compile (node:internal/modules/cjs/loader:1370:14)\nCommand: C:\\workspace\\node-test-binary-windows-js-suites\\node\\Release\\node.exe  C:\\workspace\\node-test-binary-windows-js-suites\\node\\test\\wpt\\test-blob.js 'Blob-constructor.any.js'\n\n[EXPECTED_FAILURE][FAIL] Passing undefined (index 1) for options should use the defaults (with newlines).\nFileReader is not defined\nReferenceError: FileReader is not defined\n    at Test.<anonymous> (C:\\workspace\\node-test-binary-windows-js-suites\\node\\test\\fixtures\\wpt\\FileAPI\\support\\Blob.js:16:14)\n    at Test.step (C:\\workspace\\node-test-binary-windows-js-suites\\node\\test\\fixtures\\wpt\\resources\\testharness.js:2599:25)\n    at self.test_blob (C:\\workspace\\node-test-binary-windows-js-suites\\node\\test\\fixtures\\wpt\\FileAPI\\support\\Blob.js:9:5)\n    at C:\\workspace\\node-test-binary-windows-js-suites\\node\\test\\fixtures\\wpt\\FileAPI\\blob\\Blob-constructor.any.js:419:3\n    at Array.forEach (<anonymous>)\n    at C:\\workspace\\node-test-binary-windows-js-suites\\node\\test\\fixtures\\wpt\\FileAPI\\blob\\Blob-constructor.any.js:411:3\n    at Script.runInThisContext (node:vm:136:12)\n    at runInThisContext (node:vm:316:38)\n    at Object.<anonymous> (C:\\workspace\\node-test-binary-windows-js-suites\\node\\test\\common\\wpt\\worker.js:69:3)\n    at Module._compile (node:internal/modules/cjs/loader:1370:14)\nCommand: C:\\workspace\\node-test-binary-windows-js-suites\\node\\Release\\node.exe  C:\\workspace\\node-test-binary-windows-js-suites\\node\\test\\wpt\\test-blob.js 'Blob-constructor.any.js'\n\n[EXPECTED_FAILURE][FAIL] Passing object \"[object Object]\" (index 2) for options should use the defaults.\nFileReader is not defined\nReferenceError: FileReader is not defined\n    at Test.<anonymous> (C:\\workspace\\node-test-binary-windows-js-suites\\node\\test\\fixtures\\wpt\\FileAPI\\support\\Blob.js:16:14)\n    at Test.step (C:\\workspace\\node-test-binary-windows-js-suites\\node\\test\\fixtures\\wpt\\resources\\testharness.js:2599:25)\n    at self.test_blob (C:\\workspace\\node-test-binary-windows-js-suites\\node\\test\\fixtures\\wpt\\FileAPI\\support\\Blob.js:9:5)\n    at C:\\workspace\\node-test-binary-windows-js-suites\\node\\test\\fixtures\\wpt\\FileAPI\\blob\\Blob-constructor.any.js:412:3\n    at Array.forEach (<anonymous>)\n    at C:\\workspace\\node-test-binary-windows-js-suites\\node\\test\\fixtures\\wpt\\FileAPI\\blob\\Blob-constructor.any.js:411:3\n    at Script.runInThisContext (node:vm:136:12)\n    at runInThisContext (node:vm:316:38)\n    at Object.<anonymous> (C:\\workspace\\node-test-binary-windows-js-suites\\node\\test\\common\\wpt\\worker.js:69:3)\n    at Module._compile (node:internal/modules/cjs/loader:1370:14)\nCommand: C:\\workspace\\node-test-binary-windows-js-suites\\node\\Release\\node.exe  C:\\workspace\\node-test-binary-windows-js-suites\\node\\test\\wpt\\test-blob.js 'Blob-constructor.any.js'\n\n[EXPECTED_FAILURE][FAIL] Passing object \"[object Object]\" (index 2) for options should use the defaults (with newlines).\nFileReader is not defined\nReferenceError: FileReader is not defined\n    at Test.<anonymous> (C:\\workspace\\node-test-binary-windows-js-suites\\node\\test\\fixtures\\wpt\\FileAPI\\support\\Blob.js:16:14)\n    at Test.step (C:\\workspace\\node-test-binary-windows-js-suites\\node\\test\\fixtures\\wpt\\resources\\testharness.js:2599:25)\n    at self.test_blob (C:\\workspace\\node-test-binary-windows-js-suites\\node\\test\\fixtures\\wpt\\FileAPI\\support\\Blob.js:9:5)\n    at C:\\workspace\\node-test-binary-windows-js-suites\\node\\test\\fixtures\\wpt\\FileAPI\\blob\\Blob-constructor.any.js:419:3\n    at Array.forEach (<anonymous>)\n    at C:\\workspace\\node-test-binary-windows-js-suites\\node\\test\\fixtures\\wpt\\FileAPI\\blob\\Blob-constructor.any.js:411:3\n    at Script.runInThisContext (node:vm:136:12)\n    at runInThisContext (node:vm:316:38)\n    at Object.<anonymous> (C:\\workspace\\node-test-binary-windows-js-suites\\node\\test\\common\\wpt\\worker.js:69:3)\n    at Module._compile (node:internal/modules/cjs/loader:1370:14)\nCommand: C:\\workspace\\node-test-binary-windows-js-suites\\node\\Release\\node.exe  C:\\workspace\\node-test-binary-windows-js-suites\\node\\test\\wpt\\test-blob.js 'Blob-constructor.any.js'\n\n[EXPECTED_FAILURE][FAIL] Passing object \"[object Object]\" (index 3) for options should use the defaults.\nFileReader is not defined\nReferenceError: FileReader is not defined\n    at Test.<anonymous> (C:\\workspace\\node-test-binary-windows-js-suites\\node\\test\\fixtures\\wpt\\FileAPI\\support\\Blob.js:16:14)\n    at Test.step (C:\\workspace\\node-test-binary-windows-js-suites\\node\\test\\fixtures\\wpt\\resources\\testharness.js:2599:25)\n    at self.test_blob (C:\\workspace\\node-test-binary-windows-js-suites\\node\\test\\fixtures\\wpt\\FileAPI\\support\\Blob.js:9:5)\n    at C:\\workspace\\node-test-binary-windows-js-suites\\node\\test\\fixtures\\wpt\\FileAPI\\blob\\Blob-constructor.any.js:412:3\n    at Array.forEach (<anonymous>)\n    at C:\\workspace\\node-test-binary-windows-js-suites\\node\\test\\fixtures\\wpt\\FileAPI\\blob\\Blob-constructor.any.js:411:3\n    at Script.runInThisContext (node:vm:136:12)\n    at runInThisContext (node:vm:316:38)\n    at Object.<anonymous> (C:\\workspace\\node-test-binary-windows-js-suites\\node\\test\\common\\wpt\\worker.js:69:3)\n    at Module._compile (node:internal/modules/cjs/loader:1370:14)\nCommand: C:\\workspace\\node-test-binary-windows-js-suites\\node\\Release\\node.exe  C:\\workspace\\node-test-binary-windows-js-suites\\node\\test\\wpt\\test-blob.js 'Blob-constructor.any.js'\n\n[EXPECTED_FAILURE][FAIL] Passing object \"[object Object]\" (index 3) for options should use the defaults (with newlines).\nFileReader is not defined\nReferenceError: FileReader is not defined\n    at Test.<anonymous> (C:\\workspace\\node-test-binary-windows-js-suites\\node\\test\\fixtures\\wpt\\FileAPI\\support\\Blob.js:16:14)\n    at Test.step (C:\\workspace\\node-test-binary-windows-js-suites\\node\\test\\fixtures\\wpt\\resources\\testharness.js:2599:25)\n    at self.test_blob (C:\\workspace\\node-test-binary-windows-js-suites\\node\\test\\fixtures\\wpt\\FileAPI\\support\\Blob.js:9:5)\n    at C:\\workspace\\node-test-binary-windows-js-suites\\node\\test\\fixtures\\wpt\\FileAPI\\blob\\Blob-constructor.any.js:419:3\n    at Array.forEach (<anonymous>)\n    at C:\\workspace\\node-test-binary-windows-js-suites\\node\\test\\fixtures\\wpt\\FileAPI\\blob\\Blob-constructor.any.js:411:3\n    at Script.runInThisContext (node:vm:136:12)\n    at runInThisContext (node:vm:316:38)\n    at Object.<anonymous> (C:\\workspace\\node-test-binary-windows-js-suites\\node\\test\\common\\wpt\\worker.js:69:3)\n    at Module._compile (node:internal/modules/cjs/loader:1370:14)\nCommand: C:\\workspace\\node-test-binary-windows-js-suites\\node\\Release\\node.exe  C:\\workspace\\node-test-binary-windows-js-suites\\node\\test\\wpt\\test-blob.js 'Blob-constructor.any.js'\n\n[EXPECTED_FAILURE][FAIL] Passing object \"/regex/\" (index 4) for options should use the defaults.\nFileReader is not defined\nReferenceError: FileReader is not defined\n    at Test.<anonymous> (C:\\workspace\\node-test-binary-windows-js-suites\\node\\test\\fixtures\\wpt\\FileAPI\\support\\Blob.js:16:14)\n    at Test.step (C:\\workspace\\node-test-binary-windows-js-suites\\node\\test\\fixtures\\wpt\\resources\\testharness.js:2599:25)\n    at self.test_blob (C:\\workspace\\node-test-binary-windows-js-suites\\node\\test\\fixtures\\wpt\\FileAPI\\support\\Blob.js:9:5)\n    at C:\\workspace\\node-test-binary-windows-js-suites\\node\\test\\fixtures\\wpt\\FileAPI\\blob\\Blob-constructor.any.js:412:3\n    at Array.forEach (<anonymous>)\n    at C:\\workspace\\node-test-binary-windows-js-suites\\node\\test\\fixtures\\wpt\\FileAPI\\blob\\Blob-constructor.any.js:411:3\n    at Script.runInThisContext (node:vm:136:12)\n    at runInThisContext (node:vm:316:38)\n    at Object.<anonymous> (C:\\workspace\\node-test-binary-windows-js-suites\\node\\test\\common\\wpt\\worker.js:69:3)\n    at Module._compile (node:internal/modules/cjs/loader:1370:14)\nCommand: C:\\workspace\\node-test-binary-windows-js-suites\\node\\Release\\node.exe  C:\\workspace\\node-test-binary-windows-js-suites\\node\\test\\wpt\\test-blob.js 'Blob-constructor.any.js'\n\n[EXPECTED_FAILURE][FAIL] Passing object \"/regex/\" (index 4) for options should use the defaults (with newlines).\nFileReader is not defined\nReferenceError: FileReader is not defined\n    at Test.<anonymous> (C:\\workspace\\node-test-binary-windows-js-suites\\node\\test\\fixtures\\wpt\\FileAPI\\support\\Blob.js:16:14)\n    at Test.step (C:\\workspace\\node-test-binary-windows-js-suites\\node\\test\\fixtures\\wpt\\resources\\testharness.js:2599:25)\n    at self.test_blob (C:\\workspace\\node-test-binary-windows-js-suites\\node\\test\\fixtures\\wpt\\FileAPI\\support\\Blob.js:9:5)\n    at C:\\workspace\\node-test-binary-windows-js-suites\\node\\test\\fixtures\\wpt\\FileAPI\\blob\\Blob-constructor.any.js:419:3\n    at Array.forEach (<anonymous>)\n    at C:\\workspace\\node-test-binary-windows-js-suites\\node\\test\\fixtures\\wpt\\FileAPI\\blob\\Blob-constructor.any.js:411:3\n    at Script.runInThisContext (node:vm:136:12)\n    at runInThisContext (node:vm:316:38)\n    at Object.<anonymous> (C:\\workspace\\node-test-binary-windows-js-suites\\node\\test\\common\\wpt\\worker.js:69:3)\n    at Module._compile (node:internal/modules/cjs/loader:1370:14)\nCommand: C:\\workspace\\node-test-binary-windows-js-suites\\node\\Release\\node.exe  C:\\workspace\\node-test-binary-windows-js-suites\\node\\test\\wpt\\test-blob.js 'Blob-constructor.any.js'\n\n[EXPECTED_FAILURE][FAIL] Passing function \"function() {}\" (index 5) for options should use the defaults.\nFileReader is not defined\nReferenceError: FileReader is not defined\n    at Test.<anonymous> (C:\\workspace\\node-test-binary-windows-js-suites\\node\\test\\fixtures\\wpt\\FileAPI\\support\\Blob.js:16:14)\n    at Test.step (C:\\workspace\\node-test-binary-windows-js-suites\\node\\test\\fixtures\\wpt\\resources\\testharness.js:2599:25)\n    at self.test_blob (C:\\workspace\\node-test-binary-windows-js-suites\\node\\test\\fixtures\\wpt\\FileAPI\\support\\Blob.js:9:5)\n    at C:\\workspace\\node-test-binary-windows-js-suites\\node\\test\\fixtures\\wpt\\FileAPI\\blob\\Blob-constructor.any.js:412:3\n    at Array.forEach (<anonymous>)\n    at C:\\workspace\\node-test-binary-windows-js-suites\\node\\test\\fixtures\\wpt\\FileAPI\\blob\\Blob-constructor.any.js:411:3\n    at Script.runInThisContext (node:vm:136:12)\n    at runInThisContext (node:vm:316:38)\n    at Object.<anonymous> (C:\\workspace\\node-test-binary-windows-js-suites\\node\\test\\common\\wpt\\worker.js:69:3)\n    at Module._compile (node:internal/modules/cjs/loader:1370:14)\nCommand: C:\\workspace\\node-test-binary-windows-js-suites\\node\\Release\\node.exe  C:\\workspace\\node-test-binary-windows-js-suites\\node\\test\\wpt\\test-blob.js 'Blob-constructor.any.js'\n\n[EXPECTED_FAILURE][FAIL] Passing function \"function() {}\" (index 5) for options should use the defaults (with newlines).\nFileReader is not defined\nReferenceError: FileReader is not defined\n    at Test.<anonymous> (C:\\workspace\\node-test-binary-windows-js-suites\\node\\test\\fixtures\\wpt\\FileAPI\\support\\Blob.js:16:14)\n    at Test.step (C:\\workspace\\node-test-binary-windows-js-suites\\node\\test\\fixtures\\wpt\\resources\\testharness.js:2599:25)\n    at self.test_blob (C:\\workspace\\node-test-binary-windows-js-suites\\node\\test\\fixtures\\wpt\\FileAPI\\support\\Blob.js:9:5)\n    at C:\\workspace\\node-test-binary-windows-js-suites\\node\\test\\fixtures\\wpt\\FileAPI\\blob\\Blob-constructor.any.js:419:3\n    at Array.forEach (<anonymous>)\n    at C:\\workspace\\node-test-binary-windows-js-suites\\node\\test\\fixtures\\wpt\\FileAPI\\blob\\Blob-constructor.any.js:411:3\n    at Script.runInThisContext (node:vm:136:12)\n    at runInThisContext (node:vm:316:38)\n    at Object.<anonymous> (C:\\workspace\\node-test-binary-windows-js-suites\\node\\test\\common\\wpt\\worker.js:69:3)\n    at Module._compile (node:internal/modules/cjs/loader:1370:14)\nCommand: C:\\workspace\\node-test-binary-windows-js-suites\\node\\Release\\node.exe  C:\\workspace\\node-test-binary-windows-js-suites\\node\\test\\wpt\\test-blob.js 'Blob-constructor.any.js'\n\n[PASS] Passing 123 for options should throw\n[PASS] Passing 123.4 for options should throw\n[PASS] Passing true for options should throw\n[PASS] Passing \"abc\" for options should throw\n[PASS] Blob with type \"\"\n[PASS] Blob with type \"a\"\n[PASS] Blob with type \"A\"\n[PASS] Blob with type \"text/html\"\n[PASS] Blob with type \"TEXT/HTML\"\n[PASS] Blob with type \"text/plain;charset=utf-8\"\n[PASS] Blob with type \"√•\"\n[PASS] Blob with type \"êëæ\"\n[PASS] Blob with type \" image/gif \"\n[PASS] Blob with type \"\\timage/gif\\t\"\n[PASS] Blob with type \"image/gif;\"\n[PASS] Blob with type \"ƒ∞mage/gif\"\n[PASS] Blob with type \"ƒ±mage/gif\"\n[PASS] Blob with type \"image/gif\\0\"\n[PASS] Blob with type \"unknown/unknown\"\n[PASS] Blob with type \"text/plain\"\n[PASS] Blob with type \"image/png\"\n[PASS] Passing a FrozenArray as the blobParts array should work (FrozenArray<MessagePort>)."},"time":772.002,"fullname":"wpt/test-blob","closingTestPoint":false}},{"testName":"parallel/test-worker-nearheaplimit-deadlock","timestamp":1708498474909,"status":"FAILED","jobName":"node-test-binary-windows-js-suites","config":"node-test-binary-windows-js-suites ¬ª 0,win2016-COMPILED_BY-vs2022-x86 #25921","buildUrl":"https://ci.nodejs.org/job/node-test-binary-windows-js-suites/RUN_SUBSET=0,nodes=win2016-COMPILED_BY-vs2022-x86/25921/","buildNumber":25921,"builtOn":"test-azure_msft-win2016_vs2017-x64-2","nodeVersion":"22.0.0","commitHash":"b91c291fd769ea2b01073fa01c3582246a4624ef","callStack":[{"upstreamBuild":60830,"upstreamProject":"node-test-commit-windows-fanned","upstreamUrl":"job/node-test-commit-windows-fanned/"},{"upstreamBuild":68509,"upstreamProject":"node-test-commit","upstreamUrl":"job/node-test-commit/"},{"upstreamBuild":57235,"upstreamProject":"node-test-pull-request","upstreamUrl":"job/node-test-pull-request/"},{"prId":"51800"}],"tap":{"ok":false,"name":"parallel/test-worker-nearheaplimit-deadlock","id":886,"buffered":false,"tapError":null,"skip":false,"todo":": Fix flaky test","previous":null,"plan":null,"diag":{"severity":"flaky","exitcode":134,"stack":"\n<--- Last few GCs --->\n\n[2296:0BEAD7E0]       59 ms: Mark-Compact 1.5 (3.9) -> 1.5 (3.9) MB, 2.84 / 0.00 ms  (average mu = 0.640, current mu = 0.009) background allocation failure; GC in old space requested\n[2296:0BEAD7E0]       62 ms: Mark-Compact 1.5 (3.9) -> 1.5 (3.9) MB, 2.88 / 0.00 ms  (average mu = 0.499, current mu = 0.098) background allocation failure; GC in old space requested\n\n\n<--- JS stacktrace --->\n\nFATAL ERROR: LocalHeap: allocation failed Allocation failed - JavaScript heap out of memory\n----- Native stack trace -----"},"time":498.004,"fullname":"parallel/test-worker-nearheaplimit-deadlock","closingTestPoint":false}},{"testName":"wasi/test-wasi","timestamp":1708498474909,"status":"FAILED","jobName":"node-test-binary-windows-js-suites","config":"node-test-binary-windows-js-suites ¬ª 3,win11-arm64-COMPILED_BY-vs2022-arm64 #25921","buildUrl":"https://ci.nodejs.org/job/node-test-binary-windows-js-suites/RUN_SUBSET=3,nodes=win11-arm64-COMPILED_BY-vs2022-arm64/25921/","buildNumber":25921,"builtOn":"test-azure_msft-win11_vs2022-arm64-2","nodeVersion":"22.0.0","commitHash":"b91c291fd769ea2b01073fa01c3582246a4624ef","callStack":[{"upstreamBuild":60830,"upstreamProject":"node-test-commit-windows-fanned","upstreamUrl":"job/node-test-commit-windows-fanned/"},{"upstreamBuild":68509,"upstreamProject":"node-test-commit","upstreamUrl":"job/node-test-commit/"},{"upstreamBuild":57235,"upstreamProject":"node-test-pull-request","upstreamUrl":"job/node-test-pull-request/"},{"prId":"51800"}],"tap":{"ok":false,"name":"wasi/test-wasi","id":922,"buffered":false,"tapError":null,"skip":false,"todo":false,"previous":null,"plan":null,"diag":{"severity":"fail","exitcode":1,"stack":"executing cant_dotdot\n(node:4452) ExperimentalWarning: WASI is an experimental feature and might change at any time\n(Use `node --trace-warnings ...` to show where the warning was created)\nfd_prestat_get(3, 69752)\nfd_prestat_dir_name(3, 69776, 8)\nfd_prestat_get(4, 69752)\nfd_prestat_dir_name(4, 69776, 4)\nfd_prestat_get(5, 69752)\nfd_fdstat_get(3, 69704)\npath_open(3, 1, 1062, 14, 0, 264240830, 268435455, 0, 69700)\n\nexecuting cant_dotdot\n(node:5580) ExperimentalWarning: WASI is an experimental feature and might change at any time\n(Use `node --trace-warnings ...` to show where the warning was created)\nfd_prestat_get(3, 69752)\nfd_prestat_dir_name(3, 69776, 8)\nfd_prestat_get(4, 69752)\nfd_prestat_dir_name(4, 69776, 4)\nfd_prestat_get(5, 69752)\nfd_fdstat_get(3, 69704)\npath_open(3, 1, 1062, 14, 0, 264240830, 268435455, 0, 69700)\n\nexecuting clock_getres\n(node:1732) ExperimentalWarning: WASI is an experimental feature and might change at any time\n(Use `node --trace-warnings ...` to show where the warning was created)\nclock_res_get(0, 69160)\nclock_res_get(1, 69160)\n\nexecuting clock_getres\n(node:11240) ExperimentalWarning: WASI is an experimental feature and might change at any time\n(Use `node --trace-warnings ...` to show where the warning was created)\nclock_res_get(0, 69160)\nclock_res_get(1, 69160)\n\nexecuting exitcode\n(node:6252) ExperimentalWarning: WASI is an experimental feature and might change at any time\n(Use `node --trace-warnings ...` to show where the warning was created)\n\nexecuting exitcode\n(node:3320) ExperimentalWarning: WASI is an experimental feature and might change at any time\n(Use `node --trace-warnings ...` to show where the warning was created)\n\nexecuting exitcode\n(node:6472) ExperimentalWarning: WASI is an experimental feature and might change at any time\n(Use `node --trace-warnings ...` to show where the warning was created)\n\nexecuting exitcode\n(node:5916) ExperimentalWarning: WASI is an experimental feature and might change at any time\n(Use `node --trace-warnings ...` to show where the warning was created)\n\nexecuting exitcode\n(node:2032) ExperimentalWarning: WASI is an experimental feature and might change at any time\n(Use `node --trace-warnings ...` to show where the warning was created)\nproc_exit(120)\n\nexecuting exitcode\n(node:4716) ExperimentalWarning: WASI is an experimental feature and might change at any time\n(Use `node --trace-warnings ...` to show where the warning was created)\nproc_exit(120)\n\nexecuting fd_prestat_get_refresh\n(node:1152) ExperimentalWarning: WASI is an experimental feature and might change at any time\n(Use `node --trace-warnings ...` to show where the warning was created)\nfd_fdstat_get(1, 66536)\nfd_fdstat_get(1, 66536)\n\nexecuting fd_prestat_get_refresh\n(node:8092) ExperimentalWarning: WASI is an experimental feature and might change at any time\n(Use `node --trace-warnings ...` to show where the warning was created)\nfd_fdstat_get(1, 66536)\nfd_fdstat_get(1, 66536)\n\nexecuting freopen\n(node:4244) ExperimentalWarning: WASI is an experimental feature and might change at any time\n(Use `node --trace-warnings ...` to show where the warning was created)\nfd_prestat_get(3, 70936)\nfd_prestat_dir_name(3, 70960, 8)\nfd_prestat_get(4, 70936)\nfd_prestat_dir_name(4, 70960, 4)\nfd_prestat_get(5, 70936)\nfd_fdstat_get(3, 70872)\npath_open(3, 1, 1062, 9, 0, 264240830, 268435455, 0, 70868)\nfd_fdstat_get(3, 70856)\npath_open(3, 1, 1081, 10, 0, 264240830, 268435455, 0, 70852)\nfd_renumber(6, 5)\nfd_read(5, 70872, 1, 70868)\nfd_fdstat_get(1, 70872)\nfd_write(1, 70880, 2, 70876)\nfd_read(5, 70872, 1, 70868)\n\nexecuting freopen\n(node:10500) ExperimentalWarning: WASI is an experimental feature and might change at any time\n(Use `node --trace-warnings ...` to show where the warning was created)\nfd_prestat_get(3, 70936)\nfd_prestat_dir_name(3, 70960, 8)\nfd_prestat_get(4, 70936)\nfd_prestat_dir_name(4, 70960, 4)\nfd_prestat_get(5, 70936)\nfd_fdstat_get(3, 70872)\npath_open(3, 1, 1062, 9, 0, 264240830, 268435455, 0, 70868)\nfd_fdstat_get(3, 70856)\npath_open(3, 1, 1081, 10, 0, 264240830, 268435455, 0, 70852)\nfd_renumber(6, 5)\nfd_close(4294967295)\nfd_read(5, 70872, 1, 70868)\nfd_fdstat_get(1, 70872)\nfd_write(1, 70880, 2, 70876)\nfd_read(5, 70872, 1, 70868)\n\nexecuting ftruncate\n(node:7068) ExperimentalWarning: WASI is an experimental feature and might change at any time\n(Use `node --trace-warnings ...` to show where the warning was created)\nfd_prestat_get(3, 69944)\nfd_prestat_dir_name(3, 69968, 8)\nfd_prestat_get(4, 69944)\nfd_prestat_dir_name(4, 69968, 4)\nfd_prestat_get(5, 69944)\npath_create_directory(4, 1082, 7)\nfd_fdstat_get(4, 69640)\npath_open(4, 1, 1058, 18, 1, 268419069, 268435455, 0, 69636)\nfd_filestat_get(5, 69584)\nfd_tell(5, 69672)\nfd_filestat_set_size(5, 500)\nfd_filestat_get(5, 69584)\nfd_tell(5, 69672)\nfd_filestat_set_size(5, 300)\nfd_filestat_get(5, 69584)\nfd_tell(5, 69672)\nfd_close(5)\n\nexecuting ftruncate\n(node:10708) ExperimentalWarning: WASI is an experimental feature and might change at any time\n(Use `node --trace-warnings ...` to show where the warning was created)\nfd_prestat_get(3, 69944)\nfd_prestat_dir_name(3, 69968, 8)\nfd_prestat_get(4, 69944)\nfd_prestat_dir_name(4, 69968, 4)\nfd_prestat_get(5, 69944)\npath_create_directory(4, 1082, 7)\nfd_fdstat_get(4, 69640)\npath_open(4, 1, 1058, 18, 1, 268419069, 268435455, 0, 69636)\nfd_filestat_get(5, 69584)\nfd_tell(5, 69672)\nfd_filestat_set_size(5, 500)\nfd_filestat_get(5, 69584)\nfd_tell(5, 69672)\nfd_filestat_set_size(5, 300)\nfd_filestat_get(5, 69584)\nfd_tell(5, 69672)\nfd_close(5)\n\nexecuting getentropy\n(node:11100) ExperimentalWarning: WASI is an experimental feature and might change at any time\n(Use `node --trace-warnings ...` to show where the warning was created)\nrandom_get(68912, 256)\n\nexecuting getentropy\n(node:192) ExperimentalWarning: WASI is an experimental feature and might change at any time\n(Use `node --trace-warnings ...` to show where the warning was created)\nrandom_get(68912, 256)\n\nexecuting getrusage\n(node:1080) ExperimentalWarning: WASI is an experimental feature and might change at any time\n(Use `node --trace-warnings ...` to show where the warning was created)\nclock_time_get(1, 0, 3616)\nclock_time_get(1, 0, 69080)\nclock_time_get(1, 0, 69080)\n\nexecuting getrusage\n(node:9524) ExperimentalWarning: WASI is an experimental feature and might change at any time\n(Use `node --trace-warnings ...` to show where the warning was created)\nclock_time_get(1, 0, 3616)\nclock_time_get(1, 0, 69080)\nclock_time_get(1, 0, 69080)\n\nexecuting gettimeofday\n(node:5460) ExperimentalWarning: WASI is an experimental feature and might change at any time\n(Use `node --trace-warnings ...` to show where the warning was created)\nclock_time_get(0, 1000, 69096)\nclock_time_get(0, 1000, 69096)\nclock_time_get(0, 1000, 69096)\nclock_time_get(0, 1000, 69096)\nclock_time_get(0, 1000, 69096)\nclock_time_get(0, 1000, 69096)\nclock_time_get(0, 1000, 69096)\nclock_time_get(0, 1000, 69096)\nclock_time_get(0, 1000, 69096)\nclock_time_get(0, 1000, 69096)\nclock_time_get(0, 1000, 69096)\nclock_time_get(0, 1000, 69096)\nclock_time_get(0, 1000, 69096)\nclock_time_get(0, 1000, 69096)\n\nexecuting gettimeofday\n(node:2268) ExperimentalWarning: WASI is an experimental feature and might change at any time\n(Use `node --trace-warnings ...` to show where the warning was created)\nclock_time_get(0, 1000, 69096)\nclock_time_get(0, 1000, 69096)\nclock_time_get(0, 1000, 69096)\nclock_time_get(0, 1000, 69096)\nclock_time_get(0, 1000, 69096)\nclock_time_get(0, 1000, 69096)\nclock_time_get(0, 1000, 69096)\nclock_time_get(0, 1000, 69096)\nclock_time_get(0, 1000, 69096)\nclock_time_get(0, 1000, 69096)\nclock_time_get(0, 1000, 69096)\nclock_time_get(0, 1000, 69096)\nclock_time_get(0, 1000, 69096)\nclock_time_get(0, 1000, 69096)\nclock_time_get(0, 1000, 69096)\nclock_time_get(0, 1000, 69096)\nclock_time_get(0, 1000, 69096)\nclock_time_get(0, 1000, 69096)\nclock_time_get(0, 1000, 69096)\nclock_time_get(0, 1000, 69096)\nclock_time_get(0, 1000, 69096)\nclock_time_get(0, 1000, 69096)\nclock_time_get(0, 1000, 69096)\nclock_time_get(0, 1000, 69096)\nclock_time_get(0, 1000, 69096)\nclock_time_get(0, 1000, 69096)\nclock_time_get(0, 1000, 69096)\nclock_time_get(0, 1000, 69096)\nclock_time_get(0, 1000, 69096)\nclock_time_get(0, 1000, 69096)\nclock_time_get(0, 1000, 69096)\nclock_time_get(0, 1000, 69096)\nclock_time_get(0, 1000, 69096)\nclock_time_get(0, 1000, 69096)\nclock_time_get(0, 1000, 69096)\nclock_time_get(0, 1000, 69096)\nclock_time_get(0, 1000, 69096)\nclock_time_get(0, 1000, 69096)\nclock_time_get(0, 1000, 69096)\nclock_time_get(0, 1000, 69096)\nclock_time_get(0, 1000, 69096)\nclock_time_get(0, 1000, 69096)\nclock_time_get(0, 1000, 69096)\nclock_time_get(0, 1000, 69096)\nclock_time_get(0, 1000, 69096)\nclock_time_get(0, 1000, 69096)\nclock_time_get(0, 1000, 69096)\nclock_time_get(0, 1000, 69096)\nclock_time_get(0, 1000, 69096)\nclock_time_get(0, 1000, 69096)\nclock_time_get(0, 1000, 69096)\nclock_time_get(0, 1000, 69096)\nclock_time_get(0, 1000, 69096)\nclock_time_get(0, 1000, 69096)\nclock_time_get(0, 1000, 69096)\nclock_time_get(0, 1000, 69096)\nclock_time_get(0, 1000, 69096)\nclock_time_get(0, 1000, 69096)\nclock_time_get(0, 1000, 69096)\nclock_time_get(0, 1000, 69096)\nclock_time_get(0, 1000, 69096)\nclock_time_get(0, 1000, 69096)\nclock_time_get(0, 1000, 69096)\nclock_time_get(0, 1000, 69096)\nclock_time_get(0, 1000, 69096)\nclock_time_get(0, 1000, 69096)\nclock_time_get(0, 1000, 69096)\nclock_time_get(0, 1000, 69096)\nclock_time_get(0, 1000, 69096)\nclock_time_get(0, 1000, 69096)\nclock_time_get(0, 1000, 69096)\nclock_time_get(0, 1000, 69096)\nclock_time_get(0, 1000, 69096)\nclock_time_get(0, 1000, 69096)\nclock_time_get(0, 1000, 69096)\nclock_time_get(0, 1000, 69096)\nclock_time_get(0, 1000, 69096)\nclock_time_get(0, 1000, 69096)\nclock_time_get(0, 1000, 69096)\nclock_time_get(0, 1000, 69096)\nclock_time_get(0, 1000, 69096)\nclock_time_get(0, 1000, 69096)\nclock_time_get(0, 1000, 69096)\nclock_time_get(0, 1000, 69096)\nclock_time_get(0, 1000, 69096)\nclock_time_get(0, 1000, 69096)\nclock_time_get(0, 1000, 69096)\nclock_time_get(0, 1000, 69096)\nclock_time_get(0, 1000, 69096)\nclock_time_get(0, 1000, 69096)\nclock_time_get(0, 1000, 69096)\nclock_time_get(0, 1000, 69096)\nclock_time_get(0, 1000, 69096)\nclock_time_get(0, 1000, 69096)\nclock_time_get(0, 1000, 69096)\nclock_time_get(0, 1000, 69096)\nclock_time_get(0, 1000, 69096)\nclock_time_get(0, 1000, 69096)\nclock_time_get(0, 1000, 69096)\nclock_time_get(0, 1000, 69096)\nclock_time_get(0, 1000, 69096)\nclock_time_get(0, 1000, 69096)\nclock_time_get(0, 1000, 69096)\nclock_time_get(0, 1000, 69096)\nclock_time_get(0, 1000, 69096)\nclock_time_get(0, 1000, 69096)\nclock_time_get(0, 1000, 69096)\nclock_time_get(0, 1000, 69096)\nclock_time_get(0, 1000, 69096)\nclock_time_get(0, 1000, 69096)\nclock_time_get(0, 1000, 69096)\nclock_time_get(0, 1000, 69096)\nclock_time_get(0, 1000, 69096)\nclock_time_get(0, 1000, 69096)\nclock_time_get(0, 1000, 69096)\nclock_time_get(0, 1000, 69096)\nclock_time_get(0, 1000, 69096)\nclock_time_get(0, 1000, 69096)\nclock_time_get(0, 1000, 69096)\nclock_time_get(0, 1000, 69096)\nclock_time_get(0, 1000, 69096)\nclock_time_get(0, 1000, 69096)\nclock_time_get(0, 1000, 69096)\nclock_time_get(0, 1000, 69096)\nclock_time_get(0, 1000, 69096)\nclock_time_get(0, 1000, 69096)\nclock_time_get(0, 1000, 69096)\nclock_time_get(0, 1000, 69096)\nclock_time_get(0, 1000, 69096)\n\nexecuting main_args\n(node:1568) ExperimentalWarning: WASI is an experimental feature and might change at any time\n(Use `node --trace-warnings ...` to show where the warning was created)\nargs_sizes_get(69784, 69788)\nargs_get(69840, 69808)\n\nexecuting main_args\n(node:4184) ExperimentalWarning: WASI is an experimental feature and might change at any time\n(Use `node --trace-warnings ...` to show where the warning was created)\nargs_sizes_get(69784, 69788)\nargs_get(69840, 69808)\n\nexecuting notdir\n(node:10096) ExperimentalWarning: WASI is an experimental feature and might change at any time\n(Use `node --trace-warnings ...` to show where the warning was created)\nfd_prestat_get(3, 69720)\nfd_prestat_dir_name(3, 69744, 8)\nfd_prestat_get(4, 69720)\nfd_prestat_dir_name(4, 69744, 4)\nfd_prestat_get(5, 69720)\nfd_fdstat_get(3, 69672)\npath_open(3, 1, 1062, 7, 2, 264240830, 268435455, 4, 69668)\n\nexecuting notdir\n(node:4656) ExperimentalWarning: WASI is an experimental feature and might change at any time\n(Use `node --trace-warnings ...` to show where the warning was created)\nfd_prestat_get(3, 69720)\nfd_prestat_dir_name(3, 69744, 8)\nfd_prestat_get(4, 69720)\nfd_prestat_dir_name(4, 69744, 4)\nfd_prestat_get(5, 69720)\nfd_fdstat_get(3, 69672)\npath_open(3, 1, 1062, 7, 2, 264240830, 268435455, 4, 69668)\n\nexecuting poll\n(node:10436) ExperimentalWarning: WASI is an experimental feature and might change at any time\n(Use `node --trace-warnings ...` to show where the warning was created)\n\nnode:assert:126\n  throw new AssertionError(obj);\n  ^\n\nAssertionError [ERR_ASSERTION]: Expected values to be strictly equal:\n\n3221225477 !== 0\n\n    at innerRunWASI (d:\\workspace\\node-test-binary-windows-js-suites\\node\\test\\wasi\\test-wasi.js:80:12)\n    at runWASI (d:\\workspace\\node-test-binary-windows-js-suites\\node\\test\\wasi\\test-wasi.js:86:5)\n    at Object.<anonymous> (d:\\workspace\\node-test-binary-windows-js-suites\\node\\test\\wasi\\test-wasi.js:111:3)\n    at Module._compile (node:internal/modules/cjs/loader:1370:14)\n    at Module._extensions..js (node:internal/modules/cjs/loader:1429:10)\n    at Module.load (node:internal/modules/cjs/loader:1208:32)\n    at Module._load (node:internal/modules/cjs/loader:1024:12)\n    at Function.executeUserEntryPoint [as runMain] (node:internal/modules/run_main:142:12)\n    at node:internal/main/run_main_module:28:49 {\n  generatedMessage: true,\n  code: 'ERR_ASSERTION',\n  actual: 3221225477,\n  expected: 0,\n  operator: 'strictEqual'\n}\n\nNode.js v22.0.0-pre"},"time":6277.415,"fullname":"wasi/test-wasi","closingTestPoint":false}}]}