{"failedTests":[{"testName":"wasi/test-wasi","timestamp":1708631317144,"status":"FAILED","jobName":"node-test-binary-windows-js-suites","config":"node-test-binary-windows-js-suites » 3,win11-arm64-COMPILED_BY-vs2022-arm64 #25998","buildUrl":"https://ci.nodejs.org/job/node-test-binary-windows-js-suites/RUN_SUBSET=3,nodes=win11-arm64-COMPILED_BY-vs2022-arm64/25998/","buildNumber":25998,"builtOn":"test-azure_msft-win11_vs2022-arm64-2","nodeVersion":"22.0.0","commitHash":"ff2b6748838d26283c1e0a98db2e30e34c1dd996","callStack":[{"upstreamBuild":60906,"upstreamProject":"node-test-commit-windows-fanned","upstreamUrl":"job/node-test-commit-windows-fanned/"},{"upstreamBuild":68583,"upstreamProject":"node-test-commit","upstreamUrl":"job/node-test-commit/"},{"upstreamBuild":57302,"upstreamProject":"node-test-pull-request","upstreamUrl":"job/node-test-pull-request/"},{"prId":"51736"}],"tap":{"ok":false,"name":"wasi/test-wasi","id":923,"buffered":false,"tapError":null,"skip":false,"todo":false,"previous":null,"plan":null,"diag":{"severity":"fail","exitcode":1,"stack":"executing cant_dotdot\n(node:4376) ExperimentalWarning: WASI is an experimental feature and might change at any time\n(Use `node --trace-warnings ...` to show where the warning was created)\nfd_prestat_get(3, 69752)\nfd_prestat_dir_name(3, 69776, 8)\nfd_prestat_get(4, 69752)\nfd_prestat_dir_name(4, 69776, 4)\nfd_prestat_get(5, 69752)\nfd_fdstat_get(3, 69704)\npath_open(3, 1, 1062, 14, 0, 264240830, 268435455, 0, 69700)\n\nexecuting cant_dotdot\n(node:11036) ExperimentalWarning: WASI is an experimental feature and might change at any time\n(Use `node --trace-warnings ...` to show where the warning was created)\nfd_prestat_get(3, 69752)\nfd_prestat_dir_name(3, 69776, 8)\nfd_prestat_get(4, 69752)\nfd_prestat_dir_name(4, 69776, 4)\nfd_prestat_get(5, 69752)\nfd_fdstat_get(3, 69704)\npath_open(3, 1, 1062, 14, 0, 264240830, 268435455, 0, 69700)\n\nexecuting clock_getres\n(node:2748) ExperimentalWarning: WASI is an experimental feature and might change at any time\n(Use `node --trace-warnings ...` to show where the warning was created)\nclock_res_get(0, 69160)\nclock_res_get(1, 69160)\n\nexecuting clock_getres\n(node:5160) ExperimentalWarning: WASI is an experimental feature and might change at any time\n(Use `node --trace-warnings ...` to show where the warning was created)\nclock_res_get(0, 69160)\nclock_res_get(1, 69160)\n\nexecuting exitcode\n(node:2408) ExperimentalWarning: WASI is an experimental feature and might change at any time\n(Use `node --trace-warnings ...` to show where the warning was created)\n\nexecuting exitcode\n(node:7524) ExperimentalWarning: WASI is an experimental feature and might change at any time\n(Use `node --trace-warnings ...` to show where the warning was created)\n\nexecuting exitcode\n(node:9876) ExperimentalWarning: WASI is an experimental feature and might change at any time\n(Use `node --trace-warnings ...` to show where the warning was created)\n\nexecuting exitcode\n(node:8500) ExperimentalWarning: WASI is an experimental feature and might change at any time\n(Use `node --trace-warnings ...` to show where the warning was created)\n\nexecuting exitcode\n(node:9460) ExperimentalWarning: WASI is an experimental feature and might change at any time\n(Use `node --trace-warnings ...` to show where the warning was created)\nproc_exit(120)\n\nexecuting exitcode\n(node:6160) ExperimentalWarning: WASI is an experimental feature and might change at any time\n(Use `node --trace-warnings ...` to show where the warning was created)\nproc_exit(120)\n\nexecuting fd_prestat_get_refresh\n(node:7940) ExperimentalWarning: WASI is an experimental feature and might change at any time\n(Use `node --trace-warnings ...` to show where the warning was created)\nfd_fdstat_get(1, 66536)\nfd_fdstat_get(1, 66536)\n\nexecuting fd_prestat_get_refresh\n(node:11212) ExperimentalWarning: WASI is an experimental feature and might change at any time\n(Use `node --trace-warnings ...` to show where the warning was created)\nfd_fdstat_get(1, 66536)\nfd_fdstat_get(1, 66536)\n\nexecuting freopen\n(node:4836) ExperimentalWarning: WASI is an experimental feature and might change at any time\n(Use `node --trace-warnings ...` to show where the warning was created)\nfd_prestat_get(3, 70936)\nfd_prestat_dir_name(3, 70960, 8)\nfd_prestat_get(4, 70936)\nfd_prestat_dir_name(4, 70960, 4)\nfd_prestat_get(5, 70936)\nfd_fdstat_get(3, 70872)\npath_open(3, 1, 1062, 9, 0, 264240830, 268435455, 0, 70868)\nfd_fdstat_get(3, 70856)\npath_open(3, 1, 1081, 10, 0, 264240830, 268435455, 0, 70852)\nfd_renumber(6, 5)\nfd_read(5, 70872, 1, 70868)\nfd_fdstat_get(1, 70872)\nfd_write(1, 70880, 2, 70876)\nfd_read(5, 70872, 1, 70868)\n\nexecuting freopen\n(node:9860) ExperimentalWarning: WASI is an experimental feature and might change at any time\n(Use `node --trace-warnings ...` to show where the warning was created)\nfd_prestat_get(3, 70936)\nfd_prestat_dir_name(3, 70960, 8)\nfd_prestat_get(4, 70936)\nfd_prestat_dir_name(4, 70960, 4)\nfd_prestat_get(5, 70936)\nfd_fdstat_get(3, 70872)\npath_open(3, 1, 1062, 9, 0, 264240830, 268435455, 0, 70868)\nfd_fdstat_get(3, 70856)\npath_open(3, 1, 1081, 10, 0, 264240830, 268435455, 0, 70852)\nfd_renumber(6, 5)\nfd_close(4294967295)\nfd_read(5, 70872, 1, 70868)\nfd_fdstat_get(1, 70872)\nfd_write(1, 70880, 2, 70876)\nfd_read(5, 70872, 1, 70868)\n\nexecuting ftruncate\n(node:10056) ExperimentalWarning: WASI is an experimental feature and might change at any time\n(Use `node --trace-warnings ...` to show where the warning was created)\nfd_prestat_get(3, 69944)\nfd_prestat_dir_name(3, 69968, 8)\nfd_prestat_get(4, 69944)\nfd_prestat_dir_name(4, 69968, 4)\nfd_prestat_get(5, 69944)\npath_create_directory(4, 1082, 7)\nfd_fdstat_get(4, 69640)\npath_open(4, 1, 1058, 18, 1, 268419069, 268435455, 0, 69636)\nfd_filestat_get(5, 69584)\nfd_tell(5, 69672)\nfd_filestat_set_size(5, 500)\nfd_filestat_get(5, 69584)\nfd_tell(5, 69672)\nfd_filestat_set_size(5, 300)\nfd_filestat_get(5, 69584)\nfd_tell(5, 69672)\nfd_close(5)\n\nexecuting ftruncate\n(node:9208) ExperimentalWarning: WASI is an experimental feature and might change at any time\n(Use `node --trace-warnings ...` to show where the warning was created)\nfd_prestat_get(3, 69944)\nfd_prestat_dir_name(3, 69968, 8)\nfd_prestat_get(4, 69944)\nfd_prestat_dir_name(4, 69968, 4)\nfd_prestat_get(5, 69944)\npath_create_directory(4, 1082, 7)\nfd_fdstat_get(4, 69640)\npath_open(4, 1, 1058, 18, 1, 268419069, 268435455, 0, 69636)\nfd_filestat_get(5, 69584)\nfd_tell(5, 69672)\nfd_filestat_set_size(5, 500)\nfd_filestat_get(5, 69584)\nfd_tell(5, 69672)\nfd_filestat_set_size(5, 300)\nfd_filestat_get(5, 69584)\nfd_tell(5, 69672)\nfd_close(5)\n\nexecuting getentropy\n(node:5828) ExperimentalWarning: WASI is an experimental feature and might change at any time\n(Use `node --trace-warnings ...` to show where the warning was created)\nrandom_get(68912, 256)\n\nexecuting getentropy\n(node:5876) ExperimentalWarning: WASI is an experimental feature and might change at any time\n(Use `node --trace-warnings ...` to show where the warning was created)\nrandom_get(68912, 256)\n\nexecuting getrusage\n(node:10628) ExperimentalWarning: WASI is an experimental feature and might change at any time\n(Use `node --trace-warnings ...` to show where the warning was created)\nclock_time_get(1, 0, 3616)\nclock_time_get(1, 0, 69080)\nclock_time_get(1, 0, 69080)\n\nexecuting getrusage\n(node:2924) ExperimentalWarning: WASI is an experimental feature and might change at any time\n(Use `node --trace-warnings ...` to show where the warning was created)\nclock_time_get(1, 0, 3616)\nclock_time_get(1, 0, 69080)\nclock_time_get(1, 0, 69080)\n\nexecuting gettimeofday\n(node:3612) ExperimentalWarning: WASI is an experimental feature and might change at any time\n(Use `node --trace-warnings ...` to show where the warning was created)\nclock_time_get(0, 1000, 69096)\nclock_time_get(0, 1000, 69096)\nclock_time_get(0, 1000, 69096)\nclock_time_get(0, 1000, 69096)\nclock_time_get(0, 1000, 69096)\nclock_time_get(0, 1000, 69096)\nclock_time_get(0, 1000, 69096)\nclock_time_get(0, 1000, 69096)\nclock_time_get(0, 1000, 69096)\nclock_time_get(0, 1000, 69096)\nclock_time_get(0, 1000, 69096)\nclock_time_get(0, 1000, 69096)\nclock_time_get(0, 1000, 69096)\nclock_time_get(0, 1000, 69096)\nclock_time_get(0, 1000, 69096)\nclock_time_get(0, 1000, 69096)\nclock_time_get(0, 1000, 69096)\nclock_time_get(0, 1000, 69096)\nclock_time_get(0, 1000, 69096)\nclock_time_get(0, 1000, 69096)\nclock_time_get(0, 1000, 69096)\nclock_time_get(0, 1000, 69096)\nclock_time_get(0, 1000, 69096)\nclock_time_get(0, 1000, 69096)\nclock_time_get(0, 1000, 69096)\nclock_time_get(0, 1000, 69096)\nclock_time_get(0, 1000, 69096)\nclock_time_get(0, 1000, 69096)\nclock_time_get(0, 1000, 69096)\nclock_time_get(0, 1000, 69096)\nclock_time_get(0, 1000, 69096)\nclock_time_get(0, 1000, 69096)\nclock_time_get(0, 1000, 69096)\nclock_time_get(0, 1000, 69096)\nclock_time_get(0, 1000, 69096)\nclock_time_get(0, 1000, 69096)\nclock_time_get(0, 1000, 69096)\nclock_time_get(0, 1000, 69096)\nclock_time_get(0, 1000, 69096)\nclock_time_get(0, 1000, 69096)\nclock_time_get(0, 1000, 69096)\nclock_time_get(0, 1000, 69096)\nclock_time_get(0, 1000, 69096)\nclock_time_get(0, 1000, 69096)\nclock_time_get(0, 1000, 69096)\nclock_time_get(0, 1000, 69096)\nclock_time_get(0, 1000, 69096)\nclock_time_get(0, 1000, 69096)\nclock_time_get(0, 1000, 69096)\nclock_time_get(0, 1000, 69096)\nclock_time_get(0, 1000, 69096)\nclock_time_get(0, 1000, 69096)\nclock_time_get(0, 1000, 69096)\n\nexecuting gettimeofday\n(node:740) ExperimentalWarning: WASI is an experimental feature and might change at any time\n(Use `node --trace-warnings ...` to show where the warning was created)\nclock_time_get(0, 1000, 69096)\nclock_time_get(0, 1000, 69096)\nclock_time_get(0, 1000, 69096)\nclock_time_get(0, 1000, 69096)\nclock_time_get(0, 1000, 69096)\nclock_time_get(0, 1000, 69096)\nclock_time_get(0, 1000, 69096)\nclock_time_get(0, 1000, 69096)\nclock_time_get(0, 1000, 69096)\nclock_time_get(0, 1000, 69096)\nclock_time_get(0, 1000, 69096)\nclock_time_get(0, 1000, 69096)\nclock_time_get(0, 1000, 69096)\nclock_time_get(0, 1000, 69096)\nclock_time_get(0, 1000, 69096)\nclock_time_get(0, 1000, 69096)\nclock_time_get(0, 1000, 69096)\nclock_time_get(0, 1000, 69096)\nclock_time_get(0, 1000, 69096)\nclock_time_get(0, 1000, 69096)\nclock_time_get(0, 1000, 69096)\nclock_time_get(0, 1000, 69096)\nclock_time_get(0, 1000, 69096)\nclock_time_get(0, 1000, 69096)\n\nexecuting main_args\n(node:8296) ExperimentalWarning: WASI is an experimental feature and might change at any time\n(Use `node --trace-warnings ...` to show where the warning was created)\nargs_sizes_get(69784, 69788)\nargs_get(69840, 69808)\n\nexecuting main_args\n(node:5624) ExperimentalWarning: WASI is an experimental feature and might change at any time\n(Use `node --trace-warnings ...` to show where the warning was created)\nargs_sizes_get(69784, 69788)\nargs_get(69840, 69808)\n\nexecuting notdir\n(node:9600) ExperimentalWarning: WASI is an experimental feature and might change at any time\n(Use `node --trace-warnings ...` to show where the warning was created)\nfd_prestat_get(3, 69720)\nfd_prestat_dir_name(3, 69744, 8)\nfd_prestat_get(4, 69720)\nfd_prestat_dir_name(4, 69744, 4)\nfd_prestat_get(5, 69720)\nfd_fdstat_get(3, 69672)\npath_open(3, 1, 1062, 7, 2, 264240830, 268435455, 4, 69668)\n\nexecuting notdir\n(node:7592) ExperimentalWarning: WASI is an experimental feature and might change at any time\n(Use `node --trace-warnings ...` to show where the warning was created)\nfd_prestat_get(3, 69720)\nfd_prestat_dir_name(3, 69744, 8)\nfd_prestat_get(4, 69720)\nfd_prestat_dir_name(4, 69744, 4)\nfd_prestat_get(5, 69720)\nfd_fdstat_get(3, 69672)\npath_open(3, 1, 1062, 7, 2, 264240830, 268435455, 4, 69668)\n\nexecuting poll\n(node:4344) ExperimentalWarning: WASI is an experimental feature and might change at any time\n(Use `node --trace-warnings ...` to show where the warning was created)\n\nnode:assert:126\n  throw new AssertionError(obj);\n  ^\n\nAssertionError [ERR_ASSERTION]: Expected values to be strictly equal:\n\n3221225477 !== 0\n\n    at innerRunWASI (d:\\workspace\\node-test-binary-windows-js-suites\\node\\test\\wasi\\test-wasi.js:80:12)\n    at runWASI (d:\\workspace\\node-test-binary-windows-js-suites\\node\\test\\wasi\\test-wasi.js:86:5)\n    at Object.<anonymous> (d:\\workspace\\node-test-binary-windows-js-suites\\node\\test\\wasi\\test-wasi.js:111:3)\n    at Module._compile (node:internal/modules/cjs/loader:1368:14)\n    at Module._extensions..js (node:internal/modules/cjs/loader:1426:10)\n    at Module.load (node:internal/modules/cjs/loader:1205:32)\n    at Module._load (node:internal/modules/cjs/loader:1021:12)\n    at Function.executeUserEntryPoint [as runMain] (node:internal/modules/run_main:142:12)\n    at node:internal/main/run_main_module:28:49 {\n  generatedMessage: true,\n  code: 'ERR_ASSERTION',\n  actual: 3221225477,\n  expected: 0,\n  operator: 'strictEqual'\n}\n\nNode.js v22.0.0-pre"},"time":6081.629,"fullname":"wasi/test-wasi","closingTestPoint":false}},{"testName":"parallel/test-child-process-fork-net","timestamp":1708631317144,"status":"REGRESSION","jobName":"node-test-binary-windows-js-suites","config":"node-test-binary-windows-js-suites » 1,win2016-COMPILED_BY-vs2022-x86 #25998","buildUrl":"https://ci.nodejs.org/job/node-test-binary-windows-js-suites/RUN_SUBSET=1,nodes=win2016-COMPILED_BY-vs2022-x86/25998/","buildNumber":25998,"builtOn":"test-azure_msft-win2016_vs2017-x64-2","nodeVersion":"22.0.0","commitHash":"ff2b6748838d26283c1e0a98db2e30e34c1dd996","callStack":[{"upstreamBuild":60906,"upstreamProject":"node-test-commit-windows-fanned","upstreamUrl":"job/node-test-commit-windows-fanned/"},{"upstreamBuild":68583,"upstreamProject":"node-test-commit","upstreamUrl":"job/node-test-commit/"},{"upstreamBuild":57302,"upstreamProject":"node-test-pull-request","upstreamUrl":"job/node-test-pull-request/"},{"prId":"51736"}],"tap":{"ok":false,"name":"parallel/test-child-process-fork-net","id":106,"buffered":false,"tapError":null,"skip":false,"todo":false,"previous":null,"plan":null,"diag":{"severity":"fail","exitcode":1,"stack":"Mismatched <anonymous> function calls. Expected exactly 1, actual 4.\n    at mustCall (C:\\workspace\\node-test-binary-windows-js-suites\\node\\test\\common\\index.js:431:10)\n    at Object.<anonymous> (C:\\workspace\\node-test-binary-windows-js-suites\\node\\test\\parallel\\test-child-process-fork-net.js:38:25)\n    at Module._compile (node:internal/modules/cjs/loader:1368:14)\n    at Module._extensions..js (node:internal/modules/cjs/loader:1426:10)\n    at Module.load (node:internal/modules/cjs/loader:1205:32)\n    at Module._load (node:internal/modules/cjs/loader:1021:12)\n    at Function.executeUserEntryPoint [as runMain] (node:internal/modules/run_main:142:12)\n    at node:internal/main/run_main_module:28:49\nMismatched <anonymous> function calls. Expected exactly 1, actual 4.\n    at mustCall (C:\\workspace\\node-test-binary-windows-js-suites\\node\\test\\common\\index.js:431:10)\n    at Object.<anonymous> (C:\\workspace\\node-test-binary-windows-js-suites\\node\\test\\parallel\\test-child-process-fork-net.js:70:25)\n    at Module._compile (node:internal/modules/cjs/loader:1368:14)\n    at Module._extensions..js (node:internal/modules/cjs/loader:1426:10)\n    at Module.load (node:internal/modules/cjs/loader:1205:32)\n    at Module._load (node:internal/modules/cjs/loader:1021:12)\n    at Function.executeUserEntryPoint [as runMain] (node:internal/modules/run_main:142:12)\n    at node:internal/main/run_main_module:28:49\nMismatched <anonymous> function calls. Expected at least 1, actual 0.\n    at mustCallAtLeast (C:\\workspace\\node-test-binary-windows-js-suites\\node\\test\\common\\index.js:443:10)\n    at process.<anonymous> (C:\\workspace\\node-test-binary-windows-js-suites\\node\\test\\parallel\\test-child-process-fork-net.js:48:23)\n    at process.<anonymous> (C:\\workspace\\node-test-binary-windows-js-suites\\node\\test\\common\\index.js:473:15)\n    at process.emit (node:events:531:35)\n    at emit (node:internal/child_process:951:14)\n    at process.processTicksAndRejections (node:internal/process/task_queues:83:21)\nMismatched <anonymous> function calls. Expected at least 1, actual 0.\n    at mustCallAtLeast (C:\\workspace\\node-test-binary-windows-js-suites\\node\\test\\common\\index.js:443:10)\n    at process.<anonymous> (C:\\workspace\\node-test-binary-windows-js-suites\\node\\test\\parallel\\test-child-process-fork-net.js:48:23)\n    at process.<anonymous> (C:\\workspace\\node-test-binary-windows-js-suites\\node\\test\\common\\index.js:473:15)\n    at process.emit (node:events:531:35)\n    at emit (node:internal/child_process:951:14)\n    at process.processTicksAndRejections (node:internal/process/task_queues:83:21)\nMismatched <anonymous> function calls. Expected at least 1, actual 0.\n    at mustCallAtLeast (C:\\workspace\\node-test-binary-windows-js-suites\\node\\test\\common\\index.js:443:10)\n    at process.<anonymous> (C:\\workspace\\node-test-binary-windows-js-suites\\node\\test\\parallel\\test-child-process-fork-net.js:48:23)\n    at process.<anonymous> (C:\\workspace\\node-test-binary-windows-js-suites\\node\\test\\common\\index.js:473:15)\n    at process.emit (node:events:531:35)\n    at emit (node:internal/child_process:951:14)\n    at process.processTicksAndRejections (node:internal/process/task_queues:83:21)\nMismatched <anonymous> function calls. Expected at least 1, actual 0.\n    at mustCallAtLeast (C:\\workspace\\node-test-binary-windows-js-suites\\node\\test\\common\\index.js:443:10)\n    at process.<anonymous> (C:\\workspace\\node-test-binary-windows-js-suites\\node\\test\\parallel\\test-child-process-fork-net.js:48:23)\n    at process.<anonymous> (C:\\workspace\\node-test-binary-windows-js-suites\\node\\test\\common\\index.js:473:15)\n    at process.emit (node:events:531:35)\n    at emit (node:internal/child_process:951:14)\n    at process.processTicksAndRejections (node:internal/process/task_queues:83:21)\nnode:events:497\n      throw er; // Unhandled 'error' event\n      ^\n\nError: kill EPERM\n    at ChildProcess.kill (node:internal/child_process:512:26)\n    at Server.<anonymous> (C:\\workspace\\node-test-binary-windows-js-suites\\node\\test\\parallel\\test-child-process-fork-net.js:151:12)\n    at Server.<anonymous> (C:\\workspace\\node-test-binary-windows-js-suites\\node\\test\\common\\index.js:473:15)\n    at Server.emit (node:events:519:28)\n    at emitCloseNT (node:net:2300:8)\n    at process.processTicksAndRejections (node:internal/process/task_queues:81:21)\nEmitted 'error' event on ChildProcess instance at:\n    at ChildProcess.kill (node:internal/child_process:512:12)\n    at Server.<anonymous> (C:\\workspace\\node-test-binary-windows-js-suites\\node\\test\\parallel\\test-child-process-fork-net.js:151:12)\n    [... lines matching original stack trace ...]\n    at process.processTicksAndRejections (node:internal/process/task_queues:81:21) {\n  errno: -4048,\n  code: 'EPERM',\n  syscall: 'kill'\n}\n\nNode.js v22.0.0-pre"},"time":529.008,"fullname":"parallel/test-child-process-fork-net","closingTestPoint":false}}]}