{"failedTests":[{"testName":"wasi/test-wasi-poll","timestamp":1709053642765,"status":"FAILED","jobName":"node-test-binary-windows-js-suites","config":"node-test-binary-windows-js-suites » 2,win11-arm64-COMPILED_BY-vs2022-arm64 #26172","buildUrl":"https://ci.nodejs.org/job/node-test-binary-windows-js-suites/RUN_SUBSET=2,nodes=win11-arm64-COMPILED_BY-vs2022-arm64/26172/","buildNumber":26172,"builtOn":"test-azure_msft-win11_vs2022-arm64-5","nodeVersion":"22.0.0","commitHash":"e69bbcebcf385e75b42a4cdc078268c3b1583bac","callStack":[{"upstreamBuild":61089,"upstreamProject":"node-test-commit-windows-fanned","upstreamUrl":"job/node-test-commit-windows-fanned/"},{"upstreamBuild":68767,"upstreamProject":"node-test-commit","upstreamUrl":"job/node-test-commit/"},{"upstreamBuild":57467,"upstreamProject":"node-test-pull-request","upstreamUrl":"job/node-test-pull-request/"},{"prId":"51898"}],"tap":{"ok":false,"name":"wasi/test-wasi-poll","id":913,"buffered":false,"tapError":null,"skip":false,"todo":": Fix flaky test","previous":null,"plan":null,"diag":{"severity":"flaky","exitcode":1,"stack":"Testing with --turbo-fast-api-calls: poll\n[process 10536]: --- stderr ---\n(node:10536) ExperimentalWarning: WASI is an experimental feature and might change at any time\n(Use `node --trace-warnings ...` to show where the warning was created)\n\n[process 10536]: --- stdout ---\n\n[process 10536]: status = 3221225477, signal = null\nd:\\workspace\\node-test-binary-windows-js-suites\\node\\test\\common\\child_process.js:86\n    throw new Error(`${failures.join('\\n')}`);\n    ^\n\nError: - process terminated with status 3221225477, expected 0\n    at logAndThrow (d:\\workspace\\node-test-binary-windows-js-suites\\node\\test\\common\\child_process.js:86:11)\n    at expectSyncExit (d:\\workspace\\node-test-binary-windows-js-suites\\node\\test\\common\\child_process.js:91:5)\n    at spawnSyncAndExitWithoutError (d:\\workspace\\node-test-binary-windows-js-suites\\node\\test\\common\\child_process.js:125:10)\n    at testWasiPreview1 (d:\\workspace\\node-test-binary-windows-js-suites\\node\\test\\common\\wasi.js:18:3)\n    at Object.<anonymous> (d:\\workspace\\node-test-binary-windows-js-suites\\node\\test\\wasi\\test-wasi-poll.js:5:1)\n    at Module._compile (node:internal/modules/cjs/loader:1368:14)\n    at Module._extensions..js (node:internal/modules/cjs/loader:1426:10)\n    at Module.load (node:internal/modules/cjs/loader:1205:32)\n    at Module._load (node:internal/modules/cjs/loader:1021:12)\n    at Function.executeUserEntryPoint [as runMain] (node:internal/modules/run_main:142:12)\n\nNode.js v22.0.0-pre"},"time":591.994,"fullname":"wasi/test-wasi-poll","closingTestPoint":false}},{"testName":"parallel/test-child-process-exec-maxbuf","timestamp":1709053642765,"status":"REGRESSION","jobName":"node-test-binary-windows-js-suites","config":"node-test-binary-windows-js-suites » 1,win2019-COMPILED_BY-vs2022 #26172","buildUrl":"https://ci.nodejs.org/job/node-test-binary-windows-js-suites/RUN_SUBSET=1,nodes=win2019-COMPILED_BY-vs2022/26172/","buildNumber":26172,"builtOn":"test-rackspace-win2019_vs2019-x64-2","nodeVersion":"22.0.0","commitHash":"e69bbcebcf385e75b42a4cdc078268c3b1583bac","callStack":[{"upstreamBuild":61089,"upstreamProject":"node-test-commit-windows-fanned","upstreamUrl":"job/node-test-commit-windows-fanned/"},{"upstreamBuild":68767,"upstreamProject":"node-test-commit","upstreamUrl":"job/node-test-commit/"},{"upstreamBuild":57467,"upstreamProject":"node-test-pull-request","upstreamUrl":"job/node-test-pull-request/"},{"prId":"51898"}],"tap":{"ok":false,"name":"parallel/test-child-process-exec-maxbuf","id":98,"buffered":false,"tapError":null,"skip":false,"todo":false,"previous":null,"plan":null,"diag":{"severity":"fail","exitcode":1,"stack":"node:internal/child_process:421\n    throw new ErrnoException(err, 'spawn');\n    ^\n\nError: spawn UNKNOWN\n    at ChildProcess.spawn (node:internal/child_process:421:11)\n    at spawn (node:child_process:761:9)\n    at Object.execFile (node:child_process:351:17)\n    at Object.exec (node:child_process:234:25)\n    at Object.<anonymous> (C:\\workspace\\node-test-binary-windows-js-suites\\node\\test\\parallel\\test-child-process-exec-maxbuf.js:40:6)\n    at Module._compile (node:internal/modules/cjs/loader:1368:14)\n    at Module._extensions..js (node:internal/modules/cjs/loader:1426:10)\n    at Module.load (node:internal/modules/cjs/loader:1205:32)\n    at Module._load (node:internal/modules/cjs/loader:1021:12)\n    at Function.executeUserEntryPoint [as runMain] (node:internal/modules/run_main:142:12) {\n  errno: -4094,\n  code: 'UNKNOWN',\n  syscall: 'spawn'\n}\n\nNode.js v22.0.0-pre"},"time":531.006,"fullname":"parallel/test-child-process-exec-maxbuf","closingTestPoint":false}},{"testName":"parallel/test-child-process-exec-encoding","timestamp":1709053642765,"status":"REGRESSION","jobName":"node-test-binary-windows-js-suites","config":"node-test-binary-windows-js-suites » 1,win2019-COMPILED_BY-vs2022 #26172","buildUrl":"https://ci.nodejs.org/job/node-test-binary-windows-js-suites/RUN_SUBSET=1,nodes=win2019-COMPILED_BY-vs2022/26172/","buildNumber":26172,"builtOn":"test-rackspace-win2019_vs2019-x64-2","nodeVersion":"22.0.0","commitHash":"e69bbcebcf385e75b42a4cdc078268c3b1583bac","callStack":[{"upstreamBuild":61089,"upstreamProject":"node-test-commit-windows-fanned","upstreamUrl":"job/node-test-commit-windows-fanned/"},{"upstreamBuild":68767,"upstreamProject":"node-test-commit","upstreamUrl":"job/node-test-commit/"},{"upstreamBuild":57467,"upstreamProject":"node-test-pull-request","upstreamUrl":"job/node-test-pull-request/"},{"prId":"51898"}],"tap":{"ok":false,"name":"parallel/test-child-process-exec-encoding","id":99,"buffered":false,"tapError":null,"skip":false,"todo":false,"previous":null,"plan":null,"diag":{"severity":"fail","exitcode":1,"stack":"node:assert:1000\n    throw newErr;\n    ^\n\nAssertionError [ERR_ASSERTION]: ifError got unwanted exception: Command failed: \"C:\\workspace\\node-test-binary-windows-js-suites\\node\\Release\\node.exe\" \"C:\\workspace\\node-test-binary-windows-js-suites\\node\\test\\parallel\\test-child-process-exec-encoding.js\" child\nThe system cannot execute the specified program.\n\n\n    at C:\\workspace\\node-test-binary-windows-js-suites\\node\\test\\common\\index.js:436:12\n    at C:\\workspace\\node-test-binary-windows-js-suites\\node\\test\\common\\index.js:473:15\n    at ChildProcess.exithandler (node:child_process:430:5)\n    at genericNodeError (node:internal/errors:984:15)\n    at wrappedFn (node:internal/errors:538:14)\n    at ChildProcess.exithandler (node:child_process:422:12)\n    at ChildProcess.emit (node:events:519:28)\n    at maybeClose (node:internal/child_process:1105:16)\n    at ChildProcess._handle.onexit (node:internal/child_process:305:5) {\n  generatedMessage: false,\n  code: 'ERR_ASSERTION',\n  actual: Error: Command failed: \"C:\\workspace\\node-test-binary-windows-js-suites\\node\\Release\\node.exe\" \"C:\\workspace\\node-test-binary-windows-js-suites\\node\\test\\parallel\\test-child-process-exec-encoding.js\" child\n  The system cannot execute the specified program.\n\n  \n      at genericNodeError (node:internal/errors:984:15)\n      at wrappedFn (node:internal/errors:538:14)\n      at ChildProcess.exithandler (node:child_process:422:12)\n      at ChildProcess.emit (node:events:519:28)\n      at maybeClose (node:internal/child_process:1105:16)\n      at ChildProcess._handle.onexit (node:internal/child_process:305:5) {\n    code: 1,\n    killed: false,\n    signal: null,\n    cmd: '\"C:\\\\workspace\\\\node-test-binary-windows-js-suites\\\\node\\\\Release\\\\node.exe\" \"C:\\\\workspace\\\\node-test-binary-windows-js-suites\\\\node\\\\test\\\\parallel\\\\test-child-process-exec-encoding.js\" child'\n  },\n  expected: null,\n  operator: 'ifError'\n}\n\nNode.js v22.0.0-pre"},"time":697.012,"fullname":"parallel/test-child-process-exec-encoding","closingTestPoint":false}},{"testName":"parallel/test-child-process-exec-timeout-kill","timestamp":1709053642765,"status":"REGRESSION","jobName":"node-test-binary-windows-js-suites","config":"node-test-binary-windows-js-suites » 1,win2019-COMPILED_BY-vs2022 #26172","buildUrl":"https://ci.nodejs.org/job/node-test-binary-windows-js-suites/RUN_SUBSET=1,nodes=win2019-COMPILED_BY-vs2022/26172/","buildNumber":26172,"builtOn":"test-rackspace-win2019_vs2019-x64-2","nodeVersion":"22.0.0","commitHash":"e69bbcebcf385e75b42a4cdc078268c3b1583bac","callStack":[{"upstreamBuild":61089,"upstreamProject":"node-test-commit-windows-fanned","upstreamUrl":"job/node-test-commit-windows-fanned/"},{"upstreamBuild":68767,"upstreamProject":"node-test-commit","upstreamUrl":"job/node-test-commit/"},{"upstreamBuild":57467,"upstreamProject":"node-test-pull-request","upstreamUrl":"job/node-test-pull-request/"},{"prId":"51898"}],"tap":{"ok":false,"name":"parallel/test-child-process-exec-timeout-kill","id":101,"buffered":false,"tapError":null,"skip":false,"todo":false,"previous":null,"plan":null,"diag":{"severity":"crashed","exitcode":2147483651,"stack":"\n<--- Last few GCs --->\n\n\n<--- JS stacktrace --->\n\n\n#\n# Fatal JavaScript out of memory: Committing semi space failed.\n#"},"time":699.004,"fullname":"parallel/test-child-process-exec-timeout-kill","closingTestPoint":false}},{"testName":"parallel/test-buffer-constructor-node-modules-paths","timestamp":1709053642765,"status":"REGRESSION","jobName":"node-test-binary-windows-js-suites","config":"node-test-binary-windows-js-suites » 1,win2019-COMPILED_BY-vs2022 #26172","buildUrl":"https://ci.nodejs.org/job/node-test-binary-windows-js-suites/RUN_SUBSET=1,nodes=win2019-COMPILED_BY-vs2022/26172/","buildNumber":26172,"builtOn":"test-rackspace-win2019_vs2019-x64-2","nodeVersion":"22.0.0","commitHash":"e69bbcebcf385e75b42a4cdc078268c3b1583bac","callStack":[{"upstreamBuild":61089,"upstreamProject":"node-test-commit-windows-fanned","upstreamUrl":"job/node-test-commit-windows-fanned/"},{"upstreamBuild":68767,"upstreamProject":"node-test-commit","upstreamUrl":"job/node-test-commit/"},{"upstreamBuild":57467,"upstreamProject":"node-test-pull-request","upstreamUrl":"job/node-test-pull-request/"},{"prId":"51898"}],"tap":{"ok":false,"name":"parallel/test-buffer-constructor-node-modules-paths","id":103,"buffered":false,"tapError":null,"skip":false,"todo":false,"previous":null,"plan":null,"diag":{"severity":"fail","exitcode":1,"stack":"node:assert:126\n  throw new AssertionError(obj);\n  ^\n\nAssertionError [ERR_ASSERTION]: Expected values to be strictly equal:\n+ actual - expected\n\n+ '<--- Last few GCs --->\\r\\n' +\n+   '\\r\\n' +\n+   '\\r\\n' +\n+   '<--- JS stacktrace --->\\r\\n' +\n+   '\\r\\n' +\n+   '\\r\\n' +\n+   '#\\r\\n' +\n+   '# Fatal JavaScript out of memory: Committing semi space failed.\\r\\n' +\n+   '#'\n- ''\n    at test (C:\\workspace\\node-test-binary-windows-js-suites\\node\\test\\parallel\\test-buffer-constructor-node-modules-paths.js:20:12)\n    at Object.<anonymous> (C:\\workspace\\node-test-binary-windows-js-suites\\node\\test\\parallel\\test-buffer-constructor-node-modules-paths.js:28:1)\n    at Module._compile (node:internal/modules/cjs/loader:1368:14)\n    at Module._extensions..js (node:internal/modules/cjs/loader:1426:10)\n    at Module.load (node:internal/modules/cjs/loader:1205:32)\n    at Module._load (node:internal/modules/cjs/loader:1021:12)\n    at Function.executeUserEntryPoint [as runMain] (node:internal/modules/run_main:142:12)\n    at node:internal/main/run_main_module:28:49 {\n  generatedMessage: true,\n  code: 'ERR_ASSERTION',\n  actual: '<--- Last few GCs --->\\r\\n' +\n    '\\r\\n' +\n    '\\r\\n' +\n    '<--- JS stacktrace --->\\r\\n' +\n    '\\r\\n' +\n    '\\r\\n' +\n    '#\\r\\n' +\n    '# Fatal JavaScript out of memory: Committing semi space failed.\\r\\n' +\n    '#',\n  expected: '',\n  operator: 'strictEqual'\n}\n\nNode.js v22.0.0-pre"},"time":2038.005,"fullname":"parallel/test-buffer-constructor-node-modules-paths","closingTestPoint":false}},{"testName":"parallel/test-child-process-execfile","timestamp":1709053642765,"status":"REGRESSION","jobName":"node-test-binary-windows-js-suites","config":"node-test-binary-windows-js-suites » 1,win2019-COMPILED_BY-vs2022 #26172","buildUrl":"https://ci.nodejs.org/job/node-test-binary-windows-js-suites/RUN_SUBSET=1,nodes=win2019-COMPILED_BY-vs2022/26172/","buildNumber":26172,"builtOn":"test-rackspace-win2019_vs2019-x64-2","nodeVersion":"22.0.0","commitHash":"e69bbcebcf385e75b42a4cdc078268c3b1583bac","callStack":[{"upstreamBuild":61089,"upstreamProject":"node-test-commit-windows-fanned","upstreamUrl":"job/node-test-commit-windows-fanned/"},{"upstreamBuild":68767,"upstreamProject":"node-test-commit","upstreamUrl":"job/node-test-commit/"},{"upstreamBuild":57467,"upstreamProject":"node-test-pull-request","upstreamUrl":"job/node-test-pull-request/"},{"prId":"51898"}],"tap":{"ok":false,"name":"parallel/test-child-process-execfile","id":105,"buffered":false,"tapError":null,"skip":false,"todo":false,"previous":null,"plan":null,"diag":{"severity":"crashed","exitcode":2147483651,"stack":"\n<--- Last few GCs --->\n\n\n<--- JS stacktrace --->\n\n\n#\n# Fatal JavaScript out of memory: Committing semi space failed.\n#"},"time":658.023,"fullname":"parallel/test-child-process-execfile","closingTestPoint":false}},{"testName":"parallel/test-runner-watch-mode","timestamp":1709053642765,"status":"FAILED","jobName":"node-test-binary-windows-js-suites","config":"node-test-binary-windows-js-suites » 1,win2016-COMPILED_BY-vs2022-x86 #26172","buildUrl":"https://ci.nodejs.org/job/node-test-binary-windows-js-suites/RUN_SUBSET=1,nodes=win2016-COMPILED_BY-vs2022-x86/26172/","buildNumber":26172,"builtOn":"test-azure_msft-win2016_vs2017-x64-1","nodeVersion":"22.0.0","commitHash":"e69bbcebcf385e75b42a4cdc078268c3b1583bac","callStack":[{"upstreamBuild":61089,"upstreamProject":"node-test-commit-windows-fanned","upstreamUrl":"job/node-test-commit-windows-fanned/"},{"upstreamBuild":68767,"upstreamProject":"node-test-commit","upstreamUrl":"job/node-test-commit/"},{"upstreamBuild":57467,"upstreamProject":"node-test-pull-request","upstreamUrl":"job/node-test-pull-request/"},{"prId":"51898"}],"tap":{"ok":false,"name":"parallel/test-runner-watch-mode","id":701,"buffered":false,"tapError":null,"skip":false,"todo":": Fix flaky test","previous":null,"plan":null,"diag":{"severity":"flaky","exitcode":1,"stack":"TAP version 13\n# Subtest: test runner watch mode\n    # Subtest: should run tests repeatedly\n    ok 1 - should run tests repeatedly\n      ---\n      duration_ms: 1755.2781\n      ...\n    # Subtest: should run tests with dependency repeatedly\n    ok 2 - should run tests with dependency repeatedly\n      ---\n      duration_ms: 1578.5474\n      ...\n    # Subtest: should run tests with ESM dependency\n    ok 3 - should run tests with ESM dependency\n      ---\n      duration_ms: 1588.7322\n      ...\n    # Subtest: should support running tests without a file\n    ok 4 - should support running tests without a file\n      ---\n      duration_ms: 1563.7392\n      ...\n    1..4\nok 1 - test runner watch mode\n  ---\n  duration_ms: 6489.9041\n  type: 'suite'\n  ...\n1..1\n# tests 4\n# suites 1\n# pass 4\n# fail 0\n# cancelled 0\n# skipped 0\n# todo 0\n# duration_ms 6549.6358\nCan't clean tmpdir: C:\\workspace\\node-test-binary-windows-js-suites\\node\\test\\.tmp.658\nFiles blocking: [ 'dependency.js', 'dependency.mjs', 'test.js' ]\n\nC:\\workspace\\node-test-binary-windows-js-suites\\node\\test\\common\\tmpdir.js:69\n    throw e;\n    ^\n\nError: EBUSY: resource busy or locked, rmdir 'C:\\workspace\\node-test-binary-windows-js-suites\\node\\test\\.tmp.658'\n    at rmdirSync (node:fs:1216:11)\n    at _rmdirSync (node:internal/fs/rimraf:235:5)\n    at rimrafSync (node:internal/fs/rimraf:193:7)\n    at Object.rmSync (node:fs:1265:10)\n    at rmSync (C:\\workspace\\node-test-binary-windows-js-suites\\node\\test\\common\\tmpdir.js:20:8)\n    at onexit (C:\\workspace\\node-test-binary-windows-js-suites\\node\\test\\common\\tmpdir.js:54:5)\n    at process.<anonymous> (C:\\workspace\\node-test-binary-windows-js-suites\\node\\test\\common\\tmpdir.js:43:14)\n    at process.emit (node:events:531:35) {\n  errno: -4082,\n  code: 'EBUSY',\n  syscall: 'rmdir',\n  path: 'C:\\\\workspace\\\\node-test-binary-windows-js-suites\\\\node\\\\test\\\\.tmp.658'\n}\n\nNode.js v22.0.0-pre"},"time":7284.076,"fullname":"parallel/test-runner-watch-mode","closingTestPoint":false}}]}