{"failedTests":[{"testName":"sequential/test-http2-large-file","timestamp":1709234159905,"status":"FAILED","jobName":"node-test-binary-windows-js-suites","config":"node-test-binary-windows-js-suites » 3,win2022-COMPILED_BY-vs2022 #26213","buildUrl":"https://ci.nodejs.org/job/node-test-binary-windows-js-suites/RUN_SUBSET=3,nodes=win2022-COMPILED_BY-vs2022/26213/","buildNumber":26213,"builtOn":"test-rackspace-win2022_vs2022-x64-6","nodeVersion":"22.0.0","commitHash":"d78f663515fa367f81198dde4625b7258afa52c8","callStack":[{"upstreamBuild":61133,"upstreamProject":"node-test-commit-windows-fanned","upstreamUrl":"job/node-test-commit-windows-fanned/"},{"upstreamBuild":68818,"upstreamProject":"node-test-commit","upstreamUrl":"job/node-test-commit/"},{"upstreamBuild":57511,"upstreamProject":"node-test-pull-request","upstreamUrl":"job/node-test-pull-request/"},{"prId":"51898"}],"tap":{"ok":false,"name":"sequential/test-http2-large-file","id":954,"buffered":false,"tapError":null,"skip":false,"todo":": Fix flaky test","previous":null,"plan":null,"diag":{"severity":"fail","exitcode":1,"stack":"timeout"},"time":120190.417,"fullname":"sequential/test-http2-large-file","closingTestPoint":false}},{"testName":"sequential/test-single-executable-application-snapshot","timestamp":1709234159905,"status":"FAILED","jobName":"node-test-binary-windows-js-suites","config":"node-test-binary-windows-js-suites » 1,win2016-COMPILED_BY-vs2022-x86 #26213","buildUrl":"https://ci.nodejs.org/job/node-test-binary-windows-js-suites/RUN_SUBSET=1,nodes=win2016-COMPILED_BY-vs2022-x86/26213/","buildNumber":26213,"builtOn":"test-rackspace-win2016_vs2015-x64-1","nodeVersion":"22.0.0","commitHash":"d78f663515fa367f81198dde4625b7258afa52c8","callStack":[{"upstreamBuild":61133,"upstreamProject":"node-test-commit-windows-fanned","upstreamUrl":"job/node-test-commit-windows-fanned/"},{"upstreamBuild":68818,"upstreamProject":"node-test-commit","upstreamUrl":"job/node-test-commit/"},{"upstreamBuild":57511,"upstreamProject":"node-test-pull-request","upstreamUrl":"job/node-test-pull-request/"},{"prId":"51898"}],"tap":{"ok":false,"name":"sequential/test-single-executable-application-snapshot","id":964,"buffered":false,"tapError":null,"skip":false,"todo":": Fix flaky test","previous":null,"plan":null,"diag":{"severity":"flaky","exitcode":1,"stack":"[process 8928]: --- stderr ---\nAborted()\n\n[process 8928]: --- stdout ---\n\u001b[36mStart injection of NODE_SEA_BLOB in C:\\workspace\\node-test-binary-windows-js-suites\\node\\test\\.tmp.963\\sea.exe...\u001b[0m\n\u001b[31mError: Aborted(). Build with -sASSERTIONS for more info.\u001b[0m\n\n[process 8928]: status = 1, signal = null\nC:\\workspace\\node-test-binary-windows-js-suites\\node\\test\\common\\child_process.js:86\n    throw new Error(`${failures.join('\\n')}`);\n    ^\n\nError: - process terminated with status 1, expected 0\n    at logAndThrow (C:\\workspace\\node-test-binary-windows-js-suites\\node\\test\\common\\child_process.js:86:11)\n    at expectSyncExit (C:\\workspace\\node-test-binary-windows-js-suites\\node\\test\\common\\child_process.js:91:5)\n    at spawnSyncAndExitWithoutError (C:\\workspace\\node-test-binary-windows-js-suites\\node\\test\\common\\child_process.js:125:10)\n    at injectAndCodeSign (C:\\workspace\\node-test-binary-windows-js-suites\\node\\test\\common\\sea.js:59:3)\n    at Object.<anonymous> (C:\\workspace\\node-test-binary-windows-js-suites\\node\\test\\sequential\\test-single-executable-application-snapshot.js:89:3)\n    at Module._compile (node:internal/modules/cjs/loader:1368:14)\n    at Module._extensions..js (node:internal/modules/cjs/loader:1426:10)\n    at Module.load (node:internal/modules/cjs/loader:1205:32)\n    at Module._load (node:internal/modules/cjs/loader:1021:12)\n    at Function.executeUserEntryPoint [as runMain] (node:internal/modules/run_main:142:12)\n\nNode.js v22.0.0-pre"},"time":27322.842,"fullname":"sequential/test-single-executable-application-snapshot","closingTestPoint":false}},{"testName":"wasi/test-wasi-poll","timestamp":1709234159905,"status":"FAILED","jobName":"node-test-binary-windows-js-suites","config":"node-test-binary-windows-js-suites » 0,win11-arm64-COMPILED_BY-vs2022-arm64 #26213","buildUrl":"https://ci.nodejs.org/job/node-test-binary-windows-js-suites/RUN_SUBSET=0,nodes=win11-arm64-COMPILED_BY-vs2022-arm64/26213/","buildNumber":26213,"builtOn":"test-azure_msft-win11_vs2022-arm64-1","nodeVersion":"22.0.0","commitHash":"d78f663515fa367f81198dde4625b7258afa52c8","callStack":[{"upstreamBuild":61133,"upstreamProject":"node-test-commit-windows-fanned","upstreamUrl":"job/node-test-commit-windows-fanned/"},{"upstreamBuild":68818,"upstreamProject":"node-test-commit","upstreamUrl":"job/node-test-commit/"},{"upstreamBuild":57511,"upstreamProject":"node-test-pull-request","upstreamUrl":"job/node-test-pull-request/"},{"prId":"51898"}],"tap":{"ok":false,"name":"wasi/test-wasi-poll","id":914,"buffered":false,"tapError":null,"skip":false,"todo":": Fix flaky test","previous":null,"plan":null,"diag":{"severity":"flaky","exitcode":1,"stack":"Testing with --turbo-fast-api-calls: poll\n[process 12180]: --- stderr ---\n(node:12180) ExperimentalWarning: WASI is an experimental feature and might change at any time\n(Use `node --trace-warnings ...` to show where the warning was created)\n\n[process 12180]: --- stdout ---\n\n[process 12180]: status = 3221225477, signal = null\nd:\\workspace\\node-test-binary-windows-js-suites\\node\\test\\common\\child_process.js:86\n    throw new Error(`${failures.join('\\n')}`);\n    ^\n\nError: - process terminated with status 3221225477, expected 0\n    at logAndThrow (d:\\workspace\\node-test-binary-windows-js-suites\\node\\test\\common\\child_process.js:86:11)\n    at expectSyncExit (d:\\workspace\\node-test-binary-windows-js-suites\\node\\test\\common\\child_process.js:91:5)\n    at spawnSyncAndExitWithoutError (d:\\workspace\\node-test-binary-windows-js-suites\\node\\test\\common\\child_process.js:125:10)\n    at testWasiPreview1 (d:\\workspace\\node-test-binary-windows-js-suites\\node\\test\\common\\wasi.js:18:3)\n    at Object.<anonymous> (d:\\workspace\\node-test-binary-windows-js-suites\\node\\test\\wasi\\test-wasi-poll.js:5:1)\n    at Module._compile (node:internal/modules/cjs/loader:1368:14)\n    at Module._extensions..js (node:internal/modules/cjs/loader:1426:10)\n    at Module.load (node:internal/modules/cjs/loader:1205:32)\n    at Module._load (node:internal/modules/cjs/loader:1021:12)\n    at Function.executeUserEntryPoint [as runMain] (node:internal/modules/run_main:142:12)\n\nNode.js v22.0.0-pre"},"time":651.996,"fullname":"wasi/test-wasi-poll","closingTestPoint":false}},{"testName":"sequential/test-http2-large-file","timestamp":1709234159905,"status":"FAILED","jobName":"node-test-binary-windows-js-suites","config":"node-test-binary-windows-js-suites » 3,win2019-COMPILED_BY-vs2022 #26213","buildUrl":"https://ci.nodejs.org/job/node-test-binary-windows-js-suites/RUN_SUBSET=3,nodes=win2019-COMPILED_BY-vs2022/26213/","buildNumber":26213,"builtOn":"test-rackspace-win2019_vs2019-x64-2","nodeVersion":"22.0.0","commitHash":"d78f663515fa367f81198dde4625b7258afa52c8","callStack":[{"upstreamBuild":61133,"upstreamProject":"node-test-commit-windows-fanned","upstreamUrl":"job/node-test-commit-windows-fanned/"},{"upstreamBuild":68818,"upstreamProject":"node-test-commit","upstreamUrl":"job/node-test-commit/"},{"upstreamBuild":57511,"upstreamProject":"node-test-pull-request","upstreamUrl":"job/node-test-pull-request/"},{"prId":"51898"}],"tap":{"ok":false,"name":"sequential/test-http2-large-file","id":954,"buffered":false,"tapError":null,"skip":false,"todo":": Fix flaky test","previous":null,"plan":null,"diag":{"severity":"fail","exitcode":1,"stack":"timeout"},"time":120200.615,"fullname":"sequential/test-http2-large-file","closingTestPoint":false}}]}