{"failedTests":[{"testName":"wasi/test-wasi-poll","timestamp":1709460778720,"status":"FAILED","jobName":"node-test-binary-windows-js-suites","config":"node-test-binary-windows-js-suites » 1,win11-arm64-COMPILED_BY-vs2022-arm64 #26268","buildUrl":"https://ci.nodejs.org/job/node-test-binary-windows-js-suites/RUN_SUBSET=1,nodes=win11-arm64-COMPILED_BY-vs2022-arm64/26268/","buildNumber":26268,"builtOn":"test-azure_msft-win11_vs2022-arm64-2","nodeVersion":"22.0.0","commitHash":"8d2ad833d2b2d5e33a601ab7d6109fabab7b4714","callStack":[{"upstreamBuild":61192,"upstreamProject":"node-test-commit-windows-fanned","upstreamUrl":"job/node-test-commit-windows-fanned/"},{"upstreamBuild":68876,"upstreamProject":"node-test-commit","upstreamUrl":"job/node-test-commit/"},{"upstreamBuild":57561,"upstreamProject":"node-test-pull-request","upstreamUrl":"job/node-test-pull-request/"},{"prId":"51948"}],"tap":{"ok":false,"name":"wasi/test-wasi-poll","id":914,"buffered":false,"tapError":null,"skip":false,"todo":": Fix flaky test","previous":null,"plan":null,"diag":{"severity":"flaky","exitcode":1,"stack":"Testing with --turbo-fast-api-calls: poll\n[process 3896]: --- stderr ---\n(node:3896) ExperimentalWarning: WASI is an experimental feature and might change at any time\n(Use `node --trace-warnings ...` to show where the warning was created)\n\n[process 3896]: --- stdout ---\n\n[process 3896]: status = 3221225477, signal = null\nd:\\workspace\\node-test-binary-windows-js-suites\\node\\test\\common\\child_process.js:86\n    throw new Error(`${failures.join('\\n')}`);\n    ^\n\nError: - process terminated with status 3221225477, expected 0\n    at logAndThrow (d:\\workspace\\node-test-binary-windows-js-suites\\node\\test\\common\\child_process.js:86:11)\n    at expectSyncExit (d:\\workspace\\node-test-binary-windows-js-suites\\node\\test\\common\\child_process.js:91:5)\n    at spawnSyncAndExitWithoutError (d:\\workspace\\node-test-binary-windows-js-suites\\node\\test\\common\\child_process.js:125:10)\n    at testWasiPreview1 (d:\\workspace\\node-test-binary-windows-js-suites\\node\\test\\common\\wasi.js:18:3)\n    at Object.<anonymous> (d:\\workspace\\node-test-binary-windows-js-suites\\node\\test\\wasi\\test-wasi-poll.js:5:1)\n    at Module._compile (node:internal/modules/cjs/loader:1368:14)\n    at Module._extensions..js (node:internal/modules/cjs/loader:1426:10)\n    at Module.load (node:internal/modules/cjs/loader:1205:32)\n    at Module._load (node:internal/modules/cjs/loader:1021:12)\n    at Function.executeUserEntryPoint [as runMain] (node:internal/modules/run_main:142:12)\n\nNode.js v22.0.0-pre"},"time":537.007,"fullname":"wasi/test-wasi-poll","closingTestPoint":false}},{"testName":"sequential/test-worker-fshandles-error-on-termination","timestamp":1709460778720,"status":"REGRESSION","jobName":"node-test-binary-windows-js-suites","config":"node-test-binary-windows-js-suites » 1,win2016-COMPILED_BY-vs2022-x86 #26268","buildUrl":"https://ci.nodejs.org/job/node-test-binary-windows-js-suites/RUN_SUBSET=1,nodes=win2016-COMPILED_BY-vs2022-x86/26268/","buildNumber":26268,"builtOn":"test-azure_msft-win2016_vs2017-x64-1","nodeVersion":"22.0.0","commitHash":"8d2ad833d2b2d5e33a601ab7d6109fabab7b4714","callStack":[{"upstreamBuild":61192,"upstreamProject":"node-test-commit-windows-fanned","upstreamUrl":"job/node-test-commit-windows-fanned/"},{"upstreamBuild":68876,"upstreamProject":"node-test-commit","upstreamUrl":"job/node-test-commit/"},{"upstreamBuild":57561,"upstreamProject":"node-test-pull-request","upstreamUrl":"job/node-test-pull-request/"},{"prId":"51948"}],"tap":{"ok":false,"name":"sequential/test-worker-fshandles-error-on-termination","id":970,"buffered":false,"tapError":null,"skip":false,"todo":false,"previous":null,"plan":null,"diag":{"severity":"crashed","exitcode":3221225477,"stack":""},"time":352.953,"fullname":"sequential/test-worker-fshandles-error-on-termination","closingTestPoint":false}},{"testName":"parallel/test-child-process-exec-maxbuf","timestamp":1709460778720,"status":"REGRESSION","jobName":"node-test-binary-windows-js-suites","config":"node-test-binary-windows-js-suites » 1,win2019-COMPILED_BY-vs2022 #26268","buildUrl":"https://ci.nodejs.org/job/node-test-binary-windows-js-suites/RUN_SUBSET=1,nodes=win2019-COMPILED_BY-vs2022/26268/","buildNumber":26268,"builtOn":"test-rackspace-win2019_vs2019-x64-1","nodeVersion":"22.0.0","commitHash":"8d2ad833d2b2d5e33a601ab7d6109fabab7b4714","callStack":[{"upstreamBuild":61192,"upstreamProject":"node-test-commit-windows-fanned","upstreamUrl":"job/node-test-commit-windows-fanned/"},{"upstreamBuild":68876,"upstreamProject":"node-test-commit","upstreamUrl":"job/node-test-commit/"},{"upstreamBuild":57561,"upstreamProject":"node-test-pull-request","upstreamUrl":"job/node-test-pull-request/"},{"prId":"51948"}],"tap":{"ok":false,"name":"parallel/test-child-process-exec-maxbuf","id":98,"buffered":false,"tapError":null,"skip":false,"todo":false,"previous":null,"plan":null,"diag":{"severity":"fail","exitcode":1,"stack":"node:internal/child_process:421\n    throw new ErrnoException(err, 'spawn');\n    ^\n\nError: spawn UNKNOWN\n    at ChildProcess.spawn (node:internal/child_process:421:11)\n    at spawn (node:child_process:761:9)\n    at Object.execFile (node:child_process:351:17)\n    at Object.exec (node:child_process:234:25)\n    at Object.<anonymous> (C:\\workspace\\node-test-binary-windows-js-suites\\node\\test\\parallel\\test-child-process-exec-maxbuf.js:40:6)\n    at Module._compile (node:internal/modules/cjs/loader:1368:14)\n    at Module._extensions..js (node:internal/modules/cjs/loader:1426:10)\n    at Module.load (node:internal/modules/cjs/loader:1205:32)\n    at Module._load (node:internal/modules/cjs/loader:1021:12)\n    at Function.executeUserEntryPoint [as runMain] (node:internal/modules/run_main:142:12) {\n  errno: -4094,\n  code: 'UNKNOWN',\n  syscall: 'spawn'\n}\n\nNode.js v22.0.0-pre"},"time":410.993,"fullname":"parallel/test-child-process-exec-maxbuf","closingTestPoint":false}},{"testName":"parallel/test-child-process-exec-encoding","timestamp":1709460778720,"status":"REGRESSION","jobName":"node-test-binary-windows-js-suites","config":"node-test-binary-windows-js-suites » 1,win2019-COMPILED_BY-vs2022 #26268","buildUrl":"https://ci.nodejs.org/job/node-test-binary-windows-js-suites/RUN_SUBSET=1,nodes=win2019-COMPILED_BY-vs2022/26268/","buildNumber":26268,"builtOn":"test-rackspace-win2019_vs2019-x64-1","nodeVersion":"22.0.0","commitHash":"8d2ad833d2b2d5e33a601ab7d6109fabab7b4714","callStack":[{"upstreamBuild":61192,"upstreamProject":"node-test-commit-windows-fanned","upstreamUrl":"job/node-test-commit-windows-fanned/"},{"upstreamBuild":68876,"upstreamProject":"node-test-commit","upstreamUrl":"job/node-test-commit/"},{"upstreamBuild":57561,"upstreamProject":"node-test-pull-request","upstreamUrl":"job/node-test-pull-request/"},{"prId":"51948"}],"tap":{"ok":false,"name":"parallel/test-child-process-exec-encoding","id":99,"buffered":false,"tapError":null,"skip":false,"todo":false,"previous":null,"plan":null,"diag":{"severity":"fail","exitcode":1,"stack":"node:assert:1000\n    throw newErr;\n    ^\n\nAssertionError [ERR_ASSERTION]: ifError got unwanted exception: Command failed: \"C:\\workspace\\node-test-binary-windows-js-suites\\node\\Release\\node.exe\" \"C:\\workspace\\node-test-binary-windows-js-suites\\node\\test\\parallel\\test-child-process-exec-encoding.js\" child\n\n    at C:\\workspace\\node-test-binary-windows-js-suites\\node\\test\\common\\index.js:436:12\n    at C:\\workspace\\node-test-binary-windows-js-suites\\node\\test\\common\\index.js:473:15\n    at ChildProcess.exithandler (node:child_process:430:5)\n    at genericNodeError (node:internal/errors:984:15)\n    at wrappedFn (node:internal/errors:538:14)\n    at ChildProcess.exithandler (node:child_process:422:12)\n    at ChildProcess.emit (node:events:519:28)\n    at maybeClose (node:internal/child_process:1105:16)\n    at ChildProcess._handle.onexit (node:internal/child_process:305:5) {\n  generatedMessage: false,\n  code: 'ERR_ASSERTION',\n  actual: Error: Command failed: \"C:\\workspace\\node-test-binary-windows-js-suites\\node\\Release\\node.exe\" \"C:\\workspace\\node-test-binary-windows-js-suites\\node\\test\\parallel\\test-child-process-exec-encoding.js\" child\n  \n      at genericNodeError (node:internal/errors:984:15)\n      at wrappedFn (node:internal/errors:538:14)\n      at ChildProcess.exithandler (node:child_process:422:12)\n      at ChildProcess.emit (node:events:519:28)\n      at maybeClose (node:internal/child_process:1105:16)\n      at ChildProcess._handle.onexit (node:internal/child_process:305:5) {\n    code: 3221225773,\n    killed: false,\n    signal: null,\n    cmd: '\"C:\\\\workspace\\\\node-test-binary-windows-js-suites\\\\node\\\\Release\\\\node.exe\" \"C:\\\\workspace\\\\node-test-binary-windows-js-suites\\\\node\\\\test\\\\parallel\\\\test-child-process-exec-encoding.js\" child'\n  },\n  expected: null,\n  operator: 'ifError'\n}\n\nNode.js v22.0.0-pre"},"time":582.995,"fullname":"parallel/test-child-process-exec-encoding","closingTestPoint":false}}]}