{"failedTests":[{"testName":"parallel/test-zlib-brotli-16GB","timestamp":1709913036273,"status":"REGRESSION","jobName":"node-test-binary-windows-js-suites","config":"node-test-binary-windows-js-suites » 2,win11-arm64-COMPILED_BY-vs2022-arm64 #26354","buildUrl":"https://ci.nodejs.org/job/node-test-binary-windows-js-suites/RUN_SUBSET=2,nodes=win11-arm64-COMPILED_BY-vs2022-arm64/26354/","buildNumber":26354,"builtOn":"test-azure_msft-win11_vs2022-arm64-5","nodeVersion":"22.0.0","commitHash":"95fa1d32812385bf816570b088774bf3458dae2d","callStack":[{"upstreamBuild":61286,"upstreamProject":"node-test-commit-windows-fanned","upstreamUrl":"job/node-test-commit-windows-fanned/"},{"upstreamBuild":68969,"upstreamProject":"node-test-commit","upstreamUrl":"job/node-test-commit/"},{"upstreamBuild":57633,"upstreamProject":"node-test-pull-request","upstreamUrl":"job/node-test-pull-request/"},{"prId":"50120"}],"tap":{"ok":false,"name":"parallel/test-zlib-brotli-16GB","id":913,"buffered":false,"tapError":null,"skip":false,"todo":false,"previous":null,"plan":null,"diag":{"severity":"fail","exitcode":1,"stack":"node:assert:126\n  throw new AssertionError(obj);\n  ^\n\nAssertionError [ERR_ASSERTION]: Expected values to be strictly equal:\n\n4 !== 1\n\n    at Timeout.<anonymous> (d:\\workspace\\node-test-binary-windows-js-suites\\node\\test\\parallel\\test-zlib-brotli-16GB.js:21:3)\n    at Timeout._onTimeout (d:\\workspace\\node-test-binary-windows-js-suites\\node\\test\\common\\index.js:473:15)\n    at listOnTimeout (node:internal/timers:573:17)\n    at process.processTimers (node:internal/timers:514:7) {\n  generatedMessage: true,\n  code: 'ERR_ASSERTION',\n  actual: 4,\n  expected: 1,\n  operator: 'strictEqual'\n}\n\nNode.js v22.0.0-pre"},"time":914.007,"fullname":"parallel/test-zlib-brotli-16GB","closingTestPoint":false}},{"testName":"wasi/test-wasi-poll","timestamp":1709913036273,"status":"FAILED","jobName":"node-test-binary-windows-js-suites","config":"node-test-binary-windows-js-suites » 2,win11-arm64-COMPILED_BY-vs2022-arm64 #26354","buildUrl":"https://ci.nodejs.org/job/node-test-binary-windows-js-suites/RUN_SUBSET=2,nodes=win11-arm64-COMPILED_BY-vs2022-arm64/26354/","buildNumber":26354,"builtOn":"test-azure_msft-win11_vs2022-arm64-5","nodeVersion":"22.0.0","commitHash":"95fa1d32812385bf816570b088774bf3458dae2d","callStack":[{"upstreamBuild":61286,"upstreamProject":"node-test-commit-windows-fanned","upstreamUrl":"job/node-test-commit-windows-fanned/"},{"upstreamBuild":68969,"upstreamProject":"node-test-commit","upstreamUrl":"job/node-test-commit/"},{"upstreamBuild":57633,"upstreamProject":"node-test-pull-request","upstreamUrl":"job/node-test-pull-request/"},{"prId":"50120"}],"tap":{"ok":false,"name":"wasi/test-wasi-poll","id":917,"buffered":false,"tapError":null,"skip":false,"todo":": Fix flaky test","previous":null,"plan":null,"diag":{"severity":"flaky","exitcode":1,"stack":"Testing with --turbo-fast-api-calls: poll\n[process 3480]: --- stderr ---\n(node:3480) ExperimentalWarning: WASI is an experimental feature and might change at any time\n(Use `node --trace-warnings ...` to show where the warning was created)\n\n[process 3480]: --- stdout ---\n\n[process 3480]: status = 3221225477, signal = null\nd:\\workspace\\node-test-binary-windows-js-suites\\node\\test\\common\\child_process.js:86\n    throw new Error(`${failures.join('\\n')}`);\n    ^\n\nError: - process terminated with status 3221225477, expected 0\n    at logAndThrow (d:\\workspace\\node-test-binary-windows-js-suites\\node\\test\\common\\child_process.js:86:11)\n    at expectSyncExit (d:\\workspace\\node-test-binary-windows-js-suites\\node\\test\\common\\child_process.js:91:5)\n    at spawnSyncAndExitWithoutError (d:\\workspace\\node-test-binary-windows-js-suites\\node\\test\\common\\child_process.js:125:10)\n    at testWasiPreview1 (d:\\workspace\\node-test-binary-windows-js-suites\\node\\test\\common\\wasi.js:18:3)\n    at Object.<anonymous> (d:\\workspace\\node-test-binary-windows-js-suites\\node\\test\\wasi\\test-wasi-poll.js:5:1)\n    at Module._compile (node:internal/modules/cjs/loader:1368:14)\n    at Module._extensions..js (node:internal/modules/cjs/loader:1426:10)\n    at Module.load (node:internal/modules/cjs/loader:1205:32)\n    at Module._load (node:internal/modules/cjs/loader:1021:12)\n    at Function.executeUserEntryPoint [as runMain] (node:internal/modules/run_main:142:12)\n\nNode.js v22.0.0-pre"},"time":538.995,"fullname":"wasi/test-wasi-poll","closingTestPoint":false}},{"testName":"parallel/test-zlib-brotli-16GB","timestamp":1709913036273,"status":"REGRESSION","jobName":"node-test-binary-windows-js-suites","config":"node-test-binary-windows-js-suites » 1,win11-COMPILED_BY-vs2022 #26354","buildUrl":"https://ci.nodejs.org/job/node-test-binary-windows-js-suites/RUN_SUBSET=1,nodes=win11-COMPILED_BY-vs2022/26354/","buildNumber":26354,"builtOn":"test-azure_msft-win11_vs2022-x64-1","nodeVersion":"22.0.0","commitHash":"95fa1d32812385bf816570b088774bf3458dae2d","callStack":[{"upstreamBuild":61286,"upstreamProject":"node-test-commit-windows-fanned","upstreamUrl":"job/node-test-commit-windows-fanned/"},{"upstreamBuild":68969,"upstreamProject":"node-test-commit","upstreamUrl":"job/node-test-commit/"},{"upstreamBuild":57633,"upstreamProject":"node-test-pull-request","upstreamUrl":"job/node-test-pull-request/"},{"prId":"50120"}],"tap":{"ok":false,"name":"parallel/test-zlib-brotli-16GB","id":908,"buffered":false,"tapError":null,"skip":false,"todo":false,"previous":null,"plan":null,"diag":{"severity":"fail","exitcode":1,"stack":"node:assert:126\n  throw new AssertionError(obj);\n  ^\n\nAssertionError [ERR_ASSERTION]: Expected values to be strictly equal:\n\n4 !== 1\n\n    at Timeout.<anonymous> (c:\\workspace\\node-test-binary-windows-js-suites\\node\\test\\parallel\\test-zlib-brotli-16GB.js:21:3)\n    at Timeout._onTimeout (c:\\workspace\\node-test-binary-windows-js-suites\\node\\test\\common\\index.js:473:15)\n    at listOnTimeout (node:internal/timers:573:17)\n    at process.processTimers (node:internal/timers:514:7) {\n  generatedMessage: true,\n  code: 'ERR_ASSERTION',\n  actual: 4,\n  expected: 1,\n  operator: 'strictEqual'\n}\n\nNode.js v22.0.0-pre"},"time":810.008,"fullname":"parallel/test-zlib-brotli-16GB","closingTestPoint":false}},{"testName":"parallel/test-zlib-brotli-16GB","timestamp":1709913036273,"status":"REGRESSION","jobName":"node-test-binary-windows-js-suites","config":"node-test-binary-windows-js-suites » 1,win2022-COMPILED_BY-vs2022 #26354","buildUrl":"https://ci.nodejs.org/job/node-test-binary-windows-js-suites/RUN_SUBSET=1,nodes=win2022-COMPILED_BY-vs2022/26354/","buildNumber":26354,"builtOn":"test-rackspace-win2022_vs2022-x64-4","nodeVersion":"22.0.0","commitHash":"95fa1d32812385bf816570b088774bf3458dae2d","callStack":[{"upstreamBuild":61286,"upstreamProject":"node-test-commit-windows-fanned","upstreamUrl":"job/node-test-commit-windows-fanned/"},{"upstreamBuild":68969,"upstreamProject":"node-test-commit","upstreamUrl":"job/node-test-commit/"},{"upstreamBuild":57633,"upstreamProject":"node-test-pull-request","upstreamUrl":"job/node-test-pull-request/"},{"prId":"50120"}],"tap":{"ok":false,"name":"parallel/test-zlib-brotli-16GB","id":911,"buffered":false,"tapError":null,"skip":false,"todo":false,"previous":null,"plan":null,"diag":{"severity":"fail","exitcode":1,"stack":"node:assert:126\n  throw new AssertionError(obj);\n  ^\n\nAssertionError [ERR_ASSERTION]: Expected values to be strictly equal:\n\n4 !== 1\n\n    at Timeout.<anonymous> (C:\\workspace\\node-test-binary-windows-js-suites\\node\\test\\parallel\\test-zlib-brotli-16GB.js:21:3)\n    at Timeout._onTimeout (C:\\workspace\\node-test-binary-windows-js-suites\\node\\test\\common\\index.js:473:15)\n    at listOnTimeout (node:internal/timers:573:17)\n    at process.processTimers (node:internal/timers:514:7) {\n  generatedMessage: true,\n  code: 'ERR_ASSERTION',\n  actual: 4,\n  expected: 1,\n  operator: 'strictEqual'\n}\n\nNode.js v22.0.0-pre"},"time":904.038,"fullname":"parallel/test-zlib-brotli-16GB","closingTestPoint":false}},{"testName":"parallel/test-runner-watch-mode","timestamp":1709913036273,"status":"FAILED","jobName":"node-test-binary-windows-js-suites","config":"node-test-binary-windows-js-suites » 2,win11-COMPILED_BY-vs2022 #26354","buildUrl":"https://ci.nodejs.org/job/node-test-binary-windows-js-suites/RUN_SUBSET=2,nodes=win11-COMPILED_BY-vs2022/26354/","buildNumber":26354,"builtOn":"test-azure_msft-win11_vs2022-x64-2","nodeVersion":"22.0.0","commitHash":"95fa1d32812385bf816570b088774bf3458dae2d","callStack":[{"upstreamBuild":61286,"upstreamProject":"node-test-commit-windows-fanned","upstreamUrl":"job/node-test-commit-windows-fanned/"},{"upstreamBuild":68969,"upstreamProject":"node-test-commit","upstreamUrl":"job/node-test-commit/"},{"upstreamBuild":57633,"upstreamProject":"node-test-pull-request","upstreamUrl":"job/node-test-pull-request/"},{"prId":"50120"}],"tap":{"ok":false,"name":"parallel/test-runner-watch-mode","id":711,"buffered":false,"tapError":null,"skip":false,"todo":": Fix flaky test","previous":null,"plan":null,"diag":{"severity":"flaky","exitcode":1,"stack":"TAP version 13\n# Subtest: test runner watch mode\n    # Subtest: should run tests repeatedly\n    ok 1 - should run tests repeatedly\n      ---\n      duration_ms: 2704.9442\n      ...\n    # Subtest: should run tests with dependency repeatedly\n    ok 2 - should run tests with dependency repeatedly\n      ---\n      duration_ms: 1509.8988\n      ...\n    # Subtest: should run tests with ESM dependency\n    ok 3 - should run tests with ESM dependency\n      ---\n      duration_ms: 1504.6378\n      ...\n    # Subtest: should support running tests without a file\n    ok 4 - should support running tests without a file\n      ---\n      duration_ms: 1524.6618\n      ...\n    1..4\nok 1 - test runner watch mode\n  ---\n  duration_ms: 7247.9277\n  type: 'suite'\n  ...\n1..1\n# tests 4\n# suites 1\n# pass 4\n# fail 0\n# cancelled 0\n# skipped 0\n# todo 0\n# duration_ms 7272.3951\nCan't clean tmpdir: c:\\workspace\\node-test-binary-windows-js-suites\\node\\test\\.tmp.662\nFiles blocking: [ 'dependency.js', 'dependency.mjs', 'test.js' ]\n\nc:\\workspace\\node-test-binary-windows-js-suites\\node\\test\\common\\tmpdir.js:69\n    throw e;\n    ^\n\nError: EBUSY: resource busy or locked, rmdir 'c:\\workspace\\node-test-binary-windows-js-suites\\node\\test\\.tmp.662'\n    at rmdirSync (node:fs:1218:11)\n    at _rmdirSync (node:internal/fs/rimraf:235:5)\n    at rimrafSync (node:internal/fs/rimraf:193:7)\n    at Object.rmSync (node:fs:1267:10)\n    at rmSync (c:\\workspace\\node-test-binary-windows-js-suites\\node\\test\\common\\tmpdir.js:20:8)\n    at onexit (c:\\workspace\\node-test-binary-windows-js-suites\\node\\test\\common\\tmpdir.js:54:5)\n    at process.<anonymous> (c:\\workspace\\node-test-binary-windows-js-suites\\node\\test\\common\\tmpdir.js:43:14)\n    at process.emit (node:events:531:35) {\n  errno: -4082,\n  code: 'EBUSY',\n  syscall: 'rmdir',\n  path: 'c:\\\\workspace\\\\node-test-binary-windows-js-suites\\\\node\\\\test\\\\.tmp.662'\n}\n\nNode.js v22.0.0-pre"},"time":8134.114,"fullname":"parallel/test-runner-watch-mode","closingTestPoint":false}},{"testName":"parallel/test-zlib-brotli-16GB","timestamp":1709913036273,"status":"REGRESSION","jobName":"node-test-binary-windows-js-suites","config":"node-test-binary-windows-js-suites » 1,win10-COMPILED_BY-vs2022 #26354","buildUrl":"https://ci.nodejs.org/job/node-test-binary-windows-js-suites/RUN_SUBSET=1,nodes=win10-COMPILED_BY-vs2022/26354/","buildNumber":26354,"builtOn":"test-azure_msft-win10_vs2019-x64-4","nodeVersion":"22.0.0","commitHash":"95fa1d32812385bf816570b088774bf3458dae2d","callStack":[{"upstreamBuild":61286,"upstreamProject":"node-test-commit-windows-fanned","upstreamUrl":"job/node-test-commit-windows-fanned/"},{"upstreamBuild":68969,"upstreamProject":"node-test-commit","upstreamUrl":"job/node-test-commit/"},{"upstreamBuild":57633,"upstreamProject":"node-test-pull-request","upstreamUrl":"job/node-test-pull-request/"},{"prId":"50120"}],"tap":{"ok":false,"name":"parallel/test-zlib-brotli-16GB","id":914,"buffered":false,"tapError":null,"skip":false,"todo":false,"previous":null,"plan":null,"diag":{"severity":"fail","exitcode":1,"stack":"node:assert:126\n  throw new AssertionError(obj);\n  ^\n\nAssertionError [ERR_ASSERTION]: Expected values to be strictly equal:\n\n4 !== 1\n\n    at Timeout.<anonymous> (c:\\workspace\\node-test-binary-windows-js-suites\\node\\test\\parallel\\test-zlib-brotli-16GB.js:21:3)\n    at Timeout._onTimeout (c:\\workspace\\node-test-binary-windows-js-suites\\node\\test\\common\\index.js:473:15)\n    at listOnTimeout (node:internal/timers:573:17)\n    at process.processTimers (node:internal/timers:514:7) {\n  generatedMessage: true,\n  code: 'ERR_ASSERTION',\n  actual: 4,\n  expected: 1,\n  operator: 'strictEqual'\n}\n\nNode.js v22.0.0-pre"},"time":720.005,"fullname":"parallel/test-zlib-brotli-16GB","closingTestPoint":false}},{"testName":"parallel/test-zlib-brotli-16GB","timestamp":1709913036273,"status":"REGRESSION","jobName":"node-test-binary-windows-js-suites","config":"node-test-binary-windows-js-suites » 1,win2019-COMPILED_BY-vs2022 #26354","buildUrl":"https://ci.nodejs.org/job/node-test-binary-windows-js-suites/RUN_SUBSET=1,nodes=win2019-COMPILED_BY-vs2022/26354/","buildNumber":26354,"builtOn":"test-rackspace-win2019_vs2019-x64-1","nodeVersion":"22.0.0","commitHash":"95fa1d32812385bf816570b088774bf3458dae2d","callStack":[{"upstreamBuild":61286,"upstreamProject":"node-test-commit-windows-fanned","upstreamUrl":"job/node-test-commit-windows-fanned/"},{"upstreamBuild":68969,"upstreamProject":"node-test-commit","upstreamUrl":"job/node-test-commit/"},{"upstreamBuild":57633,"upstreamProject":"node-test-pull-request","upstreamUrl":"job/node-test-pull-request/"},{"prId":"50120"}],"tap":{"ok":false,"name":"parallel/test-zlib-brotli-16GB","id":911,"buffered":false,"tapError":null,"skip":false,"todo":false,"previous":null,"plan":null,"diag":{"severity":"fail","exitcode":1,"stack":"node:assert:126\n  throw new AssertionError(obj);\n  ^\n\nAssertionError [ERR_ASSERTION]: Expected values to be strictly equal:\n\n4 !== 1\n\n    at Timeout.<anonymous> (C:\\workspace\\node-test-binary-windows-js-suites\\node\\test\\parallel\\test-zlib-brotli-16GB.js:21:3)\n    at Timeout._onTimeout (C:\\workspace\\node-test-binary-windows-js-suites\\node\\test\\common\\index.js:473:15)\n    at listOnTimeout (node:internal/timers:573:17)\n    at process.processTimers (node:internal/timers:514:7) {\n  generatedMessage: true,\n  code: 'ERR_ASSERTION',\n  actual: 4,\n  expected: 1,\n  operator: 'strictEqual'\n}\n\nNode.js v22.0.0-pre"},"time":883.031,"fullname":"parallel/test-zlib-brotli-16GB","closingTestPoint":false}},{"testName":"sequential/test-http2-large-file","timestamp":1709913036273,"status":"FAILED","jobName":"node-test-binary-windows-js-suites","config":"node-test-binary-windows-js-suites » 1,win2019-COMPILED_BY-vs2022 #26354","buildUrl":"https://ci.nodejs.org/job/node-test-binary-windows-js-suites/RUN_SUBSET=1,nodes=win2019-COMPILED_BY-vs2022/26354/","buildNumber":26354,"builtOn":"test-rackspace-win2019_vs2019-x64-1","nodeVersion":"22.0.0","commitHash":"95fa1d32812385bf816570b088774bf3458dae2d","callStack":[{"upstreamBuild":61286,"upstreamProject":"node-test-commit-windows-fanned","upstreamUrl":"job/node-test-commit-windows-fanned/"},{"upstreamBuild":68969,"upstreamProject":"node-test-commit","upstreamUrl":"job/node-test-commit/"},{"upstreamBuild":57633,"upstreamProject":"node-test-pull-request","upstreamUrl":"job/node-test-pull-request/"},{"prId":"50120"}],"tap":{"ok":false,"name":"sequential/test-http2-large-file","id":958,"buffered":false,"tapError":null,"skip":false,"todo":": Fix flaky test","previous":null,"plan":null,"diag":{"severity":"fail","exitcode":1,"stack":"timeout"},"time":120158.989,"fullname":"sequential/test-http2-large-file","closingTestPoint":false}},{"testName":"parallel/test-zlib-brotli-16GB","timestamp":1709913036273,"status":"REGRESSION","jobName":"node-test-binary-windows-js-suites","config":"node-test-binary-windows-js-suites » 1,win2016-COMPILED_BY-vs2022-x86 #26354","buildUrl":"https://ci.nodejs.org/job/node-test-binary-windows-js-suites/RUN_SUBSET=1,nodes=win2016-COMPILED_BY-vs2022-x86/26354/","buildNumber":26354,"builtOn":"test-azure_msft-win2016_vs2017-x64-1","nodeVersion":"22.0.0","commitHash":"95fa1d32812385bf816570b088774bf3458dae2d","callStack":[{"upstreamBuild":61286,"upstreamProject":"node-test-commit-windows-fanned","upstreamUrl":"job/node-test-commit-windows-fanned/"},{"upstreamBuild":68969,"upstreamProject":"node-test-commit","upstreamUrl":"job/node-test-commit/"},{"upstreamBuild":57633,"upstreamProject":"node-test-pull-request","upstreamUrl":"job/node-test-pull-request/"},{"prId":"50120"}],"tap":{"ok":false,"name":"parallel/test-zlib-brotli-16GB","id":914,"buffered":false,"tapError":null,"skip":false,"todo":false,"previous":null,"plan":null,"diag":{"severity":"fail","exitcode":1,"stack":"node:assert:126\n  throw new AssertionError(obj);\n  ^\n\nAssertionError [ERR_ASSERTION]: Expected values to be strictly equal:\n\n4 !== 1\n\n    at Timeout.<anonymous> (C:\\workspace\\node-test-binary-windows-js-suites\\node\\test\\parallel\\test-zlib-brotli-16GB.js:21:3)\n    at Timeout._onTimeout (C:\\workspace\\node-test-binary-windows-js-suites\\node\\test\\common\\index.js:473:15)\n    at listOnTimeout (node:internal/timers:573:17)\n    at process.processTimers (node:internal/timers:514:7) {\n  generatedMessage: true,\n  code: 'ERR_ASSERTION',\n  actual: 4,\n  expected: 1,\n  operator: 'strictEqual'\n}\n\nNode.js v22.0.0-pre"},"time":764.003,"fullname":"parallel/test-zlib-brotli-16GB","closingTestPoint":false}}]}