{"failedTests":[{"testName":"parallel/test-cli-eval","timestamp":1710432040980,"status":"REGRESSION","jobName":"node-test-binary-windows-js-suites","config":"node-test-binary-windows-js-suites » 1,win10-COMPILED_BY-vs2022 #26485","buildUrl":"https://ci.nodejs.org/job/node-test-binary-windows-js-suites/RUN_SUBSET=1,nodes=win10-COMPILED_BY-vs2022/26485/","buildNumber":26485,"builtOn":"test-azure_msft-win10_vs2019-x64-3","nodeVersion":"22","commitHash":"2401972487628c5c9ae01cb168832d082b19198f","callStack":[{"upstreamBuild":61429,"upstreamProject":"node-test-commit-windows-fanned","upstreamUrl":"job/node-test-commit-windows-fanned/"},{"upstreamBuild":69104,"upstreamProject":"node-test-commit","upstreamUrl":"job/node-test-commit/"},{"upstreamBuild":57741,"upstreamProject":"node-test-pull-request","upstreamUrl":"job/node-test-pull-request/"},{"prId":"52077"}],"tap":{"ok":false,"name":"parallel/test-cli-eval","id":128,"buffered":false,"tapError":null,"skip":false,"todo":false,"previous":null,"plan":null,"diag":{"severity":"fail","exitcode":1,"stack":"node:assert:408\n    throw err;\n    ^\n\nAssertionError [ERR_ASSERTION]: The expression evaluated to a falsy value:\n\n  assert.ok(stderr.includes('throw new Error(\"123\")'))\n\n    at c:\\workspace\\node-test-binary-windows-js-suites\\node\\test\\parallel\\test-cli-eval.js:77:12\n    at c:\\workspace\\node-test-binary-windows-js-suites\\node\\test\\common\\index.js:473:15\n    at ChildProcess.exithandler (node:child_process:430:5)\n    at ChildProcess.emit (node:events:519:28)\n    at maybeClose (node:internal/child_process:1105:16)\n    at Socket.<anonymous> (node:internal/child_process:457:11)\n    at Socket.emit (node:events:519:28)\n    at Pipe.<anonymous> (node:net:337:12) {\n  generatedMessage: true,\n  code: 'ERR_ASSERTION',\n  actual: false,\n  expected: true,\n  operator: '=='\n}\n\nNode.js v22.0.0-pre"},"time":1844.126,"fullname":"parallel/test-cli-eval","closingTestPoint":false}},{"testName":"parallel/test-cli-eval","timestamp":1710432040980,"status":"REGRESSION","jobName":"node-test-binary-windows-js-suites","config":"node-test-binary-windows-js-suites » 1,win2019-COMPILED_BY-vs2022 #26485","buildUrl":"https://ci.nodejs.org/job/node-test-binary-windows-js-suites/RUN_SUBSET=1,nodes=win2019-COMPILED_BY-vs2022/26485/","buildNumber":26485,"builtOn":"test-rackspace-win2019_vs2019-x64-1","nodeVersion":"22","commitHash":"2401972487628c5c9ae01cb168832d082b19198f","callStack":[{"upstreamBuild":61429,"upstreamProject":"node-test-commit-windows-fanned","upstreamUrl":"job/node-test-commit-windows-fanned/"},{"upstreamBuild":69104,"upstreamProject":"node-test-commit","upstreamUrl":"job/node-test-commit/"},{"upstreamBuild":57741,"upstreamProject":"node-test-pull-request","upstreamUrl":"job/node-test-pull-request/"},{"prId":"52077"}],"tap":{"ok":false,"name":"parallel/test-cli-eval","id":135,"buffered":false,"tapError":null,"skip":false,"todo":false,"previous":null,"plan":null,"diag":{"severity":"fail","exitcode":1,"stack":"node:assert:408\n    throw err;\n    ^\n\nAssertionError [ERR_ASSERTION]: The expression evaluated to a falsy value:\n\n  assert.ok(stderr.includes('throw new Error(\"123\")'))\n\n    at C:\\workspace\\node-test-binary-windows-js-suites\\node\\test\\parallel\\test-cli-eval.js:77:12\n    at C:\\workspace\\node-test-binary-windows-js-suites\\node\\test\\common\\index.js:473:15\n    at ChildProcess.exithandler (node:child_process:430:5)\n    at ChildProcess.emit (node:events:519:28)\n    at maybeClose (node:internal/child_process:1105:16)\n    at Socket.<anonymous> (node:internal/child_process:457:11)\n    at Socket.emit (node:events:519:28)\n    at Pipe.<anonymous> (node:net:337:12) {\n  generatedMessage: true,\n  code: 'ERR_ASSERTION',\n  actual: false,\n  expected: true,\n  operator: '=='\n}\n\nNode.js v22.0.0-pre"},"time":2685.353,"fullname":"parallel/test-cli-eval","closingTestPoint":false}},{"testName":"parallel/test-runner-watch-mode","timestamp":1710432040980,"status":"FAILED","jobName":"node-test-binary-windows-js-suites","config":"node-test-binary-windows-js-suites » 1,win2019-COMPILED_BY-vs2022 #26485","buildUrl":"https://ci.nodejs.org/job/node-test-binary-windows-js-suites/RUN_SUBSET=1,nodes=win2019-COMPILED_BY-vs2022/26485/","buildNumber":26485,"builtOn":"test-rackspace-win2019_vs2019-x64-1","nodeVersion":"22","commitHash":"2401972487628c5c9ae01cb168832d082b19198f","callStack":[{"upstreamBuild":61429,"upstreamProject":"node-test-commit-windows-fanned","upstreamUrl":"job/node-test-commit-windows-fanned/"},{"upstreamBuild":69104,"upstreamProject":"node-test-commit","upstreamUrl":"job/node-test-commit/"},{"upstreamBuild":57741,"upstreamProject":"node-test-pull-request","upstreamUrl":"job/node-test-pull-request/"},{"prId":"52077"}],"tap":{"ok":false,"name":"parallel/test-runner-watch-mode","id":739,"buffered":false,"tapError":null,"skip":false,"todo":": Fix flaky test","previous":null,"plan":null,"diag":{"severity":"flaky","exitcode":1,"stack":"TAP version 13\n# Subtest: test runner watch mode\n    # Subtest: should run tests repeatedly\n    ok 1 - should run tests repeatedly\n      ---\n      duration_ms: 1932.4878\n      ...\n    # Subtest: should run tests with dependency repeatedly\n    ok 2 - should run tests with dependency repeatedly\n      ---\n      duration_ms: 1777.2493\n      ...\n    # Subtest: should run tests with ESM dependency\n    ok 3 - should run tests with ESM dependency\n      ---\n      duration_ms: 1718.7872\n      ...\n    # Subtest: should support running tests without a file\n    ok 4 - should support running tests without a file\n      ---\n      duration_ms: 1699.2665\n      ...\n    1..4\nok 1 - test runner watch mode\n  ---\n  duration_ms: 7135.9217\n  type: 'suite'\n  ...\n1..1\n# tests 4\n# suites 1\n# pass 4\n# fail 0\n# cancelled 0\n# skipped 0\n# todo 0\n# duration_ms 7150.4957\nCan't clean tmpdir: C:\\workspace\\node-test-binary-windows-js-suites\\node\\test\\.tmp.662\nFiles blocking: [ 'dependency.js', 'dependency.mjs', 'test.js' ]\n\nC:\\workspace\\node-test-binary-windows-js-suites\\node\\test\\common\\tmpdir.js:69\n    throw e;\n    ^\n\nError: EBUSY: resource busy or locked, rmdir 'C:\\workspace\\node-test-binary-windows-js-suites\\node\\test\\.tmp.662'\n    at rmdirSync (node:fs:1214:11)\n    at _rmdirSync (node:internal/fs/rimraf:235:5)\n    at rimrafSync (node:internal/fs/rimraf:193:7)\n    at Object.rmSync (node:fs:1263:10)\n    at rmSync (C:\\workspace\\node-test-binary-windows-js-suites\\node\\test\\common\\tmpdir.js:20:8)\n    at onexit (C:\\workspace\\node-test-binary-windows-js-suites\\node\\test\\common\\tmpdir.js:54:5)\n    at process.<anonymous> (C:\\workspace\\node-test-binary-windows-js-suites\\node\\test\\common\\tmpdir.js:43:14)\n    at process.emit (node:events:531:35) {\n  errno: -4082,\n  code: 'EBUSY',\n  syscall: 'rmdir',\n  path: 'C:\\\\workspace\\\\node-test-binary-windows-js-suites\\\\node\\\\test\\\\.tmp.662'\n}\n\nNode.js v22.0.0-pre"},"time":7676.261,"fullname":"parallel/test-runner-watch-mode","closingTestPoint":false}},{"testName":"parallel/test-cli-eval","timestamp":1710432040980,"status":"REGRESSION","jobName":"node-test-binary-windows-js-suites","config":"node-test-binary-windows-js-suites » 1,win2022-COMPILED_BY-vs2022 #26485","buildUrl":"https://ci.nodejs.org/job/node-test-binary-windows-js-suites/RUN_SUBSET=1,nodes=win2022-COMPILED_BY-vs2022/26485/","buildNumber":26485,"builtOn":"test-rackspace-win2022_vs2022-x64-4","nodeVersion":"22","commitHash":"2401972487628c5c9ae01cb168832d082b19198f","callStack":[{"upstreamBuild":61429,"upstreamProject":"node-test-commit-windows-fanned","upstreamUrl":"job/node-test-commit-windows-fanned/"},{"upstreamBuild":69104,"upstreamProject":"node-test-commit","upstreamUrl":"job/node-test-commit/"},{"upstreamBuild":57741,"upstreamProject":"node-test-pull-request","upstreamUrl":"job/node-test-pull-request/"},{"prId":"52077"}],"tap":{"ok":false,"name":"parallel/test-cli-eval","id":139,"buffered":false,"tapError":null,"skip":false,"todo":false,"previous":null,"plan":null,"diag":{"severity":"fail","exitcode":1,"stack":"node:assert:1000\n    throw newErr;\n    ^\n\nAssertionError [ERR_ASSERTION]: ifError got unwanted exception: Command failed: \"C:\\workspace\\node-test-binary-windows-js-suites\\node\\Release\\node.exe\" -p  'Promise.resolve().then(() => 10)'\n[eval]:1\n\n'Promise.resolve().then(()\n\n^^^^^^^^^^^^^^^^^^^^^^^^^^\n\n\n\nSyntaxError: Invalid or unexpected token\n\n    at makeContextifyScript (node:internal/vm:185:14)\n\n    at node:internal/process/execution:109:22\n\n    at [eval]-wrapper:6:24\n\n    at runScript (node:internal/process/execution:103:62)\n\n    at evalScript (node:internal/process/execution:140:3)\n\n    at node:internal/main/eval_string:51:3\n\n\n\nNode.js v22.0.0-pre\n\n\n    at genericNodeError (node:internal/errors:984:15)\n    at wrappedFn (node:internal/errors:538:14)\n    at ChildProcess.exithandler (node:child_process:422:12)\n    at ChildProcess.emit (node:events:519:28)\n    at maybeClose (node:internal/child_process:1105:16)\n    at Socket.<anonymous> (node:internal/child_process:457:11)\n    at Socket.emit (node:events:519:28)\n    at Pipe.<anonymous> (node:net:337:12) {\n  generatedMessage: false,\n  code: 'ERR_ASSERTION',\n  actual: Error: Command failed: \"C:\\workspace\\node-test-binary-windows-js-suites\\node\\Release\\node.exe\" -p  'Promise.resolve().then(() => 10)'\n  [eval]:1\n\n  'Promise.resolve().then(()\n\n  ^^^^^^^^^^^^^^^^^^^^^^^^^^\n\n  \n\n  SyntaxError: Invalid or unexpected token\n\n      at makeContextifyScript (node:internal/vm:185:14)\n\n      at node:internal/process/execution:109:22\n\n      at [eval]-wrapper:6:24\n\n      at runScript (node:internal/process/execution:103:62)\n\n      at evalScript (node:internal/process/execution:140:3)\n\n      at node:internal/main/eval_string:51:3\n\n  \n\n  Node.js v22.0.0-pre\n\n  \n      at genericNodeError (node:internal/errors:984:15)\n      at wrappedFn (node:internal/errors:538:14)\n      at ChildProcess.exithandler (node:child_process:422:12)\n      at ChildProcess.emit (node:events:519:28)\n      at maybeClose (node:internal/child_process:1105:16)\n      at Socket.<anonymous> (node:internal/child_process:457:11)\n      at Socket.emit (node:events:519:28)\n      at Pipe.<anonymous> (node:net:337:12) {\n    code: 1,\n    killed: false,\n    signal: null,\n    cmd: `\"C:\\\\workspace\\\\node-test-binary-windows-js-suites\\\\node\\\\Release\\\\node.exe\" -p  'Promise.resolve().then(() => 10)'`\n  },\n  expected: null,\n  operator: 'ifError'\n}\n\nNode.js v22.0.0-pre"},"time":3386.084,"fullname":"parallel/test-cli-eval","closingTestPoint":false}},{"testName":"wasi/test-wasi-poll","timestamp":1710432040980,"status":"FAILED","jobName":"node-test-binary-windows-js-suites","config":"node-test-binary-windows-js-suites » 1,win11-arm64-COMPILED_BY-vs2022-arm64 #26485","buildUrl":"https://ci.nodejs.org/job/node-test-binary-windows-js-suites/RUN_SUBSET=1,nodes=win11-arm64-COMPILED_BY-vs2022-arm64/26485/","buildNumber":26485,"builtOn":"test-azure_msft-win11_vs2022-arm64-3","nodeVersion":"22","commitHash":"2401972487628c5c9ae01cb168832d082b19198f","callStack":[{"upstreamBuild":61429,"upstreamProject":"node-test-commit-windows-fanned","upstreamUrl":"job/node-test-commit-windows-fanned/"},{"upstreamBuild":69104,"upstreamProject":"node-test-commit","upstreamUrl":"job/node-test-commit/"},{"upstreamBuild":57741,"upstreamProject":"node-test-pull-request","upstreamUrl":"job/node-test-pull-request/"},{"prId":"52077"}],"tap":{"ok":false,"name":"wasi/test-wasi-poll","id":917,"buffered":false,"tapError":null,"skip":false,"todo":": Fix flaky test","previous":null,"plan":null,"diag":{"severity":"flaky","exitcode":1,"stack":"Testing with --turbo-fast-api-calls: poll\n[process 7012]: --- stderr ---\n(node:7012) ExperimentalWarning: WASI is an experimental feature and might change at any time\n(Use `node --trace-warnings ...` to show where the warning was created)\n\n[process 7012]: --- stdout ---\n\n[process 7012]: status = 3221225477, signal = null\nd:\\workspace\\node-test-binary-windows-js-suites\\node\\test\\common\\child_process.js:86\n    throw new Error(`${failures.join('\\n')}`);\n    ^\n\nError: - process terminated with status 3221225477, expected 0\n    at logAndThrow (d:\\workspace\\node-test-binary-windows-js-suites\\node\\test\\common\\child_process.js:86:11)\n    at expectSyncExit (d:\\workspace\\node-test-binary-windows-js-suites\\node\\test\\common\\child_process.js:91:5)\n    at spawnSyncAndExitWithoutError (d:\\workspace\\node-test-binary-windows-js-suites\\node\\test\\common\\child_process.js:125:10)\n    at testWasiPreview1 (d:\\workspace\\node-test-binary-windows-js-suites\\node\\test\\common\\wasi.js:18:3)\n    at Object.<anonymous> (d:\\workspace\\node-test-binary-windows-js-suites\\node\\test\\wasi\\test-wasi-poll.js:5:1)\n    at Module._compile (node:internal/modules/cjs/loader:1357:14)\n    at Module._extensions..js (node:internal/modules/cjs/loader:1415:10)\n    at Module.load (node:internal/modules/cjs/loader:1207:32)\n    at Module._load (node:internal/modules/cjs/loader:1023:12)\n    at Function.executeUserEntryPoint [as runMain] (node:internal/modules/run_main:177:12)\n\nNode.js v22.0.0-pre"},"time":566.23,"fullname":"wasi/test-wasi-poll","closingTestPoint":false}},{"testName":"parallel/test-cli-eval","timestamp":1710432040980,"status":"REGRESSION","jobName":"node-test-binary-windows-js-suites","config":"node-test-binary-windows-js-suites » 0,win11-arm64-COMPILED_BY-vs2022-arm64 #26485","buildUrl":"https://ci.nodejs.org/job/node-test-binary-windows-js-suites/RUN_SUBSET=0,nodes=win11-arm64-COMPILED_BY-vs2022-arm64/26485/","buildNumber":26485,"builtOn":"test-azure_msft-win11_vs2022-arm64-6","nodeVersion":"22","commitHash":"2401972487628c5c9ae01cb168832d082b19198f","callStack":[{"upstreamBuild":61429,"upstreamProject":"node-test-commit-windows-fanned","upstreamUrl":"job/node-test-commit-windows-fanned/"},{"upstreamBuild":69104,"upstreamProject":"node-test-commit","upstreamUrl":"job/node-test-commit/"},{"upstreamBuild":57741,"upstreamProject":"node-test-pull-request","upstreamUrl":"job/node-test-pull-request/"},{"prId":"52077"}],"tap":{"ok":false,"name":"parallel/test-cli-eval","id":130,"buffered":false,"tapError":null,"skip":false,"todo":false,"previous":null,"plan":null,"diag":{"severity":"fail","exitcode":1,"stack":"node:assert:1000\n    throw newErr;\n    ^\n\nAssertionError [ERR_ASSERTION]: ifError got unwanted exception: Command failed: \"d:\\workspace\\node-test-binary-windows-js-suites\\node\\Release\\node.exe\" --print  'Promise.resolve().then(() => 10)'\n[eval]:1\n\n'Promise.resolve().then(()\n\n^^^^^^^^^^^^^^^^^^^^^^^^^^\n\n\n\nSyntaxError: Invalid or unexpected token\n\n    at makeContextifyScript (node:internal/vm:185:14)\n\n    at node:internal/process/execution:109:22\n\n    at [eval]-wrapper:6:24\n\n    at runScript (node:internal/process/execution:103:62)\n\n    at evalScript (node:internal/process/execution:140:3)\n\n    at node:internal/main/eval_string:51:3\n\n\n\nNode.js v22.0.0-pre\n\n\n    at genericNodeError (node:internal/errors:984:15)\n    at wrappedFn (node:internal/errors:538:14)\n    at ChildProcess.exithandler (node:child_process:422:12)\n    at ChildProcess.emit (node:events:519:28)\n    at maybeClose (node:internal/child_process:1105:16)\n    at Socket.<anonymous> (node:internal/child_process:457:11)\n    at Socket.emit (node:events:519:28)\n    at Pipe.<anonymous> (node:net:337:12) {\n  generatedMessage: false,\n  code: 'ERR_ASSERTION',\n  actual: Error: Command failed: \"d:\\workspace\\node-test-binary-windows-js-suites\\node\\Release\\node.exe\" --print  'Promise.resolve().then(() => 10)'\n  [eval]:1\n\n  'Promise.resolve().then(()\n\n  ^^^^^^^^^^^^^^^^^^^^^^^^^^\n\n  \n\n  SyntaxError: Invalid or unexpected token\n\n      at makeContextifyScript (node:internal/vm:185:14)\n\n      at node:internal/process/execution:109:22\n\n      at [eval]-wrapper:6:24\n\n      at runScript (node:internal/process/execution:103:62)\n\n      at evalScript (node:internal/process/execution:140:3)\n\n      at node:internal/main/eval_string:51:3\n\n  \n\n  Node.js v22.0.0-pre\n\n  \n      at genericNodeError (node:internal/errors:984:15)\n      at wrappedFn (node:internal/errors:538:14)\n      at ChildProcess.exithandler (node:child_process:422:12)\n      at ChildProcess.emit (node:events:519:28)\n      at maybeClose (node:internal/child_process:1105:16)\n      at Socket.<anonymous> (node:internal/child_process:457:11)\n      at Socket.emit (node:events:519:28)\n      at Pipe.<anonymous> (node:net:337:12) {\n    code: 1,\n    killed: false,\n    signal: null,\n    cmd: `\"d:\\\\workspace\\\\node-test-binary-windows-js-suites\\\\node\\\\Release\\\\node.exe\" --print  'Promise.resolve().then(() => 10)'`\n  },\n  expected: null,\n  operator: 'ifError'\n}\n\nNode.js v22.0.0-pre"},"time":2212.786,"fullname":"parallel/test-cli-eval","closingTestPoint":false}},{"testName":"parallel/test-cli-eval","timestamp":1710432040980,"status":"REGRESSION","jobName":"node-test-binary-windows-js-suites","config":"node-test-binary-windows-js-suites » 1,win11-COMPILED_BY-vs2022 #26485","buildUrl":"https://ci.nodejs.org/job/node-test-binary-windows-js-suites/RUN_SUBSET=1,nodes=win11-COMPILED_BY-vs2022/26485/","buildNumber":26485,"builtOn":"test-azure_msft-win11_vs2022-x64-1","nodeVersion":"22","commitHash":"2401972487628c5c9ae01cb168832d082b19198f","callStack":[{"upstreamBuild":61429,"upstreamProject":"node-test-commit-windows-fanned","upstreamUrl":"job/node-test-commit-windows-fanned/"},{"upstreamBuild":69104,"upstreamProject":"node-test-commit","upstreamUrl":"job/node-test-commit/"},{"upstreamBuild":57741,"upstreamProject":"node-test-pull-request","upstreamUrl":"job/node-test-pull-request/"},{"prId":"52077"}],"tap":{"ok":false,"name":"parallel/test-cli-eval","id":126,"buffered":false,"tapError":null,"skip":false,"todo":false,"previous":null,"plan":null,"diag":{"severity":"fail","exitcode":1,"stack":"node:assert:408\n    throw err;\n    ^\n\nAssertionError [ERR_ASSERTION]: The expression evaluated to a falsy value:\n\n  assert.ok(stderr.includes('throw new Error(\"123\")'))\n\n    at c:\\workspace\\node-test-binary-windows-js-suites\\node\\test\\parallel\\test-cli-eval.js:77:12\n    at c:\\workspace\\node-test-binary-windows-js-suites\\node\\test\\common\\index.js:473:15\n    at ChildProcess.exithandler (node:child_process:430:5)\n    at ChildProcess.emit (node:events:519:28)\n    at maybeClose (node:internal/child_process:1105:16)\n    at Socket.<anonymous> (node:internal/child_process:457:11)\n    at Socket.emit (node:events:519:28)\n    at Pipe.<anonymous> (node:net:337:12) {\n  generatedMessage: true,\n  code: 'ERR_ASSERTION',\n  actual: false,\n  expected: true,\n  operator: '=='\n}\n\nNode.js v22.0.0-pre"},"time":1953.025,"fullname":"parallel/test-cli-eval","closingTestPoint":false}},{"testName":"parallel/test-runner-watch-mode","timestamp":1710432040980,"status":"FAILED","jobName":"node-test-binary-windows-js-suites","config":"node-test-binary-windows-js-suites » 1,win11-COMPILED_BY-vs2022 #26485","buildUrl":"https://ci.nodejs.org/job/node-test-binary-windows-js-suites/RUN_SUBSET=1,nodes=win11-COMPILED_BY-vs2022/26485/","buildNumber":26485,"builtOn":"test-azure_msft-win11_vs2022-x64-1","nodeVersion":"22","commitHash":"2401972487628c5c9ae01cb168832d082b19198f","callStack":[{"upstreamBuild":61429,"upstreamProject":"node-test-commit-windows-fanned","upstreamUrl":"job/node-test-commit-windows-fanned/"},{"upstreamBuild":69104,"upstreamProject":"node-test-commit","upstreamUrl":"job/node-test-commit/"},{"upstreamBuild":57741,"upstreamProject":"node-test-pull-request","upstreamUrl":"job/node-test-pull-request/"},{"prId":"52077"}],"tap":{"ok":false,"name":"parallel/test-runner-watch-mode","id":679,"buffered":false,"tapError":null,"skip":false,"todo":": Fix flaky test","previous":null,"plan":null,"diag":{"severity":"flaky","exitcode":1,"stack":"TAP version 13\n# Subtest: test runner watch mode\n    # Subtest: should run tests repeatedly\n    ok 1 - should run tests repeatedly\n      ---\n      duration_ms: 1730.5773\n      ...\n    # Subtest: should run tests with dependency repeatedly\n    ok 2 - should run tests with dependency repeatedly\n      ---\n      duration_ms: 1590.618\n      ...\n    # Subtest: should run tests with ESM dependency\n    ok 3 - should run tests with ESM dependency\n      ---\n      duration_ms: 1812.0646\n      ...\n    # Subtest: should support running tests without a file\n    ok 4 - should support running tests without a file\n      ---\n      duration_ms: 1584.3942\n      ...\n    1..4\nok 1 - test runner watch mode\n  ---\n  duration_ms: 6722.0203\n  type: 'suite'\n  ...\n1..1\n# tests 4\n# suites 1\n# pass 4\n# fail 0\n# cancelled 0\n# skipped 0\n# todo 0\n# duration_ms 6730.8037\nCan't clean tmpdir: c:\\workspace\\node-test-binary-windows-js-suites\\node\\test\\.tmp.662\nFiles blocking: [ 'dependency.js', 'dependency.mjs', 'test.js' ]\n\nc:\\workspace\\node-test-binary-windows-js-suites\\node\\test\\common\\tmpdir.js:69\n    throw e;\n    ^\n\nError: EBUSY: resource busy or locked, rmdir 'c:\\workspace\\node-test-binary-windows-js-suites\\node\\test\\.tmp.662'\n    at rmdirSync (node:fs:1214:11)\n    at _rmdirSync (node:internal/fs/rimraf:235:5)\n    at rimrafSync (node:internal/fs/rimraf:193:7)\n    at Object.rmSync (node:fs:1263:10)\n    at rmSync (c:\\workspace\\node-test-binary-windows-js-suites\\node\\test\\common\\tmpdir.js:20:8)\n    at onexit (c:\\workspace\\node-test-binary-windows-js-suites\\node\\test\\common\\tmpdir.js:54:5)\n    at process.<anonymous> (c:\\workspace\\node-test-binary-windows-js-suites\\node\\test\\common\\tmpdir.js:43:14)\n    at process.emit (node:events:531:35) {\n  errno: -4082,\n  code: 'EBUSY',\n  syscall: 'rmdir',\n  path: 'c:\\\\workspace\\\\node-test-binary-windows-js-suites\\\\node\\\\test\\\\.tmp.662'\n}\n\nNode.js v22.0.0-pre"},"time":7203.098,"fullname":"parallel/test-runner-watch-mode","closingTestPoint":false}},{"testName":"parallel/test-cli-eval","timestamp":1710432040980,"status":"REGRESSION","jobName":"node-test-binary-windows-js-suites","config":"node-test-binary-windows-js-suites » 1,win2016-COMPILED_BY-vs2022-x86 #26485","buildUrl":"https://ci.nodejs.org/job/node-test-binary-windows-js-suites/RUN_SUBSET=1,nodes=win2016-COMPILED_BY-vs2022-x86/26485/","buildNumber":26485,"builtOn":"test-azure_msft-win2016_vs2017-x64-1","nodeVersion":"22","commitHash":"2401972487628c5c9ae01cb168832d082b19198f","callStack":[{"upstreamBuild":61429,"upstreamProject":"node-test-commit-windows-fanned","upstreamUrl":"job/node-test-commit-windows-fanned/"},{"upstreamBuild":69104,"upstreamProject":"node-test-commit","upstreamUrl":"job/node-test-commit/"},{"upstreamBuild":57741,"upstreamProject":"node-test-pull-request","upstreamUrl":"job/node-test-pull-request/"},{"prId":"52077"}],"tap":{"ok":false,"name":"parallel/test-cli-eval","id":133,"buffered":false,"tapError":null,"skip":false,"todo":false,"previous":null,"plan":null,"diag":{"severity":"fail","exitcode":1,"stack":"node:assert:1000\n    throw newErr;\n    ^\n\nAssertionError [ERR_ASSERTION]: ifError got unwanted exception: Command failed: \"C:\\workspace\\node-test-binary-windows-js-suites\\node\\Release\\node.exe\" -pe  'Promise.resolve().then(() => 10)'\n[eval]:1\n\n'Promise.resolve().then(()\n\n^^^^^^^^^^^^^^^^^^^^^^^^^^\n\n\n\nSyntaxError: Invalid or unexpected token\n\n    at makeContextifyScript (node:internal/vm:185:14)\n\n    at node:internal/process/execution:109:22\n\n    at [eval]-wrapper:6:24\n\n    at runScript (node:internal/process/execution:103:62)\n\n    at evalScript (node:internal/process/execution:140:3)\n\n    at node:internal/main/eval_string:51:3\n\n\n\nNode.js v22.0.0-pre\n\n\n    at genericNodeError (node:internal/errors:984:15)\n    at wrappedFn (node:internal/errors:538:14)\n    at ChildProcess.exithandler (node:child_process:422:12)\n    at ChildProcess.emit (node:events:519:28)\n    at maybeClose (node:internal/child_process:1105:16)\n    at Socket.<anonymous> (node:internal/child_process:457:11)\n    at Socket.emit (node:events:519:28)\n    at Pipe.<anonymous> (node:net:337:12) {\n  generatedMessage: false,\n  code: 'ERR_ASSERTION',\n  actual: Error: Command failed: \"C:\\workspace\\node-test-binary-windows-js-suites\\node\\Release\\node.exe\" -pe  'Promise.resolve().then(() => 10)'\n  [eval]:1\n\n  'Promise.resolve().then(()\n\n  ^^^^^^^^^^^^^^^^^^^^^^^^^^\n\n  \n\n  SyntaxError: Invalid or unexpected token\n\n      at makeContextifyScript (node:internal/vm:185:14)\n\n      at node:internal/process/execution:109:22\n\n      at [eval]-wrapper:6:24\n\n      at runScript (node:internal/process/execution:103:62)\n\n      at evalScript (node:internal/process/execution:140:3)\n\n      at node:internal/main/eval_string:51:3\n\n  \n\n  Node.js v22.0.0-pre\n\n  \n      at genericNodeError (node:internal/errors:984:15)\n      at wrappedFn (node:internal/errors:538:14)\n      at ChildProcess.exithandler (node:child_process:422:12)\n      at ChildProcess.emit (node:events:519:28)\n      at maybeClose (node:internal/child_process:1105:16)\n      at Socket.<anonymous> (node:internal/child_process:457:11)\n      at Socket.emit (node:events:519:28)\n      at Pipe.<anonymous> (node:net:337:12) {\n    code: 1,\n    killed: false,\n    signal: null,\n    cmd: `\"C:\\\\workspace\\\\node-test-binary-windows-js-suites\\\\node\\\\Release\\\\node.exe\" -pe  'Promise.resolve().then(() => 10)'`\n  },\n  expected: null,\n  operator: 'ifError'\n}\n\nNode.js v22.0.0-pre"},"time":2513.892,"fullname":"parallel/test-cli-eval","closingTestPoint":false}}]}