{"failedTests":[{"testName":"parallel/test-net-listen-twice","timestamp":1710756107060,"status":"FAILED","jobName":"node-test-binary-windows-js-suites","config":"node-test-binary-windows-js-suites » 2,win11-COMPILED_BY-vs2022 #26547","buildUrl":"https://ci.nodejs.org/job/node-test-binary-windows-js-suites/RUN_SUBSET=2,nodes=win11-COMPILED_BY-vs2022/26547/","buildNumber":26547,"builtOn":"test-azure_msft-win11_vs2022-x64-2","nodeVersion":"22.0.0","commitHash":"ae3fc20bbb1ce1664ab68764d85dc877c7006da3","callStack":[{"upstreamBuild":61498,"upstreamProject":"node-test-commit-windows-fanned","upstreamUrl":"job/node-test-commit-windows-fanned/"},{"upstreamBuild":69178,"upstreamProject":"node-test-commit","upstreamUrl":"job/node-test-commit/"},{"upstreamBuild":57799,"upstreamProject":"node-test-pull-request","upstreamUrl":"job/node-test-pull-request/"},{"prId":"52119"}],"tap":{"ok":false,"name":"parallel/test-net-listen-twice","id":549,"buffered":false,"tapError":null,"skip":false,"todo":false,"previous":null,"plan":null,"diag":{"severity":"fail","exitcode":1,"stack":"node:internal/child_process:835\n        handle.setSimultaneousAccepts(true);\n               ^\n\nTypeError: handle.setSimultaneousAccepts is not a function\n    at target._send (node:internal/child_process:835:16)\n    at ChildProcess.<anonymous> (node:internal/child_process:682:16)\n    at ChildProcess.emit (node:events:532:35)\n    at emit (node:internal/child_process:951:14)\n    at process.processTicksAndRejections (node:internal/process/task_queues:83:21)\n\nNode.js v22.0.0-pre"},"time":215.005,"fullname":"parallel/test-net-listen-twice","closingTestPoint":false}},{"testName":"parallel/test-net-listen-twice","timestamp":1710756107060,"status":"FAILED","jobName":"node-test-binary-windows-js-suites","config":"node-test-binary-windows-js-suites » 2,win2019-COMPILED_BY-vs2022 #26547","buildUrl":"https://ci.nodejs.org/job/node-test-binary-windows-js-suites/RUN_SUBSET=2,nodes=win2019-COMPILED_BY-vs2022/26547/","buildNumber":26547,"builtOn":"test-rackspace-win2019_vs2019-x64-4","nodeVersion":"22.0.0","commitHash":"ae3fc20bbb1ce1664ab68764d85dc877c7006da3","callStack":[{"upstreamBuild":61498,"upstreamProject":"node-test-commit-windows-fanned","upstreamUrl":"job/node-test-commit-windows-fanned/"},{"upstreamBuild":69178,"upstreamProject":"node-test-commit","upstreamUrl":"job/node-test-commit/"},{"upstreamBuild":57799,"upstreamProject":"node-test-pull-request","upstreamUrl":"job/node-test-pull-request/"},{"prId":"52119"}],"tap":{"ok":false,"name":"parallel/test-net-listen-twice","id":551,"buffered":false,"tapError":null,"skip":false,"todo":false,"previous":null,"plan":null,"diag":{"severity":"fail","exitcode":1,"stack":"node:internal/child_process:835\n        handle.setSimultaneousAccepts(true);\n               ^\n\nTypeError: handle.setSimultaneousAccepts is not a function\n    at target._send (node:internal/child_process:835:16)\n    at ChildProcess.<anonymous> (node:internal/child_process:682:16)\n    at ChildProcess.emit (node:events:532:35)\n    at emit (node:internal/child_process:951:14)\n    at process.processTicksAndRejections (node:internal/process/task_queues:83:21)\n\nNode.js v22.0.0-pre"},"time":502.994,"fullname":"parallel/test-net-listen-twice","closingTestPoint":false}},{"testName":"wasi/test-wasi-poll","timestamp":1710756107060,"status":"FAILED","jobName":"node-test-binary-windows-js-suites","config":"node-test-binary-windows-js-suites » 1,win11-arm64-COMPILED_BY-vs2022-arm64 #26547","buildUrl":"https://ci.nodejs.org/job/node-test-binary-windows-js-suites/RUN_SUBSET=1,nodes=win11-arm64-COMPILED_BY-vs2022-arm64/26547/","buildNumber":26547,"builtOn":"test-azure_msft-win11_vs2022-arm64-3","nodeVersion":"22.0.0","commitHash":"ae3fc20bbb1ce1664ab68764d85dc877c7006da3","callStack":[{"upstreamBuild":61498,"upstreamProject":"node-test-commit-windows-fanned","upstreamUrl":"job/node-test-commit-windows-fanned/"},{"upstreamBuild":69178,"upstreamProject":"node-test-commit","upstreamUrl":"job/node-test-commit/"},{"upstreamBuild":57799,"upstreamProject":"node-test-pull-request","upstreamUrl":"job/node-test-pull-request/"},{"prId":"52119"}],"tap":{"ok":false,"name":"wasi/test-wasi-poll","id":921,"buffered":false,"tapError":null,"skip":false,"todo":": Fix flaky test","previous":null,"plan":null,"diag":{"severity":"flaky","exitcode":1,"stack":"Testing with --turbo-fast-api-calls: poll\n[process 4120]: --- stderr ---\n(node:4120) ExperimentalWarning: WASI is an experimental feature and might change at any time\n(Use `node --trace-warnings ...` to show where the warning was created)\n\n[process 4120]: --- stdout ---\n\n[process 4120]: status = 3221225477, signal = null\nd:\\workspace\\node-test-binary-windows-js-suites\\node\\test\\common\\child_process.js:86\n    throw new Error(`${failures.join('\\n')}`);\n    ^\n\nError: - process terminated with status 3221225477, expected 0\n    at logAndThrow (d:\\workspace\\node-test-binary-windows-js-suites\\node\\test\\common\\child_process.js:86:11)\n    at expectSyncExit (d:\\workspace\\node-test-binary-windows-js-suites\\node\\test\\common\\child_process.js:91:5)\n    at spawnSyncAndExitWithoutError (d:\\workspace\\node-test-binary-windows-js-suites\\node\\test\\common\\child_process.js:125:10)\n    at testWasiPreview1 (d:\\workspace\\node-test-binary-windows-js-suites\\node\\test\\common\\wasi.js:18:3)\n    at Object.<anonymous> (d:\\workspace\\node-test-binary-windows-js-suites\\node\\test\\wasi\\test-wasi-poll.js:5:1)\n    at Module._compile (node:internal/modules/cjs/loader:1357:14)\n    at Module._extensions..js (node:internal/modules/cjs/loader:1415:10)\n    at Module.load (node:internal/modules/cjs/loader:1207:32)\n    at Module._load (node:internal/modules/cjs/loader:1023:12)\n    at Function.executeUserEntryPoint [as runMain] (node:internal/modules/run_main:177:12)\n\nNode.js v22.0.0-pre"},"time":604.997,"fullname":"wasi/test-wasi-poll","closingTestPoint":false}},{"testName":"parallel/test-net-listen-twice","timestamp":1710756107060,"status":"FAILED","jobName":"node-test-binary-windows-js-suites","config":"node-test-binary-windows-js-suites » 2,win10-COMPILED_BY-vs2022 #26547","buildUrl":"https://ci.nodejs.org/job/node-test-binary-windows-js-suites/RUN_SUBSET=2,nodes=win10-COMPILED_BY-vs2022/26547/","buildNumber":26547,"builtOn":"test-azure_msft-win10_vs2019-x64-1","nodeVersion":"22.0.0","commitHash":"ae3fc20bbb1ce1664ab68764d85dc877c7006da3","callStack":[{"upstreamBuild":61498,"upstreamProject":"node-test-commit-windows-fanned","upstreamUrl":"job/node-test-commit-windows-fanned/"},{"upstreamBuild":69178,"upstreamProject":"node-test-commit","upstreamUrl":"job/node-test-commit/"},{"upstreamBuild":57799,"upstreamProject":"node-test-pull-request","upstreamUrl":"job/node-test-pull-request/"},{"prId":"52119"}],"tap":{"ok":false,"name":"parallel/test-net-listen-twice","id":551,"buffered":false,"tapError":null,"skip":false,"todo":false,"previous":null,"plan":null,"diag":{"severity":"fail","exitcode":1,"stack":"Mismatched noop function calls. Expected exactly 1, actual 0.\nnode:internal/child_process:835\n        handle.setSimultaneousAccepts(true);\n               ^\n\nTypeError: handle.setSimultaneousAccepts is not a function\n    at target._send (node:internal/child_process:835:16)\n    at ChildProcess.<anonymous> (node:internal/child_process:682:16)\n    at ChildProcess.emit (node:events:532:35)\n    at emit (node:internal/child_process:951:14)\n    at process.processTicksAndRejections (node:internal/process/task_queues:83:21)\n\nNode.js v22.0.0-pre"},"time":386.999,"fullname":"parallel/test-net-listen-twice","closingTestPoint":false}},{"testName":"parallel/test-net-listen-twice","timestamp":1710756107060,"status":"FAILED","jobName":"node-test-binary-windows-js-suites","config":"node-test-binary-windows-js-suites » 2,win2016-COMPILED_BY-vs2022-x86 #26547","buildUrl":"https://ci.nodejs.org/job/node-test-binary-windows-js-suites/RUN_SUBSET=2,nodes=win2016-COMPILED_BY-vs2022-x86/26547/","buildNumber":26547,"builtOn":"test-rackspace-win2016_vs2015-x64-2","nodeVersion":"22.0.0","commitHash":"ae3fc20bbb1ce1664ab68764d85dc877c7006da3","callStack":[{"upstreamBuild":61498,"upstreamProject":"node-test-commit-windows-fanned","upstreamUrl":"job/node-test-commit-windows-fanned/"},{"upstreamBuild":69178,"upstreamProject":"node-test-commit","upstreamUrl":"job/node-test-commit/"},{"upstreamBuild":57799,"upstreamProject":"node-test-pull-request","upstreamUrl":"job/node-test-pull-request/"},{"prId":"52119"}],"tap":{"ok":false,"name":"parallel/test-net-listen-twice","id":553,"buffered":false,"tapError":null,"skip":false,"todo":false,"previous":null,"plan":null,"diag":{"severity":"fail","exitcode":1,"stack":"node:internal/child_process:835\n        handle.setSimultaneousAccepts(true);\n               ^\n\nTypeError: handle.setSimultaneousAccepts is not a function\n    at target._send (node:internal/child_process:835:16)\n    at ChildProcess.<anonymous> (node:internal/child_process:682:16)\n    at ChildProcess.emit (node:events:532:35)\n    at emit (node:internal/child_process:951:14)\n    at process.processTicksAndRejections (node:internal/process/task_queues:83:21)\n\nNode.js v22.0.0-pre"},"time":499.005,"fullname":"parallel/test-net-listen-twice","closingTestPoint":false}},{"testName":"parallel/test-net-listen-twice","timestamp":1710756107060,"status":"FAILED","jobName":"node-test-binary-windows-js-suites","config":"node-test-binary-windows-js-suites » 2,win2022-COMPILED_BY-vs2022 #26547","buildUrl":"https://ci.nodejs.org/job/node-test-binary-windows-js-suites/RUN_SUBSET=2,nodes=win2022-COMPILED_BY-vs2022/26547/","buildNumber":26547,"builtOn":"test-rackspace-win2022_vs2022-x64-4","nodeVersion":"22.0.0","commitHash":"ae3fc20bbb1ce1664ab68764d85dc877c7006da3","callStack":[{"upstreamBuild":61498,"upstreamProject":"node-test-commit-windows-fanned","upstreamUrl":"job/node-test-commit-windows-fanned/"},{"upstreamBuild":69178,"upstreamProject":"node-test-commit","upstreamUrl":"job/node-test-commit/"},{"upstreamBuild":57799,"upstreamProject":"node-test-pull-request","upstreamUrl":"job/node-test-pull-request/"},{"prId":"52119"}],"tap":{"ok":false,"name":"parallel/test-net-listen-twice","id":552,"buffered":false,"tapError":null,"skip":false,"todo":false,"previous":null,"plan":null,"diag":{"severity":"fail","exitcode":1,"stack":"node:internal/child_process:835\n        handle.setSimultaneousAccepts(true);\n               ^\n\nTypeError: handle.setSimultaneousAccepts is not a function\n    at target._send (node:internal/child_process:835:16)\n    at ChildProcess.<anonymous> (node:internal/child_process:682:16)\n    at ChildProcess.emit (node:events:532:35)\n    at emit (node:internal/child_process:951:14)\n    at process.processTicksAndRejections (node:internal/process/task_queues:83:21)\n\nNode.js v22.0.0-pre"},"time":503.017,"fullname":"parallel/test-net-listen-twice","closingTestPoint":false}},{"testName":"parallel/test-net-listen-twice","timestamp":1710756107060,"status":"FAILED","jobName":"node-test-binary-windows-js-suites","config":"node-test-binary-windows-js-suites » 3,win11-arm64-COMPILED_BY-vs2022-arm64 #26547","buildUrl":"https://ci.nodejs.org/job/node-test-binary-windows-js-suites/RUN_SUBSET=3,nodes=win11-arm64-COMPILED_BY-vs2022-arm64/26547/","buildNumber":26547,"builtOn":"test-azure_msft-win11_vs2022-arm64-6","nodeVersion":"22.0.0","commitHash":"ae3fc20bbb1ce1664ab68764d85dc877c7006da3","callStack":[{"upstreamBuild":61498,"upstreamProject":"node-test-commit-windows-fanned","upstreamUrl":"job/node-test-commit-windows-fanned/"},{"upstreamBuild":69178,"upstreamProject":"node-test-commit","upstreamUrl":"job/node-test-commit/"},{"upstreamBuild":57799,"upstreamProject":"node-test-pull-request","upstreamUrl":"job/node-test-pull-request/"},{"prId":"52119"}],"tap":{"ok":false,"name":"parallel/test-net-listen-twice","id":552,"buffered":false,"tapError":null,"skip":false,"todo":false,"previous":null,"plan":null,"diag":{"severity":"fail","exitcode":1,"stack":"node:internal/child_process:835\n        handle.setSimultaneousAccepts(true);\n               ^\n\nTypeError: handle.setSimultaneousAccepts is not a function\n    at target._send (node:internal/child_process:835:16)\n    at ChildProcess.<anonymous> (node:internal/child_process:682:16)\n    at ChildProcess.emit (node:events:532:35)\n    at emit (node:internal/child_process:951:14)\n    at process.processTicksAndRejections (node:internal/process/task_queues:83:21)\n\nNode.js v22.0.0-pre"},"time":482.865,"fullname":"parallel/test-net-listen-twice","closingTestPoint":false}},{"testName":"parallel/test-runner-watch-mode","timestamp":1710756107060,"status":"FAILED","jobName":"node-test-binary-windows-js-suites","config":"node-test-binary-windows-js-suites » 0,win2022-COMPILED_BY-vs2022 #26547","buildUrl":"https://ci.nodejs.org/job/node-test-binary-windows-js-suites/RUN_SUBSET=0,nodes=win2022-COMPILED_BY-vs2022/26547/","buildNumber":26547,"builtOn":"test-rackspace-win2022_vs2022-x64-4","nodeVersion":"22.0.0","commitHash":"ae3fc20bbb1ce1664ab68764d85dc877c7006da3","callStack":[{"upstreamBuild":61498,"upstreamProject":"node-test-commit-windows-fanned","upstreamUrl":"job/node-test-commit-windows-fanned/"},{"upstreamBuild":69178,"upstreamProject":"node-test-commit","upstreamUrl":"job/node-test-commit/"},{"upstreamBuild":57799,"upstreamProject":"node-test-pull-request","upstreamUrl":"job/node-test-pull-request/"},{"prId":"52119"}],"tap":{"ok":false,"name":"parallel/test-runner-watch-mode","id":733,"buffered":false,"tapError":null,"skip":false,"todo":": Fix flaky test","previous":null,"plan":null,"diag":{"severity":"flaky","exitcode":1,"stack":"TAP version 13\n# Subtest: test runner watch mode\n    # Subtest: should run tests repeatedly\n    ok 1 - should run tests repeatedly\n      ---\n      duration_ms: 1726.5182\n      ...\n    # Subtest: should run tests with dependency repeatedly\n    ok 2 - should run tests with dependency repeatedly\n      ---\n      duration_ms: 1788.0535\n      ...\n    # Subtest: should run tests with ESM dependency\n    ok 3 - should run tests with ESM dependency\n      ---\n      duration_ms: 1687.5225\n      ...\n    # Subtest: should support running tests without a file\n    ok 4 - should support running tests without a file\n      ---\n      duration_ms: 1756.6471\n      ...\n    1..4\nok 1 - test runner watch mode\n  ---\n  duration_ms: 6965.6955\n  type: 'suite'\n  ...\n1..1\n# tests 4\n# suites 1\n# pass 4\n# fail 0\n# cancelled 0\n# skipped 0\n# todo 0\n# duration_ms 6981.3452\nCan't clean tmpdir: C:\\workspace\\node-test-binary-windows-js-suites\\node\\test\\.tmp.663\nFiles blocking: [ 'dependency.js', 'dependency.mjs', 'test.js' ]\n\nC:\\workspace\\node-test-binary-windows-js-suites\\node\\test\\common\\tmpdir.js:69\n    throw e;\n    ^\n\nError: EBUSY: resource busy or locked, rmdir 'C:\\workspace\\node-test-binary-windows-js-suites\\node\\test\\.tmp.663'\n    at rmdirSync (node:fs:1214:11)\n    at _rmdirSync (node:internal/fs/rimraf:235:5)\n    at rimrafSync (node:internal/fs/rimraf:193:7)\n    at Object.rmSync (node:fs:1263:10)\n    at rmSync (C:\\workspace\\node-test-binary-windows-js-suites\\node\\test\\common\\tmpdir.js:20:8)\n    at onexit (C:\\workspace\\node-test-binary-windows-js-suites\\node\\test\\common\\tmpdir.js:54:5)\n    at process.<anonymous> (C:\\workspace\\node-test-binary-windows-js-suites\\node\\test\\common\\tmpdir.js:43:14)\n    at process.emit (node:events:532:35) {\n  errno: -4082,\n  code: 'EBUSY',\n  syscall: 'rmdir',\n  path: 'C:\\\\workspace\\\\node-test-binary-windows-js-suites\\\\node\\\\test\\\\.tmp.663'\n}\n\nNode.js v22.0.0-pre"},"time":7732.133,"fullname":"parallel/test-runner-watch-mode","closingTestPoint":false}}]}