{"failedTests":[{"testName":"parallel/test-child-process-send-ipc-handle","timestamp":1710818276181,"status":"FAILED","jobName":"node-test-binary-windows-js-suites","config":"node-test-binary-windows-js-suites » 1,win2016-COMPILED_BY-vs2022-x86 #26581","buildUrl":"https://ci.nodejs.org/job/node-test-binary-windows-js-suites/RUN_SUBSET=1,nodes=win2016-COMPILED_BY-vs2022-x86/26581/","buildNumber":26581,"builtOn":"test-azure_msft-win2016_vs2017-x64-1","nodeVersion":"22.0.0","commitHash":"31ef484a80524116ee1cee674b180031d827d6f7","callStack":[{"upstreamBuild":61534,"upstreamProject":"node-test-commit-windows-fanned","upstreamUrl":"job/node-test-commit-windows-fanned/"},{"upstreamBuild":69211,"upstreamProject":"node-test-commit","upstreamUrl":"job/node-test-commit/"},{"upstreamBuild":57829,"upstreamProject":"node-test-pull-request","upstreamUrl":"job/node-test-pull-request/"},{"prId":"52136"}],"tap":{"ok":false,"name":"parallel/test-child-process-send-ipc-handle","id":116,"buffered":false,"tapError":null,"skip":false,"todo":false,"previous":null,"plan":null,"diag":{"severity":"fail","exitcode":1,"stack":"node:events:498\n      throw er; // Unhandled 'error' event\n      ^\n\nError: write ENOTSUP\n    at target._send (node:internal/child_process:884:20)\n    at target.send (node:internal/child_process:754:19)\n    at sendHelper (node:internal/cluster/utils:28:15)\n    at send (node:internal/cluster/primary:348:10)\n    at node:internal/cluster/primary:314:5\n    at SharedHandle.add (node:internal/cluster/shared_handle:30:3)\n    at queryServer (node:internal/cluster/primary:308:10)\n    at Worker.onmessage (node:internal/cluster/primary:254:5)\n    at ChildProcess.onInternalMessage (node:internal/cluster/utils:49:5)\n    at ChildProcess.emit (node:events:532:35)\nEmitted 'error' event on Worker instance at:\n    at ChildProcess.<anonymous> (node:internal/cluster/worker:32:12)\n    at ChildProcess.emit (node:events:520:28)\n    at node:internal/child_process:888:39\n    at process.processTicksAndRejections (node:internal/process/task_queues:77:11) {\n  errno: -4049,\n  code: 'ENOTSUP',\n  syscall: 'write'\n}\n\nNode.js v22.0.0-pre"},"time":293.005,"fullname":"parallel/test-child-process-send-ipc-handle","closingTestPoint":false}},{"testName":"parallel/test-child-process-send-ipc-handle","timestamp":1710818276181,"status":"FAILED","jobName":"node-test-binary-windows-js-suites","config":"node-test-binary-windows-js-suites » 1,win10-COMPILED_BY-vs2022 #26581","buildUrl":"https://ci.nodejs.org/job/node-test-binary-windows-js-suites/RUN_SUBSET=1,nodes=win10-COMPILED_BY-vs2022/26581/","buildNumber":26581,"builtOn":"test-azure_msft-win10_vs2019-x64-3","nodeVersion":"22.0.0","commitHash":"31ef484a80524116ee1cee674b180031d827d6f7","callStack":[{"upstreamBuild":61534,"upstreamProject":"node-test-commit-windows-fanned","upstreamUrl":"job/node-test-commit-windows-fanned/"},{"upstreamBuild":69211,"upstreamProject":"node-test-commit","upstreamUrl":"job/node-test-commit/"},{"upstreamBuild":57829,"upstreamProject":"node-test-pull-request","upstreamUrl":"job/node-test-pull-request/"},{"prId":"52136"}],"tap":{"ok":false,"name":"parallel/test-child-process-send-ipc-handle","id":115,"buffered":false,"tapError":null,"skip":false,"todo":false,"previous":null,"plan":null,"diag":{"severity":"fail","exitcode":1,"stack":"Mismatched <anonymous> function calls. Expected exactly 1, actual 0.\n    at Proxy.mustCall (c:\\workspace\\node-test-binary-windows-js-suites\\node\\test\\common\\index.js:431:10)\n    at Object.<anonymous> (c:\\workspace\\node-test-binary-windows-js-suites\\node\\test\\parallel\\test-child-process-send-ipc-handle.js:20:37)\n    at Module._compile (node:internal/modules/cjs/loader:1413:14)\n    at Module._extensions..js (node:internal/modules/cjs/loader:1491:10)\n    at Module.load (node:internal/modules/cjs/loader:1231:32)\n    at Module._load (node:internal/modules/cjs/loader:1047:12)\n    at Function.executeUserEntryPoint [as runMain] (node:internal/modules/run_main:177:12)\n    at node:internal/main/run_main_module:28:49\nnode:events:498\n      throw er; // Unhandled 'error' event\n      ^\n\nError: write ENOTSUP\n    at target._send (node:internal/child_process:884:20)\n    at target.send (node:internal/child_process:754:19)\n    at sendHelper (node:internal/cluster/utils:28:15)\n    at send (node:internal/cluster/primary:348:10)\n    at node:internal/cluster/primary:314:5\n    at SharedHandle.add (node:internal/cluster/shared_handle:30:3)\n    at queryServer (node:internal/cluster/primary:308:10)\n    at Worker.onmessage (node:internal/cluster/primary:254:5)\n    at ChildProcess.onInternalMessage (node:internal/cluster/utils:49:5)\n    at ChildProcess.emit (node:events:532:35)\nEmitted 'error' event on Worker instance at:\n    at ChildProcess.<anonymous> (node:internal/cluster/worker:32:12)\n    at ChildProcess.emit (node:events:520:28)\n    at node:internal/child_process:888:39\n    at process.processTicksAndRejections (node:internal/process/task_queues:77:11) {\n  errno: -4049,\n  code: 'ENOTSUP',\n  syscall: 'write'\n}\n\nNode.js v22.0.0-pre"},"time":303.019,"fullname":"parallel/test-child-process-send-ipc-handle","closingTestPoint":false}},{"testName":"sequential/test-http2-large-file","timestamp":1710818276181,"status":"FAILED","jobName":"node-test-binary-windows-js-suites","config":"node-test-binary-windows-js-suites » 0,win2019-COMPILED_BY-vs2022 #26581","buildUrl":"https://ci.nodejs.org/job/node-test-binary-windows-js-suites/RUN_SUBSET=0,nodes=win2019-COMPILED_BY-vs2022/26581/","buildNumber":26581,"builtOn":"test-rackspace-win2019_vs2019-x64-1","nodeVersion":"22.0.0","commitHash":"31ef484a80524116ee1cee674b180031d827d6f7","callStack":[{"upstreamBuild":61534,"upstreamProject":"node-test-commit-windows-fanned","upstreamUrl":"job/node-test-commit-windows-fanned/"},{"upstreamBuild":69211,"upstreamProject":"node-test-commit","upstreamUrl":"job/node-test-commit/"},{"upstreamBuild":57829,"upstreamProject":"node-test-pull-request","upstreamUrl":"job/node-test-pull-request/"},{"prId":"52136"}],"tap":{"ok":false,"name":"sequential/test-http2-large-file","id":963,"buffered":false,"tapError":null,"skip":false,"todo":": Fix flaky test","previous":null,"plan":null,"diag":{"severity":"fail","exitcode":1,"stack":"timeout"},"time":120185.003,"fullname":"sequential/test-http2-large-file","closingTestPoint":false}},{"testName":"parallel/test-child-process-send-ipc-handle","timestamp":1710818276181,"status":"FAILED","jobName":"node-test-binary-windows-js-suites","config":"node-test-binary-windows-js-suites » 0,win11-arm64-COMPILED_BY-vs2022-arm64 #26581","buildUrl":"https://ci.nodejs.org/job/node-test-binary-windows-js-suites/RUN_SUBSET=0,nodes=win11-arm64-COMPILED_BY-vs2022-arm64/26581/","buildNumber":26581,"builtOn":"test-azure_msft-win11_vs2022-arm64-6","nodeVersion":"22.0.0","commitHash":"31ef484a80524116ee1cee674b180031d827d6f7","callStack":[{"upstreamBuild":61534,"upstreamProject":"node-test-commit-windows-fanned","upstreamUrl":"job/node-test-commit-windows-fanned/"},{"upstreamBuild":69211,"upstreamProject":"node-test-commit","upstreamUrl":"job/node-test-commit/"},{"upstreamBuild":57829,"upstreamProject":"node-test-pull-request","upstreamUrl":"job/node-test-pull-request/"},{"prId":"52136"}],"tap":{"ok":false,"name":"parallel/test-child-process-send-ipc-handle","id":115,"buffered":false,"tapError":null,"skip":false,"todo":false,"previous":null,"plan":null,"diag":{"severity":"fail","exitcode":1,"stack":"node:events:498\n      throw er; // Unhandled 'error' event\n      ^\n\nError: write ENOTSUP\n    at target._send (node:internal/child_process:884:20)\n    at target.send (node:internal/child_process:754:19)\n    at sendHelper (node:internal/cluster/utils:28:15)\n    at send (node:internal/cluster/primary:348:10)\n    at node:internal/cluster/primary:314:5\n    at SharedHandle.add (node:internal/cluster/shared_handle:30:3)\n    at queryServer (node:internal/cluster/primary:308:10)\n    at Worker.onmessage (node:internal/cluster/primary:254:5)\n    at ChildProcess.onInternalMessage (node:internal/cluster/utils:49:5)\n    at ChildProcess.emit (node:events:532:35)\nEmitted 'error' event on Worker instance at:\n    at ChildProcess.<anonymous> (node:internal/cluster/worker:32:12)\n    at ChildProcess.emit (node:events:520:28)\n    at node:internal/child_process:888:39\n    at process.processTicksAndRejections (node:internal/process/task_queues:77:11) {\n  errno: -4049,\n  code: 'ENOTSUP',\n  syscall: 'write'\n}\n\nNode.js v22.0.0-pre"},"time":487.255,"fullname":"parallel/test-child-process-send-ipc-handle","closingTestPoint":false}},{"testName":"parallel/test-child-process-send-ipc-handle","timestamp":1710818276181,"status":"FAILED","jobName":"node-test-binary-windows-js-suites","config":"node-test-binary-windows-js-suites » 1,win2019-COMPILED_BY-vs2022 #26581","buildUrl":"https://ci.nodejs.org/job/node-test-binary-windows-js-suites/RUN_SUBSET=1,nodes=win2019-COMPILED_BY-vs2022/26581/","buildNumber":26581,"builtOn":"test-rackspace-win2019_vs2019-x64-2","nodeVersion":"22.0.0","commitHash":"31ef484a80524116ee1cee674b180031d827d6f7","callStack":[{"upstreamBuild":61534,"upstreamProject":"node-test-commit-windows-fanned","upstreamUrl":"job/node-test-commit-windows-fanned/"},{"upstreamBuild":69211,"upstreamProject":"node-test-commit","upstreamUrl":"job/node-test-commit/"},{"upstreamBuild":57829,"upstreamProject":"node-test-pull-request","upstreamUrl":"job/node-test-pull-request/"},{"prId":"52136"}],"tap":{"ok":false,"name":"parallel/test-child-process-send-ipc-handle","id":118,"buffered":false,"tapError":null,"skip":false,"todo":false,"previous":null,"plan":null,"diag":{"severity":"fail","exitcode":1,"stack":"node:events:498\n      throw er; // Unhandled 'error' event\n      ^\n\nError: write ENOTSUP\n    at target._send (node:internal/child_process:884:20)\n    at target.send (node:internal/child_process:754:19)\n    at sendHelper (node:internal/cluster/utils:28:15)\n    at send (node:internal/cluster/primary:348:10)\n    at node:internal/cluster/primary:314:5\n    at SharedHandle.add (node:internal/cluster/shared_handle:30:3)\n    at queryServer (node:internal/cluster/primary:308:10)\n    at Worker.onmessage (node:internal/cluster/primary:254:5)\n    at ChildProcess.onInternalMessage (node:internal/cluster/utils:49:5)\n    at ChildProcess.emit (node:events:532:35)\nEmitted 'error' event on Worker instance at:\n    at ChildProcess.<anonymous> (node:internal/cluster/worker:32:12)\n    at ChildProcess.emit (node:events:520:28)\n    at node:internal/child_process:888:39\n    at process.processTicksAndRejections (node:internal/process/task_queues:77:11) {\n  errno: -4049,\n  code: 'ENOTSUP',\n  syscall: 'write'\n}\n\nNode.js v22.0.0-pre"},"time":499.007,"fullname":"parallel/test-child-process-send-ipc-handle","closingTestPoint":false}},{"testName":"parallel/test-child-process-send-ipc-handle","timestamp":1710818276181,"status":"FAILED","jobName":"node-test-binary-windows-js-suites","config":"node-test-binary-windows-js-suites » 1,win11-COMPILED_BY-vs2022 #26581","buildUrl":"https://ci.nodejs.org/job/node-test-binary-windows-js-suites/RUN_SUBSET=1,nodes=win11-COMPILED_BY-vs2022/26581/","buildNumber":26581,"builtOn":"test-azure_msft-win11_vs2022-x64-1","nodeVersion":"22.0.0","commitHash":"31ef484a80524116ee1cee674b180031d827d6f7","callStack":[{"upstreamBuild":61534,"upstreamProject":"node-test-commit-windows-fanned","upstreamUrl":"job/node-test-commit-windows-fanned/"},{"upstreamBuild":69211,"upstreamProject":"node-test-commit","upstreamUrl":"job/node-test-commit/"},{"upstreamBuild":57829,"upstreamProject":"node-test-pull-request","upstreamUrl":"job/node-test-pull-request/"},{"prId":"52136"}],"tap":{"ok":false,"name":"parallel/test-child-process-send-ipc-handle","id":115,"buffered":false,"tapError":null,"skip":false,"todo":false,"previous":null,"plan":null,"diag":{"severity":"fail","exitcode":1,"stack":"node:events:498\n      throw er; // Unhandled 'error' event\n      ^\n\nError: write ENOTSUP\n    at target._send (node:internal/child_process:884:20)\n    at target.send (node:internal/child_process:754:19)\n    at sendHelper (node:internal/cluster/utils:28:15)\n    at send (node:internal/cluster/primary:348:10)\n    at node:internal/cluster/primary:314:5\n    at SharedHandle.add (node:internal/cluster/shared_handle:30:3)\n    at queryServer (node:internal/cluster/primary:308:10)\n    at Worker.onmessage (node:internal/cluster/primary:254:5)\n    at ChildProcess.onInternalMessage (node:internal/cluster/utils:49:5)\n    at ChildProcess.emit (node:events:532:35)\nEmitted 'error' event on Worker instance at:\n    at ChildProcess.<anonymous> (node:internal/cluster/worker:32:12)\n    at ChildProcess.emit (node:events:520:28)\n    at node:internal/child_process:888:39\n    at process.processTicksAndRejections (node:internal/process/task_queues:77:11) {\n  errno: -4049,\n  code: 'ENOTSUP',\n  syscall: 'write'\n}\n\nNode.js v22.0.0-pre"},"time":293.006,"fullname":"parallel/test-child-process-send-ipc-handle","closingTestPoint":false}},{"testName":"wasi/test-wasi-poll","timestamp":1710818276181,"status":"FAILED","jobName":"node-test-binary-windows-js-suites","config":"node-test-binary-windows-js-suites » 1,win11-arm64-COMPILED_BY-vs2022-arm64 #26581","buildUrl":"https://ci.nodejs.org/job/node-test-binary-windows-js-suites/RUN_SUBSET=1,nodes=win11-arm64-COMPILED_BY-vs2022-arm64/26581/","buildNumber":26581,"builtOn":"test-azure_msft-win11_vs2022-arm64-3","nodeVersion":"22.0.0","commitHash":"31ef484a80524116ee1cee674b180031d827d6f7","callStack":[{"upstreamBuild":61534,"upstreamProject":"node-test-commit-windows-fanned","upstreamUrl":"job/node-test-commit-windows-fanned/"},{"upstreamBuild":69211,"upstreamProject":"node-test-commit","upstreamUrl":"job/node-test-commit/"},{"upstreamBuild":57829,"upstreamProject":"node-test-pull-request","upstreamUrl":"job/node-test-pull-request/"},{"prId":"52136"}],"tap":{"ok":false,"name":"wasi/test-wasi-poll","id":922,"buffered":false,"tapError":null,"skip":false,"todo":": Fix flaky test","previous":null,"plan":null,"diag":{"severity":"flaky","exitcode":1,"stack":"Testing with --turbo-fast-api-calls: poll\n[process 11612]: --- stderr ---\n(node:11612) ExperimentalWarning: WASI is an experimental feature and might change at any time\n(Use `node --trace-warnings ...` to show where the warning was created)\n\n[process 11612]: --- stdout ---\n\n[process 11612]: status = 3221225477, signal = null\nd:\\workspace\\node-test-binary-windows-js-suites\\node\\test\\common\\child_process.js:86\n    throw new Error(`${failures.join('\\n')}`);\n    ^\n\nError: - process terminated with status 3221225477, expected 0\n    at logAndThrow (d:\\workspace\\node-test-binary-windows-js-suites\\node\\test\\common\\child_process.js:86:11)\n    at expectSyncExit (d:\\workspace\\node-test-binary-windows-js-suites\\node\\test\\common\\child_process.js:91:5)\n    at spawnSyncAndExitWithoutError (d:\\workspace\\node-test-binary-windows-js-suites\\node\\test\\common\\child_process.js:125:10)\n    at testWasiPreview1 (d:\\workspace\\node-test-binary-windows-js-suites\\node\\test\\common\\wasi.js:18:3)\n    at Object.<anonymous> (d:\\workspace\\node-test-binary-windows-js-suites\\node\\test\\wasi\\test-wasi-poll.js:5:1)\n    at Module._compile (node:internal/modules/cjs/loader:1413:14)\n    at Module._extensions..js (node:internal/modules/cjs/loader:1491:10)\n    at Module.load (node:internal/modules/cjs/loader:1231:32)\n    at Module._load (node:internal/modules/cjs/loader:1047:12)\n    at Function.executeUserEntryPoint [as runMain] (node:internal/modules/run_main:177:12)\n\nNode.js v22.0.0-pre"},"time":587.991,"fullname":"wasi/test-wasi-poll","closingTestPoint":false}},{"testName":"parallel/test-child-process-send-ipc-handle","timestamp":1710818276181,"status":"FAILED","jobName":"node-test-binary-windows-js-suites","config":"node-test-binary-windows-js-suites » 1,win2022-COMPILED_BY-vs2022 #26581","buildUrl":"https://ci.nodejs.org/job/node-test-binary-windows-js-suites/RUN_SUBSET=1,nodes=win2022-COMPILED_BY-vs2022/26581/","buildNumber":26581,"builtOn":"test-rackspace-win2022_vs2022-x64-2","nodeVersion":"22.0.0","commitHash":"31ef484a80524116ee1cee674b180031d827d6f7","callStack":[{"upstreamBuild":61534,"upstreamProject":"node-test-commit-windows-fanned","upstreamUrl":"job/node-test-commit-windows-fanned/"},{"upstreamBuild":69211,"upstreamProject":"node-test-commit","upstreamUrl":"job/node-test-commit/"},{"upstreamBuild":57829,"upstreamProject":"node-test-pull-request","upstreamUrl":"job/node-test-pull-request/"},{"prId":"52136"}],"tap":{"ok":false,"name":"parallel/test-child-process-send-ipc-handle","id":114,"buffered":false,"tapError":null,"skip":false,"todo":false,"previous":null,"plan":null,"diag":{"severity":"fail","exitcode":1,"stack":"node:events:498\n      throw er; // Unhandled 'error' event\n      ^\n\nError: write ENOTSUP\n    at target._send (node:internal/child_process:884:20)\n    at target.send (node:internal/child_process:754:19)\n    at sendHelper (node:internal/cluster/utils:28:15)\n    at send (node:internal/cluster/primary:348:10)\n    at node:internal/cluster/primary:314:5\n    at SharedHandle.add (node:internal/cluster/shared_handle:30:3)\n    at queryServer (node:internal/cluster/primary:308:10)\n    at Worker.onmessage (node:internal/cluster/primary:254:5)\n    at ChildProcess.onInternalMessage (node:internal/cluster/utils:49:5)\n    at ChildProcess.emit (node:events:532:35)\nEmitted 'error' event on Worker instance at:\n    at ChildProcess.<anonymous> (node:internal/cluster/worker:32:12)\n    at ChildProcess.emit (node:events:520:28)\n    at node:internal/child_process:888:39\n    at process.processTicksAndRejections (node:internal/process/task_queues:77:11) {\n  errno: -4049,\n  code: 'ENOTSUP',\n  syscall: 'write'\n}\n\nNode.js v22.0.0-pre"},"time":413.032,"fullname":"parallel/test-child-process-send-ipc-handle","closingTestPoint":false}}]}