{"failedTests":[{"testName":"parallel/test-runner-watch-mode","timestamp":1710860506000,"status":"FAILED","jobName":"node-test-binary-windows-js-suites","config":"node-test-binary-windows-js-suites » 1,win2022-COMPILED_BY-vs2022 #26596","buildUrl":"https://ci.nodejs.org/job/node-test-binary-windows-js-suites/RUN_SUBSET=1,nodes=win2022-COMPILED_BY-vs2022/26596/","buildNumber":26596,"builtOn":"test-rackspace-win2022_vs2022-x64-4","nodeVersion":"22.0.0","commitHash":"d7dd131728b8531203e9d3456a34b3f92bcb0a45","callStack":[{"upstreamBuild":61548,"upstreamProject":"node-test-commit-windows-fanned","upstreamUrl":"job/node-test-commit-windows-fanned/"},{"upstreamBuild":69225,"upstreamProject":"node-test-commit","upstreamUrl":"job/node-test-commit/"},{"upstreamBuild":57838,"upstreamProject":"node-test-pull-request","upstreamUrl":"job/node-test-pull-request/"},{"prId":"52148"}],"tap":{"ok":false,"name":"parallel/test-runner-watch-mode","id":726,"buffered":false,"tapError":null,"skip":false,"todo":": Fix flaky test","previous":null,"plan":null,"diag":{"severity":"flaky","exitcode":1,"stack":"TAP version 13\n# Subtest: test runner watch mode\n    # Subtest: should run tests repeatedly\n    ok 1 - should run tests repeatedly\n      ---\n      duration_ms: 1930.4205\n      ...\n    # Subtest: should run tests with dependency repeatedly\n    ok 2 - should run tests with dependency repeatedly\n      ---\n      duration_ms: 1795.9551\n      ...\n    # Subtest: should run tests with ESM dependency\n    ok 3 - should run tests with ESM dependency\n      ---\n      duration_ms: 1746.9661\n      ...\n    # Subtest: should support running tests without a file\n    ok 4 - should support running tests without a file\n      ---\n      duration_ms: 1763.6397\n      ...\n    1..4\nok 1 - test runner watch mode\n  ---\n  duration_ms: 7244.6731\n  type: 'suite'\n  ...\n1..1\n# tests 4\n# suites 1\n# pass 4\n# fail 0\n# cancelled 0\n# skipped 0\n# todo 0\n# duration_ms 7261.6831\nCan't clean tmpdir: C:\\workspace\\node-test-binary-windows-js-suites\\node\\test\\.tmp.666\nFiles blocking: [ 'dependency.js', 'dependency.mjs', 'test.js' ]\n\nC:\\workspace\\node-test-binary-windows-js-suites\\node\\test\\common\\tmpdir.js:69\n    throw e;\n    ^\n\nError: EBUSY: resource busy or locked, rmdir 'C:\\workspace\\node-test-binary-windows-js-suites\\node\\test\\.tmp.666'\n    at rmdirSync (node:fs:1214:11)\n    at _rmdirSync (node:internal/fs/rimraf:235:5)\n    at rimrafSync (node:internal/fs/rimraf:193:7)\n    at Object.rmSync (node:fs:1263:10)\n    at rmSync (C:\\workspace\\node-test-binary-windows-js-suites\\node\\test\\common\\tmpdir.js:20:8)\n    at onexit (C:\\workspace\\node-test-binary-windows-js-suites\\node\\test\\common\\tmpdir.js:54:5)\n    at process.<anonymous> (C:\\workspace\\node-test-binary-windows-js-suites\\node\\test\\common\\tmpdir.js:43:14)\n    at process.emit (node:events:532:35) {\n  errno: -4082,\n  code: 'EBUSY',\n  syscall: 'rmdir',\n  path: 'C:\\\\workspace\\\\node-test-binary-windows-js-suites\\\\node\\\\test\\\\.tmp.666'\n}\n\nNode.js v22.0.0-pre"},"time":7820.129,"fullname":"parallel/test-runner-watch-mode","closingTestPoint":false}},{"testName":"parallel/test-worker-memory","timestamp":1710860506000,"status":"REGRESSION","jobName":"node-test-binary-windows-js-suites","config":"node-test-binary-windows-js-suites » 0,win2016-COMPILED_BY-vs2022-x86 #26596","buildUrl":"https://ci.nodejs.org/job/node-test-binary-windows-js-suites/RUN_SUBSET=0,nodes=win2016-COMPILED_BY-vs2022-x86/26596/","buildNumber":26596,"builtOn":"test-azure_msft-win2016_vs2017-x64-1","nodeVersion":"22.0.0","commitHash":"d7dd131728b8531203e9d3456a34b3f92bcb0a45","callStack":[{"upstreamBuild":61548,"upstreamProject":"node-test-commit-windows-fanned","upstreamUrl":"job/node-test-commit-windows-fanned/"},{"upstreamBuild":69225,"upstreamProject":"node-test-commit","upstreamUrl":"job/node-test-commit/"},{"upstreamBuild":57838,"upstreamProject":"node-test-pull-request","upstreamUrl":"job/node-test-pull-request/"},{"prId":"52148"}],"tap":{"ok":false,"name":"parallel/test-worker-memory","id":886,"buffered":false,"tapError":null,"skip":false,"todo":false,"previous":null,"plan":null,"diag":{"severity":"crashed","exitcode":3221225477,"stack":"run() called with n=15 (numWorkers=4)\nrun() called with n=15 (numWorkers=4)\nrun() called with n=15 (numWorkers=4)\nrun() called with n=15 (numWorkers=4)\nrun() called with n=14 (numWorkers=4)\nrun() called with n=14 (numWorkers=4)\nrun() called with n=14 (numWorkers=4)\nrun() called with n=14 (numWorkers=4)\nrun() called with n=13 (numWorkers=4)\nrun() called with n=13 (numWorkers=4)\nrun() called with n=13 (numWorkers=4)\nrun() called with n=13 (numWorkers=4)\nrun() called with n=12 (numWorkers=4)\nrun() called with n=12 (numWorkers=4)\nrun() called with n=12 (numWorkers=4)\nrun() called with n=12 (numWorkers=4)\nrun() called with n=11 (numWorkers=4)\nrun() called with n=11 (numWorkers=4)\nrun() called with n=11 (numWorkers=4)\nrun() called with n=11 (numWorkers=4)\nrun() called with n=10 (numWorkers=4)\nrun() called with n=10 (numWorkers=4)\nrun() called with n=10 (numWorkers=4)\nrun() called with n=9 (numWorkers=4)\nrun() called with n=10 (numWorkers=4)\nrun() called with n=9 (numWorkers=4)\nrun() called with n=9 (numWorkers=4)\nrun() called with n=8 (numWorkers=4)\nrun() called with n=8 (numWorkers=4)\nrun() called with n=9 (numWorkers=4)\nrun() called with n=8 (numWorkers=4)\nrun() called with n=7 (numWorkers=4)\nrun() called with n=7 (numWorkers=4)\nrun() called with n=8 (numWorkers=4)"},"time":2966.621,"fullname":"parallel/test-worker-memory","closingTestPoint":false}},{"testName":"wasi/test-wasi-poll","timestamp":1710860506000,"status":"FAILED","jobName":"node-test-binary-windows-js-suites","config":"node-test-binary-windows-js-suites » 2,win11-arm64-COMPILED_BY-vs2022-arm64 #26596","buildUrl":"https://ci.nodejs.org/job/node-test-binary-windows-js-suites/RUN_SUBSET=2,nodes=win11-arm64-COMPILED_BY-vs2022-arm64/26596/","buildNumber":26596,"builtOn":"test-azure_msft-win11_vs2022-arm64-5","nodeVersion":"22.0.0","commitHash":"d7dd131728b8531203e9d3456a34b3f92bcb0a45","callStack":[{"upstreamBuild":61548,"upstreamProject":"node-test-commit-windows-fanned","upstreamUrl":"job/node-test-commit-windows-fanned/"},{"upstreamBuild":69225,"upstreamProject":"node-test-commit","upstreamUrl":"job/node-test-commit/"},{"upstreamBuild":57838,"upstreamProject":"node-test-pull-request","upstreamUrl":"job/node-test-pull-request/"},{"prId":"52148"}],"tap":{"ok":false,"name":"wasi/test-wasi-poll","id":922,"buffered":false,"tapError":null,"skip":false,"todo":": Fix flaky test","previous":null,"plan":null,"diag":{"severity":"flaky","exitcode":1,"stack":"Testing with --turbo-fast-api-calls: poll\n[process 10676]: --- stderr ---\n(node:10676) ExperimentalWarning: WASI is an experimental feature and might change at any time\n(Use `node --trace-warnings ...` to show where the warning was created)\n\n[process 10676]: --- stdout ---\n\n[process 10676]: status = 3221225477, signal = null\nd:\\workspace\\node-test-binary-windows-js-suites\\node\\test\\common\\child_process.js:86\n    throw new Error(`${failures.join('\\n')}`);\n    ^\n\nError: - process terminated with status 3221225477, expected 0\n    at logAndThrow (d:\\workspace\\node-test-binary-windows-js-suites\\node\\test\\common\\child_process.js:86:11)\n    at expectSyncExit (d:\\workspace\\node-test-binary-windows-js-suites\\node\\test\\common\\child_process.js:91:5)\n    at spawnSyncAndExitWithoutError (d:\\workspace\\node-test-binary-windows-js-suites\\node\\test\\common\\child_process.js:125:10)\n    at testWasiPreview1 (d:\\workspace\\node-test-binary-windows-js-suites\\node\\test\\common\\wasi.js:18:3)\n    at Object.<anonymous> (d:\\workspace\\node-test-binary-windows-js-suites\\node\\test\\wasi\\test-wasi-poll.js:5:1)\n    at Module._compile (node:internal/modules/cjs/loader:1413:14)\n    at Module._extensions..js (node:internal/modules/cjs/loader:1491:10)\n    at Module.load (node:internal/modules/cjs/loader:1231:32)\n    at Module._load (node:internal/modules/cjs/loader:1047:12)\n    at Function.executeUserEntryPoint [as runMain] (node:internal/modules/run_main:177:12)\n\nNode.js v22.0.0-pre"},"time":534.012,"fullname":"wasi/test-wasi-poll","closingTestPoint":false}}]}