{"failedTests":[{"testName":"parallel/test-runner-watch-mode","timestamp":1710904202971,"status":"FAILED","jobName":"node-test-binary-windows-js-suites","config":"node-test-binary-windows-js-suites » 3,win11-COMPILED_BY-vs2022 #26611","buildUrl":"https://ci.nodejs.org/job/node-test-binary-windows-js-suites/RUN_SUBSET=3,nodes=win11-COMPILED_BY-vs2022/26611/","buildNumber":26611,"builtOn":"test-azure_msft-win11_vs2022-x64-3","nodeVersion":"22.0.0","commitHash":"fd2e3305873f2a8412526e7511d99030aea06a84","callStack":[{"upstreamBuild":61564,"upstreamProject":"node-test-commit-windows-fanned","upstreamUrl":"job/node-test-commit-windows-fanned/"},{"upstreamBuild":69240,"upstreamProject":"node-test-commit","upstreamUrl":"job/node-test-commit/"},{"upstreamBuild":57851,"upstreamProject":"node-test-pull-request","upstreamUrl":"job/node-test-pull-request/"},{"prId":"52093"}],"tap":{"ok":false,"name":"parallel/test-runner-watch-mode","id":706,"buffered":false,"tapError":null,"skip":false,"todo":": Fix flaky test","previous":null,"plan":null,"diag":{"severity":"flaky","exitcode":1,"stack":"TAP version 13\n# Subtest: test runner watch mode\n    # Subtest: should run tests repeatedly\n    ok 1 - should run tests repeatedly\n      ---\n      duration_ms: 2219.3586\n      ...\n    # Subtest: should run tests with dependency repeatedly\n    ok 2 - should run tests with dependency repeatedly\n      ---\n      duration_ms: 1611.1018\n      ...\n    # Subtest: should run tests with ESM dependency\n    ok 3 - should run tests with ESM dependency\n      ---\n      duration_ms: 1598.5492\n      ...\n    # Subtest: should support running tests without a file\n    ok 4 - should support running tests without a file\n      ---\n      duration_ms: 1614.4601\n      ...\n    1..4\nok 1 - test runner watch mode\n  ---\n  duration_ms: 7047.515\n  type: 'suite'\n  ...\n1..1\n# tests 4\n# suites 1\n# pass 4\n# fail 0\n# cancelled 0\n# skipped 0\n# todo 0\n# duration_ms 7056.4211\nCan't clean tmpdir: c:\\workspace\\node-test-binary-windows-js-suites\\node\\test\\.tmp.667\nFiles blocking: [ 'dependency.js', 'dependency.mjs', 'test.js' ]\n\nc:\\workspace\\node-test-binary-windows-js-suites\\node\\test\\common\\tmpdir.js:69\n    throw e;\n    ^\n\nError: EBUSY: resource busy or locked, rmdir 'c:\\workspace\\node-test-binary-windows-js-suites\\node\\test\\.tmp.667'\n    at rmdirSync (node:fs:1213:11)\n    at _rmdirSync (node:internal/fs/rimraf:235:5)\n    at rimrafSync (node:internal/fs/rimraf:193:7)\n    at Object.rmSync (node:fs:1262:10)\n    at rmSync (c:\\workspace\\node-test-binary-windows-js-suites\\node\\test\\common\\tmpdir.js:20:8)\n    at onexit (c:\\workspace\\node-test-binary-windows-js-suites\\node\\test\\common\\tmpdir.js:54:5)\n    at process.<anonymous> (c:\\workspace\\node-test-binary-windows-js-suites\\node\\test\\common\\tmpdir.js:43:14)\n    at process.emit (node:events:532:35) {\n  errno: -4082,\n  code: 'EBUSY',\n  syscall: 'rmdir',\n  path: 'c:\\\\workspace\\\\node-test-binary-windows-js-suites\\\\node\\\\test\\\\.tmp.667'\n}\n\nNode.js v22.0.0-pre"},"time":7394.095,"fullname":"parallel/test-runner-watch-mode","closingTestPoint":false}},{"testName":"wasi/test-wasi-poll","timestamp":1710904202971,"status":"FAILED","jobName":"node-test-binary-windows-js-suites","config":"node-test-binary-windows-js-suites » 0,win11-arm64-COMPILED_BY-vs2022-arm64 #26611","buildUrl":"https://ci.nodejs.org/job/node-test-binary-windows-js-suites/RUN_SUBSET=0,nodes=win11-arm64-COMPILED_BY-vs2022-arm64/26611/","buildNumber":26611,"builtOn":"test-azure_msft-win11_vs2022-arm64-6","nodeVersion":"22.0.0","commitHash":"fd2e3305873f2a8412526e7511d99030aea06a84","callStack":[{"upstreamBuild":61564,"upstreamProject":"node-test-commit-windows-fanned","upstreamUrl":"job/node-test-commit-windows-fanned/"},{"upstreamBuild":69240,"upstreamProject":"node-test-commit","upstreamUrl":"job/node-test-commit/"},{"upstreamBuild":57851,"upstreamProject":"node-test-pull-request","upstreamUrl":"job/node-test-pull-request/"},{"prId":"52093"}],"tap":{"ok":false,"name":"wasi/test-wasi-poll","id":923,"buffered":false,"tapError":null,"skip":false,"todo":": Fix flaky test","previous":null,"plan":null,"diag":{"severity":"flaky","exitcode":1,"stack":"Testing with --turbo-fast-api-calls: poll\n[process 320]: --- stderr ---\n(node:320) ExperimentalWarning: WASI is an experimental feature and might change at any time\n(Use `node --trace-warnings ...` to show where the warning was created)\n\n[process 320]: --- stdout ---\n\n[process 320]: status = 3221225477, signal = null\nd:\\workspace\\node-test-binary-windows-js-suites\\node\\test\\common\\child_process.js:86\n    throw new Error(`${failures.join('\\n')}`);\n    ^\n\nError: - process terminated with status 3221225477, expected 0\n    at logAndThrow (d:\\workspace\\node-test-binary-windows-js-suites\\node\\test\\common\\child_process.js:86:11)\n    at expectSyncExit (d:\\workspace\\node-test-binary-windows-js-suites\\node\\test\\common\\child_process.js:91:5)\n    at spawnSyncAndExitWithoutError (d:\\workspace\\node-test-binary-windows-js-suites\\node\\test\\common\\child_process.js:125:10)\n    at testWasiPreview1 (d:\\workspace\\node-test-binary-windows-js-suites\\node\\test\\common\\wasi.js:18:3)\n    at Object.<anonymous> (d:\\workspace\\node-test-binary-windows-js-suites\\node\\test\\wasi\\test-wasi-poll.js:5:1)\n    at Module._compile (node:internal/modules/cjs/loader:1421:14)\n    at Module._extensions..js (node:internal/modules/cjs/loader:1499:10)\n    at Module.load (node:internal/modules/cjs/loader:1232:32)\n    at Module._load (node:internal/modules/cjs/loader:1048:12)\n    at Function.executeUserEntryPoint [as runMain] (node:internal/modules/run_main:187:14)\n\nNode.js v22.0.0-pre"},"time":470.995,"fullname":"wasi/test-wasi-poll","closingTestPoint":false}},{"testName":"parallel/test-inspector-connect-to-main-thread","timestamp":1710904202971,"status":"REGRESSION","jobName":"node-test-binary-windows-js-suites","config":"node-test-binary-windows-js-suites » 0,win2019-COMPILED_BY-vs2022 #26611","buildUrl":"https://ci.nodejs.org/job/node-test-binary-windows-js-suites/RUN_SUBSET=0,nodes=win2019-COMPILED_BY-vs2022/26611/","buildNumber":26611,"builtOn":"test-rackspace-win2019_vs2019-x64-2","nodeVersion":"22.0.0","commitHash":"fd2e3305873f2a8412526e7511d99030aea06a84","callStack":[{"upstreamBuild":61564,"upstreamProject":"node-test-commit-windows-fanned","upstreamUrl":"job/node-test-commit-windows-fanned/"},{"upstreamBuild":69240,"upstreamProject":"node-test-commit","upstreamUrl":"job/node-test-commit/"},{"upstreamBuild":57851,"upstreamProject":"node-test-pull-request","upstreamUrl":"job/node-test-pull-request/"},{"prId":"52093"}],"tap":{"ok":false,"name":"parallel/test-inspector-connect-to-main-thread","id":505,"buffered":false,"tapError":null,"skip":false,"todo":false,"previous":null,"plan":null,"diag":{"severity":"fail","exitcode":3221226505,"stack":""},"time":574.989,"fullname":"parallel/test-inspector-connect-to-main-thread","closingTestPoint":false}}]}