{"failedTests":[{"testName":"parallel/test-runner-watch-mode","timestamp":1710935569931,"status":"FAILED","jobName":"node-test-binary-windows-js-suites","config":"node-test-binary-windows-js-suites » 3,win2016-COMPILED_BY-vs2022-x86 #26618","buildUrl":"https://ci.nodejs.org/job/node-test-binary-windows-js-suites/RUN_SUBSET=3,nodes=win2016-COMPILED_BY-vs2022-x86/26618/","buildNumber":26618,"builtOn":"test-azure_msft-win2016_vs2017-x64-2","nodeVersion":"20.11.2","commitHash":"e8f57351492e3a6d9324c3f4b1c8165587c4bd9c","callStack":[{"upstreamBuild":61571,"upstreamProject":"node-test-commit-windows-fanned","upstreamUrl":"job/node-test-commit-windows-fanned/"},{"upstreamBuild":69246,"upstreamProject":"node-test-commit","upstreamUrl":"job/node-test-commit/"},{"upstreamBuild":139,"upstreamProject":"node-daily-v20.x-staging","upstreamUrl":"job/node-daily-v20.x-staging/"}],"tap":{"ok":false,"name":"parallel/test-runner-watch-mode","id":718,"buffered":false,"tapError":null,"skip":false,"todo":": Fix flaky test","previous":null,"plan":null,"diag":{"severity":"flaky","exitcode":1,"stack":"TAP version 13\n# Subtest: test runner watch mode\n    # Subtest: should run tests repeatedly\n    ok 1 - should run tests repeatedly\n      ---\n      duration_ms: 2141.3837\n      ...\n    # Subtest: should run tests with dependency repeatedly\n    ok 2 - should run tests with dependency repeatedly\n      ---\n      duration_ms: 1509.4372\n      ...\n    # Subtest: should run tests with ESM dependency\n    ok 3 - should run tests with ESM dependency\n      ---\n      duration_ms: 1491.634\n      ...\n    # Subtest: should support running tests without a file\n    ok 4 - should support running tests without a file\n      ---\n      duration_ms: 1468.7\n      ...\n    1..4\nok 1 - test runner watch mode\n  ---\n  duration_ms: 6614.8568\n  type: 'suite'\n  ...\n1..1\n# tests 4\n# suites 1\n# pass 4\n# fail 0\n# cancelled 0\n# skipped 0\n# todo 0\n# duration_ms 6630.5506\nCan't clean tmpdir: C:\\workspace\\node-test-binary-windows-js-suites\\node\\test\\.tmp.653\nFiles blocking: [ 'dependency.js', 'dependency.mjs', 'test.js' ]\n\nC:\\workspace\\node-test-binary-windows-js-suites\\node\\test\\common\\tmpdir.js:69\n    throw e;\n    ^\n\nError: EBUSY: resource busy or locked, rmdir 'C:\\workspace\\node-test-binary-windows-js-suites\\node\\test\\.tmp.653'\n    at rmdirSync (node:fs:1219:11)\n    at _rmdirSync (node:internal/fs/rimraf:235:5)\n    at rimrafSync (node:internal/fs/rimraf:193:7)\n    at Object.rmSync (node:fs:1268:10)\n    at rmSync (C:\\workspace\\node-test-binary-windows-js-suites\\node\\test\\common\\tmpdir.js:20:8)\n    at onexit (C:\\workspace\\node-test-binary-windows-js-suites\\node\\test\\common\\tmpdir.js:54:5)\n    at process.<anonymous> (C:\\workspace\\node-test-binary-windows-js-suites\\node\\test\\common\\tmpdir.js:43:14)\n    at process.emit (node:events:530:35) {\n  errno: -4082,\n  code: 'EBUSY',\n  syscall: 'rmdir',\n  path: 'C:\\\\workspace\\\\node-test-binary-windows-js-suites\\\\node\\\\test\\\\.tmp.653'\n}\n\nNode.js v20.11.2-pre"},"time":7170.505,"fullname":"parallel/test-runner-watch-mode","closingTestPoint":false}},{"testName":"wasi/test-wasi","timestamp":1710935569931,"status":"FAILED","jobName":"node-test-binary-windows-js-suites","config":"node-test-binary-windows-js-suites » 1,win11-arm64-COMPILED_BY-vs2022-arm64 #26618","buildUrl":"https://ci.nodejs.org/job/node-test-binary-windows-js-suites/RUN_SUBSET=1,nodes=win11-arm64-COMPILED_BY-vs2022-arm64/26618/","buildNumber":26618,"builtOn":"test-azure_msft-win11_vs2022-arm64-6","nodeVersion":"20.11.2","commitHash":"e8f57351492e3a6d9324c3f4b1c8165587c4bd9c","callStack":[{"upstreamBuild":61571,"upstreamProject":"node-test-commit-windows-fanned","upstreamUrl":"job/node-test-commit-windows-fanned/"},{"upstreamBuild":69246,"upstreamProject":"node-test-commit","upstreamUrl":"job/node-test-commit/"},{"upstreamBuild":139,"upstreamProject":"node-daily-v20.x-staging","upstreamUrl":"job/node-daily-v20.x-staging/"}],"tap":{"ok":false,"name":"wasi/test-wasi","id":919,"buffered":false,"tapError":null,"skip":false,"todo":": Fix flaky test","previous":null,"plan":null,"diag":{"severity":"flaky","exitcode":1,"stack":"executing cant_dotdot\n(node:10700) ExperimentalWarning: WASI is an experimental feature and might change at any time\n(Use `node --trace-warnings ...` to show where the warning was created)\nfd_prestat_get(3, 69752)\nfd_prestat_dir_name(3, 69776, 8)\nfd_prestat_get(4, 69752)\nfd_prestat_dir_name(4, 69776, 4)\nfd_prestat_get(5, 69752)\nfd_fdstat_get(3, 69704)\npath_open(3, 1, 1062, 14, 0, 264240830, 268435455, 0, 69700)\n\nexecuting cant_dotdot\n(node:12224) ExperimentalWarning: WASI is an experimental feature and might change at any time\n(Use `node --trace-warnings ...` to show where the warning was created)\nfd_prestat_get(3, 69752)\nfd_prestat_dir_name(3, 69776, 8)\nfd_prestat_get(4, 69752)\nfd_prestat_dir_name(4, 69776, 4)\nfd_prestat_get(5, 69752)\nfd_fdstat_get(3, 69704)\npath_open(3, 1, 1062, 14, 0, 264240830, 268435455, 0, 69700)\n\nexecuting clock_getres\n(node:3796) ExperimentalWarning: WASI is an experimental feature and might change at any time\n(Use `node --trace-warnings ...` to show where the warning was created)\nclock_res_get(0, 69160)\nclock_res_get(1, 69160)\n\nexecuting clock_getres\n(node:11708) ExperimentalWarning: WASI is an experimental feature and might change at any time\n(Use `node --trace-warnings ...` to show where the warning was created)\nclock_res_get(0, 69160)\nclock_res_get(1, 69160)\n\nexecuting exitcode\n(node:6356) ExperimentalWarning: WASI is an experimental feature and might change at any time\n(Use `node --trace-warnings ...` to show where the warning was created)\n\nexecuting exitcode\n(node:12036) ExperimentalWarning: WASI is an experimental feature and might change at any time\n(Use `node --trace-warnings ...` to show where the warning was created)\n\nexecuting exitcode\n(node:4148) ExperimentalWarning: WASI is an experimental feature and might change at any time\n(Use `node --trace-warnings ...` to show where the warning was created)\n\nexecuting exitcode\n(node:10776) ExperimentalWarning: WASI is an experimental feature and might change at any time\n(Use `node --trace-warnings ...` to show where the warning was created)\n\nexecuting exitcode\n(node:8264) ExperimentalWarning: WASI is an experimental feature and might change at any time\n(Use `node --trace-warnings ...` to show where the warning was created)\nproc_exit(120)\n\nexecuting exitcode\n(node:4296) ExperimentalWarning: WASI is an experimental feature and might change at any time\n(Use `node --trace-warnings ...` to show where the warning was created)\nproc_exit(120)\n\nexecuting fd_prestat_get_refresh\n(node:752) ExperimentalWarning: WASI is an experimental feature and might change at any time\n(Use `node --trace-warnings ...` to show where the warning was created)\nfd_fdstat_get(1, 66536)\nfd_fdstat_get(1, 66536)\n\nexecuting fd_prestat_get_refresh\n(node:11352) ExperimentalWarning: WASI is an experimental feature and might change at any time\n(Use `node --trace-warnings ...` to show where the warning was created)\nfd_fdstat_get(1, 66536)\nfd_fdstat_get(1, 66536)\n\nexecuting freopen\n(node:3816) ExperimentalWarning: WASI is an experimental feature and might change at any time\n(Use `node --trace-warnings ...` to show where the warning was created)\nfd_prestat_get(3, 70936)\nfd_prestat_dir_name(3, 70960, 8)\nfd_prestat_get(4, 70936)\nfd_prestat_dir_name(4, 70960, 4)\nfd_prestat_get(5, 70936)\nfd_fdstat_get(3, 70872)\npath_open(3, 1, 1062, 9, 0, 264240830, 268435455, 0, 70868)\nfd_fdstat_get(3, 70856)\npath_open(3, 1, 1081, 10, 0, 264240830, 268435455, 0, 70852)\nfd_renumber(6, 5)\nfd_read(5, 70872, 1, 70868)\nfd_fdstat_get(1, 70872)\nfd_write(1, 70880, 2, 70876)\nfd_read(5, 70872, 1, 70868)\n\nexecuting freopen\n(node:11564) ExperimentalWarning: WASI is an experimental feature and might change at any time\n(Use `node --trace-warnings ...` to show where the warning was created)\nfd_prestat_get(3, 70936)\nfd_prestat_dir_name(3, 70960, 8)\nfd_prestat_get(4, 70936)\nfd_prestat_dir_name(4, 70960, 4)\nfd_prestat_get(5, 70936)\nfd_fdstat_get(3, 70872)\npath_open(3, 1, 1062, 9, 0, 264240830, 268435455, 0, 70868)\nfd_fdstat_get(3, 70856)\npath_open(3, 1, 1081, 10, 0, 264240830, 268435455, 0, 70852)\nfd_renumber(6, 5)\nfd_close(4294967295)\nfd_read(5, 70872, 1, 70868)\nfd_fdstat_get(1, 70872)\nfd_write(1, 70880, 2, 70876)\nfd_read(5, 70872, 1, 70868)\n\nexecuting ftruncate\n(node:7932) ExperimentalWarning: WASI is an experimental feature and might change at any time\n(Use `node --trace-warnings ...` to show where the warning was created)\nfd_prestat_get(3, 69944)\nfd_prestat_dir_name(3, 69968, 8)\nfd_prestat_get(4, 69944)\nfd_prestat_dir_name(4, 69968, 4)\nfd_prestat_get(5, 69944)\npath_create_directory(4, 1082, 7)\nfd_fdstat_get(4, 69640)\npath_open(4, 1, 1058, 18, 1, 268419069, 268435455, 0, 69636)\nfd_filestat_get(5, 69584)\nfd_tell(5, 69672)\nfd_filestat_set_size(5, 500)\nfd_filestat_get(5, 69584)\nfd_tell(5, 69672)\nfd_filestat_set_size(5, 300)\nfd_filestat_get(5, 69584)\nfd_tell(5, 69672)\nfd_close(5)\n\nexecuting ftruncate\n(node:3660) ExperimentalWarning: WASI is an experimental feature and might change at any time\n(Use `node --trace-warnings ...` to show where the warning was created)\nfd_prestat_get(3, 69944)\nfd_prestat_dir_name(3, 69968, 8)\nfd_prestat_get(4, 69944)\nfd_prestat_dir_name(4, 69968, 4)\nfd_prestat_get(5, 69944)\npath_create_directory(4, 1082, 7)\nfd_fdstat_get(4, 69640)\npath_open(4, 1, 1058, 18, 1, 268419069, 268435455, 0, 69636)\nfd_filestat_get(5, 69584)\nfd_tell(5, 69672)\nfd_filestat_set_size(5, 500)\nfd_filestat_get(5, 69584)\nfd_tell(5, 69672)\nfd_filestat_set_size(5, 300)\nfd_filestat_get(5, 69584)\nfd_tell(5, 69672)\nfd_close(5)\n\nexecuting getentropy\n(node:8228) ExperimentalWarning: WASI is an experimental feature and might change at any time\n(Use `node --trace-warnings ...` to show where the warning was created)\nrandom_get(68912, 256)\n\nexecuting getentropy\n(node:6892) ExperimentalWarning: WASI is an experimental feature and might change at any time\n(Use `node --trace-warnings ...` to show where the warning was created)\nrandom_get(68912, 256)\n\nexecuting getrusage\n(node:5184) ExperimentalWarning: WASI is an experimental feature and might change at any time\n(Use `node --trace-warnings ...` to show where the warning was created)\nclock_time_get(1, 0, 3616)\nclock_time_get(1, 0, 69080)\nclock_time_get(1, 0, 69080)\n\nexecuting getrusage\n(node:8680) ExperimentalWarning: WASI is an experimental feature and might change at any time\n(Use `node --trace-warnings ...` to show where the warning was created)\nclock_time_get(1, 0, 3616)\nclock_time_get(1, 0, 69080)\nclock_time_get(1, 0, 69080)\n\nexecuting gettimeofday\n(node:9080) ExperimentalWarning: WASI is an experimental feature and might change at any time\n(Use `node --trace-warnings ...` to show where the warning was created)\nclock_time_get(0, 1000, 69096)\nclock_time_get(0, 1000, 69096)\nclock_time_get(0, 1000, 69096)\nclock_time_get(0, 1000, 69096)\nclock_time_get(0, 1000, 69096)\nclock_time_get(0, 1000, 69096)\nclock_time_get(0, 1000, 69096)\nclock_time_get(0, 1000, 69096)\nclock_time_get(0, 1000, 69096)\nclock_time_get(0, 1000, 69096)\nclock_time_get(0, 1000, 69096)\nclock_time_get(0, 1000, 69096)\nclock_time_get(0, 1000, 69096)\nclock_time_get(0, 1000, 69096)\nclock_time_get(0, 1000, 69096)\nclock_time_get(0, 1000, 69096)\nclock_time_get(0, 1000, 69096)\nclock_time_get(0, 1000, 69096)\nclock_time_get(0, 1000, 69096)\nclock_time_get(0, 1000, 69096)\nclock_time_get(0, 1000, 69096)\nclock_time_get(0, 1000, 69096)\nclock_time_get(0, 1000, 69096)\nclock_time_get(0, 1000, 69096)\nclock_time_get(0, 1000, 69096)\nclock_time_get(0, 1000, 69096)\nclock_time_get(0, 1000, 69096)\nclock_time_get(0, 1000, 69096)\nclock_time_get(0, 1000, 69096)\nclock_time_get(0, 1000, 69096)\nclock_time_get(0, 1000, 69096)\nclock_time_get(0, 1000, 69096)\nclock_time_get(0, 1000, 69096)\nclock_time_get(0, 1000, 69096)\nclock_time_get(0, 1000, 69096)\nclock_time_get(0, 1000, 69096)\nclock_time_get(0, 1000, 69096)\nclock_time_get(0, 1000, 69096)\nclock_time_get(0, 1000, 69096)\nclock_time_get(0, 1000, 69096)\nclock_time_get(0, 1000, 69096)\nclock_time_get(0, 1000, 69096)\nclock_time_get(0, 1000, 69096)\nclock_time_get(0, 1000, 69096)\nclock_time_get(0, 1000, 69096)\nclock_time_get(0, 1000, 69096)\nclock_time_get(0, 1000, 69096)\nclock_time_get(0, 1000, 69096)\nclock_time_get(0, 1000, 69096)\nclock_time_get(0, 1000, 69096)\nclock_time_get(0, 1000, 69096)\nclock_time_get(0, 1000, 69096)\nclock_time_get(0, 1000, 69096)\nclock_time_get(0, 1000, 69096)\nclock_time_get(0, 1000, 69096)\nclock_time_get(0, 1000, 69096)\nclock_time_get(0, 1000, 69096)\nclock_time_get(0, 1000, 69096)\nclock_time_get(0, 1000, 69096)\nclock_time_get(0, 1000, 69096)\nclock_time_get(0, 1000, 69096)\nclock_time_get(0, 1000, 69096)\nclock_time_get(0, 1000, 69096)\nclock_time_get(0, 1000, 69096)\nclock_time_get(0, 1000, 69096)\nclock_time_get(0, 1000, 69096)\nclock_time_get(0, 1000, 69096)\nclock_time_get(0, 1000, 69096)\nclock_time_get(0, 1000, 69096)\nclock_time_get(0, 1000, 69096)\nclock_time_get(0, 1000, 69096)\nclock_time_get(0, 1000, 69096)\nclock_time_get(0, 1000, 69096)\nclock_time_get(0, 1000, 69096)\nclock_time_get(0, 1000, 69096)\nclock_time_get(0, 1000, 69096)\nclock_time_get(0, 1000, 69096)\nclock_time_get(0, 1000, 69096)\nclock_time_get(0, 1000, 69096)\nclock_time_get(0, 1000, 69096)\nclock_time_get(0, 1000, 69096)\nclock_time_get(0, 1000, 69096)\nclock_time_get(0, 1000, 69096)\nclock_time_get(0, 1000, 69096)\nclock_time_get(0, 1000, 69096)\nclock_time_get(0, 1000, 69096)\nclock_time_get(0, 1000, 69096)\nclock_time_get(0, 1000, 69096)\nclock_time_get(0, 1000, 69096)\nclock_time_get(0, 1000, 69096)\nclock_time_get(0, 1000, 69096)\nclock_time_get(0, 1000, 69096)\nclock_time_get(0, 1000, 69096)\nclock_time_get(0, 1000, 69096)\nclock_time_get(0, 1000, 69096)\nclock_time_get(0, 1000, 69096)\nclock_time_get(0, 1000, 69096)\nclock_time_get(0, 1000, 69096)\nclock_time_get(0, 1000, 69096)\nclock_time_get(0, 1000, 69096)\nclock_time_get(0, 1000, 69096)\nclock_time_get(0, 1000, 69096)\nclock_time_get(0, 1000, 69096)\nclock_time_get(0, 1000, 69096)\nclock_time_get(0, 1000, 69096)\nclock_time_get(0, 1000, 69096)\nclock_time_get(0, 1000, 69096)\nclock_time_get(0, 1000, 69096)\nclock_time_get(0, 1000, 69096)\nclock_time_get(0, 1000, 69096)\nclock_time_get(0, 1000, 69096)\nclock_time_get(0, 1000, 69096)\nclock_time_get(0, 1000, 69096)\nclock_time_get(0, 1000, 69096)\nclock_time_get(0, 1000, 69096)\nclock_time_get(0, 1000, 69096)\nclock_time_get(0, 1000, 69096)\nclock_time_get(0, 1000, 69096)\nclock_time_get(0, 1000, 69096)\nclock_time_get(0, 1000, 69096)\nclock_time_get(0, 1000, 69096)\nclock_time_get(0, 1000, 69096)\nclock_time_get(0, 1000, 69096)\nclock_time_get(0, 1000, 69096)\nclock_time_get(0, 1000, 69096)\nclock_time_get(0, 1000, 69096)\nclock_time_get(0, 1000, 69096)\nclock_time_get(0, 1000, 69096)\nclock_time_get(0, 1000, 69096)\nclock_time_get(0, 1000, 69096)\nclock_time_get(0, 1000, 69096)\nclock_time_get(0, 1000, 69096)\nclock_time_get(0, 1000, 69096)\nclock_time_get(0, 1000, 69096)\nclock_time_get(0, 1000, 69096)\nclock_time_get(0, 1000, 69096)\nclock_time_get(0, 1000, 69096)\nclock_time_get(0, 1000, 69096)\nclock_time_get(0, 1000, 69096)\nclock_time_get(0, 1000, 69096)\nclock_time_get(0, 1000, 69096)\n\nexecuting gettimeofday\n(node:3332) ExperimentalWarning: WASI is an experimental feature and might change at any time\n(Use `node --trace-warnings ...` to show where the warning was created)\nclock_time_get(0, 1000, 69096)\nclock_time_get(0, 1000, 69096)\nclock_time_get(0, 1000, 69096)\nclock_time_get(0, 1000, 69096)\nclock_time_get(0, 1000, 69096)\nclock_time_get(0, 1000, 69096)\nclock_time_get(0, 1000, 69096)\nclock_time_get(0, 1000, 69096)\nclock_time_get(0, 1000, 69096)\nclock_time_get(0, 1000, 69096)\nclock_time_get(0, 1000, 69096)\nclock_time_get(0, 1000, 69096)\nclock_time_get(0, 1000, 69096)\nclock_time_get(0, 1000, 69096)\nclock_time_get(0, 1000, 69096)\nclock_time_get(0, 1000, 69096)\nclock_time_get(0, 1000, 69096)\nclock_time_get(0, 1000, 69096)\nclock_time_get(0, 1000, 69096)\nclock_time_get(0, 1000, 69096)\nclock_time_get(0, 1000, 69096)\nclock_time_get(0, 1000, 69096)\nclock_time_get(0, 1000, 69096)\nclock_time_get(0, 1000, 69096)\nclock_time_get(0, 1000, 69096)\nclock_time_get(0, 1000, 69096)\nclock_time_get(0, 1000, 69096)\nclock_time_get(0, 1000, 69096)\nclock_time_get(0, 1000, 69096)\nclock_time_get(0, 1000, 69096)\nclock_time_get(0, 1000, 69096)\nclock_time_get(0, 1000, 69096)\nclock_time_get(0, 1000, 69096)\nclock_time_get(0, 1000, 69096)\nclock_time_get(0, 1000, 69096)\nclock_time_get(0, 1000, 69096)\nclock_time_get(0, 1000, 69096)\nclock_time_get(0, 1000, 69096)\nclock_time_get(0, 1000, 69096)\nclock_time_get(0, 1000, 69096)\nclock_time_get(0, 1000, 69096)\nclock_time_get(0, 1000, 69096)\nclock_time_get(0, 1000, 69096)\nclock_time_get(0, 1000, 69096)\nclock_time_get(0, 1000, 69096)\nclock_time_get(0, 1000, 69096)\nclock_time_get(0, 1000, 69096)\nclock_time_get(0, 1000, 69096)\nclock_time_get(0, 1000, 69096)\nclock_time_get(0, 1000, 69096)\n\nexecuting main_args\n(node:11996) ExperimentalWarning: WASI is an experimental feature and might change at any time\n(Use `node --trace-warnings ...` to show where the warning was created)\nargs_sizes_get(69784, 69788)\nargs_get(69840, 69808)\n\nexecuting main_args\n(node:11940) ExperimentalWarning: WASI is an experimental feature and might change at any time\n(Use `node --trace-warnings ...` to show where the warning was created)\nargs_sizes_get(69784, 69788)\nargs_get(69840, 69808)\n\nexecuting notdir\n(node:10084) ExperimentalWarning: WASI is an experimental feature and might change at any time\n(Use `node --trace-warnings ...` to show where the warning was created)\nfd_prestat_get(3, 69720)\nfd_prestat_dir_name(3, 69744, 8)\nfd_prestat_get(4, 69720)\nfd_prestat_dir_name(4, 69744, 4)\nfd_prestat_get(5, 69720)\nfd_fdstat_get(3, 69672)\npath_open(3, 1, 1062, 7, 2, 264240830, 268435455, 4, 69668)\n\nexecuting notdir\n(node:9920) ExperimentalWarning: WASI is an experimental feature and might change at any time\n(Use `node --trace-warnings ...` to show where the warning was created)\nfd_prestat_get(3, 69720)\nfd_prestat_dir_name(3, 69744, 8)\nfd_prestat_get(4, 69720)\nfd_prestat_dir_name(4, 69744, 4)\nfd_prestat_get(5, 69720)\nfd_fdstat_get(3, 69672)\npath_open(3, 1, 1062, 7, 2, 264240830, 268435455, 4, 69668)\n\nexecuting poll\n(node:7668) ExperimentalWarning: WASI is an experimental feature and might change at any time\n(Use `node --trace-warnings ...` to show where the warning was created)\n\nnode:assert:126\n  throw new AssertionError(obj);\n  ^\n\nAssertionError [ERR_ASSERTION]: Expected values to be strictly equal:\n\n3221225477 !== 0\n\n    at innerRunWASI (d:\\workspace\\node-test-binary-windows-js-suites\\node\\test\\wasi\\test-wasi.js:80:12)\n    at runWASI (d:\\workspace\\node-test-binary-windows-js-suites\\node\\test\\wasi\\test-wasi.js:86:5)\n    at Object.<anonymous> (d:\\workspace\\node-test-binary-windows-js-suites\\node\\test\\wasi\\test-wasi.js:111:3)\n    at Module._compile (node:internal/modules/cjs/loader:1376:14)\n    at Module._extensions..js (node:internal/modules/cjs/loader:1435:10)\n    at Module.load (node:internal/modules/cjs/loader:1207:32)\n    at Module._load (node:internal/modules/cjs/loader:1023:12)\n    at Function.executeUserEntryPoint [as runMain] (node:internal/modules/run_main:135:12)\n    at node:internal/main/run_main_module:28:49 {\n  generatedMessage: true,\n  code: 'ERR_ASSERTION',\n  actual: 3221225477,\n  expected: 0,\n  operator: 'strictEqual'\n}\n\nNode.js v20.11.2-pre"},"time":5729.997,"fullname":"wasi/test-wasi","closingTestPoint":false}},{"testName":"parallel/test-runner-watch-mode","timestamp":1710935569931,"status":"FAILED","jobName":"node-test-binary-windows-js-suites","config":"node-test-binary-windows-js-suites » 3,win2022-COMPILED_BY-vs2022 #26618","buildUrl":"https://ci.nodejs.org/job/node-test-binary-windows-js-suites/RUN_SUBSET=3,nodes=win2022-COMPILED_BY-vs2022/26618/","buildNumber":26618,"builtOn":"test-rackspace-win2022_vs2022-x64-3","nodeVersion":"20.11.2","commitHash":"e8f57351492e3a6d9324c3f4b1c8165587c4bd9c","callStack":[{"upstreamBuild":61571,"upstreamProject":"node-test-commit-windows-fanned","upstreamUrl":"job/node-test-commit-windows-fanned/"},{"upstreamBuild":69246,"upstreamProject":"node-test-commit","upstreamUrl":"job/node-test-commit/"},{"upstreamBuild":139,"upstreamProject":"node-daily-v20.x-staging","upstreamUrl":"job/node-daily-v20.x-staging/"}],"tap":{"ok":false,"name":"parallel/test-runner-watch-mode","id":743,"buffered":false,"tapError":null,"skip":false,"todo":": Fix flaky test","previous":null,"plan":null,"diag":{"severity":"flaky","exitcode":1,"stack":"TAP version 13\n# Subtest: test runner watch mode\n    # Subtest: should run tests repeatedly\n    ok 1 - should run tests repeatedly\n      ---\n      duration_ms: 2516.8661\n      ...\n    # Subtest: should run tests with dependency repeatedly\n    ok 2 - should run tests with dependency repeatedly\n      ---\n      duration_ms: 1797.5869\n      ...\n    # Subtest: should run tests with ESM dependency\n    ok 3 - should run tests with ESM dependency\n      ---\n      duration_ms: 1702.453\n      ...\n    # Subtest: should support running tests without a file\n    ok 4 - should support running tests without a file\n      ---\n      duration_ms: 1791.5092\n      ...\n    1..4\nok 1 - test runner watch mode\n  ---\n  duration_ms: 7814.644\n  type: 'suite'\n  ...\n1..1\n# tests 4\n# suites 1\n# pass 4\n# fail 0\n# cancelled 0\n# skipped 0\n# todo 0\n# duration_ms 7841.883\nCan't clean tmpdir: C:\\workspace\\node-test-binary-windows-js-suites\\node\\test\\.tmp.653\nFiles blocking: [ 'dependency.js', 'dependency.mjs', 'test.js' ]\n\nC:\\workspace\\node-test-binary-windows-js-suites\\node\\test\\common\\tmpdir.js:69\n    throw e;\n    ^\n\nError: EBUSY: resource busy or locked, rmdir 'C:\\workspace\\node-test-binary-windows-js-suites\\node\\test\\.tmp.653'\n    at rmdirSync (node:fs:1219:11)\n    at _rmdirSync (node:internal/fs/rimraf:235:5)\n    at rimrafSync (node:internal/fs/rimraf:193:7)\n    at Object.rmSync (node:fs:1268:10)\n    at rmSync (C:\\workspace\\node-test-binary-windows-js-suites\\node\\test\\common\\tmpdir.js:20:8)\n    at onexit (C:\\workspace\\node-test-binary-windows-js-suites\\node\\test\\common\\tmpdir.js:54:5)\n    at process.<anonymous> (C:\\workspace\\node-test-binary-windows-js-suites\\node\\test\\common\\tmpdir.js:43:14)\n    at process.emit (node:events:530:35) {\n  errno: -4082,\n  code: 'EBUSY',\n  syscall: 'rmdir',\n  path: 'C:\\\\workspace\\\\node-test-binary-windows-js-suites\\\\node\\\\test\\\\.tmp.653'\n}\n\nNode.js v20.11.2-pre"},"time":8309.282,"fullname":"parallel/test-runner-watch-mode","closingTestPoint":false}}]}