{"failedTests":[{"testName":"parallel/test-fs-readdir-recursive","timestamp":1711045411060,"status":"FAILED","jobName":"node-test-binary-windows-js-suites","config":"node-test-binary-windows-js-suites » 0,win2019-COMPILED_BY-vs2022 #26643","buildUrl":"https://ci.nodejs.org/job/node-test-binary-windows-js-suites/RUN_SUBSET=0,nodes=win2019-COMPILED_BY-vs2022/26643/","buildNumber":26643,"builtOn":"test-rackspace-win2019_vs2019-x64-3","nodeVersion":"22.0.0","commitHash":"5accbc2996189647d67bae14af38a0dc1a4dcf89","callStack":[{"upstreamBuild":61598,"upstreamProject":"node-test-commit-windows-fanned","upstreamUrl":"job/node-test-commit-windows-fanned/"},{"upstreamBuild":69273,"upstreamProject":"node-test-commit","upstreamUrl":"job/node-test-commit/"},{"upstreamBuild":57877,"upstreamProject":"node-test-pull-request","upstreamUrl":"job/node-test-pull-request/"},{"prId":"52164"}],"tap":{"ok":false,"name":"parallel/test-fs-readdir-recursive","id":293,"buffered":false,"tapError":null,"skip":false,"todo":false,"previous":null,"plan":null,"diag":{"severity":"fail","exitcode":1,"stack":"node:assert:408\n    throw err;\n    ^\n\nAssertionError [ERR_ASSERTION]: The expression evaluated to a falsy value:\n\n  assert.ok(files.length === 1)\n\n    at Server.<anonymous> (C:\\workspace\\node-test-binary-windows-js-suites\\node\\test\\parallel\\test-fs-readdir-recursive.js:13:10)\n    at Server.<anonymous> (C:\\workspace\\node-test-binary-windows-js-suites\\node\\test\\common\\index.js:473:15)\n    at Object.onceWrapper (node:events:634:28)\n    at Server.emit (node:events:520:28)\n    at emitListeningNT (node:net:1932:10)\n    at process.processTicksAndRejections (node:internal/process/task_queues:81:21) {\n  generatedMessage: true,\n  code: 'ERR_ASSERTION',\n  actual: false,\n  expected: true,\n  operator: '=='\n}\n\nNode.js v22.0.0-pre"},"time":341.992,"fullname":"parallel/test-fs-readdir-recursive","closingTestPoint":false}},{"testName":"parallel/test-fs-readdir-recursive","timestamp":1711045411060,"status":"FAILED","jobName":"node-test-binary-windows-js-suites","config":"node-test-binary-windows-js-suites » 1,win11-arm64-COMPILED_BY-vs2022-arm64 #26643","buildUrl":"https://ci.nodejs.org/job/node-test-binary-windows-js-suites/RUN_SUBSET=1,nodes=win11-arm64-COMPILED_BY-vs2022-arm64/26643/","buildNumber":26643,"builtOn":"test-azure_msft-win11_vs2022-arm64-1","nodeVersion":"22.0.0","commitHash":"5accbc2996189647d67bae14af38a0dc1a4dcf89","callStack":[{"upstreamBuild":61598,"upstreamProject":"node-test-commit-windows-fanned","upstreamUrl":"job/node-test-commit-windows-fanned/"},{"upstreamBuild":69273,"upstreamProject":"node-test-commit","upstreamUrl":"job/node-test-commit/"},{"upstreamBuild":57877,"upstreamProject":"node-test-pull-request","upstreamUrl":"job/node-test-pull-request/"},{"prId":"52164"}],"tap":{"ok":false,"name":"parallel/test-fs-readdir-recursive","id":291,"buffered":false,"tapError":null,"skip":false,"todo":false,"previous":null,"plan":null,"diag":{"severity":"fail","exitcode":1,"stack":"node:assert:408\n    throw err;\n    ^\n\nAssertionError [ERR_ASSERTION]: The expression evaluated to a falsy value:\n\n  assert.ok(files.length === 1)\n\n    at Server.<anonymous> (d:\\workspace\\node-test-binary-windows-js-suites\\node\\test\\parallel\\test-fs-readdir-recursive.js:13:10)\n    at Server.<anonymous> (d:\\workspace\\node-test-binary-windows-js-suites\\node\\test\\common\\index.js:473:15)\n    at Object.onceWrapper (node:events:634:28)\n    at Server.emit (node:events:520:28)\n    at emitListeningNT (node:net:1932:10)\n    at process.processTicksAndRejections (node:internal/process/task_queues:81:21) {\n  generatedMessage: true,\n  code: 'ERR_ASSERTION',\n  actual: false,\n  expected: true,\n  operator: '=='\n}\n\nNode.js v22.0.0-pre"},"time":306.003,"fullname":"parallel/test-fs-readdir-recursive","closingTestPoint":false}},{"testName":"parallel/test-fs-readdir-recursive","timestamp":1711045411060,"status":"FAILED","jobName":"node-test-binary-windows-js-suites","config":"node-test-binary-windows-js-suites » 0,win2016-COMPILED_BY-vs2022-x86 #26643","buildUrl":"https://ci.nodejs.org/job/node-test-binary-windows-js-suites/RUN_SUBSET=0,nodes=win2016-COMPILED_BY-vs2022-x86/26643/","buildNumber":26643,"builtOn":"test-azure_msft-win2016_vs2017-x64-1","nodeVersion":"22.0.0","commitHash":"5accbc2996189647d67bae14af38a0dc1a4dcf89","callStack":[{"upstreamBuild":61598,"upstreamProject":"node-test-commit-windows-fanned","upstreamUrl":"job/node-test-commit-windows-fanned/"},{"upstreamBuild":69273,"upstreamProject":"node-test-commit","upstreamUrl":"job/node-test-commit/"},{"upstreamBuild":57877,"upstreamProject":"node-test-pull-request","upstreamUrl":"job/node-test-pull-request/"},{"prId":"52164"}],"tap":{"ok":false,"name":"parallel/test-fs-readdir-recursive","id":290,"buffered":false,"tapError":null,"skip":false,"todo":false,"previous":null,"plan":null,"diag":{"severity":"fail","exitcode":1,"stack":"node:assert:408\n    throw err;\n    ^\n\nAssertionError [ERR_ASSERTION]: The expression evaluated to a falsy value:\n\n  assert.ok(files.length === 1)\n\n    at Server.<anonymous> (C:\\workspace\\node-test-binary-windows-js-suites\\node\\test\\parallel\\test-fs-readdir-recursive.js:13:10)\n    at Server.<anonymous> (C:\\workspace\\node-test-binary-windows-js-suites\\node\\test\\common\\index.js:473:15)\n    at Object.onceWrapper (node:events:634:28)\n    at Server.emit (node:events:520:28)\n    at emitListeningNT (node:net:1932:10)\n    at process.processTicksAndRejections (node:internal/process/task_queues:81:21) {\n  generatedMessage: true,\n  code: 'ERR_ASSERTION',\n  actual: false,\n  expected: true,\n  operator: '=='\n}\n\nNode.js v22.0.0-pre"},"time":155.001,"fullname":"parallel/test-fs-readdir-recursive","closingTestPoint":false}},{"testName":"parallel/test-fs-readdir-recursive","timestamp":1711045411060,"status":"FAILED","jobName":"node-test-binary-windows-js-suites","config":"node-test-binary-windows-js-suites » 0,win11-COMPILED_BY-vs2022 #26643","buildUrl":"https://ci.nodejs.org/job/node-test-binary-windows-js-suites/RUN_SUBSET=0,nodes=win11-COMPILED_BY-vs2022/26643/","buildNumber":26643,"builtOn":"test-azure_msft-win11_vs2022-x64-3","nodeVersion":"22.0.0","commitHash":"5accbc2996189647d67bae14af38a0dc1a4dcf89","callStack":[{"upstreamBuild":61598,"upstreamProject":"node-test-commit-windows-fanned","upstreamUrl":"job/node-test-commit-windows-fanned/"},{"upstreamBuild":69273,"upstreamProject":"node-test-commit","upstreamUrl":"job/node-test-commit/"},{"upstreamBuild":57877,"upstreamProject":"node-test-pull-request","upstreamUrl":"job/node-test-pull-request/"},{"prId":"52164"}],"tap":{"ok":false,"name":"parallel/test-fs-readdir-recursive","id":291,"buffered":false,"tapError":null,"skip":false,"todo":false,"previous":null,"plan":null,"diag":{"severity":"fail","exitcode":1,"stack":"node:assert:408\n    throw err;\n    ^\n\nAssertionError [ERR_ASSERTION]: The expression evaluated to a falsy value:\n\n  assert.ok(files.length === 1)\n\n    at Server.<anonymous> (c:\\workspace\\node-test-binary-windows-js-suites\\node\\test\\parallel\\test-fs-readdir-recursive.js:13:10)\n    at Server.<anonymous> (c:\\workspace\\node-test-binary-windows-js-suites\\node\\test\\common\\index.js:473:15)\n    at Object.onceWrapper (node:events:634:28)\n    at Server.emit (node:events:520:28)\n    at emitListeningNT (node:net:1932:10)\n    at process.processTicksAndRejections (node:internal/process/task_queues:81:21) {\n  generatedMessage: true,\n  code: 'ERR_ASSERTION',\n  actual: false,\n  expected: true,\n  operator: '=='\n}\n\nNode.js v22.0.0-pre"},"time":213.008,"fullname":"parallel/test-fs-readdir-recursive","closingTestPoint":false}},{"testName":"parallel/test-fs-readdir-recursive","timestamp":1711045411060,"status":"FAILED","jobName":"node-test-binary-windows-js-suites","config":"node-test-binary-windows-js-suites » 0,win2022-COMPILED_BY-vs2022 #26643","buildUrl":"https://ci.nodejs.org/job/node-test-binary-windows-js-suites/RUN_SUBSET=0,nodes=win2022-COMPILED_BY-vs2022/26643/","buildNumber":26643,"builtOn":"test-rackspace-win2022_vs2022-x64-3","nodeVersion":"22.0.0","commitHash":"5accbc2996189647d67bae14af38a0dc1a4dcf89","callStack":[{"upstreamBuild":61598,"upstreamProject":"node-test-commit-windows-fanned","upstreamUrl":"job/node-test-commit-windows-fanned/"},{"upstreamBuild":69273,"upstreamProject":"node-test-commit","upstreamUrl":"job/node-test-commit/"},{"upstreamBuild":57877,"upstreamProject":"node-test-pull-request","upstreamUrl":"job/node-test-pull-request/"},{"prId":"52164"}],"tap":{"ok":false,"name":"parallel/test-fs-readdir-recursive","id":290,"buffered":false,"tapError":null,"skip":false,"todo":false,"previous":null,"plan":null,"diag":{"severity":"fail","exitcode":1,"stack":"node:assert:408\n    throw err;\n    ^\n\nAssertionError [ERR_ASSERTION]: The expression evaluated to a falsy value:\n\n  assert.ok(files.length === 1)\n\n    at Server.<anonymous> (C:\\workspace\\node-test-binary-windows-js-suites\\node\\test\\parallel\\test-fs-readdir-recursive.js:13:10)\n    at Server.<anonymous> (C:\\workspace\\node-test-binary-windows-js-suites\\node\\test\\common\\index.js:473:15)\n    at Object.onceWrapper (node:events:634:28)\n    at Server.emit (node:events:520:28)\n    at emitListeningNT (node:net:1932:10)\n    at process.processTicksAndRejections (node:internal/process/task_queues:81:21) {\n  generatedMessage: true,\n  code: 'ERR_ASSERTION',\n  actual: false,\n  expected: true,\n  operator: '=='\n}\n\nNode.js v22.0.0-pre"},"time":286.002,"fullname":"parallel/test-fs-readdir-recursive","closingTestPoint":false}},{"testName":"parallel/test-fs-readdir-recursive","timestamp":1711045411060,"status":"FAILED","jobName":"node-test-binary-windows-js-suites","config":"node-test-binary-windows-js-suites » 0,win10-COMPILED_BY-vs2022 #26643","buildUrl":"https://ci.nodejs.org/job/node-test-binary-windows-js-suites/RUN_SUBSET=0,nodes=win10-COMPILED_BY-vs2022/26643/","buildNumber":26643,"builtOn":"test-azure_msft-win10_vs2019-x64-4","nodeVersion":"22.0.0","commitHash":"5accbc2996189647d67bae14af38a0dc1a4dcf89","callStack":[{"upstreamBuild":61598,"upstreamProject":"node-test-commit-windows-fanned","upstreamUrl":"job/node-test-commit-windows-fanned/"},{"upstreamBuild":69273,"upstreamProject":"node-test-commit","upstreamUrl":"job/node-test-commit/"},{"upstreamBuild":57877,"upstreamProject":"node-test-pull-request","upstreamUrl":"job/node-test-pull-request/"},{"prId":"52164"}],"tap":{"ok":false,"name":"parallel/test-fs-readdir-recursive","id":291,"buffered":false,"tapError":null,"skip":false,"todo":false,"previous":null,"plan":null,"diag":{"severity":"fail","exitcode":1,"stack":"node:assert:408\n    throw err;\n    ^\n\nAssertionError [ERR_ASSERTION]: The expression evaluated to a falsy value:\n\n  assert.ok(files.length === 1)\n\n    at Server.<anonymous> (c:\\workspace\\node-test-binary-windows-js-suites\\node\\test\\parallel\\test-fs-readdir-recursive.js:13:10)\n    at Server.<anonymous> (c:\\workspace\\node-test-binary-windows-js-suites\\node\\test\\common\\index.js:473:15)\n    at Object.onceWrapper (node:events:634:28)\n    at Server.emit (node:events:520:28)\n    at emitListeningNT (node:net:1932:10)\n    at process.processTicksAndRejections (node:internal/process/task_queues:81:21) {\n  generatedMessage: true,\n  code: 'ERR_ASSERTION',\n  actual: false,\n  expected: true,\n  operator: '=='\n}\n\nNode.js v22.0.0-pre"},"time":172,"fullname":"parallel/test-fs-readdir-recursive","closingTestPoint":false}},{"testName":"wasi/test-wasi-poll","timestamp":1711045411060,"status":"FAILED","jobName":"node-test-binary-windows-js-suites","config":"node-test-binary-windows-js-suites » 2,win11-arm64-COMPILED_BY-vs2022-arm64 #26643","buildUrl":"https://ci.nodejs.org/job/node-test-binary-windows-js-suites/RUN_SUBSET=2,nodes=win11-arm64-COMPILED_BY-vs2022-arm64/26643/","buildNumber":26643,"builtOn":"test-azure_msft-win11_vs2022-arm64-3","nodeVersion":"22.0.0","commitHash":"5accbc2996189647d67bae14af38a0dc1a4dcf89","callStack":[{"upstreamBuild":61598,"upstreamProject":"node-test-commit-windows-fanned","upstreamUrl":"job/node-test-commit-windows-fanned/"},{"upstreamBuild":69273,"upstreamProject":"node-test-commit","upstreamUrl":"job/node-test-commit/"},{"upstreamBuild":57877,"upstreamProject":"node-test-pull-request","upstreamUrl":"job/node-test-pull-request/"},{"prId":"52164"}],"tap":{"ok":false,"name":"wasi/test-wasi-poll","id":923,"buffered":false,"tapError":null,"skip":false,"todo":": Fix flaky test","previous":null,"plan":null,"diag":{"severity":"flaky","exitcode":1,"stack":"Testing with --turbo-fast-api-calls: poll\n[process 11004]: --- stderr ---\n(node:11004) ExperimentalWarning: WASI is an experimental feature and might change at any time\n(Use `node --trace-warnings ...` to show where the warning was created)\n\n[process 11004]: --- stdout ---\n\n[process 11004]: status = 3221225477, signal = null\nd:\\workspace\\node-test-binary-windows-js-suites\\node\\test\\common\\child_process.js:86\n    throw new Error(`${failures.join('\\n')}`);\n    ^\n\nError: - process terminated with status 3221225477, expected 0\n    at logAndThrow (d:\\workspace\\node-test-binary-windows-js-suites\\node\\test\\common\\child_process.js:86:11)\n    at expectSyncExit (d:\\workspace\\node-test-binary-windows-js-suites\\node\\test\\common\\child_process.js:91:5)\n    at spawnSyncAndAssert (d:\\workspace\\node-test-binary-windows-js-suites\\node\\test\\common\\child_process.js:131:10)\n    at testWasiPreview1 (d:\\workspace\\node-test-binary-windows-js-suites\\node\\test\\common\\wasi.js:18:3)\n    at Object.<anonymous> (d:\\workspace\\node-test-binary-windows-js-suites\\node\\test\\wasi\\test-wasi-poll.js:5:1)\n    at Module._compile (node:internal/modules/cjs/loader:1421:14)\n    at Module._extensions..js (node:internal/modules/cjs/loader:1499:10)\n    at Module.load (node:internal/modules/cjs/loader:1232:32)\n    at Module._load (node:internal/modules/cjs/loader:1048:12)\n    at Function.executeUserEntryPoint [as runMain] (node:internal/modules/run_main:187:14)\n\nNode.js v22.0.0-pre"},"time":521.502,"fullname":"wasi/test-wasi-poll","closingTestPoint":false}}]}