{"failedTests":[{"testName":"wasi/test-wasi-poll","timestamp":1711418474125,"status":"FAILED","jobName":"node-test-binary-windows-js-suites","config":"node-test-binary-windows-js-suites » 2,win11-arm64-COMPILED_BY-vs2022-arm64 #26729","buildUrl":"https://ci.nodejs.org/job/node-test-binary-windows-js-suites/RUN_SUBSET=2,nodes=win11-arm64-COMPILED_BY-vs2022-arm64/26729/","buildNumber":26729,"builtOn":"test-azure_msft-win11_vs2022-arm64-5","nodeVersion":"22.0.0","commitHash":"1a0e053302186550b603dd0fcf95afdc42e2711b","callStack":[{"upstreamBuild":61695,"upstreamProject":"node-test-commit-windows-fanned","upstreamUrl":"job/node-test-commit-windows-fanned/"},{"upstreamBuild":69365,"upstreamProject":"node-test-commit","upstreamUrl":"job/node-test-commit/"},{"upstreamBuild":57952,"upstreamProject":"node-test-pull-request","upstreamUrl":"job/node-test-pull-request/"},{"prId":"52190"}],"tap":{"ok":false,"name":"wasi/test-wasi-poll","id":925,"buffered":false,"tapError":null,"skip":false,"todo":": Fix flaky test","previous":null,"plan":null,"diag":{"severity":"flaky","exitcode":1,"stack":"Testing with --turbo-fast-api-calls: poll\n[process 8908]: --- stderr ---\n(node:8908) ExperimentalWarning: WASI is an experimental feature and might change at any time\n(Use `node --trace-warnings ...` to show where the warning was created)\n\n[process 8908]: --- stdout ---\n\n[process 8908]: status = 3221225477, signal = null\nd:\\workspace\\node-test-binary-windows-js-suites\\node\\test\\common\\child_process.js:86\n    throw new Error(`${failures.join('\\n')}`);\n    ^\n\nError: - process terminated with status 3221225477, expected 0\n    at logAndThrow (d:\\workspace\\node-test-binary-windows-js-suites\\node\\test\\common\\child_process.js:86:11)\n    at expectSyncExit (d:\\workspace\\node-test-binary-windows-js-suites\\node\\test\\common\\child_process.js:91:5)\n    at spawnSyncAndAssert (d:\\workspace\\node-test-binary-windows-js-suites\\node\\test\\common\\child_process.js:131:10)\n    at testWasiPreview1 (d:\\workspace\\node-test-binary-windows-js-suites\\node\\test\\common\\wasi.js:18:3)\n    at Object.<anonymous> (d:\\workspace\\node-test-binary-windows-js-suites\\node\\test\\wasi\\test-wasi-poll.js:5:1)\n    at Module._compile (node:internal/modules/cjs/loader:1421:14)\n    at Module._extensions..js (node:internal/modules/cjs/loader:1499:10)\n    at Module.load (node:internal/modules/cjs/loader:1232:32)\n    at Module._load (node:internal/modules/cjs/loader:1048:12)\n    at Function.executeUserEntryPoint [as runMain] (node:internal/modules/run_main:187:14)\n\nNode.js v22.0.0-pre"},"time":584.079,"fullname":"wasi/test-wasi-poll","closingTestPoint":false}},{"testName":"parallel/test-node-run","timestamp":1711418474125,"status":"FAILED","jobName":"node-test-binary-windows-js-suites","config":"node-test-binary-windows-js-suites » 3,win11-COMPILED_BY-vs2022 #26729","buildUrl":"https://ci.nodejs.org/job/node-test-binary-windows-js-suites/RUN_SUBSET=3,nodes=win11-COMPILED_BY-vs2022/26729/","buildNumber":26729,"builtOn":"test-azure_msft-win11_vs2022-x64-3","nodeVersion":"22.0.0","commitHash":"1a0e053302186550b603dd0fcf95afdc42e2711b","callStack":[{"upstreamBuild":61695,"upstreamProject":"node-test-commit-windows-fanned","upstreamUrl":"job/node-test-commit-windows-fanned/"},{"upstreamBuild":69365,"upstreamProject":"node-test-commit","upstreamUrl":"job/node-test-commit/"},{"upstreamBuild":57952,"upstreamProject":"node-test-pull-request","upstreamUrl":"job/node-test-pull-request/"},{"prId":"52190"}],"tap":{"ok":false,"name":"parallel/test-node-run","id":575,"buffered":false,"tapError":null,"skip":false,"todo":false,"previous":null,"plan":null,"diag":{"severity":"fail","exitcode":1,"stack":"TAP version 13\n# Subtest: node run [command]\n    # Subtest: returns error on non-existent command\n    not ok 1 - returns error on non-existent command\n      ---\n      duration_ms: 86.0758\n      location: 'c:\\\\workspace\\\\node-test-binary-windows-js-suites\\\\node\\\\test\\\\parallel\\\\test-node-run.js:11:3'\n      failureType: 'testCodeFailure'\n      error: |-\n        Expected values to be strictly equal:\n        + actual - expected\n        \n        + \"Can't read package.json\\r\\n\"\n        - \"Can't read package.json\\n\"\n                                   ^\n      code: 'ERR_ASSERTION'\n      name: 'AssertionError'\n      expected: |-\n        Can't read package.json\n        \n      actual: |-\n        Can't read package.json\n        \n      operator: 'strictEqual'\n      stack: |-\n        TestContext.<anonymous> (c:\\workspace\\node-test-binary-windows-js-suites\\node\\test\\parallel\\test-node-run.js:17:12)\n        process.processTicksAndRejections (node:internal/process/task_queues:95:5)\n        async Test.run (node:internal/test_runner/test:699:9)\n        async Promise.all (index 0)\n        async Suite.run (node:internal/test_runner/test:1040:7)\n        async Test.processPendingSubtests (node:internal/test_runner/test:439:7)\n      ...\n    # Subtest: runs a valid command\n    ok 2 - runs a valid command # SKIP\n      ---\n      duration_ms: 0.2543\n      ...\n    # Subtest: adds node_modules/.bin to path\n    ok 3 - adds node_modules/.bin to path # SKIP\n      ---\n      duration_ms: 0.2847\n      ...\n    # Subtest: appends positional arguments\n    ok 4 - appends positional arguments # SKIP\n      ---\n      duration_ms: 0.1735\n      ...\n    # Subtest: should support having --env-file cli flag\n    ok 5 - should support having --env-file cli flag # SKIP\n      ---\n      duration_ms: 0.158\n      ...\n    1..5\nnot ok 1 - node run [command]\n  ---\n  duration_ms: 89.5974\n  type: 'suite'\n  location: 'c:\\\\workspace\\\\node-test-binary-windows-js-suites\\\\node\\\\test\\\\parallel\\\\test-node-run.js:10:1'\n  failureType: 'subtestsFailed'\n  error: '1 subtest failed'\n  code: 'ERR_TEST_FAILURE'\n  ...\n1..1\n# tests 5\n# suites 1\n# pass 0\n# fail 1\n# cancelled 0\n# skipped 4\n# todo 0\n# duration_ms 106.1628"},"time":294.004,"fullname":"parallel/test-node-run","closingTestPoint":false}},{"testName":"parallel/test-node-run","timestamp":1711418474125,"status":"FAILED","jobName":"node-test-binary-windows-js-suites","config":"node-test-binary-windows-js-suites » 3,win10-COMPILED_BY-vs2022 #26729","buildUrl":"https://ci.nodejs.org/job/node-test-binary-windows-js-suites/RUN_SUBSET=3,nodes=win10-COMPILED_BY-vs2022/26729/","buildNumber":26729,"builtOn":"test-azure_msft-win10_vs2019-x64-4","nodeVersion":"22.0.0","commitHash":"1a0e053302186550b603dd0fcf95afdc42e2711b","callStack":[{"upstreamBuild":61695,"upstreamProject":"node-test-commit-windows-fanned","upstreamUrl":"job/node-test-commit-windows-fanned/"},{"upstreamBuild":69365,"upstreamProject":"node-test-commit","upstreamUrl":"job/node-test-commit/"},{"upstreamBuild":57952,"upstreamProject":"node-test-pull-request","upstreamUrl":"job/node-test-pull-request/"},{"prId":"52190"}],"tap":{"ok":false,"name":"parallel/test-node-run","id":575,"buffered":false,"tapError":null,"skip":false,"todo":false,"previous":null,"plan":null,"diag":{"severity":"fail","exitcode":1,"stack":"TAP version 13\n# Subtest: node run [command]\n    # Subtest: returns error on non-existent command\n    not ok 1 - returns error on non-existent command\n      ---\n      duration_ms: 81.7007\n      location: 'c:\\\\workspace\\\\node-test-binary-windows-js-suites\\\\node\\\\test\\\\parallel\\\\test-node-run.js:11:3'\n      failureType: 'testCodeFailure'\n      error: |-\n        Expected values to be strictly equal:\n        + actual - expected\n        \n        + \"Can't read package.json\\r\\n\"\n        - \"Can't read package.json\\n\"\n                                   ^\n      code: 'ERR_ASSERTION'\n      name: 'AssertionError'\n      expected: |-\n        Can't read package.json\n        \n      actual: |-\n        Can't read package.json\n        \n      operator: 'strictEqual'\n      stack: |-\n        TestContext.<anonymous> (c:\\workspace\\node-test-binary-windows-js-suites\\node\\test\\parallel\\test-node-run.js:17:12)\n        process.processTicksAndRejections (node:internal/process/task_queues:95:5)\n        async Test.run (node:internal/test_runner/test:699:9)\n        async Promise.all (index 0)\n        async Suite.run (node:internal/test_runner/test:1040:7)\n        async Test.processPendingSubtests (node:internal/test_runner/test:439:7)\n      ...\n    # Subtest: runs a valid command\n    ok 2 - runs a valid command # SKIP\n      ---\n      duration_ms: 0.2189\n      ...\n    # Subtest: adds node_modules/.bin to path\n    ok 3 - adds node_modules/.bin to path # SKIP\n      ---\n      duration_ms: 0.2502\n      ...\n    # Subtest: appends positional arguments\n    ok 4 - appends positional arguments # SKIP\n      ---\n      duration_ms: 0.1434\n      ...\n    # Subtest: should support having --env-file cli flag\n    ok 5 - should support having --env-file cli flag # SKIP\n      ---\n      duration_ms: 0.143\n      ...\n    1..5\nnot ok 1 - node run [command]\n  ---\n  duration_ms: 84.569\n  type: 'suite'\n  location: 'c:\\\\workspace\\\\node-test-binary-windows-js-suites\\\\node\\\\test\\\\parallel\\\\test-node-run.js:10:1'\n  failureType: 'subtestsFailed'\n  error: '1 subtest failed'\n  code: 'ERR_TEST_FAILURE'\n  ...\n1..1\n# tests 5\n# suites 1\n# pass 0\n# fail 1\n# cancelled 0\n# skipped 4\n# todo 0\n# duration_ms 97.6115"},"time":246.999,"fullname":"parallel/test-node-run","closingTestPoint":false}},{"testName":"parallel/test-node-run","timestamp":1711418474125,"status":"FAILED","jobName":"node-test-binary-windows-js-suites","config":"node-test-binary-windows-js-suites » 3,win2016-COMPILED_BY-vs2022-x86 #26729","buildUrl":"https://ci.nodejs.org/job/node-test-binary-windows-js-suites/RUN_SUBSET=3,nodes=win2016-COMPILED_BY-vs2022-x86/26729/","buildNumber":26729,"builtOn":"test-azure_msft-win2016_vs2017-x64-2","nodeVersion":"22.0.0","commitHash":"1a0e053302186550b603dd0fcf95afdc42e2711b","callStack":[{"upstreamBuild":61695,"upstreamProject":"node-test-commit-windows-fanned","upstreamUrl":"job/node-test-commit-windows-fanned/"},{"upstreamBuild":69365,"upstreamProject":"node-test-commit","upstreamUrl":"job/node-test-commit/"},{"upstreamBuild":57952,"upstreamProject":"node-test-pull-request","upstreamUrl":"job/node-test-pull-request/"},{"prId":"52190"}],"tap":{"ok":false,"name":"parallel/test-node-run","id":575,"buffered":false,"tapError":null,"skip":false,"todo":false,"previous":null,"plan":null,"diag":{"severity":"fail","exitcode":1,"stack":"TAP version 13\n# Subtest: node run [command]\n    # Subtest: returns error on non-existent command\n    not ok 1 - returns error on non-existent command\n      ---\n      duration_ms: 82.6548\n      location: 'C:\\\\workspace\\\\node-test-binary-windows-js-suites\\\\node\\\\test\\\\parallel\\\\test-node-run.js:11:3'\n      failureType: 'testCodeFailure'\n      error: |-\n        Expected values to be strictly equal:\n        + actual - expected\n        \n        + \"Can't read package.json\\r\\n\"\n        - \"Can't read package.json\\n\"\n                                   ^\n      code: 'ERR_ASSERTION'\n      name: 'AssertionError'\n      expected: |-\n        Can't read package.json\n        \n      actual: |-\n        Can't read package.json\n        \n      operator: 'strictEqual'\n      stack: |-\n        TestContext.<anonymous> (C:\\workspace\\node-test-binary-windows-js-suites\\node\\test\\parallel\\test-node-run.js:17:12)\n        process.processTicksAndRejections (node:internal/process/task_queues:95:5)\n        async Test.run (node:internal/test_runner/test:699:9)\n        async Promise.all (index 0)\n        async Suite.run (node:internal/test_runner/test:1040:7)\n        async Test.processPendingSubtests (node:internal/test_runner/test:439:7)\n      ...\n    # Subtest: runs a valid command\n    ok 2 - runs a valid command # SKIP\n      ---\n      duration_ms: 0.2361\n      ...\n    # Subtest: adds node_modules/.bin to path\n    ok 3 - adds node_modules/.bin to path # SKIP\n      ---\n      duration_ms: 0.1702\n      ...\n    # Subtest: appends positional arguments\n    ok 4 - appends positional arguments # SKIP\n      ---\n      duration_ms: 0.2657\n      ...\n    # Subtest: should support having --env-file cli flag\n    ok 5 - should support having --env-file cli flag # SKIP\n      ---\n      duration_ms: 0.152\n      ...\n    1..5\nnot ok 1 - node run [command]\n  ---\n  duration_ms: 85.5508\n  type: 'suite'\n  location: 'C:\\\\workspace\\\\node-test-binary-windows-js-suites\\\\node\\\\test\\\\parallel\\\\test-node-run.js:10:1'\n  failureType: 'subtestsFailed'\n  error: '1 subtest failed'\n  code: 'ERR_TEST_FAILURE'\n  ...\n1..1\n# tests 5\n# suites 1\n# pass 0\n# fail 1\n# cancelled 0\n# skipped 4\n# todo 0\n# duration_ms 100.8521"},"time":263,"fullname":"parallel/test-node-run","closingTestPoint":false}},{"testName":"parallel/test-node-run","timestamp":1711418474125,"status":"FAILED","jobName":"node-test-binary-windows-js-suites","config":"node-test-binary-windows-js-suites » 3,win2019-COMPILED_BY-vs2022 #26729","buildUrl":"https://ci.nodejs.org/job/node-test-binary-windows-js-suites/RUN_SUBSET=3,nodes=win2019-COMPILED_BY-vs2022/26729/","buildNumber":26729,"builtOn":"test-rackspace-win2019_vs2019-x64-3","nodeVersion":"22.0.0","commitHash":"1a0e053302186550b603dd0fcf95afdc42e2711b","callStack":[{"upstreamBuild":61695,"upstreamProject":"node-test-commit-windows-fanned","upstreamUrl":"job/node-test-commit-windows-fanned/"},{"upstreamBuild":69365,"upstreamProject":"node-test-commit","upstreamUrl":"job/node-test-commit/"},{"upstreamBuild":57952,"upstreamProject":"node-test-pull-request","upstreamUrl":"job/node-test-pull-request/"},{"prId":"52190"}],"tap":{"ok":false,"name":"parallel/test-node-run","id":577,"buffered":false,"tapError":null,"skip":false,"todo":false,"previous":null,"plan":null,"diag":{"severity":"fail","exitcode":1,"stack":"TAP version 13\n# Subtest: node run [command]\n    # Subtest: returns error on non-existent command\n    not ok 1 - returns error on non-existent command\n      ---\n      duration_ms: 117.8007\n      location: 'C:\\\\workspace\\\\node-test-binary-windows-js-suites\\\\node\\\\test\\\\parallel\\\\test-node-run.js:11:3'\n      failureType: 'testCodeFailure'\n      error: |-\n        Expected values to be strictly equal:\n        + actual - expected\n        \n        + \"Can't read package.json\\r\\n\"\n        - \"Can't read package.json\\n\"\n                                   ^\n      code: 'ERR_ASSERTION'\n      name: 'AssertionError'\n      expected: |-\n        Can't read package.json\n        \n      actual: |-\n        Can't read package.json\n        \n      operator: 'strictEqual'\n      stack: |-\n        TestContext.<anonymous> (C:\\workspace\\node-test-binary-windows-js-suites\\node\\test\\parallel\\test-node-run.js:17:12)\n        process.processTicksAndRejections (node:internal/process/task_queues:95:5)\n        async Test.run (node:internal/test_runner/test:699:9)\n        async Promise.all (index 0)\n        async Suite.run (node:internal/test_runner/test:1040:7)\n        async Test.processPendingSubtests (node:internal/test_runner/test:439:7)\n      ...\n    # Subtest: runs a valid command\n    ok 2 - runs a valid command # SKIP\n      ---\n      duration_ms: 0.457\n      ...\n    # Subtest: adds node_modules/.bin to path\n    ok 3 - adds node_modules/.bin to path # SKIP\n      ---\n      duration_ms: 0.4683\n      ...\n    # Subtest: appends positional arguments\n    ok 4 - appends positional arguments # SKIP\n      ---\n      duration_ms: 0.3848\n      ...\n    # Subtest: should support having --env-file cli flag\n    ok 5 - should support having --env-file cli flag # SKIP\n      ---\n      duration_ms: 0.3406\n      ...\n    1..5\nnot ok 1 - node run [command]\n  ---\n  duration_ms: 123.5826\n  type: 'suite'\n  location: 'C:\\\\workspace\\\\node-test-binary-windows-js-suites\\\\node\\\\test\\\\parallel\\\\test-node-run.js:10:1'\n  failureType: 'subtestsFailed'\n  error: '1 subtest failed'\n  code: 'ERR_TEST_FAILURE'\n  ...\n1..1\n# tests 5\n# suites 1\n# pass 0\n# fail 1\n# cancelled 0\n# skipped 4\n# todo 0\n# duration_ms 148.8411"},"time":437.004,"fullname":"parallel/test-node-run","closingTestPoint":false}},{"testName":"parallel/test-node-run","timestamp":1711418474125,"status":"FAILED","jobName":"node-test-binary-windows-js-suites","config":"node-test-binary-windows-js-suites » 0,win11-arm64-COMPILED_BY-vs2022-arm64 #26729","buildUrl":"https://ci.nodejs.org/job/node-test-binary-windows-js-suites/RUN_SUBSET=0,nodes=win11-arm64-COMPILED_BY-vs2022-arm64/26729/","buildNumber":26729,"builtOn":"test-azure_msft-win11_vs2022-arm64-6","nodeVersion":"22.0.0","commitHash":"1a0e053302186550b603dd0fcf95afdc42e2711b","callStack":[{"upstreamBuild":61695,"upstreamProject":"node-test-commit-windows-fanned","upstreamUrl":"job/node-test-commit-windows-fanned/"},{"upstreamBuild":69365,"upstreamProject":"node-test-commit","upstreamUrl":"job/node-test-commit/"},{"upstreamBuild":57952,"upstreamProject":"node-test-pull-request","upstreamUrl":"job/node-test-pull-request/"},{"prId":"52190"}],"tap":{"ok":false,"name":"parallel/test-node-run","id":577,"buffered":false,"tapError":null,"skip":false,"todo":false,"previous":null,"plan":null,"diag":{"severity":"fail","exitcode":1,"stack":"TAP version 13\n# Subtest: node run [command]\n    # Subtest: returns error on non-existent command\n    not ok 1 - returns error on non-existent command\n      ---\n      duration_ms: 148.2726\n      location: 'd:\\\\workspace\\\\node-test-binary-windows-js-suites\\\\node\\\\test\\\\parallel\\\\test-node-run.js:11:3'\n      failureType: 'testCodeFailure'\n      error: |-\n        Expected values to be strictly equal:\n        + actual - expected\n        \n        + \"Can't read package.json\\r\\n\"\n        - \"Can't read package.json\\n\"\n                                   ^\n      code: 'ERR_ASSERTION'\n      name: 'AssertionError'\n      expected: |-\n        Can't read package.json\n        \n      actual: |-\n        Can't read package.json\n        \n      operator: 'strictEqual'\n      stack: |-\n        TestContext.<anonymous> (d:\\workspace\\node-test-binary-windows-js-suites\\node\\test\\parallel\\test-node-run.js:17:12)\n        process.processTicksAndRejections (node:internal/process/task_queues:95:5)\n        async Test.run (node:internal/test_runner/test:699:9)\n        async Promise.all (index 0)\n        async Suite.run (node:internal/test_runner/test:1040:7)\n        async Test.processPendingSubtests (node:internal/test_runner/test:439:7)\n      ...\n    # Subtest: runs a valid command\n    ok 2 - runs a valid command # SKIP\n      ---\n      duration_ms: 0.2697\n      ...\n    # Subtest: adds node_modules/.bin to path\n    ok 3 - adds node_modules/.bin to path # SKIP\n      ---\n      duration_ms: 0.3756\n      ...\n    # Subtest: appends positional arguments\n    ok 4 - appends positional arguments # SKIP\n      ---\n      duration_ms: 0.1856\n      ...\n    # Subtest: should support having --env-file cli flag\n    ok 5 - should support having --env-file cli flag # SKIP\n      ---\n      duration_ms: 0.1857\n      ...\n    1..5\nnot ok 1 - node run [command]\n  ---\n  duration_ms: 152.073\n  type: 'suite'\n  location: 'd:\\\\workspace\\\\node-test-binary-windows-js-suites\\\\node\\\\test\\\\parallel\\\\test-node-run.js:10:1'\n  failureType: 'subtestsFailed'\n  error: '1 subtest failed'\n  code: 'ERR_TEST_FAILURE'\n  ...\n1..1\n# tests 5\n# suites 1\n# pass 0\n# fail 1\n# cancelled 0\n# skipped 4\n# todo 0\n# duration_ms 171.6131"},"time":491.007,"fullname":"parallel/test-node-run","closingTestPoint":false}},{"testName":"parallel/test-node-run","timestamp":1711418474125,"status":"FAILED","jobName":"node-test-binary-windows-js-suites","config":"node-test-binary-windows-js-suites » 3,win2022-COMPILED_BY-vs2022 #26729","buildUrl":"https://ci.nodejs.org/job/node-test-binary-windows-js-suites/RUN_SUBSET=3,nodes=win2022-COMPILED_BY-vs2022/26729/","buildNumber":26729,"builtOn":"test-rackspace-win2022_vs2022-x64-2","nodeVersion":"22.0.0","commitHash":"1a0e053302186550b603dd0fcf95afdc42e2711b","callStack":[{"upstreamBuild":61695,"upstreamProject":"node-test-commit-windows-fanned","upstreamUrl":"job/node-test-commit-windows-fanned/"},{"upstreamBuild":69365,"upstreamProject":"node-test-commit","upstreamUrl":"job/node-test-commit/"},{"upstreamBuild":57952,"upstreamProject":"node-test-pull-request","upstreamUrl":"job/node-test-pull-request/"},{"prId":"52190"}],"tap":{"ok":false,"name":"parallel/test-node-run","id":576,"buffered":false,"tapError":null,"skip":false,"todo":false,"previous":null,"plan":null,"diag":{"severity":"fail","exitcode":1,"stack":"TAP version 13\n# Subtest: node run [command]\n    # Subtest: returns error on non-existent command\n    not ok 1 - returns error on non-existent command\n      ---\n      duration_ms: 109.8199\n      location: 'C:\\\\workspace\\\\node-test-binary-windows-js-suites\\\\node\\\\test\\\\parallel\\\\test-node-run.js:11:3'\n      failureType: 'testCodeFailure'\n      error: |-\n        Expected values to be strictly equal:\n        + actual - expected\n        \n        + \"Can't read package.json\\r\\n\"\n        - \"Can't read package.json\\n\"\n                                   ^\n      code: 'ERR_ASSERTION'\n      name: 'AssertionError'\n      expected: |-\n        Can't read package.json\n        \n      actual: |-\n        Can't read package.json\n        \n      operator: 'strictEqual'\n      stack: |-\n        TestContext.<anonymous> (C:\\workspace\\node-test-binary-windows-js-suites\\node\\test\\parallel\\test-node-run.js:17:12)\n        process.processTicksAndRejections (node:internal/process/task_queues:95:5)\n        async Test.run (node:internal/test_runner/test:699:9)\n        async Promise.all (index 0)\n        async Suite.run (node:internal/test_runner/test:1040:7)\n        async Test.processPendingSubtests (node:internal/test_runner/test:439:7)\n      ...\n    # Subtest: runs a valid command\n    ok 2 - runs a valid command # SKIP\n      ---\n      duration_ms: 0.4243\n      ...\n    # Subtest: adds node_modules/.bin to path\n    ok 3 - adds node_modules/.bin to path # SKIP\n      ---\n      duration_ms: 0.4571\n      ...\n    # Subtest: appends positional arguments\n    ok 4 - appends positional arguments # SKIP\n      ---\n      duration_ms: 0.3039\n      ...\n    # Subtest: should support having --env-file cli flag\n    ok 5 - should support having --env-file cli flag # SKIP\n      ---\n      duration_ms: 0.3017\n      ...\n    1..5\nnot ok 1 - node run [command]\n  ---\n  duration_ms: 115.2784\n  type: 'suite'\n  location: 'C:\\\\workspace\\\\node-test-binary-windows-js-suites\\\\node\\\\test\\\\parallel\\\\test-node-run.js:10:1'\n  failureType: 'subtestsFailed'\n  error: '1 subtest failed'\n  code: 'ERR_TEST_FAILURE'\n  ...\n1..1\n# tests 5\n# suites 1\n# pass 0\n# fail 1\n# cancelled 0\n# skipped 4\n# todo 0\n# duration_ms 140.3581"},"time":406.027,"fullname":"parallel/test-node-run","closingTestPoint":false}}]}