{"failedTests":[{"testName":"parallel/test-buffer-constructor-node-modules-paths","timestamp":1711865816069,"status":"FAILED","jobName":"node-test-binary-windows-js-suites","config":"node-test-binary-windows-js-suites » 1,win2022-COMPILED_BY-vs2022 #26800","buildUrl":"https://ci.nodejs.org/job/node-test-binary-windows-js-suites/RUN_SUBSET=1,nodes=win2022-COMPILED_BY-vs2022/26800/","buildNumber":26800,"builtOn":"test-rackspace-win2022_vs2022-x64-4","nodeVersion":"22.0.0","commitHash":"f1881830e7d8a69806beea8ec95342ec73ee2c34","callStack":[{"upstreamBuild":61768,"upstreamProject":"node-test-commit-windows-fanned","upstreamUrl":"job/node-test-commit-windows-fanned/"},{"upstreamBuild":69443,"upstreamProject":"node-test-commit","upstreamUrl":"job/node-test-commit/"},{"upstreamBuild":58011,"upstreamProject":"node-test-pull-request","upstreamUrl":"job/node-test-pull-request/"},{"prId":"51362"}],"tap":{"ok":false,"name":"parallel/test-buffer-constructor-node-modules-paths","id":89,"buffered":false,"tapError":null,"skip":false,"todo":false,"previous":null,"plan":null,"diag":{"severity":"fail","exitcode":1,"stack":"C:\\workspace\\node-test-binary-windows-js-suites\\node\\test\\parallel\\test-buffer-constructor-node-modules-paths.js:20\n    assert.strictEqual(stderr.trim(), '');\n                              ^\n\nTypeError: Cannot read properties of null (reading 'trim')\n    at test (C:\\workspace\\node-test-binary-windows-js-suites\\node\\test\\parallel\\test-buffer-constructor-node-modules-paths.js:20:31)\n    at Object.<anonymous> (C:\\workspace\\node-test-binary-windows-js-suites\\node\\test\\parallel\\test-buffer-constructor-node-modules-paths.js:24:1)\n    at Module._compile (node:internal/modules/cjs/loader:1421:14)\n    at Module._extensions..js (node:internal/modules/cjs/loader:1499:10)\n    at Module.load (node:internal/modules/cjs/loader:1232:32)\n    at Module._load (node:internal/modules/cjs/loader:1048:12)\n    at Function.executeUserEntryPoint [as runMain] (node:internal/modules/run_main:187:14)\n    at node:internal/main/run_main_module:28:49\n\nNode.js v22.0.0-pre"},"time":490.993,"fullname":"parallel/test-buffer-constructor-node-modules-paths","closingTestPoint":false}},{"testName":"parallel/test-runner-run","timestamp":1711865816069,"status":"FAILED","jobName":"node-test-binary-windows-js-suites","config":"node-test-binary-windows-js-suites » 2,win10-COMPILED_BY-vs2022 #26800","buildUrl":"https://ci.nodejs.org/job/node-test-binary-windows-js-suites/RUN_SUBSET=2,nodes=win10-COMPILED_BY-vs2022/26800/","buildNumber":26800,"builtOn":"test-azure_msft-win10_vs2019-x64-2","nodeVersion":"22.0.0","commitHash":"f1881830e7d8a69806beea8ec95342ec73ee2c34","callStack":[{"upstreamBuild":61768,"upstreamProject":"node-test-commit-windows-fanned","upstreamUrl":"job/node-test-commit-windows-fanned/"},{"upstreamBuild":69443,"upstreamProject":"node-test-commit","upstreamUrl":"job/node-test-commit/"},{"upstreamBuild":58011,"upstreamProject":"node-test-pull-request","upstreamUrl":"job/node-test-pull-request/"},{"prId":"51362"}],"tap":{"ok":false,"name":"parallel/test-runner-run","id":928,"buffered":false,"tapError":null,"skip":false,"todo":false,"previous":null,"plan":null,"diag":{"severity":"fail","exitcode":1,"stack":"timeout\nTAP version 13\n# Subtest: require('node:test').run\n    # Subtest: should run with no tests\n    ok 1 - should run with no tests\n      ---\n      duration_ms: 251.6774\n      ...\n    # Subtest: should fail with non existing file\n    ok 2 - should fail with non existing file\n      ---\n      duration_ms: 2233.8392\n      ...\n    # Subtest: should succeed with a file\n    ok 3 - should succeed with a file\n      ---\n      duration_ms: 2238.6979\n      ...\n    # Subtest: should run same file twice\n    ok 4 - should run same file twice\n      ---\n      duration_ms: 2910.6538\n      ...\n    # Subtest: should run a failed test\n    ok 5 - should run a failed test\n      ---\n      duration_ms: 1926.2691\n      ...\n    # Subtest: should support timeout\n    ok 6 - should support timeout\n      ---\n      duration_ms: 308.2724\n      ...\n    # Subtest: should be piped with dot\n    ok 7 - should be piped with dot\n      ---\n      duration_ms: 1837.4672\n      ...\n    # Subtest: should be piped with spec reporter\n        # Subtest: new spec\n        ok 1 - new spec\n          ---\n          duration_ms: 1934.6504\n          ...\n        # Subtest: spec()\n        ok 2 - spec()\n          ---\n          duration_ms: 1823.5766\n          ...\n        # Subtest: spec\n        ok 3 - spec\n          ---\n          duration_ms: 1317.3533\n          ...\n        1..3\n    ok 8 - should be piped with spec reporter\n      ---\n      duration_ms: 1981.2724\n      type: 'suite'\n      ...\n    # Subtest: should be piped with tap\n    not ok 9 - should be piped with tap\n      ---\n      duration_ms: 2044.3355\n      location: 'c:\\\\workspace\\\\node-test-binary-windows-js-suites\\\\node\\\\test\\\\parallel\\\\test-runner-run.mjs:111:3'\n      failureType: 'testCodeFailure'\n      error: |-\n        Expected values to be strictly equal:\n        \n        14 !== 13\n        \n      code: 'ERR_ASSERTION'\n      name: 'AssertionError'\n      expected: 13\n      actual: 14\n      operator: 'strictEqual'\n      stack: |-\n        TestContext.<anonymous> (file:///c:/workspace/node-test-binary-windows-js-suites/node/test/parallel/test-runner-run.mjs:115:12)\n        process.processTicksAndRejections (node:internal/process/task_queues:95:5)\n        async Test.run (node:internal/test_runner/test:729:9)\n        async Promise.all (index 8)\n        async Suite.run (node:internal/test_runner/test:1080:7)\n        async Test.processPendingSubtests (node:internal/test_runner/test:446:7)\n      ...\n    # Subtest: should skip tests not matching testNamePatterns - RegExp\n    not ok 10 - should skip tests not matching testNamePatterns - RegExp\n      ---\n      duration_ms: 2050.0245\n      location: 'c:\\\\workspace\\\\node-test-binary-windows-js-suites\\\\node\\\\test\\\\parallel\\\\test-runner-run.mjs:131:3'\n      failureType: 'testCodeFailure'\n      error: |-\n        Expected values to be strictly equal:\n        + actual - expected\n        \n        + '# Warning: Test \"c:\\\\\\\\workspace\\\\\\\\node-test-binary-windows-js-suites\\\\\\\\node\\\\\\\\test\\\\\\\\fixtures\\\\\\\\test-runner\\\\\\\\default-behavior\\\\\\\\test\\\\\\\\random.cjs\" generated asynchronous activity after the test ended. This activity created the error \"Error: kill EPERM\" and would have caused the test to fail, but instead triggered an unhandledRejection event.\\n'\n        - '# tests 1\\n'\n      code: 'ERR_ASSERTION'\n      name: 'AssertionError'\n      expected: |-\n        # tests 1\n        \n      actual: |-\n        # Warning: Test \"c:\\\\workspace\\\\node-test-binary-windows-js-suites\\\\node\\\\test\\\\fixtures\\\\test-runner\\\\default-behavior\\\\test\\\\random.cjs\" generated asynchronous activity after the test ended. This activity created the error \"Error: kill EPERM\" and would have caused the test to fail, but instead triggered an unhandledRejection event.\n        \n      operator: 'strictEqual'\n      stack: |-\n        TestContext.<anonymous> (file:///c:/workspace/node-test-binary-windows-js-suites/node/test/parallel/test-runner-run.mjs:140:12)\n        process.processTicksAndRejections (node:internal/process/task_queues:95:5)\n        async Test.run (node:internal/test_runner/test:729:9)\n        async Promise.all (index 9)\n        async Suite.run (node:internal/test_runner/test:1080:7)\n        async Test.processPendingSubtests (node:internal/test_runner/test:446:7)\n      ...\n    # Subtest: should skip tests not matching testNamePatterns - string\n    not ok 11 - should skip tests not matching testNamePatterns - string\n      ---\n      duration_ms: 1253.0835\n      location: 'c:\\\\workspace\\\\node-test-binary-windows-js-suites\\\\node\\\\test\\\\parallel\\\\test-runner-run.mjs:143:3'\n      failureType: 'testCodeFailure'\n      error: |-\n        Expected values to be strictly equal:\n        + actual - expected\n        \n        + '# Warning: Test \"c:\\\\\\\\workspace\\\\\\\\node-test-binary-windows-js-suites\\\\\\\\node\\\\\\\\test\\\\\\\\fixtures\\\\\\\\test-runner\\\\\\\\default-behavior\\\\\\\\test\\\\\\\\random.cjs\" generated asynchronous activity after the test ended. This activity created the error \"Error: kill EPERM\" and would have caused the test to fail, but instead triggered an unhandledRejection event.\\n'\n        - '# tests 1\\n'\n      code: 'ERR_ASSERTION'\n      name: 'AssertionError'\n      expected: |-\n        # tests 1\n        \n      actual: |-\n        # Warning: Test \"c:\\\\workspace\\\\node-test-binary-windows-js-suites\\\\node\\\\test\\\\fixtures\\\\test-runner\\\\default-behavior\\\\test\\\\random.cjs\" generated asynchronous activity after the test ended. This activity created the error \"Error: kill EPERM\" and would have caused the test to fail, but instead triggered an unhandledRejection event.\n        \n      operator: 'strictEqual'\n      stack: |-\n        TestContext.<anonymous> (file:///c:/workspace/node-test-binary-windows-js-suites/node/test/parallel/test-runner-run.mjs:152:12)\n        process.processTicksAndRejections (node:internal/process/task_queues:95:5)\n        async Test.run (node:internal/test_runner/test:729:9)\n        async Promise.all (index 10)\n        async Suite.run (node:internal/test_runner/test:1080:7)\n        async Test.processPendingSubtests (node:internal/test_runner/test:446:7)\n      ...\n    # Subtest: should pass only to children\n    not ok 12 - should pass only to children\n      ---\n      duration_ms: 1921.681\n      location: 'c:\\\\workspace\\\\node-test-binary-windows-js-suites\\\\node\\\\test\\\\parallel\\\\test-runner-run.mjs:155:3'\n      failureType: 'testCodeFailure'\n      error: |-\n        Expected values to be strictly equal:\n        + actual - expected\n        \n        + '# Warning: Test \"c:\\\\\\\\workspace\\\\\\\\node-test-binary-windows-js-suites\\\\\\\\node\\\\\\\\test\\\\\\\\fixtures\\\\\\\\test-runner\\\\\\\\default-behavior\\\\\\\\test\\\\\\\\random.cjs\" generated asynchronous activity after the test ended. This activity created the error \"Error: kill EPERM\" and would have caused the test to fail, but instead triggered an unhandledRejection event.\\n'\n        - '# tests 1\\n'\n      code: 'ERR_ASSERTION'\n      name: 'AssertionError'\n      expected: |-\n        # tests 1\n        \n      actual: |-\n        # Warning: Test \"c:\\\\workspace\\\\node-test-binary-windows-js-suites\\\\node\\\\test\\\\fixtures\\\\test-runner\\\\default-behavior\\\\test\\\\random.cjs\" generated asynchronous activity after the test ended. This activity created the error \"Error: kill EPERM\" and would have caused the test to fail, but instead triggered an unhandledRejection event.\n        \n      operator: 'strictEqual'\n      stack: |-\n        TestContext.<anonymous> (file:///c:/workspace/node-test-binary-windows-js-suites/node/test/parallel/test-runner-run.mjs:165:12)\n        process.processTicksAndRejections (node:internal/process/task_queues:95:5)\n        async Test.run (node:internal/test_runner/test:729:9)\n        async Promise.all (index 11)\n        async Suite.run (node:internal/test_runner/test:1080:7)\n        async Test.processPendingSubtests (node:internal/test_runner/test:446:7)\n      ...\n    # Subtest: should emit \"test:watch:drained\" event on watch mode\n    ok 13 - should emit \"test:watch:drained\" event on watch mode\n      ---\n      duration_ms: 230.4093\n      ...\n    # Subtest: AbortSignal\n        # Subtest: should accept a signal\n        ok 1 - should accept a signal\n          ---\n          duration_ms: 158.4631\n          ...\n        # Subtest: should stop watch mode when abortSignal aborts\n        ok 2 - should stop watch mode when abortSignal aborts\n          ---\n          duration_ms: 1314.7187\n          ...\n        # Subtest: should abort when test succeeded\n        ok 3 - should abort when test succeeded\n          ---\n          duration_ms: 1811.0903\n          ...\n        # Subtest: should abort when test failed\n        ok 4 - should abort when test failed\n          ---\n          duration_ms: 1731.6799\n          ...\n        1..4\n    ok 14 - AbortSignal\n      ---\n      duration_ms: 1831.9316\n      type: 'suite'\n      ...\n    # Subtest: sharding\n        # Subtest: validation\n            # Subtest: should require shard.total when having shard option\n            ok 1 - should require shard.total when having shard option\n              ---\n              duration_ms: 2.6908\n              ...\n            # Subtest: should require shard.index when having shards option\n            ok 2 - should require shard.index when having shards option\n              ---\n              duration_ms: 2.4977\n              ...\n            # Subtest: should require shard.total to be greater than 0 when having shard option\n            ok 3 - should require shard.total to be greater than 0 when having shard option\n              ---\n              duration_ms: 2.3596\n              ...\n            # Subtest: should require shard.index to be greater than 0 when having shard option\n            ok 4 - should require shard.index to be greater than 0 when having shard option\n              ---\n              duration_ms: 1.9273\n              ...\n            # Subtest: should require shard.index to not be greater than the shards total when having shard option\n            ok 5 - should require shard.index to not be greater than the shards total when having shard option\n              ---\n              duration_ms: 1.7842\n              ...\n            # Subtest: should require watch mode to be disabled when having shard option\n            ok 6 - should require watch mode to be disabled when having shard option\n              ---\n              duration_ms: 1.9657\n              ...\n            1..6\n        ok 1 - validation\n          ---\n          duration_ms: 82.5698\n          type: 'suite'\n          ...\n        # Subtest: should run only the tests files matching the shard index\n        ok 2 - should run only the tests files matching the shard index\n          ---\n          duration_ms: 2763.0965\n          ...\n        # Subtest: different shards should not run the same file\n        ok 3 - different shards should not run the same file\n          ---\n          duration_ms: 2959.4881\n          ...\n        # Subtest: combination of all shards should be all the tests\n        ok 4 - combination of all shards should be all the tests\n          ---\n          duration_ms: 2961.2398\n          ...\n        1..4\n    ok 15 - sharding\n      ---\n      duration_ms: 2983.9122\n      type: 'suite'\n      ...\n    # Subtest: validation\n        # Subtest: should only allow array in options.files\n        ok 1 - should only allow array in options.files\n          ---\n          duration_ms: 127.5796\n          ...\n        # Subtest: should only allow object as options\n        ok 2 - should only allow object as options\n          ---\n          duration_ms: 125.568\n          ...\n        # Subtest: should pass instance of stream to setup\n        ok 3 - should pass instance of stream to setup\n          ---\n          duration_ms: 2176.743\n          ...\n        1..3\n    ok 16 - validation\n      ---\n      duration_ms: 2202.917\n      type: 'suite'\n      ...\n    # Subtest: should run with no files\n    ok 17 - should run with no files\n      ---\n      duration_ms: 2910.0461\n      ...\n    # Subtest: should run with no files and use spec reporter\n    ok 18 - should run with no files and use spec reporter\n      ---\n      duration_ms: 2856.4241\n      ...\n    # Subtest: should run with no files and use dot reporter\n    ok 19 - should run with no files and use dot reporter\n      ---\n      duration_ms: 2967.9906\n      ...\n    1..19\nnot ok 1 - require('node:test').run\n  ---\n  duration_ms: 3078.1205\n  type: 'suite'\n  location: 'c:\\\\workspace\\\\node-test-binary-windows-js-suites\\\\node\\\\test\\\\parallel\\\\test-runner-run.mjs:10:1'\n  failureType: 'subtestsFailed'\n  error: '4 subtests failed'\n  code: 'ERR_TEST_FAILURE'\n  ...\n# Subtest: forceExit\n    # Subtest: throws for non-boolean values\n    ok 1 - throws for non-boolean values\n      ---\n      duration_ms: 0.5619\n      ...\n    # Subtest: throws if enabled with watch mode\n    ok 2 - throws if enabled with watch mode\n      ---\n      duration_ms: 0.2294\n      ...\n    1..2\nok 2 - forceExit\n  ---\n  duration_ms: 0.9361\n  type: 'suite'\n  ...\n(node:4064) MaxListenersExceededWarning: Possible EventEmitter memory leak detected. 11 uncaughtException listeners added to [process]. Use emitter.setMaxListeners() to increase limit\n(Use `node --trace-warnings ...` to show where the warning was created)\n(node:4064) MaxListenersExceededWarning: Possible EventEmitter memory leak detected. 11 unhandledRejection listeners added to [process]. Use emitter.setMaxListeners() to increase limit\n(node:4064) MaxListenersExceededWarning: Possible EventEmitter memory leak detected. 11 beforeExit listeners added to [process]. Use emitter.setMaxListeners() to increase limit"},"time":120165.613,"fullname":"parallel/test-runner-run","closingTestPoint":false}},{"testName":"wasi/test-wasi-poll","timestamp":1711865816069,"status":"FAILED","jobName":"node-test-binary-windows-js-suites","config":"node-test-binary-windows-js-suites » 2,win11-arm64-COMPILED_BY-vs2022-arm64 #26800","buildUrl":"https://ci.nodejs.org/job/node-test-binary-windows-js-suites/RUN_SUBSET=2,nodes=win11-arm64-COMPILED_BY-vs2022-arm64/26800/","buildNumber":26800,"builtOn":"test-azure_msft-win11_vs2022-arm64-5","nodeVersion":"22.0.0","commitHash":"f1881830e7d8a69806beea8ec95342ec73ee2c34","callStack":[{"upstreamBuild":61768,"upstreamProject":"node-test-commit-windows-fanned","upstreamUrl":"job/node-test-commit-windows-fanned/"},{"upstreamBuild":69443,"upstreamProject":"node-test-commit","upstreamUrl":"job/node-test-commit/"},{"upstreamBuild":58011,"upstreamProject":"node-test-pull-request","upstreamUrl":"job/node-test-pull-request/"},{"prId":"51362"}],"tap":{"ok":false,"name":"wasi/test-wasi-poll","id":924,"buffered":false,"tapError":null,"skip":false,"todo":": Fix flaky test","previous":null,"plan":null,"diag":{"severity":"flaky","exitcode":1,"stack":"Testing with --turbo-fast-api-calls: poll\n[process 3632]: --- stderr ---\n(node:3632) ExperimentalWarning: WASI is an experimental feature and might change at any time\n(Use `node --trace-warnings ...` to show where the warning was created)\n\n[process 3632]: --- stdout ---\n\n[process 3632]: status = 3221225477, signal = null\nd:\\workspace\\node-test-binary-windows-js-suites\\node\\test\\common\\child_process.js:86\n    throw new Error(`${failures.join('\\n')}`);\n    ^\n\nError: - process terminated with status 3221225477, expected 0\n    at logAndThrow (d:\\workspace\\node-test-binary-windows-js-suites\\node\\test\\common\\child_process.js:86:11)\n    at expectSyncExit (d:\\workspace\\node-test-binary-windows-js-suites\\node\\test\\common\\child_process.js:91:5)\n    at spawnSyncAndAssert (d:\\workspace\\node-test-binary-windows-js-suites\\node\\test\\common\\child_process.js:131:10)\n    at testWasiPreview1 (d:\\workspace\\node-test-binary-windows-js-suites\\node\\test\\common\\wasi.js:18:3)\n    at Object.<anonymous> (d:\\workspace\\node-test-binary-windows-js-suites\\node\\test\\wasi\\test-wasi-poll.js:5:1)\n    at Module._compile (node:internal/modules/cjs/loader:1421:14)\n    at Module._extensions..js (node:internal/modules/cjs/loader:1499:10)\n    at Module.load (node:internal/modules/cjs/loader:1232:32)\n    at Module._load (node:internal/modules/cjs/loader:1048:12)\n    at Function.executeUserEntryPoint [as runMain] (node:internal/modules/run_main:187:14)\n\nNode.js v22.0.0-pre"},"time":584.999,"fullname":"wasi/test-wasi-poll","closingTestPoint":false}}]}