{"failedTests":[{"testName":"parallel/test-runner-watch-mode","timestamp":1712090558221,"status":"FAILED","jobName":"node-test-binary-windows-js-suites","config":"node-test-binary-windows-js-suites » 2,win2022-COMPILED_BY-vs2019 #26857","buildUrl":"https://ci.nodejs.org/job/node-test-binary-windows-js-suites/RUN_SUBSET=2,nodes=win2022-COMPILED_BY-vs2019/26857/","buildNumber":26857,"builtOn":"test-rackspace-win2022_vs2022-x64-5","nodeVersion":"18.20.1","commitHash":"4ef90e8f8c858f812eafc3fb41d5bed37c96d1e4","callStack":[{"upstreamBuild":61833,"upstreamProject":"node-test-commit-windows-fanned","upstreamUrl":"job/node-test-commit-windows-fanned/"},{"upstreamBuild":69507,"upstreamProject":"node-test-commit","upstreamUrl":"job/node-test-commit/"},{"upstreamBuild":58064,"upstreamProject":"node-test-pull-request","upstreamUrl":"job/node-test-pull-request/"},{"prId":"573"}],"tap":{"ok":false,"name":"parallel/test-runner-watch-mode","id":724,"buffered":false,"tapError":null,"skip":false,"todo":": Fix flaky test","previous":null,"plan":null,"diag":{"severity":"flaky","exitcode":1,"stack":"TAP version 13\n# Subtest: test runner watch mode\n    # Subtest: should run tests repeatedly\n    ok 1 - should run tests repeatedly\n      ---\n      duration_ms: 2394.1548\n      ...\n    # Subtest: should run tests with dependency repeatedly\n    ok 2 - should run tests with dependency repeatedly\n      ---\n      duration_ms: 1720.4345\n      ...\n    # Subtest: should run tests with ESM dependency\n    ok 3 - should run tests with ESM dependency\n      ---\n      duration_ms: 1693.1683\n      ...\n    # Subtest: should support running tests without a file\n    ok 4 - should support running tests without a file\n      ---\n      duration_ms: 1714.2669\n      ...\n    1..4\nok 1 - test runner watch mode\n  ---\n  duration_ms: 7528.109\n  type: 'suite'\n  ...\n1..1\n# tests 4\n# suites 1\n# pass 4\n# fail 0\n# cancelled 0\n# skipped 0\n# todo 0\n# duration_ms 7566.3563\nCan't clean tmpdir: C:\\workspace\\node-test-binary-windows-js-suites\\node\\test\\.tmp.638\nFiles blocking: [ 'dependency.js', 'dependency.mjs', 'test.js' ]\n\nC:\\workspace\\node-test-binary-windows-js-suites\\node\\test\\common\\tmpdir.js:55\n    throw e;\n    ^\n\nError: EBUSY: resource busy or locked, rmdir '\\\\?\\C:\\workspace\\node-test-binary-windows-js-suites\\node\\test\\.tmp.638'\n    at rmdirSync (node:fs:1222:10)\n    at _rmdirSync (node:internal/fs/rimraf:235:5)\n    at rimrafSync (node:internal/fs/rimraf:193:7)\n    at Object.rmSync (node:fs:1271:10)\n    at rmSync (C:\\workspace\\node-test-binary-windows-js-suites\\node\\test\\common\\tmpdir.js:9:6)\n    at process.onexit (C:\\workspace\\node-test-binary-windows-js-suites\\node\\test\\common\\tmpdir.js:40:5)\n    at process.emit (node:events:529:35) {\n  errno: -4082,\n  syscall: 'rmdir',\n  code: 'EBUSY',\n  path: '\\\\\\\\?\\\\C:\\\\workspace\\\\node-test-binary-windows-js-suites\\\\node\\\\test\\\\.tmp.638'\n}\n\nNode.js v18.20.1"},"time":7984.292,"fullname":"parallel/test-runner-watch-mode","closingTestPoint":false}},{"testName":"parallel/test-runner-watch-mode","timestamp":1712090558221,"status":"FAILED","jobName":"node-test-binary-windows-js-suites","config":"node-test-binary-windows-js-suites » 2,win2016-COMPILED_BY-vs2019-x86 #26857","buildUrl":"https://ci.nodejs.org/job/node-test-binary-windows-js-suites/RUN_SUBSET=2,nodes=win2016-COMPILED_BY-vs2019-x86/26857/","buildNumber":26857,"builtOn":"test-azure_msft-win2016_vs2017-x64-1","nodeVersion":"18.20.1","commitHash":"4ef90e8f8c858f812eafc3fb41d5bed37c96d1e4","callStack":[{"upstreamBuild":61833,"upstreamProject":"node-test-commit-windows-fanned","upstreamUrl":"job/node-test-commit-windows-fanned/"},{"upstreamBuild":69507,"upstreamProject":"node-test-commit","upstreamUrl":"job/node-test-commit/"},{"upstreamBuild":58064,"upstreamProject":"node-test-pull-request","upstreamUrl":"job/node-test-pull-request/"},{"prId":"573"}],"tap":{"ok":false,"name":"parallel/test-runner-watch-mode","id":696,"buffered":false,"tapError":null,"skip":false,"todo":": Fix flaky test","previous":null,"plan":null,"diag":{"severity":"flaky","exitcode":1,"stack":"TAP version 13\n# Subtest: test runner watch mode\n    # Subtest: should run tests repeatedly\n    ok 1 - should run tests repeatedly\n      ---\n      duration_ms: 1952.6322\n      ...\n    # Subtest: should run tests with dependency repeatedly\n    ok 2 - should run tests with dependency repeatedly\n      ---\n      duration_ms: 1517.0209\n      ...\n    # Subtest: should run tests with ESM dependency\n    ok 3 - should run tests with ESM dependency\n      ---\n      duration_ms: 1485.7842\n      ...\n    # Subtest: should support running tests without a file\n    ok 4 - should support running tests without a file\n      ---\n      duration_ms: 1493.6612\n      ...\n    1..4\nok 1 - test runner watch mode\n  ---\n  duration_ms: 6453.4327\n  type: 'suite'\n  ...\n1..1\n# tests 4\n# suites 1\n# pass 4\n# fail 0\n# cancelled 0\n# skipped 0\n# todo 0\n# duration_ms 6466.1416\nCan't clean tmpdir: C:\\workspace\\node-test-binary-windows-js-suites\\node\\test\\.tmp.638\nFiles blocking: [ 'dependency.js', 'dependency.mjs', 'test.js' ]\n\nC:\\workspace\\node-test-binary-windows-js-suites\\node\\test\\common\\tmpdir.js:55\n    throw e;\n    ^\n\nError: EBUSY: resource busy or locked, rmdir '\\\\?\\C:\\workspace\\node-test-binary-windows-js-suites\\node\\test\\.tmp.638'\n    at rmdirSync (node:fs:1222:10)\n    at _rmdirSync (node:internal/fs/rimraf:235:5)\n    at rimrafSync (node:internal/fs/rimraf:193:7)\n    at Object.rmSync (node:fs:1271:10)\n    at rmSync (C:\\workspace\\node-test-binary-windows-js-suites\\node\\test\\common\\tmpdir.js:9:6)\n    at process.onexit (C:\\workspace\\node-test-binary-windows-js-suites\\node\\test\\common\\tmpdir.js:40:5)\n    at process.emit (node:events:529:35) {\n  errno: -4082,\n  syscall: 'rmdir',\n  code: 'EBUSY',\n  path: '\\\\\\\\?\\\\C:\\\\workspace\\\\node-test-binary-windows-js-suites\\\\node\\\\test\\\\.tmp.638'\n}\n\nNode.js v18.20.1"},"time":7622.075,"fullname":"parallel/test-runner-watch-mode","closingTestPoint":false}}]}