{"failedTests":[{"testName":"parallel/test-tls-ticket-cluster","timestamp":1712241542192,"status":"REGRESSION","jobName":"node-test-binary-windows-js-suites","config":"node-test-binary-windows-js-suites » 2,win10-COMPILED_BY-vs2022 #26906","buildUrl":"https://ci.nodejs.org/job/node-test-binary-windows-js-suites/RUN_SUBSET=2,nodes=win10-COMPILED_BY-vs2022/26906/","buildNumber":26906,"builtOn":"test-azure_msft-win10_vs2019-x64-1","nodeVersion":"22.0.0","commitHash":"d5337f3c567992b58a4aa83f7e88849bf765068b","callStack":[{"upstreamBuild":61889,"upstreamProject":"node-test-commit-windows-fanned","upstreamUrl":"job/node-test-commit-windows-fanned/"},{"upstreamBuild":69561,"upstreamProject":"node-test-commit","upstreamUrl":"job/node-test-commit/"},{"upstreamBuild":58110,"upstreamProject":"node-test-pull-request","upstreamUrl":"job/node-test-pull-request/"},{"prId":"52367"}],"tap":{"ok":false,"name":"parallel/test-tls-ticket-cluster","id":800,"buffered":false,"tapError":null,"skip":false,"todo":false,"previous":null,"plan":null,"diag":{"severity":"fail","exitcode":1,"stack":"[primary] got \"listening\"\n[primary] connecting 61611 session? false\n[primary] got \"listening\"\n[primary] got \"listening\"\n[primary] got \"listening\"\n[primary] connecting 61611 session? false\n[worker] connection reused? false\n[primary] got \"not-reused\"\n[primary] connecting 61611 session? true\n[worker] connection reused? true\n[primary] got \"reused\"\n[primary] connecting 61611 session? true\n[worker] connection reused? true\n[primary] got \"reused\"\n[primary] connecting 61611 session? true\n[worker] connection reused? true\n[primary] got \"reused\"\n[primary] connecting 61611 session? true\n[worker] connection reused? true\n[primary] got \"reused\"\n[primary] connecting 61611 session? true\n[worker] connection reused? true\n[primary] got \"reused\"\n[primary] connecting 61611 session? true\n[worker] connection reused? true\n[primary] got \"reused\"\n[primary] connecting 61611 session? true\n[worker] connection reused? true\n[primary] got \"reused\"\n[primary] connecting 61611 session? true\n[worker] connection reused? true\n[primary] got \"reused\"\n[primary] connecting 61611 session? true\n[worker] connection reused? true\n[primary] got \"reused\"\n[primary] connecting 61611 session? true\n[worker] connection reused? true\n[primary] got \"reused\"\n[primary] connecting 61611 session? true\n[worker] connection reused? true\n[primary] got \"reused\"\n[primary] connecting 61611 session? true\n[worker] connection reused? true\n[primary] got \"reused\"\n[primary] connecting 61611 session? true\n[worker] connection reused? true\n[primary] got \"reused\"\n[primary] connecting 61611 session? true\n[worker] connection reused? true\n[primary] got \"reused\"\n[worker] got \"die\"\n[worker] server close\n[worker] exit\n[worker] got \"die\"\n[worker] got \"die\"\n[worker] got \"die\"\n[worker] server close\n[worker] server close\n[worker] server close\n[worker] exit\n[worker] exit\n[worker] exit\n[primary] worker died\n[primary] worker died\n[primary] worker died\n[primary] worker died\nnode:assert:126\n  throw new AssertionError(obj);\n  ^\n\nAssertionError [ERR_ASSERTION]: Expected values to be strictly equal:\n\n15 !== 16\n\n    at process.<anonymous> (c:\\workspace\\node-test-binary-windows-js-suites\\node\\test\\parallel\\test-tls-ticket-cluster.js:93:12)\n    at process.emit (node:events:532:35) {\n  generatedMessage: true,\n  code: 'ERR_ASSERTION',\n  actual: 15,\n  expected: 16,\n  operator: 'strictEqual'\n}\n\nNode.js v22.0.0-pre"},"time":754.004,"fullname":"parallel/test-tls-ticket-cluster","closingTestPoint":false}},{"testName":"sequential/test-http2-large-file","timestamp":1712241542192,"status":"FAILED","jobName":"node-test-binary-windows-js-suites","config":"node-test-binary-windows-js-suites » 1,win2019-COMPILED_BY-vs2022 #26906","buildUrl":"https://ci.nodejs.org/job/node-test-binary-windows-js-suites/RUN_SUBSET=1,nodes=win2019-COMPILED_BY-vs2022/26906/","buildNumber":26906,"builtOn":"test-rackspace-win2019_vs2019-x64-1","nodeVersion":"22.0.0","commitHash":"d5337f3c567992b58a4aa83f7e88849bf765068b","callStack":[{"upstreamBuild":61889,"upstreamProject":"node-test-commit-windows-fanned","upstreamUrl":"job/node-test-commit-windows-fanned/"},{"upstreamBuild":69561,"upstreamProject":"node-test-commit","upstreamUrl":"job/node-test-commit/"},{"upstreamBuild":58110,"upstreamProject":"node-test-pull-request","upstreamUrl":"job/node-test-pull-request/"},{"prId":"52367"}],"tap":{"ok":false,"name":"sequential/test-http2-large-file","id":964,"buffered":false,"tapError":null,"skip":false,"todo":": Fix flaky test","previous":null,"plan":null,"diag":{"severity":"fail","exitcode":1,"stack":"timeout"},"time":120221.204,"fullname":"sequential/test-http2-large-file","closingTestPoint":false}},{"testName":"wasi/test-wasi-poll","timestamp":1712241542192,"status":"FAILED","jobName":"node-test-binary-windows-js-suites","config":"node-test-binary-windows-js-suites » 2,win11-arm64-COMPILED_BY-vs2022-arm64 #26906","buildUrl":"https://ci.nodejs.org/job/node-test-binary-windows-js-suites/RUN_SUBSET=2,nodes=win11-arm64-COMPILED_BY-vs2022-arm64/26906/","buildNumber":26906,"builtOn":"test-azure_msft-win11_vs2022-arm64-1","nodeVersion":"22.0.0","commitHash":"d5337f3c567992b58a4aa83f7e88849bf765068b","callStack":[{"upstreamBuild":61889,"upstreamProject":"node-test-commit-windows-fanned","upstreamUrl":"job/node-test-commit-windows-fanned/"},{"upstreamBuild":69561,"upstreamProject":"node-test-commit","upstreamUrl":"job/node-test-commit/"},{"upstreamBuild":58110,"upstreamProject":"node-test-pull-request","upstreamUrl":"job/node-test-pull-request/"},{"prId":"52367"}],"tap":{"ok":false,"name":"wasi/test-wasi-poll","id":924,"buffered":false,"tapError":null,"skip":false,"todo":": Fix flaky test","previous":null,"plan":null,"diag":{"severity":"flaky","exitcode":1,"stack":"Testing with --turbo-fast-api-calls: poll\n[process 7584]: --- stderr ---\n(node:7584) ExperimentalWarning: WASI is an experimental feature and might change at any time\n(Use `node --trace-warnings ...` to show where the warning was created)\n\n[process 7584]: --- stdout ---\n\n[process 7584]: status = 3221225477, signal = null\nd:\\workspace\\node-test-binary-windows-js-suites\\node\\test\\common\\child_process.js:86\n    throw new Error(`${failures.join('\\n')}`);\n    ^\n\nError: - process terminated with status 3221225477, expected 0\n    at logAndThrow (d:\\workspace\\node-test-binary-windows-js-suites\\node\\test\\common\\child_process.js:86:11)\n    at expectSyncExit (d:\\workspace\\node-test-binary-windows-js-suites\\node\\test\\common\\child_process.js:91:5)\n    at spawnSyncAndAssert (d:\\workspace\\node-test-binary-windows-js-suites\\node\\test\\common\\child_process.js:131:10)\n    at testWasiPreview1 (d:\\workspace\\node-test-binary-windows-js-suites\\node\\test\\common\\wasi.js:18:3)\n    at Object.<anonymous> (d:\\workspace\\node-test-binary-windows-js-suites\\node\\test\\wasi\\test-wasi-poll.js:5:1)\n    at Module._compile (node:internal/modules/cjs/loader:1421:14)\n    at Module._extensions..js (node:internal/modules/cjs/loader:1499:10)\n    at Module.load (node:internal/modules/cjs/loader:1232:32)\n    at Module._load (node:internal/modules/cjs/loader:1048:12)\n    at Function.executeUserEntryPoint [as runMain] (node:internal/modules/run_main:187:14)\n\nNode.js v22.0.0-pre"},"time":539.99,"fullname":"wasi/test-wasi-poll","closingTestPoint":false}}]}