{"failedTests":[{"testName":"parallel/test-worker-memory","timestamp":1712318043172,"status":"FAILED","jobName":"node-test-binary-windows-js-suites","config":"node-test-binary-windows-js-suites » 1,win2019-COMPILED_BY-vs2022 #26932","buildUrl":"https://ci.nodejs.org/job/node-test-binary-windows-js-suites/RUN_SUBSET=1,nodes=win2019-COMPILED_BY-vs2022/26932/","buildNumber":26932,"builtOn":"test-rackspace-win2019_vs2019-x64-3","nodeVersion":"20.12.2","commitHash":"ae243ece95a3a788d91cf78a6a67d1eeb7fa387e","callStack":[{"upstreamBuild":61917,"upstreamProject":"node-test-commit-windows-fanned","upstreamUrl":"job/node-test-commit-windows-fanned/"},{"upstreamBuild":69589,"upstreamProject":"node-test-commit","upstreamUrl":"job/node-test-commit/"},{"upstreamBuild":155,"upstreamProject":"node-daily-v20.x-staging","upstreamUrl":"job/node-daily-v20.x-staging/"}],"tap":{"ok":false,"name":"parallel/test-worker-memory","id":871,"buffered":false,"tapError":null,"skip":false,"todo":false,"previous":null,"plan":null,"diag":{"severity":"crashed","exitcode":3221225477,"stack":"run() called with n=7.5 (numWorkers=8)\nrun() called with n=7.5 (numWorkers=8)\nrun() called with n=7.5 (numWorkers=8)\nrun() called with n=7.5 (numWorkers=8)\nrun() called with n=7.5 (numWorkers=8)\nrun() called with n=7.5 (numWorkers=8)\nrun() called with n=7.5 (numWorkers=8)\nrun() called with n=7.5 (numWorkers=8)\nrun() called with n=6.5 (numWorkers=8)\nrun() called with n=6.5 (numWorkers=8)\nrun() called with n=6.5 (numWorkers=8)\nrun() called with n=6.5 (numWorkers=8)\nrun() called with n=6.5 (numWorkers=8)\nrun() called with n=6.5 (numWorkers=8)\nrun() called with n=6.5 (numWorkers=8)\nrun() called with n=6.5 (numWorkers=8)"},"time":832.011,"fullname":"parallel/test-worker-memory","closingTestPoint":false}},{"testName":"wasi/test-wasi-poll","timestamp":1712318043172,"status":"FAILED","jobName":"node-test-binary-windows-js-suites","config":"node-test-binary-windows-js-suites » 2,win11-arm64-COMPILED_BY-vs2022-arm64 #26932","buildUrl":"https://ci.nodejs.org/job/node-test-binary-windows-js-suites/RUN_SUBSET=2,nodes=win11-arm64-COMPILED_BY-vs2022-arm64/26932/","buildNumber":26932,"builtOn":"test-azure_msft-win11_vs2022-arm64-3","nodeVersion":"20.12.2","commitHash":"ae243ece95a3a788d91cf78a6a67d1eeb7fa387e","callStack":[{"upstreamBuild":61917,"upstreamProject":"node-test-commit-windows-fanned","upstreamUrl":"job/node-test-commit-windows-fanned/"},{"upstreamBuild":69589,"upstreamProject":"node-test-commit","upstreamUrl":"job/node-test-commit/"},{"upstreamBuild":155,"upstreamProject":"node-daily-v20.x-staging","upstreamUrl":"job/node-daily-v20.x-staging/"}],"tap":{"ok":false,"name":"wasi/test-wasi-poll","id":915,"buffered":false,"tapError":null,"skip":false,"todo":": Fix flaky test","previous":null,"plan":null,"diag":{"severity":"flaky","exitcode":1,"stack":"Testing with --turbo-fast-api-calls: poll\n[process 5220]: --- stderr ---\n(node:5220) ExperimentalWarning: WASI is an experimental feature and might change at any time\n(Use `node --trace-warnings ...` to show where the warning was created)\n\n[process 5220]: --- stdout ---\n\n[process 5220]: status = 3221225477, signal = null\nd:\\workspace\\node-test-binary-windows-js-suites\\node\\test\\common\\child_process.js:86\n    throw new Error(`${failures.join('\\n')}`);\n    ^\n\nError: - process terminated with status 3221225477, expected 0\n    at logAndThrow (d:\\workspace\\node-test-binary-windows-js-suites\\node\\test\\common\\child_process.js:86:11)\n    at expectSyncExit (d:\\workspace\\node-test-binary-windows-js-suites\\node\\test\\common\\child_process.js:91:5)\n    at spawnSyncAndExitWithoutError (d:\\workspace\\node-test-binary-windows-js-suites\\node\\test\\common\\child_process.js:125:10)\n    at testWasiPreview1 (d:\\workspace\\node-test-binary-windows-js-suites\\node\\test\\common\\wasi.js:18:3)\n    at Object.<anonymous> (d:\\workspace\\node-test-binary-windows-js-suites\\node\\test\\wasi\\test-wasi-poll.js:5:1)\n    at Module._compile (node:internal/modules/cjs/loader:1369:14)\n    at Module._extensions..js (node:internal/modules/cjs/loader:1427:10)\n    at Module.load (node:internal/modules/cjs/loader:1206:32)\n    at Module._load (node:internal/modules/cjs/loader:1022:12)\n    at Function.executeUserEntryPoint [as runMain] (node:internal/modules/run_main:135:12)\n\nNode.js v20.12.2-pre"},"time":672.006,"fullname":"wasi/test-wasi-poll","closingTestPoint":false}}]}