{"failedTests":[{"testName":"wasi/test-wasi-poll","timestamp":1712515911012,"status":"FAILED","jobName":"node-test-binary-windows-js-suites","config":"node-test-binary-windows-js-suites » 3,win11-arm64-COMPILED_BY-vs2022-arm64 #26977","buildUrl":"https://ci.nodejs.org/job/node-test-binary-windows-js-suites/RUN_SUBSET=3,nodes=win11-arm64-COMPILED_BY-vs2022-arm64/26977/","buildNumber":26977,"builtOn":"test-azure_msft-win11_vs2022-arm64-1","nodeVersion":"22.0.0","commitHash":"551fc8a714a07849ac4e95077bbdaffd2b070af4","callStack":[{"upstreamBuild":61968,"upstreamProject":"node-test-commit-windows-fanned","upstreamUrl":"job/node-test-commit-windows-fanned/"},{"upstreamBuild":69641,"upstreamProject":"node-test-commit","upstreamUrl":"job/node-test-commit/"},{"upstreamBuild":58180,"upstreamProject":"node-test-pull-request","upstreamUrl":"job/node-test-pull-request/"},{"prId":"52365"}],"tap":{"ok":false,"name":"wasi/test-wasi-poll","id":923,"buffered":false,"tapError":null,"skip":false,"todo":": Fix flaky test","previous":null,"plan":null,"diag":{"severity":"flaky","exitcode":1,"stack":"Testing with --turbo-fast-api-calls: poll\n[process 12084]: --- stderr ---\n(node:12084) ExperimentalWarning: WASI is an experimental feature and might change at any time\n(Use `node --trace-warnings ...` to show where the warning was created)\n\n[process 12084]: --- stdout ---\n\n[process 12084]: status = 3221225477, signal = null\nd:\\workspace\\node-test-binary-windows-js-suites\\node\\test\\common\\child_process.js:86\n    throw new Error(`${failures.join('\\n')}`);\n    ^\n\nError: - process terminated with status 3221225477, expected 0\n    at logAndThrow (d:\\workspace\\node-test-binary-windows-js-suites\\node\\test\\common\\child_process.js:86:11)\n    at expectSyncExit (d:\\workspace\\node-test-binary-windows-js-suites\\node\\test\\common\\child_process.js:91:5)\n    at spawnSyncAndAssert (d:\\workspace\\node-test-binary-windows-js-suites\\node\\test\\common\\child_process.js:131:10)\n    at testWasiPreview1 (d:\\workspace\\node-test-binary-windows-js-suites\\node\\test\\common\\wasi.js:18:3)\n    at Object.<anonymous> (d:\\workspace\\node-test-binary-windows-js-suites\\node\\test\\wasi\\test-wasi-poll.js:5:1)\n    at Module._compile (node:internal/modules/cjs/loader:1421:14)\n    at Module._extensions..js (node:internal/modules/cjs/loader:1499:10)\n    at Module.load (node:internal/modules/cjs/loader:1232:32)\n    at Module._load (node:internal/modules/cjs/loader:1048:12)\n    at Function.executeUserEntryPoint [as runMain] (node:internal/modules/run_main:187:14)\n\nNode.js v22.0.0-pre"},"time":524.003,"fullname":"wasi/test-wasi-poll","closingTestPoint":false}},{"testName":"sequential/test-http2-large-file","timestamp":1712515911012,"status":"FAILED","jobName":"node-test-binary-windows-js-suites","config":"node-test-binary-windows-js-suites » 2,win10-COMPILED_BY-vs2022 #26977","buildUrl":"https://ci.nodejs.org/job/node-test-binary-windows-js-suites/RUN_SUBSET=2,nodes=win10-COMPILED_BY-vs2022/26977/","buildNumber":26977,"builtOn":"test-azure_msft-win10_vs2019-x64-4","nodeVersion":"22.0.0","commitHash":"551fc8a714a07849ac4e95077bbdaffd2b070af4","callStack":[{"upstreamBuild":61968,"upstreamProject":"node-test-commit-windows-fanned","upstreamUrl":"job/node-test-commit-windows-fanned/"},{"upstreamBuild":69641,"upstreamProject":"node-test-commit","upstreamUrl":"job/node-test-commit/"},{"upstreamBuild":58180,"upstreamProject":"node-test-pull-request","upstreamUrl":"job/node-test-pull-request/"},{"prId":"52365"}],"tap":{"ok":false,"name":"sequential/test-http2-large-file","id":964,"buffered":false,"tapError":null,"skip":false,"todo":": Fix flaky test","previous":null,"plan":null,"diag":{"severity":"fail","exitcode":1,"stack":"timeout"},"time":120192.364,"fullname":"sequential/test-http2-large-file","closingTestPoint":false}},{"testName":"parallel/test-env-security-revert","timestamp":1712515911012,"status":"FAILED","jobName":"node-test-binary-windows-js-suites","config":"node-test-binary-windows-js-suites » 1,win10-COMPILED_BY-vs2022 #26977","buildUrl":"https://ci.nodejs.org/job/node-test-binary-windows-js-suites/RUN_SUBSET=1,nodes=win10-COMPILED_BY-vs2022/26977/","buildNumber":26977,"builtOn":"test-azure_msft-win10_vs2019-x64-3","nodeVersion":"22.0.0","commitHash":"551fc8a714a07849ac4e95077bbdaffd2b070af4","callStack":[{"upstreamBuild":61968,"upstreamProject":"node-test-commit-windows-fanned","upstreamUrl":"job/node-test-commit-windows-fanned/"},{"upstreamBuild":69641,"upstreamProject":"node-test-commit","upstreamUrl":"job/node-test-commit/"},{"upstreamBuild":58180,"upstreamProject":"node-test-pull-request","upstreamUrl":"job/node-test-pull-request/"},{"prId":"52365"}],"tap":{"ok":false,"name":"parallel/test-env-security-revert","id":241,"buffered":false,"tapError":null,"skip":false,"todo":false,"previous":null,"plan":null,"diag":{"severity":"fail","exitcode":1,"stack":"undefined:1\nSECURITY WARNING: Reverting CVE-2009-TEST: Non-existent vulnerability for testing\n^\n\nSyntaxError: Unexpected token 'S', \"SECURITY W\"... is not valid JSON\n    at JSON.parse (<anonymous>)\n    at expectSuccess (c:\\workspace\\node-test-binary-windows-js-suites\\node\\test\\parallel\\test-env-security-revert.js:52:23)\n    at Object.<anonymous> (c:\\workspace\\node-test-binary-windows-js-suites\\node\\test\\parallel\\test-env-security-revert.js:66:26)\n    at Module._compile (node:internal/modules/cjs/loader:1421:14)\n    at Module._extensions..js (node:internal/modules/cjs/loader:1499:10)\n    at Module.load (node:internal/modules/cjs/loader:1232:32)\n    at Module._load (node:internal/modules/cjs/loader:1048:12)\n    at Function.executeUserEntryPoint [as runMain] (node:internal/modules/run_main:187:14)\n    at node:internal/main/run_main_module:28:49\n\nNode.js v22.0.0-pre"},"time":754.055,"fullname":"parallel/test-env-security-revert","closingTestPoint":false}},{"testName":"parallel/test-env-security-revert","timestamp":1712515911012,"status":"FAILED","jobName":"node-test-binary-windows-js-suites","config":"node-test-binary-windows-js-suites » 1,win2016-COMPILED_BY-vs2022-x86 #26977","buildUrl":"https://ci.nodejs.org/job/node-test-binary-windows-js-suites/RUN_SUBSET=1,nodes=win2016-COMPILED_BY-vs2022-x86/26977/","buildNumber":26977,"builtOn":"test-rackspace-win2016_vs2015-x64-1","nodeVersion":"22.0.0","commitHash":"551fc8a714a07849ac4e95077bbdaffd2b070af4","callStack":[{"upstreamBuild":61968,"upstreamProject":"node-test-commit-windows-fanned","upstreamUrl":"job/node-test-commit-windows-fanned/"},{"upstreamBuild":69641,"upstreamProject":"node-test-commit","upstreamUrl":"job/node-test-commit/"},{"upstreamBuild":58180,"upstreamProject":"node-test-pull-request","upstreamUrl":"job/node-test-pull-request/"},{"prId":"52365"}],"tap":{"ok":false,"name":"parallel/test-env-security-revert","id":240,"buffered":false,"tapError":null,"skip":false,"todo":false,"previous":null,"plan":null,"diag":{"severity":"fail","exitcode":1,"stack":"undefined:1\nSECURITY WARNING: Reverting CVE-2009-TEST: Non-existent vulnerability for testing\n^\n\nSyntaxError: Unexpected token 'S', \"SECURITY W\"... is not valid JSON\n    at JSON.parse (<anonymous>)\n    at expectSuccess (C:\\workspace\\node-test-binary-windows-js-suites\\node\\test\\parallel\\test-env-security-revert.js:52:23)\n    at Object.<anonymous> (C:\\workspace\\node-test-binary-windows-js-suites\\node\\test\\parallel\\test-env-security-revert.js:66:26)\n    at Module._compile (node:internal/modules/cjs/loader:1421:14)\n    at Module._extensions..js (node:internal/modules/cjs/loader:1499:10)\n    at Module.load (node:internal/modules/cjs/loader:1232:32)\n    at Module._load (node:internal/modules/cjs/loader:1048:12)\n    at Function.executeUserEntryPoint [as runMain] (node:internal/modules/run_main:187:14)\n    at node:internal/main/run_main_module:28:49\n\nNode.js v22.0.0-pre"},"time":847.995,"fullname":"parallel/test-env-security-revert","closingTestPoint":false}},{"testName":"parallel/test-env-security-revert","timestamp":1712515911012,"status":"FAILED","jobName":"node-test-binary-windows-js-suites","config":"node-test-binary-windows-js-suites » 1,win11-COMPILED_BY-vs2022 #26977","buildUrl":"https://ci.nodejs.org/job/node-test-binary-windows-js-suites/RUN_SUBSET=1,nodes=win11-COMPILED_BY-vs2022/26977/","buildNumber":26977,"builtOn":"test-azure_msft-win11_vs2022-x64-1","nodeVersion":"22.0.0","commitHash":"551fc8a714a07849ac4e95077bbdaffd2b070af4","callStack":[{"upstreamBuild":61968,"upstreamProject":"node-test-commit-windows-fanned","upstreamUrl":"job/node-test-commit-windows-fanned/"},{"upstreamBuild":69641,"upstreamProject":"node-test-commit","upstreamUrl":"job/node-test-commit/"},{"upstreamBuild":58180,"upstreamProject":"node-test-pull-request","upstreamUrl":"job/node-test-pull-request/"},{"prId":"52365"}],"tap":{"ok":false,"name":"parallel/test-env-security-revert","id":241,"buffered":false,"tapError":null,"skip":false,"todo":false,"previous":null,"plan":null,"diag":{"severity":"fail","exitcode":1,"stack":"undefined:1\nSECURITY WARNING: Reverting CVE-2009-TEST: Non-existent vulnerability for testing\n^\n\nSyntaxError: Unexpected token 'S', \"SECURITY W\"... is not valid JSON\n    at JSON.parse (<anonymous>)\n    at expectSuccess (c:\\workspace\\node-test-binary-windows-js-suites\\node\\test\\parallel\\test-env-security-revert.js:52:23)\n    at Object.<anonymous> (c:\\workspace\\node-test-binary-windows-js-suites\\node\\test\\parallel\\test-env-security-revert.js:66:26)\n    at Module._compile (node:internal/modules/cjs/loader:1421:14)\n    at Module._extensions..js (node:internal/modules/cjs/loader:1499:10)\n    at Module.load (node:internal/modules/cjs/loader:1232:32)\n    at Module._load (node:internal/modules/cjs/loader:1048:12)\n    at Function.executeUserEntryPoint [as runMain] (node:internal/modules/run_main:187:14)\n    at node:internal/main/run_main_module:28:49\n\nNode.js v22.0.0-pre"},"time":701.011,"fullname":"parallel/test-env-security-revert","closingTestPoint":false}},{"testName":"parallel/test-env-security-revert","timestamp":1712515911012,"status":"FAILED","jobName":"node-test-binary-windows-js-suites","config":"node-test-binary-windows-js-suites » 2,win11-arm64-COMPILED_BY-vs2022-arm64 #26977","buildUrl":"https://ci.nodejs.org/job/node-test-binary-windows-js-suites/RUN_SUBSET=2,nodes=win11-arm64-COMPILED_BY-vs2022-arm64/26977/","buildNumber":26977,"builtOn":"test-azure_msft-win11_vs2022-arm64-5","nodeVersion":"22.0.0","commitHash":"551fc8a714a07849ac4e95077bbdaffd2b070af4","callStack":[{"upstreamBuild":61968,"upstreamProject":"node-test-commit-windows-fanned","upstreamUrl":"job/node-test-commit-windows-fanned/"},{"upstreamBuild":69641,"upstreamProject":"node-test-commit","upstreamUrl":"job/node-test-commit/"},{"upstreamBuild":58180,"upstreamProject":"node-test-pull-request","upstreamUrl":"job/node-test-pull-request/"},{"prId":"52365"}],"tap":{"ok":false,"name":"parallel/test-env-security-revert","id":240,"buffered":false,"tapError":null,"skip":false,"todo":false,"previous":null,"plan":null,"diag":{"severity":"fail","exitcode":1,"stack":"undefined:1\nSECURITY WARNING: Reverting CVE-2009-TEST: Non-existent vulnerability for testing\n^\n\nSyntaxError: Unexpected token 'S', \"SECURITY W\"... is not valid JSON\n    at JSON.parse (<anonymous>)\n    at expectSuccess (d:\\workspace\\node-test-binary-windows-js-suites\\node\\test\\parallel\\test-env-security-revert.js:52:23)\n    at Object.<anonymous> (d:\\workspace\\node-test-binary-windows-js-suites\\node\\test\\parallel\\test-env-security-revert.js:66:26)\n    at Module._compile (node:internal/modules/cjs/loader:1421:14)\n    at Module._extensions..js (node:internal/modules/cjs/loader:1499:10)\n    at Module.load (node:internal/modules/cjs/loader:1232:32)\n    at Module._load (node:internal/modules/cjs/loader:1048:12)\n    at Function.executeUserEntryPoint [as runMain] (node:internal/modules/run_main:187:14)\n    at node:internal/main/run_main_module:28:49\n\nNode.js v22.0.0-pre"},"time":1154.995,"fullname":"parallel/test-env-security-revert","closingTestPoint":false}},{"testName":"parallel/test-env-security-revert","timestamp":1712515911012,"status":"FAILED","jobName":"node-test-binary-windows-js-suites","config":"node-test-binary-windows-js-suites » 1,win2022-COMPILED_BY-vs2022 #26977","buildUrl":"https://ci.nodejs.org/job/node-test-binary-windows-js-suites/RUN_SUBSET=1,nodes=win2022-COMPILED_BY-vs2022/26977/","buildNumber":26977,"builtOn":"test-rackspace-win2022_vs2022-x64-4","nodeVersion":"22.0.0","commitHash":"551fc8a714a07849ac4e95077bbdaffd2b070af4","callStack":[{"upstreamBuild":61968,"upstreamProject":"node-test-commit-windows-fanned","upstreamUrl":"job/node-test-commit-windows-fanned/"},{"upstreamBuild":69641,"upstreamProject":"node-test-commit","upstreamUrl":"job/node-test-commit/"},{"upstreamBuild":58180,"upstreamProject":"node-test-pull-request","upstreamUrl":"job/node-test-pull-request/"},{"prId":"52365"}],"tap":{"ok":false,"name":"parallel/test-env-security-revert","id":241,"buffered":false,"tapError":null,"skip":false,"todo":false,"previous":null,"plan":null,"diag":{"severity":"fail","exitcode":1,"stack":"undefined:1\nSECURITY WARNING: Reverting CVE-2009-TEST: Non-existent vulnerability for testing\n^\n\nSyntaxError: Unexpected token 'S', \"SECURITY W\"... is not valid JSON\n    at JSON.parse (<anonymous>)\n    at expectSuccess (C:\\workspace\\node-test-binary-windows-js-suites\\node\\test\\parallel\\test-env-security-revert.js:52:23)\n    at Object.<anonymous> (C:\\workspace\\node-test-binary-windows-js-suites\\node\\test\\parallel\\test-env-security-revert.js:66:26)\n    at Module._compile (node:internal/modules/cjs/loader:1421:14)\n    at Module._extensions..js (node:internal/modules/cjs/loader:1499:10)\n    at Module.load (node:internal/modules/cjs/loader:1232:32)\n    at Module._load (node:internal/modules/cjs/loader:1048:12)\n    at Function.executeUserEntryPoint [as runMain] (node:internal/modules/run_main:187:14)\n    at node:internal/main/run_main_module:28:49\n\nNode.js v22.0.0-pre"},"time":936.019,"fullname":"parallel/test-env-security-revert","closingTestPoint":false}},{"testName":"parallel/test-worker-arraybuffer-zerofill","timestamp":1712515911012,"status":"FAILED","jobName":"node-test-binary-windows-js-suites","config":"node-test-binary-windows-js-suites » 2,win2022-COMPILED_BY-vs2022 #26977","buildUrl":"https://ci.nodejs.org/job/node-test-binary-windows-js-suites/RUN_SUBSET=2,nodes=win2022-COMPILED_BY-vs2022/26977/","buildNumber":26977,"builtOn":"test-rackspace-win2022_vs2022-x64-3","nodeVersion":"22.0.0","commitHash":"551fc8a714a07849ac4e95077bbdaffd2b070af4","callStack":[{"upstreamBuild":61968,"upstreamProject":"node-test-commit-windows-fanned","upstreamUrl":"job/node-test-commit-windows-fanned/"},{"upstreamBuild":69641,"upstreamProject":"node-test-commit","upstreamUrl":"job/node-test-commit/"},{"upstreamBuild":58180,"upstreamProject":"node-test-pull-request","upstreamUrl":"job/node-test-pull-request/"},{"prId":"52365"}],"tap":{"ok":false,"name":"parallel/test-worker-arraybuffer-zerofill","id":946,"buffered":false,"tapError":null,"skip":false,"todo":": Fix flaky test","previous":null,"plan":null,"diag":{"severity":"fail","exitcode":1,"stack":"timeout"},"time":120155.075,"fullname":"parallel/test-worker-arraybuffer-zerofill","closingTestPoint":false}},{"testName":"parallel/test-env-security-revert","timestamp":1712515911012,"status":"FAILED","jobName":"node-test-binary-windows-js-suites","config":"node-test-binary-windows-js-suites » 1,win2019-COMPILED_BY-vs2022 #26977","buildUrl":"https://ci.nodejs.org/job/node-test-binary-windows-js-suites/RUN_SUBSET=1,nodes=win2019-COMPILED_BY-vs2022/26977/","buildNumber":26977,"builtOn":"test-rackspace-win2019_vs2019-x64-1","nodeVersion":"22.0.0","commitHash":"551fc8a714a07849ac4e95077bbdaffd2b070af4","callStack":[{"upstreamBuild":61968,"upstreamProject":"node-test-commit-windows-fanned","upstreamUrl":"job/node-test-commit-windows-fanned/"},{"upstreamBuild":69641,"upstreamProject":"node-test-commit","upstreamUrl":"job/node-test-commit/"},{"upstreamBuild":58180,"upstreamProject":"node-test-pull-request","upstreamUrl":"job/node-test-pull-request/"},{"prId":"52365"}],"tap":{"ok":false,"name":"parallel/test-env-security-revert","id":240,"buffered":false,"tapError":null,"skip":false,"todo":false,"previous":null,"plan":null,"diag":{"severity":"fail","exitcode":1,"stack":"undefined:1\nSECURITY WARNING: Reverting CVE-2009-TEST: Non-existent vulnerability for testing\n^\n\nSyntaxError: Unexpected token 'S', \"SECURITY W\"... is not valid JSON\n    at JSON.parse (<anonymous>)\n    at expectSuccess (C:\\workspace\\node-test-binary-windows-js-suites\\node\\test\\parallel\\test-env-security-revert.js:52:23)\n    at Object.<anonymous> (C:\\workspace\\node-test-binary-windows-js-suites\\node\\test\\parallel\\test-env-security-revert.js:66:26)\n    at Module._compile (node:internal/modules/cjs/loader:1421:14)\n    at Module._extensions..js (node:internal/modules/cjs/loader:1499:10)\n    at Module.load (node:internal/modules/cjs/loader:1232:32)\n    at Module._load (node:internal/modules/cjs/loader:1048:12)\n    at Function.executeUserEntryPoint [as runMain] (node:internal/modules/run_main:187:14)\n    at node:internal/main/run_main_module:28:49\n\nNode.js v22.0.0-pre"},"time":960.018,"fullname":"parallel/test-env-security-revert","closingTestPoint":false}}]}