{"failedTests":[{"testName":"es-module/test-esm-windows","timestamp":1712536551839,"status":"REGRESSION","jobName":"node-test-binary-windows-js-suites","config":"node-test-binary-windows-js-suites » 2,win2019-COMPILED_BY-vs2022 #26992","buildUrl":"https://ci.nodejs.org/job/node-test-binary-windows-js-suites/RUN_SUBSET=2,nodes=win2019-COMPILED_BY-vs2022/26992/","buildNumber":26992,"builtOn":"test-rackspace-win2019_vs2019-x64-4","nodeVersion":"22.0.0","commitHash":"60ff6dcd9b22ca76a4efbde6a098480299c0c2ab","callStack":[{"upstreamBuild":61984,"upstreamProject":"node-test-commit-windows-fanned","upstreamUrl":"job/node-test-commit-windows-fanned/"},{"upstreamBuild":69657,"upstreamProject":"node-test-commit","upstreamUrl":"job/node-test-commit/"},{"upstreamBuild":58141,"upstreamProject":"node-test-pull-request","upstreamUrl":"job/node-test-pull-request/"},{"prId":"52135"}],"tap":{"ok":false,"name":"es-module/test-esm-windows","id":50,"buffered":false,"tapError":null,"skip":false,"todo":false,"previous":null,"plan":null,"diag":{"severity":"fail","exitcode":1,"stack":"node:internal/fs/promises:855\n  return await PromisePrototypeThen(\n         ^\n\nError: EINVAL: invalid argument, mkdir 'C:\\workspace\\node-test-binary-windows-js-suites\\node\\test\\.tmp.54\\node_modules\\con'\n    at async Object.mkdir (node:internal/fs/promises:855:10)\n    at async C:\\workspace\\node-test-binary-windows-js-suites\\node\\test\\es-module\\test-esm-windows.js:36:5 {\n  errno: -4071,\n  code: 'EINVAL',\n  syscall: 'mkdir',\n  path: 'C:\\\\workspace\\\\node-test-binary-windows-js-suites\\\\node\\\\test\\\\.tmp.54\\\\node_modules\\\\con'\n}\n\nNode.js v22.0.0-pre"},"time":850.973,"fullname":"es-module/test-esm-windows","closingTestPoint":false}},{"testName":"parallel/test-permission-fs-traversal-path","timestamp":1712536551839,"status":"REGRESSION","jobName":"node-test-binary-windows-js-suites","config":"node-test-binary-windows-js-suites » 2,win2019-COMPILED_BY-vs2022 #26992","buildUrl":"https://ci.nodejs.org/job/node-test-binary-windows-js-suites/RUN_SUBSET=2,nodes=win2019-COMPILED_BY-vs2022/26992/","buildNumber":26992,"builtOn":"test-rackspace-win2019_vs2019-x64-4","nodeVersion":"22.0.0","commitHash":"60ff6dcd9b22ca76a4efbde6a098480299c0c2ab","callStack":[{"upstreamBuild":61984,"upstreamProject":"node-test-commit-windows-fanned","upstreamUrl":"job/node-test-commit-windows-fanned/"},{"upstreamBuild":69657,"upstreamProject":"node-test-commit","upstreamUrl":"job/node-test-commit/"},{"upstreamBuild":58141,"upstreamProject":"node-test-pull-request","upstreamUrl":"job/node-test-pull-request/"},{"prId":"52135"}],"tap":{"ok":false,"name":"parallel/test-permission-fs-traversal-path","id":593,"buffered":false,"tapError":null,"skip":false,"todo":false,"previous":null,"plan":null,"diag":{"severity":"fail","exitcode":1,"stack":"node:assert:126\n  throw new AssertionError(obj);\n  ^\n\nAssertionError [ERR_ASSERTION]: node:assert:644\n\n      throw err;\n\n      ^\n\n\n\nAssertionError [ERR_ASSERTION]: Expected values to be strictly deep-equal:\n\n+ actual - expected\n\n\n\n  Comparison {\n\n    code: 'ERR_ACCESS_DENIED',\n\n    permission: 'FileSystemRead',\n\n+   resource: '\\\\\\\\?\\\\C:\\\\workspace\\\\node-test-binary-windows-js-suites\\\\node\\\\test\\\\.tmp.590\\\\file.md'\n\n-   resource: 'C:\\\\workspace\\\\node-test-binary-windows-js-suites\\\\node\\\\test\\\\.tmp.590\\\\file.md'\n\n  }\n\n    at Object.<anonymous> (C:\\workspace\\node-test-binary-windows-js-suites\\node\\test\\common\\index.js:725:12)\n\n    at Object.<anonymous> (C:\\workspace\\node-test-binary-windows-js-suites\\node\\test\\common\\index.js:473:15)\n\n    at expectedException (node:assert:733:17)\n\n    at expectsError (node:assert:856:3)\n\n    at Function.throws (node:assert:911:3)\n\n    at Object.<anonymous> (C:\\workspace\\node-test-binary-windows-js-suites\\node\\test\\fixtures\\permission\\fs-traversal.js:79:10)\n\n    at Module._compile (node:internal/modules/cjs/loader:1421:14)\n\n    at Module._extensions..js (node:internal/modules/cjs/loader:1499:10)\n\n    at Module.load (node:internal/modules/cjs/loader:1232:32)\n\n    at Module._load (node:internal/modules/cjs/loader:1048:12) {\n\n  generatedMessage: true,\n\n  code: 'ERR_ASSERTION',\n\n  actual: Error: Access to this API has been restricted\n\n      at Object.readFile (node:fs:388:11)\n\n      at assert.throws.common.expectsError.code (C:\\workspace\\node-test-binary-windows-js-suites\\node\\test\\fixtures\\permission\\fs-traversal.js:80:8)\n\n      at getActual (node:assert:765:5)\n\n      at Function.throws (node:assert:911:24)\n\n      at Object.<anonymous> (C:\\workspace\\node-test-binary-windows-js-suites\\node\\test\\fixtures\\permission\\fs-traversal.js:79:10)\n\n      at Module._compile (node:internal/modules/cjs/loader:1421:14)\n\n      at Module._extensions..js (node:internal/modules/cjs/loader:1499:10)\n\n      at Module.load (node:internal/modules/cjs/loader:1232:32)\n\n      at Module._load (node:internal/modules/cjs/loader:1048:12)\n\n      at Function.executeUserEntryPoint [as runMain] (node:internal/modules/run_main:187:14) {\n\n    code: 'ERR_ACCESS_DENIED',\n\n    permission: 'FileSystemRead',\n\n    resource: '\\\\\\\\?\\\\C:\\\\workspace\\\\node-test-binary-windows-js-suites\\\\node\\\\test\\\\.tmp.590\\\\file.md'\n\n  },\n\n  expected: {\n\n    code: 'ERR_ACCESS_DENIED',\n\n    permission: 'FileSystemRead',\n\n    resource: 'C:\\\\workspace\\\\node-test-binary-windows-js-suites\\\\node\\\\test\\\\.tmp.590\\\\file.md'\n\n  },\n\n  operator: 'throws'\n\n}\n\n\n\nNode.js v22.0.0-pre\n\n\n    at Object.<anonymous> (C:\\workspace\\node-test-binary-windows-js-suites\\node\\test\\parallel\\test-permission-fs-traversal-path.js:46:10)\n    at Module._compile (node:internal/modules/cjs/loader:1421:14)\n    at Module._extensions..js (node:internal/modules/cjs/loader:1499:10)\n    at Module.load (node:internal/modules/cjs/loader:1232:32)\n    at Module._load (node:internal/modules/cjs/loader:1048:12)\n    at Function.executeUserEntryPoint [as runMain] (node:internal/modules/run_main:187:14)\n    at node:internal/main/run_main_module:28:49 {\n  generatedMessage: false,\n  code: 'ERR_ASSERTION',\n  actual: 1,\n  expected: 0,\n  operator: 'strictEqual'\n}\n\nNode.js v22.0.0-pre"},"time":695.995,"fullname":"parallel/test-permission-fs-traversal-path","closingTestPoint":false}},{"testName":"parallel/test-fs-existssync-false","timestamp":1712536551839,"status":"REGRESSION","jobName":"node-test-binary-windows-js-suites","config":"node-test-binary-windows-js-suites » 1,win2022-COMPILED_BY-vs2022 #26992","buildUrl":"https://ci.nodejs.org/job/node-test-binary-windows-js-suites/RUN_SUBSET=1,nodes=win2022-COMPILED_BY-vs2022/26992/","buildNumber":26992,"builtOn":"test-rackspace-win2022_vs2022-x64-2","nodeVersion":"22.0.0","commitHash":"60ff6dcd9b22ca76a4efbde6a098480299c0c2ab","callStack":[{"upstreamBuild":61984,"upstreamProject":"node-test-commit-windows-fanned","upstreamUrl":"job/node-test-commit-windows-fanned/"},{"upstreamBuild":69657,"upstreamProject":"node-test-commit","upstreamUrl":"job/node-test-commit/"},{"upstreamBuild":58141,"upstreamProject":"node-test-pull-request","upstreamUrl":"job/node-test-pull-request/"},{"prId":"52135"}],"tap":{"ok":false,"name":"parallel/test-fs-existssync-false","id":267,"buffered":false,"tapError":null,"skip":false,"todo":false,"previous":null,"plan":null,"diag":{"severity":"fail","exitcode":1,"stack":"C:\\workspace\\node-test-binary-windows-js-suites\\node\\test\\parallel\\test-fs-existssync-false.js:25\n      throw e;\n      ^\n\nError: ENAMETOOLONG: name too long, mkdir 'C:\\workspace\\node-test-binary-windows-js-suites\\node\\test\\.tmp.268/1234567890/1234567890/1234567890/1234567890/1234567890/1234567890/1234567890/1234567890/1234567890/1234567890/1234567890/1234567890/1234567890/1234567890/1234567890/1234567890/1234567890'\n    at Object.mkdirSync (node:fs:1360:26)\n    at Object.<anonymous> (C:\\workspace\\node-test-binary-windows-js-suites\\node\\test\\parallel\\test-fs-existssync-false.js:22:8)\n    at Module._compile (node:internal/modules/cjs/loader:1421:14)\n    at Module._extensions..js (node:internal/modules/cjs/loader:1499:10)\n    at Module.load (node:internal/modules/cjs/loader:1232:32)\n    at Module._load (node:internal/modules/cjs/loader:1048:12)\n    at Function.executeUserEntryPoint [as runMain] (node:internal/modules/run_main:187:14)\n    at node:internal/main/run_main_module:28:49 {\n  errno: -4064,\n  code: 'ENAMETOOLONG',\n  syscall: 'mkdir',\n  path: 'C:\\\\workspace\\\\node-test-binary-windows-js-suites\\\\node\\\\test\\\\.tmp.268/1234567890/1234567890/1234567890/1234567890/1234567890/1234567890/1234567890/1234567890/1234567890/1234567890/1234567890/1234567890/1234567890/1234567890/1234567890/1234567890/1234567890'\n}\n\nNode.js v22.0.0-pre"},"time":275.999,"fullname":"parallel/test-fs-existssync-false","closingTestPoint":false}},{"testName":"parallel/test-fs-symlink-longpath","timestamp":1712536551839,"status":"REGRESSION","jobName":"node-test-binary-windows-js-suites","config":"node-test-binary-windows-js-suites » 1,win2022-COMPILED_BY-vs2022 #26992","buildUrl":"https://ci.nodejs.org/job/node-test-binary-windows-js-suites/RUN_SUBSET=1,nodes=win2022-COMPILED_BY-vs2022/26992/","buildNumber":26992,"builtOn":"test-rackspace-win2022_vs2022-x64-2","nodeVersion":"22.0.0","commitHash":"60ff6dcd9b22ca76a4efbde6a098480299c0c2ab","callStack":[{"upstreamBuild":61984,"upstreamProject":"node-test-commit-windows-fanned","upstreamUrl":"job/node-test-commit-windows-fanned/"},{"upstreamBuild":69657,"upstreamProject":"node-test-commit","upstreamUrl":"job/node-test-commit/"},{"upstreamBuild":58141,"upstreamProject":"node-test-pull-request","upstreamUrl":"job/node-test-pull-request/"},{"prId":"52135"}],"tap":{"ok":false,"name":"parallel/test-fs-symlink-longpath","id":301,"buffered":false,"tapError":null,"skip":false,"todo":false,"previous":null,"plan":null,"diag":{"severity":"fail","exitcode":1,"stack":"node:fs:1360\n  const result = binding.mkdir(\n                         ^\n\nError: ENOENT: no such file or directory, mkdir 'C:\\workspace\\node-test-binary-windows-js-suites\\node\\test\\.tmp.303\\1234567890\\1234567890\\1234567890\\1234567890\\1234567890\\1234567890\\1234567890\\1234567890\\1234567890\\1234567890\\1234567890\\1234567890\\1234567890\\1234567890\\1234567890\\1234567890\\1234567890\\1234567890\\1234567890\\1234567890\\1234567890\\1234567890\\1234567890\\1234567890\\1234567890\\1234567890\\1234567890\\1234567890\\1234567890\\1234567890'\n    at Object.mkdirSync (node:fs:1360:26)\n    at Object.<anonymous> (C:\\workspace\\node-test-binary-windows-js-suites\\node\\test\\parallel\\test-fs-symlink-longpath.js:12:4)\n    at Module._compile (node:internal/modules/cjs/loader:1421:14)\n    at Module._extensions..js (node:internal/modules/cjs/loader:1499:10)\n    at Module.load (node:internal/modules/cjs/loader:1232:32)\n    at Module._load (node:internal/modules/cjs/loader:1048:12)\n    at Function.executeUserEntryPoint [as runMain] (node:internal/modules/run_main:187:14)\n    at node:internal/main/run_main_module:28:49 {\n  errno: -4058,\n  code: 'ENOENT',\n  syscall: 'mkdir',\n  path: 'C:\\\\workspace\\\\node-test-binary-windows-js-suites\\\\node\\\\test\\\\.tmp.303\\\\1234567890\\\\1234567890\\\\1234567890\\\\1234567890\\\\1234567890\\\\1234567890\\\\1234567890\\\\1234567890\\\\1234567890\\\\1234567890\\\\1234567890\\\\1234567890\\\\1234567890\\\\1234567890\\\\1234567890\\\\1234567890\\\\1234567890\\\\1234567890\\\\1234567890\\\\1234567890\\\\1234567890\\\\1234567890\\\\1234567890\\\\1234567890\\\\1234567890\\\\1234567890\\\\1234567890\\\\1234567890\\\\1234567890\\\\1234567890'\n}\n\nNode.js v22.0.0-pre"},"time":279.019,"fullname":"parallel/test-fs-symlink-longpath","closingTestPoint":false}},{"testName":"parallel/test-require-long-path","timestamp":1712536551839,"status":"REGRESSION","jobName":"node-test-binary-windows-js-suites","config":"node-test-binary-windows-js-suites » 1,win2022-COMPILED_BY-vs2022 #26992","buildUrl":"https://ci.nodejs.org/job/node-test-binary-windows-js-suites/RUN_SUBSET=1,nodes=win2022-COMPILED_BY-vs2022/26992/","buildNumber":26992,"builtOn":"test-rackspace-win2022_vs2022-x64-2","nodeVersion":"22.0.0","commitHash":"60ff6dcd9b22ca76a4efbde6a098480299c0c2ab","callStack":[{"upstreamBuild":61984,"upstreamProject":"node-test-commit-windows-fanned","upstreamUrl":"job/node-test-commit-windows-fanned/"},{"upstreamBuild":69657,"upstreamProject":"node-test-commit","upstreamUrl":"job/node-test-commit/"},{"upstreamBuild":58141,"upstreamProject":"node-test-pull-request","upstreamUrl":"job/node-test-pull-request/"},{"prId":"52135"}],"tap":{"ok":false,"name":"parallel/test-require-long-path","id":658,"buffered":false,"tapError":null,"skip":false,"todo":false,"previous":null,"plan":null,"diag":{"severity":"fail","exitcode":1,"stack":"node:fs:1360\n  const result = binding.mkdir(\n                         ^\n\nError: ENOENT: no such file or directory, mkdir 'C:\\workspace\\node-test-binary-windows-js-suites\\node\\test\\.tmp.658\\xxxxxxxxxxxxxxxxxxxxxxxxxxxxxxxxxxxxxxxxxxxxxxxxxxxxxxxxxxxxxxxxxxxxxxxxxxxxxxxxxxxxxxxxxxxxxxxxxxxxxxxxxxxxxxxxxxxxxxxxxxxxxxxxxxxxxxxxxxxxxxxxxxxxxxxxxxxxxxxxxxxxxxxxxxxxxxxxxxxxxxxxxxxxxxxxxx'\n    at Object.mkdirSync (node:fs:1360:26)\n    at Object.<anonymous> (C:\\workspace\\node-test-binary-windows-js-suites\\node\\test\\parallel\\test-require-long-path.js:21:4)\n    at Module._compile (node:internal/modules/cjs/loader:1421:14)\n    at Module._extensions..js (node:internal/modules/cjs/loader:1499:10)\n    at Module.load (node:internal/modules/cjs/loader:1232:32)\n    at Module._load (node:internal/modules/cjs/loader:1048:12)\n    at Function.executeUserEntryPoint [as runMain] (node:internal/modules/run_main:187:14)\n    at node:internal/main/run_main_module:28:49 {\n  errno: -4058,\n  code: 'ENOENT',\n  syscall: 'mkdir',\n  path: 'C:\\\\workspace\\\\node-test-binary-windows-js-suites\\\\node\\\\test\\\\.tmp.658\\\\xxxxxxxxxxxxxxxxxxxxxxxxxxxxxxxxxxxxxxxxxxxxxxxxxxxxxxxxxxxxxxxxxxxxxxxxxxxxxxxxxxxxxxxxxxxxxxxxxxxxxxxxxxxxxxxxxxxxxxxxxxxxxxxxxxxxxxxxxxxxxxxxxxxxxxxxxxxxxxxxxxxxxxxxxxxxxxxxxxxxxxxxxxxxxxxxxx'\n}\n\nNode.js v22.0.0-pre"},"time":214.989,"fullname":"parallel/test-require-long-path","closingTestPoint":false}},{"testName":"parallel/test-fs-existssync-false","timestamp":1712536551839,"status":"REGRESSION","jobName":"node-test-binary-windows-js-suites","config":"node-test-binary-windows-js-suites » 1,win11-COMPILED_BY-vs2022 #26992","buildUrl":"https://ci.nodejs.org/job/node-test-binary-windows-js-suites/RUN_SUBSET=1,nodes=win11-COMPILED_BY-vs2022/26992/","buildNumber":26992,"builtOn":"test-azure_msft-win11_vs2022-x64-1","nodeVersion":"22.0.0","commitHash":"60ff6dcd9b22ca76a4efbde6a098480299c0c2ab","callStack":[{"upstreamBuild":61984,"upstreamProject":"node-test-commit-windows-fanned","upstreamUrl":"job/node-test-commit-windows-fanned/"},{"upstreamBuild":69657,"upstreamProject":"node-test-commit","upstreamUrl":"job/node-test-commit/"},{"upstreamBuild":58141,"upstreamProject":"node-test-pull-request","upstreamUrl":"job/node-test-pull-request/"},{"prId":"52135"}],"tap":{"ok":false,"name":"parallel/test-fs-existssync-false","id":268,"buffered":false,"tapError":null,"skip":false,"todo":false,"previous":null,"plan":null,"diag":{"severity":"fail","exitcode":1,"stack":"c:\\workspace\\node-test-binary-windows-js-suites\\node\\test\\parallel\\test-fs-existssync-false.js:25\n      throw e;\n      ^\n\nError: ENAMETOOLONG: name too long, mkdir 'c:\\workspace\\node-test-binary-windows-js-suites\\node\\test\\.tmp.268/1234567890/1234567890/1234567890/1234567890/1234567890/1234567890/1234567890/1234567890/1234567890/1234567890/1234567890/1234567890/1234567890/1234567890/1234567890/1234567890/1234567890'\n    at Object.mkdirSync (node:fs:1360:26)\n    at Object.<anonymous> (c:\\workspace\\node-test-binary-windows-js-suites\\node\\test\\parallel\\test-fs-existssync-false.js:22:8)\n    at Module._compile (node:internal/modules/cjs/loader:1421:14)\n    at Module._extensions..js (node:internal/modules/cjs/loader:1499:10)\n    at Module.load (node:internal/modules/cjs/loader:1232:32)\n    at Module._load (node:internal/modules/cjs/loader:1048:12)\n    at Function.executeUserEntryPoint [as runMain] (node:internal/modules/run_main:187:14)\n    at node:internal/main/run_main_module:28:49 {\n  errno: -4064,\n  code: 'ENAMETOOLONG',\n  syscall: 'mkdir',\n  path: 'c:\\\\workspace\\\\node-test-binary-windows-js-suites\\\\node\\\\test\\\\.tmp.268/1234567890/1234567890/1234567890/1234567890/1234567890/1234567890/1234567890/1234567890/1234567890/1234567890/1234567890/1234567890/1234567890/1234567890/1234567890/1234567890/1234567890'\n}\n\nNode.js v22.0.0-pre"},"time":192,"fullname":"parallel/test-fs-existssync-false","closingTestPoint":false}},{"testName":"parallel/test-fs-symlink-longpath","timestamp":1712536551839,"status":"REGRESSION","jobName":"node-test-binary-windows-js-suites","config":"node-test-binary-windows-js-suites » 1,win11-COMPILED_BY-vs2022 #26992","buildUrl":"https://ci.nodejs.org/job/node-test-binary-windows-js-suites/RUN_SUBSET=1,nodes=win11-COMPILED_BY-vs2022/26992/","buildNumber":26992,"builtOn":"test-azure_msft-win11_vs2022-x64-1","nodeVersion":"22.0.0","commitHash":"60ff6dcd9b22ca76a4efbde6a098480299c0c2ab","callStack":[{"upstreamBuild":61984,"upstreamProject":"node-test-commit-windows-fanned","upstreamUrl":"job/node-test-commit-windows-fanned/"},{"upstreamBuild":69657,"upstreamProject":"node-test-commit","upstreamUrl":"job/node-test-commit/"},{"upstreamBuild":58141,"upstreamProject":"node-test-pull-request","upstreamUrl":"job/node-test-pull-request/"},{"prId":"52135"}],"tap":{"ok":false,"name":"parallel/test-fs-symlink-longpath","id":303,"buffered":false,"tapError":null,"skip":false,"todo":false,"previous":null,"plan":null,"diag":{"severity":"fail","exitcode":1,"stack":"node:fs:1360\n  const result = binding.mkdir(\n                         ^\n\nError: ENOENT: no such file or directory, mkdir 'c:\\workspace\\node-test-binary-windows-js-suites\\node\\test\\.tmp.303\\1234567890\\1234567890\\1234567890\\1234567890\\1234567890\\1234567890\\1234567890\\1234567890\\1234567890\\1234567890\\1234567890\\1234567890\\1234567890\\1234567890\\1234567890\\1234567890\\1234567890\\1234567890\\1234567890\\1234567890\\1234567890\\1234567890\\1234567890\\1234567890\\1234567890\\1234567890\\1234567890\\1234567890\\1234567890\\1234567890'\n    at Object.mkdirSync (node:fs:1360:26)\n    at Object.<anonymous> (c:\\workspace\\node-test-binary-windows-js-suites\\node\\test\\parallel\\test-fs-symlink-longpath.js:12:4)\n    at Module._compile (node:internal/modules/cjs/loader:1421:14)\n    at Module._extensions..js (node:internal/modules/cjs/loader:1499:10)\n    at Module.load (node:internal/modules/cjs/loader:1232:32)\n    at Module._load (node:internal/modules/cjs/loader:1048:12)\n    at Function.executeUserEntryPoint [as runMain] (node:internal/modules/run_main:187:14)\n    at node:internal/main/run_main_module:28:49 {\n  errno: -4058,\n  code: 'ENOENT',\n  syscall: 'mkdir',\n  path: 'c:\\\\workspace\\\\node-test-binary-windows-js-suites\\\\node\\\\test\\\\.tmp.303\\\\1234567890\\\\1234567890\\\\1234567890\\\\1234567890\\\\1234567890\\\\1234567890\\\\1234567890\\\\1234567890\\\\1234567890\\\\1234567890\\\\1234567890\\\\1234567890\\\\1234567890\\\\1234567890\\\\1234567890\\\\1234567890\\\\1234567890\\\\1234567890\\\\1234567890\\\\1234567890\\\\1234567890\\\\1234567890\\\\1234567890\\\\1234567890\\\\1234567890\\\\1234567890\\\\1234567890\\\\1234567890\\\\1234567890\\\\1234567890'\n}\n\nNode.js v22.0.0-pre"},"time":185,"fullname":"parallel/test-fs-symlink-longpath","closingTestPoint":false}},{"testName":"parallel/test-require-long-path","timestamp":1712536551839,"status":"REGRESSION","jobName":"node-test-binary-windows-js-suites","config":"node-test-binary-windows-js-suites » 1,win11-COMPILED_BY-vs2022 #26992","buildUrl":"https://ci.nodejs.org/job/node-test-binary-windows-js-suites/RUN_SUBSET=1,nodes=win11-COMPILED_BY-vs2022/26992/","buildNumber":26992,"builtOn":"test-azure_msft-win11_vs2022-x64-1","nodeVersion":"22.0.0","commitHash":"60ff6dcd9b22ca76a4efbde6a098480299c0c2ab","callStack":[{"upstreamBuild":61984,"upstreamProject":"node-test-commit-windows-fanned","upstreamUrl":"job/node-test-commit-windows-fanned/"},{"upstreamBuild":69657,"upstreamProject":"node-test-commit","upstreamUrl":"job/node-test-commit/"},{"upstreamBuild":58141,"upstreamProject":"node-test-pull-request","upstreamUrl":"job/node-test-pull-request/"},{"prId":"52135"}],"tap":{"ok":false,"name":"parallel/test-require-long-path","id":658,"buffered":false,"tapError":null,"skip":false,"todo":false,"previous":null,"plan":null,"diag":{"severity":"fail","exitcode":1,"stack":"node:fs:1360\n  const result = binding.mkdir(\n                         ^\n\nError: ENOENT: no such file or directory, mkdir 'c:\\workspace\\node-test-binary-windows-js-suites\\node\\test\\.tmp.658\\xxxxxxxxxxxxxxxxxxxxxxxxxxxxxxxxxxxxxxxxxxxxxxxxxxxxxxxxxxxxxxxxxxxxxxxxxxxxxxxxxxxxxxxxxxxxxxxxxxxxxxxxxxxxxxxxxxxxxxxxxxxxxxxxxxxxxxxxxxxxxxxxxxxxxxxxxxxxxxxxxxxxxxxxxxxxxxxxxxxxxxxxxxxxxxxxxx'\n    at Object.mkdirSync (node:fs:1360:26)\n    at Object.<anonymous> (c:\\workspace\\node-test-binary-windows-js-suites\\node\\test\\parallel\\test-require-long-path.js:21:4)\n    at Module._compile (node:internal/modules/cjs/loader:1421:14)\n    at Module._extensions..js (node:internal/modules/cjs/loader:1499:10)\n    at Module.load (node:internal/modules/cjs/loader:1232:32)\n    at Module._load (node:internal/modules/cjs/loader:1048:12)\n    at Function.executeUserEntryPoint [as runMain] (node:internal/modules/run_main:187:14)\n    at node:internal/main/run_main_module:28:49 {\n  errno: -4058,\n  code: 'ENOENT',\n  syscall: 'mkdir',\n  path: 'c:\\\\workspace\\\\node-test-binary-windows-js-suites\\\\node\\\\test\\\\.tmp.658\\\\xxxxxxxxxxxxxxxxxxxxxxxxxxxxxxxxxxxxxxxxxxxxxxxxxxxxxxxxxxxxxxxxxxxxxxxxxxxxxxxxxxxxxxxxxxxxxxxxxxxxxxxxxxxxxxxxxxxxxxxxxxxxxxxxxxxxxxxxxxxxxxxxxxxxxxxxxxxxxxxxxxxxxxxxxxxxxxxxxxxxxxxxxxxxxxxxxx'\n}\n\nNode.js v22.0.0-pre"},"time":271.005,"fullname":"parallel/test-require-long-path","closingTestPoint":false}},{"testName":"sequential/test-http2-large-file","timestamp":1712536551839,"status":"FAILED","jobName":"node-test-binary-windows-js-suites","config":"node-test-binary-windows-js-suites » 1,win11-COMPILED_BY-vs2022 #26992","buildUrl":"https://ci.nodejs.org/job/node-test-binary-windows-js-suites/RUN_SUBSET=1,nodes=win11-COMPILED_BY-vs2022/26992/","buildNumber":26992,"builtOn":"test-azure_msft-win11_vs2022-x64-1","nodeVersion":"22.0.0","commitHash":"60ff6dcd9b22ca76a4efbde6a098480299c0c2ab","callStack":[{"upstreamBuild":61984,"upstreamProject":"node-test-commit-windows-fanned","upstreamUrl":"job/node-test-commit-windows-fanned/"},{"upstreamBuild":69657,"upstreamProject":"node-test-commit","upstreamUrl":"job/node-test-commit/"},{"upstreamBuild":58141,"upstreamProject":"node-test-pull-request","upstreamUrl":"job/node-test-pull-request/"},{"prId":"52135"}],"tap":{"ok":false,"name":"sequential/test-http2-large-file","id":964,"buffered":false,"tapError":null,"skip":false,"todo":": Fix flaky test","previous":null,"plan":null,"diag":{"severity":"fail","exitcode":1,"stack":"timeout"},"time":120283.279,"fullname":"sequential/test-http2-large-file","closingTestPoint":false}},{"testName":"parallel/test-permission-fs-traversal-path","timestamp":1712536551839,"status":"REGRESSION","jobName":"node-test-binary-windows-js-suites","config":"node-test-binary-windows-js-suites » 2,win11-COMPILED_BY-vs2022 #26992","buildUrl":"https://ci.nodejs.org/job/node-test-binary-windows-js-suites/RUN_SUBSET=2,nodes=win11-COMPILED_BY-vs2022/26992/","buildNumber":26992,"builtOn":"test-azure_msft-win11_vs2022-x64-2","nodeVersion":"22.0.0","commitHash":"60ff6dcd9b22ca76a4efbde6a098480299c0c2ab","callStack":[{"upstreamBuild":61984,"upstreamProject":"node-test-commit-windows-fanned","upstreamUrl":"job/node-test-commit-windows-fanned/"},{"upstreamBuild":69657,"upstreamProject":"node-test-commit","upstreamUrl":"job/node-test-commit/"},{"upstreamBuild":58141,"upstreamProject":"node-test-pull-request","upstreamUrl":"job/node-test-pull-request/"},{"prId":"52135"}],"tap":{"ok":false,"name":"parallel/test-permission-fs-traversal-path","id":594,"buffered":false,"tapError":null,"skip":false,"todo":false,"previous":null,"plan":null,"diag":{"severity":"fail","exitcode":1,"stack":"node:assert:126\n  throw new AssertionError(obj);\n  ^\n\nAssertionError [ERR_ASSERTION]: node:assert:644\n\n      throw err;\n\n      ^\n\n\n\nAssertionError [ERR_ASSERTION]: Expected values to be strictly deep-equal:\n\n+ actual - expected\n\n\n\n  Comparison {\n\n    code: 'ERR_ACCESS_DENIED',\n\n    permission: 'FileSystemRead',\n\n+   resource: '\\\\\\\\?\\\\c:\\\\workspace\\\\node-test-binary-windows-js-suites\\\\node\\\\test\\\\.tmp.590\\\\file.md'\n\n-   resource: 'c:\\\\workspace\\\\node-test-binary-windows-js-suites\\\\node\\\\test\\\\.tmp.590\\\\file.md'\n\n  }\n\n    at Object.<anonymous> (c:\\workspace\\node-test-binary-windows-js-suites\\node\\test\\common\\index.js:725:12)\n\n    at Object.<anonymous> (c:\\workspace\\node-test-binary-windows-js-suites\\node\\test\\common\\index.js:473:15)\n\n    at expectedException (node:assert:733:17)\n\n    at expectsError (node:assert:856:3)\n\n    at Function.throws (node:assert:911:3)\n\n    at Object.<anonymous> (c:\\workspace\\node-test-binary-windows-js-suites\\node\\test\\fixtures\\permission\\fs-traversal.js:79:10)\n\n    at Module._compile (node:internal/modules/cjs/loader:1421:14)\n\n    at Module._extensions..js (node:internal/modules/cjs/loader:1499:10)\n\n    at Module.load (node:internal/modules/cjs/loader:1232:32)\n\n    at Module._load (node:internal/modules/cjs/loader:1048:12) {\n\n  generatedMessage: true,\n\n  code: 'ERR_ASSERTION',\n\n  actual: Error: Access to this API has been restricted\n\n      at Object.readFile (node:fs:388:11)\n\n      at assert.throws.common.expectsError.code (c:\\workspace\\node-test-binary-windows-js-suites\\node\\test\\fixtures\\permission\\fs-traversal.js:80:8)\n\n      at getActual (node:assert:765:5)\n\n      at Function.throws (node:assert:911:24)\n\n      at Object.<anonymous> (c:\\workspace\\node-test-binary-windows-js-suites\\node\\test\\fixtures\\permission\\fs-traversal.js:79:10)\n\n      at Module._compile (node:internal/modules/cjs/loader:1421:14)\n\n      at Module._extensions..js (node:internal/modules/cjs/loader:1499:10)\n\n      at Module.load (node:internal/modules/cjs/loader:1232:32)\n\n      at Module._load (node:internal/modules/cjs/loader:1048:12)\n\n      at Function.executeUserEntryPoint [as runMain] (node:internal/modules/run_main:187:14) {\n\n    code: 'ERR_ACCESS_DENIED',\n\n    permission: 'FileSystemRead',\n\n    resource: '\\\\\\\\?\\\\c:\\\\workspace\\\\node-test-binary-windows-js-suites\\\\node\\\\test\\\\.tmp.590\\\\file.md'\n\n  },\n\n  expected: {\n\n    code: 'ERR_ACCESS_DENIED',\n\n    permission: 'FileSystemRead',\n\n    resource: 'c:\\\\workspace\\\\node-test-binary-windows-js-suites\\\\node\\\\test\\\\.tmp.590\\\\file.md'\n\n  },\n\n  operator: 'throws'\n\n}\n\n\n\nNode.js v22.0.0-pre\n\n\n    at Object.<anonymous> (c:\\workspace\\node-test-binary-windows-js-suites\\node\\test\\parallel\\test-permission-fs-traversal-path.js:46:10)\n    at Module._compile (node:internal/modules/cjs/loader:1421:14)\n    at Module._extensions..js (node:internal/modules/cjs/loader:1499:10)\n    at Module.load (node:internal/modules/cjs/loader:1232:32)\n    at Module._load (node:internal/modules/cjs/loader:1048:12)\n    at Function.executeUserEntryPoint [as runMain] (node:internal/modules/run_main:187:14)\n    at node:internal/main/run_main_module:28:49 {\n  generatedMessage: false,\n  code: 'ERR_ASSERTION',\n  actual: 1,\n  expected: 0,\n  operator: 'strictEqual'\n}\n\nNode.js v22.0.0-pre"},"time":377.006,"fullname":"parallel/test-permission-fs-traversal-path","closingTestPoint":false}},{"testName":"parallel/test-fs-existssync-false","timestamp":1712536551839,"status":"REGRESSION","jobName":"node-test-binary-windows-js-suites","config":"node-test-binary-windows-js-suites » 1,win10-COMPILED_BY-vs2022 #26992","buildUrl":"https://ci.nodejs.org/job/node-test-binary-windows-js-suites/RUN_SUBSET=1,nodes=win10-COMPILED_BY-vs2022/26992/","buildNumber":26992,"builtOn":"test-azure_msft-win10_vs2019-x64-3","nodeVersion":"22.0.0","commitHash":"60ff6dcd9b22ca76a4efbde6a098480299c0c2ab","callStack":[{"upstreamBuild":61984,"upstreamProject":"node-test-commit-windows-fanned","upstreamUrl":"job/node-test-commit-windows-fanned/"},{"upstreamBuild":69657,"upstreamProject":"node-test-commit","upstreamUrl":"job/node-test-commit/"},{"upstreamBuild":58141,"upstreamProject":"node-test-pull-request","upstreamUrl":"job/node-test-pull-request/"},{"prId":"52135"}],"tap":{"ok":false,"name":"parallel/test-fs-existssync-false","id":268,"buffered":false,"tapError":null,"skip":false,"todo":false,"previous":null,"plan":null,"diag":{"severity":"fail","exitcode":1,"stack":"c:\\workspace\\node-test-binary-windows-js-suites\\node\\test\\parallel\\test-fs-existssync-false.js:25\n      throw e;\n      ^\n\nError: ENAMETOOLONG: name too long, mkdir 'c:\\workspace\\node-test-binary-windows-js-suites\\node\\test\\.tmp.268/1234567890/1234567890/1234567890/1234567890/1234567890/1234567890/1234567890/1234567890/1234567890/1234567890/1234567890/1234567890/1234567890/1234567890/1234567890/1234567890/1234567890'\n    at Object.mkdirSync (node:fs:1360:26)\n    at Object.<anonymous> (c:\\workspace\\node-test-binary-windows-js-suites\\node\\test\\parallel\\test-fs-existssync-false.js:22:8)\n    at Module._compile (node:internal/modules/cjs/loader:1421:14)\n    at Module._extensions..js (node:internal/modules/cjs/loader:1499:10)\n    at Module.load (node:internal/modules/cjs/loader:1232:32)\n    at Module._load (node:internal/modules/cjs/loader:1048:12)\n    at Function.executeUserEntryPoint [as runMain] (node:internal/modules/run_main:187:14)\n    at node:internal/main/run_main_module:28:49 {\n  errno: -4064,\n  code: 'ENAMETOOLONG',\n  syscall: 'mkdir',\n  path: 'c:\\\\workspace\\\\node-test-binary-windows-js-suites\\\\node\\\\test\\\\.tmp.268/1234567890/1234567890/1234567890/1234567890/1234567890/1234567890/1234567890/1234567890/1234567890/1234567890/1234567890/1234567890/1234567890/1234567890/1234567890/1234567890/1234567890'\n}\n\nNode.js v22.0.0-pre"},"time":161.006,"fullname":"parallel/test-fs-existssync-false","closingTestPoint":false}},{"testName":"parallel/test-fs-symlink-longpath","timestamp":1712536551839,"status":"REGRESSION","jobName":"node-test-binary-windows-js-suites","config":"node-test-binary-windows-js-suites » 1,win10-COMPILED_BY-vs2022 #26992","buildUrl":"https://ci.nodejs.org/job/node-test-binary-windows-js-suites/RUN_SUBSET=1,nodes=win10-COMPILED_BY-vs2022/26992/","buildNumber":26992,"builtOn":"test-azure_msft-win10_vs2019-x64-3","nodeVersion":"22.0.0","commitHash":"60ff6dcd9b22ca76a4efbde6a098480299c0c2ab","callStack":[{"upstreamBuild":61984,"upstreamProject":"node-test-commit-windows-fanned","upstreamUrl":"job/node-test-commit-windows-fanned/"},{"upstreamBuild":69657,"upstreamProject":"node-test-commit","upstreamUrl":"job/node-test-commit/"},{"upstreamBuild":58141,"upstreamProject":"node-test-pull-request","upstreamUrl":"job/node-test-pull-request/"},{"prId":"52135"}],"tap":{"ok":false,"name":"parallel/test-fs-symlink-longpath","id":303,"buffered":false,"tapError":null,"skip":false,"todo":false,"previous":null,"plan":null,"diag":{"severity":"fail","exitcode":1,"stack":"node:fs:1360\n  const result = binding.mkdir(\n                         ^\n\nError: ENOENT: no such file or directory, mkdir 'c:\\workspace\\node-test-binary-windows-js-suites\\node\\test\\.tmp.303\\1234567890\\1234567890\\1234567890\\1234567890\\1234567890\\1234567890\\1234567890\\1234567890\\1234567890\\1234567890\\1234567890\\1234567890\\1234567890\\1234567890\\1234567890\\1234567890\\1234567890\\1234567890\\1234567890\\1234567890\\1234567890\\1234567890\\1234567890\\1234567890\\1234567890\\1234567890\\1234567890\\1234567890\\1234567890\\1234567890'\n    at Object.mkdirSync (node:fs:1360:26)\n    at Object.<anonymous> (c:\\workspace\\node-test-binary-windows-js-suites\\node\\test\\parallel\\test-fs-symlink-longpath.js:12:4)\n    at Module._compile (node:internal/modules/cjs/loader:1421:14)\n    at Module._extensions..js (node:internal/modules/cjs/loader:1499:10)\n    at Module.load (node:internal/modules/cjs/loader:1232:32)\n    at Module._load (node:internal/modules/cjs/loader:1048:12)\n    at Function.executeUserEntryPoint [as runMain] (node:internal/modules/run_main:187:14)\n    at node:internal/main/run_main_module:28:49 {\n  errno: -4058,\n  code: 'ENOENT',\n  syscall: 'mkdir',\n  path: 'c:\\\\workspace\\\\node-test-binary-windows-js-suites\\\\node\\\\test\\\\.tmp.303\\\\1234567890\\\\1234567890\\\\1234567890\\\\1234567890\\\\1234567890\\\\1234567890\\\\1234567890\\\\1234567890\\\\1234567890\\\\1234567890\\\\1234567890\\\\1234567890\\\\1234567890\\\\1234567890\\\\1234567890\\\\1234567890\\\\1234567890\\\\1234567890\\\\1234567890\\\\1234567890\\\\1234567890\\\\1234567890\\\\1234567890\\\\1234567890\\\\1234567890\\\\1234567890\\\\1234567890\\\\1234567890\\\\1234567890\\\\1234567890'\n}\n\nNode.js v22.0.0-pre"},"time":156.01,"fullname":"parallel/test-fs-symlink-longpath","closingTestPoint":false}},{"testName":"parallel/test-require-long-path","timestamp":1712536551839,"status":"REGRESSION","jobName":"node-test-binary-windows-js-suites","config":"node-test-binary-windows-js-suites » 1,win10-COMPILED_BY-vs2022 #26992","buildUrl":"https://ci.nodejs.org/job/node-test-binary-windows-js-suites/RUN_SUBSET=1,nodes=win10-COMPILED_BY-vs2022/26992/","buildNumber":26992,"builtOn":"test-azure_msft-win10_vs2019-x64-3","nodeVersion":"22.0.0","commitHash":"60ff6dcd9b22ca76a4efbde6a098480299c0c2ab","callStack":[{"upstreamBuild":61984,"upstreamProject":"node-test-commit-windows-fanned","upstreamUrl":"job/node-test-commit-windows-fanned/"},{"upstreamBuild":69657,"upstreamProject":"node-test-commit","upstreamUrl":"job/node-test-commit/"},{"upstreamBuild":58141,"upstreamProject":"node-test-pull-request","upstreamUrl":"job/node-test-pull-request/"},{"prId":"52135"}],"tap":{"ok":false,"name":"parallel/test-require-long-path","id":657,"buffered":false,"tapError":null,"skip":false,"todo":false,"previous":null,"plan":null,"diag":{"severity":"fail","exitcode":1,"stack":"node:fs:1360\n  const result = binding.mkdir(\n                         ^\n\nError: ENOENT: no such file or directory, mkdir 'c:\\workspace\\node-test-binary-windows-js-suites\\node\\test\\.tmp.658\\xxxxxxxxxxxxxxxxxxxxxxxxxxxxxxxxxxxxxxxxxxxxxxxxxxxxxxxxxxxxxxxxxxxxxxxxxxxxxxxxxxxxxxxxxxxxxxxxxxxxxxxxxxxxxxxxxxxxxxxxxxxxxxxxxxxxxxxxxxxxxxxxxxxxxxxxxxxxxxxxxxxxxxxxxxxxxxxxxxxxxxxxxxxxxxxxxx'\n    at Object.mkdirSync (node:fs:1360:26)\n    at Object.<anonymous> (c:\\workspace\\node-test-binary-windows-js-suites\\node\\test\\parallel\\test-require-long-path.js:21:4)\n    at Module._compile (node:internal/modules/cjs/loader:1421:14)\n    at Module._extensions..js (node:internal/modules/cjs/loader:1499:10)\n    at Module.load (node:internal/modules/cjs/loader:1232:32)\n    at Module._load (node:internal/modules/cjs/loader:1048:12)\n    at Function.executeUserEntryPoint [as runMain] (node:internal/modules/run_main:187:14)\n    at node:internal/main/run_main_module:28:49 {\n  errno: -4058,\n  code: 'ENOENT',\n  syscall: 'mkdir',\n  path: 'c:\\\\workspace\\\\node-test-binary-windows-js-suites\\\\node\\\\test\\\\.tmp.658\\\\xxxxxxxxxxxxxxxxxxxxxxxxxxxxxxxxxxxxxxxxxxxxxxxxxxxxxxxxxxxxxxxxxxxxxxxxxxxxxxxxxxxxxxxxxxxxxxxxxxxxxxxxxxxxxxxxxxxxxxxxxxxxxxxxxxxxxxxxxxxxxxxxxxxxxxxxxxxxxxxxxxxxxxxxxxxxxxxxxxxxxxxxxxxxxxxxxx'\n}\n\nNode.js v22.0.0-pre"},"time":166.015,"fullname":"parallel/test-require-long-path","closingTestPoint":false}},{"testName":"sequential/test-http2-large-file","timestamp":1712536551839,"status":"FAILED","jobName":"node-test-binary-windows-js-suites","config":"node-test-binary-windows-js-suites » 1,win10-COMPILED_BY-vs2022 #26992","buildUrl":"https://ci.nodejs.org/job/node-test-binary-windows-js-suites/RUN_SUBSET=1,nodes=win10-COMPILED_BY-vs2022/26992/","buildNumber":26992,"builtOn":"test-azure_msft-win10_vs2019-x64-3","nodeVersion":"22.0.0","commitHash":"60ff6dcd9b22ca76a4efbde6a098480299c0c2ab","callStack":[{"upstreamBuild":61984,"upstreamProject":"node-test-commit-windows-fanned","upstreamUrl":"job/node-test-commit-windows-fanned/"},{"upstreamBuild":69657,"upstreamProject":"node-test-commit","upstreamUrl":"job/node-test-commit/"},{"upstreamBuild":58141,"upstreamProject":"node-test-pull-request","upstreamUrl":"job/node-test-pull-request/"},{"prId":"52135"}],"tap":{"ok":false,"name":"sequential/test-http2-large-file","id":964,"buffered":false,"tapError":null,"skip":false,"todo":": Fix flaky test","previous":null,"plan":null,"diag":{"severity":"fail","exitcode":1,"stack":"timeout"},"time":120225.202,"fullname":"sequential/test-http2-large-file","closingTestPoint":false}},{"testName":"parallel/test-fs-existssync-false","timestamp":1712536551839,"status":"REGRESSION","jobName":"node-test-binary-windows-js-suites","config":"node-test-binary-windows-js-suites » 1,win2016-COMPILED_BY-vs2022-x86 #26992","buildUrl":"https://ci.nodejs.org/job/node-test-binary-windows-js-suites/RUN_SUBSET=1,nodes=win2016-COMPILED_BY-vs2022-x86/26992/","buildNumber":26992,"builtOn":"test-rackspace-win2016_vs2015-x64-2","nodeVersion":"22.0.0","commitHash":"60ff6dcd9b22ca76a4efbde6a098480299c0c2ab","callStack":[{"upstreamBuild":61984,"upstreamProject":"node-test-commit-windows-fanned","upstreamUrl":"job/node-test-commit-windows-fanned/"},{"upstreamBuild":69657,"upstreamProject":"node-test-commit","upstreamUrl":"job/node-test-commit/"},{"upstreamBuild":58141,"upstreamProject":"node-test-pull-request","upstreamUrl":"job/node-test-pull-request/"},{"prId":"52135"}],"tap":{"ok":false,"name":"parallel/test-fs-existssync-false","id":266,"buffered":false,"tapError":null,"skip":false,"todo":false,"previous":null,"plan":null,"diag":{"severity":"fail","exitcode":1,"stack":"C:\\workspace\\node-test-binary-windows-js-suites\\node\\test\\parallel\\test-fs-existssync-false.js:25\n      throw e;\n      ^\n\nError: ENAMETOOLONG: name too long, mkdir 'C:\\workspace\\node-test-binary-windows-js-suites\\node\\test\\.tmp.268/1234567890/1234567890/1234567890/1234567890/1234567890/1234567890/1234567890/1234567890/1234567890/1234567890/1234567890/1234567890/1234567890/1234567890/1234567890/1234567890/1234567890'\n    at Object.mkdirSync (node:fs:1360:26)\n    at Object.<anonymous> (C:\\workspace\\node-test-binary-windows-js-suites\\node\\test\\parallel\\test-fs-existssync-false.js:22:8)\n    at Module._compile (node:internal/modules/cjs/loader:1421:14)\n    at Module._extensions..js (node:internal/modules/cjs/loader:1499:10)\n    at Module.load (node:internal/modules/cjs/loader:1232:32)\n    at Module._load (node:internal/modules/cjs/loader:1048:12)\n    at Function.executeUserEntryPoint [as runMain] (node:internal/modules/run_main:187:14)\n    at node:internal/main/run_main_module:28:49 {\n  errno: -4064,\n  code: 'ENAMETOOLONG',\n  syscall: 'mkdir',\n  path: 'C:\\\\workspace\\\\node-test-binary-windows-js-suites\\\\node\\\\test\\\\.tmp.268/1234567890/1234567890/1234567890/1234567890/1234567890/1234567890/1234567890/1234567890/1234567890/1234567890/1234567890/1234567890/1234567890/1234567890/1234567890/1234567890/1234567890'\n}\n\nNode.js v22.0.0-pre"},"time":248.01,"fullname":"parallel/test-fs-existssync-false","closingTestPoint":false}},{"testName":"parallel/test-fs-symlink-longpath","timestamp":1712536551839,"status":"REGRESSION","jobName":"node-test-binary-windows-js-suites","config":"node-test-binary-windows-js-suites » 1,win2016-COMPILED_BY-vs2022-x86 #26992","buildUrl":"https://ci.nodejs.org/job/node-test-binary-windows-js-suites/RUN_SUBSET=1,nodes=win2016-COMPILED_BY-vs2022-x86/26992/","buildNumber":26992,"builtOn":"test-rackspace-win2016_vs2015-x64-2","nodeVersion":"22.0.0","commitHash":"60ff6dcd9b22ca76a4efbde6a098480299c0c2ab","callStack":[{"upstreamBuild":61984,"upstreamProject":"node-test-commit-windows-fanned","upstreamUrl":"job/node-test-commit-windows-fanned/"},{"upstreamBuild":69657,"upstreamProject":"node-test-commit","upstreamUrl":"job/node-test-commit/"},{"upstreamBuild":58141,"upstreamProject":"node-test-pull-request","upstreamUrl":"job/node-test-pull-request/"},{"prId":"52135"}],"tap":{"ok":false,"name":"parallel/test-fs-symlink-longpath","id":301,"buffered":false,"tapError":null,"skip":false,"todo":false,"previous":null,"plan":null,"diag":{"severity":"fail","exitcode":1,"stack":"node:fs:1360\n  const result = binding.mkdir(\n                         ^\n\nError: ENOENT: no such file or directory, mkdir 'C:\\workspace\\node-test-binary-windows-js-suites\\node\\test\\.tmp.303\\1234567890\\1234567890\\1234567890\\1234567890\\1234567890\\1234567890\\1234567890\\1234567890\\1234567890\\1234567890\\1234567890\\1234567890\\1234567890\\1234567890\\1234567890\\1234567890\\1234567890\\1234567890\\1234567890\\1234567890\\1234567890\\1234567890\\1234567890\\1234567890\\1234567890\\1234567890\\1234567890\\1234567890\\1234567890\\1234567890'\n    at Object.mkdirSync (node:fs:1360:26)\n    at Object.<anonymous> (C:\\workspace\\node-test-binary-windows-js-suites\\node\\test\\parallel\\test-fs-symlink-longpath.js:12:4)\n    at Module._compile (node:internal/modules/cjs/loader:1421:14)\n    at Module._extensions..js (node:internal/modules/cjs/loader:1499:10)\n    at Module.load (node:internal/modules/cjs/loader:1232:32)\n    at Module._load (node:internal/modules/cjs/loader:1048:12)\n    at Function.executeUserEntryPoint [as runMain] (node:internal/modules/run_main:187:14)\n    at node:internal/main/run_main_module:28:49 {\n  errno: -4058,\n  code: 'ENOENT',\n  syscall: 'mkdir',\n  path: 'C:\\\\workspace\\\\node-test-binary-windows-js-suites\\\\node\\\\test\\\\.tmp.303\\\\1234567890\\\\1234567890\\\\1234567890\\\\1234567890\\\\1234567890\\\\1234567890\\\\1234567890\\\\1234567890\\\\1234567890\\\\1234567890\\\\1234567890\\\\1234567890\\\\1234567890\\\\1234567890\\\\1234567890\\\\1234567890\\\\1234567890\\\\1234567890\\\\1234567890\\\\1234567890\\\\1234567890\\\\1234567890\\\\1234567890\\\\1234567890\\\\1234567890\\\\1234567890\\\\1234567890\\\\1234567890\\\\1234567890\\\\1234567890'\n}\n\nNode.js v22.0.0-pre"},"time":200.006,"fullname":"parallel/test-fs-symlink-longpath","closingTestPoint":false}},{"testName":"parallel/test-require-long-path","timestamp":1712536551839,"status":"REGRESSION","jobName":"node-test-binary-windows-js-suites","config":"node-test-binary-windows-js-suites » 1,win2016-COMPILED_BY-vs2022-x86 #26992","buildUrl":"https://ci.nodejs.org/job/node-test-binary-windows-js-suites/RUN_SUBSET=1,nodes=win2016-COMPILED_BY-vs2022-x86/26992/","buildNumber":26992,"builtOn":"test-rackspace-win2016_vs2015-x64-2","nodeVersion":"22.0.0","commitHash":"60ff6dcd9b22ca76a4efbde6a098480299c0c2ab","callStack":[{"upstreamBuild":61984,"upstreamProject":"node-test-commit-windows-fanned","upstreamUrl":"job/node-test-commit-windows-fanned/"},{"upstreamBuild":69657,"upstreamProject":"node-test-commit","upstreamUrl":"job/node-test-commit/"},{"upstreamBuild":58141,"upstreamProject":"node-test-pull-request","upstreamUrl":"job/node-test-pull-request/"},{"prId":"52135"}],"tap":{"ok":false,"name":"parallel/test-require-long-path","id":659,"buffered":false,"tapError":null,"skip":false,"todo":false,"previous":null,"plan":null,"diag":{"severity":"fail","exitcode":1,"stack":"node:fs:1360\n  const result = binding.mkdir(\n                         ^\n\nError: ENOENT: no such file or directory, mkdir 'C:\\workspace\\node-test-binary-windows-js-suites\\node\\test\\.tmp.658\\xxxxxxxxxxxxxxxxxxxxxxxxxxxxxxxxxxxxxxxxxxxxxxxxxxxxxxxxxxxxxxxxxxxxxxxxxxxxxxxxxxxxxxxxxxxxxxxxxxxxxxxxxxxxxxxxxxxxxxxxxxxxxxxxxxxxxxxxxxxxxxxxxxxxxxxxxxxxxxxxxxxxxxxxxxxxxxxxxxxxxxxxxxxxxxxxxx'\n    at Object.mkdirSync (node:fs:1360:26)\n    at Object.<anonymous> (C:\\workspace\\node-test-binary-windows-js-suites\\node\\test\\parallel\\test-require-long-path.js:21:4)\n    at Module._compile (node:internal/modules/cjs/loader:1421:14)\n    at Module._extensions..js (node:internal/modules/cjs/loader:1499:10)\n    at Module.load (node:internal/modules/cjs/loader:1232:32)\n    at Module._load (node:internal/modules/cjs/loader:1048:12)\n    at Function.executeUserEntryPoint [as runMain] (node:internal/modules/run_main:187:14)\n    at node:internal/main/run_main_module:28:49 {\n  errno: -4058,\n  code: 'ENOENT',\n  syscall: 'mkdir',\n  path: 'C:\\\\workspace\\\\node-test-binary-windows-js-suites\\\\node\\\\test\\\\.tmp.658\\\\xxxxxxxxxxxxxxxxxxxxxxxxxxxxxxxxxxxxxxxxxxxxxxxxxxxxxxxxxxxxxxxxxxxxxxxxxxxxxxxxxxxxxxxxxxxxxxxxxxxxxxxxxxxxxxxxxxxxxxxxxxxxxxxxxxxxxxxxxxxxxxxxxxxxxxxxxxxxxxxxxxxxxxxxxxxxxxxxxxxxxxxxxxxxxxxxxx'\n}\n\nNode.js v22.0.0-pre"},"time":235.963,"fullname":"parallel/test-require-long-path","closingTestPoint":false}},{"testName":"parallel/test-fs-existssync-false","timestamp":1712536551839,"status":"REGRESSION","jobName":"node-test-binary-windows-js-suites","config":"node-test-binary-windows-js-suites » 1,win2019-COMPILED_BY-vs2022 #26992","buildUrl":"https://ci.nodejs.org/job/node-test-binary-windows-js-suites/RUN_SUBSET=1,nodes=win2019-COMPILED_BY-vs2022/26992/","buildNumber":26992,"builtOn":"test-rackspace-win2019_vs2019-x64-2","nodeVersion":"22.0.0","commitHash":"60ff6dcd9b22ca76a4efbde6a098480299c0c2ab","callStack":[{"upstreamBuild":61984,"upstreamProject":"node-test-commit-windows-fanned","upstreamUrl":"job/node-test-commit-windows-fanned/"},{"upstreamBuild":69657,"upstreamProject":"node-test-commit","upstreamUrl":"job/node-test-commit/"},{"upstreamBuild":58141,"upstreamProject":"node-test-pull-request","upstreamUrl":"job/node-test-pull-request/"},{"prId":"52135"}],"tap":{"ok":false,"name":"parallel/test-fs-existssync-false","id":267,"buffered":false,"tapError":null,"skip":false,"todo":false,"previous":null,"plan":null,"diag":{"severity":"fail","exitcode":1,"stack":"C:\\workspace\\node-test-binary-windows-js-suites\\node\\test\\parallel\\test-fs-existssync-false.js:25\n      throw e;\n      ^\n\nError: ENAMETOOLONG: name too long, mkdir 'C:\\workspace\\node-test-binary-windows-js-suites\\node\\test\\.tmp.268/1234567890/1234567890/1234567890/1234567890/1234567890/1234567890/1234567890/1234567890/1234567890/1234567890/1234567890/1234567890/1234567890/1234567890/1234567890/1234567890/1234567890'\n    at Object.mkdirSync (node:fs:1360:26)\n    at Object.<anonymous> (C:\\workspace\\node-test-binary-windows-js-suites\\node\\test\\parallel\\test-fs-existssync-false.js:22:8)\n    at Module._compile (node:internal/modules/cjs/loader:1421:14)\n    at Module._extensions..js (node:internal/modules/cjs/loader:1499:10)\n    at Module.load (node:internal/modules/cjs/loader:1232:32)\n    at Module._load (node:internal/modules/cjs/loader:1048:12)\n    at Function.executeUserEntryPoint [as runMain] (node:internal/modules/run_main:187:14)\n    at node:internal/main/run_main_module:28:49 {\n  errno: -4064,\n  code: 'ENAMETOOLONG',\n  syscall: 'mkdir',\n  path: 'C:\\\\workspace\\\\node-test-binary-windows-js-suites\\\\node\\\\test\\\\.tmp.268/1234567890/1234567890/1234567890/1234567890/1234567890/1234567890/1234567890/1234567890/1234567890/1234567890/1234567890/1234567890/1234567890/1234567890/1234567890/1234567890/1234567890'\n}\n\nNode.js v22.0.0-pre"},"time":284.016,"fullname":"parallel/test-fs-existssync-false","closingTestPoint":false}},{"testName":"parallel/test-fs-symlink-longpath","timestamp":1712536551839,"status":"REGRESSION","jobName":"node-test-binary-windows-js-suites","config":"node-test-binary-windows-js-suites » 1,win2019-COMPILED_BY-vs2022 #26992","buildUrl":"https://ci.nodejs.org/job/node-test-binary-windows-js-suites/RUN_SUBSET=1,nodes=win2019-COMPILED_BY-vs2022/26992/","buildNumber":26992,"builtOn":"test-rackspace-win2019_vs2019-x64-2","nodeVersion":"22.0.0","commitHash":"60ff6dcd9b22ca76a4efbde6a098480299c0c2ab","callStack":[{"upstreamBuild":61984,"upstreamProject":"node-test-commit-windows-fanned","upstreamUrl":"job/node-test-commit-windows-fanned/"},{"upstreamBuild":69657,"upstreamProject":"node-test-commit","upstreamUrl":"job/node-test-commit/"},{"upstreamBuild":58141,"upstreamProject":"node-test-pull-request","upstreamUrl":"job/node-test-pull-request/"},{"prId":"52135"}],"tap":{"ok":false,"name":"parallel/test-fs-symlink-longpath","id":301,"buffered":false,"tapError":null,"skip":false,"todo":false,"previous":null,"plan":null,"diag":{"severity":"fail","exitcode":1,"stack":"node:fs:1360\n  const result = binding.mkdir(\n                         ^\n\nError: ENOENT: no such file or directory, mkdir 'C:\\workspace\\node-test-binary-windows-js-suites\\node\\test\\.tmp.303\\1234567890\\1234567890\\1234567890\\1234567890\\1234567890\\1234567890\\1234567890\\1234567890\\1234567890\\1234567890\\1234567890\\1234567890\\1234567890\\1234567890\\1234567890\\1234567890\\1234567890\\1234567890\\1234567890\\1234567890\\1234567890\\1234567890\\1234567890\\1234567890\\1234567890\\1234567890\\1234567890\\1234567890\\1234567890\\1234567890'\n    at Object.mkdirSync (node:fs:1360:26)\n    at Object.<anonymous> (C:\\workspace\\node-test-binary-windows-js-suites\\node\\test\\parallel\\test-fs-symlink-longpath.js:12:4)\n    at Module._compile (node:internal/modules/cjs/loader:1421:14)\n    at Module._extensions..js (node:internal/modules/cjs/loader:1499:10)\n    at Module.load (node:internal/modules/cjs/loader:1232:32)\n    at Module._load (node:internal/modules/cjs/loader:1048:12)\n    at Function.executeUserEntryPoint [as runMain] (node:internal/modules/run_main:187:14)\n    at node:internal/main/run_main_module:28:49 {\n  errno: -4058,\n  code: 'ENOENT',\n  syscall: 'mkdir',\n  path: 'C:\\\\workspace\\\\node-test-binary-windows-js-suites\\\\node\\\\test\\\\.tmp.303\\\\1234567890\\\\1234567890\\\\1234567890\\\\1234567890\\\\1234567890\\\\1234567890\\\\1234567890\\\\1234567890\\\\1234567890\\\\1234567890\\\\1234567890\\\\1234567890\\\\1234567890\\\\1234567890\\\\1234567890\\\\1234567890\\\\1234567890\\\\1234567890\\\\1234567890\\\\1234567890\\\\1234567890\\\\1234567890\\\\1234567890\\\\1234567890\\\\1234567890\\\\1234567890\\\\1234567890\\\\1234567890\\\\1234567890\\\\1234567890'\n}\n\nNode.js v22.0.0-pre"},"time":239.998,"fullname":"parallel/test-fs-symlink-longpath","closingTestPoint":false}},{"testName":"parallel/test-require-long-path","timestamp":1712536551839,"status":"REGRESSION","jobName":"node-test-binary-windows-js-suites","config":"node-test-binary-windows-js-suites » 1,win2019-COMPILED_BY-vs2022 #26992","buildUrl":"https://ci.nodejs.org/job/node-test-binary-windows-js-suites/RUN_SUBSET=1,nodes=win2019-COMPILED_BY-vs2022/26992/","buildNumber":26992,"builtOn":"test-rackspace-win2019_vs2019-x64-2","nodeVersion":"22.0.0","commitHash":"60ff6dcd9b22ca76a4efbde6a098480299c0c2ab","callStack":[{"upstreamBuild":61984,"upstreamProject":"node-test-commit-windows-fanned","upstreamUrl":"job/node-test-commit-windows-fanned/"},{"upstreamBuild":69657,"upstreamProject":"node-test-commit","upstreamUrl":"job/node-test-commit/"},{"upstreamBuild":58141,"upstreamProject":"node-test-pull-request","upstreamUrl":"job/node-test-pull-request/"},{"prId":"52135"}],"tap":{"ok":false,"name":"parallel/test-require-long-path","id":658,"buffered":false,"tapError":null,"skip":false,"todo":false,"previous":null,"plan":null,"diag":{"severity":"fail","exitcode":1,"stack":"node:fs:1360\n  const result = binding.mkdir(\n                         ^\n\nError: ENOENT: no such file or directory, mkdir 'C:\\workspace\\node-test-binary-windows-js-suites\\node\\test\\.tmp.658\\xxxxxxxxxxxxxxxxxxxxxxxxxxxxxxxxxxxxxxxxxxxxxxxxxxxxxxxxxxxxxxxxxxxxxxxxxxxxxxxxxxxxxxxxxxxxxxxxxxxxxxxxxxxxxxxxxxxxxxxxxxxxxxxxxxxxxxxxxxxxxxxxxxxxxxxxxxxxxxxxxxxxxxxxxxxxxxxxxxxxxxxxxxxxxxxxxx'\n    at Object.mkdirSync (node:fs:1360:26)\n    at Object.<anonymous> (C:\\workspace\\node-test-binary-windows-js-suites\\node\\test\\parallel\\test-require-long-path.js:21:4)\n    at Module._compile (node:internal/modules/cjs/loader:1421:14)\n    at Module._extensions..js (node:internal/modules/cjs/loader:1499:10)\n    at Module.load (node:internal/modules/cjs/loader:1232:32)\n    at Module._load (node:internal/modules/cjs/loader:1048:12)\n    at Function.executeUserEntryPoint [as runMain] (node:internal/modules/run_main:187:14)\n    at node:internal/main/run_main_module:28:49 {\n  errno: -4058,\n  code: 'ENOENT',\n  syscall: 'mkdir',\n  path: 'C:\\\\workspace\\\\node-test-binary-windows-js-suites\\\\node\\\\test\\\\.tmp.658\\\\xxxxxxxxxxxxxxxxxxxxxxxxxxxxxxxxxxxxxxxxxxxxxxxxxxxxxxxxxxxxxxxxxxxxxxxxxxxxxxxxxxxxxxxxxxxxxxxxxxxxxxxxxxxxxxxxxxxxxxxxxxxxxxxxxxxxxxxxxxxxxxxxxxxxxxxxxxxxxxxxxxxxxxxxxxxxxxxxxxxxxxxxxxxxxxxxxx'\n}\n\nNode.js v22.0.0-pre"},"time":236.969,"fullname":"parallel/test-require-long-path","closingTestPoint":false}},{"testName":"sequential/test-http2-large-file","timestamp":1712536551839,"status":"FAILED","jobName":"node-test-binary-windows-js-suites","config":"node-test-binary-windows-js-suites » 1,win2019-COMPILED_BY-vs2022 #26992","buildUrl":"https://ci.nodejs.org/job/node-test-binary-windows-js-suites/RUN_SUBSET=1,nodes=win2019-COMPILED_BY-vs2022/26992/","buildNumber":26992,"builtOn":"test-rackspace-win2019_vs2019-x64-2","nodeVersion":"22.0.0","commitHash":"60ff6dcd9b22ca76a4efbde6a098480299c0c2ab","callStack":[{"upstreamBuild":61984,"upstreamProject":"node-test-commit-windows-fanned","upstreamUrl":"job/node-test-commit-windows-fanned/"},{"upstreamBuild":69657,"upstreamProject":"node-test-commit","upstreamUrl":"job/node-test-commit/"},{"upstreamBuild":58141,"upstreamProject":"node-test-pull-request","upstreamUrl":"job/node-test-pull-request/"},{"prId":"52135"}],"tap":{"ok":false,"name":"sequential/test-http2-large-file","id":964,"buffered":false,"tapError":null,"skip":false,"todo":": Fix flaky test","previous":null,"plan":null,"diag":{"severity":"fail","exitcode":1,"stack":"timeout"},"time":120192.616,"fullname":"sequential/test-http2-large-file","closingTestPoint":false}},{"testName":"es-module/test-esm-windows","timestamp":1712536551839,"status":"REGRESSION","jobName":"node-test-binary-windows-js-suites","config":"node-test-binary-windows-js-suites » 2,win2016-COMPILED_BY-vs2022-x86 #26992","buildUrl":"https://ci.nodejs.org/job/node-test-binary-windows-js-suites/RUN_SUBSET=2,nodes=win2016-COMPILED_BY-vs2022-x86/26992/","buildNumber":26992,"builtOn":"test-rackspace-win2016_vs2015-x64-1","nodeVersion":"22.0.0","commitHash":"60ff6dcd9b22ca76a4efbde6a098480299c0c2ab","callStack":[{"upstreamBuild":61984,"upstreamProject":"node-test-commit-windows-fanned","upstreamUrl":"job/node-test-commit-windows-fanned/"},{"upstreamBuild":69657,"upstreamProject":"node-test-commit","upstreamUrl":"job/node-test-commit/"},{"upstreamBuild":58141,"upstreamProject":"node-test-pull-request","upstreamUrl":"job/node-test-pull-request/"},{"prId":"52135"}],"tap":{"ok":false,"name":"es-module/test-esm-windows","id":49,"buffered":false,"tapError":null,"skip":false,"todo":false,"previous":null,"plan":null,"diag":{"severity":"fail","exitcode":1,"stack":"node:internal/fs/promises:855\n  return await PromisePrototypeThen(\n         ^\n\nError: EINVAL: invalid argument, mkdir 'C:\\workspace\\node-test-binary-windows-js-suites\\node\\test\\.tmp.54\\node_modules\\con'\n    at async Object.mkdir (node:internal/fs/promises:855:10)\n    at async C:\\workspace\\node-test-binary-windows-js-suites\\node\\test\\es-module\\test-esm-windows.js:36:5 {\n  errno: -4071,\n  code: 'EINVAL',\n  syscall: 'mkdir',\n  path: 'C:\\\\workspace\\\\node-test-binary-windows-js-suites\\\\node\\\\test\\\\.tmp.54\\\\node_modules\\\\con'\n}\n\nNode.js v22.0.0-pre"},"time":452.002,"fullname":"es-module/test-esm-windows","closingTestPoint":false}},{"testName":"parallel/test-permission-fs-traversal-path","timestamp":1712536551839,"status":"REGRESSION","jobName":"node-test-binary-windows-js-suites","config":"node-test-binary-windows-js-suites » 2,win2016-COMPILED_BY-vs2022-x86 #26992","buildUrl":"https://ci.nodejs.org/job/node-test-binary-windows-js-suites/RUN_SUBSET=2,nodes=win2016-COMPILED_BY-vs2022-x86/26992/","buildNumber":26992,"builtOn":"test-rackspace-win2016_vs2015-x64-1","nodeVersion":"22.0.0","commitHash":"60ff6dcd9b22ca76a4efbde6a098480299c0c2ab","callStack":[{"upstreamBuild":61984,"upstreamProject":"node-test-commit-windows-fanned","upstreamUrl":"job/node-test-commit-windows-fanned/"},{"upstreamBuild":69657,"upstreamProject":"node-test-commit","upstreamUrl":"job/node-test-commit/"},{"upstreamBuild":58141,"upstreamProject":"node-test-pull-request","upstreamUrl":"job/node-test-pull-request/"},{"prId":"52135"}],"tap":{"ok":false,"name":"parallel/test-permission-fs-traversal-path","id":594,"buffered":false,"tapError":null,"skip":false,"todo":false,"previous":null,"plan":null,"diag":{"severity":"fail","exitcode":1,"stack":"node:assert:126\n  throw new AssertionError(obj);\n  ^\n\nAssertionError [ERR_ASSERTION]: node:assert:644\n\n      throw err;\n\n      ^\n\n\n\nAssertionError [ERR_ASSERTION]: Expected values to be strictly deep-equal:\n\n+ actual - expected\n\n\n\n  Comparison {\n\n    code: 'ERR_ACCESS_DENIED',\n\n    permission: 'FileSystemRead',\n\n+   resource: '\\\\\\\\?\\\\C:\\\\workspace\\\\node-test-binary-windows-js-suites\\\\node\\\\test\\\\.tmp.590\\\\file.md'\n\n-   resource: 'C:\\\\workspace\\\\node-test-binary-windows-js-suites\\\\node\\\\test\\\\.tmp.590\\\\file.md'\n\n  }\n\n    at Object.<anonymous> (C:\\workspace\\node-test-binary-windows-js-suites\\node\\test\\common\\index.js:725:12)\n\n    at Object.<anonymous> (C:\\workspace\\node-test-binary-windows-js-suites\\node\\test\\common\\index.js:473:15)\n\n    at expectedException (node:assert:733:17)\n\n    at expectsError (node:assert:856:3)\n\n    at Function.throws (node:assert:911:3)\n\n    at Object.<anonymous> (C:\\workspace\\node-test-binary-windows-js-suites\\node\\test\\fixtures\\permission\\fs-traversal.js:79:10)\n\n    at Module._compile (node:internal/modules/cjs/loader:1421:14)\n\n    at Module._extensions..js (node:internal/modules/cjs/loader:1499:10)\n\n    at Module.load (node:internal/modules/cjs/loader:1232:32)\n\n    at Module._load (node:internal/modules/cjs/loader:1048:12) {\n\n  generatedMessage: true,\n\n  code: 'ERR_ASSERTION',\n\n  actual: Error: Access to this API has been restricted\n\n      at Object.readFile (node:fs:388:11)\n\n      at assert.throws.common.expectsError.code (C:\\workspace\\node-test-binary-windows-js-suites\\node\\test\\fixtures\\permission\\fs-traversal.js:80:8)\n\n      at getActual (node:assert:765:5)\n\n      at Function.throws (node:assert:911:24)\n\n      at Object.<anonymous> (C:\\workspace\\node-test-binary-windows-js-suites\\node\\test\\fixtures\\permission\\fs-traversal.js:79:10)\n\n      at Module._compile (node:internal/modules/cjs/loader:1421:14)\n\n      at Module._extensions..js (node:internal/modules/cjs/loader:1499:10)\n\n      at Module.load (node:internal/modules/cjs/loader:1232:32)\n\n      at Module._load (node:internal/modules/cjs/loader:1048:12)\n\n      at Function.executeUserEntryPoint [as runMain] (node:internal/modules/run_main:187:14) {\n\n    code: 'ERR_ACCESS_DENIED',\n\n    permission: 'FileSystemRead',\n\n    resource: '\\\\\\\\?\\\\C:\\\\workspace\\\\node-test-binary-windows-js-suites\\\\node\\\\test\\\\.tmp.590\\\\file.md'\n\n  },\n\n  expected: {\n\n    code: 'ERR_ACCESS_DENIED',\n\n    permission: 'FileSystemRead',\n\n    resource: 'C:\\\\workspace\\\\node-test-binary-windows-js-suites\\\\node\\\\test\\\\.tmp.590\\\\file.md'\n\n  },\n\n  operator: 'throws'\n\n}\n\n\n\nNode.js v22.0.0-pre\n\n\n    at Object.<anonymous> (C:\\workspace\\node-test-binary-windows-js-suites\\node\\test\\parallel\\test-permission-fs-traversal-path.js:46:10)\n    at Module._compile (node:internal/modules/cjs/loader:1421:14)\n    at Module._extensions..js (node:internal/modules/cjs/loader:1499:10)\n    at Module.load (node:internal/modules/cjs/loader:1232:32)\n    at Module._load (node:internal/modules/cjs/loader:1048:12)\n    at Function.executeUserEntryPoint [as runMain] (node:internal/modules/run_main:187:14)\n    at node:internal/main/run_main_module:28:49 {\n  generatedMessage: false,\n  code: 'ERR_ASSERTION',\n  actual: 1,\n  expected: 0,\n  operator: 'strictEqual'\n}\n\nNode.js v22.0.0-pre"},"time":695.998,"fullname":"parallel/test-permission-fs-traversal-path","closingTestPoint":false}},{"testName":"es-module/test-esm-windows","timestamp":1712536551839,"status":"REGRESSION","jobName":"node-test-binary-windows-js-suites","config":"node-test-binary-windows-js-suites » 2,win10-COMPILED_BY-vs2022 #26992","buildUrl":"https://ci.nodejs.org/job/node-test-binary-windows-js-suites/RUN_SUBSET=2,nodes=win10-COMPILED_BY-vs2022/26992/","buildNumber":26992,"builtOn":"test-azure_msft-win10_vs2019-x64-1","nodeVersion":"22.0.0","commitHash":"60ff6dcd9b22ca76a4efbde6a098480299c0c2ab","callStack":[{"upstreamBuild":61984,"upstreamProject":"node-test-commit-windows-fanned","upstreamUrl":"job/node-test-commit-windows-fanned/"},{"upstreamBuild":69657,"upstreamProject":"node-test-commit","upstreamUrl":"job/node-test-commit/"},{"upstreamBuild":58141,"upstreamProject":"node-test-pull-request","upstreamUrl":"job/node-test-pull-request/"},{"prId":"52135"}],"tap":{"ok":false,"name":"es-module/test-esm-windows","id":53,"buffered":false,"tapError":null,"skip":false,"todo":false,"previous":null,"plan":null,"diag":{"severity":"fail","exitcode":1,"stack":"node:internal/fs/promises:855\n  return await PromisePrototypeThen(\n         ^\n\nError: EINVAL: invalid argument, mkdir 'c:\\workspace\\node-test-binary-windows-js-suites\\node\\test\\.tmp.54\\node_modules\\con'\n    at async Object.mkdir (node:internal/fs/promises:855:10)\n    at async c:\\workspace\\node-test-binary-windows-js-suites\\node\\test\\es-module\\test-esm-windows.js:36:5 {\n  errno: -4071,\n  code: 'EINVAL',\n  syscall: 'mkdir',\n  path: 'c:\\\\workspace\\\\node-test-binary-windows-js-suites\\\\node\\\\test\\\\.tmp.54\\\\node_modules\\\\con'\n}\n\nNode.js v22.0.0-pre"},"time":256.005,"fullname":"es-module/test-esm-windows","closingTestPoint":false}},{"testName":"parallel/test-permission-fs-traversal-path","timestamp":1712536551839,"status":"REGRESSION","jobName":"node-test-binary-windows-js-suites","config":"node-test-binary-windows-js-suites » 2,win10-COMPILED_BY-vs2022 #26992","buildUrl":"https://ci.nodejs.org/job/node-test-binary-windows-js-suites/RUN_SUBSET=2,nodes=win10-COMPILED_BY-vs2022/26992/","buildNumber":26992,"builtOn":"test-azure_msft-win10_vs2019-x64-1","nodeVersion":"22.0.0","commitHash":"60ff6dcd9b22ca76a4efbde6a098480299c0c2ab","callStack":[{"upstreamBuild":61984,"upstreamProject":"node-test-commit-windows-fanned","upstreamUrl":"job/node-test-commit-windows-fanned/"},{"upstreamBuild":69657,"upstreamProject":"node-test-commit","upstreamUrl":"job/node-test-commit/"},{"upstreamBuild":58141,"upstreamProject":"node-test-pull-request","upstreamUrl":"job/node-test-pull-request/"},{"prId":"52135"}],"tap":{"ok":false,"name":"parallel/test-permission-fs-traversal-path","id":596,"buffered":false,"tapError":null,"skip":false,"todo":false,"previous":null,"plan":null,"diag":{"severity":"fail","exitcode":1,"stack":"node:assert:126\n  throw new AssertionError(obj);\n  ^\n\nAssertionError [ERR_ASSERTION]: node:assert:644\n\n      throw err;\n\n      ^\n\n\n\nAssertionError [ERR_ASSERTION]: Expected values to be strictly deep-equal:\n\n+ actual - expected\n\n\n\n  Comparison {\n\n    code: 'ERR_ACCESS_DENIED',\n\n    permission: 'FileSystemRead',\n\n+   resource: '\\\\\\\\?\\\\c:\\\\workspace\\\\node-test-binary-windows-js-suites\\\\node\\\\test\\\\.tmp.590\\\\file.md'\n\n-   resource: 'c:\\\\workspace\\\\node-test-binary-windows-js-suites\\\\node\\\\test\\\\.tmp.590\\\\file.md'\n\n  }\n\n    at Object.<anonymous> (c:\\workspace\\node-test-binary-windows-js-suites\\node\\test\\common\\index.js:725:12)\n\n    at Object.<anonymous> (c:\\workspace\\node-test-binary-windows-js-suites\\node\\test\\common\\index.js:473:15)\n\n    at expectedException (node:assert:733:17)\n\n    at expectsError (node:assert:856:3)\n\n    at Function.throws (node:assert:911:3)\n\n    at Object.<anonymous> (c:\\workspace\\node-test-binary-windows-js-suites\\node\\test\\fixtures\\permission\\fs-traversal.js:79:10)\n\n    at Module._compile (node:internal/modules/cjs/loader:1421:14)\n\n    at Module._extensions..js (node:internal/modules/cjs/loader:1499:10)\n\n    at Module.load (node:internal/modules/cjs/loader:1232:32)\n\n    at Module._load (node:internal/modules/cjs/loader:1048:12) {\n\n  generatedMessage: true,\n\n  code: 'ERR_ASSERTION',\n\n  actual: Error: Access to this API has been restricted\n\n      at Object.readFile (node:fs:388:11)\n\n      at assert.throws.common.expectsError.code (c:\\workspace\\node-test-binary-windows-js-suites\\node\\test\\fixtures\\permission\\fs-traversal.js:80:8)\n\n      at getActual (node:assert:765:5)\n\n      at Function.throws (node:assert:911:24)\n\n      at Object.<anonymous> (c:\\workspace\\node-test-binary-windows-js-suites\\node\\test\\fixtures\\permission\\fs-traversal.js:79:10)\n\n      at Module._compile (node:internal/modules/cjs/loader:1421:14)\n\n      at Module._extensions..js (node:internal/modules/cjs/loader:1499:10)\n\n      at Module.load (node:internal/modules/cjs/loader:1232:32)\n\n      at Module._load (node:internal/modules/cjs/loader:1048:12)\n\n      at Function.executeUserEntryPoint [as runMain] (node:internal/modules/run_main:187:14) {\n\n    code: 'ERR_ACCESS_DENIED',\n\n    permission: 'FileSystemRead',\n\n    resource: '\\\\\\\\?\\\\c:\\\\workspace\\\\node-test-binary-windows-js-suites\\\\node\\\\test\\\\.tmp.590\\\\file.md'\n\n  },\n\n  expected: {\n\n    code: 'ERR_ACCESS_DENIED',\n\n    permission: 'FileSystemRead',\n\n    resource: 'c:\\\\workspace\\\\node-test-binary-windows-js-suites\\\\node\\\\test\\\\.tmp.590\\\\file.md'\n\n  },\n\n  operator: 'throws'\n\n}\n\n\n\nNode.js v22.0.0-pre\n\n\n    at Object.<anonymous> (c:\\workspace\\node-test-binary-windows-js-suites\\node\\test\\parallel\\test-permission-fs-traversal-path.js:46:10)\n    at Module._compile (node:internal/modules/cjs/loader:1421:14)\n    at Module._extensions..js (node:internal/modules/cjs/loader:1499:10)\n    at Module.load (node:internal/modules/cjs/loader:1232:32)\n    at Module._load (node:internal/modules/cjs/loader:1048:12)\n    at Function.executeUserEntryPoint [as runMain] (node:internal/modules/run_main:187:14)\n    at node:internal/main/run_main_module:28:49 {\n  generatedMessage: false,\n  code: 'ERR_ASSERTION',\n  actual: 1,\n  expected: 0,\n  operator: 'strictEqual'\n}\n\nNode.js v22.0.0-pre"},"time":1201.01,"fullname":"parallel/test-permission-fs-traversal-path","closingTestPoint":false}},{"testName":"parallel/test-runner-watch-mode","timestamp":1712536551839,"status":"FAILED","jobName":"node-test-binary-windows-js-suites","config":"node-test-binary-windows-js-suites » 1,win11-arm64-COMPILED_BY-vs2022-arm64 #26992","buildUrl":"https://ci.nodejs.org/job/node-test-binary-windows-js-suites/RUN_SUBSET=1,nodes=win11-arm64-COMPILED_BY-vs2022-arm64/26992/","buildNumber":26992,"builtOn":"test-azure_msft-win11_vs2022-arm64-3","nodeVersion":"22.0.0","commitHash":"60ff6dcd9b22ca76a4efbde6a098480299c0c2ab","callStack":[{"upstreamBuild":61984,"upstreamProject":"node-test-commit-windows-fanned","upstreamUrl":"job/node-test-commit-windows-fanned/"},{"upstreamBuild":69657,"upstreamProject":"node-test-commit","upstreamUrl":"job/node-test-commit/"},{"upstreamBuild":58141,"upstreamProject":"node-test-pull-request","upstreamUrl":"job/node-test-pull-request/"},{"prId":"52135"}],"tap":{"ok":false,"name":"parallel/test-runner-watch-mode","id":761,"buffered":false,"tapError":null,"skip":false,"todo":": Fix flaky test","previous":null,"plan":null,"diag":{"severity":"flaky","exitcode":1,"stack":"TAP version 13\n# Subtest: test runner watch mode\n    # Subtest: should run tests repeatedly\n    ok 1 - should run tests repeatedly\n      ---\n      duration_ms: 1953.7097\n      ...\n    # Subtest: should run tests with dependency repeatedly\n    ok 2 - should run tests with dependency repeatedly\n      ---\n      duration_ms: 1951.6572\n      ...\n    # Subtest: should run tests with ESM dependency\n    ok 3 - should run tests with ESM dependency\n      ---\n      duration_ms: 1893.5123\n      ...\n    # Subtest: should support running tests without a file\n    ok 4 - should support running tests without a file\n      ---\n      duration_ms: 1932.5208\n      ...\n    1..4\nok 1 - test runner watch mode\n  ---\n  duration_ms: 7734.202\n  type: 'suite'\n  ...\n1..1\n# tests 4\n# suites 1\n# pass 4\n# fail 0\n# cancelled 0\n# skipped 0\n# todo 0\n# duration_ms 7756.5076\nCan't clean tmpdir: d:\\workspace\\node-test-binary-windows-js-suites\\node\\test\\.tmp.666\nFiles blocking: [ 'dependency.js', 'dependency.mjs', 'test.js' ]\n\nd:\\workspace\\node-test-binary-windows-js-suites\\node\\test\\common\\tmpdir.js:69\n    throw e;\n    ^\n\nError: EBUSY: resource busy or locked, rmdir 'd:\\workspace\\node-test-binary-windows-js-suites\\node\\test\\.tmp.666'\n    at rmdirSync (node:fs:1199:11)\n    at _rmdirSync (node:internal/fs/rimraf:235:5)\n    at rimrafSync (node:internal/fs/rimraf:193:7)\n    at Object.rmSync (node:fs:1245:10)\n    at rmSync (d:\\workspace\\node-test-binary-windows-js-suites\\node\\test\\common\\tmpdir.js:20:8)\n    at onexit (d:\\workspace\\node-test-binary-windows-js-suites\\node\\test\\common\\tmpdir.js:54:5)\n    at process.<anonymous> (d:\\workspace\\node-test-binary-windows-js-suites\\node\\test\\common\\tmpdir.js:43:14)\n    at process.emit (node:events:532:35) {\n  errno: -4082,\n  code: 'EBUSY',\n  syscall: 'rmdir',\n  path: 'd:\\\\workspace\\\\node-test-binary-windows-js-suites\\\\node\\\\test\\\\.tmp.666'\n}\n\nNode.js v22.0.0-pre"},"time":8312.955,"fullname":"parallel/test-runner-watch-mode","closingTestPoint":false}},{"testName":"parallel/test-permission-fs-traversal-path","timestamp":1712536551839,"status":"REGRESSION","jobName":"node-test-binary-windows-js-suites","config":"node-test-binary-windows-js-suites » 3,win11-arm64-COMPILED_BY-vs2022-arm64 #26992","buildUrl":"https://ci.nodejs.org/job/node-test-binary-windows-js-suites/RUN_SUBSET=3,nodes=win11-arm64-COMPILED_BY-vs2022-arm64/26992/","buildNumber":26992,"builtOn":"test-azure_msft-win11_vs2022-arm64-4","nodeVersion":"22.0.0","commitHash":"60ff6dcd9b22ca76a4efbde6a098480299c0c2ab","callStack":[{"upstreamBuild":61984,"upstreamProject":"node-test-commit-windows-fanned","upstreamUrl":"job/node-test-commit-windows-fanned/"},{"upstreamBuild":69657,"upstreamProject":"node-test-commit","upstreamUrl":"job/node-test-commit/"},{"upstreamBuild":58141,"upstreamProject":"node-test-pull-request","upstreamUrl":"job/node-test-pull-request/"},{"prId":"52135"}],"tap":{"ok":false,"name":"parallel/test-permission-fs-traversal-path","id":594,"buffered":false,"tapError":null,"skip":false,"todo":false,"previous":null,"plan":null,"diag":{"severity":"fail","exitcode":1,"stack":"node:assert:126\n  throw new AssertionError(obj);\n  ^\n\nAssertionError [ERR_ASSERTION]: node:assert:644\n\n      throw err;\n\n      ^\n\n\n\nAssertionError [ERR_ASSERTION]: Expected values to be strictly deep-equal:\n\n+ actual - expected\n\n\n\n  Comparison {\n\n    code: 'ERR_ACCESS_DENIED',\n\n    permission: 'FileSystemRead',\n\n+   resource: '\\\\\\\\?\\\\d:\\\\workspace\\\\node-test-binary-windows-js-suites\\\\node\\\\test\\\\.tmp.589\\\\file.md'\n\n-   resource: 'd:\\\\workspace\\\\node-test-binary-windows-js-suites\\\\node\\\\test\\\\.tmp.589\\\\file.md'\n\n  }\n\n    at Object.<anonymous> (d:\\workspace\\node-test-binary-windows-js-suites\\node\\test\\common\\index.js:725:12)\n\n    at Object.<anonymous> (d:\\workspace\\node-test-binary-windows-js-suites\\node\\test\\common\\index.js:473:15)\n\n    at expectedException (node:assert:733:17)\n\n    at expectsError (node:assert:856:3)\n\n    at Function.throws (node:assert:911:3)\n\n    at Object.<anonymous> (d:\\workspace\\node-test-binary-windows-js-suites\\node\\test\\fixtures\\permission\\fs-traversal.js:79:10)\n\n    at Module._compile (node:internal/modules/cjs/loader:1421:14)\n\n    at Module._extensions..js (node:internal/modules/cjs/loader:1499:10)\n\n    at Module.load (node:internal/modules/cjs/loader:1232:32)\n\n    at Module._load (node:internal/modules/cjs/loader:1048:12) {\n\n  generatedMessage: true,\n\n  code: 'ERR_ASSERTION',\n\n  actual: Error: Access to this API has been restricted\n\n      at Object.readFile (node:fs:388:11)\n\n      at assert.throws.common.expectsError.code (d:\\workspace\\node-test-binary-windows-js-suites\\node\\test\\fixtures\\permission\\fs-traversal.js:80:8)\n\n      at getActual (node:assert:765:5)\n\n      at Function.throws (node:assert:911:24)\n\n      at Object.<anonymous> (d:\\workspace\\node-test-binary-windows-js-suites\\node\\test\\fixtures\\permission\\fs-traversal.js:79:10)\n\n      at Module._compile (node:internal/modules/cjs/loader:1421:14)\n\n      at Module._extensions..js (node:internal/modules/cjs/loader:1499:10)\n\n      at Module.load (node:internal/modules/cjs/loader:1232:32)\n\n      at Module._load (node:internal/modules/cjs/loader:1048:12)\n\n      at Function.executeUserEntryPoint [as runMain] (node:internal/modules/run_main:187:14) {\n\n    code: 'ERR_ACCESS_DENIED',\n\n    permission: 'FileSystemRead',\n\n    resource: '\\\\\\\\?\\\\d:\\\\workspace\\\\node-test-binary-windows-js-suites\\\\node\\\\test\\\\.tmp.589\\\\file.md'\n\n  },\n\n  expected: {\n\n    code: 'ERR_ACCESS_DENIED',\n\n    permission: 'FileSystemRead',\n\n    resource: 'd:\\\\workspace\\\\node-test-binary-windows-js-suites\\\\node\\\\test\\\\.tmp.589\\\\file.md'\n\n  },\n\n  operator: 'throws'\n\n}\n\n\n\nNode.js v22.0.0-pre\n\n\n    at Object.<anonymous> (d:\\workspace\\node-test-binary-windows-js-suites\\node\\test\\parallel\\test-permission-fs-traversal-path.js:46:10)\n    at Module._compile (node:internal/modules/cjs/loader:1421:14)\n    at Module._extensions..js (node:internal/modules/cjs/loader:1499:10)\n    at Module.load (node:internal/modules/cjs/loader:1232:32)\n    at Module._load (node:internal/modules/cjs/loader:1048:12)\n    at Function.executeUserEntryPoint [as runMain] (node:internal/modules/run_main:187:14)\n    at node:internal/main/run_main_module:28:49 {\n  generatedMessage: false,\n  code: 'ERR_ASSERTION',\n  actual: 1,\n  expected: 0,\n  operator: 'strictEqual'\n}\n\nNode.js v22.0.0-pre"},"time":731.005,"fullname":"parallel/test-permission-fs-traversal-path","closingTestPoint":false}},{"testName":"es-module/test-esm-windows","timestamp":1712536551839,"status":"REGRESSION","jobName":"node-test-binary-windows-js-suites","config":"node-test-binary-windows-js-suites » 2,win2022-COMPILED_BY-vs2022 #26992","buildUrl":"https://ci.nodejs.org/job/node-test-binary-windows-js-suites/RUN_SUBSET=2,nodes=win2022-COMPILED_BY-vs2022/26992/","buildNumber":26992,"builtOn":"test-rackspace-win2022_vs2022-x64-6","nodeVersion":"22.0.0","commitHash":"60ff6dcd9b22ca76a4efbde6a098480299c0c2ab","callStack":[{"upstreamBuild":61984,"upstreamProject":"node-test-commit-windows-fanned","upstreamUrl":"job/node-test-commit-windows-fanned/"},{"upstreamBuild":69657,"upstreamProject":"node-test-commit","upstreamUrl":"job/node-test-commit/"},{"upstreamBuild":58141,"upstreamProject":"node-test-pull-request","upstreamUrl":"job/node-test-pull-request/"},{"prId":"52135"}],"tap":{"ok":false,"name":"es-module/test-esm-windows","id":51,"buffered":false,"tapError":null,"skip":false,"todo":false,"previous":null,"plan":null,"diag":{"severity":"fail","exitcode":1,"stack":"node:internal/fs/promises:855\n  return await PromisePrototypeThen(\n         ^\n\nError: EINVAL: invalid argument, mkdir 'C:\\workspace\\node-test-binary-windows-js-suites\\node\\test\\.tmp.53\\node_modules\\con'\n    at async Object.mkdir (node:internal/fs/promises:855:10)\n    at async C:\\workspace\\node-test-binary-windows-js-suites\\node\\test\\es-module\\test-esm-windows.js:36:5 {\n  errno: -4071,\n  code: 'EINVAL',\n  syscall: 'mkdir',\n  path: 'C:\\\\workspace\\\\node-test-binary-windows-js-suites\\\\node\\\\test\\\\.tmp.53\\\\node_modules\\\\con'\n}\n\nNode.js v22.0.0-pre"},"time":535.003,"fullname":"es-module/test-esm-windows","closingTestPoint":false}},{"testName":"parallel/test-permission-fs-traversal-path","timestamp":1712536551839,"status":"REGRESSION","jobName":"node-test-binary-windows-js-suites","config":"node-test-binary-windows-js-suites » 2,win2022-COMPILED_BY-vs2022 #26992","buildUrl":"https://ci.nodejs.org/job/node-test-binary-windows-js-suites/RUN_SUBSET=2,nodes=win2022-COMPILED_BY-vs2022/26992/","buildNumber":26992,"builtOn":"test-rackspace-win2022_vs2022-x64-6","nodeVersion":"22.0.0","commitHash":"60ff6dcd9b22ca76a4efbde6a098480299c0c2ab","callStack":[{"upstreamBuild":61984,"upstreamProject":"node-test-commit-windows-fanned","upstreamUrl":"job/node-test-commit-windows-fanned/"},{"upstreamBuild":69657,"upstreamProject":"node-test-commit","upstreamUrl":"job/node-test-commit/"},{"upstreamBuild":58141,"upstreamProject":"node-test-pull-request","upstreamUrl":"job/node-test-pull-request/"},{"prId":"52135"}],"tap":{"ok":false,"name":"parallel/test-permission-fs-traversal-path","id":595,"buffered":false,"tapError":null,"skip":false,"todo":false,"previous":null,"plan":null,"diag":{"severity":"fail","exitcode":1,"stack":"node:assert:126\n  throw new AssertionError(obj);\n  ^\n\nAssertionError [ERR_ASSERTION]: node:assert:644\n\n      throw err;\n\n      ^\n\n\n\nAssertionError [ERR_ASSERTION]: Expected values to be strictly deep-equal:\n\n+ actual - expected\n\n\n\n  Comparison {\n\n    code: 'ERR_ACCESS_DENIED',\n\n    permission: 'FileSystemRead',\n\n+   resource: '\\\\\\\\?\\\\C:\\\\workspace\\\\node-test-binary-windows-js-suites\\\\node\\\\test\\\\.tmp.590\\\\file.md'\n\n-   resource: 'C:\\\\workspace\\\\node-test-binary-windows-js-suites\\\\node\\\\test\\\\.tmp.590\\\\file.md'\n\n  }\n\n    at Object.<anonymous> (C:\\workspace\\node-test-binary-windows-js-suites\\node\\test\\common\\index.js:725:12)\n\n    at Object.<anonymous> (C:\\workspace\\node-test-binary-windows-js-suites\\node\\test\\common\\index.js:473:15)\n\n    at expectedException (node:assert:733:17)\n\n    at expectsError (node:assert:856:3)\n\n    at Function.throws (node:assert:911:3)\n\n    at Object.<anonymous> (C:\\workspace\\node-test-binary-windows-js-suites\\node\\test\\fixtures\\permission\\fs-traversal.js:79:10)\n\n    at Module._compile (node:internal/modules/cjs/loader:1421:14)\n\n    at Module._extensions..js (node:internal/modules/cjs/loader:1499:10)\n\n    at Module.load (node:internal/modules/cjs/loader:1232:32)\n\n    at Module._load (node:internal/modules/cjs/loader:1048:12) {\n\n  generatedMessage: true,\n\n  code: 'ERR_ASSERTION',\n\n  actual: Error: Access to this API has been restricted\n\n      at Object.readFile (node:fs:388:11)\n\n      at assert.throws.common.expectsError.code (C:\\workspace\\node-test-binary-windows-js-suites\\node\\test\\fixtures\\permission\\fs-traversal.js:80:8)\n\n      at getActual (node:assert:765:5)\n\n      at Function.throws (node:assert:911:24)\n\n      at Object.<anonymous> (C:\\workspace\\node-test-binary-windows-js-suites\\node\\test\\fixtures\\permission\\fs-traversal.js:79:10)\n\n      at Module._compile (node:internal/modules/cjs/loader:1421:14)\n\n      at Module._extensions..js (node:internal/modules/cjs/loader:1499:10)\n\n      at Module.load (node:internal/modules/cjs/loader:1232:32)\n\n      at Module._load (node:internal/modules/cjs/loader:1048:12)\n\n      at Function.executeUserEntryPoint [as runMain] (node:internal/modules/run_main:187:14) {\n\n    code: 'ERR_ACCESS_DENIED',\n\n    permission: 'FileSystemRead',\n\n    resource: '\\\\\\\\?\\\\C:\\\\workspace\\\\node-test-binary-windows-js-suites\\\\node\\\\test\\\\.tmp.590\\\\file.md'\n\n  },\n\n  expected: {\n\n    code: 'ERR_ACCESS_DENIED',\n\n    permission: 'FileSystemRead',\n\n    resource: 'C:\\\\workspace\\\\node-test-binary-windows-js-suites\\\\node\\\\test\\\\.tmp.590\\\\file.md'\n\n  },\n\n  operator: 'throws'\n\n}\n\n\n\nNode.js v22.0.0-pre\n\n\n    at Object.<anonymous> (C:\\workspace\\node-test-binary-windows-js-suites\\node\\test\\parallel\\test-permission-fs-traversal-path.js:46:10)\n    at Module._compile (node:internal/modules/cjs/loader:1421:14)\n    at Module._extensions..js (node:internal/modules/cjs/loader:1499:10)\n    at Module.load (node:internal/modules/cjs/loader:1232:32)\n    at Module._load (node:internal/modules/cjs/loader:1048:12)\n    at Function.executeUserEntryPoint [as runMain] (node:internal/modules/run_main:187:14)\n    at node:internal/main/run_main_module:28:49 {\n  generatedMessage: false,\n  code: 'ERR_ASSERTION',\n  actual: 1,\n  expected: 0,\n  operator: 'strictEqual'\n}\n\nNode.js v22.0.0-pre"},"time":689.008,"fullname":"parallel/test-permission-fs-traversal-path","closingTestPoint":false}},{"testName":"parallel/test-fs-existssync-false","timestamp":1712536551839,"status":"REGRESSION","jobName":"node-test-binary-windows-js-suites","config":"node-test-binary-windows-js-suites » 2,win11-arm64-COMPILED_BY-vs2022-arm64 #26992","buildUrl":"https://ci.nodejs.org/job/node-test-binary-windows-js-suites/RUN_SUBSET=2,nodes=win11-arm64-COMPILED_BY-vs2022-arm64/26992/","buildNumber":26992,"builtOn":"test-azure_msft-win11_vs2022-arm64-5","nodeVersion":"22.0.0","commitHash":"60ff6dcd9b22ca76a4efbde6a098480299c0c2ab","callStack":[{"upstreamBuild":61984,"upstreamProject":"node-test-commit-windows-fanned","upstreamUrl":"job/node-test-commit-windows-fanned/"},{"upstreamBuild":69657,"upstreamProject":"node-test-commit","upstreamUrl":"job/node-test-commit/"},{"upstreamBuild":58141,"upstreamProject":"node-test-pull-request","upstreamUrl":"job/node-test-pull-request/"},{"prId":"52135"}],"tap":{"ok":false,"name":"parallel/test-fs-existssync-false","id":266,"buffered":false,"tapError":null,"skip":false,"todo":false,"previous":null,"plan":null,"diag":{"severity":"fail","exitcode":1,"stack":"d:\\workspace\\node-test-binary-windows-js-suites\\node\\test\\parallel\\test-fs-existssync-false.js:25\n      throw e;\n      ^\n\nError: ENAMETOOLONG: name too long, mkdir 'd:\\workspace\\node-test-binary-windows-js-suites\\node\\test\\.tmp.268/1234567890/1234567890/1234567890/1234567890/1234567890/1234567890/1234567890/1234567890/1234567890/1234567890/1234567890/1234567890/1234567890/1234567890/1234567890/1234567890/1234567890'\n    at Object.mkdirSync (node:fs:1360:26)\n    at Object.<anonymous> (d:\\workspace\\node-test-binary-windows-js-suites\\node\\test\\parallel\\test-fs-existssync-false.js:22:8)\n    at Module._compile (node:internal/modules/cjs/loader:1421:14)\n    at Module._extensions..js (node:internal/modules/cjs/loader:1499:10)\n    at Module.load (node:internal/modules/cjs/loader:1232:32)\n    at Module._load (node:internal/modules/cjs/loader:1048:12)\n    at Function.executeUserEntryPoint [as runMain] (node:internal/modules/run_main:187:14)\n    at node:internal/main/run_main_module:28:49 {\n  errno: -4064,\n  code: 'ENAMETOOLONG',\n  syscall: 'mkdir',\n  path: 'd:\\\\workspace\\\\node-test-binary-windows-js-suites\\\\node\\\\test\\\\.tmp.268/1234567890/1234567890/1234567890/1234567890/1234567890/1234567890/1234567890/1234567890/1234567890/1234567890/1234567890/1234567890/1234567890/1234567890/1234567890/1234567890/1234567890'\n}\n\nNode.js v22.0.0-pre"},"time":287.995,"fullname":"parallel/test-fs-existssync-false","closingTestPoint":false}},{"testName":"parallel/test-fs-symlink-longpath","timestamp":1712536551839,"status":"REGRESSION","jobName":"node-test-binary-windows-js-suites","config":"node-test-binary-windows-js-suites » 2,win11-arm64-COMPILED_BY-vs2022-arm64 #26992","buildUrl":"https://ci.nodejs.org/job/node-test-binary-windows-js-suites/RUN_SUBSET=2,nodes=win11-arm64-COMPILED_BY-vs2022-arm64/26992/","buildNumber":26992,"builtOn":"test-azure_msft-win11_vs2022-arm64-5","nodeVersion":"22.0.0","commitHash":"60ff6dcd9b22ca76a4efbde6a098480299c0c2ab","callStack":[{"upstreamBuild":61984,"upstreamProject":"node-test-commit-windows-fanned","upstreamUrl":"job/node-test-commit-windows-fanned/"},{"upstreamBuild":69657,"upstreamProject":"node-test-commit","upstreamUrl":"job/node-test-commit/"},{"upstreamBuild":58141,"upstreamProject":"node-test-pull-request","upstreamUrl":"job/node-test-pull-request/"},{"prId":"52135"}],"tap":{"ok":false,"name":"parallel/test-fs-symlink-longpath","id":302,"buffered":false,"tapError":null,"skip":false,"todo":false,"previous":null,"plan":null,"diag":{"severity":"fail","exitcode":1,"stack":"node:fs:1360\n  const result = binding.mkdir(\n                         ^\n\nError: ENOENT: no such file or directory, mkdir 'd:\\workspace\\node-test-binary-windows-js-suites\\node\\test\\.tmp.303\\1234567890\\1234567890\\1234567890\\1234567890\\1234567890\\1234567890\\1234567890\\1234567890\\1234567890\\1234567890\\1234567890\\1234567890\\1234567890\\1234567890\\1234567890\\1234567890\\1234567890\\1234567890\\1234567890\\1234567890\\1234567890\\1234567890\\1234567890\\1234567890\\1234567890\\1234567890\\1234567890\\1234567890\\1234567890\\1234567890'\n    at Object.mkdirSync (node:fs:1360:26)\n    at Object.<anonymous> (d:\\workspace\\node-test-binary-windows-js-suites\\node\\test\\parallel\\test-fs-symlink-longpath.js:12:4)\n    at Module._compile (node:internal/modules/cjs/loader:1421:14)\n    at Module._extensions..js (node:internal/modules/cjs/loader:1499:10)\n    at Module.load (node:internal/modules/cjs/loader:1232:32)\n    at Module._load (node:internal/modules/cjs/loader:1048:12)\n    at Function.executeUserEntryPoint [as runMain] (node:internal/modules/run_main:187:14)\n    at node:internal/main/run_main_module:28:49 {\n  errno: -4058,\n  code: 'ENOENT',\n  syscall: 'mkdir',\n  path: 'd:\\\\workspace\\\\node-test-binary-windows-js-suites\\\\node\\\\test\\\\.tmp.303\\\\1234567890\\\\1234567890\\\\1234567890\\\\1234567890\\\\1234567890\\\\1234567890\\\\1234567890\\\\1234567890\\\\1234567890\\\\1234567890\\\\1234567890\\\\1234567890\\\\1234567890\\\\1234567890\\\\1234567890\\\\1234567890\\\\1234567890\\\\1234567890\\\\1234567890\\\\1234567890\\\\1234567890\\\\1234567890\\\\1234567890\\\\1234567890\\\\1234567890\\\\1234567890\\\\1234567890\\\\1234567890\\\\1234567890\\\\1234567890'\n}\n\nNode.js v22.0.0-pre"},"time":264.005,"fullname":"parallel/test-fs-symlink-longpath","closingTestPoint":false}},{"testName":"parallel/test-require-long-path","timestamp":1712536551839,"status":"REGRESSION","jobName":"node-test-binary-windows-js-suites","config":"node-test-binary-windows-js-suites » 2,win11-arm64-COMPILED_BY-vs2022-arm64 #26992","buildUrl":"https://ci.nodejs.org/job/node-test-binary-windows-js-suites/RUN_SUBSET=2,nodes=win11-arm64-COMPILED_BY-vs2022-arm64/26992/","buildNumber":26992,"builtOn":"test-azure_msft-win11_vs2022-arm64-5","nodeVersion":"22.0.0","commitHash":"60ff6dcd9b22ca76a4efbde6a098480299c0c2ab","callStack":[{"upstreamBuild":61984,"upstreamProject":"node-test-commit-windows-fanned","upstreamUrl":"job/node-test-commit-windows-fanned/"},{"upstreamBuild":69657,"upstreamProject":"node-test-commit","upstreamUrl":"job/node-test-commit/"},{"upstreamBuild":58141,"upstreamProject":"node-test-pull-request","upstreamUrl":"job/node-test-pull-request/"},{"prId":"52135"}],"tap":{"ok":false,"name":"parallel/test-require-long-path","id":658,"buffered":false,"tapError":null,"skip":false,"todo":false,"previous":null,"plan":null,"diag":{"severity":"fail","exitcode":1,"stack":"node:fs:1360\n  const result = binding.mkdir(\n                         ^\n\nError: ENOENT: no such file or directory, mkdir 'd:\\workspace\\node-test-binary-windows-js-suites\\node\\test\\.tmp.658\\xxxxxxxxxxxxxxxxxxxxxxxxxxxxxxxxxxxxxxxxxxxxxxxxxxxxxxxxxxxxxxxxxxxxxxxxxxxxxxxxxxxxxxxxxxxxxxxxxxxxxxxxxxxxxxxxxxxxxxxxxxxxxxxxxxxxxxxxxxxxxxxxxxxxxxxxxxxxxxxxxxxxxxxxxxxxxxxxxxxxxxxxxxxxxxxxxx'\n    at Object.mkdirSync (node:fs:1360:26)\n    at Object.<anonymous> (d:\\workspace\\node-test-binary-windows-js-suites\\node\\test\\parallel\\test-require-long-path.js:21:4)\n    at Module._compile (node:internal/modules/cjs/loader:1421:14)\n    at Module._extensions..js (node:internal/modules/cjs/loader:1499:10)\n    at Module.load (node:internal/modules/cjs/loader:1232:32)\n    at Module._load (node:internal/modules/cjs/loader:1048:12)\n    at Function.executeUserEntryPoint [as runMain] (node:internal/modules/run_main:187:14)\n    at node:internal/main/run_main_module:28:49 {\n  errno: -4058,\n  code: 'ENOENT',\n  syscall: 'mkdir',\n  path: 'd:\\\\workspace\\\\node-test-binary-windows-js-suites\\\\node\\\\test\\\\.tmp.658\\\\xxxxxxxxxxxxxxxxxxxxxxxxxxxxxxxxxxxxxxxxxxxxxxxxxxxxxxxxxxxxxxxxxxxxxxxxxxxxxxxxxxxxxxxxxxxxxxxxxxxxxxxxxxxxxxxxxxxxxxxxxxxxxxxxxxxxxxxxxxxxxxxxxxxxxxxxxxxxxxxxxxxxxxxxxxxxxxxxxxxxxxxxxxxxxxxxxx'\n}\n\nNode.js v22.0.0-pre"},"time":291.001,"fullname":"parallel/test-require-long-path","closingTestPoint":false}},{"testName":"wasi/test-wasi-poll","timestamp":1712536551839,"status":"FAILED","jobName":"node-test-binary-windows-js-suites","config":"node-test-binary-windows-js-suites » 2,win11-arm64-COMPILED_BY-vs2022-arm64 #26992","buildUrl":"https://ci.nodejs.org/job/node-test-binary-windows-js-suites/RUN_SUBSET=2,nodes=win11-arm64-COMPILED_BY-vs2022-arm64/26992/","buildNumber":26992,"builtOn":"test-azure_msft-win11_vs2022-arm64-5","nodeVersion":"22.0.0","commitHash":"60ff6dcd9b22ca76a4efbde6a098480299c0c2ab","callStack":[{"upstreamBuild":61984,"upstreamProject":"node-test-commit-windows-fanned","upstreamUrl":"job/node-test-commit-windows-fanned/"},{"upstreamBuild":69657,"upstreamProject":"node-test-commit","upstreamUrl":"job/node-test-commit/"},{"upstreamBuild":58141,"upstreamProject":"node-test-pull-request","upstreamUrl":"job/node-test-pull-request/"},{"prId":"52135"}],"tap":{"ok":false,"name":"wasi/test-wasi-poll","id":923,"buffered":false,"tapError":null,"skip":false,"todo":": Fix flaky test","previous":null,"plan":null,"diag":{"severity":"flaky","exitcode":1,"stack":"Testing with --turbo-fast-api-calls: poll\n[process 2020]: --- stderr ---\n(node:2020) ExperimentalWarning: WASI is an experimental feature and might change at any time\n(Use `node --trace-warnings ...` to show where the warning was created)\n\n[process 2020]: --- stdout ---\n\n[process 2020]: status = 3221225477, signal = null\nd:\\workspace\\node-test-binary-windows-js-suites\\node\\test\\common\\child_process.js:86\n    throw new Error(`${failures.join('\\n')}`);\n    ^\n\nError: - process terminated with status 3221225477, expected 0\n    at logAndThrow (d:\\workspace\\node-test-binary-windows-js-suites\\node\\test\\common\\child_process.js:86:11)\n    at expectSyncExit (d:\\workspace\\node-test-binary-windows-js-suites\\node\\test\\common\\child_process.js:91:5)\n    at spawnSyncAndAssert (d:\\workspace\\node-test-binary-windows-js-suites\\node\\test\\common\\child_process.js:131:10)\n    at testWasiPreview1 (d:\\workspace\\node-test-binary-windows-js-suites\\node\\test\\common\\wasi.js:18:3)\n    at Object.<anonymous> (d:\\workspace\\node-test-binary-windows-js-suites\\node\\test\\wasi\\test-wasi-poll.js:5:1)\n    at Module._compile (node:internal/modules/cjs/loader:1421:14)\n    at Module._extensions..js (node:internal/modules/cjs/loader:1499:10)\n    at Module.load (node:internal/modules/cjs/loader:1232:32)\n    at Module._load (node:internal/modules/cjs/loader:1048:12)\n    at Function.executeUserEntryPoint [as runMain] (node:internal/modules/run_main:187:14)\n\nNode.js v22.0.0-pre"},"time":521.998,"fullname":"wasi/test-wasi-poll","closingTestPoint":false}}]}