{"failedTests":[{"testName":"sequential/test-http2-large-file","timestamp":1712779812598,"status":"FAILED","jobName":"node-test-binary-windows-js-suites","config":"node-test-binary-windows-js-suites » 3,win2019-COMPILED_BY-vs2022 #27030","buildUrl":"https://ci.nodejs.org/job/node-test-binary-windows-js-suites/RUN_SUBSET=3,nodes=win2019-COMPILED_BY-vs2022/27030/","buildNumber":27030,"builtOn":"test-rackspace-win2019_vs2019-x64-3","nodeVersion":"22.0.0","commitHash":"66345c02439f46e157a728fdf18a472011029444","callStack":[{"upstreamBuild":62035,"upstreamProject":"node-test-commit-windows-fanned","upstreamUrl":"job/node-test-commit-windows-fanned/"},{"upstreamBuild":69708,"upstreamProject":"node-test-commit","upstreamUrl":"job/node-test-commit/"},{"upstreamBuild":58242,"upstreamProject":"node-test-pull-request","upstreamUrl":"job/node-test-pull-request/"},{"prId":"52372"}],"tap":{"ok":false,"name":"sequential/test-http2-large-file","id":966,"buffered":false,"tapError":null,"skip":false,"todo":": Fix flaky test","previous":null,"plan":null,"diag":{"severity":"fail","exitcode":1,"stack":"timeout"},"time":120211.007,"fullname":"sequential/test-http2-large-file","closingTestPoint":false}},{"testName":"sequential/test-http2-large-file","timestamp":1712779812598,"status":"FAILED","jobName":"node-test-binary-windows-js-suites","config":"node-test-binary-windows-js-suites » 3,win11-COMPILED_BY-vs2022 #27030","buildUrl":"https://ci.nodejs.org/job/node-test-binary-windows-js-suites/RUN_SUBSET=3,nodes=win11-COMPILED_BY-vs2022/27030/","buildNumber":27030,"builtOn":"test-azure_msft-win11_vs2022-x64-3","nodeVersion":"22.0.0","commitHash":"66345c02439f46e157a728fdf18a472011029444","callStack":[{"upstreamBuild":62035,"upstreamProject":"node-test-commit-windows-fanned","upstreamUrl":"job/node-test-commit-windows-fanned/"},{"upstreamBuild":69708,"upstreamProject":"node-test-commit","upstreamUrl":"job/node-test-commit/"},{"upstreamBuild":58242,"upstreamProject":"node-test-pull-request","upstreamUrl":"job/node-test-pull-request/"},{"prId":"52372"}],"tap":{"ok":false,"name":"sequential/test-http2-large-file","id":966,"buffered":false,"tapError":null,"skip":false,"todo":": Fix flaky test","previous":null,"plan":null,"diag":{"severity":"fail","exitcode":1,"stack":"timeout"},"time":120230.859,"fullname":"sequential/test-http2-large-file","closingTestPoint":false}},{"testName":"wasi/test-wasi-poll","timestamp":1712779812598,"status":"FAILED","jobName":"node-test-binary-windows-js-suites","config":"node-test-binary-windows-js-suites » 0,win11-arm64-COMPILED_BY-vs2022-arm64 #27030","buildUrl":"https://ci.nodejs.org/job/node-test-binary-windows-js-suites/RUN_SUBSET=0,nodes=win11-arm64-COMPILED_BY-vs2022-arm64/27030/","buildNumber":27030,"builtOn":"test-azure_msft-win11_vs2022-arm64-5","nodeVersion":"22.0.0","commitHash":"66345c02439f46e157a728fdf18a472011029444","callStack":[{"upstreamBuild":62035,"upstreamProject":"node-test-commit-windows-fanned","upstreamUrl":"job/node-test-commit-windows-fanned/"},{"upstreamBuild":69708,"upstreamProject":"node-test-commit","upstreamUrl":"job/node-test-commit/"},{"upstreamBuild":58242,"upstreamProject":"node-test-pull-request","upstreamUrl":"job/node-test-pull-request/"},{"prId":"52372"}],"tap":{"ok":false,"name":"wasi/test-wasi-poll","id":926,"buffered":false,"tapError":null,"skip":false,"todo":": Fix flaky test","previous":null,"plan":null,"diag":{"severity":"flaky","exitcode":1,"stack":"Testing with --turbo-fast-api-calls: poll\n[process 10140]: --- stderr ---\n(node:10140) ExperimentalWarning: WASI is an experimental feature and might change at any time\n(Use `node --trace-warnings ...` to show where the warning was created)\n\n[process 10140]: --- stdout ---\n\n[process 10140]: status = 3221225477, signal = null\nd:\\workspace\\node-test-binary-windows-js-suites\\node\\test\\common\\child_process.js:86\n    throw new Error(`${failures.join('\\n')}`);\n    ^\n\nError: - process terminated with status 3221225477, expected 0\n    at logAndThrow (d:\\workspace\\node-test-binary-windows-js-suites\\node\\test\\common\\child_process.js:86:11)\n    at expectSyncExit (d:\\workspace\\node-test-binary-windows-js-suites\\node\\test\\common\\child_process.js:91:5)\n    at spawnSyncAndAssert (d:\\workspace\\node-test-binary-windows-js-suites\\node\\test\\common\\child_process.js:131:10)\n    at testWasiPreview1 (d:\\workspace\\node-test-binary-windows-js-suites\\node\\test\\common\\wasi.js:18:3)\n    at Object.<anonymous> (d:\\workspace\\node-test-binary-windows-js-suites\\node\\test\\wasi\\test-wasi-poll.js:5:1)\n    at Module._compile (node:internal/modules/cjs/loader:1455:14)\n    at Module._extensions..js (node:internal/modules/cjs/loader:1534:10)\n    at Module.load (node:internal/modules/cjs/loader:1265:32)\n    at Module._load (node:internal/modules/cjs/loader:1081:12)\n    at Function.executeUserEntryPoint [as runMain] (node:internal/modules/run_main:187:14)\n\nNode.js v22.0.0-pre"},"time":586.993,"fullname":"wasi/test-wasi-poll","closingTestPoint":false}}]}