{"failedTests":[{"testName":"parallel/test-fs-watch-recursive-delete","timestamp":1712843216830,"status":"FAILED","jobName":"node-test-binary-windows-js-suites","config":"node-test-binary-windows-js-suites » 3,win11-COMPILED_BY-vs2022 #27067","buildUrl":"https://ci.nodejs.org/job/node-test-binary-windows-js-suites/RUN_SUBSET=3,nodes=win11-COMPILED_BY-vs2022/27067/","buildNumber":27067,"builtOn":"test-azure_msft-win11_vs2022-x64-3","nodeVersion":"22.0.0","commitHash":"805e8b0c8e94d69eb4d22c2853f06a2d7088a069","callStack":[{"upstreamBuild":62075,"upstreamProject":"node-test-commit-windows-fanned","upstreamUrl":"job/node-test-commit-windows-fanned/"},{"upstreamBuild":69747,"upstreamProject":"node-test-commit","upstreamUrl":"job/node-test-commit/"},{"upstreamBuild":58276,"upstreamProject":"node-test-pull-request","upstreamUrl":"job/node-test-pull-request/"},{"prId":"52349"}],"tap":{"ok":false,"name":"parallel/test-fs-watch-recursive-delete","id":311,"buffered":false,"tapError":null,"skip":false,"todo":false,"previous":null,"plan":null,"diag":{"severity":"fail","exitcode":1,"stack":"Mismatched <anonymous> function calls. Expected exactly 1, actual 3.\n    at Proxy.mustCall (c:\\workspace\\node-test-binary-windows-js-suites\\node\\test\\common\\index.js:431:10)\n    at Object.<anonymous> (c:\\workspace\\node-test-binary-windows-js-suites\\node\\test\\parallel\\test-fs-watch-recursive-delete.js:13:82)\n    at Module._compile (node:internal/modules/cjs/loader:1455:14)\n    at Module._extensions..js (node:internal/modules/cjs/loader:1534:10)\n    at Module.load (node:internal/modules/cjs/loader:1265:32)\n    at Module._load (node:internal/modules/cjs/loader:1081:12)\n    at Function.executeUserEntryPoint [as runMain] (node:internal/modules/run_main:187:14)\n    at node:internal/main/run_main_module:28:49"},"time":161.998,"fullname":"parallel/test-fs-watch-recursive-delete","closingTestPoint":false}},{"testName":"sequential/test-http2-large-file","timestamp":1712843216830,"status":"FAILED","jobName":"node-test-binary-windows-js-suites","config":"node-test-binary-windows-js-suites » 2,win11-COMPILED_BY-vs2022 #27067","buildUrl":"https://ci.nodejs.org/job/node-test-binary-windows-js-suites/RUN_SUBSET=2,nodes=win11-COMPILED_BY-vs2022/27067/","buildNumber":27067,"builtOn":"test-azure_msft-win11_vs2022-x64-2","nodeVersion":"22.0.0","commitHash":"805e8b0c8e94d69eb4d22c2853f06a2d7088a069","callStack":[{"upstreamBuild":62075,"upstreamProject":"node-test-commit-windows-fanned","upstreamUrl":"job/node-test-commit-windows-fanned/"},{"upstreamBuild":69747,"upstreamProject":"node-test-commit","upstreamUrl":"job/node-test-commit/"},{"upstreamBuild":58276,"upstreamProject":"node-test-pull-request","upstreamUrl":"job/node-test-pull-request/"},{"prId":"52349"}],"tap":{"ok":false,"name":"sequential/test-http2-large-file","id":967,"buffered":false,"tapError":null,"skip":false,"todo":": Fix flaky test","previous":null,"plan":null,"diag":{"severity":"fail","exitcode":1,"stack":"timeout"},"time":120203.927,"fullname":"sequential/test-http2-large-file","closingTestPoint":false}},{"testName":"wasi/test-wasi-poll","timestamp":1712843216830,"status":"FAILED","jobName":"node-test-binary-windows-js-suites","config":"node-test-binary-windows-js-suites » 3,win11-arm64-COMPILED_BY-vs2022-arm64 #27067","buildUrl":"https://ci.nodejs.org/job/node-test-binary-windows-js-suites/RUN_SUBSET=3,nodes=win11-arm64-COMPILED_BY-vs2022-arm64/27067/","buildNumber":27067,"builtOn":"test-azure_msft-win11_vs2022-arm64-4","nodeVersion":"22.0.0","commitHash":"805e8b0c8e94d69eb4d22c2853f06a2d7088a069","callStack":[{"upstreamBuild":62075,"upstreamProject":"node-test-commit-windows-fanned","upstreamUrl":"job/node-test-commit-windows-fanned/"},{"upstreamBuild":69747,"upstreamProject":"node-test-commit","upstreamUrl":"job/node-test-commit/"},{"upstreamBuild":58276,"upstreamProject":"node-test-pull-request","upstreamUrl":"job/node-test-pull-request/"},{"prId":"52349"}],"tap":{"ok":false,"name":"wasi/test-wasi-poll","id":926,"buffered":false,"tapError":null,"skip":false,"todo":": Fix flaky test","previous":null,"plan":null,"diag":{"severity":"flaky","exitcode":1,"stack":"Testing with --turbo-fast-api-calls: poll\n[process 5112]: --- stderr ---\n(node:5112) ExperimentalWarning: WASI is an experimental feature and might change at any time\n(Use `node --trace-warnings ...` to show where the warning was created)\n\n[process 5112]: --- stdout ---\n\n[process 5112]: status = 3221225477, signal = null\nd:\\workspace\\node-test-binary-windows-js-suites\\node\\test\\common\\child_process.js:86\n    throw new Error(`${failures.join('\\n')}`);\n    ^\n\nError: - process terminated with status 3221225477, expected 0\n    at logAndThrow (d:\\workspace\\node-test-binary-windows-js-suites\\node\\test\\common\\child_process.js:86:11)\n    at expectSyncExit (d:\\workspace\\node-test-binary-windows-js-suites\\node\\test\\common\\child_process.js:91:5)\n    at spawnSyncAndAssert (d:\\workspace\\node-test-binary-windows-js-suites\\node\\test\\common\\child_process.js:131:10)\n    at testWasiPreview1 (d:\\workspace\\node-test-binary-windows-js-suites\\node\\test\\common\\wasi.js:18:3)\n    at Object.<anonymous> (d:\\workspace\\node-test-binary-windows-js-suites\\node\\test\\wasi\\test-wasi-poll.js:5:1)\n    at Module._compile (node:internal/modules/cjs/loader:1455:14)\n    at Module._extensions..js (node:internal/modules/cjs/loader:1534:10)\n    at Module.load (node:internal/modules/cjs/loader:1265:32)\n    at Module._load (node:internal/modules/cjs/loader:1081:12)\n    at Function.executeUserEntryPoint [as runMain] (node:internal/modules/run_main:187:14)\n\nNode.js v22.0.0-pre"},"time":537.995,"fullname":"wasi/test-wasi-poll","closingTestPoint":false}},{"testName":"parallel/test-fs-watch-recursive-delete","timestamp":1712843216830,"status":"FAILED","jobName":"node-test-binary-windows-js-suites","config":"node-test-binary-windows-js-suites » 3,win10-COMPILED_BY-vs2022 #27067","buildUrl":"https://ci.nodejs.org/job/node-test-binary-windows-js-suites/RUN_SUBSET=3,nodes=win10-COMPILED_BY-vs2022/27067/","buildNumber":27067,"builtOn":"test-azure_msft-win10_vs2019-x64-1","nodeVersion":"22.0.0","commitHash":"805e8b0c8e94d69eb4d22c2853f06a2d7088a069","callStack":[{"upstreamBuild":62075,"upstreamProject":"node-test-commit-windows-fanned","upstreamUrl":"job/node-test-commit-windows-fanned/"},{"upstreamBuild":69747,"upstreamProject":"node-test-commit","upstreamUrl":"job/node-test-commit/"},{"upstreamBuild":58276,"upstreamProject":"node-test-pull-request","upstreamUrl":"job/node-test-pull-request/"},{"prId":"52349"}],"tap":{"ok":false,"name":"parallel/test-fs-watch-recursive-delete","id":312,"buffered":false,"tapError":null,"skip":false,"todo":false,"previous":null,"plan":null,"diag":{"severity":"fail","exitcode":1,"stack":"Mismatched <anonymous> function calls. Expected exactly 1, actual 3.\n    at Proxy.mustCall (c:\\workspace\\node-test-binary-windows-js-suites\\node\\test\\common\\index.js:431:10)\n    at Object.<anonymous> (c:\\workspace\\node-test-binary-windows-js-suites\\node\\test\\parallel\\test-fs-watch-recursive-delete.js:13:82)\n    at Module._compile (node:internal/modules/cjs/loader:1455:14)\n    at Module._extensions..js (node:internal/modules/cjs/loader:1534:10)\n    at Module.load (node:internal/modules/cjs/loader:1265:32)\n    at Module._load (node:internal/modules/cjs/loader:1081:12)\n    at Function.executeUserEntryPoint [as runMain] (node:internal/modules/run_main:187:14)\n    at node:internal/main/run_main_module:28:49"},"time":233.002,"fullname":"parallel/test-fs-watch-recursive-delete","closingTestPoint":false}},{"testName":"parallel/test-fs-watch-recursive-delete","timestamp":1712843216830,"status":"FAILED","jobName":"node-test-binary-windows-js-suites","config":"node-test-binary-windows-js-suites » 3,win2019-COMPILED_BY-vs2022 #27067","buildUrl":"https://ci.nodejs.org/job/node-test-binary-windows-js-suites/RUN_SUBSET=3,nodes=win2019-COMPILED_BY-vs2022/27067/","buildNumber":27067,"builtOn":"test-rackspace-win2019_vs2019-x64-2","nodeVersion":"22.0.0","commitHash":"805e8b0c8e94d69eb4d22c2853f06a2d7088a069","callStack":[{"upstreamBuild":62075,"upstreamProject":"node-test-commit-windows-fanned","upstreamUrl":"job/node-test-commit-windows-fanned/"},{"upstreamBuild":69747,"upstreamProject":"node-test-commit","upstreamUrl":"job/node-test-commit/"},{"upstreamBuild":58276,"upstreamProject":"node-test-pull-request","upstreamUrl":"job/node-test-pull-request/"},{"prId":"52349"}],"tap":{"ok":false,"name":"parallel/test-fs-watch-recursive-delete","id":310,"buffered":false,"tapError":null,"skip":false,"todo":false,"previous":null,"plan":null,"diag":{"severity":"fail","exitcode":1,"stack":"Mismatched <anonymous> function calls. Expected exactly 1, actual 3.\n    at Proxy.mustCall (C:\\workspace\\node-test-binary-windows-js-suites\\node\\test\\common\\index.js:431:10)\n    at Object.<anonymous> (C:\\workspace\\node-test-binary-windows-js-suites\\node\\test\\parallel\\test-fs-watch-recursive-delete.js:13:82)\n    at Module._compile (node:internal/modules/cjs/loader:1455:14)\n    at Module._extensions..js (node:internal/modules/cjs/loader:1534:10)\n    at Module.load (node:internal/modules/cjs/loader:1265:32)\n    at Module._load (node:internal/modules/cjs/loader:1081:12)\n    at Function.executeUserEntryPoint [as runMain] (node:internal/modules/run_main:187:14)\n    at node:internal/main/run_main_module:28:49"},"time":302,"fullname":"parallel/test-fs-watch-recursive-delete","closingTestPoint":false}},{"testName":"parallel/test-fs-watch-recursive-delete","timestamp":1712843216830,"status":"FAILED","jobName":"node-test-binary-windows-js-suites","config":"node-test-binary-windows-js-suites » 3,win2022-COMPILED_BY-vs2022 #27067","buildUrl":"https://ci.nodejs.org/job/node-test-binary-windows-js-suites/RUN_SUBSET=3,nodes=win2022-COMPILED_BY-vs2022/27067/","buildNumber":27067,"builtOn":"test-rackspace-win2022_vs2022-x64-2","nodeVersion":"22.0.0","commitHash":"805e8b0c8e94d69eb4d22c2853f06a2d7088a069","callStack":[{"upstreamBuild":62075,"upstreamProject":"node-test-commit-windows-fanned","upstreamUrl":"job/node-test-commit-windows-fanned/"},{"upstreamBuild":69747,"upstreamProject":"node-test-commit","upstreamUrl":"job/node-test-commit/"},{"upstreamBuild":58276,"upstreamProject":"node-test-pull-request","upstreamUrl":"job/node-test-pull-request/"},{"prId":"52349"}],"tap":{"ok":false,"name":"parallel/test-fs-watch-recursive-delete","id":310,"buffered":false,"tapError":null,"skip":false,"todo":false,"previous":null,"plan":null,"diag":{"severity":"fail","exitcode":1,"stack":"Mismatched <anonymous> function calls. Expected exactly 1, actual 3.\n    at Proxy.mustCall (C:\\workspace\\node-test-binary-windows-js-suites\\node\\test\\common\\index.js:431:10)\n    at Object.<anonymous> (C:\\workspace\\node-test-binary-windows-js-suites\\node\\test\\parallel\\test-fs-watch-recursive-delete.js:13:82)\n    at Module._compile (node:internal/modules/cjs/loader:1455:14)\n    at Module._extensions..js (node:internal/modules/cjs/loader:1534:10)\n    at Module.load (node:internal/modules/cjs/loader:1265:32)\n    at Module._load (node:internal/modules/cjs/loader:1081:12)\n    at Function.executeUserEntryPoint [as runMain] (node:internal/modules/run_main:187:14)\n    at node:internal/main/run_main_module:28:49"},"time":286.986,"fullname":"parallel/test-fs-watch-recursive-delete","closingTestPoint":false}},{"testName":"parallel/test-fs-watch-recursive-delete","timestamp":1712843216830,"status":"FAILED","jobName":"node-test-binary-windows-js-suites","config":"node-test-binary-windows-js-suites » 0,win11-arm64-COMPILED_BY-vs2022-arm64 #27067","buildUrl":"https://ci.nodejs.org/job/node-test-binary-windows-js-suites/RUN_SUBSET=0,nodes=win11-arm64-COMPILED_BY-vs2022-arm64/27067/","buildNumber":27067,"builtOn":"test-azure_msft-win11_vs2022-arm64-6","nodeVersion":"22.0.0","commitHash":"805e8b0c8e94d69eb4d22c2853f06a2d7088a069","callStack":[{"upstreamBuild":62075,"upstreamProject":"node-test-commit-windows-fanned","upstreamUrl":"job/node-test-commit-windows-fanned/"},{"upstreamBuild":69747,"upstreamProject":"node-test-commit","upstreamUrl":"job/node-test-commit/"},{"upstreamBuild":58276,"upstreamProject":"node-test-pull-request","upstreamUrl":"job/node-test-pull-request/"},{"prId":"52349"}],"tap":{"ok":false,"name":"parallel/test-fs-watch-recursive-delete","id":313,"buffered":false,"tapError":null,"skip":false,"todo":false,"previous":null,"plan":null,"diag":{"severity":"fail","exitcode":1,"stack":"Mismatched <anonymous> function calls. Expected exactly 1, actual 3.\n    at Proxy.mustCall (d:\\workspace\\node-test-binary-windows-js-suites\\node\\test\\common\\index.js:431:10)\n    at Object.<anonymous> (d:\\workspace\\node-test-binary-windows-js-suites\\node\\test\\parallel\\test-fs-watch-recursive-delete.js:13:82)\n    at Module._compile (node:internal/modules/cjs/loader:1455:14)\n    at Module._extensions..js (node:internal/modules/cjs/loader:1534:10)\n    at Module.load (node:internal/modules/cjs/loader:1265:32)\n    at Module._load (node:internal/modules/cjs/loader:1081:12)\n    at Function.executeUserEntryPoint [as runMain] (node:internal/modules/run_main:187:14)\n    at node:internal/main/run_main_module:28:49"},"time":260.002,"fullname":"parallel/test-fs-watch-recursive-delete","closingTestPoint":false}},{"testName":"parallel/test-fs-watch-recursive-delete","timestamp":1712843216830,"status":"FAILED","jobName":"node-test-binary-windows-js-suites","config":"node-test-binary-windows-js-suites » 3,win2016-COMPILED_BY-vs2022-x86 #27067","buildUrl":"https://ci.nodejs.org/job/node-test-binary-windows-js-suites/RUN_SUBSET=3,nodes=win2016-COMPILED_BY-vs2022-x86/27067/","buildNumber":27067,"builtOn":"test-azure_msft-win2016_vs2017-x64-2","nodeVersion":"22.0.0","commitHash":"805e8b0c8e94d69eb4d22c2853f06a2d7088a069","callStack":[{"upstreamBuild":62075,"upstreamProject":"node-test-commit-windows-fanned","upstreamUrl":"job/node-test-commit-windows-fanned/"},{"upstreamBuild":69747,"upstreamProject":"node-test-commit","upstreamUrl":"job/node-test-commit/"},{"upstreamBuild":58276,"upstreamProject":"node-test-pull-request","upstreamUrl":"job/node-test-pull-request/"},{"prId":"52349"}],"tap":{"ok":false,"name":"parallel/test-fs-watch-recursive-delete","id":311,"buffered":false,"tapError":null,"skip":false,"todo":false,"previous":null,"plan":null,"diag":{"severity":"fail","exitcode":1,"stack":"Mismatched <anonymous> function calls. Expected exactly 1, actual 3.\n    at Proxy.mustCall (C:\\workspace\\node-test-binary-windows-js-suites\\node\\test\\common\\index.js:431:10)\n    at Object.<anonymous> (C:\\workspace\\node-test-binary-windows-js-suites\\node\\test\\parallel\\test-fs-watch-recursive-delete.js:13:82)\n    at Module._compile (node:internal/modules/cjs/loader:1455:14)\n    at Module._extensions..js (node:internal/modules/cjs/loader:1534:10)\n    at Module.load (node:internal/modules/cjs/loader:1265:32)\n    at Module._load (node:internal/modules/cjs/loader:1081:12)\n    at Function.executeUserEntryPoint [as runMain] (node:internal/modules/run_main:187:14)\n    at node:internal/main/run_main_module:28:49"},"time":149.01,"fullname":"parallel/test-fs-watch-recursive-delete","closingTestPoint":false}}]}