{"failedTests":[{"testName":"parallel/test-worker-arraybuffer-zerofill","timestamp":1713006329253,"status":"FAILED","jobName":"node-test-binary-windows-js-suites","config":"node-test-binary-windows-js-suites » 2,win2019-COMPILED_BY-vs2022 #27125","buildUrl":"https://ci.nodejs.org/job/node-test-binary-windows-js-suites/RUN_SUBSET=2,nodes=win2019-COMPILED_BY-vs2022/27125/","buildNumber":27125,"builtOn":"test-rackspace-win2019_vs2019-x64-3","nodeVersion":"22.0.0","commitHash":"014d1b50cbfc2713847cedb675dcb1468e2e74cd","callStack":[{"upstreamBuild":62146,"upstreamProject":"node-test-commit-windows-fanned","upstreamUrl":"job/node-test-commit-windows-fanned/"},{"upstreamBuild":69819,"upstreamProject":"node-test-commit","upstreamUrl":"job/node-test-commit/"},{"upstreamBuild":58342,"upstreamProject":"node-test-pull-request","upstreamUrl":"job/node-test-pull-request/"},{"prId":"52108"}],"tap":{"ok":false,"name":"parallel/test-worker-arraybuffer-zerofill","id":928,"buffered":false,"tapError":null,"skip":false,"todo":": Fix flaky test","previous":null,"plan":null,"diag":{"severity":"fail","exitcode":1,"stack":"timeout"},"time":120183.996,"fullname":"parallel/test-worker-arraybuffer-zerofill","closingTestPoint":false}},{"testName":"wasi/test-wasi-poll","timestamp":1713006329253,"status":"FAILED","jobName":"node-test-binary-windows-js-suites","config":"node-test-binary-windows-js-suites » 3,win11-arm64-COMPILED_BY-vs2022-arm64 #27125","buildUrl":"https://ci.nodejs.org/job/node-test-binary-windows-js-suites/RUN_SUBSET=3,nodes=win11-arm64-COMPILED_BY-vs2022-arm64/27125/","buildNumber":27125,"builtOn":"test-azure_msft-win11_vs2022-arm64-4","nodeVersion":"22.0.0","commitHash":"014d1b50cbfc2713847cedb675dcb1468e2e74cd","callStack":[{"upstreamBuild":62146,"upstreamProject":"node-test-commit-windows-fanned","upstreamUrl":"job/node-test-commit-windows-fanned/"},{"upstreamBuild":69819,"upstreamProject":"node-test-commit","upstreamUrl":"job/node-test-commit/"},{"upstreamBuild":58342,"upstreamProject":"node-test-pull-request","upstreamUrl":"job/node-test-pull-request/"},{"prId":"52108"}],"tap":{"ok":false,"name":"wasi/test-wasi-poll","id":925,"buffered":false,"tapError":null,"skip":false,"todo":": Fix flaky test","previous":null,"plan":null,"diag":{"severity":"flaky","exitcode":1,"stack":"Testing with --turbo-fast-api-calls: poll\n[process 1400]: --- stderr ---\n(node:1400) ExperimentalWarning: WASI is an experimental feature and might change at any time\n(Use `node --trace-warnings ...` to show where the warning was created)\n\n[process 1400]: --- stdout ---\n\n[process 1400]: status = 3221225477, signal = null\nd:\\workspace\\node-test-binary-windows-js-suites\\node\\test\\common\\child_process.js:86\n    throw new Error(`${failures.join('\\n')}`);\n    ^\n\nError: - process terminated with status 3221225477, expected 0\n    at logAndThrow (d:\\workspace\\node-test-binary-windows-js-suites\\node\\test\\common\\child_process.js:86:11)\n    at expectSyncExit (d:\\workspace\\node-test-binary-windows-js-suites\\node\\test\\common\\child_process.js:91:5)\n    at spawnSyncAndAssert (d:\\workspace\\node-test-binary-windows-js-suites\\node\\test\\common\\child_process.js:131:10)\n    at testWasiPreview1 (d:\\workspace\\node-test-binary-windows-js-suites\\node\\test\\common\\wasi.js:18:3)\n    at Object.<anonymous> (d:\\workspace\\node-test-binary-windows-js-suites\\node\\test\\wasi\\test-wasi-poll.js:5:1)\n    at Module._compile (node:internal/modules/cjs/loader:1421:14)\n    at Module._extensions..js (node:internal/modules/cjs/loader:1499:10)\n    at Module.load (node:internal/modules/cjs/loader:1232:32)\n    at Module._load (node:internal/modules/cjs/loader:1048:12)\n    at Function.executeUserEntryPoint [as runMain] (node:internal/modules/run_main:187:14)\n\nNode.js v22.0.0-pre"},"time":586.991,"fullname":"wasi/test-wasi-poll","closingTestPoint":false}}]}