{"failedTests":[{"testName":"wasi/test-wasi-poll","timestamp":1713274354182,"status":"FAILED","jobName":"node-test-binary-windows-js-suites","config":"node-test-binary-windows-js-suites » 3,win11-arm64-COMPILED_BY-vs2022-arm64 #27217","buildUrl":"https://ci.nodejs.org/job/node-test-binary-windows-js-suites/RUN_SUBSET=3,nodes=win11-arm64-COMPILED_BY-vs2022-arm64/27217/","buildNumber":27217,"builtOn":"test-azure_msft-win11_vs2022-arm64-4","nodeVersion":"22.0.0","commitHash":"e85159d21fdb196e38906b02899519a77b56506e","callStack":[{"upstreamBuild":62251,"upstreamProject":"node-test-commit-windows-fanned","upstreamUrl":"job/node-test-commit-windows-fanned/"},{"upstreamBuild":69927,"upstreamProject":"node-test-commit","upstreamUrl":"job/node-test-commit/"},{"upstreamBuild":58431,"upstreamProject":"node-test-pull-request","upstreamUrl":"job/node-test-pull-request/"},{"prId":"52406"}],"tap":{"ok":false,"name":"wasi/test-wasi-poll","id":928,"buffered":false,"tapError":null,"skip":false,"todo":": Fix flaky test","previous":null,"plan":null,"diag":{"severity":"flaky","exitcode":1,"stack":"Testing with --turbo-fast-api-calls: poll\n[process 8916]: --- stderr ---\n(node:8916) ExperimentalWarning: WASI is an experimental feature and might change at any time\n(Use `node --trace-warnings ...` to show where the warning was created)\n\n[process 8916]: --- stdout ---\n\n[process 8916]: status = 3221225477, signal = null\nd:\\workspace\\node-test-binary-windows-js-suites\\node\\test\\common\\child_process.js:86\n    throw new Error(`${failures.join('\\n')}`);\n    ^\n\nError: - process terminated with status 3221225477, expected 0\n    at logAndThrow (d:\\workspace\\node-test-binary-windows-js-suites\\node\\test\\common\\child_process.js:86:11)\n    at expectSyncExit (d:\\workspace\\node-test-binary-windows-js-suites\\node\\test\\common\\child_process.js:91:5)\n    at spawnSyncAndAssert (d:\\workspace\\node-test-binary-windows-js-suites\\node\\test\\common\\child_process.js:131:10)\n    at testWasiPreview1 (d:\\workspace\\node-test-binary-windows-js-suites\\node\\test\\common\\wasi.js:18:3)\n    at Object.<anonymous> (d:\\workspace\\node-test-binary-windows-js-suites\\node\\test\\wasi\\test-wasi-poll.js:5:1)\n    at Module._compile (node:internal/modules/cjs/loader:1476:14)\n    at Module._extensions..js (node:internal/modules/cjs/loader:1555:10)\n    at Module.load (node:internal/modules/cjs/loader:1288:32)\n    at Module._load (node:internal/modules/cjs/loader:1104:12)\n    at Function.executeUserEntryPoint [as runMain] (node:internal/modules/run_main:187:14)\n\nNode.js v22.0.0-pre"},"time":584.995,"fullname":"wasi/test-wasi-poll","closingTestPoint":false}},{"testName":"parallel/test-tls-dhe","timestamp":1713274354182,"status":"REGRESSION","jobName":"node-test-binary-windows-js-suites","config":"node-test-binary-windows-js-suites » 1,win10-COMPILED_BY-vs2022 #27217","buildUrl":"https://ci.nodejs.org/job/node-test-binary-windows-js-suites/RUN_SUBSET=1,nodes=win10-COMPILED_BY-vs2022/27217/","buildNumber":27217,"builtOn":"test-azure_msft-win10_vs2019-x64-2","nodeVersion":"22.0.0","commitHash":"e85159d21fdb196e38906b02899519a77b56506e","callStack":[{"upstreamBuild":62251,"upstreamProject":"node-test-commit-windows-fanned","upstreamUrl":"job/node-test-commit-windows-fanned/"},{"upstreamBuild":69927,"upstreamProject":"node-test-commit","upstreamUrl":"job/node-test-commit/"},{"upstreamBuild":58431,"upstreamProject":"node-test-pull-request","upstreamUrl":"job/node-test-pull-request/"},{"prId":"52406"}],"tap":{"ok":false,"name":"parallel/test-tls-dhe","id":774,"buffered":false,"tapError":null,"skip":false,"todo":false,"previous":null,"plan":null,"diag":{"severity":"fail","exitcode":1,"stack":"node:events:498\n      throw er; // Unhandled 'error' event\n      ^\n\nError: 50260000:error:0A00041A:SSL routines:ssl3_read_bytes:tlsv1 alert decode error:C:\\workspace\\node-compile-windows\\node\\deps\\openssl\\openssl\\ssl\\record\\rec_layer_s3.c:1590:SSL alert number 50\n\nEmitted 'error' event on TLSSocket instance at:\n    at TLSSocket._emitTLSError (node:_tls_wrap:1041:10)\n    at TLSWrap.onerror (node:_tls_wrap:482:11) {\n  library: 'SSL routines',\n  reason: 'tlsv1 alert decode error',\n  code: 'ERR_SSL_TLSV1_ALERT_DECODE_ERROR'\n}\n\nNode.js v22.0.0-pre"},"time":254.998,"fullname":"parallel/test-tls-dhe","closingTestPoint":false}},{"testName":"sequential/test-http2-large-file","timestamp":1713274354182,"status":"FAILED","jobName":"node-test-binary-windows-js-suites","config":"node-test-binary-windows-js-suites » 2,win2022-COMPILED_BY-vs2022 #27217","buildUrl":"https://ci.nodejs.org/job/node-test-binary-windows-js-suites/RUN_SUBSET=2,nodes=win2022-COMPILED_BY-vs2022/27217/","buildNumber":27217,"builtOn":"test-rackspace-win2022_vs2022-x64-3","nodeVersion":"22.0.0","commitHash":"e85159d21fdb196e38906b02899519a77b56506e","callStack":[{"upstreamBuild":62251,"upstreamProject":"node-test-commit-windows-fanned","upstreamUrl":"job/node-test-commit-windows-fanned/"},{"upstreamBuild":69927,"upstreamProject":"node-test-commit","upstreamUrl":"job/node-test-commit/"},{"upstreamBuild":58431,"upstreamProject":"node-test-pull-request","upstreamUrl":"job/node-test-pull-request/"},{"prId":"52406"}],"tap":{"ok":false,"name":"sequential/test-http2-large-file","id":967,"buffered":false,"tapError":null,"skip":false,"todo":": Fix flaky test","previous":null,"plan":null,"diag":{"severity":"fail","exitcode":1,"stack":"timeout"},"time":120162.011,"fullname":"sequential/test-http2-large-file","closingTestPoint":false}}]}