{"failedTests":[{"testName":"parallel/test-http-get-pipeline-problem","timestamp":1713605693854,"status":"FAILED","jobName":"node-test-binary-windows-js-suites","config":"node-test-binary-windows-js-suites » 3,win2016-COMPILED_BY-vs2019-x86 #27307","buildUrl":"https://ci.nodejs.org/job/node-test-binary-windows-js-suites/RUN_SUBSET=3,nodes=win2016-COMPILED_BY-vs2019-x86/27307/","buildNumber":27307,"builtOn":"test-rackspace-win2016_vs2015-x64-2","nodeVersion":"18.20.3","commitHash":"5cec2efc31e42fb9f2581ff424ee7cae881f2cd0","callStack":[{"upstreamBuild":62366,"upstreamProject":"node-test-commit-windows-fanned","upstreamUrl":"job/node-test-commit-windows-fanned/"},{"upstreamBuild":70049,"upstreamProject":"node-test-commit","upstreamUrl":"job/node-test-commit/"},{"upstreamBuild":169,"upstreamProject":"node-daily-v18.x-staging","upstreamUrl":"job/node-daily-v18.x-staging/"}],"tap":{"ok":false,"name":"parallel/test-http-get-pipeline-problem","id":356,"buffered":false,"tapError":null,"skip":false,"todo":false,"previous":null,"plan":null,"diag":{"severity":"fail","exitcode":3221226505,"stack":"image.length = 45658\nrecv 0\ndone 0\nrecv 1\ndone 1\nrecv 2\ndone 2\nrecv 3\ndone 3\nrecv 4\ndone 4\nrecv 5\nrecv 6\ndone 5\ndone 6\nrecv 7\ndone 7\nrecv 8"},"time":603.005,"fullname":"parallel/test-http-get-pipeline-problem","closingTestPoint":false}},{"testName":"parallel/test-runner-watch-mode","timestamp":1713605693854,"status":"FAILED","jobName":"node-test-binary-windows-js-suites","config":"node-test-binary-windows-js-suites » 0,win2016-COMPILED_BY-vs2019-x86 #27307","buildUrl":"https://ci.nodejs.org/job/node-test-binary-windows-js-suites/RUN_SUBSET=0,nodes=win2016-COMPILED_BY-vs2019-x86/27307/","buildNumber":27307,"builtOn":"test-azure_msft-win2016_vs2017-x64-1","nodeVersion":"18.20.3","commitHash":"5cec2efc31e42fb9f2581ff424ee7cae881f2cd0","callStack":[{"upstreamBuild":62366,"upstreamProject":"node-test-commit-windows-fanned","upstreamUrl":"job/node-test-commit-windows-fanned/"},{"upstreamBuild":70049,"upstreamProject":"node-test-commit","upstreamUrl":"job/node-test-commit/"},{"upstreamBuild":169,"upstreamProject":"node-daily-v18.x-staging","upstreamUrl":"job/node-daily-v18.x-staging/"}],"tap":{"ok":false,"name":"parallel/test-runner-watch-mode","id":679,"buffered":false,"tapError":null,"skip":false,"todo":": Fix flaky test","previous":null,"plan":null,"diag":{"severity":"flaky","exitcode":1,"stack":"TAP version 13\n# Subtest: test runner watch mode\n    # Subtest: should run tests repeatedly\n    ok 1 - should run tests repeatedly\n      ---\n      duration_ms: 2594.0139\n      ...\n    # Subtest: should run tests with dependency repeatedly\n    ok 2 - should run tests with dependency repeatedly\n      ---\n      duration_ms: 1549.1332\n      ...\n    # Subtest: should run tests with ESM dependency\n    ok 3 - should run tests with ESM dependency\n      ---\n      duration_ms: 1554.3416\n      ...\n    # Subtest: should support running tests without a file\n    ok 4 - should support running tests without a file\n      ---\n      duration_ms: 1503.9568\n      ...\n    1..4\nok 1 - test runner watch mode\n  ---\n  duration_ms: 7204.8465\n  type: 'suite'\n  ...\n1..1\n# tests 4\n# suites 1\n# pass 4\n# fail 0\n# cancelled 0\n# skipped 0\n# todo 0\n# duration_ms 7226.6817\nCan't clean tmpdir: C:\\workspace\\node-test-binary-windows-js-suites\\node\\test\\.tmp.637\nFiles blocking: [ 'dependency.js', 'dependency.mjs', 'test.js' ]\n\nC:\\workspace\\node-test-binary-windows-js-suites\\node\\test\\common\\tmpdir.js:55\n    throw e;\n    ^\n\nError: EBUSY: resource busy or locked, rmdir '\\\\?\\C:\\workspace\\node-test-binary-windows-js-suites\\node\\test\\.tmp.637'\n    at rmdirSync (node:fs:1222:10)\n    at _rmdirSync (node:internal/fs/rimraf:235:5)\n    at rimrafSync (node:internal/fs/rimraf:193:7)\n    at Object.rmSync (node:fs:1271:10)\n    at rmSync (C:\\workspace\\node-test-binary-windows-js-suites\\node\\test\\common\\tmpdir.js:9:6)\n    at process.onexit (C:\\workspace\\node-test-binary-windows-js-suites\\node\\test\\common\\tmpdir.js:40:5)\n    at process.emit (node:events:529:35) {\n  errno: -4082,\n  syscall: 'rmdir',\n  code: 'EBUSY',\n  path: '\\\\\\\\?\\\\C:\\\\workspace\\\\node-test-binary-windows-js-suites\\\\node\\\\test\\\\.tmp.637'\n}\n\nNode.js v18.20.3-pre"},"time":8124.129,"fullname":"parallel/test-runner-watch-mode","closingTestPoint":false}}]}