{"failedTests":[{"testName":"wpt/test-compression","timestamp":1714139703119,"status":"FAILED","jobName":"node-test-binary-windows-js-suites","config":"node-test-binary-windows-js-suites » 1,win2022-COMPILED_BY-vs2022 #27415","buildUrl":"https://ci.nodejs.org/job/node-test-binary-windows-js-suites/RUN_SUBSET=1,nodes=win2022-COMPILED_BY-vs2022/27415/","buildNumber":27415,"builtOn":"test-rackspace-win2022_vs2022-x64-4","nodeVersion":"23.0.0","commitHash":"b26c0c600b5785f1ee149fadeabc3d19f530d9ea","callStack":[{"upstreamBuild":62512,"upstreamProject":"node-test-commit-windows-fanned","upstreamUrl":"job/node-test-commit-windows-fanned/"},{"upstreamBuild":70255,"upstreamProject":"node-test-commit","upstreamUrl":"job/node-test-commit/"},{"upstreamBuild":58716,"upstreamProject":"node-test-pull-request","upstreamUrl":"job/node-test-pull-request/"},{"prId":"52692"}],"tap":{"ok":false,"name":"wpt/test-compression","id":988,"buffered":false,"tapError":null,"skip":false,"todo":false,"previous":null,"plan":null,"diag":{"severity":"crashed","exitcode":3221225477,"stack":"[SKIPPED] compression-bad-chunks.tentative.any.js: Execution \"hangs\", ArrayBuffer and TypedArray is not accepted and throws, instead of rejects during writer.write\n[SKIPPED] decompression-bad-chunks.tentative.any.js: Execution \"hangs\", ArrayBuffer and TypedArray is not accepted and throws, instead of rejects during writer.write\n[SKIPPED] decompression-buffersource.tentative.any.js: ArrayBuffer and TypedArray is not accepted and throws, instead of rejects during writer.write\n[SKIPPED] idlharness-shadowrealm.window.js: ShadowRealm support is not enabled\n[SKIPPED] third_party\\pako\\pako_inflate.min.js: This is not a test file.\n[PASS] \"a\" should cause the constructor to throw\n[PASS] no input should cause the constructor to throw\n[PASS] non-string input should cause the constructor to throw\n[PASS] the result of compressing [,Hello,Hello] with deflate should be 'HelloHello'\n[PASS] the result of compressing [,Hello,Hello] with gzip should be 'HelloHello'\n[PASS] the result of compressing [,Hello,Hello] with deflate-raw should be 'HelloHello'\n[PASS] the result of compressing [Hello,,Hello] with deflate should be 'HelloHello'\n[PASS] the result of compressing [Hello,,Hello] with gzip should be 'HelloHello'\n[PASS] the result of compressing [Hello,,Hello] with deflate-raw should be 'HelloHello'\n[PASS] the result of compressing [Hello,Hello,] with deflate should be 'HelloHello'\n[PASS] the result of compressing [Hello,Hello,] with gzip should be 'HelloHello'\n[PASS] the result of compressing [Hello,Hello,] with deflate-raw should be 'HelloHello'\n[PASS] CompressionStream constructor should throw on invalid format\n[PASS] the length of deflated data should be shorter than that of the original data\n[PASS] deflated empty data should be reinflated back to its origin\n[PASS] the length of gzipped data should be shorter than that of the original data\n[PASS] compressing 2 chunks with deflate should work\n[PASS] compressing 2 chunks with gzip should work\n[PASS] compressing 2 chunks with deflate-raw should work\n[PASS] the length of deflated (with -raw) data should be shorter than that of the original data\n[PASS] deflated small amount data should be reinflated back to its origin\n[PASS] compressing 3 chunks with deflate should work\n[PASS] deflate compression with large flush output\n[PASS] compressing 3 chunks with gzip should work\n[PASS] compressing 3 chunks with deflate-raw should work\n[PASS] compressing 4 chunks with deflate should work\n[PASS] compressing 4 chunks with gzip should work\n[PASS] compressing 4 chunks with deflate-raw should work\n[PASS] compressing 5 chunks with deflate should work\n[PASS] compressing 5 chunks with gzip should work\n[PASS] compressing 5 chunks with deflate-raw should work\n[PASS] compressing 6 chunks with deflate should work\n[PASS] compressing 6 chunks with gzip should work\n[PASS] compressing 6 chunks with deflate-raw should work\n[PASS] compressing 7 chunks with deflate should work\n[PASS] compressing 7 chunks with gzip should work\n[PASS] compressing 7 chunks with deflate-raw should work\n[PASS] compressing 8 chunks with deflate should work\n[PASS] compressing 8 chunks with gzip should work\n[PASS] compressing 8 chunks with deflate-raw should work\n[PASS] compressing 9 chunks with deflate should work\n[PASS] compressing 9 chunks with gzip should work\n[PASS] gzip compression with large flush output\n[PASS] compressing 9 chunks with deflate-raw should work\n[PASS] compressing 10 chunks with deflate should work\n[PASS] compressing 10 chunks with gzip should work\n[PASS] compressing 10 chunks with deflate-raw should work\n[PASS] compressing 11 chunks with deflate should work\n[PASS] compressing 11 chunks with gzip should work\n[PASS] \"a\" should cause the constructor to throw\n[PASS] no input should cause the constructor to throw\n[PASS] non-string input should cause the constructor to throw\n[PASS] compressing 11 chunks with deflate-raw should work\n[PASS] compressing 12 chunks with deflate should work\n[PASS] compressing 12 chunks with gzip should work\n[PASS] compressing 12 chunks with deflate-raw should work\n[PASS] compressing 13 chunks with deflate should work\n[PASS] compressing 13 chunks with gzip should work\n[PASS] compressing 13 chunks with deflate-raw should work\n[PASS] deflate-raw compression with large flush output\n[PASS] compressing 14 chunks with deflate should work\n[PASS] compressing 14 chunks with gzip should work\n[PASS] compressing 14 chunks with deflate-raw should work\n[PASS] compressing 15 chunks with deflate should work\n[PASS] compressing 15 chunks with gzip should work\n[PASS] compressing 15 chunks with deflate-raw should work\n[PASS] deflated large amount data should be reinflated back to its origin\n[PASS] gzipped empty data should be reinflated back to its origin\n[PASS] compressing 16 chunks with deflate should work\n[PASS] compressing 16 chunks with gzip should work\n[PASS] gzipped small amount data should be reinflated back to its origin\n[PASS] compressing 16 chunks with deflate-raw should work\n[PASS] decompressing deflated input should work\n[PASS] decompressing gzip input should work\n[PASS] decompressing deflated (with -raw) input should work\n[PASS] the unchanged input for 'deflate' should decompress successfully\n[PASS] truncating the input for 'deflate' should give an error\n[EXPECTED_FAILURE][FAIL] trailing junk for 'deflate' should give an error\nassert_equals: decompression should fail expected \"error\" but got \"success\"\n    at Test.<anonymous> (C:\\workspace\\node-test-binary-windows-js-suites\\node\\test\\fixtures\\wpt\\compression\\decompression-corrupt-input.tentative.any.js:290:5)\n    at process.processTicksAndRejections (node:internal/process/task_queues:95:5)\nCommand: C:\\workspace\\node-test-binary-windows-js-suites\\node\\Release\\node.exe  C:\\workspace\\node-test-binary-windows-js-suites\\node\\test\\wpt\\test-compression.js 'decompression-corrupt-input.tentative.any.js'\n\n[PASS] format 'deflate' field CMF should be error for 0\n[PASS] format 'deflate' field FLG should be success for 218\n[PASS] format 'deflate' field FLG should be success for 1\n[PASS] data should be correctly compressed even if input is detached partway\n[PASS] format 'deflate' field FLG should be success for 94\n[PASS] format 'deflate' field FLG should be error for 157\n[PASS] format 'deflate' field DATA should be success for 4\n[PASS] format 'deflate' field DATA should be error for 5\n[PASS] format 'deflate' field ADLER should be error for 255\n[PASS] the unchanged input for 'gzip' should decompress successfully\n[PASS] truncating the input for 'gzip' should give an error\n[EXPECTED_FAILURE][FAIL] trailing junk for 'gzip' should give an error\nassert_equals: decompression should fail expected \"error\" but got \"success\"\n    at Test.<anonymous> (C:\\workspace\\node-test-binary-windows-js-suites\\node\\test\\fixtures\\wpt\\compression\\decompression-corrupt-input.tentative.any.js:290:5)\n    at process.processTicksAndRejections (node:internal/process/task_queues:95:5)\nCommand: C:\\workspace\\node-test-binary-windows-js-suites\\node\\Release\\node.exe  C:\\workspace\\node-test-binary-windows-js-suites\\node\\test\\wpt\\test-compression.js 'decompression-corrupt-input.tentative.any.js'\n\n[PASS] format 'gzip' field ID should be error for 255\n[PASS] format 'gzip' field CM should be error for 0\n[PASS] format 'gzip' field FLG should be success for 1\n[PASS] format 'gzip' field FLG should be error for 2\n[PASS] format 'gzip' field MTIME should be success for 255\n[PASS] format 'gzip' field XFL should be success for 255\n[PASS] format 'gzip' field OS should be success for 128\n[PASS] format 'gzip' field DATA should be error for 3\n[PASS] format 'gzip' field DATA should be success for 4\n[PASS] format 'gzip' field CRC should be error for 0\n[PASS] format 'gzip' field ISIZE should be error for 1\n[PASS] the deflate input compressed with dictionary should give an error\n[PASS] gzipped large amount data should be reinflated back to its origin\n[PASS] decompressing gzip empty input should work\n[PASS] decompressing deflate empty input should work\n[PASS] decompressing deflate-raw empty input should work\n[PASS] decompressing splitted chunk into pieces of size 1 should work in deflate\n[PASS] decompressing splitted chunk into pieces of size 1 should work in gzip\n[PASS] decompressing splitted chunk into pieces of size 1 should work in deflate-raw\n[PASS] decompressing splitted chunk into pieces of size 2 should work in deflate\n[PASS] decompressing splitted chunk into pieces of size 2 should work in gzip\n[PASS] decompressing splitted chunk into pieces of size 2 should work in deflate-raw\n[PASS] decompressing splitted chunk into pieces of size 3 should work in deflate\n[PASS] decompressing splitted chunk into pieces of size 3 should work in gzip\n[PASS] decompressing deflated output should give Uint8Array chunks\n[PASS] decompressing splitted chunk into pieces of size 3 should work in deflate-raw\n[PASS] decompressing gzip output should give Uint8Array chunks\n[PASS] decompressing splitted chunk into pieces of size 4 should work in deflate\n[PASS] decompressing splitted chunk into pieces of size 4 should work in gzip\n[PASS] decompressing splitted chunk into pieces of size 4 should work in deflate-raw\n[PASS] decompressing splitted chunk into pieces of size 5 should work in deflate\n[PASS] decompressing splitted chunk into pieces of size 5 should work in gzip\n[PASS] decompressing splitted chunk into pieces of size 5 should work in deflate-raw\n[PASS] decompressing splitted chunk into pieces of size 6 should work in deflate\n[PASS] decompressing splitted chunk into pieces of size 6 should work in gzip\n[PASS] decompressing splitted chunk into pieces of size 6 should work in deflate-raw\n[PASS] decompressing splitted chunk into pieces of size 7 should work in deflate\n[PASS] decompressing splitted chunk into pieces of size 7 should work in gzip\n[PASS] decompressing splitted chunk into pieces of size 7 should work in deflate-raw\n[PASS] decompressing splitted chunk into pieces of size 8 should work in deflate\n[PASS] decompressing splitted chunk into pieces of size 8 should work in gzip\n[PASS] decompressing splitted chunk into pieces of size 8 should work in deflate-raw\n[PASS] decompressing splitted chunk into pieces of size 9 should work in deflate\n[PASS] decompressing splitted chunk into pieces of size 9 should work in gzip\n[PASS] decompressing splitted chunk into pieces of size 9 should work in deflate-raw\n[PASS] decompressing splitted chunk into pieces of size 10 should work in deflate\n[PASS] decompressing splitted chunk into pieces of size 10 should work in gzip\n[PASS] decompressing splitted chunk into pieces of size 10 should work in deflate-raw\n[PASS] decompressing splitted chunk into pieces of size 11 should work in deflate\n[PASS] decompressing splitted chunk into pieces of size 11 should work in gzip\n[PASS] decompressing splitted chunk into pieces of size 11 should work in deflate-raw\n[PASS] decompressing splitted chunk into pieces of size 12 should work in deflate\n[PASS] decompressing splitted chunk into pieces of size 12 should work in gzip\n[PASS] decompressing splitted chunk into pieces of size 12 should work in deflate-raw\n[PASS] decompressing splitted chunk into pieces of size 13 should work in deflate\n[PASS] decompressing splitted chunk into pieces of size 13 should work in gzip\n[PASS] decompressing splitted chunk into pieces of size 13 should work in deflate-raw\n[PASS] decompressing splitted chunk into pieces of size 14 should work in deflate\n[PASS] decompressing splitted chunk into pieces of size 14 should work in gzip\n[PASS] decompressing splitted chunk into pieces of size 14 should work in deflate-raw\n[PASS] decompressing splitted chunk into pieces of size 15 should work in deflate\n[PASS] decompressing splitted chunk into pieces of size 15 should work in gzip\n[PASS] decompressing splitted chunk into pieces of size 15 should work in deflate-raw"},"time":1268.021,"fullname":"wpt/test-compression","closingTestPoint":false}},{"testName":"parallel/test-runner-watch-mode","timestamp":1714139703119,"status":"FAILED","jobName":"node-test-binary-windows-js-suites","config":"node-test-binary-windows-js-suites » 1,win11-COMPILED_BY-vs2022 #27415","buildUrl":"https://ci.nodejs.org/job/node-test-binary-windows-js-suites/RUN_SUBSET=1,nodes=win11-COMPILED_BY-vs2022/27415/","buildNumber":27415,"builtOn":"test-azure_msft-win11_vs2022-x64-1","nodeVersion":"23.0.0","commitHash":"b26c0c600b5785f1ee149fadeabc3d19f530d9ea","callStack":[{"upstreamBuild":62512,"upstreamProject":"node-test-commit-windows-fanned","upstreamUrl":"job/node-test-commit-windows-fanned/"},{"upstreamBuild":70255,"upstreamProject":"node-test-commit","upstreamUrl":"job/node-test-commit/"},{"upstreamBuild":58716,"upstreamProject":"node-test-pull-request","upstreamUrl":"job/node-test-pull-request/"},{"prId":"52692"}],"tap":{"ok":false,"name":"parallel/test-runner-watch-mode","id":704,"buffered":false,"tapError":null,"skip":false,"todo":": Fix flaky test","previous":null,"plan":null,"diag":{"severity":"flaky","exitcode":1,"stack":"TAP version 13\n# Subtest: test runner watch mode\n    # Subtest: should run tests repeatedly\n    ok 1 - should run tests repeatedly\n      ---\n      duration_ms: 2294.703\n      ...\n    # Subtest: should run tests with dependency repeatedly\n    ok 2 - should run tests with dependency repeatedly\n      ---\n      duration_ms: 1555.581\n      ...\n    # Subtest: should run tests with ESM dependency\n    ok 3 - should run tests with ESM dependency\n      ---\n      duration_ms: 1592.8475\n      ...\n    # Subtest: should support running tests without a file\n    ok 4 - should support running tests without a file\n      ---\n      duration_ms: 1564.4691\n      ...\n    1..4\nok 1 - test runner watch mode\n  ---\n  duration_ms: 7010.1619\n  type: 'suite'\n  ...\n1..1\n# tests 4\n# suites 1\n# pass 4\n# fail 0\n# cancelled 0\n# skipped 0\n# todo 0\n# duration_ms 7044.3953\nCan't clean tmpdir: c:\\workspace\\node-test-binary-windows-js-suites\\node\\test\\.tmp.674\nFiles blocking: [ 'dependency.js', 'dependency.mjs', 'test.js' ]\n\nc:\\workspace\\node-test-binary-windows-js-suites\\node\\test\\common\\tmpdir.js:69\n    throw e;\n    ^\n\nError: EBUSY: resource busy or locked, rmdir 'c:\\workspace\\node-test-binary-windows-js-suites\\node\\test\\.tmp.674'\n    at rmdirSync (node:fs:1217:11)\n    at _rmdirSync (node:internal/fs/rimraf:235:5)\n    at rimrafSync (node:internal/fs/rimraf:193:7)\n    at Object.rmSync (node:fs:1266:10)\n    at rmSync (c:\\workspace\\node-test-binary-windows-js-suites\\node\\test\\common\\tmpdir.js:20:8)\n    at onexit (c:\\workspace\\node-test-binary-windows-js-suites\\node\\test\\common\\tmpdir.js:54:5)\n    at process.<anonymous> (c:\\workspace\\node-test-binary-windows-js-suites\\node\\test\\common\\tmpdir.js:43:14)\n    at process.emit (node:events:532:35) {\n  errno: -4082,\n  code: 'EBUSY',\n  syscall: 'rmdir',\n  path: 'c:\\\\workspace\\\\node-test-binary-windows-js-suites\\\\node\\\\test\\\\.tmp.674'\n}\n\nNode.js v23.0.0-pre"},"time":7467.113,"fullname":"parallel/test-runner-watch-mode","closingTestPoint":false}},{"testName":"sequential/test-http-regr-gh-2928","timestamp":1714139703119,"status":"FAILED","jobName":"node-test-binary-windows-js-suites","config":"node-test-binary-windows-js-suites » 0,win2016-COMPILED_BY-vs2022-x86 #27415","buildUrl":"https://ci.nodejs.org/job/node-test-binary-windows-js-suites/RUN_SUBSET=0,nodes=win2016-COMPILED_BY-vs2022-x86/27415/","buildNumber":27415,"builtOn":"test-rackspace-win2016_vs2015-x64-1","nodeVersion":"23.0.0","commitHash":"b26c0c600b5785f1ee149fadeabc3d19f530d9ea","callStack":[{"upstreamBuild":62512,"upstreamProject":"node-test-commit-windows-fanned","upstreamUrl":"job/node-test-commit-windows-fanned/"},{"upstreamBuild":70255,"upstreamProject":"node-test-commit","upstreamUrl":"job/node-test-commit/"},{"upstreamBuild":58716,"upstreamProject":"node-test-pull-request","upstreamUrl":"job/node-test-pull-request/"},{"prId":"52692"}],"tap":{"ok":false,"name":"sequential/test-http-regr-gh-2928","id":971,"buffered":false,"tapError":null,"skip":false,"todo":false,"previous":null,"plan":null,"diag":{"severity":"fail","exitcode":3221226505,"stack":"."},"time":362.992,"fullname":"sequential/test-http-regr-gh-2928","closingTestPoint":false}},{"testName":"parallel/test-error-serdes","timestamp":1714139703119,"status":"FAILED","jobName":"node-test-binary-windows-js-suites","config":"node-test-binary-windows-js-suites » 2,win2022-COMPILED_BY-vs2022 #27415","buildUrl":"https://ci.nodejs.org/job/node-test-binary-windows-js-suites/RUN_SUBSET=2,nodes=win2022-COMPILED_BY-vs2022/27415/","buildNumber":27415,"builtOn":"test-rackspace-win2022_vs2022-x64-3","nodeVersion":"23.0.0","commitHash":"b26c0c600b5785f1ee149fadeabc3d19f530d9ea","callStack":[{"upstreamBuild":62512,"upstreamProject":"node-test-commit-windows-fanned","upstreamUrl":"job/node-test-commit-windows-fanned/"},{"upstreamBuild":70255,"upstreamProject":"node-test-commit","upstreamUrl":"job/node-test-commit/"},{"upstreamBuild":58716,"upstreamProject":"node-test-pull-request","upstreamUrl":"job/node-test-pull-request/"},{"prId":"52692"}],"tap":{"ok":false,"name":"parallel/test-error-serdes","id":945,"buffered":false,"tapError":null,"skip":false,"todo":false,"previous":null,"plan":null,"diag":{"severity":"fail","exitcode":1,"stack":"timeout"},"time":120199.567,"fullname":"parallel/test-error-serdes","closingTestPoint":false}},{"testName":"parallel/test-error-serdes","timestamp":1714139703119,"status":"FAILED","jobName":"node-test-binary-windows-js-suites","config":"node-test-binary-windows-js-suites » 2,win2019-COMPILED_BY-vs2022 #27415","buildUrl":"https://ci.nodejs.org/job/node-test-binary-windows-js-suites/RUN_SUBSET=2,nodes=win2019-COMPILED_BY-vs2022/27415/","buildNumber":27415,"builtOn":"test-rackspace-win2019_vs2019-x64-1","nodeVersion":"23.0.0","commitHash":"b26c0c600b5785f1ee149fadeabc3d19f530d9ea","callStack":[{"upstreamBuild":62512,"upstreamProject":"node-test-commit-windows-fanned","upstreamUrl":"job/node-test-commit-windows-fanned/"},{"upstreamBuild":70255,"upstreamProject":"node-test-commit","upstreamUrl":"job/node-test-commit/"},{"upstreamBuild":58716,"upstreamProject":"node-test-pull-request","upstreamUrl":"job/node-test-pull-request/"},{"prId":"52692"}],"tap":{"ok":false,"name":"parallel/test-error-serdes","id":945,"buffered":false,"tapError":null,"skip":false,"todo":false,"previous":null,"plan":null,"diag":{"severity":"fail","exitcode":1,"stack":"timeout"},"time":120217.642,"fullname":"parallel/test-error-serdes","closingTestPoint":false}}]}