{"failedTests":[{"testName":"parallel/test-worker-arraybuffer-zerofill","timestamp":1714206901878,"status":"FAILED","jobName":"node-test-binary-windows-js-suites","config":"node-test-binary-windows-js-suites » 2,win2022-COMPILED_BY-vs2022 #27427","buildUrl":"https://ci.nodejs.org/job/node-test-binary-windows-js-suites/RUN_SUBSET=2,nodes=win2022-COMPILED_BY-vs2022/27427/","buildNumber":27427,"builtOn":"test-rackspace-win2022_vs2022-x64-3","nodeVersion":"23.0.0","commitHash":"905c4812a3af767fb02786c571587bb1bdda2eeb","callStack":[{"upstreamBuild":62528,"upstreamProject":"node-test-commit-windows-fanned","upstreamUrl":"job/node-test-commit-windows-fanned/"},{"upstreamBuild":70281,"upstreamProject":"node-test-commit","upstreamUrl":"job/node-test-commit/"},{"upstreamBuild":58741,"upstreamProject":"node-test-pull-request","upstreamUrl":"job/node-test-pull-request/"},{"prId":"52692"}],"tap":{"ok":false,"name":"parallel/test-worker-arraybuffer-zerofill","id":959,"buffered":false,"tapError":null,"skip":false,"todo":": Fix flaky test","previous":null,"plan":null,"diag":{"severity":"fail","exitcode":1,"stack":"timeout"},"time":120177.144,"fullname":"parallel/test-worker-arraybuffer-zerofill","closingTestPoint":false}},{"testName":"parallel/test-child-process-execfile","timestamp":1714206901878,"status":"REGRESSION","jobName":"node-test-binary-windows-js-suites","config":"node-test-binary-windows-js-suites » 1,win2019-COMPILED_BY-vs2022 #27427","buildUrl":"https://ci.nodejs.org/job/node-test-binary-windows-js-suites/RUN_SUBSET=1,nodes=win2019-COMPILED_BY-vs2022/27427/","buildNumber":27427,"builtOn":"test-rackspace-win2019_vs2019-x64-1","nodeVersion":"23.0.0","commitHash":"905c4812a3af767fb02786c571587bb1bdda2eeb","callStack":[{"upstreamBuild":62528,"upstreamProject":"node-test-commit-windows-fanned","upstreamUrl":"job/node-test-commit-windows-fanned/"},{"upstreamBuild":70281,"upstreamProject":"node-test-commit","upstreamUrl":"job/node-test-commit/"},{"upstreamBuild":58741,"upstreamProject":"node-test-pull-request","upstreamUrl":"job/node-test-pull-request/"},{"prId":"52692"}],"tap":{"ok":false,"name":"parallel/test-child-process-execfile","id":103,"buffered":false,"tapError":null,"skip":false,"todo":false,"previous":null,"plan":null,"diag":{"severity":"crashed","exitcode":3221225725,"stack":""},"time":416.98,"fullname":"parallel/test-child-process-execfile","closingTestPoint":false}},{"testName":"parallel/test-child-process-exec-maxbuf","timestamp":1714206901878,"status":"REGRESSION","jobName":"node-test-binary-windows-js-suites","config":"node-test-binary-windows-js-suites » 1,win2019-COMPILED_BY-vs2022 #27427","buildUrl":"https://ci.nodejs.org/job/node-test-binary-windows-js-suites/RUN_SUBSET=1,nodes=win2019-COMPILED_BY-vs2022/27427/","buildNumber":27427,"builtOn":"test-rackspace-win2019_vs2019-x64-1","nodeVersion":"23.0.0","commitHash":"905c4812a3af767fb02786c571587bb1bdda2eeb","callStack":[{"upstreamBuild":62528,"upstreamProject":"node-test-commit-windows-fanned","upstreamUrl":"job/node-test-commit-windows-fanned/"},{"upstreamBuild":70281,"upstreamProject":"node-test-commit","upstreamUrl":"job/node-test-commit/"},{"upstreamBuild":58741,"upstreamProject":"node-test-pull-request","upstreamUrl":"job/node-test-pull-request/"},{"prId":"52692"}],"tap":{"ok":false,"name":"parallel/test-child-process-exec-maxbuf","id":104,"buffered":false,"tapError":null,"skip":false,"todo":false,"previous":null,"plan":null,"diag":{"severity":"fail","exitcode":1,"stack":"node:internal/child_process:421\n    throw new ErrnoException(err, 'spawn');\n    ^\n\nError: spawn UNKNOWN\n    at ChildProcess.spawn (node:internal/child_process:421:11)\n    at spawn (node:child_process:760:9)\n    at Object.execFile (node:child_process:350:17)\n    at Object.exec (node:child_process:233:25)\n    at Object.<anonymous> (C:\\workspace\\node-test-binary-windows-js-suites\\node\\test\\parallel\\test-child-process-exec-maxbuf.js:116:20)\n    at Module._compile (node:internal/modules/cjs/loader:1476:14)\n    at Module._extensions..js (node:internal/modules/cjs/loader:1555:10)\n    at Module.load (node:internal/modules/cjs/loader:1288:32)\n    at Module._load (node:internal/modules/cjs/loader:1104:12)\n    at Function.executeUserEntryPoint [as runMain] (node:internal/modules/run_main:191:14) {\n  errno: -4094,\n  code: 'UNKNOWN',\n  syscall: 'spawn'\n}\n\nNode.js v23.0.0-pre"},"time":720.024,"fullname":"parallel/test-child-process-exec-maxbuf","closingTestPoint":false}},{"testName":"parallel/test-child-process-exec-encoding","timestamp":1714206901878,"status":"REGRESSION","jobName":"node-test-binary-windows-js-suites","config":"node-test-binary-windows-js-suites » 1,win2019-COMPILED_BY-vs2022 #27427","buildUrl":"https://ci.nodejs.org/job/node-test-binary-windows-js-suites/RUN_SUBSET=1,nodes=win2019-COMPILED_BY-vs2022/27427/","buildNumber":27427,"builtOn":"test-rackspace-win2019_vs2019-x64-1","nodeVersion":"23.0.0","commitHash":"905c4812a3af767fb02786c571587bb1bdda2eeb","callStack":[{"upstreamBuild":62528,"upstreamProject":"node-test-commit-windows-fanned","upstreamUrl":"job/node-test-commit-windows-fanned/"},{"upstreamBuild":70281,"upstreamProject":"node-test-commit","upstreamUrl":"job/node-test-commit/"},{"upstreamBuild":58741,"upstreamProject":"node-test-pull-request","upstreamUrl":"job/node-test-pull-request/"},{"prId":"52692"}],"tap":{"ok":false,"name":"parallel/test-child-process-exec-encoding","id":105,"buffered":false,"tapError":null,"skip":false,"todo":false,"previous":null,"plan":null,"diag":{"severity":"fail","exitcode":1,"stack":"node:assert:1000\n    throw newErr;\n    ^\n\nAssertionError [ERR_ASSERTION]: ifError got unwanted exception: Command failed: \"C:\\workspace\\node-test-binary-windows-js-suites\\node\\Release\\node.exe\" \"C:\\workspace\\node-test-binary-windows-js-suites\\node\\test\\parallel\\test-child-process-exec-encoding.js\" child\n\n    at C:\\workspace\\node-test-binary-windows-js-suites\\node\\test\\common\\index.js:432:12\n    at C:\\workspace\\node-test-binary-windows-js-suites\\node\\test\\common\\index.js:469:15\n    at ChildProcess.exithandler (node:child_process:429:5)\n    at genericNodeError (node:internal/errors:984:15)\n    at wrappedFn (node:internal/errors:538:14)\n    at ChildProcess.exithandler (node:child_process:421:12)\n    at ChildProcess.emit (node:events:520:28)\n    at maybeClose (node:internal/child_process:1105:16)\n    at ChildProcess._handle.onexit (node:internal/child_process:305:5) {\n  generatedMessage: false,\n  code: 'ERR_ASSERTION',\n  actual: Error: Command failed: \"C:\\workspace\\node-test-binary-windows-js-suites\\node\\Release\\node.exe\" \"C:\\workspace\\node-test-binary-windows-js-suites\\node\\test\\parallel\\test-child-process-exec-encoding.js\" child\n  \n      at genericNodeError (node:internal/errors:984:15)\n      at wrappedFn (node:internal/errors:538:14)\n      at ChildProcess.exithandler (node:child_process:421:12)\n      at ChildProcess.emit (node:events:520:28)\n      at maybeClose (node:internal/child_process:1105:16)\n      at ChildProcess._handle.onexit (node:internal/child_process:305:5) {\n    code: 3221225725,\n    killed: false,\n    signal: null,\n    cmd: '\"C:\\\\workspace\\\\node-test-binary-windows-js-suites\\\\node\\\\Release\\\\node.exe\" \"C:\\\\workspace\\\\node-test-binary-windows-js-suites\\\\node\\\\test\\\\parallel\\\\test-child-process-exec-encoding.js\" child'\n  },\n  expected: null,\n  operator: 'ifError'\n}\n\nNode.js v23.0.0-pre"},"time":902.03,"fullname":"parallel/test-child-process-exec-encoding","closingTestPoint":false}},{"testName":"parallel/test-child-process-flush-stdio","timestamp":1714206901878,"status":"REGRESSION","jobName":"node-test-binary-windows-js-suites","config":"node-test-binary-windows-js-suites » 1,win2019-COMPILED_BY-vs2022 #27427","buildUrl":"https://ci.nodejs.org/job/node-test-binary-windows-js-suites/RUN_SUBSET=1,nodes=win2019-COMPILED_BY-vs2022/27427/","buildNumber":27427,"builtOn":"test-rackspace-win2019_vs2019-x64-1","nodeVersion":"23.0.0","commitHash":"905c4812a3af767fb02786c571587bb1bdda2eeb","callStack":[{"upstreamBuild":62528,"upstreamProject":"node-test-commit-windows-fanned","upstreamUrl":"job/node-test-commit-windows-fanned/"},{"upstreamBuild":70281,"upstreamProject":"node-test-commit","upstreamUrl":"job/node-test-commit/"},{"upstreamBuild":58741,"upstreamProject":"node-test-pull-request","upstreamUrl":"job/node-test-pull-request/"},{"prId":"52692"}],"tap":{"ok":false,"name":"parallel/test-child-process-flush-stdio","id":109,"buffered":false,"tapError":null,"skip":false,"todo":false,"previous":null,"plan":null,"diag":{"severity":"fail","exitcode":3221226505,"stack":""},"time":793.017,"fullname":"parallel/test-child-process-flush-stdio","closingTestPoint":false}}]}