{"failedTests":[{"testName":"pummel/test-crypto-timing-safe-equal-benchmarks","timestamp":1714548281189,"status":"REGRESSION","jobName":"node-test-binary-windows-js-suites","config":"node-test-binary-windows-js-suites » 0,win11-COMPILED_BY-vs2022 #27496","buildUrl":"https://ci.nodejs.org/job/node-test-binary-windows-js-suites/RUN_SUBSET=0,nodes=win11-COMPILED_BY-vs2022/27496/","buildNumber":27496,"builtOn":"test-azure_msft-win11_vs2022-x64-1","nodeVersion":"23.0.0","commitHash":"c923ce7414e2c7135afb00847d7b2e071a4f2317","callStack":[{"upstreamBuild":62623,"upstreamProject":"node-test-commit-windows-fanned","upstreamUrl":"job/node-test-commit-windows-fanned/"},{"upstreamBuild":70391,"upstreamProject":"node-test-commit","upstreamUrl":"job/node-test-commit/"},{"upstreamBuild":3400,"upstreamProject":"node-daily-master","upstreamUrl":"job/node-daily-master/"}],"tap":{"ok":false,"name":"pummel/test-crypto-timing-safe-equal-benchmarks","id":945,"buffered":false,"tapError":null,"skip":false,"todo":false,"previous":null,"plan":null,"diag":{"severity":"fail","exitcode":1,"stack":"node:assert:408\n    throw err;\n    ^\n\nAssertionError [ERR_ASSERTION]: timingSafeEqual should not leak information from its execution time (t=4.048868831813895)\n    at Object.<anonymous> (c:\\workspace\\node-test-binary-windows-js-suites\\node\\test\\pummel\\test-crypto-timing-safe-equal-benchmarks.js:109:1)\n    at Module._compile (node:internal/modules/cjs/loader:1480:14)\n    at Module._extensions..js (node:internal/modules/cjs/loader:1564:10)\n    at Module.load (node:internal/modules/cjs/loader:1287:32)\n    at Module._load (node:internal/modules/cjs/loader:1103:12)\n    at Function.executeUserEntryPoint [as runMain] (node:internal/modules/run_main:168:12)\n    at node:internal/main/run_main_module:30:49 {\n  generatedMessage: false,\n  code: 'ERR_ASSERTION',\n  actual: false,\n  expected: true,\n  operator: '=='\n}\n\nNode.js v23.0.0-pre"},"time":4778.066,"fullname":"pummel/test-crypto-timing-safe-equal-benchmarks","closingTestPoint":false}},{"testName":"parallel/test-worker-arraybuffer-zerofill","timestamp":1714548281189,"status":"FAILED","jobName":"node-test-binary-windows-js-suites","config":"node-test-binary-windows-js-suites » 1,win2019-COMPILED_BY-vs2022 #27496","buildUrl":"https://ci.nodejs.org/job/node-test-binary-windows-js-suites/RUN_SUBSET=1,nodes=win2019-COMPILED_BY-vs2022/27496/","buildNumber":27496,"builtOn":"test-rackspace-win2019_vs2019-x64-2","nodeVersion":"23.0.0","commitHash":"c923ce7414e2c7135afb00847d7b2e071a4f2317","callStack":[{"upstreamBuild":62623,"upstreamProject":"node-test-commit-windows-fanned","upstreamUrl":"job/node-test-commit-windows-fanned/"},{"upstreamBuild":70391,"upstreamProject":"node-test-commit","upstreamUrl":"job/node-test-commit/"},{"upstreamBuild":3400,"upstreamProject":"node-daily-master","upstreamUrl":"job/node-daily-master/"}],"tap":{"ok":false,"name":"parallel/test-worker-arraybuffer-zerofill","id":953,"buffered":false,"tapError":null,"skip":false,"todo":": Fix flaky test","previous":null,"plan":null,"diag":{"severity":"fail","exitcode":1,"stack":"timeout"},"time":120212.648,"fullname":"parallel/test-worker-arraybuffer-zerofill","closingTestPoint":false}}]}