{"failedTests":[{"testName":"parallel/test-node-run","timestamp":1714703940192,"status":"FAILED","jobName":"node-test-binary-windows-js-suites","config":"node-test-binary-windows-js-suites » 1,win2016-COMPILED_BY-vs2022-x86 #27532","buildUrl":"https://ci.nodejs.org/job/node-test-binary-windows-js-suites/RUN_SUBSET=1,nodes=win2016-COMPILED_BY-vs2022-x86/27532/","buildNumber":27532,"builtOn":"test-rackspace-win2016_vs2015-x64-1","nodeVersion":"23.0.0","commitHash":"cf8fef91a03f05a2bb6e59381bf055de8b95af5c","callStack":[{"upstreamBuild":62681,"upstreamProject":"node-test-commit-windows-fanned","upstreamUrl":"job/node-test-commit-windows-fanned/"},{"upstreamBuild":70451,"upstreamProject":"node-test-commit","upstreamUrl":"job/node-test-commit/"},{"upstreamBuild":58883,"upstreamProject":"node-test-pull-request","upstreamUrl":"job/node-test-pull-request/"},{"prId":"52810"}],"tap":{"ok":false,"name":"parallel/test-node-run","id":590,"buffered":false,"tapError":null,"skip":false,"todo":false,"previous":null,"plan":null,"diag":{"severity":"fail","exitcode":1,"stack":"TAP version 13\n# Subtest: node run [command]\n    # Subtest: should emit experimental warning\n    ok 1 - should emit experimental warning\n      ---\n      duration_ms: 76.9189\n      ...\n    # Subtest: returns error on non-existent file\n    ok 2 - returns error on non-existent file\n      ---\n      duration_ms: 53.5206\n      ...\n    # Subtest: runs a valid command\n    ok 3 - runs a valid command\n      ---\n      duration_ms: 124.0683\n      ...\n    # Subtest: adds node_modules/.bin to path\n    ok 4 - adds node_modules/.bin to path\n      ---\n      duration_ms: 102.5367\n      ...\n    # Subtest: appends positional arguments\n    not ok 5 - appends positional arguments\n      ---\n      duration_ms: 148.4566\n      location: 'C:\\\\workspace\\\\node-test-binary-windows-js-suites\\\\node\\\\test\\\\parallel\\\\test-node-run.js:57:3'\n      failureType: 'testCodeFailure'\n      error: |-\n        The input did not match the regular expression /Arguments: '--help \"hello world test\" A B C'/. Input:\n        \n        `Arguments: ''--help \"hello world test\"' A B C'\\r\\n` +\n          'The total number of arguments are: 5\\r\\n'\n        \n      code: 'ERR_ASSERTION'\n      name: 'AssertionError'\n      expected:\n      actual: |-\n        Arguments: ''--help \"hello world test\"' A B C'\n        The total number of arguments are: 5\n        \n      operator: 'match'\n      stack: |-\n        TestContext.<anonymous> (C:\\workspace\\node-test-binary-windows-js-suites\\node\\test\\parallel\\test-node-run.js:63:12)\n        process.processTicksAndRejections (node:internal/process/task_queues:95:5)\n        async Test.run (node:internal/test_runner/test:748:9)\n        async Suite.processPendingSubtests (node:internal/test_runner/test:461:7)\n      ...\n    1..5\nnot ok 1 - node run [command]\n  ---\n  duration_ms: 511.3014\n  type: 'suite'\n  location: 'C:\\\\workspace\\\\node-test-binary-windows-js-suites\\\\node\\\\test\\\\parallel\\\\test-node-run.js:11:1'\n  failureType: 'subtestsFailed'\n  error: '1 subtest failed'\n  code: 'ERR_TEST_FAILURE'\n  ...\n1..1\n# tests 5\n# suites 1\n# pass 4\n# fail 1\n# cancelled 0\n# skipped 0\n# todo 0\n# duration_ms 537.432"},"time":1003.604,"fullname":"parallel/test-node-run","closingTestPoint":false}},{"testName":"parallel/test-runner-watch-mode","timestamp":1714703940192,"status":"FAILED","jobName":"node-test-binary-windows-js-suites","config":"node-test-binary-windows-js-suites » 0,win10-COMPILED_BY-vs2022 #27532","buildUrl":"https://ci.nodejs.org/job/node-test-binary-windows-js-suites/RUN_SUBSET=0,nodes=win10-COMPILED_BY-vs2022/27532/","buildNumber":27532,"builtOn":"test-azure_msft-win10_vs2019-x64-1","nodeVersion":"23.0.0","commitHash":"cf8fef91a03f05a2bb6e59381bf055de8b95af5c","callStack":[{"upstreamBuild":62681,"upstreamProject":"node-test-commit-windows-fanned","upstreamUrl":"job/node-test-commit-windows-fanned/"},{"upstreamBuild":70451,"upstreamProject":"node-test-commit","upstreamUrl":"job/node-test-commit/"},{"upstreamBuild":58883,"upstreamProject":"node-test-pull-request","upstreamUrl":"job/node-test-pull-request/"},{"prId":"52810"}],"tap":{"ok":false,"name":"parallel/test-runner-watch-mode","id":702,"buffered":false,"tapError":null,"skip":false,"todo":": Fix flaky test","previous":null,"plan":null,"diag":{"severity":"flaky","exitcode":1,"stack":"TAP version 13\n# Subtest: test runner watch mode\n    # Subtest: should run tests repeatedly\n    ok 1 - should run tests repeatedly\n      ---\n      duration_ms: 1766.0867\n      ...\n    # Subtest: should run tests with dependency repeatedly\n    ok 2 - should run tests with dependency repeatedly\n      ---\n      duration_ms: 1887.3735\n      ...\n    # Subtest: should run tests with ESM dependency\n    ok 3 - should run tests with ESM dependency\n      ---\n      duration_ms: 1597.8716\n      ...\n    # Subtest: should support running tests without a file\n    ok 4 - should support running tests without a file\n      ---\n      duration_ms: 1752.2012\n      ...\n    1..4\nok 1 - test runner watch mode\n  ---\n  duration_ms: 7007.158\n  type: 'suite'\n  ...\n1..1\n# tests 4\n# suites 1\n# pass 4\n# fail 0\n# cancelled 0\n# skipped 0\n# todo 0\n# duration_ms 7052.8099\nCan't clean tmpdir: c:\\workspace\\node-test-binary-windows-js-suites\\node\\test\\.tmp.675\nFiles blocking: [ 'dependency.js', 'dependency.mjs', 'test.js' ]\n\nc:\\workspace\\node-test-binary-windows-js-suites\\node\\test\\common\\tmpdir.js:69\n    throw e;\n    ^\n\nError: EBUSY: resource busy or locked, rmdir 'c:\\workspace\\node-test-binary-windows-js-suites\\node\\test\\.tmp.675'\n    at rmdirSync (node:fs:1217:11)\n    at _rmdirSync (node:internal/fs/rimraf:235:5)\n    at rimrafSync (node:internal/fs/rimraf:193:7)\n    at Object.rmSync (node:fs:1266:10)\n    at rmSync (c:\\workspace\\node-test-binary-windows-js-suites\\node\\test\\common\\tmpdir.js:20:8)\n    at onexit (c:\\workspace\\node-test-binary-windows-js-suites\\node\\test\\common\\tmpdir.js:54:5)\n    at process.<anonymous> (c:\\workspace\\node-test-binary-windows-js-suites\\node\\test\\common\\tmpdir.js:43:14)\n    at process.emit (node:events:532:35) {\n  errno: -4082,\n  code: 'EBUSY',\n  syscall: 'rmdir',\n  path: 'c:\\\\workspace\\\\node-test-binary-windows-js-suites\\\\node\\\\test\\\\.tmp.675'\n}\n\nNode.js v23.0.0-pre"},"time":7546.09,"fullname":"parallel/test-runner-watch-mode","closingTestPoint":false}},{"testName":"parallel/test-node-run","timestamp":1714703940192,"status":"FAILED","jobName":"node-test-binary-windows-js-suites","config":"node-test-binary-windows-js-suites » 1,win2019-COMPILED_BY-vs2022 #27532","buildUrl":"https://ci.nodejs.org/job/node-test-binary-windows-js-suites/RUN_SUBSET=1,nodes=win2019-COMPILED_BY-vs2022/27532/","buildNumber":27532,"builtOn":"test-rackspace-win2019_vs2019-x64-2","nodeVersion":"23.0.0","commitHash":"cf8fef91a03f05a2bb6e59381bf055de8b95af5c","callStack":[{"upstreamBuild":62681,"upstreamProject":"node-test-commit-windows-fanned","upstreamUrl":"job/node-test-commit-windows-fanned/"},{"upstreamBuild":70451,"upstreamProject":"node-test-commit","upstreamUrl":"job/node-test-commit/"},{"upstreamBuild":58883,"upstreamProject":"node-test-pull-request","upstreamUrl":"job/node-test-pull-request/"},{"prId":"52810"}],"tap":{"ok":false,"name":"parallel/test-node-run","id":589,"buffered":false,"tapError":null,"skip":false,"todo":false,"previous":null,"plan":null,"diag":{"severity":"fail","exitcode":1,"stack":"TAP version 13\n# Subtest: node run [command]\n    # Subtest: should emit experimental warning\n    ok 1 - should emit experimental warning\n      ---\n      duration_ms: 62.7654\n      ...\n    # Subtest: returns error on non-existent file\n    ok 2 - returns error on non-existent file\n      ---\n      duration_ms: 61.7556\n      ...\n    # Subtest: runs a valid command\n    ok 3 - runs a valid command\n      ---\n      duration_ms: 89.563\n      ...\n    # Subtest: adds node_modules/.bin to path\n    ok 4 - adds node_modules/.bin to path\n      ---\n      duration_ms: 91.4322\n      ...\n    # Subtest: appends positional arguments\n    not ok 5 - appends positional arguments\n      ---\n      duration_ms: 104.0261\n      location: 'C:\\\\workspace\\\\node-test-binary-windows-js-suites\\\\node\\\\test\\\\parallel\\\\test-node-run.js:57:3'\n      failureType: 'testCodeFailure'\n      error: |-\n        The input did not match the regular expression /Arguments: '--help \"hello world test\" A B C'/. Input:\n        \n        `Arguments: ''--help \"hello world test\"' A B C'\\r\\n` +\n          'The total number of arguments are: 5\\r\\n'\n        \n      code: 'ERR_ASSERTION'\n      name: 'AssertionError'\n      expected:\n      actual: |-\n        Arguments: ''--help \"hello world test\"' A B C'\n        The total number of arguments are: 5\n        \n      operator: 'match'\n      stack: |-\n        TestContext.<anonymous> (C:\\workspace\\node-test-binary-windows-js-suites\\node\\test\\parallel\\test-node-run.js:63:12)\n        process.processTicksAndRejections (node:internal/process/task_queues:95:5)\n        async Test.run (node:internal/test_runner/test:748:9)\n        async Suite.processPendingSubtests (node:internal/test_runner/test:461:7)\n      ...\n    1..5\nnot ok 1 - node run [command]\n  ---\n  duration_ms: 414.4599\n  type: 'suite'\n  location: 'C:\\\\workspace\\\\node-test-binary-windows-js-suites\\\\node\\\\test\\\\parallel\\\\test-node-run.js:11:1'\n  failureType: 'subtestsFailed'\n  error: '1 subtest failed'\n  code: 'ERR_TEST_FAILURE'\n  ...\n1..1\n# tests 5\n# suites 1\n# pass 4\n# fail 1\n# cancelled 0\n# skipped 0\n# todo 0\n# duration_ms 434.0234"},"time":847.002,"fullname":"parallel/test-node-run","closingTestPoint":false}},{"testName":"parallel/test-node-run","timestamp":1714703940192,"status":"FAILED","jobName":"node-test-binary-windows-js-suites","config":"node-test-binary-windows-js-suites » 1,win11-COMPILED_BY-vs2022 #27532","buildUrl":"https://ci.nodejs.org/job/node-test-binary-windows-js-suites/RUN_SUBSET=1,nodes=win11-COMPILED_BY-vs2022/27532/","buildNumber":27532,"builtOn":"test-azure_msft-win11_vs2022-x64-1","nodeVersion":"23.0.0","commitHash":"cf8fef91a03f05a2bb6e59381bf055de8b95af5c","callStack":[{"upstreamBuild":62681,"upstreamProject":"node-test-commit-windows-fanned","upstreamUrl":"job/node-test-commit-windows-fanned/"},{"upstreamBuild":70451,"upstreamProject":"node-test-commit","upstreamUrl":"job/node-test-commit/"},{"upstreamBuild":58883,"upstreamProject":"node-test-pull-request","upstreamUrl":"job/node-test-pull-request/"},{"prId":"52810"}],"tap":{"ok":false,"name":"parallel/test-node-run","id":585,"buffered":false,"tapError":null,"skip":false,"todo":false,"previous":null,"plan":null,"diag":{"severity":"fail","exitcode":1,"stack":"TAP version 13\n# Subtest: node run [command]\n    # Subtest: should emit experimental warning\n    ok 1 - should emit experimental warning\n      ---\n      duration_ms: 77.1212\n      ...\n    # Subtest: returns error on non-existent file\n    ok 2 - returns error on non-existent file\n      ---\n      duration_ms: 45.2856\n      ...\n    # Subtest: runs a valid command\n    ok 3 - runs a valid command\n      ---\n      duration_ms: 109.1465\n      ...\n    # Subtest: adds node_modules/.bin to path\n    ok 4 - adds node_modules/.bin to path\n      ---\n      duration_ms: 88.0169\n      ...\n    # Subtest: appends positional arguments\n    not ok 5 - appends positional arguments\n      ---\n      duration_ms: 113.1846\n      location: 'c:\\\\workspace\\\\node-test-binary-windows-js-suites\\\\node\\\\test\\\\parallel\\\\test-node-run.js:57:3'\n      failureType: 'testCodeFailure'\n      error: |-\n        The input did not match the regular expression /Arguments: '--help \"hello world test\" A B C'/. Input:\n        \n        `Arguments: ''--help \"hello world test\"' A B C'\\r\\n` +\n          'The total number of arguments are: 5\\r\\n'\n        \n      code: 'ERR_ASSERTION'\n      name: 'AssertionError'\n      expected:\n      actual: |-\n        Arguments: ''--help \"hello world test\"' A B C'\n        The total number of arguments are: 5\n        \n      operator: 'match'\n      stack: |-\n        TestContext.<anonymous> (c:\\workspace\\node-test-binary-windows-js-suites\\node\\test\\parallel\\test-node-run.js:63:12)\n        process.processTicksAndRejections (node:internal/process/task_queues:95:5)\n        async Test.run (node:internal/test_runner/test:748:9)\n        async Suite.processPendingSubtests (node:internal/test_runner/test:461:7)\n      ...\n    1..5\nnot ok 1 - node run [command]\n  ---\n  duration_ms: 435.4862\n  type: 'suite'\n  location: 'c:\\\\workspace\\\\node-test-binary-windows-js-suites\\\\node\\\\test\\\\parallel\\\\test-node-run.js:11:1'\n  failureType: 'subtestsFailed'\n  error: '1 subtest failed'\n  code: 'ERR_TEST_FAILURE'\n  ...\n1..1\n# tests 5\n# suites 1\n# pass 4\n# fail 1\n# cancelled 0\n# skipped 0\n# todo 0\n# duration_ms 446.7781"},"time":684.006,"fullname":"parallel/test-node-run","closingTestPoint":false}},{"testName":"parallel/test-node-run","timestamp":1714703940192,"status":"FAILED","jobName":"node-test-binary-windows-js-suites","config":"node-test-binary-windows-js-suites » 1,win10-COMPILED_BY-vs2022 #27532","buildUrl":"https://ci.nodejs.org/job/node-test-binary-windows-js-suites/RUN_SUBSET=1,nodes=win10-COMPILED_BY-vs2022/27532/","buildNumber":27532,"builtOn":"test-azure_msft-win10_vs2019-x64-2","nodeVersion":"23.0.0","commitHash":"cf8fef91a03f05a2bb6e59381bf055de8b95af5c","callStack":[{"upstreamBuild":62681,"upstreamProject":"node-test-commit-windows-fanned","upstreamUrl":"job/node-test-commit-windows-fanned/"},{"upstreamBuild":70451,"upstreamProject":"node-test-commit","upstreamUrl":"job/node-test-commit/"},{"upstreamBuild":58883,"upstreamProject":"node-test-pull-request","upstreamUrl":"job/node-test-pull-request/"},{"prId":"52810"}],"tap":{"ok":false,"name":"parallel/test-node-run","id":584,"buffered":false,"tapError":null,"skip":false,"todo":false,"previous":null,"plan":null,"diag":{"severity":"fail","exitcode":1,"stack":"TAP version 13\n# Subtest: node run [command]\n    # Subtest: should emit experimental warning\n    ok 1 - should emit experimental warning\n      ---\n      duration_ms: 33.7482\n      ...\n    # Subtest: returns error on non-existent file\n    ok 2 - returns error on non-existent file\n      ---\n      duration_ms: 38.6168\n      ...\n    # Subtest: runs a valid command\n    ok 3 - runs a valid command\n      ---\n      duration_ms: 63.3934\n      ...\n    # Subtest: adds node_modules/.bin to path\n    ok 4 - adds node_modules/.bin to path\n      ---\n      duration_ms: 80.5902\n      ...\n    # Subtest: appends positional arguments\n    not ok 5 - appends positional arguments\n      ---\n      duration_ms: 70.9008\n      location: 'c:\\\\workspace\\\\node-test-binary-windows-js-suites\\\\node\\\\test\\\\parallel\\\\test-node-run.js:57:3'\n      failureType: 'testCodeFailure'\n      error: |-\n        The input did not match the regular expression /Arguments: '--help \"hello world test\" A B C'/. Input:\n        \n        `Arguments: ''--help \"hello world test\"' A B C'\\r\\n` +\n          'The total number of arguments are: 5\\r\\n'\n        \n      code: 'ERR_ASSERTION'\n      name: 'AssertionError'\n      expected:\n      actual: |-\n        Arguments: ''--help \"hello world test\"' A B C'\n        The total number of arguments are: 5\n        \n      operator: 'match'\n      stack: |-\n        TestContext.<anonymous> (c:\\workspace\\node-test-binary-windows-js-suites\\node\\test\\parallel\\test-node-run.js:63:12)\n        process.processTicksAndRejections (node:internal/process/task_queues:95:5)\n        async Test.run (node:internal/test_runner/test:748:9)\n        async Suite.processPendingSubtests (node:internal/test_runner/test:461:7)\n      ...\n    1..5\nnot ok 1 - node run [command]\n  ---\n  duration_ms: 289.5911\n  type: 'suite'\n  location: 'c:\\\\workspace\\\\node-test-binary-windows-js-suites\\\\node\\\\test\\\\parallel\\\\test-node-run.js:11:1'\n  failureType: 'subtestsFailed'\n  error: '1 subtest failed'\n  code: 'ERR_TEST_FAILURE'\n  ...\n1..1\n# tests 5\n# suites 1\n# pass 4\n# fail 1\n# cancelled 0\n# skipped 0\n# todo 0\n# duration_ms 299.1022"},"time":490.001,"fullname":"parallel/test-node-run","closingTestPoint":false}},{"testName":"parallel/test-node-run","timestamp":1714703940192,"status":"FAILED","jobName":"node-test-binary-windows-js-suites","config":"node-test-binary-windows-js-suites » 2,win11-arm64-COMPILED_BY-vs2022-arm64 #27532","buildUrl":"https://ci.nodejs.org/job/node-test-binary-windows-js-suites/RUN_SUBSET=2,nodes=win11-arm64-COMPILED_BY-vs2022-arm64/27532/","buildNumber":27532,"builtOn":"test-azure_msft-win11_vs2022-arm64-5","nodeVersion":"23.0.0","commitHash":"cf8fef91a03f05a2bb6e59381bf055de8b95af5c","callStack":[{"upstreamBuild":62681,"upstreamProject":"node-test-commit-windows-fanned","upstreamUrl":"job/node-test-commit-windows-fanned/"},{"upstreamBuild":70451,"upstreamProject":"node-test-commit","upstreamUrl":"job/node-test-commit/"},{"upstreamBuild":58883,"upstreamProject":"node-test-pull-request","upstreamUrl":"job/node-test-pull-request/"},{"prId":"52810"}],"tap":{"ok":false,"name":"parallel/test-node-run","id":587,"buffered":false,"tapError":null,"skip":false,"todo":false,"previous":null,"plan":null,"diag":{"severity":"fail","exitcode":1,"stack":"TAP version 13\n# Subtest: node run [command]\n    # Subtest: should emit experimental warning\n    ok 1 - should emit experimental warning\n      ---\n      duration_ms: 47.7867\n      ...\n    # Subtest: returns error on non-existent file\n    ok 2 - returns error on non-existent file\n      ---\n      duration_ms: 35.8857\n      ...\n    # Subtest: runs a valid command\n    ok 3 - runs a valid command\n      ---\n      duration_ms: 65.467\n      ...\n    # Subtest: adds node_modules/.bin to path\n    ok 4 - adds node_modules/.bin to path\n      ---\n      duration_ms: 82.2859\n      ...\n    # Subtest: appends positional arguments\n    not ok 5 - appends positional arguments\n      ---\n      duration_ms: 79.599\n      location: 'd:\\\\workspace\\\\node-test-binary-windows-js-suites\\\\node\\\\test\\\\parallel\\\\test-node-run.js:57:3'\n      failureType: 'testCodeFailure'\n      error: |-\n        The input did not match the regular expression /Arguments: '--help \"hello world test\" A B C'/. Input:\n        \n        `Arguments: ''--help \"hello world test\"' A B C'\\r\\n` +\n          'The total number of arguments are: 5\\r\\n'\n        \n      code: 'ERR_ASSERTION'\n      name: 'AssertionError'\n      expected:\n      actual: |-\n        Arguments: ''--help \"hello world test\"' A B C'\n        The total number of arguments are: 5\n        \n      operator: 'match'\n      stack: |-\n        TestContext.<anonymous> (d:\\workspace\\node-test-binary-windows-js-suites\\node\\test\\parallel\\test-node-run.js:63:12)\n        process.processTicksAndRejections (node:internal/process/task_queues:95:5)\n        async Test.run (node:internal/test_runner/test:748:9)\n        async Suite.processPendingSubtests (node:internal/test_runner/test:461:7)\n      ...\n    1..5\nnot ok 1 - node run [command]\n  ---\n  duration_ms: 313.6631\n  type: 'suite'\n  location: 'd:\\\\workspace\\\\node-test-binary-windows-js-suites\\\\node\\\\test\\\\parallel\\\\test-node-run.js:11:1'\n  failureType: 'subtestsFailed'\n  error: '1 subtest failed'\n  code: 'ERR_TEST_FAILURE'\n  ...\n1..1\n# tests 5\n# suites 1\n# pass 4\n# fail 1\n# cancelled 0\n# skipped 0\n# todo 0\n# duration_ms 329.1714"},"time":732.999,"fullname":"parallel/test-node-run","closingTestPoint":false}},{"testName":"parallel/test-node-run","timestamp":1714703940192,"status":"FAILED","jobName":"node-test-binary-windows-js-suites","config":"node-test-binary-windows-js-suites » 1,win2022-COMPILED_BY-vs2022 #27532","buildUrl":"https://ci.nodejs.org/job/node-test-binary-windows-js-suites/RUN_SUBSET=1,nodes=win2022-COMPILED_BY-vs2022/27532/","buildNumber":27532,"builtOn":"test-rackspace-win2022_vs2022-x64-4","nodeVersion":"23.0.0","commitHash":"cf8fef91a03f05a2bb6e59381bf055de8b95af5c","callStack":[{"upstreamBuild":62681,"upstreamProject":"node-test-commit-windows-fanned","upstreamUrl":"job/node-test-commit-windows-fanned/"},{"upstreamBuild":70451,"upstreamProject":"node-test-commit","upstreamUrl":"job/node-test-commit/"},{"upstreamBuild":58883,"upstreamProject":"node-test-pull-request","upstreamUrl":"job/node-test-pull-request/"},{"prId":"52810"}],"tap":{"ok":false,"name":"parallel/test-node-run","id":588,"buffered":false,"tapError":null,"skip":false,"todo":false,"previous":null,"plan":null,"diag":{"severity":"fail","exitcode":1,"stack":"TAP version 13\n# Subtest: node run [command]\n    # Subtest: should emit experimental warning\n    ok 1 - should emit experimental warning\n      ---\n      duration_ms: 95.8902\n      ...\n    # Subtest: returns error on non-existent file\n    ok 2 - returns error on non-existent file\n      ---\n      duration_ms: 69.7936\n      ...\n    # Subtest: runs a valid command\n    ok 3 - runs a valid command\n      ---\n      duration_ms: 183.5737\n      ...\n    # Subtest: adds node_modules/.bin to path\n    ok 4 - adds node_modules/.bin to path\n      ---\n      duration_ms: 123.1992\n      ...\n    # Subtest: appends positional arguments\n    not ok 5 - appends positional arguments\n      ---\n      duration_ms: 198.2681\n      location: 'C:\\\\workspace\\\\node-test-binary-windows-js-suites\\\\node\\\\test\\\\parallel\\\\test-node-run.js:57:3'\n      failureType: 'testCodeFailure'\n      error: |-\n        The input did not match the regular expression /Arguments: '--help \"hello world test\" A B C'/. Input:\n        \n        `Arguments: ''--help \"hello world test\"' A B C'\\r\\n` +\n          'The total number of arguments are: 5\\r\\n'\n        \n      code: 'ERR_ASSERTION'\n      name: 'AssertionError'\n      expected:\n      actual: |-\n        Arguments: ''--help \"hello world test\"' A B C'\n        The total number of arguments are: 5\n        \n      operator: 'match'\n      stack: |-\n        TestContext.<anonymous> (C:\\workspace\\node-test-binary-windows-js-suites\\node\\test\\parallel\\test-node-run.js:63:12)\n        process.processTicksAndRejections (node:internal/process/task_queues:95:5)\n        async Test.run (node:internal/test_runner/test:748:9)\n        async Suite.processPendingSubtests (node:internal/test_runner/test:461:7)\n      ...\n    1..5\nnot ok 1 - node run [command]\n  ---\n  duration_ms: 680.6455\n  type: 'suite'\n  location: 'C:\\\\workspace\\\\node-test-binary-windows-js-suites\\\\node\\\\test\\\\parallel\\\\test-node-run.js:11:1'\n  failureType: 'subtestsFailed'\n  error: '1 subtest failed'\n  code: 'ERR_TEST_FAILURE'\n  ...\n1..1\n# tests 5\n# suites 1\n# pass 4\n# fail 1\n# cancelled 0\n# skipped 0\n# todo 0\n# duration_ms 712.7205"},"time":1224.011,"fullname":"parallel/test-node-run","closingTestPoint":false}}]}