{"failedTests":[{"testName":"parallel/test-debugger-break","timestamp":1715368236955,"status":"REGRESSION","jobName":"node-test-binary-windows-js-suites","config":"node-test-binary-windows-js-suites » 0,win11-COMPILED_BY-vs2022 #27658","buildUrl":"https://ci.nodejs.org/job/node-test-binary-windows-js-suites/RUN_SUBSET=0,nodes=win11-COMPILED_BY-vs2022/27658/","buildNumber":27658,"builtOn":"test-azure_msft-win11_vs2022-x64-4","nodeVersion":"22.0.0","commitHash":"a55d9fa4371da6f7572ebb9ad5b76994810d342a","callStack":[{"upstreamBuild":62868,"upstreamProject":"node-test-commit-windows-fanned","upstreamUrl":"job/node-test-commit-windows-fanned/"},{"upstreamBuild":70677,"upstreamProject":"node-test-commit","upstreamUrl":"job/node-test-commit/"},{"upstreamBuild":59082,"upstreamProject":"node-test-pull-request","upstreamUrl":"job/node-test-pull-request/"},{"prId":"51589"}],"tap":{"ok":false,"name":"parallel/test-debugger-break","id":188,"buffered":false,"tapError":null,"skip":false,"todo":false,"previous":null,"plan":null,"diag":{"severity":"fail","exitcode":1,"stack":"node:internal/process/promises:391\n    triggerUncaughtException(err, true /* fromPromise */);\n    ^\n\nAssertionError [ERR_ASSERTION]: prints and marks current line\n    at c:\\workspace\\node-test-binary-windows-js-suites\\node\\test\\parallel\\test-debugger-break.js:67:10\n    at process.processTicksAndRejections (node:internal/process/task_queues:95:5) {\n  generatedMessage: false,\n  code: 'ERR_ASSERTION',\n  actual: ' 11 setTimeout(sayHello, 10);\\r\\n' +\n    ' 12 \\r\\n' +\n    ' 13 function otherFunction() {\\r\\n' +\n    \" 14   console.log('x = %d', x);\\r\\n\" +\n    ' 15 }\\r\\n' +\n    '>16 setTimeout(otherFunction, 50);\\r\\n' +\n    ' 17 \\n' +\n    'debug> ',\n  expected: />10 debugger;/,\n  operator: 'match'\n}\n\nNode.js v23.0.0-pre"},"time":487,"fullname":"parallel/test-debugger-break","closingTestPoint":false}},{"testName":"parallel/test-worker-arraybuffer-zerofill","timestamp":1715368236955,"status":"FAILED","jobName":"node-test-binary-windows-js-suites","config":"node-test-binary-windows-js-suites » 0,win2022-COMPILED_BY-vs2022 #27658","buildUrl":"https://ci.nodejs.org/job/node-test-binary-windows-js-suites/RUN_SUBSET=0,nodes=win2022-COMPILED_BY-vs2022/27658/","buildNumber":27658,"builtOn":"test-rackspace-win2022_vs2022-x64-1","nodeVersion":"22.0.0","commitHash":"a55d9fa4371da6f7572ebb9ad5b76994810d342a","callStack":[{"upstreamBuild":62868,"upstreamProject":"node-test-commit-windows-fanned","upstreamUrl":"job/node-test-commit-windows-fanned/"},{"upstreamBuild":70677,"upstreamProject":"node-test-commit","upstreamUrl":"job/node-test-commit/"},{"upstreamBuild":59082,"upstreamProject":"node-test-pull-request","upstreamUrl":"job/node-test-pull-request/"},{"prId":"51589"}],"tap":{"ok":false,"name":"parallel/test-worker-arraybuffer-zerofill","id":955,"buffered":false,"tapError":null,"skip":false,"todo":": Fix flaky test","previous":null,"plan":null,"diag":{"severity":"fail","exitcode":1,"stack":"timeout"},"time":120180.977,"fullname":"parallel/test-worker-arraybuffer-zerofill","closingTestPoint":false}}]}