{"failedTests":[{"testName":"parallel/test-buffer-failed-alloc-typed-arrays","timestamp":1715680839544,"status":"REGRESSION","jobName":"node-test-binary-windows-js-suites","config":"node-test-binary-windows-js-suites » 3,win2022-COMPILED_BY-vs2022 #27752","buildUrl":"https://ci.nodejs.org/job/node-test-binary-windows-js-suites/RUN_SUBSET=3,nodes=win2022-COMPILED_BY-vs2022/27752/","buildNumber":27752,"builtOn":"test-rackspace-win2022_vs2022-x64-6","nodeVersion":"23.0.0","commitHash":"aa15c0cf0dc568d8713e8bdd2febfef80d933dcc","callStack":[{"upstreamBuild":62988,"upstreamProject":"node-test-commit-windows-fanned","upstreamUrl":"job/node-test-commit-windows-fanned/"},{"upstreamBuild":70813,"upstreamProject":"node-test-commit","upstreamUrl":"job/node-test-commit/"},{"upstreamBuild":59207,"upstreamProject":"node-test-pull-request","upstreamUrl":"job/node-test-pull-request/"},{"prId":"49534"}],"tap":{"ok":false,"name":"parallel/test-buffer-failed-alloc-typed-arrays","id":90,"buffered":false,"tapError":null,"skip":false,"todo":false,"previous":null,"plan":null,"diag":{"severity":"fail","exitcode":134,"stack":"\n<--- Last few GCs --->\n[12932:0000021C3F571000]      111 ms: Mark-Compact (reduce) 4.8 (5.9) -> 3.9 (5.9) MB, pooled: 0 MB, 8.27 / 0.01 ms  (average mu = 0.922, current mu = 0.922) external memory pressure; GC in old space requested\n\n\n<--- JS stacktrace --->\n\nFATAL ERROR: Committing semi space failed. Allocation failed - JavaScript heap out of memory\n----- Native stack trace -----\n\n 1: 00007FF7B1C8455B \n 2: 00007FF7B1BF2904 \n 3: 00007FF7B285C411 \n 4: 00007FF7B2849236 \n 5: 00007FF7B2693450 \n 6: 00007FF7B264B453 \n 7: 00007FF7B269C515 \n 8: 00007FF7B268CDA2 \n 9: 00007FF7B2688995 \n10: 00007FF7B1F1D08D "},"time":298.022,"fullname":"parallel/test-buffer-failed-alloc-typed-arrays","closingTestPoint":false}},{"testName":"parallel/test-buffer-constructor-node-modules-paths","timestamp":1715680839544,"status":"REGRESSION","jobName":"node-test-binary-windows-js-suites","config":"node-test-binary-windows-js-suites » 3,win2022-COMPILED_BY-vs2022 #27752","buildUrl":"https://ci.nodejs.org/job/node-test-binary-windows-js-suites/RUN_SUBSET=3,nodes=win2022-COMPILED_BY-vs2022/27752/","buildNumber":27752,"builtOn":"test-rackspace-win2022_vs2022-x64-6","nodeVersion":"23.0.0","commitHash":"aa15c0cf0dc568d8713e8bdd2febfef80d933dcc","callStack":[{"upstreamBuild":62988,"upstreamProject":"node-test-commit-windows-fanned","upstreamUrl":"job/node-test-commit-windows-fanned/"},{"upstreamBuild":70813,"upstreamProject":"node-test-commit","upstreamUrl":"job/node-test-commit/"},{"upstreamBuild":59207,"upstreamProject":"node-test-pull-request","upstreamUrl":"job/node-test-pull-request/"},{"prId":"49534"}],"tap":{"ok":false,"name":"parallel/test-buffer-constructor-node-modules-paths","id":91,"buffered":false,"tapError":null,"skip":false,"todo":false,"previous":null,"plan":null,"diag":{"severity":"fail","exitcode":1,"stack":"node:assert:126\n  throw new AssertionError(obj);\n  ^\n\nAssertionError [ERR_ASSERTION]: Expected values to be strictly equal:\n+ actual - expected\n\n+ '#\\r\\n' +\n+   '# Fatal process out of memory: Re-embedded builtins: set permissions\\r\\n' +\n+   '#\\r\\n' +\n+   '----- Native stack trace -----\\r\\n' +\n+   '\\r\\n' +\n+   ' 1: 00007FF7B1C8455B \\r\\n' +\n+   ' 2: 00007FF7B1B71A1F \\r\\n' +\n+   ' 3: 00007FF7B2D11686 \\r\\n' +\n+   ' 4: 00007FF7B285C463 \\r\\n' +\n+   ' 5: 00007FF7B2849236 \\r\\n' +\n+   ' 6: 00007FF7B26DFA8A \\r\\n' +\n+   ' 7: 00007FF7B2707D2A \\r\\n' +\n+   ' 8: 00007FF7B2705D3A \\r\\n' +\n+   ' 9: 00007FF7B232A415 \\r\\n' +\n+   '10: 00007FF7B28520D1 \\r\\n' +\n+   '11: 00007FF7B1CC19FD \\r\\n' +\n+   '12: 00007FF7B1B9EF83 \\r\\n' +\n+   '13: 00007FF7B1C373C1 \\r\\n' +\n+   '14: 00007FF7B1C36157 \\r\\n' +\n+   '15: 00007FF7B197DB5C \\r\\n' +\n+   '16: 00007FF7B33448E8 \\r\\n' +\n+   '17: 00007FFFC3834CB0 \\r\\n' +\n+   '18: 00007FFFC3ADE8AB'\n- ''\n    at test (C:\\workspace\\node-test-binary-windows-js-suites\\node\\test\\parallel\\test-buffer-constructor-node-modules-paths.js:20:12)\n    at Object.<anonymous> (C:\\workspace\\node-test-binary-windows-js-suites\\node\\test\\parallel\\test-buffer-constructor-node-modules-paths.js:23:1)\n    at Module._compile (node:internal/modules/cjs/loader:1434:14)\n    at Module._extensions..js (node:internal/modules/cjs/loader:1518:10)\n    at Module.load (node:internal/modules/cjs/loader:1249:32)\n    at Module._load (node:internal/modules/cjs/loader:1065:12)\n    at Function.executeUserEntryPoint [as runMain] (node:internal/modules/run_main:158:12)\n    at node:internal/main/run_main_module:30:49 {\n  generatedMessage: true,\n  code: 'ERR_ASSERTION',\n  actual: '#\\r\\n' +\n    '# Fatal process out of memory: Re-embedded builtins: set permissions\\r\\n' +\n    '#\\r\\n' +\n    '----- Native stack trace -----\\r\\n' +\n    '\\r\\n' +\n    ' 1: 00007FF7B1C8455B \\r\\n' +\n    ' 2: 00007FF7B1B71A1F \\r\\n' +\n    ' 3: 00007FF7B2D11686 \\r\\n' +\n    ' 4: 00007FF7B285C463 \\r\\n' +\n    ' 5: 00007FF7B2849236 \\r\\n' +\n    ' 6: 00007FF7B26DFA8A \\r\\n' +\n    ' 7: 00007FF7B2707D2A \\r\\n' +\n    ' 8: 00007FF7B2705D3A \\r\\n' +\n    ' 9: 00007FF7B232A415 \\r\\n' +\n    '10: 00007FF7B28520D1 \\r\\n' +\n    '11: 00007FF7B1CC19FD \\r\\n' +\n    '12: 00007FF7B1B9EF83 \\r\\n' +\n    '13: 00007FF7B1C373C1 \\r\\n' +\n    '14: 00007FF7B1C36157 \\r\\n' +\n    '15: 00007FF7B197DB5C \\r\\n' +\n    '16: 00007FF7B33448E8 \\r\\n' +\n    '17: 00007FFFC3834CB0 \\r\\n' +\n    '18: 00007FFFC3ADE8AB',\n  expected: '',\n  operator: 'strictEqual'\n}\n\nNode.js v23.0.0-pre"},"time":427.006,"fullname":"parallel/test-buffer-constructor-node-modules-paths","closingTestPoint":false}},{"testName":"es-module/test-esm-loader-chaining","timestamp":1715680839544,"status":"FAILED","jobName":"node-test-binary-windows-js-suites","config":"node-test-binary-windows-js-suites » 3,win2022-COMPILED_BY-vs2022 #27752","buildUrl":"https://ci.nodejs.org/job/node-test-binary-windows-js-suites/RUN_SUBSET=3,nodes=win2022-COMPILED_BY-vs2022/27752/","buildNumber":27752,"builtOn":"test-rackspace-win2022_vs2022-x64-6","nodeVersion":"23.0.0","commitHash":"aa15c0cf0dc568d8713e8bdd2febfef80d933dcc","callStack":[{"upstreamBuild":62988,"upstreamProject":"node-test-commit-windows-fanned","upstreamUrl":"job/node-test-commit-windows-fanned/"},{"upstreamBuild":70813,"upstreamProject":"node-test-commit","upstreamUrl":"job/node-test-commit/"},{"upstreamBuild":59207,"upstreamProject":"node-test-pull-request","upstreamUrl":"job/node-test-pull-request/"},{"prId":"49534"}],"tap":{"ok":false,"name":"es-module/test-esm-loader-chaining","id":93,"buffered":false,"tapError":null,"skip":false,"todo":false,"previous":null,"plan":null,"diag":{"severity":"fail","exitcode":1,"stack":"TAP version 13\n# Subtest: ESM: loader chaining\n    # Subtest: should load unadulterated source when there are no loaders\n    ok 1 - should load unadulterated source when there are no loaders\n      ---\n      duration_ms: 387.294\n      ...\n    # Subtest: should load properly different source when only load changes something\n    ok 2 - should load properly different source when only load changes something\n      ---\n      duration_ms: 521.9375\n      ...\n    # Subtest: should result in proper output from multiple changes in resolve hooks\n    ok 3 - should result in proper output from multiple changes in resolve hooks\n      ---\n      duration_ms: 549.5452\n      ...\n    # Subtest: should respect modified context within resolve chain\n    ok 4 - should respect modified context within resolve chain\n      ---\n      duration_ms: 549.3734\n      ...\n    # Subtest: should accept only the correct arguments\n    ok 5 - should accept only the correct arguments\n      ---\n      duration_ms: 585.4336\n      ...\n    # Subtest: should result in proper output from multiple changes in resolve hooks\n    ok 6 - should result in proper output from multiple changes in resolve hooks\n      ---\n      duration_ms: 866.7341\n      ...\n    # Subtest: should provide the correct \"next\" fn when multiple calls to next within same loader\n    ok 7 - should provide the correct \"next\" fn when multiple calls to next within same loader\n      ---\n      duration_ms: 460.6557\n      ...\n    # Subtest: should use the correct `name` for next<HookName>'s function\n    ok 8 - should use the correct `name` for next<HookName>'s function\n      ---\n      duration_ms: 433.2551\n      ...\n    # Subtest: should throw for incomplete resolve chain, citing errant loader & hook\n    ok 9 - should throw for incomplete resolve chain, citing errant loader & hook\n      ---\n      duration_ms: 362.9155\n      ...\n    # Subtest: should NOT throw when nested resolve hook signaled a short circuit\n    ok 10 - should NOT throw when nested resolve hook signaled a short circuit\n      ---\n      duration_ms: 278.0663\n      ...\n    # Subtest: should NOT throw when nested load hook signaled a short circuit\n    ok 11 - should NOT throw when nested load hook signaled a short circuit\n      ---\n      duration_ms: 319.0113\n      ...\n    # Subtest: should allow loaders to influence subsequent loader resolutions\n    ok 12 - should allow loaders to influence subsequent loader resolutions\n      ---\n      duration_ms: 269.2653\n      ...\n    # Subtest: should throw when the resolve chain is broken\n    ok 13 - should throw when the resolve chain is broken\n      ---\n      duration_ms: 311.458\n      ...\n    # Subtest: should throw for incomplete load chain, citing errant loader & hook\n    ok 14 - should throw for incomplete load chain, citing errant loader & hook\n      ---\n      duration_ms: 247.5335\n      ...\n    # Subtest: should throw when the load chain is broken\n    ok 15 - should throw when the load chain is broken\n      ---\n      duration_ms: 254.1144\n      ...\n    # Subtest: should throw when invalid `specifier` argument passed to `nextResolve`\n    ok 16 - should throw when invalid `specifier` argument passed to `nextResolve`\n      ---\n      duration_ms: 237.6957\n      ...\n    # Subtest: should throw when resolve hook is invalid\n    not ok 17 - should throw when resolve hook is invalid\n      ---\n      duration_ms: 29.902\n      location: 'C:\\\\workspace\\\\node-test-binary-windows-js-suites\\\\node\\\\test\\\\es-module\\\\test-esm-loader-chaining.mjs:357:3'\n      failureType: 'testCodeFailure'\n      error: |-\n        Expected values to be strictly equal:\n        \n        3221225773 !== 1\n        \n      code: 'ERR_ASSERTION'\n      name: 'AssertionError'\n      expected: 1\n      actual: 3221225773\n      operator: 'strictEqual'\n      stack: |-\n        TestContext.<anonymous> (file:///C:/workspace/node-test-binary-windows-js-suites/node/test/es-module/test-esm-loader-chaining.mjs:370:12)\n        process.processTicksAndRejections (node:internal/process/task_queues:95:5)\n        async Test.run (node:internal/test_runner/test:825:9)\n        async Suite.processPendingSubtests (node:internal/test_runner/test:533:7)\n      ...\n    # Subtest: should throw when invalid `context` argument passed to `nextResolve`\n    not ok 18 - should throw when invalid `context` argument passed to `nextResolve`\n      ---\n      duration_ms: 6.0659\n      location: 'C:\\\\workspace\\\\node-test-binary-windows-js-suites\\\\node\\\\test\\\\es-module\\\\test-esm-loader-chaining.mjs:378:3'\n      failureType: 'testCodeFailure'\n      error: 'spawn UNKNOWN'\n      code: 'UNKNOWN'\n      stack: |-\n        ChildProcess.spawn (node:internal/child_process:421:11)\n        spawn (node:child_process:760:9)\n        spawnPromisified (C:\\workspace\\node-test-binary-windows-js-suites\\node\\test\\common\\index.js:882:17)\n        TestContext.<anonymous> (file:///C:/workspace/node-test-binary-windows-js-suites/node/test/es-module/test-esm-loader-chaining.mjs:379:36)\n        Test.runInAsyncScope (node:async_hooks:206:9)\n        Test.run (node:internal/test_runner/test:824:25)\n        Suite.processPendingSubtests (node:internal/test_runner/test:533:18)\n        Test.postRun (node:internal/test_runner/test:923:19)\n        Test.run (node:internal/test_runner/test:866:12)\n        process.processTicksAndRejections (node:internal/process/task_queues:95:5)\n      ...\n    # Subtest: should throw when load hook is invalid\n    not ok 19 - should throw when load hook is invalid\n      ---\n      duration_ms: 3.3663\n      location: 'C:\\\\workspace\\\\node-test-binary-windows-js-suites\\\\node\\\\test\\\\es-module\\\\test-esm-loader-chaining.mjs:397:3'\n      failureType: 'testCodeFailure'\n      error: 'spawn ENOMEM'\n      code: 'ENOMEM'\n      stack: |-\n        ChildProcess.spawn (node:internal/child_process:421:11)\n        spawn (node:child_process:760:9)\n        spawnPromisified (C:\\workspace\\node-test-binary-windows-js-suites\\node\\test\\common\\index.js:882:17)\n        TestContext.<anonymous> (file:///C:/workspace/node-test-binary-windows-js-suites/node/test/es-module/test-esm-loader-chaining.mjs:398:36)\n        Test.runInAsyncScope (node:async_hooks:206:9)\n        Test.run (node:internal/test_runner/test:824:25)\n        Suite.processPendingSubtests (node:internal/test_runner/test:533:18)\n        Test.postRun (node:internal/test_runner/test:923:19)\n        Test.run (node:internal/test_runner/test:866:12)\n        process.processTicksAndRejections (node:internal/process/task_queues:95:5)\n      ...\n    # Subtest: should throw when invalid `url` argument passed to `nextLoad`\n    not ok 20 - should throw when invalid `url` argument passed to `nextLoad`\n      ---\n      duration_ms: 3.506\n      location: 'C:\\\\workspace\\\\node-test-binary-windows-js-suites\\\\node\\\\test\\\\es-module\\\\test-esm-loader-chaining.mjs:418:3'\n      failureType: 'testCodeFailure'\n      error: 'spawn UNKNOWN'\n      code: 'UNKNOWN'\n      stack: |-\n        ChildProcess.spawn (node:internal/child_process:421:11)\n        spawn (node:child_process:760:9)\n        spawnPromisified (C:\\workspace\\node-test-binary-windows-js-suites\\node\\test\\common\\index.js:882:17)\n        TestContext.<anonymous> (file:///C:/workspace/node-test-binary-windows-js-suites/node/test/es-module/test-esm-loader-chaining.mjs:419:36)\n        Test.runInAsyncScope (node:async_hooks:206:9)\n        Test.run (node:internal/test_runner/test:824:25)\n        Suite.processPendingSubtests (node:internal/test_runner/test:533:18)\n        Test.postRun (node:internal/test_runner/test:923:19)\n        Test.run (node:internal/test_runner/test:866:12)\n        process.processTicksAndRejections (node:internal/process/task_queues:95:5)\n      ...\n    # Subtest: should throw when invalid `url` argument passed to `nextLoad`\n    not ok 21 - should throw when invalid `url` argument passed to `nextLoad`\n      ---\n      duration_ms: 3.6261\n      location: 'C:\\\\workspace\\\\node-test-binary-windows-js-suites\\\\node\\\\test\\\\es-module\\\\test-esm-loader-chaining.mjs:437:3'\n      failureType: 'testCodeFailure'\n      error: 'spawn UNKNOWN'\n      code: 'UNKNOWN'\n      stack: |-\n        ChildProcess.spawn (node:internal/child_process:421:11)\n        spawn (node:child_process:760:9)\n        spawnPromisified (C:\\workspace\\node-test-binary-windows-js-suites\\node\\test\\common\\index.js:882:17)\n        TestContext.<anonymous> (file:///C:/workspace/node-test-binary-windows-js-suites/node/test/es-module/test-esm-loader-chaining.mjs:438:36)\n        Test.runInAsyncScope (node:async_hooks:206:9)\n        Test.run (node:internal/test_runner/test:824:25)\n        Suite.processPendingSubtests (node:internal/test_runner/test:533:18)\n        Test.postRun (node:internal/test_runner/test:923:19)\n        Test.run (node:internal/test_runner/test:866:12)\n        process.processTicksAndRejections (node:internal/process/task_queues:95:5)\n      ...\n    # Subtest: should throw when invalid `context` argument passed to `nextLoad`\n    not ok 22 - should throw when invalid `context` argument passed to `nextLoad`\n      ---\n      duration_ms: 6.3886\n      location: 'C:\\\\workspace\\\\node-test-binary-windows-js-suites\\\\node\\\\test\\\\es-module\\\\test-esm-loader-chaining.mjs:456:3'\n      failureType: 'testCodeFailure'\n      error: 'spawn ENOMEM'\n      code: 'ENOMEM'\n      stack: |-\n        ChildProcess.spawn (node:internal/child_process:421:11)\n        spawn (node:child_process:760:9)\n        spawnPromisified (C:\\workspace\\node-test-binary-windows-js-suites\\node\\test\\common\\index.js:882:17)\n        TestContext.<anonymous> (file:///C:/workspace/node-test-binary-windows-js-suites/node/test/es-module/test-esm-loader-chaining.mjs:457:36)\n        Test.runInAsyncScope (node:async_hooks:206:9)\n        Test.run (node:internal/test_runner/test:824:25)\n        Suite.processPendingSubtests (node:internal/test_runner/test:533:18)\n        Test.postRun (node:internal/test_runner/test:923:19)\n        Test.run (node:internal/test_runner/test:866:12)\n        process.processTicksAndRejections (node:internal/process/task_queues:95:5)\n      ...\n    # Subtest: should allow loaders to influence subsequent loader `import()` calls in `resolve`\n    not ok 23 - should allow loaders to influence subsequent loader `import()` calls in `resolve`\n      ---\n      duration_ms: 3.1013\n      location: 'C:\\\\workspace\\\\node-test-binary-windows-js-suites\\\\node\\\\test\\\\es-module\\\\test-esm-loader-chaining.mjs:474:3'\n      failureType: 'testCodeFailure'\n      error: 'spawn UNKNOWN'\n      code: 'UNKNOWN'\n      stack: |-\n        ChildProcess.spawn (node:internal/child_process:421:11)\n        spawn (node:child_process:760:9)\n        spawnPromisified (C:\\workspace\\node-test-binary-windows-js-suites\\node\\test\\common\\index.js:882:17)\n        TestContext.<anonymous> (file:///C:/workspace/node-test-binary-windows-js-suites/node/test/es-module/test-esm-loader-chaining.mjs:475:44)\n        Test.runInAsyncScope (node:async_hooks:206:9)\n        Test.run (node:internal/test_runner/test:824:25)\n        Suite.processPendingSubtests (node:internal/test_runner/test:533:18)\n        Test.postRun (node:internal/test_runner/test:923:19)\n        Test.run (node:internal/test_runner/test:866:12)\n        process.processTicksAndRejections (node:internal/process/task_queues:95:5)\n      ...\n    # Subtest: should allow loaders to influence subsequent loader `import()` calls in `load`\n    not ok 24 - should allow loaders to influence subsequent loader `import()` calls in `load`\n      ---\n      duration_ms: 3.4851\n      location: 'C:\\\\workspace\\\\node-test-binary-windows-js-suites\\\\node\\\\test\\\\es-module\\\\test-esm-loader-chaining.mjs:491:3'\n      failureType: 'testCodeFailure'\n      error: 'spawn UNKNOWN'\n      code: 'UNKNOWN'\n      stack: |-\n        ChildProcess.spawn (node:internal/child_process:421:11)\n        spawn (node:child_process:760:9)\n        spawnPromisified (C:\\workspace\\node-test-binary-windows-js-suites\\node\\test\\common\\index.js:882:17)\n        TestContext.<anonymous> (file:///C:/workspace/node-test-binary-windows-js-suites/node/test/es-module/test-esm-loader-chaining.mjs:492:44)\n        Test.runInAsyncScope (node:async_hooks:206:9)\n        Test.run (node:internal/test_runner/test:824:25)\n        Suite.processPendingSubtests (node:internal/test_runner/test:533:18)\n        Test.postRun (node:internal/test_runner/test:923:19)\n        Test.run (node:internal/test_runner/test:866:12)\n        process.processTicksAndRejections (node:internal/process/task_queues:95:5)\n      ...\n    1..24\nnot ok 1 - ESM: loader chaining\n  ---\n  duration_ms: 6701.2885\n  type: 'suite'\n  location: 'C:\\\\workspace\\\\node-test-binary-windows-js-suites\\\\node\\\\test\\\\es-module\\\\test-esm-loader-chaining.mjs:18:1'\n  failureType: 'subtestsFailed'\n  error: '8 subtests failed'\n  code: 'ERR_TEST_FAILURE'\n  ...\n1..1\n# tests 24\n# suites 1\n# pass 16\n# fail 8\n# cancelled 0\n# skipped 0\n# todo 0\n# duration_ms 6729.836"},"time":7429.089,"fullname":"es-module/test-esm-loader-chaining","closingTestPoint":false}},{"testName":"parallel/test-buffer-isascii","timestamp":1715680839544,"status":"REGRESSION","jobName":"node-test-binary-windows-js-suites","config":"node-test-binary-windows-js-suites » 3,win2022-COMPILED_BY-vs2022 #27752","buildUrl":"https://ci.nodejs.org/job/node-test-binary-windows-js-suites/RUN_SUBSET=3,nodes=win2022-COMPILED_BY-vs2022/27752/","buildNumber":27752,"builtOn":"test-rackspace-win2022_vs2022-x64-6","nodeVersion":"23.0.0","commitHash":"aa15c0cf0dc568d8713e8bdd2febfef80d933dcc","callStack":[{"upstreamBuild":62988,"upstreamProject":"node-test-commit-windows-fanned","upstreamUrl":"job/node-test-commit-windows-fanned/"},{"upstreamBuild":70813,"upstreamProject":"node-test-commit","upstreamUrl":"job/node-test-commit/"},{"upstreamBuild":59207,"upstreamProject":"node-test-pull-request","upstreamUrl":"job/node-test-pull-request/"},{"prId":"49534"}],"tap":{"ok":false,"name":"parallel/test-buffer-isascii","id":94,"buffered":false,"tapError":null,"skip":false,"todo":false,"previous":null,"plan":null,"diag":{"severity":"crashed","exitcode":3221225725,"stack":""},"time":406.022,"fullname":"parallel/test-buffer-isascii","closingTestPoint":false}},{"testName":"parallel/test-buffer-new","timestamp":1715680839544,"status":"REGRESSION","jobName":"node-test-binary-windows-js-suites","config":"node-test-binary-windows-js-suites » 3,win2022-COMPILED_BY-vs2022 #27752","buildUrl":"https://ci.nodejs.org/job/node-test-binary-windows-js-suites/RUN_SUBSET=3,nodes=win2022-COMPILED_BY-vs2022/27752/","buildNumber":27752,"builtOn":"test-rackspace-win2022_vs2022-x64-6","nodeVersion":"23.0.0","commitHash":"aa15c0cf0dc568d8713e8bdd2febfef80d933dcc","callStack":[{"upstreamBuild":62988,"upstreamProject":"node-test-commit-windows-fanned","upstreamUrl":"job/node-test-commit-windows-fanned/"},{"upstreamBuild":70813,"upstreamProject":"node-test-commit","upstreamUrl":"job/node-test-commit/"},{"upstreamBuild":59207,"upstreamProject":"node-test-pull-request","upstreamUrl":"job/node-test-pull-request/"},{"prId":"49534"}],"tap":{"ok":false,"name":"parallel/test-buffer-new","id":95,"buffered":false,"tapError":null,"skip":false,"todo":false,"previous":null,"plan":null,"diag":{"severity":"fail","exitcode":3221226505,"stack":""},"time":407.008,"fullname":"parallel/test-buffer-new","closingTestPoint":false}},{"testName":"parallel/test-buffer-includes","timestamp":1715680839544,"status":"REGRESSION","jobName":"node-test-binary-windows-js-suites","config":"node-test-binary-windows-js-suites » 3,win2022-COMPILED_BY-vs2022 #27752","buildUrl":"https://ci.nodejs.org/job/node-test-binary-windows-js-suites/RUN_SUBSET=3,nodes=win2022-COMPILED_BY-vs2022/27752/","buildNumber":27752,"builtOn":"test-rackspace-win2022_vs2022-x64-6","nodeVersion":"23.0.0","commitHash":"aa15c0cf0dc568d8713e8bdd2febfef80d933dcc","callStack":[{"upstreamBuild":62988,"upstreamProject":"node-test-commit-windows-fanned","upstreamUrl":"job/node-test-commit-windows-fanned/"},{"upstreamBuild":70813,"upstreamProject":"node-test-commit","upstreamUrl":"job/node-test-commit/"},{"upstreamBuild":59207,"upstreamProject":"node-test-pull-request","upstreamUrl":"job/node-test-pull-request/"},{"prId":"49534"}],"tap":{"ok":false,"name":"parallel/test-buffer-includes","id":96,"buffered":false,"tapError":null,"skip":false,"todo":false,"previous":null,"plan":null,"diag":{"severity":"crashed","exitcode":3221225725,"stack":""},"time":421.023,"fullname":"parallel/test-buffer-includes","closingTestPoint":false}},{"testName":"test/Test 991 missing","timestamp":1715680839544,"status":"FAILED","jobName":"node-test-binary-windows-js-suites","config":"node-test-binary-windows-js-suites » 3,win2022-COMPILED_BY-vs2022 #27752","buildUrl":"https://ci.nodejs.org/job/node-test-binary-windows-js-suites/RUN_SUBSET=3,nodes=win2022-COMPILED_BY-vs2022/27752/","buildNumber":27752,"builtOn":"test-rackspace-win2022_vs2022-x64-6","nodeVersion":"23.0.0","commitHash":"aa15c0cf0dc568d8713e8bdd2febfef80d933dcc","callStack":[{"upstreamBuild":62988,"upstreamProject":"node-test-commit-windows-fanned","upstreamUrl":"job/node-test-commit-windows-fanned/"},{"upstreamBuild":70813,"upstreamProject":"node-test-commit","upstreamUrl":"job/node-test-commit/"},{"upstreamBuild":59207,"upstreamProject":"node-test-pull-request","upstreamUrl":"job/node-test-pull-request/"},{"prId":"49534"}],"tap":null},{"testName":"parallel/test-error-serdes","timestamp":1715680839544,"status":"FAILED","jobName":"node-test-binary-windows-js-suites","config":"node-test-binary-windows-js-suites » 0,win10-COMPILED_BY-vs2022 #27752","buildUrl":"https://ci.nodejs.org/job/node-test-binary-windows-js-suites/RUN_SUBSET=0,nodes=win10-COMPILED_BY-vs2022/27752/","buildNumber":27752,"builtOn":"test-azure_msft-win10_vs2019-x64-1","nodeVersion":"23.0.0","commitHash":"aa15c0cf0dc568d8713e8bdd2febfef80d933dcc","callStack":[{"upstreamBuild":62988,"upstreamProject":"node-test-commit-windows-fanned","upstreamUrl":"job/node-test-commit-windows-fanned/"},{"upstreamBuild":70813,"upstreamProject":"node-test-commit","upstreamUrl":"job/node-test-commit/"},{"upstreamBuild":59207,"upstreamProject":"node-test-pull-request","upstreamUrl":"job/node-test-pull-request/"},{"prId":"49534"}],"tap":{"ok":false,"name":"parallel/test-error-serdes","id":934,"buffered":false,"tapError":null,"skip":false,"todo":": Fix flaky test","previous":null,"plan":null,"diag":{"severity":"fail","exitcode":1,"stack":"timeout"},"time":120279.537,"fullname":"parallel/test-error-serdes","closingTestPoint":false}}]}