{"failedTests":[{"testName":"parallel/test-cli-node-options","timestamp":1715774970476,"status":"FAILED","jobName":"node-test-binary-windows-js-suites","config":"node-test-binary-windows-js-suites » 2,win2019-COMPILED_BY-vs2022 #27762","buildUrl":"https://ci.nodejs.org/job/node-test-binary-windows-js-suites/RUN_SUBSET=2,nodes=win2019-COMPILED_BY-vs2022/27762/","buildNumber":27762,"builtOn":"test-rackspace-win2019_vs2019-x64-1","nodeVersion":"20.13.2","commitHash":"6c5a12d1c13f4effe83427694ee6f75ff6cc5cd2","callStack":[{"upstreamBuild":63006,"upstreamProject":"node-test-commit-windows-fanned","upstreamUrl":"job/node-test-commit-windows-fanned/"},{"upstreamBuild":70833,"upstreamProject":"node-test-commit","upstreamUrl":"job/node-test-commit/"},{"upstreamBuild":195,"upstreamProject":"node-daily-v20.x-staging","upstreamUrl":"job/node-daily-v20.x-staging/"}],"tap":{"ok":false,"name":"parallel/test-cli-node-options","id":121,"buffered":false,"tapError":null,"skip":false,"todo":false,"previous":null,"plan":null,"diag":{"severity":"fail","exitcode":134,"stack":"\n<--- Last few GCs --->\n\n\n<--- JS stacktrace --->\n\nCan't clean tmpdir: C:\\workspace\\node-test-binary-windows-js-suites\\node\\test\\.tmp.124\nFiles blocking: []\n\nnode:internal/child_process:421\n    throw new ErrnoException(err, 'spawn');\n    ^\n\nError: spawn UNKNOWN\n    at ChildProcess.spawn (node:internal/child_process:421:11)\n    at spawn (node:child_process:761:9)\n    at execFile (node:child_process:351:17)\n    at expect (C:\\workspace\\node-test-binary-windows-js-suites\\node\\test\\parallel\\test-cli-node-options.js:119:3)\n    at Object.<anonymous> (C:\\workspace\\node-test-binary-windows-js-suites\\node\\test\\parallel\\test-cli-node-options.js:72:1)\n    at Module._compile (node:internal/modules/cjs/loader:1358:14)\n    at Module._extensions..js (node:internal/modules/cjs/loader:1416:10)\n    at Module.load (node:internal/modules/cjs/loader:1208:32)\n    at Module._load (node:internal/modules/cjs/loader:1024:12)\n    at Function.executeUserEntryPoint [as runMain] (node:internal/modules/run_main:174:12) {\n  errno: -4094,\n  code: 'UNKNOWN',\n  syscall: 'spawn'\n}\nFATAL ERROR: Committing semi space failed. Allocation failed - JavaScript heap out of memory\n\nNode.js v20.13.2-pre\n----- Native stack trace -----\n\n 1: 00007FF7705A413B node::SetCppgcReference+16075\n 2: 00007FF770517234 EVP_MD_meth_get_input_blocksize+89332\n 3: 00007FF770F86631 v8::Isolate::ReportExternalAllocationLimitReached+65\n 4: 00007FF770F6FCC8 v8::Function::Experimental_IsNopFunction+1336\n 5: 00007FF770DD6BA0 v8::PrimitiveArray::Length+73952\n 6: 00007FF770D8F683 v8::Platform::SystemClockTimeMillis+360003\n 7: 00007FF770DDFE50 v8::PrimitiveArray::Length+111504\n 8: 00007FF770DD363B v8::PrimitiveArray::Length+60283\n 9: 00007FF770DE8AED v8::PrimitiveArray::Length+147501\n10: 00007FF770DE9372 v8::PrimitiveArray::Length+149682\n11: 00007FF770DF1C85 v8::PrimitiveArray::Length+184773\n12: 00007FF770E0611A v8::PrimitiveArray::Length+267866\n13: 00007FF770E063F3 v8::PrimitiveArray::Length+268595\n14: 00007FF770B9B880 v8::base::Thread::StartSynchronously+487312\n15: 00007FF770BA2846 v8::base::Thread::StartSynchronously+515926\n16: 00007FF770BCC81C v8::base::Thread::StartSynchronously+687916\n17: 00007FF770BA3AE2 v8::base::Thread::StartSynchronously+520690\n18: 00007FF770BB8514 v8::base::Thread::StartSynchronously+605220\n19: 00007FF770AB8B91 v8::CodeEvent::GetFunctionName+95809\n20: 00007FF770F88012 v8::Object::Set+226\n21: 00007FF7703C8FAE uv_loop_size+196894\n22: 00007FF77053A6DE node::OnFatalError+144494\n23: 00007FF77054D9E2 node::Buffer::New+38658\n24: 00007FF770F3CB1E v8::SharedValueConveyor::SharedValueConveyor+415790\n25: 00007FF770F3C72C v8::SharedValueConveyor::SharedValueConveyor+414780\n26: 00007FF770F3C9E7 v8::SharedValueConveyor::SharedValueConveyor+415479\n27: 00007FF770F3C860 v8::SharedValueConveyor::SharedValueConveyor+415088\n28: 00007FF771037D0E v8::PropertyDescriptor::writable+677710\n29: 00007FF770FA93B0 v8::PropertyDescriptor::writable+93680\n30: 00007FF770FA93B0 v8::PropertyDescriptor::writable+93680\n31: 00007FF770FA93B0 v8::PropertyDescriptor::writable+93680\n32: 00007FF770FA93B0 v8::PropertyDescriptor::writable+93680\n33: 00007FF770FA93B0 v8::PropertyDescriptor::writable+93680\n34: 00007FF770FA93B0 v8::PropertyDescriptor::writable+93680\n35: 00007FF770FA7770 v8::PropertyDescriptor::writable+86448\n36: 00007FF770FA736B v8::PropertyDescriptor::writable+85419\n37: 00007FF770E56524 v8::base::CPU::has_sse41+166004\n38: 00007FF770E55DF3 v8::base::CPU::has_sse41+164163\n39: 00007FF770F6598B v8::Function::Call+571\n40: 00007FF770536B81 node::OnFatalError+129297\n41: 00007FF77048DC5F node::TriggerNodeReport+14047\n42: 00007FF770492353 node::TriggerNodeReport+32211\n43: 00007FF7705D90A4 node::CreateEnvironment+596\n44: 00007FF770406224 RSA_meth_get_flags+171060\n45: 00007FF770401A28 RSA_meth_get_flags+152632\n46: 00007FF7705FAE5E uv_poll_stop+254\n47: 00007FF7717C2A7E inflateValidate+159662\n48: 00007FFB8DFF7AC4 BaseThreadInitThunk+20\n49: 00007FFB8F46A4E1 RtlUserThreadStart+33"},"time":1406.053,"fullname":"parallel/test-cli-node-options","closingTestPoint":false}},{"testName":"parallel/test-cli-permission-deny-fs","timestamp":1715774970476,"status":"FAILED","jobName":"node-test-binary-windows-js-suites","config":"node-test-binary-windows-js-suites » 2,win2019-COMPILED_BY-vs2019 #27762","buildUrl":"https://ci.nodejs.org/job/node-test-binary-windows-js-suites/RUN_SUBSET=2,nodes=win2019-COMPILED_BY-vs2019/27762/","buildNumber":27762,"builtOn":"test-rackspace-win2019_vs2019-x64-3","nodeVersion":"20.13.2","commitHash":"6c5a12d1c13f4effe83427694ee6f75ff6cc5cd2","callStack":[{"upstreamBuild":63006,"upstreamProject":"node-test-commit-windows-fanned","upstreamUrl":"job/node-test-commit-windows-fanned/"},{"upstreamBuild":70833,"upstreamProject":"node-test-commit","upstreamUrl":"job/node-test-commit/"},{"upstreamBuild":195,"upstreamProject":"node-daily-v20.x-staging","upstreamUrl":"job/node-daily-v20.x-staging/"}],"tap":{"ok":false,"name":"parallel/test-cli-permission-deny-fs","id":120,"buffered":false,"tapError":null,"skip":false,"todo":false,"previous":null,"plan":null,"diag":{"severity":"fail","exitcode":1,"stack":"node:assert:126\n  throw new AssertionError(obj);\n  ^\n\nAssertionError [ERR_ASSERTION]: Expected values to be strictly equal:\n\n'' !== 'false'\n\n    at Object.<anonymous> (C:\\workspace\\node-test-binary-windows-js-suites\\node\\test\\parallel\\test-cli-permission-deny-fs.js:23:10)\n    at Module._compile (node:internal/modules/cjs/loader:1358:14)\n    at Module._extensions..js (node:internal/modules/cjs/loader:1416:10)\n    at Module.load (node:internal/modules/cjs/loader:1208:32)\n    at Module._load (node:internal/modules/cjs/loader:1024:12)\n    at Function.executeUserEntryPoint [as runMain] (node:internal/modules/run_main:174:12)\n    at node:internal/main/run_main_module:28:49 {\n  generatedMessage: true,\n  code: 'ERR_ASSERTION',\n  actual: '',\n  expected: 'false',\n  operator: 'strictEqual'\n}\n\nNode.js v20.13.2-pre"},"time":674.037,"fullname":"parallel/test-cli-permission-deny-fs","closingTestPoint":false}},{"testName":"parallel/test-cli-node-options","timestamp":1715774970476,"status":"FAILED","jobName":"node-test-binary-windows-js-suites","config":"node-test-binary-windows-js-suites » 2,win2019-COMPILED_BY-vs2019 #27762","buildUrl":"https://ci.nodejs.org/job/node-test-binary-windows-js-suites/RUN_SUBSET=2,nodes=win2019-COMPILED_BY-vs2019/27762/","buildNumber":27762,"builtOn":"test-rackspace-win2019_vs2019-x64-3","nodeVersion":"20.13.2","commitHash":"6c5a12d1c13f4effe83427694ee6f75ff6cc5cd2","callStack":[{"upstreamBuild":63006,"upstreamProject":"node-test-commit-windows-fanned","upstreamUrl":"job/node-test-commit-windows-fanned/"},{"upstreamBuild":70833,"upstreamProject":"node-test-commit","upstreamUrl":"job/node-test-commit/"},{"upstreamBuild":195,"upstreamProject":"node-daily-v20.x-staging","upstreamUrl":"job/node-daily-v20.x-staging/"}],"tap":{"ok":false,"name":"parallel/test-cli-node-options","id":121,"buffered":false,"tapError":null,"skip":false,"todo":false,"previous":null,"plan":null,"diag":{"severity":"crashed","exitcode":2147483651,"stack":"\n<--- Last few GCs --->\n\n\n<--- JS stacktrace --->\n\n\n#\n# Fatal process OOM in AlignedAlloc\n#\n\n\n#\n# Fatal process OOM in Re-embedded builtins: set permissions\n#\n\n\n<--- Last few GCs --->\n\n\n<--- JS stacktrace --->\n\nFATAL ERROR: Committing semi space failed. Allocation failed - JavaScript heap out of memory\n----- Native stack trace -----"},"time":728.005,"fullname":"parallel/test-cli-node-options","closingTestPoint":false}}]}