{"failedTests":[{"testName":"parallel/test-worker-arraybuffer-zerofill","timestamp":1715917167856,"status":"FAILED","jobName":"node-test-binary-windows-js-suites","config":"node-test-binary-windows-js-suites » 2,win2022-COMPILED_BY-vs2022 #27788","buildUrl":"https://ci.nodejs.org/job/node-test-binary-windows-js-suites/RUN_SUBSET=2,nodes=win2022-COMPILED_BY-vs2022/27788/","buildNumber":27788,"builtOn":"test-rackspace-win2022_vs2022-x64-3","nodeVersion":"23.0.0","commitHash":"073643e146ad770db519f726b0ef75c07407a56b","callStack":[{"upstreamBuild":63044,"upstreamProject":"node-test-commit-windows-fanned","upstreamUrl":"job/node-test-commit-windows-fanned/"},{"upstreamBuild":70874,"upstreamProject":"node-test-commit","upstreamUrl":"job/node-test-commit/"},{"upstreamBuild":59261,"upstreamProject":"node-test-pull-request","upstreamUrl":"job/node-test-pull-request/"},{"prId":"53032"}],"tap":{"ok":false,"name":"parallel/test-worker-arraybuffer-zerofill","id":979,"buffered":false,"tapError":null,"skip":false,"todo":": Fix flaky test","previous":null,"plan":null,"diag":{"severity":"fail","exitcode":1,"stack":"timeout"},"time":120242.65,"fullname":"parallel/test-worker-arraybuffer-zerofill","closingTestPoint":false}},{"testName":"parallel/test-node-run","timestamp":1715917167856,"status":"FAILED","jobName":"node-test-binary-windows-js-suites","config":"node-test-binary-windows-js-suites » 3,win2019-COMPILED_BY-vs2022 #27788","buildUrl":"https://ci.nodejs.org/job/node-test-binary-windows-js-suites/RUN_SUBSET=3,nodes=win2019-COMPILED_BY-vs2022/27788/","buildNumber":27788,"builtOn":"test-rackspace-win2019_vs2019-x64-2","nodeVersion":"23.0.0","commitHash":"073643e146ad770db519f726b0ef75c07407a56b","callStack":[{"upstreamBuild":63044,"upstreamProject":"node-test-commit-windows-fanned","upstreamUrl":"job/node-test-commit-windows-fanned/"},{"upstreamBuild":70874,"upstreamProject":"node-test-commit","upstreamUrl":"job/node-test-commit/"},{"upstreamBuild":59261,"upstreamProject":"node-test-pull-request","upstreamUrl":"job/node-test-pull-request/"},{"prId":"53032"}],"tap":{"ok":false,"name":"parallel/test-node-run","id":602,"buffered":false,"tapError":null,"skip":false,"todo":false,"previous":null,"plan":null,"diag":{"severity":"fail","exitcode":1,"stack":"TAP version 13\n# Subtest: node run [command]\n    # Subtest: should emit experimental warning\n    ok 1 - should emit experimental warning\n      ---\n      duration_ms: 55.2248\n      ...\n    # Subtest: returns error on non-existent file\n    ok 2 - returns error on non-existent file\n      ---\n      duration_ms: 55.2722\n      ...\n    # Subtest: runs a valid command\n    not ok 3 - runs a valid command\n      ---\n      duration_ms: 230.1355\n      location: 'C:\\\\workspace\\\\node-test-binary-windows-js-suites\\\\node\\\\test\\\\parallel\\\\test-node-run.js:35:3'\n      failureType: 'testCodeFailure'\n      error: |-\n        Expected values to be strictly equal:\n        \n        3221226356 !== 1\n        \n      code: 'ERR_ASSERTION'\n      name: 'AssertionError'\n      expected: 1\n      actual: 3221226356\n      operator: 'strictEqual'\n      stack: |-\n        TestContext.<anonymous> (C:\\workspace\\node-test-binary-windows-js-suites\\node\\test\\parallel\\test-node-run.js:43:12)\n        process.processTicksAndRejections (node:internal/process/task_queues:95:5)\n        async Test.run (node:internal/test_runner/test:825:9)\n        async Suite.processPendingSubtests (node:internal/test_runner/test:533:7)\n      ...\n    # Subtest: adds node_modules/.bin to path\n    not ok 4 - adds node_modules/.bin to path\n      ---\n      duration_ms: 152.0665\n      location: 'C:\\\\workspace\\\\node-test-binary-windows-js-suites\\\\node\\\\test\\\\parallel\\\\test-node-run.js:46:3'\n      failureType: 'testCodeFailure'\n      error: |-\n        Expected values to be strictly equal:\n        \n        3221226356 !== 0\n        \n      code: 'ERR_ASSERTION'\n      name: 'AssertionError'\n      expected: 0\n      actual: 3221226356\n      operator: 'strictEqual'\n      stack: |-\n        TestContext.<anonymous> (C:\\workspace\\node-test-binary-windows-js-suites\\node\\test\\parallel\\test-node-run.js:54:12)\n        process.processTicksAndRejections (node:internal/process/task_queues:95:5)\n        async Test.run (node:internal/test_runner/test:825:9)\n        async Suite.processPendingSubtests (node:internal/test_runner/test:533:7)\n      ...\n    # Subtest: appends positional arguments\n    not ok 5 - appends positional arguments\n      ---\n      duration_ms: 180.9496\n      location: 'C:\\\\workspace\\\\node-test-binary-windows-js-suites\\\\node\\\\test\\\\parallel\\\\test-node-run.js:57:3'\n      failureType: 'testCodeFailure'\n      error: |-\n        Expected values to be strictly equal:\n        \n        3221226356 !== 0\n        \n      code: 'ERR_ASSERTION'\n      name: 'AssertionError'\n      expected: 0\n      actual: 3221226356\n      operator: 'strictEqual'\n      stack: |-\n        TestContext.<anonymous> (C:\\workspace\\node-test-binary-windows-js-suites\\node\\test\\parallel\\test-node-run.js:70:12)\n        process.processTicksAndRejections (node:internal/process/task_queues:95:5)\n        async Test.run (node:internal/test_runner/test:825:9)\n        async Suite.processPendingSubtests (node:internal/test_runner/test:533:7)\n      ...\n    # Subtest: should set PATH environment variable to node_modules/.bin\n    not ok 6 - should set PATH environment variable to node_modules/.bin\n      ---\n      duration_ms: 153.579\n      location: 'C:\\\\workspace\\\\node-test-binary-windows-js-suites\\\\node\\\\test\\\\parallel\\\\test-node-run.js:73:3'\n      failureType: 'testCodeFailure'\n      error: |-\n        Expected values to be strictly equal:\n        \n        3221226356 !== 0\n        \n      code: 'ERR_ASSERTION'\n      name: 'AssertionError'\n      expected: 0\n      actual: 3221226356\n      operator: 'strictEqual'\n      stack: |-\n        TestContext.<anonymous> (C:\\workspace\\node-test-binary-windows-js-suites\\node\\test\\parallel\\test-node-run.js:81:12)\n        process.processTicksAndRejections (node:internal/process/task_queues:95:5)\n        async Test.run (node:internal/test_runner/test:825:9)\n        async Suite.processPendingSubtests (node:internal/test_runner/test:533:7)\n      ...\n    # Subtest: should set special environment variables\n    not ok 7 - should set special environment variables\n      ---\n      duration_ms: 155.7899\n      location: 'C:\\\\workspace\\\\node-test-binary-windows-js-suites\\\\node\\\\test\\\\parallel\\\\test-node-run.js:84:3'\n      failureType: 'testCodeFailure'\n      error: |-\n        Expected values to be strictly equal:\n        \n        3221226356 !== 0\n        \n      code: 'ERR_ASSERTION'\n      name: 'AssertionError'\n      expected: 0\n      actual: 3221226356\n      operator: 'strictEqual'\n      stack: |-\n        TestContext.<anonymous> (C:\\workspace\\node-test-binary-windows-js-suites\\node\\test\\parallel\\test-node-run.js:93:12)\n        process.processTicksAndRejections (node:internal/process/task_queues:95:5)\n        async Test.run (node:internal/test_runner/test:825:9)\n        async Suite.processPendingSubtests (node:internal/test_runner/test:533:7)\n      ...\n    1..7\nnot ok 1 - node run [command]\n  ---\n  duration_ms: 987.7213\n  type: 'suite'\n  location: 'C:\\\\workspace\\\\node-test-binary-windows-js-suites\\\\node\\\\test\\\\parallel\\\\test-node-run.js:11:1'\n  failureType: 'subtestsFailed'\n  error: '5 subtests failed'\n  code: 'ERR_TEST_FAILURE'\n  ...\n1..1\n# tests 7\n# suites 1\n# pass 2\n# fail 5\n# cancelled 0\n# skipped 0\n# todo 0\n# duration_ms 1007.3795"},"time":1440.026,"fullname":"parallel/test-node-run","closingTestPoint":false}},{"testName":"parallel/test-node-run","timestamp":1715917167856,"status":"FAILED","jobName":"node-test-binary-windows-js-suites","config":"node-test-binary-windows-js-suites » 3,win10-COMPILED_BY-vs2022 #27788","buildUrl":"https://ci.nodejs.org/job/node-test-binary-windows-js-suites/RUN_SUBSET=3,nodes=win10-COMPILED_BY-vs2022/27788/","buildNumber":27788,"builtOn":"test-azure_msft-win10_vs2019-x64-4","nodeVersion":"23.0.0","commitHash":"073643e146ad770db519f726b0ef75c07407a56b","callStack":[{"upstreamBuild":63044,"upstreamProject":"node-test-commit-windows-fanned","upstreamUrl":"job/node-test-commit-windows-fanned/"},{"upstreamBuild":70874,"upstreamProject":"node-test-commit","upstreamUrl":"job/node-test-commit/"},{"upstreamBuild":59261,"upstreamProject":"node-test-pull-request","upstreamUrl":"job/node-test-pull-request/"},{"prId":"53032"}],"tap":{"ok":false,"name":"parallel/test-node-run","id":594,"buffered":false,"tapError":null,"skip":false,"todo":false,"previous":null,"plan":null,"diag":{"severity":"fail","exitcode":1,"stack":"TAP version 13\n# Subtest: node run [command]\n    # Subtest: should emit experimental warning\n    ok 1 - should emit experimental warning\n      ---\n      duration_ms: 49.7501\n      ...\n    # Subtest: returns error on non-existent file\n    ok 2 - returns error on non-existent file\n      ---\n      duration_ms: 40.6136\n      ...\n    # Subtest: runs a valid command\n    not ok 3 - runs a valid command\n      ---\n      duration_ms: 194.8339\n      location: 'c:\\\\workspace\\\\node-test-binary-windows-js-suites\\\\node\\\\test\\\\parallel\\\\test-node-run.js:35:3'\n      failureType: 'testCodeFailure'\n      error: |-\n        Expected values to be strictly equal:\n        \n        3221226356 !== 1\n        \n      code: 'ERR_ASSERTION'\n      name: 'AssertionError'\n      expected: 1\n      actual: 3221226356\n      operator: 'strictEqual'\n      stack: |-\n        TestContext.<anonymous> (c:\\workspace\\node-test-binary-windows-js-suites\\node\\test\\parallel\\test-node-run.js:43:12)\n        process.processTicksAndRejections (node:internal/process/task_queues:95:5)\n        async Test.run (node:internal/test_runner/test:825:9)\n        async Suite.processPendingSubtests (node:internal/test_runner/test:533:7)\n      ...\n    # Subtest: adds node_modules/.bin to path\n    not ok 4 - adds node_modules/.bin to path\n      ---\n      duration_ms: 136.0854\n      location: 'c:\\\\workspace\\\\node-test-binary-windows-js-suites\\\\node\\\\test\\\\parallel\\\\test-node-run.js:46:3'\n      failureType: 'testCodeFailure'\n      error: |-\n        Expected values to be strictly equal:\n        \n        3221226356 !== 0\n        \n      code: 'ERR_ASSERTION'\n      name: 'AssertionError'\n      expected: 0\n      actual: 3221226356\n      operator: 'strictEqual'\n      stack: |-\n        TestContext.<anonymous> (c:\\workspace\\node-test-binary-windows-js-suites\\node\\test\\parallel\\test-node-run.js:54:12)\n        process.processTicksAndRejections (node:internal/process/task_queues:95:5)\n        async Test.run (node:internal/test_runner/test:825:9)\n        async Suite.processPendingSubtests (node:internal/test_runner/test:533:7)\n      ...\n    # Subtest: appends positional arguments\n    not ok 5 - appends positional arguments\n      ---\n      duration_ms: 146.2628\n      location: 'c:\\\\workspace\\\\node-test-binary-windows-js-suites\\\\node\\\\test\\\\parallel\\\\test-node-run.js:57:3'\n      failureType: 'testCodeFailure'\n      error: |-\n        Expected values to be strictly equal:\n        \n        3221226356 !== 0\n        \n      code: 'ERR_ASSERTION'\n      name: 'AssertionError'\n      expected: 0\n      actual: 3221226356\n      operator: 'strictEqual'\n      stack: |-\n        TestContext.<anonymous> (c:\\workspace\\node-test-binary-windows-js-suites\\node\\test\\parallel\\test-node-run.js:70:12)\n        process.processTicksAndRejections (node:internal/process/task_queues:95:5)\n        async Test.run (node:internal/test_runner/test:825:9)\n        async Suite.processPendingSubtests (node:internal/test_runner/test:533:7)\n      ...\n    # Subtest: should set PATH environment variable to node_modules/.bin\n    not ok 6 - should set PATH environment variable to node_modules/.bin\n      ---\n      duration_ms: 163.5577\n      location: 'c:\\\\workspace\\\\node-test-binary-windows-js-suites\\\\node\\\\test\\\\parallel\\\\test-node-run.js:73:3'\n      failureType: 'testCodeFailure'\n      error: |-\n        Expected values to be strictly equal:\n        \n        3221226356 !== 0\n        \n      code: 'ERR_ASSERTION'\n      name: 'AssertionError'\n      expected: 0\n      actual: 3221226356\n      operator: 'strictEqual'\n      stack: |-\n        TestContext.<anonymous> (c:\\workspace\\node-test-binary-windows-js-suites\\node\\test\\parallel\\test-node-run.js:81:12)\n        process.processTicksAndRejections (node:internal/process/task_queues:95:5)\n        async Test.run (node:internal/test_runner/test:825:9)\n        async Suite.processPendingSubtests (node:internal/test_runner/test:533:7)\n      ...\n    # Subtest: should set special environment variables\n    not ok 7 - should set special environment variables\n      ---\n      duration_ms: 125.8155\n      location: 'c:\\\\workspace\\\\node-test-binary-windows-js-suites\\\\node\\\\test\\\\parallel\\\\test-node-run.js:84:3'\n      failureType: 'testCodeFailure'\n      error: |-\n        Expected values to be strictly equal:\n        \n        3221226356 !== 0\n        \n      code: 'ERR_ASSERTION'\n      name: 'AssertionError'\n      expected: 0\n      actual: 3221226356\n      operator: 'strictEqual'\n      stack: |-\n        TestContext.<anonymous> (c:\\workspace\\node-test-binary-windows-js-suites\\node\\test\\parallel\\test-node-run.js:93:12)\n        process.processTicksAndRejections (node:internal/process/task_queues:95:5)\n        async Test.run (node:internal/test_runner/test:825:9)\n        async Suite.processPendingSubtests (node:internal/test_runner/test:533:7)\n      ...\n    1..7\nnot ok 1 - node run [command]\n  ---\n  duration_ms: 859.3841\n  type: 'suite'\n  location: 'c:\\\\workspace\\\\node-test-binary-windows-js-suites\\\\node\\\\test\\\\parallel\\\\test-node-run.js:11:1'\n  failureType: 'subtestsFailed'\n  error: '5 subtests failed'\n  code: 'ERR_TEST_FAILURE'\n  ...\n1..1\n# tests 7\n# suites 1\n# pass 2\n# fail 5\n# cancelled 0\n# skipped 0\n# todo 0\n# duration_ms 868.3323"},"time":1157.005,"fullname":"parallel/test-node-run","closingTestPoint":false}},{"testName":"message/node_run_non_existent","timestamp":1715917167856,"status":"REGRESSION","jobName":"node-test-binary-windows-js-suites","config":"node-test-binary-windows-js-suites » 1,win11-COMPILED_BY-vs2022 #27788","buildUrl":"https://ci.nodejs.org/job/node-test-binary-windows-js-suites/RUN_SUBSET=1,nodes=win11-COMPILED_BY-vs2022/27788/","buildNumber":27788,"builtOn":"test-azure_msft-win11_vs2022-x64-4","nodeVersion":"23.0.0","commitHash":"073643e146ad770db519f726b0ef75c07407a56b","callStack":[{"upstreamBuild":63044,"upstreamProject":"node-test-commit-windows-fanned","upstreamUrl":"job/node-test-commit-windows-fanned/"},{"upstreamBuild":70874,"upstreamProject":"node-test-commit","upstreamUrl":"job/node-test-commit/"},{"upstreamBuild":59261,"upstreamProject":"node-test-pull-request","upstreamUrl":"job/node-test-pull-request/"},{"prId":"53032"}],"tap":{"ok":false,"name":"message/node_run_non_existent","id":66,"buffered":false,"tapError":null,"skip":false,"todo":false,"previous":null,"plan":null,"diag":{"severity":"fail","stack":"Missing script: \"non-existent-command\"\n\nAvailable scripts are:\n  test: echo \"Error: no test specified\" && exit 1\n  ada: ada\n  ada-windows: ada.bat\n  positional-args: positional-args\n  positional-args-windows: positional-args.bat\n  custom-env: custom-env\n  custom-env-windows: custom-env.bat\n  path-env: path-env\n  path-env-windows: path-env.bat\n  special-env-variables: special-env-variables\n  special-env-variables-windows: special-env-variables.bat"},"time":220.999,"fullname":"message/node_run_non_existent","closingTestPoint":false}},{"testName":"message/node_run_non_existent","timestamp":1715917167856,"status":"REGRESSION","jobName":"node-test-binary-windows-js-suites","config":"node-test-binary-windows-js-suites » 1,win2016-COMPILED_BY-vs2022-x86 #27788","buildUrl":"https://ci.nodejs.org/job/node-test-binary-windows-js-suites/RUN_SUBSET=1,nodes=win2016-COMPILED_BY-vs2022-x86/27788/","buildNumber":27788,"builtOn":"test-rackspace-win2016_vs2015-x64-1","nodeVersion":"23.0.0","commitHash":"073643e146ad770db519f726b0ef75c07407a56b","callStack":[{"upstreamBuild":63044,"upstreamProject":"node-test-commit-windows-fanned","upstreamUrl":"job/node-test-commit-windows-fanned/"},{"upstreamBuild":70874,"upstreamProject":"node-test-commit","upstreamUrl":"job/node-test-commit/"},{"upstreamBuild":59261,"upstreamProject":"node-test-pull-request","upstreamUrl":"job/node-test-pull-request/"},{"prId":"53032"}],"tap":{"ok":false,"name":"message/node_run_non_existent","id":64,"buffered":false,"tapError":null,"skip":false,"todo":false,"previous":null,"plan":null,"diag":{"severity":"fail","stack":"Missing script: \"non-existent-command\"\n\nAvailable scripts are:\n  test: echo \"Error: no test specified\" && exit 1\n  ada: ada\n  ada-windows: ada.bat\n  positional-args: positional-args\n  positional-args-windows: positional-args.bat\n  custom-env: custom-env\n  custom-env-windows: custom-env.bat\n  path-env: path-env\n  path-env-windows: path-env.bat\n  special-env-variables: special-env-variables\n  special-env-variables-windows: special-env-variables.bat"},"time":349,"fullname":"message/node_run_non_existent","closingTestPoint":false}},{"testName":"message/node_run_non_existent","timestamp":1715917167856,"status":"REGRESSION","jobName":"node-test-binary-windows-js-suites","config":"node-test-binary-windows-js-suites » 1,win10-COMPILED_BY-vs2022 #27788","buildUrl":"https://ci.nodejs.org/job/node-test-binary-windows-js-suites/RUN_SUBSET=1,nodes=win10-COMPILED_BY-vs2022/27788/","buildNumber":27788,"builtOn":"test-azure_msft-win10_vs2019-x64-1","nodeVersion":"23.0.0","commitHash":"073643e146ad770db519f726b0ef75c07407a56b","callStack":[{"upstreamBuild":63044,"upstreamProject":"node-test-commit-windows-fanned","upstreamUrl":"job/node-test-commit-windows-fanned/"},{"upstreamBuild":70874,"upstreamProject":"node-test-commit","upstreamUrl":"job/node-test-commit/"},{"upstreamBuild":59261,"upstreamProject":"node-test-pull-request","upstreamUrl":"job/node-test-pull-request/"},{"prId":"53032"}],"tap":{"ok":false,"name":"message/node_run_non_existent","id":64,"buffered":false,"tapError":null,"skip":false,"todo":false,"previous":null,"plan":null,"diag":{"severity":"fail","stack":"Missing script: \"non-existent-command\"\n\nAvailable scripts are:\n  test: echo \"Error: no test specified\" && exit 1\n  ada: ada\n  ada-windows: ada.bat\n  positional-args: positional-args\n  positional-args-windows: positional-args.bat\n  custom-env: custom-env\n  custom-env-windows: custom-env.bat\n  path-env: path-env\n  path-env-windows: path-env.bat\n  special-env-variables: special-env-variables\n  special-env-variables-windows: special-env-variables.bat"},"time":318.004,"fullname":"message/node_run_non_existent","closingTestPoint":false}},{"testName":"message/node_run_non_existent","timestamp":1715917167856,"status":"REGRESSION","jobName":"node-test-binary-windows-js-suites","config":"node-test-binary-windows-js-suites » 0,win11-arm64-COMPILED_BY-vs2022-arm64 #27788","buildUrl":"https://ci.nodejs.org/job/node-test-binary-windows-js-suites/RUN_SUBSET=0,nodes=win11-arm64-COMPILED_BY-vs2022-arm64/27788/","buildNumber":27788,"builtOn":"test-azure_msft-win11_vs2022-arm64-6","nodeVersion":"23.0.0","commitHash":"073643e146ad770db519f726b0ef75c07407a56b","callStack":[{"upstreamBuild":63044,"upstreamProject":"node-test-commit-windows-fanned","upstreamUrl":"job/node-test-commit-windows-fanned/"},{"upstreamBuild":70874,"upstreamProject":"node-test-commit","upstreamUrl":"job/node-test-commit/"},{"upstreamBuild":59261,"upstreamProject":"node-test-pull-request","upstreamUrl":"job/node-test-pull-request/"},{"prId":"53032"}],"tap":{"ok":false,"name":"message/node_run_non_existent","id":62,"buffered":false,"tapError":null,"skip":false,"todo":false,"previous":null,"plan":null,"diag":{"severity":"fail","stack":"Missing script: \"non-existent-command\"\n\nAvailable scripts are:\n  test: echo \"Error: no test specified\" && exit 1\n  ada: ada\n  ada-windows: ada.bat\n  positional-args: positional-args\n  positional-args-windows: positional-args.bat\n  custom-env: custom-env\n  custom-env-windows: custom-env.bat\n  path-env: path-env\n  path-env-windows: path-env.bat\n  special-env-variables: special-env-variables\n  special-env-variables-windows: special-env-variables.bat"},"time":345.008,"fullname":"message/node_run_non_existent","closingTestPoint":false}},{"testName":"parallel/test-node-run","timestamp":1715917167856,"status":"FAILED","jobName":"node-test-binary-windows-js-suites","config":"node-test-binary-windows-js-suites » 3,win11-COMPILED_BY-vs2022 #27788","buildUrl":"https://ci.nodejs.org/job/node-test-binary-windows-js-suites/RUN_SUBSET=3,nodes=win11-COMPILED_BY-vs2022/27788/","buildNumber":27788,"builtOn":"test-azure_msft-win11_vs2022-x64-2","nodeVersion":"23.0.0","commitHash":"073643e146ad770db519f726b0ef75c07407a56b","callStack":[{"upstreamBuild":63044,"upstreamProject":"node-test-commit-windows-fanned","upstreamUrl":"job/node-test-commit-windows-fanned/"},{"upstreamBuild":70874,"upstreamProject":"node-test-commit","upstreamUrl":"job/node-test-commit/"},{"upstreamBuild":59261,"upstreamProject":"node-test-pull-request","upstreamUrl":"job/node-test-pull-request/"},{"prId":"53032"}],"tap":{"ok":false,"name":"parallel/test-node-run","id":594,"buffered":false,"tapError":null,"skip":false,"todo":false,"previous":null,"plan":null,"diag":{"severity":"fail","exitcode":1,"stack":"TAP version 13\n# Subtest: node run [command]\n    # Subtest: should emit experimental warning\n    ok 1 - should emit experimental warning\n      ---\n      duration_ms: 36.332\n      ...\n    # Subtest: returns error on non-existent file\n    ok 2 - returns error on non-existent file\n      ---\n      duration_ms: 37.8771\n      ...\n    # Subtest: runs a valid command\n    not ok 3 - runs a valid command\n      ---\n      duration_ms: 262.9958\n      location: 'c:\\\\workspace\\\\node-test-binary-windows-js-suites\\\\node\\\\test\\\\parallel\\\\test-node-run.js:35:3'\n      failureType: 'testCodeFailure'\n      error: |-\n        The input did not match the regular expression /Error: no test specified/. Input:\n        \n        ''\n        \n      code: 'ERR_ASSERTION'\n      name: 'AssertionError'\n      expected:\n      actual: ''\n      operator: 'match'\n      stack: |-\n        TestContext.<anonymous> (c:\\workspace\\node-test-binary-windows-js-suites\\node\\test\\parallel\\test-node-run.js:42:12)\n        process.processTicksAndRejections (node:internal/process/task_queues:95:5)\n        async Test.run (node:internal/test_runner/test:825:9)\n        async Suite.processPendingSubtests (node:internal/test_runner/test:533:7)\n      ...\n    # Subtest: adds node_modules/.bin to path\n    not ok 4 - adds node_modules/.bin to path\n      ---\n      duration_ms: 187.5715\n      location: 'c:\\\\workspace\\\\node-test-binary-windows-js-suites\\\\node\\\\test\\\\parallel\\\\test-node-run.js:46:3'\n      failureType: 'testCodeFailure'\n      error: |-\n        Expected values to be strictly equal:\n        \n        3221226356 !== 0\n        \n      code: 'ERR_ASSERTION'\n      name: 'AssertionError'\n      expected: 0\n      actual: 3221226356\n      operator: 'strictEqual'\n      stack: |-\n        TestContext.<anonymous> (c:\\workspace\\node-test-binary-windows-js-suites\\node\\test\\parallel\\test-node-run.js:54:12)\n        process.processTicksAndRejections (node:internal/process/task_queues:95:5)\n        async Test.run (node:internal/test_runner/test:825:9)\n        async Suite.processPendingSubtests (node:internal/test_runner/test:533:7)\n      ...\n    # Subtest: appends positional arguments\n    not ok 5 - appends positional arguments\n      ---\n      duration_ms: 150.9585\n      location: 'c:\\\\workspace\\\\node-test-binary-windows-js-suites\\\\node\\\\test\\\\parallel\\\\test-node-run.js:57:3'\n      failureType: 'testCodeFailure'\n      error: |-\n        Expected values to be strictly equal:\n        \n        3221226356 !== 0\n        \n      code: 'ERR_ASSERTION'\n      name: 'AssertionError'\n      expected: 0\n      actual: 3221226356\n      operator: 'strictEqual'\n      stack: |-\n        TestContext.<anonymous> (c:\\workspace\\node-test-binary-windows-js-suites\\node\\test\\parallel\\test-node-run.js:70:12)\n        process.processTicksAndRejections (node:internal/process/task_queues:95:5)\n        async Test.run (node:internal/test_runner/test:825:9)\n        async Suite.processPendingSubtests (node:internal/test_runner/test:533:7)\n      ...\n    # Subtest: should set PATH environment variable to node_modules/.bin\n    not ok 6 - should set PATH environment variable to node_modules/.bin\n      ---\n      duration_ms: 187.1023\n      location: 'c:\\\\workspace\\\\node-test-binary-windows-js-suites\\\\node\\\\test\\\\parallel\\\\test-node-run.js:73:3'\n      failureType: 'testCodeFailure'\n      error: |-\n        Expected values to be strictly equal:\n        \n        3221226356 !== 0\n        \n      code: 'ERR_ASSERTION'\n      name: 'AssertionError'\n      expected: 0\n      actual: 3221226356\n      operator: 'strictEqual'\n      stack: |-\n        TestContext.<anonymous> (c:\\workspace\\node-test-binary-windows-js-suites\\node\\test\\parallel\\test-node-run.js:81:12)\n        process.processTicksAndRejections (node:internal/process/task_queues:95:5)\n        async Test.run (node:internal/test_runner/test:825:9)\n        async Suite.processPendingSubtests (node:internal/test_runner/test:533:7)\n      ...\n    # Subtest: should set special environment variables\n    not ok 7 - should set special environment variables\n      ---\n      duration_ms: 148.3151\n      location: 'c:\\\\workspace\\\\node-test-binary-windows-js-suites\\\\node\\\\test\\\\parallel\\\\test-node-run.js:84:3'\n      failureType: 'testCodeFailure'\n      error: |-\n        The expression evaluated to a falsy value:\n        \n          assert.ok(child.stdout.includes(scriptName))\n        \n      code: 'ERR_ASSERTION'\n      name: 'AssertionError'\n      expected: true\n      actual: false\n      operator: '=='\n      stack: |-\n        TestContext.<anonymous> (c:\\workspace\\node-test-binary-windows-js-suites\\node\\test\\parallel\\test-node-run.js:91:12)\n        process.processTicksAndRejections (node:internal/process/task_queues:95:5)\n        async Test.run (node:internal/test_runner/test:825:9)\n        async Suite.processPendingSubtests (node:internal/test_runner/test:533:7)\n      ...\n    1..7\nnot ok 1 - node run [command]\n  ---\n  duration_ms: 1013.5623\n  type: 'suite'\n  location: 'c:\\\\workspace\\\\node-test-binary-windows-js-suites\\\\node\\\\test\\\\parallel\\\\test-node-run.js:11:1'\n  failureType: 'subtestsFailed'\n  error: '5 subtests failed'\n  code: 'ERR_TEST_FAILURE'\n  ...\n1..1\n# tests 7\n# suites 1\n# pass 2\n# fail 5\n# cancelled 0\n# skipped 0\n# todo 0\n# duration_ms 1022.0946"},"time":1298.016,"fullname":"parallel/test-node-run","closingTestPoint":false}},{"testName":"message/node_run_non_existent","timestamp":1715917167856,"status":"REGRESSION","jobName":"node-test-binary-windows-js-suites","config":"node-test-binary-windows-js-suites » 1,win2022-COMPILED_BY-vs2022 #27788","buildUrl":"https://ci.nodejs.org/job/node-test-binary-windows-js-suites/RUN_SUBSET=1,nodes=win2022-COMPILED_BY-vs2022/27788/","buildNumber":27788,"builtOn":"test-rackspace-win2022_vs2022-x64-4","nodeVersion":"23.0.0","commitHash":"073643e146ad770db519f726b0ef75c07407a56b","callStack":[{"upstreamBuild":63044,"upstreamProject":"node-test-commit-windows-fanned","upstreamUrl":"job/node-test-commit-windows-fanned/"},{"upstreamBuild":70874,"upstreamProject":"node-test-commit","upstreamUrl":"job/node-test-commit/"},{"upstreamBuild":59261,"upstreamProject":"node-test-pull-request","upstreamUrl":"job/node-test-pull-request/"},{"prId":"53032"}],"tap":{"ok":false,"name":"message/node_run_non_existent","id":64,"buffered":false,"tapError":null,"skip":false,"todo":false,"previous":null,"plan":null,"diag":{"severity":"fail","stack":"Missing script: \"non-existent-command\"\n\nAvailable scripts are:\n  test: echo \"Error: no test specified\" && exit 1\n  ada: ada\n  ada-windows: ada.bat\n  positional-args: positional-args\n  positional-args-windows: positional-args.bat\n  custom-env: custom-env\n  custom-env-windows: custom-env.bat\n  path-env: path-env\n  path-env-windows: path-env.bat\n  special-env-variables: special-env-variables\n  special-env-variables-windows: special-env-variables.bat"},"time":593.951,"fullname":"message/node_run_non_existent","closingTestPoint":false}},{"testName":"parallel/test-node-run","timestamp":1715917167856,"status":"FAILED","jobName":"node-test-binary-windows-js-suites","config":"node-test-binary-windows-js-suites » 3,win2022-COMPILED_BY-vs2022 #27788","buildUrl":"https://ci.nodejs.org/job/node-test-binary-windows-js-suites/RUN_SUBSET=3,nodes=win2022-COMPILED_BY-vs2022/27788/","buildNumber":27788,"builtOn":"test-rackspace-win2022_vs2022-x64-2","nodeVersion":"23.0.0","commitHash":"073643e146ad770db519f726b0ef75c07407a56b","callStack":[{"upstreamBuild":63044,"upstreamProject":"node-test-commit-windows-fanned","upstreamUrl":"job/node-test-commit-windows-fanned/"},{"upstreamBuild":70874,"upstreamProject":"node-test-commit","upstreamUrl":"job/node-test-commit/"},{"upstreamBuild":59261,"upstreamProject":"node-test-pull-request","upstreamUrl":"job/node-test-pull-request/"},{"prId":"53032"}],"tap":{"ok":false,"name":"parallel/test-node-run","id":602,"buffered":false,"tapError":null,"skip":false,"todo":false,"previous":null,"plan":null,"diag":{"severity":"fail","exitcode":1,"stack":"TAP version 13\n# Subtest: node run [command]\n    # Subtest: should emit experimental warning\n    ok 1 - should emit experimental warning\n      ---\n      duration_ms: 52.233\n      ...\n    # Subtest: returns error on non-existent file\n    ok 2 - returns error on non-existent file\n      ---\n      duration_ms: 56.6354\n      ...\n    # Subtest: runs a valid command\n    not ok 3 - runs a valid command\n      ---\n      duration_ms: 270.9566\n      location: 'C:\\\\workspace\\\\node-test-binary-windows-js-suites\\\\node\\\\test\\\\parallel\\\\test-node-run.js:35:3'\n      failureType: 'testCodeFailure'\n      error: |-\n        Expected values to be strictly equal:\n        \n        3221226356 !== 1\n        \n      code: 'ERR_ASSERTION'\n      name: 'AssertionError'\n      expected: 1\n      actual: 3221226356\n      operator: 'strictEqual'\n      stack: |-\n        TestContext.<anonymous> (C:\\workspace\\node-test-binary-windows-js-suites\\node\\test\\parallel\\test-node-run.js:43:12)\n        process.processTicksAndRejections (node:internal/process/task_queues:95:5)\n        async Test.run (node:internal/test_runner/test:825:9)\n        async Suite.processPendingSubtests (node:internal/test_runner/test:533:7)\n      ...\n    # Subtest: adds node_modules/.bin to path\n    not ok 4 - adds node_modules/.bin to path\n      ---\n      duration_ms: 176.7767\n      location: 'C:\\\\workspace\\\\node-test-binary-windows-js-suites\\\\node\\\\test\\\\parallel\\\\test-node-run.js:46:3'\n      failureType: 'testCodeFailure'\n      error: |-\n        Expected values to be strictly equal:\n        \n        3221226356 !== 0\n        \n      code: 'ERR_ASSERTION'\n      name: 'AssertionError'\n      expected: 0\n      actual: 3221226356\n      operator: 'strictEqual'\n      stack: |-\n        TestContext.<anonymous> (C:\\workspace\\node-test-binary-windows-js-suites\\node\\test\\parallel\\test-node-run.js:54:12)\n        process.processTicksAndRejections (node:internal/process/task_queues:95:5)\n        async Test.run (node:internal/test_runner/test:825:9)\n        async Suite.processPendingSubtests (node:internal/test_runner/test:533:7)\n      ...\n    # Subtest: appends positional arguments\n    not ok 5 - appends positional arguments\n      ---\n      duration_ms: 206.2963\n      location: 'C:\\\\workspace\\\\node-test-binary-windows-js-suites\\\\node\\\\test\\\\parallel\\\\test-node-run.js:57:3'\n      failureType: 'testCodeFailure'\n      error: |-\n        Expected values to be strictly equal:\n        \n        3221226356 !== 0\n        \n      code: 'ERR_ASSERTION'\n      name: 'AssertionError'\n      expected: 0\n      actual: 3221226356\n      operator: 'strictEqual'\n      stack: |-\n        TestContext.<anonymous> (C:\\workspace\\node-test-binary-windows-js-suites\\node\\test\\parallel\\test-node-run.js:70:12)\n        process.processTicksAndRejections (node:internal/process/task_queues:95:5)\n        async Test.run (node:internal/test_runner/test:825:9)\n        async Suite.processPendingSubtests (node:internal/test_runner/test:533:7)\n      ...\n    # Subtest: should set PATH environment variable to node_modules/.bin\n    not ok 6 - should set PATH environment variable to node_modules/.bin\n      ---\n      duration_ms: 244.088\n      location: 'C:\\\\workspace\\\\node-test-binary-windows-js-suites\\\\node\\\\test\\\\parallel\\\\test-node-run.js:73:3'\n      failureType: 'testCodeFailure'\n      error: |-\n        Expected values to be strictly equal:\n        \n        3221226356 !== 0\n        \n      code: 'ERR_ASSERTION'\n      name: 'AssertionError'\n      expected: 0\n      actual: 3221226356\n      operator: 'strictEqual'\n      stack: |-\n        TestContext.<anonymous> (C:\\workspace\\node-test-binary-windows-js-suites\\node\\test\\parallel\\test-node-run.js:81:12)\n        process.processTicksAndRejections (node:internal/process/task_queues:95:5)\n        async Test.run (node:internal/test_runner/test:825:9)\n        async Suite.processPendingSubtests (node:internal/test_runner/test:533:7)\n      ...\n    # Subtest: should set special environment variables\n    not ok 7 - should set special environment variables\n      ---\n      duration_ms: 174.8173\n      location: 'C:\\\\workspace\\\\node-test-binary-windows-js-suites\\\\node\\\\test\\\\parallel\\\\test-node-run.js:84:3'\n      failureType: 'testCodeFailure'\n      error: |-\n        The expression evaluated to a falsy value:\n        \n          assert.ok(child.stdout.includes(scriptName))\n        \n      code: 'ERR_ASSERTION'\n      name: 'AssertionError'\n      expected: true\n      actual: false\n      operator: '=='\n      stack: |-\n        TestContext.<anonymous> (C:\\workspace\\node-test-binary-windows-js-suites\\node\\test\\parallel\\test-node-run.js:91:12)\n        process.processTicksAndRejections (node:internal/process/task_queues:95:5)\n        async Test.run (node:internal/test_runner/test:825:9)\n        async Suite.processPendingSubtests (node:internal/test_runner/test:533:7)\n      ...\n    1..7\nnot ok 1 - node run [command]\n  ---\n  duration_ms: 1186.9014\n  type: 'suite'\n  location: 'C:\\\\workspace\\\\node-test-binary-windows-js-suites\\\\node\\\\test\\\\parallel\\\\test-node-run.js:11:1'\n  failureType: 'subtestsFailed'\n  error: '5 subtests failed'\n  code: 'ERR_TEST_FAILURE'\n  ...\n1..1\n# tests 7\n# suites 1\n# pass 2\n# fail 5\n# cancelled 0\n# skipped 0\n# todo 0\n# duration_ms 1204.7231"},"time":1551.025,"fullname":"parallel/test-node-run","closingTestPoint":false}},{"testName":"message/node_run_non_existent","timestamp":1715917167856,"status":"REGRESSION","jobName":"node-test-binary-windows-js-suites","config":"node-test-binary-windows-js-suites » 1,win2019-COMPILED_BY-vs2022 #27788","buildUrl":"https://ci.nodejs.org/job/node-test-binary-windows-js-suites/RUN_SUBSET=1,nodes=win2019-COMPILED_BY-vs2022/27788/","buildNumber":27788,"builtOn":"test-rackspace-win2019_vs2019-x64-4","nodeVersion":"23.0.0","commitHash":"073643e146ad770db519f726b0ef75c07407a56b","callStack":[{"upstreamBuild":63044,"upstreamProject":"node-test-commit-windows-fanned","upstreamUrl":"job/node-test-commit-windows-fanned/"},{"upstreamBuild":70874,"upstreamProject":"node-test-commit","upstreamUrl":"job/node-test-commit/"},{"upstreamBuild":59261,"upstreamProject":"node-test-pull-request","upstreamUrl":"job/node-test-pull-request/"},{"prId":"53032"}],"tap":{"ok":false,"name":"message/node_run_non_existent","id":67,"buffered":false,"tapError":null,"skip":false,"todo":false,"previous":null,"plan":null,"diag":{"severity":"fail","stack":"Missing script: \"non-existent-command\"\n\nAvailable scripts are:\n  test: echo \"Error: no test specified\" && exit 1\n  ada: ada\n  ada-windows: ada.bat\n  positional-args: positional-args\n  positional-args-windows: positional-args.bat\n  custom-env: custom-env\n  custom-env-windows: custom-env.bat\n  path-env: path-env\n  path-env-windows: path-env.bat\n  special-env-variables: special-env-variables\n  special-env-variables-windows: special-env-variables.bat"},"time":493.006,"fullname":"message/node_run_non_existent","closingTestPoint":false}}]}