{"failedTests":[{"testName":"parallel/test-node-output-errors","timestamp":1716246500044,"status":"FAILED","jobName":"node-test-binary-windows-js-suites","config":"node-test-binary-windows-js-suites » 3,win2016-COMPILED_BY-vs2022-x86 #27845","buildUrl":"https://ci.nodejs.org/job/node-test-binary-windows-js-suites/RUN_SUBSET=3,nodes=win2016-COMPILED_BY-vs2022-x86/27845/","buildNumber":27845,"builtOn":"test-azure_msft-win2016_vs2017-x64-2","nodeVersion":"23","commitHash":"a72c0c3e137a3886467b68866b0a9bc68589459e","callStack":[{"upstreamBuild":63111,"upstreamProject":"node-test-commit-windows-fanned","upstreamUrl":"job/node-test-commit-windows-fanned/"},{"upstreamBuild":70949,"upstreamProject":"node-test-commit","upstreamUrl":"job/node-test-commit/"},{"upstreamBuild":59324,"upstreamProject":"node-test-pull-request","upstreamUrl":"job/node-test-pull-request/"},{"prId":"53062"}],"tap":{"ok":false,"name":"parallel/test-node-output-errors","id":632,"buffered":false,"tapError":null,"skip":false,"todo":false,"previous":null,"plan":null,"diag":{"severity":"fail","exitcode":1,"stack":"TAP version 13\n# Subtest: errors output\n    # Subtest: errors/async_error_eval_cjs.js\n    ok 1 - errors/async_error_eval_cjs.js\n      ---\n      duration_ms: 210.2173\n      ...\n    # Subtest: errors/async_error_eval_esm.js\n    ok 2 - errors/async_error_eval_esm.js\n      ---\n      duration_ms: 181.2656\n      ...\n    # Subtest: errors/async_error_microtask_main.js\n    ok 3 - errors/async_error_microtask_main.js\n      ---\n      duration_ms: 105.5267\n      ...\n    # Subtest: errors/async_error_nexttick_main.js\n    ok 4 - errors/async_error_nexttick_main.js\n      ---\n      duration_ms: 112.9689\n      ...\n    # Subtest: errors/async_error_sync_main.js\n    ok 5 - errors/async_error_sync_main.js\n      ---\n      duration_ms: 100.7433\n      ...\n    # Subtest: errors/core_line_numbers.js\n    ok 6 - errors/core_line_numbers.js\n      ---\n      duration_ms: 104.4841\n      ...\n    # Subtest: errors/async_error_sync_esm.mjs\n    ok 7 - errors/async_error_sync_esm.mjs\n      ---\n      duration_ms: 152.3939\n      ...\n    # Subtest: errors/test-no-extra-info-on-fatal-exception.js\n    ok 8 - errors/test-no-extra-info-on-fatal-exception.js\n      ---\n      duration_ms: 96.0847\n      ...\n    # Subtest: errors/error_aggregateTwoErrors.js\n    ok 9 - errors/error_aggregateTwoErrors.js\n      ---\n      duration_ms: 131.6979\n      ...\n    # Subtest: errors/error_exit.js\n    ok 10 - errors/error_exit.js\n      ---\n      duration_ms: 130.6129\n      ...\n    # Subtest: errors/error_with_nul.js\n    ok 11 - errors/error_with_nul.js\n      ---\n      duration_ms: 103.1972\n      ...\n    # Subtest: errors/events_unhandled_error_common_trace.js\n    ok 12 - errors/events_unhandled_error_common_trace.js\n      ---\n      duration_ms: 107.9523\n      ...\n    # Subtest: errors/events_unhandled_error_nexttick.js\n    ok 13 - errors/events_unhandled_error_nexttick.js\n      ---\n      duration_ms: 111.4096\n      ...\n    # Subtest: errors/events_unhandled_error_sameline.js\n    ok 14 - errors/events_unhandled_error_sameline.js\n      ---\n      duration_ms: 104.4588\n      ...\n    # Subtest: errors/events_unhandled_error_subclass.js\n    ok 15 - errors/events_unhandled_error_subclass.js\n      ---\n      duration_ms: 102.4947\n      ...\n    # Subtest: errors/if-error-has-good-stack.js\n    ok 16 - errors/if-error-has-good-stack.js\n      ---\n      duration_ms: 125.3765\n      ...\n    # Subtest: errors/throw_custom_error.js\n    ok 17 - errors/throw_custom_error.js\n      ---\n      duration_ms: 98.7666\n      ...\n    # Subtest: errors/throw_error_with_getter_throw.js\n    not ok 18 - errors/throw_error_with_getter_throw.js\n      ---\n      duration_ms: 123.1504\n      location: 'C:\\\\workspace\\\\node-test-binary-windows-js-suites\\\\node\\\\test\\\\parallel\\\\test-node-output-errors.mjs:78:5'\n      failureType: 'testCodeFailure'\n      error: |-\n        Expected values to be strictly equal:\n        + actual - expected\n        \n          '\\n' +\n            '*throw_error_with_getter_throw.js:*\\n' +\n            'throw {  * eslint-disable-line no-throw-literal\\n' +\n            '^\\n' +\n            '[object Object]\\n' +\n        +   '(Use `node.exe --trace-uncaught ...` to show where the exception was thrown)\\n' +\n        -   '(Use `node --trace-uncaught ...` to show where the exception was thrown)\\n' +\n            '\\n' +\n            'Node.js *\\n'\n      code: 'ERR_ASSERTION'\n      name: 'AssertionError'\n      expected: |-\n        \n        *throw_error_with_getter_throw.js:*\n        throw {  * eslint-disable-line no-throw-literal\n        ^\n        [object Object]\n        (Use `node --trace-uncaught ...` to show where the exception was thrown)\n        \n        Node.js *\n        \n      actual: |-\n        \n        *throw_error_with_getter_throw.js:*\n        throw {  * eslint-disable-line no-throw-literal\n        ^\n        [object Object]\n        (Use `node.exe --trace-uncaught ...` to show where the exception was thrown)\n        \n        Node.js *\n        \n      operator: 'strictEqual'\n      stack: |-\n        assertSnapshot (C:\\workspace\\node-test-binary-windows-js-suites\\node\\test\\common\\assertSnapshot.js:56:12)\n        async Module.spawnAndAssert (C:\\workspace\\node-test-binary-windows-js-suites\\node\\test\\common\\assertSnapshot.js:84:3)\n        async TestContext.<anonymous> (file:///C:/workspace/node-test-binary-windows-js-suites/node/test/parallel/test-node-output-errors.mjs:79:7)\n        async Test.run (node:internal/test_runner/test:825:9)\n        async Suite.processPendingSubtests (node:internal/test_runner/test:533:7)\n      ...\n    # Subtest: errors/throw_in_line_with_tabs.js\n    ok 19 - errors/throw_in_line_with_tabs.js\n      ---\n      duration_ms: 102.2372\n      ...\n    # Subtest: errors/throw_non_error.js\n    ok 20 - errors/throw_non_error.js\n      ---\n      duration_ms: 103.5856\n      ...\n    # Subtest: errors/throw_null.js\n    not ok 21 - errors/throw_null.js\n      ---\n      duration_ms: 103.7722\n      location: 'C:\\\\workspace\\\\node-test-binary-windows-js-suites\\\\node\\\\test\\\\parallel\\\\test-node-output-errors.mjs:78:5'\n      failureType: 'testCodeFailure'\n      error: |-\n        Expected values to be strictly equal:\n        + actual - expected\n        \n          '\\n' +\n            '*throw_null.js:*\\n' +\n            'throw null;\\n' +\n            '^\\n' +\n            'null\\n' +\n        +   '(Use `node.exe --trace-uncaught ...` to show where the exception was thrown)\\n' +\n        -   '(Use `node --trace-uncaught ...` to show where the exception was thrown)\\n' +\n            '\\n' +\n            'Node.js *\\n'\n      code: 'ERR_ASSERTION'\n      name: 'AssertionError'\n      expected: |-\n        \n        *throw_null.js:*\n        throw null;\n        ^\n        null\n        (Use `node --trace-uncaught ...` to show where the exception was thrown)\n        \n        Node.js *\n        \n      actual: |-\n        \n        *throw_null.js:*\n        throw null;\n        ^\n        null\n        (Use `node.exe --trace-uncaught ...` to show where the exception was thrown)\n        \n        Node.js *\n        \n      operator: 'strictEqual'\n      stack: |-\n        assertSnapshot (C:\\workspace\\node-test-binary-windows-js-suites\\node\\test\\common\\assertSnapshot.js:56:12)\n        async Module.spawnAndAssert (C:\\workspace\\node-test-binary-windows-js-suites\\node\\test\\common\\assertSnapshot.js:84:3)\n        async TestContext.<anonymous> (file:///C:/workspace/node-test-binary-windows-js-suites/node/test/parallel/test-node-output-errors.mjs:79:7)\n        async Test.run (node:internal/test_runner/test:825:9)\n        async Suite.processPendingSubtests (node:internal/test_runner/test:533:7)\n      ...\n    # Subtest: errors/throw_undefined.js\n    not ok 22 - errors/throw_undefined.js\n      ---\n      duration_ms: 121.1503\n      location: 'C:\\\\workspace\\\\node-test-binary-windows-js-suites\\\\node\\\\test\\\\parallel\\\\test-node-output-errors.mjs:78:5'\n      failureType: 'testCodeFailure'\n      error: |-\n        Expected values to be strictly equal:\n        + actual - expected\n        \n          '\\n' +\n            '*throw_undefined.js:*\\n' +\n            'throw undefined;\\n' +\n            '^\\n' +\n            'undefined\\n' +\n        +   '(Use `node.exe --trace-uncaught ...` to show where the exception was thrown)\\n' +\n        -   '(Use `node --trace-uncaught ...` to show where the exception was thrown)\\n' +\n            '\\n' +\n            'Node.js *\\n'\n      code: 'ERR_ASSERTION'\n      name: 'AssertionError'\n      expected: |-\n        \n        *throw_undefined.js:*\n        throw undefined;\n        ^\n        undefined\n        (Use `node --trace-uncaught ...` to show where the exception was thrown)\n        \n        Node.js *\n        \n      actual: |-\n        \n        *throw_undefined.js:*\n        throw undefined;\n        ^\n        undefined\n        (Use `node.exe --trace-uncaught ...` to show where the exception was thrown)\n        \n        Node.js *\n        \n      operator: 'strictEqual'\n      stack: |-\n        assertSnapshot (C:\\workspace\\node-test-binary-windows-js-suites\\node\\test\\common\\assertSnapshot.js:56:12)\n        async Module.spawnAndAssert (C:\\workspace\\node-test-binary-windows-js-suites\\node\\test\\common\\assertSnapshot.js:84:3)\n        async TestContext.<anonymous> (file:///C:/workspace/node-test-binary-windows-js-suites/node/test/parallel/test-node-output-errors.mjs:79:7)\n        async Test.run (node:internal/test_runner/test:825:9)\n        async Suite.processPendingSubtests (node:internal/test_runner/test:533:7)\n      ...\n    # Subtest: errors/timeout_throw.js\n    ok 23 - errors/timeout_throw.js\n      ---\n      duration_ms: 113.7131\n      ...\n    # Subtest: errors/undefined_reference_in_new_context.js\n    ok 24 - errors/undefined_reference_in_new_context.js\n      ---\n      duration_ms: 122.7906\n      ...\n    # Subtest: errors/promise_always_throw_unhandled.js\n    ok 25 - errors/promise_always_throw_unhandled.js\n      ---\n      duration_ms: 107.5166\n      ...\n    # Subtest: errors/promise_unhandled_warn_with_error.js\n    ok 26 - errors/promise_unhandled_warn_with_error.js\n      ---\n      duration_ms: 129.409\n      ...\n    # Subtest: errors/unhandled_promise_trace_warnings.js\n    ok 27 - errors/unhandled_promise_trace_warnings.js\n      ---\n      duration_ms: 129.9027\n      ...\n    # Subtest: errors/force_colors.js\n    ok 28 - errors/force_colors.js\n      ---\n      duration_ms: 68.3395\n      ...\n    1..28\nnot ok 1 - errors output\n  ---\n  duration_ms: 3309.839\n  type: 'suite'\n  location: 'C:\\\\workspace\\\\node-test-binary-windows-js-suites\\\\node\\\\test\\\\parallel\\\\test-node-output-errors.mjs:23:1'\n  failureType: 'subtestsFailed'\n  error: '3 subtests failed'\n  code: 'ERR_TEST_FAILURE'\n  ...\n1..1\n# tests 28\n# suites 1\n# pass 25\n# fail 3\n# cancelled 0\n# skipped 0\n# todo 0\n# duration_ms 3332.56"},"time":3646.036,"fullname":"parallel/test-node-output-errors","closingTestPoint":false}},{"testName":"parallel/test-node-output-errors","timestamp":1716246500044,"status":"FAILED","jobName":"node-test-binary-windows-js-suites","config":"node-test-binary-windows-js-suites » 0,win11-arm64-COMPILED_BY-vs2022-arm64 #27845","buildUrl":"https://ci.nodejs.org/job/node-test-binary-windows-js-suites/RUN_SUBSET=0,nodes=win11-arm64-COMPILED_BY-vs2022-arm64/27845/","buildNumber":27845,"builtOn":"test-azure_msft-win11_vs2022-arm64-1","nodeVersion":"23","commitHash":"a72c0c3e137a3886467b68866b0a9bc68589459e","callStack":[{"upstreamBuild":63111,"upstreamProject":"node-test-commit-windows-fanned","upstreamUrl":"job/node-test-commit-windows-fanned/"},{"upstreamBuild":70949,"upstreamProject":"node-test-commit","upstreamUrl":"job/node-test-commit/"},{"upstreamBuild":59324,"upstreamProject":"node-test-pull-request","upstreamUrl":"job/node-test-pull-request/"},{"prId":"53062"}],"tap":{"ok":false,"name":"parallel/test-node-output-errors","id":677,"buffered":false,"tapError":null,"skip":false,"todo":false,"previous":null,"plan":null,"diag":{"severity":"fail","exitcode":1,"stack":"TAP version 13\n# Subtest: errors output\n    # Subtest: errors/async_error_eval_cjs.js\n    ok 1 - errors/async_error_eval_cjs.js\n      ---\n      duration_ms: 393.4082\n      ...\n    # Subtest: errors/async_error_eval_esm.js\n    ok 2 - errors/async_error_eval_esm.js\n      ---\n      duration_ms: 393.4222\n      ...\n    # Subtest: errors/async_error_microtask_main.js\n    ok 3 - errors/async_error_microtask_main.js\n      ---\n      duration_ms: 246.5212\n      ...\n    # Subtest: errors/async_error_nexttick_main.js\n    ok 4 - errors/async_error_nexttick_main.js\n      ---\n      duration_ms: 266.3954\n      ...\n    # Subtest: errors/async_error_sync_main.js\n    ok 5 - errors/async_error_sync_main.js\n      ---\n      duration_ms: 233.9872\n      ...\n    # Subtest: errors/core_line_numbers.js\n    ok 6 - errors/core_line_numbers.js\n      ---\n      duration_ms: 232.9019\n      ...\n    # Subtest: errors/async_error_sync_esm.mjs\n    ok 7 - errors/async_error_sync_esm.mjs\n      ---\n      duration_ms: 324.1509\n      ...\n    # Subtest: errors/test-no-extra-info-on-fatal-exception.js\n    ok 8 - errors/test-no-extra-info-on-fatal-exception.js\n      ---\n      duration_ms: 248.3185\n      ...\n    # Subtest: errors/error_aggregateTwoErrors.js\n    ok 9 - errors/error_aggregateTwoErrors.js\n      ---\n      duration_ms: 232.0463\n      ...\n    # Subtest: errors/error_exit.js\n    ok 10 - errors/error_exit.js\n      ---\n      duration_ms: 247.0521\n      ...\n    # Subtest: errors/error_with_nul.js\n    ok 11 - errors/error_with_nul.js\n      ---\n      duration_ms: 218.0266\n      ...\n    # Subtest: errors/events_unhandled_error_common_trace.js\n    ok 12 - errors/events_unhandled_error_common_trace.js\n      ---\n      duration_ms: 200.898\n      ...\n    # Subtest: errors/events_unhandled_error_nexttick.js\n    ok 13 - errors/events_unhandled_error_nexttick.js\n      ---\n      duration_ms: 236.0451\n      ...\n    # Subtest: errors/events_unhandled_error_sameline.js\n    ok 14 - errors/events_unhandled_error_sameline.js\n      ---\n      duration_ms: 263.5022\n      ...\n    # Subtest: errors/events_unhandled_error_subclass.js\n    ok 15 - errors/events_unhandled_error_subclass.js\n      ---\n      duration_ms: 253.888\n      ...\n    # Subtest: errors/if-error-has-good-stack.js\n    ok 16 - errors/if-error-has-good-stack.js\n      ---\n      duration_ms: 226.8532\n      ...\n    # Subtest: errors/throw_custom_error.js\n    ok 17 - errors/throw_custom_error.js\n      ---\n      duration_ms: 218.1363\n      ...\n    # Subtest: errors/throw_error_with_getter_throw.js\n    not ok 18 - errors/throw_error_with_getter_throw.js\n      ---\n      duration_ms: 215.0865\n      location: 'd:\\\\workspace\\\\node-test-binary-windows-js-suites\\\\node\\\\test\\\\parallel\\\\test-node-output-errors.mjs:78:5'\n      failureType: 'testCodeFailure'\n      error: |-\n        Expected values to be strictly equal:\n        + actual - expected\n        \n          '\\n' +\n            '*throw_error_with_getter_throw.js:*\\n' +\n            'throw {  * eslint-disable-line no-throw-literal\\n' +\n            '^\\n' +\n            '[object Object]\\n' +\n        +   '(Use `node.exe --trace-uncaught ...` to show where the exception was thrown)\\n' +\n        -   '(Use `node --trace-uncaught ...` to show where the exception was thrown)\\n' +\n            '\\n' +\n            'Node.js *\\n'\n      code: 'ERR_ASSERTION'\n      name: 'AssertionError'\n      expected: |-\n        \n        *throw_error_with_getter_throw.js:*\n        throw {  * eslint-disable-line no-throw-literal\n        ^\n        [object Object]\n        (Use `node --trace-uncaught ...` to show where the exception was thrown)\n        \n        Node.js *\n        \n      actual: |-\n        \n        *throw_error_with_getter_throw.js:*\n        throw {  * eslint-disable-line no-throw-literal\n        ^\n        [object Object]\n        (Use `node.exe --trace-uncaught ...` to show where the exception was thrown)\n        \n        Node.js *\n        \n      operator: 'strictEqual'\n      stack: |-\n        assertSnapshot (d:\\workspace\\node-test-binary-windows-js-suites\\node\\test\\common\\assertSnapshot.js:56:12)\n        async Module.spawnAndAssert (d:\\workspace\\node-test-binary-windows-js-suites\\node\\test\\common\\assertSnapshot.js:84:3)\n        async TestContext.<anonymous> (file:///d:/workspace/node-test-binary-windows-js-suites/node/test/parallel/test-node-output-errors.mjs:79:7)\n        async Test.run (node:internal/test_runner/test:825:9)\n        async Suite.processPendingSubtests (node:internal/test_runner/test:533:7)\n      ...\n    # Subtest: errors/throw_in_line_with_tabs.js\n    ok 19 - errors/throw_in_line_with_tabs.js\n      ---\n      duration_ms: 263.2808\n      ...\n    # Subtest: errors/throw_non_error.js\n    ok 20 - errors/throw_non_error.js\n      ---\n      duration_ms: 258.8817\n      ...\n    # Subtest: errors/throw_null.js\n    not ok 21 - errors/throw_null.js\n      ---\n      duration_ms: 315.9155\n      location: 'd:\\\\workspace\\\\node-test-binary-windows-js-suites\\\\node\\\\test\\\\parallel\\\\test-node-output-errors.mjs:78:5'\n      failureType: 'testCodeFailure'\n      error: |-\n        Expected values to be strictly equal:\n        + actual - expected\n        \n          '\\n' +\n            '*throw_null.js:*\\n' +\n            'throw null;\\n' +\n            '^\\n' +\n            'null\\n' +\n        +   '(Use `node.exe --trace-uncaught ...` to show where the exception was thrown)\\n' +\n        -   '(Use `node --trace-uncaught ...` to show where the exception was thrown)\\n' +\n            '\\n' +\n            'Node.js *\\n'\n      code: 'ERR_ASSERTION'\n      name: 'AssertionError'\n      expected: |-\n        \n        *throw_null.js:*\n        throw null;\n        ^\n        null\n        (Use `node --trace-uncaught ...` to show where the exception was thrown)\n        \n        Node.js *\n        \n      actual: |-\n        \n        *throw_null.js:*\n        throw null;\n        ^\n        null\n        (Use `node.exe --trace-uncaught ...` to show where the exception was thrown)\n        \n        Node.js *\n        \n      operator: 'strictEqual'\n      stack: |-\n        assertSnapshot (d:\\workspace\\node-test-binary-windows-js-suites\\node\\test\\common\\assertSnapshot.js:56:12)\n        async Module.spawnAndAssert (d:\\workspace\\node-test-binary-windows-js-suites\\node\\test\\common\\assertSnapshot.js:84:3)\n        async TestContext.<anonymous> (file:///d:/workspace/node-test-binary-windows-js-suites/node/test/parallel/test-node-output-errors.mjs:79:7)\n        async Test.run (node:internal/test_runner/test:825:9)\n        async Suite.processPendingSubtests (node:internal/test_runner/test:533:7)\n      ...\n    # Subtest: errors/throw_undefined.js\n    not ok 22 - errors/throw_undefined.js\n      ---\n      duration_ms: 206.0243\n      location: 'd:\\\\workspace\\\\node-test-binary-windows-js-suites\\\\node\\\\test\\\\parallel\\\\test-node-output-errors.mjs:78:5'\n      failureType: 'testCodeFailure'\n      error: |-\n        Expected values to be strictly equal:\n        + actual - expected\n        \n          '\\n' +\n            '*throw_undefined.js:*\\n' +\n            'throw undefined;\\n' +\n            '^\\n' +\n            'undefined\\n' +\n        +   '(Use `node.exe --trace-uncaught ...` to show where the exception was thrown)\\n' +\n        -   '(Use `node --trace-uncaught ...` to show where the exception was thrown)\\n' +\n            '\\n' +\n            'Node.js *\\n'\n      code: 'ERR_ASSERTION'\n      name: 'AssertionError'\n      expected: |-\n        \n        *throw_undefined.js:*\n        throw undefined;\n        ^\n        undefined\n        (Use `node --trace-uncaught ...` to show where the exception was thrown)\n        \n        Node.js *\n        \n      actual: |-\n        \n        *throw_undefined.js:*\n        throw undefined;\n        ^\n        undefined\n        (Use `node.exe --trace-uncaught ...` to show where the exception was thrown)\n        \n        Node.js *\n        \n      operator: 'strictEqual'\n      stack: |-\n        assertSnapshot (d:\\workspace\\node-test-binary-windows-js-suites\\node\\test\\common\\assertSnapshot.js:56:12)\n        async Module.spawnAndAssert (d:\\workspace\\node-test-binary-windows-js-suites\\node\\test\\common\\assertSnapshot.js:84:3)\n        async TestContext.<anonymous> (file:///d:/workspace/node-test-binary-windows-js-suites/node/test/parallel/test-node-output-errors.mjs:79:7)\n        async Test.run (node:internal/test_runner/test:825:9)\n        async Suite.processPendingSubtests (node:internal/test_runner/test:533:7)\n      ...\n    # Subtest: errors/timeout_throw.js\n    ok 23 - errors/timeout_throw.js\n      ---\n      duration_ms: 218.7684\n      ...\n    # Subtest: errors/undefined_reference_in_new_context.js\n    ok 24 - errors/undefined_reference_in_new_context.js\n      ---\n      duration_ms: 230.6352\n      ...\n    # Subtest: errors/promise_always_throw_unhandled.js\n    ok 25 - errors/promise_always_throw_unhandled.js\n      ---\n      duration_ms: 226.9434\n      ...\n    # Subtest: errors/promise_unhandled_warn_with_error.js\n    ok 26 - errors/promise_unhandled_warn_with_error.js\n      ---\n      duration_ms: 242.0314\n      ...\n    # Subtest: errors/unhandled_promise_trace_warnings.js\n    ok 27 - errors/unhandled_promise_trace_warnings.js\n      ---\n      duration_ms: 231.2439\n      ...\n    # Subtest: errors/force_colors.js\n    ok 28 - errors/force_colors.js\n      ---\n      duration_ms: 162.6324\n      ...\n    1..28\nnot ok 1 - errors output\n  ---\n  duration_ms: 7011.7866\n  type: 'suite'\n  location: 'd:\\\\workspace\\\\node-test-binary-windows-js-suites\\\\node\\\\test\\\\parallel\\\\test-node-output-errors.mjs:23:1'\n  failureType: 'subtestsFailed'\n  error: '3 subtests failed'\n  code: 'ERR_TEST_FAILURE'\n  ...\n1..1\n# tests 28\n# suites 1\n# pass 25\n# fail 3\n# cancelled 0\n# skipped 0\n# todo 0\n# duration_ms 7024.044"},"time":7530.966,"fullname":"parallel/test-node-output-errors","closingTestPoint":false}},{"testName":"parallel/test-node-output-errors","timestamp":1716246500044,"status":"FAILED","jobName":"node-test-binary-windows-js-suites","config":"node-test-binary-windows-js-suites » 3,win11-COMPILED_BY-vs2022 #27845","buildUrl":"https://ci.nodejs.org/job/node-test-binary-windows-js-suites/RUN_SUBSET=3,nodes=win11-COMPILED_BY-vs2022/27845/","buildNumber":27845,"builtOn":"test-azure_msft-win11_vs2022-x64-3","nodeVersion":"23","commitHash":"a72c0c3e137a3886467b68866b0a9bc68589459e","callStack":[{"upstreamBuild":63111,"upstreamProject":"node-test-commit-windows-fanned","upstreamUrl":"job/node-test-commit-windows-fanned/"},{"upstreamBuild":70949,"upstreamProject":"node-test-commit","upstreamUrl":"job/node-test-commit/"},{"upstreamBuild":59324,"upstreamProject":"node-test-pull-request","upstreamUrl":"job/node-test-pull-request/"},{"prId":"53062"}],"tap":{"ok":false,"name":"parallel/test-node-output-errors","id":635,"buffered":false,"tapError":null,"skip":false,"todo":false,"previous":null,"plan":null,"diag":{"severity":"fail","exitcode":1,"stack":"TAP version 13\n# Subtest: errors output\n    # Subtest: errors/async_error_eval_cjs.js\n    ok 1 - errors/async_error_eval_cjs.js\n      ---\n      duration_ms: 385.8497\n      ...\n    # Subtest: errors/async_error_eval_esm.js\n    ok 2 - errors/async_error_eval_esm.js\n      ---\n      duration_ms: 233.1468\n      ...\n    # Subtest: errors/async_error_microtask_main.js\n    ok 3 - errors/async_error_microtask_main.js\n      ---\n      duration_ms: 122.0654\n      ...\n    # Subtest: errors/async_error_nexttick_main.js\n    ok 4 - errors/async_error_nexttick_main.js\n      ---\n      duration_ms: 138.9287\n      ...\n    # Subtest: errors/async_error_sync_main.js\n    ok 5 - errors/async_error_sync_main.js\n      ---\n      duration_ms: 159.5927\n      ...\n    # Subtest: errors/core_line_numbers.js\n    ok 6 - errors/core_line_numbers.js\n      ---\n      duration_ms: 151.7724\n      ...\n    # Subtest: errors/async_error_sync_esm.mjs\n    ok 7 - errors/async_error_sync_esm.mjs\n      ---\n      duration_ms: 187.41\n      ...\n    # Subtest: errors/test-no-extra-info-on-fatal-exception.js\n    ok 8 - errors/test-no-extra-info-on-fatal-exception.js\n      ---\n      duration_ms: 139.4893\n      ...\n    # Subtest: errors/error_aggregateTwoErrors.js\n    ok 9 - errors/error_aggregateTwoErrors.js\n      ---\n      duration_ms: 131.7648\n      ...\n    # Subtest: errors/error_exit.js\n    ok 10 - errors/error_exit.js\n      ---\n      duration_ms: 138.0249\n      ...\n    # Subtest: errors/error_with_nul.js\n    ok 11 - errors/error_with_nul.js\n      ---\n      duration_ms: 137.8189\n      ...\n    # Subtest: errors/events_unhandled_error_common_trace.js\n    ok 12 - errors/events_unhandled_error_common_trace.js\n      ---\n      duration_ms: 148.641\n      ...\n    # Subtest: errors/events_unhandled_error_nexttick.js\n    ok 13 - errors/events_unhandled_error_nexttick.js\n      ---\n      duration_ms: 149.8541\n      ...\n    # Subtest: errors/events_unhandled_error_sameline.js\n    ok 14 - errors/events_unhandled_error_sameline.js\n      ---\n      duration_ms: 145.7261\n      ...\n    # Subtest: errors/events_unhandled_error_subclass.js\n    ok 15 - errors/events_unhandled_error_subclass.js\n      ---\n      duration_ms: 137.1406\n      ...\n    # Subtest: errors/if-error-has-good-stack.js\n    ok 16 - errors/if-error-has-good-stack.js\n      ---\n      duration_ms: 135.2373\n      ...\n    # Subtest: errors/throw_custom_error.js\n    ok 17 - errors/throw_custom_error.js\n      ---\n      duration_ms: 169.4516\n      ...\n    # Subtest: errors/throw_error_with_getter_throw.js\n    not ok 18 - errors/throw_error_with_getter_throw.js\n      ---\n      duration_ms: 153.1686\n      location: 'c:\\\\workspace\\\\node-test-binary-windows-js-suites\\\\node\\\\test\\\\parallel\\\\test-node-output-errors.mjs:78:5'\n      failureType: 'testCodeFailure'\n      error: |-\n        Expected values to be strictly equal:\n        + actual - expected\n        \n          '\\n' +\n            '*throw_error_with_getter_throw.js:*\\n' +\n            'throw {  * eslint-disable-line no-throw-literal\\n' +\n            '^\\n' +\n            '[object Object]\\n' +\n        +   '(Use `node.exe --trace-uncaught ...` to show where the exception was thrown)\\n' +\n        -   '(Use `node --trace-uncaught ...` to show where the exception was thrown)\\n' +\n            '\\n' +\n            'Node.js *\\n'\n      code: 'ERR_ASSERTION'\n      name: 'AssertionError'\n      expected: |-\n        \n        *throw_error_with_getter_throw.js:*\n        throw {  * eslint-disable-line no-throw-literal\n        ^\n        [object Object]\n        (Use `node --trace-uncaught ...` to show where the exception was thrown)\n        \n        Node.js *\n        \n      actual: |-\n        \n        *throw_error_with_getter_throw.js:*\n        throw {  * eslint-disable-line no-throw-literal\n        ^\n        [object Object]\n        (Use `node.exe --trace-uncaught ...` to show where the exception was thrown)\n        \n        Node.js *\n        \n      operator: 'strictEqual'\n      stack: |-\n        assertSnapshot (c:\\workspace\\node-test-binary-windows-js-suites\\node\\test\\common\\assertSnapshot.js:56:12)\n        async Module.spawnAndAssert (c:\\workspace\\node-test-binary-windows-js-suites\\node\\test\\common\\assertSnapshot.js:84:3)\n        async TestContext.<anonymous> (file:///c:/workspace/node-test-binary-windows-js-suites/node/test/parallel/test-node-output-errors.mjs:79:7)\n        async Test.run (node:internal/test_runner/test:825:9)\n        async Suite.processPendingSubtests (node:internal/test_runner/test:533:7)\n      ...\n    # Subtest: errors/throw_in_line_with_tabs.js\n    ok 19 - errors/throw_in_line_with_tabs.js\n      ---\n      duration_ms: 155.1189\n      ...\n    # Subtest: errors/throw_non_error.js\n    ok 20 - errors/throw_non_error.js\n      ---\n      duration_ms: 134.8475\n      ...\n    # Subtest: errors/throw_null.js\n    not ok 21 - errors/throw_null.js\n      ---\n      duration_ms: 147.7402\n      location: 'c:\\\\workspace\\\\node-test-binary-windows-js-suites\\\\node\\\\test\\\\parallel\\\\test-node-output-errors.mjs:78:5'\n      failureType: 'testCodeFailure'\n      error: |-\n        Expected values to be strictly equal:\n        + actual - expected\n        \n          '\\n' +\n            '*throw_null.js:*\\n' +\n            'throw null;\\n' +\n            '^\\n' +\n            'null\\n' +\n        +   '(Use `node.exe --trace-uncaught ...` to show where the exception was thrown)\\n' +\n        -   '(Use `node --trace-uncaught ...` to show where the exception was thrown)\\n' +\n            '\\n' +\n            'Node.js *\\n'\n      code: 'ERR_ASSERTION'\n      name: 'AssertionError'\n      expected: |-\n        \n        *throw_null.js:*\n        throw null;\n        ^\n        null\n        (Use `node --trace-uncaught ...` to show where the exception was thrown)\n        \n        Node.js *\n        \n      actual: |-\n        \n        *throw_null.js:*\n        throw null;\n        ^\n        null\n        (Use `node.exe --trace-uncaught ...` to show where the exception was thrown)\n        \n        Node.js *\n        \n      operator: 'strictEqual'\n      stack: |-\n        assertSnapshot (c:\\workspace\\node-test-binary-windows-js-suites\\node\\test\\common\\assertSnapshot.js:56:12)\n        async Module.spawnAndAssert (c:\\workspace\\node-test-binary-windows-js-suites\\node\\test\\common\\assertSnapshot.js:84:3)\n        async TestContext.<anonymous> (file:///c:/workspace/node-test-binary-windows-js-suites/node/test/parallel/test-node-output-errors.mjs:79:7)\n        async Test.run (node:internal/test_runner/test:825:9)\n        async Suite.processPendingSubtests (node:internal/test_runner/test:533:7)\n      ...\n    # Subtest: errors/throw_undefined.js\n    not ok 22 - errors/throw_undefined.js\n      ---\n      duration_ms: 122.0455\n      location: 'c:\\\\workspace\\\\node-test-binary-windows-js-suites\\\\node\\\\test\\\\parallel\\\\test-node-output-errors.mjs:78:5'\n      failureType: 'testCodeFailure'\n      error: |-\n        Expected values to be strictly equal:\n        + actual - expected\n        \n          '\\n' +\n            '*throw_undefined.js:*\\n' +\n            'throw undefined;\\n' +\n            '^\\n' +\n            'undefined\\n' +\n        +   '(Use `node.exe --trace-uncaught ...` to show where the exception was thrown)\\n' +\n        -   '(Use `node --trace-uncaught ...` to show where the exception was thrown)\\n' +\n            '\\n' +\n            'Node.js *\\n'\n      code: 'ERR_ASSERTION'\n      name: 'AssertionError'\n      expected: |-\n        \n        *throw_undefined.js:*\n        throw undefined;\n        ^\n        undefined\n        (Use `node --trace-uncaught ...` to show where the exception was thrown)\n        \n        Node.js *\n        \n      actual: |-\n        \n        *throw_undefined.js:*\n        throw undefined;\n        ^\n        undefined\n        (Use `node.exe --trace-uncaught ...` to show where the exception was thrown)\n        \n        Node.js *\n        \n      operator: 'strictEqual'\n      stack: |-\n        assertSnapshot (c:\\workspace\\node-test-binary-windows-js-suites\\node\\test\\common\\assertSnapshot.js:56:12)\n        async Module.spawnAndAssert (c:\\workspace\\node-test-binary-windows-js-suites\\node\\test\\common\\assertSnapshot.js:84:3)\n        async TestContext.<anonymous> (file:///c:/workspace/node-test-binary-windows-js-suites/node/test/parallel/test-node-output-errors.mjs:79:7)\n        async Test.run (node:internal/test_runner/test:825:9)\n        async Suite.processPendingSubtests (node:internal/test_runner/test:533:7)\n      ...\n    # Subtest: errors/timeout_throw.js\n    ok 23 - errors/timeout_throw.js\n      ---\n      duration_ms: 155.2428\n      ...\n    # Subtest: errors/undefined_reference_in_new_context.js\n    ok 24 - errors/undefined_reference_in_new_context.js\n      ---\n      duration_ms: 159.9136\n      ...\n    # Subtest: errors/promise_always_throw_unhandled.js\n    ok 25 - errors/promise_always_throw_unhandled.js\n      ---\n      duration_ms: 191.4223\n      ...\n    # Subtest: errors/promise_unhandled_warn_with_error.js\n    ok 26 - errors/promise_unhandled_warn_with_error.js\n      ---\n      duration_ms: 128.1547\n      ...\n    # Subtest: errors/unhandled_promise_trace_warnings.js\n    ok 27 - errors/unhandled_promise_trace_warnings.js\n      ---\n      duration_ms: 134.3391\n      ...\n    # Subtest: errors/force_colors.js\n    ok 28 - errors/force_colors.js\n      ---\n      duration_ms: 100.8213\n      ...\n    1..28\nnot ok 1 - errors output\n  ---\n  duration_ms: 4399.4114\n  type: 'suite'\n  location: 'c:\\\\workspace\\\\node-test-binary-windows-js-suites\\\\node\\\\test\\\\parallel\\\\test-node-output-errors.mjs:23:1'\n  failureType: 'subtestsFailed'\n  error: '3 subtests failed'\n  code: 'ERR_TEST_FAILURE'\n  ...\n1..1\n# tests 28\n# suites 1\n# pass 25\n# fail 3\n# cancelled 0\n# skipped 0\n# todo 0\n# duration_ms 4410.3665"},"time":4854.74,"fullname":"parallel/test-node-output-errors","closingTestPoint":false}},{"testName":"parallel/test-node-output-errors","timestamp":1716246500044,"status":"FAILED","jobName":"node-test-binary-windows-js-suites","config":"node-test-binary-windows-js-suites » 3,win2022-COMPILED_BY-vs2022 #27845","buildUrl":"https://ci.nodejs.org/job/node-test-binary-windows-js-suites/RUN_SUBSET=3,nodes=win2022-COMPILED_BY-vs2022/27845/","buildNumber":27845,"builtOn":"test-rackspace-win2022_vs2022-x64-6","nodeVersion":"23","commitHash":"a72c0c3e137a3886467b68866b0a9bc68589459e","callStack":[{"upstreamBuild":63111,"upstreamProject":"node-test-commit-windows-fanned","upstreamUrl":"job/node-test-commit-windows-fanned/"},{"upstreamBuild":70949,"upstreamProject":"node-test-commit","upstreamUrl":"job/node-test-commit/"},{"upstreamBuild":59324,"upstreamProject":"node-test-pull-request","upstreamUrl":"job/node-test-pull-request/"},{"prId":"53062"}],"tap":{"ok":false,"name":"parallel/test-node-output-errors","id":669,"buffered":false,"tapError":null,"skip":false,"todo":false,"previous":null,"plan":null,"diag":{"severity":"fail","exitcode":1,"stack":"TAP version 13\n# Subtest: errors output\n    # Subtest: errors/async_error_eval_cjs.js\n    ok 1 - errors/async_error_eval_cjs.js\n      ---\n      duration_ms: 264.1025\n      ...\n    # Subtest: errors/async_error_eval_esm.js\n    ok 2 - errors/async_error_eval_esm.js\n      ---\n      duration_ms: 256.9519\n      ...\n    # Subtest: errors/async_error_microtask_main.js\n    ok 3 - errors/async_error_microtask_main.js\n      ---\n      duration_ms: 169.5361\n      ...\n    # Subtest: errors/async_error_nexttick_main.js\n    ok 4 - errors/async_error_nexttick_main.js\n      ---\n      duration_ms: 157.8653\n      ...\n    # Subtest: errors/async_error_sync_main.js\n    ok 5 - errors/async_error_sync_main.js\n      ---\n      duration_ms: 182.9683\n      ...\n    # Subtest: errors/core_line_numbers.js\n    ok 6 - errors/core_line_numbers.js\n      ---\n      duration_ms: 164.0338\n      ...\n    # Subtest: errors/async_error_sync_esm.mjs\n    ok 7 - errors/async_error_sync_esm.mjs\n      ---\n      duration_ms: 230.295\n      ...\n    # Subtest: errors/test-no-extra-info-on-fatal-exception.js\n    ok 8 - errors/test-no-extra-info-on-fatal-exception.js\n      ---\n      duration_ms: 168.554\n      ...\n    # Subtest: errors/error_aggregateTwoErrors.js\n    ok 9 - errors/error_aggregateTwoErrors.js\n      ---\n      duration_ms: 160.5941\n      ...\n    # Subtest: errors/error_exit.js\n    ok 10 - errors/error_exit.js\n      ---\n      duration_ms: 191.4407\n      ...\n    # Subtest: errors/error_with_nul.js\n    ok 11 - errors/error_with_nul.js\n      ---\n      duration_ms: 169.3491\n      ...\n    # Subtest: errors/events_unhandled_error_common_trace.js\n    ok 12 - errors/events_unhandled_error_common_trace.js\n      ---\n      duration_ms: 171.4161\n      ...\n    # Subtest: errors/events_unhandled_error_nexttick.js\n    ok 13 - errors/events_unhandled_error_nexttick.js\n      ---\n      duration_ms: 207.6978\n      ...\n    # Subtest: errors/events_unhandled_error_sameline.js\n    ok 14 - errors/events_unhandled_error_sameline.js\n      ---\n      duration_ms: 180.6724\n      ...\n    # Subtest: errors/events_unhandled_error_subclass.js\n    ok 15 - errors/events_unhandled_error_subclass.js\n      ---\n      duration_ms: 151.0467\n      ...\n    # Subtest: errors/if-error-has-good-stack.js\n    ok 16 - errors/if-error-has-good-stack.js\n      ---\n      duration_ms: 155.1905\n      ...\n    # Subtest: errors/throw_custom_error.js\n    ok 17 - errors/throw_custom_error.js\n      ---\n      duration_ms: 152.8288\n      ...\n    # Subtest: errors/throw_error_with_getter_throw.js\n    not ok 18 - errors/throw_error_with_getter_throw.js\n      ---\n      duration_ms: 153.7107\n      location: 'C:\\\\workspace\\\\node-test-binary-windows-js-suites\\\\node\\\\test\\\\parallel\\\\test-node-output-errors.mjs:78:5'\n      failureType: 'testCodeFailure'\n      error: |-\n        Expected values to be strictly equal:\n        + actual - expected\n        \n          '\\n' +\n            '*throw_error_with_getter_throw.js:*\\n' +\n            'throw {  * eslint-disable-line no-throw-literal\\n' +\n            '^\\n' +\n            '[object Object]\\n' +\n        +   '(Use `node.exe --trace-uncaught ...` to show where the exception was thrown)\\n' +\n        -   '(Use `node --trace-uncaught ...` to show where the exception was thrown)\\n' +\n            '\\n' +\n            'Node.js *\\n'\n      code: 'ERR_ASSERTION'\n      name: 'AssertionError'\n      expected: |-\n        \n        *throw_error_with_getter_throw.js:*\n        throw {  * eslint-disable-line no-throw-literal\n        ^\n        [object Object]\n        (Use `node --trace-uncaught ...` to show where the exception was thrown)\n        \n        Node.js *\n        \n      actual: |-\n        \n        *throw_error_with_getter_throw.js:*\n        throw {  * eslint-disable-line no-throw-literal\n        ^\n        [object Object]\n        (Use `node.exe --trace-uncaught ...` to show where the exception was thrown)\n        \n        Node.js *\n        \n      operator: 'strictEqual'\n      stack: |-\n        assertSnapshot (C:\\workspace\\node-test-binary-windows-js-suites\\node\\test\\common\\assertSnapshot.js:56:12)\n        async Module.spawnAndAssert (C:\\workspace\\node-test-binary-windows-js-suites\\node\\test\\common\\assertSnapshot.js:84:3)\n        async TestContext.<anonymous> (file:///C:/workspace/node-test-binary-windows-js-suites/node/test/parallel/test-node-output-errors.mjs:79:7)\n        async Test.run (node:internal/test_runner/test:825:9)\n        async Suite.processPendingSubtests (node:internal/test_runner/test:533:7)\n      ...\n    # Subtest: errors/throw_in_line_with_tabs.js\n    ok 19 - errors/throw_in_line_with_tabs.js\n      ---\n      duration_ms: 178.567\n      ...\n    # Subtest: errors/throw_non_error.js\n    ok 20 - errors/throw_non_error.js\n      ---\n      duration_ms: 160.6724\n      ...\n    # Subtest: errors/throw_null.js\n    not ok 21 - errors/throw_null.js\n      ---\n      duration_ms: 150.2598\n      location: 'C:\\\\workspace\\\\node-test-binary-windows-js-suites\\\\node\\\\test\\\\parallel\\\\test-node-output-errors.mjs:78:5'\n      failureType: 'testCodeFailure'\n      error: |-\n        Expected values to be strictly equal:\n        + actual - expected\n        \n          '\\n' +\n            '*throw_null.js:*\\n' +\n            'throw null;\\n' +\n            '^\\n' +\n            'null\\n' +\n        +   '(Use `node.exe --trace-uncaught ...` to show where the exception was thrown)\\n' +\n        -   '(Use `node --trace-uncaught ...` to show where the exception was thrown)\\n' +\n            '\\n' +\n            'Node.js *\\n'\n      code: 'ERR_ASSERTION'\n      name: 'AssertionError'\n      expected: |-\n        \n        *throw_null.js:*\n        throw null;\n        ^\n        null\n        (Use `node --trace-uncaught ...` to show where the exception was thrown)\n        \n        Node.js *\n        \n      actual: |-\n        \n        *throw_null.js:*\n        throw null;\n        ^\n        null\n        (Use `node.exe --trace-uncaught ...` to show where the exception was thrown)\n        \n        Node.js *\n        \n      operator: 'strictEqual'\n      stack: |-\n        assertSnapshot (C:\\workspace\\node-test-binary-windows-js-suites\\node\\test\\common\\assertSnapshot.js:56:12)\n        async Module.spawnAndAssert (C:\\workspace\\node-test-binary-windows-js-suites\\node\\test\\common\\assertSnapshot.js:84:3)\n        async TestContext.<anonymous> (file:///C:/workspace/node-test-binary-windows-js-suites/node/test/parallel/test-node-output-errors.mjs:79:7)\n        async Test.run (node:internal/test_runner/test:825:9)\n        async Suite.processPendingSubtests (node:internal/test_runner/test:533:7)\n      ...\n    # Subtest: errors/throw_undefined.js\n    not ok 22 - errors/throw_undefined.js\n      ---\n      duration_ms: 156.2096\n      location: 'C:\\\\workspace\\\\node-test-binary-windows-js-suites\\\\node\\\\test\\\\parallel\\\\test-node-output-errors.mjs:78:5'\n      failureType: 'testCodeFailure'\n      error: |-\n        Expected values to be strictly equal:\n        + actual - expected\n        \n          '\\n' +\n            '*throw_undefined.js:*\\n' +\n            'throw undefined;\\n' +\n            '^\\n' +\n            'undefined\\n' +\n        +   '(Use `node.exe --trace-uncaught ...` to show where the exception was thrown)\\n' +\n        -   '(Use `node --trace-uncaught ...` to show where the exception was thrown)\\n' +\n            '\\n' +\n            'Node.js *\\n'\n      code: 'ERR_ASSERTION'\n      name: 'AssertionError'\n      expected: |-\n        \n        *throw_undefined.js:*\n        throw undefined;\n        ^\n        undefined\n        (Use `node --trace-uncaught ...` to show where the exception was thrown)\n        \n        Node.js *\n        \n      actual: |-\n        \n        *throw_undefined.js:*\n        throw undefined;\n        ^\n        undefined\n        (Use `node.exe --trace-uncaught ...` to show where the exception was thrown)\n        \n        Node.js *\n        \n      operator: 'strictEqual'\n      stack: |-\n        assertSnapshot (C:\\workspace\\node-test-binary-windows-js-suites\\node\\test\\common\\assertSnapshot.js:56:12)\n        async Module.spawnAndAssert (C:\\workspace\\node-test-binary-windows-js-suites\\node\\test\\common\\assertSnapshot.js:84:3)\n        async TestContext.<anonymous> (file:///C:/workspace/node-test-binary-windows-js-suites/node/test/parallel/test-node-output-errors.mjs:79:7)\n        async Test.run (node:internal/test_runner/test:825:9)\n        async Suite.processPendingSubtests (node:internal/test_runner/test:533:7)\n      ...\n    # Subtest: errors/timeout_throw.js\n    ok 23 - errors/timeout_throw.js\n      ---\n      duration_ms: 154.2214\n      ...\n    # Subtest: errors/undefined_reference_in_new_context.js\n    ok 24 - errors/undefined_reference_in_new_context.js\n      ---\n      duration_ms: 165.2928\n      ...\n    # Subtest: errors/promise_always_throw_unhandled.js\n    ok 25 - errors/promise_always_throw_unhandled.js\n      ---\n      duration_ms: 202.5263\n      ...\n    # Subtest: errors/promise_unhandled_warn_with_error.js\n    ok 26 - errors/promise_unhandled_warn_with_error.js\n      ---\n      duration_ms: 231.48\n      ...\n    # Subtest: errors/unhandled_promise_trace_warnings.js\n    ok 27 - errors/unhandled_promise_trace_warnings.js\n      ---\n      duration_ms: 193.4545\n      ...\n    # Subtest: errors/force_colors.js\n    ok 28 - errors/force_colors.js\n      ---\n      duration_ms: 101.5993\n      ...\n    1..28\nnot ok 1 - errors output\n  ---\n  duration_ms: 4990.1286\n  type: 'suite'\n  location: 'C:\\\\workspace\\\\node-test-binary-windows-js-suites\\\\node\\\\test\\\\parallel\\\\test-node-output-errors.mjs:23:1'\n  failureType: 'subtestsFailed'\n  error: '3 subtests failed'\n  code: 'ERR_TEST_FAILURE'\n  ...\n1..1\n# tests 28\n# suites 1\n# pass 25\n# fail 3\n# cancelled 0\n# skipped 0\n# todo 0\n# duration_ms 5009.0331"},"time":5381.069,"fullname":"parallel/test-node-output-errors","closingTestPoint":false}},{"testName":"parallel/test-worker-memory","timestamp":1716246500044,"status":"FAILED","jobName":"node-test-binary-windows-js-suites","config":"node-test-binary-windows-js-suites » 3,win2022-COMPILED_BY-vs2022 #27845","buildUrl":"https://ci.nodejs.org/job/node-test-binary-windows-js-suites/RUN_SUBSET=3,nodes=win2022-COMPILED_BY-vs2022/27845/","buildNumber":27845,"builtOn":"test-rackspace-win2022_vs2022-x64-6","nodeVersion":"23","commitHash":"a72c0c3e137a3886467b68866b0a9bc68589459e","callStack":[{"upstreamBuild":63111,"upstreamProject":"node-test-commit-windows-fanned","upstreamUrl":"job/node-test-commit-windows-fanned/"},{"upstreamBuild":70949,"upstreamProject":"node-test-commit","upstreamUrl":"job/node-test-commit/"},{"upstreamBuild":59324,"upstreamProject":"node-test-pull-request","upstreamUrl":"job/node-test-pull-request/"},{"prId":"53062"}],"tap":{"ok":false,"name":"parallel/test-worker-memory","id":893,"buffered":false,"tapError":null,"skip":false,"todo":false,"previous":null,"plan":null,"diag":{"severity":"crashed","exitcode":3221225477,"stack":"run() called with n=7.5 (numWorkers=8)\nrun() called with n=7.5 (numWorkers=8)\nrun() called with n=7.5 (numWorkers=8)\nrun() called with n=7.5 (numWorkers=8)\nrun() called with n=7.5 (numWorkers=8)\nrun() called with n=7.5 (numWorkers=8)\nrun() called with n=7.5 (numWorkers=8)\nrun() called with n=7.5 (numWorkers=8)\nrun() called with n=6.5 (numWorkers=8)\nrun() called with n=6.5 (numWorkers=8)\nrun() called with n=6.5 (numWorkers=8)\nrun() called with n=6.5 (numWorkers=8)\nrun() called with n=6.5 (numWorkers=8)\nrun() called with n=6.5 (numWorkers=8)\nrun() called with n=6.5 (numWorkers=8)\nrun() called with n=6.5 (numWorkers=8)\nrun() called with n=5.5 (numWorkers=8)\nrun() called with n=5.5 (numWorkers=8)\nrun() called with n=5.5 (numWorkers=8)\nrun() called with n=5.5 (numWorkers=8)\nrun() called with n=5.5 (numWorkers=8)\nrun() called with n=5.5 (numWorkers=8)\nrun() called with n=4.5 (numWorkers=8)\nrun() called with n=5.5 (numWorkers=8)\nrun() called with n=4.5 (numWorkers=8)\nrun() called with n=4.5 (numWorkers=8)\nrun() called with n=4.5 (numWorkers=8)\nrun() called with n=4.5 (numWorkers=8)\nrun() called with n=3.5 (numWorkers=8)"},"time":1029.992,"fullname":"parallel/test-worker-memory","closingTestPoint":false}},{"testName":"parallel/test-node-output-errors","timestamp":1716246500044,"status":"FAILED","jobName":"node-test-binary-windows-js-suites","config":"node-test-binary-windows-js-suites » 3,win10-COMPILED_BY-vs2022 #27845","buildUrl":"https://ci.nodejs.org/job/node-test-binary-windows-js-suites/RUN_SUBSET=3,nodes=win10-COMPILED_BY-vs2022/27845/","buildNumber":27845,"builtOn":"test-azure_msft-win10_vs2019-x64-2","nodeVersion":"23","commitHash":"a72c0c3e137a3886467b68866b0a9bc68589459e","callStack":[{"upstreamBuild":63111,"upstreamProject":"node-test-commit-windows-fanned","upstreamUrl":"job/node-test-commit-windows-fanned/"},{"upstreamBuild":70949,"upstreamProject":"node-test-commit","upstreamUrl":"job/node-test-commit/"},{"upstreamBuild":59324,"upstreamProject":"node-test-pull-request","upstreamUrl":"job/node-test-pull-request/"},{"prId":"53062"}],"tap":{"ok":false,"name":"parallel/test-node-output-errors","id":634,"buffered":false,"tapError":null,"skip":false,"todo":false,"previous":null,"plan":null,"diag":{"severity":"fail","exitcode":1,"stack":"TAP version 13\n# Subtest: errors output\n    # Subtest: errors/async_error_eval_cjs.js\n    ok 1 - errors/async_error_eval_cjs.js\n      ---\n      duration_ms: 229.0322\n      ...\n    # Subtest: errors/async_error_eval_esm.js\n    ok 2 - errors/async_error_eval_esm.js\n      ---\n      duration_ms: 184.1018\n      ...\n    # Subtest: errors/async_error_microtask_main.js\n    ok 3 - errors/async_error_microtask_main.js\n      ---\n      duration_ms: 102.6408\n      ...\n    # Subtest: errors/async_error_nexttick_main.js\n    ok 4 - errors/async_error_nexttick_main.js\n      ---\n      duration_ms: 120.8365\n      ...\n    # Subtest: errors/async_error_sync_main.js\n    ok 5 - errors/async_error_sync_main.js\n      ---\n      duration_ms: 127.7539\n      ...\n    # Subtest: errors/core_line_numbers.js\n    ok 6 - errors/core_line_numbers.js\n      ---\n      duration_ms: 105.8442\n      ...\n    # Subtest: errors/async_error_sync_esm.mjs\n    ok 7 - errors/async_error_sync_esm.mjs\n      ---\n      duration_ms: 152.8798\n      ...\n    # Subtest: errors/test-no-extra-info-on-fatal-exception.js\n    ok 8 - errors/test-no-extra-info-on-fatal-exception.js\n      ---\n      duration_ms: 118.5707\n      ...\n    # Subtest: errors/error_aggregateTwoErrors.js\n    ok 9 - errors/error_aggregateTwoErrors.js\n      ---\n      duration_ms: 97.8495\n      ...\n    # Subtest: errors/error_exit.js\n    ok 10 - errors/error_exit.js\n      ---\n      duration_ms: 130.9697\n      ...\n    # Subtest: errors/error_with_nul.js\n    ok 11 - errors/error_with_nul.js\n      ---\n      duration_ms: 108.0023\n      ...\n    # Subtest: errors/events_unhandled_error_common_trace.js\n    ok 12 - errors/events_unhandled_error_common_trace.js\n      ---\n      duration_ms: 113.6119\n      ...\n    # Subtest: errors/events_unhandled_error_nexttick.js\n    ok 13 - errors/events_unhandled_error_nexttick.js\n      ---\n      duration_ms: 115.1292\n      ...\n    # Subtest: errors/events_unhandled_error_sameline.js\n    ok 14 - errors/events_unhandled_error_sameline.js\n      ---\n      duration_ms: 115.8992\n      ...\n    # Subtest: errors/events_unhandled_error_subclass.js\n    ok 15 - errors/events_unhandled_error_subclass.js\n      ---\n      duration_ms: 106.2236\n      ...\n    # Subtest: errors/if-error-has-good-stack.js\n    ok 16 - errors/if-error-has-good-stack.js\n      ---\n      duration_ms: 118.0754\n      ...\n    # Subtest: errors/throw_custom_error.js\n    ok 17 - errors/throw_custom_error.js\n      ---\n      duration_ms: 120.8037\n      ...\n    # Subtest: errors/throw_error_with_getter_throw.js\n    not ok 18 - errors/throw_error_with_getter_throw.js\n      ---\n      duration_ms: 100.2505\n      location: 'c:\\\\workspace\\\\node-test-binary-windows-js-suites\\\\node\\\\test\\\\parallel\\\\test-node-output-errors.mjs:78:5'\n      failureType: 'testCodeFailure'\n      error: |-\n        Expected values to be strictly equal:\n        + actual - expected\n        \n          '\\n' +\n            '*throw_error_with_getter_throw.js:*\\n' +\n            'throw {  * eslint-disable-line no-throw-literal\\n' +\n            '^\\n' +\n            '[object Object]\\n' +\n        +   '(Use `node.exe --trace-uncaught ...` to show where the exception was thrown)\\n' +\n        -   '(Use `node --trace-uncaught ...` to show where the exception was thrown)\\n' +\n            '\\n' +\n            'Node.js *\\n'\n      code: 'ERR_ASSERTION'\n      name: 'AssertionError'\n      expected: |-\n        \n        *throw_error_with_getter_throw.js:*\n        throw {  * eslint-disable-line no-throw-literal\n        ^\n        [object Object]\n        (Use `node --trace-uncaught ...` to show where the exception was thrown)\n        \n        Node.js *\n        \n      actual: |-\n        \n        *throw_error_with_getter_throw.js:*\n        throw {  * eslint-disable-line no-throw-literal\n        ^\n        [object Object]\n        (Use `node.exe --trace-uncaught ...` to show where the exception was thrown)\n        \n        Node.js *\n        \n      operator: 'strictEqual'\n      stack: |-\n        assertSnapshot (c:\\workspace\\node-test-binary-windows-js-suites\\node\\test\\common\\assertSnapshot.js:56:12)\n        async Module.spawnAndAssert (c:\\workspace\\node-test-binary-windows-js-suites\\node\\test\\common\\assertSnapshot.js:84:3)\n        async TestContext.<anonymous> (file:///c:/workspace/node-test-binary-windows-js-suites/node/test/parallel/test-node-output-errors.mjs:79:7)\n        async Test.run (node:internal/test_runner/test:825:9)\n        async Suite.processPendingSubtests (node:internal/test_runner/test:533:7)\n      ...\n    # Subtest: errors/throw_in_line_with_tabs.js\n    ok 19 - errors/throw_in_line_with_tabs.js\n      ---\n      duration_ms: 158.056\n      ...\n    # Subtest: errors/throw_non_error.js\n    ok 20 - errors/throw_non_error.js\n      ---\n      duration_ms: 112.3233\n      ...\n    # Subtest: errors/throw_null.js\n    not ok 21 - errors/throw_null.js\n      ---\n      duration_ms: 114.5868\n      location: 'c:\\\\workspace\\\\node-test-binary-windows-js-suites\\\\node\\\\test\\\\parallel\\\\test-node-output-errors.mjs:78:5'\n      failureType: 'testCodeFailure'\n      error: |-\n        Expected values to be strictly equal:\n        + actual - expected\n        \n          '\\n' +\n            '*throw_null.js:*\\n' +\n            'throw null;\\n' +\n            '^\\n' +\n            'null\\n' +\n        +   '(Use `node.exe --trace-uncaught ...` to show where the exception was thrown)\\n' +\n        -   '(Use `node --trace-uncaught ...` to show where the exception was thrown)\\n' +\n            '\\n' +\n            'Node.js *\\n'\n      code: 'ERR_ASSERTION'\n      name: 'AssertionError'\n      expected: |-\n        \n        *throw_null.js:*\n        throw null;\n        ^\n        null\n        (Use `node --trace-uncaught ...` to show where the exception was thrown)\n        \n        Node.js *\n        \n      actual: |-\n        \n        *throw_null.js:*\n        throw null;\n        ^\n        null\n        (Use `node.exe --trace-uncaught ...` to show where the exception was thrown)\n        \n        Node.js *\n        \n      operator: 'strictEqual'\n      stack: |-\n        assertSnapshot (c:\\workspace\\node-test-binary-windows-js-suites\\node\\test\\common\\assertSnapshot.js:56:12)\n        async Module.spawnAndAssert (c:\\workspace\\node-test-binary-windows-js-suites\\node\\test\\common\\assertSnapshot.js:84:3)\n        async TestContext.<anonymous> (file:///c:/workspace/node-test-binary-windows-js-suites/node/test/parallel/test-node-output-errors.mjs:79:7)\n        async Test.run (node:internal/test_runner/test:825:9)\n        async Suite.processPendingSubtests (node:internal/test_runner/test:533:7)\n      ...\n    # Subtest: errors/throw_undefined.js\n    not ok 22 - errors/throw_undefined.js\n      ---\n      duration_ms: 121.6901\n      location: 'c:\\\\workspace\\\\node-test-binary-windows-js-suites\\\\node\\\\test\\\\parallel\\\\test-node-output-errors.mjs:78:5'\n      failureType: 'testCodeFailure'\n      error: |-\n        Expected values to be strictly equal:\n        + actual - expected\n        \n          '\\n' +\n            '*throw_undefined.js:*\\n' +\n            'throw undefined;\\n' +\n            '^\\n' +\n            'undefined\\n' +\n        +   '(Use `node.exe --trace-uncaught ...` to show where the exception was thrown)\\n' +\n        -   '(Use `node --trace-uncaught ...` to show where the exception was thrown)\\n' +\n            '\\n' +\n            'Node.js *\\n'\n      code: 'ERR_ASSERTION'\n      name: 'AssertionError'\n      expected: |-\n        \n        *throw_undefined.js:*\n        throw undefined;\n        ^\n        undefined\n        (Use `node --trace-uncaught ...` to show where the exception was thrown)\n        \n        Node.js *\n        \n      actual: |-\n        \n        *throw_undefined.js:*\n        throw undefined;\n        ^\n        undefined\n        (Use `node.exe --trace-uncaught ...` to show where the exception was thrown)\n        \n        Node.js *\n        \n      operator: 'strictEqual'\n      stack: |-\n        assertSnapshot (c:\\workspace\\node-test-binary-windows-js-suites\\node\\test\\common\\assertSnapshot.js:56:12)\n        async Module.spawnAndAssert (c:\\workspace\\node-test-binary-windows-js-suites\\node\\test\\common\\assertSnapshot.js:84:3)\n        async TestContext.<anonymous> (file:///c:/workspace/node-test-binary-windows-js-suites/node/test/parallel/test-node-output-errors.mjs:79:7)\n        async Test.run (node:internal/test_runner/test:825:9)\n        async Suite.processPendingSubtests (node:internal/test_runner/test:533:7)\n      ...\n    # Subtest: errors/timeout_throw.js\n    ok 23 - errors/timeout_throw.js\n      ---\n      duration_ms: 120.2036\n      ...\n    # Subtest: errors/undefined_reference_in_new_context.js\n    ok 24 - errors/undefined_reference_in_new_context.js\n      ---\n      duration_ms: 131.9102\n      ...\n    # Subtest: errors/promise_always_throw_unhandled.js\n    ok 25 - errors/promise_always_throw_unhandled.js\n      ---\n      duration_ms: 105.5997\n      ...\n    # Subtest: errors/promise_unhandled_warn_with_error.js\n    ok 26 - errors/promise_unhandled_warn_with_error.js\n      ---\n      duration_ms: 116.3796\n      ...\n    # Subtest: errors/unhandled_promise_trace_warnings.js\n    ok 27 - errors/unhandled_promise_trace_warnings.js\n      ---\n      duration_ms: 116.7349\n      ...\n    # Subtest: errors/force_colors.js\n    ok 28 - errors/force_colors.js\n      ---\n      duration_ms: 67.4547\n      ...\n    1..28\nnot ok 1 - errors output\n  ---\n  duration_ms: 3437.2208\n  type: 'suite'\n  location: 'c:\\\\workspace\\\\node-test-binary-windows-js-suites\\\\node\\\\test\\\\parallel\\\\test-node-output-errors.mjs:23:1'\n  failureType: 'subtestsFailed'\n  error: '3 subtests failed'\n  code: 'ERR_TEST_FAILURE'\n  ...\n1..1\n# tests 28\n# suites 1\n# pass 25\n# fail 3\n# cancelled 0\n# skipped 0\n# todo 0\n# duration_ms 3446.4121"},"time":3821.002,"fullname":"parallel/test-node-output-errors","closingTestPoint":false}},{"testName":"parallel/test-node-output-errors","timestamp":1716246500044,"status":"FAILED","jobName":"node-test-binary-windows-js-suites","config":"node-test-binary-windows-js-suites » 3,win2019-COMPILED_BY-vs2022 #27845","buildUrl":"https://ci.nodejs.org/job/node-test-binary-windows-js-suites/RUN_SUBSET=3,nodes=win2019-COMPILED_BY-vs2022/27845/","buildNumber":27845,"builtOn":"test-rackspace-win2019_vs2019-x64-2","nodeVersion":"23","commitHash":"a72c0c3e137a3886467b68866b0a9bc68589459e","callStack":[{"upstreamBuild":63111,"upstreamProject":"node-test-commit-windows-fanned","upstreamUrl":"job/node-test-commit-windows-fanned/"},{"upstreamBuild":70949,"upstreamProject":"node-test-commit","upstreamUrl":"job/node-test-commit/"},{"upstreamBuild":59324,"upstreamProject":"node-test-pull-request","upstreamUrl":"job/node-test-pull-request/"},{"prId":"53062"}],"tap":{"ok":false,"name":"parallel/test-node-output-errors","id":670,"buffered":false,"tapError":null,"skip":false,"todo":false,"previous":null,"plan":null,"diag":{"severity":"fail","exitcode":1,"stack":"TAP version 13\n# Subtest: errors output\n    # Subtest: errors/async_error_eval_cjs.js\n    ok 1 - errors/async_error_eval_cjs.js\n      ---\n      duration_ms: 298.5981\n      ...\n    # Subtest: errors/async_error_eval_esm.js\n    ok 2 - errors/async_error_eval_esm.js\n      ---\n      duration_ms: 273.7321\n      ...\n    # Subtest: errors/async_error_microtask_main.js\n    ok 3 - errors/async_error_microtask_main.js\n      ---\n      duration_ms: 159.4487\n      ...\n    # Subtest: errors/async_error_nexttick_main.js\n    ok 4 - errors/async_error_nexttick_main.js\n      ---\n      duration_ms: 180.4729\n      ...\n    # Subtest: errors/async_error_sync_main.js\n    ok 5 - errors/async_error_sync_main.js\n      ---\n      duration_ms: 183.7504\n      ...\n    # Subtest: errors/core_line_numbers.js\n    ok 6 - errors/core_line_numbers.js\n      ---\n      duration_ms: 261.7637\n      ...\n    # Subtest: errors/async_error_sync_esm.mjs\n    ok 7 - errors/async_error_sync_esm.mjs\n      ---\n      duration_ms: 267.096\n      ...\n    # Subtest: errors/test-no-extra-info-on-fatal-exception.js\n    ok 8 - errors/test-no-extra-info-on-fatal-exception.js\n      ---\n      duration_ms: 200.2024\n      ...\n    # Subtest: errors/error_aggregateTwoErrors.js\n    ok 9 - errors/error_aggregateTwoErrors.js\n      ---\n      duration_ms: 172.4715\n      ...\n    # Subtest: errors/error_exit.js\n    ok 10 - errors/error_exit.js\n      ---\n      duration_ms: 190.8037\n      ...\n    # Subtest: errors/error_with_nul.js\n    ok 11 - errors/error_with_nul.js\n      ---\n      duration_ms: 191.6185\n      ...\n    # Subtest: errors/events_unhandled_error_common_trace.js\n    ok 12 - errors/events_unhandled_error_common_trace.js\n      ---\n      duration_ms: 158.5739\n      ...\n    # Subtest: errors/events_unhandled_error_nexttick.js\n    ok 13 - errors/events_unhandled_error_nexttick.js\n      ---\n      duration_ms: 195.7811\n      ...\n    # Subtest: errors/events_unhandled_error_sameline.js\n    ok 14 - errors/events_unhandled_error_sameline.js\n      ---\n      duration_ms: 188.8899\n      ...\n    # Subtest: errors/events_unhandled_error_subclass.js\n    ok 15 - errors/events_unhandled_error_subclass.js\n      ---\n      duration_ms: 183.7734\n      ...\n    # Subtest: errors/if-error-has-good-stack.js\n    ok 16 - errors/if-error-has-good-stack.js\n      ---\n      duration_ms: 166.4437\n      ...\n    # Subtest: errors/throw_custom_error.js\n    ok 17 - errors/throw_custom_error.js\n      ---\n      duration_ms: 161.2389\n      ...\n    # Subtest: errors/throw_error_with_getter_throw.js\n    not ok 18 - errors/throw_error_with_getter_throw.js\n      ---\n      duration_ms: 165.2464\n      location: 'C:\\\\workspace\\\\node-test-binary-windows-js-suites\\\\node\\\\test\\\\parallel\\\\test-node-output-errors.mjs:78:5'\n      failureType: 'testCodeFailure'\n      error: |-\n        Expected values to be strictly equal:\n        + actual - expected\n        \n          '\\n' +\n            '*throw_error_with_getter_throw.js:*\\n' +\n            'throw {  * eslint-disable-line no-throw-literal\\n' +\n            '^\\n' +\n            '[object Object]\\n' +\n        +   '(Use `node.exe --trace-uncaught ...` to show where the exception was thrown)\\n' +\n        -   '(Use `node --trace-uncaught ...` to show where the exception was thrown)\\n' +\n            '\\n' +\n            'Node.js *\\n'\n      code: 'ERR_ASSERTION'\n      name: 'AssertionError'\n      expected: |-\n        \n        *throw_error_with_getter_throw.js:*\n        throw {  * eslint-disable-line no-throw-literal\n        ^\n        [object Object]\n        (Use `node --trace-uncaught ...` to show where the exception was thrown)\n        \n        Node.js *\n        \n      actual: |-\n        \n        *throw_error_with_getter_throw.js:*\n        throw {  * eslint-disable-line no-throw-literal\n        ^\n        [object Object]\n        (Use `node.exe --trace-uncaught ...` to show where the exception was thrown)\n        \n        Node.js *\n        \n      operator: 'strictEqual'\n      stack: |-\n        assertSnapshot (C:\\workspace\\node-test-binary-windows-js-suites\\node\\test\\common\\assertSnapshot.js:56:12)\n        async Module.spawnAndAssert (C:\\workspace\\node-test-binary-windows-js-suites\\node\\test\\common\\assertSnapshot.js:84:3)\n        async TestContext.<anonymous> (file:///C:/workspace/node-test-binary-windows-js-suites/node/test/parallel/test-node-output-errors.mjs:79:7)\n        async Test.run (node:internal/test_runner/test:825:9)\n        async Suite.processPendingSubtests (node:internal/test_runner/test:533:7)\n      ...\n    # Subtest: errors/throw_in_line_with_tabs.js\n    ok 19 - errors/throw_in_line_with_tabs.js\n      ---\n      duration_ms: 158.3015\n      ...\n    # Subtest: errors/throw_non_error.js\n    ok 20 - errors/throw_non_error.js\n      ---\n      duration_ms: 159.8445\n      ...\n    # Subtest: errors/throw_null.js\n    not ok 21 - errors/throw_null.js\n      ---\n      duration_ms: 158.3702\n      location: 'C:\\\\workspace\\\\node-test-binary-windows-js-suites\\\\node\\\\test\\\\parallel\\\\test-node-output-errors.mjs:78:5'\n      failureType: 'testCodeFailure'\n      error: |-\n        Expected values to be strictly equal:\n        + actual - expected\n        \n          '\\n' +\n            '*throw_null.js:*\\n' +\n            'throw null;\\n' +\n            '^\\n' +\n            'null\\n' +\n        +   '(Use `node.exe --trace-uncaught ...` to show where the exception was thrown)\\n' +\n        -   '(Use `node --trace-uncaught ...` to show where the exception was thrown)\\n' +\n            '\\n' +\n            'Node.js *\\n'\n      code: 'ERR_ASSERTION'\n      name: 'AssertionError'\n      expected: |-\n        \n        *throw_null.js:*\n        throw null;\n        ^\n        null\n        (Use `node --trace-uncaught ...` to show where the exception was thrown)\n        \n        Node.js *\n        \n      actual: |-\n        \n        *throw_null.js:*\n        throw null;\n        ^\n        null\n        (Use `node.exe --trace-uncaught ...` to show where the exception was thrown)\n        \n        Node.js *\n        \n      operator: 'strictEqual'\n      stack: |-\n        assertSnapshot (C:\\workspace\\node-test-binary-windows-js-suites\\node\\test\\common\\assertSnapshot.js:56:12)\n        async Module.spawnAndAssert (C:\\workspace\\node-test-binary-windows-js-suites\\node\\test\\common\\assertSnapshot.js:84:3)\n        async TestContext.<anonymous> (file:///C:/workspace/node-test-binary-windows-js-suites/node/test/parallel/test-node-output-errors.mjs:79:7)\n        async Test.run (node:internal/test_runner/test:825:9)\n        async Suite.processPendingSubtests (node:internal/test_runner/test:533:7)\n      ...\n    # Subtest: errors/throw_undefined.js\n    not ok 22 - errors/throw_undefined.js\n      ---\n      duration_ms: 151.979\n      location: 'C:\\\\workspace\\\\node-test-binary-windows-js-suites\\\\node\\\\test\\\\parallel\\\\test-node-output-errors.mjs:78:5'\n      failureType: 'testCodeFailure'\n      error: |-\n        Expected values to be strictly equal:\n        + actual - expected\n        \n          '\\n' +\n            '*throw_undefined.js:*\\n' +\n            'throw undefined;\\n' +\n            '^\\n' +\n            'undefined\\n' +\n        +   '(Use `node.exe --trace-uncaught ...` to show where the exception was thrown)\\n' +\n        -   '(Use `node --trace-uncaught ...` to show where the exception was thrown)\\n' +\n            '\\n' +\n            'Node.js *\\n'\n      code: 'ERR_ASSERTION'\n      name: 'AssertionError'\n      expected: |-\n        \n        *throw_undefined.js:*\n        throw undefined;\n        ^\n        undefined\n        (Use `node --trace-uncaught ...` to show where the exception was thrown)\n        \n        Node.js *\n        \n      actual: |-\n        \n        *throw_undefined.js:*\n        throw undefined;\n        ^\n        undefined\n        (Use `node.exe --trace-uncaught ...` to show where the exception was thrown)\n        \n        Node.js *\n        \n      operator: 'strictEqual'\n      stack: |-\n        assertSnapshot (C:\\workspace\\node-test-binary-windows-js-suites\\node\\test\\common\\assertSnapshot.js:56:12)\n        async Module.spawnAndAssert (C:\\workspace\\node-test-binary-windows-js-suites\\node\\test\\common\\assertSnapshot.js:84:3)\n        async TestContext.<anonymous> (file:///C:/workspace/node-test-binary-windows-js-suites/node/test/parallel/test-node-output-errors.mjs:79:7)\n        async Test.run (node:internal/test_runner/test:825:9)\n        async Suite.processPendingSubtests (node:internal/test_runner/test:533:7)\n      ...\n    # Subtest: errors/timeout_throw.js\n    ok 23 - errors/timeout_throw.js\n      ---\n      duration_ms: 174.5791\n      ...\n    # Subtest: errors/undefined_reference_in_new_context.js\n    ok 24 - errors/undefined_reference_in_new_context.js\n      ---\n      duration_ms: 168.4196\n      ...\n    # Subtest: errors/promise_always_throw_unhandled.js\n    ok 25 - errors/promise_always_throw_unhandled.js\n      ---\n      duration_ms: 207.4759\n      ...\n    # Subtest: errors/promise_unhandled_warn_with_error.js\n    ok 26 - errors/promise_unhandled_warn_with_error.js\n      ---\n      duration_ms: 245.2615\n      ...\n    # Subtest: errors/unhandled_promise_trace_warnings.js\n    ok 27 - errors/unhandled_promise_trace_warnings.js\n      ---\n      duration_ms: 185.7858\n      ...\n    # Subtest: errors/force_colors.js\n    ok 28 - errors/force_colors.js\n      ---\n      duration_ms: 113.0721\n      ...\n    1..28\nnot ok 1 - errors output\n  ---\n  duration_ms: 5330.6793\n  type: 'suite'\n  location: 'C:\\\\workspace\\\\node-test-binary-windows-js-suites\\\\node\\\\test\\\\parallel\\\\test-node-output-errors.mjs:23:1'\n  failureType: 'subtestsFailed'\n  error: '3 subtests failed'\n  code: 'ERR_TEST_FAILURE'\n  ...\n1..1\n# tests 28\n# suites 1\n# pass 25\n# fail 3\n# cancelled 0\n# skipped 0\n# todo 0\n# duration_ms 5352.9463"},"time":5780.027,"fullname":"parallel/test-node-output-errors","closingTestPoint":false}}]}