{"failedTests":[{"testName":"parallel/test-node-output-errors","timestamp":1716244221359,"status":"FAILED","jobName":"node-test-binary-windows-js-suites","config":"node-test-binary-windows-js-suites Â» 3,win10-COMPILED_BY-vs2022 #27843","buildUrl":"https://ci.nodejs.org/job/node-test-binary-windows-js-suites/RUN_SUBSET=3,nodes=win10-COMPILED_BY-vs2022/27843/","buildNumber":27843,"builtOn":"test-azure_msft-win10_vs2019-x64-4","nodeVersion":"23.0.0","commitHash":"a72c0c3e137a3886467b68866b0a9bc68589459e","callStack":[{"upstreamBuild":63110,"upstreamProject":"node-test-commit-windows-fanned","upstreamUrl":"job/node-test-commit-windows-fanned/"},{"upstreamBuild":70949,"upstreamProject":"node-test-commit","upstreamUrl":"job/node-test-commit/"},{"upstreamBuild":59324,"upstreamProject":"node-test-pull-request","upstreamUrl":"job/node-test-pull-request/"},{"prId":"53062"}],"tap":{"ok":false,"name":"parallel/test-node-output-errors","id":635,"buffered":false,"tapError":null,"skip":false,"todo":false,"previous":null,"plan":null,"diag":{"severity":"fail","exitcode":1,"stack":"TAP version 13\n# Subtest: errors output\n    # Subtest: errors/async_error_eval_cjs.js\n    ok 1 - errors/async_error_eval_cjs.js\n      ---\n      duration_ms: 179.3562\n      ...\n    # Subtest: errors/async_error_eval_esm.js\n    ok 2 - errors/async_error_eval_esm.js\n      ---\n      duration_ms: 196.5905\n      ...\n    # Subtest: errors/async_error_microtask_main.js\n    ok 3 - errors/async_error_microtask_main.js\n      ---\n      duration_ms: 117.7319\n      ...\n    # Subtest: errors/async_error_nexttick_main.js\n    ok 4 - errors/async_error_nexttick_main.js\n      ---\n      duration_ms: 99.6841\n      ...\n    # Subtest: errors/async_error_sync_main.js\n    ok 5 - errors/async_error_sync_main.js\n      ---\n      duration_ms: 124.3075\n      ...\n    # Subtest: errors/core_line_numbers.js\n    ok 6 - errors/core_line_numbers.js\n      ---\n      duration_ms: 95.7142\n      ...\n    # Subtest: errors/async_error_sync_esm.mjs\n    ok 7 - errors/async_error_sync_esm.mjs\n      ---\n      duration_ms: 167.0067\n      ...\n    # Subtest: errors/test-no-extra-info-on-fatal-exception.js\n    ok 8 - errors/test-no-extra-info-on-fatal-exception.js\n      ---\n      duration_ms: 160.0577\n      ...\n    # Subtest: errors/error_aggregateTwoErrors.js\n    ok 9 - errors/error_aggregateTwoErrors.js\n      ---\n      duration_ms: 97.9611\n      ...\n    # Subtest: errors/error_exit.js\n    ok 10 - errors/error_exit.js\n      ---\n      duration_ms: 137.3502\n      ...\n    # Subtest: errors/error_with_nul.js\n    ok 11 - errors/error_with_nul.js\n      ---\n      duration_ms: 124.5094\n      ...\n    # Subtest: errors/events_unhandled_error_common_trace.js\n    ok 12 - errors/events_unhandled_error_common_trace.js\n      ---\n      duration_ms: 123.7119\n      ...\n    # Subtest: errors/events_unhandled_error_nexttick.js\n    ok 13 - errors/events_unhandled_error_nexttick.js\n      ---\n      duration_ms: 130.2812\n      ...\n    # Subtest: errors/events_unhandled_error_sameline.js\n    ok 14 - errors/events_unhandled_error_sameline.js\n      ---\n      duration_ms: 159.4938\n      ...\n    # Subtest: errors/events_unhandled_error_subclass.js\n    ok 15 - errors/events_unhandled_error_subclass.js\n      ---\n      duration_ms: 149.6987\n      ...\n    # Subtest: errors/if-error-has-good-stack.js\n    ok 16 - errors/if-error-has-good-stack.js\n      ---\n      duration_ms: 99.5661\n      ...\n    # Subtest: errors/throw_custom_error.js\n    ok 17 - errors/throw_custom_error.js\n      ---\n      duration_ms: 102.2932\n      ...\n    # Subtest: errors/throw_error_with_getter_throw.js\n    not ok 18 - errors/throw_error_with_getter_throw.js\n      ---\n      duration_ms: 100.1707\n      location: 'c:\\\\workspace\\\\node-test-binary-windows-js-suites\\\\node\\\\test\\\\parallel\\\\test-node-output-errors.mjs:78:5'\n      failureType: 'testCodeFailure'\n      error: |-\n        Expected values to be strictly equal:\n        + actual - expected\n        \n          '\\n' +\n            '*throw_error_with_getter_throw.js:*\\n' +\n            'throw {  * eslint-disable-line no-throw-literal\\n' +\n            '^\\n' +\n            '[object Object]\\n' +\n        +   '(Use `node.exe --trace-uncaught ...` to show where the exception was thrown)\\n' +\n        -   '(Use `node --trace-uncaught ...` to show where the exception was thrown)\\n' +\n            '\\n' +\n            'Node.js *\\n'\n      code: 'ERR_ASSERTION'\n      name: 'AssertionError'\n      expected: |-\n        \n        *throw_error_with_getter_throw.js:*\n        throw {  * eslint-disable-line no-throw-literal\n        ^\n        [object Object]\n        (Use `node --trace-uncaught ...` to show where the exception was thrown)\n        \n        Node.js *\n        \n      actual: |-\n        \n        *throw_error_with_getter_throw.js:*\n        throw {  * eslint-disable-line no-throw-literal\n        ^\n        [object Object]\n        (Use `node.exe --trace-uncaught ...` to show where the exception was thrown)\n        \n        Node.js *\n        \n      operator: 'strictEqual'\n      stack: |-\n        assertSnapshot (c:\\workspace\\node-test-binary-windows-js-suites\\node\\test\\common\\assertSnapshot.js:56:12)\n        async Module.spawnAndAssert (c:\\workspace\\node-test-binary-windows-js-suites\\node\\test\\common\\assertSnapshot.js:84:3)\n        async TestContext.<anonymous> (file:///c:/workspace/node-test-binary-windows-js-suites/node/test/parallel/test-node-output-errors.mjs:79:7)\n        async Test.run (node:internal/test_runner/test:825:9)\n        async Suite.processPendingSubtests (node:internal/test_runner/test:533:7)\n      ...\n    # Subtest: errors/throw_in_line_with_tabs.js\n    ok 19 - errors/throw_in_line_with_tabs.js\n      ---\n      duration_ms: 98.8207\n      ...\n    # Subtest: errors/throw_non_error.js\n    ok 20 - errors/throw_non_error.js\n      ---\n      duration_ms: 113.1827\n      ...\n    # Subtest: errors/throw_null.js\n    not ok 21 - errors/throw_null.js\n      ---\n      duration_ms: 94.5382\n      location: 'c:\\\\workspace\\\\node-test-binary-windows-js-suites\\\\node\\\\test\\\\parallel\\\\test-node-output-errors.mjs:78:5'\n      failureType: 'testCodeFailure'\n      error: |-\n        Expected values to be strictly equal:\n        + actual - expected\n        \n          '\\n' +\n            '*throw_null.js:*\\n' +\n            'throw null;\\n' +\n            '^\\n' +\n            'null\\n' +\n        +   '(Use `node.exe --trace-uncaught ...` to show where the exception was thrown)\\n' +\n        -   '(Use `node --trace-uncaught ...` to show where the exception was thrown)\\n' +\n            '\\n' +\n            'Node.js *\\n'\n      code: 'ERR_ASSERTION'\n      name: 'AssertionError'\n      expected: |-\n        \n        *throw_null.js:*\n        throw null;\n        ^\n        null\n        (Use `node --trace-uncaught ...` to show where the exception was thrown)\n        \n        Node.js *\n        \n      actual: |-\n        \n        *throw_null.js:*\n        throw null;\n        ^\n        null\n        (Use `node.exe --trace-uncaught ...` to show where the exception was thrown)\n        \n        Node.js *\n        \n      operator: 'strictEqual'\n      stack: |-\n        assertSnapshot (c:\\workspace\\node-test-binary-windows-js-suites\\node\\test\\common\\assertSnapshot.js:56:12)\n        async Module.spawnAndAssert (c:\\workspace\\node-test-binary-windows-js-suites\\node\\test\\common\\assertSnapshot.js:84:3)\n        async TestContext.<anonymous> (file:///c:/workspace/node-test-binary-windows-js-suites/node/test/parallel/test-node-output-errors.mjs:79:7)\n        async Test.run (node:internal/test_runner/test:825:9)\n        async Suite.processPendingSubtests (node:internal/test_runner/test:533:7)\n      ...\n    # Subtest: errors/throw_undefined.js\n    not ok 22 - errors/throw_undefined.js\n      ---\n      duration_ms: 100.2435\n      location: 'c:\\\\workspace\\\\node-test-binary-windows-js-suites\\\\node\\\\test\\\\parallel\\\\test-node-output-errors.mjs:78:5'\n      failureType: 'testCodeFailure'\n      error: |-\n        Expected values to be strictly equal:\n        + actual - expected\n        \n          '\\n' +\n            '*throw_undefined.js:*\\n' +\n            'throw undefined;\\n' +\n            '^\\n' +\n            'undefined\\n' +\n        +   '(Use `node.exe --trace-uncaught ...` to show where the exception was thrown)\\n' +\n        -   '(Use `node --trace-uncaught ...` to show where the exception was thrown)\\n' +\n            '\\n' +\n            'Node.js *\\n'\n      code: 'ERR_ASSERTION'\n      name: 'AssertionError'\n      expected: |-\n        \n        *throw_undefined.js:*\n        throw undefined;\n        ^\n        undefined\n        (Use `node --trace-uncaught ...` to show where the exception was thrown)\n        \n        Node.js *\n        \n      actual: |-\n        \n        *throw_undefined.js:*\n        throw undefined;\n        ^\n        undefined\n        (Use `node.exe --trace-uncaught ...` to show where the exception was thrown)\n        \n        Node.js *\n        \n      operator: 'strictEqual'\n      stack: |-\n        assertSnapshot (c:\\workspace\\node-test-binary-windows-js-suites\\node\\test\\common\\assertSnapshot.js:56:12)\n        async Module.spawnAndAssert (c:\\workspace\\node-test-binary-windows-js-suites\\node\\test\\common\\assertSnapshot.js:84:3)\n        async TestContext.<anonymous> (file:///c:/workspace/node-test-binary-windows-js-suites/node/test/parallel/test-node-output-errors.mjs:79:7)\n        async Test.run (node:internal/test_runner/test:825:9)\n        async Suite.processPendingSubtests (node:internal/test_runner/test:533:7)\n      ...\n    # Subtest: errors/timeout_throw.js\n    ok 23 - errors/timeout_throw.js\n      ---\n      duration_ms: 99.938\n      ...\n    # Subtest: errors/undefined_reference_in_new_context.js\n    ok 24 - errors/undefined_reference_in_new_context.js\n      ---\n      duration_ms: 102.7393\n      ...\n    # Subtest: errors/promise_always_throw_unhandled.js\n    ok 25 - errors/promise_always_throw_unhandled.js\n      ---\n      duration_ms: 140.7533\n      ...\n    # Subtest: errors/promise_unhandled_warn_with_error.js\n    ok 26 - errors/promise_unhandled_warn_with_error.js\n      ---\n      duration_ms: 117.8495\n      ...\n    # Subtest: errors/unhandled_promise_trace_warnings.js\n    ok 27 - errors/unhandled_promise_trace_warnings.js\n      ---\n      duration_ms: 113.7465\n      ...\n    # Subtest: errors/force_colors.js\n    ok 28 - errors/force_colors.js\n      ---\n      duration_ms: 68.8688\n      ...\n    1..28\nnot ok 1 - errors output\n  ---\n  duration_ms: 3420.0525\n  type: 'suite'\n  location: 'c:\\\\workspace\\\\node-test-binary-windows-js-suites\\\\node\\\\test\\\\parallel\\\\test-node-output-errors.mjs:23:1'\n  failureType: 'subtestsFailed'\n  error: '3 subtests failed'\n  code: 'ERR_TEST_FAILURE'\n  ...\n1..1\n# tests 28\n# suites 1\n# pass 25\n# fail 3\n# cancelled 0\n# skipped 0\n# todo 0\n# duration_ms 3429.0717"},"time":3791.016,"fullname":"parallel/test-node-output-errors","closingTestPoint":false}},{"testName":"parallel/test-node-output-errors","timestamp":1716244221359,"status":"FAILED","jobName":"node-test-binary-windows-js-suites","config":"node-test-binary-windows-js-suites Â» 0,win11-arm64-COMPILED_BY-vs2022-arm64 #27843","buildUrl":"https://ci.nodejs.org/job/node-test-binary-windows-js-suites/RUN_SUBSET=0,nodes=win11-arm64-COMPILED_BY-vs2022-arm64/27843/","buildNumber":27843,"builtOn":"test-azure_msft-win11_vs2022-arm64-1","nodeVersion":"23.0.0","commitHash":"a72c0c3e137a3886467b68866b0a9bc68589459e","callStack":[{"upstreamBuild":63110,"upstreamProject":"node-test-commit-windows-fanned","upstreamUrl":"job/node-test-commit-windows-fanned/"},{"upstreamBuild":70949,"upstreamProject":"node-test-commit","upstreamUrl":"job/node-test-commit/"},{"upstreamBuild":59324,"upstreamProject":"node-test-pull-request","upstreamUrl":"job/node-test-pull-request/"},{"prId":"53062"}],"tap":{"ok":false,"name":"parallel/test-node-output-errors","id":676,"buffered":false,"tapError":null,"skip":false,"todo":false,"previous":null,"plan":null,"diag":{"severity":"fail","exitcode":1,"stack":"TAP version 13\n# Subtest: errors output\n    # Subtest: errors/async_error_eval_cjs.js\n    ok 1 - errors/async_error_eval_cjs.js\n      ---\n      duration_ms: 421.8435\n      ...\n    # Subtest: errors/async_error_eval_esm.js\n    ok 2 - errors/async_error_eval_esm.js\n      ---\n      duration_ms: 440.3828\n      ...\n    # Subtest: errors/async_error_microtask_main.js\n    ok 3 - errors/async_error_microtask_main.js\n      ---\n      duration_ms: 278.2129\n      ...\n    # Subtest: errors/async_error_nexttick_main.js\n    ok 4 - errors/async_error_nexttick_main.js\n      ---\n      duration_ms: 322.2281\n      ...\n    # Subtest: errors/async_error_sync_main.js\n    ok 5 - errors/async_error_sync_main.js\n      ---\n      duration_ms: 258.3606\n      ...\n    # Subtest: errors/core_line_numbers.js\n    ok 6 - errors/core_line_numbers.js\n      ---\n      duration_ms: 309.3131\n      ...\n    # Subtest: errors/async_error_sync_esm.mjs\n    ok 7 - errors/async_error_sync_esm.mjs\n      ---\n      duration_ms: 340.303\n      ...\n    # Subtest: errors/test-no-extra-info-on-fatal-exception.js\n    ok 8 - errors/test-no-extra-info-on-fatal-exception.js\n      ---\n      duration_ms: 249.8434\n      ...\n    # Subtest: errors/error_aggregateTwoErrors.js\n    ok 9 - errors/error_aggregateTwoErrors.js\n      ---\n      duration_ms: 254.2105\n      ...\n    # Subtest: errors/error_exit.js\n    ok 10 - errors/error_exit.js\n      ---\n      duration_ms: 223.6957\n      ...\n    # Subtest: errors/error_with_nul.js\n    ok 11 - errors/error_with_nul.js\n      ---\n      duration_ms: 237.0956\n      ...\n    # Subtest: errors/events_unhandled_error_common_trace.js\n    ok 12 - errors/events_unhandled_error_common_trace.js\n      ---\n      duration_ms: 239.714\n      ...\n    # Subtest: errors/events_unhandled_error_nexttick.js\n    ok 13 - errors/events_unhandled_error_nexttick.js\n      ---\n      duration_ms: 245.0952\n      ...\n    # Subtest: errors/events_unhandled_error_sameline.js\n    ok 14 - errors/events_unhandled_error_sameline.js\n      ---\n      duration_ms: 217.406\n      ...\n    # Subtest: errors/events_unhandled_error_subclass.js\n    ok 15 - errors/events_unhandled_error_subclass.js\n      ---\n      duration_ms: 212.5361\n      ...\n    # Subtest: errors/if-error-has-good-stack.js\n    ok 16 - errors/if-error-has-good-stack.js\n      ---\n      duration_ms: 218.3273\n      ...\n    # Subtest: errors/throw_custom_error.js\n    ok 17 - errors/throw_custom_error.js\n      ---\n      duration_ms: 211.3235\n      ...\n    # Subtest: errors/throw_error_with_getter_throw.js\n    not ok 18 - errors/throw_error_with_getter_throw.js\n      ---\n      duration_ms: 220.5113\n      location: 'd:\\\\workspace\\\\node-test-binary-windows-js-suites\\\\node\\\\test\\\\parallel\\\\test-node-output-errors.mjs:78:5'\n      failureType: 'testCodeFailure'\n      error: |-\n        Expected values to be strictly equal:\n        + actual - expected\n        \n          '\\n' +\n            '*throw_error_with_getter_throw.js:*\\n' +\n            'throw {  * eslint-disable-line no-throw-literal\\n' +\n            '^\\n' +\n            '[object Object]\\n' +\n        +   '(Use `node.exe --trace-uncaught ...` to show where the exception was thrown)\\n' +\n        -   '(Use `node --trace-uncaught ...` to show where the exception was thrown)\\n' +\n            '\\n' +\n            'Node.js *\\n'\n      code: 'ERR_ASSERTION'\n      name: 'AssertionError'\n      expected: |-\n        \n        *throw_error_with_getter_throw.js:*\n        throw {  * eslint-disable-line no-throw-literal\n        ^\n        [object Object]\n        (Use `node --trace-uncaught ...` to show where the exception was thrown)\n        \n        Node.js *\n        \n      actual: |-\n        \n        *throw_error_with_getter_throw.js:*\n        throw {  * eslint-disable-line no-throw-literal\n        ^\n        [object Object]\n        (Use `node.exe --trace-uncaught ...` to show where the exception was thrown)\n        \n        Node.js *\n        \n      operator: 'strictEqual'\n      stack: |-\n        assertSnapshot (d:\\workspace\\node-test-binary-windows-js-suites\\node\\test\\common\\assertSnapshot.js:56:12)\n        async Module.spawnAndAssert (d:\\workspace\\node-test-binary-windows-js-suites\\node\\test\\common\\assertSnapshot.js:84:3)\n        async TestContext.<anonymous> (file:///d:/workspace/node-test-binary-windows-js-suites/node/test/parallel/test-node-output-errors.mjs:79:7)\n        async Test.run (node:internal/test_runner/test:825:9)\n        async Suite.processPendingSubtests (node:internal/test_runner/test:533:7)\n      ...\n    # Subtest: errors/throw_in_line_with_tabs.js\n    ok 19 - errors/throw_in_line_with_tabs.js\n      ---\n      duration_ms: 217.9844\n      ...\n    # Subtest: errors/throw_non_error.js\n    ok 20 - errors/throw_non_error.js\n      ---\n      duration_ms: 244.7913\n      ...\n    # Subtest: errors/throw_null.js\n    not ok 21 - errors/throw_null.js\n      ---\n      duration_ms: 275.1261\n      location: 'd:\\\\workspace\\\\node-test-binary-windows-js-suites\\\\node\\\\test\\\\parallel\\\\test-node-output-errors.mjs:78:5'\n      failureType: 'testCodeFailure'\n      error: |-\n        Expected values to be strictly equal:\n        + actual - expected\n        \n          '\\n' +\n            '*throw_null.js:*\\n' +\n            'throw null;\\n' +\n            '^\\n' +\n            'null\\n' +\n        +   '(Use `node.exe --trace-uncaught ...` to show where the exception was thrown)\\n' +\n        -   '(Use `node --trace-uncaught ...` to show where the exception was thrown)\\n' +\n            '\\n' +\n            'Node.js *\\n'\n      code: 'ERR_ASSERTION'\n      name: 'AssertionError'\n      expected: |-\n        \n        *throw_null.js:*\n        throw null;\n        ^\n        null\n        (Use `node --trace-uncaught ...` to show where the exception was thrown)\n        \n        Node.js *\n        \n      actual: |-\n        \n        *throw_null.js:*\n        throw null;\n        ^\n        null\n        (Use `node.exe --trace-uncaught ...` to show where the exception was thrown)\n        \n        Node.js *\n        \n      operator: 'strictEqual'\n      stack: |-\n        assertSnapshot (d:\\workspace\\node-test-binary-windows-js-suites\\node\\test\\common\\assertSnapshot.js:56:12)\n        async Module.spawnAndAssert (d:\\workspace\\node-test-binary-windows-js-suites\\node\\test\\common\\assertSnapshot.js:84:3)\n        async TestContext.<anonymous> (file:///d:/workspace/node-test-binary-windows-js-suites/node/test/parallel/test-node-output-errors.mjs:79:7)\n        async Test.run (node:internal/test_runner/test:825:9)\n        async Suite.processPendingSubtests (node:internal/test_runner/test:533:7)\n      ...\n    # Subtest: errors/throw_undefined.js\n    not ok 22 - errors/throw_undefined.js\n      ---\n      duration_ms: 234.4439\n      location: 'd:\\\\workspace\\\\node-test-binary-windows-js-suites\\\\node\\\\test\\\\parallel\\\\test-node-output-errors.mjs:78:5'\n      failureType: 'testCodeFailure'\n      error: |-\n        Expected values to be strictly equal:\n        + actual - expected\n        \n          '\\n' +\n            '*throw_undefined.js:*\\n' +\n            'throw undefined;\\n' +\n            '^\\n' +\n            'undefined\\n' +\n        +   '(Use `node.exe --trace-uncaught ...` to show where the exception was thrown)\\n' +\n        -   '(Use `node --trace-uncaught ...` to show where the exception was thrown)\\n' +\n            '\\n' +\n            'Node.js *\\n'\n      code: 'ERR_ASSERTION'\n      name: 'AssertionError'\n      expected: |-\n        \n        *throw_undefined.js:*\n        throw undefined;\n        ^\n        undefined\n        (Use `node --trace-uncaught ...` to show where the exception was thrown)\n        \n        Node.js *\n        \n      actual: |-\n        \n        *throw_undefined.js:*\n        throw undefined;\n        ^\n        undefined\n        (Use `node.exe --trace-uncaught ...` to show where the exception was thrown)\n        \n        Node.js *\n        \n      operator: 'strictEqual'\n      stack: |-\n        assertSnapshot (d:\\workspace\\node-test-binary-windows-js-suites\\node\\test\\common\\assertSnapshot.js:56:12)\n        async Module.spawnAndAssert (d:\\workspace\\node-test-binary-windows-js-suites\\node\\test\\common\\assertSnapshot.js:84:3)\n        async TestContext.<anonymous> (file:///d:/workspace/node-test-binary-windows-js-suites/node/test/parallel/test-node-output-errors.mjs:79:7)\n        async Test.run (node:internal/test_runner/test:825:9)\n        async Suite.processPendingSubtests (node:internal/test_runner/test:533:7)\n      ...\n    # Subtest: errors/timeout_throw.js\n    ok 23 - errors/timeout_throw.js\n      ---\n      duration_ms: 238.4474\n      ...\n    # Subtest: errors/undefined_reference_in_new_context.js\n    ok 24 - errors/undefined_reference_in_new_context.js\n      ---\n      duration_ms: 206.8918\n      ...\n    # Subtest: errors/promise_always_throw_unhandled.js\n    ok 25 - errors/promise_always_throw_unhandled.js\n      ---\n      duration_ms: 236.5212\n      ...\n    # Subtest: errors/promise_unhandled_warn_with_error.js\n    ok 26 - errors/promise_unhandled_warn_with_error.js\n      ---\n      duration_ms: 228.2601\n      ...\n    # Subtest: errors/unhandled_promise_trace_warnings.js\n    ok 27 - errors/unhandled_promise_trace_warnings.js\n      ---\n      duration_ms: 253.489\n      ...\n    # Subtest: errors/force_colors.js\n    ok 28 - errors/force_colors.js\n      ---\n      duration_ms: 163.6715\n      ...\n    1..28\nnot ok 1 - errors output\n  ---\n  duration_ms: 7204.9529\n  type: 'suite'\n  location: 'd:\\\\workspace\\\\node-test-binary-windows-js-suites\\\\node\\\\test\\\\parallel\\\\test-node-output-errors.mjs:23:1'\n  failureType: 'subtestsFailed'\n  error: '3 subtests failed'\n  code: 'ERR_TEST_FAILURE'\n  ...\n1..1\n# tests 28\n# suites 1\n# pass 25\n# fail 3\n# cancelled 0\n# skipped 0\n# todo 0\n# duration_ms 7218.1338"},"time":7668.962,"fullname":"parallel/test-node-output-errors","closingTestPoint":false}},{"testName":"parallel/test-node-output-errors","timestamp":1716244221359,"status":"FAILED","jobName":"node-test-binary-windows-js-suites","config":"node-test-binary-windows-js-suites Â» 3,win2022-COMPILED_BY-vs2022 #27843","buildUrl":"https://ci.nodejs.org/job/node-test-binary-windows-js-suites/RUN_SUBSET=3,nodes=win2022-COMPILED_BY-vs2022/27843/","buildNumber":27843,"builtOn":"test-rackspace-win2022_vs2022-x64-6","nodeVersion":"23.0.0","commitHash":"a72c0c3e137a3886467b68866b0a9bc68589459e","callStack":[{"upstreamBuild":63110,"upstreamProject":"node-test-commit-windows-fanned","upstreamUrl":"job/node-test-commit-windows-fanned/"},{"upstreamBuild":70949,"upstreamProject":"node-test-commit","upstreamUrl":"job/node-test-commit/"},{"upstreamBuild":59324,"upstreamProject":"node-test-pull-request","upstreamUrl":"job/node-test-pull-request/"},{"prId":"53062"}],"tap":{"ok":false,"name":"parallel/test-node-output-errors","id":670,"buffered":false,"tapError":null,"skip":false,"todo":false,"previous":null,"plan":null,"diag":{"severity":"fail","exitcode":1,"stack":"TAP version 13\n# Subtest: errors output\n    # Subtest: errors/async_error_eval_cjs.js\n    ok 1 - errors/async_error_eval_cjs.js\n      ---\n      duration_ms: 255.2254\n      ...\n    # Subtest: errors/async_error_eval_esm.js\n    ok 2 - errors/async_error_eval_esm.js\n      ---\n      duration_ms: 356.4593\n      ...\n    # Subtest: errors/async_error_microtask_main.js\n    ok 3 - errors/async_error_microtask_main.js\n      ---\n      duration_ms: 165.5149\n      ...\n    # Subtest: errors/async_error_nexttick_main.js\n    ok 4 - errors/async_error_nexttick_main.js\n      ---\n      duration_ms: 154.9558\n      ...\n    # Subtest: errors/async_error_sync_main.js\n    ok 5 - errors/async_error_sync_main.js\n      ---\n      duration_ms: 173.0256\n      ...\n    # Subtest: errors/core_line_numbers.js\n    ok 6 - errors/core_line_numbers.js\n      ---\n      duration_ms: 178.641\n      ...\n    # Subtest: errors/async_error_sync_esm.mjs\n    ok 7 - errors/async_error_sync_esm.mjs\n      ---\n      duration_ms: 226.0288\n      ...\n    # Subtest: errors/test-no-extra-info-on-fatal-exception.js\n    ok 8 - errors/test-no-extra-info-on-fatal-exception.js\n      ---\n      duration_ms: 200.5661\n      ...\n    # Subtest: errors/error_aggregateTwoErrors.js\n    ok 9 - errors/error_aggregateTwoErrors.js\n      ---\n      duration_ms: 171.5791\n      ...\n    # Subtest: errors/error_exit.js\n    ok 10 - errors/error_exit.js\n      ---\n      duration_ms: 207.5919\n      ...\n    # Subtest: errors/error_with_nul.js\n    ok 11 - errors/error_with_nul.js\n      ---\n      duration_ms: 151.549\n      ...\n    # Subtest: errors/events_unhandled_error_common_trace.js\n    ok 12 - errors/events_unhandled_error_common_trace.js\n      ---\n      duration_ms: 173.1836\n      ...\n    # Subtest: errors/events_unhandled_error_nexttick.js\n    ok 13 - errors/events_unhandled_error_nexttick.js\n      ---\n      duration_ms: 173.9922\n      ...\n    # Subtest: errors/events_unhandled_error_sameline.js\n    ok 14 - errors/events_unhandled_error_sameline.js\n      ---\n      duration_ms: 170.8552\n      ...\n    # Subtest: errors/events_unhandled_error_subclass.js\n    ok 15 - errors/events_unhandled_error_subclass.js\n      ---\n      duration_ms: 176.0187\n      ...\n    # Subtest: errors/if-error-has-good-stack.js\n    ok 16 - errors/if-error-has-good-stack.js\n      ---\n      duration_ms: 158.5895\n      ...\n    # Subtest: errors/throw_custom_error.js\n    ok 17 - errors/throw_custom_error.js\n      ---\n      duration_ms: 160.7149\n      ...\n    # Subtest: errors/throw_error_with_getter_throw.js\n    not ok 18 - errors/throw_error_with_getter_throw.js\n      ---\n      duration_ms: 155.0083\n      location: 'C:\\\\workspace\\\\node-test-binary-windows-js-suites\\\\node\\\\test\\\\parallel\\\\test-node-output-errors.mjs:78:5'\n      failureType: 'testCodeFailure'\n      error: |-\n        Expected values to be strictly equal:\n        + actual - expected\n        \n          '\\n' +\n            '*throw_error_with_getter_throw.js:*\\n' +\n            'throw {  * eslint-disable-line no-throw-literal\\n' +\n            '^\\n' +\n            '[object Object]\\n' +\n        +   '(Use `node.exe --trace-uncaught ...` to show where the exception was thrown)\\n' +\n        -   '(Use `node --trace-uncaught ...` to show where the exception was thrown)\\n' +\n            '\\n' +\n            'Node.js *\\n'\n      code: 'ERR_ASSERTION'\n      name: 'AssertionError'\n      expected: |-\n        \n        *throw_error_with_getter_throw.js:*\n        throw {  * eslint-disable-line no-throw-literal\n        ^\n        [object Object]\n        (Use `node --trace-uncaught ...` to show where the exception was thrown)\n        \n        Node.js *\n        \n      actual: |-\n        \n        *throw_error_with_getter_throw.js:*\n        throw {  * eslint-disable-line no-throw-literal\n        ^\n        [object Object]\n        (Use `node.exe --trace-uncaught ...` to show where the exception was thrown)\n        \n        Node.js *\n        \n      operator: 'strictEqual'\n      stack: |-\n        assertSnapshot (C:\\workspace\\node-test-binary-windows-js-suites\\node\\test\\common\\assertSnapshot.js:56:12)\n        async Module.spawnAndAssert (C:\\workspace\\node-test-binary-windows-js-suites\\node\\test\\common\\assertSnapshot.js:84:3)\n        async TestContext.<anonymous> (file:///C:/workspace/node-test-binary-windows-js-suites/node/test/parallel/test-node-output-errors.mjs:79:7)\n        async Test.run (node:internal/test_runner/test:825:9)\n        async Suite.processPendingSubtests (node:internal/test_runner/test:533:7)\n      ...\n    # Subtest: errors/throw_in_line_with_tabs.js\n    ok 19 - errors/throw_in_line_with_tabs.js\n      ---\n      duration_ms: 151.401\n      ...\n    # Subtest: errors/throw_non_error.js\n    ok 20 - errors/throw_non_error.js\n      ---\n      duration_ms: 152.5904\n      ...\n    # Subtest: errors/throw_null.js\n    not ok 21 - errors/throw_null.js\n      ---\n      duration_ms: 153.3383\n      location: 'C:\\\\workspace\\\\node-test-binary-windows-js-suites\\\\node\\\\test\\\\parallel\\\\test-node-output-errors.mjs:78:5'\n      failureType: 'testCodeFailure'\n      error: |-\n        Expected values to be strictly equal:\n        + actual - expected\n        \n          '\\n' +\n            '*throw_null.js:*\\n' +\n            'throw null;\\n' +\n            '^\\n' +\n            'null\\n' +\n        +   '(Use `node.exe --trace-uncaught ...` to show where the exception was thrown)\\n' +\n        -   '(Use `node --trace-uncaught ...` to show where the exception was thrown)\\n' +\n            '\\n' +\n            'Node.js *\\n'\n      code: 'ERR_ASSERTION'\n      name: 'AssertionError'\n      expected: |-\n        \n        *throw_null.js:*\n        throw null;\n        ^\n        null\n        (Use `node --trace-uncaught ...` to show where the exception was thrown)\n        \n        Node.js *\n        \n      actual: |-\n        \n        *throw_null.js:*\n        throw null;\n        ^\n        null\n        (Use `node.exe --trace-uncaught ...` to show where the exception was thrown)\n        \n        Node.js *\n        \n      operator: 'strictEqual'\n      stack: |-\n        assertSnapshot (C:\\workspace\\node-test-binary-windows-js-suites\\node\\test\\common\\assertSnapshot.js:56:12)\n        async Module.spawnAndAssert (C:\\workspace\\node-test-binary-windows-js-suites\\node\\test\\common\\assertSnapshot.js:84:3)\n        async TestContext.<anonymous> (file:///C:/workspace/node-test-binary-windows-js-suites/node/test/parallel/test-node-output-errors.mjs:79:7)\n        async Test.run (node:internal/test_runner/test:825:9)\n        async Suite.processPendingSubtests (node:internal/test_runner/test:533:7)\n      ...\n    # Subtest: errors/throw_undefined.js\n    not ok 22 - errors/throw_undefined.js\n      ---\n      duration_ms: 159.957\n      location: 'C:\\\\workspace\\\\node-test-binary-windows-js-suites\\\\node\\\\test\\\\parallel\\\\test-node-output-errors.mjs:78:5'\n      failureType: 'testCodeFailure'\n      error: |-\n        Expected values to be strictly equal:\n        + actual - expected\n        \n          '\\n' +\n            '*throw_undefined.js:*\\n' +\n            'throw undefined;\\n' +\n            '^\\n' +\n            'undefined\\n' +\n        +   '(Use `node.exe --trace-uncaught ...` to show where the exception was thrown)\\n' +\n        -   '(Use `node --trace-uncaught ...` to show where the exception was thrown)\\n' +\n            '\\n' +\n            'Node.js *\\n'\n      code: 'ERR_ASSERTION'\n      name: 'AssertionError'\n      expected: |-\n        \n        *throw_undefined.js:*\n        throw undefined;\n        ^\n        undefined\n        (Use `node --trace-uncaught ...` to show where the exception was thrown)\n        \n        Node.js *\n        \n      actual: |-\n        \n        *throw_undefined.js:*\n        throw undefined;\n        ^\n        undefined\n        (Use `node.exe --trace-uncaught ...` to show where the exception was thrown)\n        \n        Node.js *\n        \n      operator: 'strictEqual'\n      stack: |-\n        assertSnapshot (C:\\workspace\\node-test-binary-windows-js-suites\\node\\test\\common\\assertSnapshot.js:56:12)\n        async Module.spawnAndAssert (C:\\workspace\\node-test-binary-windows-js-suites\\node\\test\\common\\assertSnapshot.js:84:3)\n        async TestContext.<anonymous> (file:///C:/workspace/node-test-binary-windows-js-suites/node/test/parallel/test-node-output-errors.mjs:79:7)\n        async Test.run (node:internal/test_runner/test:825:9)\n        async Suite.processPendingSubtests (node:internal/test_runner/test:533:7)\n      ...\n    # Subtest: errors/timeout_throw.js\n    ok 23 - errors/timeout_throw.js\n      ---\n      duration_ms: 160.2524\n      ...\n    # Subtest: errors/undefined_reference_in_new_context.js\n    ok 24 - errors/undefined_reference_in_new_context.js\n      ---\n      duration_ms: 169.0473\n      ...\n    # Subtest: errors/promise_always_throw_unhandled.js\n    ok 25 - errors/promise_always_throw_unhandled.js\n      ---\n      duration_ms: 223.0351\n      ...\n    # Subtest: errors/promise_unhandled_warn_with_error.js\n    ok 26 - errors/promise_unhandled_warn_with_error.js\n      ---\n      duration_ms: 192.6844\n      ...\n    # Subtest: errors/unhandled_promise_trace_warnings.js\n    ok 27 - errors/unhandled_promise_trace_warnings.js\n      ---\n      duration_ms: 177.3599\n      ...\n    # Subtest: errors/force_colors.js\n    ok 28 - errors/force_colors.js\n      ---\n      duration_ms: 112.1767\n      ...\n    1..28\nnot ok 1 - errors output\n  ---\n  duration_ms: 5069.1561\n  type: 'suite'\n  location: 'C:\\\\workspace\\\\node-test-binary-windows-js-suites\\\\node\\\\test\\\\parallel\\\\test-node-output-errors.mjs:23:1'\n  failureType: 'subtestsFailed'\n  error: '3 subtests failed'\n  code: 'ERR_TEST_FAILURE'\n  ...\n1..1\n# tests 28\n# suites 1\n# pass 25\n# fail 3\n# cancelled 0\n# skipped 0\n# todo 0\n# duration_ms 5087.8183"},"time":5525.078,"fullname":"parallel/test-node-output-errors","closingTestPoint":false}},{"testName":"wpt/test-url","timestamp":1716244221359,"status":"FAILED","jobName":"node-test-binary-windows-js-suites","config":"node-test-binary-windows-js-suites Â» 3,win2022-COMPILED_BY-vs2022 #27843","buildUrl":"https://ci.nodejs.org/job/node-test-binary-windows-js-suites/RUN_SUBSET=3,nodes=win2022-COMPILED_BY-vs2022/27843/","buildNumber":27843,"builtOn":"test-rackspace-win2022_vs2022-x64-6","nodeVersion":"23.0.0","commitHash":"a72c0c3e137a3886467b68866b0a9bc68589459e","callStack":[{"upstreamBuild":63110,"upstreamProject":"node-test-commit-windows-fanned","upstreamUrl":"job/node-test-commit-windows-fanned/"},{"upstreamBuild":70949,"upstreamProject":"node-test-commit","upstreamUrl":"job/node-test-commit/"},{"upstreamBuild":59324,"upstreamProject":"node-test-pull-request","upstreamUrl":"job/node-test-pull-request/"},{"prId":"53062"}],"tap":{"ok":false,"name":"wpt/test-url","id":991,"buffered":false,"tapError":null,"skip":false,"todo":false,"previous":null,"plan":null,"diag":{"severity":"fail","exitcode":3221226356,"stack":"[SKIPPED] idlharness-shadowrealm.window.js: ShadowRealm support is not enabled\n[SKIPPED] javascript-urls.window.js: requires document.body reference\n[SKIPPED] percent-encoding.window.js: TODO: port from .window.js\n[SKIPPED] url-setters-a-area.window.js?include=file: already tested in url-setters.any.js\n[SKIPPED] url-setters-a-area.window.js?include=javascript: already tested in url-setters.any.js\n[SKIPPED] url-setters-a-area.window.js?include=mailto: already tested in url-setters.any.js\n[SKIPPED] url-setters-a-area.window.js?exclude=(file|javascript|mailto): already tested in url-setters.any.js\n[EXPECTED_FAILURE][FAIL] searchParams on location object\nassert_false: location object should not have a searchParams attribute expected false got true\n    at Test.<anonymous> (C:\\workspace\\node-test-binary-windows-js-suites\\node\\test\\fixtures\\wpt\\url\\historical.any.js:3:5)\n    at Test.step (C:\\workspace\\node-test-binary-windows-js-suites\\node\\test\\fixtures\\wpt\\resources\\testharness.js:2599:25)\n    at test (C:\\workspace\\node-test-binary-windows-js-suites\\node\\test\\fixtures\\wpt\\resources\\testharness.js:628:30)\n    at C:\\workspace\\node-test-binary-windows-js-suites\\node\\test\\fixtures\\wpt\\url\\historical.any.js:2:3\n    at Script.runInThisContext (node:vm:136:12)\nCommand: C:\\workspace\\node-test-binary-windows-js-suites\\node\\Release\\node.exe  C:\\workspace\\node-test-binary-windows-js-suites\\node\\test\\wpt\\test-url.js 'historical.any.js'\n\n[PASS] Setting URL's href attribute and base URLs\n[PASS] URL.domainToASCII should be undefined\n[PASS] URL.domainToUnicode should be undefined\n[PASS] URL: no structured serialize/deserialize support\n[PASS] URLSearchParams: no structured serialize/deserialize support\n[PASS] Constructor only takes strings\n[PASS] aa-- (using URL)\n[PASS] aa-- (using URL.host)\n[PASS] aa-- (using URL.hostname)\n[PASS] aâ -- (using URL)\n[PASS] aâ -- (using URL.host)\n[PASS] aâ -- (using URL.hostname)\n[PASS] ab--c (using URL)\n[PASS] ab--c (using URL.host)\n[PASS] ab--c (using URL.hostname)\n[PASS] -x (using URL)\n[PASS] -x (using URL.host)\n[PASS] -x (using URL.hostname)\n[PASS] -â  (using URL)\n[PASS] -â  (using URL.host)\n[PASS] -â  (using URL.hostname)\n[PASS] -x.xn--zca (using URL)\n[PASS] -x.xn--zca (using URL.host)\n[PASS] -x.xn--zca (using URL.hostname)\n[PASS] -x.Ã (using URL)\n[PASS] -x.Ã (using URL.host)\n[PASS] -x.Ã (using URL.hostname)\n[PASS] x-.xn--zca (using URL)\n[PASS] x-.xn--zca (using URL.host)\n[PASS] x-.xn--zca (using URL.hostname)\n[PASS] x-.Ã (using URL)\n[PASS] x-.Ã (using URL.host)\n[PASS] x-.Ã (using URL.hostname)\n[PASS] x..xn--zca (using URL)\n[PASS] x..xn--zca (using URL.host)\n[PASS] x..xn--zca (using URL.hostname)\n[PASS] x..Ã (using URL)\n[PASS] x..Ã (using URL.host)\n[PASS] x..Ã (using URL.hostname)\n[PASS] xn--a (using URL)\n[PASS] xn--a (using URL.host)\n[PASS] xn--a (using URL.hostname)\n[PASS] xn--a.xn--zca (using URL)\n[PASS] xn--a.xn--zca (using URL.host)\n[PASS] xn--a.xn--zca (using URL.hostname)\n[PASS] xn--a.Ã (using URL)\n[PASS] xn--a.Ã (using URL.host)\n[PASS] xn--a.Ã (using URL.hostname)\n[PASS] xn--ls8h= (using URL)\n[PASS] xn--ls8h= (using URL.host)\n[PASS] xn--ls8h= (using URL.hostname)\n[PASS] xn--teÅ¡la (using URL)\n[PASS] xn--teÅ¡la (using URL.host)\n[PASS] xn--teÅ¡la (using URL.hostname)\n[PASS] xn--zca.xn--zca (using URL)\n[PASS] xn--zca.xn--zca (using URL.host)\n[PASS] xn--zca.xn--zca (using URL.hostname)\n[PASS] xn--zca.Ã (using URL)\n[PASS] xn--zca.Ã (using URL.host)\n[PASS] xn--zca.Ã (using URL.hostname)\n[PASS] ab--c.xn--zca (using URL)\n[PASS] ab--c.xn--zca (using URL.host)\n[PASS] ab--c.xn--zca (using URL.hostname)\n[PASS] ab--c.Ã (using URL)\n[PASS] ab--c.Ã (using URL.host)\n[PASS] ab--c.Ã (using URL.hostname)\n[PASS] â.example (using URL)\n[PASS] â.example (using URL.host)\n[PASS] â.example (using URL.hostname)\n[PASS] xn--1ug.example (using URL)\n[PASS] xn--1ug.example (using URL.host)\n[PASS] xn--1ug.example (using URL.hostname)\n[PASS] Ùa (using URL)\n[PASS] Ùa (using URL.host)\n[PASS] Ùa (using URL.hostname)\n[PASS] xn--a-yoc (using URL)\n[PASS] xn--a-yoc (using URL.host)\n[PASS] xn--a-yoc (using URL.hostname)\n[PASS] à·à·âà¶»à· (using URL)\n[PASS] à·à·âà¶»à· (using URL.host)\n[PASS] à·à·âà¶»à· (using URL.hostname)\n[PASS] ÙØ§ÙÙâØ§Û (using URL)\n[PASS] ÙØ§ÙÙâØ§Û (using URL.host)\n[PASS] ÙØ§ÙÙâØ§Û (using URL.hostname)\n[PASS] ï¿½.com (using URL)\n[PASS] ï¿½.com (using URL.host)\n[PASS] ï¿½.com (using URL.hostname)\n[PASS] xn--zn7c.com (using URL)\n[PASS] xn--zn7c.com (using URL.host)\n[PASS] xn--zn7c.com (using URL.hostname)\n[PASS] x01234567890123456789012345678901234567890123456789012345678901x (using URL)\n[PASS] x01234567890123456789012345678901234567890123456789012345678901x (using URL.host)\n[PASS] x01234567890123456789012345678901234567890123456789012345678901x (using URL.hostname)\n[PASS] x01234567890123456789012345678901234567890123456789012345678901â  (using URL)\n[PASS] x01234567890123456789012345678901234567890123456789012345678901â  (using URL.host)\n[PASS] x01234567890123456789012345678901234567890123456789012345678901â  (using URL.hostname)\n[PASS] x01234567890123456789012345678901234567890123456789012345678901x.xn--zca (using URL)\n[PASS] x01234567890123456789012345678901234567890123456789012345678901x.xn--zca (using URL.host)\n[PASS] x01234567890123456789012345678901234567890123456789012345678901x.xn--zca (using URL.hostname)\n[PASS] x01234567890123456789012345678901234567890123456789012345678901x.Ã (using URL)\n[PASS] x01234567890123456789012345678901234567890123456789012345678901x.Ã (using URL.host)\n[PASS] x01234567890123456789012345678901234567890123456789012345678901x.Ã (using URL.hostname)\n[PASS] 01234567890123456789012345678901234567890123456789.01234567890123456789012345678901234567890123456789.01234567890123456789012345678901234567890123456789.01234567890123456789012345678901234567890123456789.0123456789012345678901234567890123456789012345678.x (using URL)\n[PASS] 01234567890123456789012345678901234567890123456789.01234567890123456789012345678901234567890123456789.01234567890123456789012345678901234567890123456789.01234567890123456789012345678901234567890123456789.0123456789012345678901234567890123456789012345678.x (using URL.host)\n[PASS] 01234567890123456789012345678901234567890123456789.01234567890123456789012345678901234567890123456789.01234567890123456789012345678901234567890123456789.01234567890123456789012345678901234567890123456789.0123456789012345678901234567890123456789012345678.x (using URL.hostname)\n[PASS] 01234567890123456789012345678901234567890123456789.01234567890123456789012345678901234567890123456789.01234567890123456789012345678901234567890123456789.01234567890123456789012345678901234567890123456789.0123456789012345678901234567890123456789012345678.xn--zca (using URL)\n[PASS] 01234567890123456789012345678901234567890123456789.01234567890123456789012345678901234567890123456789.01234567890123456789012345678901234567890123456789.01234567890123456789012345678901234567890123456789.0123456789012345678901234567890123456789012345678.xn--zca (using URL.host)\n[PASS] 01234567890123456789012345678901234567890123456789.01234567890123456789012345678901234567890123456789.01234567890123456789012345678901234567890123456789.01234567890123456789012345678901234567890123456789.0123456789012345678901234567890123456789012345678.xn--zca (using URL.hostname)\n[PASS] 01234567890123456789012345678901234567890123456789.01234567890123456789012345678901234567890123456789.01234567890123456789012345678901234567890123456789.01234567890123456789012345678901234567890123456789.0123456789012345678901234567890123456789012345678.Ã (using URL)\n[PASS] 01234567890123456789012345678901234567890123456789.01234567890123456789012345678901234567890123456789.01234567890123456789012345678901234567890123456789.01234567890123456789012345678901234567890123456789.0123456789012345678901234567890123456789012345678.Ã (using URL.host)\n[PASS] 01234567890123456789012345678901234567890123456789.01234567890123456789012345678901234567890123456789.01234567890123456789012345678901234567890123456789.01234567890123456789012345678901234567890123456789.0123456789012345678901234567890123456789012345678.Ã (using URL.hostname)\n[PASS] aÂ­b (using URL)\n[PASS] aÂ­b (using URL.host)\n[PASS] aÂ­b (using URL.hostname)\n[PASS] â  (using URL)\n[PASS] â  (using URL.host)\n[PASS] â  (using URL.hostname)\n[PASS] â® (using URL)\n[PASS] â® (using URL.host)\n[PASS] â® (using URL.hostname)\n[PASS] â¯ (using URL)\n[PASS] â¯ (using URL.host)\n[PASS] â¯ (using URL.hostname)\n[PASS] Loading dataâ¦\n[PASS] ToASCII(\"fass.de\")\n[PASS] ToASCII(\"faÃ.de\")\n[PASS] ToASCII(\"FaÃ.de\")\n[PASS] ToASCII(\"xn--fa-hia.de\")\n[PASS] ToASCII(\"Ã .×Ì\")\n[PASS] ToASCII(\"aÌ.×Ì\")\n[PASS] ToASCII(\"AÌ.×Ì\")\n[PASS] ToASCII(\"Ã.×Ì\")\n[PASS] ToASCII(\"xn--0ca.xn--ssa73l\")\n[PASS] ToASCII(\"Ã Ì.×\")\n[PASS] ToASCII(\"aÌÌ.×\")\n[PASS] ToASCII(\"AÌÌ.×\")\n[PASS] ToASCII(\"ÃÌ.×\")\n[PASS] ToASCII(\"xn--0ca81i.xn--4db\")\n[PASS] ToASCII(\"aâb\") C1\n[PASS] ToASCII(\"AâB\") C1\n[PASS] ToASCII(\"Aâb\") C1\n[PASS] ToASCII(\"ab\")\n[PASS] ToASCII(\"xn--ab-j1t\") C1\n[PASS] ToASCII(\"aà¥âb\")\n[PASS] ToASCII(\"Aà¥âB\")\n[PASS] ToASCII(\"Aà¥âb\")\n[PASS] ToASCII(\"xn--ab-fsf\")\n[PASS] ToASCII(\"aà¥b\")\n[PASS] ToASCII(\"Aà¥B\")\n[PASS] ToASCII(\"Aà¥b\")\n[PASS] ToASCII(\"xn--ab-fsf604u\")\n[PASS] ToASCII(\"aâb\") C2\n[PASS] ToASCII(\"AâB\") C2\n[PASS] ToASCII(\"Aâb\") C2\n[PASS] ToASCII(\"xn--ab-m1t\") C2\n[PASS] ToASCII(\"aà¥âb\")\n[PASS] ToASCII(\"Aà¥âB\")\n[PASS] ToASCII(\"Aà¥âb\")\n[PASS] ToASCII(\"xn--ab-fsf014u\")\n[PASS] ToASCII(\"Â¡\")\n[PASS] ToASCII(\"xn--7a\")\n[PASS] ToASCII(\"á§\")\n[PASS] ToASCII(\"xn--pkf\")\n[PASS] ToASCII(\"ã\") A4_2 (ignored)\n[PASS] ToASCII(\".\") A4_2 (ignored)\n[PASS] ToASCII(\"ê­ \")\n[PASS] ToASCII(\"xn--3y9a\")\n[PASS] ToASCII(\"1234567890Ã¤1234567890123456789012345678901234567890123456\") A4_2 (ignored)\n[PASS] ToASCII(\"1234567890aÌ1234567890123456789012345678901234567890123456\") A4_2 (ignored)\n[PASS] ToASCII(\"1234567890AÌ1234567890123456789012345678901234567890123456\") A4_2 (ignored)\n[PASS] ToASCII(\"1234567890Ã1234567890123456789012345678901234567890123456\") A4_2 (ignored)\n[PASS] ToASCII(\"xn--12345678901234567890123456789012345678901234567890123456-fxe\") A4_2 (ignored)\n[PASS] ToASCII(\"www.eXample.cOm\")\n[PASS] ToASCII(\"BÃ¼cher.de\")\n[PASS] ToASCII(\"BuÌcher.de\")\n[PASS] ToASCII(\"buÌcher.de\")\n[PASS] ToASCII(\"bÃ¼cher.de\")\n[PASS] ToASCII(\"BÃCHER.DE\")\n[PASS] ToASCII(\"BUÌCHER.DE\")\n[PASS] ToASCII(\"xn--bcher-kva.de\")\n[PASS] ToASCII(\"ÃBB\")\n[PASS] ToASCII(\"OÌBB\")\n[PASS] ToASCII(\"oÌbb\")\n[PASS] ToASCII(\"Ã¶bb\")\n[PASS] ToASCII(\"Ãbb\")\n[PASS] ToASCII(\"OÌbb\")\n[PASS] ToASCII(\"xn--bb-eka\")\n[PASS] ToASCII(\"Î²ÏÎ»Î¿Ï.com\")\n[PASS] ToASCII(\"Î²Î¿ÌÎ»Î¿Ï.com\")\n[PASS] ToASCII(\"ÎÎÌÎÎÎ£.COM\")\n[PASS] ToASCII(\"ÎÎÎÎÎ£.COM\")\n[PASS] ToASCII(\"Î²ÏÎ»Î¿Ï.com\")\n[PASS] ToASCII(\"Î²Î¿ÌÎ»Î¿Ï.com\")\n[PASS] ToASCII(\"ÎÎ¿ÌÎ»Î¿Ï.com\")\n[PASS] ToASCII(\"ÎÏÎ»Î¿Ï.com\")\n[PASS] ToASCII(\"xn--nxasmq6b.com\")\n[PASS] ToASCII(\"ÎÎ¿ÌÎ»Î¿Ï.com\")\n[PASS] ToASCII(\"ÎÏÎ»Î¿Ï.com\")\n[PASS] ToASCII(\"xn--nxasmm1c.com\")\n[PASS] ToASCII(\"xn--nxasmm1c\")\n[PASS] ToASCII(\"Î²ÏÎ»Î¿Ï\")\n[PASS] ToASCII(\"Î²Î¿ÌÎ»Î¿Ï\")\n[PASS] ToASCII(\"ÎÎÌÎÎÎ£\")\n[PASS] ToASCII(\"ÎÎÎÎÎ£\")\n[PASS] ToASCII(\"Î²ÏÎ»Î¿Ï\")\n[PASS] ToASCII(\"Î²Î¿ÌÎ»Î¿Ï\")\n[PASS] ToASCII(\"ÎÎ¿ÌÎ»Î¿Ï\")\n[PASS] ToASCII(\"ÎÏÎ»Î¿Ï\")\n[PASS] ToASCII(\"xn--nxasmq6b\")\n[PASS] ToASCII(\"ÎÏÎ»Î¿Ï\")\n[PASS] ToASCII(\"ÎÎ¿ÌÎ»Î¿Ï\")\n[PASS] ToASCII(\"www.à·à·âà¶»à·.com\")\n[PASS] ToASCII(\"WWW.à·à·âà¶»à·.COM\")\n[PASS] ToASCII(\"Www.à·à·âà¶»à·.com\")\n[PASS] ToASCII(\"www.xn--10cl1a0b.com\")\n[PASS] ToASCII(\"www.à·à·à¶»à·.com\")\n[PASS] ToASCII(\"WWW.à·à·à¶»à·.COM\")\n[PASS] ToASCII(\"Www.à·à·à¶»à·.com\")\n[PASS] ToASCII(\"www.xn--10cl1a0b660p.com\")\n[PASS] ToASCII(\"ÙØ§ÙÙâØ§Û\")\n[PASS] ToASCII(\"xn--mgba3gch31f\")\n[PASS] ToASCII(\"ÙØ§ÙÙØ§Û\")\n[PASS] ToASCII(\"xn--mgba3gch31f060k\")\n[PASS] ToASCII(\"xn--mgba3gch31f060k.com\")\n[PASS] ToASCII(\"ÙØ§ÙÙâØ§Û.com\")\n[PASS] ToASCII(\"ÙØ§ÙÙâØ§Û.COM\")\n[PASS] ToASCII(\"xn--mgba3gch31f.com\")\n[PASS] ToASCII(\"ÙØ§ÙÙØ§Û.com\")\n[PASS] ToASCII(\"ÙØ§ÙÙØ§Û.COM\")\n[PASS] ToASCII(\"a.bï¼cãdï½¡\")\n[PASS] ToASCII(\"a.b.cãdã\")\n[PASS] ToASCII(\"A.B.CãDã\")\n[PASS] ToASCII(\"A.b.cãDã\")\n[PASS] ToASCII(\"a.b.c.d.\")\n[PASS] ToASCII(\"A.Bï¼CãDï½¡\")\n[PASS] ToASCII(\"A.bï¼cãDï½¡\")\n[PASS] ToASCII(\"UÌ.xn--tda\")\n[PASS] ToASCII(\"Ã.xn--tda\")\n[PASS] ToASCII(\"Ã¼.xn--tda\")\n[PASS] ToASCII(\"uÌ.xn--tda\")\n[PASS] ToASCII(\"UÌ.XN--TDA\")\n[PASS] ToASCII(\"Ã.XN--TDA\")\n[PASS] ToASCII(\"Ã.xn--Tda\")\n[PASS] ToASCII(\"UÌ.xn--Tda\")\n[PASS] ToASCII(\"xn--tda.xn--tda\")\n[PASS] ToASCII(\"Ã¼.Ã¼\")\n[PASS] ToASCII(\"uÌ.uÌ\")\n[PASS] ToASCII(\"UÌ.UÌ\")\n[PASS] ToASCII(\"Ã.Ã\")\n[PASS] ToASCII(\"Ã.Ã¼\")\n[PASS] ToASCII(\"UÌ.uÌ\")\n[PASS] ToASCII(\"xn--u-ccb\") V1\n[PASS] ToASCII(\"aâcom\") P1; V6\n[PASS] ToASCII(\"a1.com\")\n[PASS] ToASCII(\"AâCOM\") P1; V6\n[PASS] ToASCII(\"AâCom\") P1; V6\n[PASS] ToASCII(\"xn--acom-0w1b\") V6\n[PASS] ToASCII(\"xn--a-ecp.ru\") V6\n[PASS] ToASCII(\"xn--0.pt\") P4\n[PASS] ToASCII(\"xn--a.pt\") V6\n[PASS] ToASCII(\"xn--a-Ã.pt\") P4\n[PASS] ToASCII(\"xn--a-AÌ.pt\") P4\n[PASS] ToASCII(\"xn--a-aÌ.pt\") P4\n[PASS] ToASCII(\"xn--a-Ã¤.pt\") P4\n[PASS] ToASCII(\"XN--A-Ã.PT\") P4\n[PASS] ToASCII(\"XN--A-AÌ.PT\") P4\n[PASS] ToASCII(\"Xn--A-AÌ.pt\") P4\n[PASS] ToASCII(\"Xn--A-Ã.pt\") P4\n[PASS] ToASCII(\"xn--xn--a--gua.pt\") V2 (ignored)\n[PASS] ToASCII(\"æ¥æ¬èªãï¼ªï¼°\")\n[PASS] ToASCII(\"æ¥æ¬èªãJP\")\n[PASS] ToASCII(\"æ¥æ¬èªãjp\")\n[PASS] ToASCII(\"æ¥æ¬èªãJp\")\n[PASS] ToASCII(\"xn--wgv71a119e.jp\")\n[PASS] ToASCII(\"æ¥æ¬èª.jp\")\n[PASS] ToASCII(\"æ¥æ¬èª.JP\")\n[PASS] ToASCII(\"æ¥æ¬èª.Jp\")\n[PASS] ToASCII(\"æ¥æ¬èªãï½ï½\")\n[PASS] ToASCII(\"æ¥æ¬èªãï¼ªï½\")\n[PASS] ToASCII(\"â\")\n[PASS] ToASCII(\"xn--53h\")\n[PASS] ToASCII(\"1.aÃââbââcÃÃÃÃdÏÏÃÃÃÃÃÃÃÃeÃÃÃÃÃÃÃÃÃÃxÃÃÃÃÃÃÃÃÃÃyÃÃÃÃÃÃÃÃÌÃz\") C1; C2; A4_2 (ignored)\n[PASS] ToASCII(\"1.ASSââBââCSSSSSSSSDÎ£Î£SSSSSSSSSSSSSSSSESSSSSSSSSSSSSSSSSSSSXSSSSSSSSSSSSSSSSSSSSYSSSSSSSSSSSSSSSSÌSSZ\") C1; C2; A4_2 (ignored)\n[PASS] ToASCII(\"1.ASSââBââCSSSSSSSSDÎ£Î£SSSSSSSSSSSSSSSSESSSSSSSSSSSSSSSSSSSSXSSSSSSSSSSSSSSSSSSSSYSSSSSSSSSSSSSSSÅSSZ\") C1; C2; A4_2 (ignored)\n[PASS] ToASCII(\"1.assââbââcssssssssdÏÏssssssssssssssssessssssssssssssssssssxssssssssssssssssssssysssssssssssssssÅssz\") C1; C2; A4_2 (ignored)\n[PASS] ToASCII(\"1.assââbââcssssssssdÏÏssssssssssssssssessssssssssssssssssssxssssssssssssssssssssyssssssssssssssssÌssz\") C1; C2; A4_2 (ignored)\n[PASS] ToASCII(\"1.AssââbââcssssssssdÏÏssssssssssssssssessssssssssssssssssssxssssssssssssssssssssyssssssssssssssssÌssz\") C1; C2; A4_2 (ignored)\n[PASS] ToASCII(\"1.AssââbââcssssssssdÏÏssssssssssssssssessssssssssssssssssssxssssssssssssssssssssysssssssssssssssÅssz\") C1; C2; A4_2 (ignored)\n[PASS] ToASCII(\"1.xn--assbcssssssssdssssssssssssssssessssssssssssssssssssxssssssssssssssssssssysssssssssssssssssz-pxq1419aa\") A4_2 (ignored)\n[PASS] ToASCII(\"1.assbcssssssssdÏÏssssssssssssssssessssssssssssssssssssxssssssssssssssssssssysssssssssssssssÅssz\") A4_2 (ignored)\n[PASS] ToASCII(\"1.assbcssssssssdÏÏssssssssssssssssessssssssssssssssssssxssssssssssssssssssssyssssssssssssssssÌssz\") A4_2 (ignored)\n[PASS] ToASCII(\"1.ASSBCSSSSSSSSDÎ£Î£SSSSSSSSSSSSSSSSESSSSSSSSSSSSSSSSSSSSXSSSSSSSSSSSSSSSSSSSSYSSSSSSSSSSSSSSSSÌSSZ\") A4_2 (ignored)\n[PASS] ToASCII(\"1.ASSBCSSSSSSSSDÎ£Î£SSSSSSSSSSSSSSSSESSSSSSSSSSSSSSSSSSSSXSSSSSSSSSSSSSSSSSSSSYSSSSSSSSSSSSSSSÅSSZ\") A4_2 (ignored)\n[PASS] ToASCII(\"1.AssbcssssssssdÏÏssssssssssssssssessssssssssssssssssssxssssssssssssssssssssysssssssssssssssÅssz\") A4_2 (ignored)\n[PASS] ToASCII(\"1.AssbcssssssssdÏÏssssssssssssssssessssssssssssssssssssxssssssssssssssssssssyssssssssssssssssÌssz\") A4_2 (ignored)\n[PASS] ToASCII(\"1.xn--assbcssssssssdssssssssssssssssessssssssssssssssssssxssssssssssssssssssssysssssssssssssssssz-pxq1419aa69989dba9gc\") C1; C2; A4_2 (ignored)\n[PASS] ToASCII(\"1.AÃââbââcÃÃÃÃdÏÏÃÃÃÃÃÃÃÃeÃÃÃÃÃÃÃÃÃÃxÃÃÃÃÃÃÃÃÃÃyÃÃÃÃÃÃÃÃÌÃz\") C1; C2; A4_2 (ignored)\n[PASS] ToASCII(\"1.xn--abcdexyz-qyacaaabaaaaaaabaaaaaaaaabaaaaaaaaabaaaaaaaa010ze2isb1140zba8cc\") C1; C2; A4_2 (ignored)\n[PASS] ToASCII(\"âxânâ-â-bÃ\") C1; C2\n[PASS] ToASCII(\"âXâNâ-â-BSS\") C1; C2\n[PASS] ToASCII(\"âxânâ-â-bss\") C1; C2\n[PASS] ToASCII(\"âXânâ-â-Bss\") C1; C2\n[PASS] ToASCII(\"xn--bss\")\n[PASS] ToASCII(\"å¤\")\n[PASS] ToASCII(\"xn--xn--bss-7z6ccid\") C1; C2\n[PASS] ToASCII(\"âXânâ-â-BÃ\") C1; C2\n[PASS] ToASCII(\"xn--xn--b-pqa5796ccahd\") C1; C2\n[PASS] ToASCII(\"Ë£Íââï¹£Â­ï¼á â¬ï¸Å¿â¤ð°ó ¯ï¬\")\n[PASS] ToASCII(\"xÍNâ-Â­-á Bï¸sâ¤só ¯ffl\")\n[PASS] ToASCII(\"xÍnâ-Â­-á bï¸sâ¤só ¯ffl\")\n[PASS] ToASCII(\"XÍNâ-Â­-á Bï¸Sâ¤Só ¯FFL\")\n[PASS] ToASCII(\"XÍnâ-Â­-á Bï¸sâ¤só ¯ffl\")\n[PASS] ToASCII(\"xn--bssffl\")\n[PASS] ToASCII(\"å¤¡å¤å¤å¤\")\n[PASS] ToASCII(\"Ë£Íââï¹£Â­ï¼á â¬ï¸Sâ¤ð°ó ¯FFL\")\n[PASS] ToASCII(\"xÍNâ-Â­-á Bï¸Sâ¤só ¯FFL\")\n[PASS] ToASCII(\"Ë£Íââï¹£Â­ï¼á â¬ï¸sâ¤ð°ó ¯ffl\")\n[PASS] ToASCII(\"Ã¤1234567890123456789012345678901234567890123456789012345\")\n[PASS] ToASCII(\"aÌ1234567890123456789012345678901234567890123456789012345\")\n[PASS] ToASCII(\"AÌ1234567890123456789012345678901234567890123456789012345\")\n[PASS] ToASCII(\"Ã1234567890123456789012345678901234567890123456789012345\")\n[PASS] ToASCII(\"xn--1234567890123456789012345678901234567890123456789012345-9te\")\n[PASS] ToASCII(\"a.b..-q--a-.e\") V2 (ignored); V3 (ignored); A4_2 (ignored)\n[PASS] ToASCII(\"a.b..-q--Ã¤-.e\") V2 (ignored); V3 (ignored); A4_2 (ignored)\n[PASS] ToASCII(\"a.b..-q--aÌ-.e\") V2 (ignored); V3 (ignored); A4_2 (ignored)\n[PASS] ToASCII(\"A.B..-Q--AÌ-.E\") V2 (ignored); V3 (ignored); A4_2 (ignored)\n[PASS] ToASCII(\"A.B..-Q--Ã-.E\") V2 (ignored); V3 (ignored); A4_2 (ignored)\n[PASS] ToASCII(\"A.b..-Q--Ã-.E\") V2 (ignored); V3 (ignored); A4_2 (ignored)\n[PASS] ToASCII(\"A.b..-Q--AÌ-.E\") V2 (ignored); V3 (ignored); A4_2 (ignored)\n[PASS] ToASCII(\"a.b..xn---q----jra.e\") V2 (ignored); V3 (ignored); A4_2 (ignored)\n[PASS] ToASCII(\"a..c\") A4_2 (ignored)\n[PASS] ToASCII(\"a.-b.\") V3 (ignored)\n[PASS] ToASCII(\"a.b-.c\") V3 (ignored)\n[PASS] ToASCII(\"a.-.c\") V3 (ignored)\n[PASS] ToASCII(\"a.bc--de.f\") V2 (ignored)\n[PASS] ToASCII(\"Ã¤.Â­.c\") A4_2 (ignored)\n[PASS] ToASCII(\"aÌ.Â­.c\") A4_2 (ignored)\n[PASS] ToASCII(\"AÌ.Â­.C\") A4_2 (ignored)\n[PASS] ToASCII(\"Ã.Â­.C\") A4_2 (ignored)\n[PASS] ToASCII(\"xn--4ca..c\") A4_2 (ignored)\n[PASS] ToASCII(\"Ã¤.-b.\") V3 (ignored)\n[PASS] ToASCII(\"aÌ.-b.\") V3 (ignored)\n[PASS] ToASCII(\"AÌ.-B.\") V3 (ignored)\n[PASS] ToASCII(\"Ã.-B.\") V3 (ignored)\n[PASS] ToASCII(\"xn--4ca.-b.\") V3 (ignored)\n[PASS] ToASCII(\"Ã¤.b-.c\") V3 (ignored)\n[PASS] ToASCII(\"aÌ.b-.c\") V3 (ignored)\n[PASS] ToASCII(\"AÌ.B-.C\") V3 (ignored)\n[PASS] ToASCII(\"Ã.B-.C\") V3 (ignored)\n[PASS] ToASCII(\"Ã.b-.C\") V3 (ignored)\n[PASS] ToASCII(\"AÌ.b-.C\") V3 (ignored)\n[PASS] ToASCII(\"xn--4ca.b-.c\") V3 (ignored)\n[PASS] ToASCII(\"Ã¤.-.c\") V3 (ignored)\n[PASS] ToASCII(\"aÌ.-.c\") V3 (ignored)\n[PASS] ToASCII(\"AÌ.-.C\") V3 (ignored)\n[PASS] ToASCII(\"Ã.-.C\") V3 (ignored)\n[PASS] ToASCII(\"xn--4ca.-.c\") V3 (ignored)\n[PASS] ToASCII(\"Ã¤.bc--de.f\") V2 (ignored)\n[PASS] ToASCII(\"aÌ.bc--de.f\") V2 (ignored)\n[PASS] ToASCII(\"AÌ.BC--DE.F\") V2 (ignored)\n[PASS] ToASCII(\"Ã.BC--DE.F\") V2 (ignored)\n[PASS] ToASCII(\"Ã.bc--De.f\") V2 (ignored)\n[PASS] ToASCII(\"AÌ.bc--De.f\") V2 (ignored)\n[PASS] ToASCII(\"xn--4ca.bc--de.f\") V2 (ignored)\n[PASS] ToASCII(\"a.b.Ìc.d\") V5\n[PASS] ToASCII(\"A.B.ÌC.D\") V5\n[PASS] ToASCII(\"A.b.Ìc.d\") V5\n[PASS] ToASCII(\"a.b.xn--c-bcb.d\") V5\n[PASS] ToASCII(\"A0\")\n[PASS] ToASCII(\"0A\")\n[PASS] ToASCII(\"××\")\n[PASS] ToASCII(\"xn--vdbr\")\n[PASS] ToASCII(\"×9×\")\n[PASS] ToASCII(\"xn--9-ihcz\")\n[PASS] ToASCII(\"××ª\")\n[PASS] ToASCII(\"xn--4db6c\")\n[PASS] ToASCII(\"××³×ª\")\n[PASS] ToASCII(\"xn--4db6c0a\")\n[PASS] ToASCII(\"×7×ª\")\n[PASS] ToASCII(\"xn--7-zhc3f\")\n[PASS] ToASCII(\"×Ù§×ª\")\n[PASS] ToASCII(\"xn--4db6c6t\")\n[PASS] ToASCII(\"à®¹à¯â\")\n[PASS] ToASCII(\"xn--dmc4b\")\n[PASS] ToASCII(\"à®¹à¯\")\n[PASS] ToASCII(\"xn--dmc4b194h\")\n[PASS] ToASCII(\"à®¹â\") C2\n[PASS] ToASCII(\"xn--dmc\")\n[PASS] ToASCII(\"à®¹\")\n[PASS] ToASCII(\"xn--dmc225h\") C2\n[PASS] ToASCII(\"â\") C2\n[PASS] ToASCII(\"xn--1ug\") C2\n[PASS] ToASCII(\"à®¹à¯â\")\n[PASS] ToASCII(\"xn--dmc4by94h\")\n[PASS] ToASCII(\"à®¹â\") C1\n[PASS] ToASCII(\"xn--dmc025h\") C1\n[PASS] ToASCII(\"â\") C1\n[PASS] ToASCII(\"xn--0ug\") C1\n[PASS] ToASCII(\"ÙÙ°âÛ­Û¯\")\n[PASS] ToASCII(\"xn--ghb2gxqia\")\n[PASS] ToASCII(\"ÙÙ°Û­Û¯\")\n[PASS] ToASCII(\"xn--ghb2gxqia7523a\")\n[PASS] ToASCII(\"ÙÙ°âÛ¯\")\n[PASS] ToASCII(\"xn--ghb2g3q\")\n[PASS] ToASCII(\"ÙÙ°Û¯\")\n[PASS] ToASCII(\"xn--ghb2g3qq34f\")\n[PASS] ToASCII(\"ÙâÛ­Û¯\")\n[PASS] ToASCII(\"xn--ghb25aga\")\n[PASS] ToASCII(\"ÙÛ­Û¯\")\n[PASS] ToASCII(\"xn--ghb25aga828w\")\n[PASS] ToASCII(\"ÙâÛ¯\")\n[PASS] ToASCII(\"xn--ghb65a\")\n[PASS] ToASCII(\"ÙÛ¯\")\n[PASS] ToASCII(\"xn--ghb65a953d\")\n[PASS] ToASCII(\"xn--ghb2gxq\")\n[PASS] ToASCII(\"ÙÙ°Û­\")\n[PASS] ToASCII(\"Û¯âÛ¯\") C1\n[PASS] ToASCII(\"xn--cmba\")\n[PASS] ToASCII(\"Û¯Û¯\")\n[PASS] ToASCII(\"xn--cmba004q\") C1\n[PASS] ToASCII(\"xn--ghb\")\n[PASS] ToASCII(\"Ù\")\n[PASS] ToASCII(\"aããb\") A4_2 (ignored)\n[PASS] ToASCII(\"AããB\") A4_2 (ignored)\n[PASS] ToASCII(\"a..b\") A4_2 (ignored)\n[PASS] ToASCII(\"..xn--skb\") A4_2 (ignored)\n[PASS] ToASCII(\"ââÙò¤¦ï¼-ó ¯\") P1; V6; V3 (ignored)\n[PASS] ToASCII(\"14.âÙò¤¦.-ó ¯\") P1; V6; V3 (ignored)\n[PASS] ToASCII(\"14.xn--7hb713l3v90n.-\") V6; V3 (ignored)\n[PASS] ToASCII(\"xn--7hb713lfwbi1311b.-\") V6; V3 (ignored)\n[PASS] ToASCII(\"ê¡£.ß\")\n[PASS] ToASCII(\"xn--8c9a.xn--qsb\")\n[PASS] ToASCII(\"ñ¯ï¼ð¿à¾¢Ý½Ø\") P1; V6\n[PASS] ToASCII(\"ñ¯ï¼ð¿à¾¡à¾·Ý½Ø\") P1; V6\n[PASS] ToASCII(\"ñ¯.ð¿à¾¡à¾·Ý½Ø\") P1; V6\n[PASS] ToASCII(\"xn--gw68a.xn--ifb57ev2psc6027m\") V6\n[PASS] ToASCII(\"ð£³Ì.ð\") V5\n[PASS] ToASCII(\"xn--nsa95820a.xn--wz1d\") V5\n[PASS] ToASCII(\"âò­.á²ð\") C1; P1; V6\n[PASS] ToASCII(\"âò­.â´ð\") C1; P1; V6\n[PASS] ToASCII(\"xn--bn95b.xn--9kj2034e\") V6\n[PASS] ToASCII(\"xn--0ug15083f.xn--9kj2034e\") C1; V6\n[PASS] ToASCII(\"xn--bn95b.xn--qnd6272k\") V6\n[PASS] ToASCII(\"xn--0ug15083f.xn--qnd6272k\") C1; V6\n[PASS] ToASCII(\"ç¹±ð¿â.ï¼ï¸\") P1; V6\n[PASS] ToASCII(\"xn--gl0as212a.xn--8-o89h\") V6\n[PASS] ToASCII(\"xn--1ug6928ac48e.xn--8-o89h\") V6\n[PASS] ToASCII(\"ó ¾ï¼ð\") V5; A4_2 (ignored)\n[PASS] ToASCII(\"ó ¾.ð\") V5; A4_2 (ignored)\n[PASS] ToASCII(\".xn--ph4h\") V5; A4_2 (ignored)\n[PASS] ToASCII(\"ÃÛ«ãâ\") C2\n[PASS] ToASCII(\"SSÛ«ãâ\") C2\n[PASS] ToASCII(\"ssÛ«ãâ\") C2\n[PASS] ToASCII(\"SsÛ«ãâ\") C2\n[PASS] ToASCII(\"xn--ss-59d.\")\n[PASS] ToASCII(\"ssÛ«.\")\n[PASS] ToASCII(\"SSÛ«.\")\n[PASS] ToASCII(\"SsÛ«.\")\n[PASS] ToASCII(\"xn--ss-59d.xn--1ug\") C2\n[PASS] ToASCII(\"xn--zca012a.xn--1ug\") C2\n[PASS] ToASCII(\"ó µââï¼ó \") C1; P1; V6\n[PASS] ToASCII(\"ó µâ1..ó \") C1; P1; V6; A4_2 (ignored)\n[PASS] ToASCII(\"xn--1-bs31m..xn--tv36e\") V6; A4_2 (ignored)\n[PASS] ToASCII(\"xn--1-rgn37671n..xn--tv36e\") C1; V6; A4_2 (ignored)\n[PASS] ToASCII(\"xn--tshz2001k.xn--tv36e\") V6\n[PASS] ToASCII(\"xn--0ug88o47900b.xn--tv36e\") C1; V6\n[PASS] ToASCII(\"ó£Ùêª²Ããó§\") P1; V6\n[PASS] ToASCII(\"ó£Ùêª²SSãó§\") P1; V6\n[PASS] ToASCII(\"ó£Ùêª²ssãó§\") P1; V6\n[PASS] ToASCII(\"ó£Ùêª²Ssãó§\") P1; V6\n[PASS] ToASCII(\"xn--ss-3xd2839nncy1m.xn--bb79d\") V6\n[PASS] ToASCII(\"xn--zca92z0t7n5w96j.xn--bb79d\") V6\n[PASS] ToASCII(\"Ý´âð¤¿ãð½äâñ¿¤¼\") C1; C2; P1; V6\n[PASS] ToASCII(\"Ý´âð¤ãð½äâñ¿¤¼\") C1; C2; P1; V6\n[PASS] ToASCII(\"xn--4pb2977v.xn--z0nt555ukbnv\") V6\n[PASS] ToASCII(\"xn--4pb607jjt73a.xn--1ug236ke314donv1a\") C1; C2; V6\n[PASS] ToASCII(\"ã¤à¥á á.á \") P1; V6\n[PASS] ToASCII(\"á à¥á á.á \") P1; V6\n[PASS] ToASCII(\"á à¥â´á.á \") P1; V6\n[PASS] ToASCII(\"xn--n3b742bkqf4ty.\") V6\n[PASS] ToASCII(\"xn--n3b468aoqa89r.\") V6\n[PASS] ToASCII(\"ã¤à¥â´á.á \") P1; V6\n[PASS] ToASCII(\"xn--n3b445e53po6d.\") V6\n[PASS] ToASCII(\"xn--n3b468azngju2a.\") V6\n[PASS] ToASCII(\"â£âï¼à§ð°½Øê¤©\") C2; V5\n[PASS] ToASCII(\"â£â.à§ð°½Øê¤©\") C2; V5\n[PASS] ToASCII(\"xn--pei.xn--0fb32q3w7q2g4d\") V5\n[PASS] ToASCII(\"xn--1ugy10a.xn--0fb32q3w7q2g4d\") C2; V5\n[PASS] ToASCII(\"Íãð§¡«\") V5\n[PASS] ToASCII(\"xn--nua.xn--bc6k\") V5\n[PASS] ToASCII(\"ð°¿ó ¦ï¼á \") P1; V5; V6\n[PASS] ToASCII(\"ð°¿ó ¦.á \") P1; V5; V6\n[PASS] ToASCII(\"xn--ok3d.xn--psd\") V5; V6\n[PASS] ToASCII(\"èï½¡ð°º\") V5\n[PASS] ToASCII(\"èãð°º\") V5\n[PASS] ToASCII(\"xn--uy1a.xn--jk3d\") V5\n[PASS] ToASCII(\"xn--8g1d12120a.xn--5l6h\") V6\n[PASS] ToASCII(\"ð§ê§2ï½¡ã§ò\") P1; V5; V6\n[PASS] ToASCII(\"ð§ê§2ãã§ò\") P1; V5; V6\n[PASS] ToASCII(\"xn--2-5z4eu89y.xn--97l02706d\") V5; V6\n[PASS] ToASCII(\"â¤¸Ïðº±ï½¡ï¾ \") P1; V6\n[PASS] ToASCII(\"â¤¸Ïðº±ãá \") P1; V6\n[PASS] ToASCII(\"â¤¸Î£ðº±ãá \") P1; V6\n[PASS] ToASCII(\"â¤¸Ïðº±ãá \") P1; V6\n[PASS] ToASCII(\"xn--4xa192qmp03d.xn--psd\") V6\n[PASS] ToASCII(\"xn--3xa392qmp03d.xn--psd\") V6\n[PASS] ToASCII(\"â¤¸Î£ðº±ï½¡ï¾ \") P1; V6\n[PASS] ToASCII(\"â¤¸Ïðº±ï½¡ï¾ \") P1; V6\n[PASS] ToASCII(\"xn--4xa192qmp03d.xn--cl7c\") V6\n[PASS] ToASCII(\"xn--3xa392qmp03d.xn--cl7c\") V6\n[PASS] ToASCII(\"âó¯ó ï¼Ö½ð®°ê¡ð¡\") C2; P1; V5; V6\n[PASS] ToASCII(\"âó¯ó .Ö½ð®°ê¡ð¡\") C2; P1; V5; V6\n[PASS] ToASCII(\"xn--b726ey18m.xn--ldb8734fg0qcyzzg\") V5; V6\n[PASS] ToASCII(\"xn--1ug66101lt8me.xn--ldb8734fg0qcyzzg\") C2; V5; V6\n[PASS] ToASCII(\"ãôµÏñ ãð®\") P1; V6; A4_2 (ignored)\n[PASS] ToASCII(\"ãôµÎ£ñ ãð®\") P1; V6; A4_2 (ignored)\n[PASS] ToASCII(\"ãôµÏñ ãð®\") P1; V6; A4_2 (ignored)\n[PASS] ToASCII(\".xn--4xa68573c7n64d.xn--f29c\") V6; A4_2 (ignored)\n[PASS] ToASCII(\".xn--3xa88573c7n64d.xn--f29c\") V6; A4_2 (ignored)\n[PASS] ToASCII(\"ð¤·.ð®ð¢ð¹ Ø¤\")\n[PASS] ToASCII(\"ð¤·.ð®ð¢ð¹ ÙÙ\")\n[PASS] ToASCII(\"ð¤.ð®ð¢ð¹ ÙÙ\")\n[PASS] ToASCII(\"ð¤.ð®ð¢ð¹ Ø¤\")\n[PASS] ToASCII(\"xn--ve6h.xn--jgb1694kz0b2176a\")\n[PASS] ToASCII(\"-ó ê¡§ï¼ó ñð\") P1; V6; V3 (ignored)\n[PASS] ToASCII(\"xn----hg4ei0361g.xn--207ht163h7m94c\") V6; V3 (ignored)\n[PASS] ToASCII(\"âï½¡Í\") C1; V5\n[PASS] ToASCII(\"âãÍ\") C1; V5\n[PASS] ToASCII(\".xn--yua\") V5; A4_2 (ignored)\n[PASS] ToASCII(\"xn--0ug.xn--yua\") C1; V5\n[PASS] ToASCII(\"ð¤¥ó ®ï¼á¡á®\") P1; V6\n[PASS] ToASCII(\"ð¤¥ó ®.á¡á®\") P1; V6\n[PASS] ToASCII(\"ð¤¥ó ®.á¡â´\")\n[PASS] ToASCII(\"ð¤ó ®.á¡á®\") P1; V6\n[PASS] ToASCII(\"ð¤ó ®.á¡â´\")\n[PASS] ToASCII(\"xn--de6h.xn--37e857h\")\n[PASS] ToASCII(\"ð¤¥.á¡â´\")\n[PASS] ToASCII(\"ð¤.á¡á®\") P1; V6\n[PASS] ToASCII(\"ð¤.á¡â´\")\n[PASS] ToASCII(\"xn--de6h.xn--mnd799a\") V6\n[PASS] ToASCII(\"ð¤¥ó ®ï¼á¡â´\")\n[PASS] ToASCII(\"ð¤ó ®ï¼á¡á®\") P1; V6\n[PASS] ToASCII(\"ð¤ó ®ï¼á¡â´\")\n[PASS] ToASCII(\"ð¤¥.á¡á®\") P1; V6\n[PASS] ToASCII(\"à¾¤ñ±¤¯ï¼ð­á»\") P1; V5; V6\n[PASS] ToASCII(\"à¾¤ñ±¤¯.1á»\") P1; V5; V6\n[PASS] ToASCII(\"à¾¤ñ±¤¯.1â´\") P1; V5; V6\n[PASS] ToASCII(\"xn--0fd40533g.xn--1-tws\") V5; V6\n[PASS] ToASCII(\"xn--0fd40533g.xn--1-q1g\") V5; V6\n[PASS] ToASCII(\"à¾¤ñ±¤¯ï¼ð­â´\") P1; V5; V6\n[PASS] ToASCII(\"Ïòï¼.ð­¤\") P1; V6\n[PASS] ToASCII(\"Ïò8.ð­¤\") P1; V6\n[PASS] ToASCII(\"Î£ò8.ð­¤\") P1; V6\n[PASS] ToASCII(\"Ïò8.ð­¤\") P1; V6\n[PASS] ToASCII(\"xn--8-zmb14974n.xn--su6h\") V6\n[PASS] ToASCII(\"xn--8-xmb44974n.xn--su6h\") V6\n[PASS] ToASCII(\"Î£òï¼.ð­¤\") P1; V6\n[PASS] ToASCII(\"Ïòï¼.ð­¤\") P1; V6\n[PASS] ToASCII(\"âê¸.æ¦¶-\") C1; V3 (ignored)\n[PASS] ToASCII(\"âáá³á².æ¦¶-\") C1; V3 (ignored)\n[PASS] ToASCII(\"xn--ej0b.xn----d87b\") V3 (ignored)\n[PASS] ToASCII(\"xn--0ug3307c.xn----d87b\") C1; V3 (ignored)\n[PASS] ToASCII(\"ëæ³ðµ½.à§â\") P1; V5; V6\n[PASS] ToASCII(\"áá°á¾æ³ðµ½.à§â\") P1; V5; V6\n[PASS] ToASCII(\"xn--lwwp69lqs7m.xn--b7b\") V5; V6\n[PASS] ToASCII(\"xn--lwwp69lqs7m.xn--b7b605i\") V5; V6\n[PASS] ToASCII(\"á¯³á±áï¼ð´â²\") P1; V5; V6\n[PASS] ToASCII(\"á¯³á±á.ð´â²\") P1; V5; V6\n[PASS] ToASCII(\"á¯³â´á.ð´â\") P1; V5; V6\n[PASS] ToASCII(\"á¯³á±á.ð´â\") P1; V5; V6\n[PASS] ToASCII(\"xn--pnd26a55x.xn--73g3065g\") V5; V6\n[PASS] ToASCII(\"xn--osd925cvyn.xn--73g3065g\") V5; V6\n[PASS] ToASCII(\"xn--pnd26a55x.xn--f3g7465g\") V5; V6\n[PASS] ToASCII(\"á¯³â´áï¼ð´â\") P1; V5; V6\n[PASS] ToASCII(\"á¯³á±áï¼ð´â\") P1; V5; V6\n[PASS] ToASCII(\"Ãë-ï¼â\") C1; V3 (ignored)\n[PASS] ToASCII(\"AÌáá­á·-ï¼â\") C1; V3 (ignored)\n[PASS] ToASCII(\"Ãë-.â\") C1; V3 (ignored)\n[PASS] ToASCII(\"AÌáá­á·-.â\") C1; V3 (ignored)\n[PASS] ToASCII(\"aÌáá­á·-.â\") C1; V3 (ignored)\n[PASS] ToASCII(\"Ã¥ë-.â\") C1; V3 (ignored)\n[PASS] ToASCII(\"xn----1fa1788k.\") V3 (ignored)\n[PASS] ToASCII(\"xn----1fa1788k.xn--0ug\") C1; V3 (ignored)\n[PASS] ToASCII(\"aÌáá­á·-ï¼â\") C1; V3 (ignored)\n[PASS] ToASCII(\"Ã¥ë-ï¼â\") C1; V3 (ignored)\n[PASS] ToASCII(\"ë£±âð°¨âãð¨ï¸\") C1; C2; P1; V5; V6\n[PASS] ToASCII(\"áá®á°âð°¨âãð¨ï¸\") C1; C2; P1; V5; V6\n[PASS] ToASCII(\"ë£±âð°¨âãð¨ã\") C1; C2; V5\n[PASS] ToASCII(\"áá®á°âð°¨âãð¨ã\") C1; C2; V5\n[PASS] ToASCII(\"xn--ct2b0738h.xn--772h.\") V5\n[PASS] ToASCII(\"xn--0ugb3358ili2v.xn--772h.\") C1; C2; V5\n[PASS] ToASCII(\"xn--ct2b0738h.xn--y86cl899a\") V5; V6\n[PASS] ToASCII(\"xn--0ugb3358ili2v.xn--y86cl899a\") C1; C2; V5; V6\n[PASS] ToASCII(\"ðï¼á³âÃ\") P1; V5; V6\n[PASS] ToASCII(\"ðï¼á³âSS\") P1; V5; V6\n[PASS] ToASCII(\"ðï¼á³âss\") P1; V5; V6\n[PASS] ToASCII(\"ðï¼á³âSs\") P1; V5; V6\n[PASS] ToASCII(\"xn--x07h.xn--ss-k1r094b\") V5; V6\n[PASS] ToASCII(\"xn--x07h.xn--zca344lmif\") V5; V6\n[PASS] ToASCII(\"á¯³.-éñ³¦­ó®\") P1; V5; V6; V3 (ignored)\n[PASS] ToASCII(\"xn--1zf.xn----483d46987byr50b\") V5; V6; V3 (ignored)\n[PASS] ToASCII(\"Ýãã¤âÏ\") C2; P1; V6\n[PASS] ToASCII(\"Ýãá âÏ\") C2; P1; V6\n[PASS] ToASCII(\"Ýãá âÎ£\") C2; P1; V6\n[PASS] ToASCII(\"Ýãá âÏ\") C2; P1; V6\n[PASS] ToASCII(\"xn--9ob.xn--4xa380e\") V6\n[PASS] ToASCII(\"xn--9ob.xn--4xa380ebol\") C2; V6\n[PASS] ToASCII(\"xn--9ob.xn--3xa580ebol\") C2; V6\n[PASS] ToASCII(\"Ýãã¤âÎ£\") C2; P1; V6\n[PASS] ToASCII(\"Ýãã¤âÏ\") C2; P1; V6\n[PASS] ToASCII(\"xn--9ob.xn--4xa574u\") V6\n[PASS] ToASCII(\"xn--9ob.xn--4xa795lq2l\") C2; V6\n[PASS] ToASCII(\"xn--9ob.xn--3xa995lq2l\") C2; V6\n[PASS] ToASCII(\"á¡á£ï½¡ó¢§Ìââ\") C2; P1; V6\n[PASS] ToASCII(\"á¡á£ãó¢§Ìââ\") C2; P1; V6\n[PASS] ToASCII(\"á¡â´ãó¢§Ìââ\") C2; P1; V6\n[PASS] ToASCII(\"xn--57e237h.xn--5sa98523p\") V6\n[PASS] ToASCII(\"xn--57e237h.xn--5sa649la993427a\") C2; V6\n[PASS] ToASCII(\"xn--bnd320b.xn--5sa98523p\") V6\n[PASS] ToASCII(\"xn--bnd320b.xn--5sa649la993427a\") C2; V6\n[PASS] ToASCII(\"á¡â´ï½¡ó¢§Ìââ\") C2; P1; V6\n[PASS] ToASCII(\"ð¨ï½¡á­ò¡¨ð\") P1; V5; V6\n[PASS] ToASCII(\"ð¨ãá­ò¡¨ð\") P1; V5; V6\n[PASS] ToASCII(\"xn--mi4h.xn--1uf6843smg20c\") V5; V6\n[PASS] ToASCII(\"á¢ó¨Ã.á§\") P1; V6\n[PASS] ToASCII(\"á¢ó¨SS.á§\") P1; V6\n[PASS] ToASCII(\"á¢ó¨ss.á§\") P1; V6\n[PASS] ToASCII(\"á¢ó¨Ss.á§\") P1; V6\n[PASS] ToASCII(\"xn--ss-7dp66033t.xn--p5d\") V6\n[PASS] ToASCII(\"xn--zca562jc642x.xn--p5d\") V6\n[PASS] ToASCII(\"â®â.ñâ\") C1; P1; V6\n[PASS] ToASCII(\"xn--b9i.xn--5p9y\") V6\n[PASS] ToASCII(\"xn--0ugx66b.xn--0ugz2871c\") C1; V6\n[PASS] ToASCII(\"Ãï½¡ð³á¬à¾¸\") P1; V6\n[PASS] ToASCII(\"Ããð³á¬à¾¸\") P1; V6\n[PASS] ToASCII(\"Ããð³â´à¾¸\")\n[PASS] ToASCII(\"SSãð³á¬à¾¸\") P1; V6\n[PASS] ToASCII(\"ssãð³â´à¾¸\")\n[PASS] ToASCII(\"Ssãð³á¬à¾¸\") P1; V6\n[PASS] ToASCII(\"ss.xn--lgd10cu829c\") V6\n[PASS] ToASCII(\"ss.xn--lgd921mvv0m\")\n[PASS] ToASCII(\"ss.ð³â´à¾¸\")\n[PASS] ToASCII(\"SS.ð³á¬à¾¸\") P1; V6\n[PASS] ToASCII(\"Ss.ð³á¬à¾¸\") P1; V6\n[PASS] ToASCII(\"xn--zca.xn--lgd921mvv0m\")\n[PASS] ToASCII(\"Ã.ð³â´à¾¸\")\n[PASS] ToASCII(\"xn--zca.xn--lgd10cu829c\") V6\n[PASS] ToASCII(\"Ãï½¡ð³â´à¾¸\")\n[PASS] ToASCII(\"SSï½¡ð³á¬à¾¸\") P1; V6\n[PASS] ToASCII(\"ssï½¡ð³â´à¾¸\")\n[PASS] ToASCII(\"Ssï½¡ð³á¬à¾¸\") P1; V6\n[PASS] ToASCII(\"á©ð¦à±ãð¬ðµ\") P1; V5; V6\n[PASS] ToASCII(\"á©ð¦à±ãð¬9\") P1; V5; V6\n[PASS] ToASCII(\"xn--lqc703ebm93a.xn--9-000p\") V5; V6\n[PASS] ToASCII(\"á¡ï½¡Ìñ¨à®-\") P1; V5; V6; V3 (ignored)\n[PASS] ToASCII(\"á¡ãÌñ¨à®-\") P1; V5; V6; V3 (ignored)\n[PASS] ToASCII(\"xn--m8e.xn----mdb555dkk71m\") V5; V6; V3 (ignored)\n[PASS] ToASCII(\"ðä¼ï¸.ðê£\") P1; V6\n[PASS] ToASCII(\"xn--woqs083bel0g.xn--0f9ao925c\") V6\n[PASS] ToASCII(\"ó  ï¼ñ·´ó\") P1; V6; A4_2 (ignored)\n[PASS] ToASCII(\"ó  .ñ·´ó\") P1; V6; A4_2 (ignored)\n[PASS] ToASCII(\".xn--rx21bhv12i\") V6; A4_2 (ignored)\n[PASS] ToASCII(\"-.á¢ó¡²£-\") P1; V5; V6; V3 (ignored)\n[PASS] ToASCII(\"-.xn----pbkx6497q\") V5; V6; V3 (ignored)\n[PASS] ToASCII(\"ó°ï¼-ð»Ã\") P1; V6; V3 (ignored)\n[PASS] ToASCII(\"ó°.-5Ã\") P1; V6; V3 (ignored)\n[PASS] ToASCII(\"ó°.-5SS\") P1; V6; V3 (ignored)\n[PASS] ToASCII(\"ó°.-5ss\") P1; V6; V3 (ignored)\n[PASS] ToASCII(\"xn--t960e.-5ss\") V6; V3 (ignored)\n[PASS] ToASCII(\"xn--t960e.xn---5-hia\") V6; V3 (ignored)\n[PASS] ToASCII(\"ó°ï¼-ð»SS\") P1; V6; V3 (ignored)\n[PASS] ToASCII(\"ó°ï¼-ð»ss\") P1; V6; V3 (ignored)\n[PASS] ToASCII(\"ó°ï¼-ð»Ss\") P1; V6; V3 (ignored)\n[PASS] ToASCII(\"ó°.-5Ss\") P1; V6; V3 (ignored)\n[PASS] ToASCII(\"âð¨¿.ð¤áò®¶\") C2; P1; V6\n[PASS] ToASCII(\"âð¨¿.ð¤â´¥ò®¶\") C2; P1; V6\n[PASS] ToASCII(\"xn--0s9c.xn--tljz038l0gz4b\") V5; V6\n[PASS] ToASCII(\"xn--1ug9533g.xn--tljz038l0gz4b\") C2; V6\n[PASS] ToASCII(\"xn--0s9c.xn--9nd3211w0gz4b\") V5; V6\n[PASS] ToASCII(\"xn--1ug9533g.xn--9nd3211w0gz4b\") C2; V6\n[PASS] ToASCII(\"ðµãÃð¬µ©â\") C2; P1; V6\n[PASS] ToASCII(\"ðµãSSð¬µ©â\") C2; P1; V6\n[PASS] ToASCII(\"ðµãssð¬µ©â\") C2; P1; V6\n[PASS] ToASCII(\"ðµãSsð¬µ©â\") C2; P1; V6\n[PASS] ToASCII(\"xn--ey1p.xn--ss-eq36b\") V6\n[PASS] ToASCII(\"xn--ey1p.xn--ss-n1tx0508a\") C2; V6\n[PASS] ToASCII(\"xn--ey1p.xn--zca870nz438b\") C2; V6\n[PASS] ToASCII(\"âï½¡ââò³´¢\") C2; P1; V6\n[PASS] ToASCII(\"4.ã1.âò³´¢\") C2; P1; V6; A4_2 (ignored)\n[PASS] ToASCII(\"4..1.xn--sf51d\") V6; A4_2 (ignored)\n[PASS] ToASCII(\"4..1.xn--1ug64613i\") C2; V6; A4_2 (ignored)\n[PASS] ToASCII(\"xn--wsh.xn--tsh07994h\") V6\n[PASS] ToASCII(\"xn--wsh.xn--1ug58o74922a\") C2; V6\n[PASS] ToASCII(\"á³ð«âò­ï¼Ú§ð°¶\") P1; V6\n[PASS] ToASCII(\"á³ð«âò­.Ú§ð°¶\") P1; V6\n[PASS] ToASCII(\"â´ð«âò­.Ú§ð°¶\") P1; V6\n[PASS] ToASCII(\"xn--blj6306ey091d.xn--9jb4223l\") V6\n[PASS] ToASCII(\"xn--1ugy52cym7p7xu5e.xn--9jb4223l\") V6\n[PASS] ToASCII(\"xn--rnd8945ky009c.xn--9jb4223l\") V6\n[PASS] ToASCII(\"xn--rnd479ep20q7x12e.xn--9jb4223l\") V6\n[PASS] ToASCII(\"â´ð«âò­ï¼Ú§ð°¶\") P1; V6\n[PASS] ToASCII(\"ð¨¿.ðâ\") P1; V5; V6\n[PASS] ToASCII(\"xn--0s9c.xn--8ug8324p\") V5; V6\n[PASS] ToASCII(\"ò±ñ¦®Û¸ãó ¾­-\") P1; V6; V3 (ignored)\n[PASS] ToASCII(\"xn--lmb18944c0g2z.xn----2k81m\") V6; V3 (ignored)\n[PASS] ToASCII(\"ðó ³¡ó.ñ²·\") P1; V6\n[PASS] ToASCII(\"xn--ie9hi1349bqdlb.xn--oj69a\") V6\n[PASS] ToASCII(\"â§ñ¯¡-ò«£.4á¤â\") C1; P1; V5; V6\n[PASS] ToASCII(\"â§ñ¯¡-ò«£.4â´â\") C1; P1; V5; V6\n[PASS] ToASCII(\"xn----9snu5320fi76w.xn--4-ivs\") V5; V6\n[PASS] ToASCII(\"xn----9snu5320fi76w.xn--4-sgn589c\") C1; V5; V6\n[PASS] ToASCII(\"xn----9snu5320fi76w.xn--4-f0g\") V5; V6\n[PASS] ToASCII(\"xn----9snu5320fi76w.xn--4-f0g649i\") C1; V5; V6\n[PASS] ToASCII(\"á­ï½¡ð Ãð«±\")\n[PASS] ToASCII(\"á­ãð Ãð«±\")\n[PASS] ToASCII(\"á­ãð SSð«±\")\n[PASS] ToASCII(\"á­ãð ssð«±\")\n[PASS] ToASCII(\"á­ãð Ssð«±\")\n[PASS] ToASCII(\"xn--hwe.xn--ss-ci1ub261a\")\n[PASS] ToASCII(\"á­.ð ssð«±\")\n[PASS] ToASCII(\"á­.ð SSð«±\")\n[PASS] ToASCII(\"á­.ð Ssð«±\")\n[PASS] ToASCII(\"xn--hwe.xn--zca4946pblnc\")\n[PASS] ToASCII(\"á­.ð Ãð«±\")\n[PASS] ToASCII(\"á­ï½¡ð SSð«±\")\n[PASS] ToASCII(\"á­ï½¡ð ssð«±\")\n[PASS] ToASCII(\"á­ï½¡ð Ssð«±\")\n[PASS] ToASCII(\"ñá´ï¼ð¨ºÃâ¬ð´\") P1; V5; V6\n[PASS] ToASCII(\"ñá´ï¼ð¨ºEÌâ¬ð´\") P1; V5; V6\n[PASS] ToASCII(\"ñá´.ð¨ºÃâ¬ð´\") P1; V5; V6\n[PASS] ToASCII(\"ñá´.ð¨ºEÌâ¬ð´\") P1; V5; V6\n[PASS] ToASCII(\"ñá´.ð¨ºeÌâ¬ð´\") P1; V5; V6\n[PASS] ToASCII(\"ñá´.ð¨ºÃ©â¬ð´\") P1; V5; V6\n[PASS] ToASCII(\"xn--c0e34564d.xn--9ca207st53lg3f\") V5; V6\n[PASS] ToASCII(\"ñá´ï¼ð¨ºeÌâ¬ð´\") P1; V5; V6\n[PASS] ToASCII(\"ñá´ï¼ð¨ºÃ©â¬ð´\") P1; V5; V6\n[PASS] ToASCII(\"xn--09e4694e..xn--ye6h\") A4_2 (ignored)\n[PASS] ToASCII(\"áï¼Ùá¢¤\") P1; V5; V6\n[PASS] ToASCII(\"á.Ùá¢¤\") P1; V5; V6\n[PASS] ToASCII(\"â´£.Ùá¢¤\") V5\n[PASS] ToASCII(\"xn--rlj.xn--vhb294g\") V5\n[PASS] ToASCII(\"xn--7nd.xn--vhb294g\") V5; V6\n[PASS] ToASCII(\"â´£ï¼Ùá¢¤\") V5\n[PASS] ToASCII(\"ó à ï¼ìò»áò¡\") P1; V6\n[PASS] ToASCII(\"ó à ï¼áá´á°ò»áò¡\") P1; V6\n[PASS] ToASCII(\"ó à .ìò»áò¡\") P1; V6\n[PASS] ToASCII(\"ó à .áá´á°ò»áò¡\") P1; V6\n[PASS] ToASCII(\"ó à .áá´á°ò»â´¤ò¡\") P1; V6\n[PASS] ToASCII(\"ó à .ìò»â´¤ò¡\") P1; V6\n[PASS] ToASCII(\"xn--oub.xn--sljz109bpe25dviva\") V6\n[PASS] ToASCII(\"xn--oub.xn--8nd9522gpe69cviva\") V6\n[PASS] ToASCII(\"ó à ï¼áá´á°ò»â´¤ò¡\") P1; V6\n[PASS] ToASCII(\"ó à ï¼ìò»â´¤ò¡\") P1; V6\n[PASS] ToASCII(\"ðã-\") V5; V3 (ignored)\n[PASS] ToASCII(\"xn--210d.-\") V5; V3 (ignored)\n[PASS] ToASCII(\"ê¡¦á¡ââãð£-\") C2; P1; V6; V3 (ignored)\n[PASS] ToASCII(\"ê¡¦á¡â1.ãð£-\") C2; V3 (ignored); A4_2 (ignored)\n[PASS] ToASCII(\"xn--1-o7j0610f..xn----381i\") V3 (ignored); A4_2 (ignored)\n[PASS] ToASCII(\"xn--1-o7j663bdl7m..xn----381i\") C2; V3 (ignored); A4_2 (ignored)\n[PASS] ToASCII(\"xn--h8e863drj7h.xn----381i\") V6; V3 (ignored)\n[PASS] ToASCII(\"xn--h8e470bl0d838o.xn----381i\") C2; V6; V3 (ignored)\n[PASS] ToASCII(\"âä°¹â-ãì\") C2; P1; V6; V3 (ignored)\n[PASS] ToASCII(\"âä°¹â-ãáá®á¿\") C2; P1; V6; V3 (ignored)\n[PASS] ToASCII(\"1.ä°¹â-ãì\") C2; V3 (ignored)\n[PASS] ToASCII(\"1.ä°¹â-ãáá®á¿\") C2; V3 (ignored)\n[PASS] ToASCII(\"1.xn----zw5a.xn--kp5b\") V3 (ignored)\n[PASS] ToASCII(\"1.xn----tgnz80r.xn--kp5b\") C2; V3 (ignored)\n[PASS] ToASCII(\"xn----dcp160o.xn--kp5b\") V6; V3 (ignored)\n[PASS] ToASCII(\"xn----tgnx5rjr6c.xn--kp5b\") C2; V6; V3 (ignored)\n[PASS] ToASCII(\"ã¦ãâó ³½ß³\") C1; P1; V6\n[PASS] ToASCII(\"xn--m9j.xn--rtb10784p\") V6\n[PASS] ToASCII(\"xn--m9j.xn--rtb154j9l73w\") C1; V6\n[PASS] ToASCII(\"Ïï½¡ê§Û§\") V5\n[PASS] ToASCII(\"Ïãê§Û§\") V5\n[PASS] ToASCII(\"Î£ãê§Û§\") V5\n[PASS] ToASCII(\"Ïãê§Û§\") V5\n[PASS] ToASCII(\"xn--4xa.xn--3lb1944f\") V5\n[PASS] ToASCII(\"xn--3xa.xn--3lb1944f\") V5\n[PASS] ToASCII(\"Î£ï½¡ê§Û§\") V5\n[PASS] ToASCII(\"Ïï½¡ê§Û§\") V5\n[PASS] ToASCII(\"à¯ó¥«ò.á¢áµ\") P1; V5; V6\n[PASS] ToASCII(\"à¯ó¥«ò.â´â´\") P1; V5; V6\n[PASS] ToASCII(\"à¯ó¥«ò.á¢â´\") P1; V5; V6\n[PASS] ToASCII(\"xn--xmc83135idcxza.xn--9md086l\") V5; V6\n[PASS] ToASCII(\"xn--xmc83135idcxza.xn--tkjwb\") V5; V6\n[PASS] ToASCII(\"xn--xmc83135idcxza.xn--9md2b\") V5; V6\n[PASS] ToASCII(\"á°²ðâ¾Ö¦ï¼âò¯¥¤ß½\") C2; P1; V5; V6\n[PASS] ToASCII(\"xn--xcb756i493fwi5o.xn--1tb13454l\") V5; V6\n[PASS] ToASCII(\"xn--xcb756i493fwi5o.xn--1tb334j1197q\") C2; V5; V6\n[PASS] ToASCII(\"á¢ï½¡Óñ»\") P1; V6\n[PASS] ToASCII(\"á¢ãÓñ»\") P1; V6\n[PASS] ToASCII(\"á¢ãÓñ»\") P1; V6\n[PASS] ToASCII(\"xn--hbf.xn--s5a83117e\") V6\n[PASS] ToASCII(\"xn--hbf.xn--d5a86117e\") V6\n[PASS] ToASCII(\"á¢ï½¡Óñ»\") P1; V6\n[PASS] ToASCII(\"-ð·ð¾ãó ¬\") V3 (ignored)\n[PASS] ToASCII(\"xn----991iq40y.\") V3 (ignored)\n[PASS] ToASCII(\"ð²ó ð¡ï½¡ðªá¼\") P1; V5; V6\n[PASS] ToASCII(\"ð²ó ð¡ã8á¼\") P1; V5; V6\n[PASS] ToASCII(\"ð²ó ð¡ã8â´\") P1; V5; V6\n[PASS] ToASCII(\"xn--7m3d291b.xn--8-vws\") V5; V6\n[PASS] ToASCII(\"xn--7m3d291b.xn--8-s1g\") V5; V6\n[PASS] ToASCII(\"ð²ó ð¡ï½¡ðªâ´\") P1; V5; V6\n[PASS] ToASCII(\"á®«ï½¡ðó °\") P1; V5; V6\n[PASS] ToASCII(\"á®«ãðó °\") P1; V5; V6\n[PASS] ToASCII(\"xn--zxf.xn--fx7ho0250c\") V5; V6\n[PASS] ToASCII(\"ó¬¶ó¸ò©°-ãâ\") C1; P1; V6; V3 (ignored)\n[PASS] ToASCII(\"xn----7i12hu122k9ire.\") V6; V3 (ignored)\n[PASS] ToASCII(\"xn----7i12hu122k9ire.xn--0ug\") C1; V6; V3 (ignored)\n[PASS] ToASCII(\"ï¸ï¼ï¸¯ð\") P1; V5; V6\n[PASS] ToASCII(\"ï¸ï¼ðï¸¯\") P1; V5; V6\n[PASS] ToASCII(\"ã.ðï¸¯\") V5; A4_2 (ignored)\n[PASS] ToASCII(\"..xn--s96cu30b\") V5; A4_2 (ignored)\n[PASS] ToASCII(\"xn--y86c.xn--s96cu30b\") V5; V6\n[PASS] ToASCII(\"ê¤¬ãâ\") C2; V5\n[PASS] ToASCII(\"xn--zi9a.\") V5\n[PASS] ToASCII(\"xn--zi9a.xn--1ug\") C2; V5\n[PASS] ToASCII(\"ó¦ã-\") P1; V6; V3 (ignored)\n[PASS] ToASCII(\"xn--xm38e.-\") V6; V3 (ignored)\n[PASS] ToASCII(\"Ì°ï¼ó°±è\") P1; V5; V6\n[PASS] ToASCII(\"Ì°.ó°±è\") P1; V5; V6\n[PASS] ToASCII(\"xn--xta.xn--e91aw9417e\") V5; V6\n[PASS] ToASCII(\"ð¢ðâê¡ï½¡à¾\") C2; P1; V5; V6\n[PASS] ToASCII(\"xn--nc9aq743ds0e.xn--3ed\") V5; V6\n[PASS] ToASCII(\"xn--1ug4874cfd0kbmg.xn--3ed\") C2; V5; V6\n[PASS] ToASCII(\"ê¡ãá¹á¢\") V5\n[PASS] ToASCII(\"xn--tc9a.xn--9jd663b\") V5\n[PASS] ToASCII(\"ð°§ñ£© -ï¼ê¯­-æ\") P1; V5; V6; V3 (ignored)\n[PASS] Parsing: <javascript:/example.com/> against <http://example.org/foo/bar>\n[PASS] Parsing: <javascript:example.com/> against <http://example.org/foo/bar>\n[PASS] Parsing: <javascript:/example.com/> without base\n[PASS] Parsing: <javascript:example.com/> without base\n[PASS] Parsing: <javascript:/../> without base\n[PASS] Parsing: <> without base\n[PASS] Parsing: <javascript://example.com:8080/pathname?search#hash> without base\n[PASS] Parsing: <javascript:///test> without base\n[PASS] Parsing: <javascript://test/a/../b> without base\n[PASS] Parsing: <javascript://:443> without base\n[PASS] Parsing: <javascript://test:test> without base\n[PASS] Parsing: <javascript://[:1]> without base\n[PASS] Loading dataâ¦\n[PASS] Parsing: <mailto:/example.com/> against <http://example.org/foo/bar>\n[PASS] Parsing: <mailto:example.com/> against <http://example.org/foo/bar>\n[PASS] Parsing: <mailto:/example.com/> without base\n[PASS] Parsing: <mailto:example.com/> without base\n[PASS] Parsing: <#x> against <mailto:x@x.com>\n[PASS] Parsing: <mailto:/../> without base\n[PASS] Parsing: <> without base\n[PASS] Parsing: <mailto://example.com:8080/pathname?search#hash> without base\n[PASS] Parsing: <mailto:///test> without base\n[PASS] Parsing: <mailto://test/a/../b> without base\n[PASS] Parsing: <mailto://:443> without base\n[PASS] Parsing: <mailto://test:test> without base\n[PASS] Parsing: <mailto://[:1]> without base\n[PASS] Loading dataâ¦\n[PASS] Parsing: <file:/example.com/> against <http://example.org/foo/bar>\n[PASS] Parsing: <file://example:1/> without base\n[PASS] Parsing: <file://example:test/> without base\n[PASS] Parsing: <file://example%/> without base\n[PASS] Parsing: <file://[example]/> without base\n[PASS] Parsing: <file:c:\\foo\\bar.html> against <file:///tmp/mock/path>\n[PASS] Parsing: <  File:c|////foo\\bar.html> against <file:///tmp/mock/path>\n[PASS] Parsing: <C|/foo/bar> against <file:///tmp/mock/path>\n[PASS] Parsing: </C|\\foo\\bar> against <file:///tmp/mock/path>\n[PASS] Parsing: <//C|/foo/bar> against <file:///tmp/mock/path>\n[PASS] Parsing: <//server/file> against <file:///tmp/mock/path>\n[PASS] Parsing: <\\\\server\\file> against <file:///tmp/mock/path>\n[PASS] Parsing: </\\server/file> against <file:///tmp/mock/path>\n[PASS] Parsing: <file:///foo/bar.txt> against <file:///tmp/mock/path>\n[PASS] Parsing: <file:///home/me> against <file:///tmp/mock/path>\n[PASS] Parsing: <//> against <file:///tmp/mock/path>\n[PASS] Parsing: <///> against <file:///tmp/mock/path>\n[PASS] Parsing: <///test> against <file:///tmp/mock/path>\n[PASS] Parsing: <file://test> against <file:///tmp/mock/path>\n[PASS] Parsing: <file://localhost> against <file:///tmp/mock/path>\n[PASS] Parsing: <file://localhost/> against <file:///tmp/mock/path>\n[PASS] Parsing: <file://localhost/test> against <file:///tmp/mock/path>\n[PASS] Parsing: <test> against <file:///tmp/mock/path>\n[PASS] Parsing: <file:test> against <file:///tmp/mock/path>\n[PASS] Parsing: <file:/example.com/> without base\n[PASS] Parsing: <file:...> against <http://www.example.com/test>\n[PASS] Parsing: <file:..> against <http://www.example.com/test>\n[PASS] Parsing: <file:a> against <http://www.example.com/test>\n[PASS] Parsing: <file:///C%3A/> without base\n[PASS] Parsing: <file:///C%7C/> without base\n[PASS] Parsing: <file://%43%3A> without base\n[PASS] Parsing: <file://%43%7C> without base\n[PASS] Parsing: <file://%43|> without base\n[PASS] Parsing: <file://C%7C> without base\n[PASS] Parsing: <file://%43%7C/> without base\n[PASS] Parsing: <pix/submit.gif> against <file:///C:/Users/Domenic/Dropbox/GitHub/tmpvar/jsdom/test/level2/html/files/anchor.html>\n[PASS] Parsing: <..> against <file:///C:/>\n[PASS] Parsing: <..> against <file:///>\n[PASS] Parsing: </> against <file:///C:/a/b>\n[PASS] Parsing: </> against <file://h/C:/a/b>\n[PASS] Parsing: </> against <file://h/a/b>\n[PASS] Parsing: <//d:> against <file:///C:/a/b>\n[PASS] Parsing: <//d:/..> against <file:///C:/a/b>\n[PASS] Parsing: <..> against <file:///ab:/>\n[PASS] Parsing: <..> against <file:///1:/>\n[PASS] Parsing: <> against <file:///test?test#test>\n[PASS] Parsing: <file:> against <file:///test?test#test>\n[PASS] Parsing: <?x> against <file:///test?test#test>\n[PASS] Parsing: <file:?x> against <file:///test?test#test>\n[PASS] Parsing: <#x> against <file:///test?test#test>\n[PASS] Parsing: <file:#x> against <file:///test?test#test>\n[PASS] Parsing: <file:\\\\//> without base\n[PASS] Parsing: <file:\\\\\\\\> without base\n[PASS] Parsing: <file:\\\\\\\\?fox> without base\n[PASS] Parsing: <file:\\\\\\\\#guppy> without base\n[PASS] Parsing: <file://spider///> without base\n[PASS] Parsing: <file:\\\\localhost//> without base\n[PASS] Parsing: <file:///localhost//cat> without base\n[PASS] Parsing: <file://\\/localhost//cat> without base\n[PASS] Parsing: <file://localhost//a//../..//> without base\n[PASS] Parsing: </////mouse> against <file:///elephant>\n[PASS] Parsing: <\\//pig> against <file://lion/>\n[PASS] Parsing: <\\/localhost//pig> against <file://lion/>\n[PASS] Parsing: <//localhost//pig> against <file://lion/>\n[PASS] Parsing: </..//localhost//pig> against <file://lion/>\n[PASS] Parsing: <file://> against <file://ape/>\n[PASS] Parsing: </rooibos> against <file://tea/>\n[PASS] Parsing: </?chai> against <file://tea/>\n[PASS] Parsing: <C|> against <file://host/dir/file>\n[PASS] Parsing: <C|> against <file://host/D:/dir1/dir2/file>\n[PASS] Parsing: <C|#> against <file://host/dir/file>\n[PASS] Parsing: <C|?> against <file://host/dir/file>\n[PASS] Parsing: <C|/> against <file://host/dir/file>\n[PASS] Parsing: <C|\n/> against <file://host/dir/file>\n[PASS] Parsing: <C|\\> against <file://host/dir/file>\n[PASS] Parsing: <C> against <file://host/dir/file>\n[PASS] Parsing: <C|a> against <file://host/dir/file>\n[PASS] Parsing: </c:/foo/bar> against <file:///c:/baz/qux>\n[PASS] Parsing: </c|/foo/bar> against <file:///c:/baz/qux>\n[PASS] Parsing: <file:\\c:\\foo\\bar> against <file:///c:/baz/qux>\n[PASS] Parsing: </c:/foo/bar> against <file://host/path>\n[PASS] Parsing: <file://example.net/C:/> without base\n[PASS] Parsing: <file://1.2.3.4/C:/> without base\n[PASS] Parsing: <file://[1::8]/C:/> without base\n[PASS] Parsing: <C|/> against <file://host/>\n[PASS] Parsing: </C:/> against <file://host/>\n[PASS] Parsing: <file:C:/> against <file://host/>\n[PASS] Parsing: <file:/C:/> against <file://host/>\n[PASS] Parsing: <//C:/> against <file://host/>\n[PASS] Parsing: <file://C:/> against <file://host/>\n[PASS] Parsing: <///C:/> against <file://host/>\n[PASS] Parsing: <file:///C:/> against <file://host/>\n[PASS] Parsing: <file:/C|/> without base\n[PASS] Parsing: <file://C|/> without base\n[PASS] Parsing: <file:> without base\n[PASS] Parsing: <file:?q=v> without base\n[PASS] Parsing: <file:#frag> without base\n[PASS] Parsing: <file:///Y:> without base\n[PASS] Parsing: <file:///Y:/> without base\n[PASS] Parsing: <file:///./Y> without base"},"time":1282.039,"fullname":"wpt/test-url","closingTestPoint":false}},{"testName":"parallel/test-node-output-errors","timestamp":1716244221359,"status":"FAILED","jobName":"node-test-binary-windows-js-suites","config":"node-test-binary-windows-js-suites Â» 3,win11-COMPILED_BY-vs2022 #27843","buildUrl":"https://ci.nodejs.org/job/node-test-binary-windows-js-suites/RUN_SUBSET=3,nodes=win11-COMPILED_BY-vs2022/27843/","buildNumber":27843,"builtOn":"test-azure_msft-win11_vs2022-x64-3","nodeVersion":"23.0.0","commitHash":"a72c0c3e137a3886467b68866b0a9bc68589459e","callStack":[{"upstreamBuild":63110,"upstreamProject":"node-test-commit-windows-fanned","upstreamUrl":"job/node-test-commit-windows-fanned/"},{"upstreamBuild":70949,"upstreamProject":"node-test-commit","upstreamUrl":"job/node-test-commit/"},{"upstreamBuild":59324,"upstreamProject":"node-test-pull-request","upstreamUrl":"job/node-test-pull-request/"},{"prId":"53062"}],"tap":{"ok":false,"name":"parallel/test-node-output-errors","id":635,"buffered":false,"tapError":null,"skip":false,"todo":false,"previous":null,"plan":null,"diag":{"severity":"fail","exitcode":1,"stack":"TAP version 13\n# Subtest: errors output\n    # Subtest: errors/async_error_eval_cjs.js\n    ok 1 - errors/async_error_eval_cjs.js\n      ---\n      duration_ms: 305.471\n      ...\n    # Subtest: errors/async_error_eval_esm.js\n    ok 2 - errors/async_error_eval_esm.js\n      ---\n      duration_ms: 227.8573\n      ...\n    # Subtest: errors/async_error_microtask_main.js\n    ok 3 - errors/async_error_microtask_main.js\n      ---\n      duration_ms: 135.3379\n      ...\n    # Subtest: errors/async_error_nexttick_main.js\n    ok 4 - errors/async_error_nexttick_main.js\n      ---\n      duration_ms: 138.3536\n      ...\n    # Subtest: errors/async_error_sync_main.js\n    ok 5 - errors/async_error_sync_main.js\n      ---\n      duration_ms: 148.4373\n      ...\n    # Subtest: errors/core_line_numbers.js\n    ok 6 - errors/core_line_numbers.js\n      ---\n      duration_ms: 151.4489\n      ...\n    # Subtest: errors/async_error_sync_esm.mjs\n    ok 7 - errors/async_error_sync_esm.mjs\n      ---\n      duration_ms: 204.1551\n      ...\n    # Subtest: errors/test-no-extra-info-on-fatal-exception.js\n    ok 8 - errors/test-no-extra-info-on-fatal-exception.js\n      ---\n      duration_ms: 164.6358\n      ...\n    # Subtest: errors/error_aggregateTwoErrors.js\n    ok 9 - errors/error_aggregateTwoErrors.js\n      ---\n      duration_ms: 154.9493\n      ...\n    # Subtest: errors/error_exit.js\n    ok 10 - errors/error_exit.js\n      ---\n      duration_ms: 148.3469\n      ...\n    # Subtest: errors/error_with_nul.js\n    ok 11 - errors/error_with_nul.js\n      ---\n      duration_ms: 147.5626\n      ...\n    # Subtest: errors/events_unhandled_error_common_trace.js\n    ok 12 - errors/events_unhandled_error_common_trace.js\n      ---\n      duration_ms: 159.2658\n      ...\n    # Subtest: errors/events_unhandled_error_nexttick.js\n    ok 13 - errors/events_unhandled_error_nexttick.js\n      ---\n      duration_ms: 123.1252\n      ...\n    # Subtest: errors/events_unhandled_error_sameline.js\n    ok 14 - errors/events_unhandled_error_sameline.js\n      ---\n      duration_ms: 140.9073\n      ...\n    # Subtest: errors/events_unhandled_error_subclass.js\n    ok 15 - errors/events_unhandled_error_subclass.js\n      ---\n      duration_ms: 144.7762\n      ...\n    # Subtest: errors/if-error-has-good-stack.js\n    ok 16 - errors/if-error-has-good-stack.js\n      ---\n      duration_ms: 148.9615\n      ...\n    # Subtest: errors/throw_custom_error.js\n    ok 17 - errors/throw_custom_error.js\n      ---\n      duration_ms: 132.9706\n      ...\n    # Subtest: errors/throw_error_with_getter_throw.js\n    not ok 18 - errors/throw_error_with_getter_throw.js\n      ---\n      duration_ms: 155.5582\n      location: 'c:\\\\workspace\\\\node-test-binary-windows-js-suites\\\\node\\\\test\\\\parallel\\\\test-node-output-errors.mjs:78:5'\n      failureType: 'testCodeFailure'\n      error: |-\n        Expected values to be strictly equal:\n        + actual - expected\n        \n          '\\n' +\n            '*throw_error_with_getter_throw.js:*\\n' +\n            'throw {  * eslint-disable-line no-throw-literal\\n' +\n            '^\\n' +\n            '[object Object]\\n' +\n        +   '(Use `node.exe --trace-uncaught ...` to show where the exception was thrown)\\n' +\n        -   '(Use `node --trace-uncaught ...` to show where the exception was thrown)\\n' +\n            '\\n' +\n            'Node.js *\\n'\n      code: 'ERR_ASSERTION'\n      name: 'AssertionError'\n      expected: |-\n        \n        *throw_error_with_getter_throw.js:*\n        throw {  * eslint-disable-line no-throw-literal\n        ^\n        [object Object]\n        (Use `node --trace-uncaught ...` to show where the exception was thrown)\n        \n        Node.js *\n        \n      actual: |-\n        \n        *throw_error_with_getter_throw.js:*\n        throw {  * eslint-disable-line no-throw-literal\n        ^\n        [object Object]\n        (Use `node.exe --trace-uncaught ...` to show where the exception was thrown)\n        \n        Node.js *\n        \n      operator: 'strictEqual'\n      stack: |-\n        assertSnapshot (c:\\workspace\\node-test-binary-windows-js-suites\\node\\test\\common\\assertSnapshot.js:56:12)\n        async Module.spawnAndAssert (c:\\workspace\\node-test-binary-windows-js-suites\\node\\test\\common\\assertSnapshot.js:84:3)\n        async TestContext.<anonymous> (file:///c:/workspace/node-test-binary-windows-js-suites/node/test/parallel/test-node-output-errors.mjs:79:7)\n        async Test.run (node:internal/test_runner/test:825:9)\n        async Suite.processPendingSubtests (node:internal/test_runner/test:533:7)\n      ...\n    # Subtest: errors/throw_in_line_with_tabs.js\n    ok 19 - errors/throw_in_line_with_tabs.js\n      ---\n      duration_ms: 177.0401\n      ...\n    # Subtest: errors/throw_non_error.js\n    ok 20 - errors/throw_non_error.js\n      ---\n      duration_ms: 134.766\n      ...\n    # Subtest: errors/throw_null.js\n    not ok 21 - errors/throw_null.js\n      ---\n      duration_ms: 139.2401\n      location: 'c:\\\\workspace\\\\node-test-binary-windows-js-suites\\\\node\\\\test\\\\parallel\\\\test-node-output-errors.mjs:78:5'\n      failureType: 'testCodeFailure'\n      error: |-\n        Expected values to be strictly equal:\n        + actual - expected\n        \n          '\\n' +\n            '*throw_null.js:*\\n' +\n            'throw null;\\n' +\n            '^\\n' +\n            'null\\n' +\n        +   '(Use `node.exe --trace-uncaught ...` to show where the exception was thrown)\\n' +\n        -   '(Use `node --trace-uncaught ...` to show where the exception was thrown)\\n' +\n            '\\n' +\n            'Node.js *\\n'\n      code: 'ERR_ASSERTION'\n      name: 'AssertionError'\n      expected: |-\n        \n        *throw_null.js:*\n        throw null;\n        ^\n        null\n        (Use `node --trace-uncaught ...` to show where the exception was thrown)\n        \n        Node.js *\n        \n      actual: |-\n        \n        *throw_null.js:*\n        throw null;\n        ^\n        null\n        (Use `node.exe --trace-uncaught ...` to show where the exception was thrown)\n        \n        Node.js *\n        \n      operator: 'strictEqual'\n      stack: |-\n        assertSnapshot (c:\\workspace\\node-test-binary-windows-js-suites\\node\\test\\common\\assertSnapshot.js:56:12)\n        async Module.spawnAndAssert (c:\\workspace\\node-test-binary-windows-js-suites\\node\\test\\common\\assertSnapshot.js:84:3)\n        async TestContext.<anonymous> (file:///c:/workspace/node-test-binary-windows-js-suites/node/test/parallel/test-node-output-errors.mjs:79:7)\n        async Test.run (node:internal/test_runner/test:825:9)\n        async Suite.processPendingSubtests (node:internal/test_runner/test:533:7)\n      ...\n    # Subtest: errors/throw_undefined.js\n    not ok 22 - errors/throw_undefined.js\n      ---\n      duration_ms: 193.3448\n      location: 'c:\\\\workspace\\\\node-test-binary-windows-js-suites\\\\node\\\\test\\\\parallel\\\\test-node-output-errors.mjs:78:5'\n      failureType: 'testCodeFailure'\n      error: |-\n        Expected values to be strictly equal:\n        + actual - expected\n        \n          '\\n' +\n            '*throw_undefined.js:*\\n' +\n            'throw undefined;\\n' +\n            '^\\n' +\n            'undefined\\n' +\n        +   '(Use `node.exe --trace-uncaught ...` to show where the exception was thrown)\\n' +\n        -   '(Use `node --trace-uncaught ...` to show where the exception was thrown)\\n' +\n            '\\n' +\n            'Node.js *\\n'\n      code: 'ERR_ASSERTION'\n      name: 'AssertionError'\n      expected: |-\n        \n        *throw_undefined.js:*\n        throw undefined;\n        ^\n        undefined\n        (Use `node --trace-uncaught ...` to show where the exception was thrown)\n        \n        Node.js *\n        \n      actual: |-\n        \n        *throw_undefined.js:*\n        throw undefined;\n        ^\n        undefined\n        (Use `node.exe --trace-uncaught ...` to show where the exception was thrown)\n        \n        Node.js *\n        \n      operator: 'strictEqual'\n      stack: |-\n        assertSnapshot (c:\\workspace\\node-test-binary-windows-js-suites\\node\\test\\common\\assertSnapshot.js:56:12)\n        async Module.spawnAndAssert (c:\\workspace\\node-test-binary-windows-js-suites\\node\\test\\common\\assertSnapshot.js:84:3)\n        async TestContext.<anonymous> (file:///c:/workspace/node-test-binary-windows-js-suites/node/test/parallel/test-node-output-errors.mjs:79:7)\n        async Test.run (node:internal/test_runner/test:825:9)\n        async Suite.processPendingSubtests (node:internal/test_runner/test:533:7)\n      ...\n    # Subtest: errors/timeout_throw.js\n    ok 23 - errors/timeout_throw.js\n      ---\n      duration_ms: 156.7795\n      ...\n    # Subtest: errors/undefined_reference_in_new_context.js\n    ok 24 - errors/undefined_reference_in_new_context.js\n      ---\n      duration_ms: 137.134\n      ...\n    # Subtest: errors/promise_always_throw_unhandled.js\n    ok 25 - errors/promise_always_throw_unhandled.js\n      ---\n      duration_ms: 139.48\n      ...\n    # Subtest: errors/promise_unhandled_warn_with_error.js\n    ok 26 - errors/promise_unhandled_warn_with_error.js\n      ---\n      duration_ms: 138.8484\n      ...\n    # Subtest: errors/unhandled_promise_trace_warnings.js\n    ok 27 - errors/unhandled_promise_trace_warnings.js\n      ---\n      duration_ms: 154.5685\n      ...\n    # Subtest: errors/force_colors.js\n    ok 28 - errors/force_colors.js\n      ---\n      duration_ms: 127.2745\n      ...\n    1..28\nnot ok 1 - errors output\n  ---\n  duration_ms: 4435.1362\n  type: 'suite'\n  location: 'c:\\\\workspace\\\\node-test-binary-windows-js-suites\\\\node\\\\test\\\\parallel\\\\test-node-output-errors.mjs:23:1'\n  failureType: 'subtestsFailed'\n  error: '3 subtests failed'\n  code: 'ERR_TEST_FAILURE'\n  ...\n1..1\n# tests 28\n# suites 1\n# pass 25\n# fail 3\n# cancelled 0\n# skipped 0\n# todo 0\n# duration_ms 4445.5931"},"time":4815.067,"fullname":"parallel/test-node-output-errors","closingTestPoint":false}},{"testName":"parallel/test-node-output-errors","timestamp":1716244221359,"status":"FAILED","jobName":"node-test-binary-windows-js-suites","config":"node-test-binary-windows-js-suites Â» 3,win2019-COMPILED_BY-vs2022 #27843","buildUrl":"https://ci.nodejs.org/job/node-test-binary-windows-js-suites/RUN_SUBSET=3,nodes=win2019-COMPILED_BY-vs2022/27843/","buildNumber":27843,"builtOn":"test-rackspace-win2019_vs2019-x64-2","nodeVersion":"23.0.0","commitHash":"a72c0c3e137a3886467b68866b0a9bc68589459e","callStack":[{"upstreamBuild":63110,"upstreamProject":"node-test-commit-windows-fanned","upstreamUrl":"job/node-test-commit-windows-fanned/"},{"upstreamBuild":70949,"upstreamProject":"node-test-commit","upstreamUrl":"job/node-test-commit/"},{"upstreamBuild":59324,"upstreamProject":"node-test-pull-request","upstreamUrl":"job/node-test-pull-request/"},{"prId":"53062"}],"tap":{"ok":false,"name":"parallel/test-node-output-errors","id":670,"buffered":false,"tapError":null,"skip":false,"todo":false,"previous":null,"plan":null,"diag":{"severity":"fail","exitcode":1,"stack":"TAP version 13\n# Subtest: errors output\n    # Subtest: errors/async_error_eval_cjs.js\n    ok 1 - errors/async_error_eval_cjs.js\n      ---\n      duration_ms: 274.257\n      ...\n    # Subtest: errors/async_error_eval_esm.js\n    ok 2 - errors/async_error_eval_esm.js\n      ---\n      duration_ms: 268.3234\n      ...\n    # Subtest: errors/async_error_microtask_main.js\n    ok 3 - errors/async_error_microtask_main.js\n      ---\n      duration_ms: 190.7436\n      ...\n    # Subtest: errors/async_error_nexttick_main.js\n    ok 4 - errors/async_error_nexttick_main.js\n      ---\n      duration_ms: 177.0803\n      ...\n    # Subtest: errors/async_error_sync_main.js\n    ok 5 - errors/async_error_sync_main.js\n      ---\n      duration_ms: 169.9337\n      ...\n    # Subtest: errors/core_line_numbers.js\n    ok 6 - errors/core_line_numbers.js\n      ---\n      duration_ms: 199.3724\n      ...\n    # Subtest: errors/async_error_sync_esm.mjs\n    ok 7 - errors/async_error_sync_esm.mjs\n      ---\n      duration_ms: 248.6472\n      ...\n    # Subtest: errors/test-no-extra-info-on-fatal-exception.js\n    ok 8 - errors/test-no-extra-info-on-fatal-exception.js\n      ---\n      duration_ms: 165.2336\n      ...\n    # Subtest: errors/error_aggregateTwoErrors.js\n    ok 9 - errors/error_aggregateTwoErrors.js\n      ---\n      duration_ms: 163.742\n      ...\n    # Subtest: errors/error_exit.js\n    ok 10 - errors/error_exit.js\n      ---\n      duration_ms: 164.2354\n      ...\n    # Subtest: errors/error_with_nul.js\n    ok 11 - errors/error_with_nul.js\n      ---\n      duration_ms: 155.5524\n      ...\n    # Subtest: errors/events_unhandled_error_common_trace.js\n    ok 12 - errors/events_unhandled_error_common_trace.js\n      ---\n      duration_ms: 155.7635\n      ...\n    # Subtest: errors/events_unhandled_error_nexttick.js\n    ok 13 - errors/events_unhandled_error_nexttick.js\n      ---\n      duration_ms: 162.9165\n      ...\n    # Subtest: errors/events_unhandled_error_sameline.js\n    ok 14 - errors/events_unhandled_error_sameline.js\n      ---\n      duration_ms: 155.6007\n      ...\n    # Subtest: errors/events_unhandled_error_subclass.js\n    ok 15 - errors/events_unhandled_error_subclass.js\n      ---\n      duration_ms: 159.4918\n      ...\n    # Subtest: errors/if-error-has-good-stack.js\n    ok 16 - errors/if-error-has-good-stack.js\n      ---\n      duration_ms: 157.9954\n      ...\n    # Subtest: errors/throw_custom_error.js\n    ok 17 - errors/throw_custom_error.js\n      ---\n      duration_ms: 152.3907\n      ...\n    # Subtest: errors/throw_error_with_getter_throw.js\n    not ok 18 - errors/throw_error_with_getter_throw.js\n      ---\n      duration_ms: 165.9519\n      location: 'C:\\\\workspace\\\\node-test-binary-windows-js-suites\\\\node\\\\test\\\\parallel\\\\test-node-output-errors.mjs:78:5'\n      failureType: 'testCodeFailure'\n      error: |-\n        Expected values to be strictly equal:\n        + actual - expected\n        \n          '\\n' +\n            '*throw_error_with_getter_throw.js:*\\n' +\n            'throw {  * eslint-disable-line no-throw-literal\\n' +\n            '^\\n' +\n            '[object Object]\\n' +\n        +   '(Use `node.exe --trace-uncaught ...` to show where the exception was thrown)\\n' +\n        -   '(Use `node --trace-uncaught ...` to show where the exception was thrown)\\n' +\n            '\\n' +\n            'Node.js *\\n'\n      code: 'ERR_ASSERTION'\n      name: 'AssertionError'\n      expected: |-\n        \n        *throw_error_with_getter_throw.js:*\n        throw {  * eslint-disable-line no-throw-literal\n        ^\n        [object Object]\n        (Use `node --trace-uncaught ...` to show where the exception was thrown)\n        \n        Node.js *\n        \n      actual: |-\n        \n        *throw_error_with_getter_throw.js:*\n        throw {  * eslint-disable-line no-throw-literal\n        ^\n        [object Object]\n        (Use `node.exe --trace-uncaught ...` to show where the exception was thrown)\n        \n        Node.js *\n        \n      operator: 'strictEqual'\n      stack: |-\n        assertSnapshot (C:\\workspace\\node-test-binary-windows-js-suites\\node\\test\\common\\assertSnapshot.js:56:12)\n        async Module.spawnAndAssert (C:\\workspace\\node-test-binary-windows-js-suites\\node\\test\\common\\assertSnapshot.js:84:3)\n        async TestContext.<anonymous> (file:///C:/workspace/node-test-binary-windows-js-suites/node/test/parallel/test-node-output-errors.mjs:79:7)\n        async Test.run (node:internal/test_runner/test:825:9)\n        async Suite.processPendingSubtests (node:internal/test_runner/test:533:7)\n      ...\n    # Subtest: errors/throw_in_line_with_tabs.js\n    ok 19 - errors/throw_in_line_with_tabs.js\n      ---\n      duration_ms: 164.6913\n      ...\n    # Subtest: errors/throw_non_error.js\n    ok 20 - errors/throw_non_error.js\n      ---\n      duration_ms: 160.1283\n      ...\n    # Subtest: errors/throw_null.js\n    not ok 21 - errors/throw_null.js\n      ---\n      duration_ms: 156.7784\n      location: 'C:\\\\workspace\\\\node-test-binary-windows-js-suites\\\\node\\\\test\\\\parallel\\\\test-node-output-errors.mjs:78:5'\n      failureType: 'testCodeFailure'\n      error: |-\n        Expected values to be strictly equal:\n        + actual - expected\n        \n          '\\n' +\n            '*throw_null.js:*\\n' +\n            'throw null;\\n' +\n            '^\\n' +\n            'null\\n' +\n        +   '(Use `node.exe --trace-uncaught ...` to show where the exception was thrown)\\n' +\n        -   '(Use `node --trace-uncaught ...` to show where the exception was thrown)\\n' +\n            '\\n' +\n            'Node.js *\\n'\n      code: 'ERR_ASSERTION'\n      name: 'AssertionError'\n      expected: |-\n        \n        *throw_null.js:*\n        throw null;\n        ^\n        null\n        (Use `node --trace-uncaught ...` to show where the exception was thrown)\n        \n        Node.js *\n        \n      actual: |-\n        \n        *throw_null.js:*\n        throw null;\n        ^\n        null\n        (Use `node.exe --trace-uncaught ...` to show where the exception was thrown)\n        \n        Node.js *\n        \n      operator: 'strictEqual'\n      stack: |-\n        assertSnapshot (C:\\workspace\\node-test-binary-windows-js-suites\\node\\test\\common\\assertSnapshot.js:56:12)\n        async Module.spawnAndAssert (C:\\workspace\\node-test-binary-windows-js-suites\\node\\test\\common\\assertSnapshot.js:84:3)\n        async TestContext.<anonymous> (file:///C:/workspace/node-test-binary-windows-js-suites/node/test/parallel/test-node-output-errors.mjs:79:7)\n        async Test.run (node:internal/test_runner/test:825:9)\n        async Suite.processPendingSubtests (node:internal/test_runner/test:533:7)\n      ...\n    # Subtest: errors/throw_undefined.js\n    not ok 22 - errors/throw_undefined.js\n      ---\n      duration_ms: 151.7689\n      location: 'C:\\\\workspace\\\\node-test-binary-windows-js-suites\\\\node\\\\test\\\\parallel\\\\test-node-output-errors.mjs:78:5'\n      failureType: 'testCodeFailure'\n      error: |-\n        Expected values to be strictly equal:\n        + actual - expected\n        \n          '\\n' +\n            '*throw_undefined.js:*\\n' +\n            'throw undefined;\\n' +\n            '^\\n' +\n            'undefined\\n' +\n        +   '(Use `node.exe --trace-uncaught ...` to show where the exception was thrown)\\n' +\n        -   '(Use `node --trace-uncaught ...` to show where the exception was thrown)\\n' +\n            '\\n' +\n            'Node.js *\\n'\n      code: 'ERR_ASSERTION'\n      name: 'AssertionError'\n      expected: |-\n        \n        *throw_undefined.js:*\n        throw undefined;\n        ^\n        undefined\n        (Use `node --trace-uncaught ...` to show where the exception was thrown)\n        \n        Node.js *\n        \n      actual: |-\n        \n        *throw_undefined.js:*\n        throw undefined;\n        ^\n        undefined\n        (Use `node.exe --trace-uncaught ...` to show where the exception was thrown)\n        \n        Node.js *\n        \n      operator: 'strictEqual'\n      stack: |-\n        assertSnapshot (C:\\workspace\\node-test-binary-windows-js-suites\\node\\test\\common\\assertSnapshot.js:56:12)\n        async Module.spawnAndAssert (C:\\workspace\\node-test-binary-windows-js-suites\\node\\test\\common\\assertSnapshot.js:84:3)\n        async TestContext.<anonymous> (file:///C:/workspace/node-test-binary-windows-js-suites/node/test/parallel/test-node-output-errors.mjs:79:7)\n        async Test.run (node:internal/test_runner/test:825:9)\n        async Suite.processPendingSubtests (node:internal/test_runner/test:533:7)\n      ...\n    # Subtest: errors/timeout_throw.js\n    ok 23 - errors/timeout_throw.js\n      ---\n      duration_ms: 159.092\n      ...\n    # Subtest: errors/undefined_reference_in_new_context.js\n    ok 24 - errors/undefined_reference_in_new_context.js\n      ---\n      duration_ms: 193.6289\n      ...\n    # Subtest: errors/promise_always_throw_unhandled.js\n    ok 25 - errors/promise_always_throw_unhandled.js\n      ---\n      duration_ms: 176.2074\n      ...\n    # Subtest: errors/promise_unhandled_warn_with_error.js\n    ok 26 - errors/promise_unhandled_warn_with_error.js\n      ---\n      duration_ms: 219.6624\n      ...\n    # Subtest: errors/unhandled_promise_trace_warnings.js\n    ok 27 - errors/unhandled_promise_trace_warnings.js\n      ---\n      duration_ms: 269.476\n      ...\n    # Subtest: errors/force_colors.js\n    ok 28 - errors/force_colors.js\n      ---\n      duration_ms: 126.8798\n      ...\n    1..28\nnot ok 1 - errors output\n  ---\n  duration_ms: 5073.0985\n  type: 'suite'\n  location: 'C:\\\\workspace\\\\node-test-binary-windows-js-suites\\\\node\\\\test\\\\parallel\\\\test-node-output-errors.mjs:23:1'\n  failureType: 'subtestsFailed'\n  error: '3 subtests failed'\n  code: 'ERR_TEST_FAILURE'\n  ...\n1..1\n# tests 28\n# suites 1\n# pass 25\n# fail 3\n# cancelled 0\n# skipped 0\n# todo 0\n# duration_ms 5092.3924"},"time":5532.037,"fullname":"parallel/test-node-output-errors","closingTestPoint":false}},{"testName":"parallel/test-node-output-errors","timestamp":1716244221359,"status":"FAILED","jobName":"node-test-binary-windows-js-suites","config":"node-test-binary-windows-js-suites Â» 3,win2016-COMPILED_BY-vs2022-x86 #27843","buildUrl":"https://ci.nodejs.org/job/node-test-binary-windows-js-suites/RUN_SUBSET=3,nodes=win2016-COMPILED_BY-vs2022-x86/27843/","buildNumber":27843,"builtOn":"test-azure_msft-win2016_vs2017-x64-2","nodeVersion":"23.0.0","commitHash":"a72c0c3e137a3886467b68866b0a9bc68589459e","callStack":[{"upstreamBuild":63110,"upstreamProject":"node-test-commit-windows-fanned","upstreamUrl":"job/node-test-commit-windows-fanned/"},{"upstreamBuild":70949,"upstreamProject":"node-test-commit","upstreamUrl":"job/node-test-commit/"},{"upstreamBuild":59324,"upstreamProject":"node-test-pull-request","upstreamUrl":"job/node-test-pull-request/"},{"prId":"53062"}],"tap":{"ok":false,"name":"parallel/test-node-output-errors","id":631,"buffered":false,"tapError":null,"skip":false,"todo":false,"previous":null,"plan":null,"diag":{"severity":"fail","exitcode":1,"stack":"TAP version 13\n# Subtest: errors output\n    # Subtest: errors/async_error_eval_cjs.js\n    ok 1 - errors/async_error_eval_cjs.js\n      ---\n      duration_ms: 219.7288\n      ...\n    # Subtest: errors/async_error_eval_esm.js\n    ok 2 - errors/async_error_eval_esm.js\n      ---\n      duration_ms: 175.0659\n      ...\n    # Subtest: errors/async_error_microtask_main.js\n    ok 3 - errors/async_error_microtask_main.js\n      ---\n      duration_ms: 101.91\n      ...\n    # Subtest: errors/async_error_nexttick_main.js\n    ok 4 - errors/async_error_nexttick_main.js\n      ---\n      duration_ms: 103.9424\n      ...\n    # Subtest: errors/async_error_sync_main.js\n    ok 5 - errors/async_error_sync_main.js\n      ---\n      duration_ms: 118.1573\n      ...\n    # Subtest: errors/core_line_numbers.js\n    ok 6 - errors/core_line_numbers.js\n      ---\n      duration_ms: 98.9395\n      ...\n    # Subtest: errors/async_error_sync_esm.mjs\n    ok 7 - errors/async_error_sync_esm.mjs\n      ---\n      duration_ms: 143.5287\n      ...\n    # Subtest: errors/test-no-extra-info-on-fatal-exception.js\n    ok 8 - errors/test-no-extra-info-on-fatal-exception.js\n      ---\n      duration_ms: 97.11\n      ...\n    # Subtest: errors/error_aggregateTwoErrors.js\n    ok 9 - errors/error_aggregateTwoErrors.js\n      ---\n      duration_ms: 101.299\n      ...\n    # Subtest: errors/error_exit.js\n    ok 10 - errors/error_exit.js\n      ---\n      duration_ms: 122.5864\n      ...\n    # Subtest: errors/error_with_nul.js\n    ok 11 - errors/error_with_nul.js\n      ---\n      duration_ms: 102.6937\n      ...\n    # Subtest: errors/events_unhandled_error_common_trace.js\n    ok 12 - errors/events_unhandled_error_common_trace.js\n      ---\n      duration_ms: 102.3402\n      ...\n    # Subtest: errors/events_unhandled_error_nexttick.js\n    ok 13 - errors/events_unhandled_error_nexttick.js\n      ---\n      duration_ms: 128.0599\n      ...\n    # Subtest: errors/events_unhandled_error_sameline.js\n    ok 14 - errors/events_unhandled_error_sameline.js\n      ---\n      duration_ms: 109.4584\n      ...\n    # Subtest: errors/events_unhandled_error_subclass.js\n    ok 15 - errors/events_unhandled_error_subclass.js\n      ---\n      duration_ms: 130.4357\n      ...\n    # Subtest: errors/if-error-has-good-stack.js\n    ok 16 - errors/if-error-has-good-stack.js\n      ---\n      duration_ms: 128.4408\n      ...\n    # Subtest: errors/throw_custom_error.js\n    ok 17 - errors/throw_custom_error.js\n      ---\n      duration_ms: 106.5846\n      ...\n    # Subtest: errors/throw_error_with_getter_throw.js\n    not ok 18 - errors/throw_error_with_getter_throw.js\n      ---\n      duration_ms: 114.9803\n      location: 'C:\\\\workspace\\\\node-test-binary-windows-js-suites\\\\node\\\\test\\\\parallel\\\\test-node-output-errors.mjs:78:5'\n      failureType: 'testCodeFailure'\n      error: |-\n        Expected values to be strictly equal:\n        + actual - expected\n        \n          '\\n' +\n            '*throw_error_with_getter_throw.js:*\\n' +\n            'throw {  * eslint-disable-line no-throw-literal\\n' +\n            '^\\n' +\n            '[object Object]\\n' +\n        +   '(Use `node.exe --trace-uncaught ...` to show where the exception was thrown)\\n' +\n        -   '(Use `node --trace-uncaught ...` to show where the exception was thrown)\\n' +\n            '\\n' +\n            'Node.js *\\n'\n      code: 'ERR_ASSERTION'\n      name: 'AssertionError'\n      expected: |-\n        \n        *throw_error_with_getter_throw.js:*\n        throw {  * eslint-disable-line no-throw-literal\n        ^\n        [object Object]\n        (Use `node --trace-uncaught ...` to show where the exception was thrown)\n        \n        Node.js *\n        \n      actual: |-\n        \n        *throw_error_with_getter_throw.js:*\n        throw {  * eslint-disable-line no-throw-literal\n        ^\n        [object Object]\n        (Use `node.exe --trace-uncaught ...` to show where the exception was thrown)\n        \n        Node.js *\n        \n      operator: 'strictEqual'\n      stack: |-\n        assertSnapshot (C:\\workspace\\node-test-binary-windows-js-suites\\node\\test\\common\\assertSnapshot.js:56:12)\n        async Module.spawnAndAssert (C:\\workspace\\node-test-binary-windows-js-suites\\node\\test\\common\\assertSnapshot.js:84:3)\n        async TestContext.<anonymous> (file:///C:/workspace/node-test-binary-windows-js-suites/node/test/parallel/test-node-output-errors.mjs:79:7)\n        async Test.run (node:internal/test_runner/test:825:9)\n        async Suite.processPendingSubtests (node:internal/test_runner/test:533:7)\n      ...\n    # Subtest: errors/throw_in_line_with_tabs.js\n    ok 19 - errors/throw_in_line_with_tabs.js\n      ---\n      duration_ms: 112.1957\n      ...\n    # Subtest: errors/throw_non_error.js\n    ok 20 - errors/throw_non_error.js\n      ---\n      duration_ms: 98.2047\n      ...\n    # Subtest: errors/throw_null.js\n    not ok 21 - errors/throw_null.js\n      ---\n      duration_ms: 103.1647\n      location: 'C:\\\\workspace\\\\node-test-binary-windows-js-suites\\\\node\\\\test\\\\parallel\\\\test-node-output-errors.mjs:78:5'\n      failureType: 'testCodeFailure'\n      error: |-\n        Expected values to be strictly equal:\n        + actual - expected\n        \n          '\\n' +\n            '*throw_null.js:*\\n' +\n            'throw null;\\n' +\n            '^\\n' +\n            'null\\n' +\n        +   '(Use `node.exe --trace-uncaught ...` to show where the exception was thrown)\\n' +\n        -   '(Use `node --trace-uncaught ...` to show where the exception was thrown)\\n' +\n            '\\n' +\n            'Node.js *\\n'\n      code: 'ERR_ASSERTION'\n      name: 'AssertionError'\n      expected: |-\n        \n        *throw_null.js:*\n        throw null;\n        ^\n        null\n        (Use `node --trace-uncaught ...` to show where the exception was thrown)\n        \n        Node.js *\n        \n      actual: |-\n        \n        *throw_null.js:*\n        throw null;\n        ^\n        null\n        (Use `node.exe --trace-uncaught ...` to show where the exception was thrown)\n        \n        Node.js *\n        \n      operator: 'strictEqual'\n      stack: |-\n        assertSnapshot (C:\\workspace\\node-test-binary-windows-js-suites\\node\\test\\common\\assertSnapshot.js:56:12)\n        async Module.spawnAndAssert (C:\\workspace\\node-test-binary-windows-js-suites\\node\\test\\common\\assertSnapshot.js:84:3)\n        async TestContext.<anonymous> (file:///C:/workspace/node-test-binary-windows-js-suites/node/test/parallel/test-node-output-errors.mjs:79:7)\n        async Test.run (node:internal/test_runner/test:825:9)\n        async Suite.processPendingSubtests (node:internal/test_runner/test:533:7)\n      ...\n    # Subtest: errors/throw_undefined.js\n    not ok 22 - errors/throw_undefined.js\n      ---\n      duration_ms: 108.187\n      location: 'C:\\\\workspace\\\\node-test-binary-windows-js-suites\\\\node\\\\test\\\\parallel\\\\test-node-output-errors.mjs:78:5'\n      failureType: 'testCodeFailure'\n      error: |-\n        Expected values to be strictly equal:\n        + actual - expected\n        \n          '\\n' +\n            '*throw_undefined.js:*\\n' +\n            'throw undefined;\\n' +\n            '^\\n' +\n            'undefined\\n' +\n        +   '(Use `node.exe --trace-uncaught ...` to show where the exception was thrown)\\n' +\n        -   '(Use `node --trace-uncaught ...` to show where the exception was thrown)\\n' +\n            '\\n' +\n            'Node.js *\\n'\n      code: 'ERR_ASSERTION'\n      name: 'AssertionError'\n      expected: |-\n        \n        *throw_undefined.js:*\n        throw undefined;\n        ^\n        undefined\n        (Use `node --trace-uncaught ...` to show where the exception was thrown)\n        \n        Node.js *\n        \n      actual: |-\n        \n        *throw_undefined.js:*\n        throw undefined;\n        ^\n        undefined\n        (Use `node.exe --trace-uncaught ...` to show where the exception was thrown)\n        \n        Node.js *\n        \n      operator: 'strictEqual'\n      stack: |-\n        assertSnapshot (C:\\workspace\\node-test-binary-windows-js-suites\\node\\test\\common\\assertSnapshot.js:56:12)\n        async Module.spawnAndAssert (C:\\workspace\\node-test-binary-windows-js-suites\\node\\test\\common\\assertSnapshot.js:84:3)\n        async TestContext.<anonymous> (file:///C:/workspace/node-test-binary-windows-js-suites/node/test/parallel/test-node-output-errors.mjs:79:7)\n        async Test.run (node:internal/test_runner/test:825:9)\n        async Suite.processPendingSubtests (node:internal/test_runner/test:533:7)\n      ...\n    # Subtest: errors/timeout_throw.js\n    ok 23 - errors/timeout_throw.js\n      ---\n      duration_ms: 113.8512\n      ...\n    # Subtest: errors/undefined_reference_in_new_context.js\n    ok 24 - errors/undefined_reference_in_new_context.js\n      ---\n      duration_ms: 113.2059\n      ...\n    # Subtest: errors/promise_always_throw_unhandled.js\n    ok 25 - errors/promise_always_throw_unhandled.js\n      ---\n      duration_ms: 109.5964\n      ...\n    # Subtest: errors/promise_unhandled_warn_with_error.js\n    ok 26 - errors/promise_unhandled_warn_with_error.js\n      ---\n      duration_ms: 98.015\n      ...\n    # Subtest: errors/unhandled_promise_trace_warnings.js\n    ok 27 - errors/unhandled_promise_trace_warnings.js\n      ---\n      duration_ms: 122.3696\n      ...\n    # Subtest: errors/force_colors.js\n    ok 28 - errors/force_colors.js\n      ---\n      duration_ms: 75.3577\n      ...\n    1..28\nnot ok 1 - errors output\n  ---\n  duration_ms: 3264.0342\n  type: 'suite'\n  location: 'C:\\\\workspace\\\\node-test-binary-windows-js-suites\\\\node\\\\test\\\\parallel\\\\test-node-output-errors.mjs:23:1'\n  failureType: 'subtestsFailed'\n  error: '3 subtests failed'\n  code: 'ERR_TEST_FAILURE'\n  ...\n1..1\n# tests 28\n# suites 1\n# pass 25\n# fail 3\n# cancelled 0\n# skipped 0\n# todo 0\n# duration_ms 3286.7997"},"time":3626.038,"fullname":"parallel/test-node-output-errors","closingTestPoint":false}}]}