{"failedTests":[{"testName":"message/node_run_non_existent","timestamp":1716929849178,"status":"REGRESSION","jobName":"node-test-binary-windows-js-suites","config":"node-test-binary-windows-js-suites » 1,win11-COMPILED_BY-vs2022 #27945","buildUrl":"https://ci.nodejs.org/job/node-test-binary-windows-js-suites/RUN_SUBSET=1,nodes=win11-COMPILED_BY-vs2022/27945/","buildNumber":27945,"builtOn":"test-azure_msft-win11_vs2022-x64-4","nodeVersion":"23.0.0","commitHash":"57bf7886a316369bd0e8716528ea4c2dc3628e1c","callStack":[{"upstreamBuild":63296,"upstreamProject":"node-test-commit-windows-fanned","upstreamUrl":"job/node-test-commit-windows-fanned/"},{"upstreamBuild":71147,"upstreamProject":"node-test-commit","upstreamUrl":"job/node-test-commit/"},{"upstreamBuild":59495,"upstreamProject":"node-test-pull-request","upstreamUrl":"job/node-test-pull-request/"},{"prId":"53154"}],"tap":{"ok":false,"name":"message/node_run_non_existent","id":66,"buffered":false,"tapError":null,"skip":false,"todo":false,"previous":null,"plan":null,"diag":{"severity":"fail","stack":"Can't read package.json"},"time":185,"fullname":"message/node_run_non_existent","closingTestPoint":false}},{"testName":"message/node_run_non_existent","timestamp":1716929849178,"status":"REGRESSION","jobName":"node-test-binary-windows-js-suites","config":"node-test-binary-windows-js-suites » 1,win2016-COMPILED_BY-vs2022-x86 #27945","buildUrl":"https://ci.nodejs.org/job/node-test-binary-windows-js-suites/RUN_SUBSET=1,nodes=win2016-COMPILED_BY-vs2022-x86/27945/","buildNumber":27945,"builtOn":"test-rackspace-win2016_vs2015-x64-1","nodeVersion":"23.0.0","commitHash":"57bf7886a316369bd0e8716528ea4c2dc3628e1c","callStack":[{"upstreamBuild":63296,"upstreamProject":"node-test-commit-windows-fanned","upstreamUrl":"job/node-test-commit-windows-fanned/"},{"upstreamBuild":71147,"upstreamProject":"node-test-commit","upstreamUrl":"job/node-test-commit/"},{"upstreamBuild":59495,"upstreamProject":"node-test-pull-request","upstreamUrl":"job/node-test-pull-request/"},{"prId":"53154"}],"tap":{"ok":false,"name":"message/node_run_non_existent","id":66,"buffered":false,"tapError":null,"skip":false,"todo":false,"previous":null,"plan":null,"diag":{"severity":"fail","stack":"Can't read package.json"},"time":369.971,"fullname":"message/node_run_non_existent","closingTestPoint":false}},{"testName":"parallel/test-node-run","timestamp":1716929849178,"status":"FAILED","jobName":"node-test-binary-windows-js-suites","config":"node-test-binary-windows-js-suites » 0,win10-COMPILED_BY-vs2022 #27945","buildUrl":"https://ci.nodejs.org/job/node-test-binary-windows-js-suites/RUN_SUBSET=0,nodes=win10-COMPILED_BY-vs2022/27945/","buildNumber":27945,"builtOn":"test-azure_msft-win10_vs2019-x64-1","nodeVersion":"23.0.0","commitHash":"57bf7886a316369bd0e8716528ea4c2dc3628e1c","callStack":[{"upstreamBuild":63296,"upstreamProject":"node-test-commit-windows-fanned","upstreamUrl":"job/node-test-commit-windows-fanned/"},{"upstreamBuild":71147,"upstreamProject":"node-test-commit","upstreamUrl":"job/node-test-commit/"},{"upstreamBuild":59495,"upstreamProject":"node-test-pull-request","upstreamUrl":"job/node-test-pull-request/"},{"prId":"53154"}],"tap":{"ok":false,"name":"parallel/test-node-run","id":589,"buffered":false,"tapError":null,"skip":false,"todo":false,"previous":null,"plan":null,"diag":{"severity":"fail","exitcode":1,"stack":"TAP version 13\n# Subtest: node run [command]\n    # Subtest: should emit experimental warning\n    ok 1 - should emit experimental warning\n      ---\n      duration_ms: 48.3148\n      ...\n    # Subtest: returns error on non-existent file\n    ok 2 - returns error on non-existent file\n      ---\n      duration_ms: 58.6384\n      ...\n    # Subtest: runs a valid command\n    not ok 3 - runs a valid command\n      ---\n      duration_ms: 60.4481\n      location: 'c:\\\\workspace\\\\node-test-binary-windows-js-suites\\\\node\\\\test\\\\parallel\\\\test-node-run.js:35:3'\n      failureType: 'testCodeFailure'\n      error: |-\n        The input did not match the regular expression /Error: no test specified/. Input:\n        \n        ''\n        \n      code: 'ERR_ASSERTION'\n      name: 'AssertionError'\n      expected:\n      actual: ''\n      operator: 'match'\n      stack: |-\n        TestContext.<anonymous> (c:\\workspace\\node-test-binary-windows-js-suites\\node\\test\\parallel\\test-node-run.js:42:12)\n        process.processTicksAndRejections (node:internal/process/task_queues:95:5)\n        async Test.run (node:internal/test_runner/test:842:9)\n        async Suite.processPendingSubtests (node:internal/test_runner/test:550:7)\n      ...\n    # Subtest: adds node_modules/.bin to path\n    not ok 4 - adds node_modules/.bin to path\n      ---\n      duration_ms: 44.9326\n      location: 'c:\\\\workspace\\\\node-test-binary-windows-js-suites\\\\node\\\\test\\\\parallel\\\\test-node-run.js:46:3'\n      failureType: 'testCodeFailure'\n      error: |-\n        The input did not match the regular expression /06062023/. Input:\n        \n        ''\n        \n      code: 'ERR_ASSERTION'\n      name: 'AssertionError'\n      expected:\n      actual: ''\n      operator: 'match'\n      stack: |-\n        TestContext.<anonymous> (c:\\workspace\\node-test-binary-windows-js-suites\\node\\test\\parallel\\test-node-run.js:52:12)\n        process.processTicksAndRejections (node:internal/process/task_queues:95:5)\n        async Test.run (node:internal/test_runner/test:842:9)\n        async Suite.processPendingSubtests (node:internal/test_runner/test:550:7)\n      ...\n    # Subtest: appends positional arguments\n    not ok 5 - appends positional arguments\n      ---\n      duration_ms: 47.5115\n      location: 'c:\\\\workspace\\\\node-test-binary-windows-js-suites\\\\node\\\\test\\\\parallel\\\\test-node-run.js:57:3'\n      failureType: 'testCodeFailure'\n      error: |-\n        The input did not match the regular expression /Arguments: '--help \"\"hello world test\"\" A B C'/. Input:\n        \n        ''\n        \n      code: 'ERR_ASSERTION'\n      name: 'AssertionError'\n      expected:\n      actual: ''\n      operator: 'match'\n      stack: |-\n        TestContext.<anonymous> (c:\\workspace\\node-test-binary-windows-js-suites\\node\\test\\parallel\\test-node-run.js:64:14)\n        process.processTicksAndRejections (node:internal/process/task_queues:95:5)\n        async Test.run (node:internal/test_runner/test:842:9)\n        async Suite.processPendingSubtests (node:internal/test_runner/test:550:7)\n      ...\n    # Subtest: should set PATH environment variable with paths appended with node_modules/.bin\n    not ok 6 - should set PATH environment variable with paths appended with node_modules/.bin\n      ---\n      duration_ms: 56.4786\n      location: 'c:\\\\workspace\\\\node-test-binary-windows-js-suites\\\\node\\\\test\\\\parallel\\\\test-node-run.js:73:3'\n      failureType: 'testCodeFailure'\n      error: |-\n        The expression evaluated to a falsy value:\n        \n          assert.ok(child.stdout.includes(fixtures.path('run-script/node_modules/.bin')))\n        \n      code: 'ERR_ASSERTION'\n      name: 'AssertionError'\n      expected: true\n      actual: false\n      operator: '=='\n      stack: |-\n        TestContext.<anonymous> (c:\\workspace\\node-test-binary-windows-js-suites\\node\\test\\parallel\\test-node-run.js:79:12)\n        process.processTicksAndRejections (node:internal/process/task_queues:95:5)\n        async Test.run (node:internal/test_runner/test:842:9)\n        async Suite.processPendingSubtests (node:internal/test_runner/test:550:7)\n      ...\n    # Subtest: should set special environment variables\n    not ok 7 - should set special environment variables\n      ---\n      duration_ms: 53.0463\n      location: 'c:\\\\workspace\\\\node-test-binary-windows-js-suites\\\\node\\\\test\\\\parallel\\\\test-node-run.js:92:3'\n      failureType: 'testCodeFailure'\n      error: |-\n        The expression evaluated to a falsy value:\n        \n          assert.ok(child.stdout.includes(scriptName))\n        \n      code: 'ERR_ASSERTION'\n      name: 'AssertionError'\n      expected: true\n      actual: false\n      operator: '=='\n      stack: |-\n        TestContext.<anonymous> (c:\\workspace\\node-test-binary-windows-js-suites\\node\\test\\parallel\\test-node-run.js:100:12)\n        process.processTicksAndRejections (node:internal/process/task_queues:95:5)\n        async Test.run (node:internal/test_runner/test:842:9)\n        async Suite.processPendingSubtests (node:internal/test_runner/test:550:7)\n      ...\n    # Subtest: will search subdirectories for a package.json file\n    not ok 8 - will search subdirectories for a package.json file\n      ---\n      duration_ms: 37.5714\n      location: 'c:\\\\workspace\\\\node-test-binary-windows-js-suites\\\\node\\\\test\\\\parallel\\\\test-node-run.js:106:3'\n      failureType: 'testCodeFailure'\n      error: |-\n        The expression evaluated to a falsy value:\n        \n          assert.ok(child.stdout.includes(packageJsonPath))\n        \n      code: 'ERR_ASSERTION'\n      name: 'AssertionError'\n      expected: true\n      actual: false\n      operator: '=='\n      stack: |-\n        TestContext.<anonymous> (c:\\workspace\\node-test-binary-windows-js-suites\\node\\test\\parallel\\test-node-run.js:113:12)\n        process.processTicksAndRejections (node:internal/process/task_queues:95:5)\n        async Test.run (node:internal/test_runner/test:842:9)\n        async Suite.processPendingSubtests (node:internal/test_runner/test:550:7)\n      ...\n    1..8\nnot ok 1 - node run [command]\n  ---\n  duration_ms: 410.665\n  type: 'suite'\n  location: 'c:\\\\workspace\\\\node-test-binary-windows-js-suites\\\\node\\\\test\\\\parallel\\\\test-node-run.js:11:1'\n  failureType: 'subtestsFailed'\n  error: '6 subtests failed'\n  code: 'ERR_TEST_FAILURE'\n  ...\n1..1\n# tests 8\n# suites 1\n# pass 2\n# fail 6\n# cancelled 0\n# skipped 0\n# todo 0\n# duration_ms 431.4535"},"time":742.004,"fullname":"parallel/test-node-run","closingTestPoint":false}},{"testName":"parallel/test-node-run","timestamp":1716929849178,"status":"FAILED","jobName":"node-test-binary-windows-js-suites","config":"node-test-binary-windows-js-suites » 0,win2022-COMPILED_BY-vs2022 #27945","buildUrl":"https://ci.nodejs.org/job/node-test-binary-windows-js-suites/RUN_SUBSET=0,nodes=win2022-COMPILED_BY-vs2022/27945/","buildNumber":27945,"builtOn":"test-rackspace-win2022_vs2022-x64-1","nodeVersion":"23.0.0","commitHash":"57bf7886a316369bd0e8716528ea4c2dc3628e1c","callStack":[{"upstreamBuild":63296,"upstreamProject":"node-test-commit-windows-fanned","upstreamUrl":"job/node-test-commit-windows-fanned/"},{"upstreamBuild":71147,"upstreamProject":"node-test-commit","upstreamUrl":"job/node-test-commit/"},{"upstreamBuild":59495,"upstreamProject":"node-test-pull-request","upstreamUrl":"job/node-test-pull-request/"},{"prId":"53154"}],"tap":{"ok":false,"name":"parallel/test-node-run","id":594,"buffered":false,"tapError":null,"skip":false,"todo":false,"previous":null,"plan":null,"diag":{"severity":"fail","exitcode":1,"stack":"TAP version 13\n# Subtest: node run [command]\n    # Subtest: should emit experimental warning\n    ok 1 - should emit experimental warning\n      ---\n      duration_ms: 100.269\n      ...\n    # Subtest: returns error on non-existent file\n    ok 2 - returns error on non-existent file\n      ---\n      duration_ms: 94.5793\n      ...\n    # Subtest: runs a valid command\n    not ok 3 - runs a valid command\n      ---\n      duration_ms: 55.7514\n      location: 'C:\\\\workspace\\\\node-test-binary-windows-js-suites\\\\node\\\\test\\\\parallel\\\\test-node-run.js:35:3'\n      failureType: 'testCodeFailure'\n      error: |-\n        The input did not match the regular expression /Error: no test specified/. Input:\n        \n        ''\n        \n      code: 'ERR_ASSERTION'\n      name: 'AssertionError'\n      expected:\n      actual: ''\n      operator: 'match'\n      stack: |-\n        TestContext.<anonymous> (C:\\workspace\\node-test-binary-windows-js-suites\\node\\test\\parallel\\test-node-run.js:42:12)\n        process.processTicksAndRejections (node:internal/process/task_queues:95:5)\n        async Test.run (node:internal/test_runner/test:842:9)\n        async Suite.processPendingSubtests (node:internal/test_runner/test:550:7)\n      ...\n    # Subtest: adds node_modules/.bin to path\n    not ok 4 - adds node_modules/.bin to path\n      ---\n      duration_ms: 42.999\n      location: 'C:\\\\workspace\\\\node-test-binary-windows-js-suites\\\\node\\\\test\\\\parallel\\\\test-node-run.js:46:3'\n      failureType: 'testCodeFailure'\n      error: |-\n        The input did not match the regular expression /06062023/. Input:\n        \n        ''\n        \n      code: 'ERR_ASSERTION'\n      name: 'AssertionError'\n      expected:\n      actual: ''\n      operator: 'match'\n      stack: |-\n        TestContext.<anonymous> (C:\\workspace\\node-test-binary-windows-js-suites\\node\\test\\parallel\\test-node-run.js:52:12)\n        process.processTicksAndRejections (node:internal/process/task_queues:95:5)\n        async Test.run (node:internal/test_runner/test:842:9)\n        async Suite.processPendingSubtests (node:internal/test_runner/test:550:7)\n      ...\n    # Subtest: appends positional arguments\n    not ok 5 - appends positional arguments\n      ---\n      duration_ms: 42.5933\n      location: 'C:\\\\workspace\\\\node-test-binary-windows-js-suites\\\\node\\\\test\\\\parallel\\\\test-node-run.js:57:3'\n      failureType: 'testCodeFailure'\n      error: |-\n        The input did not match the regular expression /Arguments: '--help \"\"hello world test\"\" A B C'/. Input:\n        \n        ''\n        \n      code: 'ERR_ASSERTION'\n      name: 'AssertionError'\n      expected:\n      actual: ''\n      operator: 'match'\n      stack: |-\n        TestContext.<anonymous> (C:\\workspace\\node-test-binary-windows-js-suites\\node\\test\\parallel\\test-node-run.js:64:14)\n        process.processTicksAndRejections (node:internal/process/task_queues:95:5)\n        async Test.run (node:internal/test_runner/test:842:9)\n        async Suite.processPendingSubtests (node:internal/test_runner/test:550:7)\n      ...\n    # Subtest: should set PATH environment variable with paths appended with node_modules/.bin\n    not ok 6 - should set PATH environment variable with paths appended with node_modules/.bin\n      ---\n      duration_ms: 60.421\n      location: 'C:\\\\workspace\\\\node-test-binary-windows-js-suites\\\\node\\\\test\\\\parallel\\\\test-node-run.js:73:3'\n      failureType: 'testCodeFailure'\n      error: |-\n        The expression evaluated to a falsy value:\n        \n          assert.ok(child.stdout.includes(fixtures.path('run-script/node_modules/.bin')))\n        \n      code: 'ERR_ASSERTION'\n      name: 'AssertionError'\n      expected: true\n      actual: false\n      operator: '=='\n      stack: |-\n        TestContext.<anonymous> (C:\\workspace\\node-test-binary-windows-js-suites\\node\\test\\parallel\\test-node-run.js:79:12)\n        process.processTicksAndRejections (node:internal/process/task_queues:95:5)\n        async Test.run (node:internal/test_runner/test:842:9)\n        async Suite.processPendingSubtests (node:internal/test_runner/test:550:7)\n      ...\n    # Subtest: should set special environment variables\n    not ok 7 - should set special environment variables\n      ---\n      duration_ms: 49.2451\n      location: 'C:\\\\workspace\\\\node-test-binary-windows-js-suites\\\\node\\\\test\\\\parallel\\\\test-node-run.js:92:3'\n      failureType: 'testCodeFailure'\n      error: |-\n        The expression evaluated to a falsy value:\n        \n          assert.ok(child.stdout.includes(scriptName))\n        \n      code: 'ERR_ASSERTION'\n      name: 'AssertionError'\n      expected: true\n      actual: false\n      operator: '=='\n      stack: |-\n        TestContext.<anonymous> (C:\\workspace\\node-test-binary-windows-js-suites\\node\\test\\parallel\\test-node-run.js:100:12)\n        process.processTicksAndRejections (node:internal/process/task_queues:95:5)\n        async Test.run (node:internal/test_runner/test:842:9)\n        async Suite.processPendingSubtests (node:internal/test_runner/test:550:7)\n      ...\n    # Subtest: will search subdirectories for a package.json file\n    not ok 8 - will search subdirectories for a package.json file\n      ---\n      duration_ms: 46.9352\n      location: 'C:\\\\workspace\\\\node-test-binary-windows-js-suites\\\\node\\\\test\\\\parallel\\\\test-node-run.js:106:3'\n      failureType: 'testCodeFailure'\n      error: |-\n        The expression evaluated to a falsy value:\n        \n          assert.ok(child.stdout.includes(packageJsonPath))\n        \n      code: 'ERR_ASSERTION'\n      name: 'AssertionError'\n      expected: true\n      actual: false\n      operator: '=='\n      stack: |-\n        TestContext.<anonymous> (C:\\workspace\\node-test-binary-windows-js-suites\\node\\test\\parallel\\test-node-run.js:113:12)\n        process.processTicksAndRejections (node:internal/process/task_queues:95:5)\n        async Test.run (node:internal/test_runner/test:842:9)\n        async Suite.processPendingSubtests (node:internal/test_runner/test:550:7)\n      ...\n    1..8\nnot ok 1 - node run [command]\n  ---\n  duration_ms: 498.0956\n  type: 'suite'\n  location: 'C:\\\\workspace\\\\node-test-binary-windows-js-suites\\\\node\\\\test\\\\parallel\\\\test-node-run.js:11:1'\n  failureType: 'subtestsFailed'\n  error: '6 subtests failed'\n  code: 'ERR_TEST_FAILURE'\n  ...\n1..1\n# tests 8\n# suites 1\n# pass 2\n# fail 6\n# cancelled 0\n# skipped 0\n# todo 0\n# duration_ms 524.5482"},"time":943.052,"fullname":"parallel/test-node-run","closingTestPoint":false}},{"testName":"message/node_run_non_existent","timestamp":1716929849178,"status":"REGRESSION","jobName":"node-test-binary-windows-js-suites","config":"node-test-binary-windows-js-suites » 1,win10-COMPILED_BY-vs2022 #27945","buildUrl":"https://ci.nodejs.org/job/node-test-binary-windows-js-suites/RUN_SUBSET=1,nodes=win10-COMPILED_BY-vs2022/27945/","buildNumber":27945,"builtOn":"test-azure_msft-win10_vs2019-x64-3","nodeVersion":"23.0.0","commitHash":"57bf7886a316369bd0e8716528ea4c2dc3628e1c","callStack":[{"upstreamBuild":63296,"upstreamProject":"node-test-commit-windows-fanned","upstreamUrl":"job/node-test-commit-windows-fanned/"},{"upstreamBuild":71147,"upstreamProject":"node-test-commit","upstreamUrl":"job/node-test-commit/"},{"upstreamBuild":59495,"upstreamProject":"node-test-pull-request","upstreamUrl":"job/node-test-pull-request/"},{"prId":"53154"}],"tap":{"ok":false,"name":"message/node_run_non_existent","id":66,"buffered":false,"tapError":null,"skip":false,"todo":false,"previous":null,"plan":null,"diag":{"severity":"fail","stack":"Can't read package.json"},"time":182.012,"fullname":"message/node_run_non_existent","closingTestPoint":false}},{"testName":"parallel/test-node-run","timestamp":1716929849178,"status":"FAILED","jobName":"node-test-binary-windows-js-suites","config":"node-test-binary-windows-js-suites » 0,win11-COMPILED_BY-vs2022 #27945","buildUrl":"https://ci.nodejs.org/job/node-test-binary-windows-js-suites/RUN_SUBSET=0,nodes=win11-COMPILED_BY-vs2022/27945/","buildNumber":27945,"builtOn":"test-azure_msft-win11_vs2022-x64-1","nodeVersion":"23.0.0","commitHash":"57bf7886a316369bd0e8716528ea4c2dc3628e1c","callStack":[{"upstreamBuild":63296,"upstreamProject":"node-test-commit-windows-fanned","upstreamUrl":"job/node-test-commit-windows-fanned/"},{"upstreamBuild":71147,"upstreamProject":"node-test-commit","upstreamUrl":"job/node-test-commit/"},{"upstreamBuild":59495,"upstreamProject":"node-test-pull-request","upstreamUrl":"job/node-test-pull-request/"},{"prId":"53154"}],"tap":{"ok":false,"name":"parallel/test-node-run","id":588,"buffered":false,"tapError":null,"skip":false,"todo":false,"previous":null,"plan":null,"diag":{"severity":"fail","exitcode":1,"stack":"TAP version 13\n# Subtest: node run [command]\n    # Subtest: should emit experimental warning\n    ok 1 - should emit experimental warning\n      ---\n      duration_ms: 57.9971\n      ...\n    # Subtest: returns error on non-existent file\n    ok 2 - returns error on non-existent file\n      ---\n      duration_ms: 84.1321\n      ...\n    # Subtest: runs a valid command\n    not ok 3 - runs a valid command\n      ---\n      duration_ms: 61.1796\n      location: 'c:\\\\workspace\\\\node-test-binary-windows-js-suites\\\\node\\\\test\\\\parallel\\\\test-node-run.js:35:3'\n      failureType: 'testCodeFailure'\n      error: |-\n        The input did not match the regular expression /Error: no test specified/. Input:\n        \n        ''\n        \n      code: 'ERR_ASSERTION'\n      name: 'AssertionError'\n      expected:\n      actual: ''\n      operator: 'match'\n      stack: |-\n        TestContext.<anonymous> (c:\\workspace\\node-test-binary-windows-js-suites\\node\\test\\parallel\\test-node-run.js:42:12)\n        process.processTicksAndRejections (node:internal/process/task_queues:95:5)\n        async Test.run (node:internal/test_runner/test:842:9)\n        async Suite.processPendingSubtests (node:internal/test_runner/test:550:7)\n      ...\n    # Subtest: adds node_modules/.bin to path\n    not ok 4 - adds node_modules/.bin to path\n      ---\n      duration_ms: 53.6011\n      location: 'c:\\\\workspace\\\\node-test-binary-windows-js-suites\\\\node\\\\test\\\\parallel\\\\test-node-run.js:46:3'\n      failureType: 'testCodeFailure'\n      error: |-\n        The input did not match the regular expression /06062023/. Input:\n        \n        ''\n        \n      code: 'ERR_ASSERTION'\n      name: 'AssertionError'\n      expected:\n      actual: ''\n      operator: 'match'\n      stack: |-\n        TestContext.<anonymous> (c:\\workspace\\node-test-binary-windows-js-suites\\node\\test\\parallel\\test-node-run.js:52:12)\n        process.processTicksAndRejections (node:internal/process/task_queues:95:5)\n        async Test.run (node:internal/test_runner/test:842:9)\n        async Suite.processPendingSubtests (node:internal/test_runner/test:550:7)\n      ...\n    # Subtest: appends positional arguments\n    not ok 5 - appends positional arguments\n      ---\n      duration_ms: 42.7477\n      location: 'c:\\\\workspace\\\\node-test-binary-windows-js-suites\\\\node\\\\test\\\\parallel\\\\test-node-run.js:57:3'\n      failureType: 'testCodeFailure'\n      error: |-\n        The input did not match the regular expression /Arguments: '--help \"\"hello world test\"\" A B C'/. Input:\n        \n        ''\n        \n      code: 'ERR_ASSERTION'\n      name: 'AssertionError'\n      expected:\n      actual: ''\n      operator: 'match'\n      stack: |-\n        TestContext.<anonymous> (c:\\workspace\\node-test-binary-windows-js-suites\\node\\test\\parallel\\test-node-run.js:64:14)\n        process.processTicksAndRejections (node:internal/process/task_queues:95:5)\n        async Test.run (node:internal/test_runner/test:842:9)\n        async Suite.processPendingSubtests (node:internal/test_runner/test:550:7)\n      ...\n    # Subtest: should set PATH environment variable with paths appended with node_modules/.bin\n    not ok 6 - should set PATH environment variable with paths appended with node_modules/.bin\n      ---\n      duration_ms: 62.5797\n      location: 'c:\\\\workspace\\\\node-test-binary-windows-js-suites\\\\node\\\\test\\\\parallel\\\\test-node-run.js:73:3'\n      failureType: 'testCodeFailure'\n      error: |-\n        The expression evaluated to a falsy value:\n        \n          assert.ok(child.stdout.includes(fixtures.path('run-script/node_modules/.bin')))\n        \n      code: 'ERR_ASSERTION'\n      name: 'AssertionError'\n      expected: true\n      actual: false\n      operator: '=='\n      stack: |-\n        TestContext.<anonymous> (c:\\workspace\\node-test-binary-windows-js-suites\\node\\test\\parallel\\test-node-run.js:79:12)\n        process.processTicksAndRejections (node:internal/process/task_queues:95:5)\n        async Test.run (node:internal/test_runner/test:842:9)\n        async Suite.processPendingSubtests (node:internal/test_runner/test:550:7)\n      ...\n    # Subtest: should set special environment variables\n    not ok 7 - should set special environment variables\n      ---\n      duration_ms: 46.2419\n      location: 'c:\\\\workspace\\\\node-test-binary-windows-js-suites\\\\node\\\\test\\\\parallel\\\\test-node-run.js:92:3'\n      failureType: 'testCodeFailure'\n      error: |-\n        The expression evaluated to a falsy value:\n        \n          assert.ok(child.stdout.includes(scriptName))\n        \n      code: 'ERR_ASSERTION'\n      name: 'AssertionError'\n      expected: true\n      actual: false\n      operator: '=='\n      stack: |-\n        TestContext.<anonymous> (c:\\workspace\\node-test-binary-windows-js-suites\\node\\test\\parallel\\test-node-run.js:100:12)\n        process.processTicksAndRejections (node:internal/process/task_queues:95:5)\n        async Test.run (node:internal/test_runner/test:842:9)\n        async Suite.processPendingSubtests (node:internal/test_runner/test:550:7)\n      ...\n    # Subtest: will search subdirectories for a package.json file\n    not ok 8 - will search subdirectories for a package.json file\n      ---\n      duration_ms: 37.5712\n      location: 'c:\\\\workspace\\\\node-test-binary-windows-js-suites\\\\node\\\\test\\\\parallel\\\\test-node-run.js:106:3'\n      failureType: 'testCodeFailure'\n      error: |-\n        The expression evaluated to a falsy value:\n        \n          assert.ok(child.stdout.includes(packageJsonPath))\n        \n      code: 'ERR_ASSERTION'\n      name: 'AssertionError'\n      expected: true\n      actual: false\n      operator: '=='\n      stack: |-\n        TestContext.<anonymous> (c:\\workspace\\node-test-binary-windows-js-suites\\node\\test\\parallel\\test-node-run.js:113:12)\n        process.processTicksAndRejections (node:internal/process/task_queues:95:5)\n        async Test.run (node:internal/test_runner/test:842:9)\n        async Suite.processPendingSubtests (node:internal/test_runner/test:550:7)\n      ...\n    1..8\nnot ok 1 - node run [command]\n  ---\n  duration_ms: 449.6527\n  type: 'suite'\n  location: 'c:\\\\workspace\\\\node-test-binary-windows-js-suites\\\\node\\\\test\\\\parallel\\\\test-node-run.js:11:1'\n  failureType: 'subtestsFailed'\n  error: '6 subtests failed'\n  code: 'ERR_TEST_FAILURE'\n  ...\n1..1\n# tests 8\n# suites 1\n# pass 2\n# fail 6\n# cancelled 0\n# skipped 0\n# todo 0\n# duration_ms 462.7978"},"time":798.008,"fullname":"parallel/test-node-run","closingTestPoint":false}},{"testName":"parallel/test-node-run","timestamp":1716929849178,"status":"FAILED","jobName":"node-test-binary-windows-js-suites","config":"node-test-binary-windows-js-suites » 1,win11-arm64-COMPILED_BY-vs2022-arm64 #27945","buildUrl":"https://ci.nodejs.org/job/node-test-binary-windows-js-suites/RUN_SUBSET=1,nodes=win11-arm64-COMPILED_BY-vs2022-arm64/27945/","buildNumber":27945,"builtOn":"test-azure_msft-win11_vs2022-arm64-3","nodeVersion":"23.0.0","commitHash":"57bf7886a316369bd0e8716528ea4c2dc3628e1c","callStack":[{"upstreamBuild":63296,"upstreamProject":"node-test-commit-windows-fanned","upstreamUrl":"job/node-test-commit-windows-fanned/"},{"upstreamBuild":71147,"upstreamProject":"node-test-commit","upstreamUrl":"job/node-test-commit/"},{"upstreamBuild":59495,"upstreamProject":"node-test-pull-request","upstreamUrl":"job/node-test-pull-request/"},{"prId":"53154"}],"tap":{"ok":false,"name":"parallel/test-node-run","id":591,"buffered":false,"tapError":null,"skip":false,"todo":false,"previous":null,"plan":null,"diag":{"severity":"fail","exitcode":1,"stack":"TAP version 13\n# Subtest: node run [command]\n    # Subtest: should emit experimental warning\n    ok 1 - should emit experimental warning\n      ---\n      duration_ms: 50.3392\n      ...\n    # Subtest: returns error on non-existent file\n    ok 2 - returns error on non-existent file\n      ---\n      duration_ms: 37.3487\n      ...\n    # Subtest: runs a valid command\n    not ok 3 - runs a valid command\n      ---\n      duration_ms: 37.402\n      location: 'd:\\\\workspace\\\\node-test-binary-windows-js-suites\\\\node\\\\test\\\\parallel\\\\test-node-run.js:35:3'\n      failureType: 'testCodeFailure'\n      error: |-\n        The input did not match the regular expression /Error: no test specified/. Input:\n        \n        ''\n        \n      code: 'ERR_ASSERTION'\n      name: 'AssertionError'\n      expected:\n      actual: ''\n      operator: 'match'\n      stack: |-\n        TestContext.<anonymous> (d:\\workspace\\node-test-binary-windows-js-suites\\node\\test\\parallel\\test-node-run.js:42:12)\n        process.processTicksAndRejections (node:internal/process/task_queues:95:5)\n        async Test.run (node:internal/test_runner/test:842:9)\n        async Suite.processPendingSubtests (node:internal/test_runner/test:550:7)\n      ...\n    # Subtest: adds node_modules/.bin to path\n    not ok 4 - adds node_modules/.bin to path\n      ---\n      duration_ms: 35.2434\n      location: 'd:\\\\workspace\\\\node-test-binary-windows-js-suites\\\\node\\\\test\\\\parallel\\\\test-node-run.js:46:3'\n      failureType: 'testCodeFailure'\n      error: |-\n        The input did not match the regular expression /06062023/. Input:\n        \n        ''\n        \n      code: 'ERR_ASSERTION'\n      name: 'AssertionError'\n      expected:\n      actual: ''\n      operator: 'match'\n      stack: |-\n        TestContext.<anonymous> (d:\\workspace\\node-test-binary-windows-js-suites\\node\\test\\parallel\\test-node-run.js:52:12)\n        process.processTicksAndRejections (node:internal/process/task_queues:95:5)\n        async Test.run (node:internal/test_runner/test:842:9)\n        async Suite.processPendingSubtests (node:internal/test_runner/test:550:7)\n      ...\n    # Subtest: appends positional arguments\n    not ok 5 - appends positional arguments\n      ---\n      duration_ms: 64.7067\n      location: 'd:\\\\workspace\\\\node-test-binary-windows-js-suites\\\\node\\\\test\\\\parallel\\\\test-node-run.js:57:3'\n      failureType: 'testCodeFailure'\n      error: |-\n        The input did not match the regular expression /Arguments: '--help \"\"hello world test\"\" A B C'/. Input:\n        \n        ''\n        \n      code: 'ERR_ASSERTION'\n      name: 'AssertionError'\n      expected:\n      actual: ''\n      operator: 'match'\n      stack: |-\n        TestContext.<anonymous> (d:\\workspace\\node-test-binary-windows-js-suites\\node\\test\\parallel\\test-node-run.js:64:14)\n        process.processTicksAndRejections (node:internal/process/task_queues:95:5)\n        async Test.run (node:internal/test_runner/test:842:9)\n        async Suite.processPendingSubtests (node:internal/test_runner/test:550:7)\n      ...\n    # Subtest: should set PATH environment variable with paths appended with node_modules/.bin\n    not ok 6 - should set PATH environment variable with paths appended with node_modules/.bin\n      ---\n      duration_ms: 59.8805\n      location: 'd:\\\\workspace\\\\node-test-binary-windows-js-suites\\\\node\\\\test\\\\parallel\\\\test-node-run.js:73:3'\n      failureType: 'testCodeFailure'\n      error: |-\n        The expression evaluated to a falsy value:\n        \n          assert.ok(child.stdout.includes(fixtures.path('run-script/node_modules/.bin')))\n        \n      code: 'ERR_ASSERTION'\n      name: 'AssertionError'\n      expected: true\n      actual: false\n      operator: '=='\n      stack: |-\n        TestContext.<anonymous> (d:\\workspace\\node-test-binary-windows-js-suites\\node\\test\\parallel\\test-node-run.js:79:12)\n        process.processTicksAndRejections (node:internal/process/task_queues:95:5)\n        async Test.run (node:internal/test_runner/test:842:9)\n        async Suite.processPendingSubtests (node:internal/test_runner/test:550:7)\n      ...\n    # Subtest: should set special environment variables\n    not ok 7 - should set special environment variables\n      ---\n      duration_ms: 38.5767\n      location: 'd:\\\\workspace\\\\node-test-binary-windows-js-suites\\\\node\\\\test\\\\parallel\\\\test-node-run.js:92:3'\n      failureType: 'testCodeFailure'\n      error: |-\n        The expression evaluated to a falsy value:\n        \n          assert.ok(child.stdout.includes(scriptName))\n        \n      code: 'ERR_ASSERTION'\n      name: 'AssertionError'\n      expected: true\n      actual: false\n      operator: '=='\n      stack: |-\n        TestContext.<anonymous> (d:\\workspace\\node-test-binary-windows-js-suites\\node\\test\\parallel\\test-node-run.js:100:12)\n        process.processTicksAndRejections (node:internal/process/task_queues:95:5)\n        async Test.run (node:internal/test_runner/test:842:9)\n        async Suite.processPendingSubtests (node:internal/test_runner/test:550:7)\n      ...\n    # Subtest: will search subdirectories for a package.json file\n    not ok 8 - will search subdirectories for a package.json file\n      ---\n      duration_ms: 42.3749\n      location: 'd:\\\\workspace\\\\node-test-binary-windows-js-suites\\\\node\\\\test\\\\parallel\\\\test-node-run.js:106:3'\n      failureType: 'testCodeFailure'\n      error: |-\n        The expression evaluated to a falsy value:\n        \n          assert.ok(child.stdout.includes(packageJsonPath))\n        \n      code: 'ERR_ASSERTION'\n      name: 'AssertionError'\n      expected: true\n      actual: false\n      operator: '=='\n      stack: |-\n        TestContext.<anonymous> (d:\\workspace\\node-test-binary-windows-js-suites\\node\\test\\parallel\\test-node-run.js:113:12)\n        process.processTicksAndRejections (node:internal/process/task_queues:95:5)\n        async Test.run (node:internal/test_runner/test:842:9)\n        async Suite.processPendingSubtests (node:internal/test_runner/test:550:7)\n      ...\n    1..8\nnot ok 1 - node run [command]\n  ---\n  duration_ms: 369.2963\n  type: 'suite'\n  location: 'd:\\\\workspace\\\\node-test-binary-windows-js-suites\\\\node\\\\test\\\\parallel\\\\test-node-run.js:11:1'\n  failureType: 'subtestsFailed'\n  error: '6 subtests failed'\n  code: 'ERR_TEST_FAILURE'\n  ...\n1..1\n# tests 8\n# suites 1\n# pass 2\n# fail 6\n# cancelled 0\n# skipped 0\n# todo 0\n# duration_ms 381.1706"},"time":746,"fullname":"parallel/test-node-run","closingTestPoint":false}},{"testName":"message/node_run_non_existent","timestamp":1716929849178,"status":"REGRESSION","jobName":"node-test-binary-windows-js-suites","config":"node-test-binary-windows-js-suites » 0,win11-arm64-COMPILED_BY-vs2022-arm64 #27945","buildUrl":"https://ci.nodejs.org/job/node-test-binary-windows-js-suites/RUN_SUBSET=0,nodes=win11-arm64-COMPILED_BY-vs2022-arm64/27945/","buildNumber":27945,"builtOn":"test-azure_msft-win11_vs2022-arm64-5","nodeVersion":"23.0.0","commitHash":"57bf7886a316369bd0e8716528ea4c2dc3628e1c","callStack":[{"upstreamBuild":63296,"upstreamProject":"node-test-commit-windows-fanned","upstreamUrl":"job/node-test-commit-windows-fanned/"},{"upstreamBuild":71147,"upstreamProject":"node-test-commit","upstreamUrl":"job/node-test-commit/"},{"upstreamBuild":59495,"upstreamProject":"node-test-pull-request","upstreamUrl":"job/node-test-pull-request/"},{"prId":"53154"}],"tap":{"ok":false,"name":"message/node_run_non_existent","id":62,"buffered":false,"tapError":null,"skip":false,"todo":false,"previous":null,"plan":null,"diag":{"severity":"fail","stack":"Can't read package.json"},"time":398.002,"fullname":"message/node_run_non_existent","closingTestPoint":false}},{"testName":"parallel/test-node-run","timestamp":1716929849178,"status":"FAILED","jobName":"node-test-binary-windows-js-suites","config":"node-test-binary-windows-js-suites » 0,win2019-COMPILED_BY-vs2022 #27945","buildUrl":"https://ci.nodejs.org/job/node-test-binary-windows-js-suites/RUN_SUBSET=0,nodes=win2019-COMPILED_BY-vs2022/27945/","buildNumber":27945,"builtOn":"test-rackspace-win2019_vs2019-x64-1","nodeVersion":"23.0.0","commitHash":"57bf7886a316369bd0e8716528ea4c2dc3628e1c","callStack":[{"upstreamBuild":63296,"upstreamProject":"node-test-commit-windows-fanned","upstreamUrl":"job/node-test-commit-windows-fanned/"},{"upstreamBuild":71147,"upstreamProject":"node-test-commit","upstreamUrl":"job/node-test-commit/"},{"upstreamBuild":59495,"upstreamProject":"node-test-pull-request","upstreamUrl":"job/node-test-pull-request/"},{"prId":"53154"}],"tap":{"ok":false,"name":"parallel/test-node-run","id":594,"buffered":false,"tapError":null,"skip":false,"todo":false,"previous":null,"plan":null,"diag":{"severity":"fail","exitcode":1,"stack":"TAP version 13\n# Subtest: node run [command]\n    # Subtest: should emit experimental warning\n    ok 1 - should emit experimental warning\n      ---\n      duration_ms: 55.0624\n      ...\n    # Subtest: returns error on non-existent file\n    ok 2 - returns error on non-existent file\n      ---\n      duration_ms: 72.9754\n      ...\n    # Subtest: runs a valid command\n    not ok 3 - runs a valid command\n      ---\n      duration_ms: 51.2205\n      location: 'C:\\\\workspace\\\\node-test-binary-windows-js-suites\\\\node\\\\test\\\\parallel\\\\test-node-run.js:35:3'\n      failureType: 'testCodeFailure'\n      error: |-\n        The input did not match the regular expression /Error: no test specified/. Input:\n        \n        ''\n        \n      code: 'ERR_ASSERTION'\n      name: 'AssertionError'\n      expected:\n      actual: ''\n      operator: 'match'\n      stack: |-\n        TestContext.<anonymous> (C:\\workspace\\node-test-binary-windows-js-suites\\node\\test\\parallel\\test-node-run.js:42:12)\n        process.processTicksAndRejections (node:internal/process/task_queues:95:5)\n        async Test.run (node:internal/test_runner/test:842:9)\n        async Suite.processPendingSubtests (node:internal/test_runner/test:550:7)\n      ...\n    # Subtest: adds node_modules/.bin to path\n    not ok 4 - adds node_modules/.bin to path\n      ---\n      duration_ms: 47.9553\n      location: 'C:\\\\workspace\\\\node-test-binary-windows-js-suites\\\\node\\\\test\\\\parallel\\\\test-node-run.js:46:3'\n      failureType: 'testCodeFailure'\n      error: |-\n        The input did not match the regular expression /06062023/. Input:\n        \n        ''\n        \n      code: 'ERR_ASSERTION'\n      name: 'AssertionError'\n      expected:\n      actual: ''\n      operator: 'match'\n      stack: |-\n        TestContext.<anonymous> (C:\\workspace\\node-test-binary-windows-js-suites\\node\\test\\parallel\\test-node-run.js:52:12)\n        process.processTicksAndRejections (node:internal/process/task_queues:95:5)\n        async Test.run (node:internal/test_runner/test:842:9)\n        async Suite.processPendingSubtests (node:internal/test_runner/test:550:7)\n      ...\n    # Subtest: appends positional arguments\n    not ok 5 - appends positional arguments\n      ---\n      duration_ms: 45.5362\n      location: 'C:\\\\workspace\\\\node-test-binary-windows-js-suites\\\\node\\\\test\\\\parallel\\\\test-node-run.js:57:3'\n      failureType: 'testCodeFailure'\n      error: |-\n        The input did not match the regular expression /Arguments: '--help \"\"hello world test\"\" A B C'/. Input:\n        \n        ''\n        \n      code: 'ERR_ASSERTION'\n      name: 'AssertionError'\n      expected:\n      actual: ''\n      operator: 'match'\n      stack: |-\n        TestContext.<anonymous> (C:\\workspace\\node-test-binary-windows-js-suites\\node\\test\\parallel\\test-node-run.js:64:14)\n        process.processTicksAndRejections (node:internal/process/task_queues:95:5)\n        async Test.run (node:internal/test_runner/test:842:9)\n        async Suite.processPendingSubtests (node:internal/test_runner/test:550:7)\n      ...\n    # Subtest: should set PATH environment variable with paths appended with node_modules/.bin\n    not ok 6 - should set PATH environment variable with paths appended with node_modules/.bin\n      ---\n      duration_ms: 64.6157\n      location: 'C:\\\\workspace\\\\node-test-binary-windows-js-suites\\\\node\\\\test\\\\parallel\\\\test-node-run.js:73:3'\n      failureType: 'testCodeFailure'\n      error: |-\n        The expression evaluated to a falsy value:\n        \n          assert.ok(child.stdout.includes(fixtures.path('run-script/node_modules/.bin')))\n        \n      code: 'ERR_ASSERTION'\n      name: 'AssertionError'\n      expected: true\n      actual: false\n      operator: '=='\n      stack: |-\n        TestContext.<anonymous> (C:\\workspace\\node-test-binary-windows-js-suites\\node\\test\\parallel\\test-node-run.js:79:12)\n        process.processTicksAndRejections (node:internal/process/task_queues:95:5)\n        async Test.run (node:internal/test_runner/test:842:9)\n        async Suite.processPendingSubtests (node:internal/test_runner/test:550:7)\n      ...\n    # Subtest: should set special environment variables\n    not ok 7 - should set special environment variables\n      ---\n      duration_ms: 46.9377\n      location: 'C:\\\\workspace\\\\node-test-binary-windows-js-suites\\\\node\\\\test\\\\parallel\\\\test-node-run.js:92:3'\n      failureType: 'testCodeFailure'\n      error: |-\n        The expression evaluated to a falsy value:\n        \n          assert.ok(child.stdout.includes(scriptName))\n        \n      code: 'ERR_ASSERTION'\n      name: 'AssertionError'\n      expected: true\n      actual: false\n      operator: '=='\n      stack: |-\n        TestContext.<anonymous> (C:\\workspace\\node-test-binary-windows-js-suites\\node\\test\\parallel\\test-node-run.js:100:12)\n        process.processTicksAndRejections (node:internal/process/task_queues:95:5)\n        async Test.run (node:internal/test_runner/test:842:9)\n        async Suite.processPendingSubtests (node:internal/test_runner/test:550:7)\n      ...\n    # Subtest: will search subdirectories for a package.json file\n    not ok 8 - will search subdirectories for a package.json file\n      ---\n      duration_ms: 49.1331\n      location: 'C:\\\\workspace\\\\node-test-binary-windows-js-suites\\\\node\\\\test\\\\parallel\\\\test-node-run.js:106:3'\n      failureType: 'testCodeFailure'\n      error: |-\n        The expression evaluated to a falsy value:\n        \n          assert.ok(child.stdout.includes(packageJsonPath))\n        \n      code: 'ERR_ASSERTION'\n      name: 'AssertionError'\n      expected: true\n      actual: false\n      operator: '=='\n      stack: |-\n        TestContext.<anonymous> (C:\\workspace\\node-test-binary-windows-js-suites\\node\\test\\parallel\\test-node-run.js:113:12)\n        process.processTicksAndRejections (node:internal/process/task_queues:95:5)\n        async Test.run (node:internal/test_runner/test:842:9)\n        async Suite.processPendingSubtests (node:internal/test_runner/test:550:7)\n      ...\n    1..8\nnot ok 1 - node run [command]\n  ---\n  duration_ms: 439.3167\n  type: 'suite'\n  location: 'C:\\\\workspace\\\\node-test-binary-windows-js-suites\\\\node\\\\test\\\\parallel\\\\test-node-run.js:11:1'\n  failureType: 'subtestsFailed'\n  error: '6 subtests failed'\n  code: 'ERR_TEST_FAILURE'\n  ...\n1..1\n# tests 8\n# suites 1\n# pass 2\n# fail 6\n# cancelled 0\n# skipped 0\n# todo 0\n# duration_ms 463.0787"},"time":847.002,"fullname":"parallel/test-node-run","closingTestPoint":false}},{"testName":"parallel/test-node-run","timestamp":1716929849178,"status":"FAILED","jobName":"node-test-binary-windows-js-suites","config":"node-test-binary-windows-js-suites » 0,win2016-COMPILED_BY-vs2022-x86 #27945","buildUrl":"https://ci.nodejs.org/job/node-test-binary-windows-js-suites/RUN_SUBSET=0,nodes=win2016-COMPILED_BY-vs2022-x86/27945/","buildNumber":27945,"builtOn":"test-azure_msft-win2016_vs2017-x64-1","nodeVersion":"23.0.0","commitHash":"57bf7886a316369bd0e8716528ea4c2dc3628e1c","callStack":[{"upstreamBuild":63296,"upstreamProject":"node-test-commit-windows-fanned","upstreamUrl":"job/node-test-commit-windows-fanned/"},{"upstreamBuild":71147,"upstreamProject":"node-test-commit","upstreamUrl":"job/node-test-commit/"},{"upstreamBuild":59495,"upstreamProject":"node-test-pull-request","upstreamUrl":"job/node-test-pull-request/"},{"prId":"53154"}],"tap":{"ok":false,"name":"parallel/test-node-run","id":585,"buffered":false,"tapError":null,"skip":false,"todo":false,"previous":null,"plan":null,"diag":{"severity":"fail","exitcode":1,"stack":"TAP version 13\n# Subtest: node run [command]\n    # Subtest: should emit experimental warning\n    ok 1 - should emit experimental warning\n      ---\n      duration_ms: 39.4175\n      ...\n    # Subtest: returns error on non-existent file\n    ok 2 - returns error on non-existent file\n      ---\n      duration_ms: 27.8251\n      ...\n    # Subtest: runs a valid command\n    not ok 3 - runs a valid command\n      ---\n      duration_ms: 27.9472\n      location: 'C:\\\\workspace\\\\node-test-binary-windows-js-suites\\\\node\\\\test\\\\parallel\\\\test-node-run.js:35:3'\n      failureType: 'testCodeFailure'\n      error: |-\n        The input did not match the regular expression /Error: no test specified/. Input:\n        \n        ''\n        \n      code: 'ERR_ASSERTION'\n      name: 'AssertionError'\n      expected:\n      actual: ''\n      operator: 'match'\n      stack: |-\n        TestContext.<anonymous> (C:\\workspace\\node-test-binary-windows-js-suites\\node\\test\\parallel\\test-node-run.js:42:12)\n        process.processTicksAndRejections (node:internal/process/task_queues:95:5)\n        async Test.run (node:internal/test_runner/test:842:9)\n        async Suite.processPendingSubtests (node:internal/test_runner/test:550:7)\n      ...\n    # Subtest: adds node_modules/.bin to path\n    not ok 4 - adds node_modules/.bin to path\n      ---\n      duration_ms: 27.6242\n      location: 'C:\\\\workspace\\\\node-test-binary-windows-js-suites\\\\node\\\\test\\\\parallel\\\\test-node-run.js:46:3'\n      failureType: 'testCodeFailure'\n      error: |-\n        The input did not match the regular expression /06062023/. Input:\n        \n        ''\n        \n      code: 'ERR_ASSERTION'\n      name: 'AssertionError'\n      expected:\n      actual: ''\n      operator: 'match'\n      stack: |-\n        TestContext.<anonymous> (C:\\workspace\\node-test-binary-windows-js-suites\\node\\test\\parallel\\test-node-run.js:52:12)\n        process.processTicksAndRejections (node:internal/process/task_queues:95:5)\n        async Test.run (node:internal/test_runner/test:842:9)\n        async Suite.processPendingSubtests (node:internal/test_runner/test:550:7)\n      ...\n    # Subtest: appends positional arguments\n    not ok 5 - appends positional arguments\n      ---\n      duration_ms: 43.1188\n      location: 'C:\\\\workspace\\\\node-test-binary-windows-js-suites\\\\node\\\\test\\\\parallel\\\\test-node-run.js:57:3'\n      failureType: 'testCodeFailure'\n      error: |-\n        The input did not match the regular expression /Arguments: '--help \"\"hello world test\"\" A B C'/. Input:\n        \n        ''\n        \n      code: 'ERR_ASSERTION'\n      name: 'AssertionError'\n      expected:\n      actual: ''\n      operator: 'match'\n      stack: |-\n        TestContext.<anonymous> (C:\\workspace\\node-test-binary-windows-js-suites\\node\\test\\parallel\\test-node-run.js:64:14)\n        process.processTicksAndRejections (node:internal/process/task_queues:95:5)\n        async Test.run (node:internal/test_runner/test:842:9)\n        async Suite.processPendingSubtests (node:internal/test_runner/test:550:7)\n      ...\n    # Subtest: should set PATH environment variable with paths appended with node_modules/.bin\n    not ok 6 - should set PATH environment variable with paths appended with node_modules/.bin\n      ---\n      duration_ms: 41.7308\n      location: 'C:\\\\workspace\\\\node-test-binary-windows-js-suites\\\\node\\\\test\\\\parallel\\\\test-node-run.js:73:3'\n      failureType: 'testCodeFailure'\n      error: |-\n        The expression evaluated to a falsy value:\n        \n          assert.ok(child.stdout.includes(fixtures.path('run-script/node_modules/.bin')))\n        \n      code: 'ERR_ASSERTION'\n      name: 'AssertionError'\n      expected: true\n      actual: false\n      operator: '=='\n      stack: |-\n        TestContext.<anonymous> (C:\\workspace\\node-test-binary-windows-js-suites\\node\\test\\parallel\\test-node-run.js:79:12)\n        async Test.run (node:internal/test_runner/test:842:9)\n        async Suite.processPendingSubtests (node:internal/test_runner/test:550:7)\n      ...\n    # Subtest: should set special environment variables\n    not ok 7 - should set special environment variables\n      ---\n      duration_ms: 32.8054\n      location: 'C:\\\\workspace\\\\node-test-binary-windows-js-suites\\\\node\\\\test\\\\parallel\\\\test-node-run.js:92:3'\n      failureType: 'testCodeFailure'\n      error: |-\n        The expression evaluated to a falsy value:\n        \n          assert.ok(child.stdout.includes(scriptName))\n        \n      code: 'ERR_ASSERTION'\n      name: 'AssertionError'\n      expected: true\n      actual: false\n      operator: '=='\n      stack: |-\n        TestContext.<anonymous> (C:\\workspace\\node-test-binary-windows-js-suites\\node\\test\\parallel\\test-node-run.js:100:12)\n        process.processTicksAndRejections (node:internal/process/task_queues:95:5)\n        async Test.run (node:internal/test_runner/test:842:9)\n        async Suite.processPendingSubtests (node:internal/test_runner/test:550:7)\n      ...\n    # Subtest: will search subdirectories for a package.json file\n    not ok 8 - will search subdirectories for a package.json file\n      ---\n      duration_ms: 47.1065\n      location: 'C:\\\\workspace\\\\node-test-binary-windows-js-suites\\\\node\\\\test\\\\parallel\\\\test-node-run.js:106:3'\n      failureType: 'testCodeFailure'\n      error: |-\n        The expression evaluated to a falsy value:\n        \n          assert.ok(child.stdout.includes(packageJsonPath))\n        \n      code: 'ERR_ASSERTION'\n      name: 'AssertionError'\n      expected: true\n      actual: false\n      operator: '=='\n      stack: |-\n        TestContext.<anonymous> (C:\\workspace\\node-test-binary-windows-js-suites\\node\\test\\parallel\\test-node-run.js:113:12)\n        process.processTicksAndRejections (node:internal/process/task_queues:95:5)\n        async Test.run (node:internal/test_runner/test:842:9)\n        async Suite.processPendingSubtests (node:internal/test_runner/test:550:7)\n      ...\n    1..8\nnot ok 1 - node run [command]\n  ---\n  duration_ms: 290.1773\n  type: 'suite'\n  location: 'C:\\\\workspace\\\\node-test-binary-windows-js-suites\\\\node\\\\test\\\\parallel\\\\test-node-run.js:11:1'\n  failureType: 'subtestsFailed'\n  error: '6 subtests failed'\n  code: 'ERR_TEST_FAILURE'\n  ...\n1..1\n# tests 8\n# suites 1\n# pass 2\n# fail 6\n# cancelled 0\n# skipped 0\n# todo 0\n# duration_ms 299.7211"},"time":568.001,"fullname":"parallel/test-node-run","closingTestPoint":false}},{"testName":"message/node_run_non_existent","timestamp":1716929849178,"status":"REGRESSION","jobName":"node-test-binary-windows-js-suites","config":"node-test-binary-windows-js-suites » 1,win2022-COMPILED_BY-vs2022 #27945","buildUrl":"https://ci.nodejs.org/job/node-test-binary-windows-js-suites/RUN_SUBSET=1,nodes=win2022-COMPILED_BY-vs2022/27945/","buildNumber":27945,"builtOn":"test-rackspace-win2022_vs2022-x64-2","nodeVersion":"23.0.0","commitHash":"57bf7886a316369bd0e8716528ea4c2dc3628e1c","callStack":[{"upstreamBuild":63296,"upstreamProject":"node-test-commit-windows-fanned","upstreamUrl":"job/node-test-commit-windows-fanned/"},{"upstreamBuild":71147,"upstreamProject":"node-test-commit","upstreamUrl":"job/node-test-commit/"},{"upstreamBuild":59495,"upstreamProject":"node-test-pull-request","upstreamUrl":"job/node-test-pull-request/"},{"prId":"53154"}],"tap":{"ok":false,"name":"message/node_run_non_existent","id":66,"buffered":false,"tapError":null,"skip":false,"todo":false,"previous":null,"plan":null,"diag":{"severity":"fail","stack":"Can't read package.json"},"time":355.012,"fullname":"message/node_run_non_existent","closingTestPoint":false}},{"testName":"message/node_run_non_existent","timestamp":1716929849178,"status":"REGRESSION","jobName":"node-test-binary-windows-js-suites","config":"node-test-binary-windows-js-suites » 1,win2019-COMPILED_BY-vs2022 #27945","buildUrl":"https://ci.nodejs.org/job/node-test-binary-windows-js-suites/RUN_SUBSET=1,nodes=win2019-COMPILED_BY-vs2022/27945/","buildNumber":27945,"builtOn":"test-rackspace-win2019_vs2019-x64-2","nodeVersion":"23.0.0","commitHash":"57bf7886a316369bd0e8716528ea4c2dc3628e1c","callStack":[{"upstreamBuild":63296,"upstreamProject":"node-test-commit-windows-fanned","upstreamUrl":"job/node-test-commit-windows-fanned/"},{"upstreamBuild":71147,"upstreamProject":"node-test-commit","upstreamUrl":"job/node-test-commit/"},{"upstreamBuild":59495,"upstreamProject":"node-test-pull-request","upstreamUrl":"job/node-test-pull-request/"},{"prId":"53154"}],"tap":{"ok":false,"name":"message/node_run_non_existent","id":65,"buffered":false,"tapError":null,"skip":false,"todo":false,"previous":null,"plan":null,"diag":{"severity":"fail","stack":"Can't read package.json"},"time":390,"fullname":"message/node_run_non_existent","closingTestPoint":false}}]}