{"failedTests":[{"testName":"parallel/test-assert-esm-cjs-message-verify","timestamp":1717160672221,"status":"FAILED","jobName":"node-test-binary-windows-js-suites","config":"node-test-binary-windows-js-suites » 3,win2022-COMPILED_BY-vs2022 #27997","buildUrl":"https://ci.nodejs.org/job/node-test-binary-windows-js-suites/RUN_SUBSET=3,nodes=win2022-COMPILED_BY-vs2022/27997/","buildNumber":27997,"builtOn":"test-rackspace-win2022_vs2022-x64-5","nodeVersion":"23.0.0","commitHash":"b02e5562072eec5904e5c6e71bcf42a4a776f60f","callStack":[{"upstreamBuild":63368,"upstreamProject":"node-test-commit-windows-fanned","upstreamUrl":"job/node-test-commit-windows-fanned/"},{"upstreamBuild":71226,"upstreamProject":"node-test-commit","upstreamUrl":"job/node-test-commit/"},{"upstreamBuild":59563,"upstreamProject":"node-test-pull-request","upstreamUrl":"job/node-test-pull-request/"},{"prId":"53227"}],"tap":{"ok":false,"name":"parallel/test-assert-esm-cjs-message-verify","id":79,"buffered":false,"tapError":null,"skip":false,"todo":false,"previous":null,"plan":null,"diag":{"severity":"fail","exitcode":1,"stack":"TAP version 13\n# Subtest: ensure the assert.ok throwing similar error messages for esm and cjs files\n    # Subtest: should return code 1 for each command\n    ok 1 - should return code 1 for each command\n      ---\n      duration_ms: 381.0574\n      ...\n    1..1\nnot ok 1 - ensure the assert.ok throwing similar error messages for esm and cjs files\n  ---\n  duration_ms: 397.8078\n  type: 'suite'\n  location: 'C:\\\\workspace\\\\node-test-binary-windows-js-suites\\\\node\\\\test\\\\parallel\\\\test-assert-esm-cjs-message-verify.js:26:1'\n  failureType: 'hookFailed'\n  error: \"EPERM: operation not permitted, lstat 'C:\\\\workspace\\\\node-test-binary-windows-js-suites\\\\node\\\\test\\\\.tmp.70\\\\test-file.mjs'\"\n  code: 'EPERM'\n  stack: |-\n    lstatSync (node:fs:1636:25)\n    rimrafSync (node:internal/fs/rimraf:180:13)\n    node:internal/fs/rimraf:253:9\n    Array.forEach (<anonymous>)\n    _rmdirSync (node:internal/fs/rimraf:250:7)\n    fixWinEPERMSync (node:internal/fs/rimraf:304:5)\n    rimrafSync (node:internal/fs/rimraf:200:14)\n    Object.rmSync (node:fs:1267:10)\n    rmSync (C:\\workspace\\node-test-binary-windows-js-suites\\node\\test\\common\\tmpdir.js:20:8)\n    Object.refresh (C:\\workspace\\node-test-binary-windows-js-suites\\node\\test\\common\\tmpdir.js:35:3)\n  ...\n1..1\n# tests 1\n# suites 1\n# pass 1\n# fail 0\n# cancelled 0\n# skipped 0\n# todo 0\n# duration_ms 421.7396"},"time":874.038,"fullname":"parallel/test-assert-esm-cjs-message-verify","closingTestPoint":false}},{"testName":"parallel/test-error-serdes","timestamp":1717160672221,"status":"FAILED","jobName":"node-test-binary-windows-js-suites","config":"node-test-binary-windows-js-suites » 1,win2022-COMPILED_BY-vs2022 #27997","buildUrl":"https://ci.nodejs.org/job/node-test-binary-windows-js-suites/RUN_SUBSET=1,nodes=win2022-COMPILED_BY-vs2022/27997/","buildNumber":27997,"builtOn":"test-rackspace-win2022_vs2022-x64-2","nodeVersion":"23.0.0","commitHash":"b02e5562072eec5904e5c6e71bcf42a4a776f60f","callStack":[{"upstreamBuild":63368,"upstreamProject":"node-test-commit-windows-fanned","upstreamUrl":"job/node-test-commit-windows-fanned/"},{"upstreamBuild":71226,"upstreamProject":"node-test-commit","upstreamUrl":"job/node-test-commit/"},{"upstreamBuild":59563,"upstreamProject":"node-test-pull-request","upstreamUrl":"job/node-test-pull-request/"},{"prId":"53227"}],"tap":{"ok":false,"name":"parallel/test-error-serdes","id":964,"buffered":false,"tapError":null,"skip":false,"todo":": Fix flaky test","previous":null,"plan":null,"diag":{"severity":"fail","exitcode":1,"stack":"timeout"},"time":120199.236,"fullname":"parallel/test-error-serdes","closingTestPoint":false}}]}