{"failedTests":[{"testName":"parallel/test-error-serdes","timestamp":1717231760497,"status":"FAILED","jobName":"node-test-binary-windows-js-suites","config":"node-test-binary-windows-js-suites » 1,win2019-COMPILED_BY-vs2022 #28022","buildUrl":"https://ci.nodejs.org/job/node-test-binary-windows-js-suites/RUN_SUBSET=1,nodes=win2019-COMPILED_BY-vs2022/28022/","buildNumber":28022,"builtOn":"test-rackspace-win2019_vs2019-x64-1","nodeVersion":"23.0.0","commitHash":"e5c4d10f80ed2b5673e1b5617032c56acf069cc9","callStack":[{"upstreamBuild":63393,"upstreamProject":"node-test-commit-windows-fanned","upstreamUrl":"job/node-test-commit-windows-fanned/"},{"upstreamBuild":71259,"upstreamProject":"node-test-commit","upstreamUrl":"job/node-test-commit/"},{"upstreamBuild":59592,"upstreamProject":"node-test-pull-request","upstreamUrl":"job/node-test-pull-request/"},{"prId":"53159"}],"tap":{"ok":false,"name":"parallel/test-error-serdes","id":957,"buffered":false,"tapError":null,"skip":false,"todo":": Fix flaky test","previous":null,"plan":null,"diag":{"severity":"fail","exitcode":1,"stack":"timeout"},"time":120199.989,"fullname":"parallel/test-error-serdes","closingTestPoint":false}},{"testName":"parallel/test-http2-large-write-multiple-requests","timestamp":1717231760497,"status":"REGRESSION","jobName":"node-test-binary-windows-js-suites","config":"node-test-binary-windows-js-suites » 2,win10-COMPILED_BY-vs2022 #28022","buildUrl":"https://ci.nodejs.org/job/node-test-binary-windows-js-suites/RUN_SUBSET=2,nodes=win10-COMPILED_BY-vs2022/28022/","buildNumber":28022,"builtOn":"test-azure_msft-win10_vs2019-x64-4","nodeVersion":"23.0.0","commitHash":"e5c4d10f80ed2b5673e1b5617032c56acf069cc9","callStack":[{"upstreamBuild":63393,"upstreamProject":"node-test-commit-windows-fanned","upstreamUrl":"job/node-test-commit-windows-fanned/"},{"upstreamBuild":71259,"upstreamProject":"node-test-commit","upstreamUrl":"job/node-test-commit/"},{"upstreamBuild":59592,"upstreamProject":"node-test-pull-request","upstreamUrl":"job/node-test-pull-request/"},{"prId":"53159"}],"tap":{"ok":false,"name":"parallel/test-http2-large-write-multiple-requests","id":954,"buffered":false,"tapError":null,"skip":false,"todo":false,"previous":null,"plan":null,"diag":{"severity":"fail","exitcode":1,"stack":"timeout\nserver sends content 1\nserver sends content 2\nserver sends content 3\nserver sends content 4\nserver sends content 5\nserver sends content 6\nserver sends content 7\nserver sends content 8\nserver sends content 9\nserver sends content 10\nserver sends content 11\nserver sends content 12\nserver sends content 13\nserver sends content 14\nserver sends content 15\nserver sends content 16\nserver sends content 17\nserver sends content 18\nserver sends content 19\nserver sends content 20\nserver sends content 21\nserver sends content 22\nserver sends content 23\nserver sends content 24\nserver sends content 25\nserver sends content 26\nserver sends content 27\nserver sends content 28\nserver sends content 29\nserver sends content 30\nserver sends content 31\nserver sends content 32\nserver sends content 33\nserver sends content 34\nserver sends content 35\nserver sends content 36\nserver sends content 37\nserver sends content 38\nserver sends content 39\nserver sends content 40\nserver sends content 41\nserver sends content 42\nserver sends content 43\nserver sends content 44\nserver sends content 45\nserver sends content 46\nserver sends content 47\nserver sends content 48\nserver sends content 49\nserver sends content 50\nserver sends content 51\nserver sends content 52\nserver sends content 53\nserver sends content 54\nserver sends content 55\nserver sends content 56\nserver sends content 57\nserver sends content 58\nserver sends content 59\nserver sends content 60\nserver sends content 61\nserver sends content 62\nserver sends content 63\nserver sends content 64\nserver sends content 65\nserver sends content 66\nserver sends content 67\nserver sends content 68\nserver sends content 69\nserver sends content 70\nserver sends content 71\nserver sends content 72\nserver sends content 73\nserver sends content 74\nserver sends content 75\nserver sends content 76\nserver sends content 77\nserver sends content 78\nserver sends content 79\nserver sends content 80\nserver sends content 81\nserver sends content 82\nserver sends content 83\nserver sends content 84\nserver sends content 85\nserver sends content 86\nserver sends content 87\nserver sends content 88\nserver sends content 89\nserver sends content 90\nserver sends content 91\nserver sends content 92\nserver sends content 93\nserver sends content 94\nserver sends content 95\nserver sends content 96\nserver sends content 97\nserver sends content 98\nserver sends content 99\nserver sends content 100\nclient receives content 1\nclient receives content 2\nclient receives content 3\nclient receives content 4\nclient receives content 5\nclient receives content 6\nclient receives content 7\nclient receives content 8\nclient receives content 9\nclient receives content 10\nclient receives content 11\nclient receives content 12\nclient receives content 13\nclient receives content 14\nclient receives content 15\nclient receives content 16\nclient receives content 17\nclient receives content 18\nclient receives content 19\nclient receives content 20\nclient receives content 21\nclient receives content 22\nclient receives content 23\nclient receives content 24\nclient receives content 25\nclient receives content 26\nclient receives content 27\nclient receives content 28\nclient receives content 29\nclient receives content 30\nclient receives content 31\nclient receives content 32\nclient receives content 33\nclient receives content 34\nclient receives content 35\nclient receives content 36\nclient receives content 37\nclient receives content 38\nclient receives content 39\nclient receives content 40\nclient receives content 41\nclient receives content 42\nclient receives content 43\nclient receives content 44\nclient receives content 45\nclient receives content 46\nclient receives content 47\nclient receives content 48\nclient receives content 49\nclient receives content 50\nclient receives content 51\nclient receives content 52\nclient receives content 53\nclient receives content 54\nclient receives content 55\nclient receives content 56\nclient receives content 57\nclient receives content 58\nclient receives content 59\nclient receives content 60\nclient receives content 61\nclient receives content 62\nclient receives content 63\nclient receives content 64\nclient receives content 65\nclient receives content 66\nclient receives content 67\nclient receives content 68\nclient receives content 69\nclient receives content 70\nclient receives content 71\nclient receives content 72\nclient receives content 73\nclient receives content 74\nclient receives content 75\nclient receives content 76\nclient receives content 77\nclient receives content 78\nclient receives content 79\nclient receives content 80\nclient receives content 81\nclient receives content 82\nclient receives content 83\nclient receives content 84\nclient receives content 85\nclient receives content 86\nclient receives content 87\nclient receives content 88\nclient receives content 89\nclient receives content 90\nclient receives content 91\nclient receives content 92\nclient receives content 93\nclient receives content 94\nclient receives content 95\nclient receives content 96\nclient receives content 97\nclient receives content 98\nclient receives content 99\nclient receives content 100"},"time":120180.597,"fullname":"parallel/test-http2-large-write-multiple-requests","closingTestPoint":false}},{"testName":"parallel/test-runner-watch-mode","timestamp":1717231760497,"status":"FAILED","jobName":"node-test-binary-windows-js-suites","config":"node-test-binary-windows-js-suites » 3,win2019-COMPILED_BY-vs2022 #28022","buildUrl":"https://ci.nodejs.org/job/node-test-binary-windows-js-suites/RUN_SUBSET=3,nodes=win2019-COMPILED_BY-vs2022/28022/","buildNumber":28022,"builtOn":"test-rackspace-win2019_vs2019-x64-2","nodeVersion":"23.0.0","commitHash":"e5c4d10f80ed2b5673e1b5617032c56acf069cc9","callStack":[{"upstreamBuild":63393,"upstreamProject":"node-test-commit-windows-fanned","upstreamUrl":"job/node-test-commit-windows-fanned/"},{"upstreamBuild":71259,"upstreamProject":"node-test-commit","upstreamUrl":"job/node-test-commit/"},{"upstreamBuild":59592,"upstreamProject":"node-test-pull-request","upstreamUrl":"job/node-test-pull-request/"},{"prId":"53159"}],"tap":{"ok":false,"name":"parallel/test-runner-watch-mode","id":938,"buffered":false,"tapError":null,"skip":false,"todo":": Fix flaky test","previous":null,"plan":null,"diag":{"severity":"fail","exitcode":1,"stack":"timeout\nTAP version 13"},"time":120230.597,"fullname":"parallel/test-runner-watch-mode","closingTestPoint":false}},{"testName":"parallel/test-runner-run","timestamp":1717231760497,"status":"FAILED","jobName":"node-test-binary-windows-js-suites","config":"node-test-binary-windows-js-suites » 0,win11-arm64-COMPILED_BY-vs2022-arm64 #28022","buildUrl":"https://ci.nodejs.org/job/node-test-binary-windows-js-suites/RUN_SUBSET=0,nodes=win11-arm64-COMPILED_BY-vs2022-arm64/28022/","buildNumber":28022,"builtOn":"test-azure_msft-win11_vs2022-arm64-6","nodeVersion":"23.0.0","commitHash":"e5c4d10f80ed2b5673e1b5617032c56acf069cc9","callStack":[{"upstreamBuild":63393,"upstreamProject":"node-test-commit-windows-fanned","upstreamUrl":"job/node-test-commit-windows-fanned/"},{"upstreamBuild":71259,"upstreamProject":"node-test-commit","upstreamUrl":"job/node-test-commit/"},{"upstreamBuild":59592,"upstreamProject":"node-test-pull-request","upstreamUrl":"job/node-test-pull-request/"},{"prId":"53159"}],"tap":{"ok":false,"name":"parallel/test-runner-run","id":946,"buffered":false,"tapError":null,"skip":false,"todo":false,"previous":null,"plan":null,"diag":{"severity":"fail","exitcode":1,"stack":"timeout\nTAP version 13\n# Subtest: require('node:test').run\n    # Subtest: should run with no tests\n    ok 1 - should run with no tests\n      ---\n      duration_ms: 650.5972\n      ...\n    # Subtest: should fail with non existing file\n    ok 2 - should fail with non existing file\n      ---\n      duration_ms: 807.0139\n      ...\n    # Subtest: should succeed with a file\n    ok 3 - should succeed with a file\n      ---\n      duration_ms: 1819.9604\n      ...\n    # Subtest: should run same file twice\n    ok 4 - should run same file twice\n      ---\n      duration_ms: 3467.9112\n      ...\n    # Subtest: should run a failed test\n    ok 5 - should run a failed test\n      ---\n      duration_ms: 741.9454\n      ...\n    # Subtest: should support timeout\n    ok 6 - should support timeout\n      ---\n      duration_ms: 745.7907\n      ...\n    # Subtest: should be piped with dot\n    ok 7 - should be piped with dot\n      ---\n      duration_ms: 1602.5528\n      ...\n    # Subtest: should be piped with spec reporter\n        # Subtest: new spec\n        ok 1 - new spec\n          ---\n          duration_ms: 1596.6207\n          ...\n        # Subtest: spec()\n        ok 2 - spec()\n          ---\n          duration_ms: 1966.7047\n          ...\n        # Subtest: spec\n        ok 3 - spec\n          ---\n          duration_ms: 2106.1115\n          ...\n        1..3\n    ok 8 - should be piped with spec reporter\n      ---\n      duration_ms: 2223.5694\n      type: 'suite'\n      ...\n    # Subtest: should be piped with tap\n    not ok 9 - should be piped with tap\n      ---\n      duration_ms: 1721.7323\n      location: 'd:\\\\workspace\\\\node-test-binary-windows-js-suites\\\\node\\\\test\\\\parallel\\\\test-runner-run.mjs:111:3'\n      failureType: 'testCodeFailure'\n      error: |-\n        Expected values to be strictly equal:\n        \n        14 !== 13\n        \n      code: 'ERR_ASSERTION'\n      name: 'AssertionError'\n      expected: 13\n      actual: 14\n      operator: 'strictEqual'\n      stack: |-\n        TestContext.<anonymous> (file:///d:/workspace/node-test-binary-windows-js-suites/node/test/parallel/test-runner-run.mjs:115:12)\n        process.processTicksAndRejections (node:internal/process/task_queues:95:5)\n        async Test.run (node:internal/test_runner/test:857:9)\n        async Promise.all (index 8)\n        async Suite.run (node:internal/test_runner/test:1217:7)\n        async Test.processPendingSubtests (node:internal/test_runner/test:565:7)\n      ...\n    # Subtest: should skip tests not matching testNamePatterns - RegExp\n    not ok 10 - should skip tests not matching testNamePatterns - RegExp\n      ---\n      duration_ms: 1221.728\n      location: 'd:\\\\workspace\\\\node-test-binary-windows-js-suites\\\\node\\\\test\\\\parallel\\\\test-runner-run.mjs:131:3'\n      failureType: 'testCodeFailure'\n      error: |-\n        Expected values to be strictly equal:\n        + actual - expected\n        \n        + '# Error: Test \"d:\\\\\\\\workspace\\\\\\\\node-test-binary-windows-js-suites\\\\\\\\node\\\\\\\\test\\\\\\\\fixtures\\\\\\\\test-runner\\\\\\\\default-behavior\\\\\\\\test\\\\\\\\random.cjs\" at test\\\\\\\\fixtures\\\\\\\\test-runner\\\\\\\\default-behavior\\\\\\\\test\\\\\\\\random.cjs:1:1 generated asynchronous activity after the test ended. This activity created the error \"Error: kill EPERM\" and would have caused the test to fail, but instead triggered an unhandledRejection event.\\n'\n        - '# tests 1\\n'\n      code: 'ERR_ASSERTION'\n      name: 'AssertionError'\n      expected: |-\n        # tests 1\n        \n      actual: |-\n        # Error: Test \"d:\\\\workspace\\\\node-test-binary-windows-js-suites\\\\node\\\\test\\\\fixtures\\\\test-runner\\\\default-behavior\\\\test\\\\random.cjs\" at test\\\\fixtures\\\\test-runner\\\\default-behavior\\\\test\\\\random.cjs:1:1 generated asynchronous activity after the test ended. This activity created the error \"Error: kill EPERM\" and would have caused the test to fail, but instead triggered an unhandledRejection event.\n        \n      operator: 'strictEqual'\n      stack: |-\n        TestContext.<anonymous> (file:///d:/workspace/node-test-binary-windows-js-suites/node/test/parallel/test-runner-run.mjs:140:12)\n        process.processTicksAndRejections (node:internal/process/task_queues:95:5)\n        async Test.run (node:internal/test_runner/test:857:9)\n        async Promise.all (index 9)\n        async Suite.run (node:internal/test_runner/test:1217:7)\n        async Test.processPendingSubtests (node:internal/test_runner/test:565:7)\n      ...\n    # Subtest: should skip tests not matching testNamePatterns - string\n    not ok 11 - should skip tests not matching testNamePatterns - string\n      ---\n      duration_ms: 1270.9863\n      location: 'd:\\\\workspace\\\\node-test-binary-windows-js-suites\\\\node\\\\test\\\\parallel\\\\test-runner-run.mjs:143:3'\n      failureType: 'testCodeFailure'\n      error: |-\n        Expected values to be strictly equal:\n        + actual - expected\n        \n        + '# Error: Test \"d:\\\\\\\\workspace\\\\\\\\node-test-binary-windows-js-suites\\\\\\\\node\\\\\\\\test\\\\\\\\fixtures\\\\\\\\test-runner\\\\\\\\default-behavior\\\\\\\\test\\\\\\\\random.cjs\" at test\\\\\\\\fixtures\\\\\\\\test-runner\\\\\\\\default-behavior\\\\\\\\test\\\\\\\\random.cjs:1:1 generated asynchronous activity after the test ended. This activity created the error \"Error: kill EPERM\" and would have caused the test to fail, but instead triggered an unhandledRejection event.\\n'\n        - '# tests 1\\n'\n      code: 'ERR_ASSERTION'\n      name: 'AssertionError'\n      expected: |-\n        # tests 1\n        \n      actual: |-\n        # Error: Test \"d:\\\\workspace\\\\node-test-binary-windows-js-suites\\\\node\\\\test\\\\fixtures\\\\test-runner\\\\default-behavior\\\\test\\\\random.cjs\" at test\\\\fixtures\\\\test-runner\\\\default-behavior\\\\test\\\\random.cjs:1:1 generated asynchronous activity after the test ended. This activity created the error \"Error: kill EPERM\" and would have caused the test to fail, but instead triggered an unhandledRejection event.\n        \n      operator: 'strictEqual'\n      stack: |-\n        TestContext.<anonymous> (file:///d:/workspace/node-test-binary-windows-js-suites/node/test/parallel/test-runner-run.mjs:152:12)\n        process.processTicksAndRejections (node:internal/process/task_queues:95:5)\n        async Test.run (node:internal/test_runner/test:857:9)\n        async Promise.all (index 10)\n        async Suite.run (node:internal/test_runner/test:1217:7)\n        async Test.processPendingSubtests (node:internal/test_runner/test:565:7)\n      ...\n    # Subtest: should pass only to children\n    not ok 12 - should pass only to children\n      ---\n      duration_ms: 1592.714\n      location: 'd:\\\\workspace\\\\node-test-binary-windows-js-suites\\\\node\\\\test\\\\parallel\\\\test-runner-run.mjs:155:3'\n      failureType: 'testCodeFailure'\n      error: |-\n        Expected values to be strictly equal:\n        + actual - expected\n        \n        + '# Error: Test \"d:\\\\\\\\workspace\\\\\\\\node-test-binary-windows-js-suites\\\\\\\\node\\\\\\\\test\\\\\\\\fixtures\\\\\\\\test-runner\\\\\\\\default-behavior\\\\\\\\test\\\\\\\\random.cjs\" at test\\\\\\\\fixtures\\\\\\\\test-runner\\\\\\\\default-behavior\\\\\\\\test\\\\\\\\random.cjs:1:1 generated asynchronous activity after the test ended. This activity created the error \"Error: kill EPERM\" and would have caused the test to fail, but instead triggered an unhandledRejection event.\\n'\n        - '# tests 1\\n'\n      code: 'ERR_ASSERTION'\n      name: 'AssertionError'\n      expected: |-\n        # tests 1\n        \n      actual: |-\n        # Error: Test \"d:\\\\workspace\\\\node-test-binary-windows-js-suites\\\\node\\\\test\\\\fixtures\\\\test-runner\\\\default-behavior\\\\test\\\\random.cjs\" at test\\\\fixtures\\\\test-runner\\\\default-behavior\\\\test\\\\random.cjs:1:1 generated asynchronous activity after the test ended. This activity created the error \"Error: kill EPERM\" and would have caused the test to fail, but instead triggered an unhandledRejection event.\n        \n      operator: 'strictEqual'\n      stack: |-\n        TestContext.<anonymous> (file:///d:/workspace/node-test-binary-windows-js-suites/node/test/parallel/test-runner-run.mjs:165:12)\n        process.processTicksAndRejections (node:internal/process/task_queues:95:5)\n        async Test.run (node:internal/test_runner/test:857:9)\n        async Promise.all (index 11)\n        async Suite.run (node:internal/test_runner/test:1217:7)\n        async Test.processPendingSubtests (node:internal/test_runner/test:565:7)\n      ...\n    # Subtest: should emit \"test:watch:drained\" event on watch mode\n    ok 13 - should emit \"test:watch:drained\" event on watch mode\n      ---\n      duration_ms: 620.7727\n      ...\n    # Subtest: AbortSignal\n        # Subtest: should accept a signal\n        ok 1 - should accept a signal\n          ---\n          duration_ms: 527.0612\n          ...\n        # Subtest: should stop watch mode when abortSignal aborts\n        ok 2 - should stop watch mode when abortSignal aborts\n          ---\n          duration_ms: 1022.2509\n          ...\n        # Subtest: should abort when test succeeded\n        ok 3 - should abort when test succeeded\n          ---\n          duration_ms: 2101.9193\n          ...\n        # Subtest: should abort when test failed\n        ok 4 - should abort when test failed\n          ---\n          duration_ms: 2097.5706\n          ...\n        1..4\n    ok 14 - AbortSignal\n      ---\n      duration_ms: 2172.2696\n      type: 'suite'\n      ...\n    # Subtest: sharding\n        # Subtest: validation\n            # Subtest: should require shard.total when having shard option\n            ok 1 - should require shard.total when having shard option\n              ---\n              duration_ms: 3.9009\n              ...\n            # Subtest: should require shard.index when having shards option\n            ok 2 - should require shard.index when having shards option\n              ---\n              duration_ms: 3.6299\n              ...\n            # Subtest: should require shard.total to be greater than 0 when having shard option\n            ok 3 - should require shard.total to be greater than 0 when having shard option\n              ---\n              duration_ms: 3.3843\n              ...\n            # Subtest: should require shard.index to be greater than 0 when having shard option\n            ok 4 - should require shard.index to be greater than 0 when having shard option\n              ---\n              duration_ms: 2.7772\n              ...\n            # Subtest: should require shard.index to not be greater than the shards total when having shard option\n            ok 5 - should require shard.index to not be greater than the shards total when having shard option\n              ---\n              duration_ms: 2.52\n              ...\n            # Subtest: should require watch mode to be disabled when having shard option\n            ok 6 - should require watch mode to be disabled when having shard option\n              ---\n              duration_ms: 3.0269\n              ...\n            1..6\n        ok 1 - validation\n          ---\n          duration_ms: 321.2297\n          type: 'suite'\n          ...\n        # Subtest: should run only the tests files matching the shard index\n        ok 2 - should run only the tests files matching the shard index\n          ---\n          duration_ms: 3588.3799\n          ...\n        # Subtest: different shards should not run the same file\n        ok 3 - different shards should not run the same file\n          ---\n          duration_ms: 3804.1927\n          ...\n        # Subtest: combination of all shards should be all the tests\n        ok 4 - combination of all shards should be all the tests\n          ---\n          duration_ms: 3956.3699\n          ...\n        1..4\n    ok 15 - sharding\n      ---\n      duration_ms: 4033.9023\n      type: 'suite'\n      ...\n    # Subtest: validation\n        # Subtest: should only allow array in options.files\n        ok 1 - should only allow array in options.files\n          ---\n          duration_ms: 408.9497\n          ...\n        # Subtest: should only allow object as options\n        ok 2 - should only allow object as options\n          ---\n          duration_ms: 404.6907\n          ...\n        # Subtest: should pass instance of stream to setup\n        ok 3 - should pass instance of stream to setup\n          ---\n          duration_ms: 2683.9701\n          ...\n        1..3\n    ok 16 - validation\n      ---\n      duration_ms: 2768.4005\n      type: 'suite'\n      ...\n    # Subtest: should run with no files\n    ok 17 - should run with no files\n      ---\n      duration_ms: 2303.3758\n      ...\n    # Subtest: should run with no files and use spec reporter\n    ok 18 - should run with no files and use spec reporter\n      ---\n      duration_ms: 3312.9864\n      ...\n    # Subtest: should run with no files and use dot reporter\n    ok 19 - should run with no files and use dot reporter\n      ---\n      duration_ms: 3992.7479\n      ...\n    # Subtest: should avoid running recursively\n    ok 20 - should avoid running recursively\n      ---\n      duration_ms: 1951.853\n      ...\n    1..20\nnot ok 1 - require('node:test').run\n  ---\n  duration_ms: 4185.9646\n  type: 'suite'\n  location: 'd:\\\\workspace\\\\node-test-binary-windows-js-suites\\\\node\\\\test\\\\parallel\\\\test-runner-run.mjs:10:1'\n  failureType: 'subtestsFailed'\n  error: '4 subtests failed'\n  code: 'ERR_TEST_FAILURE'\n  ...\n# Subtest: forceExit\n    # Subtest: throws for non-boolean values\n    ok 1 - throws for non-boolean values\n      ---\n      duration_ms: 0.6687\n      ...\n    # Subtest: throws if enabled with watch mode\n    ok 2 - throws if enabled with watch mode\n      ---\n      duration_ms: 0.3087\n      ...\n    1..2\nok 2 - forceExit\n  ---\n  duration_ms: 1.1494\n  type: 'suite'\n  ...\n(node:7072) MaxListenersExceededWarning: Possible EventEmitter memory leak detected. 11 uncaughtException listeners added to [process]. MaxListeners is 10. Use emitter.setMaxListeners() to increase limit\n(Use `node --trace-warnings ...` to show where the warning was created)\n(node:7072) MaxListenersExceededWarning: Possible EventEmitter memory leak detected. 11 unhandledRejection listeners added to [process]. MaxListeners is 10. Use emitter.setMaxListeners() to increase limit\n(node:7072) MaxListenersExceededWarning: Possible EventEmitter memory leak detected. 11 beforeExit listeners added to [process]. MaxListeners is 10. Use emitter.setMaxListeners() to increase limit"},"time":120260.042,"fullname":"parallel/test-runner-run","closingTestPoint":false}}]}