{"failedTests":[{"testName":"sequential/test-module-loading","timestamp":1718733889164,"status":"FAILED","jobName":"node-test-binary-windows-js-suites","config":"node-test-binary-windows-js-suites » 1,win2016-COMPILED_BY-vs2022-x86 #28267","buildUrl":"https://ci.nodejs.org/job/node-test-binary-windows-js-suites/RUN_SUBSET=1,nodes=win2016-COMPILED_BY-vs2022-x86/28267/","buildNumber":28267,"builtOn":"test-rackspace-win2016_vs2015-x64-1","nodeVersion":"20.14.1","commitHash":"ff40d152f6a86d0f777136ff084d32bd8fc8f17f","callStack":[{"upstreamBuild":63660,"upstreamProject":"node-test-commit-windows-fanned","upstreamUrl":"job/node-test-commit-windows-fanned/"},{"upstreamBuild":71601,"upstreamProject":"node-test-commit","upstreamUrl":"job/node-test-commit/"},{"upstreamBuild":59869,"upstreamProject":"node-test-pull-request","upstreamUrl":"job/node-test-pull-request/"},{"prId":"53502"}],"tap":{"ok":false,"name":"sequential/test-module-loading","id":969,"buffered":false,"tapError":null,"skip":false,"todo":false,"previous":null,"plan":null,"diag":{"severity":"fail","exitcode":1,"stack":"b/c.js exit\nload test-module-loading.js\nload fixtures/b/d.js\nload package/index.js\nload fixtures/b/c.js\nload fixtures/a.js\ntest index.js modules ids and relative loading\ntest index.js in a folder with a trailing slash\nnode:assert:758\n    throw err;\n    ^\n\nAssertionError [ERR_ASSERTION]: The input did not match the regular expression /^SyntaxError: Error parsing/. Input:\n\n'Error: Invalid package config C:\\\\workspace\\\\node-test-binary-windows-js-suites\\\\node\\\\test\\\\fixtures\\\\packages\\\\unparseable\\\\package.json.'\n\n    at Object.<anonymous> (C:\\workspace\\node-test-binary-windows-js-suites\\node\\test\\sequential\\test-module-loading.js:129:8)\n    at Module._compile (node:internal/modules/cjs/loader:1357:14)\n    at Module._extensions..js (node:internal/modules/cjs/loader:1415:10)\n    at Module.load (node:internal/modules/cjs/loader:1207:32)\n    at Module._load (node:internal/modules/cjs/loader:1023:12)\n    at Function.executeUserEntryPoint [as runMain] (node:internal/modules/run_main:181:12)\n    at node:internal/main/run_main_module:28:49 {\n  generatedMessage: true,\n  code: 'ERR_ASSERTION',\n  actual: Error: Invalid package config C:\\workspace\\node-test-binary-windows-js-suites\\node\\test\\fixtures\\packages\\unparseable\\package.json.\n      at read (node:internal/modules/package_json_reader:110:33)\n      at readPackage (node:internal/modules/package_json_reader:128:10)\n      at tryPackage (node:internal/modules/cjs/loader:431:36)\n      at Module._findPath (node:internal/modules/cjs/loader:715:18)\n      at Module._resolveFilename (node:internal/modules/cjs/loader:1130:27)\n      at Module._load (node:internal/modules/cjs/loader:985:27)\n      at Module.require (node:internal/modules/cjs/loader:1232:19)\n      at require (node:internal/modules/helpers:179:18)\n      at C:\\workspace\\node-test-binary-windows-js-suites\\node\\test\\sequential\\test-module-loading.js:130:16\n      at getActual (node:assert:765:5) {\n    code: 'ERR_INVALID_PACKAGE_CONFIG'\n  },\n  expected: /^SyntaxError: Error parsing/,\n  operator: 'throws'\n}\n\nNode.js v20.14.1-pre"},"time":226.999,"fullname":"sequential/test-module-loading","closingTestPoint":false}},{"testName":"sequential/test-module-loading","timestamp":1718733889164,"status":"FAILED","jobName":"node-test-binary-windows-js-suites","config":"node-test-binary-windows-js-suites » 1,win10-COMPILED_BY-vs2022 #28267","buildUrl":"https://ci.nodejs.org/job/node-test-binary-windows-js-suites/RUN_SUBSET=1,nodes=win10-COMPILED_BY-vs2022/28267/","buildNumber":28267,"builtOn":"test-azure_msft-win10_vs2019-x64-3","nodeVersion":"20.14.1","commitHash":"ff40d152f6a86d0f777136ff084d32bd8fc8f17f","callStack":[{"upstreamBuild":63660,"upstreamProject":"node-test-commit-windows-fanned","upstreamUrl":"job/node-test-commit-windows-fanned/"},{"upstreamBuild":71601,"upstreamProject":"node-test-commit","upstreamUrl":"job/node-test-commit/"},{"upstreamBuild":59869,"upstreamProject":"node-test-pull-request","upstreamUrl":"job/node-test-pull-request/"},{"prId":"53502"}],"tap":{"ok":false,"name":"sequential/test-module-loading","id":969,"buffered":false,"tapError":null,"skip":false,"todo":false,"previous":null,"plan":null,"diag":{"severity":"fail","exitcode":1,"stack":"b/c.js exit\nload test-module-loading.js\nload fixtures/b/d.js\nload package/index.js\nload fixtures/b/c.js\nload fixtures/a.js\ntest index.js modules ids and relative loading\ntest index.js in a folder with a trailing slash\nnode:assert:758\n    throw err;\n    ^\n\nAssertionError [ERR_ASSERTION]: The input did not match the regular expression /^SyntaxError: Error parsing/. Input:\n\n'Error: Invalid package config c:\\\\workspace\\\\node-test-binary-windows-js-suites\\\\node\\\\test\\\\fixtures\\\\packages\\\\unparseable\\\\package.json.'\n\n    at Object.<anonymous> (c:\\workspace\\node-test-binary-windows-js-suites\\node\\test\\sequential\\test-module-loading.js:129:8)\n    at Module._compile (node:internal/modules/cjs/loader:1357:14)\n    at Module._extensions..js (node:internal/modules/cjs/loader:1415:10)\n    at Module.load (node:internal/modules/cjs/loader:1207:32)\n    at Module._load (node:internal/modules/cjs/loader:1023:12)\n    at Function.executeUserEntryPoint [as runMain] (node:internal/modules/run_main:181:12)\n    at node:internal/main/run_main_module:28:49 {\n  generatedMessage: true,\n  code: 'ERR_ASSERTION',\n  actual: Error: Invalid package config c:\\workspace\\node-test-binary-windows-js-suites\\node\\test\\fixtures\\packages\\unparseable\\package.json.\n      at read (node:internal/modules/package_json_reader:110:33)\n      at readPackage (node:internal/modules/package_json_reader:128:10)\n      at tryPackage (node:internal/modules/cjs/loader:431:36)\n      at Module._findPath (node:internal/modules/cjs/loader:715:18)\n      at Module._resolveFilename (node:internal/modules/cjs/loader:1130:27)\n      at Module._load (node:internal/modules/cjs/loader:985:27)\n      at Module.require (node:internal/modules/cjs/loader:1232:19)\n      at require (node:internal/modules/helpers:179:18)\n      at c:\\workspace\\node-test-binary-windows-js-suites\\node\\test\\sequential\\test-module-loading.js:130:16\n      at getActual (node:assert:765:5) {\n    code: 'ERR_INVALID_PACKAGE_CONFIG'\n  },\n  expected: /^SyntaxError: Error parsing/,\n  operator: 'throws'\n}\n\nNode.js v20.14.1-pre"},"time":183.339,"fullname":"sequential/test-module-loading","closingTestPoint":false}},{"testName":"sequential/test-module-loading","timestamp":1718733889164,"status":"FAILED","jobName":"node-test-binary-windows-js-suites","config":"node-test-binary-windows-js-suites » 1,win2022-COMPILED_BY-vs2022 #28267","buildUrl":"https://ci.nodejs.org/job/node-test-binary-windows-js-suites/RUN_SUBSET=1,nodes=win2022-COMPILED_BY-vs2022/28267/","buildNumber":28267,"builtOn":"test-rackspace-win2022_vs2022-x64-4","nodeVersion":"20.14.1","commitHash":"ff40d152f6a86d0f777136ff084d32bd8fc8f17f","callStack":[{"upstreamBuild":63660,"upstreamProject":"node-test-commit-windows-fanned","upstreamUrl":"job/node-test-commit-windows-fanned/"},{"upstreamBuild":71601,"upstreamProject":"node-test-commit","upstreamUrl":"job/node-test-commit/"},{"upstreamBuild":59869,"upstreamProject":"node-test-pull-request","upstreamUrl":"job/node-test-pull-request/"},{"prId":"53502"}],"tap":{"ok":false,"name":"sequential/test-module-loading","id":969,"buffered":false,"tapError":null,"skip":false,"todo":false,"previous":null,"plan":null,"diag":{"severity":"fail","exitcode":1,"stack":"b/c.js exit\nload test-module-loading.js\nload fixtures/b/d.js\nload package/index.js\nload fixtures/b/c.js\nload fixtures/a.js\ntest index.js modules ids and relative loading\ntest index.js in a folder with a trailing slash\nnode:assert:758\n    throw err;\n    ^\n\nAssertionError [ERR_ASSERTION]: The input did not match the regular expression /^SyntaxError: Error parsing/. Input:\n\n'Error: Invalid package config C:\\\\workspace\\\\node-test-binary-windows-js-suites\\\\node\\\\test\\\\fixtures\\\\packages\\\\unparseable\\\\package.json.'\n\n    at Object.<anonymous> (C:\\workspace\\node-test-binary-windows-js-suites\\node\\test\\sequential\\test-module-loading.js:129:8)\n    at Module._compile (node:internal/modules/cjs/loader:1357:14)\n    at Module._extensions..js (node:internal/modules/cjs/loader:1415:10)\n    at Module.load (node:internal/modules/cjs/loader:1207:32)\n    at Module._load (node:internal/modules/cjs/loader:1023:12)\n    at Function.executeUserEntryPoint [as runMain] (node:internal/modules/run_main:181:12)\n    at node:internal/main/run_main_module:28:49 {\n  generatedMessage: true,\n  code: 'ERR_ASSERTION',\n  actual: Error: Invalid package config C:\\workspace\\node-test-binary-windows-js-suites\\node\\test\\fixtures\\packages\\unparseable\\package.json.\n      at read (node:internal/modules/package_json_reader:110:33)\n      at readPackage (node:internal/modules/package_json_reader:128:10)\n      at tryPackage (node:internal/modules/cjs/loader:431:36)\n      at Module._findPath (node:internal/modules/cjs/loader:715:18)\n      at Module._resolveFilename (node:internal/modules/cjs/loader:1130:27)\n      at Module._load (node:internal/modules/cjs/loader:985:27)\n      at Module.require (node:internal/modules/cjs/loader:1232:19)\n      at require (node:internal/modules/helpers:179:18)\n      at C:\\workspace\\node-test-binary-windows-js-suites\\node\\test\\sequential\\test-module-loading.js:130:16\n      at getActual (node:assert:765:5) {\n    code: 'ERR_INVALID_PACKAGE_CONFIG'\n  },\n  expected: /^SyntaxError: Error parsing/,\n  operator: 'throws'\n}\n\nNode.js v20.14.1-pre"},"time":609.031,"fullname":"sequential/test-module-loading","closingTestPoint":false}},{"testName":"sequential/test-module-loading","timestamp":1718733889164,"status":"FAILED","jobName":"node-test-binary-windows-js-suites","config":"node-test-binary-windows-js-suites » 1,win10-COMPILED_BY-vs2019 #28267","buildUrl":"https://ci.nodejs.org/job/node-test-binary-windows-js-suites/RUN_SUBSET=1,nodes=win10-COMPILED_BY-vs2019/28267/","buildNumber":28267,"builtOn":"test-azure_msft-win10_vs2019-x64-1","nodeVersion":"20.14.1","commitHash":"ff40d152f6a86d0f777136ff084d32bd8fc8f17f","callStack":[{"upstreamBuild":63660,"upstreamProject":"node-test-commit-windows-fanned","upstreamUrl":"job/node-test-commit-windows-fanned/"},{"upstreamBuild":71601,"upstreamProject":"node-test-commit","upstreamUrl":"job/node-test-commit/"},{"upstreamBuild":59869,"upstreamProject":"node-test-pull-request","upstreamUrl":"job/node-test-pull-request/"},{"prId":"53502"}],"tap":{"ok":false,"name":"sequential/test-module-loading","id":969,"buffered":false,"tapError":null,"skip":false,"todo":false,"previous":null,"plan":null,"diag":{"severity":"fail","exitcode":1,"stack":"b/c.js exit\nload test-module-loading.js\nload fixtures/b/d.js\nload package/index.js\nload fixtures/b/c.js\nload fixtures/a.js\ntest index.js modules ids and relative loading\ntest index.js in a folder with a trailing slash\nnode:assert:758\n    throw err;\n    ^\n\nAssertionError [ERR_ASSERTION]: The input did not match the regular expression /^SyntaxError: Error parsing/. Input:\n\n'Error: Invalid package config c:\\\\workspace\\\\node-test-binary-windows-js-suites\\\\node\\\\test\\\\fixtures\\\\packages\\\\unparseable\\\\package.json.'\n\n    at Object.<anonymous> (c:\\workspace\\node-test-binary-windows-js-suites\\node\\test\\sequential\\test-module-loading.js:129:8)\n    at Module._compile (node:internal/modules/cjs/loader:1357:14)\n    at Module._extensions..js (node:internal/modules/cjs/loader:1415:10)\n    at Module.load (node:internal/modules/cjs/loader:1207:32)\n    at Module._load (node:internal/modules/cjs/loader:1023:12)\n    at Function.executeUserEntryPoint [as runMain] (node:internal/modules/run_main:181:12)\n    at node:internal/main/run_main_module:28:49 {\n  generatedMessage: true,\n  code: 'ERR_ASSERTION',\n  actual: Error: Invalid package config c:\\workspace\\node-test-binary-windows-js-suites\\node\\test\\fixtures\\packages\\unparseable\\package.json.\n      at read (node:internal/modules/package_json_reader:110:33)\n      at readPackage (node:internal/modules/package_json_reader:128:10)\n      at tryPackage (node:internal/modules/cjs/loader:431:36)\n      at Module._findPath (node:internal/modules/cjs/loader:715:18)\n      at Module._resolveFilename (node:internal/modules/cjs/loader:1130:27)\n      at Module._load (node:internal/modules/cjs/loader:985:27)\n      at Module.require (node:internal/modules/cjs/loader:1232:19)\n      at require (node:internal/modules/helpers:179:18)\n      at c:\\workspace\\node-test-binary-windows-js-suites\\node\\test\\sequential\\test-module-loading.js:130:16\n      at getActual (node:assert:765:5) {\n    code: 'ERR_INVALID_PACKAGE_CONFIG'\n  },\n  expected: /^SyntaxError: Error parsing/,\n  operator: 'throws'\n}\n\nNode.js v20.14.1-pre"},"time":355.641,"fullname":"sequential/test-module-loading","closingTestPoint":false}},{"testName":"sequential/test-module-loading","timestamp":1718733889164,"status":"FAILED","jobName":"node-test-binary-windows-js-suites","config":"node-test-binary-windows-js-suites » 1,win11-COMPILED_BY-vs2019 #28267","buildUrl":"https://ci.nodejs.org/job/node-test-binary-windows-js-suites/RUN_SUBSET=1,nodes=win11-COMPILED_BY-vs2019/28267/","buildNumber":28267,"builtOn":"test-azure_msft-win11_vs2022-x64-1","nodeVersion":"20.14.1","commitHash":"ff40d152f6a86d0f777136ff084d32bd8fc8f17f","callStack":[{"upstreamBuild":63660,"upstreamProject":"node-test-commit-windows-fanned","upstreamUrl":"job/node-test-commit-windows-fanned/"},{"upstreamBuild":71601,"upstreamProject":"node-test-commit","upstreamUrl":"job/node-test-commit/"},{"upstreamBuild":59869,"upstreamProject":"node-test-pull-request","upstreamUrl":"job/node-test-pull-request/"},{"prId":"53502"}],"tap":{"ok":false,"name":"sequential/test-module-loading","id":969,"buffered":false,"tapError":null,"skip":false,"todo":false,"previous":null,"plan":null,"diag":{"severity":"fail","exitcode":1,"stack":"b/c.js exit\nload test-module-loading.js\nload fixtures/b/d.js\nload package/index.js\nload fixtures/b/c.js\nload fixtures/a.js\ntest index.js modules ids and relative loading\ntest index.js in a folder with a trailing slash\nnode:assert:758\n    throw err;\n    ^\n\nAssertionError [ERR_ASSERTION]: The input did not match the regular expression /^SyntaxError: Error parsing/. Input:\n\n'Error: Invalid package config c:\\\\workspace\\\\node-test-binary-windows-js-suites\\\\node\\\\test\\\\fixtures\\\\packages\\\\unparseable\\\\package.json.'\n\n    at Object.<anonymous> (c:\\workspace\\node-test-binary-windows-js-suites\\node\\test\\sequential\\test-module-loading.js:129:8)\n    at Module._compile (node:internal/modules/cjs/loader:1357:14)\n    at Module._extensions..js (node:internal/modules/cjs/loader:1415:10)\n    at Module.load (node:internal/modules/cjs/loader:1207:32)\n    at Module._load (node:internal/modules/cjs/loader:1023:12)\n    at Function.executeUserEntryPoint [as runMain] (node:internal/modules/run_main:181:12)\n    at node:internal/main/run_main_module:28:49 {\n  generatedMessage: true,\n  code: 'ERR_ASSERTION',\n  actual: Error: Invalid package config c:\\workspace\\node-test-binary-windows-js-suites\\node\\test\\fixtures\\packages\\unparseable\\package.json.\n      at read (node:internal/modules/package_json_reader:110:33)\n      at readPackage (node:internal/modules/package_json_reader:128:10)\n      at tryPackage (node:internal/modules/cjs/loader:431:36)\n      at Module._findPath (node:internal/modules/cjs/loader:715:18)\n      at Module._resolveFilename (node:internal/modules/cjs/loader:1130:27)\n      at Module._load (node:internal/modules/cjs/loader:985:27)\n      at Module.require (node:internal/modules/cjs/loader:1232:19)\n      at require (node:internal/modules/helpers:179:18)\n      at c:\\workspace\\node-test-binary-windows-js-suites\\node\\test\\sequential\\test-module-loading.js:130:16\n      at getActual (node:assert:765:5) {\n    code: 'ERR_INVALID_PACKAGE_CONFIG'\n  },\n  expected: /^SyntaxError: Error parsing/,\n  operator: 'throws'\n}\n\nNode.js v20.14.1-pre"},"time":173.897,"fullname":"sequential/test-module-loading","closingTestPoint":false}},{"testName":"sequential/test-module-loading","timestamp":1718733889164,"status":"FAILED","jobName":"node-test-binary-windows-js-suites","config":"node-test-binary-windows-js-suites » 2,win11-arm64-COMPILED_BY-vs2019-arm64 #28267","buildUrl":"https://ci.nodejs.org/job/node-test-binary-windows-js-suites/RUN_SUBSET=2,nodes=win11-arm64-COMPILED_BY-vs2019-arm64/28267/","buildNumber":28267,"builtOn":"test-azure_msft-win11_vs2022-arm64-2","nodeVersion":"20.14.1","commitHash":"ff40d152f6a86d0f777136ff084d32bd8fc8f17f","callStack":[{"upstreamBuild":63660,"upstreamProject":"node-test-commit-windows-fanned","upstreamUrl":"job/node-test-commit-windows-fanned/"},{"upstreamBuild":71601,"upstreamProject":"node-test-commit","upstreamUrl":"job/node-test-commit/"},{"upstreamBuild":59869,"upstreamProject":"node-test-pull-request","upstreamUrl":"job/node-test-pull-request/"},{"prId":"53502"}],"tap":{"ok":false,"name":"sequential/test-module-loading","id":968,"buffered":false,"tapError":null,"skip":false,"todo":false,"previous":null,"plan":null,"diag":{"severity":"fail","exitcode":1,"stack":"b/c.js exit\nload test-module-loading.js\nload fixtures/b/d.js\nload package/index.js\nload fixtures/b/c.js\nload fixtures/a.js\ntest index.js modules ids and relative loading\ntest index.js in a folder with a trailing slash\nnode:assert:758\n    throw err;\n    ^\n\nAssertionError [ERR_ASSERTION]: The input did not match the regular expression /^SyntaxError: Error parsing/. Input:\n\n'Error: Invalid package config d:\\\\workspace\\\\node-test-binary-windows-js-suites\\\\node\\\\test\\\\fixtures\\\\packages\\\\unparseable\\\\package.json.'\n\n    at Object.<anonymous> (d:\\workspace\\node-test-binary-windows-js-suites\\node\\test\\sequential\\test-module-loading.js:129:8)\n    at Module._compile (node:internal/modules/cjs/loader:1357:14)\n    at Module._extensions..js (node:internal/modules/cjs/loader:1415:10)\n    at Module.load (node:internal/modules/cjs/loader:1207:32)\n    at Module._load (node:internal/modules/cjs/loader:1023:12)\n    at Function.executeUserEntryPoint [as runMain] (node:internal/modules/run_main:181:12)\n    at node:internal/main/run_main_module:28:49 {\n  generatedMessage: true,\n  code: 'ERR_ASSERTION',\n  actual: Error: Invalid package config d:\\workspace\\node-test-binary-windows-js-suites\\node\\test\\fixtures\\packages\\unparseable\\package.json.\n      at read (node:internal/modules/package_json_reader:110:33)\n      at readPackage (node:internal/modules/package_json_reader:128:10)\n      at tryPackage (node:internal/modules/cjs/loader:431:36)\n      at Module._findPath (node:internal/modules/cjs/loader:715:18)\n      at Module._resolveFilename (node:internal/modules/cjs/loader:1130:27)\n      at Module._load (node:internal/modules/cjs/loader:985:27)\n      at Module.require (node:internal/modules/cjs/loader:1232:19)\n      at require (node:internal/modules/helpers:179:18)\n      at d:\\workspace\\node-test-binary-windows-js-suites\\node\\test\\sequential\\test-module-loading.js:130:16\n      at getActual (node:assert:765:5) {\n    code: 'ERR_INVALID_PACKAGE_CONFIG'\n  },\n  expected: /^SyntaxError: Error parsing/,\n  operator: 'throws'\n}\n\nNode.js v20.14.1-pre"},"time":432.792,"fullname":"sequential/test-module-loading","closingTestPoint":false}},{"testName":"sequential/test-module-loading","timestamp":1718733889164,"status":"FAILED","jobName":"node-test-binary-windows-js-suites","config":"node-test-binary-windows-js-suites » 1,win2022-COMPILED_BY-vs2019 #28267","buildUrl":"https://ci.nodejs.org/job/node-test-binary-windows-js-suites/RUN_SUBSET=1,nodes=win2022-COMPILED_BY-vs2019/28267/","buildNumber":28267,"builtOn":"test-rackspace-win2022_vs2022-x64-3","nodeVersion":"20.14.1","commitHash":"ff40d152f6a86d0f777136ff084d32bd8fc8f17f","callStack":[{"upstreamBuild":63660,"upstreamProject":"node-test-commit-windows-fanned","upstreamUrl":"job/node-test-commit-windows-fanned/"},{"upstreamBuild":71601,"upstreamProject":"node-test-commit","upstreamUrl":"job/node-test-commit/"},{"upstreamBuild":59869,"upstreamProject":"node-test-pull-request","upstreamUrl":"job/node-test-pull-request/"},{"prId":"53502"}],"tap":{"ok":false,"name":"sequential/test-module-loading","id":969,"buffered":false,"tapError":null,"skip":false,"todo":false,"previous":null,"plan":null,"diag":{"severity":"fail","exitcode":1,"stack":"b/c.js exit\nload test-module-loading.js\nload fixtures/b/d.js\nload package/index.js\nload fixtures/b/c.js\nload fixtures/a.js\ntest index.js modules ids and relative loading\ntest index.js in a folder with a trailing slash\nnode:assert:758\n    throw err;\n    ^\n\nAssertionError [ERR_ASSERTION]: The input did not match the regular expression /^SyntaxError: Error parsing/. Input:\n\n'Error: Invalid package config C:\\\\workspace\\\\node-test-binary-windows-js-suites\\\\node\\\\test\\\\fixtures\\\\packages\\\\unparseable\\\\package.json.'\n\n    at Object.<anonymous> (C:\\workspace\\node-test-binary-windows-js-suites\\node\\test\\sequential\\test-module-loading.js:129:8)\n    at Module._compile (node:internal/modules/cjs/loader:1357:14)\n    at Module._extensions..js (node:internal/modules/cjs/loader:1415:10)\n    at Module.load (node:internal/modules/cjs/loader:1207:32)\n    at Module._load (node:internal/modules/cjs/loader:1023:12)\n    at Function.executeUserEntryPoint [as runMain] (node:internal/modules/run_main:181:12)\n    at node:internal/main/run_main_module:28:49 {\n  generatedMessage: true,\n  code: 'ERR_ASSERTION',\n  actual: Error: Invalid package config C:\\workspace\\node-test-binary-windows-js-suites\\node\\test\\fixtures\\packages\\unparseable\\package.json.\n      at read (node:internal/modules/package_json_reader:110:33)\n      at readPackage (node:internal/modules/package_json_reader:128:10)\n      at tryPackage (node:internal/modules/cjs/loader:431:36)\n      at Module._findPath (node:internal/modules/cjs/loader:715:18)\n      at Module._resolveFilename (node:internal/modules/cjs/loader:1130:27)\n      at Module._load (node:internal/modules/cjs/loader:985:27)\n      at Module.require (node:internal/modules/cjs/loader:1232:19)\n      at require (node:internal/modules/helpers:179:18)\n      at C:\\workspace\\node-test-binary-windows-js-suites\\node\\test\\sequential\\test-module-loading.js:130:16\n      at getActual (node:assert:765:5) {\n    code: 'ERR_INVALID_PACKAGE_CONFIG'\n  },\n  expected: /^SyntaxError: Error parsing/,\n  operator: 'throws'\n}\n\nNode.js v20.14.1-pre"},"time":485.015,"fullname":"sequential/test-module-loading","closingTestPoint":false}},{"testName":"sequential/test-module-loading","timestamp":1718733889164,"status":"FAILED","jobName":"node-test-binary-windows-js-suites","config":"node-test-binary-windows-js-suites » 1,win2019-COMPILED_BY-vs2019 #28267","buildUrl":"https://ci.nodejs.org/job/node-test-binary-windows-js-suites/RUN_SUBSET=1,nodes=win2019-COMPILED_BY-vs2019/28267/","buildNumber":28267,"builtOn":"test-rackspace-win2019_vs2019-x64-1","nodeVersion":"20.14.1","commitHash":"ff40d152f6a86d0f777136ff084d32bd8fc8f17f","callStack":[{"upstreamBuild":63660,"upstreamProject":"node-test-commit-windows-fanned","upstreamUrl":"job/node-test-commit-windows-fanned/"},{"upstreamBuild":71601,"upstreamProject":"node-test-commit","upstreamUrl":"job/node-test-commit/"},{"upstreamBuild":59869,"upstreamProject":"node-test-pull-request","upstreamUrl":"job/node-test-pull-request/"},{"prId":"53502"}],"tap":{"ok":false,"name":"sequential/test-module-loading","id":969,"buffered":false,"tapError":null,"skip":false,"todo":false,"previous":null,"plan":null,"diag":{"severity":"fail","exitcode":1,"stack":"b/c.js exit\nload test-module-loading.js\nload fixtures/b/d.js\nload package/index.js\nload fixtures/b/c.js\nload fixtures/a.js\ntest index.js modules ids and relative loading\ntest index.js in a folder with a trailing slash\nnode:assert:758\n    throw err;\n    ^\n\nAssertionError [ERR_ASSERTION]: The input did not match the regular expression /^SyntaxError: Error parsing/. Input:\n\n'Error: Invalid package config C:\\\\workspace\\\\node-test-binary-windows-js-suites\\\\node\\\\test\\\\fixtures\\\\packages\\\\unparseable\\\\package.json.'\n\n    at Object.<anonymous> (C:\\workspace\\node-test-binary-windows-js-suites\\node\\test\\sequential\\test-module-loading.js:129:8)\n    at Module._compile (node:internal/modules/cjs/loader:1357:14)\n    at Module._extensions..js (node:internal/modules/cjs/loader:1415:10)\n    at Module.load (node:internal/modules/cjs/loader:1207:32)\n    at Module._load (node:internal/modules/cjs/loader:1023:12)\n    at Function.executeUserEntryPoint [as runMain] (node:internal/modules/run_main:181:12)\n    at node:internal/main/run_main_module:28:49 {\n  generatedMessage: true,\n  code: 'ERR_ASSERTION',\n  actual: Error: Invalid package config C:\\workspace\\node-test-binary-windows-js-suites\\node\\test\\fixtures\\packages\\unparseable\\package.json.\n      at read (node:internal/modules/package_json_reader:110:33)\n      at readPackage (node:internal/modules/package_json_reader:128:10)\n      at tryPackage (node:internal/modules/cjs/loader:431:36)\n      at Module._findPath (node:internal/modules/cjs/loader:715:18)\n      at Module._resolveFilename (node:internal/modules/cjs/loader:1130:27)\n      at Module._load (node:internal/modules/cjs/loader:985:27)\n      at Module.require (node:internal/modules/cjs/loader:1232:19)\n      at require (node:internal/modules/helpers:179:18)\n      at C:\\workspace\\node-test-binary-windows-js-suites\\node\\test\\sequential\\test-module-loading.js:130:16\n      at getActual (node:assert:765:5) {\n    code: 'ERR_INVALID_PACKAGE_CONFIG'\n  },\n  expected: /^SyntaxError: Error parsing/,\n  operator: 'throws'\n}\n\nNode.js v20.14.1-pre"},"time":610.04,"fullname":"sequential/test-module-loading","closingTestPoint":false}},{"testName":"sequential/test-module-loading","timestamp":1718733889164,"status":"FAILED","jobName":"node-test-binary-windows-js-suites","config":"node-test-binary-windows-js-suites » 1,win2019-COMPILED_BY-vs2022 #28267","buildUrl":"https://ci.nodejs.org/job/node-test-binary-windows-js-suites/RUN_SUBSET=1,nodes=win2019-COMPILED_BY-vs2022/28267/","buildNumber":28267,"builtOn":"test-rackspace-win2019_vs2019-x64-4","nodeVersion":"20.14.1","commitHash":"ff40d152f6a86d0f777136ff084d32bd8fc8f17f","callStack":[{"upstreamBuild":63660,"upstreamProject":"node-test-commit-windows-fanned","upstreamUrl":"job/node-test-commit-windows-fanned/"},{"upstreamBuild":71601,"upstreamProject":"node-test-commit","upstreamUrl":"job/node-test-commit/"},{"upstreamBuild":59869,"upstreamProject":"node-test-pull-request","upstreamUrl":"job/node-test-pull-request/"},{"prId":"53502"}],"tap":{"ok":false,"name":"sequential/test-module-loading","id":969,"buffered":false,"tapError":null,"skip":false,"todo":false,"previous":null,"plan":null,"diag":{"severity":"fail","exitcode":1,"stack":"b/c.js exit\nload test-module-loading.js\nload fixtures/b/d.js\nload package/index.js\nload fixtures/b/c.js\nload fixtures/a.js\ntest index.js modules ids and relative loading\ntest index.js in a folder with a trailing slash\nnode:assert:758\n    throw err;\n    ^\n\nAssertionError [ERR_ASSERTION]: The input did not match the regular expression /^SyntaxError: Error parsing/. Input:\n\n'Error: Invalid package config C:\\\\workspace\\\\node-test-binary-windows-js-suites\\\\node\\\\test\\\\fixtures\\\\packages\\\\unparseable\\\\package.json.'\n\n    at Object.<anonymous> (C:\\workspace\\node-test-binary-windows-js-suites\\node\\test\\sequential\\test-module-loading.js:129:8)\n    at Module._compile (node:internal/modules/cjs/loader:1357:14)\n    at Module._extensions..js (node:internal/modules/cjs/loader:1415:10)\n    at Module.load (node:internal/modules/cjs/loader:1207:32)\n    at Module._load (node:internal/modules/cjs/loader:1023:12)\n    at Function.executeUserEntryPoint [as runMain] (node:internal/modules/run_main:181:12)\n    at node:internal/main/run_main_module:28:49 {\n  generatedMessage: true,\n  code: 'ERR_ASSERTION',\n  actual: Error: Invalid package config C:\\workspace\\node-test-binary-windows-js-suites\\node\\test\\fixtures\\packages\\unparseable\\package.json.\n      at read (node:internal/modules/package_json_reader:110:33)\n      at readPackage (node:internal/modules/package_json_reader:128:10)\n      at tryPackage (node:internal/modules/cjs/loader:431:36)\n      at Module._findPath (node:internal/modules/cjs/loader:715:18)\n      at Module._resolveFilename (node:internal/modules/cjs/loader:1130:27)\n      at Module._load (node:internal/modules/cjs/loader:985:27)\n      at Module.require (node:internal/modules/cjs/loader:1232:19)\n      at require (node:internal/modules/helpers:179:18)\n      at C:\\workspace\\node-test-binary-windows-js-suites\\node\\test\\sequential\\test-module-loading.js:130:16\n      at getActual (node:assert:765:5) {\n    code: 'ERR_INVALID_PACKAGE_CONFIG'\n  },\n  expected: /^SyntaxError: Error parsing/,\n  operator: 'throws'\n}\n\nNode.js v20.14.1-pre"},"time":288.215,"fullname":"sequential/test-module-loading","closingTestPoint":false}},{"testName":"sequential/test-module-loading","timestamp":1718733889164,"status":"FAILED","jobName":"node-test-binary-windows-js-suites","config":"node-test-binary-windows-js-suites » 2,win11-arm64-COMPILED_BY-vs2022-arm64 #28267","buildUrl":"https://ci.nodejs.org/job/node-test-binary-windows-js-suites/RUN_SUBSET=2,nodes=win11-arm64-COMPILED_BY-vs2022-arm64/28267/","buildNumber":28267,"builtOn":"test-azure_msft-win11_vs2022-arm64-5","nodeVersion":"20.14.1","commitHash":"ff40d152f6a86d0f777136ff084d32bd8fc8f17f","callStack":[{"upstreamBuild":63660,"upstreamProject":"node-test-commit-windows-fanned","upstreamUrl":"job/node-test-commit-windows-fanned/"},{"upstreamBuild":71601,"upstreamProject":"node-test-commit","upstreamUrl":"job/node-test-commit/"},{"upstreamBuild":59869,"upstreamProject":"node-test-pull-request","upstreamUrl":"job/node-test-pull-request/"},{"prId":"53502"}],"tap":{"ok":false,"name":"sequential/test-module-loading","id":968,"buffered":false,"tapError":null,"skip":false,"todo":false,"previous":null,"plan":null,"diag":{"severity":"fail","exitcode":1,"stack":"b/c.js exit\nload test-module-loading.js\nload fixtures/b/d.js\nload package/index.js\nload fixtures/b/c.js\nload fixtures/a.js\ntest index.js modules ids and relative loading\ntest index.js in a folder with a trailing slash\nnode:assert:758\n    throw err;\n    ^\n\nAssertionError [ERR_ASSERTION]: The input did not match the regular expression /^SyntaxError: Error parsing/. Input:\n\n'Error: Invalid package config d:\\\\workspace\\\\node-test-binary-windows-js-suites\\\\node\\\\test\\\\fixtures\\\\packages\\\\unparseable\\\\package.json.'\n\n    at Object.<anonymous> (d:\\workspace\\node-test-binary-windows-js-suites\\node\\test\\sequential\\test-module-loading.js:129:8)\n    at Module._compile (node:internal/modules/cjs/loader:1357:14)\n    at Module._extensions..js (node:internal/modules/cjs/loader:1415:10)\n    at Module.load (node:internal/modules/cjs/loader:1207:32)\n    at Module._load (node:internal/modules/cjs/loader:1023:12)\n    at Function.executeUserEntryPoint [as runMain] (node:internal/modules/run_main:181:12)\n    at node:internal/main/run_main_module:28:49 {\n  generatedMessage: true,\n  code: 'ERR_ASSERTION',\n  actual: Error: Invalid package config d:\\workspace\\node-test-binary-windows-js-suites\\node\\test\\fixtures\\packages\\unparseable\\package.json.\n      at read (node:internal/modules/package_json_reader:110:33)\n      at readPackage (node:internal/modules/package_json_reader:128:10)\n      at tryPackage (node:internal/modules/cjs/loader:431:36)\n      at Module._findPath (node:internal/modules/cjs/loader:715:18)\n      at Module._resolveFilename (node:internal/modules/cjs/loader:1130:27)\n      at Module._load (node:internal/modules/cjs/loader:985:27)\n      at Module.require (node:internal/modules/cjs/loader:1232:19)\n      at require (node:internal/modules/helpers:179:18)\n      at d:\\workspace\\node-test-binary-windows-js-suites\\node\\test\\sequential\\test-module-loading.js:130:16\n      at getActual (node:assert:765:5) {\n    code: 'ERR_INVALID_PACKAGE_CONFIG'\n  },\n  expected: /^SyntaxError: Error parsing/,\n  operator: 'throws'\n}\n\nNode.js v20.14.1-pre"},"time":266.46,"fullname":"sequential/test-module-loading","closingTestPoint":false}},{"testName":"sequential/test-module-loading","timestamp":1718733889164,"status":"FAILED","jobName":"node-test-binary-windows-js-suites","config":"node-test-binary-windows-js-suites » 1,win11-COMPILED_BY-vs2022 #28267","buildUrl":"https://ci.nodejs.org/job/node-test-binary-windows-js-suites/RUN_SUBSET=1,nodes=win11-COMPILED_BY-vs2022/28267/","buildNumber":28267,"builtOn":"test-azure_msft-win11_vs2022-x64-3","nodeVersion":"20.14.1","commitHash":"ff40d152f6a86d0f777136ff084d32bd8fc8f17f","callStack":[{"upstreamBuild":63660,"upstreamProject":"node-test-commit-windows-fanned","upstreamUrl":"job/node-test-commit-windows-fanned/"},{"upstreamBuild":71601,"upstreamProject":"node-test-commit","upstreamUrl":"job/node-test-commit/"},{"upstreamBuild":59869,"upstreamProject":"node-test-pull-request","upstreamUrl":"job/node-test-pull-request/"},{"prId":"53502"}],"tap":{"ok":false,"name":"sequential/test-module-loading","id":969,"buffered":false,"tapError":null,"skip":false,"todo":false,"previous":null,"plan":null,"diag":{"severity":"fail","exitcode":1,"stack":"b/c.js exit\nload test-module-loading.js\nload fixtures/b/d.js\nload package/index.js\nload fixtures/b/c.js\nload fixtures/a.js\ntest index.js modules ids and relative loading\ntest index.js in a folder with a trailing slash\nnode:assert:758\n    throw err;\n    ^\n\nAssertionError [ERR_ASSERTION]: The input did not match the regular expression /^SyntaxError: Error parsing/. Input:\n\n'Error: Invalid package config c:\\\\workspace\\\\node-test-binary-windows-js-suites\\\\node\\\\test\\\\fixtures\\\\packages\\\\unparseable\\\\package.json.'\n\n    at Object.<anonymous> (c:\\workspace\\node-test-binary-windows-js-suites\\node\\test\\sequential\\test-module-loading.js:129:8)\n    at Module._compile (node:internal/modules/cjs/loader:1357:14)\n    at Module._extensions..js (node:internal/modules/cjs/loader:1415:10)\n    at Module.load (node:internal/modules/cjs/loader:1207:32)\n    at Module._load (node:internal/modules/cjs/loader:1023:12)\n    at Function.executeUserEntryPoint [as runMain] (node:internal/modules/run_main:181:12)\n    at node:internal/main/run_main_module:28:49 {\n  generatedMessage: true,\n  code: 'ERR_ASSERTION',\n  actual: Error: Invalid package config c:\\workspace\\node-test-binary-windows-js-suites\\node\\test\\fixtures\\packages\\unparseable\\package.json.\n      at read (node:internal/modules/package_json_reader:110:33)\n      at readPackage (node:internal/modules/package_json_reader:128:10)\n      at tryPackage (node:internal/modules/cjs/loader:431:36)\n      at Module._findPath (node:internal/modules/cjs/loader:715:18)\n      at Module._resolveFilename (node:internal/modules/cjs/loader:1130:27)\n      at Module._load (node:internal/modules/cjs/loader:985:27)\n      at Module.require (node:internal/modules/cjs/loader:1232:19)\n      at require (node:internal/modules/helpers:179:18)\n      at c:\\workspace\\node-test-binary-windows-js-suites\\node\\test\\sequential\\test-module-loading.js:130:16\n      at getActual (node:assert:765:5) {\n    code: 'ERR_INVALID_PACKAGE_CONFIG'\n  },\n  expected: /^SyntaxError: Error parsing/,\n  operator: 'throws'\n}\n\nNode.js v20.14.1-pre"},"time":291,"fullname":"sequential/test-module-loading","closingTestPoint":false}},{"testName":"sequential/test-module-loading","timestamp":1718733889164,"status":"FAILED","jobName":"node-test-binary-windows-js-suites","config":"node-test-binary-windows-js-suites » 1,win2016-COMPILED_BY-vs2019-x86 #28267","buildUrl":"https://ci.nodejs.org/job/node-test-binary-windows-js-suites/RUN_SUBSET=1,nodes=win2016-COMPILED_BY-vs2019-x86/28267/","buildNumber":28267,"builtOn":"test-azure_msft-win2016_vs2017-x64-2","nodeVersion":"20.14.1","commitHash":"ff40d152f6a86d0f777136ff084d32bd8fc8f17f","callStack":[{"upstreamBuild":63660,"upstreamProject":"node-test-commit-windows-fanned","upstreamUrl":"job/node-test-commit-windows-fanned/"},{"upstreamBuild":71601,"upstreamProject":"node-test-commit","upstreamUrl":"job/node-test-commit/"},{"upstreamBuild":59869,"upstreamProject":"node-test-pull-request","upstreamUrl":"job/node-test-pull-request/"},{"prId":"53502"}],"tap":{"ok":false,"name":"sequential/test-module-loading","id":969,"buffered":false,"tapError":null,"skip":false,"todo":false,"previous":null,"plan":null,"diag":{"severity":"fail","exitcode":1,"stack":"b/c.js exit\nload test-module-loading.js\nload fixtures/b/d.js\nload package/index.js\nload fixtures/b/c.js\nload fixtures/a.js\ntest index.js modules ids and relative loading\ntest index.js in a folder with a trailing slash\nnode:assert:758\n    throw err;\n    ^\n\nAssertionError [ERR_ASSERTION]: The input did not match the regular expression /^SyntaxError: Error parsing/. Input:\n\n'Error: Invalid package config C:\\\\workspace\\\\node-test-binary-windows-js-suites\\\\node\\\\test\\\\fixtures\\\\packages\\\\unparseable\\\\package.json.'\n\n    at Object.<anonymous> (C:\\workspace\\node-test-binary-windows-js-suites\\node\\test\\sequential\\test-module-loading.js:129:8)\n    at Module._compile (node:internal/modules/cjs/loader:1357:14)\n    at Module._extensions..js (node:internal/modules/cjs/loader:1415:10)\n    at Module.load (node:internal/modules/cjs/loader:1207:32)\n    at Module._load (node:internal/modules/cjs/loader:1023:12)\n    at Function.executeUserEntryPoint [as runMain] (node:internal/modules/run_main:181:12)\n    at node:internal/main/run_main_module:28:49 {\n  generatedMessage: true,\n  code: 'ERR_ASSERTION',\n  actual: Error: Invalid package config C:\\workspace\\node-test-binary-windows-js-suites\\node\\test\\fixtures\\packages\\unparseable\\package.json.\n      at read (node:internal/modules/package_json_reader:110:33)\n      at readPackage (node:internal/modules/package_json_reader:128:10)\n      at tryPackage (node:internal/modules/cjs/loader:431:36)\n      at Module._findPath (node:internal/modules/cjs/loader:715:18)\n      at Module._resolveFilename (node:internal/modules/cjs/loader:1130:27)\n      at Module._load (node:internal/modules/cjs/loader:985:27)\n      at Module.require (node:internal/modules/cjs/loader:1232:19)\n      at require (node:internal/modules/helpers:179:18)\n      at C:\\workspace\\node-test-binary-windows-js-suites\\node\\test\\sequential\\test-module-loading.js:130:16\n      at getActual (node:assert:765:5) {\n    code: 'ERR_INVALID_PACKAGE_CONFIG'\n  },\n  expected: /^SyntaxError: Error parsing/,\n  operator: 'throws'\n}\n\nNode.js v20.14.1-pre"},"time":154.014,"fullname":"sequential/test-module-loading","closingTestPoint":false}}]}