{"failedTests":[{"testName":"js-tests.junit.xml/[empty]","timestamp":1719877717196,"status":"FAILED","jobName":"node-test-binary-windows-js-suites","config":"node-test-binary-windows-js-suites » 3,win2019-COMPILED_BY-vs2022 #28399","buildUrl":"https://ci.nodejs.org/job/node-test-binary-windows-js-suites/RUN_SUBSET=3,nodes=win2019-COMPILED_BY-vs2022/28399/","buildNumber":28399,"builtOn":"test-rackspace-win2019_vs2019-x64-3","nodeVersion":"20.15.1","commitHash":"0e6a497299573c5e3436895d5cd1d0e7cd66174c","callStack":[{"upstreamBuild":63804,"upstreamProject":"node-test-commit-windows-fanned","upstreamUrl":"job/node-test-commit-windows-fanned/"},{"upstreamBuild":71784,"upstreamProject":"node-test-commit","upstreamUrl":"job/node-test-commit/"},{"upstreamBuild":60013,"upstreamProject":"node-test-pull-request","upstreamUrl":"job/node-test-pull-request/"},{"prId":"608"}],"tap":null},{"testName":"parallel/test-permission-fs-windows-path","timestamp":1719877717196,"status":"FAILED","jobName":"node-test-binary-windows-js-suites","config":"node-test-binary-windows-js-suites » 2,win2019-COMPILED_BY-vs2019 #28399","buildUrl":"https://ci.nodejs.org/job/node-test-binary-windows-js-suites/RUN_SUBSET=2,nodes=win2019-COMPILED_BY-vs2019/28399/","buildNumber":28399,"builtOn":"test-rackspace-win2019_vs2019-x64-2","nodeVersion":"20.15.1","commitHash":"0e6a497299573c5e3436895d5cd1d0e7cd66174c","callStack":[{"upstreamBuild":63804,"upstreamProject":"node-test-commit-windows-fanned","upstreamUrl":"job/node-test-commit-windows-fanned/"},{"upstreamBuild":71784,"upstreamProject":"node-test-commit","upstreamUrl":"job/node-test-commit/"},{"upstreamBuild":60013,"upstreamProject":"node-test-pull-request","upstreamUrl":"job/node-test-pull-request/"},{"prId":"608"}],"tap":{"ok":false,"name":"parallel/test-permission-fs-windows-path","id":595,"buffered":false,"tapError":null,"skip":false,"todo":false,"previous":null,"plan":null,"diag":{"severity":"fail","exitcode":1,"stack":"node:assert:126\n  throw new AssertionError(obj);\n  ^\n\nAssertionError [ERR_ASSERTION]: (node:5852) ExperimentalWarning: Permission is an experimental feature\n(Use `node --trace-warnings ...` to show where the warning was created)\n\n    at Object.<anonymous> (C:\\workspace\\node-test-binary-windows-js-suites\\node\\test\\parallel\\test-permission-fs-windows-path.js:48:10)\n    at Module._compile (node:internal/modules/cjs/loader:1358:14)\n    at Module._extensions..js (node:internal/modules/cjs/loader:1416:10)\n    at Module.load (node:internal/modules/cjs/loader:1208:32)\n    at Module._load (node:internal/modules/cjs/loader:1024:12)\n    at Function.executeUserEntryPoint [as runMain] (node:internal/modules/run_main:174:12)\n    at node:internal/main/run_main_module:28:49 {\n  generatedMessage: false,\n  code: 'ERR_ASSERTION',\n  actual: 'true\\n',\n  expected: 'false\\n',\n  operator: 'strictEqual'\n}\n\nNode.js v20.15.1"},"time":937.356,"fullname":"parallel/test-permission-fs-windows-path","closingTestPoint":false}},{"testName":"js-tests.junit.xml/[empty]","timestamp":1719877717196,"status":"FAILED","jobName":"node-test-binary-windows-js-suites","config":"node-test-binary-windows-js-suites » 3,win2022-COMPILED_BY-vs2022 #28399","buildUrl":"https://ci.nodejs.org/job/node-test-binary-windows-js-suites/RUN_SUBSET=3,nodes=win2022-COMPILED_BY-vs2022/28399/","buildNumber":28399,"builtOn":"test-rackspace-win2022_vs2022-x64-6","nodeVersion":"20.15.1","commitHash":"0e6a497299573c5e3436895d5cd1d0e7cd66174c","callStack":[{"upstreamBuild":63804,"upstreamProject":"node-test-commit-windows-fanned","upstreamUrl":"job/node-test-commit-windows-fanned/"},{"upstreamBuild":71784,"upstreamProject":"node-test-commit","upstreamUrl":"job/node-test-commit/"},{"upstreamBuild":60013,"upstreamProject":"node-test-pull-request","upstreamUrl":"job/node-test-pull-request/"},{"prId":"608"}],"tap":null},{"testName":"js-tests.junit.xml/[empty]","timestamp":1719877717196,"status":"FAILED","jobName":"node-test-binary-windows-js-suites","config":"node-test-binary-windows-js-suites » 0,win2016-COMPILED_BY-vs2022-x86 #28399","buildUrl":"https://ci.nodejs.org/job/node-test-binary-windows-js-suites/RUN_SUBSET=0,nodes=win2016-COMPILED_BY-vs2022-x86/28399/","buildNumber":28399,"builtOn":"test-azure_msft-win2016_vs2017-x64-1","nodeVersion":"20.15.1","commitHash":"0e6a497299573c5e3436895d5cd1d0e7cd66174c","callStack":[{"upstreamBuild":63804,"upstreamProject":"node-test-commit-windows-fanned","upstreamUrl":"job/node-test-commit-windows-fanned/"},{"upstreamBuild":71784,"upstreamProject":"node-test-commit","upstreamUrl":"job/node-test-commit/"},{"upstreamBuild":60013,"upstreamProject":"node-test-pull-request","upstreamUrl":"job/node-test-pull-request/"},{"prId":"608"}],"tap":null},{"testName":"js-tests.junit.xml/[empty]","timestamp":1719877717196,"status":"FAILED","jobName":"node-test-binary-windows-js-suites","config":"node-test-binary-windows-js-suites » 3,win2016-COMPILED_BY-vs2022-x86 #28399","buildUrl":"https://ci.nodejs.org/job/node-test-binary-windows-js-suites/RUN_SUBSET=3,nodes=win2016-COMPILED_BY-vs2022-x86/28399/","buildNumber":28399,"builtOn":"test-azure_msft-win2016_vs2017-x64-2","nodeVersion":"20.15.1","commitHash":"0e6a497299573c5e3436895d5cd1d0e7cd66174c","callStack":[{"upstreamBuild":63804,"upstreamProject":"node-test-commit-windows-fanned","upstreamUrl":"job/node-test-commit-windows-fanned/"},{"upstreamBuild":71784,"upstreamProject":"node-test-commit","upstreamUrl":"job/node-test-commit/"},{"upstreamBuild":60013,"upstreamProject":"node-test-pull-request","upstreamUrl":"job/node-test-pull-request/"},{"prId":"608"}],"tap":null},{"testName":"parallel/test-permission-fs-windows-path","timestamp":1719877717196,"status":"FAILED","jobName":"node-test-binary-windows-js-suites","config":"node-test-binary-windows-js-suites » 2,win2016-COMPILED_BY-vs2019-x86 #28399","buildUrl":"https://ci.nodejs.org/job/node-test-binary-windows-js-suites/RUN_SUBSET=2,nodes=win2016-COMPILED_BY-vs2019-x86/28399/","buildNumber":28399,"builtOn":"test-rackspace-win2016_vs2015-x64-2","nodeVersion":"20.15.1","commitHash":"0e6a497299573c5e3436895d5cd1d0e7cd66174c","callStack":[{"upstreamBuild":63804,"upstreamProject":"node-test-commit-windows-fanned","upstreamUrl":"job/node-test-commit-windows-fanned/"},{"upstreamBuild":71784,"upstreamProject":"node-test-commit","upstreamUrl":"job/node-test-commit/"},{"upstreamBuild":60013,"upstreamProject":"node-test-pull-request","upstreamUrl":"job/node-test-pull-request/"},{"prId":"608"}],"tap":{"ok":false,"name":"parallel/test-permission-fs-windows-path","id":597,"buffered":false,"tapError":null,"skip":false,"todo":false,"previous":null,"plan":null,"diag":{"severity":"fail","exitcode":1,"stack":"node:assert:126\n  throw new AssertionError(obj);\n  ^\n\nAssertionError [ERR_ASSERTION]: (node:9088) ExperimentalWarning: Permission is an experimental feature\n(Use `node --trace-warnings ...` to show where the warning was created)\n\n    at Object.<anonymous> (C:\\workspace\\node-test-binary-windows-js-suites\\node\\test\\parallel\\test-permission-fs-windows-path.js:48:10)\n    at Module._compile (node:internal/modules/cjs/loader:1358:14)\n    at Module._extensions..js (node:internal/modules/cjs/loader:1416:10)\n    at Module.load (node:internal/modules/cjs/loader:1208:32)\n    at Module._load (node:internal/modules/cjs/loader:1024:12)\n    at Function.executeUserEntryPoint [as runMain] (node:internal/modules/run_main:174:12)\n    at node:internal/main/run_main_module:28:49 {\n  generatedMessage: false,\n  code: 'ERR_ASSERTION',\n  actual: 'true\\n',\n  expected: 'false\\n',\n  operator: 'strictEqual'\n}\n\nNode.js v20.15.1"},"time":824.304,"fullname":"parallel/test-permission-fs-windows-path","closingTestPoint":false}},{"testName":"js-tests.junit.xml/[empty]","timestamp":1719877717196,"status":"FAILED","jobName":"node-test-binary-windows-js-suites","config":"node-test-binary-windows-js-suites » 3,win11-arm64-COMPILED_BY-vs2019-arm64 #28399","buildUrl":"https://ci.nodejs.org/job/node-test-binary-windows-js-suites/RUN_SUBSET=3,nodes=win11-arm64-COMPILED_BY-vs2019-arm64/28399/","buildNumber":28399,"builtOn":"test-azure_msft-win11_vs2022-arm64-5","nodeVersion":"20.15.1","commitHash":"0e6a497299573c5e3436895d5cd1d0e7cd66174c","callStack":[{"upstreamBuild":63804,"upstreamProject":"node-test-commit-windows-fanned","upstreamUrl":"job/node-test-commit-windows-fanned/"},{"upstreamBuild":71784,"upstreamProject":"node-test-commit","upstreamUrl":"job/node-test-commit/"},{"upstreamBuild":60013,"upstreamProject":"node-test-pull-request","upstreamUrl":"job/node-test-pull-request/"},{"prId":"608"}],"tap":null},{"testName":"parallel/test-permission-fs-windows-path","timestamp":1719877717196,"status":"FAILED","jobName":"node-test-binary-windows-js-suites","config":"node-test-binary-windows-js-suites » 2,win2022-COMPILED_BY-vs2019 #28399","buildUrl":"https://ci.nodejs.org/job/node-test-binary-windows-js-suites/RUN_SUBSET=2,nodes=win2022-COMPILED_BY-vs2019/28399/","buildNumber":28399,"builtOn":"test-rackspace-win2022_vs2022-x64-5","nodeVersion":"20.15.1","commitHash":"0e6a497299573c5e3436895d5cd1d0e7cd66174c","callStack":[{"upstreamBuild":63804,"upstreamProject":"node-test-commit-windows-fanned","upstreamUrl":"job/node-test-commit-windows-fanned/"},{"upstreamBuild":71784,"upstreamProject":"node-test-commit","upstreamUrl":"job/node-test-commit/"},{"upstreamBuild":60013,"upstreamProject":"node-test-pull-request","upstreamUrl":"job/node-test-pull-request/"},{"prId":"608"}],"tap":{"ok":false,"name":"parallel/test-permission-fs-windows-path","id":595,"buffered":false,"tapError":null,"skip":false,"todo":false,"previous":null,"plan":null,"diag":{"severity":"fail","exitcode":1,"stack":"node:assert:126\n  throw new AssertionError(obj);\n  ^\n\nAssertionError [ERR_ASSERTION]: (node:7328) ExperimentalWarning: Permission is an experimental feature\n(Use `node --trace-warnings ...` to show where the warning was created)\n\n    at Object.<anonymous> (C:\\workspace\\node-test-binary-windows-js-suites\\node\\test\\parallel\\test-permission-fs-windows-path.js:48:10)\n    at Module._compile (node:internal/modules/cjs/loader:1358:14)\n    at Module._extensions..js (node:internal/modules/cjs/loader:1416:10)\n    at Module.load (node:internal/modules/cjs/loader:1208:32)\n    at Module._load (node:internal/modules/cjs/loader:1024:12)\n    at Function.executeUserEntryPoint [as runMain] (node:internal/modules/run_main:174:12)\n    at node:internal/main/run_main_module:28:49 {\n  generatedMessage: false,\n  code: 'ERR_ASSERTION',\n  actual: 'true\\n',\n  expected: 'false\\n',\n  operator: 'strictEqual'\n}\n\nNode.js v20.15.1"},"time":704.026,"fullname":"parallel/test-permission-fs-windows-path","closingTestPoint":false}},{"testName":"parallel/test-permission-fs-windows-path","timestamp":1719877717196,"status":"FAILED","jobName":"node-test-binary-windows-js-suites","config":"node-test-binary-windows-js-suites » 2,win2016-COMPILED_BY-vs2022-x86 #28399","buildUrl":"https://ci.nodejs.org/job/node-test-binary-windows-js-suites/RUN_SUBSET=2,nodes=win2016-COMPILED_BY-vs2022-x86/28399/","buildNumber":28399,"builtOn":"test-rackspace-win2016_vs2015-x64-1","nodeVersion":"20.15.1","commitHash":"0e6a497299573c5e3436895d5cd1d0e7cd66174c","callStack":[{"upstreamBuild":63804,"upstreamProject":"node-test-commit-windows-fanned","upstreamUrl":"job/node-test-commit-windows-fanned/"},{"upstreamBuild":71784,"upstreamProject":"node-test-commit","upstreamUrl":"job/node-test-commit/"},{"upstreamBuild":60013,"upstreamProject":"node-test-pull-request","upstreamUrl":"job/node-test-pull-request/"},{"prId":"608"}],"tap":{"ok":false,"name":"parallel/test-permission-fs-windows-path","id":594,"buffered":false,"tapError":null,"skip":false,"todo":false,"previous":null,"plan":null,"diag":{"severity":"fail","exitcode":1,"stack":"node:assert:126\n  throw new AssertionError(obj);\n  ^\n\nAssertionError [ERR_ASSERTION]: (node:6124) ExperimentalWarning: Permission is an experimental feature\n(Use `node --trace-warnings ...` to show where the warning was created)\n\n    at Object.<anonymous> (C:\\workspace\\node-test-binary-windows-js-suites\\node\\test\\parallel\\test-permission-fs-windows-path.js:48:10)\n    at Module._compile (node:internal/modules/cjs/loader:1358:14)\n    at Module._extensions..js (node:internal/modules/cjs/loader:1416:10)\n    at Module.load (node:internal/modules/cjs/loader:1208:32)\n    at Module._load (node:internal/modules/cjs/loader:1024:12)\n    at Function.executeUserEntryPoint [as runMain] (node:internal/modules/run_main:174:12)\n    at node:internal/main/run_main_module:28:49 {\n  generatedMessage: false,\n  code: 'ERR_ASSERTION',\n  actual: 'true\\n',\n  expected: 'false\\n',\n  operator: 'strictEqual'\n}\n\nNode.js v20.15.1"},"time":833.987,"fullname":"parallel/test-permission-fs-windows-path","closingTestPoint":false}},{"testName":"js-tests.junit.xml/[empty]","timestamp":1719877717196,"status":"FAILED","jobName":"node-test-binary-windows-js-suites","config":"node-test-binary-windows-js-suites » 0,win10-COMPILED_BY-vs2019 #28399","buildUrl":"https://ci.nodejs.org/job/node-test-binary-windows-js-suites/RUN_SUBSET=0,nodes=win10-COMPILED_BY-vs2019/28399/","buildNumber":28399,"builtOn":"test-azure_msft-win10_vs2019-x64-4","nodeVersion":"20.15.1","commitHash":"0e6a497299573c5e3436895d5cd1d0e7cd66174c","callStack":[{"upstreamBuild":63804,"upstreamProject":"node-test-commit-windows-fanned","upstreamUrl":"job/node-test-commit-windows-fanned/"},{"upstreamBuild":71784,"upstreamProject":"node-test-commit","upstreamUrl":"job/node-test-commit/"},{"upstreamBuild":60013,"upstreamProject":"node-test-pull-request","upstreamUrl":"job/node-test-pull-request/"},{"prId":"608"}],"tap":null},{"testName":"parallel/test-permission-fs-windows-path","timestamp":1719877717196,"status":"FAILED","jobName":"node-test-binary-windows-js-suites","config":"node-test-binary-windows-js-suites » 2,win2019-COMPILED_BY-vs2022 #28399","buildUrl":"https://ci.nodejs.org/job/node-test-binary-windows-js-suites/RUN_SUBSET=2,nodes=win2019-COMPILED_BY-vs2022/28399/","buildNumber":28399,"builtOn":"test-rackspace-win2019_vs2019-x64-1","nodeVersion":"20.15.1","commitHash":"0e6a497299573c5e3436895d5cd1d0e7cd66174c","callStack":[{"upstreamBuild":63804,"upstreamProject":"node-test-commit-windows-fanned","upstreamUrl":"job/node-test-commit-windows-fanned/"},{"upstreamBuild":71784,"upstreamProject":"node-test-commit","upstreamUrl":"job/node-test-commit/"},{"upstreamBuild":60013,"upstreamProject":"node-test-pull-request","upstreamUrl":"job/node-test-pull-request/"},{"prId":"608"}],"tap":{"ok":false,"name":"parallel/test-permission-fs-windows-path","id":595,"buffered":false,"tapError":null,"skip":false,"todo":false,"previous":null,"plan":null,"diag":{"severity":"fail","exitcode":1,"stack":"node:assert:126\n  throw new AssertionError(obj);\n  ^\n\nAssertionError [ERR_ASSERTION]: (node:1276) ExperimentalWarning: Permission is an experimental feature\n(Use `node --trace-warnings ...` to show where the warning was created)\n\n    at Object.<anonymous> (C:\\workspace\\node-test-binary-windows-js-suites\\node\\test\\parallel\\test-permission-fs-windows-path.js:48:10)\n    at Module._compile (node:internal/modules/cjs/loader:1358:14)\n    at Module._extensions..js (node:internal/modules/cjs/loader:1416:10)\n    at Module.load (node:internal/modules/cjs/loader:1208:32)\n    at Module._load (node:internal/modules/cjs/loader:1024:12)\n    at Function.executeUserEntryPoint [as runMain] (node:internal/modules/run_main:174:12)\n    at node:internal/main/run_main_module:28:49 {\n  generatedMessage: false,\n  code: 'ERR_ASSERTION',\n  actual: 'true\\n',\n  expected: 'false\\n',\n  operator: 'strictEqual'\n}\n\nNode.js v20.15.1"},"time":823.029,"fullname":"parallel/test-permission-fs-windows-path","closingTestPoint":false}},{"testName":"js-tests.junit.xml/[empty]","timestamp":1719877717196,"status":"FAILED","jobName":"node-test-binary-windows-js-suites","config":"node-test-binary-windows-js-suites » 3,win11-arm64-COMPILED_BY-vs2022-arm64 #28399","buildUrl":"https://ci.nodejs.org/job/node-test-binary-windows-js-suites/RUN_SUBSET=3,nodes=win11-arm64-COMPILED_BY-vs2022-arm64/28399/","buildNumber":28399,"builtOn":"test-azure_msft-win11_vs2022-arm64-5","nodeVersion":"20.15.1","commitHash":"0e6a497299573c5e3436895d5cd1d0e7cd66174c","callStack":[{"upstreamBuild":63804,"upstreamProject":"node-test-commit-windows-fanned","upstreamUrl":"job/node-test-commit-windows-fanned/"},{"upstreamBuild":71784,"upstreamProject":"node-test-commit","upstreamUrl":"job/node-test-commit/"},{"upstreamBuild":60013,"upstreamProject":"node-test-pull-request","upstreamUrl":"job/node-test-pull-request/"},{"prId":"608"}],"tap":null},{"testName":"js-tests.junit.xml/[empty]","timestamp":1719877717196,"status":"FAILED","jobName":"node-test-binary-windows-js-suites","config":"node-test-binary-windows-js-suites » 3,win2022-COMPILED_BY-vs2019 #28399","buildUrl":"https://ci.nodejs.org/job/node-test-binary-windows-js-suites/RUN_SUBSET=3,nodes=win2022-COMPILED_BY-vs2019/28399/","buildNumber":28399,"builtOn":"test-rackspace-win2022_vs2022-x64-6","nodeVersion":"20.15.1","commitHash":"0e6a497299573c5e3436895d5cd1d0e7cd66174c","callStack":[{"upstreamBuild":63804,"upstreamProject":"node-test-commit-windows-fanned","upstreamUrl":"job/node-test-commit-windows-fanned/"},{"upstreamBuild":71784,"upstreamProject":"node-test-commit","upstreamUrl":"job/node-test-commit/"},{"upstreamBuild":60013,"upstreamProject":"node-test-pull-request","upstreamUrl":"job/node-test-pull-request/"},{"prId":"608"}],"tap":null},{"testName":"js-tests.junit.xml/[empty]","timestamp":1719877717196,"status":"FAILED","jobName":"node-test-binary-windows-js-suites","config":"node-test-binary-windows-js-suites » 3,win11-COMPILED_BY-vs2019 #28399","buildUrl":"https://ci.nodejs.org/job/node-test-binary-windows-js-suites/RUN_SUBSET=3,nodes=win11-COMPILED_BY-vs2019/28399/","buildNumber":28399,"builtOn":"test-azure_msft-win11_vs2022-x64-2","nodeVersion":"20.15.1","commitHash":"0e6a497299573c5e3436895d5cd1d0e7cd66174c","callStack":[{"upstreamBuild":63804,"upstreamProject":"node-test-commit-windows-fanned","upstreamUrl":"job/node-test-commit-windows-fanned/"},{"upstreamBuild":71784,"upstreamProject":"node-test-commit","upstreamUrl":"job/node-test-commit/"},{"upstreamBuild":60013,"upstreamProject":"node-test-pull-request","upstreamUrl":"job/node-test-pull-request/"},{"prId":"608"}],"tap":null},{"testName":"js-tests.junit.xml/[empty]","timestamp":1719877717196,"status":"FAILED","jobName":"node-test-binary-windows-js-suites","config":"node-test-binary-windows-js-suites » 3,win11-COMPILED_BY-vs2022 #28399","buildUrl":"https://ci.nodejs.org/job/node-test-binary-windows-js-suites/RUN_SUBSET=3,nodes=win11-COMPILED_BY-vs2022/28399/","buildNumber":28399,"builtOn":"test-azure_msft-win11_vs2022-x64-4","nodeVersion":"20.15.1","commitHash":"0e6a497299573c5e3436895d5cd1d0e7cd66174c","callStack":[{"upstreamBuild":63804,"upstreamProject":"node-test-commit-windows-fanned","upstreamUrl":"job/node-test-commit-windows-fanned/"},{"upstreamBuild":71784,"upstreamProject":"node-test-commit","upstreamUrl":"job/node-test-commit/"},{"upstreamBuild":60013,"upstreamProject":"node-test-pull-request","upstreamUrl":"job/node-test-pull-request/"},{"prId":"608"}],"tap":null},{"testName":"js-tests.junit.xml/[empty]","timestamp":1719877717196,"status":"FAILED","jobName":"node-test-binary-windows-js-suites","config":"node-test-binary-windows-js-suites » 3,win10-COMPILED_BY-vs2022 #28399","buildUrl":"https://ci.nodejs.org/job/node-test-binary-windows-js-suites/RUN_SUBSET=3,nodes=win10-COMPILED_BY-vs2022/28399/","buildNumber":28399,"builtOn":"test-azure_msft-win10_vs2019-x64-2","nodeVersion":"20.15.1","commitHash":"0e6a497299573c5e3436895d5cd1d0e7cd66174c","callStack":[{"upstreamBuild":63804,"upstreamProject":"node-test-commit-windows-fanned","upstreamUrl":"job/node-test-commit-windows-fanned/"},{"upstreamBuild":71784,"upstreamProject":"node-test-commit","upstreamUrl":"job/node-test-commit/"},{"upstreamBuild":60013,"upstreamProject":"node-test-pull-request","upstreamUrl":"job/node-test-pull-request/"},{"prId":"608"}],"tap":null},{"testName":"js-tests.junit.xml/[empty]","timestamp":1719877717196,"status":"FAILED","jobName":"node-test-binary-windows-js-suites","config":"node-test-binary-windows-js-suites » 3,win2016-COMPILED_BY-vs2019-x86 #28399","buildUrl":"https://ci.nodejs.org/job/node-test-binary-windows-js-suites/RUN_SUBSET=3,nodes=win2016-COMPILED_BY-vs2019-x86/28399/","buildNumber":28399,"builtOn":"test-azure_msft-win2016_vs2017-x64-1","nodeVersion":"20.15.1","commitHash":"0e6a497299573c5e3436895d5cd1d0e7cd66174c","callStack":[{"upstreamBuild":63804,"upstreamProject":"node-test-commit-windows-fanned","upstreamUrl":"job/node-test-commit-windows-fanned/"},{"upstreamBuild":71784,"upstreamProject":"node-test-commit","upstreamUrl":"job/node-test-commit/"},{"upstreamBuild":60013,"upstreamProject":"node-test-pull-request","upstreamUrl":"job/node-test-pull-request/"},{"prId":"608"}],"tap":null},{"testName":"parallel/test-permission-fs-windows-path","timestamp":1719877717196,"status":"FAILED","jobName":"node-test-binary-windows-js-suites","config":"node-test-binary-windows-js-suites » 2,win2022-COMPILED_BY-vs2022 #28399","buildUrl":"https://ci.nodejs.org/job/node-test-binary-windows-js-suites/RUN_SUBSET=2,nodes=win2022-COMPILED_BY-vs2022/28399/","buildNumber":28399,"builtOn":"test-rackspace-win2022_vs2022-x64-1","nodeVersion":"20.15.1","commitHash":"0e6a497299573c5e3436895d5cd1d0e7cd66174c","callStack":[{"upstreamBuild":63804,"upstreamProject":"node-test-commit-windows-fanned","upstreamUrl":"job/node-test-commit-windows-fanned/"},{"upstreamBuild":71784,"upstreamProject":"node-test-commit","upstreamUrl":"job/node-test-commit/"},{"upstreamBuild":60013,"upstreamProject":"node-test-pull-request","upstreamUrl":"job/node-test-pull-request/"},{"prId":"608"}],"tap":{"ok":false,"name":"parallel/test-permission-fs-windows-path","id":594,"buffered":false,"tapError":null,"skip":false,"todo":false,"previous":null,"plan":null,"diag":{"severity":"fail","exitcode":1,"stack":"node:assert:126\n  throw new AssertionError(obj);\n  ^\n\nAssertionError [ERR_ASSERTION]: (node:8908) ExperimentalWarning: Permission is an experimental feature\n(Use `node --trace-warnings ...` to show where the warning was created)\n\n    at Object.<anonymous> (C:\\workspace\\node-test-binary-windows-js-suites\\node\\test\\parallel\\test-permission-fs-windows-path.js:48:10)\n    at Module._compile (node:internal/modules/cjs/loader:1358:14)\n    at Module._extensions..js (node:internal/modules/cjs/loader:1416:10)\n    at Module.load (node:internal/modules/cjs/loader:1208:32)\n    at Module._load (node:internal/modules/cjs/loader:1024:12)\n    at Function.executeUserEntryPoint [as runMain] (node:internal/modules/run_main:174:12)\n    at node:internal/main/run_main_module:28:49 {\n  generatedMessage: false,\n  code: 'ERR_ASSERTION',\n  actual: 'true\\n',\n  expected: 'false\\n',\n  operator: 'strictEqual'\n}\n\nNode.js v20.15.1"},"time":825.47,"fullname":"parallel/test-permission-fs-windows-path","closingTestPoint":false}},{"testName":"js-tests.junit.xml/[empty]","timestamp":1719877717196,"status":"FAILED","jobName":"node-test-binary-windows-js-suites","config":"node-test-binary-windows-js-suites » 3,win2019-COMPILED_BY-vs2019 #28399","buildUrl":"https://ci.nodejs.org/job/node-test-binary-windows-js-suites/RUN_SUBSET=3,nodes=win2019-COMPILED_BY-vs2019/28399/","buildNumber":28399,"builtOn":"test-rackspace-win2019_vs2019-x64-2","nodeVersion":"20.15.1","commitHash":"0e6a497299573c5e3436895d5cd1d0e7cd66174c","callStack":[{"upstreamBuild":63804,"upstreamProject":"node-test-commit-windows-fanned","upstreamUrl":"job/node-test-commit-windows-fanned/"},{"upstreamBuild":71784,"upstreamProject":"node-test-commit","upstreamUrl":"job/node-test-commit/"},{"upstreamBuild":60013,"upstreamProject":"node-test-pull-request","upstreamUrl":"job/node-test-pull-request/"},{"prId":"608"}],"tap":null},{"testName":"js-tests.junit.xml/[empty]","timestamp":1719877717196,"status":"FAILED","jobName":"node-test-binary-windows-js-suites","config":"node-test-binary-windows-js-suites » 3,win10-COMPILED_BY-vs2019 #28399","buildUrl":"https://ci.nodejs.org/job/node-test-binary-windows-js-suites/RUN_SUBSET=3,nodes=win10-COMPILED_BY-vs2019/28399/","buildNumber":28399,"builtOn":"test-azure_msft-win10_vs2019-x64-3","nodeVersion":"20.15.1","commitHash":"0e6a497299573c5e3436895d5cd1d0e7cd66174c","callStack":[{"upstreamBuild":63804,"upstreamProject":"node-test-commit-windows-fanned","upstreamUrl":"job/node-test-commit-windows-fanned/"},{"upstreamBuild":71784,"upstreamProject":"node-test-commit","upstreamUrl":"job/node-test-commit/"},{"upstreamBuild":60013,"upstreamProject":"node-test-pull-request","upstreamUrl":"job/node-test-pull-request/"},{"prId":"608"}],"tap":null}]}