{"failedTests":[{"testName":"parallel/test-fs-promises-watch","timestamp":1721059161789,"status":"REGRESSION","jobName":"node-test-binary-windows-js-suites","config":"node-test-binary-windows-js-suites » 2,win11-arm64-COMPILED_BY-vs2022-arm64 #28656","buildUrl":"https://ci.nodejs.org/job/node-test-binary-windows-js-suites/RUN_SUBSET=2,nodes=win11-arm64-COMPILED_BY-vs2022-arm64/28656/","buildNumber":28656,"builtOn":"test-azure_msft-win11_vs2022-arm64-1","nodeVersion":"23.0.0","commitHash":"104d0c074cdae2fc5a9c3e32af72ec65c3a50048","callStack":[{"upstreamBuild":64086,"upstreamProject":"node-test-commit-windows-fanned","upstreamUrl":"job/node-test-commit-windows-fanned/"},{"upstreamBuild":72148,"upstreamProject":"node-test-commit","upstreamUrl":"job/node-test-commit/"},{"upstreamBuild":60332,"upstreamProject":"node-test-pull-request","upstreamUrl":"job/node-test-pull-request/"},{"prId":"53657"}],"tap":{"ok":false,"name":"parallel/test-fs-promises-watch","id":290,"buffered":false,"tapError":null,"skip":false,"todo":false,"previous":null,"plan":null,"diag":{"severity":"fail","exitcode":1,"stack":"node:internal/process/promises:391\n    triggerUncaughtException(err, true /* fromPromise */);\n    ^\n\nAssertionError [ERR_ASSERTION]: Expected values to be strictly equal:\n+ actual - expected\n\n+ '\\\\\\\\?\\\\d:\\\\workspace\\\\node-test-binary-windows-js-suites\\\\node\\\\foo'\n- 'foo'\n    at test (d:\\workspace\\node-test-binary-windows-js-suites\\node\\test\\parallel\\test-fs-promises-watch.js:56:14) {\n  generatedMessage: true,\n  code: 'ERR_ASSERTION',\n  actual: '\\\\\\\\?\\\\d:\\\\workspace\\\\node-test-binary-windows-js-suites\\\\node\\\\foo',\n  expected: 'foo',\n  operator: 'strictEqual'\n}\n\nNode.js v23.0.0-pre"},"time":373.002,"fullname":"parallel/test-fs-promises-watch","closingTestPoint":false}},{"testName":"parallel/test-fs-watch-enoent","timestamp":1721059161789,"status":"REGRESSION","jobName":"node-test-binary-windows-js-suites","config":"node-test-binary-windows-js-suites » 2,win11-arm64-COMPILED_BY-vs2022-arm64 #28656","buildUrl":"https://ci.nodejs.org/job/node-test-binary-windows-js-suites/RUN_SUBSET=2,nodes=win11-arm64-COMPILED_BY-vs2022-arm64/28656/","buildNumber":28656,"builtOn":"test-azure_msft-win11_vs2022-arm64-1","nodeVersion":"23.0.0","commitHash":"104d0c074cdae2fc5a9c3e32af72ec65c3a50048","callStack":[{"upstreamBuild":64086,"upstreamProject":"node-test-commit-windows-fanned","upstreamUrl":"job/node-test-commit-windows-fanned/"},{"upstreamBuild":72148,"upstreamProject":"node-test-commit","upstreamUrl":"job/node-test-commit/"},{"upstreamBuild":60332,"upstreamProject":"node-test-pull-request","upstreamUrl":"job/node-test-pull-request/"},{"prId":"53657"}],"tap":{"ok":false,"name":"parallel/test-fs-watch-enoent","id":316,"buffered":false,"tapError":null,"skip":false,"todo":false,"previous":null,"plan":null,"diag":{"severity":"fail","exitcode":1,"stack":"node:assert:126\n  throw new AssertionError(obj);\n  ^\n\nAssertionError [ERR_ASSERTION]: Expected values to be strictly equal:\n+ actual - expected\n\n+ 'd:\\\\workspace\\\\node-test-binary-windows-js-suites\\\\node\\\\test\\\\.tmp.317\\\\non-existent'\n- '\\\\\\\\?\\\\d:\\\\workspace\\\\node-test-binary-windows-js-suites\\\\node\\\\test\\\\.tmp.317\\\\non-existent'\n    at Object.validateError (d:\\workspace\\node-test-binary-windows-js-suites\\node\\test\\parallel\\test-fs-watch-enoent.js:26:12)\n    at expectedException (node:assert:733:17)\n    at expectsError (node:assert:856:3)\n    at Function.throws (node:assert:911:3)\n    at Object.<anonymous> (d:\\workspace\\node-test-binary-windows-js-suites\\node\\test\\parallel\\test-fs-watch-enoent.js:39:10)\n    at Module._compile (node:internal/modules/cjs/loader:1505:14)\n    at Module._extensions..js (node:internal/modules/cjs/loader:1589:10)\n    at Module.load (node:internal/modules/cjs/loader:1283:32)\n    at Module._load (node:internal/modules/cjs/loader:1099:12)\n    at TracingChannel.traceSync (node:diagnostics_channel:315:14) {\n  generatedMessage: true,\n  code: 'ERR_ASSERTION',\n  actual: 'd:\\\\workspace\\\\node-test-binary-windows-js-suites\\\\node\\\\test\\\\.tmp.317\\\\non-existent',\n  expected: '\\\\\\\\?\\\\d:\\\\workspace\\\\node-test-binary-windows-js-suites\\\\node\\\\test\\\\.tmp.317\\\\non-existent',\n  operator: 'strictEqual'\n}\n\nNode.js v23.0.0-pre"},"time":296.001,"fullname":"parallel/test-fs-watch-enoent","closingTestPoint":false}},{"testName":"parallel/test-fs-watch-recursive-add-file-with-url","timestamp":1721059161789,"status":"REGRESSION","jobName":"node-test-binary-windows-js-suites","config":"node-test-binary-windows-js-suites » 2,win11-arm64-COMPILED_BY-vs2022-arm64 #28656","buildUrl":"https://ci.nodejs.org/job/node-test-binary-windows-js-suites/RUN_SUBSET=2,nodes=win11-arm64-COMPILED_BY-vs2022-arm64/28656/","buildNumber":28656,"builtOn":"test-azure_msft-win11_vs2022-arm64-1","nodeVersion":"23.0.0","commitHash":"104d0c074cdae2fc5a9c3e32af72ec65c3a50048","callStack":[{"upstreamBuild":64086,"upstreamProject":"node-test-commit-windows-fanned","upstreamUrl":"job/node-test-commit-windows-fanned/"},{"upstreamBuild":72148,"upstreamProject":"node-test-commit","upstreamUrl":"job/node-test-commit/"},{"upstreamBuild":60332,"upstreamProject":"node-test-pull-request","upstreamUrl":"job/node-test-pull-request/"},{"prId":"53657"}],"tap":{"ok":false,"name":"parallel/test-fs-watch-recursive-add-file-with-url","id":319,"buffered":false,"tapError":null,"skip":false,"todo":false,"previous":null,"plan":null,"diag":{"severity":"fail","exitcode":1,"stack":"node:assert:126\n  throw new AssertionError(obj);\n  ^\n\nAssertionError [ERR_ASSERTION]: Expected values to be strictly equal:\n+ actual - expected\n\n+ 'change'\n- 'rename'\n    at FSWatcher.<anonymous> (d:\\workspace\\node-test-binary-windows-js-suites\\node\\test\\parallel\\test-fs-watch-recursive-add-file-with-url.js:38:12)\n    at FSWatcher.emit (node:events:520:28)\n    at FSWatcher._handle.onchange (node:internal/fs/watchers:203:12) {\n  generatedMessage: true,\n  code: 'ERR_ASSERTION',\n  actual: 'change',\n  expected: 'rename',\n  operator: 'strictEqual'\n}\n\nNode.js v23.0.0-pre"},"time":415.003,"fullname":"parallel/test-fs-watch-recursive-add-file-with-url","closingTestPoint":false}},{"testName":"parallel/test-fs-watch-recursive-sync-write","timestamp":1721059161789,"status":"REGRESSION","jobName":"node-test-binary-windows-js-suites","config":"node-test-binary-windows-js-suites » 2,win11-arm64-COMPILED_BY-vs2022-arm64 #28656","buildUrl":"https://ci.nodejs.org/job/node-test-binary-windows-js-suites/RUN_SUBSET=2,nodes=win11-arm64-COMPILED_BY-vs2022-arm64/28656/","buildNumber":28656,"builtOn":"test-azure_msft-win11_vs2022-arm64-1","nodeVersion":"23.0.0","commitHash":"104d0c074cdae2fc5a9c3e32af72ec65c3a50048","callStack":[{"upstreamBuild":64086,"upstreamProject":"node-test-commit-windows-fanned","upstreamUrl":"job/node-test-commit-windows-fanned/"},{"upstreamBuild":72148,"upstreamProject":"node-test-commit","upstreamUrl":"job/node-test-commit/"},{"upstreamBuild":60332,"upstreamProject":"node-test-pull-request","upstreamUrl":"job/node-test-pull-request/"},{"prId":"53657"}],"tap":{"ok":false,"name":"parallel/test-fs-watch-recursive-sync-write","id":322,"buffered":false,"tapError":null,"skip":false,"todo":false,"previous":null,"plan":null,"diag":{"severity":"fail","exitcode":1,"stack":"node:assert:126\n  throw new AssertionError(obj);\n  ^\n\nAssertionError [ERR_ASSERTION]: Expected values to be strictly equal:\n+ actual - expected\n\n+ 'd:\\\\workspace\\\\node-test-binary-windows-js-suites\\\\node\\\\test\\\\.tmp.320\\\\?\\\\d:\\\\workspace\\\\node-test-binary-windows-js-suites\\\\node\\\\test.file'\n- 'd:\\\\workspace\\\\node-test-binary-windows-js-suites\\\\node\\\\test\\\\.tmp.320\\\\test.file'\n    at FSWatcher.<anonymous> (d:\\workspace\\node-test-binary-windows-js-suites\\node\\test\\parallel\\test-fs-watch-recursive-sync-write.js:32:10)\n    at FSWatcher.<anonymous> (d:\\workspace\\node-test-binary-windows-js-suites\\node\\test\\common\\index.js:487:15)\n    at FSWatcher.emit (node:events:520:28)\n    at FSWatcher._handle.onchange (node:internal/fs/watchers:203:12) {\n  generatedMessage: true,\n  code: 'ERR_ASSERTION',\n  actual: 'd:\\\\workspace\\\\node-test-binary-windows-js-suites\\\\node\\\\test\\\\.tmp.320\\\\?\\\\d:\\\\workspace\\\\node-test-binary-windows-js-suites\\\\node\\\\test.file',\n  expected: 'd:\\\\workspace\\\\node-test-binary-windows-js-suites\\\\node\\\\test\\\\.tmp.320\\\\test.file',\n  operator: 'strictEqual'\n}\n\nNode.js v23.0.0-pre"},"time":485.993,"fullname":"parallel/test-fs-watch-recursive-sync-write","closingTestPoint":false}},{"testName":"report/test-report-uv-handles","timestamp":1721059161789,"status":"REGRESSION","jobName":"node-test-binary-windows-js-suites","config":"node-test-binary-windows-js-suites » 2,win11-arm64-COMPILED_BY-vs2022-arm64 #28656","buildUrl":"https://ci.nodejs.org/job/node-test-binary-windows-js-suites/RUN_SUBSET=2,nodes=win11-arm64-COMPILED_BY-vs2022-arm64/28656/","buildNumber":28656,"builtOn":"test-azure_msft-win11_vs2022-arm64-1","nodeVersion":"23.0.0","commitHash":"104d0c074cdae2fc5a9c3e32af72ec65c3a50048","callStack":[{"upstreamBuild":64086,"upstreamProject":"node-test-commit-windows-fanned","upstreamUrl":"job/node-test-commit-windows-fanned/"},{"upstreamBuild":72148,"upstreamProject":"node-test-commit","upstreamUrl":"job/node-test-commit/"},{"upstreamBuild":60332,"upstreamProject":"node-test-pull-request","upstreamUrl":"job/node-test-pull-request/"},{"prId":"53657"}],"tap":{"ok":false,"name":"report/test-report-uv-handles","id":943,"buffered":false,"tapError":null,"skip":false,"todo":false,"previous":null,"plan":null,"diag":{"severity":"fail","exitcode":1,"stack":"node:assert:126\n  throw new AssertionError(obj);\n  ^\n\nAssertionError [ERR_ASSERTION]: Expected values to be strictly equal:\n+ actual - expected\n\n+ 'd:\\\\workspace\\\\node-test-binary-windows-js-suites\\\\node\\\\test\\\\report\\\\test-report-uv-handles.js'\n- '\\\\\\\\?\\\\d:\\\\workspace\\\\node-test-binary-windows-js-suites\\\\node\\\\test\\\\report\\\\test-report-uv-handles.js'\n    at Object.fs_poll_validator (d:\\workspace\\node-test-binary-windows-js-suites\\node\\test\\report\\test-report-uv-handles.js:203:16)\n    at Object.fs_poll_validator [as fs_poll] (d:\\workspace\\node-test-binary-windows-js-suites\\node\\test\\common\\index.js:487:15)\n    at ChildProcess.<anonymous> (d:\\workspace\\node-test-binary-windows-js-suites\\node\\test\\report\\test-report-uv-handles.js:269:57)\n    at ChildProcess.<anonymous> (d:\\workspace\\node-test-binary-windows-js-suites\\node\\test\\common\\index.js:487:15)\n    at ChildProcess.emit (node:events:520:28)\n    at ChildProcess._handle.onexit (node:internal/child_process:294:12) {\n  generatedMessage: true,\n  code: 'ERR_ASSERTION',\n  actual: 'd:\\\\workspace\\\\node-test-binary-windows-js-suites\\\\node\\\\test\\\\report\\\\test-report-uv-handles.js',\n  expected: '\\\\\\\\?\\\\d:\\\\workspace\\\\node-test-binary-windows-js-suites\\\\node\\\\test\\\\report\\\\test-report-uv-handles.js',\n  operator: 'strictEqual'\n}\n\nNode.js v23.0.0-pre"},"time":797.278,"fullname":"report/test-report-uv-handles","closingTestPoint":false}},{"testName":"sequential/test-fs-watch","timestamp":1721059161789,"status":"REGRESSION","jobName":"node-test-binary-windows-js-suites","config":"node-test-binary-windows-js-suites » 2,win11-arm64-COMPILED_BY-vs2022-arm64 #28656","buildUrl":"https://ci.nodejs.org/job/node-test-binary-windows-js-suites/RUN_SUBSET=2,nodes=win11-arm64-COMPILED_BY-vs2022-arm64/28656/","buildNumber":28656,"builtOn":"test-azure_msft-win11_vs2022-arm64-1","nodeVersion":"23.0.0","commitHash":"104d0c074cdae2fc5a9c3e32af72ec65c3a50048","callStack":[{"upstreamBuild":64086,"upstreamProject":"node-test-commit-windows-fanned","upstreamUrl":"job/node-test-commit-windows-fanned/"},{"upstreamBuild":72148,"upstreamProject":"node-test-commit","upstreamUrl":"job/node-test-commit/"},{"upstreamBuild":60332,"upstreamProject":"node-test-pull-request","upstreamUrl":"job/node-test-pull-request/"},{"prId":"53657"}],"tap":{"ok":false,"name":"sequential/test-fs-watch","id":976,"buffered":false,"tapError":null,"skip":false,"todo":false,"previous":null,"plan":null,"diag":{"severity":"fail","exitcode":1,"stack":"node:assert:126\n  throw new AssertionError(obj);\n  ^\n\nAssertionError [ERR_ASSERTION]: Expected values to be strictly equal:\n+ actual - expected\n\n+ '\\\\\\\\?\\\\d:\\\\workspace\\\\node-test-binary-windows-js-suites\\\\node\\\\test\\\\.tmp.975\\\\newfile.txt'\n- 'newfile.txt'\n    at FSWatcher.<anonymous> (d:\\workspace\\node-test-binary-windows-js-suites\\node\\test\\sequential\\test-fs-watch.js:103:16)\n    at FSWatcher.<anonymous> (d:\\workspace\\node-test-binary-windows-js-suites\\node\\test\\common\\index.js:487:15)\n    at FSWatcher.emit (node:events:520:28)\n    at FSWatcher._handle.onchange (node:internal/fs/watchers:203:12) {\n  generatedMessage: true,\n  code: 'ERR_ASSERTION',\n  actual: '\\\\\\\\?\\\\d:\\\\workspace\\\\node-test-binary-windows-js-suites\\\\node\\\\test\\\\.tmp.975\\\\newfile.txt',\n  expected: 'newfile.txt',\n  operator: 'strictEqual'\n}\n\nNode.js v23.0.0-pre"},"time":230.131,"fullname":"sequential/test-fs-watch","closingTestPoint":false}},{"testName":"parallel/test-fs-watch-recursive-add-file","timestamp":1721059161789,"status":"REGRESSION","jobName":"node-test-binary-windows-js-suites","config":"node-test-binary-windows-js-suites » 2,win11-COMPILED_BY-vs2022 #28656","buildUrl":"https://ci.nodejs.org/job/node-test-binary-windows-js-suites/RUN_SUBSET=2,nodes=win11-COMPILED_BY-vs2022/28656/","buildNumber":28656,"builtOn":"test-azure_msft-win11_vs2022-x64-2","nodeVersion":"23.0.0","commitHash":"104d0c074cdae2fc5a9c3e32af72ec65c3a50048","callStack":[{"upstreamBuild":64086,"upstreamProject":"node-test-commit-windows-fanned","upstreamUrl":"job/node-test-commit-windows-fanned/"},{"upstreamBuild":72148,"upstreamProject":"node-test-commit","upstreamUrl":"job/node-test-commit/"},{"upstreamBuild":60332,"upstreamProject":"node-test-pull-request","upstreamUrl":"job/node-test-pull-request/"},{"prId":"53657"}],"tap":{"ok":false,"name":"parallel/test-fs-watch-recursive-add-file","id":322,"buffered":false,"tapError":null,"skip":false,"todo":false,"previous":null,"plan":null,"diag":{"severity":"fail","exitcode":1,"stack":"node:assert:126\n  throw new AssertionError(obj);\n  ^\n\nAssertionError [ERR_ASSERTION]: Expected values to be strictly equal:\n+ actual - expected\n\n+ 'change'\n- 'rename'\n    at FSWatcher.<anonymous> (c:\\workspace\\node-test-binary-windows-js-suites\\node\\test\\parallel\\test-fs-watch-recursive-add-file.js:34:10)\n    at FSWatcher.emit (node:events:520:28)\n    at FSWatcher._handle.onchange (node:internal/fs/watchers:203:12) {\n  generatedMessage: true,\n  code: 'ERR_ASSERTION',\n  actual: 'change',\n  expected: 'rename',\n  operator: 'strictEqual'\n}\n\nNode.js v23.0.0-pre"},"time":342.003,"fullname":"parallel/test-fs-watch-recursive-add-file","closingTestPoint":false}},{"testName":"parallel/test-permission-fs-read","timestamp":1721059161789,"status":"REGRESSION","jobName":"node-test-binary-windows-js-suites","config":"node-test-binary-windows-js-suites » 2,win11-COMPILED_BY-vs2022 #28656","buildUrl":"https://ci.nodejs.org/job/node-test-binary-windows-js-suites/RUN_SUBSET=2,nodes=win11-COMPILED_BY-vs2022/28656/","buildNumber":28656,"builtOn":"test-azure_msft-win11_vs2022-x64-2","nodeVersion":"23.0.0","commitHash":"104d0c074cdae2fc5a9c3e32af72ec65c3a50048","callStack":[{"upstreamBuild":64086,"upstreamProject":"node-test-commit-windows-fanned","upstreamUrl":"job/node-test-commit-windows-fanned/"},{"upstreamBuild":72148,"upstreamProject":"node-test-commit","upstreamUrl":"job/node-test-commit/"},{"upstreamBuild":60332,"upstreamProject":"node-test-pull-request","upstreamUrl":"job/node-test-pull-request/"},{"prId":"53657"}],"tap":{"ok":false,"name":"parallel/test-permission-fs-read","id":603,"buffered":false,"tapError":null,"skip":false,"todo":false,"previous":null,"plan":null,"diag":{"severity":"fail","exitcode":1,"stack":"node:assert:126\n  throw new AssertionError(obj);\n  ^\n\nAssertionError [ERR_ASSERTION]: node:assert:644\n\n      throw err;\n\n      ^\n\n\n\nAssertionError [ERR_ASSERTION]: Expected values to be strictly deep-equal:\n\n+ actual - expected\n\n\n\n  Comparison {\n\n    code: 'ERR_ACCESS_DENIED',\n\n    permission: 'FileSystemRead',\n\n+   resource: 'c:\\\\workspace\\\\node-test-binary-windows-js-suites\\\\node\\\\test\\\\fixtures\\\\permission\\\\deny\\\\protected-file.md'\n\n-   resource: '\\\\\\\\?\\\\c:\\\\workspace\\\\node-test-binary-windows-js-suites\\\\node\\\\test\\\\fixtures\\\\permission\\\\deny\\\\protected-file.md'\n\n  }\n\n    at Object.<anonymous> (c:\\workspace\\node-test-binary-windows-js-suites\\node\\test\\common\\index.js:740:12)\n\n    at Object.<anonymous> (c:\\workspace\\node-test-binary-windows-js-suites\\node\\test\\common\\index.js:487:15)\n\n    at expectedException (node:assert:733:17)\n\n    at expectsError (node:assert:856:3)\n\n    at Function.throws (node:assert:911:3)\n\n    at Object.<anonymous> (c:\\workspace\\node-test-binary-windows-js-suites\\node\\test\\fixtures\\permission\\fs-read.js:292:10)\n\n    at Module._compile (node:internal/modules/cjs/loader:1505:14)\n\n    at Module._extensions..js (node:internal/modules/cjs/loader:1589:10)\n\n    at Module.load (node:internal/modules/cjs/loader:1283:32)\n\n    at Module._load (node:internal/modules/cjs/loader:1099:12) {\n\n  generatedMessage: true,\n\n  code: 'ERR_ASSERTION',\n\n  actual: Error: Access to this API has been restricted\n\n      at StatWatcher.<computed> (node:internal/fs/watchers:117:16)\n\n      at Object.watchFile (node:fs:2538:39)\n\n      at assert.throws.common.expectsError.code (c:\\workspace\\node-test-binary-windows-js-suites\\node\\test\\fixtures\\permission\\fs-read.js:293:8)\n\n      at getActual (node:assert:765:5)\n\n      at Function.throws (node:assert:911:24)\n\n      at Object.<anonymous> (c:\\workspace\\node-test-binary-windows-js-suites\\node\\test\\fixtures\\permission\\fs-read.js:292:10)\n\n      at Module._compile (node:internal/modules/cjs/loader:1505:14)\n\n      at Module._extensions..js (node:internal/modules/cjs/loader:1589:10)\n\n      at Module.load (node:internal/modules/cjs/loader:1283:32)\n\n      at Module._load (node:internal/modules/cjs/loader:1099:12) {\n\n    code: 'ERR_ACCESS_DENIED',\n\n    permission: 'FileSystemRead',\n\n    resource: 'c:\\\\workspace\\\\node-test-binary-windows-js-suites\\\\node\\\\test\\\\fixtures\\\\permission\\\\deny\\\\protected-file.md'\n\n  },\n\n  expected: {\n\n    code: 'ERR_ACCESS_DENIED',\n\n    permission: 'FileSystemRead',\n\n    resource: '\\\\\\\\?\\\\c:\\\\workspace\\\\node-test-binary-windows-js-suites\\\\node\\\\test\\\\fixtures\\\\permission\\\\deny\\\\protected-file.md'\n\n  },\n\n  operator: 'throws'\n\n}\n\n\n\nNode.js v23.0.0-pre\n\n\n    at Object.<anonymous> (c:\\workspace\\node-test-binary-windows-js-suites\\node\\test\\parallel\\test-permission-fs-read.js:42:10)\n    at Module._compile (node:internal/modules/cjs/loader:1505:14)\n    at Module._extensions..js (node:internal/modules/cjs/loader:1589:10)\n    at Module.load (node:internal/modules/cjs/loader:1283:32)\n    at Module._load (node:internal/modules/cjs/loader:1099:12)\n    at TracingChannel.traceSync (node:diagnostics_channel:315:14)\n    at wrapModuleLoad (node:internal/modules/cjs/loader:216:24)\n    at Function.executeUserEntryPoint [as runMain] (node:internal/modules/run_main:158:5)\n    at node:internal/main/run_main_module:30:49 {\n  generatedMessage: false,\n  code: 'ERR_ASSERTION',\n  actual: 1,\n  expected: 0,\n  operator: 'strictEqual'\n}\n\nNode.js v23.0.0-pre"},"time":223.002,"fullname":"parallel/test-permission-fs-read","closingTestPoint":false}},{"testName":"parallel/test-fs-watch-recursive-update-file","timestamp":1721059161789,"status":"REGRESSION","jobName":"node-test-binary-windows-js-suites","config":"node-test-binary-windows-js-suites » 2,win11-COMPILED_BY-vs2022 #28656","buildUrl":"https://ci.nodejs.org/job/node-test-binary-windows-js-suites/RUN_SUBSET=2,nodes=win11-COMPILED_BY-vs2022/28656/","buildNumber":28656,"builtOn":"test-azure_msft-win11_vs2022-x64-2","nodeVersion":"23.0.0","commitHash":"104d0c074cdae2fc5a9c3e32af72ec65c3a50048","callStack":[{"upstreamBuild":64086,"upstreamProject":"node-test-commit-windows-fanned","upstreamUrl":"job/node-test-commit-windows-fanned/"},{"upstreamBuild":72148,"upstreamProject":"node-test-commit","upstreamUrl":"job/node-test-commit/"},{"upstreamBuild":60332,"upstreamProject":"node-test-pull-request","upstreamUrl":"job/node-test-pull-request/"},{"prId":"53657"}],"tap":{"ok":false,"name":"parallel/test-fs-watch-recursive-update-file","id":953,"buffered":false,"tapError":null,"skip":false,"todo":false,"previous":null,"plan":null,"diag":{"severity":"fail","exitcode":1,"stack":"timeout"},"time":120137.387,"fullname":"parallel/test-fs-watch-recursive-update-file","closingTestPoint":false}},{"testName":"parallel/test-watch-mode-files_watcher","timestamp":1721059161789,"status":"REGRESSION","jobName":"node-test-binary-windows-js-suites","config":"node-test-binary-windows-js-suites » 2,win11-COMPILED_BY-vs2022 #28656","buildUrl":"https://ci.nodejs.org/job/node-test-binary-windows-js-suites/RUN_SUBSET=2,nodes=win11-COMPILED_BY-vs2022/28656/","buildNumber":28656,"builtOn":"test-azure_msft-win11_vs2022-x64-2","nodeVersion":"23.0.0","commitHash":"104d0c074cdae2fc5a9c3e32af72ec65c3a50048","callStack":[{"upstreamBuild":64086,"upstreamProject":"node-test-commit-windows-fanned","upstreamUrl":"job/node-test-commit-windows-fanned/"},{"upstreamBuild":72148,"upstreamProject":"node-test-commit","upstreamUrl":"job/node-test-commit/"},{"upstreamBuild":60332,"upstreamProject":"node-test-pull-request","upstreamUrl":"job/node-test-pull-request/"},{"prId":"53657"}],"tap":{"ok":false,"name":"parallel/test-watch-mode-files_watcher","id":955,"buffered":false,"tapError":null,"skip":false,"todo":false,"previous":null,"plan":null,"diag":{"severity":"fail","exitcode":1,"stack":"timeout\nTAP version 13"},"time":120154.815,"fullname":"parallel/test-watch-mode-files_watcher","closingTestPoint":false}},{"testName":"parallel/test-fs-watch-recursive-add-file","timestamp":1721059161789,"status":"REGRESSION","jobName":"node-test-binary-windows-js-suites","config":"node-test-binary-windows-js-suites » 2,win10-COMPILED_BY-vs2022 #28656","buildUrl":"https://ci.nodejs.org/job/node-test-binary-windows-js-suites/RUN_SUBSET=2,nodes=win10-COMPILED_BY-vs2022/28656/","buildNumber":28656,"builtOn":"test-azure_msft-win10_vs2019-x64-4","nodeVersion":"23.0.0","commitHash":"104d0c074cdae2fc5a9c3e32af72ec65c3a50048","callStack":[{"upstreamBuild":64086,"upstreamProject":"node-test-commit-windows-fanned","upstreamUrl":"job/node-test-commit-windows-fanned/"},{"upstreamBuild":72148,"upstreamProject":"node-test-commit","upstreamUrl":"job/node-test-commit/"},{"upstreamBuild":60332,"upstreamProject":"node-test-pull-request","upstreamUrl":"job/node-test-pull-request/"},{"prId":"53657"}],"tap":{"ok":false,"name":"parallel/test-fs-watch-recursive-add-file","id":322,"buffered":false,"tapError":null,"skip":false,"todo":false,"previous":null,"plan":null,"diag":{"severity":"fail","exitcode":1,"stack":"node:assert:126\n  throw new AssertionError(obj);\n  ^\n\nAssertionError [ERR_ASSERTION]: Expected values to be strictly equal:\n+ actual - expected\n\n+ 'change'\n- 'rename'\n    at FSWatcher.<anonymous> (c:\\workspace\\node-test-binary-windows-js-suites\\node\\test\\parallel\\test-fs-watch-recursive-add-file.js:34:10)\n    at FSWatcher.emit (node:events:520:28)\n    at FSWatcher._handle.onchange (node:internal/fs/watchers:203:12) {\n  generatedMessage: true,\n  code: 'ERR_ASSERTION',\n  actual: 'change',\n  expected: 'rename',\n  operator: 'strictEqual'\n}\n\nNode.js v23.0.0-pre"},"time":326,"fullname":"parallel/test-fs-watch-recursive-add-file","closingTestPoint":false}},{"testName":"parallel/test-permission-fs-read","timestamp":1721059161789,"status":"REGRESSION","jobName":"node-test-binary-windows-js-suites","config":"node-test-binary-windows-js-suites » 2,win10-COMPILED_BY-vs2022 #28656","buildUrl":"https://ci.nodejs.org/job/node-test-binary-windows-js-suites/RUN_SUBSET=2,nodes=win10-COMPILED_BY-vs2022/28656/","buildNumber":28656,"builtOn":"test-azure_msft-win10_vs2019-x64-4","nodeVersion":"23.0.0","commitHash":"104d0c074cdae2fc5a9c3e32af72ec65c3a50048","callStack":[{"upstreamBuild":64086,"upstreamProject":"node-test-commit-windows-fanned","upstreamUrl":"job/node-test-commit-windows-fanned/"},{"upstreamBuild":72148,"upstreamProject":"node-test-commit","upstreamUrl":"job/node-test-commit/"},{"upstreamBuild":60332,"upstreamProject":"node-test-pull-request","upstreamUrl":"job/node-test-pull-request/"},{"prId":"53657"}],"tap":{"ok":false,"name":"parallel/test-permission-fs-read","id":603,"buffered":false,"tapError":null,"skip":false,"todo":false,"previous":null,"plan":null,"diag":{"severity":"fail","exitcode":1,"stack":"node:assert:126\n  throw new AssertionError(obj);\n  ^\n\nAssertionError [ERR_ASSERTION]: node:assert:644\n\n      throw err;\n\n      ^\n\n\n\nAssertionError [ERR_ASSERTION]: Expected values to be strictly deep-equal:\n\n+ actual - expected\n\n\n\n  Comparison {\n\n    code: 'ERR_ACCESS_DENIED',\n\n    permission: 'FileSystemRead',\n\n+   resource: 'c:\\\\workspace\\\\node-test-binary-windows-js-suites\\\\node\\\\test\\\\fixtures\\\\permission\\\\deny\\\\protected-file.md'\n\n-   resource: '\\\\\\\\?\\\\c:\\\\workspace\\\\node-test-binary-windows-js-suites\\\\node\\\\test\\\\fixtures\\\\permission\\\\deny\\\\protected-file.md'\n\n  }\n\n    at Object.<anonymous> (c:\\workspace\\node-test-binary-windows-js-suites\\node\\test\\common\\index.js:740:12)\n\n    at Object.<anonymous> (c:\\workspace\\node-test-binary-windows-js-suites\\node\\test\\common\\index.js:487:15)\n\n    at expectedException (node:assert:733:17)\n\n    at expectsError (node:assert:856:3)\n\n    at Function.throws (node:assert:911:3)\n\n    at Object.<anonymous> (c:\\workspace\\node-test-binary-windows-js-suites\\node\\test\\fixtures\\permission\\fs-read.js:292:10)\n\n    at Module._compile (node:internal/modules/cjs/loader:1505:14)\n\n    at Module._extensions..js (node:internal/modules/cjs/loader:1589:10)\n\n    at Module.load (node:internal/modules/cjs/loader:1283:32)\n\n    at Module._load (node:internal/modules/cjs/loader:1099:12) {\n\n  generatedMessage: true,\n\n  code: 'ERR_ASSERTION',\n\n  actual: Error: Access to this API has been restricted\n\n      at StatWatcher.<computed> (node:internal/fs/watchers:117:16)\n\n      at Object.watchFile (node:fs:2538:39)\n\n      at assert.throws.common.expectsError.code (c:\\workspace\\node-test-binary-windows-js-suites\\node\\test\\fixtures\\permission\\fs-read.js:293:8)\n\n      at getActual (node:assert:765:5)\n\n      at Function.throws (node:assert:911:24)\n\n      at Object.<anonymous> (c:\\workspace\\node-test-binary-windows-js-suites\\node\\test\\fixtures\\permission\\fs-read.js:292:10)\n\n      at Module._compile (node:internal/modules/cjs/loader:1505:14)\n\n      at Module._extensions..js (node:internal/modules/cjs/loader:1589:10)\n\n      at Module.load (node:internal/modules/cjs/loader:1283:32)\n\n      at Module._load (node:internal/modules/cjs/loader:1099:12) {\n\n    code: 'ERR_ACCESS_DENIED',\n\n    permission: 'FileSystemRead',\n\n    resource: 'c:\\\\workspace\\\\node-test-binary-windows-js-suites\\\\node\\\\test\\\\fixtures\\\\permission\\\\deny\\\\protected-file.md'\n\n  },\n\n  expected: {\n\n    code: 'ERR_ACCESS_DENIED',\n\n    permission: 'FileSystemRead',\n\n    resource: '\\\\\\\\?\\\\c:\\\\workspace\\\\node-test-binary-windows-js-suites\\\\node\\\\test\\\\fixtures\\\\permission\\\\deny\\\\protected-file.md'\n\n  },\n\n  operator: 'throws'\n\n}\n\n\n\nNode.js v23.0.0-pre\n\n\n    at Object.<anonymous> (c:\\workspace\\node-test-binary-windows-js-suites\\node\\test\\parallel\\test-permission-fs-read.js:42:10)\n    at Module._compile (node:internal/modules/cjs/loader:1505:14)\n    at Module._extensions..js (node:internal/modules/cjs/loader:1589:10)\n    at Module.load (node:internal/modules/cjs/loader:1283:32)\n    at Module._load (node:internal/modules/cjs/loader:1099:12)\n    at TracingChannel.traceSync (node:diagnostics_channel:315:14)\n    at wrapModuleLoad (node:internal/modules/cjs/loader:216:24)\n    at Function.executeUserEntryPoint [as runMain] (node:internal/modules/run_main:158:5)\n    at node:internal/main/run_main_module:30:49 {\n  generatedMessage: false,\n  code: 'ERR_ASSERTION',\n  actual: 1,\n  expected: 0,\n  operator: 'strictEqual'\n}\n\nNode.js v23.0.0-pre"},"time":209.005,"fullname":"parallel/test-permission-fs-read","closingTestPoint":false}},{"testName":"parallel/test-fs-watch-recursive-update-file","timestamp":1721059161789,"status":"REGRESSION","jobName":"node-test-binary-windows-js-suites","config":"node-test-binary-windows-js-suites » 2,win10-COMPILED_BY-vs2022 #28656","buildUrl":"https://ci.nodejs.org/job/node-test-binary-windows-js-suites/RUN_SUBSET=2,nodes=win10-COMPILED_BY-vs2022/28656/","buildNumber":28656,"builtOn":"test-azure_msft-win10_vs2019-x64-4","nodeVersion":"23.0.0","commitHash":"104d0c074cdae2fc5a9c3e32af72ec65c3a50048","callStack":[{"upstreamBuild":64086,"upstreamProject":"node-test-commit-windows-fanned","upstreamUrl":"job/node-test-commit-windows-fanned/"},{"upstreamBuild":72148,"upstreamProject":"node-test-commit","upstreamUrl":"job/node-test-commit/"},{"upstreamBuild":60332,"upstreamProject":"node-test-pull-request","upstreamUrl":"job/node-test-pull-request/"},{"prId":"53657"}],"tap":{"ok":false,"name":"parallel/test-fs-watch-recursive-update-file","id":953,"buffered":false,"tapError":null,"skip":false,"todo":false,"previous":null,"plan":null,"diag":{"severity":"fail","exitcode":1,"stack":"timeout"},"time":120211.281,"fullname":"parallel/test-fs-watch-recursive-update-file","closingTestPoint":false}},{"testName":"parallel/test-watch-mode-files_watcher","timestamp":1721059161789,"status":"REGRESSION","jobName":"node-test-binary-windows-js-suites","config":"node-test-binary-windows-js-suites » 2,win10-COMPILED_BY-vs2022 #28656","buildUrl":"https://ci.nodejs.org/job/node-test-binary-windows-js-suites/RUN_SUBSET=2,nodes=win10-COMPILED_BY-vs2022/28656/","buildNumber":28656,"builtOn":"test-azure_msft-win10_vs2019-x64-4","nodeVersion":"23.0.0","commitHash":"104d0c074cdae2fc5a9c3e32af72ec65c3a50048","callStack":[{"upstreamBuild":64086,"upstreamProject":"node-test-commit-windows-fanned","upstreamUrl":"job/node-test-commit-windows-fanned/"},{"upstreamBuild":72148,"upstreamProject":"node-test-commit","upstreamUrl":"job/node-test-commit/"},{"upstreamBuild":60332,"upstreamProject":"node-test-pull-request","upstreamUrl":"job/node-test-pull-request/"},{"prId":"53657"}],"tap":{"ok":false,"name":"parallel/test-watch-mode-files_watcher","id":955,"buffered":false,"tapError":null,"skip":false,"todo":false,"previous":null,"plan":null,"diag":{"severity":"fail","exitcode":1,"stack":"timeout\nTAP version 13"},"time":120123.748,"fullname":"parallel/test-watch-mode-files_watcher","closingTestPoint":false}},{"testName":"js-tests.junit.xml/[empty]","timestamp":1721059161789,"status":"FAILED","jobName":"node-test-binary-windows-js-suites","config":"node-test-binary-windows-js-suites » 1,win11-arm64-COMPILED_BY-vs2022-arm64 #28656","buildUrl":"https://ci.nodejs.org/job/node-test-binary-windows-js-suites/RUN_SUBSET=1,nodes=win11-arm64-COMPILED_BY-vs2022-arm64/28656/","buildNumber":28656,"builtOn":"test-azure_msft-win11_vs2022-arm64-3","nodeVersion":"23.0.0","commitHash":"104d0c074cdae2fc5a9c3e32af72ec65c3a50048","callStack":[{"upstreamBuild":64086,"upstreamProject":"node-test-commit-windows-fanned","upstreamUrl":"job/node-test-commit-windows-fanned/"},{"upstreamBuild":72148,"upstreamProject":"node-test-commit","upstreamUrl":"job/node-test-commit/"},{"upstreamBuild":60332,"upstreamProject":"node-test-pull-request","upstreamUrl":"job/node-test-pull-request/"},{"prId":"53657"}],"tap":null},{"testName":"parallel/test-fs-watch-recursive-add-file","timestamp":1721059161789,"status":"REGRESSION","jobName":"node-test-binary-windows-js-suites","config":"node-test-binary-windows-js-suites » 2,win2022-COMPILED_BY-vs2022 #28656","buildUrl":"https://ci.nodejs.org/job/node-test-binary-windows-js-suites/RUN_SUBSET=2,nodes=win2022-COMPILED_BY-vs2022/28656/","buildNumber":28656,"builtOn":"test-rackspace-win2022_vs2022-x64-3","nodeVersion":"23.0.0","commitHash":"104d0c074cdae2fc5a9c3e32af72ec65c3a50048","callStack":[{"upstreamBuild":64086,"upstreamProject":"node-test-commit-windows-fanned","upstreamUrl":"job/node-test-commit-windows-fanned/"},{"upstreamBuild":72148,"upstreamProject":"node-test-commit","upstreamUrl":"job/node-test-commit/"},{"upstreamBuild":60332,"upstreamProject":"node-test-pull-request","upstreamUrl":"job/node-test-pull-request/"},{"prId":"53657"}],"tap":{"ok":false,"name":"parallel/test-fs-watch-recursive-add-file","id":320,"buffered":false,"tapError":null,"skip":false,"todo":false,"previous":null,"plan":null,"diag":{"severity":"fail","exitcode":1,"stack":"node:assert:126\n  throw new AssertionError(obj);\n  ^\n\nAssertionError [ERR_ASSERTION]: Expected values to be strictly equal:\n+ actual - expected\n\n+ 'change'\n- 'rename'\n    at FSWatcher.<anonymous> (C:\\workspace\\node-test-binary-windows-js-suites\\node\\test\\parallel\\test-fs-watch-recursive-add-file.js:34:10)\n    at FSWatcher.emit (node:events:520:28)\n    at FSWatcher._handle.onchange (node:internal/fs/watchers:203:12) {\n  generatedMessage: true,\n  code: 'ERR_ASSERTION',\n  actual: 'change',\n  expected: 'rename',\n  operator: 'strictEqual'\n}\n\nNode.js v23.0.0-pre"},"time":491.014,"fullname":"parallel/test-fs-watch-recursive-add-file","closingTestPoint":false}},{"testName":"parallel/test-permission-fs-read","timestamp":1721059161789,"status":"REGRESSION","jobName":"node-test-binary-windows-js-suites","config":"node-test-binary-windows-js-suites » 2,win2022-COMPILED_BY-vs2022 #28656","buildUrl":"https://ci.nodejs.org/job/node-test-binary-windows-js-suites/RUN_SUBSET=2,nodes=win2022-COMPILED_BY-vs2022/28656/","buildNumber":28656,"builtOn":"test-rackspace-win2022_vs2022-x64-3","nodeVersion":"23.0.0","commitHash":"104d0c074cdae2fc5a9c3e32af72ec65c3a50048","callStack":[{"upstreamBuild":64086,"upstreamProject":"node-test-commit-windows-fanned","upstreamUrl":"job/node-test-commit-windows-fanned/"},{"upstreamBuild":72148,"upstreamProject":"node-test-commit","upstreamUrl":"job/node-test-commit/"},{"upstreamBuild":60332,"upstreamProject":"node-test-pull-request","upstreamUrl":"job/node-test-pull-request/"},{"prId":"53657"}],"tap":{"ok":false,"name":"parallel/test-permission-fs-read","id":605,"buffered":false,"tapError":null,"skip":false,"todo":false,"previous":null,"plan":null,"diag":{"severity":"fail","exitcode":1,"stack":"node:assert:126\n  throw new AssertionError(obj);\n  ^\n\nAssertionError [ERR_ASSERTION]: node:assert:644\n\n      throw err;\n\n      ^\n\n\n\nAssertionError [ERR_ASSERTION]: Expected values to be strictly deep-equal:\n\n+ actual - expected\n\n\n\n  Comparison {\n\n    code: 'ERR_ACCESS_DENIED',\n\n    permission: 'FileSystemRead',\n\n+   resource: 'C:\\\\workspace\\\\node-test-binary-windows-js-suites\\\\node\\\\test\\\\fixtures\\\\permission\\\\deny\\\\protected-file.md'\n\n-   resource: '\\\\\\\\?\\\\C:\\\\workspace\\\\node-test-binary-windows-js-suites\\\\node\\\\test\\\\fixtures\\\\permission\\\\deny\\\\protected-file.md'\n\n  }\n\n    at Object.<anonymous> (C:\\workspace\\node-test-binary-windows-js-suites\\node\\test\\common\\index.js:740:12)\n\n    at Object.<anonymous> (C:\\workspace\\node-test-binary-windows-js-suites\\node\\test\\common\\index.js:487:15)\n\n    at expectedException (node:assert:733:17)\n\n    at expectsError (node:assert:856:3)\n\n    at Function.throws (node:assert:911:3)\n\n    at Object.<anonymous> (C:\\workspace\\node-test-binary-windows-js-suites\\node\\test\\fixtures\\permission\\fs-read.js:292:10)\n\n    at Module._compile (node:internal/modules/cjs/loader:1505:14)\n\n    at Module._extensions..js (node:internal/modules/cjs/loader:1589:10)\n\n    at Module.load (node:internal/modules/cjs/loader:1283:32)\n\n    at Module._load (node:internal/modules/cjs/loader:1099:12) {\n\n  generatedMessage: true,\n\n  code: 'ERR_ASSERTION',\n\n  actual: Error: Access to this API has been restricted\n\n      at StatWatcher.<computed> (node:internal/fs/watchers:117:16)\n\n      at Object.watchFile (node:fs:2538:39)\n\n      at assert.throws.common.expectsError.code (C:\\workspace\\node-test-binary-windows-js-suites\\node\\test\\fixtures\\permission\\fs-read.js:293:8)\n\n      at getActual (node:assert:765:5)\n\n      at Function.throws (node:assert:911:24)\n\n      at Object.<anonymous> (C:\\workspace\\node-test-binary-windows-js-suites\\node\\test\\fixtures\\permission\\fs-read.js:292:10)\n\n      at Module._compile (node:internal/modules/cjs/loader:1505:14)\n\n      at Module._extensions..js (node:internal/modules/cjs/loader:1589:10)\n\n      at Module.load (node:internal/modules/cjs/loader:1283:32)\n\n      at Module._load (node:internal/modules/cjs/loader:1099:12) {\n\n    code: 'ERR_ACCESS_DENIED',\n\n    permission: 'FileSystemRead',\n\n    resource: 'C:\\\\workspace\\\\node-test-binary-windows-js-suites\\\\node\\\\test\\\\fixtures\\\\permission\\\\deny\\\\protected-file.md'\n\n  },\n\n  expected: {\n\n    code: 'ERR_ACCESS_DENIED',\n\n    permission: 'FileSystemRead',\n\n    resource: '\\\\\\\\?\\\\C:\\\\workspace\\\\node-test-binary-windows-js-suites\\\\node\\\\test\\\\fixtures\\\\permission\\\\deny\\\\protected-file.md'\n\n  },\n\n  operator: 'throws'\n\n}\n\n\n\nNode.js v23.0.0-pre\n\n\n    at Object.<anonymous> (C:\\workspace\\node-test-binary-windows-js-suites\\node\\test\\parallel\\test-permission-fs-read.js:42:10)\n    at Module._compile (node:internal/modules/cjs/loader:1505:14)\n    at Module._extensions..js (node:internal/modules/cjs/loader:1589:10)\n    at Module.load (node:internal/modules/cjs/loader:1283:32)\n    at Module._load (node:internal/modules/cjs/loader:1099:12)\n    at TracingChannel.traceSync (node:diagnostics_channel:315:14)\n    at wrapModuleLoad (node:internal/modules/cjs/loader:216:24)\n    at Function.executeUserEntryPoint [as runMain] (node:internal/modules/run_main:158:5)\n    at node:internal/main/run_main_module:30:49 {\n  generatedMessage: false,\n  code: 'ERR_ASSERTION',\n  actual: 1,\n  expected: 0,\n  operator: 'strictEqual'\n}\n\nNode.js v23.0.0-pre"},"time":607.042,"fullname":"parallel/test-permission-fs-read","closingTestPoint":false}},{"testName":"parallel/test-fs-watch-recursive-update-file","timestamp":1721059161789,"status":"REGRESSION","jobName":"node-test-binary-windows-js-suites","config":"node-test-binary-windows-js-suites » 2,win2022-COMPILED_BY-vs2022 #28656","buildUrl":"https://ci.nodejs.org/job/node-test-binary-windows-js-suites/RUN_SUBSET=2,nodes=win2022-COMPILED_BY-vs2022/28656/","buildNumber":28656,"builtOn":"test-rackspace-win2022_vs2022-x64-3","nodeVersion":"23.0.0","commitHash":"104d0c074cdae2fc5a9c3e32af72ec65c3a50048","callStack":[{"upstreamBuild":64086,"upstreamProject":"node-test-commit-windows-fanned","upstreamUrl":"job/node-test-commit-windows-fanned/"},{"upstreamBuild":72148,"upstreamProject":"node-test-commit","upstreamUrl":"job/node-test-commit/"},{"upstreamBuild":60332,"upstreamProject":"node-test-pull-request","upstreamUrl":"job/node-test-pull-request/"},{"prId":"53657"}],"tap":{"ok":false,"name":"parallel/test-fs-watch-recursive-update-file","id":953,"buffered":false,"tapError":null,"skip":false,"todo":false,"previous":null,"plan":null,"diag":{"severity":"fail","exitcode":1,"stack":"timeout"},"time":120169.818,"fullname":"parallel/test-fs-watch-recursive-update-file","closingTestPoint":false}},{"testName":"parallel/test-watch-mode-files_watcher","timestamp":1721059161789,"status":"REGRESSION","jobName":"node-test-binary-windows-js-suites","config":"node-test-binary-windows-js-suites » 2,win2022-COMPILED_BY-vs2022 #28656","buildUrl":"https://ci.nodejs.org/job/node-test-binary-windows-js-suites/RUN_SUBSET=2,nodes=win2022-COMPILED_BY-vs2022/28656/","buildNumber":28656,"builtOn":"test-rackspace-win2022_vs2022-x64-3","nodeVersion":"23.0.0","commitHash":"104d0c074cdae2fc5a9c3e32af72ec65c3a50048","callStack":[{"upstreamBuild":64086,"upstreamProject":"node-test-commit-windows-fanned","upstreamUrl":"job/node-test-commit-windows-fanned/"},{"upstreamBuild":72148,"upstreamProject":"node-test-commit","upstreamUrl":"job/node-test-commit/"},{"upstreamBuild":60332,"upstreamProject":"node-test-pull-request","upstreamUrl":"job/node-test-pull-request/"},{"prId":"53657"}],"tap":{"ok":false,"name":"parallel/test-watch-mode-files_watcher","id":955,"buffered":false,"tapError":null,"skip":false,"todo":false,"previous":null,"plan":null,"diag":{"severity":"fail","exitcode":1,"stack":"timeout\nTAP version 13"},"time":120194.068,"fullname":"parallel/test-watch-mode-files_watcher","closingTestPoint":false}},{"testName":"js-tests.junit.xml/[empty]","timestamp":1721059161789,"status":"FAILED","jobName":"node-test-binary-windows-js-suites","config":"node-test-binary-windows-js-suites » 0,win10-COMPILED_BY-vs2022 #28656","buildUrl":"https://ci.nodejs.org/job/node-test-binary-windows-js-suites/RUN_SUBSET=0,nodes=win10-COMPILED_BY-vs2022/28656/","buildNumber":28656,"builtOn":"test-azure_msft-win10_vs2019-x64-1","nodeVersion":"23.0.0","commitHash":"104d0c074cdae2fc5a9c3e32af72ec65c3a50048","callStack":[{"upstreamBuild":64086,"upstreamProject":"node-test-commit-windows-fanned","upstreamUrl":"job/node-test-commit-windows-fanned/"},{"upstreamBuild":72148,"upstreamProject":"node-test-commit","upstreamUrl":"job/node-test-commit/"},{"upstreamBuild":60332,"upstreamProject":"node-test-pull-request","upstreamUrl":"job/node-test-pull-request/"},{"prId":"53657"}],"tap":null},{"testName":"parallel/test-fs-promises-watch","timestamp":1721059161789,"status":"REGRESSION","jobName":"node-test-binary-windows-js-suites","config":"node-test-binary-windows-js-suites » 1,win2022-COMPILED_BY-vs2022 #28656","buildUrl":"https://ci.nodejs.org/job/node-test-binary-windows-js-suites/RUN_SUBSET=1,nodes=win2022-COMPILED_BY-vs2022/28656/","buildNumber":28656,"builtOn":"test-rackspace-win2022_vs2022-x64-1","nodeVersion":"23.0.0","commitHash":"104d0c074cdae2fc5a9c3e32af72ec65c3a50048","callStack":[{"upstreamBuild":64086,"upstreamProject":"node-test-commit-windows-fanned","upstreamUrl":"job/node-test-commit-windows-fanned/"},{"upstreamBuild":72148,"upstreamProject":"node-test-commit","upstreamUrl":"job/node-test-commit/"},{"upstreamBuild":60332,"upstreamProject":"node-test-pull-request","upstreamUrl":"job/node-test-pull-request/"},{"prId":"53657"}],"tap":{"ok":false,"name":"parallel/test-fs-promises-watch","id":291,"buffered":false,"tapError":null,"skip":false,"todo":false,"previous":null,"plan":null,"diag":{"severity":"fail","exitcode":1,"stack":"node:internal/process/promises:391\n    triggerUncaughtException(err, true /* fromPromise */);\n    ^\n\nAssertionError [ERR_ASSERTION]: Expected values to be strictly equal:\n+ actual - expected\n\n+ '\\\\\\\\?\\\\C:\\\\workspace\\\\node-test-binary-windows-js-suites\\\\node\\\\foo'\n- 'foo'\n    at test (C:\\workspace\\node-test-binary-windows-js-suites\\node\\test\\parallel\\test-fs-promises-watch.js:56:14) {\n  generatedMessage: true,\n  code: 'ERR_ASSERTION',\n  actual: '\\\\\\\\?\\\\C:\\\\workspace\\\\node-test-binary-windows-js-suites\\\\node\\\\foo',\n  expected: 'foo',\n  operator: 'strictEqual'\n}\n\nNode.js v23.0.0-pre"},"time":456.033,"fullname":"parallel/test-fs-promises-watch","closingTestPoint":false}},{"testName":"parallel/test-fs-watch-enoent","timestamp":1721059161789,"status":"REGRESSION","jobName":"node-test-binary-windows-js-suites","config":"node-test-binary-windows-js-suites » 1,win2022-COMPILED_BY-vs2022 #28656","buildUrl":"https://ci.nodejs.org/job/node-test-binary-windows-js-suites/RUN_SUBSET=1,nodes=win2022-COMPILED_BY-vs2022/28656/","buildNumber":28656,"builtOn":"test-rackspace-win2022_vs2022-x64-1","nodeVersion":"23.0.0","commitHash":"104d0c074cdae2fc5a9c3e32af72ec65c3a50048","callStack":[{"upstreamBuild":64086,"upstreamProject":"node-test-commit-windows-fanned","upstreamUrl":"job/node-test-commit-windows-fanned/"},{"upstreamBuild":72148,"upstreamProject":"node-test-commit","upstreamUrl":"job/node-test-commit/"},{"upstreamBuild":60332,"upstreamProject":"node-test-pull-request","upstreamUrl":"job/node-test-pull-request/"},{"prId":"53657"}],"tap":{"ok":false,"name":"parallel/test-fs-watch-enoent","id":315,"buffered":false,"tapError":null,"skip":false,"todo":false,"previous":null,"plan":null,"diag":{"severity":"fail","exitcode":1,"stack":"node:assert:126\n  throw new AssertionError(obj);\n  ^\n\nAssertionError [ERR_ASSERTION]: Expected values to be strictly equal:\n+ actual - expected\n\n+ 'C:\\\\workspace\\\\node-test-binary-windows-js-suites\\\\node\\\\test\\\\.tmp.317\\\\non-existent'\n- '\\\\\\\\?\\\\C:\\\\workspace\\\\node-test-binary-windows-js-suites\\\\node\\\\test\\\\.tmp.317\\\\non-existent'\n    at Object.validateError (C:\\workspace\\node-test-binary-windows-js-suites\\node\\test\\parallel\\test-fs-watch-enoent.js:26:12)\n    at expectedException (node:assert:733:17)\n    at expectsError (node:assert:856:3)\n    at Function.throws (node:assert:911:3)\n    at Object.<anonymous> (C:\\workspace\\node-test-binary-windows-js-suites\\node\\test\\parallel\\test-fs-watch-enoent.js:39:10)\n    at Module._compile (node:internal/modules/cjs/loader:1505:14)\n    at Module._extensions..js (node:internal/modules/cjs/loader:1589:10)\n    at Module.load (node:internal/modules/cjs/loader:1283:32)\n    at Module._load (node:internal/modules/cjs/loader:1099:12)\n    at TracingChannel.traceSync (node:diagnostics_channel:315:14) {\n  generatedMessage: true,\n  code: 'ERR_ASSERTION',\n  actual: 'C:\\\\workspace\\\\node-test-binary-windows-js-suites\\\\node\\\\test\\\\.tmp.317\\\\non-existent',\n  expected: '\\\\\\\\?\\\\C:\\\\workspace\\\\node-test-binary-windows-js-suites\\\\node\\\\test\\\\.tmp.317\\\\non-existent',\n  operator: 'strictEqual'\n}\n\nNode.js v23.0.0-pre"},"time":277.031,"fullname":"parallel/test-fs-watch-enoent","closingTestPoint":false}},{"testName":"parallel/test-fs-watch-recursive-sync-write","timestamp":1721059161789,"status":"REGRESSION","jobName":"node-test-binary-windows-js-suites","config":"node-test-binary-windows-js-suites » 1,win2022-COMPILED_BY-vs2022 #28656","buildUrl":"https://ci.nodejs.org/job/node-test-binary-windows-js-suites/RUN_SUBSET=1,nodes=win2022-COMPILED_BY-vs2022/28656/","buildNumber":28656,"builtOn":"test-rackspace-win2022_vs2022-x64-1","nodeVersion":"23.0.0","commitHash":"104d0c074cdae2fc5a9c3e32af72ec65c3a50048","callStack":[{"upstreamBuild":64086,"upstreamProject":"node-test-commit-windows-fanned","upstreamUrl":"job/node-test-commit-windows-fanned/"},{"upstreamBuild":72148,"upstreamProject":"node-test-commit","upstreamUrl":"job/node-test-commit/"},{"upstreamBuild":60332,"upstreamProject":"node-test-pull-request","upstreamUrl":"job/node-test-pull-request/"},{"prId":"53657"}],"tap":{"ok":false,"name":"parallel/test-fs-watch-recursive-sync-write","id":320,"buffered":false,"tapError":null,"skip":false,"todo":false,"previous":null,"plan":null,"diag":{"severity":"fail","exitcode":1,"stack":"node:assert:126\n  throw new AssertionError(obj);\n  ^\n\nAssertionError [ERR_ASSERTION]: Expected values to be strictly equal:\n+ actual - expected\n\n+ 'C:\\\\workspace\\\\node-test-binary-windows-js-suites\\\\node\\\\test\\\\.tmp.320\\\\?\\\\C:\\\\workspace\\\\node-test-binary-windows-js-suites\\\\node\\\\test.file'\n- 'C:\\\\workspace\\\\node-test-binary-windows-js-suites\\\\node\\\\test\\\\.tmp.320\\\\test.file'\n    at FSWatcher.<anonymous> (C:\\workspace\\node-test-binary-windows-js-suites\\node\\test\\parallel\\test-fs-watch-recursive-sync-write.js:32:10)\n    at FSWatcher.<anonymous> (C:\\workspace\\node-test-binary-windows-js-suites\\node\\test\\common\\index.js:487:15)\n    at FSWatcher.emit (node:events:520:28)\n    at FSWatcher._handle.onchange (node:internal/fs/watchers:203:12) {\n  generatedMessage: true,\n  code: 'ERR_ASSERTION',\n  actual: 'C:\\\\workspace\\\\node-test-binary-windows-js-suites\\\\node\\\\test\\\\.tmp.320\\\\?\\\\C:\\\\workspace\\\\node-test-binary-windows-js-suites\\\\node\\\\test.file',\n  expected: 'C:\\\\workspace\\\\node-test-binary-windows-js-suites\\\\node\\\\test\\\\.tmp.320\\\\test.file',\n  operator: 'strictEqual'\n}\n\nNode.js v23.0.0-pre"},"time":600.016,"fullname":"parallel/test-fs-watch-recursive-sync-write","closingTestPoint":false}},{"testName":"parallel/test-fs-watch-recursive-add-file-with-url","timestamp":1721059161789,"status":"REGRESSION","jobName":"node-test-binary-windows-js-suites","config":"node-test-binary-windows-js-suites » 1,win2022-COMPILED_BY-vs2022 #28656","buildUrl":"https://ci.nodejs.org/job/node-test-binary-windows-js-suites/RUN_SUBSET=1,nodes=win2022-COMPILED_BY-vs2022/28656/","buildNumber":28656,"builtOn":"test-rackspace-win2022_vs2022-x64-1","nodeVersion":"23.0.0","commitHash":"104d0c074cdae2fc5a9c3e32af72ec65c3a50048","callStack":[{"upstreamBuild":64086,"upstreamProject":"node-test-commit-windows-fanned","upstreamUrl":"job/node-test-commit-windows-fanned/"},{"upstreamBuild":72148,"upstreamProject":"node-test-commit","upstreamUrl":"job/node-test-commit/"},{"upstreamBuild":60332,"upstreamProject":"node-test-pull-request","upstreamUrl":"job/node-test-pull-request/"},{"prId":"53657"}],"tap":{"ok":false,"name":"parallel/test-fs-watch-recursive-add-file-with-url","id":321,"buffered":false,"tapError":null,"skip":false,"todo":false,"previous":null,"plan":null,"diag":{"severity":"fail","exitcode":1,"stack":"node:assert:126\n  throw new AssertionError(obj);\n  ^\n\nAssertionError [ERR_ASSERTION]: Expected values to be strictly equal:\n+ actual - expected\n\n+ 'change'\n- 'rename'\n    at FSWatcher.<anonymous> (C:\\workspace\\node-test-binary-windows-js-suites\\node\\test\\parallel\\test-fs-watch-recursive-add-file-with-url.js:38:12)\n    at FSWatcher.emit (node:events:520:28)\n    at FSWatcher._handle.onchange (node:internal/fs/watchers:203:12) {\n  generatedMessage: true,\n  code: 'ERR_ASSERTION',\n  actual: 'change',\n  expected: 'rename',\n  operator: 'strictEqual'\n}\n\nNode.js v23.0.0-pre"},"time":486.06,"fullname":"parallel/test-fs-watch-recursive-add-file-with-url","closingTestPoint":false}},{"testName":"report/test-report-uv-handles","timestamp":1721059161789,"status":"REGRESSION","jobName":"node-test-binary-windows-js-suites","config":"node-test-binary-windows-js-suites » 1,win2022-COMPILED_BY-vs2022 #28656","buildUrl":"https://ci.nodejs.org/job/node-test-binary-windows-js-suites/RUN_SUBSET=1,nodes=win2022-COMPILED_BY-vs2022/28656/","buildNumber":28656,"builtOn":"test-rackspace-win2022_vs2022-x64-1","nodeVersion":"23.0.0","commitHash":"104d0c074cdae2fc5a9c3e32af72ec65c3a50048","callStack":[{"upstreamBuild":64086,"upstreamProject":"node-test-commit-windows-fanned","upstreamUrl":"job/node-test-commit-windows-fanned/"},{"upstreamBuild":72148,"upstreamProject":"node-test-commit","upstreamUrl":"job/node-test-commit/"},{"upstreamBuild":60332,"upstreamProject":"node-test-pull-request","upstreamUrl":"job/node-test-pull-request/"},{"prId":"53657"}],"tap":{"ok":false,"name":"report/test-report-uv-handles","id":944,"buffered":false,"tapError":null,"skip":false,"todo":false,"previous":null,"plan":null,"diag":{"severity":"fail","exitcode":1,"stack":"node:assert:126\n  throw new AssertionError(obj);\n  ^\n\nAssertionError [ERR_ASSERTION]: Expected values to be strictly equal:\n+ actual - expected\n\n+ 'C:\\\\workspace\\\\node-test-binary-windows-js-suites\\\\node\\\\test\\\\report\\\\test-report-uv-handles.js'\n- '\\\\\\\\?\\\\C:\\\\workspace\\\\node-test-binary-windows-js-suites\\\\node\\\\test\\\\report\\\\test-report-uv-handles.js'\n    at Object.fs_poll_validator (C:\\workspace\\node-test-binary-windows-js-suites\\node\\test\\report\\test-report-uv-handles.js:203:16)\n    at Object.fs_poll_validator [as fs_poll] (C:\\workspace\\node-test-binary-windows-js-suites\\node\\test\\common\\index.js:487:15)\n    at ChildProcess.<anonymous> (C:\\workspace\\node-test-binary-windows-js-suites\\node\\test\\report\\test-report-uv-handles.js:269:57)\n    at ChildProcess.<anonymous> (C:\\workspace\\node-test-binary-windows-js-suites\\node\\test\\common\\index.js:487:15)\n    at ChildProcess.emit (node:events:520:28)\n    at ChildProcess._handle.onexit (node:internal/child_process:294:12) {\n  generatedMessage: true,\n  code: 'ERR_ASSERTION',\n  actual: 'C:\\\\workspace\\\\node-test-binary-windows-js-suites\\\\node\\\\test\\\\report\\\\test-report-uv-handles.js',\n  expected: '\\\\\\\\?\\\\C:\\\\workspace\\\\node-test-binary-windows-js-suites\\\\node\\\\test\\\\report\\\\test-report-uv-handles.js',\n  operator: 'strictEqual'\n}\n\nNode.js v23.0.0-pre"},"time":995.059,"fullname":"report/test-report-uv-handles","closingTestPoint":false}},{"testName":"sequential/test-fs-watch","timestamp":1721059161789,"status":"REGRESSION","jobName":"node-test-binary-windows-js-suites","config":"node-test-binary-windows-js-suites » 1,win2022-COMPILED_BY-vs2022 #28656","buildUrl":"https://ci.nodejs.org/job/node-test-binary-windows-js-suites/RUN_SUBSET=1,nodes=win2022-COMPILED_BY-vs2022/28656/","buildNumber":28656,"builtOn":"test-rackspace-win2022_vs2022-x64-1","nodeVersion":"23.0.0","commitHash":"104d0c074cdae2fc5a9c3e32af72ec65c3a50048","callStack":[{"upstreamBuild":64086,"upstreamProject":"node-test-commit-windows-fanned","upstreamUrl":"job/node-test-commit-windows-fanned/"},{"upstreamBuild":72148,"upstreamProject":"node-test-commit","upstreamUrl":"job/node-test-commit/"},{"upstreamBuild":60332,"upstreamProject":"node-test-pull-request","upstreamUrl":"job/node-test-pull-request/"},{"prId":"53657"}],"tap":{"ok":false,"name":"sequential/test-fs-watch","id":977,"buffered":false,"tapError":null,"skip":false,"todo":false,"previous":null,"plan":null,"diag":{"severity":"fail","exitcode":1,"stack":"node:assert:126\n  throw new AssertionError(obj);\n  ^\n\nAssertionError [ERR_ASSERTION]: Expected values to be strictly equal:\n+ actual - expected\n\n+ '\\\\\\\\?\\\\C:\\\\workspace\\\\node-test-binary-windows-js-suites\\\\node\\\\test\\\\.tmp.976\\\\newfile.txt'\n- 'newfile.txt'\n    at FSWatcher.<anonymous> (C:\\workspace\\node-test-binary-windows-js-suites\\node\\test\\sequential\\test-fs-watch.js:103:16)\n    at FSWatcher.<anonymous> (C:\\workspace\\node-test-binary-windows-js-suites\\node\\test\\common\\index.js:487:15)\n    at FSWatcher.emit (node:events:520:28)\n    at FSWatcher._handle.onchange (node:internal/fs/watchers:203:12) {\n  generatedMessage: true,\n  code: 'ERR_ASSERTION',\n  actual: '\\\\\\\\?\\\\C:\\\\workspace\\\\node-test-binary-windows-js-suites\\\\node\\\\test\\\\.tmp.976\\\\newfile.txt',\n  expected: 'newfile.txt',\n  operator: 'strictEqual'\n}\n\nNode.js v23.0.0-pre"},"time":280.028,"fullname":"sequential/test-fs-watch","closingTestPoint":false}},{"testName":"parallel/test-fs-promises-watch","timestamp":1721059161789,"status":"REGRESSION","jobName":"node-test-binary-windows-js-suites","config":"node-test-binary-windows-js-suites » 1,win2019-COMPILED_BY-vs2022 #28656","buildUrl":"https://ci.nodejs.org/job/node-test-binary-windows-js-suites/RUN_SUBSET=1,nodes=win2019-COMPILED_BY-vs2022/28656/","buildNumber":28656,"builtOn":"test-rackspace-win2019_vs2019-x64-3","nodeVersion":"23.0.0","commitHash":"104d0c074cdae2fc5a9c3e32af72ec65c3a50048","callStack":[{"upstreamBuild":64086,"upstreamProject":"node-test-commit-windows-fanned","upstreamUrl":"job/node-test-commit-windows-fanned/"},{"upstreamBuild":72148,"upstreamProject":"node-test-commit","upstreamUrl":"job/node-test-commit/"},{"upstreamBuild":60332,"upstreamProject":"node-test-pull-request","upstreamUrl":"job/node-test-pull-request/"},{"prId":"53657"}],"tap":{"ok":false,"name":"parallel/test-fs-promises-watch","id":312,"buffered":false,"tapError":null,"skip":false,"todo":false,"previous":null,"plan":null,"diag":{"severity":"fail","exitcode":1,"stack":"Can't clean tmpdir: C:\\workspace\\node-test-binary-windows-js-suites\\node\\test\\.tmp.290\nFiles blocking: [ 'watch2' ]\n\nnode:internal/process/promises:391\n    triggerUncaughtException(err, true /* fromPromise */);\n    ^\n\nAssertionError [ERR_ASSERTION]: Expected values to be strictly equal:\n+ actual - expected\n\n+ '\\\\\\\\?\\\\C:\\\\workspace\\\\node-test-binary-windows-js-suites\\\\node\\\\foo'\n- 'foo'\n    at test (C:\\workspace\\node-test-binary-windows-js-suites\\node\\test\\parallel\\test-fs-promises-watch.js:56:14) {\n  generatedMessage: true,\n  code: 'ERR_ASSERTION',\n  actual: '\\\\\\\\?\\\\C:\\\\workspace\\\\node-test-binary-windows-js-suites\\\\node\\\\foo',\n  expected: 'foo',\n  operator: 'strictEqual'\n}\n\nNode.js v23.0.0-pre"},"time":1115.005,"fullname":"parallel/test-fs-promises-watch","closingTestPoint":false}},{"testName":"parallel/test-fs-watch-enoent","timestamp":1721059161789,"status":"REGRESSION","jobName":"node-test-binary-windows-js-suites","config":"node-test-binary-windows-js-suites » 1,win2019-COMPILED_BY-vs2022 #28656","buildUrl":"https://ci.nodejs.org/job/node-test-binary-windows-js-suites/RUN_SUBSET=1,nodes=win2019-COMPILED_BY-vs2022/28656/","buildNumber":28656,"builtOn":"test-rackspace-win2019_vs2019-x64-3","nodeVersion":"23.0.0","commitHash":"104d0c074cdae2fc5a9c3e32af72ec65c3a50048","callStack":[{"upstreamBuild":64086,"upstreamProject":"node-test-commit-windows-fanned","upstreamUrl":"job/node-test-commit-windows-fanned/"},{"upstreamBuild":72148,"upstreamProject":"node-test-commit","upstreamUrl":"job/node-test-commit/"},{"upstreamBuild":60332,"upstreamProject":"node-test-pull-request","upstreamUrl":"job/node-test-pull-request/"},{"prId":"53657"}],"tap":{"ok":false,"name":"parallel/test-fs-watch-enoent","id":316,"buffered":false,"tapError":null,"skip":false,"todo":false,"previous":null,"plan":null,"diag":{"severity":"fail","exitcode":1,"stack":"node:assert:126\n  throw new AssertionError(obj);\n  ^\n\nAssertionError [ERR_ASSERTION]: Expected values to be strictly equal:\n+ actual - expected\n\n+ 'C:\\\\workspace\\\\node-test-binary-windows-js-suites\\\\node\\\\test\\\\.tmp.317\\\\non-existent'\n- '\\\\\\\\?\\\\C:\\\\workspace\\\\node-test-binary-windows-js-suites\\\\node\\\\test\\\\.tmp.317\\\\non-existent'\n    at Object.validateError (C:\\workspace\\node-test-binary-windows-js-suites\\node\\test\\parallel\\test-fs-watch-enoent.js:26:12)\n    at expectedException (node:assert:733:17)\n    at expectsError (node:assert:856:3)\n    at Function.throws (node:assert:911:3)\n    at Object.<anonymous> (C:\\workspace\\node-test-binary-windows-js-suites\\node\\test\\parallel\\test-fs-watch-enoent.js:39:10)\n    at Module._compile (node:internal/modules/cjs/loader:1505:14)\n    at Module._extensions..js (node:internal/modules/cjs/loader:1589:10)\n    at Module.load (node:internal/modules/cjs/loader:1283:32)\n    at Module._load (node:internal/modules/cjs/loader:1099:12)\n    at TracingChannel.traceSync (node:diagnostics_channel:315:14) {\n  generatedMessage: true,\n  code: 'ERR_ASSERTION',\n  actual: 'C:\\\\workspace\\\\node-test-binary-windows-js-suites\\\\node\\\\test\\\\.tmp.317\\\\non-existent',\n  expected: '\\\\\\\\?\\\\C:\\\\workspace\\\\node-test-binary-windows-js-suites\\\\node\\\\test\\\\.tmp.317\\\\non-existent',\n  operator: 'strictEqual'\n}\n\nNode.js v23.0.0-pre"},"time":227.023,"fullname":"parallel/test-fs-watch-enoent","closingTestPoint":false}},{"testName":"parallel/test-fs-watch-recursive-add-file-with-url","timestamp":1721059161789,"status":"REGRESSION","jobName":"node-test-binary-windows-js-suites","config":"node-test-binary-windows-js-suites » 1,win2019-COMPILED_BY-vs2022 #28656","buildUrl":"https://ci.nodejs.org/job/node-test-binary-windows-js-suites/RUN_SUBSET=1,nodes=win2019-COMPILED_BY-vs2022/28656/","buildNumber":28656,"builtOn":"test-rackspace-win2019_vs2019-x64-3","nodeVersion":"23.0.0","commitHash":"104d0c074cdae2fc5a9c3e32af72ec65c3a50048","callStack":[{"upstreamBuild":64086,"upstreamProject":"node-test-commit-windows-fanned","upstreamUrl":"job/node-test-commit-windows-fanned/"},{"upstreamBuild":72148,"upstreamProject":"node-test-commit","upstreamUrl":"job/node-test-commit/"},{"upstreamBuild":60332,"upstreamProject":"node-test-pull-request","upstreamUrl":"job/node-test-pull-request/"},{"prId":"53657"}],"tap":{"ok":false,"name":"parallel/test-fs-watch-recursive-add-file-with-url","id":318,"buffered":false,"tapError":null,"skip":false,"todo":false,"previous":null,"plan":null,"diag":{"severity":"fail","exitcode":1,"stack":"Can't clean tmpdir: C:\\workspace\\node-test-binary-windows-js-suites\\node\\test\\.tmp.318\nFiles blocking: [ 'Vbd0FS' ]\n\nnode:assert:126\n  throw new AssertionError(obj);\n  ^\n\nAssertionError [ERR_ASSERTION]: Expected values to be strictly equal:\n+ actual - expected\n\n+ 'change'\n- 'rename'\n    at FSWatcher.<anonymous> (C:\\workspace\\node-test-binary-windows-js-suites\\node\\test\\parallel\\test-fs-watch-recursive-add-file-with-url.js:38:12)\n    at FSWatcher.emit (node:events:520:28)\n    at FSWatcher._handle.onchange (node:internal/fs/watchers:203:12) {\n  generatedMessage: true,\n  code: 'ERR_ASSERTION',\n  actual: 'change',\n  expected: 'rename',\n  operator: 'strictEqual'\n}\n\nNode.js v23.0.0-pre"},"time":1006.009,"fullname":"parallel/test-fs-watch-recursive-add-file-with-url","closingTestPoint":false}},{"testName":"parallel/test-fs-watch-recursive-sync-write","timestamp":1721059161789,"status":"REGRESSION","jobName":"node-test-binary-windows-js-suites","config":"node-test-binary-windows-js-suites » 1,win2019-COMPILED_BY-vs2022 #28656","buildUrl":"https://ci.nodejs.org/job/node-test-binary-windows-js-suites/RUN_SUBSET=1,nodes=win2019-COMPILED_BY-vs2022/28656/","buildNumber":28656,"builtOn":"test-rackspace-win2019_vs2019-x64-3","nodeVersion":"23.0.0","commitHash":"104d0c074cdae2fc5a9c3e32af72ec65c3a50048","callStack":[{"upstreamBuild":64086,"upstreamProject":"node-test-commit-windows-fanned","upstreamUrl":"job/node-test-commit-windows-fanned/"},{"upstreamBuild":72148,"upstreamProject":"node-test-commit","upstreamUrl":"job/node-test-commit/"},{"upstreamBuild":60332,"upstreamProject":"node-test-pull-request","upstreamUrl":"job/node-test-pull-request/"},{"prId":"53657"}],"tap":{"ok":false,"name":"parallel/test-fs-watch-recursive-sync-write","id":331,"buffered":false,"tapError":null,"skip":false,"todo":false,"previous":null,"plan":null,"diag":{"severity":"fail","exitcode":1,"stack":"node:assert:126\n  throw new AssertionError(obj);\n  ^\n\nAssertionError [ERR_ASSERTION]: Expected values to be strictly equal:\n+ actual - expected\n\n+ 'C:\\\\workspace\\\\node-test-binary-windows-js-suites\\\\node\\\\test\\\\.tmp.326\\\\?\\\\C:\\\\workspace\\\\node-test-binary-windows-js-suites\\\\node\\\\test.file'\n- 'C:\\\\workspace\\\\node-test-binary-windows-js-suites\\\\node\\\\test\\\\.tmp.326\\\\test.file'\n    at FSWatcher.<anonymous> (C:\\workspace\\node-test-binary-windows-js-suites\\node\\test\\parallel\\test-fs-watch-recursive-sync-write.js:32:10)\n    at FSWatcher.<anonymous> (C:\\workspace\\node-test-binary-windows-js-suites\\node\\test\\common\\index.js:487:15)\n    at FSWatcher.emit (node:events:520:28)\n    at FSWatcher._handle.onchange (node:internal/fs/watchers:203:12) {\n  generatedMessage: true,\n  code: 'ERR_ASSERTION',\n  actual: 'C:\\\\workspace\\\\node-test-binary-windows-js-suites\\\\node\\\\test\\\\.tmp.326\\\\?\\\\C:\\\\workspace\\\\node-test-binary-windows-js-suites\\\\node\\\\test.file',\n  expected: 'C:\\\\workspace\\\\node-test-binary-windows-js-suites\\\\node\\\\test\\\\.tmp.326\\\\test.file',\n  operator: 'strictEqual'\n}\n\nNode.js v23.0.0-pre"},"time":644.985,"fullname":"parallel/test-fs-watch-recursive-sync-write","closingTestPoint":false}},{"testName":"report/test-report-uv-handles","timestamp":1721059161789,"status":"REGRESSION","jobName":"node-test-binary-windows-js-suites","config":"node-test-binary-windows-js-suites » 1,win2019-COMPILED_BY-vs2022 #28656","buildUrl":"https://ci.nodejs.org/job/node-test-binary-windows-js-suites/RUN_SUBSET=1,nodes=win2019-COMPILED_BY-vs2022/28656/","buildNumber":28656,"builtOn":"test-rackspace-win2019_vs2019-x64-3","nodeVersion":"23.0.0","commitHash":"104d0c074cdae2fc5a9c3e32af72ec65c3a50048","callStack":[{"upstreamBuild":64086,"upstreamProject":"node-test-commit-windows-fanned","upstreamUrl":"job/node-test-commit-windows-fanned/"},{"upstreamBuild":72148,"upstreamProject":"node-test-commit","upstreamUrl":"job/node-test-commit/"},{"upstreamBuild":60332,"upstreamProject":"node-test-pull-request","upstreamUrl":"job/node-test-pull-request/"},{"prId":"53657"}],"tap":{"ok":false,"name":"report/test-report-uv-handles","id":943,"buffered":false,"tapError":null,"skip":false,"todo":false,"previous":null,"plan":null,"diag":{"severity":"fail","exitcode":1,"stack":"node:assert:126\n  throw new AssertionError(obj);\n  ^\n\nAssertionError [ERR_ASSERTION]: Expected values to be strictly equal:\n+ actual - expected\n\n+ 'C:\\\\workspace\\\\node-test-binary-windows-js-suites\\\\node\\\\test\\\\report\\\\test-report-uv-handles.js'\n- '\\\\\\\\?\\\\C:\\\\workspace\\\\node-test-binary-windows-js-suites\\\\node\\\\test\\\\report\\\\test-report-uv-handles.js'\n    at Object.fs_poll_validator (C:\\workspace\\node-test-binary-windows-js-suites\\node\\test\\report\\test-report-uv-handles.js:203:16)\n    at Object.fs_poll_validator [as fs_poll] (C:\\workspace\\node-test-binary-windows-js-suites\\node\\test\\common\\index.js:487:15)\n    at ChildProcess.<anonymous> (C:\\workspace\\node-test-binary-windows-js-suites\\node\\test\\report\\test-report-uv-handles.js:269:57)\n    at ChildProcess.<anonymous> (C:\\workspace\\node-test-binary-windows-js-suites\\node\\test\\common\\index.js:487:15)\n    at ChildProcess.emit (node:events:520:28)\n    at ChildProcess._handle.onexit (node:internal/child_process:294:12) {\n  generatedMessage: true,\n  code: 'ERR_ASSERTION',\n  actual: 'C:\\\\workspace\\\\node-test-binary-windows-js-suites\\\\node\\\\test\\\\report\\\\test-report-uv-handles.js',\n  expected: '\\\\\\\\?\\\\C:\\\\workspace\\\\node-test-binary-windows-js-suites\\\\node\\\\test\\\\report\\\\test-report-uv-handles.js',\n  operator: 'strictEqual'\n}\n\nNode.js v23.0.0-pre"},"time":819.005,"fullname":"report/test-report-uv-handles","closingTestPoint":false}},{"testName":"sequential/test-fs-watch","timestamp":1721059161789,"status":"REGRESSION","jobName":"node-test-binary-windows-js-suites","config":"node-test-binary-windows-js-suites » 1,win2019-COMPILED_BY-vs2022 #28656","buildUrl":"https://ci.nodejs.org/job/node-test-binary-windows-js-suites/RUN_SUBSET=1,nodes=win2019-COMPILED_BY-vs2022/28656/","buildNumber":28656,"builtOn":"test-rackspace-win2019_vs2019-x64-3","nodeVersion":"23.0.0","commitHash":"104d0c074cdae2fc5a9c3e32af72ec65c3a50048","callStack":[{"upstreamBuild":64086,"upstreamProject":"node-test-commit-windows-fanned","upstreamUrl":"job/node-test-commit-windows-fanned/"},{"upstreamBuild":72148,"upstreamProject":"node-test-commit","upstreamUrl":"job/node-test-commit/"},{"upstreamBuild":60332,"upstreamProject":"node-test-pull-request","upstreamUrl":"job/node-test-pull-request/"},{"prId":"53657"}],"tap":{"ok":false,"name":"sequential/test-fs-watch","id":977,"buffered":false,"tapError":null,"skip":false,"todo":false,"previous":null,"plan":null,"diag":{"severity":"fail","exitcode":1,"stack":"Can't clean tmpdir: C:\\workspace\\node-test-binary-windows-js-suites\\node\\test\\.tmp.976\nFiles blocking: [ 'SlkDPE' ]\n\nnode:assert:126\n  throw new AssertionError(obj);\n  ^\n\nAssertionError [ERR_ASSERTION]: Expected values to be strictly equal:\n+ actual - expected\n\n+ '\\\\\\\\?\\\\C:\\\\workspace\\\\node-test-binary-windows-js-suites\\\\node\\\\test\\\\.tmp.976\\\\newfile.txt'\n- 'newfile.txt'\n    at FSWatcher.<anonymous> (C:\\workspace\\node-test-binary-windows-js-suites\\node\\test\\sequential\\test-fs-watch.js:103:16)\n    at FSWatcher.<anonymous> (C:\\workspace\\node-test-binary-windows-js-suites\\node\\test\\common\\index.js:487:15)\n    at FSWatcher.emit (node:events:520:28)\n    at FSWatcher._handle.onchange (node:internal/fs/watchers:203:12) {\n  generatedMessage: true,\n  code: 'ERR_ASSERTION',\n  actual: '\\\\\\\\?\\\\C:\\\\workspace\\\\node-test-binary-windows-js-suites\\\\node\\\\test\\\\.tmp.976\\\\newfile.txt',\n  expected: 'newfile.txt',\n  operator: 'strictEqual'\n}\n\nNode.js v23.0.0-pre"},"time":982.029,"fullname":"sequential/test-fs-watch","closingTestPoint":false}},{"testName":"parallel/test-fs-watch-recursive-add-file","timestamp":1721059161789,"status":"REGRESSION","jobName":"node-test-binary-windows-js-suites","config":"node-test-binary-windows-js-suites » 2,win2019-COMPILED_BY-vs2022 #28656","buildUrl":"https://ci.nodejs.org/job/node-test-binary-windows-js-suites/RUN_SUBSET=2,nodes=win2019-COMPILED_BY-vs2022/28656/","buildNumber":28656,"builtOn":"test-rackspace-win2019_vs2019-x64-2","nodeVersion":"23.0.0","commitHash":"104d0c074cdae2fc5a9c3e32af72ec65c3a50048","callStack":[{"upstreamBuild":64086,"upstreamProject":"node-test-commit-windows-fanned","upstreamUrl":"job/node-test-commit-windows-fanned/"},{"upstreamBuild":72148,"upstreamProject":"node-test-commit","upstreamUrl":"job/node-test-commit/"},{"upstreamBuild":60332,"upstreamProject":"node-test-pull-request","upstreamUrl":"job/node-test-pull-request/"},{"prId":"53657"}],"tap":{"ok":false,"name":"parallel/test-fs-watch-recursive-add-file","id":327,"buffered":false,"tapError":null,"skip":false,"todo":false,"previous":null,"plan":null,"diag":{"severity":"fail","exitcode":1,"stack":"Can't clean tmpdir: C:\\workspace\\node-test-binary-windows-js-suites\\node\\test\\.tmp.320\nFiles blocking: [ 'VhTLTk' ]\n\nnode:assert:126\n  throw new AssertionError(obj);\n  ^\n\nAssertionError [ERR_ASSERTION]: Expected values to be strictly equal:\n+ actual - expected\n\n+ 'change'\n- 'rename'\n    at FSWatcher.<anonymous> (C:\\workspace\\node-test-binary-windows-js-suites\\node\\test\\parallel\\test-fs-watch-recursive-add-file.js:34:10)\n    at FSWatcher.emit (node:events:520:28)\n    at FSWatcher._handle.onchange (node:internal/fs/watchers:203:12) {\n  generatedMessage: true,\n  code: 'ERR_ASSERTION',\n  actual: 'change',\n  expected: 'rename',\n  operator: 'strictEqual'\n}\n\nNode.js v23.0.0-pre"},"time":1217.005,"fullname":"parallel/test-fs-watch-recursive-add-file","closingTestPoint":false}},{"testName":"parallel/test-permission-fs-read","timestamp":1721059161789,"status":"REGRESSION","jobName":"node-test-binary-windows-js-suites","config":"node-test-binary-windows-js-suites » 2,win2019-COMPILED_BY-vs2022 #28656","buildUrl":"https://ci.nodejs.org/job/node-test-binary-windows-js-suites/RUN_SUBSET=2,nodes=win2019-COMPILED_BY-vs2022/28656/","buildNumber":28656,"builtOn":"test-rackspace-win2019_vs2019-x64-2","nodeVersion":"23.0.0","commitHash":"104d0c074cdae2fc5a9c3e32af72ec65c3a50048","callStack":[{"upstreamBuild":64086,"upstreamProject":"node-test-commit-windows-fanned","upstreamUrl":"job/node-test-commit-windows-fanned/"},{"upstreamBuild":72148,"upstreamProject":"node-test-commit","upstreamUrl":"job/node-test-commit/"},{"upstreamBuild":60332,"upstreamProject":"node-test-pull-request","upstreamUrl":"job/node-test-pull-request/"},{"prId":"53657"}],"tap":{"ok":false,"name":"parallel/test-permission-fs-read","id":604,"buffered":false,"tapError":null,"skip":false,"todo":false,"previous":null,"plan":null,"diag":{"severity":"fail","exitcode":1,"stack":"node:assert:126\n  throw new AssertionError(obj);\n  ^\n\nAssertionError [ERR_ASSERTION]: node:assert:644\n\n      throw err;\n\n      ^\n\n\n\nAssertionError [ERR_ASSERTION]: Expected values to be strictly deep-equal:\n\n+ actual - expected\n\n\n\n  Comparison {\n\n    code: 'ERR_ACCESS_DENIED',\n\n    permission: 'FileSystemRead',\n\n+   resource: 'C:\\\\workspace\\\\node-test-binary-windows-js-suites\\\\node\\\\test\\\\fixtures\\\\permission\\\\deny\\\\protected-file.md'\n\n-   resource: '\\\\\\\\?\\\\C:\\\\workspace\\\\node-test-binary-windows-js-suites\\\\node\\\\test\\\\fixtures\\\\permission\\\\deny\\\\protected-file.md'\n\n  }\n\n    at Object.<anonymous> (C:\\workspace\\node-test-binary-windows-js-suites\\node\\test\\common\\index.js:740:12)\n\n    at Object.<anonymous> (C:\\workspace\\node-test-binary-windows-js-suites\\node\\test\\common\\index.js:487:15)\n\n    at expectedException (node:assert:733:17)\n\n    at expectsError (node:assert:856:3)\n\n    at Function.throws (node:assert:911:3)\n\n    at Object.<anonymous> (C:\\workspace\\node-test-binary-windows-js-suites\\node\\test\\fixtures\\permission\\fs-read.js:292:10)\n\n    at Module._compile (node:internal/modules/cjs/loader:1505:14)\n\n    at Module._extensions..js (node:internal/modules/cjs/loader:1589:10)\n\n    at Module.load (node:internal/modules/cjs/loader:1283:32)\n\n    at Module._load (node:internal/modules/cjs/loader:1099:12) {\n\n  generatedMessage: true,\n\n  code: 'ERR_ASSERTION',\n\n  actual: Error: Access to this API has been restricted\n\n      at StatWatcher.<computed> (node:internal/fs/watchers:117:16)\n\n      at Object.watchFile (node:fs:2538:39)\n\n      at assert.throws.common.expectsError.code (C:\\workspace\\node-test-binary-windows-js-suites\\node\\test\\fixtures\\permission\\fs-read.js:293:8)\n\n      at getActual (node:assert:765:5)\n\n      at Function.throws (node:assert:911:24)\n\n      at Object.<anonymous> (C:\\workspace\\node-test-binary-windows-js-suites\\node\\test\\fixtures\\permission\\fs-read.js:292:10)\n\n      at Module._compile (node:internal/modules/cjs/loader:1505:14)\n\n      at Module._extensions..js (node:internal/modules/cjs/loader:1589:10)\n\n      at Module.load (node:internal/modules/cjs/loader:1283:32)\n\n      at Module._load (node:internal/modules/cjs/loader:1099:12) {\n\n    code: 'ERR_ACCESS_DENIED',\n\n    permission: 'FileSystemRead',\n\n    resource: 'C:\\\\workspace\\\\node-test-binary-windows-js-suites\\\\node\\\\test\\\\fixtures\\\\permission\\\\deny\\\\protected-file.md'\n\n  },\n\n  expected: {\n\n    code: 'ERR_ACCESS_DENIED',\n\n    permission: 'FileSystemRead',\n\n    resource: '\\\\\\\\?\\\\C:\\\\workspace\\\\node-test-binary-windows-js-suites\\\\node\\\\test\\\\fixtures\\\\permission\\\\deny\\\\protected-file.md'\n\n  },\n\n  operator: 'throws'\n\n}\n\n\n\nNode.js v23.0.0-pre\n\n\n    at Object.<anonymous> (C:\\workspace\\node-test-binary-windows-js-suites\\node\\test\\parallel\\test-permission-fs-read.js:42:10)\n    at Module._compile (node:internal/modules/cjs/loader:1505:14)\n    at Module._extensions..js (node:internal/modules/cjs/loader:1589:10)\n    at Module.load (node:internal/modules/cjs/loader:1283:32)\n    at Module._load (node:internal/modules/cjs/loader:1099:12)\n    at TracingChannel.traceSync (node:diagnostics_channel:315:14)\n    at wrapModuleLoad (node:internal/modules/cjs/loader:216:24)\n    at Function.executeUserEntryPoint [as runMain] (node:internal/modules/run_main:158:5)\n    at node:internal/main/run_main_module:30:49 {\n  generatedMessage: false,\n  code: 'ERR_ASSERTION',\n  actual: 1,\n  expected: 0,\n  operator: 'strictEqual'\n}\n\nNode.js v23.0.0-pre"},"time":606.03,"fullname":"parallel/test-permission-fs-read","closingTestPoint":false}},{"testName":"parallel/test-fs-watch-recursive-update-file","timestamp":1721059161789,"status":"REGRESSION","jobName":"node-test-binary-windows-js-suites","config":"node-test-binary-windows-js-suites » 2,win2019-COMPILED_BY-vs2022 #28656","buildUrl":"https://ci.nodejs.org/job/node-test-binary-windows-js-suites/RUN_SUBSET=2,nodes=win2019-COMPILED_BY-vs2022/28656/","buildNumber":28656,"builtOn":"test-rackspace-win2019_vs2019-x64-2","nodeVersion":"23.0.0","commitHash":"104d0c074cdae2fc5a9c3e32af72ec65c3a50048","callStack":[{"upstreamBuild":64086,"upstreamProject":"node-test-commit-windows-fanned","upstreamUrl":"job/node-test-commit-windows-fanned/"},{"upstreamBuild":72148,"upstreamProject":"node-test-commit","upstreamUrl":"job/node-test-commit/"},{"upstreamBuild":60332,"upstreamProject":"node-test-pull-request","upstreamUrl":"job/node-test-pull-request/"},{"prId":"53657"}],"tap":{"ok":false,"name":"parallel/test-fs-watch-recursive-update-file","id":953,"buffered":false,"tapError":null,"skip":false,"todo":false,"previous":null,"plan":null,"diag":{"severity":"fail","exitcode":1,"stack":"timeout"},"time":120205.599,"fullname":"parallel/test-fs-watch-recursive-update-file","closingTestPoint":false}},{"testName":"parallel/test-watch-mode-files_watcher","timestamp":1721059161789,"status":"REGRESSION","jobName":"node-test-binary-windows-js-suites","config":"node-test-binary-windows-js-suites » 2,win2019-COMPILED_BY-vs2022 #28656","buildUrl":"https://ci.nodejs.org/job/node-test-binary-windows-js-suites/RUN_SUBSET=2,nodes=win2019-COMPILED_BY-vs2022/28656/","buildNumber":28656,"builtOn":"test-rackspace-win2019_vs2019-x64-2","nodeVersion":"23.0.0","commitHash":"104d0c074cdae2fc5a9c3e32af72ec65c3a50048","callStack":[{"upstreamBuild":64086,"upstreamProject":"node-test-commit-windows-fanned","upstreamUrl":"job/node-test-commit-windows-fanned/"},{"upstreamBuild":72148,"upstreamProject":"node-test-commit","upstreamUrl":"job/node-test-commit/"},{"upstreamBuild":60332,"upstreamProject":"node-test-pull-request","upstreamUrl":"job/node-test-pull-request/"},{"prId":"53657"}],"tap":{"ok":false,"name":"parallel/test-watch-mode-files_watcher","id":955,"buffered":false,"tapError":null,"skip":false,"todo":false,"previous":null,"plan":null,"diag":{"severity":"fail","exitcode":1,"stack":"timeout\nTAP version 13"},"time":120245.673,"fullname":"parallel/test-watch-mode-files_watcher","closingTestPoint":false}},{"testName":"parallel/test-fs-watch-recursive-add-file-to-existing-subfolder","timestamp":1721059161789,"status":"REGRESSION","jobName":"node-test-binary-windows-js-suites","config":"node-test-binary-windows-js-suites » 3,win10-COMPILED_BY-vs2022 #28656","buildUrl":"https://ci.nodejs.org/job/node-test-binary-windows-js-suites/RUN_SUBSET=3,nodes=win10-COMPILED_BY-vs2022/28656/","buildNumber":28656,"builtOn":"test-azure_msft-win10_vs2019-x64-3","nodeVersion":"23.0.0","commitHash":"104d0c074cdae2fc5a9c3e32af72ec65c3a50048","callStack":[{"upstreamBuild":64086,"upstreamProject":"node-test-commit-windows-fanned","upstreamUrl":"job/node-test-commit-windows-fanned/"},{"upstreamBuild":72148,"upstreamProject":"node-test-commit","upstreamUrl":"job/node-test-commit/"},{"upstreamBuild":60332,"upstreamProject":"node-test-pull-request","upstreamUrl":"job/node-test-pull-request/"},{"prId":"53657"}],"tap":{"ok":false,"name":"parallel/test-fs-watch-recursive-add-file-to-existing-subfolder","id":321,"buffered":false,"tapError":null,"skip":false,"todo":false,"previous":null,"plan":null,"diag":{"severity":"fail","exitcode":1,"stack":"node:assert:126\n  throw new AssertionError(obj);\n  ^\n\nAssertionError [ERR_ASSERTION]: Expected values to be strictly equal:\n+ actual - expected\n\n+ 'change'\n- 'rename'\n    at FSWatcher.<anonymous> (c:\\workspace\\node-test-binary-windows-js-suites\\node\\test\\parallel\\test-fs-watch-recursive-add-file-to-existing-subfolder.js:43:10)\n    at FSWatcher.emit (node:events:520:28)\n    at FSWatcher._handle.onchange (node:internal/fs/watchers:203:12) {\n  generatedMessage: true,\n  code: 'ERR_ASSERTION',\n  actual: 'change',\n  expected: 'rename',\n  operator: 'strictEqual'\n}\n\nNode.js v23.0.0-pre"},"time":438.032,"fullname":"parallel/test-fs-watch-recursive-add-file-to-existing-subfolder","closingTestPoint":false}},{"testName":"parallel/test-fs-watchfile","timestamp":1721059161789,"status":"REGRESSION","jobName":"node-test-binary-windows-js-suites","config":"node-test-binary-windows-js-suites » 3,win10-COMPILED_BY-vs2022 #28656","buildUrl":"https://ci.nodejs.org/job/node-test-binary-windows-js-suites/RUN_SUBSET=3,nodes=win10-COMPILED_BY-vs2022/28656/","buildNumber":28656,"builtOn":"test-azure_msft-win10_vs2019-x64-3","nodeVersion":"23.0.0","commitHash":"104d0c074cdae2fc5a9c3e32af72ec65c3a50048","callStack":[{"upstreamBuild":64086,"upstreamProject":"node-test-commit-windows-fanned","upstreamUrl":"job/node-test-commit-windows-fanned/"},{"upstreamBuild":72148,"upstreamProject":"node-test-commit","upstreamUrl":"job/node-test-commit/"},{"upstreamBuild":60332,"upstreamProject":"node-test-pull-request","upstreamUrl":"job/node-test-pull-request/"},{"prId":"53657"}],"tap":{"ok":false,"name":"parallel/test-fs-watchfile","id":322,"buffered":false,"tapError":null,"skip":false,"todo":false,"previous":null,"plan":null,"diag":{"severity":"fail","exitcode":1,"stack":"(node:8072) [DEP0180] DeprecationWarning: fs.Stats constructor is deprecated.\n(Use `node --trace-deprecation ...` to show where the warning was created)\nCan't clean tmpdir: c:\\workspace\\node-test-binary-windows-js-suites\\node\\test\\.tmp.323\nFiles blocking: [ 'watch' ]\n\nnode:assert:126\n  throw new AssertionError(obj);\n  ^\n\nAssertionError [ERR_ASSERTION]: Expected values to be strictly equal:\n+ actual - expected\n\n+ '\\\\\\\\?\\\\c:\\\\workspace\\\\node-test-binary-windows-js-suites\\\\node\\\\foo.txt'\n- 'foo.txt'\n    at FSWatcher.<anonymous> (c:\\workspace\\node-test-binary-windows-js-suites\\node\\test\\parallel\\test-fs-watchfile.js:96:14)\n    at FSWatcher.<anonymous> (c:\\workspace\\node-test-binary-windows-js-suites\\node\\test\\common\\index.js:487:15)\n    at FSWatcher.emit (node:events:520:28)\n    at FSWatcher._handle.onchange (node:internal/fs/watchers:203:12) {\n  generatedMessage: true,\n  code: 'ERR_ASSERTION',\n  actual: '\\\\\\\\?\\\\c:\\\\workspace\\\\node-test-binary-windows-js-suites\\\\node\\\\foo.txt',\n  expected: 'foo.txt',\n  operator: 'strictEqual'\n}\n\nNode.js v23.0.0-pre"},"time":924.078,"fullname":"parallel/test-fs-watchfile","closingTestPoint":false}},{"testName":"parallel/test-fs-watch-recursive-add-folder","timestamp":1721059161789,"status":"REGRESSION","jobName":"node-test-binary-windows-js-suites","config":"node-test-binary-windows-js-suites » 3,win10-COMPILED_BY-vs2022 #28656","buildUrl":"https://ci.nodejs.org/job/node-test-binary-windows-js-suites/RUN_SUBSET=3,nodes=win10-COMPILED_BY-vs2022/28656/","buildNumber":28656,"builtOn":"test-azure_msft-win10_vs2019-x64-3","nodeVersion":"23.0.0","commitHash":"104d0c074cdae2fc5a9c3e32af72ec65c3a50048","callStack":[{"upstreamBuild":64086,"upstreamProject":"node-test-commit-windows-fanned","upstreamUrl":"job/node-test-commit-windows-fanned/"},{"upstreamBuild":72148,"upstreamProject":"node-test-commit","upstreamUrl":"job/node-test-commit/"},{"upstreamBuild":60332,"upstreamProject":"node-test-pull-request","upstreamUrl":"job/node-test-pull-request/"},{"prId":"53657"}],"tap":{"ok":false,"name":"parallel/test-fs-watch-recursive-add-folder","id":780,"buffered":false,"tapError":null,"skip":false,"todo":false,"previous":null,"plan":null,"diag":{"severity":"fail","exitcode":1,"stack":"timeout"},"time":120170.711,"fullname":"parallel/test-fs-watch-recursive-add-folder","closingTestPoint":false}},{"testName":"parallel/test-fs-watch-recursive-promise","timestamp":1721059161789,"status":"REGRESSION","jobName":"node-test-binary-windows-js-suites","config":"node-test-binary-windows-js-suites » 3,win10-COMPILED_BY-vs2022 #28656","buildUrl":"https://ci.nodejs.org/job/node-test-binary-windows-js-suites/RUN_SUBSET=3,nodes=win10-COMPILED_BY-vs2022/28656/","buildNumber":28656,"builtOn":"test-azure_msft-win10_vs2019-x64-3","nodeVersion":"23.0.0","commitHash":"104d0c074cdae2fc5a9c3e32af72ec65c3a50048","callStack":[{"upstreamBuild":64086,"upstreamProject":"node-test-commit-windows-fanned","upstreamUrl":"job/node-test-commit-windows-fanned/"},{"upstreamBuild":72148,"upstreamProject":"node-test-commit","upstreamUrl":"job/node-test-commit/"},{"upstreamBuild":60332,"upstreamProject":"node-test-pull-request","upstreamUrl":"job/node-test-pull-request/"},{"prId":"53657"}],"tap":{"ok":false,"name":"parallel/test-fs-watch-recursive-promise","id":781,"buffered":false,"tapError":null,"skip":false,"todo":false,"previous":null,"plan":null,"diag":{"severity":"fail","exitcode":1,"stack":"timeout"},"time":120111.702,"fullname":"parallel/test-fs-watch-recursive-promise","closingTestPoint":false}},{"testName":"parallel/test-runner-watch-mode","timestamp":1721059161789,"status":"FAILED","jobName":"node-test-binary-windows-js-suites","config":"node-test-binary-windows-js-suites » 3,win10-COMPILED_BY-vs2022 #28656","buildUrl":"https://ci.nodejs.org/job/node-test-binary-windows-js-suites/RUN_SUBSET=3,nodes=win10-COMPILED_BY-vs2022/28656/","buildNumber":28656,"builtOn":"test-azure_msft-win10_vs2019-x64-3","nodeVersion":"23.0.0","commitHash":"104d0c074cdae2fc5a9c3e32af72ec65c3a50048","callStack":[{"upstreamBuild":64086,"upstreamProject":"node-test-commit-windows-fanned","upstreamUrl":"job/node-test-commit-windows-fanned/"},{"upstreamBuild":72148,"upstreamProject":"node-test-commit","upstreamUrl":"job/node-test-commit/"},{"upstreamBuild":60332,"upstreamProject":"node-test-pull-request","upstreamUrl":"job/node-test-pull-request/"},{"prId":"53657"}],"tap":{"ok":false,"name":"parallel/test-runner-watch-mode","id":783,"buffered":false,"tapError":null,"skip":false,"todo":": Fix flaky test","previous":null,"plan":null,"diag":{"severity":"fail","exitcode":1,"stack":"timeout\nTAP version 13"},"time":120213.302,"fullname":"parallel/test-runner-watch-mode","closingTestPoint":false}},{"testName":"sequential/test-watch-mode-inspect","timestamp":1721059161789,"status":"FAILED","jobName":"node-test-binary-windows-js-suites","config":"node-test-binary-windows-js-suites » 3,win10-COMPILED_BY-vs2022 #28656","buildUrl":"https://ci.nodejs.org/job/node-test-binary-windows-js-suites/RUN_SUBSET=3,nodes=win10-COMPILED_BY-vs2022/28656/","buildNumber":28656,"builtOn":"test-azure_msft-win10_vs2019-x64-3","nodeVersion":"23.0.0","commitHash":"104d0c074cdae2fc5a9c3e32af72ec65c3a50048","callStack":[{"upstreamBuild":64086,"upstreamProject":"node-test-commit-windows-fanned","upstreamUrl":"job/node-test-commit-windows-fanned/"},{"upstreamBuild":72148,"upstreamProject":"node-test-commit","upstreamUrl":"job/node-test-commit/"},{"upstreamBuild":60332,"upstreamProject":"node-test-pull-request","upstreamUrl":"job/node-test-pull-request/"},{"prId":"53657"}],"tap":{"ok":false,"name":"sequential/test-watch-mode-inspect","id":994,"buffered":false,"tapError":null,"skip":false,"todo":": Fix flaky test","previous":null,"plan":null,"diag":{"severity":"fail","exitcode":1,"stack":"timeout\n[test] Connecting to a child Node process\n[test] Testing /json/list\nTAP version 13\n[err] Debugger listening on ws://127.0.0.1:53226/50e674cc-e2b1-47aa-9f83-a48b9ca2693e\n[err] For help, see: https://nodejs.org/en/docs/inspector\n[err] \n[err] Debugger attached.\n[err] \n[test] Connecting to a child Node process\n[test] Testing /json/list\n[err] Debugger ending on ws://127.0.0.1:53226/50e674cc-e2b1-47aa-9f83-a48b9ca2693e\n[err] For help, see: https://nodejs.org/en/docs/inspector\n[err] \n[out] safe to debug now\n[out] "},"time":120263.601,"fullname":"sequential/test-watch-mode-inspect","closingTestPoint":false}},{"testName":"sequential/test-worker-fshandles-open-close-on-termination","timestamp":1721059161789,"status":"REGRESSION","jobName":"node-test-binary-windows-js-suites","config":"node-test-binary-windows-js-suites » 3,win10-COMPILED_BY-vs2022 #28656","buildUrl":"https://ci.nodejs.org/job/node-test-binary-windows-js-suites/RUN_SUBSET=3,nodes=win10-COMPILED_BY-vs2022/28656/","buildNumber":28656,"builtOn":"test-azure_msft-win10_vs2019-x64-3","nodeVersion":"23.0.0","commitHash":"104d0c074cdae2fc5a9c3e32af72ec65c3a50048","callStack":[{"upstreamBuild":64086,"upstreamProject":"node-test-commit-windows-fanned","upstreamUrl":"job/node-test-commit-windows-fanned/"},{"upstreamBuild":72148,"upstreamProject":"node-test-commit","upstreamUrl":"job/node-test-commit/"},{"upstreamBuild":60332,"upstreamProject":"node-test-pull-request","upstreamUrl":"job/node-test-pull-request/"},{"prId":"53657"}],"tap":{"ok":false,"name":"sequential/test-worker-fshandles-open-close-on-termination","id":995,"buffered":false,"tapError":null,"skip":false,"todo":false,"previous":null,"plan":null,"diag":{"severity":"crashed","exitcode":3221225477,"stack":""},"time":740.052,"fullname":"sequential/test-worker-fshandles-open-close-on-termination","closingTestPoint":false}},{"testName":"parallel/test-fs-watch-recursive-add-file-to-existing-subfolder","timestamp":1721059161789,"status":"REGRESSION","jobName":"node-test-binary-windows-js-suites","config":"node-test-binary-windows-js-suites » 3,win11-COMPILED_BY-vs2022 #28656","buildUrl":"https://ci.nodejs.org/job/node-test-binary-windows-js-suites/RUN_SUBSET=3,nodes=win11-COMPILED_BY-vs2022/28656/","buildNumber":28656,"builtOn":"test-azure_msft-win11_vs2022-x64-3","nodeVersion":"23.0.0","commitHash":"104d0c074cdae2fc5a9c3e32af72ec65c3a50048","callStack":[{"upstreamBuild":64086,"upstreamProject":"node-test-commit-windows-fanned","upstreamUrl":"job/node-test-commit-windows-fanned/"},{"upstreamBuild":72148,"upstreamProject":"node-test-commit","upstreamUrl":"job/node-test-commit/"},{"upstreamBuild":60332,"upstreamProject":"node-test-pull-request","upstreamUrl":"job/node-test-pull-request/"},{"prId":"53657"}],"tap":{"ok":false,"name":"parallel/test-fs-watch-recursive-add-file-to-existing-subfolder","id":320,"buffered":false,"tapError":null,"skip":false,"todo":false,"previous":null,"plan":null,"diag":{"severity":"fail","exitcode":1,"stack":"node:assert:126\n  throw new AssertionError(obj);\n  ^\n\nAssertionError [ERR_ASSERTION]: Expected values to be strictly equal:\n+ actual - expected\n\n+ 'change'\n- 'rename'\n    at FSWatcher.<anonymous> (c:\\workspace\\node-test-binary-windows-js-suites\\node\\test\\parallel\\test-fs-watch-recursive-add-file-to-existing-subfolder.js:43:10)\n    at FSWatcher.emit (node:events:520:28)\n    at FSWatcher._handle.onchange (node:internal/fs/watchers:203:12) {\n  generatedMessage: true,\n  code: 'ERR_ASSERTION',\n  actual: 'change',\n  expected: 'rename',\n  operator: 'strictEqual'\n}\n\nNode.js v23.0.0-pre"},"time":378.005,"fullname":"parallel/test-fs-watch-recursive-add-file-to-existing-subfolder","closingTestPoint":false}},{"testName":"parallel/test-fs-watchfile","timestamp":1721059161789,"status":"REGRESSION","jobName":"node-test-binary-windows-js-suites","config":"node-test-binary-windows-js-suites » 3,win11-COMPILED_BY-vs2022 #28656","buildUrl":"https://ci.nodejs.org/job/node-test-binary-windows-js-suites/RUN_SUBSET=3,nodes=win11-COMPILED_BY-vs2022/28656/","buildNumber":28656,"builtOn":"test-azure_msft-win11_vs2022-x64-3","nodeVersion":"23.0.0","commitHash":"104d0c074cdae2fc5a9c3e32af72ec65c3a50048","callStack":[{"upstreamBuild":64086,"upstreamProject":"node-test-commit-windows-fanned","upstreamUrl":"job/node-test-commit-windows-fanned/"},{"upstreamBuild":72148,"upstreamProject":"node-test-commit","upstreamUrl":"job/node-test-commit/"},{"upstreamBuild":60332,"upstreamProject":"node-test-pull-request","upstreamUrl":"job/node-test-pull-request/"},{"prId":"53657"}],"tap":{"ok":false,"name":"parallel/test-fs-watchfile","id":327,"buffered":false,"tapError":null,"skip":false,"todo":false,"previous":null,"plan":null,"diag":{"severity":"fail","exitcode":1,"stack":"(node:11980) [DEP0180] DeprecationWarning: fs.Stats constructor is deprecated.\n(Use `node --trace-deprecation ...` to show where the warning was created)\nCan't clean tmpdir: c:\\workspace\\node-test-binary-windows-js-suites\\node\\test\\.tmp.323\nFiles blocking: [ 'watch' ]\n\nnode:assert:126\n  throw new AssertionError(obj);\n  ^\n\nAssertionError [ERR_ASSERTION]: Expected values to be strictly equal:\n+ actual - expected\n\n+ '\\\\\\\\?\\\\c:\\\\workspace\\\\node-test-binary-windows-js-suites\\\\node\\\\foo.txt'\n- 'foo.txt'\n    at FSWatcher.<anonymous> (c:\\workspace\\node-test-binary-windows-js-suites\\node\\test\\parallel\\test-fs-watchfile.js:96:14)\n    at FSWatcher.<anonymous> (c:\\workspace\\node-test-binary-windows-js-suites\\node\\test\\common\\index.js:487:15)\n    at FSWatcher.emit (node:events:520:28)\n    at FSWatcher._handle.onchange (node:internal/fs/watchers:203:12) {\n  generatedMessage: true,\n  code: 'ERR_ASSERTION',\n  actual: '\\\\\\\\?\\\\c:\\\\workspace\\\\node-test-binary-windows-js-suites\\\\node\\\\foo.txt',\n  expected: 'foo.txt',\n  operator: 'strictEqual'\n}\n\nNode.js v23.0.0-pre"},"time":933.01,"fullname":"parallel/test-fs-watchfile","closingTestPoint":false}},{"testName":"parallel/test-fs-watch-recursive-promise","timestamp":1721059161789,"status":"REGRESSION","jobName":"node-test-binary-windows-js-suites","config":"node-test-binary-windows-js-suites » 3,win11-COMPILED_BY-vs2022 #28656","buildUrl":"https://ci.nodejs.org/job/node-test-binary-windows-js-suites/RUN_SUBSET=3,nodes=win11-COMPILED_BY-vs2022/28656/","buildNumber":28656,"builtOn":"test-azure_msft-win11_vs2022-x64-3","nodeVersion":"23.0.0","commitHash":"104d0c074cdae2fc5a9c3e32af72ec65c3a50048","callStack":[{"upstreamBuild":64086,"upstreamProject":"node-test-commit-windows-fanned","upstreamUrl":"job/node-test-commit-windows-fanned/"},{"upstreamBuild":72148,"upstreamProject":"node-test-commit","upstreamUrl":"job/node-test-commit/"},{"upstreamBuild":60332,"upstreamProject":"node-test-pull-request","upstreamUrl":"job/node-test-pull-request/"},{"prId":"53657"}],"tap":{"ok":false,"name":"parallel/test-fs-watch-recursive-promise","id":769,"buffered":false,"tapError":null,"skip":false,"todo":false,"previous":null,"plan":null,"diag":{"severity":"fail","exitcode":1,"stack":"timeout"},"time":120199.917,"fullname":"parallel/test-fs-watch-recursive-promise","closingTestPoint":false}},{"testName":"parallel/test-fs-watch-recursive-add-folder","timestamp":1721059161789,"status":"REGRESSION","jobName":"node-test-binary-windows-js-suites","config":"node-test-binary-windows-js-suites » 3,win11-COMPILED_BY-vs2022 #28656","buildUrl":"https://ci.nodejs.org/job/node-test-binary-windows-js-suites/RUN_SUBSET=3,nodes=win11-COMPILED_BY-vs2022/28656/","buildNumber":28656,"builtOn":"test-azure_msft-win11_vs2022-x64-3","nodeVersion":"23.0.0","commitHash":"104d0c074cdae2fc5a9c3e32af72ec65c3a50048","callStack":[{"upstreamBuild":64086,"upstreamProject":"node-test-commit-windows-fanned","upstreamUrl":"job/node-test-commit-windows-fanned/"},{"upstreamBuild":72148,"upstreamProject":"node-test-commit","upstreamUrl":"job/node-test-commit/"},{"upstreamBuild":60332,"upstreamProject":"node-test-pull-request","upstreamUrl":"job/node-test-pull-request/"},{"prId":"53657"}],"tap":{"ok":false,"name":"parallel/test-fs-watch-recursive-add-folder","id":770,"buffered":false,"tapError":null,"skip":false,"todo":false,"previous":null,"plan":null,"diag":{"severity":"fail","exitcode":1,"stack":"timeout"},"time":120207.916,"fullname":"parallel/test-fs-watch-recursive-add-folder","closingTestPoint":false}},{"testName":"parallel/test-runner-watch-mode","timestamp":1721059161789,"status":"FAILED","jobName":"node-test-binary-windows-js-suites","config":"node-test-binary-windows-js-suites » 3,win11-COMPILED_BY-vs2022 #28656","buildUrl":"https://ci.nodejs.org/job/node-test-binary-windows-js-suites/RUN_SUBSET=3,nodes=win11-COMPILED_BY-vs2022/28656/","buildNumber":28656,"builtOn":"test-azure_msft-win11_vs2022-x64-3","nodeVersion":"23.0.0","commitHash":"104d0c074cdae2fc5a9c3e32af72ec65c3a50048","callStack":[{"upstreamBuild":64086,"upstreamProject":"node-test-commit-windows-fanned","upstreamUrl":"job/node-test-commit-windows-fanned/"},{"upstreamBuild":72148,"upstreamProject":"node-test-commit","upstreamUrl":"job/node-test-commit/"},{"upstreamBuild":60332,"upstreamProject":"node-test-pull-request","upstreamUrl":"job/node-test-pull-request/"},{"prId":"53657"}],"tap":{"ok":false,"name":"parallel/test-runner-watch-mode","id":772,"buffered":false,"tapError":null,"skip":false,"todo":": Fix flaky test","previous":null,"plan":null,"diag":{"severity":"fail","exitcode":1,"stack":"timeout\nTAP version 13"},"time":120261.057,"fullname":"parallel/test-runner-watch-mode","closingTestPoint":false}},{"testName":"sequential/test-watch-mode-inspect","timestamp":1721059161789,"status":"FAILED","jobName":"node-test-binary-windows-js-suites","config":"node-test-binary-windows-js-suites » 3,win11-COMPILED_BY-vs2022 #28656","buildUrl":"https://ci.nodejs.org/job/node-test-binary-windows-js-suites/RUN_SUBSET=3,nodes=win11-COMPILED_BY-vs2022/28656/","buildNumber":28656,"builtOn":"test-azure_msft-win11_vs2022-x64-3","nodeVersion":"23.0.0","commitHash":"104d0c074cdae2fc5a9c3e32af72ec65c3a50048","callStack":[{"upstreamBuild":64086,"upstreamProject":"node-test-commit-windows-fanned","upstreamUrl":"job/node-test-commit-windows-fanned/"},{"upstreamBuild":72148,"upstreamProject":"node-test-commit","upstreamUrl":"job/node-test-commit/"},{"upstreamBuild":60332,"upstreamProject":"node-test-pull-request","upstreamUrl":"job/node-test-pull-request/"},{"prId":"53657"}],"tap":{"ok":false,"name":"sequential/test-watch-mode-inspect","id":994,"buffered":false,"tapError":null,"skip":false,"todo":": Fix flaky test","previous":null,"plan":null,"diag":{"severity":"fail","exitcode":1,"stack":"timeout\n[test] Connecting to a child Node process\n[test] Testing /json/list\nTAP version 13\n[err] Debugger listening on ws://127.0.0.1:50897/385d640c-189f-4768-bb30-1ae4eedbf38b\n[err] For help, see: https://nodejs.org/en/docs/inspector\n[err] \n[out] safe to debug now\n[out] \n[err] Debugger attached.\n[err] \n[test] Connecting to a child Node process\n[test] Testing /json/list\n[err] Debugger ending on ws://127.0.0.1:50897/385d640c-189f-4768-bb30-1ae4eedbf38b\n[err] For help, see: https://nodejs.org/en/docs/inspector\n[err] "},"time":120282.187,"fullname":"sequential/test-watch-mode-inspect","closingTestPoint":false}},{"testName":"js-tests.junit.xml/[empty]","timestamp":1721059161789,"status":"FAILED","jobName":"node-test-binary-windows-js-suites","config":"node-test-binary-windows-js-suites » 0,win2019-COMPILED_BY-vs2022 #28656","buildUrl":"https://ci.nodejs.org/job/node-test-binary-windows-js-suites/RUN_SUBSET=0,nodes=win2019-COMPILED_BY-vs2022/28656/","buildNumber":28656,"builtOn":"test-rackspace-win2019_vs2019-x64-4","nodeVersion":"23.0.0","commitHash":"104d0c074cdae2fc5a9c3e32af72ec65c3a50048","callStack":[{"upstreamBuild":64086,"upstreamProject":"node-test-commit-windows-fanned","upstreamUrl":"job/node-test-commit-windows-fanned/"},{"upstreamBuild":72148,"upstreamProject":"node-test-commit","upstreamUrl":"job/node-test-commit/"},{"upstreamBuild":60332,"upstreamProject":"node-test-pull-request","upstreamUrl":"job/node-test-pull-request/"},{"prId":"53657"}],"tap":null},{"testName":"parallel/test-fs-watch-recursive-add-file","timestamp":1721059161789,"status":"REGRESSION","jobName":"node-test-binary-windows-js-suites","config":"node-test-binary-windows-js-suites » 3,win11-arm64-COMPILED_BY-vs2022-arm64 #28656","buildUrl":"https://ci.nodejs.org/job/node-test-binary-windows-js-suites/RUN_SUBSET=3,nodes=win11-arm64-COMPILED_BY-vs2022-arm64/28656/","buildNumber":28656,"builtOn":"test-azure_msft-win11_vs2022-arm64-6","nodeVersion":"23.0.0","commitHash":"104d0c074cdae2fc5a9c3e32af72ec65c3a50048","callStack":[{"upstreamBuild":64086,"upstreamProject":"node-test-commit-windows-fanned","upstreamUrl":"job/node-test-commit-windows-fanned/"},{"upstreamBuild":72148,"upstreamProject":"node-test-commit","upstreamUrl":"job/node-test-commit/"},{"upstreamBuild":60332,"upstreamProject":"node-test-pull-request","upstreamUrl":"job/node-test-pull-request/"},{"prId":"53657"}],"tap":{"ok":false,"name":"parallel/test-fs-watch-recursive-add-file","id":317,"buffered":false,"tapError":null,"skip":false,"todo":false,"previous":null,"plan":null,"diag":{"severity":"fail","exitcode":1,"stack":"node:assert:126\n  throw new AssertionError(obj);\n  ^\n\nAssertionError [ERR_ASSERTION]: Expected values to be strictly equal:\n+ actual - expected\n\n+ 'change'\n- 'rename'\n    at FSWatcher.<anonymous> (d:\\workspace\\node-test-binary-windows-js-suites\\node\\test\\parallel\\test-fs-watch-recursive-add-file.js:34:10)\n    at FSWatcher.emit (node:events:520:28)\n    at FSWatcher._handle.onchange (node:internal/fs/watchers:203:12) {\n  generatedMessage: true,\n  code: 'ERR_ASSERTION',\n  actual: 'change',\n  expected: 'rename',\n  operator: 'strictEqual'\n}\n\nNode.js v23.0.0-pre"},"time":447.003,"fullname":"parallel/test-fs-watch-recursive-add-file","closingTestPoint":false}},{"testName":"parallel/test-permission-fs-read","timestamp":1721059161789,"status":"REGRESSION","jobName":"node-test-binary-windows-js-suites","config":"node-test-binary-windows-js-suites » 3,win11-arm64-COMPILED_BY-vs2022-arm64 #28656","buildUrl":"https://ci.nodejs.org/job/node-test-binary-windows-js-suites/RUN_SUBSET=3,nodes=win11-arm64-COMPILED_BY-vs2022-arm64/28656/","buildNumber":28656,"builtOn":"test-azure_msft-win11_vs2022-arm64-6","nodeVersion":"23.0.0","commitHash":"104d0c074cdae2fc5a9c3e32af72ec65c3a50048","callStack":[{"upstreamBuild":64086,"upstreamProject":"node-test-commit-windows-fanned","upstreamUrl":"job/node-test-commit-windows-fanned/"},{"upstreamBuild":72148,"upstreamProject":"node-test-commit","upstreamUrl":"job/node-test-commit/"},{"upstreamBuild":60332,"upstreamProject":"node-test-pull-request","upstreamUrl":"job/node-test-pull-request/"},{"prId":"53657"}],"tap":{"ok":false,"name":"parallel/test-permission-fs-read","id":601,"buffered":false,"tapError":null,"skip":false,"todo":false,"previous":null,"plan":null,"diag":{"severity":"fail","exitcode":1,"stack":"node:assert:126\n  throw new AssertionError(obj);\n  ^\n\nAssertionError [ERR_ASSERTION]: node:assert:644\n\n      throw err;\n\n      ^\n\n\n\nAssertionError [ERR_ASSERTION]: Expected values to be strictly deep-equal:\n\n+ actual - expected\n\n\n\n  Comparison {\n\n    code: 'ERR_ACCESS_DENIED',\n\n    permission: 'FileSystemRead',\n\n+   resource: 'd:\\\\workspace\\\\node-test-binary-windows-js-suites\\\\node\\\\test\\\\fixtures\\\\permission\\\\deny\\\\protected-file.md'\n\n-   resource: '\\\\\\\\?\\\\d:\\\\workspace\\\\node-test-binary-windows-js-suites\\\\node\\\\test\\\\fixtures\\\\permission\\\\deny\\\\protected-file.md'\n\n  }\n\n    at Object.<anonymous> (d:\\workspace\\node-test-binary-windows-js-suites\\node\\test\\common\\index.js:740:12)\n\n    at Object.<anonymous> (d:\\workspace\\node-test-binary-windows-js-suites\\node\\test\\common\\index.js:487:15)\n\n    at expectedException (node:assert:733:17)\n\n    at expectsError (node:assert:856:3)\n\n    at Function.throws (node:assert:911:3)\n\n    at Object.<anonymous> (d:\\workspace\\node-test-binary-windows-js-suites\\node\\test\\fixtures\\permission\\fs-read.js:292:10)\n\n    at Module._compile (node:internal/modules/cjs/loader:1505:14)\n\n    at Module._extensions..js (node:internal/modules/cjs/loader:1589:10)\n\n    at Module.load (node:internal/modules/cjs/loader:1283:32)\n\n    at Module._load (node:internal/modules/cjs/loader:1099:12) {\n\n  generatedMessage: true,\n\n  code: 'ERR_ASSERTION',\n\n  actual: Error: Access to this API has been restricted\n\n      at StatWatcher.<computed> (node:internal/fs/watchers:117:16)\n\n      at Object.watchFile (node:fs:2538:39)\n\n      at assert.throws.common.expectsError.code (d:\\workspace\\node-test-binary-windows-js-suites\\node\\test\\fixtures\\permission\\fs-read.js:293:8)\n\n      at getActual (node:assert:765:5)\n\n      at Function.throws (node:assert:911:24)\n\n      at Object.<anonymous> (d:\\workspace\\node-test-binary-windows-js-suites\\node\\test\\fixtures\\permission\\fs-read.js:292:10)\n\n      at Module._compile (node:internal/modules/cjs/loader:1505:14)\n\n      at Module._extensions..js (node:internal/modules/cjs/loader:1589:10)\n\n      at Module.load (node:internal/modules/cjs/loader:1283:32)\n\n      at Module._load (node:internal/modules/cjs/loader:1099:12) {\n\n    code: 'ERR_ACCESS_DENIED',\n\n    permission: 'FileSystemRead',\n\n    resource: 'd:\\\\workspace\\\\node-test-binary-windows-js-suites\\\\node\\\\test\\\\fixtures\\\\permission\\\\deny\\\\protected-file.md'\n\n  },\n\n  expected: {\n\n    code: 'ERR_ACCESS_DENIED',\n\n    permission: 'FileSystemRead',\n\n    resource: '\\\\\\\\?\\\\d:\\\\workspace\\\\node-test-binary-windows-js-suites\\\\node\\\\test\\\\fixtures\\\\permission\\\\deny\\\\protected-file.md'\n\n  },\n\n  operator: 'throws'\n\n}\n\n\n\nNode.js v23.0.0-pre\n\n\n    at Object.<anonymous> (d:\\workspace\\node-test-binary-windows-js-suites\\node\\test\\parallel\\test-permission-fs-read.js:42:10)\n    at Module._compile (node:internal/modules/cjs/loader:1505:14)\n    at Module._extensions..js (node:internal/modules/cjs/loader:1589:10)\n    at Module.load (node:internal/modules/cjs/loader:1283:32)\n    at Module._load (node:internal/modules/cjs/loader:1099:12)\n    at TracingChannel.traceSync (node:diagnostics_channel:315:14)\n    at wrapModuleLoad (node:internal/modules/cjs/loader:216:24)\n    at Function.executeUserEntryPoint [as runMain] (node:internal/modules/run_main:158:5)\n    at node:internal/main/run_main_module:30:49 {\n  generatedMessage: false,\n  code: 'ERR_ASSERTION',\n  actual: 1,\n  expected: 0,\n  operator: 'strictEqual'\n}\n\nNode.js v23.0.0-pre"},"time":470,"fullname":"parallel/test-permission-fs-read","closingTestPoint":false}},{"testName":"parallel/test-fs-watch-recursive-update-file","timestamp":1721059161789,"status":"REGRESSION","jobName":"node-test-binary-windows-js-suites","config":"node-test-binary-windows-js-suites » 3,win11-arm64-COMPILED_BY-vs2022-arm64 #28656","buildUrl":"https://ci.nodejs.org/job/node-test-binary-windows-js-suites/RUN_SUBSET=3,nodes=win11-arm64-COMPILED_BY-vs2022-arm64/28656/","buildNumber":28656,"builtOn":"test-azure_msft-win11_vs2022-arm64-6","nodeVersion":"23.0.0","commitHash":"104d0c074cdae2fc5a9c3e32af72ec65c3a50048","callStack":[{"upstreamBuild":64086,"upstreamProject":"node-test-commit-windows-fanned","upstreamUrl":"job/node-test-commit-windows-fanned/"},{"upstreamBuild":72148,"upstreamProject":"node-test-commit","upstreamUrl":"job/node-test-commit/"},{"upstreamBuild":60332,"upstreamProject":"node-test-pull-request","upstreamUrl":"job/node-test-pull-request/"},{"prId":"53657"}],"tap":{"ok":false,"name":"parallel/test-fs-watch-recursive-update-file","id":944,"buffered":false,"tapError":null,"skip":false,"todo":false,"previous":null,"plan":null,"diag":{"severity":"fail","exitcode":1,"stack":"timeout"},"time":120174.311,"fullname":"parallel/test-fs-watch-recursive-update-file","closingTestPoint":false}},{"testName":"parallel/test-watch-mode-files_watcher","timestamp":1721059161789,"status":"REGRESSION","jobName":"node-test-binary-windows-js-suites","config":"node-test-binary-windows-js-suites » 3,win11-arm64-COMPILED_BY-vs2022-arm64 #28656","buildUrl":"https://ci.nodejs.org/job/node-test-binary-windows-js-suites/RUN_SUBSET=3,nodes=win11-arm64-COMPILED_BY-vs2022-arm64/28656/","buildNumber":28656,"builtOn":"test-azure_msft-win11_vs2022-arm64-6","nodeVersion":"23.0.0","commitHash":"104d0c074cdae2fc5a9c3e32af72ec65c3a50048","callStack":[{"upstreamBuild":64086,"upstreamProject":"node-test-commit-windows-fanned","upstreamUrl":"job/node-test-commit-windows-fanned/"},{"upstreamBuild":72148,"upstreamProject":"node-test-commit","upstreamUrl":"job/node-test-commit/"},{"upstreamBuild":60332,"upstreamProject":"node-test-pull-request","upstreamUrl":"job/node-test-pull-request/"},{"prId":"53657"}],"tap":{"ok":false,"name":"parallel/test-watch-mode-files_watcher","id":945,"buffered":false,"tapError":null,"skip":false,"todo":false,"previous":null,"plan":null,"diag":{"severity":"fail","exitcode":1,"stack":"timeout\nTAP version 13"},"time":120149.716,"fullname":"parallel/test-watch-mode-files_watcher","closingTestPoint":false}},{"testName":"parallel/test-fs-watch-recursive-add-file-to-existing-subfolder","timestamp":1721059161789,"status":"REGRESSION","jobName":"node-test-binary-windows-js-suites","config":"node-test-binary-windows-js-suites » 0,win11-arm64-COMPILED_BY-vs2022-arm64 #28656","buildUrl":"https://ci.nodejs.org/job/node-test-binary-windows-js-suites/RUN_SUBSET=0,nodes=win11-arm64-COMPILED_BY-vs2022-arm64/28656/","buildNumber":28656,"builtOn":"test-azure_msft-win11_vs2022-arm64-5","nodeVersion":"23.0.0","commitHash":"104d0c074cdae2fc5a9c3e32af72ec65c3a50048","callStack":[{"upstreamBuild":64086,"upstreamProject":"node-test-commit-windows-fanned","upstreamUrl":"job/node-test-commit-windows-fanned/"},{"upstreamBuild":72148,"upstreamProject":"node-test-commit","upstreamUrl":"job/node-test-commit/"},{"upstreamBuild":60332,"upstreamProject":"node-test-pull-request","upstreamUrl":"job/node-test-pull-request/"},{"prId":"53657"}],"tap":{"ok":false,"name":"parallel/test-fs-watch-recursive-add-file-to-existing-subfolder","id":320,"buffered":false,"tapError":null,"skip":false,"todo":false,"previous":null,"plan":null,"diag":{"severity":"fail","exitcode":1,"stack":"node:assert:126\n  throw new AssertionError(obj);\n  ^\n\nAssertionError [ERR_ASSERTION]: Expected values to be strictly equal:\n+ actual - expected\n\n+ 'change'\n- 'rename'\n    at FSWatcher.<anonymous> (d:\\workspace\\node-test-binary-windows-js-suites\\node\\test\\parallel\\test-fs-watch-recursive-add-file-to-existing-subfolder.js:43:10)\n    at FSWatcher.emit (node:events:520:28)\n    at FSWatcher._handle.onchange (node:internal/fs/watchers:203:12) {\n  generatedMessage: true,\n  code: 'ERR_ASSERTION',\n  actual: 'change',\n  expected: 'rename',\n  operator: 'strictEqual'\n}\n\nNode.js v23.0.0-pre"},"time":517.002,"fullname":"parallel/test-fs-watch-recursive-add-file-to-existing-subfolder","closingTestPoint":false}},{"testName":"parallel/test-fs-watchfile","timestamp":1721059161789,"status":"REGRESSION","jobName":"node-test-binary-windows-js-suites","config":"node-test-binary-windows-js-suites » 0,win11-arm64-COMPILED_BY-vs2022-arm64 #28656","buildUrl":"https://ci.nodejs.org/job/node-test-binary-windows-js-suites/RUN_SUBSET=0,nodes=win11-arm64-COMPILED_BY-vs2022-arm64/28656/","buildNumber":28656,"builtOn":"test-azure_msft-win11_vs2022-arm64-5","nodeVersion":"23.0.0","commitHash":"104d0c074cdae2fc5a9c3e32af72ec65c3a50048","callStack":[{"upstreamBuild":64086,"upstreamProject":"node-test-commit-windows-fanned","upstreamUrl":"job/node-test-commit-windows-fanned/"},{"upstreamBuild":72148,"upstreamProject":"node-test-commit","upstreamUrl":"job/node-test-commit/"},{"upstreamBuild":60332,"upstreamProject":"node-test-pull-request","upstreamUrl":"job/node-test-pull-request/"},{"prId":"53657"}],"tap":{"ok":false,"name":"parallel/test-fs-watchfile","id":325,"buffered":false,"tapError":null,"skip":false,"todo":false,"previous":null,"plan":null,"diag":{"severity":"fail","exitcode":1,"stack":"(node:10780) [DEP0180] DeprecationWarning: fs.Stats constructor is deprecated.\n(Use `node --trace-deprecation ...` to show where the warning was created)\nCan't clean tmpdir: d:\\workspace\\node-test-binary-windows-js-suites\\node\\test\\.tmp.322\nFiles blocking: [ 'watch' ]\n\nnode:assert:126\n  throw new AssertionError(obj);\n  ^\n\nAssertionError [ERR_ASSERTION]: Expected values to be strictly equal:\n+ actual - expected\n\n+ '\\\\\\\\?\\\\d:\\\\workspace\\\\node-test-binary-windows-js-suites\\\\node\\\\foo.txt'\n- 'foo.txt'\n    at FSWatcher.<anonymous> (d:\\workspace\\node-test-binary-windows-js-suites\\node\\test\\parallel\\test-fs-watchfile.js:96:14)\n    at FSWatcher.<anonymous> (d:\\workspace\\node-test-binary-windows-js-suites\\node\\test\\common\\index.js:487:15)\n    at FSWatcher.emit (node:events:520:28)\n    at FSWatcher._handle.onchange (node:internal/fs/watchers:203:12) {\n  generatedMessage: true,\n  code: 'ERR_ASSERTION',\n  actual: '\\\\\\\\?\\\\d:\\\\workspace\\\\node-test-binary-windows-js-suites\\\\node\\\\foo.txt',\n  expected: 'foo.txt',\n  operator: 'strictEqual'\n}\n\nNode.js v23.0.0-pre"},"time":1029.184,"fullname":"parallel/test-fs-watchfile","closingTestPoint":false}},{"testName":"parallel/test-fs-watch-recursive-add-folder","timestamp":1721059161789,"status":"REGRESSION","jobName":"node-test-binary-windows-js-suites","config":"node-test-binary-windows-js-suites » 0,win11-arm64-COMPILED_BY-vs2022-arm64 #28656","buildUrl":"https://ci.nodejs.org/job/node-test-binary-windows-js-suites/RUN_SUBSET=0,nodes=win11-arm64-COMPILED_BY-vs2022-arm64/28656/","buildNumber":28656,"builtOn":"test-azure_msft-win11_vs2022-arm64-5","nodeVersion":"23.0.0","commitHash":"104d0c074cdae2fc5a9c3e32af72ec65c3a50048","callStack":[{"upstreamBuild":64086,"upstreamProject":"node-test-commit-windows-fanned","upstreamUrl":"job/node-test-commit-windows-fanned/"},{"upstreamBuild":72148,"upstreamProject":"node-test-commit","upstreamUrl":"job/node-test-commit/"},{"upstreamBuild":60332,"upstreamProject":"node-test-pull-request","upstreamUrl":"job/node-test-pull-request/"},{"prId":"53657"}],"tap":{"ok":false,"name":"parallel/test-fs-watch-recursive-add-folder","id":960,"buffered":false,"tapError":null,"skip":false,"todo":false,"previous":null,"plan":null,"diag":{"severity":"fail","exitcode":1,"stack":"timeout"},"time":120179.478,"fullname":"parallel/test-fs-watch-recursive-add-folder","closingTestPoint":false}},{"testName":"parallel/test-fs-watch-recursive-promise","timestamp":1721059161789,"status":"REGRESSION","jobName":"node-test-binary-windows-js-suites","config":"node-test-binary-windows-js-suites » 0,win11-arm64-COMPILED_BY-vs2022-arm64 #28656","buildUrl":"https://ci.nodejs.org/job/node-test-binary-windows-js-suites/RUN_SUBSET=0,nodes=win11-arm64-COMPILED_BY-vs2022-arm64/28656/","buildNumber":28656,"builtOn":"test-azure_msft-win11_vs2022-arm64-5","nodeVersion":"23.0.0","commitHash":"104d0c074cdae2fc5a9c3e32af72ec65c3a50048","callStack":[{"upstreamBuild":64086,"upstreamProject":"node-test-commit-windows-fanned","upstreamUrl":"job/node-test-commit-windows-fanned/"},{"upstreamBuild":72148,"upstreamProject":"node-test-commit","upstreamUrl":"job/node-test-commit/"},{"upstreamBuild":60332,"upstreamProject":"node-test-pull-request","upstreamUrl":"job/node-test-pull-request/"},{"prId":"53657"}],"tap":{"ok":false,"name":"parallel/test-fs-watch-recursive-promise","id":961,"buffered":false,"tapError":null,"skip":false,"todo":false,"previous":null,"plan":null,"diag":{"severity":"fail","exitcode":1,"stack":"timeout"},"time":120180.476,"fullname":"parallel/test-fs-watch-recursive-promise","closingTestPoint":false}},{"testName":"parallel/test-runner-watch-mode","timestamp":1721059161789,"status":"FAILED","jobName":"node-test-binary-windows-js-suites","config":"node-test-binary-windows-js-suites » 0,win11-arm64-COMPILED_BY-vs2022-arm64 #28656","buildUrl":"https://ci.nodejs.org/job/node-test-binary-windows-js-suites/RUN_SUBSET=0,nodes=win11-arm64-COMPILED_BY-vs2022-arm64/28656/","buildNumber":28656,"builtOn":"test-azure_msft-win11_vs2022-arm64-5","nodeVersion":"23.0.0","commitHash":"104d0c074cdae2fc5a9c3e32af72ec65c3a50048","callStack":[{"upstreamBuild":64086,"upstreamProject":"node-test-commit-windows-fanned","upstreamUrl":"job/node-test-commit-windows-fanned/"},{"upstreamBuild":72148,"upstreamProject":"node-test-commit","upstreamUrl":"job/node-test-commit/"},{"upstreamBuild":60332,"upstreamProject":"node-test-pull-request","upstreamUrl":"job/node-test-pull-request/"},{"prId":"53657"}],"tap":{"ok":false,"name":"parallel/test-runner-watch-mode","id":963,"buffered":false,"tapError":null,"skip":false,"todo":": Fix flaky test","previous":null,"plan":null,"diag":{"severity":"fail","exitcode":1,"stack":"timeout\nTAP version 13"},"time":120191.289,"fullname":"parallel/test-runner-watch-mode","closingTestPoint":false}},{"testName":"sequential/test-watch-mode-inspect","timestamp":1721059161789,"status":"FAILED","jobName":"node-test-binary-windows-js-suites","config":"node-test-binary-windows-js-suites » 0,win11-arm64-COMPILED_BY-vs2022-arm64 #28656","buildUrl":"https://ci.nodejs.org/job/node-test-binary-windows-js-suites/RUN_SUBSET=0,nodes=win11-arm64-COMPILED_BY-vs2022-arm64/28656/","buildNumber":28656,"builtOn":"test-azure_msft-win11_vs2022-arm64-5","nodeVersion":"23.0.0","commitHash":"104d0c074cdae2fc5a9c3e32af72ec65c3a50048","callStack":[{"upstreamBuild":64086,"upstreamProject":"node-test-commit-windows-fanned","upstreamUrl":"job/node-test-commit-windows-fanned/"},{"upstreamBuild":72148,"upstreamProject":"node-test-commit","upstreamUrl":"job/node-test-commit/"},{"upstreamBuild":60332,"upstreamProject":"node-test-pull-request","upstreamUrl":"job/node-test-pull-request/"},{"prId":"53657"}],"tap":{"ok":false,"name":"sequential/test-watch-mode-inspect","id":994,"buffered":false,"tapError":null,"skip":false,"todo":": Fix flaky test","previous":null,"plan":null,"diag":{"severity":"fail","exitcode":1,"stack":"timeout\n[test] Connecting to a child Node process\n[test] Testing /json/list\nTAP version 13\n[err] Debugger listening on ws://127.0.0.1:63667/30577858-0bf4-4662-a5a8-66de3476d0a5\n[err] For help, see: https://nodejs.org/en/docs/inspector\n[err] \n[err] Debugger attached.\n[err] \n[test] Connecting to a child Node process\n[test] Testing /json/list\n[err] Debugger ending on ws://127.0.0.1:63667/30577858-0bf4-4662-a5a8-66de3476d0a5\n[err] For help, see: https://nodejs.org/en/docs/inspector\n[err] \n[out] safe to debug now\n[out] "},"time":120177.841,"fullname":"sequential/test-watch-mode-inspect","closingTestPoint":false}},{"testName":"parallel/test-fs-promises-watch","timestamp":1721059161789,"status":"REGRESSION","jobName":"node-test-binary-windows-js-suites","config":"node-test-binary-windows-js-suites » 1,win10-COMPILED_BY-vs2022 #28656","buildUrl":"https://ci.nodejs.org/job/node-test-binary-windows-js-suites/RUN_SUBSET=1,nodes=win10-COMPILED_BY-vs2022/28656/","buildNumber":28656,"builtOn":"test-azure_msft-win10_vs2019-x64-4","nodeVersion":"23.0.0","commitHash":"104d0c074cdae2fc5a9c3e32af72ec65c3a50048","callStack":[{"upstreamBuild":64086,"upstreamProject":"node-test-commit-windows-fanned","upstreamUrl":"job/node-test-commit-windows-fanned/"},{"upstreamBuild":72148,"upstreamProject":"node-test-commit","upstreamUrl":"job/node-test-commit/"},{"upstreamBuild":60332,"upstreamProject":"node-test-pull-request","upstreamUrl":"job/node-test-pull-request/"},{"prId":"53657"}],"tap":{"ok":false,"name":"parallel/test-fs-promises-watch","id":290,"buffered":false,"tapError":null,"skip":false,"todo":false,"previous":null,"plan":null,"diag":{"severity":"fail","exitcode":1,"stack":"node:internal/process/promises:391\n    triggerUncaughtException(err, true /* fromPromise */);\n    ^\n\nAssertionError [ERR_ASSERTION]: Expected values to be strictly equal:\n+ actual - expected\n\n+ '\\\\\\\\?\\\\c:\\\\workspace\\\\node-test-binary-windows-js-suites\\\\node\\\\foo'\n- 'foo'\n    at test (c:\\workspace\\node-test-binary-windows-js-suites\\node\\test\\parallel\\test-fs-promises-watch.js:56:14) {\n  generatedMessage: true,\n  code: 'ERR_ASSERTION',\n  actual: '\\\\\\\\?\\\\c:\\\\workspace\\\\node-test-binary-windows-js-suites\\\\node\\\\foo',\n  expected: 'foo',\n  operator: 'strictEqual'\n}\n\nNode.js v23.0.0-pre"},"time":262.002,"fullname":"parallel/test-fs-promises-watch","closingTestPoint":false}},{"testName":"parallel/test-fs-watch-enoent","timestamp":1721059161789,"status":"REGRESSION","jobName":"node-test-binary-windows-js-suites","config":"node-test-binary-windows-js-suites » 1,win10-COMPILED_BY-vs2022 #28656","buildUrl":"https://ci.nodejs.org/job/node-test-binary-windows-js-suites/RUN_SUBSET=1,nodes=win10-COMPILED_BY-vs2022/28656/","buildNumber":28656,"builtOn":"test-azure_msft-win10_vs2019-x64-4","nodeVersion":"23.0.0","commitHash":"104d0c074cdae2fc5a9c3e32af72ec65c3a50048","callStack":[{"upstreamBuild":64086,"upstreamProject":"node-test-commit-windows-fanned","upstreamUrl":"job/node-test-commit-windows-fanned/"},{"upstreamBuild":72148,"upstreamProject":"node-test-commit","upstreamUrl":"job/node-test-commit/"},{"upstreamBuild":60332,"upstreamProject":"node-test-pull-request","upstreamUrl":"job/node-test-pull-request/"},{"prId":"53657"}],"tap":{"ok":false,"name":"parallel/test-fs-watch-enoent","id":317,"buffered":false,"tapError":null,"skip":false,"todo":false,"previous":null,"plan":null,"diag":{"severity":"fail","exitcode":1,"stack":"node:assert:126\n  throw new AssertionError(obj);\n  ^\n\nAssertionError [ERR_ASSERTION]: Expected values to be strictly equal:\n+ actual - expected\n\n+ 'c:\\\\workspace\\\\node-test-binary-windows-js-suites\\\\node\\\\test\\\\.tmp.317\\\\non-existent'\n- '\\\\\\\\?\\\\c:\\\\workspace\\\\node-test-binary-windows-js-suites\\\\node\\\\test\\\\.tmp.317\\\\non-existent'\n    at Object.validateError (c:\\workspace\\node-test-binary-windows-js-suites\\node\\test\\parallel\\test-fs-watch-enoent.js:26:12)\n    at expectedException (node:assert:733:17)\n    at expectsError (node:assert:856:3)\n    at Function.throws (node:assert:911:3)\n    at Object.<anonymous> (c:\\workspace\\node-test-binary-windows-js-suites\\node\\test\\parallel\\test-fs-watch-enoent.js:39:10)\n    at Module._compile (node:internal/modules/cjs/loader:1505:14)\n    at Module._extensions..js (node:internal/modules/cjs/loader:1589:10)\n    at Module.load (node:internal/modules/cjs/loader:1283:32)\n    at Module._load (node:internal/modules/cjs/loader:1099:12)\n    at TracingChannel.traceSync (node:diagnostics_channel:315:14) {\n  generatedMessage: true,\n  code: 'ERR_ASSERTION',\n  actual: 'c:\\\\workspace\\\\node-test-binary-windows-js-suites\\\\node\\\\test\\\\.tmp.317\\\\non-existent',\n  expected: '\\\\\\\\?\\\\c:\\\\workspace\\\\node-test-binary-windows-js-suites\\\\node\\\\test\\\\.tmp.317\\\\non-existent',\n  operator: 'strictEqual'\n}\n\nNode.js v23.0.0-pre"},"time":129.999,"fullname":"parallel/test-fs-watch-enoent","closingTestPoint":false}},{"testName":"parallel/test-fs-watch-recursive-add-file-with-url","timestamp":1721059161789,"status":"REGRESSION","jobName":"node-test-binary-windows-js-suites","config":"node-test-binary-windows-js-suites » 1,win10-COMPILED_BY-vs2022 #28656","buildUrl":"https://ci.nodejs.org/job/node-test-binary-windows-js-suites/RUN_SUBSET=1,nodes=win10-COMPILED_BY-vs2022/28656/","buildNumber":28656,"builtOn":"test-azure_msft-win10_vs2019-x64-4","nodeVersion":"23.0.0","commitHash":"104d0c074cdae2fc5a9c3e32af72ec65c3a50048","callStack":[{"upstreamBuild":64086,"upstreamProject":"node-test-commit-windows-fanned","upstreamUrl":"job/node-test-commit-windows-fanned/"},{"upstreamBuild":72148,"upstreamProject":"node-test-commit","upstreamUrl":"job/node-test-commit/"},{"upstreamBuild":60332,"upstreamProject":"node-test-pull-request","upstreamUrl":"job/node-test-pull-request/"},{"prId":"53657"}],"tap":{"ok":false,"name":"parallel/test-fs-watch-recursive-add-file-with-url","id":319,"buffered":false,"tapError":null,"skip":false,"todo":false,"previous":null,"plan":null,"diag":{"severity":"fail","exitcode":1,"stack":"node:assert:126\n  throw new AssertionError(obj);\n  ^\n\nAssertionError [ERR_ASSERTION]: Expected values to be strictly equal:\n+ actual - expected\n\n+ 'change'\n- 'rename'\n    at FSWatcher.<anonymous> (c:\\workspace\\node-test-binary-windows-js-suites\\node\\test\\parallel\\test-fs-watch-recursive-add-file-with-url.js:38:12)\n    at FSWatcher.emit (node:events:520:28)\n    at FSWatcher._handle.onchange (node:internal/fs/watchers:203:12) {\n  generatedMessage: true,\n  code: 'ERR_ASSERTION',\n  actual: 'change',\n  expected: 'rename',\n  operator: 'strictEqual'\n}\n\nNode.js v23.0.0-pre"},"time":230,"fullname":"parallel/test-fs-watch-recursive-add-file-with-url","closingTestPoint":false}},{"testName":"parallel/test-fs-watch-recursive-sync-write","timestamp":1721059161789,"status":"REGRESSION","jobName":"node-test-binary-windows-js-suites","config":"node-test-binary-windows-js-suites » 1,win10-COMPILED_BY-vs2022 #28656","buildUrl":"https://ci.nodejs.org/job/node-test-binary-windows-js-suites/RUN_SUBSET=1,nodes=win10-COMPILED_BY-vs2022/28656/","buildNumber":28656,"builtOn":"test-azure_msft-win10_vs2019-x64-4","nodeVersion":"23.0.0","commitHash":"104d0c074cdae2fc5a9c3e32af72ec65c3a50048","callStack":[{"upstreamBuild":64086,"upstreamProject":"node-test-commit-windows-fanned","upstreamUrl":"job/node-test-commit-windows-fanned/"},{"upstreamBuild":72148,"upstreamProject":"node-test-commit","upstreamUrl":"job/node-test-commit/"},{"upstreamBuild":60332,"upstreamProject":"node-test-pull-request","upstreamUrl":"job/node-test-pull-request/"},{"prId":"53657"}],"tap":{"ok":false,"name":"parallel/test-fs-watch-recursive-sync-write","id":327,"buffered":false,"tapError":null,"skip":false,"todo":false,"previous":null,"plan":null,"diag":{"severity":"fail","exitcode":1,"stack":"node:assert:126\n  throw new AssertionError(obj);\n  ^\n\nAssertionError [ERR_ASSERTION]: Expected values to be strictly equal:\n+ actual - expected\n\n+ 'c:\\\\workspace\\\\node-test-binary-windows-js-suites\\\\node\\\\test\\\\.tmp.320\\\\?\\\\c:\\\\workspace\\\\node-test-binary-windows-js-suites\\\\node\\\\test.file'\n- 'c:\\\\workspace\\\\node-test-binary-windows-js-suites\\\\node\\\\test\\\\.tmp.320\\\\test.file'\n    at FSWatcher.<anonymous> (c:\\workspace\\node-test-binary-windows-js-suites\\node\\test\\parallel\\test-fs-watch-recursive-sync-write.js:32:10)\n    at FSWatcher.<anonymous> (c:\\workspace\\node-test-binary-windows-js-suites\\node\\test\\common\\index.js:487:15)\n    at FSWatcher.emit (node:events:520:28)\n    at FSWatcher._handle.onchange (node:internal/fs/watchers:203:12) {\n  generatedMessage: true,\n  code: 'ERR_ASSERTION',\n  actual: 'c:\\\\workspace\\\\node-test-binary-windows-js-suites\\\\node\\\\test\\\\.tmp.320\\\\?\\\\c:\\\\workspace\\\\node-test-binary-windows-js-suites\\\\node\\\\test.file',\n  expected: 'c:\\\\workspace\\\\node-test-binary-windows-js-suites\\\\node\\\\test\\\\.tmp.320\\\\test.file',\n  operator: 'strictEqual'\n}\n\nNode.js v23.0.0-pre"},"time":357.002,"fullname":"parallel/test-fs-watch-recursive-sync-write","closingTestPoint":false}},{"testName":"report/test-report-uv-handles","timestamp":1721059161789,"status":"REGRESSION","jobName":"node-test-binary-windows-js-suites","config":"node-test-binary-windows-js-suites » 1,win10-COMPILED_BY-vs2022 #28656","buildUrl":"https://ci.nodejs.org/job/node-test-binary-windows-js-suites/RUN_SUBSET=1,nodes=win10-COMPILED_BY-vs2022/28656/","buildNumber":28656,"builtOn":"test-azure_msft-win10_vs2019-x64-4","nodeVersion":"23.0.0","commitHash":"104d0c074cdae2fc5a9c3e32af72ec65c3a50048","callStack":[{"upstreamBuild":64086,"upstreamProject":"node-test-commit-windows-fanned","upstreamUrl":"job/node-test-commit-windows-fanned/"},{"upstreamBuild":72148,"upstreamProject":"node-test-commit","upstreamUrl":"job/node-test-commit/"},{"upstreamBuild":60332,"upstreamProject":"node-test-pull-request","upstreamUrl":"job/node-test-pull-request/"},{"prId":"53657"}],"tap":{"ok":false,"name":"report/test-report-uv-handles","id":943,"buffered":false,"tapError":null,"skip":false,"todo":false,"previous":null,"plan":null,"diag":{"severity":"fail","exitcode":1,"stack":"node:assert:126\n  throw new AssertionError(obj);\n  ^\n\nAssertionError [ERR_ASSERTION]: Expected values to be strictly equal:\n+ actual - expected\n\n+ 'c:\\\\workspace\\\\node-test-binary-windows-js-suites\\\\node\\\\test\\\\report\\\\test-report-uv-handles.js'\n- '\\\\\\\\?\\\\c:\\\\workspace\\\\node-test-binary-windows-js-suites\\\\node\\\\test\\\\report\\\\test-report-uv-handles.js'\n    at Object.fs_poll_validator (c:\\workspace\\node-test-binary-windows-js-suites\\node\\test\\report\\test-report-uv-handles.js:203:16)\n    at Object.fs_poll_validator [as fs_poll] (c:\\workspace\\node-test-binary-windows-js-suites\\node\\test\\common\\index.js:487:15)\n    at ChildProcess.<anonymous> (c:\\workspace\\node-test-binary-windows-js-suites\\node\\test\\report\\test-report-uv-handles.js:269:57)\n    at ChildProcess.<anonymous> (c:\\workspace\\node-test-binary-windows-js-suites\\node\\test\\common\\index.js:487:15)\n    at ChildProcess.emit (node:events:520:28)\n    at ChildProcess._handle.onexit (node:internal/child_process:294:12) {\n  generatedMessage: true,\n  code: 'ERR_ASSERTION',\n  actual: 'c:\\\\workspace\\\\node-test-binary-windows-js-suites\\\\node\\\\test\\\\report\\\\test-report-uv-handles.js',\n  expected: '\\\\\\\\?\\\\c:\\\\workspace\\\\node-test-binary-windows-js-suites\\\\node\\\\test\\\\report\\\\test-report-uv-handles.js',\n  operator: 'strictEqual'\n}\n\nNode.js v23.0.0-pre"},"time":423,"fullname":"report/test-report-uv-handles","closingTestPoint":false}},{"testName":"sequential/test-fs-watch","timestamp":1721059161789,"status":"REGRESSION","jobName":"node-test-binary-windows-js-suites","config":"node-test-binary-windows-js-suites » 1,win10-COMPILED_BY-vs2022 #28656","buildUrl":"https://ci.nodejs.org/job/node-test-binary-windows-js-suites/RUN_SUBSET=1,nodes=win10-COMPILED_BY-vs2022/28656/","buildNumber":28656,"builtOn":"test-azure_msft-win10_vs2019-x64-4","nodeVersion":"23.0.0","commitHash":"104d0c074cdae2fc5a9c3e32af72ec65c3a50048","callStack":[{"upstreamBuild":64086,"upstreamProject":"node-test-commit-windows-fanned","upstreamUrl":"job/node-test-commit-windows-fanned/"},{"upstreamBuild":72148,"upstreamProject":"node-test-commit","upstreamUrl":"job/node-test-commit/"},{"upstreamBuild":60332,"upstreamProject":"node-test-pull-request","upstreamUrl":"job/node-test-pull-request/"},{"prId":"53657"}],"tap":{"ok":false,"name":"sequential/test-fs-watch","id":977,"buffered":false,"tapError":null,"skip":false,"todo":false,"previous":null,"plan":null,"diag":{"severity":"fail","exitcode":1,"stack":"node:assert:126\n  throw new AssertionError(obj);\n  ^\n\nAssertionError [ERR_ASSERTION]: Expected values to be strictly equal:\n+ actual - expected\n\n+ '\\\\\\\\?\\\\c:\\\\workspace\\\\node-test-binary-windows-js-suites\\\\node\\\\test\\\\.tmp.976\\\\newfile.txt'\n- 'newfile.txt'\n    at FSWatcher.<anonymous> (c:\\workspace\\node-test-binary-windows-js-suites\\node\\test\\sequential\\test-fs-watch.js:103:16)\n    at FSWatcher.<anonymous> (c:\\workspace\\node-test-binary-windows-js-suites\\node\\test\\common\\index.js:487:15)\n    at FSWatcher.emit (node:events:520:28)\n    at FSWatcher._handle.onchange (node:internal/fs/watchers:203:12) {\n  generatedMessage: true,\n  code: 'ERR_ASSERTION',\n  actual: '\\\\\\\\?\\\\c:\\\\workspace\\\\node-test-binary-windows-js-suites\\\\node\\\\test\\\\.tmp.976\\\\newfile.txt',\n  expected: 'newfile.txt',\n  operator: 'strictEqual'\n}\n\nNode.js v23.0.0-pre"},"time":133.352,"fullname":"sequential/test-fs-watch","closingTestPoint":false}},{"testName":"parallel/test-fs-watch-recursive-add-file-to-existing-subfolder","timestamp":1721059161789,"status":"REGRESSION","jobName":"node-test-binary-windows-js-suites","config":"node-test-binary-windows-js-suites » 3,win2019-COMPILED_BY-vs2022 #28656","buildUrl":"https://ci.nodejs.org/job/node-test-binary-windows-js-suites/RUN_SUBSET=3,nodes=win2019-COMPILED_BY-vs2022/28656/","buildNumber":28656,"builtOn":"test-rackspace-win2019_vs2019-x64-3","nodeVersion":"23.0.0","commitHash":"104d0c074cdae2fc5a9c3e32af72ec65c3a50048","callStack":[{"upstreamBuild":64086,"upstreamProject":"node-test-commit-windows-fanned","upstreamUrl":"job/node-test-commit-windows-fanned/"},{"upstreamBuild":72148,"upstreamProject":"node-test-commit","upstreamUrl":"job/node-test-commit/"},{"upstreamBuild":60332,"upstreamProject":"node-test-pull-request","upstreamUrl":"job/node-test-pull-request/"},{"prId":"53657"}],"tap":{"ok":false,"name":"parallel/test-fs-watch-recursive-add-file-to-existing-subfolder","id":328,"buffered":false,"tapError":null,"skip":false,"todo":false,"previous":null,"plan":null,"diag":{"severity":"fail","exitcode":1,"stack":"Can't clean tmpdir: C:\\workspace\\node-test-binary-windows-js-suites\\node\\test\\.tmp.318\nFiles blocking: [ 'EJ3TBe' ]\n\nnode:assert:126\n  throw new AssertionError(obj);\n  ^\n\nAssertionError [ERR_ASSERTION]: Expected values to be strictly equal:\n+ actual - expected\n\n+ 'change'\n- 'rename'\n    at FSWatcher.<anonymous> (C:\\workspace\\node-test-binary-windows-js-suites\\node\\test\\parallel\\test-fs-watch-recursive-add-file-to-existing-subfolder.js:43:10)\n    at FSWatcher.emit (node:events:520:28)\n    at FSWatcher._handle.onchange (node:internal/fs/watchers:203:12) {\n  generatedMessage: true,\n  code: 'ERR_ASSERTION',\n  actual: 'change',\n  expected: 'rename',\n  operator: 'strictEqual'\n}\n\nNode.js v23.0.0-pre"},"time":1205.985,"fullname":"parallel/test-fs-watch-recursive-add-file-to-existing-subfolder","closingTestPoint":false}},{"testName":"parallel/test-fs-watchfile","timestamp":1721059161789,"status":"REGRESSION","jobName":"node-test-binary-windows-js-suites","config":"node-test-binary-windows-js-suites » 3,win2019-COMPILED_BY-vs2022 #28656","buildUrl":"https://ci.nodejs.org/job/node-test-binary-windows-js-suites/RUN_SUBSET=3,nodes=win2019-COMPILED_BY-vs2022/28656/","buildNumber":28656,"builtOn":"test-rackspace-win2019_vs2019-x64-3","nodeVersion":"23.0.0","commitHash":"104d0c074cdae2fc5a9c3e32af72ec65c3a50048","callStack":[{"upstreamBuild":64086,"upstreamProject":"node-test-commit-windows-fanned","upstreamUrl":"job/node-test-commit-windows-fanned/"},{"upstreamBuild":72148,"upstreamProject":"node-test-commit","upstreamUrl":"job/node-test-commit/"},{"upstreamBuild":60332,"upstreamProject":"node-test-pull-request","upstreamUrl":"job/node-test-pull-request/"},{"prId":"53657"}],"tap":{"ok":false,"name":"parallel/test-fs-watchfile","id":333,"buffered":false,"tapError":null,"skip":false,"todo":false,"previous":null,"plan":null,"diag":{"severity":"fail","exitcode":1,"stack":"(node:6644) [DEP0180] DeprecationWarning: fs.Stats constructor is deprecated.\n(Use `node --trace-deprecation ...` to show where the warning was created)\nCan't clean tmpdir: C:\\workspace\\node-test-binary-windows-js-suites\\node\\test\\.tmp.323\nFiles blocking: [ 'watch' ]\n\nnode:assert:126\n  throw new AssertionError(obj);\n  ^\n\nAssertionError [ERR_ASSERTION]: Expected values to be strictly equal:\n+ actual - expected\n\n+ '\\\\\\\\?\\\\C:\\\\workspace\\\\node-test-binary-windows-js-suites\\\\node\\\\foo.txt'\n- 'foo.txt'\n    at FSWatcher.<anonymous> (C:\\workspace\\node-test-binary-windows-js-suites\\node\\test\\parallel\\test-fs-watchfile.js:96:14)\n    at FSWatcher.<anonymous> (C:\\workspace\\node-test-binary-windows-js-suites\\node\\test\\common\\index.js:487:15)\n    at FSWatcher.emit (node:events:520:28)\n    at FSWatcher._handle.onchange (node:internal/fs/watchers:203:12) {\n  generatedMessage: true,\n  code: 'ERR_ASSERTION',\n  actual: '\\\\\\\\?\\\\C:\\\\workspace\\\\node-test-binary-windows-js-suites\\\\node\\\\foo.txt',\n  expected: 'foo.txt',\n  operator: 'strictEqual'\n}\n\nNode.js v23.0.0-pre"},"time":1003.984,"fullname":"parallel/test-fs-watchfile","closingTestPoint":false}},{"testName":"parallel/test-fs-watch-recursive-add-folder","timestamp":1721059161789,"status":"REGRESSION","jobName":"node-test-binary-windows-js-suites","config":"node-test-binary-windows-js-suites » 3,win2019-COMPILED_BY-vs2022 #28656","buildUrl":"https://ci.nodejs.org/job/node-test-binary-windows-js-suites/RUN_SUBSET=3,nodes=win2019-COMPILED_BY-vs2022/28656/","buildNumber":28656,"builtOn":"test-rackspace-win2019_vs2019-x64-3","nodeVersion":"23.0.0","commitHash":"104d0c074cdae2fc5a9c3e32af72ec65c3a50048","callStack":[{"upstreamBuild":64086,"upstreamProject":"node-test-commit-windows-fanned","upstreamUrl":"job/node-test-commit-windows-fanned/"},{"upstreamBuild":72148,"upstreamProject":"node-test-commit","upstreamUrl":"job/node-test-commit/"},{"upstreamBuild":60332,"upstreamProject":"node-test-pull-request","upstreamUrl":"job/node-test-pull-request/"},{"prId":"53657"}],"tap":{"ok":false,"name":"parallel/test-fs-watch-recursive-add-folder","id":944,"buffered":false,"tapError":null,"skip":false,"todo":false,"previous":null,"plan":null,"diag":{"severity":"fail","exitcode":1,"stack":"timeout"},"time":120229.046,"fullname":"parallel/test-fs-watch-recursive-add-folder","closingTestPoint":false}},{"testName":"parallel/test-fs-watch-recursive-promise","timestamp":1721059161789,"status":"REGRESSION","jobName":"node-test-binary-windows-js-suites","config":"node-test-binary-windows-js-suites » 3,win2019-COMPILED_BY-vs2022 #28656","buildUrl":"https://ci.nodejs.org/job/node-test-binary-windows-js-suites/RUN_SUBSET=3,nodes=win2019-COMPILED_BY-vs2022/28656/","buildNumber":28656,"builtOn":"test-rackspace-win2019_vs2019-x64-3","nodeVersion":"23.0.0","commitHash":"104d0c074cdae2fc5a9c3e32af72ec65c3a50048","callStack":[{"upstreamBuild":64086,"upstreamProject":"node-test-commit-windows-fanned","upstreamUrl":"job/node-test-commit-windows-fanned/"},{"upstreamBuild":72148,"upstreamProject":"node-test-commit","upstreamUrl":"job/node-test-commit/"},{"upstreamBuild":60332,"upstreamProject":"node-test-pull-request","upstreamUrl":"job/node-test-pull-request/"},{"prId":"53657"}],"tap":{"ok":false,"name":"parallel/test-fs-watch-recursive-promise","id":945,"buffered":false,"tapError":null,"skip":false,"todo":false,"previous":null,"plan":null,"diag":{"severity":"fail","exitcode":1,"stack":"timeout"},"time":120216.043,"fullname":"parallel/test-fs-watch-recursive-promise","closingTestPoint":false}},{"testName":"parallel/test-runner-watch-mode","timestamp":1721059161789,"status":"FAILED","jobName":"node-test-binary-windows-js-suites","config":"node-test-binary-windows-js-suites » 3,win2019-COMPILED_BY-vs2022 #28656","buildUrl":"https://ci.nodejs.org/job/node-test-binary-windows-js-suites/RUN_SUBSET=3,nodes=win2019-COMPILED_BY-vs2022/28656/","buildNumber":28656,"builtOn":"test-rackspace-win2019_vs2019-x64-3","nodeVersion":"23.0.0","commitHash":"104d0c074cdae2fc5a9c3e32af72ec65c3a50048","callStack":[{"upstreamBuild":64086,"upstreamProject":"node-test-commit-windows-fanned","upstreamUrl":"job/node-test-commit-windows-fanned/"},{"upstreamBuild":72148,"upstreamProject":"node-test-commit","upstreamUrl":"job/node-test-commit/"},{"upstreamBuild":60332,"upstreamProject":"node-test-pull-request","upstreamUrl":"job/node-test-pull-request/"},{"prId":"53657"}],"tap":{"ok":false,"name":"parallel/test-runner-watch-mode","id":946,"buffered":false,"tapError":null,"skip":false,"todo":": Fix flaky test","previous":null,"plan":null,"diag":{"severity":"fail","exitcode":1,"stack":"timeout\nTAP version 13"},"time":120381.052,"fullname":"parallel/test-runner-watch-mode","closingTestPoint":false}},{"testName":"sequential/test-watch-mode-inspect","timestamp":1721059161789,"status":"FAILED","jobName":"node-test-binary-windows-js-suites","config":"node-test-binary-windows-js-suites » 3,win2019-COMPILED_BY-vs2022 #28656","buildUrl":"https://ci.nodejs.org/job/node-test-binary-windows-js-suites/RUN_SUBSET=3,nodes=win2019-COMPILED_BY-vs2022/28656/","buildNumber":28656,"builtOn":"test-rackspace-win2019_vs2019-x64-3","nodeVersion":"23.0.0","commitHash":"104d0c074cdae2fc5a9c3e32af72ec65c3a50048","callStack":[{"upstreamBuild":64086,"upstreamProject":"node-test-commit-windows-fanned","upstreamUrl":"job/node-test-commit-windows-fanned/"},{"upstreamBuild":72148,"upstreamProject":"node-test-commit","upstreamUrl":"job/node-test-commit/"},{"upstreamBuild":60332,"upstreamProject":"node-test-pull-request","upstreamUrl":"job/node-test-pull-request/"},{"prId":"53657"}],"tap":{"ok":false,"name":"sequential/test-watch-mode-inspect","id":994,"buffered":false,"tapError":null,"skip":false,"todo":": Fix flaky test","previous":null,"plan":null,"diag":{"severity":"fail","exitcode":1,"stack":"timeout\n[test] Connecting to a child Node process\n[test] Testing /json/list\nTAP version 13\n[err] Debugger listening on ws://127.0.0.1:63255/db578a27-4663-4ace-acd2-85a26c62d2a4\n[err] For help, see: https://nodejs.org/en/docs/inspector\n[err] \n[err] Debugger attached.\n[err] \n[test] Connecting to a child Node process\n[test] Testing /json/list\n[err] Debugger ending on ws://127.0.0.1:63255/db578a27-4663-4ace-acd2-85a26c62d2a4\n[err] For help, see: https://nodejs.org/en/docs/inspector\n[err] \n[out] safe to debug now\n[out] "},"time":120239.997,"fullname":"sequential/test-watch-mode-inspect","closingTestPoint":false}},{"testName":"parallel/test-fs-promises-watch","timestamp":1721059161789,"status":"REGRESSION","jobName":"node-test-binary-windows-js-suites","config":"node-test-binary-windows-js-suites » 1,win11-COMPILED_BY-vs2022 #28656","buildUrl":"https://ci.nodejs.org/job/node-test-binary-windows-js-suites/RUN_SUBSET=1,nodes=win11-COMPILED_BY-vs2022/28656/","buildNumber":28656,"builtOn":"test-azure_msft-win11_vs2022-x64-1","nodeVersion":"23.0.0","commitHash":"104d0c074cdae2fc5a9c3e32af72ec65c3a50048","callStack":[{"upstreamBuild":64086,"upstreamProject":"node-test-commit-windows-fanned","upstreamUrl":"job/node-test-commit-windows-fanned/"},{"upstreamBuild":72148,"upstreamProject":"node-test-commit","upstreamUrl":"job/node-test-commit/"},{"upstreamBuild":60332,"upstreamProject":"node-test-pull-request","upstreamUrl":"job/node-test-pull-request/"},{"prId":"53657"}],"tap":{"ok":false,"name":"parallel/test-fs-promises-watch","id":290,"buffered":false,"tapError":null,"skip":false,"todo":false,"previous":null,"plan":null,"diag":{"severity":"fail","exitcode":1,"stack":"node:internal/process/promises:391\n    triggerUncaughtException(err, true /* fromPromise */);\n    ^\n\nAssertionError [ERR_ASSERTION]: Expected values to be strictly equal:\n+ actual - expected\n\n+ '\\\\\\\\?\\\\c:\\\\workspace\\\\node-test-binary-windows-js-suites\\\\node\\\\foo'\n- 'foo'\n    at test (c:\\workspace\\node-test-binary-windows-js-suites\\node\\test\\parallel\\test-fs-promises-watch.js:56:14) {\n  generatedMessage: true,\n  code: 'ERR_ASSERTION',\n  actual: '\\\\\\\\?\\\\c:\\\\workspace\\\\node-test-binary-windows-js-suites\\\\node\\\\foo',\n  expected: 'foo',\n  operator: 'strictEqual'\n}\n\nNode.js v23.0.0-pre"},"time":303.021,"fullname":"parallel/test-fs-promises-watch","closingTestPoint":false}},{"testName":"parallel/test-fs-watch-enoent","timestamp":1721059161789,"status":"REGRESSION","jobName":"node-test-binary-windows-js-suites","config":"node-test-binary-windows-js-suites » 1,win11-COMPILED_BY-vs2022 #28656","buildUrl":"https://ci.nodejs.org/job/node-test-binary-windows-js-suites/RUN_SUBSET=1,nodes=win11-COMPILED_BY-vs2022/28656/","buildNumber":28656,"builtOn":"test-azure_msft-win11_vs2022-x64-1","nodeVersion":"23.0.0","commitHash":"104d0c074cdae2fc5a9c3e32af72ec65c3a50048","callStack":[{"upstreamBuild":64086,"upstreamProject":"node-test-commit-windows-fanned","upstreamUrl":"job/node-test-commit-windows-fanned/"},{"upstreamBuild":72148,"upstreamProject":"node-test-commit","upstreamUrl":"job/node-test-commit/"},{"upstreamBuild":60332,"upstreamProject":"node-test-pull-request","upstreamUrl":"job/node-test-pull-request/"},{"prId":"53657"}],"tap":{"ok":false,"name":"parallel/test-fs-watch-enoent","id":316,"buffered":false,"tapError":null,"skip":false,"todo":false,"previous":null,"plan":null,"diag":{"severity":"fail","exitcode":1,"stack":"node:assert:126\n  throw new AssertionError(obj);\n  ^\n\nAssertionError [ERR_ASSERTION]: Expected values to be strictly equal:\n+ actual - expected\n\n+ 'c:\\\\workspace\\\\node-test-binary-windows-js-suites\\\\node\\\\test\\\\.tmp.317\\\\non-existent'\n- '\\\\\\\\?\\\\c:\\\\workspace\\\\node-test-binary-windows-js-suites\\\\node\\\\test\\\\.tmp.317\\\\non-existent'\n    at Object.validateError (c:\\workspace\\node-test-binary-windows-js-suites\\node\\test\\parallel\\test-fs-watch-enoent.js:26:12)\n    at expectedException (node:assert:733:17)\n    at expectsError (node:assert:856:3)\n    at Function.throws (node:assert:911:3)\n    at Object.<anonymous> (c:\\workspace\\node-test-binary-windows-js-suites\\node\\test\\parallel\\test-fs-watch-enoent.js:39:10)\n    at Module._compile (node:internal/modules/cjs/loader:1505:14)\n    at Module._extensions..js (node:internal/modules/cjs/loader:1589:10)\n    at Module.load (node:internal/modules/cjs/loader:1283:32)\n    at Module._load (node:internal/modules/cjs/loader:1099:12)\n    at TracingChannel.traceSync (node:diagnostics_channel:315:14) {\n  generatedMessage: true,\n  code: 'ERR_ASSERTION',\n  actual: 'c:\\\\workspace\\\\node-test-binary-windows-js-suites\\\\node\\\\test\\\\.tmp.317\\\\non-existent',\n  expected: '\\\\\\\\?\\\\c:\\\\workspace\\\\node-test-binary-windows-js-suites\\\\node\\\\test\\\\.tmp.317\\\\non-existent',\n  operator: 'strictEqual'\n}\n\nNode.js v23.0.0-pre"},"time":153.008,"fullname":"parallel/test-fs-watch-enoent","closingTestPoint":false}},{"testName":"parallel/test-fs-watch-recursive-add-file-with-url","timestamp":1721059161789,"status":"REGRESSION","jobName":"node-test-binary-windows-js-suites","config":"node-test-binary-windows-js-suites » 1,win11-COMPILED_BY-vs2022 #28656","buildUrl":"https://ci.nodejs.org/job/node-test-binary-windows-js-suites/RUN_SUBSET=1,nodes=win11-COMPILED_BY-vs2022/28656/","buildNumber":28656,"builtOn":"test-azure_msft-win11_vs2022-x64-1","nodeVersion":"23.0.0","commitHash":"104d0c074cdae2fc5a9c3e32af72ec65c3a50048","callStack":[{"upstreamBuild":64086,"upstreamProject":"node-test-commit-windows-fanned","upstreamUrl":"job/node-test-commit-windows-fanned/"},{"upstreamBuild":72148,"upstreamProject":"node-test-commit","upstreamUrl":"job/node-test-commit/"},{"upstreamBuild":60332,"upstreamProject":"node-test-pull-request","upstreamUrl":"job/node-test-pull-request/"},{"prId":"53657"}],"tap":{"ok":false,"name":"parallel/test-fs-watch-recursive-add-file-with-url","id":319,"buffered":false,"tapError":null,"skip":false,"todo":false,"previous":null,"plan":null,"diag":{"severity":"fail","exitcode":1,"stack":"node:assert:126\n  throw new AssertionError(obj);\n  ^\n\nAssertionError [ERR_ASSERTION]: Expected values to be strictly equal:\n+ actual - expected\n\n+ 'change'\n- 'rename'\n    at FSWatcher.<anonymous> (c:\\workspace\\node-test-binary-windows-js-suites\\node\\test\\parallel\\test-fs-watch-recursive-add-file-with-url.js:38:12)\n    at FSWatcher.emit (node:events:520:28)\n    at FSWatcher._handle.onchange (node:internal/fs/watchers:203:12) {\n  generatedMessage: true,\n  code: 'ERR_ASSERTION',\n  actual: 'change',\n  expected: 'rename',\n  operator: 'strictEqual'\n}\n\nNode.js v23.0.0-pre"},"time":280.016,"fullname":"parallel/test-fs-watch-recursive-add-file-with-url","closingTestPoint":false}},{"testName":"parallel/test-fs-watch-recursive-sync-write","timestamp":1721059161789,"status":"REGRESSION","jobName":"node-test-binary-windows-js-suites","config":"node-test-binary-windows-js-suites » 1,win11-COMPILED_BY-vs2022 #28656","buildUrl":"https://ci.nodejs.org/job/node-test-binary-windows-js-suites/RUN_SUBSET=1,nodes=win11-COMPILED_BY-vs2022/28656/","buildNumber":28656,"builtOn":"test-azure_msft-win11_vs2022-x64-1","nodeVersion":"23.0.0","commitHash":"104d0c074cdae2fc5a9c3e32af72ec65c3a50048","callStack":[{"upstreamBuild":64086,"upstreamProject":"node-test-commit-windows-fanned","upstreamUrl":"job/node-test-commit-windows-fanned/"},{"upstreamBuild":72148,"upstreamProject":"node-test-commit","upstreamUrl":"job/node-test-commit/"},{"upstreamBuild":60332,"upstreamProject":"node-test-pull-request","upstreamUrl":"job/node-test-pull-request/"},{"prId":"53657"}],"tap":{"ok":false,"name":"parallel/test-fs-watch-recursive-sync-write","id":328,"buffered":false,"tapError":null,"skip":false,"todo":false,"previous":null,"plan":null,"diag":{"severity":"fail","exitcode":1,"stack":"node:assert:126\n  throw new AssertionError(obj);\n  ^\n\nAssertionError [ERR_ASSERTION]: Expected values to be strictly equal:\n+ actual - expected\n\n+ 'c:\\\\workspace\\\\node-test-binary-windows-js-suites\\\\node\\\\test\\\\.tmp.321\\\\?\\\\c:\\\\workspace\\\\node-test-binary-windows-js-suites\\\\node\\\\test.file'\n- 'c:\\\\workspace\\\\node-test-binary-windows-js-suites\\\\node\\\\test\\\\.tmp.321\\\\test.file'\n    at FSWatcher.<anonymous> (c:\\workspace\\node-test-binary-windows-js-suites\\node\\test\\parallel\\test-fs-watch-recursive-sync-write.js:32:10)\n    at FSWatcher.<anonymous> (c:\\workspace\\node-test-binary-windows-js-suites\\node\\test\\common\\index.js:487:15)\n    at FSWatcher.emit (node:events:520:28)\n    at FSWatcher._handle.onchange (node:internal/fs/watchers:203:12) {\n  generatedMessage: true,\n  code: 'ERR_ASSERTION',\n  actual: 'c:\\\\workspace\\\\node-test-binary-windows-js-suites\\\\node\\\\test\\\\.tmp.321\\\\?\\\\c:\\\\workspace\\\\node-test-binary-windows-js-suites\\\\node\\\\test.file',\n  expected: 'c:\\\\workspace\\\\node-test-binary-windows-js-suites\\\\node\\\\test\\\\.tmp.321\\\\test.file',\n  operator: 'strictEqual'\n}\n\nNode.js v23.0.0-pre"},"time":450.031,"fullname":"parallel/test-fs-watch-recursive-sync-write","closingTestPoint":false}},{"testName":"report/test-report-uv-handles","timestamp":1721059161789,"status":"REGRESSION","jobName":"node-test-binary-windows-js-suites","config":"node-test-binary-windows-js-suites » 1,win11-COMPILED_BY-vs2022 #28656","buildUrl":"https://ci.nodejs.org/job/node-test-binary-windows-js-suites/RUN_SUBSET=1,nodes=win11-COMPILED_BY-vs2022/28656/","buildNumber":28656,"builtOn":"test-azure_msft-win11_vs2022-x64-1","nodeVersion":"23.0.0","commitHash":"104d0c074cdae2fc5a9c3e32af72ec65c3a50048","callStack":[{"upstreamBuild":64086,"upstreamProject":"node-test-commit-windows-fanned","upstreamUrl":"job/node-test-commit-windows-fanned/"},{"upstreamBuild":72148,"upstreamProject":"node-test-commit","upstreamUrl":"job/node-test-commit/"},{"upstreamBuild":60332,"upstreamProject":"node-test-pull-request","upstreamUrl":"job/node-test-pull-request/"},{"prId":"53657"}],"tap":{"ok":false,"name":"report/test-report-uv-handles","id":943,"buffered":false,"tapError":null,"skip":false,"todo":false,"previous":null,"plan":null,"diag":{"severity":"fail","exitcode":1,"stack":"node:assert:126\n  throw new AssertionError(obj);\n  ^\n\nAssertionError [ERR_ASSERTION]: Expected values to be strictly equal:\n+ actual - expected\n\n+ 'c:\\\\workspace\\\\node-test-binary-windows-js-suites\\\\node\\\\test\\\\report\\\\test-report-uv-handles.js'\n- '\\\\\\\\?\\\\c:\\\\workspace\\\\node-test-binary-windows-js-suites\\\\node\\\\test\\\\report\\\\test-report-uv-handles.js'\n    at Object.fs_poll_validator (c:\\workspace\\node-test-binary-windows-js-suites\\node\\test\\report\\test-report-uv-handles.js:203:16)\n    at Object.fs_poll_validator [as fs_poll] (c:\\workspace\\node-test-binary-windows-js-suites\\node\\test\\common\\index.js:487:15)\n    at ChildProcess.<anonymous> (c:\\workspace\\node-test-binary-windows-js-suites\\node\\test\\report\\test-report-uv-handles.js:269:57)\n    at ChildProcess.<anonymous> (c:\\workspace\\node-test-binary-windows-js-suites\\node\\test\\common\\index.js:487:15)\n    at ChildProcess.emit (node:events:520:28)\n    at ChildProcess._handle.onexit (node:internal/child_process:294:12) {\n  generatedMessage: true,\n  code: 'ERR_ASSERTION',\n  actual: 'c:\\\\workspace\\\\node-test-binary-windows-js-suites\\\\node\\\\test\\\\report\\\\test-report-uv-handles.js',\n  expected: '\\\\\\\\?\\\\c:\\\\workspace\\\\node-test-binary-windows-js-suites\\\\node\\\\test\\\\report\\\\test-report-uv-handles.js',\n  operator: 'strictEqual'\n}\n\nNode.js v23.0.0-pre"},"time":653.048,"fullname":"report/test-report-uv-handles","closingTestPoint":false}},{"testName":"sequential/test-fs-watch","timestamp":1721059161789,"status":"REGRESSION","jobName":"node-test-binary-windows-js-suites","config":"node-test-binary-windows-js-suites » 1,win11-COMPILED_BY-vs2022 #28656","buildUrl":"https://ci.nodejs.org/job/node-test-binary-windows-js-suites/RUN_SUBSET=1,nodes=win11-COMPILED_BY-vs2022/28656/","buildNumber":28656,"builtOn":"test-azure_msft-win11_vs2022-x64-1","nodeVersion":"23.0.0","commitHash":"104d0c074cdae2fc5a9c3e32af72ec65c3a50048","callStack":[{"upstreamBuild":64086,"upstreamProject":"node-test-commit-windows-fanned","upstreamUrl":"job/node-test-commit-windows-fanned/"},{"upstreamBuild":72148,"upstreamProject":"node-test-commit","upstreamUrl":"job/node-test-commit/"},{"upstreamBuild":60332,"upstreamProject":"node-test-pull-request","upstreamUrl":"job/node-test-pull-request/"},{"prId":"53657"}],"tap":{"ok":false,"name":"sequential/test-fs-watch","id":977,"buffered":false,"tapError":null,"skip":false,"todo":false,"previous":null,"plan":null,"diag":{"severity":"fail","exitcode":1,"stack":"node:assert:126\n  throw new AssertionError(obj);\n  ^\n\nAssertionError [ERR_ASSERTION]: Expected values to be strictly equal:\n+ actual - expected\n\n+ '\\\\\\\\?\\\\c:\\\\workspace\\\\node-test-binary-windows-js-suites\\\\node\\\\test\\\\.tmp.976\\\\newfile.txt'\n- 'newfile.txt'\n    at FSWatcher.<anonymous> (c:\\workspace\\node-test-binary-windows-js-suites\\node\\test\\sequential\\test-fs-watch.js:103:16)\n    at FSWatcher.<anonymous> (c:\\workspace\\node-test-binary-windows-js-suites\\node\\test\\common\\index.js:487:15)\n    at FSWatcher.emit (node:events:520:28)\n    at FSWatcher._handle.onchange (node:internal/fs/watchers:203:12) {\n  generatedMessage: true,\n  code: 'ERR_ASSERTION',\n  actual: '\\\\\\\\?\\\\c:\\\\workspace\\\\node-test-binary-windows-js-suites\\\\node\\\\test\\\\.tmp.976\\\\newfile.txt',\n  expected: 'newfile.txt',\n  operator: 'strictEqual'\n}\n\nNode.js v23.0.0-pre"},"time":184.287,"fullname":"sequential/test-fs-watch","closingTestPoint":false}},{"testName":"js-tests.junit.xml/[empty]","timestamp":1721059161789,"status":"FAILED","jobName":"node-test-binary-windows-js-suites","config":"node-test-binary-windows-js-suites » 0,win2022-COMPILED_BY-vs2022 #28656","buildUrl":"https://ci.nodejs.org/job/node-test-binary-windows-js-suites/RUN_SUBSET=0,nodes=win2022-COMPILED_BY-vs2022/28656/","buildNumber":28656,"builtOn":"test-rackspace-win2022_vs2022-x64-6","nodeVersion":"23.0.0","commitHash":"104d0c074cdae2fc5a9c3e32af72ec65c3a50048","callStack":[{"upstreamBuild":64086,"upstreamProject":"node-test-commit-windows-fanned","upstreamUrl":"job/node-test-commit-windows-fanned/"},{"upstreamBuild":72148,"upstreamProject":"node-test-commit","upstreamUrl":"job/node-test-commit/"},{"upstreamBuild":60332,"upstreamProject":"node-test-pull-request","upstreamUrl":"job/node-test-pull-request/"},{"prId":"53657"}],"tap":null},{"testName":"js-tests.junit.xml/[empty]","timestamp":1721059161789,"status":"FAILED","jobName":"node-test-binary-windows-js-suites","config":"node-test-binary-windows-js-suites » 0,win11-COMPILED_BY-vs2022 #28656","buildUrl":"https://ci.nodejs.org/job/node-test-binary-windows-js-suites/RUN_SUBSET=0,nodes=win11-COMPILED_BY-vs2022/28656/","buildNumber":28656,"builtOn":"test-azure_msft-win11_vs2022-x64-4","nodeVersion":"23.0.0","commitHash":"104d0c074cdae2fc5a9c3e32af72ec65c3a50048","callStack":[{"upstreamBuild":64086,"upstreamProject":"node-test-commit-windows-fanned","upstreamUrl":"job/node-test-commit-windows-fanned/"},{"upstreamBuild":72148,"upstreamProject":"node-test-commit","upstreamUrl":"job/node-test-commit/"},{"upstreamBuild":60332,"upstreamProject":"node-test-pull-request","upstreamUrl":"job/node-test-pull-request/"},{"prId":"53657"}],"tap":null},{"testName":"parallel/test-fs-watch-recursive-add-file-to-existing-subfolder","timestamp":1721059161789,"status":"REGRESSION","jobName":"node-test-binary-windows-js-suites","config":"node-test-binary-windows-js-suites » 3,win2022-COMPILED_BY-vs2022 #28656","buildUrl":"https://ci.nodejs.org/job/node-test-binary-windows-js-suites/RUN_SUBSET=3,nodes=win2022-COMPILED_BY-vs2022/28656/","buildNumber":28656,"builtOn":"test-rackspace-win2022_vs2022-x64-1","nodeVersion":"23.0.0","commitHash":"104d0c074cdae2fc5a9c3e32af72ec65c3a50048","callStack":[{"upstreamBuild":64086,"upstreamProject":"node-test-commit-windows-fanned","upstreamUrl":"job/node-test-commit-windows-fanned/"},{"upstreamBuild":72148,"upstreamProject":"node-test-commit","upstreamUrl":"job/node-test-commit/"},{"upstreamBuild":60332,"upstreamProject":"node-test-pull-request","upstreamUrl":"job/node-test-pull-request/"},{"prId":"53657"}],"tap":{"ok":false,"name":"parallel/test-fs-watch-recursive-add-file-to-existing-subfolder","id":322,"buffered":false,"tapError":null,"skip":false,"todo":false,"previous":null,"plan":null,"diag":{"severity":"fail","exitcode":1,"stack":"node:assert:126\n  throw new AssertionError(obj);\n  ^\n\nAssertionError [ERR_ASSERTION]: Expected values to be strictly equal:\n+ actual - expected\n\n+ 'change'\n- 'rename'\n    at FSWatcher.<anonymous> (C:\\workspace\\node-test-binary-windows-js-suites\\node\\test\\parallel\\test-fs-watch-recursive-add-file-to-existing-subfolder.js:43:10)\n    at FSWatcher.emit (node:events:520:28)\n    at FSWatcher._handle.onchange (node:internal/fs/watchers:203:12) {\n  generatedMessage: true,\n  code: 'ERR_ASSERTION',\n  actual: 'change',\n  expected: 'rename',\n  operator: 'strictEqual'\n}\n\nNode.js v23.0.0-pre"},"time":643.024,"fullname":"parallel/test-fs-watch-recursive-add-file-to-existing-subfolder","closingTestPoint":false}},{"testName":"parallel/test-fs-watchfile","timestamp":1721059161789,"status":"REGRESSION","jobName":"node-test-binary-windows-js-suites","config":"node-test-binary-windows-js-suites » 3,win2022-COMPILED_BY-vs2022 #28656","buildUrl":"https://ci.nodejs.org/job/node-test-binary-windows-js-suites/RUN_SUBSET=3,nodes=win2022-COMPILED_BY-vs2022/28656/","buildNumber":28656,"builtOn":"test-rackspace-win2022_vs2022-x64-1","nodeVersion":"23.0.0","commitHash":"104d0c074cdae2fc5a9c3e32af72ec65c3a50048","callStack":[{"upstreamBuild":64086,"upstreamProject":"node-test-commit-windows-fanned","upstreamUrl":"job/node-test-commit-windows-fanned/"},{"upstreamBuild":72148,"upstreamProject":"node-test-commit","upstreamUrl":"job/node-test-commit/"},{"upstreamBuild":60332,"upstreamProject":"node-test-pull-request","upstreamUrl":"job/node-test-pull-request/"},{"prId":"53657"}],"tap":{"ok":false,"name":"parallel/test-fs-watchfile","id":326,"buffered":false,"tapError":null,"skip":false,"todo":false,"previous":null,"plan":null,"diag":{"severity":"fail","exitcode":1,"stack":"(node:10872) [DEP0180] DeprecationWarning: fs.Stats constructor is deprecated.\n(Use `node --trace-deprecation ...` to show where the warning was created)\nCan't clean tmpdir: C:\\workspace\\node-test-binary-windows-js-suites\\node\\test\\.tmp.323\nFiles blocking: [ 'watch' ]\n\nnode:assert:126\n  throw new AssertionError(obj);\n  ^\n\nAssertionError [ERR_ASSERTION]: Expected values to be strictly equal:\n+ actual - expected\n\n+ '\\\\\\\\?\\\\C:\\\\workspace\\\\node-test-binary-windows-js-suites\\\\node\\\\foo.txt'\n- 'foo.txt'\n    at FSWatcher.<anonymous> (C:\\workspace\\node-test-binary-windows-js-suites\\node\\test\\parallel\\test-fs-watchfile.js:96:14)\n    at FSWatcher.<anonymous> (C:\\workspace\\node-test-binary-windows-js-suites\\node\\test\\common\\index.js:487:15)\n    at FSWatcher.emit (node:events:520:28)\n    at FSWatcher._handle.onchange (node:internal/fs/watchers:203:12) {\n  generatedMessage: true,\n  code: 'ERR_ASSERTION',\n  actual: '\\\\\\\\?\\\\C:\\\\workspace\\\\node-test-binary-windows-js-suites\\\\node\\\\foo.txt',\n  expected: 'foo.txt',\n  operator: 'strictEqual'\n}\n\nNode.js v23.0.0-pre"},"time":1009.037,"fullname":"parallel/test-fs-watchfile","closingTestPoint":false}},{"testName":"parallel/test-fs-watch-recursive-add-folder","timestamp":1721059161789,"status":"REGRESSION","jobName":"node-test-binary-windows-js-suites","config":"node-test-binary-windows-js-suites » 3,win2022-COMPILED_BY-vs2022 #28656","buildUrl":"https://ci.nodejs.org/job/node-test-binary-windows-js-suites/RUN_SUBSET=3,nodes=win2022-COMPILED_BY-vs2022/28656/","buildNumber":28656,"builtOn":"test-rackspace-win2022_vs2022-x64-1","nodeVersion":"23.0.0","commitHash":"104d0c074cdae2fc5a9c3e32af72ec65c3a50048","callStack":[{"upstreamBuild":64086,"upstreamProject":"node-test-commit-windows-fanned","upstreamUrl":"job/node-test-commit-windows-fanned/"},{"upstreamBuild":72148,"upstreamProject":"node-test-commit","upstreamUrl":"job/node-test-commit/"},{"upstreamBuild":60332,"upstreamProject":"node-test-pull-request","upstreamUrl":"job/node-test-pull-request/"},{"prId":"53657"}],"tap":{"ok":false,"name":"parallel/test-fs-watch-recursive-add-folder","id":944,"buffered":false,"tapError":null,"skip":false,"todo":false,"previous":null,"plan":null,"diag":{"severity":"fail","exitcode":1,"stack":"timeout"},"time":120259.181,"fullname":"parallel/test-fs-watch-recursive-add-folder","closingTestPoint":false}},{"testName":"parallel/test-fs-watch-recursive-promise","timestamp":1721059161789,"status":"REGRESSION","jobName":"node-test-binary-windows-js-suites","config":"node-test-binary-windows-js-suites » 3,win2022-COMPILED_BY-vs2022 #28656","buildUrl":"https://ci.nodejs.org/job/node-test-binary-windows-js-suites/RUN_SUBSET=3,nodes=win2022-COMPILED_BY-vs2022/28656/","buildNumber":28656,"builtOn":"test-rackspace-win2022_vs2022-x64-1","nodeVersion":"23.0.0","commitHash":"104d0c074cdae2fc5a9c3e32af72ec65c3a50048","callStack":[{"upstreamBuild":64086,"upstreamProject":"node-test-commit-windows-fanned","upstreamUrl":"job/node-test-commit-windows-fanned/"},{"upstreamBuild":72148,"upstreamProject":"node-test-commit","upstreamUrl":"job/node-test-commit/"},{"upstreamBuild":60332,"upstreamProject":"node-test-pull-request","upstreamUrl":"job/node-test-pull-request/"},{"prId":"53657"}],"tap":{"ok":false,"name":"parallel/test-fs-watch-recursive-promise","id":945,"buffered":false,"tapError":null,"skip":false,"todo":false,"previous":null,"plan":null,"diag":{"severity":"fail","exitcode":1,"stack":"timeout"},"time":120262.205,"fullname":"parallel/test-fs-watch-recursive-promise","closingTestPoint":false}},{"testName":"parallel/test-runner-watch-mode","timestamp":1721059161789,"status":"FAILED","jobName":"node-test-binary-windows-js-suites","config":"node-test-binary-windows-js-suites » 3,win2022-COMPILED_BY-vs2022 #28656","buildUrl":"https://ci.nodejs.org/job/node-test-binary-windows-js-suites/RUN_SUBSET=3,nodes=win2022-COMPILED_BY-vs2022/28656/","buildNumber":28656,"builtOn":"test-rackspace-win2022_vs2022-x64-1","nodeVersion":"23.0.0","commitHash":"104d0c074cdae2fc5a9c3e32af72ec65c3a50048","callStack":[{"upstreamBuild":64086,"upstreamProject":"node-test-commit-windows-fanned","upstreamUrl":"job/node-test-commit-windows-fanned/"},{"upstreamBuild":72148,"upstreamProject":"node-test-commit","upstreamUrl":"job/node-test-commit/"},{"upstreamBuild":60332,"upstreamProject":"node-test-pull-request","upstreamUrl":"job/node-test-pull-request/"},{"prId":"53657"}],"tap":{"ok":false,"name":"parallel/test-runner-watch-mode","id":946,"buffered":false,"tapError":null,"skip":false,"todo":": Fix flaky test","previous":null,"plan":null,"diag":{"severity":"fail","exitcode":1,"stack":"timeout\nTAP version 13"},"time":120472.114,"fullname":"parallel/test-runner-watch-mode","closingTestPoint":false}},{"testName":"sequential/test-watch-mode-inspect","timestamp":1721059161789,"status":"FAILED","jobName":"node-test-binary-windows-js-suites","config":"node-test-binary-windows-js-suites » 3,win2022-COMPILED_BY-vs2022 #28656","buildUrl":"https://ci.nodejs.org/job/node-test-binary-windows-js-suites/RUN_SUBSET=3,nodes=win2022-COMPILED_BY-vs2022/28656/","buildNumber":28656,"builtOn":"test-rackspace-win2022_vs2022-x64-1","nodeVersion":"23.0.0","commitHash":"104d0c074cdae2fc5a9c3e32af72ec65c3a50048","callStack":[{"upstreamBuild":64086,"upstreamProject":"node-test-commit-windows-fanned","upstreamUrl":"job/node-test-commit-windows-fanned/"},{"upstreamBuild":72148,"upstreamProject":"node-test-commit","upstreamUrl":"job/node-test-commit/"},{"upstreamBuild":60332,"upstreamProject":"node-test-pull-request","upstreamUrl":"job/node-test-pull-request/"},{"prId":"53657"}],"tap":{"ok":false,"name":"sequential/test-watch-mode-inspect","id":994,"buffered":false,"tapError":null,"skip":false,"todo":": Fix flaky test","previous":null,"plan":null,"diag":{"severity":"fail","exitcode":1,"stack":"timeout\n[test] Connecting to a child Node process\n[test] Testing /json/list\nTAP version 13\n[err] Debugger listening on ws://127.0.0.1:64557/93985bf8-8d7b-4c6a-84d0-b66bc683e529\n[err] For help, see: https://nodejs.org/en/docs/inspector\n[err] \n[err] Debugger attached.\n[err] \n[test] Connecting to a child Node process\n[test] Testing /json/list\n[err] Debugger ending on ws://127.0.0.1:64557/93985bf8-8d7b-4c6a-84d0-b66bc683e529\n[err] For help, see: https://nodejs.org/en/docs/inspector\n[err] \n[out] safe to debug now\n[out] "},"time":120241.476,"fullname":"sequential/test-watch-mode-inspect","closingTestPoint":false}}]}