{"failedTests":[{"testName":"parallel/test-dns","timestamp":1721218236857,"status":"REGRESSION","jobName":"node-test-binary-windows-js-suites","config":"node-test-binary-windows-js-suites » 2,win11-COMPILED_BY-vs2022 #28694","buildUrl":"https://ci.nodejs.org/job/node-test-binary-windows-js-suites/RUN_SUBSET=2,nodes=win11-COMPILED_BY-vs2022/28694/","buildNumber":28694,"builtOn":"test-azure_msft-win11_vs2022-x64-2","nodeVersion":"23.0.0","commitHash":"09bf343c9de47a11d01cc9b7d60bb8a68748045f","callStack":[{"upstreamBuild":64128,"upstreamProject":"node-test-commit-windows-fanned","upstreamUrl":"job/node-test-commit-windows-fanned/"},{"upstreamBuild":72210,"upstreamProject":"node-test-commit","upstreamUrl":"job/node-test-commit/"},{"upstreamBuild":60386,"upstreamProject":"node-test-pull-request","upstreamUrl":"job/node-test-pull-request/"},{"prId":"53651"}],"tap":{"ok":false,"name":"parallel/test-dns","id":233,"buffered":false,"tapError":null,"skip":false,"todo":false,"previous":null,"plan":null,"diag":{"severity":"fail","exitcode":1,"stack":"(node:3788) [DEP0118] DeprecationWarning: The provided hostname \"\" is not a valid hostname, and is supported in the dns module solely for compatibility.\n(Use `node --trace-deprecation ...` to show where the warning was created)\nnode:assert:126\n  throw new AssertionError(obj);\n  ^\n\nAssertionError [ERR_ASSERTION]: Expected values to be strictly deep-equal:\n+ actual - expected ... Lines skipped\n\n  [\n    {\n      address: '1.2.3.4',\n+     ttl: 3333333332,\n-     ttl: 3333333333,\n      type: 'A'\n    },\n    {\n      address: '::42',\n+     ttl: 3333333332,\n-     ttl: 3333333333,\n      type: 'AAAA'\n...\n      type: 'SOA'\n    }\n  ]\n    at validateResults (c:\\workspace\\node-test-binary-windows-js-suites\\node\\test\\parallel\\test-dns.js:428:14)\n    at QueryReqWrap.<anonymous> (c:\\workspace\\node-test-binary-windows-js-suites\\node\\test\\parallel\\test-dns.js:456:9)\n    at QueryReqWrap.<anonymous> (c:\\workspace\\node-test-binary-windows-js-suites\\node\\test\\common\\index.js:452:17)\n    at QueryReqWrap.callback (c:\\workspace\\node-test-binary-windows-js-suites\\node\\test\\common\\index.js:487:15)\n    at QueryReqWrap.onresolve [as oncomplete] (node:internal/dns/callback_resolver:47:10) {\n  generatedMessage: true,\n  code: 'ERR_ASSERTION',\n  actual: [\n    { address: '1.2.3.4', ttl: 3333333332, type: 'A' },\n    { address: '::42', ttl: 3333333332, type: 'AAAA' },\n    { exchange: 'foobar.com', priority: 42, type: 'MX' },\n    { value: 'foobar.org', type: 'NS' },\n    { value: 'baz.org', type: 'PTR' },\n    {\n      nsname: 'ns1.example.com',\n      hostmaster: 'admin.example.com',\n      serial: 3210987654,\n      refresh: 900,\n      retry: 900,\n      expire: 1800,\n      minttl: 3333333333,\n      type: 'SOA'\n    }\n  ],\n  expected: [\n    { type: 'A', address: '1.2.3.4', ttl: 3333333333 },\n    { type: 'AAAA', address: '::42', ttl: 3333333333 },\n    { type: 'MX', priority: 42, exchange: 'foobar.com' },\n    { type: 'NS', value: 'foobar.org' },\n    { type: 'PTR', value: 'baz.org' },\n    {\n      type: 'SOA',\n      nsname: 'ns1.example.com',\n      hostmaster: 'admin.example.com',\n      serial: 3210987654,\n      refresh: 900,\n      retry: 900,\n      expire: 1800,\n      minttl: 3333333333\n    }\n  ],\n  operator: 'deepStrictEqual'\n}\n\nNode.js v23.0.0-pre"},"time":207.004,"fullname":"parallel/test-dns","closingTestPoint":false}},{"testName":"sequential/test-http2-large-file","timestamp":1721218236857,"status":"FAILED","jobName":"node-test-binary-windows-js-suites","config":"node-test-binary-windows-js-suites » 0,win11-COMPILED_BY-vs2022 #28694","buildUrl":"https://ci.nodejs.org/job/node-test-binary-windows-js-suites/RUN_SUBSET=0,nodes=win11-COMPILED_BY-vs2022/28694/","buildNumber":28694,"builtOn":"test-azure_msft-win11_vs2022-x64-3","nodeVersion":"23.0.0","commitHash":"09bf343c9de47a11d01cc9b7d60bb8a68748045f","callStack":[{"upstreamBuild":64128,"upstreamProject":"node-test-commit-windows-fanned","upstreamUrl":"job/node-test-commit-windows-fanned/"},{"upstreamBuild":72210,"upstreamProject":"node-test-commit","upstreamUrl":"job/node-test-commit/"},{"upstreamBuild":60386,"upstreamProject":"node-test-pull-request","upstreamUrl":"job/node-test-pull-request/"},{"prId":"53651"}],"tap":{"ok":false,"name":"sequential/test-http2-large-file","id":982,"buffered":false,"tapError":null,"skip":false,"todo":": Fix flaky test","previous":null,"plan":null,"diag":{"severity":"fail","exitcode":1,"stack":"timeout"},"time":120255.657,"fullname":"sequential/test-http2-large-file","closingTestPoint":false}}]}