{"failedTests":[{"testName":"es-module/test-typescript-commonjs","timestamp":1721310851078,"status":"FAILED","jobName":"node-test-binary-windows-js-suites","config":"node-test-binary-windows-js-suites » 2,win10-COMPILED_BY-vs2022 #28721","buildUrl":"https://ci.nodejs.org/job/node-test-binary-windows-js-suites/RUN_SUBSET=2,nodes=win10-COMPILED_BY-vs2022/28721/","buildNumber":28721,"builtOn":"test-azure_msft-win10_vs2019-x64-4","nodeVersion":"23.0.0","commitHash":"723f47c8465c82dd3faf4400710980041f66f83b","callStack":[{"upstreamBuild":64155,"upstreamProject":"node-test-commit-windows-fanned","upstreamUrl":"job/node-test-commit-windows-fanned/"},{"upstreamBuild":72245,"upstreamProject":"node-test-commit","upstreamUrl":"job/node-test-commit/"},{"upstreamBuild":60416,"upstreamProject":"node-test-pull-request","upstreamUrl":"job/node-test-pull-request/"},{"prId":"53725"}],"tap":{"ok":false,"name":"es-module/test-typescript-commonjs","id":78,"buffered":false,"tapError":null,"skip":false,"todo":false,"previous":null,"plan":null,"diag":{"severity":"fail","exitcode":1,"stack":"TAP version 13\n# Subtest: require a .ts file with explicit extension succeeds\nok 1 - require a .ts file with explicit extension succeeds\n  ---\n  duration_ms: 154.5223\n  ...\n# Subtest: eval require a .ts file with implicit extension fails\nok 2 - eval require a .ts file with implicit extension fails\n  ---\n  duration_ms: 186.1854\n  ...\n# Subtest: require a .ts file with implicit extension fails\nok 3 - require a .ts file with implicit extension fails\n  ---\n  duration_ms: 175.2861\n  ...\n# Subtest: expect failure of an .mts file with CommonJS syntax\nok 4 - expect failure of an .mts file with CommonJS syntax\n  ---\n  duration_ms: 137.1424\n  ...\n# Subtest: execute a .cts file importing a .cts file\nok 5 - execute a .cts file importing a .cts file\n  ---\n  duration_ms: 130.8302\n  ...\n# Subtest: execute a .cts file importing a .ts file export\nok 6 - execute a .cts file importing a .ts file export\n  ---\n  duration_ms: 138.0541\n  ...\n# Subtest: execute a .cts file importing a .mts file export\nok 7 - execute a .cts file importing a .mts file export\n  ---\n  duration_ms: 127.2179\n  ...\n# Subtest: execute a .cts file importing a .mts file export\nok 8 - execute a .cts file importing a .mts file export\n  ---\n  duration_ms: 136.6578\n  ...\n# Subtest: expect failure of a .cts file with default type module\nok 9 - expect failure of a .cts file with default type module\n  ---\n  duration_ms: 137.7224\n  ...\n# Subtest: expect failure of a .cts file with default type module\nnot ok 10 - expect failure of a .cts file with default type module\n  ---\n  duration_ms: 139.8491\n  location: 'c:\\\\workspace\\\\node-test-binary-windows-js-suites\\\\node\\\\test\\\\es-module\\\\test-typescript-commonjs.mjs:123:1'\n  failureType: 'testCodeFailure'\n  error: |-\n    The input did not match the regular expression /ERR_UNSUPPORTED_NODE_MODULES_TYPE_STRIPPING/. Input:\n    \n    '(node:7852) ExperimentalWarning: Type Stripping is an experimental feature and might change at any time\\n' +\n      '(Use `node --trace-warnings ...` to show where the warning was created)\\n'\n    \n  code: 'ERR_ASSERTION'\n  name: 'AssertionError'\n  expected:\n  actual: |-\n    (node:7852) ExperimentalWarning: Type Stripping is an experimental feature and might change at any time\n    (Use `node --trace-warnings ...` to show where the warning was created)\n    \n  operator: 'match'\n  stack: |-\n    TestContext.<anonymous> (file:///c:/workspace/node-test-binary-windows-js-suites/node/test/es-module/test-typescript-commonjs.mjs:129:3)\n    process.processTicksAndRejections (node:internal/process/task_queues:95:5)\n    async Test.run (node:internal/test_runner/test:867:9)\n    async Test.processPendingSubtests (node:internal/test_runner/test:575:7)\n  ...\n# Subtest: expect failure of a .cts file with default type module\nnot ok 11 - expect failure of a .cts file with default type module\n  ---\n  duration_ms: 143.7957\n  location: 'c:\\\\workspace\\\\node-test-binary-windows-js-suites\\\\node\\\\test\\\\es-module\\\\test-typescript-commonjs.mjs:134:1'\n  failureType: 'testCodeFailure'\n  error: |-\n    The input did not match the regular expression /ERR_UNSUPPORTED_NODE_MODULES_TYPE_STRIPPING/. Input:\n    \n    '(node:3808) ExperimentalWarning: Type Stripping is an experimental feature and might change at any time\\n' +\n      '(Use `node --trace-warnings ...` to show where the warning was created)\\n'\n    \n  code: 'ERR_ASSERTION'\n  name: 'AssertionError'\n  expected:\n  actual: |-\n    (node:3808) ExperimentalWarning: Type Stripping is an experimental feature and might change at any time\n    (Use `node --trace-warnings ...` to show where the warning was created)\n    \n  operator: 'match'\n  stack: |-\n    TestContext.<anonymous> (file:///c:/workspace/node-test-binary-windows-js-suites/node/test/es-module/test-typescript-commonjs.mjs:140:3)\n    process.processTicksAndRejections (node:internal/process/task_queues:95:5)\n    async Test.run (node:internal/test_runner/test:867:9)\n    async Test.processPendingSubtests (node:internal/test_runner/test:575:7)\n  ...\n# Subtest: expect failure of a .cts file with default type module\nok 12 - expect failure of a .cts file with default type module\n  ---\n  duration_ms: 150.9057\n  ...\n# Subtest: expect failure of a .cts file with default type module\nnot ok 13 - expect failure of a .cts file with default type module\n  ---\n  duration_ms: 133.5711\n  location: 'c:\\\\workspace\\\\node-test-binary-windows-js-suites\\\\node\\\\test\\\\es-module\\\\test-typescript-commonjs.mjs:156:1'\n  failureType: 'testCodeFailure'\n  error: |-\n    The input did not match the regular expression /ERR_UNSUPPORTED_NODE_MODULES_TYPE_STRIPPING/. Input:\n    \n    '(node:1212) ExperimentalWarning: Type Stripping is an experimental feature and might change at any time\\n' +\n      '(Use `node --trace-warnings ...` to show where the warning was created)\\n' +\n      '(node:1212) ExperimentalWarning: Support for loading ES Module in require() is an experimental feature and might change at any time\\n'\n    \n  code: 'ERR_ASSERTION'\n  name: 'AssertionError'\n  expected:\n  actual: |-\n    (node:1212) ExperimentalWarning: Type Stripping is an experimental feature and might change at any time\n    (Use `node --trace-warnings ...` to show where the warning was created)\n    (node:1212) ExperimentalWarning: Support for loading ES Module in require() is an experimental feature and might change at any time\n    \n  operator: 'match'\n  stack: |-\n    TestContext.<anonymous> (file:///c:/workspace/node-test-binary-windows-js-suites/node/test/es-module/test-typescript-commonjs.mjs:163:3)\n    process.processTicksAndRejections (node:internal/process/task_queues:95:5)\n    async Test.run (node:internal/test_runner/test:867:9)\n    async Test.processPendingSubtests (node:internal/test_runner/test:575:7)\n  ...\n1..13\n# tests 13\n# suites 0\n# pass 10\n# fail 3\n# cancelled 0\n# skipped 0\n# todo 0\n# duration_ms 1903.4133"},"time":2261.012,"fullname":"es-module/test-typescript-commonjs","closingTestPoint":false}},{"testName":"test/None","timestamp":1721310851078,"status":"FAILED","jobName":"node-test-binary-windows-js-suites","config":"node-test-binary-windows-js-suites » 2,win10-COMPILED_BY-vs2022 #28721","buildUrl":"https://ci.nodejs.org/job/node-test-binary-windows-js-suites/RUN_SUBSET=2,nodes=win10-COMPILED_BY-vs2022/28721/","buildNumber":28721,"builtOn":"test-azure_msft-win10_vs2019-x64-4","nodeVersion":"23.0.0","commitHash":"723f47c8465c82dd3faf4400710980041f66f83b","callStack":[{"upstreamBuild":64155,"upstreamProject":"node-test-commit-windows-fanned","upstreamUrl":"job/node-test-commit-windows-fanned/"},{"upstreamBuild":72245,"upstreamProject":"node-test-commit","upstreamUrl":"job/node-test-commit/"},{"upstreamBuild":60416,"upstreamProject":"node-test-pull-request","upstreamUrl":"job/node-test-pull-request/"},{"prId":"53725"}],"tap":null},{"testName":"- expect failure of a/cts file with default type module","timestamp":1721310851078,"status":"FAILED","jobName":"node-test-binary-windows-js-suites","config":"node-test-binary-windows-js-suites » 2,win10-COMPILED_BY-vs2022 #28721","buildUrl":"https://ci.nodejs.org/job/node-test-binary-windows-js-suites/RUN_SUBSET=2,nodes=win10-COMPILED_BY-vs2022/28721/","buildNumber":28721,"builtOn":"test-azure_msft-win10_vs2019-x64-4","nodeVersion":"23.0.0","commitHash":"723f47c8465c82dd3faf4400710980041f66f83b","callStack":[{"upstreamBuild":64155,"upstreamProject":"node-test-commit-windows-fanned","upstreamUrl":"job/node-test-commit-windows-fanned/"},{"upstreamBuild":72245,"upstreamProject":"node-test-commit","upstreamUrl":"job/node-test-commit/"},{"upstreamBuild":60416,"upstreamProject":"node-test-pull-request","upstreamUrl":"job/node-test-pull-request/"},{"prId":"53725"}],"tap":null},{"testName":"- expect failure of a/cts file with default type module","timestamp":1721310851078,"status":"FAILED","jobName":"node-test-binary-windows-js-suites","config":"node-test-binary-windows-js-suites » 2,win10-COMPILED_BY-vs2022 #28721","buildUrl":"https://ci.nodejs.org/job/node-test-binary-windows-js-suites/RUN_SUBSET=2,nodes=win10-COMPILED_BY-vs2022/28721/","buildNumber":28721,"builtOn":"test-azure_msft-win10_vs2019-x64-4","nodeVersion":"23.0.0","commitHash":"723f47c8465c82dd3faf4400710980041f66f83b","callStack":[{"upstreamBuild":64155,"upstreamProject":"node-test-commit-windows-fanned","upstreamUrl":"job/node-test-commit-windows-fanned/"},{"upstreamBuild":72245,"upstreamProject":"node-test-commit","upstreamUrl":"job/node-test-commit/"},{"upstreamBuild":60416,"upstreamProject":"node-test-pull-request","upstreamUrl":"job/node-test-pull-request/"},{"prId":"53725"}],"tap":null},{"testName":"- expect failure of a/cts file with default type module","timestamp":1721310851078,"status":"FAILED","jobName":"node-test-binary-windows-js-suites","config":"node-test-binary-windows-js-suites » 2,win10-COMPILED_BY-vs2022 #28721","buildUrl":"https://ci.nodejs.org/job/node-test-binary-windows-js-suites/RUN_SUBSET=2,nodes=win10-COMPILED_BY-vs2022/28721/","buildNumber":28721,"builtOn":"test-azure_msft-win10_vs2019-x64-4","nodeVersion":"23.0.0","commitHash":"723f47c8465c82dd3faf4400710980041f66f83b","callStack":[{"upstreamBuild":64155,"upstreamProject":"node-test-commit-windows-fanned","upstreamUrl":"job/node-test-commit-windows-fanned/"},{"upstreamBuild":72245,"upstreamProject":"node-test-commit","upstreamUrl":"job/node-test-commit/"},{"upstreamBuild":60416,"upstreamProject":"node-test-pull-request","upstreamUrl":"job/node-test-pull-request/"},{"prId":"53725"}],"tap":null},{"testName":"es-module/test-typescript-commonjs","timestamp":1721310851078,"status":"FAILED","jobName":"node-test-binary-windows-js-suites","config":"node-test-binary-windows-js-suites » 2,win2019-COMPILED_BY-vs2022 #28721","buildUrl":"https://ci.nodejs.org/job/node-test-binary-windows-js-suites/RUN_SUBSET=2,nodes=win2019-COMPILED_BY-vs2022/28721/","buildNumber":28721,"builtOn":"test-rackspace-win2019_vs2019-x64-4","nodeVersion":"23.0.0","commitHash":"723f47c8465c82dd3faf4400710980041f66f83b","callStack":[{"upstreamBuild":64155,"upstreamProject":"node-test-commit-windows-fanned","upstreamUrl":"job/node-test-commit-windows-fanned/"},{"upstreamBuild":72245,"upstreamProject":"node-test-commit","upstreamUrl":"job/node-test-commit/"},{"upstreamBuild":60416,"upstreamProject":"node-test-pull-request","upstreamUrl":"job/node-test-pull-request/"},{"prId":"53725"}],"tap":{"ok":false,"name":"es-module/test-typescript-commonjs","id":109,"buffered":false,"tapError":null,"skip":false,"todo":false,"previous":null,"plan":null,"diag":{"severity":"fail","exitcode":1,"stack":"TAP version 13\n# Subtest: require a .ts file with explicit extension succeeds\nok 1 - require a .ts file with explicit extension succeeds\n  ---\n  duration_ms: 533.9822\n  ...\n# Subtest: eval require a .ts file with implicit extension fails\nok 2 - eval require a .ts file with implicit extension fails\n  ---\n  duration_ms: 355.6142\n  ...\n# Subtest: require a .ts file with implicit extension fails\nok 3 - require a .ts file with implicit extension fails\n  ---\n  duration_ms: 313.0019\n  ...\n# Subtest: expect failure of an .mts file with CommonJS syntax\nok 4 - expect failure of an .mts file with CommonJS syntax\n  ---\n  duration_ms: 321.5079\n  ...\n# Subtest: execute a .cts file importing a .cts file\nok 5 - execute a .cts file importing a .cts file\n  ---\n  duration_ms: 303.6084\n  ...\n# Subtest: execute a .cts file importing a .ts file export\nok 6 - execute a .cts file importing a .ts file export\n  ---\n  duration_ms: 282.3808\n  ...\n# Subtest: execute a .cts file importing a .mts file export\nok 7 - execute a .cts file importing a .mts file export\n  ---\n  duration_ms: 234.5918\n  ...\n# Subtest: execute a .cts file importing a .mts file export\nok 8 - execute a .cts file importing a .mts file export\n  ---\n  duration_ms: 293.5861\n  ...\n# Subtest: expect failure of a .cts file with default type module\nok 9 - expect failure of a .cts file with default type module\n  ---\n  duration_ms: 353.6213\n  ...\n# Subtest: expect failure of a .cts file with default type module\nnot ok 10 - expect failure of a .cts file with default type module\n  ---\n  duration_ms: 384.7191\n  location: 'C:\\\\workspace\\\\node-test-binary-windows-js-suites\\\\node\\\\test\\\\es-module\\\\test-typescript-commonjs.mjs:123:1'\n  failureType: 'testCodeFailure'\n  error: |-\n    The input did not match the regular expression /ERR_UNSUPPORTED_NODE_MODULES_TYPE_STRIPPING/. Input:\n    \n    '(node:10172) ExperimentalWarning: Type Stripping is an experimental feature and might change at any time\\n' +\n      '(Use `node --trace-warnings ...` to show where the warning was created)\\n'\n    \n  code: 'ERR_ASSERTION'\n  name: 'AssertionError'\n  expected:\n  actual: |-\n    (node:10172) ExperimentalWarning: Type Stripping is an experimental feature and might change at any time\n    (Use `node --trace-warnings ...` to show where the warning was created)\n    \n  operator: 'match'\n  stack: |-\n    TestContext.<anonymous> (file:///C:/workspace/node-test-binary-windows-js-suites/node/test/es-module/test-typescript-commonjs.mjs:129:3)\n    process.processTicksAndRejections (node:internal/process/task_queues:95:5)\n    async Test.run (node:internal/test_runner/test:867:9)\n    async Test.processPendingSubtests (node:internal/test_runner/test:575:7)\n  ...\n# Subtest: expect failure of a .cts file with default type module\nnot ok 11 - expect failure of a .cts file with default type module\n  ---\n  duration_ms: 383.1402\n  location: 'C:\\\\workspace\\\\node-test-binary-windows-js-suites\\\\node\\\\test\\\\es-module\\\\test-typescript-commonjs.mjs:134:1'\n  failureType: 'testCodeFailure'\n  error: |-\n    The input did not match the regular expression /ERR_UNSUPPORTED_NODE_MODULES_TYPE_STRIPPING/. Input:\n    \n    '(node:9656) ExperimentalWarning: Type Stripping is an experimental feature and might change at any time\\n' +\n      '(Use `node --trace-warnings ...` to show where the warning was created)\\n'\n    \n  code: 'ERR_ASSERTION'\n  name: 'AssertionError'\n  expected:\n  actual: |-\n    (node:9656) ExperimentalWarning: Type Stripping is an experimental feature and might change at any time\n    (Use `node --trace-warnings ...` to show where the warning was created)\n    \n  operator: 'match'\n  stack: |-\n    TestContext.<anonymous> (file:///C:/workspace/node-test-binary-windows-js-suites/node/test/es-module/test-typescript-commonjs.mjs:140:3)\n    process.processTicksAndRejections (node:internal/process/task_queues:95:5)\n    async Test.run (node:internal/test_runner/test:867:9)\n    async Test.processPendingSubtests (node:internal/test_runner/test:575:7)\n  ...\n# Subtest: expect failure of a .cts file with default type module\nok 12 - expect failure of a .cts file with default type module\n  ---\n  duration_ms: 392.6274\n  ...\n# Subtest: expect failure of a .cts file with default type module\nnot ok 13 - expect failure of a .cts file with default type module\n  ---\n  duration_ms: 407.5702\n  location: 'C:\\\\workspace\\\\node-test-binary-windows-js-suites\\\\node\\\\test\\\\es-module\\\\test-typescript-commonjs.mjs:156:1'\n  failureType: 'testCodeFailure'\n  error: |-\n    The input did not match the regular expression /ERR_UNSUPPORTED_NODE_MODULES_TYPE_STRIPPING/. Input:\n    \n    '(node:1932) ExperimentalWarning: Type Stripping is an experimental feature and might change at any time\\n' +\n      '(Use `node --trace-warnings ...` to show where the warning was created)\\n' +\n      '(node:1932) ExperimentalWarning: Support for loading ES Module in require() is an experimental feature and might change at any time\\n'\n    \n  code: 'ERR_ASSERTION'\n  name: 'AssertionError'\n  expected:\n  actual: |-\n    (node:1932) ExperimentalWarning: Type Stripping is an experimental feature and might change at any time\n    (Use `node --trace-warnings ...` to show where the warning was created)\n    (node:1932) ExperimentalWarning: Support for loading ES Module in require() is an experimental feature and might change at any time\n    \n  operator: 'match'\n  stack: |-\n    TestContext.<anonymous> (file:///C:/workspace/node-test-binary-windows-js-suites/node/test/es-module/test-typescript-commonjs.mjs:163:3)\n    process.processTicksAndRejections (node:internal/process/task_queues:95:5)\n    async Test.run (node:internal/test_runner/test:867:9)\n    async Test.processPendingSubtests (node:internal/test_runner/test:575:7)\n  ...\n1..13\n# tests 13\n# suites 0\n# pass 10\n# fail 3\n# cancelled 0\n# skipped 0\n# todo 0\n# duration_ms 4596.0294"},"time":5441.846,"fullname":"es-module/test-typescript-commonjs","closingTestPoint":false}},{"testName":"test/None","timestamp":1721310851078,"status":"FAILED","jobName":"node-test-binary-windows-js-suites","config":"node-test-binary-windows-js-suites » 2,win2019-COMPILED_BY-vs2022 #28721","buildUrl":"https://ci.nodejs.org/job/node-test-binary-windows-js-suites/RUN_SUBSET=2,nodes=win2019-COMPILED_BY-vs2022/28721/","buildNumber":28721,"builtOn":"test-rackspace-win2019_vs2019-x64-4","nodeVersion":"23.0.0","commitHash":"723f47c8465c82dd3faf4400710980041f66f83b","callStack":[{"upstreamBuild":64155,"upstreamProject":"node-test-commit-windows-fanned","upstreamUrl":"job/node-test-commit-windows-fanned/"},{"upstreamBuild":72245,"upstreamProject":"node-test-commit","upstreamUrl":"job/node-test-commit/"},{"upstreamBuild":60416,"upstreamProject":"node-test-pull-request","upstreamUrl":"job/node-test-pull-request/"},{"prId":"53725"}],"tap":null},{"testName":"- expect failure of a/cts file with default type module","timestamp":1721310851078,"status":"FAILED","jobName":"node-test-binary-windows-js-suites","config":"node-test-binary-windows-js-suites » 2,win2019-COMPILED_BY-vs2022 #28721","buildUrl":"https://ci.nodejs.org/job/node-test-binary-windows-js-suites/RUN_SUBSET=2,nodes=win2019-COMPILED_BY-vs2022/28721/","buildNumber":28721,"builtOn":"test-rackspace-win2019_vs2019-x64-4","nodeVersion":"23.0.0","commitHash":"723f47c8465c82dd3faf4400710980041f66f83b","callStack":[{"upstreamBuild":64155,"upstreamProject":"node-test-commit-windows-fanned","upstreamUrl":"job/node-test-commit-windows-fanned/"},{"upstreamBuild":72245,"upstreamProject":"node-test-commit","upstreamUrl":"job/node-test-commit/"},{"upstreamBuild":60416,"upstreamProject":"node-test-pull-request","upstreamUrl":"job/node-test-pull-request/"},{"prId":"53725"}],"tap":null},{"testName":"- expect failure of a/cts file with default type module","timestamp":1721310851078,"status":"FAILED","jobName":"node-test-binary-windows-js-suites","config":"node-test-binary-windows-js-suites » 2,win2019-COMPILED_BY-vs2022 #28721","buildUrl":"https://ci.nodejs.org/job/node-test-binary-windows-js-suites/RUN_SUBSET=2,nodes=win2019-COMPILED_BY-vs2022/28721/","buildNumber":28721,"builtOn":"test-rackspace-win2019_vs2019-x64-4","nodeVersion":"23.0.0","commitHash":"723f47c8465c82dd3faf4400710980041f66f83b","callStack":[{"upstreamBuild":64155,"upstreamProject":"node-test-commit-windows-fanned","upstreamUrl":"job/node-test-commit-windows-fanned/"},{"upstreamBuild":72245,"upstreamProject":"node-test-commit","upstreamUrl":"job/node-test-commit/"},{"upstreamBuild":60416,"upstreamProject":"node-test-pull-request","upstreamUrl":"job/node-test-pull-request/"},{"prId":"53725"}],"tap":null},{"testName":"- expect failure of a/cts file with default type module","timestamp":1721310851078,"status":"FAILED","jobName":"node-test-binary-windows-js-suites","config":"node-test-binary-windows-js-suites » 2,win2019-COMPILED_BY-vs2022 #28721","buildUrl":"https://ci.nodejs.org/job/node-test-binary-windows-js-suites/RUN_SUBSET=2,nodes=win2019-COMPILED_BY-vs2022/28721/","buildNumber":28721,"builtOn":"test-rackspace-win2019_vs2019-x64-4","nodeVersion":"23.0.0","commitHash":"723f47c8465c82dd3faf4400710980041f66f83b","callStack":[{"upstreamBuild":64155,"upstreamProject":"node-test-commit-windows-fanned","upstreamUrl":"job/node-test-commit-windows-fanned/"},{"upstreamBuild":72245,"upstreamProject":"node-test-commit","upstreamUrl":"job/node-test-commit/"},{"upstreamBuild":60416,"upstreamProject":"node-test-pull-request","upstreamUrl":"job/node-test-pull-request/"},{"prId":"53725"}],"tap":null},{"testName":"es-module/test-typescript-commonjs","timestamp":1721310851078,"status":"FAILED","jobName":"node-test-binary-windows-js-suites","config":"node-test-binary-windows-js-suites » 2,win11-arm64-COMPILED_BY-vs2022-arm64 #28721","buildUrl":"https://ci.nodejs.org/job/node-test-binary-windows-js-suites/RUN_SUBSET=2,nodes=win11-arm64-COMPILED_BY-vs2022-arm64/28721/","buildNumber":28721,"builtOn":"test-azure_msft-win11_vs2022-arm64-2","nodeVersion":"23.0.0","commitHash":"723f47c8465c82dd3faf4400710980041f66f83b","callStack":[{"upstreamBuild":64155,"upstreamProject":"node-test-commit-windows-fanned","upstreamUrl":"job/node-test-commit-windows-fanned/"},{"upstreamBuild":72245,"upstreamProject":"node-test-commit","upstreamUrl":"job/node-test-commit/"},{"upstreamBuild":60416,"upstreamProject":"node-test-pull-request","upstreamUrl":"job/node-test-pull-request/"},{"prId":"53725"}],"tap":{"ok":false,"name":"es-module/test-typescript-commonjs","id":118,"buffered":false,"tapError":null,"skip":false,"todo":false,"previous":null,"plan":null,"diag":{"severity":"fail","exitcode":1,"stack":"TAP version 13\n# Subtest: require a .ts file with explicit extension succeeds\nok 1 - require a .ts file with explicit extension succeeds\n  ---\n  duration_ms: 300.3811\n  ...\n# Subtest: eval require a .ts file with implicit extension fails\nok 2 - eval require a .ts file with implicit extension fails\n  ---\n  duration_ms: 309.9482\n  ...\n# Subtest: require a .ts file with implicit extension fails\nok 3 - require a .ts file with implicit extension fails\n  ---\n  duration_ms: 341.0295\n  ...\n# Subtest: expect failure of an .mts file with CommonJS syntax\nok 4 - expect failure of an .mts file with CommonJS syntax\n  ---\n  duration_ms: 329.1116\n  ...\n# Subtest: execute a .cts file importing a .cts file\nok 5 - execute a .cts file importing a .cts file\n  ---\n  duration_ms: 319.3087\n  ...\n# Subtest: execute a .cts file importing a .ts file export\nok 6 - execute a .cts file importing a .ts file export\n  ---\n  duration_ms: 308.4518\n  ...\n# Subtest: execute a .cts file importing a .mts file export\nok 7 - execute a .cts file importing a .mts file export\n  ---\n  duration_ms: 280.2815\n  ...\n# Subtest: execute a .cts file importing a .mts file export\nok 8 - execute a .cts file importing a .mts file export\n  ---\n  duration_ms: 303.7421\n  ...\n# Subtest: expect failure of a .cts file with default type module\nok 9 - expect failure of a .cts file with default type module\n  ---\n  duration_ms: 395.9327\n  ...\n# Subtest: expect failure of a .cts file with default type module\nnot ok 10 - expect failure of a .cts file with default type module\n  ---\n  duration_ms: 559.1568\n  location: 'd:\\\\workspace\\\\node-test-binary-windows-js-suites\\\\node\\\\test\\\\es-module\\\\test-typescript-commonjs.mjs:123:1'\n  failureType: 'testCodeFailure'\n  error: |-\n    The input did not match the regular expression /ERR_UNSUPPORTED_NODE_MODULES_TYPE_STRIPPING/. Input:\n    \n    '(node:296) ExperimentalWarning: Type Stripping is an experimental feature and might change at any time\\n' +\n      '(Use `node --trace-warnings ...` to show where the warning was created)\\n'\n    \n  code: 'ERR_ASSERTION'\n  name: 'AssertionError'\n  expected:\n  actual: |-\n    (node:296) ExperimentalWarning: Type Stripping is an experimental feature and might change at any time\n    (Use `node --trace-warnings ...` to show where the warning was created)\n    \n  operator: 'match'\n  stack: |-\n    TestContext.<anonymous> (file:///d:/workspace/node-test-binary-windows-js-suites/node/test/es-module/test-typescript-commonjs.mjs:129:3)\n    process.processTicksAndRejections (node:internal/process/task_queues:95:5)\n    async Test.run (node:internal/test_runner/test:867:9)\n    async Test.processPendingSubtests (node:internal/test_runner/test:575:7)\n  ...\n# Subtest: expect failure of a .cts file with default type module\nnot ok 11 - expect failure of a .cts file with default type module\n  ---\n  duration_ms: 384.6895\n  location: 'd:\\\\workspace\\\\node-test-binary-windows-js-suites\\\\node\\\\test\\\\es-module\\\\test-typescript-commonjs.mjs:134:1'\n  failureType: 'testCodeFailure'\n  error: |-\n    The input did not match the regular expression /ERR_UNSUPPORTED_NODE_MODULES_TYPE_STRIPPING/. Input:\n    \n    '(node:9032) ExperimentalWarning: Type Stripping is an experimental feature and might change at any time\\n' +\n      '(Use `node --trace-warnings ...` to show where the warning was created)\\n'\n    \n  code: 'ERR_ASSERTION'\n  name: 'AssertionError'\n  expected:\n  actual: |-\n    (node:9032) ExperimentalWarning: Type Stripping is an experimental feature and might change at any time\n    (Use `node --trace-warnings ...` to show where the warning was created)\n    \n  operator: 'match'\n  stack: |-\n    TestContext.<anonymous> (file:///d:/workspace/node-test-binary-windows-js-suites/node/test/es-module/test-typescript-commonjs.mjs:140:3)\n    process.processTicksAndRejections (node:internal/process/task_queues:95:5)\n    async Test.run (node:internal/test_runner/test:867:9)\n    async Test.processPendingSubtests (node:internal/test_runner/test:575:7)\n  ...\n# Subtest: expect failure of a .cts file with default type module\nok 12 - expect failure of a .cts file with default type module\n  ---\n  duration_ms: 349.3246\n  ...\n# Subtest: expect failure of a .cts file with default type module\nnot ok 13 - expect failure of a .cts file with default type module\n  ---\n  duration_ms: 284.5963\n  location: 'd:\\\\workspace\\\\node-test-binary-windows-js-suites\\\\node\\\\test\\\\es-module\\\\test-typescript-commonjs.mjs:156:1'\n  failureType: 'testCodeFailure'\n  error: |-\n    The input did not match the regular expression /ERR_UNSUPPORTED_NODE_MODULES_TYPE_STRIPPING/. Input:\n    \n    '(node:10776) ExperimentalWarning: Type Stripping is an experimental feature and might change at any time\\n' +\n      '(Use `node --trace-warnings ...` to show where the warning was created)\\n' +\n      '(node:10776) ExperimentalWarning: Support for loading ES Module in require() is an experimental feature and might change at any time\\n'\n    \n  code: 'ERR_ASSERTION'\n  name: 'AssertionError'\n  expected:\n  actual: |-\n    (node:10776) ExperimentalWarning: Type Stripping is an experimental feature and might change at any time\n    (Use `node --trace-warnings ...` to show where the warning was created)\n    (node:10776) ExperimentalWarning: Support for loading ES Module in require() is an experimental feature and might change at any time\n    \n  operator: 'match'\n  stack: |-\n    TestContext.<anonymous> (file:///d:/workspace/node-test-binary-windows-js-suites/node/test/es-module/test-typescript-commonjs.mjs:163:3)\n    process.processTicksAndRejections (node:internal/process/task_queues:95:5)\n    async Test.run (node:internal/test_runner/test:867:9)\n    async Test.processPendingSubtests (node:internal/test_runner/test:575:7)\n  ...\n1..13\n# tests 13\n# suites 0\n# pass 10\n# fail 3\n# cancelled 0\n# skipped 0\n# todo 0\n# duration_ms 4482.0306"},"time":5103,"fullname":"es-module/test-typescript-commonjs","closingTestPoint":false}},{"testName":"test/None","timestamp":1721310851078,"status":"FAILED","jobName":"node-test-binary-windows-js-suites","config":"node-test-binary-windows-js-suites » 2,win11-arm64-COMPILED_BY-vs2022-arm64 #28721","buildUrl":"https://ci.nodejs.org/job/node-test-binary-windows-js-suites/RUN_SUBSET=2,nodes=win11-arm64-COMPILED_BY-vs2022-arm64/28721/","buildNumber":28721,"builtOn":"test-azure_msft-win11_vs2022-arm64-2","nodeVersion":"23.0.0","commitHash":"723f47c8465c82dd3faf4400710980041f66f83b","callStack":[{"upstreamBuild":64155,"upstreamProject":"node-test-commit-windows-fanned","upstreamUrl":"job/node-test-commit-windows-fanned/"},{"upstreamBuild":72245,"upstreamProject":"node-test-commit","upstreamUrl":"job/node-test-commit/"},{"upstreamBuild":60416,"upstreamProject":"node-test-pull-request","upstreamUrl":"job/node-test-pull-request/"},{"prId":"53725"}],"tap":null},{"testName":"- expect failure of a/cts file with default type module","timestamp":1721310851078,"status":"FAILED","jobName":"node-test-binary-windows-js-suites","config":"node-test-binary-windows-js-suites » 2,win11-arm64-COMPILED_BY-vs2022-arm64 #28721","buildUrl":"https://ci.nodejs.org/job/node-test-binary-windows-js-suites/RUN_SUBSET=2,nodes=win11-arm64-COMPILED_BY-vs2022-arm64/28721/","buildNumber":28721,"builtOn":"test-azure_msft-win11_vs2022-arm64-2","nodeVersion":"23.0.0","commitHash":"723f47c8465c82dd3faf4400710980041f66f83b","callStack":[{"upstreamBuild":64155,"upstreamProject":"node-test-commit-windows-fanned","upstreamUrl":"job/node-test-commit-windows-fanned/"},{"upstreamBuild":72245,"upstreamProject":"node-test-commit","upstreamUrl":"job/node-test-commit/"},{"upstreamBuild":60416,"upstreamProject":"node-test-pull-request","upstreamUrl":"job/node-test-pull-request/"},{"prId":"53725"}],"tap":null},{"testName":"- expect failure of a/cts file with default type module","timestamp":1721310851078,"status":"FAILED","jobName":"node-test-binary-windows-js-suites","config":"node-test-binary-windows-js-suites » 2,win11-arm64-COMPILED_BY-vs2022-arm64 #28721","buildUrl":"https://ci.nodejs.org/job/node-test-binary-windows-js-suites/RUN_SUBSET=2,nodes=win11-arm64-COMPILED_BY-vs2022-arm64/28721/","buildNumber":28721,"builtOn":"test-azure_msft-win11_vs2022-arm64-2","nodeVersion":"23.0.0","commitHash":"723f47c8465c82dd3faf4400710980041f66f83b","callStack":[{"upstreamBuild":64155,"upstreamProject":"node-test-commit-windows-fanned","upstreamUrl":"job/node-test-commit-windows-fanned/"},{"upstreamBuild":72245,"upstreamProject":"node-test-commit","upstreamUrl":"job/node-test-commit/"},{"upstreamBuild":60416,"upstreamProject":"node-test-pull-request","upstreamUrl":"job/node-test-pull-request/"},{"prId":"53725"}],"tap":null},{"testName":"- expect failure of a/cts file with default type module","timestamp":1721310851078,"status":"FAILED","jobName":"node-test-binary-windows-js-suites","config":"node-test-binary-windows-js-suites » 2,win11-arm64-COMPILED_BY-vs2022-arm64 #28721","buildUrl":"https://ci.nodejs.org/job/node-test-binary-windows-js-suites/RUN_SUBSET=2,nodes=win11-arm64-COMPILED_BY-vs2022-arm64/28721/","buildNumber":28721,"builtOn":"test-azure_msft-win11_vs2022-arm64-2","nodeVersion":"23.0.0","commitHash":"723f47c8465c82dd3faf4400710980041f66f83b","callStack":[{"upstreamBuild":64155,"upstreamProject":"node-test-commit-windows-fanned","upstreamUrl":"job/node-test-commit-windows-fanned/"},{"upstreamBuild":72245,"upstreamProject":"node-test-commit","upstreamUrl":"job/node-test-commit/"},{"upstreamBuild":60416,"upstreamProject":"node-test-pull-request","upstreamUrl":"job/node-test-pull-request/"},{"prId":"53725"}],"tap":null},{"testName":"es-module/test-typescript-commonjs","timestamp":1721310851078,"status":"FAILED","jobName":"node-test-binary-windows-js-suites","config":"node-test-binary-windows-js-suites » 2,win11-COMPILED_BY-vs2022 #28721","buildUrl":"https://ci.nodejs.org/job/node-test-binary-windows-js-suites/RUN_SUBSET=2,nodes=win11-COMPILED_BY-vs2022/28721/","buildNumber":28721,"builtOn":"test-azure_msft-win11_vs2022-x64-1","nodeVersion":"23.0.0","commitHash":"723f47c8465c82dd3faf4400710980041f66f83b","callStack":[{"upstreamBuild":64155,"upstreamProject":"node-test-commit-windows-fanned","upstreamUrl":"job/node-test-commit-windows-fanned/"},{"upstreamBuild":72245,"upstreamProject":"node-test-commit","upstreamUrl":"job/node-test-commit/"},{"upstreamBuild":60416,"upstreamProject":"node-test-pull-request","upstreamUrl":"job/node-test-pull-request/"},{"prId":"53725"}],"tap":{"ok":false,"name":"es-module/test-typescript-commonjs","id":77,"buffered":false,"tapError":null,"skip":false,"todo":false,"previous":null,"plan":null,"diag":{"severity":"fail","exitcode":1,"stack":"TAP version 13\n# Subtest: require a .ts file with explicit extension succeeds\nok 1 - require a .ts file with explicit extension succeeds\n  ---\n  duration_ms: 195.6694\n  ...\n# Subtest: eval require a .ts file with implicit extension fails\nok 2 - eval require a .ts file with implicit extension fails\n  ---\n  duration_ms: 225.5422\n  ...\n# Subtest: require a .ts file with implicit extension fails\nok 3 - require a .ts file with implicit extension fails\n  ---\n  duration_ms: 247.0374\n  ...\n# Subtest: expect failure of an .mts file with CommonJS syntax\nok 4 - expect failure of an .mts file with CommonJS syntax\n  ---\n  duration_ms: 161.4726\n  ...\n# Subtest: execute a .cts file importing a .cts file\nok 5 - execute a .cts file importing a .cts file\n  ---\n  duration_ms: 183.7698\n  ...\n# Subtest: execute a .cts file importing a .ts file export\nok 6 - execute a .cts file importing a .ts file export\n  ---\n  duration_ms: 157.7767\n  ...\n# Subtest: execute a .cts file importing a .mts file export\nok 7 - execute a .cts file importing a .mts file export\n  ---\n  duration_ms: 159.0595\n  ...\n# Subtest: execute a .cts file importing a .mts file export\nok 8 - execute a .cts file importing a .mts file export\n  ---\n  duration_ms: 174.4468\n  ...\n# Subtest: expect failure of a .cts file with default type module\nok 9 - expect failure of a .cts file with default type module\n  ---\n  duration_ms: 186.5841\n  ...\n# Subtest: expect failure of a .cts file with default type module\nnot ok 10 - expect failure of a .cts file with default type module\n  ---\n  duration_ms: 197.286\n  location: 'c:\\\\workspace\\\\node-test-binary-windows-js-suites\\\\node\\\\test\\\\es-module\\\\test-typescript-commonjs.mjs:123:1'\n  failureType: 'testCodeFailure'\n  error: |-\n    The input did not match the regular expression /ERR_UNSUPPORTED_NODE_MODULES_TYPE_STRIPPING/. Input:\n    \n    '(node:1012) ExperimentalWarning: Type Stripping is an experimental feature and might change at any time\\n' +\n      '(Use `node --trace-warnings ...` to show where the warning was created)\\n'\n    \n  code: 'ERR_ASSERTION'\n  name: 'AssertionError'\n  expected:\n  actual: |-\n    (node:1012) ExperimentalWarning: Type Stripping is an experimental feature and might change at any time\n    (Use `node --trace-warnings ...` to show where the warning was created)\n    \n  operator: 'match'\n  stack: |-\n    TestContext.<anonymous> (file:///c:/workspace/node-test-binary-windows-js-suites/node/test/es-module/test-typescript-commonjs.mjs:129:3)\n    process.processTicksAndRejections (node:internal/process/task_queues:95:5)\n    async Test.run (node:internal/test_runner/test:867:9)\n    async Test.processPendingSubtests (node:internal/test_runner/test:575:7)\n  ...\n# Subtest: expect failure of a .cts file with default type module\nnot ok 11 - expect failure of a .cts file with default type module\n  ---\n  duration_ms: 180.6599\n  location: 'c:\\\\workspace\\\\node-test-binary-windows-js-suites\\\\node\\\\test\\\\es-module\\\\test-typescript-commonjs.mjs:134:1'\n  failureType: 'testCodeFailure'\n  error: |-\n    The input did not match the regular expression /ERR_UNSUPPORTED_NODE_MODULES_TYPE_STRIPPING/. Input:\n    \n    '(node:10952) ExperimentalWarning: Type Stripping is an experimental feature and might change at any time\\n' +\n      '(Use `node --trace-warnings ...` to show where the warning was created)\\n'\n    \n  code: 'ERR_ASSERTION'\n  name: 'AssertionError'\n  expected:\n  actual: |-\n    (node:10952) ExperimentalWarning: Type Stripping is an experimental feature and might change at any time\n    (Use `node --trace-warnings ...` to show where the warning was created)\n    \n  operator: 'match'\n  stack: |-\n    TestContext.<anonymous> (file:///c:/workspace/node-test-binary-windows-js-suites/node/test/es-module/test-typescript-commonjs.mjs:140:3)\n    process.processTicksAndRejections (node:internal/process/task_queues:95:5)\n    async Test.run (node:internal/test_runner/test:867:9)\n    async Test.processPendingSubtests (node:internal/test_runner/test:575:7)\n  ...\n# Subtest: expect failure of a .cts file with default type module\nok 12 - expect failure of a .cts file with default type module\n  ---\n  duration_ms: 182.8332\n  ...\n# Subtest: expect failure of a .cts file with default type module\nnot ok 13 - expect failure of a .cts file with default type module\n  ---\n  duration_ms: 261.0241\n  location: 'c:\\\\workspace\\\\node-test-binary-windows-js-suites\\\\node\\\\test\\\\es-module\\\\test-typescript-commonjs.mjs:156:1'\n  failureType: 'testCodeFailure'\n  error: |-\n    The input did not match the regular expression /ERR_UNSUPPORTED_NODE_MODULES_TYPE_STRIPPING/. Input:\n    \n    '(node:10388) ExperimentalWarning: Type Stripping is an experimental feature and might change at any time\\n' +\n      '(Use `node --trace-warnings ...` to show where the warning was created)\\n' +\n      '(node:10388) ExperimentalWarning: Support for loading ES Module in require() is an experimental feature and might change at any time\\n'\n    \n  code: 'ERR_ASSERTION'\n  name: 'AssertionError'\n  expected:\n  actual: |-\n    (node:10388) ExperimentalWarning: Type Stripping is an experimental feature and might change at any time\n    (Use `node --trace-warnings ...` to show where the warning was created)\n    (node:10388) ExperimentalWarning: Support for loading ES Module in require() is an experimental feature and might change at any time\n    \n  operator: 'match'\n  stack: |-\n    TestContext.<anonymous> (file:///c:/workspace/node-test-binary-windows-js-suites/node/test/es-module/test-typescript-commonjs.mjs:163:3)\n    process.processTicksAndRejections (node:internal/process/task_queues:95:5)\n    async Test.run (node:internal/test_runner/test:867:9)\n    async Test.processPendingSubtests (node:internal/test_runner/test:575:7)\n  ...\n1..13\n# tests 13\n# suites 0\n# pass 10\n# fail 3\n# cancelled 0\n# skipped 0\n# todo 0\n# duration_ms 2526.4186"},"time":2972.011,"fullname":"es-module/test-typescript-commonjs","closingTestPoint":false}},{"testName":"test/None","timestamp":1721310851078,"status":"FAILED","jobName":"node-test-binary-windows-js-suites","config":"node-test-binary-windows-js-suites » 2,win11-COMPILED_BY-vs2022 #28721","buildUrl":"https://ci.nodejs.org/job/node-test-binary-windows-js-suites/RUN_SUBSET=2,nodes=win11-COMPILED_BY-vs2022/28721/","buildNumber":28721,"builtOn":"test-azure_msft-win11_vs2022-x64-1","nodeVersion":"23.0.0","commitHash":"723f47c8465c82dd3faf4400710980041f66f83b","callStack":[{"upstreamBuild":64155,"upstreamProject":"node-test-commit-windows-fanned","upstreamUrl":"job/node-test-commit-windows-fanned/"},{"upstreamBuild":72245,"upstreamProject":"node-test-commit","upstreamUrl":"job/node-test-commit/"},{"upstreamBuild":60416,"upstreamProject":"node-test-pull-request","upstreamUrl":"job/node-test-pull-request/"},{"prId":"53725"}],"tap":null},{"testName":"- expect failure of a/cts file with default type module","timestamp":1721310851078,"status":"FAILED","jobName":"node-test-binary-windows-js-suites","config":"node-test-binary-windows-js-suites » 2,win11-COMPILED_BY-vs2022 #28721","buildUrl":"https://ci.nodejs.org/job/node-test-binary-windows-js-suites/RUN_SUBSET=2,nodes=win11-COMPILED_BY-vs2022/28721/","buildNumber":28721,"builtOn":"test-azure_msft-win11_vs2022-x64-1","nodeVersion":"23.0.0","commitHash":"723f47c8465c82dd3faf4400710980041f66f83b","callStack":[{"upstreamBuild":64155,"upstreamProject":"node-test-commit-windows-fanned","upstreamUrl":"job/node-test-commit-windows-fanned/"},{"upstreamBuild":72245,"upstreamProject":"node-test-commit","upstreamUrl":"job/node-test-commit/"},{"upstreamBuild":60416,"upstreamProject":"node-test-pull-request","upstreamUrl":"job/node-test-pull-request/"},{"prId":"53725"}],"tap":null},{"testName":"- expect failure of a/cts file with default type module","timestamp":1721310851078,"status":"FAILED","jobName":"node-test-binary-windows-js-suites","config":"node-test-binary-windows-js-suites » 2,win11-COMPILED_BY-vs2022 #28721","buildUrl":"https://ci.nodejs.org/job/node-test-binary-windows-js-suites/RUN_SUBSET=2,nodes=win11-COMPILED_BY-vs2022/28721/","buildNumber":28721,"builtOn":"test-azure_msft-win11_vs2022-x64-1","nodeVersion":"23.0.0","commitHash":"723f47c8465c82dd3faf4400710980041f66f83b","callStack":[{"upstreamBuild":64155,"upstreamProject":"node-test-commit-windows-fanned","upstreamUrl":"job/node-test-commit-windows-fanned/"},{"upstreamBuild":72245,"upstreamProject":"node-test-commit","upstreamUrl":"job/node-test-commit/"},{"upstreamBuild":60416,"upstreamProject":"node-test-pull-request","upstreamUrl":"job/node-test-pull-request/"},{"prId":"53725"}],"tap":null},{"testName":"- expect failure of a/cts file with default type module","timestamp":1721310851078,"status":"FAILED","jobName":"node-test-binary-windows-js-suites","config":"node-test-binary-windows-js-suites » 2,win11-COMPILED_BY-vs2022 #28721","buildUrl":"https://ci.nodejs.org/job/node-test-binary-windows-js-suites/RUN_SUBSET=2,nodes=win11-COMPILED_BY-vs2022/28721/","buildNumber":28721,"builtOn":"test-azure_msft-win11_vs2022-x64-1","nodeVersion":"23.0.0","commitHash":"723f47c8465c82dd3faf4400710980041f66f83b","callStack":[{"upstreamBuild":64155,"upstreamProject":"node-test-commit-windows-fanned","upstreamUrl":"job/node-test-commit-windows-fanned/"},{"upstreamBuild":72245,"upstreamProject":"node-test-commit","upstreamUrl":"job/node-test-commit/"},{"upstreamBuild":60416,"upstreamProject":"node-test-pull-request","upstreamUrl":"job/node-test-pull-request/"},{"prId":"53725"}],"tap":null}]}