{"failedTests":[{"testName":"parallel/test-dns","timestamp":1722042625612,"status":"REGRESSION","jobName":"node-test-binary-windows-js-suites","config":"node-test-binary-windows-js-suites Â» 3,win2019-COMPILED_BY-vs2022 #28910","buildUrl":"https://ci.nodejs.org/job/node-test-binary-windows-js-suites/RUN_SUBSET=3,nodes=win2019-COMPILED_BY-vs2022/28910/","buildNumber":28910,"builtOn":"test-rackspace-win2019_vs2019-x64-4","nodeVersion":"23.0.0","commitHash":"193cf385a1e58397273de9cbeb797abb7b7af835","callStack":[{"upstreamBuild":64355,"upstreamProject":"node-test-commit-windows-fanned","upstreamUrl":"job/node-test-commit-windows-fanned/"},{"upstreamBuild":72517,"upstreamProject":"node-test-commit","upstreamUrl":"job/node-test-commit/"},{"upstreamBuild":60661,"upstreamProject":"node-test-pull-request","upstreamUrl":"job/node-test-pull-request/"},{"prId":"54054"}],"tap":{"ok":false,"name":"parallel/test-dns","id":233,"buffered":false,"tapError":null,"skip":false,"todo":false,"previous":null,"plan":null,"diag":{"severity":"fail","exitcode":1,"stack":"(node:5488) [DEP0118] DeprecationWarning: The provided hostname \"\" is not a valid hostname, and is supported in the dns module solely for compatibility.\n(Use `node --trace-deprecation ...` to show where the warning was created)\nnode:assert:126\n  throw new AssertionError(obj);\n  ^\n\nAssertionError [ERR_ASSERTION]: Expected values to be strictly deep-equal:\n+ actual - expected ... Lines skipped\n\n  [\n    {\n      address: '1.2.3.4',\n+     ttl: 3333333332,\n-     ttl: 3333333333,\n      type: 'A'\n    },\n    {\n      address: '::42',\n+     ttl: 3333333332,\n-     ttl: 3333333333,\n      type: 'AAAA'\n...\n      type: 'SOA'\n    }\n  ]\n    at validateResults (C:\\workspace\\node-test-binary-windows-js-suites\\node\\test\\parallel\\test-dns.js:428:14)\n    at QueryReqWrap.<anonymous> (C:\\workspace\\node-test-binary-windows-js-suites\\node\\test\\parallel\\test-dns.js:456:9)\n    at QueryReqWrap.<anonymous> (C:\\workspace\\node-test-binary-windows-js-suites\\node\\test\\common\\index.js:452:17)\n    at QueryReqWrap.callback (C:\\workspace\\node-test-binary-windows-js-suites\\node\\test\\common\\index.js:487:15)\n    at QueryReqWrap.onresolve [as oncomplete] (node:internal/dns/callback_resolver:47:10) {\n  generatedMessage: true,\n  code: 'ERR_ASSERTION',\n  actual: [\n    { address: '1.2.3.4', ttl: 3333333332, type: 'A' },\n    { address: '::42', ttl: 3333333332, type: 'AAAA' },\n    { exchange: 'foobar.com', priority: 42, type: 'MX' },\n    { value: 'foobar.org', type: 'NS' },\n    { value: 'baz.org', type: 'PTR' },\n    {\n      nsname: 'ns1.example.com',\n      hostmaster: 'admin.example.com',\n      serial: 3210987654,\n      refresh: 900,\n      retry: 900,\n      expire: 1800,\n      minttl: 3333333333,\n      type: 'SOA'\n    }\n  ],\n  expected: [\n    { type: 'A', address: '1.2.3.4', ttl: 3333333333 },\n    { type: 'AAAA', address: '::42', ttl: 3333333333 },\n    { type: 'MX', priority: 42, exchange: 'foobar.com' },\n    { type: 'NS', value: 'foobar.org' },\n    { type: 'PTR', value: 'baz.org' },\n    {\n      type: 'SOA',\n      nsname: 'ns1.example.com',\n      hostmaster: 'admin.example.com',\n      serial: 3210987654,\n      refresh: 900,\n      retry: 900,\n      expire: 1800,\n      minttl: 3333333333\n    }\n  ],\n  operator: 'deepStrictEqual'\n}\n\nNode.js v23.0.0-pre"},"time":636.989,"fullname":"parallel/test-dns","closingTestPoint":false}}]}