{"failedTests":[{"testName":"parallel/test-process-env-allowed-flags-are-documented","timestamp":1722060471324,"status":"FAILED","jobName":"node-test-binary-windows-js-suites","config":"node-test-binary-windows-js-suites » 2,win11-COMPILED_BY-vs2022 #28916","buildUrl":"https://ci.nodejs.org/job/node-test-binary-windows-js-suites/RUN_SUBSET=2,nodes=win11-COMPILED_BY-vs2022/28916/","buildNumber":28916,"builtOn":"test-azure_msft-win11_vs2022-x64-2","nodeVersion":"23.0.0","commitHash":"cc9742a069ac5061b00d28faab1d821ce62ce4d6","callStack":[{"upstreamBuild":64362,"upstreamProject":"node-test-commit-windows-fanned","upstreamUrl":"job/node-test-commit-windows-fanned/"},{"upstreamBuild":72524,"upstreamProject":"node-test-commit","upstreamUrl":"job/node-test-commit/"},{"upstreamBuild":60666,"upstreamProject":"node-test-pull-request","upstreamUrl":"job/node-test-pull-request/"},{"prId":"48528"}],"tap":{"ok":false,"name":"parallel/test-process-env-allowed-flags-are-documented","id":621,"buffered":false,"tapError":null,"skip":false,"todo":false,"previous":null,"plan":null,"diag":{"severity":"fail","exitcode":1,"stack":"node:assert:126\n  throw new AssertionError(obj);\n  ^\n\nAssertionError [ERR_ASSERTION]: Expected values to be strictly deep-equal:\n+ actual - expected ... Lines skipped\n\n  [\n    '* `--allow-addons`',\n...\n    '* `--allow-wasi`',\n    '* `--allow-worker`',\n+   '* `--experimental-async-context-frame`',\n+   '* `--conditions`, `-C`',\n+   '* `--diagnostic-dir`',\n+   '* `--disable-proto`',\n+   '* `--disable-warning`',\n+   '* `--disable-wasm-trap-handler`',\n+   '* `--dns-result-order`',\n+   '* `--enable-fips`',\n+   '* `--enable-network-family-autoselection`',\n+   '* `--enable-source-maps`',\n+   '* `--experimental-abortcontroller`',\n-   '* `--conditions`, `-C`',\n-   '* `--diagnostic-dir`',\n-   '* `--disable-proto`',\n-   '* `--disable-warning`',\n-   '* `--disable-wasm-trap-handler`',\n-   '* `--dns-result-order`',\n-   '* `--enable-fips`',\n-   '* `--enable-network-family-autoselection`',\n-   '* `--enable-source-maps`',\n-   '* `--experimental-abortcontroller`',\n-   '* `--experimental-async-context-frame`',\n    '* `--experimental-default-type`',\n...\n    '* `--watch`',\n    '* `--zero-fill-buffers`'\n  ]\n    at Object.<anonymous> (c:\\workspace\\node-test-binary-windows-js-suites\\node\\test\\parallel\\test-process-env-allowed-flags-are-documented.js:31:8)\n    at Module._compile (node:internal/modules/cjs/loader:1542:14)\n    at Module._extensions..js (node:internal/modules/cjs/loader:1687:10)\n    at Module.load (node:internal/modules/cjs/loader:1313:32)\n    at Module._load (node:internal/modules/cjs/loader:1123:12)\n    at TracingChannel.traceSync (node:diagnostics_channel:315:14)\n    at wrapModuleLoad (node:internal/modules/cjs/loader:217:24)\n    at Function.executeUserEntryPoint [as runMain] (node:internal/modules/run_main:166:5)\n    at node:internal/main/run_main_module:30:49 {\n  generatedMessage: true,\n  code: 'ERR_ASSERTION',\n  actual: [\n    '* `--allow-addons`',\n    '* `--allow-child-process`',\n    '* `--allow-fs-read`',\n    '* `--allow-fs-write`',\n    '* `--allow-wasi`',\n    '* `--allow-worker`',\n    '* `--experimental-async-context-frame`',\n    '* `--conditions`, `-C`',\n    '* `--diagnostic-dir`',\n    '* `--disable-proto`',\n    '* `--disable-warning`',\n    '* `--disable-wasm-trap-handler`',\n    '* `--dns-result-order`',\n    '* `--enable-fips`',\n    '* `--enable-network-family-autoselection`',\n    '* `--enable-source-maps`',\n    '* `--experimental-abortcontroller`',\n    '* `--experimental-default-type`',\n    '* `--experimental-detect-module`',\n    '* `--experimental-eventsource`',\n    '* `--experimental-import-meta-resolve`',\n    '* `--experimental-json-modules`',\n    '* `--experimental-loader`',\n    '* `--experimental-modules`',\n    '* `--experimental-network-imports`',\n    '* `--experimental-permission`',\n    '* `--experimental-print-required-tla`',\n    '* `--experimental-require-module`',\n    '* `--experimental-shadow-realm`',\n    '* `--experimental-specifier-resolution`',\n    '* `--experimental-sqlite`',\n    '* `--experimental-strip-types`',\n    '* `--experimental-top-level-await`',\n    '* `--experimental-vm-modules`',\n    '* `--experimental-wasi-unstable-preview1`',\n    '* `--experimental-wasm-modules`',\n    '* `--experimental-webstorage`',\n    '* `--force-context-aware`',\n    '* `--force-fips`',\n    '* `--force-node-api-uncaught-exceptions-policy`',\n    '* `--frozen-intrinsics`',\n    '* `--heapsnapshot-near-heap-limit`',\n    '* `--heapsnapshot-signal`',\n    '* `--http-parser`',\n    '* `--icu-data-dir`',\n    '* `--import`',\n    '* `--input-type`',\n    '* `--insecure-http-parser`',\n    '* `--inspect-brk`',\n    '* `--inspect-port`, `--debug-port`',\n    '* `--inspect-publish-uid`',\n    '* `--inspect-wait`',\n    '* `--inspect`',\n    '* `--localstorage-file`',\n    '* `--max-http-header-size`',\n    '* `--napi-modules`',\n    '* `--network-family-autoselection-attempt-timeout`',\n    '* `--no-addons`',\n    '* `--no-deprecation`',\n    '* `--no-experimental-global-navigator`',\n    '* `--no-experimental-repl-await`',\n    '* `--no-experimental-websocket`',\n    '* `--no-extra-info-on-fatal-exception`',\n    '* `--no-force-async-hooks-checks`',\n    '* `--no-global-search-paths`',\n    '* `--no-network-family-autoselection`',\n    '* `--no-warnings`',\n    '* `--node-memory-debug`',\n    '* `--openssl-config`',\n    '* `--openssl-legacy-provider`',\n    '* `--openssl-shared-config`',\n    '* `--pending-deprecation`',\n    '* `--preserve-symlinks-main`',\n    '* `--preserve-symlinks`',\n    '* `--prof-process`',\n    '* `--redirect-warnings`',\n    '* `--report-compact`',\n    '* `--report-dir`, `--report-directory`',\n    '* `--report-exclude-network`',\n    '* `--report-filename`',\n    '* `--report-on-fatalerror`',\n    '* `--report-on-signal`',\n    '* `--report-signal`',\n    '* `--report-uncaught-exception`',\n    '* `--require`, `-r`',\n    '* `--secure-heap-min`',\n    '* `--secure-heap`',\n    '* `--snapshot-blob`',\n    '* `--test-coverage-exclude`',\n    '* `--test-coverage-include`',\n    '* `--test-only`',\n    '* `--test-reporter-destination`',\n    '* `--test-reporter`',\n    '* `--test-shard`',\n    '* `--throw-deprecation`',\n    '* `--title`',\n    '* `--tls-cipher-list`',\n    '* `--tls-keylog`',\n    '* `--tls-max-v1.2`',\n    '* `--tls-max-v1.3`',\n    ... 24 more items\n  ],\n  expected: [\n    '* `--allow-addons`',\n    '* `--allow-child-process`',\n    '* `--allow-fs-read`',\n    '* `--allow-fs-write`',\n    '* `--allow-wasi`',\n    '* `--allow-worker`',\n    '* `--conditions`, `-C`',\n    '* `--diagnostic-dir`',\n    '* `--disable-proto`',\n    '* `--disable-warning`',\n    '* `--disable-wasm-trap-handler`',\n    '* `--dns-result-order`',\n    '* `--enable-fips`',\n    '* `--enable-network-family-autoselection`',\n    '* `--enable-source-maps`',\n    '* `--experimental-abortcontroller`',\n    '* `--experimental-async-context-frame`',\n    '* `--experimental-default-type`',\n    '* `--experimental-detect-module`',\n    '* `--experimental-eventsource`',\n    '* `--experimental-import-meta-resolve`',\n    '* `--experimental-json-modules`',\n    '* `--experimental-loader`',\n    '* `--experimental-modules`',\n    '* `--experimental-network-imports`',\n    '* `--experimental-permission`',\n    '* `--experimental-print-required-tla`',\n    '* `--experimental-require-module`',\n    '* `--experimental-shadow-realm`',\n    '* `--experimental-specifier-resolution`',\n    '* `--experimental-sqlite`',\n    '* `--experimental-strip-types`',\n    '* `--experimental-top-level-await`',\n    '* `--experimental-vm-modules`',\n    '* `--experimental-wasi-unstable-preview1`',\n    '* `--experimental-wasm-modules`',\n    '* `--experimental-webstorage`',\n    '* `--force-context-aware`',\n    '* `--force-fips`',\n    '* `--force-node-api-uncaught-exceptions-policy`',\n    '* `--frozen-intrinsics`',\n    '* `--heapsnapshot-near-heap-limit`',\n    '* `--heapsnapshot-signal`',\n    '* `--http-parser`',\n    '* `--icu-data-dir`',\n    '* `--import`',\n    '* `--input-type`',\n    '* `--insecure-http-parser`',\n    '* `--inspect-brk`',\n    '* `--inspect-port`, `--debug-port`',\n    '* `--inspect-publish-uid`',\n    '* `--inspect-wait`',\n    '* `--inspect`',\n    '* `--localstorage-file`',\n    '* `--max-http-header-size`',\n    '* `--napi-modules`',\n    '* `--network-family-autoselection-attempt-timeout`',\n    '* `--no-addons`',\n    '* `--no-deprecation`',\n    '* `--no-experimental-global-navigator`',\n    '* `--no-experimental-repl-await`',\n    '* `--no-experimental-websocket`',\n    '* `--no-extra-info-on-fatal-exception`',\n    '* `--no-force-async-hooks-checks`',\n    '* `--no-global-search-paths`',\n    '* `--no-network-family-autoselection`',\n    '* `--no-warnings`',\n    '* `--node-memory-debug`',\n    '* `--openssl-config`',\n    '* `--openssl-legacy-provider`',\n    '* `--openssl-shared-config`',\n    '* `--pending-deprecation`',\n    '* `--preserve-symlinks-main`',\n    '* `--preserve-symlinks`',\n    '* `--prof-process`',\n    '* `--redirect-warnings`',\n    '* `--report-compact`',\n    '* `--report-dir`, `--report-directory`',\n    '* `--report-exclude-network`',\n    '* `--report-filename`',\n    '* `--report-on-fatalerror`',\n    '* `--report-on-signal`',\n    '* `--report-signal`',\n    '* `--report-uncaught-exception`',\n    '* `--require`, `-r`',\n    '* `--secure-heap-min`',\n    '* `--secure-heap`',\n    '* `--snapshot-blob`',\n    '* `--test-coverage-exclude`',\n    '* `--test-coverage-include`',\n    '* `--test-only`',\n    '* `--test-reporter-destination`',\n    '* `--test-reporter`',\n    '* `--test-shard`',\n    '* `--throw-deprecation`',\n    '* `--title`',\n    '* `--tls-cipher-list`',\n    '* `--tls-keylog`',\n    '* `--tls-max-v1.2`',\n    '* `--tls-max-v1.3`',\n    ... 24 more items\n  ],\n  operator: 'deepStrictEqual'\n}\n\nNode.js v23.0.0-pre"},"time":215.006,"fullname":"parallel/test-process-env-allowed-flags-are-documented","closingTestPoint":false}},{"testName":"parallel/test-process-env-allowed-flags-are-documented","timestamp":1722060471324,"status":"FAILED","jobName":"node-test-binary-windows-js-suites","config":"node-test-binary-windows-js-suites » 2,win10-COMPILED_BY-vs2022 #28916","buildUrl":"https://ci.nodejs.org/job/node-test-binary-windows-js-suites/RUN_SUBSET=2,nodes=win10-COMPILED_BY-vs2022/28916/","buildNumber":28916,"builtOn":"test-azure_msft-win10_vs2019-x64-4","nodeVersion":"23.0.0","commitHash":"cc9742a069ac5061b00d28faab1d821ce62ce4d6","callStack":[{"upstreamBuild":64362,"upstreamProject":"node-test-commit-windows-fanned","upstreamUrl":"job/node-test-commit-windows-fanned/"},{"upstreamBuild":72524,"upstreamProject":"node-test-commit","upstreamUrl":"job/node-test-commit/"},{"upstreamBuild":60666,"upstreamProject":"node-test-pull-request","upstreamUrl":"job/node-test-pull-request/"},{"prId":"48528"}],"tap":{"ok":false,"name":"parallel/test-process-env-allowed-flags-are-documented","id":622,"buffered":false,"tapError":null,"skip":false,"todo":false,"previous":null,"plan":null,"diag":{"severity":"fail","exitcode":1,"stack":"node:assert:126\n  throw new AssertionError(obj);\n  ^\n\nAssertionError [ERR_ASSERTION]: Expected values to be strictly deep-equal:\n+ actual - expected ... Lines skipped\n\n  [\n    '* `--allow-addons`',\n...\n    '* `--allow-wasi`',\n    '* `--allow-worker`',\n+   '* `--experimental-async-context-frame`',\n+   '* `--conditions`, `-C`',\n+   '* `--diagnostic-dir`',\n+   '* `--disable-proto`',\n+   '* `--disable-warning`',\n+   '* `--disable-wasm-trap-handler`',\n+   '* `--dns-result-order`',\n+   '* `--enable-fips`',\n+   '* `--enable-network-family-autoselection`',\n+   '* `--enable-source-maps`',\n+   '* `--experimental-abortcontroller`',\n-   '* `--conditions`, `-C`',\n-   '* `--diagnostic-dir`',\n-   '* `--disable-proto`',\n-   '* `--disable-warning`',\n-   '* `--disable-wasm-trap-handler`',\n-   '* `--dns-result-order`',\n-   '* `--enable-fips`',\n-   '* `--enable-network-family-autoselection`',\n-   '* `--enable-source-maps`',\n-   '* `--experimental-abortcontroller`',\n-   '* `--experimental-async-context-frame`',\n    '* `--experimental-default-type`',\n...\n    '* `--watch`',\n    '* `--zero-fill-buffers`'\n  ]\n    at Object.<anonymous> (c:\\workspace\\node-test-binary-windows-js-suites\\node\\test\\parallel\\test-process-env-allowed-flags-are-documented.js:31:8)\n    at Module._compile (node:internal/modules/cjs/loader:1542:14)\n    at Module._extensions..js (node:internal/modules/cjs/loader:1687:10)\n    at Module.load (node:internal/modules/cjs/loader:1313:32)\n    at Module._load (node:internal/modules/cjs/loader:1123:12)\n    at TracingChannel.traceSync (node:diagnostics_channel:315:14)\n    at wrapModuleLoad (node:internal/modules/cjs/loader:217:24)\n    at Function.executeUserEntryPoint [as runMain] (node:internal/modules/run_main:166:5)\n    at node:internal/main/run_main_module:30:49 {\n  generatedMessage: true,\n  code: 'ERR_ASSERTION',\n  actual: [\n    '* `--allow-addons`',\n    '* `--allow-child-process`',\n    '* `--allow-fs-read`',\n    '* `--allow-fs-write`',\n    '* `--allow-wasi`',\n    '* `--allow-worker`',\n    '* `--experimental-async-context-frame`',\n    '* `--conditions`, `-C`',\n    '* `--diagnostic-dir`',\n    '* `--disable-proto`',\n    '* `--disable-warning`',\n    '* `--disable-wasm-trap-handler`',\n    '* `--dns-result-order`',\n    '* `--enable-fips`',\n    '* `--enable-network-family-autoselection`',\n    '* `--enable-source-maps`',\n    '* `--experimental-abortcontroller`',\n    '* `--experimental-default-type`',\n    '* `--experimental-detect-module`',\n    '* `--experimental-eventsource`',\n    '* `--experimental-import-meta-resolve`',\n    '* `--experimental-json-modules`',\n    '* `--experimental-loader`',\n    '* `--experimental-modules`',\n    '* `--experimental-network-imports`',\n    '* `--experimental-permission`',\n    '* `--experimental-print-required-tla`',\n    '* `--experimental-require-module`',\n    '* `--experimental-shadow-realm`',\n    '* `--experimental-specifier-resolution`',\n    '* `--experimental-sqlite`',\n    '* `--experimental-strip-types`',\n    '* `--experimental-top-level-await`',\n    '* `--experimental-vm-modules`',\n    '* `--experimental-wasi-unstable-preview1`',\n    '* `--experimental-wasm-modules`',\n    '* `--experimental-webstorage`',\n    '* `--force-context-aware`',\n    '* `--force-fips`',\n    '* `--force-node-api-uncaught-exceptions-policy`',\n    '* `--frozen-intrinsics`',\n    '* `--heapsnapshot-near-heap-limit`',\n    '* `--heapsnapshot-signal`',\n    '* `--http-parser`',\n    '* `--icu-data-dir`',\n    '* `--import`',\n    '* `--input-type`',\n    '* `--insecure-http-parser`',\n    '* `--inspect-brk`',\n    '* `--inspect-port`, `--debug-port`',\n    '* `--inspect-publish-uid`',\n    '* `--inspect-wait`',\n    '* `--inspect`',\n    '* `--localstorage-file`',\n    '* `--max-http-header-size`',\n    '* `--napi-modules`',\n    '* `--network-family-autoselection-attempt-timeout`',\n    '* `--no-addons`',\n    '* `--no-deprecation`',\n    '* `--no-experimental-global-navigator`',\n    '* `--no-experimental-repl-await`',\n    '* `--no-experimental-websocket`',\n    '* `--no-extra-info-on-fatal-exception`',\n    '* `--no-force-async-hooks-checks`',\n    '* `--no-global-search-paths`',\n    '* `--no-network-family-autoselection`',\n    '* `--no-warnings`',\n    '* `--node-memory-debug`',\n    '* `--openssl-config`',\n    '* `--openssl-legacy-provider`',\n    '* `--openssl-shared-config`',\n    '* `--pending-deprecation`',\n    '* `--preserve-symlinks-main`',\n    '* `--preserve-symlinks`',\n    '* `--prof-process`',\n    '* `--redirect-warnings`',\n    '* `--report-compact`',\n    '* `--report-dir`, `--report-directory`',\n    '* `--report-exclude-network`',\n    '* `--report-filename`',\n    '* `--report-on-fatalerror`',\n    '* `--report-on-signal`',\n    '* `--report-signal`',\n    '* `--report-uncaught-exception`',\n    '* `--require`, `-r`',\n    '* `--secure-heap-min`',\n    '* `--secure-heap`',\n    '* `--snapshot-blob`',\n    '* `--test-coverage-exclude`',\n    '* `--test-coverage-include`',\n    '* `--test-only`',\n    '* `--test-reporter-destination`',\n    '* `--test-reporter`',\n    '* `--test-shard`',\n    '* `--throw-deprecation`',\n    '* `--title`',\n    '* `--tls-cipher-list`',\n    '* `--tls-keylog`',\n    '* `--tls-max-v1.2`',\n    '* `--tls-max-v1.3`',\n    ... 24 more items\n  ],\n  expected: [\n    '* `--allow-addons`',\n    '* `--allow-child-process`',\n    '* `--allow-fs-read`',\n    '* `--allow-fs-write`',\n    '* `--allow-wasi`',\n    '* `--allow-worker`',\n    '* `--conditions`, `-C`',\n    '* `--diagnostic-dir`',\n    '* `--disable-proto`',\n    '* `--disable-warning`',\n    '* `--disable-wasm-trap-handler`',\n    '* `--dns-result-order`',\n    '* `--enable-fips`',\n    '* `--enable-network-family-autoselection`',\n    '* `--enable-source-maps`',\n    '* `--experimental-abortcontroller`',\n    '* `--experimental-async-context-frame`',\n    '* `--experimental-default-type`',\n    '* `--experimental-detect-module`',\n    '* `--experimental-eventsource`',\n    '* `--experimental-import-meta-resolve`',\n    '* `--experimental-json-modules`',\n    '* `--experimental-loader`',\n    '* `--experimental-modules`',\n    '* `--experimental-network-imports`',\n    '* `--experimental-permission`',\n    '* `--experimental-print-required-tla`',\n    '* `--experimental-require-module`',\n    '* `--experimental-shadow-realm`',\n    '* `--experimental-specifier-resolution`',\n    '* `--experimental-sqlite`',\n    '* `--experimental-strip-types`',\n    '* `--experimental-top-level-await`',\n    '* `--experimental-vm-modules`',\n    '* `--experimental-wasi-unstable-preview1`',\n    '* `--experimental-wasm-modules`',\n    '* `--experimental-webstorage`',\n    '* `--force-context-aware`',\n    '* `--force-fips`',\n    '* `--force-node-api-uncaught-exceptions-policy`',\n    '* `--frozen-intrinsics`',\n    '* `--heapsnapshot-near-heap-limit`',\n    '* `--heapsnapshot-signal`',\n    '* `--http-parser`',\n    '* `--icu-data-dir`',\n    '* `--import`',\n    '* `--input-type`',\n    '* `--insecure-http-parser`',\n    '* `--inspect-brk`',\n    '* `--inspect-port`, `--debug-port`',\n    '* `--inspect-publish-uid`',\n    '* `--inspect-wait`',\n    '* `--inspect`',\n    '* `--localstorage-file`',\n    '* `--max-http-header-size`',\n    '* `--napi-modules`',\n    '* `--network-family-autoselection-attempt-timeout`',\n    '* `--no-addons`',\n    '* `--no-deprecation`',\n    '* `--no-experimental-global-navigator`',\n    '* `--no-experimental-repl-await`',\n    '* `--no-experimental-websocket`',\n    '* `--no-extra-info-on-fatal-exception`',\n    '* `--no-force-async-hooks-checks`',\n    '* `--no-global-search-paths`',\n    '* `--no-network-family-autoselection`',\n    '* `--no-warnings`',\n    '* `--node-memory-debug`',\n    '* `--openssl-config`',\n    '* `--openssl-legacy-provider`',\n    '* `--openssl-shared-config`',\n    '* `--pending-deprecation`',\n    '* `--preserve-symlinks-main`',\n    '* `--preserve-symlinks`',\n    '* `--prof-process`',\n    '* `--redirect-warnings`',\n    '* `--report-compact`',\n    '* `--report-dir`, `--report-directory`',\n    '* `--report-exclude-network`',\n    '* `--report-filename`',\n    '* `--report-on-fatalerror`',\n    '* `--report-on-signal`',\n    '* `--report-signal`',\n    '* `--report-uncaught-exception`',\n    '* `--require`, `-r`',\n    '* `--secure-heap-min`',\n    '* `--secure-heap`',\n    '* `--snapshot-blob`',\n    '* `--test-coverage-exclude`',\n    '* `--test-coverage-include`',\n    '* `--test-only`',\n    '* `--test-reporter-destination`',\n    '* `--test-reporter`',\n    '* `--test-shard`',\n    '* `--throw-deprecation`',\n    '* `--title`',\n    '* `--tls-cipher-list`',\n    '* `--tls-keylog`',\n    '* `--tls-max-v1.2`',\n    '* `--tls-max-v1.3`',\n    ... 24 more items\n  ],\n  operator: 'deepStrictEqual'\n}\n\nNode.js v23.0.0-pre"},"time":188.002,"fullname":"parallel/test-process-env-allowed-flags-are-documented","closingTestPoint":false}},{"testName":"parallel/test-process-env-allowed-flags-are-documented","timestamp":1722060471324,"status":"FAILED","jobName":"node-test-binary-windows-js-suites","config":"node-test-binary-windows-js-suites » 2,win2022-COMPILED_BY-vs2022 #28916","buildUrl":"https://ci.nodejs.org/job/node-test-binary-windows-js-suites/RUN_SUBSET=2,nodes=win2022-COMPILED_BY-vs2022/28916/","buildNumber":28916,"builtOn":"test-rackspace-win2022_vs2022-x64-3","nodeVersion":"23.0.0","commitHash":"cc9742a069ac5061b00d28faab1d821ce62ce4d6","callStack":[{"upstreamBuild":64362,"upstreamProject":"node-test-commit-windows-fanned","upstreamUrl":"job/node-test-commit-windows-fanned/"},{"upstreamBuild":72524,"upstreamProject":"node-test-commit","upstreamUrl":"job/node-test-commit/"},{"upstreamBuild":60666,"upstreamProject":"node-test-pull-request","upstreamUrl":"job/node-test-pull-request/"},{"prId":"48528"}],"tap":{"ok":false,"name":"parallel/test-process-env-allowed-flags-are-documented","id":624,"buffered":false,"tapError":null,"skip":false,"todo":false,"previous":null,"plan":null,"diag":{"severity":"fail","exitcode":1,"stack":"node:assert:126\n  throw new AssertionError(obj);\n  ^\n\nAssertionError [ERR_ASSERTION]: Expected values to be strictly deep-equal:\n+ actual - expected ... Lines skipped\n\n  [\n    '* `--allow-addons`',\n...\n    '* `--allow-wasi`',\n    '* `--allow-worker`',\n+   '* `--experimental-async-context-frame`',\n+   '* `--conditions`, `-C`',\n+   '* `--diagnostic-dir`',\n+   '* `--disable-proto`',\n+   '* `--disable-warning`',\n+   '* `--disable-wasm-trap-handler`',\n+   '* `--dns-result-order`',\n+   '* `--enable-fips`',\n+   '* `--enable-network-family-autoselection`',\n+   '* `--enable-source-maps`',\n+   '* `--experimental-abortcontroller`',\n-   '* `--conditions`, `-C`',\n-   '* `--diagnostic-dir`',\n-   '* `--disable-proto`',\n-   '* `--disable-warning`',\n-   '* `--disable-wasm-trap-handler`',\n-   '* `--dns-result-order`',\n-   '* `--enable-fips`',\n-   '* `--enable-network-family-autoselection`',\n-   '* `--enable-source-maps`',\n-   '* `--experimental-abortcontroller`',\n-   '* `--experimental-async-context-frame`',\n    '* `--experimental-default-type`',\n...\n    '* `--watch`',\n    '* `--zero-fill-buffers`'\n  ]\n    at Object.<anonymous> (C:\\workspace\\node-test-binary-windows-js-suites\\node\\test\\parallel\\test-process-env-allowed-flags-are-documented.js:31:8)\n    at Module._compile (node:internal/modules/cjs/loader:1542:14)\n    at Module._extensions..js (node:internal/modules/cjs/loader:1687:10)\n    at Module.load (node:internal/modules/cjs/loader:1313:32)\n    at Module._load (node:internal/modules/cjs/loader:1123:12)\n    at TracingChannel.traceSync (node:diagnostics_channel:315:14)\n    at wrapModuleLoad (node:internal/modules/cjs/loader:217:24)\n    at Function.executeUserEntryPoint [as runMain] (node:internal/modules/run_main:166:5)\n    at node:internal/main/run_main_module:30:49 {\n  generatedMessage: true,\n  code: 'ERR_ASSERTION',\n  actual: [\n    '* `--allow-addons`',\n    '* `--allow-child-process`',\n    '* `--allow-fs-read`',\n    '* `--allow-fs-write`',\n    '* `--allow-wasi`',\n    '* `--allow-worker`',\n    '* `--experimental-async-context-frame`',\n    '* `--conditions`, `-C`',\n    '* `--diagnostic-dir`',\n    '* `--disable-proto`',\n    '* `--disable-warning`',\n    '* `--disable-wasm-trap-handler`',\n    '* `--dns-result-order`',\n    '* `--enable-fips`',\n    '* `--enable-network-family-autoselection`',\n    '* `--enable-source-maps`',\n    '* `--experimental-abortcontroller`',\n    '* `--experimental-default-type`',\n    '* `--experimental-detect-module`',\n    '* `--experimental-eventsource`',\n    '* `--experimental-import-meta-resolve`',\n    '* `--experimental-json-modules`',\n    '* `--experimental-loader`',\n    '* `--experimental-modules`',\n    '* `--experimental-network-imports`',\n    '* `--experimental-permission`',\n    '* `--experimental-print-required-tla`',\n    '* `--experimental-require-module`',\n    '* `--experimental-shadow-realm`',\n    '* `--experimental-specifier-resolution`',\n    '* `--experimental-sqlite`',\n    '* `--experimental-strip-types`',\n    '* `--experimental-top-level-await`',\n    '* `--experimental-vm-modules`',\n    '* `--experimental-wasi-unstable-preview1`',\n    '* `--experimental-wasm-modules`',\n    '* `--experimental-webstorage`',\n    '* `--force-context-aware`',\n    '* `--force-fips`',\n    '* `--force-node-api-uncaught-exceptions-policy`',\n    '* `--frozen-intrinsics`',\n    '* `--heapsnapshot-near-heap-limit`',\n    '* `--heapsnapshot-signal`',\n    '* `--http-parser`',\n    '* `--icu-data-dir`',\n    '* `--import`',\n    '* `--input-type`',\n    '* `--insecure-http-parser`',\n    '* `--inspect-brk`',\n    '* `--inspect-port`, `--debug-port`',\n    '* `--inspect-publish-uid`',\n    '* `--inspect-wait`',\n    '* `--inspect`',\n    '* `--localstorage-file`',\n    '* `--max-http-header-size`',\n    '* `--napi-modules`',\n    '* `--network-family-autoselection-attempt-timeout`',\n    '* `--no-addons`',\n    '* `--no-deprecation`',\n    '* `--no-experimental-global-navigator`',\n    '* `--no-experimental-repl-await`',\n    '* `--no-experimental-websocket`',\n    '* `--no-extra-info-on-fatal-exception`',\n    '* `--no-force-async-hooks-checks`',\n    '* `--no-global-search-paths`',\n    '* `--no-network-family-autoselection`',\n    '* `--no-warnings`',\n    '* `--node-memory-debug`',\n    '* `--openssl-config`',\n    '* `--openssl-legacy-provider`',\n    '* `--openssl-shared-config`',\n    '* `--pending-deprecation`',\n    '* `--preserve-symlinks-main`',\n    '* `--preserve-symlinks`',\n    '* `--prof-process`',\n    '* `--redirect-warnings`',\n    '* `--report-compact`',\n    '* `--report-dir`, `--report-directory`',\n    '* `--report-exclude-network`',\n    '* `--report-filename`',\n    '* `--report-on-fatalerror`',\n    '* `--report-on-signal`',\n    '* `--report-signal`',\n    '* `--report-uncaught-exception`',\n    '* `--require`, `-r`',\n    '* `--secure-heap-min`',\n    '* `--secure-heap`',\n    '* `--snapshot-blob`',\n    '* `--test-coverage-exclude`',\n    '* `--test-coverage-include`',\n    '* `--test-only`',\n    '* `--test-reporter-destination`',\n    '* `--test-reporter`',\n    '* `--test-shard`',\n    '* `--throw-deprecation`',\n    '* `--title`',\n    '* `--tls-cipher-list`',\n    '* `--tls-keylog`',\n    '* `--tls-max-v1.2`',\n    '* `--tls-max-v1.3`',\n    ... 24 more items\n  ],\n  expected: [\n    '* `--allow-addons`',\n    '* `--allow-child-process`',\n    '* `--allow-fs-read`',\n    '* `--allow-fs-write`',\n    '* `--allow-wasi`',\n    '* `--allow-worker`',\n    '* `--conditions`, `-C`',\n    '* `--diagnostic-dir`',\n    '* `--disable-proto`',\n    '* `--disable-warning`',\n    '* `--disable-wasm-trap-handler`',\n    '* `--dns-result-order`',\n    '* `--enable-fips`',\n    '* `--enable-network-family-autoselection`',\n    '* `--enable-source-maps`',\n    '* `--experimental-abortcontroller`',\n    '* `--experimental-async-context-frame`',\n    '* `--experimental-default-type`',\n    '* `--experimental-detect-module`',\n    '* `--experimental-eventsource`',\n    '* `--experimental-import-meta-resolve`',\n    '* `--experimental-json-modules`',\n    '* `--experimental-loader`',\n    '* `--experimental-modules`',\n    '* `--experimental-network-imports`',\n    '* `--experimental-permission`',\n    '* `--experimental-print-required-tla`',\n    '* `--experimental-require-module`',\n    '* `--experimental-shadow-realm`',\n    '* `--experimental-specifier-resolution`',\n    '* `--experimental-sqlite`',\n    '* `--experimental-strip-types`',\n    '* `--experimental-top-level-await`',\n    '* `--experimental-vm-modules`',\n    '* `--experimental-wasi-unstable-preview1`',\n    '* `--experimental-wasm-modules`',\n    '* `--experimental-webstorage`',\n    '* `--force-context-aware`',\n    '* `--force-fips`',\n    '* `--force-node-api-uncaught-exceptions-policy`',\n    '* `--frozen-intrinsics`',\n    '* `--heapsnapshot-near-heap-limit`',\n    '* `--heapsnapshot-signal`',\n    '* `--http-parser`',\n    '* `--icu-data-dir`',\n    '* `--import`',\n    '* `--input-type`',\n    '* `--insecure-http-parser`',\n    '* `--inspect-brk`',\n    '* `--inspect-port`, `--debug-port`',\n    '* `--inspect-publish-uid`',\n    '* `--inspect-wait`',\n    '* `--inspect`',\n    '* `--localstorage-file`',\n    '* `--max-http-header-size`',\n    '* `--napi-modules`',\n    '* `--network-family-autoselection-attempt-timeout`',\n    '* `--no-addons`',\n    '* `--no-deprecation`',\n    '* `--no-experimental-global-navigator`',\n    '* `--no-experimental-repl-await`',\n    '* `--no-experimental-websocket`',\n    '* `--no-extra-info-on-fatal-exception`',\n    '* `--no-force-async-hooks-checks`',\n    '* `--no-global-search-paths`',\n    '* `--no-network-family-autoselection`',\n    '* `--no-warnings`',\n    '* `--node-memory-debug`',\n    '* `--openssl-config`',\n    '* `--openssl-legacy-provider`',\n    '* `--openssl-shared-config`',\n    '* `--pending-deprecation`',\n    '* `--preserve-symlinks-main`',\n    '* `--preserve-symlinks`',\n    '* `--prof-process`',\n    '* `--redirect-warnings`',\n    '* `--report-compact`',\n    '* `--report-dir`, `--report-directory`',\n    '* `--report-exclude-network`',\n    '* `--report-filename`',\n    '* `--report-on-fatalerror`',\n    '* `--report-on-signal`',\n    '* `--report-signal`',\n    '* `--report-uncaught-exception`',\n    '* `--require`, `-r`',\n    '* `--secure-heap-min`',\n    '* `--secure-heap`',\n    '* `--snapshot-blob`',\n    '* `--test-coverage-exclude`',\n    '* `--test-coverage-include`',\n    '* `--test-only`',\n    '* `--test-reporter-destination`',\n    '* `--test-reporter`',\n    '* `--test-shard`',\n    '* `--throw-deprecation`',\n    '* `--title`',\n    '* `--tls-cipher-list`',\n    '* `--tls-keylog`',\n    '* `--tls-max-v1.2`',\n    '* `--tls-max-v1.3`',\n    ... 24 more items\n  ],\n  operator: 'deepStrictEqual'\n}\n\nNode.js v23.0.0-pre"},"time":365.962,"fullname":"parallel/test-process-env-allowed-flags-are-documented","closingTestPoint":false}},{"testName":"parallel/test-process-env-allowed-flags-are-documented","timestamp":1722060471324,"status":"FAILED","jobName":"node-test-binary-windows-js-suites","config":"node-test-binary-windows-js-suites » 2,win2019-COMPILED_BY-vs2022 #28916","buildUrl":"https://ci.nodejs.org/job/node-test-binary-windows-js-suites/RUN_SUBSET=2,nodes=win2019-COMPILED_BY-vs2022/28916/","buildNumber":28916,"builtOn":"test-rackspace-win2019_vs2019-x64-4","nodeVersion":"23.0.0","commitHash":"cc9742a069ac5061b00d28faab1d821ce62ce4d6","callStack":[{"upstreamBuild":64362,"upstreamProject":"node-test-commit-windows-fanned","upstreamUrl":"job/node-test-commit-windows-fanned/"},{"upstreamBuild":72524,"upstreamProject":"node-test-commit","upstreamUrl":"job/node-test-commit/"},{"upstreamBuild":60666,"upstreamProject":"node-test-pull-request","upstreamUrl":"job/node-test-pull-request/"},{"prId":"48528"}],"tap":{"ok":false,"name":"parallel/test-process-env-allowed-flags-are-documented","id":621,"buffered":false,"tapError":null,"skip":false,"todo":false,"previous":null,"plan":null,"diag":{"severity":"fail","exitcode":1,"stack":"node:assert:126\n  throw new AssertionError(obj);\n  ^\n\nAssertionError [ERR_ASSERTION]: Expected values to be strictly deep-equal:\n+ actual - expected ... Lines skipped\n\n  [\n    '* `--allow-addons`',\n...\n    '* `--allow-wasi`',\n    '* `--allow-worker`',\n+   '* `--experimental-async-context-frame`',\n+   '* `--conditions`, `-C`',\n+   '* `--diagnostic-dir`',\n+   '* `--disable-proto`',\n+   '* `--disable-warning`',\n+   '* `--disable-wasm-trap-handler`',\n+   '* `--dns-result-order`',\n+   '* `--enable-fips`',\n+   '* `--enable-network-family-autoselection`',\n+   '* `--enable-source-maps`',\n+   '* `--experimental-abortcontroller`',\n-   '* `--conditions`, `-C`',\n-   '* `--diagnostic-dir`',\n-   '* `--disable-proto`',\n-   '* `--disable-warning`',\n-   '* `--disable-wasm-trap-handler`',\n-   '* `--dns-result-order`',\n-   '* `--enable-fips`',\n-   '* `--enable-network-family-autoselection`',\n-   '* `--enable-source-maps`',\n-   '* `--experimental-abortcontroller`',\n-   '* `--experimental-async-context-frame`',\n    '* `--experimental-default-type`',\n...\n    '* `--watch`',\n    '* `--zero-fill-buffers`'\n  ]\n    at Object.<anonymous> (C:\\workspace\\node-test-binary-windows-js-suites\\node\\test\\parallel\\test-process-env-allowed-flags-are-documented.js:31:8)\n    at Module._compile (node:internal/modules/cjs/loader:1542:14)\n    at Module._extensions..js (node:internal/modules/cjs/loader:1687:10)\n    at Module.load (node:internal/modules/cjs/loader:1313:32)\n    at Module._load (node:internal/modules/cjs/loader:1123:12)\n    at TracingChannel.traceSync (node:diagnostics_channel:315:14)\n    at wrapModuleLoad (node:internal/modules/cjs/loader:217:24)\n    at Function.executeUserEntryPoint [as runMain] (node:internal/modules/run_main:166:5)\n    at node:internal/main/run_main_module:30:49 {\n  generatedMessage: true,\n  code: 'ERR_ASSERTION',\n  actual: [\n    '* `--allow-addons`',\n    '* `--allow-child-process`',\n    '* `--allow-fs-read`',\n    '* `--allow-fs-write`',\n    '* `--allow-wasi`',\n    '* `--allow-worker`',\n    '* `--experimental-async-context-frame`',\n    '* `--conditions`, `-C`',\n    '* `--diagnostic-dir`',\n    '* `--disable-proto`',\n    '* `--disable-warning`',\n    '* `--disable-wasm-trap-handler`',\n    '* `--dns-result-order`',\n    '* `--enable-fips`',\n    '* `--enable-network-family-autoselection`',\n    '* `--enable-source-maps`',\n    '* `--experimental-abortcontroller`',\n    '* `--experimental-default-type`',\n    '* `--experimental-detect-module`',\n    '* `--experimental-eventsource`',\n    '* `--experimental-import-meta-resolve`',\n    '* `--experimental-json-modules`',\n    '* `--experimental-loader`',\n    '* `--experimental-modules`',\n    '* `--experimental-network-imports`',\n    '* `--experimental-permission`',\n    '* `--experimental-print-required-tla`',\n    '* `--experimental-require-module`',\n    '* `--experimental-shadow-realm`',\n    '* `--experimental-specifier-resolution`',\n    '* `--experimental-sqlite`',\n    '* `--experimental-strip-types`',\n    '* `--experimental-top-level-await`',\n    '* `--experimental-vm-modules`',\n    '* `--experimental-wasi-unstable-preview1`',\n    '* `--experimental-wasm-modules`',\n    '* `--experimental-webstorage`',\n    '* `--force-context-aware`',\n    '* `--force-fips`',\n    '* `--force-node-api-uncaught-exceptions-policy`',\n    '* `--frozen-intrinsics`',\n    '* `--heapsnapshot-near-heap-limit`',\n    '* `--heapsnapshot-signal`',\n    '* `--http-parser`',\n    '* `--icu-data-dir`',\n    '* `--import`',\n    '* `--input-type`',\n    '* `--insecure-http-parser`',\n    '* `--inspect-brk`',\n    '* `--inspect-port`, `--debug-port`',\n    '* `--inspect-publish-uid`',\n    '* `--inspect-wait`',\n    '* `--inspect`',\n    '* `--localstorage-file`',\n    '* `--max-http-header-size`',\n    '* `--napi-modules`',\n    '* `--network-family-autoselection-attempt-timeout`',\n    '* `--no-addons`',\n    '* `--no-deprecation`',\n    '* `--no-experimental-global-navigator`',\n    '* `--no-experimental-repl-await`',\n    '* `--no-experimental-websocket`',\n    '* `--no-extra-info-on-fatal-exception`',\n    '* `--no-force-async-hooks-checks`',\n    '* `--no-global-search-paths`',\n    '* `--no-network-family-autoselection`',\n    '* `--no-warnings`',\n    '* `--node-memory-debug`',\n    '* `--openssl-config`',\n    '* `--openssl-legacy-provider`',\n    '* `--openssl-shared-config`',\n    '* `--pending-deprecation`',\n    '* `--preserve-symlinks-main`',\n    '* `--preserve-symlinks`',\n    '* `--prof-process`',\n    '* `--redirect-warnings`',\n    '* `--report-compact`',\n    '* `--report-dir`, `--report-directory`',\n    '* `--report-exclude-network`',\n    '* `--report-filename`',\n    '* `--report-on-fatalerror`',\n    '* `--report-on-signal`',\n    '* `--report-signal`',\n    '* `--report-uncaught-exception`',\n    '* `--require`, `-r`',\n    '* `--secure-heap-min`',\n    '* `--secure-heap`',\n    '* `--snapshot-blob`',\n    '* `--test-coverage-exclude`',\n    '* `--test-coverage-include`',\n    '* `--test-only`',\n    '* `--test-reporter-destination`',\n    '* `--test-reporter`',\n    '* `--test-shard`',\n    '* `--throw-deprecation`',\n    '* `--title`',\n    '* `--tls-cipher-list`',\n    '* `--tls-keylog`',\n    '* `--tls-max-v1.2`',\n    '* `--tls-max-v1.3`',\n    ... 24 more items\n  ],\n  expected: [\n    '* `--allow-addons`',\n    '* `--allow-child-process`',\n    '* `--allow-fs-read`',\n    '* `--allow-fs-write`',\n    '* `--allow-wasi`',\n    '* `--allow-worker`',\n    '* `--conditions`, `-C`',\n    '* `--diagnostic-dir`',\n    '* `--disable-proto`',\n    '* `--disable-warning`',\n    '* `--disable-wasm-trap-handler`',\n    '* `--dns-result-order`',\n    '* `--enable-fips`',\n    '* `--enable-network-family-autoselection`',\n    '* `--enable-source-maps`',\n    '* `--experimental-abortcontroller`',\n    '* `--experimental-async-context-frame`',\n    '* `--experimental-default-type`',\n    '* `--experimental-detect-module`',\n    '* `--experimental-eventsource`',\n    '* `--experimental-import-meta-resolve`',\n    '* `--experimental-json-modules`',\n    '* `--experimental-loader`',\n    '* `--experimental-modules`',\n    '* `--experimental-network-imports`',\n    '* `--experimental-permission`',\n    '* `--experimental-print-required-tla`',\n    '* `--experimental-require-module`',\n    '* `--experimental-shadow-realm`',\n    '* `--experimental-specifier-resolution`',\n    '* `--experimental-sqlite`',\n    '* `--experimental-strip-types`',\n    '* `--experimental-top-level-await`',\n    '* `--experimental-vm-modules`',\n    '* `--experimental-wasi-unstable-preview1`',\n    '* `--experimental-wasm-modules`',\n    '* `--experimental-webstorage`',\n    '* `--force-context-aware`',\n    '* `--force-fips`',\n    '* `--force-node-api-uncaught-exceptions-policy`',\n    '* `--frozen-intrinsics`',\n    '* `--heapsnapshot-near-heap-limit`',\n    '* `--heapsnapshot-signal`',\n    '* `--http-parser`',\n    '* `--icu-data-dir`',\n    '* `--import`',\n    '* `--input-type`',\n    '* `--insecure-http-parser`',\n    '* `--inspect-brk`',\n    '* `--inspect-port`, `--debug-port`',\n    '* `--inspect-publish-uid`',\n    '* `--inspect-wait`',\n    '* `--inspect`',\n    '* `--localstorage-file`',\n    '* `--max-http-header-size`',\n    '* `--napi-modules`',\n    '* `--network-family-autoselection-attempt-timeout`',\n    '* `--no-addons`',\n    '* `--no-deprecation`',\n    '* `--no-experimental-global-navigator`',\n    '* `--no-experimental-repl-await`',\n    '* `--no-experimental-websocket`',\n    '* `--no-extra-info-on-fatal-exception`',\n    '* `--no-force-async-hooks-checks`',\n    '* `--no-global-search-paths`',\n    '* `--no-network-family-autoselection`',\n    '* `--no-warnings`',\n    '* `--node-memory-debug`',\n    '* `--openssl-config`',\n    '* `--openssl-legacy-provider`',\n    '* `--openssl-shared-config`',\n    '* `--pending-deprecation`',\n    '* `--preserve-symlinks-main`',\n    '* `--preserve-symlinks`',\n    '* `--prof-process`',\n    '* `--redirect-warnings`',\n    '* `--report-compact`',\n    '* `--report-dir`, `--report-directory`',\n    '* `--report-exclude-network`',\n    '* `--report-filename`',\n    '* `--report-on-fatalerror`',\n    '* `--report-on-signal`',\n    '* `--report-signal`',\n    '* `--report-uncaught-exception`',\n    '* `--require`, `-r`',\n    '* `--secure-heap-min`',\n    '* `--secure-heap`',\n    '* `--snapshot-blob`',\n    '* `--test-coverage-exclude`',\n    '* `--test-coverage-include`',\n    '* `--test-only`',\n    '* `--test-reporter-destination`',\n    '* `--test-reporter`',\n    '* `--test-shard`',\n    '* `--throw-deprecation`',\n    '* `--title`',\n    '* `--tls-cipher-list`',\n    '* `--tls-keylog`',\n    '* `--tls-max-v1.2`',\n    '* `--tls-max-v1.3`',\n    ... 24 more items\n  ],\n  operator: 'deepStrictEqual'\n}\n\nNode.js v23.0.0-pre"},"time":359.793,"fullname":"parallel/test-process-env-allowed-flags-are-documented","closingTestPoint":false}},{"testName":"parallel/test-process-env-allowed-flags-are-documented","timestamp":1722060471324,"status":"FAILED","jobName":"node-test-binary-windows-js-suites","config":"node-test-binary-windows-js-suites » 3,win11-arm64-COMPILED_BY-vs2022-arm64 #28916","buildUrl":"https://ci.nodejs.org/job/node-test-binary-windows-js-suites/RUN_SUBSET=3,nodes=win11-arm64-COMPILED_BY-vs2022-arm64/28916/","buildNumber":28916,"builtOn":"test-azure_msft-win11_vs2022-arm64-4","nodeVersion":"23.0.0","commitHash":"cc9742a069ac5061b00d28faab1d821ce62ce4d6","callStack":[{"upstreamBuild":64362,"upstreamProject":"node-test-commit-windows-fanned","upstreamUrl":"job/node-test-commit-windows-fanned/"},{"upstreamBuild":72524,"upstreamProject":"node-test-commit","upstreamUrl":"job/node-test-commit/"},{"upstreamBuild":60666,"upstreamProject":"node-test-pull-request","upstreamUrl":"job/node-test-pull-request/"},{"prId":"48528"}],"tap":{"ok":false,"name":"parallel/test-process-env-allowed-flags-are-documented","id":618,"buffered":false,"tapError":null,"skip":false,"todo":false,"previous":null,"plan":null,"diag":{"severity":"fail","exitcode":1,"stack":"node:assert:126\n  throw new AssertionError(obj);\n  ^\n\nAssertionError [ERR_ASSERTION]: Expected values to be strictly deep-equal:\n+ actual - expected ... Lines skipped\n\n  [\n    '* `--allow-addons`',\n...\n    '* `--allow-wasi`',\n    '* `--allow-worker`',\n+   '* `--experimental-async-context-frame`',\n+   '* `--conditions`, `-C`',\n+   '* `--diagnostic-dir`',\n+   '* `--disable-proto`',\n+   '* `--disable-warning`',\n+   '* `--disable-wasm-trap-handler`',\n+   '* `--dns-result-order`',\n+   '* `--enable-fips`',\n+   '* `--enable-network-family-autoselection`',\n+   '* `--enable-source-maps`',\n+   '* `--experimental-abortcontroller`',\n-   '* `--conditions`, `-C`',\n-   '* `--diagnostic-dir`',\n-   '* `--disable-proto`',\n-   '* `--disable-warning`',\n-   '* `--disable-wasm-trap-handler`',\n-   '* `--dns-result-order`',\n-   '* `--enable-fips`',\n-   '* `--enable-network-family-autoselection`',\n-   '* `--enable-source-maps`',\n-   '* `--experimental-abortcontroller`',\n-   '* `--experimental-async-context-frame`',\n    '* `--experimental-default-type`',\n...\n    '* `--watch`',\n    '* `--zero-fill-buffers`'\n  ]\n    at Object.<anonymous> (d:\\workspace\\node-test-binary-windows-js-suites\\node\\test\\parallel\\test-process-env-allowed-flags-are-documented.js:31:8)\n    at Module._compile (node:internal/modules/cjs/loader:1542:14)\n    at Module._extensions..js (node:internal/modules/cjs/loader:1687:10)\n    at Module.load (node:internal/modules/cjs/loader:1313:32)\n    at Module._load (node:internal/modules/cjs/loader:1123:12)\n    at TracingChannel.traceSync (node:diagnostics_channel:315:14)\n    at wrapModuleLoad (node:internal/modules/cjs/loader:217:24)\n    at Function.executeUserEntryPoint [as runMain] (node:internal/modules/run_main:166:5)\n    at node:internal/main/run_main_module:30:49 {\n  generatedMessage: true,\n  code: 'ERR_ASSERTION',\n  actual: [\n    '* `--allow-addons`',\n    '* `--allow-child-process`',\n    '* `--allow-fs-read`',\n    '* `--allow-fs-write`',\n    '* `--allow-wasi`',\n    '* `--allow-worker`',\n    '* `--experimental-async-context-frame`',\n    '* `--conditions`, `-C`',\n    '* `--diagnostic-dir`',\n    '* `--disable-proto`',\n    '* `--disable-warning`',\n    '* `--disable-wasm-trap-handler`',\n    '* `--dns-result-order`',\n    '* `--enable-fips`',\n    '* `--enable-network-family-autoselection`',\n    '* `--enable-source-maps`',\n    '* `--experimental-abortcontroller`',\n    '* `--experimental-default-type`',\n    '* `--experimental-detect-module`',\n    '* `--experimental-eventsource`',\n    '* `--experimental-import-meta-resolve`',\n    '* `--experimental-json-modules`',\n    '* `--experimental-loader`',\n    '* `--experimental-modules`',\n    '* `--experimental-network-imports`',\n    '* `--experimental-permission`',\n    '* `--experimental-print-required-tla`',\n    '* `--experimental-require-module`',\n    '* `--experimental-shadow-realm`',\n    '* `--experimental-specifier-resolution`',\n    '* `--experimental-sqlite`',\n    '* `--experimental-strip-types`',\n    '* `--experimental-top-level-await`',\n    '* `--experimental-vm-modules`',\n    '* `--experimental-wasi-unstable-preview1`',\n    '* `--experimental-wasm-modules`',\n    '* `--experimental-webstorage`',\n    '* `--force-context-aware`',\n    '* `--force-fips`',\n    '* `--force-node-api-uncaught-exceptions-policy`',\n    '* `--frozen-intrinsics`',\n    '* `--heapsnapshot-near-heap-limit`',\n    '* `--heapsnapshot-signal`',\n    '* `--http-parser`',\n    '* `--icu-data-dir`',\n    '* `--import`',\n    '* `--input-type`',\n    '* `--insecure-http-parser`',\n    '* `--inspect-brk`',\n    '* `--inspect-port`, `--debug-port`',\n    '* `--inspect-publish-uid`',\n    '* `--inspect-wait`',\n    '* `--inspect`',\n    '* `--localstorage-file`',\n    '* `--max-http-header-size`',\n    '* `--napi-modules`',\n    '* `--network-family-autoselection-attempt-timeout`',\n    '* `--no-addons`',\n    '* `--no-deprecation`',\n    '* `--no-experimental-global-navigator`',\n    '* `--no-experimental-repl-await`',\n    '* `--no-experimental-websocket`',\n    '* `--no-extra-info-on-fatal-exception`',\n    '* `--no-force-async-hooks-checks`',\n    '* `--no-global-search-paths`',\n    '* `--no-network-family-autoselection`',\n    '* `--no-warnings`',\n    '* `--node-memory-debug`',\n    '* `--openssl-config`',\n    '* `--openssl-legacy-provider`',\n    '* `--openssl-shared-config`',\n    '* `--pending-deprecation`',\n    '* `--preserve-symlinks-main`',\n    '* `--preserve-symlinks`',\n    '* `--prof-process`',\n    '* `--redirect-warnings`',\n    '* `--report-compact`',\n    '* `--report-dir`, `--report-directory`',\n    '* `--report-exclude-network`',\n    '* `--report-filename`',\n    '* `--report-on-fatalerror`',\n    '* `--report-on-signal`',\n    '* `--report-signal`',\n    '* `--report-uncaught-exception`',\n    '* `--require`, `-r`',\n    '* `--secure-heap-min`',\n    '* `--secure-heap`',\n    '* `--snapshot-blob`',\n    '* `--test-coverage-exclude`',\n    '* `--test-coverage-include`',\n    '* `--test-only`',\n    '* `--test-reporter-destination`',\n    '* `--test-reporter`',\n    '* `--test-shard`',\n    '* `--throw-deprecation`',\n    '* `--title`',\n    '* `--tls-cipher-list`',\n    '* `--tls-keylog`',\n    '* `--tls-max-v1.2`',\n    '* `--tls-max-v1.3`',\n    ... 24 more items\n  ],\n  expected: [\n    '* `--allow-addons`',\n    '* `--allow-child-process`',\n    '* `--allow-fs-read`',\n    '* `--allow-fs-write`',\n    '* `--allow-wasi`',\n    '* `--allow-worker`',\n    '* `--conditions`, `-C`',\n    '* `--diagnostic-dir`',\n    '* `--disable-proto`',\n    '* `--disable-warning`',\n    '* `--disable-wasm-trap-handler`',\n    '* `--dns-result-order`',\n    '* `--enable-fips`',\n    '* `--enable-network-family-autoselection`',\n    '* `--enable-source-maps`',\n    '* `--experimental-abortcontroller`',\n    '* `--experimental-async-context-frame`',\n    '* `--experimental-default-type`',\n    '* `--experimental-detect-module`',\n    '* `--experimental-eventsource`',\n    '* `--experimental-import-meta-resolve`',\n    '* `--experimental-json-modules`',\n    '* `--experimental-loader`',\n    '* `--experimental-modules`',\n    '* `--experimental-network-imports`',\n    '* `--experimental-permission`',\n    '* `--experimental-print-required-tla`',\n    '* `--experimental-require-module`',\n    '* `--experimental-shadow-realm`',\n    '* `--experimental-specifier-resolution`',\n    '* `--experimental-sqlite`',\n    '* `--experimental-strip-types`',\n    '* `--experimental-top-level-await`',\n    '* `--experimental-vm-modules`',\n    '* `--experimental-wasi-unstable-preview1`',\n    '* `--experimental-wasm-modules`',\n    '* `--experimental-webstorage`',\n    '* `--force-context-aware`',\n    '* `--force-fips`',\n    '* `--force-node-api-uncaught-exceptions-policy`',\n    '* `--frozen-intrinsics`',\n    '* `--heapsnapshot-near-heap-limit`',\n    '* `--heapsnapshot-signal`',\n    '* `--http-parser`',\n    '* `--icu-data-dir`',\n    '* `--import`',\n    '* `--input-type`',\n    '* `--insecure-http-parser`',\n    '* `--inspect-brk`',\n    '* `--inspect-port`, `--debug-port`',\n    '* `--inspect-publish-uid`',\n    '* `--inspect-wait`',\n    '* `--inspect`',\n    '* `--localstorage-file`',\n    '* `--max-http-header-size`',\n    '* `--napi-modules`',\n    '* `--network-family-autoselection-attempt-timeout`',\n    '* `--no-addons`',\n    '* `--no-deprecation`',\n    '* `--no-experimental-global-navigator`',\n    '* `--no-experimental-repl-await`',\n    '* `--no-experimental-websocket`',\n    '* `--no-extra-info-on-fatal-exception`',\n    '* `--no-force-async-hooks-checks`',\n    '* `--no-global-search-paths`',\n    '* `--no-network-family-autoselection`',\n    '* `--no-warnings`',\n    '* `--node-memory-debug`',\n    '* `--openssl-config`',\n    '* `--openssl-legacy-provider`',\n    '* `--openssl-shared-config`',\n    '* `--pending-deprecation`',\n    '* `--preserve-symlinks-main`',\n    '* `--preserve-symlinks`',\n    '* `--prof-process`',\n    '* `--redirect-warnings`',\n    '* `--report-compact`',\n    '* `--report-dir`, `--report-directory`',\n    '* `--report-exclude-network`',\n    '* `--report-filename`',\n    '* `--report-on-fatalerror`',\n    '* `--report-on-signal`',\n    '* `--report-signal`',\n    '* `--report-uncaught-exception`',\n    '* `--require`, `-r`',\n    '* `--secure-heap-min`',\n    '* `--secure-heap`',\n    '* `--snapshot-blob`',\n    '* `--test-coverage-exclude`',\n    '* `--test-coverage-include`',\n    '* `--test-only`',\n    '* `--test-reporter-destination`',\n    '* `--test-reporter`',\n    '* `--test-shard`',\n    '* `--throw-deprecation`',\n    '* `--title`',\n    '* `--tls-cipher-list`',\n    '* `--tls-keylog`',\n    '* `--tls-max-v1.2`',\n    '* `--tls-max-v1.3`',\n    ... 24 more items\n  ],\n  operator: 'deepStrictEqual'\n}\n\nNode.js v23.0.0-pre"},"time":251.018,"fullname":"parallel/test-process-env-allowed-flags-are-documented","closingTestPoint":false}}]}