{"failedTests":[{"testName":"parallel/test-child-process-fork-exec-path","timestamp":1722515492258,"status":"FAILED","jobName":"node-test-binary-windows-js-suites","config":"node-test-binary-windows-js-suites » 1,win11-arm64-COMPILED_BY-vs2022-arm64 #29044","buildUrl":"https://ci.nodejs.org/job/node-test-binary-windows-js-suites/RUN_SUBSET=1,nodes=win11-arm64-COMPILED_BY-vs2022-arm64/29044/","buildNumber":29044,"builtOn":"test-azure_msft-win11_vs2022-arm64-1","nodeVersion":"23.0.0","commitHash":"4491ee5ed65ede0ea0ff424fae8c7417205f1348","callStack":[{"upstreamBuild":64502,"upstreamProject":"node-test-commit-windows-fanned","upstreamUrl":"job/node-test-commit-windows-fanned/"},{"upstreamBuild":72677,"upstreamProject":"node-test-commit","upstreamUrl":"job/node-test-commit/"},{"upstreamBuild":60796,"upstreamProject":"node-test-pull-request","upstreamUrl":"job/node-test-pull-request/"},{"prId":"54142"}],"tap":{"ok":false,"name":"parallel/test-child-process-fork-exec-path","id":123,"buffered":false,"tapError":null,"skip":false,"todo":false,"previous":null,"plan":null,"diag":{"severity":"fail","exitcode":1,"stack":"Can't clean tmpdir: d:\\workspace\\node-test-binary-windows-js-suites\\node\\test\\.tmp.112\nFiles blocking: [ 'node-copy.exe' ]\n\nd:\\workspace\\node-test-binary-windows-js-suites\\node\\test\\common\\tmpdir.js:69\n    throw e;\n    ^\n\nError: EPERM, Permission denied: \\\\?\\d:\\workspace\\node-test-binary-windows-js-suites\\node\\test\\.tmp.112 '\\\\?\\d:\\workspace\\node-test-binary-windows-js-suites\\node\\test\\.tmp.112'\n    at Object.rmSync (node:fs:1246:18)\n    at rmSync (d:\\workspace\\node-test-binary-windows-js-suites\\node\\test\\common\\tmpdir.js:20:8)\n    at onexit (d:\\workspace\\node-test-binary-windows-js-suites\\node\\test\\common\\tmpdir.js:54:5)\n    at process.<anonymous> (d:\\workspace\\node-test-binary-windows-js-suites\\node\\test\\common\\tmpdir.js:43:14)\n    at process.emit (node:events:532:35) {\n  errno: 1,\n  code: 'EPERM',\n  path: '\\\\\\\\?\\\\d:\\\\workspace\\\\node-test-binary-windows-js-suites\\\\node\\\\test\\\\.tmp.112',\n  syscall: 'rm'\n}\n\nNode.js v23.0.0-pre"},"time":3585.995,"fullname":"parallel/test-child-process-fork-exec-path","closingTestPoint":false}},{"testName":"parallel/test-error-serdes","timestamp":1722515492258,"status":"FAILED","jobName":"node-test-binary-windows-js-suites","config":"node-test-binary-windows-js-suites » 0,win2022-COMPILED_BY-vs2022 #29044","buildUrl":"https://ci.nodejs.org/job/node-test-binary-windows-js-suites/RUN_SUBSET=0,nodes=win2022-COMPILED_BY-vs2022/29044/","buildNumber":29044,"builtOn":"test-rackspace-win2022_vs2022-x64-1","nodeVersion":"23.0.0","commitHash":"4491ee5ed65ede0ea0ff424fae8c7417205f1348","callStack":[{"upstreamBuild":64502,"upstreamProject":"node-test-commit-windows-fanned","upstreamUrl":"job/node-test-commit-windows-fanned/"},{"upstreamBuild":72677,"upstreamProject":"node-test-commit","upstreamUrl":"job/node-test-commit/"},{"upstreamBuild":60796,"upstreamProject":"node-test-pull-request","upstreamUrl":"job/node-test-pull-request/"},{"prId":"54142"}],"tap":{"ok":false,"name":"parallel/test-error-serdes","id":963,"buffered":false,"tapError":null,"skip":false,"todo":": Fix flaky test","previous":null,"plan":null,"diag":{"severity":"fail","exitcode":1,"stack":"timeout"},"time":120184.94,"fullname":"parallel/test-error-serdes","closingTestPoint":false}}]}