{"failedTests":[{"testName":"parallel/test-child-process-fork-exec-path","timestamp":1722542126611,"status":"FAILED","jobName":"node-test-binary-windows-js-suites","config":"node-test-binary-windows-js-suites » 1,win11-arm64-COMPILED_BY-vs2022-arm64 #29055","buildUrl":"https://ci.nodejs.org/job/node-test-binary-windows-js-suites/RUN_SUBSET=1,nodes=win11-arm64-COMPILED_BY-vs2022-arm64/29055/","buildNumber":29055,"builtOn":"test-azure_msft-win11_vs2022-arm64-5","nodeVersion":"23.0.0","commitHash":"99e5849fe051d4145c66607f95bfce7f86c1547f","callStack":[{"upstreamBuild":64515,"upstreamProject":"node-test-commit-windows-fanned","upstreamUrl":"job/node-test-commit-windows-fanned/"},{"upstreamBuild":72687,"upstreamProject":"node-test-commit","upstreamUrl":"job/node-test-commit/"},{"upstreamBuild":60806,"upstreamProject":"node-test-pull-request","upstreamUrl":"job/node-test-pull-request/"},{"prId":"54137"}],"tap":{"ok":false,"name":"parallel/test-child-process-fork-exec-path","id":126,"buffered":false,"tapError":null,"skip":false,"todo":false,"previous":null,"plan":null,"diag":{"severity":"fail","exitcode":1,"stack":"Can't clean tmpdir: d:\\workspace\\node-test-binary-windows-js-suites\\node\\test\\.tmp.112\nFiles blocking: [ 'node-copy.exe' ]\n\nd:\\workspace\\node-test-binary-windows-js-suites\\node\\test\\common\\tmpdir.js:69\n    throw e;\n    ^\n\nError: EPERM, Permission denied: \\\\?\\d:\\workspace\\node-test-binary-windows-js-suites\\node\\test\\.tmp.112 '\\\\?\\d:\\workspace\\node-test-binary-windows-js-suites\\node\\test\\.tmp.112'\n    at Object.rmSync (node:fs:1246:18)\n    at rmSync (d:\\workspace\\node-test-binary-windows-js-suites\\node\\test\\common\\tmpdir.js:20:8)\n    at onexit (d:\\workspace\\node-test-binary-windows-js-suites\\node\\test\\common\\tmpdir.js:54:5)\n    at process.<anonymous> (d:\\workspace\\node-test-binary-windows-js-suites\\node\\test\\common\\tmpdir.js:43:14)\n    at process.emit (node:events:532:35) {\n  errno: 1,\n  code: 'EPERM',\n  path: '\\\\\\\\?\\\\d:\\\\workspace\\\\node-test-binary-windows-js-suites\\\\node\\\\test\\\\.tmp.112',\n  syscall: 'rm'\n}\n\nNode.js v23.0.0-pre"},"time":3189.983,"fullname":"parallel/test-child-process-fork-exec-path","closingTestPoint":false}},{"testName":"parallel/test-error-serdes","timestamp":1722542126611,"status":"FAILED","jobName":"node-test-binary-windows-js-suites","config":"node-test-binary-windows-js-suites » 0,win2019-COMPILED_BY-vs2022 #29055","buildUrl":"https://ci.nodejs.org/job/node-test-binary-windows-js-suites/RUN_SUBSET=0,nodes=win2019-COMPILED_BY-vs2022/29055/","buildNumber":29055,"builtOn":"test-rackspace-win2019_vs2019-x64-2","nodeVersion":"23.0.0","commitHash":"99e5849fe051d4145c66607f95bfce7f86c1547f","callStack":[{"upstreamBuild":64515,"upstreamProject":"node-test-commit-windows-fanned","upstreamUrl":"job/node-test-commit-windows-fanned/"},{"upstreamBuild":72687,"upstreamProject":"node-test-commit","upstreamUrl":"job/node-test-commit/"},{"upstreamBuild":60806,"upstreamProject":"node-test-pull-request","upstreamUrl":"job/node-test-pull-request/"},{"prId":"54137"}],"tap":{"ok":false,"name":"parallel/test-error-serdes","id":949,"buffered":false,"tapError":null,"skip":false,"todo":": Fix flaky test","previous":null,"plan":null,"diag":{"severity":"fail","exitcode":1,"stack":"timeout"},"time":120178.989,"fullname":"parallel/test-error-serdes","closingTestPoint":false}}]}