{"failedTests":[{"testName":"parallel/test-module-loading-globalpaths","timestamp":1722574070903,"status":"REGRESSION","jobName":"node-test-binary-windows-js-suites","config":"node-test-binary-windows-js-suites » 3,win11-arm64-COMPILED_BY-vs2022-arm64 #29069","buildUrl":"https://ci.nodejs.org/job/node-test-binary-windows-js-suites/RUN_SUBSET=3,nodes=win11-arm64-COMPILED_BY-vs2022-arm64/29069/","buildNumber":29069,"builtOn":"test-azure_msft-win11_vs2022-arm64-5","nodeVersion":"23.0.0","commitHash":"1701a4b0fdb82ab95fd13b93b45925954db102d6","callStack":[{"upstreamBuild":64531,"upstreamProject":"node-test-commit-windows-fanned","upstreamUrl":"job/node-test-commit-windows-fanned/"},{"upstreamBuild":72698,"upstreamProject":"node-test-commit","upstreamUrl":"job/node-test-commit/"},{"upstreamBuild":60817,"upstreamProject":"node-test-pull-request","upstreamUrl":"job/node-test-pull-request/"},{"prId":"54164"}],"tap":{"ok":false,"name":"parallel/test-module-loading-globalpaths","id":606,"buffered":false,"tapError":null,"skip":false,"todo":false,"previous":null,"plan":null,"diag":{"severity":"fail","exitcode":1,"stack":"node:internal/modules/cjs/loader:1251\n  throw err;\n  ^\n\nError: Cannot find module 'foo'\nRequire stack:\n- d:\\workspace\\node-test-binary-windows-js-suites\\node\\test\\parallel\\test-module-loading-globalpaths.js\n    at Module._resolveFilename (node:internal/modules/cjs/loader:1248:15)\n    at Module._load (node:internal/modules/cjs/loader:1074:27)\n    at TracingChannel.traceSync (node:diagnostics_channel:315:14)\n    at wrapModuleLoad (node:internal/modules/cjs/loader:217:24)\n    at Module.require (node:internal/modules/cjs/loader:1339:12)\n    at require (node:internal/modules/helpers:125:16)\n    at Object.<anonymous> (d:\\workspace\\node-test-binary-windows-js-suites\\node\\test\\parallel\\test-module-loading-globalpaths.js:15:15)\n    at Module._compile (node:internal/modules/cjs/loader:1546:14)\n    at Module._extensions..js (node:internal/modules/cjs/loader:1691:10)\n    at Module.load (node:internal/modules/cjs/loader:1317:32) {\n  code: 'MODULE_NOT_FOUND',\n  requireStack: [\n    'd:\\\\workspace\\\\node-test-binary-windows-js-suites\\\\node\\\\test\\\\parallel\\\\test-module-loading-globalpaths.js'\n  ]\n}\n\nNode.js v23.0.0-pre\nCan't clean tmpdir: d:\\workspace\\node-test-binary-windows-js-suites\\node\\test\\.tmp.544\nFiles blocking: [ 'install' ]\n\nd:\\workspace\\node-test-binary-windows-js-suites\\node\\test\\common\\tmpdir.js:69\n    throw e;\n    ^\n\nError: EPERM, Permission denied: \\\\?\\d:\\workspace\\node-test-binary-windows-js-suites\\node\\test\\.tmp.544 '\\\\?\\d:\\workspace\\node-test-binary-windows-js-suites\\node\\test\\.tmp.544'\n    at Object.rmSync (node:fs:1246:18)\n    at rmSync (d:\\workspace\\node-test-binary-windows-js-suites\\node\\test\\common\\tmpdir.js:20:8)\n    at onexit (d:\\workspace\\node-test-binary-windows-js-suites\\node\\test\\common\\tmpdir.js:54:5)\n    at process.<anonymous> (d:\\workspace\\node-test-binary-windows-js-suites\\node\\test\\common\\tmpdir.js:43:14)\n    at process.emit (node:events:532:35) {\n  errno: 1,\n  code: 'EPERM',\n  path: '\\\\\\\\?\\\\d:\\\\workspace\\\\node-test-binary-windows-js-suites\\\\node\\\\test\\\\.tmp.544',\n  syscall: 'rm'\n}\n\nNode.js v23.0.0-pre"},"time":6900.983,"fullname":"parallel/test-module-loading-globalpaths","closingTestPoint":false}},{"testName":"parallel/test-error-serdes","timestamp":1722574070903,"status":"FAILED","jobName":"node-test-binary-windows-js-suites","config":"node-test-binary-windows-js-suites » 0,win11-COMPILED_BY-vs2022 #29069","buildUrl":"https://ci.nodejs.org/job/node-test-binary-windows-js-suites/RUN_SUBSET=0,nodes=win11-COMPILED_BY-vs2022/29069/","buildNumber":29069,"builtOn":"test-azure_msft-win11_vs2022-x64-3","nodeVersion":"23.0.0","commitHash":"1701a4b0fdb82ab95fd13b93b45925954db102d6","callStack":[{"upstreamBuild":64531,"upstreamProject":"node-test-commit-windows-fanned","upstreamUrl":"job/node-test-commit-windows-fanned/"},{"upstreamBuild":72698,"upstreamProject":"node-test-commit","upstreamUrl":"job/node-test-commit/"},{"upstreamBuild":60817,"upstreamProject":"node-test-pull-request","upstreamUrl":"job/node-test-pull-request/"},{"prId":"54164"}],"tap":{"ok":false,"name":"parallel/test-error-serdes","id":958,"buffered":false,"tapError":null,"skip":false,"todo":": Fix flaky test","previous":null,"plan":null,"diag":{"severity":"fail","exitcode":1,"stack":"timeout"},"time":120282.187,"fullname":"parallel/test-error-serdes","closingTestPoint":false}},{"testName":"parallel/test-child-process-fork-exec-path","timestamp":1722574070903,"status":"FAILED","jobName":"node-test-binary-windows-js-suites","config":"node-test-binary-windows-js-suites » 1,win11-arm64-COMPILED_BY-vs2022-arm64 #29069","buildUrl":"https://ci.nodejs.org/job/node-test-binary-windows-js-suites/RUN_SUBSET=1,nodes=win11-arm64-COMPILED_BY-vs2022-arm64/29069/","buildNumber":29069,"builtOn":"test-azure_msft-win11_vs2022-arm64-1","nodeVersion":"23.0.0","commitHash":"1701a4b0fdb82ab95fd13b93b45925954db102d6","callStack":[{"upstreamBuild":64531,"upstreamProject":"node-test-commit-windows-fanned","upstreamUrl":"job/node-test-commit-windows-fanned/"},{"upstreamBuild":72698,"upstreamProject":"node-test-commit","upstreamUrl":"job/node-test-commit/"},{"upstreamBuild":60817,"upstreamProject":"node-test-pull-request","upstreamUrl":"job/node-test-pull-request/"},{"prId":"54164"}],"tap":{"ok":false,"name":"parallel/test-child-process-fork-exec-path","id":123,"buffered":false,"tapError":null,"skip":false,"todo":false,"previous":null,"plan":null,"diag":{"severity":"fail","exitcode":1,"stack":"Can't clean tmpdir: d:\\workspace\\node-test-binary-windows-js-suites\\node\\test\\.tmp.112\nFiles blocking: [ 'node-copy.exe' ]\n\nd:\\workspace\\node-test-binary-windows-js-suites\\node\\test\\common\\tmpdir.js:69\n    throw e;\n    ^\n\nError: EPERM, Permission denied: \\\\?\\d:\\workspace\\node-test-binary-windows-js-suites\\node\\test\\.tmp.112 '\\\\?\\d:\\workspace\\node-test-binary-windows-js-suites\\node\\test\\.tmp.112'\n    at Object.rmSync (node:fs:1246:18)\n    at rmSync (d:\\workspace\\node-test-binary-windows-js-suites\\node\\test\\common\\tmpdir.js:20:8)\n    at onexit (d:\\workspace\\node-test-binary-windows-js-suites\\node\\test\\common\\tmpdir.js:54:5)\n    at process.<anonymous> (d:\\workspace\\node-test-binary-windows-js-suites\\node\\test\\common\\tmpdir.js:43:14)\n    at process.emit (node:events:532:35) {\n  errno: 1,\n  code: 'EPERM',\n  path: '\\\\\\\\?\\\\d:\\\\workspace\\\\node-test-binary-windows-js-suites\\\\node\\\\test\\\\.tmp.112',\n  syscall: 'rm'\n}\n\nNode.js v23.0.0-pre"},"time":3434.996,"fullname":"parallel/test-child-process-fork-exec-path","closingTestPoint":false}}]}