{"failedTests":[{"testName":"parallel/test-console-tty-colors","timestamp":1723035805921,"status":"REGRESSION","jobName":"node-test-binary-windows-js-suites","config":"node-test-binary-windows-js-suites » 1,win11-arm64-COMPILED_BY-vs2022-arm64 #29179","buildUrl":"https://ci.nodejs.org/job/node-test-binary-windows-js-suites/RUN_SUBSET=1,nodes=win11-arm64-COMPILED_BY-vs2022-arm64/29179/","buildNumber":29179,"builtOn":"test-azure_msft-win11_vs2022-arm64-1","nodeVersion":"23.0.0","commitHash":"553ffeb4fc0d25685a566d7771f6c0f13308baa5","callStack":[{"upstreamBuild":64656,"upstreamProject":"node-test-commit-windows-fanned","upstreamUrl":"job/node-test-commit-windows-fanned/"},{"upstreamBuild":72836,"upstreamProject":"node-test-commit","upstreamUrl":"job/node-test-commit/"},{"upstreamBuild":60933,"upstreamProject":"node-test-pull-request","upstreamUrl":"job/node-test-pull-request/"},{"prId":"54245"}],"tap":{"ok":false,"name":"parallel/test-console-tty-colors","id":160,"buffered":false,"tapError":null,"skip":false,"todo":false,"previous":null,"plan":null,"diag":{"severity":"fail","exitcode":1,"stack":"node:assert:644\n      throw err;\n      ^\n\nAssertionError [ERR_ASSERTION]: Expected values to be strictly deep-equal:\n+ actual - expected\n\n  Comparison {\n    code: 'ERR_INVALID_ARG_VALUE',\n+   message: \"The argument 'colorMode' must be one of: 'auto', true, false. Received 0\"\n-   message: \"The argument 'colorMode' is invalid. Received 0\"\n  }\n    at d:\\workspace\\node-test-binary-windows-js-suites\\node\\test\\parallel\\test-console-tty-colors.js:61:12\n    at Array.forEach (<anonymous>)\n    at Object.<anonymous> (d:\\workspace\\node-test-binary-windows-js-suites\\node\\test\\parallel\\test-console-tty-colors.js:59:39)\n    at Module._compile (node:internal/modules/cjs/loader:1546:14)\n    at Module._extensions..js (node:internal/modules/cjs/loader:1691:10)\n    at Module.load (node:internal/modules/cjs/loader:1317:32)\n    at Module._load (node:internal/modules/cjs/loader:1127:12)\n    at TracingChannel.traceSync (node:diagnostics_channel:315:14)\n    at wrapModuleLoad (node:internal/modules/cjs/loader:217:24)\n    at Function.executeUserEntryPoint [as runMain] (node:internal/modules/run_main:166:5) {\n  generatedMessage: true,\n  code: 'ERR_ASSERTION',\n  actual: TypeError [ERR_INVALID_ARG_VALUE]: The argument 'colorMode' must be one of: 'auto', true, false. Received 0\n      at new Console (node:internal/console/constructor:127:3)\n      at assert.throws.message (d:\\workspace\\node-test-binary-windows-js-suites\\node\\test\\parallel\\test-console-tty-colors.js:63:9)\n      at getActual (node:assert:765:5)\n      at Function.throws (node:assert:911:24)\n      at d:\\workspace\\node-test-binary-windows-js-suites\\node\\test\\parallel\\test-console-tty-colors.js:61:12\n      at Array.forEach (<anonymous>)\n      at Object.<anonymous> (d:\\workspace\\node-test-binary-windows-js-suites\\node\\test\\parallel\\test-console-tty-colors.js:59:39)\n      at Module._compile (node:internal/modules/cjs/loader:1546:14)\n      at Module._extensions..js (node:internal/modules/cjs/loader:1691:10)\n      at Module.load (node:internal/modules/cjs/loader:1317:32) {\n    code: 'ERR_INVALID_ARG_VALUE'\n  },\n  expected: {\n    message: \"The argument 'colorMode' is invalid. Received 0\",\n    code: 'ERR_INVALID_ARG_VALUE'\n  },\n  operator: 'throws'\n}\n\nNode.js v23.0.0-pre"},"time":275,"fullname":"parallel/test-console-tty-colors","closingTestPoint":false}},{"testName":"parallel/test-console-tty-colors","timestamp":1723035805921,"status":"REGRESSION","jobName":"node-test-binary-windows-js-suites","config":"node-test-binary-windows-js-suites » 2,win11-COMPILED_BY-vs2022 #29179","buildUrl":"https://ci.nodejs.org/job/node-test-binary-windows-js-suites/RUN_SUBSET=2,nodes=win11-COMPILED_BY-vs2022/29179/","buildNumber":29179,"builtOn":"test-azure_msft-win11_vs2022-x64-4","nodeVersion":"23.0.0","commitHash":"553ffeb4fc0d25685a566d7771f6c0f13308baa5","callStack":[{"upstreamBuild":64656,"upstreamProject":"node-test-commit-windows-fanned","upstreamUrl":"job/node-test-commit-windows-fanned/"},{"upstreamBuild":72836,"upstreamProject":"node-test-commit","upstreamUrl":"job/node-test-commit/"},{"upstreamBuild":60933,"upstreamProject":"node-test-pull-request","upstreamUrl":"job/node-test-pull-request/"},{"prId":"54245"}],"tap":{"ok":false,"name":"parallel/test-console-tty-colors","id":162,"buffered":false,"tapError":null,"skip":false,"todo":false,"previous":null,"plan":null,"diag":{"severity":"fail","exitcode":1,"stack":"node:assert:644\n      throw err;\n      ^\n\nAssertionError [ERR_ASSERTION]: Expected values to be strictly deep-equal:\n+ actual - expected\n\n  Comparison {\n    code: 'ERR_INVALID_ARG_VALUE',\n+   message: \"The argument 'colorMode' must be one of: 'auto', true, false. Received 0\"\n-   message: \"The argument 'colorMode' is invalid. Received 0\"\n  }\n    at c:\\workspace\\node-test-binary-windows-js-suites\\node\\test\\parallel\\test-console-tty-colors.js:61:12\n    at Array.forEach (<anonymous>)\n    at Object.<anonymous> (c:\\workspace\\node-test-binary-windows-js-suites\\node\\test\\parallel\\test-console-tty-colors.js:59:39)\n    at Module._compile (node:internal/modules/cjs/loader:1546:14)\n    at Module._extensions..js (node:internal/modules/cjs/loader:1691:10)\n    at Module.load (node:internal/modules/cjs/loader:1317:32)\n    at Module._load (node:internal/modules/cjs/loader:1127:12)\n    at TracingChannel.traceSync (node:diagnostics_channel:315:14)\n    at wrapModuleLoad (node:internal/modules/cjs/loader:217:24)\n    at Function.executeUserEntryPoint [as runMain] (node:internal/modules/run_main:166:5) {\n  generatedMessage: true,\n  code: 'ERR_ASSERTION',\n  actual: TypeError [ERR_INVALID_ARG_VALUE]: The argument 'colorMode' must be one of: 'auto', true, false. Received 0\n      at new Console (node:internal/console/constructor:127:3)\n      at assert.throws.message (c:\\workspace\\node-test-binary-windows-js-suites\\node\\test\\parallel\\test-console-tty-colors.js:63:9)\n      at getActual (node:assert:765:5)\n      at Function.throws (node:assert:911:24)\n      at c:\\workspace\\node-test-binary-windows-js-suites\\node\\test\\parallel\\test-console-tty-colors.js:61:12\n      at Array.forEach (<anonymous>)\n      at Object.<anonymous> (c:\\workspace\\node-test-binary-windows-js-suites\\node\\test\\parallel\\test-console-tty-colors.js:59:39)\n      at Module._compile (node:internal/modules/cjs/loader:1546:14)\n      at Module._extensions..js (node:internal/modules/cjs/loader:1691:10)\n      at Module.load (node:internal/modules/cjs/loader:1317:32) {\n    code: 'ERR_INVALID_ARG_VALUE'\n  },\n  expected: {\n    message: \"The argument 'colorMode' is invalid. Received 0\",\n    code: 'ERR_INVALID_ARG_VALUE'\n  },\n  operator: 'throws'\n}\n\nNode.js v23.0.0-pre"},"time":212.005,"fullname":"parallel/test-console-tty-colors","closingTestPoint":false}},{"testName":"parallel/test-console-tty-colors","timestamp":1723035805921,"status":"REGRESSION","jobName":"node-test-binary-windows-js-suites","config":"node-test-binary-windows-js-suites » 2,win10-COMPILED_BY-vs2022 #29179","buildUrl":"https://ci.nodejs.org/job/node-test-binary-windows-js-suites/RUN_SUBSET=2,nodes=win10-COMPILED_BY-vs2022/29179/","buildNumber":29179,"builtOn":"test-azure_msft-win10_vs2019-x64-2","nodeVersion":"23.0.0","commitHash":"553ffeb4fc0d25685a566d7771f6c0f13308baa5","callStack":[{"upstreamBuild":64656,"upstreamProject":"node-test-commit-windows-fanned","upstreamUrl":"job/node-test-commit-windows-fanned/"},{"upstreamBuild":72836,"upstreamProject":"node-test-commit","upstreamUrl":"job/node-test-commit/"},{"upstreamBuild":60933,"upstreamProject":"node-test-pull-request","upstreamUrl":"job/node-test-pull-request/"},{"prId":"54245"}],"tap":{"ok":false,"name":"parallel/test-console-tty-colors","id":162,"buffered":false,"tapError":null,"skip":false,"todo":false,"previous":null,"plan":null,"diag":{"severity":"fail","exitcode":1,"stack":"node:assert:644\n      throw err;\n      ^\n\nAssertionError [ERR_ASSERTION]: Expected values to be strictly deep-equal:\n+ actual - expected\n\n  Comparison {\n    code: 'ERR_INVALID_ARG_VALUE',\n+   message: \"The argument 'colorMode' must be one of: 'auto', true, false. Received 0\"\n-   message: \"The argument 'colorMode' is invalid. Received 0\"\n  }\n    at c:\\workspace\\node-test-binary-windows-js-suites\\node\\test\\parallel\\test-console-tty-colors.js:61:12\n    at Array.forEach (<anonymous>)\n    at Object.<anonymous> (c:\\workspace\\node-test-binary-windows-js-suites\\node\\test\\parallel\\test-console-tty-colors.js:59:39)\n    at Module._compile (node:internal/modules/cjs/loader:1546:14)\n    at Module._extensions..js (node:internal/modules/cjs/loader:1691:10)\n    at Module.load (node:internal/modules/cjs/loader:1317:32)\n    at Module._load (node:internal/modules/cjs/loader:1127:12)\n    at TracingChannel.traceSync (node:diagnostics_channel:315:14)\n    at wrapModuleLoad (node:internal/modules/cjs/loader:217:24)\n    at Function.executeUserEntryPoint [as runMain] (node:internal/modules/run_main:166:5) {\n  generatedMessage: true,\n  code: 'ERR_ASSERTION',\n  actual: TypeError [ERR_INVALID_ARG_VALUE]: The argument 'colorMode' must be one of: 'auto', true, false. Received 0\n      at new Console (node:internal/console/constructor:127:3)\n      at assert.throws.message (c:\\workspace\\node-test-binary-windows-js-suites\\node\\test\\parallel\\test-console-tty-colors.js:63:9)\n      at getActual (node:assert:765:5)\n      at Function.throws (node:assert:911:24)\n      at c:\\workspace\\node-test-binary-windows-js-suites\\node\\test\\parallel\\test-console-tty-colors.js:61:12\n      at Array.forEach (<anonymous>)\n      at Object.<anonymous> (c:\\workspace\\node-test-binary-windows-js-suites\\node\\test\\parallel\\test-console-tty-colors.js:59:39)\n      at Module._compile (node:internal/modules/cjs/loader:1546:14)\n      at Module._extensions..js (node:internal/modules/cjs/loader:1691:10)\n      at Module.load (node:internal/modules/cjs/loader:1317:32) {\n    code: 'ERR_INVALID_ARG_VALUE'\n  },\n  expected: {\n    message: \"The argument 'colorMode' is invalid. Received 0\",\n    code: 'ERR_INVALID_ARG_VALUE'\n  },\n  operator: 'throws'\n}\n\nNode.js v23.0.0-pre"},"time":169.998,"fullname":"parallel/test-console-tty-colors","closingTestPoint":false}},{"testName":"parallel/test-console-tty-colors","timestamp":1723035805921,"status":"REGRESSION","jobName":"node-test-binary-windows-js-suites","config":"node-test-binary-windows-js-suites » 2,win2019-COMPILED_BY-vs2022 #29179","buildUrl":"https://ci.nodejs.org/job/node-test-binary-windows-js-suites/RUN_SUBSET=2,nodes=win2019-COMPILED_BY-vs2022/29179/","buildNumber":29179,"builtOn":"test-rackspace-win2019_vs2019-x64-2","nodeVersion":"23.0.0","commitHash":"553ffeb4fc0d25685a566d7771f6c0f13308baa5","callStack":[{"upstreamBuild":64656,"upstreamProject":"node-test-commit-windows-fanned","upstreamUrl":"job/node-test-commit-windows-fanned/"},{"upstreamBuild":72836,"upstreamProject":"node-test-commit","upstreamUrl":"job/node-test-commit/"},{"upstreamBuild":60933,"upstreamProject":"node-test-pull-request","upstreamUrl":"job/node-test-pull-request/"},{"prId":"54245"}],"tap":{"ok":false,"name":"parallel/test-console-tty-colors","id":161,"buffered":false,"tapError":null,"skip":false,"todo":false,"previous":null,"plan":null,"diag":{"severity":"fail","exitcode":1,"stack":"node:assert:644\n      throw err;\n      ^\n\nAssertionError [ERR_ASSERTION]: Expected values to be strictly deep-equal:\n+ actual - expected\n\n  Comparison {\n    code: 'ERR_INVALID_ARG_VALUE',\n+   message: \"The argument 'colorMode' must be one of: 'auto', true, false. Received 0\"\n-   message: \"The argument 'colorMode' is invalid. Received 0\"\n  }\n    at C:\\workspace\\node-test-binary-windows-js-suites\\node\\test\\parallel\\test-console-tty-colors.js:61:12\n    at Array.forEach (<anonymous>)\n    at Object.<anonymous> (C:\\workspace\\node-test-binary-windows-js-suites\\node\\test\\parallel\\test-console-tty-colors.js:59:39)\n    at Module._compile (node:internal/modules/cjs/loader:1546:14)\n    at Module._extensions..js (node:internal/modules/cjs/loader:1691:10)\n    at Module.load (node:internal/modules/cjs/loader:1317:32)\n    at Module._load (node:internal/modules/cjs/loader:1127:12)\n    at TracingChannel.traceSync (node:diagnostics_channel:315:14)\n    at wrapModuleLoad (node:internal/modules/cjs/loader:217:24)\n    at Function.executeUserEntryPoint [as runMain] (node:internal/modules/run_main:166:5) {\n  generatedMessage: true,\n  code: 'ERR_ASSERTION',\n  actual: TypeError [ERR_INVALID_ARG_VALUE]: The argument 'colorMode' must be one of: 'auto', true, false. Received 0\n      at new Console (node:internal/console/constructor:127:3)\n      at assert.throws.message (C:\\workspace\\node-test-binary-windows-js-suites\\node\\test\\parallel\\test-console-tty-colors.js:63:9)\n      at getActual (node:assert:765:5)\n      at Function.throws (node:assert:911:24)\n      at C:\\workspace\\node-test-binary-windows-js-suites\\node\\test\\parallel\\test-console-tty-colors.js:61:12\n      at Array.forEach (<anonymous>)\n      at Object.<anonymous> (C:\\workspace\\node-test-binary-windows-js-suites\\node\\test\\parallel\\test-console-tty-colors.js:59:39)\n      at Module._compile (node:internal/modules/cjs/loader:1546:14)\n      at Module._extensions..js (node:internal/modules/cjs/loader:1691:10)\n      at Module.load (node:internal/modules/cjs/loader:1317:32) {\n    code: 'ERR_INVALID_ARG_VALUE'\n  },\n  expected: {\n    message: \"The argument 'colorMode' is invalid. Received 0\",\n    code: 'ERR_INVALID_ARG_VALUE'\n  },\n  operator: 'throws'\n}\n\nNode.js v23.0.0-pre"},"time":305.52,"fullname":"parallel/test-console-tty-colors","closingTestPoint":false}},{"testName":"parallel/test-console-tty-colors","timestamp":1723035805921,"status":"REGRESSION","jobName":"node-test-binary-windows-js-suites","config":"node-test-binary-windows-js-suites » 2,win2022-COMPILED_BY-vs2022 #29179","buildUrl":"https://ci.nodejs.org/job/node-test-binary-windows-js-suites/RUN_SUBSET=2,nodes=win2022-COMPILED_BY-vs2022/29179/","buildNumber":29179,"builtOn":"test-rackspace-win2022_vs2022-x64-4","nodeVersion":"23.0.0","commitHash":"553ffeb4fc0d25685a566d7771f6c0f13308baa5","callStack":[{"upstreamBuild":64656,"upstreamProject":"node-test-commit-windows-fanned","upstreamUrl":"job/node-test-commit-windows-fanned/"},{"upstreamBuild":72836,"upstreamProject":"node-test-commit","upstreamUrl":"job/node-test-commit/"},{"upstreamBuild":60933,"upstreamProject":"node-test-pull-request","upstreamUrl":"job/node-test-pull-request/"},{"prId":"54245"}],"tap":{"ok":false,"name":"parallel/test-console-tty-colors","id":162,"buffered":false,"tapError":null,"skip":false,"todo":false,"previous":null,"plan":null,"diag":{"severity":"fail","exitcode":1,"stack":"node:assert:644\n      throw err;\n      ^\n\nAssertionError [ERR_ASSERTION]: Expected values to be strictly deep-equal:\n+ actual - expected\n\n  Comparison {\n    code: 'ERR_INVALID_ARG_VALUE',\n+   message: \"The argument 'colorMode' must be one of: 'auto', true, false. Received 0\"\n-   message: \"The argument 'colorMode' is invalid. Received 0\"\n  }\n    at C:\\workspace\\node-test-binary-windows-js-suites\\node\\test\\parallel\\test-console-tty-colors.js:61:12\n    at Array.forEach (<anonymous>)\n    at Object.<anonymous> (C:\\workspace\\node-test-binary-windows-js-suites\\node\\test\\parallel\\test-console-tty-colors.js:59:39)\n    at Module._compile (node:internal/modules/cjs/loader:1546:14)\n    at Module._extensions..js (node:internal/modules/cjs/loader:1691:10)\n    at Module.load (node:internal/modules/cjs/loader:1317:32)\n    at Module._load (node:internal/modules/cjs/loader:1127:12)\n    at TracingChannel.traceSync (node:diagnostics_channel:315:14)\n    at wrapModuleLoad (node:internal/modules/cjs/loader:217:24)\n    at Function.executeUserEntryPoint [as runMain] (node:internal/modules/run_main:166:5) {\n  generatedMessage: true,\n  code: 'ERR_ASSERTION',\n  actual: TypeError [ERR_INVALID_ARG_VALUE]: The argument 'colorMode' must be one of: 'auto', true, false. Received 0\n      at new Console (node:internal/console/constructor:127:3)\n      at assert.throws.message (C:\\workspace\\node-test-binary-windows-js-suites\\node\\test\\parallel\\test-console-tty-colors.js:63:9)\n      at getActual (node:assert:765:5)\n      at Function.throws (node:assert:911:24)\n      at C:\\workspace\\node-test-binary-windows-js-suites\\node\\test\\parallel\\test-console-tty-colors.js:61:12\n      at Array.forEach (<anonymous>)\n      at Object.<anonymous> (C:\\workspace\\node-test-binary-windows-js-suites\\node\\test\\parallel\\test-console-tty-colors.js:59:39)\n      at Module._compile (node:internal/modules/cjs/loader:1546:14)\n      at Module._extensions..js (node:internal/modules/cjs/loader:1691:10)\n      at Module.load (node:internal/modules/cjs/loader:1317:32) {\n    code: 'ERR_INVALID_ARG_VALUE'\n  },\n  expected: {\n    message: \"The argument 'colorMode' is invalid. Received 0\",\n    code: 'ERR_INVALID_ARG_VALUE'\n  },\n  operator: 'throws'\n}\n\nNode.js v23.0.0-pre"},"time":375.006,"fullname":"parallel/test-console-tty-colors","closingTestPoint":false}}]}