{"failedTests":[{"testName":"es-module/test-typescript-transform","timestamp":1723288854683,"status":"FAILED","jobName":"node-test-binary-windows-js-suites","config":"node-test-binary-windows-js-suites » 2,win11-arm64-COMPILED_BY-vs2022-arm64 #29225","buildUrl":"https://ci.nodejs.org/job/node-test-binary-windows-js-suites/RUN_SUBSET=2,nodes=win11-arm64-COMPILED_BY-vs2022-arm64/29225/","buildNumber":29225,"builtOn":"test-azure_msft-win11_vs2022-arm64-5","nodeVersion":"23.0.0","commitHash":"66a5af3734486f1d0c0f11061b31a755247a7503","callStack":[{"upstreamBuild":64710,"upstreamProject":"node-test-commit-windows-fanned","upstreamUrl":"job/node-test-commit-windows-fanned/"},{"upstreamBuild":72914,"upstreamProject":"node-test-commit","upstreamUrl":"job/node-test-commit/"},{"upstreamBuild":61001,"upstreamProject":"node-test-pull-request","upstreamUrl":"job/node-test-pull-request/"},{"prId":"54283"}],"tap":{"ok":false,"name":"es-module/test-typescript-transform","id":107,"buffered":false,"tapError":null,"skip":false,"todo":false,"previous":null,"plan":null,"diag":{"severity":"fail","exitcode":1,"stack":"TAP version 13\n# Subtest: execute a TypeScript file with transformation enabled\nok 1 - execute a TypeScript file with transformation enabled\n  ---\n  duration_ms: 328.9545\n  ...\n# Subtest: reconstruct error of a TypeScript file with transformation enabled and sourcemaps\nok 2 - reconstruct error of a TypeScript file with transformation enabled and sourcemaps\n  ---\n  duration_ms: 341.6925\n  ...\n# Subtest: reconstruct error of a complex TypeScript file with transformation enabled and sourcemaps\nnot ok 3 - reconstruct error of a complex TypeScript file with transformation enabled and sourcemaps\n  ---\n  duration_ms: 280.2234\n  location: 'd:\\\\workspace\\\\node-test-binary-windows-js-suites\\\\node\\\\test\\\\es-module\\\\test-typescript-transform.mjs:32:1'\n  failureType: 'testCodeFailure'\n  error: |-\n    The input did not match the regular expression /Calculation failed: Division by zero!/. Input:\n    \n    ''\n    \n  code: 'ERR_ASSERTION'\n  name: 'AssertionError'\n  expected:\n  actual: ''\n  operator: 'match'\n  stack: |-\n    TestContext.<anonymous> (file:///d:/workspace/node-test-binary-windows-js-suites/node/test/es-module/test-typescript-transform.mjs:39:3)\n    process.processTicksAndRejections (node:internal/process/task_queues:105:5)\n    async Test.run (node:internal/test_runner/test:863:9)\n    async Test.processPendingSubtests (node:internal/test_runner/test:574:7)\n  ...\n# Subtest: reconstruct error of a complex TypeScript file with transformation enabled without sourcemaps\nnot ok 4 - reconstruct error of a complex TypeScript file with transformation enabled without sourcemaps\n  ---\n  duration_ms: 275.3301\n  location: 'd:\\\\workspace\\\\node-test-binary-windows-js-suites\\\\node\\\\test\\\\es-module\\\\test-typescript-transform.mjs:46:1'\n  failureType: 'testCodeFailure'\n  error: |-\n    The input did not match the regular expression /Calculation failed: Division by zero!/. Input:\n    \n    ''\n    \n  code: 'ERR_ASSERTION'\n  name: 'AssertionError'\n  expected:\n  actual: ''\n  operator: 'match'\n  stack: |-\n    TestContext.<anonymous> (file:///d:/workspace/node-test-binary-windows-js-suites/node/test/es-module/test-typescript-transform.mjs:54:3)\n    process.processTicksAndRejections (node:internal/process/task_queues:105:5)\n    async Test.run (node:internal/test_runner/test:863:9)\n    async Test.processPendingSubtests (node:internal/test_runner/test:574:7)\n  ...\n# Subtest: should not elide unused imports\nok 5 - should not elide unused imports\n  ---\n  duration_ms: 305.0622\n  ...\n# Subtest: execute a TypeScript file with namespace\nok 6 - execute a TypeScript file with namespace\n  ---\n  duration_ms: 315.1347\n  ...\n# Subtest: execute a TypeScript file with decorator\nok 7 - execute a TypeScript file with decorator\n  ---\n  duration_ms: 320.7093\n  ...\n# Subtest: execute a TypeScript file with legacy-module\nok 8 - execute a TypeScript file with legacy-module\n  ---\n  duration_ms: 304.5584\n  ...\n# Subtest: execute a TypeScript file with modern typescript syntax\nok 9 - execute a TypeScript file with modern typescript syntax\n  ---\n  duration_ms: 334.6614\n  ...\n1..9\n# tests 9\n# suites 0\n# pass 7\n# fail 2\n# cancelled 0\n# skipped 0\n# todo 0\n# duration_ms 2820.8639"},"time":3268.998,"fullname":"es-module/test-typescript-transform","closingTestPoint":false}},{"testName":"test/None","timestamp":1723288854683,"status":"FAILED","jobName":"node-test-binary-windows-js-suites","config":"node-test-binary-windows-js-suites » 2,win11-arm64-COMPILED_BY-vs2022-arm64 #29225","buildUrl":"https://ci.nodejs.org/job/node-test-binary-windows-js-suites/RUN_SUBSET=2,nodes=win11-arm64-COMPILED_BY-vs2022-arm64/29225/","buildNumber":29225,"builtOn":"test-azure_msft-win11_vs2022-arm64-5","nodeVersion":"23.0.0","commitHash":"66a5af3734486f1d0c0f11061b31a755247a7503","callStack":[{"upstreamBuild":64710,"upstreamProject":"node-test-commit-windows-fanned","upstreamUrl":"job/node-test-commit-windows-fanned/"},{"upstreamBuild":72914,"upstreamProject":"node-test-commit","upstreamUrl":"job/node-test-commit/"},{"upstreamBuild":61001,"upstreamProject":"node-test-pull-request","upstreamUrl":"job/node-test-pull-request/"},{"prId":"54283"}],"tap":null},{"testName":"test/- reconstruct error of a complex TypeScript file with transformation enabled and sourcemaps","timestamp":1723288854683,"status":"FAILED","jobName":"node-test-binary-windows-js-suites","config":"node-test-binary-windows-js-suites » 2,win11-arm64-COMPILED_BY-vs2022-arm64 #29225","buildUrl":"https://ci.nodejs.org/job/node-test-binary-windows-js-suites/RUN_SUBSET=2,nodes=win11-arm64-COMPILED_BY-vs2022-arm64/29225/","buildNumber":29225,"builtOn":"test-azure_msft-win11_vs2022-arm64-5","nodeVersion":"23.0.0","commitHash":"66a5af3734486f1d0c0f11061b31a755247a7503","callStack":[{"upstreamBuild":64710,"upstreamProject":"node-test-commit-windows-fanned","upstreamUrl":"job/node-test-commit-windows-fanned/"},{"upstreamBuild":72914,"upstreamProject":"node-test-commit","upstreamUrl":"job/node-test-commit/"},{"upstreamBuild":61001,"upstreamProject":"node-test-pull-request","upstreamUrl":"job/node-test-pull-request/"},{"prId":"54283"}],"tap":null},{"testName":"test/- reconstruct error of a complex TypeScript file with transformation enabled without sourcemaps","timestamp":1723288854683,"status":"FAILED","jobName":"node-test-binary-windows-js-suites","config":"node-test-binary-windows-js-suites » 2,win11-arm64-COMPILED_BY-vs2022-arm64 #29225","buildUrl":"https://ci.nodejs.org/job/node-test-binary-windows-js-suites/RUN_SUBSET=2,nodes=win11-arm64-COMPILED_BY-vs2022-arm64/29225/","buildNumber":29225,"builtOn":"test-azure_msft-win11_vs2022-arm64-5","nodeVersion":"23.0.0","commitHash":"66a5af3734486f1d0c0f11061b31a755247a7503","callStack":[{"upstreamBuild":64710,"upstreamProject":"node-test-commit-windows-fanned","upstreamUrl":"job/node-test-commit-windows-fanned/"},{"upstreamBuild":72914,"upstreamProject":"node-test-commit","upstreamUrl":"job/node-test-commit/"},{"upstreamBuild":61001,"upstreamProject":"node-test-pull-request","upstreamUrl":"job/node-test-pull-request/"},{"prId":"54283"}],"tap":null}]}