{"failedTests":[{"testName":"parallel/test-fs-sir-writes-alot","timestamp":1723741041520,"status":"FAILED","jobName":"node-test-binary-windows-js-suites","config":"node-test-binary-windows-js-suites » 3,win2019-COMPILED_BY-vs2022 #29313","buildUrl":"https://ci.nodejs.org/job/node-test-binary-windows-js-suites/RUN_SUBSET=3,nodes=win2019-COMPILED_BY-vs2022/29313/","buildNumber":29313,"builtOn":"test-rackspace-win2019_vs2019-x64-1","nodeVersion":"23.0.0","commitHash":"7599df031f8e293c08f41312678c82fe3209c7e8","callStack":[{"upstreamBuild":64805,"upstreamProject":"node-test-commit-windows-fanned","upstreamUrl":"job/node-test-commit-windows-fanned/"},{"upstreamBuild":73067,"upstreamProject":"node-test-commit","upstreamUrl":"job/node-test-commit/"},{"upstreamBuild":61138,"upstreamProject":"node-test-pull-request","upstreamUrl":"job/node-test-pull-request/"},{"prId":"54374"}],"tap":{"ok":false,"name":"parallel/test-fs-sir-writes-alot","id":313,"buffered":false,"tapError":null,"skip":false,"todo":false,"previous":null,"plan":null,"diag":{"severity":"fail","exitcode":1,"stack":"C:\\workspace\\node-test-binary-windows-js-suites\\node\\test\\parallel\\test-fs-sir-writes-alot.js:60\n      throw new Error(`invalid char ${i},${b[i]}`);\n      ^\n\nError: invalid char 28950,94\n    at ReadStream.testBuffer (C:\\workspace\\node-test-binary-windows-js-suites\\node\\test\\parallel\\test-fs-sir-writes-alot.js:60:13)\n    at ReadStream.emit (node:events:520:28)\n    at addChunk (node:internal/streams/readable:559:12)\n    at readableAddChunkPushByteMode (node:internal/streams/readable:510:3)\n    at Readable.push (node:internal/streams/readable:390:5)\n    at node:internal/fs/streams:289:14\n    at FSReqCallback.wrapper [as oncomplete] (node:fs:671:5)\n\nNode.js v23.0.0-pre"},"time":612.019,"fullname":"parallel/test-fs-sir-writes-alot","closingTestPoint":false}},{"testName":"parallel/test-stream-pipeline","timestamp":1723741041520,"status":"FAILED","jobName":"node-test-binary-windows-js-suites","config":"node-test-binary-windows-js-suites » 3,win2019-COMPILED_BY-vs2022 #29313","buildUrl":"https://ci.nodejs.org/job/node-test-binary-windows-js-suites/RUN_SUBSET=3,nodes=win2019-COMPILED_BY-vs2022/29313/","buildNumber":29313,"builtOn":"test-rackspace-win2019_vs2019-x64-1","nodeVersion":"23.0.0","commitHash":"7599df031f8e293c08f41312678c82fe3209c7e8","callStack":[{"upstreamBuild":64805,"upstreamProject":"node-test-commit-windows-fanned","upstreamUrl":"job/node-test-commit-windows-fanned/"},{"upstreamBuild":73067,"upstreamProject":"node-test-commit","upstreamUrl":"job/node-test-commit/"},{"upstreamBuild":61138,"upstreamProject":"node-test-pull-request","upstreamUrl":"job/node-test-pull-request/"},{"prId":"54374"}],"tap":{"ok":false,"name":"parallel/test-stream-pipeline","id":732,"buffered":false,"tapError":null,"skip":false,"todo":false,"previous":null,"plan":null,"diag":{"severity":"fail","exitcode":1,"stack":"node:assert:126\n  throw new AssertionError(obj);\n  ^\n\nAssertionError [ERR_ASSERTION]: Expected values to be strictly equal:\n+ actual - expected\n\n+ '\\x00\\x00\\x00\\x00\\x00\\x00\\x00\\x00\\x00\\x00\\x00\\x00\\x00\\x00\\x00\\x00\\x00\\x00\\x00\\x00\\x00\\x00\\x00\\x00\\x00\\x00\\x00\\x00\\x00\\x00\\x00\\x00\\x07\\x00\\x00\\x00\\x00\\x00\\x00\\x008)Bz[\\x02\\x00\\x00'\n- 'Hello World!'\n    at C:\\workspace\\node-test-binary-windows-js-suites\\node\\test\\parallel\\test-stream-pipeline.js:1459:12\n    at C:\\workspace\\node-test-binary-windows-js-suites\\node\\test\\common\\index.js:453:17\n    at C:\\workspace\\node-test-binary-windows-js-suites\\node\\test\\common\\index.js:488:15\n    at node:internal/util:545:20\n    at process.processTicksAndRejections (node:internal/process/task_queues:90:21) {\n  generatedMessage: true,\n  code: 'ERR_ASSERTION',\n  actual: '\\x00\\x00\\x00\\x00\\x00\\x00\\x00\\x00\\x00\\x00\\x00\\x00\\x00\\x00\\x00\\x00\\x00\\x00\\x00\\x00\\x00\\x00\\x00\\x00\\x00\\x00\\x00\\x00\\x00\\x00\\x00\\x00\\x07\\x00\\x00\\x00\\x00\\x00\\x00\\x008)Bz[\\x02\\x00\\x00',\n  expected: 'Hello World!',\n  operator: 'strictEqual'\n}\n\nNode.js v23.0.0-pre"},"time":737.023,"fullname":"parallel/test-stream-pipeline","closingTestPoint":false}},{"testName":"test/Test 1008 missing","timestamp":1723741041520,"status":"FAILED","jobName":"node-test-binary-windows-js-suites","config":"node-test-binary-windows-js-suites » 0,win10-COMPILED_BY-vs2022 #29313","buildUrl":"https://ci.nodejs.org/job/node-test-binary-windows-js-suites/RUN_SUBSET=0,nodes=win10-COMPILED_BY-vs2022/29313/","buildNumber":29313,"builtOn":"test-azure_msft-win10_vs2019-x64-1","nodeVersion":"23.0.0","commitHash":"7599df031f8e293c08f41312678c82fe3209c7e8","callStack":[{"upstreamBuild":64805,"upstreamProject":"node-test-commit-windows-fanned","upstreamUrl":"job/node-test-commit-windows-fanned/"},{"upstreamBuild":73067,"upstreamProject":"node-test-commit","upstreamUrl":"job/node-test-commit/"},{"upstreamBuild":61138,"upstreamProject":"node-test-pull-request","upstreamUrl":"job/node-test-pull-request/"},{"prId":"54374"}],"tap":null},{"testName":"test/Test 1008 missing","timestamp":1723741041520,"status":"FAILED","jobName":"node-test-binary-windows-js-suites","config":"node-test-binary-windows-js-suites » 0,win2022-COMPILED_BY-vs2022 #29313","buildUrl":"https://ci.nodejs.org/job/node-test-binary-windows-js-suites/RUN_SUBSET=0,nodes=win2022-COMPILED_BY-vs2022/29313/","buildNumber":29313,"builtOn":"test-rackspace-win2022_vs2022-x64-2","nodeVersion":"23.0.0","commitHash":"7599df031f8e293c08f41312678c82fe3209c7e8","callStack":[{"upstreamBuild":64805,"upstreamProject":"node-test-commit-windows-fanned","upstreamUrl":"job/node-test-commit-windows-fanned/"},{"upstreamBuild":73067,"upstreamProject":"node-test-commit","upstreamUrl":"job/node-test-commit/"},{"upstreamBuild":61138,"upstreamProject":"node-test-pull-request","upstreamUrl":"job/node-test-pull-request/"},{"prId":"54374"}],"tap":null},{"testName":"test/Test 1008 missing","timestamp":1723741041520,"status":"FAILED","jobName":"node-test-binary-windows-js-suites","config":"node-test-binary-windows-js-suites » 0,win11-COMPILED_BY-vs2022 #29313","buildUrl":"https://ci.nodejs.org/job/node-test-binary-windows-js-suites/RUN_SUBSET=0,nodes=win11-COMPILED_BY-vs2022/29313/","buildNumber":29313,"builtOn":"test-azure_msft-win11_vs2022-x64-1","nodeVersion":"23.0.0","commitHash":"7599df031f8e293c08f41312678c82fe3209c7e8","callStack":[{"upstreamBuild":64805,"upstreamProject":"node-test-commit-windows-fanned","upstreamUrl":"job/node-test-commit-windows-fanned/"},{"upstreamBuild":73067,"upstreamProject":"node-test-commit","upstreamUrl":"job/node-test-commit/"},{"upstreamBuild":61138,"upstreamProject":"node-test-pull-request","upstreamUrl":"job/node-test-pull-request/"},{"prId":"54374"}],"tap":null},{"testName":"test/Test 1008 missing","timestamp":1723741041520,"status":"FAILED","jobName":"node-test-binary-windows-js-suites","config":"node-test-binary-windows-js-suites » 0,win2019-COMPILED_BY-vs2022 #29313","buildUrl":"https://ci.nodejs.org/job/node-test-binary-windows-js-suites/RUN_SUBSET=0,nodes=win2019-COMPILED_BY-vs2022/29313/","buildNumber":29313,"builtOn":"test-rackspace-win2019_vs2019-x64-2","nodeVersion":"23.0.0","commitHash":"7599df031f8e293c08f41312678c82fe3209c7e8","callStack":[{"upstreamBuild":64805,"upstreamProject":"node-test-commit-windows-fanned","upstreamUrl":"job/node-test-commit-windows-fanned/"},{"upstreamBuild":73067,"upstreamProject":"node-test-commit","upstreamUrl":"job/node-test-commit/"},{"upstreamBuild":61138,"upstreamProject":"node-test-pull-request","upstreamUrl":"job/node-test-pull-request/"},{"prId":"54374"}],"tap":null},{"testName":"test/Test 1007 missing","timestamp":1723741041520,"status":"FAILED","jobName":"node-test-binary-windows-js-suites","config":"node-test-binary-windows-js-suites » 1,win11-arm64-COMPILED_BY-vs2022-arm64 #29313","buildUrl":"https://ci.nodejs.org/job/node-test-binary-windows-js-suites/RUN_SUBSET=1,nodes=win11-arm64-COMPILED_BY-vs2022-arm64/29313/","buildNumber":29313,"builtOn":"test-azure_msft-win11_vs2022-arm64-3","nodeVersion":"23.0.0","commitHash":"7599df031f8e293c08f41312678c82fe3209c7e8","callStack":[{"upstreamBuild":64805,"upstreamProject":"node-test-commit-windows-fanned","upstreamUrl":"job/node-test-commit-windows-fanned/"},{"upstreamBuild":73067,"upstreamProject":"node-test-commit","upstreamUrl":"job/node-test-commit/"},{"upstreamBuild":61138,"upstreamProject":"node-test-pull-request","upstreamUrl":"job/node-test-pull-request/"},{"prId":"54374"}],"tap":null},{"testName":"parallel/test-fs-sir-writes-alot","timestamp":1723741041520,"status":"FAILED","jobName":"node-test-binary-windows-js-suites","config":"node-test-binary-windows-js-suites » 3,win10-COMPILED_BY-vs2022 #29313","buildUrl":"https://ci.nodejs.org/job/node-test-binary-windows-js-suites/RUN_SUBSET=3,nodes=win10-COMPILED_BY-vs2022/29313/","buildNumber":29313,"builtOn":"test-azure_msft-win10_vs2019-x64-4","nodeVersion":"23.0.0","commitHash":"7599df031f8e293c08f41312678c82fe3209c7e8","callStack":[{"upstreamBuild":64805,"upstreamProject":"node-test-commit-windows-fanned","upstreamUrl":"job/node-test-commit-windows-fanned/"},{"upstreamBuild":73067,"upstreamProject":"node-test-commit","upstreamUrl":"job/node-test-commit/"},{"upstreamBuild":61138,"upstreamProject":"node-test-pull-request","upstreamUrl":"job/node-test-pull-request/"},{"prId":"54374"}],"tap":{"ok":false,"name":"parallel/test-fs-sir-writes-alot","id":313,"buffered":false,"tapError":null,"skip":false,"todo":false,"previous":null,"plan":null,"diag":{"severity":"fail","exitcode":1,"stack":"c:\\workspace\\node-test-binary-windows-js-suites\\node\\test\\parallel\\test-fs-sir-writes-alot.js:60\n      throw new Error(`invalid char ${i},${b[i]}`);\n      ^\n\nError: invalid char 58269,145\n    at ReadStream.testBuffer (c:\\workspace\\node-test-binary-windows-js-suites\\node\\test\\parallel\\test-fs-sir-writes-alot.js:60:13)\n    at ReadStream.emit (node:events:520:28)\n    at addChunk (node:internal/streams/readable:559:12)\n    at readableAddChunkPushByteMode (node:internal/streams/readable:510:3)\n    at Readable.push (node:internal/streams/readable:390:5)\n    at node:internal/fs/streams:289:14\n    at FSReqCallback.wrapper [as oncomplete] (node:fs:671:5)\n\nNode.js v23.0.0-pre"},"time":239,"fullname":"parallel/test-fs-sir-writes-alot","closingTestPoint":false}},{"testName":"parallel/test-stream-pipeline","timestamp":1723741041520,"status":"FAILED","jobName":"node-test-binary-windows-js-suites","config":"node-test-binary-windows-js-suites » 3,win10-COMPILED_BY-vs2022 #29313","buildUrl":"https://ci.nodejs.org/job/node-test-binary-windows-js-suites/RUN_SUBSET=3,nodes=win10-COMPILED_BY-vs2022/29313/","buildNumber":29313,"builtOn":"test-azure_msft-win10_vs2019-x64-4","nodeVersion":"23.0.0","commitHash":"7599df031f8e293c08f41312678c82fe3209c7e8","callStack":[{"upstreamBuild":64805,"upstreamProject":"node-test-commit-windows-fanned","upstreamUrl":"job/node-test-commit-windows-fanned/"},{"upstreamBuild":73067,"upstreamProject":"node-test-commit","upstreamUrl":"job/node-test-commit/"},{"upstreamBuild":61138,"upstreamProject":"node-test-pull-request","upstreamUrl":"job/node-test-pull-request/"},{"prId":"54374"}],"tap":{"ok":false,"name":"parallel/test-stream-pipeline","id":727,"buffered":false,"tapError":null,"skip":false,"todo":false,"previous":null,"plan":null,"diag":{"severity":"fail","exitcode":1,"stack":"node:assert:126\n  throw new AssertionError(obj);\n  ^\n\nAssertionError [ERR_ASSERTION]: Expected values to be strictly equal:\n+ actual - expected\n\n+ ')}\\x05��\\x01\\x00\\x00`\\x00\\x00\\x00\\x00\\x00\\x00\\x00�}\\x05��\\x01\\x00\\x00`\\x00\\x00\\x00\\x00\\x00\\x00\\x00�}\\x05��\\x01\\x00\\x00`\\x00\\x00\\x00\\x00\\x00\\x00\\x00'\n- 'Hello World!'\n    at c:\\workspace\\node-test-binary-windows-js-suites\\node\\test\\parallel\\test-stream-pipeline.js:1459:12\n    at c:\\workspace\\node-test-binary-windows-js-suites\\node\\test\\common\\index.js:453:17\n    at c:\\workspace\\node-test-binary-windows-js-suites\\node\\test\\common\\index.js:488:15\n    at node:internal/util:545:20\n    at process.processTicksAndRejections (node:internal/process/task_queues:90:21) {\n  generatedMessage: true,\n  code: 'ERR_ASSERTION',\n  actual: ')}\\x05��\\x01\\x00\\x00`\\x00\\x00\\x00\\x00\\x00\\x00\\x00�}\\x05��\\x01\\x00\\x00`\\x00\\x00\\x00\\x00\\x00\\x00\\x00�}\\x05��\\x01\\x00\\x00`\\x00\\x00\\x00\\x00\\x00\\x00\\x00',\n  expected: 'Hello World!',\n  operator: 'strictEqual'\n}\n\nNode.js v23.0.0-pre"},"time":309.003,"fullname":"parallel/test-stream-pipeline","closingTestPoint":false}},{"testName":"parallel/test-fs-sir-writes-alot","timestamp":1723741041520,"status":"FAILED","jobName":"node-test-binary-windows-js-suites","config":"node-test-binary-windows-js-suites » 3,win11-COMPILED_BY-vs2022 #29313","buildUrl":"https://ci.nodejs.org/job/node-test-binary-windows-js-suites/RUN_SUBSET=3,nodes=win11-COMPILED_BY-vs2022/29313/","buildNumber":29313,"builtOn":"test-azure_msft-win11_vs2022-x64-4","nodeVersion":"23.0.0","commitHash":"7599df031f8e293c08f41312678c82fe3209c7e8","callStack":[{"upstreamBuild":64805,"upstreamProject":"node-test-commit-windows-fanned","upstreamUrl":"job/node-test-commit-windows-fanned/"},{"upstreamBuild":73067,"upstreamProject":"node-test-commit","upstreamUrl":"job/node-test-commit/"},{"upstreamBuild":61138,"upstreamProject":"node-test-pull-request","upstreamUrl":"job/node-test-pull-request/"},{"prId":"54374"}],"tap":{"ok":false,"name":"parallel/test-fs-sir-writes-alot","id":313,"buffered":false,"tapError":null,"skip":false,"todo":false,"previous":null,"plan":null,"diag":{"severity":"fail","exitcode":1,"stack":"c:\\workspace\\node-test-binary-windows-js-suites\\node\\test\\parallel\\test-fs-sir-writes-alot.js:60\n      throw new Error(`invalid char ${i},${b[i]}`);\n      ^\n\nError: invalid char 28921,145\n    at ReadStream.testBuffer (c:\\workspace\\node-test-binary-windows-js-suites\\node\\test\\parallel\\test-fs-sir-writes-alot.js:60:13)\n    at ReadStream.emit (node:events:520:28)\n    at addChunk (node:internal/streams/readable:559:12)\n    at readableAddChunkPushByteMode (node:internal/streams/readable:510:3)\n    at Readable.push (node:internal/streams/readable:390:5)\n    at node:internal/fs/streams:289:14\n    at FSReqCallback.wrapper [as oncomplete] (node:fs:671:5)\n\nNode.js v23.0.0-pre"},"time":233.01,"fullname":"parallel/test-fs-sir-writes-alot","closingTestPoint":false}},{"testName":"parallel/test-stream-pipeline","timestamp":1723741041520,"status":"FAILED","jobName":"node-test-binary-windows-js-suites","config":"node-test-binary-windows-js-suites » 3,win11-COMPILED_BY-vs2022 #29313","buildUrl":"https://ci.nodejs.org/job/node-test-binary-windows-js-suites/RUN_SUBSET=3,nodes=win11-COMPILED_BY-vs2022/29313/","buildNumber":29313,"builtOn":"test-azure_msft-win11_vs2022-x64-4","nodeVersion":"23.0.0","commitHash":"7599df031f8e293c08f41312678c82fe3209c7e8","callStack":[{"upstreamBuild":64805,"upstreamProject":"node-test-commit-windows-fanned","upstreamUrl":"job/node-test-commit-windows-fanned/"},{"upstreamBuild":73067,"upstreamProject":"node-test-commit","upstreamUrl":"job/node-test-commit/"},{"upstreamBuild":61138,"upstreamProject":"node-test-pull-request","upstreamUrl":"job/node-test-pull-request/"},{"prId":"54374"}],"tap":{"ok":false,"name":"parallel/test-stream-pipeline","id":728,"buffered":false,"tapError":null,"skip":false,"todo":false,"previous":null,"plan":null,"diag":{"severity":"fail","exitcode":1,"stack":"node:assert:126\n  throw new AssertionError(obj);\n  ^\n\nAssertionError [ERR_ASSERTION]: Expected values to be strictly equal:\n+ actual - expected\n\n+ '������������������������������������������������'\n- 'Hello World!'\n    at c:\\workspace\\node-test-binary-windows-js-suites\\node\\test\\parallel\\test-stream-pipeline.js:1459:12\n    at c:\\workspace\\node-test-binary-windows-js-suites\\node\\test\\common\\index.js:453:17\n    at c:\\workspace\\node-test-binary-windows-js-suites\\node\\test\\common\\index.js:488:15\n    at node:internal/util:545:20\n    at process.processTicksAndRejections (node:internal/process/task_queues:90:21) {\n  generatedMessage: true,\n  code: 'ERR_ASSERTION',\n  actual: '������������������������������������������������',\n  expected: 'Hello World!',\n  operator: 'strictEqual'\n}\n\nNode.js v23.0.0-pre"},"time":344.008,"fullname":"parallel/test-stream-pipeline","closingTestPoint":false}},{"testName":"parallel/test-fs-sir-writes-alot","timestamp":1723741041520,"status":"FAILED","jobName":"node-test-binary-windows-js-suites","config":"node-test-binary-windows-js-suites » 3,win2022-COMPILED_BY-vs2022 #29313","buildUrl":"https://ci.nodejs.org/job/node-test-binary-windows-js-suites/RUN_SUBSET=3,nodes=win2022-COMPILED_BY-vs2022/29313/","buildNumber":29313,"builtOn":"test-rackspace-win2022_vs2022-x64-3","nodeVersion":"23.0.0","commitHash":"7599df031f8e293c08f41312678c82fe3209c7e8","callStack":[{"upstreamBuild":64805,"upstreamProject":"node-test-commit-windows-fanned","upstreamUrl":"job/node-test-commit-windows-fanned/"},{"upstreamBuild":73067,"upstreamProject":"node-test-commit","upstreamUrl":"job/node-test-commit/"},{"upstreamBuild":61138,"upstreamProject":"node-test-pull-request","upstreamUrl":"job/node-test-pull-request/"},{"prId":"54374"}],"tap":{"ok":false,"name":"parallel/test-fs-sir-writes-alot","id":315,"buffered":false,"tapError":null,"skip":false,"todo":false,"previous":null,"plan":null,"diag":{"severity":"fail","exitcode":1,"stack":"C:\\workspace\\node-test-binary-windows-js-suites\\node\\test\\parallel\\test-fs-sir-writes-alot.js:60\n      throw new Error(`invalid char ${i},${b[i]}`);\n      ^\n\nError: invalid char 44523,208\n    at ReadStream.testBuffer (C:\\workspace\\node-test-binary-windows-js-suites\\node\\test\\parallel\\test-fs-sir-writes-alot.js:60:13)\n    at ReadStream.emit (node:events:520:28)\n    at addChunk (node:internal/streams/readable:559:12)\n    at readableAddChunkPushByteMode (node:internal/streams/readable:510:3)\n    at Readable.push (node:internal/streams/readable:390:5)\n    at node:internal/fs/streams:289:14\n    at FSReqCallback.wrapper [as oncomplete] (node:fs:671:5)\n\nNode.js v23.0.0-pre"},"time":484.061,"fullname":"parallel/test-fs-sir-writes-alot","closingTestPoint":false}},{"testName":"parallel/test-stream-pipeline","timestamp":1723741041520,"status":"FAILED","jobName":"node-test-binary-windows-js-suites","config":"node-test-binary-windows-js-suites » 3,win2022-COMPILED_BY-vs2022 #29313","buildUrl":"https://ci.nodejs.org/job/node-test-binary-windows-js-suites/RUN_SUBSET=3,nodes=win2022-COMPILED_BY-vs2022/29313/","buildNumber":29313,"builtOn":"test-rackspace-win2022_vs2022-x64-3","nodeVersion":"23.0.0","commitHash":"7599df031f8e293c08f41312678c82fe3209c7e8","callStack":[{"upstreamBuild":64805,"upstreamProject":"node-test-commit-windows-fanned","upstreamUrl":"job/node-test-commit-windows-fanned/"},{"upstreamBuild":73067,"upstreamProject":"node-test-commit","upstreamUrl":"job/node-test-commit/"},{"upstreamBuild":61138,"upstreamProject":"node-test-pull-request","upstreamUrl":"job/node-test-pull-request/"},{"prId":"54374"}],"tap":{"ok":false,"name":"parallel/test-stream-pipeline","id":732,"buffered":false,"tapError":null,"skip":false,"todo":false,"previous":null,"plan":null,"diag":{"severity":"fail","exitcode":1,"stack":"node:assert:126\n  throw new AssertionError(obj);\n  ^\n\nAssertionError [ERR_ASSERTION]: Expected values to be strictly equal:\n+ actual - expected\n\n+ '2\\x00|\\x00\\x01\\x00\\x00\\x00\\x00\\x00\\x00\\x00\\x00\\x00\\x00\\x00\\x01\\x00\\x00\\x00\\x00\\x00\\x00\\x00\\x00\\x00\\x00\\x00\\x00\\x00\\x00\\x00����|\\x01\\x00\\x00��7�\\x7F\\x00\\x00'\n- 'Hello World!'\n    at C:\\workspace\\node-test-binary-windows-js-suites\\node\\test\\parallel\\test-stream-pipeline.js:1459:12\n    at C:\\workspace\\node-test-binary-windows-js-suites\\node\\test\\common\\index.js:453:17\n    at C:\\workspace\\node-test-binary-windows-js-suites\\node\\test\\common\\index.js:488:15\n    at node:internal/util:545:20\n    at process.processTicksAndRejections (node:internal/process/task_queues:90:21) {\n  generatedMessage: true,\n  code: 'ERR_ASSERTION',\n  actual: '2\\x00|\\x00\\x01\\x00\\x00\\x00\\x00\\x00\\x00\\x00\\x00\\x00\\x00\\x00\\x01\\x00\\x00\\x00\\x00\\x00\\x00\\x00\\x00\\x00\\x00\\x00\\x00\\x00\\x00\\x00����|\\x01\\x00\\x00��7�\\x7F\\x00\\x00',\n  expected: 'Hello World!',\n  operator: 'strictEqual'\n}\n\nNode.js v23.0.0-pre"},"time":616.03,"fullname":"parallel/test-stream-pipeline","closingTestPoint":false}}]}