{"failedTests":[{"testName":"parallel/test-fs-sir-writes-alot","timestamp":1723736464336,"status":"FAILED","jobName":"node-test-binary-windows-js-suites","config":"node-test-binary-windows-js-suites » 3,win11-COMPILED_BY-vs2022 #29312","buildUrl":"https://ci.nodejs.org/job/node-test-binary-windows-js-suites/RUN_SUBSET=3,nodes=win11-COMPILED_BY-vs2022/29312/","buildNumber":29312,"builtOn":"test-azure_msft-win11_vs2022-x64-2","nodeVersion":"23.0.0","commitHash":"44e8eb10db82ee9922e521c8bee15b0f76060750","callStack":[{"upstreamBuild":64804,"upstreamProject":"node-test-commit-windows-fanned","upstreamUrl":"job/node-test-commit-windows-fanned/"},{"upstreamBuild":73065,"upstreamProject":"node-test-commit","upstreamUrl":"job/node-test-commit/"},{"upstreamBuild":61136,"upstreamProject":"node-test-pull-request","upstreamUrl":"job/node-test-pull-request/"},{"prId":"54275"}],"tap":{"ok":false,"name":"parallel/test-fs-sir-writes-alot","id":310,"buffered":false,"tapError":null,"skip":false,"todo":false,"previous":null,"plan":null,"diag":{"severity":"fail","exitcode":1,"stack":"c:\\workspace\\node-test-binary-windows-js-suites\\node\\test\\parallel\\test-fs-sir-writes-alot.js:60\n      throw new Error(`invalid char ${i},${b[i]}`);\n      ^\n\nError: invalid char 99,145\n    at ReadStream.testBuffer (c:\\workspace\\node-test-binary-windows-js-suites\\node\\test\\parallel\\test-fs-sir-writes-alot.js:60:13)\n    at ReadStream.emit (node:events:520:28)\n    at addChunk (node:internal/streams/readable:559:12)\n    at readableAddChunkPushByteMode (node:internal/streams/readable:510:3)\n    at Readable.push (node:internal/streams/readable:390:5)\n    at node:internal/fs/streams:289:14\n    at FSReqCallback.wrapper [as oncomplete] (node:fs:671:5)\n\nNode.js v23.0.0-pre"},"time":297.003,"fullname":"parallel/test-fs-sir-writes-alot","closingTestPoint":false}},{"testName":"parallel/test-stream-pipeline","timestamp":1723736464336,"status":"FAILED","jobName":"node-test-binary-windows-js-suites","config":"node-test-binary-windows-js-suites » 3,win11-COMPILED_BY-vs2022 #29312","buildUrl":"https://ci.nodejs.org/job/node-test-binary-windows-js-suites/RUN_SUBSET=3,nodes=win11-COMPILED_BY-vs2022/29312/","buildNumber":29312,"builtOn":"test-azure_msft-win11_vs2022-x64-2","nodeVersion":"23.0.0","commitHash":"44e8eb10db82ee9922e521c8bee15b0f76060750","callStack":[{"upstreamBuild":64804,"upstreamProject":"node-test-commit-windows-fanned","upstreamUrl":"job/node-test-commit-windows-fanned/"},{"upstreamBuild":73065,"upstreamProject":"node-test-commit","upstreamUrl":"job/node-test-commit/"},{"upstreamBuild":61136,"upstreamProject":"node-test-pull-request","upstreamUrl":"job/node-test-pull-request/"},{"prId":"54275"}],"tap":{"ok":false,"name":"parallel/test-stream-pipeline","id":727,"buffered":false,"tapError":null,"skip":false,"todo":false,"previous":null,"plan":null,"diag":{"severity":"fail","exitcode":1,"stack":"node:assert:126\n  throw new AssertionError(obj);\n  ^\n\nAssertionError [ERR_ASSERTION]: Expected values to be strictly equal:\n+ actual - expected\n\n+ '\\x00\\x00\\x00\\x00\\x00\\x00\\x00\\x00\\x00\\x00\\x00\\x00\\x00\\x00\\x00\\x00\\x00\\x00\\x00\\x00\\x00\\x00\\x00\\x00\\x00\\x00\\x00\\x00\\x00\\x00\\x00\\x00\\x00\\x00\\x00\\x00\\x00\\x00\\x00\\x00\\x00\\x00\\x00\\x00\\x00\\x00\\x00\\x00'\n- 'Hello World!'\n    at c:\\workspace\\node-test-binary-windows-js-suites\\node\\test\\parallel\\test-stream-pipeline.js:1459:12\n    at c:\\workspace\\node-test-binary-windows-js-suites\\node\\test\\common\\index.js:453:17\n    at c:\\workspace\\node-test-binary-windows-js-suites\\node\\test\\common\\index.js:488:15\n    at node:internal/util:545:20\n    at process.processTicksAndRejections (node:internal/process/task_queues:90:21) {\n  generatedMessage: true,\n  code: 'ERR_ASSERTION',\n  actual: '\\x00\\x00\\x00\\x00\\x00\\x00\\x00\\x00\\x00\\x00\\x00\\x00\\x00\\x00\\x00\\x00\\x00\\x00\\x00\\x00\\x00\\x00\\x00\\x00\\x00\\x00\\x00\\x00\\x00\\x00\\x00\\x00\\x00\\x00\\x00\\x00\\x00\\x00\\x00\\x00\\x00\\x00\\x00\\x00\\x00\\x00\\x00\\x00',\n  expected: 'Hello World!',\n  operator: 'strictEqual'\n}\n\nNode.js v23.0.0-pre"},"time":361.008,"fullname":"parallel/test-stream-pipeline","closingTestPoint":false}},{"testName":"test/Test 1008 missing","timestamp":1723736464336,"status":"FAILED","jobName":"node-test-binary-windows-js-suites","config":"node-test-binary-windows-js-suites » 1,win10-COMPILED_BY-vs2022 #29312","buildUrl":"https://ci.nodejs.org/job/node-test-binary-windows-js-suites/RUN_SUBSET=1,nodes=win10-COMPILED_BY-vs2022/29312/","buildNumber":29312,"builtOn":"test-azure_msft-win10_vs2019-x64-4","nodeVersion":"23.0.0","commitHash":"44e8eb10db82ee9922e521c8bee15b0f76060750","callStack":[{"upstreamBuild":64804,"upstreamProject":"node-test-commit-windows-fanned","upstreamUrl":"job/node-test-commit-windows-fanned/"},{"upstreamBuild":73065,"upstreamProject":"node-test-commit","upstreamUrl":"job/node-test-commit/"},{"upstreamBuild":61136,"upstreamProject":"node-test-pull-request","upstreamUrl":"job/node-test-pull-request/"},{"prId":"54275"}],"tap":null},{"testName":"parallel/test-fs-sir-writes-alot","timestamp":1723736464336,"status":"FAILED","jobName":"node-test-binary-windows-js-suites","config":"node-test-binary-windows-js-suites » 0,win11-arm64-COMPILED_BY-vs2022-arm64 #29312","buildUrl":"https://ci.nodejs.org/job/node-test-binary-windows-js-suites/RUN_SUBSET=0,nodes=win11-arm64-COMPILED_BY-vs2022-arm64/29312/","buildNumber":29312,"builtOn":"test-azure_msft-win11_vs2022-arm64-1","nodeVersion":"23.0.0","commitHash":"44e8eb10db82ee9922e521c8bee15b0f76060750","callStack":[{"upstreamBuild":64804,"upstreamProject":"node-test-commit-windows-fanned","upstreamUrl":"job/node-test-commit-windows-fanned/"},{"upstreamBuild":73065,"upstreamProject":"node-test-commit","upstreamUrl":"job/node-test-commit/"},{"upstreamBuild":61136,"upstreamProject":"node-test-pull-request","upstreamUrl":"job/node-test-pull-request/"},{"prId":"54275"}],"tap":{"ok":false,"name":"parallel/test-fs-sir-writes-alot","id":313,"buffered":false,"tapError":null,"skip":false,"todo":false,"previous":null,"plan":null,"diag":{"severity":"fail","exitcode":1,"stack":"d:\\workspace\\node-test-binary-windows-js-suites\\node\\test\\parallel\\test-fs-sir-writes-alot.js:60\n      throw new Error(`invalid char ${i},${b[i]}`);\n      ^\n\nError: invalid char 47423,0\n    at ReadStream.testBuffer (d:\\workspace\\node-test-binary-windows-js-suites\\node\\test\\parallel\\test-fs-sir-writes-alot.js:60:13)\n    at ReadStream.emit (node:events:520:28)\n    at addChunk (node:internal/streams/readable:559:12)\n    at readableAddChunkPushByteMode (node:internal/streams/readable:510:3)\n    at Readable.push (node:internal/streams/readable:390:5)\n    at node:internal/fs/streams:289:14\n    at FSReqCallback.wrapper [as oncomplete] (node:fs:671:5)\n\nNode.js v23.0.0-pre"},"time":376.006,"fullname":"parallel/test-fs-sir-writes-alot","closingTestPoint":false}},{"testName":"parallel/test-stream-pipeline","timestamp":1723736464336,"status":"FAILED","jobName":"node-test-binary-windows-js-suites","config":"node-test-binary-windows-js-suites » 0,win11-arm64-COMPILED_BY-vs2022-arm64 #29312","buildUrl":"https://ci.nodejs.org/job/node-test-binary-windows-js-suites/RUN_SUBSET=0,nodes=win11-arm64-COMPILED_BY-vs2022-arm64/29312/","buildNumber":29312,"builtOn":"test-azure_msft-win11_vs2022-arm64-1","nodeVersion":"23.0.0","commitHash":"44e8eb10db82ee9922e521c8bee15b0f76060750","callStack":[{"upstreamBuild":64804,"upstreamProject":"node-test-commit-windows-fanned","upstreamUrl":"job/node-test-commit-windows-fanned/"},{"upstreamBuild":73065,"upstreamProject":"node-test-commit","upstreamUrl":"job/node-test-commit/"},{"upstreamBuild":61136,"upstreamProject":"node-test-pull-request","upstreamUrl":"job/node-test-pull-request/"},{"prId":"54275"}],"tap":{"ok":false,"name":"parallel/test-stream-pipeline","id":733,"buffered":false,"tapError":null,"skip":false,"todo":false,"previous":null,"plan":null,"diag":{"severity":"fail","exitcode":1,"stack":"node:assert:126\n  throw new AssertionError(obj);\n  ^\n\nAssertionError [ERR_ASSERTION]: Expected values to be strictly equal:\n+ actual - expected\n\n+ '\\x00\\x00\\x00\\x00\\x00\\x00\\x00\\x00\\x00\\x00\\x00\\x00\\x00\\x00\\x00\\x00\\x00\\x00\\x00\\x00\\x00\\x00\\x00\\x00\\x00\\x00\\x00\\x00\\x00\\x00\\x00\\x00\\x00\\x00\\x00\\x00\\x00\\x00\\x00\\x00\\x00\\x00\\x00\\x00\\x00\\x00\\x00\\x00'\n- 'Hello World!'\n    at d:\\workspace\\node-test-binary-windows-js-suites\\node\\test\\parallel\\test-stream-pipeline.js:1459:12\n    at d:\\workspace\\node-test-binary-windows-js-suites\\node\\test\\common\\index.js:453:17\n    at d:\\workspace\\node-test-binary-windows-js-suites\\node\\test\\common\\index.js:488:15\n    at node:internal/util:545:20\n    at process.processTicksAndRejections (node:internal/process/task_queues:90:21) {\n  generatedMessage: true,\n  code: 'ERR_ASSERTION',\n  actual: '\\x00\\x00\\x00\\x00\\x00\\x00\\x00\\x00\\x00\\x00\\x00\\x00\\x00\\x00\\x00\\x00\\x00\\x00\\x00\\x00\\x00\\x00\\x00\\x00\\x00\\x00\\x00\\x00\\x00\\x00\\x00\\x00\\x00\\x00\\x00\\x00\\x00\\x00\\x00\\x00\\x00\\x00\\x00\\x00\\x00\\x00\\x00\\x00',\n  expected: 'Hello World!',\n  operator: 'strictEqual'\n}\n\nNode.js v23.0.0-pre"},"time":708,"fullname":"parallel/test-stream-pipeline","closingTestPoint":false}},{"testName":"test/Test 1008 missing","timestamp":1723736464336,"status":"FAILED","jobName":"node-test-binary-windows-js-suites","config":"node-test-binary-windows-js-suites » 1,win11-COMPILED_BY-vs2022 #29312","buildUrl":"https://ci.nodejs.org/job/node-test-binary-windows-js-suites/RUN_SUBSET=1,nodes=win11-COMPILED_BY-vs2022/29312/","buildNumber":29312,"builtOn":"test-azure_msft-win11_vs2022-x64-4","nodeVersion":"23.0.0","commitHash":"44e8eb10db82ee9922e521c8bee15b0f76060750","callStack":[{"upstreamBuild":64804,"upstreamProject":"node-test-commit-windows-fanned","upstreamUrl":"job/node-test-commit-windows-fanned/"},{"upstreamBuild":73065,"upstreamProject":"node-test-commit","upstreamUrl":"job/node-test-commit/"},{"upstreamBuild":61136,"upstreamProject":"node-test-pull-request","upstreamUrl":"job/node-test-pull-request/"},{"prId":"54275"}],"tap":null},{"testName":"parallel/test-fs-sir-writes-alot","timestamp":1723736464336,"status":"FAILED","jobName":"node-test-binary-windows-js-suites","config":"node-test-binary-windows-js-suites » 3,win10-COMPILED_BY-vs2022 #29312","buildUrl":"https://ci.nodejs.org/job/node-test-binary-windows-js-suites/RUN_SUBSET=3,nodes=win10-COMPILED_BY-vs2022/29312/","buildNumber":29312,"builtOn":"test-azure_msft-win10_vs2019-x64-1","nodeVersion":"23.0.0","commitHash":"44e8eb10db82ee9922e521c8bee15b0f76060750","callStack":[{"upstreamBuild":64804,"upstreamProject":"node-test-commit-windows-fanned","upstreamUrl":"job/node-test-commit-windows-fanned/"},{"upstreamBuild":73065,"upstreamProject":"node-test-commit","upstreamUrl":"job/node-test-commit/"},{"upstreamBuild":61136,"upstreamProject":"node-test-pull-request","upstreamUrl":"job/node-test-pull-request/"},{"prId":"54275"}],"tap":{"ok":false,"name":"parallel/test-fs-sir-writes-alot","id":313,"buffered":false,"tapError":null,"skip":false,"todo":false,"previous":null,"plan":null,"diag":{"severity":"fail","exitcode":1,"stack":"c:\\workspace\\node-test-binary-windows-js-suites\\node\\test\\parallel\\test-fs-sir-writes-alot.js:60\n      throw new Error(`invalid char ${i},${b[i]}`);\n      ^\n\nError: invalid char 59922,35\n    at ReadStream.testBuffer (c:\\workspace\\node-test-binary-windows-js-suites\\node\\test\\parallel\\test-fs-sir-writes-alot.js:60:13)\n    at ReadStream.emit (node:events:520:28)\n    at addChunk (node:internal/streams/readable:559:12)\n    at readableAddChunkPushByteMode (node:internal/streams/readable:510:3)\n    at Readable.push (node:internal/streams/readable:390:5)\n    at node:internal/fs/streams:289:14\n    at FSReqCallback.wrapper [as oncomplete] (node:fs:671:5)\n\nNode.js v23.0.0-pre"},"time":471.001,"fullname":"parallel/test-fs-sir-writes-alot","closingTestPoint":false}},{"testName":"parallel/test-stream-pipeline","timestamp":1723736464336,"status":"FAILED","jobName":"node-test-binary-windows-js-suites","config":"node-test-binary-windows-js-suites » 3,win10-COMPILED_BY-vs2022 #29312","buildUrl":"https://ci.nodejs.org/job/node-test-binary-windows-js-suites/RUN_SUBSET=3,nodes=win10-COMPILED_BY-vs2022/29312/","buildNumber":29312,"builtOn":"test-azure_msft-win10_vs2019-x64-1","nodeVersion":"23.0.0","commitHash":"44e8eb10db82ee9922e521c8bee15b0f76060750","callStack":[{"upstreamBuild":64804,"upstreamProject":"node-test-commit-windows-fanned","upstreamUrl":"job/node-test-commit-windows-fanned/"},{"upstreamBuild":73065,"upstreamProject":"node-test-commit","upstreamUrl":"job/node-test-commit/"},{"upstreamBuild":61136,"upstreamProject":"node-test-pull-request","upstreamUrl":"job/node-test-pull-request/"},{"prId":"54275"}],"tap":{"ok":false,"name":"parallel/test-stream-pipeline","id":727,"buffered":false,"tapError":null,"skip":false,"todo":false,"previous":null,"plan":null,"diag":{"severity":"fail","exitcode":1,"stack":"node:assert:126\n  throw new AssertionError(obj);\n  ^\n\nAssertionError [ERR_ASSERTION]: Expected values to be strictly equal:\n+ actual - expected\n\n+ '\\x01\\x00�$H\\x01\\x00\\x00@��$H\\x01\\x00\\x00�,�$H\\x01\\x00\\x00�1�$H\\x01\\x00\\x00�,�$H\\x01\\x00\\x00\\x01\\x00x��\\x7F\\x00\\x00'\n- 'Hello World!'\n    at c:\\workspace\\node-test-binary-windows-js-suites\\node\\test\\parallel\\test-stream-pipeline.js:1459:12\n    at c:\\workspace\\node-test-binary-windows-js-suites\\node\\test\\common\\index.js:453:17\n    at c:\\workspace\\node-test-binary-windows-js-suites\\node\\test\\common\\index.js:488:15\n    at node:internal/util:545:20\n    at process.processTicksAndRejections (node:internal/process/task_queues:90:21) {\n  generatedMessage: true,\n  code: 'ERR_ASSERTION',\n  actual: '\\x01\\x00�$H\\x01\\x00\\x00@��$H\\x01\\x00\\x00�,�$H\\x01\\x00\\x00�1�$H\\x01\\x00\\x00�,�$H\\x01\\x00\\x00\\x01\\x00x��\\x7F\\x00\\x00',\n  expected: 'Hello World!',\n  operator: 'strictEqual'\n}\n\nNode.js v23.0.0-pre"},"time":458.002,"fullname":"parallel/test-stream-pipeline","closingTestPoint":false}},{"testName":"test/Test 1007 missing","timestamp":1723736464336,"status":"FAILED","jobName":"node-test-binary-windows-js-suites","config":"node-test-binary-windows-js-suites » 2,win11-arm64-COMPILED_BY-vs2022-arm64 #29312","buildUrl":"https://ci.nodejs.org/job/node-test-binary-windows-js-suites/RUN_SUBSET=2,nodes=win11-arm64-COMPILED_BY-vs2022-arm64/29312/","buildNumber":29312,"builtOn":"test-azure_msft-win11_vs2022-arm64-3","nodeVersion":"23.0.0","commitHash":"44e8eb10db82ee9922e521c8bee15b0f76060750","callStack":[{"upstreamBuild":64804,"upstreamProject":"node-test-commit-windows-fanned","upstreamUrl":"job/node-test-commit-windows-fanned/"},{"upstreamBuild":73065,"upstreamProject":"node-test-commit","upstreamUrl":"job/node-test-commit/"},{"upstreamBuild":61136,"upstreamProject":"node-test-pull-request","upstreamUrl":"job/node-test-pull-request/"},{"prId":"54275"}],"tap":null},{"testName":"test/Test 1008 missing","timestamp":1723736464336,"status":"FAILED","jobName":"node-test-binary-windows-js-suites","config":"node-test-binary-windows-js-suites » 1,win2019-COMPILED_BY-vs2022 #29312","buildUrl":"https://ci.nodejs.org/job/node-test-binary-windows-js-suites/RUN_SUBSET=1,nodes=win2019-COMPILED_BY-vs2022/29312/","buildNumber":29312,"builtOn":"test-rackspace-win2019_vs2019-x64-2","nodeVersion":"23.0.0","commitHash":"44e8eb10db82ee9922e521c8bee15b0f76060750","callStack":[{"upstreamBuild":64804,"upstreamProject":"node-test-commit-windows-fanned","upstreamUrl":"job/node-test-commit-windows-fanned/"},{"upstreamBuild":73065,"upstreamProject":"node-test-commit","upstreamUrl":"job/node-test-commit/"},{"upstreamBuild":61136,"upstreamProject":"node-test-pull-request","upstreamUrl":"job/node-test-pull-request/"},{"prId":"54275"}],"tap":null},{"testName":"parallel/test-fs-sir-writes-alot","timestamp":1723736464336,"status":"FAILED","jobName":"node-test-binary-windows-js-suites","config":"node-test-binary-windows-js-suites » 3,win2022-COMPILED_BY-vs2022 #29312","buildUrl":"https://ci.nodejs.org/job/node-test-binary-windows-js-suites/RUN_SUBSET=3,nodes=win2022-COMPILED_BY-vs2022/29312/","buildNumber":29312,"builtOn":"test-rackspace-win2022_vs2022-x64-4","nodeVersion":"23.0.0","commitHash":"44e8eb10db82ee9922e521c8bee15b0f76060750","callStack":[{"upstreamBuild":64804,"upstreamProject":"node-test-commit-windows-fanned","upstreamUrl":"job/node-test-commit-windows-fanned/"},{"upstreamBuild":73065,"upstreamProject":"node-test-commit","upstreamUrl":"job/node-test-commit/"},{"upstreamBuild":61136,"upstreamProject":"node-test-pull-request","upstreamUrl":"job/node-test-pull-request/"},{"prId":"54275"}],"tap":{"ok":false,"name":"parallel/test-fs-sir-writes-alot","id":313,"buffered":false,"tapError":null,"skip":false,"todo":false,"previous":null,"plan":null,"diag":{"severity":"fail","exitcode":1,"stack":"C:\\workspace\\node-test-binary-windows-js-suites\\node\\test\\parallel\\test-fs-sir-writes-alot.js:60\n      throw new Error(`invalid char ${i},${b[i]}`);\n      ^\n\nError: invalid char 45190,0\n    at ReadStream.testBuffer (C:\\workspace\\node-test-binary-windows-js-suites\\node\\test\\parallel\\test-fs-sir-writes-alot.js:60:13)\n    at ReadStream.emit (node:events:520:28)\n    at addChunk (node:internal/streams/readable:559:12)\n    at readableAddChunkPushByteMode (node:internal/streams/readable:510:3)\n    at Readable.push (node:internal/streams/readable:390:5)\n    at node:internal/fs/streams:289:14\n    at FSReqCallback.wrapper [as oncomplete] (node:fs:671:5)\n\nNode.js v23.0.0-pre"},"time":530.983,"fullname":"parallel/test-fs-sir-writes-alot","closingTestPoint":false}},{"testName":"parallel/test-stream-pipeline","timestamp":1723736464336,"status":"FAILED","jobName":"node-test-binary-windows-js-suites","config":"node-test-binary-windows-js-suites » 3,win2022-COMPILED_BY-vs2022 #29312","buildUrl":"https://ci.nodejs.org/job/node-test-binary-windows-js-suites/RUN_SUBSET=3,nodes=win2022-COMPILED_BY-vs2022/29312/","buildNumber":29312,"builtOn":"test-rackspace-win2022_vs2022-x64-4","nodeVersion":"23.0.0","commitHash":"44e8eb10db82ee9922e521c8bee15b0f76060750","callStack":[{"upstreamBuild":64804,"upstreamProject":"node-test-commit-windows-fanned","upstreamUrl":"job/node-test-commit-windows-fanned/"},{"upstreamBuild":73065,"upstreamProject":"node-test-commit","upstreamUrl":"job/node-test-commit/"},{"upstreamBuild":61136,"upstreamProject":"node-test-pull-request","upstreamUrl":"job/node-test-pull-request/"},{"prId":"54275"}],"tap":{"ok":false,"name":"parallel/test-stream-pipeline","id":733,"buffered":false,"tapError":null,"skip":false,"todo":false,"previous":null,"plan":null,"diag":{"severity":"fail","exitcode":1,"stack":"node:assert:126\n  throw new AssertionError(obj);\n  ^\n\nAssertionError [ERR_ASSERTION]: Expected values to be strictly equal:\n+ actual - expected\n\n+ '�M�gB\\x00\\x00\\x00`\\x00\\x00\\x00\\x00\\x00\\x00\\x00YN�gB\\x00\\x00\\x00`\\x00\\x00\\x00\\x00\\x00\\x00\\x00�N�gB\\x00\\x00\\x00`\\x00\\x00\\x00\\x00\\x00\\x00\\x00'\n- 'Hello World!'\n    at C:\\workspace\\node-test-binary-windows-js-suites\\node\\test\\parallel\\test-stream-pipeline.js:1459:12\n    at C:\\workspace\\node-test-binary-windows-js-suites\\node\\test\\common\\index.js:453:17\n    at C:\\workspace\\node-test-binary-windows-js-suites\\node\\test\\common\\index.js:488:15\n    at node:internal/util:545:20\n    at process.processTicksAndRejections (node:internal/process/task_queues:90:21) {\n  generatedMessage: true,\n  code: 'ERR_ASSERTION',\n  actual: '�M�gB\\x00\\x00\\x00`\\x00\\x00\\x00\\x00\\x00\\x00\\x00YN�gB\\x00\\x00\\x00`\\x00\\x00\\x00\\x00\\x00\\x00\\x00�N�gB\\x00\\x00\\x00`\\x00\\x00\\x00\\x00\\x00\\x00\\x00',\n  expected: 'Hello World!',\n  operator: 'strictEqual'\n}\n\nNode.js v23.0.0-pre"},"time":846.04,"fullname":"parallel/test-stream-pipeline","closingTestPoint":false}},{"testName":"test/Test 1008 missing","timestamp":1723736464336,"status":"FAILED","jobName":"node-test-binary-windows-js-suites","config":"node-test-binary-windows-js-suites » 1,win2022-COMPILED_BY-vs2022 #29312","buildUrl":"https://ci.nodejs.org/job/node-test-binary-windows-js-suites/RUN_SUBSET=1,nodes=win2022-COMPILED_BY-vs2022/29312/","buildNumber":29312,"builtOn":"test-rackspace-win2022_vs2022-x64-5","nodeVersion":"23.0.0","commitHash":"44e8eb10db82ee9922e521c8bee15b0f76060750","callStack":[{"upstreamBuild":64804,"upstreamProject":"node-test-commit-windows-fanned","upstreamUrl":"job/node-test-commit-windows-fanned/"},{"upstreamBuild":73065,"upstreamProject":"node-test-commit","upstreamUrl":"job/node-test-commit/"},{"upstreamBuild":61136,"upstreamProject":"node-test-pull-request","upstreamUrl":"job/node-test-pull-request/"},{"prId":"54275"}],"tap":null},{"testName":"parallel/test-fs-sir-writes-alot","timestamp":1723736464336,"status":"FAILED","jobName":"node-test-binary-windows-js-suites","config":"node-test-binary-windows-js-suites » 3,win2019-COMPILED_BY-vs2022 #29312","buildUrl":"https://ci.nodejs.org/job/node-test-binary-windows-js-suites/RUN_SUBSET=3,nodes=win2019-COMPILED_BY-vs2022/29312/","buildNumber":29312,"builtOn":"test-rackspace-win2019_vs2019-x64-2","nodeVersion":"23.0.0","commitHash":"44e8eb10db82ee9922e521c8bee15b0f76060750","callStack":[{"upstreamBuild":64804,"upstreamProject":"node-test-commit-windows-fanned","upstreamUrl":"job/node-test-commit-windows-fanned/"},{"upstreamBuild":73065,"upstreamProject":"node-test-commit","upstreamUrl":"job/node-test-commit/"},{"upstreamBuild":61136,"upstreamProject":"node-test-pull-request","upstreamUrl":"job/node-test-pull-request/"},{"prId":"54275"}],"tap":{"ok":false,"name":"parallel/test-fs-sir-writes-alot","id":314,"buffered":false,"tapError":null,"skip":false,"todo":false,"previous":null,"plan":null,"diag":{"severity":"fail","exitcode":1,"stack":"C:\\workspace\\node-test-binary-windows-js-suites\\node\\test\\parallel\\test-fs-sir-writes-alot.js:60\n      throw new Error(`invalid char ${i},${b[i]}`);\n      ^\n\nError: invalid char 43595,145\n    at ReadStream.testBuffer (C:\\workspace\\node-test-binary-windows-js-suites\\node\\test\\parallel\\test-fs-sir-writes-alot.js:60:13)\n    at ReadStream.emit (node:events:520:28)\n    at addChunk (node:internal/streams/readable:559:12)\n    at readableAddChunkPushByteMode (node:internal/streams/readable:510:3)\n    at Readable.push (node:internal/streams/readable:390:5)\n    at node:internal/fs/streams:289:14\n    at FSReqCallback.wrapper [as oncomplete] (node:fs:671:5)\n\nNode.js v23.0.0-pre"},"time":426.017,"fullname":"parallel/test-fs-sir-writes-alot","closingTestPoint":false}},{"testName":"parallel/test-stream-pipeline","timestamp":1723736464336,"status":"FAILED","jobName":"node-test-binary-windows-js-suites","config":"node-test-binary-windows-js-suites » 3,win2019-COMPILED_BY-vs2022 #29312","buildUrl":"https://ci.nodejs.org/job/node-test-binary-windows-js-suites/RUN_SUBSET=3,nodes=win2019-COMPILED_BY-vs2022/29312/","buildNumber":29312,"builtOn":"test-rackspace-win2019_vs2019-x64-2","nodeVersion":"23.0.0","commitHash":"44e8eb10db82ee9922e521c8bee15b0f76060750","callStack":[{"upstreamBuild":64804,"upstreamProject":"node-test-commit-windows-fanned","upstreamUrl":"job/node-test-commit-windows-fanned/"},{"upstreamBuild":73065,"upstreamProject":"node-test-commit","upstreamUrl":"job/node-test-commit/"},{"upstreamBuild":61136,"upstreamProject":"node-test-pull-request","upstreamUrl":"job/node-test-pull-request/"},{"prId":"54275"}],"tap":{"ok":false,"name":"parallel/test-stream-pipeline","id":736,"buffered":false,"tapError":null,"skip":false,"todo":false,"previous":null,"plan":null,"diag":{"severity":"fail","exitcode":1,"stack":"node:assert:126\n  throw new AssertionError(obj);\n  ^\n\nAssertionError [ERR_ASSERTION]: Expected values to be strictly equal:\n+ actual - expected\n\n+ '\\x00\\x00\\x00\\x00\\x00\\x00\\x00\\x00\\x00\\x00\\x00\\x00\\x00\\x00\\x00\\x00\\x00\\x00\\x00\\x00\\x00\\x00\\x00\\x00\\x00\\x00\\x00\\x00\\x00\\x00\\x00\\x00\\x00\\x00\\x00\\x00\\x00\\x00\\x00\\x00\\x00\\x00\\x00\\x00\\x00\\x00\\x00\\x00'\n- 'Hello World!'\n    at C:\\workspace\\node-test-binary-windows-js-suites\\node\\test\\parallel\\test-stream-pipeline.js:1459:12\n    at C:\\workspace\\node-test-binary-windows-js-suites\\node\\test\\common\\index.js:453:17\n    at C:\\workspace\\node-test-binary-windows-js-suites\\node\\test\\common\\index.js:488:15\n    at node:internal/util:545:20\n    at process.processTicksAndRejections (node:internal/process/task_queues:90:21) {\n  generatedMessage: true,\n  code: 'ERR_ASSERTION',\n  actual: '\\x00\\x00\\x00\\x00\\x00\\x00\\x00\\x00\\x00\\x00\\x00\\x00\\x00\\x00\\x00\\x00\\x00\\x00\\x00\\x00\\x00\\x00\\x00\\x00\\x00\\x00\\x00\\x00\\x00\\x00\\x00\\x00\\x00\\x00\\x00\\x00\\x00\\x00\\x00\\x00\\x00\\x00\\x00\\x00\\x00\\x00\\x00\\x00',\n  expected: 'Hello World!',\n  operator: 'strictEqual'\n}\n\nNode.js v23.0.0-pre"},"time":586.007,"fullname":"parallel/test-stream-pipeline","closingTestPoint":false}}]}