{"failedTests":[{"testName":"parallel/test-crypto-x509","timestamp":1723900111086,"status":"FAILED","jobName":"node-test-binary-windows-js-suites","config":"node-test-binary-windows-js-suites » 1,win2022-COMPILED_BY-vs2022 #29340","buildUrl":"https://ci.nodejs.org/job/node-test-binary-windows-js-suites/RUN_SUBSET=1,nodes=win2022-COMPILED_BY-vs2022/29340/","buildNumber":29340,"builtOn":"test-rackspace-win2022_vs2022-x64-4","nodeVersion":"23.0.0","commitHash":"69772199bcc423a4ff2dcbbd583e596f88e72d5d","callStack":[{"upstreamBuild":64840,"upstreamProject":"node-test-commit-windows-fanned","upstreamUrl":"job/node-test-commit-windows-fanned/"},{"upstreamBuild":73125,"upstreamProject":"node-test-commit","upstreamUrl":"job/node-test-commit/"},{"upstreamBuild":61184,"upstreamProject":"node-test-pull-request","upstreamUrl":"job/node-test-pull-request/"},{"prId":"54159"}],"tap":{"ok":false,"name":"parallel/test-crypto-x509","id":187,"buffered":false,"tapError":null,"skip":false,"todo":false,"previous":null,"plan":null,"diag":{"severity":"fail","exitcode":1,"stack":"node:assert:126\n  throw new AssertionError(obj);\n  ^\n\nAssertionError [ERR_ASSERTION]: Expected values to be strictly deep-equal:\n+ actual - expected\n\n+ 1969-12-31T23:59:59.000Z\n- 1949-12-25T23:59:58.000Z\n    at Object.<anonymous> (C:\\workspace\\node-test-binary-windows-js-suites\\node\\test\\parallel\\test-crypto-x509.js:401:10)\n    at Module._compile (node:internal/modules/cjs/loader:1546:14)\n    at Module._extensions..js (node:internal/modules/cjs/loader:1691:10)\n    at Module.load (node:internal/modules/cjs/loader:1317:32)\n    at Module._load (node:internal/modules/cjs/loader:1127:12)\n    at TracingChannel.traceSync (node:diagnostics_channel:315:14)\n    at wrapModuleLoad (node:internal/modules/cjs/loader:217:24)\n    at Function.executeUserEntryPoint [as runMain] (node:internal/modules/run_main:166:5)\n    at node:internal/main/run_main_module:30:49 {\n  generatedMessage: true,\n  code: 'ERR_ASSERTION',\n  actual: 1969-12-31T23:59:59.000Z,\n  expected: 1949-12-25T23:59:58.000Z,\n  operator: 'deepStrictEqual'\n}\n\nNode.js v23.0.0-pre"},"time":599.04,"fullname":"parallel/test-crypto-x509","closingTestPoint":false}},{"testName":"parallel/test-crypto-x509","timestamp":1723900111086,"status":"FAILED","jobName":"node-test-binary-windows-js-suites","config":"node-test-binary-windows-js-suites » 1,win11-COMPILED_BY-vs2022 #29340","buildUrl":"https://ci.nodejs.org/job/node-test-binary-windows-js-suites/RUN_SUBSET=1,nodes=win11-COMPILED_BY-vs2022/29340/","buildNumber":29340,"builtOn":"test-azure_msft-win11_vs2022-x64-1","nodeVersion":"23.0.0","commitHash":"69772199bcc423a4ff2dcbbd583e596f88e72d5d","callStack":[{"upstreamBuild":64840,"upstreamProject":"node-test-commit-windows-fanned","upstreamUrl":"job/node-test-commit-windows-fanned/"},{"upstreamBuild":73125,"upstreamProject":"node-test-commit","upstreamUrl":"job/node-test-commit/"},{"upstreamBuild":61184,"upstreamProject":"node-test-pull-request","upstreamUrl":"job/node-test-pull-request/"},{"prId":"54159"}],"tap":{"ok":false,"name":"parallel/test-crypto-x509","id":188,"buffered":false,"tapError":null,"skip":false,"todo":false,"previous":null,"plan":null,"diag":{"severity":"fail","exitcode":1,"stack":"node:assert:126\n  throw new AssertionError(obj);\n  ^\n\nAssertionError [ERR_ASSERTION]: Expected values to be strictly deep-equal:\n+ actual - expected\n\n+ 1969-12-31T23:59:59.000Z\n- 1949-12-25T23:59:58.000Z\n    at Object.<anonymous> (c:\\workspace\\node-test-binary-windows-js-suites\\node\\test\\parallel\\test-crypto-x509.js:401:10)\n    at Module._compile (node:internal/modules/cjs/loader:1546:14)\n    at Module._extensions..js (node:internal/modules/cjs/loader:1691:10)\n    at Module.load (node:internal/modules/cjs/loader:1317:32)\n    at Module._load (node:internal/modules/cjs/loader:1127:12)\n    at TracingChannel.traceSync (node:diagnostics_channel:315:14)\n    at wrapModuleLoad (node:internal/modules/cjs/loader:217:24)\n    at Function.executeUserEntryPoint [as runMain] (node:internal/modules/run_main:166:5)\n    at node:internal/main/run_main_module:30:49 {\n  generatedMessage: true,\n  code: 'ERR_ASSERTION',\n  actual: 1969-12-31T23:59:59.000Z,\n  expected: 1949-12-25T23:59:58.000Z,\n  operator: 'deepStrictEqual'\n}\n\nNode.js v23.0.0-pre"},"time":279.018,"fullname":"parallel/test-crypto-x509","closingTestPoint":false}},{"testName":"parallel/test-crypto-x509","timestamp":1723900111086,"status":"FAILED","jobName":"node-test-binary-windows-js-suites","config":"node-test-binary-windows-js-suites » 1,win2019-COMPILED_BY-vs2022 #29340","buildUrl":"https://ci.nodejs.org/job/node-test-binary-windows-js-suites/RUN_SUBSET=1,nodes=win2019-COMPILED_BY-vs2022/29340/","buildNumber":29340,"builtOn":"test-rackspace-win2019_vs2019-x64-1","nodeVersion":"23.0.0","commitHash":"69772199bcc423a4ff2dcbbd583e596f88e72d5d","callStack":[{"upstreamBuild":64840,"upstreamProject":"node-test-commit-windows-fanned","upstreamUrl":"job/node-test-commit-windows-fanned/"},{"upstreamBuild":73125,"upstreamProject":"node-test-commit","upstreamUrl":"job/node-test-commit/"},{"upstreamBuild":61184,"upstreamProject":"node-test-pull-request","upstreamUrl":"job/node-test-pull-request/"},{"prId":"54159"}],"tap":{"ok":false,"name":"parallel/test-crypto-x509","id":189,"buffered":false,"tapError":null,"skip":false,"todo":false,"previous":null,"plan":null,"diag":{"severity":"fail","exitcode":1,"stack":"node:assert:126\n  throw new AssertionError(obj);\n  ^\n\nAssertionError [ERR_ASSERTION]: Expected values to be strictly deep-equal:\n+ actual - expected\n\n+ 1969-12-31T23:59:59.000Z\n- 1949-12-25T23:59:58.000Z\n    at Object.<anonymous> (C:\\workspace\\node-test-binary-windows-js-suites\\node\\test\\parallel\\test-crypto-x509.js:401:10)\n    at Module._compile (node:internal/modules/cjs/loader:1546:14)\n    at Module._extensions..js (node:internal/modules/cjs/loader:1691:10)\n    at Module.load (node:internal/modules/cjs/loader:1317:32)\n    at Module._load (node:internal/modules/cjs/loader:1127:12)\n    at TracingChannel.traceSync (node:diagnostics_channel:315:14)\n    at wrapModuleLoad (node:internal/modules/cjs/loader:217:24)\n    at Function.executeUserEntryPoint [as runMain] (node:internal/modules/run_main:166:5)\n    at node:internal/main/run_main_module:30:49 {\n  generatedMessage: true,\n  code: 'ERR_ASSERTION',\n  actual: 1969-12-31T23:59:59.000Z,\n  expected: 1949-12-25T23:59:58.000Z,\n  operator: 'deepStrictEqual'\n}\n\nNode.js v23.0.0-pre"},"time":445.04,"fullname":"parallel/test-crypto-x509","closingTestPoint":false}},{"testName":"parallel/test-crypto-x509","timestamp":1723900111086,"status":"FAILED","jobName":"node-test-binary-windows-js-suites","config":"node-test-binary-windows-js-suites » 1,win10-COMPILED_BY-vs2022 #29340","buildUrl":"https://ci.nodejs.org/job/node-test-binary-windows-js-suites/RUN_SUBSET=1,nodes=win10-COMPILED_BY-vs2022/29340/","buildNumber":29340,"builtOn":"test-azure_msft-win10_vs2019-x64-3","nodeVersion":"23.0.0","commitHash":"69772199bcc423a4ff2dcbbd583e596f88e72d5d","callStack":[{"upstreamBuild":64840,"upstreamProject":"node-test-commit-windows-fanned","upstreamUrl":"job/node-test-commit-windows-fanned/"},{"upstreamBuild":73125,"upstreamProject":"node-test-commit","upstreamUrl":"job/node-test-commit/"},{"upstreamBuild":61184,"upstreamProject":"node-test-pull-request","upstreamUrl":"job/node-test-pull-request/"},{"prId":"54159"}],"tap":{"ok":false,"name":"parallel/test-crypto-x509","id":188,"buffered":false,"tapError":null,"skip":false,"todo":false,"previous":null,"plan":null,"diag":{"severity":"fail","exitcode":1,"stack":"node:assert:126\n  throw new AssertionError(obj);\n  ^\n\nAssertionError [ERR_ASSERTION]: Expected values to be strictly deep-equal:\n+ actual - expected\n\n+ 1969-12-31T23:59:59.000Z\n- 1949-12-25T23:59:58.000Z\n    at Object.<anonymous> (c:\\workspace\\node-test-binary-windows-js-suites\\node\\test\\parallel\\test-crypto-x509.js:401:10)\n    at Module._compile (node:internal/modules/cjs/loader:1546:14)\n    at Module._extensions..js (node:internal/modules/cjs/loader:1691:10)\n    at Module.load (node:internal/modules/cjs/loader:1317:32)\n    at Module._load (node:internal/modules/cjs/loader:1127:12)\n    at TracingChannel.traceSync (node:diagnostics_channel:315:14)\n    at wrapModuleLoad (node:internal/modules/cjs/loader:217:24)\n    at Function.executeUserEntryPoint [as runMain] (node:internal/modules/run_main:166:5)\n    at node:internal/main/run_main_module:30:49 {\n  generatedMessage: true,\n  code: 'ERR_ASSERTION',\n  actual: 1969-12-31T23:59:59.000Z,\n  expected: 1949-12-25T23:59:58.000Z,\n  operator: 'deepStrictEqual'\n}\n\nNode.js v23.0.0-pre"},"time":238.02,"fullname":"parallel/test-crypto-x509","closingTestPoint":false}},{"testName":"parallel/test-crypto-x509","timestamp":1723900111086,"status":"FAILED","jobName":"node-test-binary-windows-js-suites","config":"node-test-binary-windows-js-suites » 2,win11-arm64-COMPILED_BY-vs2022-arm64 #29340","buildUrl":"https://ci.nodejs.org/job/node-test-binary-windows-js-suites/RUN_SUBSET=2,nodes=win11-arm64-COMPILED_BY-vs2022-arm64/29340/","buildNumber":29340,"builtOn":"test-azure_msft-win11_vs2022-arm64-5","nodeVersion":"23.0.0","commitHash":"69772199bcc423a4ff2dcbbd583e596f88e72d5d","callStack":[{"upstreamBuild":64840,"upstreamProject":"node-test-commit-windows-fanned","upstreamUrl":"job/node-test-commit-windows-fanned/"},{"upstreamBuild":73125,"upstreamProject":"node-test-commit","upstreamUrl":"job/node-test-commit/"},{"upstreamBuild":61184,"upstreamProject":"node-test-pull-request","upstreamUrl":"job/node-test-pull-request/"},{"prId":"54159"}],"tap":{"ok":false,"name":"parallel/test-crypto-x509","id":186,"buffered":false,"tapError":null,"skip":false,"todo":false,"previous":null,"plan":null,"diag":{"severity":"fail","exitcode":1,"stack":"node:assert:126\n  throw new AssertionError(obj);\n  ^\n\nAssertionError [ERR_ASSERTION]: Expected values to be strictly deep-equal:\n+ actual - expected\n\n+ 1969-12-31T23:59:59.000Z\n- 1949-12-25T23:59:58.000Z\n    at Object.<anonymous> (d:\\workspace\\node-test-binary-windows-js-suites\\node\\test\\parallel\\test-crypto-x509.js:401:10)\n    at Module._compile (node:internal/modules/cjs/loader:1546:14)\n    at Module._extensions..js (node:internal/modules/cjs/loader:1691:10)\n    at Module.load (node:internal/modules/cjs/loader:1317:32)\n    at Module._load (node:internal/modules/cjs/loader:1127:12)\n    at TracingChannel.traceSync (node:diagnostics_channel:315:14)\n    at wrapModuleLoad (node:internal/modules/cjs/loader:217:24)\n    at Function.executeUserEntryPoint [as runMain] (node:internal/modules/run_main:166:5)\n    at node:internal/main/run_main_module:30:49 {\n  generatedMessage: true,\n  code: 'ERR_ASSERTION',\n  actual: 1969-12-31T23:59:59.000Z,\n  expected: 1949-12-25T23:59:58.000Z,\n  operator: 'deepStrictEqual'\n}\n\nNode.js v23.0.0-pre"},"time":326.005,"fullname":"parallel/test-crypto-x509","closingTestPoint":false}}]}