{"failedTests":[{"testName":"parallel/test-esm-loader-hooks-inspect-wait","timestamp":1724094921797,"status":"REGRESSION","jobName":"node-test-binary-windows-js-suites","config":"node-test-binary-windows-js-suites » 2,win10-COMPILED_BY-vs2022 #29369","buildUrl":"https://ci.nodejs.org/job/node-test-binary-windows-js-suites/RUN_SUBSET=2,nodes=win10-COMPILED_BY-vs2022/29369/","buildNumber":29369,"builtOn":"test-azure_msft-win10_vs2019-x64-1","nodeVersion":"23.0.0","commitHash":"4857714108669d35d713d3c062a6146beecc888f","callStack":[{"upstreamBuild":64893,"upstreamProject":"node-test-commit-windows-fanned","upstreamUrl":"job/node-test-commit-windows-fanned/"},{"upstreamBuild":73192,"upstreamProject":"node-test-commit","upstreamUrl":"job/node-test-commit/"},{"upstreamBuild":61245,"upstreamProject":"node-test-pull-request","upstreamUrl":"job/node-test-pull-request/"},{"prId":"54279"}],"tap":{"ok":false,"name":"parallel/test-esm-loader-hooks-inspect-wait","id":259,"buffered":false,"tapError":null,"skip":false,"todo":false,"previous":null,"plan":null,"diag":{"severity":"fail","exitcode":1,"stack":"[test] Connecting to a child Node process\n[test] Testing /json/list\n[err] Debugger listening on ws://127.0.0.1:58365/200f11d4-0b13-45ba-974e-523ce533207e\n[err] \n[err] For help, see: https://nodejs.org/en/docs/inspector\n[err] \n[err] Debugger attached.\n[err] \n[err] Waiting for the debugger to disconnect...\n[err] \nAssertionError [ERR_ASSERTION]: Expected values to be strictly equal:\n\n3221225477 !== 0\n\n    at runTest (c:\\workspace\\node-test-binary-windows-js-suites\\node\\test\\parallel\\test-esm-loader-hooks-inspect-wait.js:30:10)\n    at process.processTicksAndRejections (node:internal/process/task_queues:105:5) {\n  generatedMessage: true,\n  code: 'ERR_ASSERTION',\n  actual: 3221225477,\n  expected: 0,\n  operator: 'strictEqual'\n}\n1"},"time":3223.024,"fullname":"parallel/test-esm-loader-hooks-inspect-wait","closingTestPoint":false}},{"testName":"parallel/test-runner-run-watch","timestamp":1724094921797,"status":"REGRESSION","jobName":"node-test-binary-windows-js-suites","config":"node-test-binary-windows-js-suites » 2,win10-COMPILED_BY-vs2022 #29369","buildUrl":"https://ci.nodejs.org/job/node-test-binary-windows-js-suites/RUN_SUBSET=2,nodes=win10-COMPILED_BY-vs2022/29369/","buildNumber":29369,"builtOn":"test-azure_msft-win10_vs2019-x64-1","nodeVersion":"23.0.0","commitHash":"4857714108669d35d713d3c062a6146beecc888f","callStack":[{"upstreamBuild":64893,"upstreamProject":"node-test-commit-windows-fanned","upstreamUrl":"job/node-test-commit-windows-fanned/"},{"upstreamBuild":73192,"upstreamProject":"node-test-commit","upstreamUrl":"job/node-test-commit/"},{"upstreamBuild":61245,"upstreamProject":"node-test-pull-request","upstreamUrl":"job/node-test-pull-request/"},{"prId":"54279"}],"tap":{"ok":false,"name":"parallel/test-runner-run-watch","id":898,"buffered":false,"tapError":null,"skip":false,"todo":false,"previous":null,"plan":null,"diag":{"severity":"fail","exitcode":1,"stack":"timeout\nTAP version 13\n# Subtest: test runner watch mode\n    # Subtest: should run tests repeatedly\n    not ok 1 - should run tests repeatedly\n      ---\n      duration_ms: 6195.5443\n      location: 'c:\\\\workspace\\\\node-test-binary-windows-js-suites\\\\node\\\\test\\\\parallel\\\\test-runner-run-watch.mjs:155:3'\n      failureType: 'testCodeFailure'\n      error: |-\n        The input did not match the regular expression /# tests 1/. Input:\n        \n        '# Subtest: test.js\\n' +\n          'not ok 2 - test.js\\n' +\n          '  ---\\n' +\n          '  duration_ms: 1112.3815\\n' +\n          \"  location: 'c:\\\\\\\\workspace\\\\\\\\node-test-binary-windows-js-suites\\\\\\\\node\\\\\\\\test\\\\\\\\.tmp.682\\\\\\\\test.js:1:1'\\n\" +\n          \"  failureType: 'testCodeFailure'\\n\" +\n          '  exitCode: ~\\n' +\n          \"  signal: 'SIGTERM'\\n\" +\n          \"  error: 'test failed'\\n\" +\n          \"  code: 'ERR_TEST_FAILURE'\\n\" +\n          '  ...\\n' +\n          '# Subtest: test has ran\\n' +\n          'ok 2 - test has ran\\n' +\n          '  ---\\n' +\n          '  duration_ms: 20.5164\\n' +\n          '  ...\\n' +\n          '# Subtest: test.js\\n' +\n          'not ok 3 - test.js\\n' +\n          '  ---\\n' +\n          '  duration_ms: 1030.0719\\n' +\n          \"  location: 'c:\\\\\\\\workspace\\\\\\\\node-test-binary-windows-js-suites\\\\\\\\node\\\\\\\\test\\\\\\\\.tmp.682\\\\\\\\test.js:1:1'\\n\" +\n          \"  failureType: 'testCodeFailure'\\n\" +\n          '  exitCode: ~\\n' +\n          \"  signal: 'SIGTERM'\\n\" +\n          \"  error: 'test failed'\\n\" +\n          \"  code: 'ERR_TEST_FAILURE'\\n\" +\n          '  ...\\n' +\n          '# Subtest: test has ran\\n' +\n          'ok 4 - test has ran\\n' +\n          '  ---\\n' +\n          '  duration_ms: 10.2527\\n' +\n          '  ...\\n' +\n          '1..4\\n' +\n          '# tests 4\\n' +\n          '# suites 0\\n' +\n          '# pass 2\\n' +\n          '# fail 2\\n' +\n          '# cancelled 0\\n' +\n          '# skipped 0\\n' +\n          '# todo 0\\n' +\n          '# duration_ms 1056.7895\\n'\n        \n      code: 'ERR_ASSERTION'\n      name: 'AssertionError'\n      expected:\n      actual: |-\n        # Subtest: test.js\n        not ok 2 - test.js\n          ---\n          duration_ms: 1112.3815\n          location: 'c:\\\\workspace\\\\node-test-binary-windows-js-suites\\\\node\\\\test\\\\.tmp.682\\\\test.js:1:1'\n          failureType: 'testCodeFailure'\n          exitCode: ~\n          signal: 'SIGTERM'\n          error: 'test failed'\n          code: 'ERR_TEST_FAILURE'\n          ...\n        # Subtest: test has ran\n        ok 2 - test has ran\n          ---\n          duration_ms: 20.5164\n          ...\n        # Subtest: test.js\n        not ok 3 - test.js\n          ---\n          duration_ms: 1030.0719\n          location: 'c:\\\\workspace\\\\node-test-binary-windows-js-suites\\\\node\\\\test\\\\.tmp.682\\\\test.js:1:1'\n          failureType: 'testCodeFailure'\n          exitCode: ~\n          signal: 'SIGTERM'\n          error: 'test failed'\n          code: 'ERR_TEST_FAILURE'\n          ...\n        # Subtest: test has ran\n        ok 4 - test has ran\n          ---\n          duration_ms: 10.2527\n          ...\n        1..4\n        # tests 4\n        # suites 0\n        # pass 2\n        # fail 2\n        # cancelled 0\n        # skipped 0\n        # todo 0\n        # duration_ms 1056.7895\n        \n      operator: 'match'\n      stack: |-\n        testUpdate (file:///c:/workspace/node-test-binary-windows-js-suites/node/test/parallel/test-runner-run-watch.mjs:81:14)\n        process.processTicksAndRejections (node:internal/process/task_queues:105:5)\n        async testWatch (file:///c:/workspace/node-test-binary-windows-js-suites/node/test/parallel/test-runner-run-watch.mjs:147:26)\n        async TestContext.<anonymous> (file:///c:/workspace/node-test-binary-windows-js-suites/node/test/parallel/test-runner-run-watch.mjs:156:5)\n        async Test.run (node:internal/test_runner/test:879:9)\n        async Promise.all (index 0)\n        async Suite.run (node:internal/test_runner/test:1239:7)\n        async Test.processPendingSubtests (node:internal/test_runner/test:590:7)\n      ..."},"time":121577.529,"fullname":"parallel/test-runner-run-watch","closingTestPoint":false}},{"testName":"test/None","timestamp":1724094921797,"status":"FAILED","jobName":"node-test-binary-windows-js-suites","config":"node-test-binary-windows-js-suites » 2,win10-COMPILED_BY-vs2022 #29369","buildUrl":"https://ci.nodejs.org/job/node-test-binary-windows-js-suites/RUN_SUBSET=2,nodes=win10-COMPILED_BY-vs2022/29369/","buildNumber":29369,"builtOn":"test-azure_msft-win10_vs2019-x64-1","nodeVersion":"23.0.0","commitHash":"4857714108669d35d713d3c062a6146beecc888f","callStack":[{"upstreamBuild":64893,"upstreamProject":"node-test-commit-windows-fanned","upstreamUrl":"job/node-test-commit-windows-fanned/"},{"upstreamBuild":73192,"upstreamProject":"node-test-commit","upstreamUrl":"job/node-test-commit/"},{"upstreamBuild":61245,"upstreamProject":"node-test-pull-request","upstreamUrl":"job/node-test-pull-request/"},{"prId":"54279"}],"tap":null},{"testName":"- test/js","timestamp":1724094921797,"status":"FAILED","jobName":"node-test-binary-windows-js-suites","config":"node-test-binary-windows-js-suites » 2,win10-COMPILED_BY-vs2022 #29369","buildUrl":"https://ci.nodejs.org/job/node-test-binary-windows-js-suites/RUN_SUBSET=2,nodes=win10-COMPILED_BY-vs2022/29369/","buildNumber":29369,"builtOn":"test-azure_msft-win10_vs2019-x64-1","nodeVersion":"23.0.0","commitHash":"4857714108669d35d713d3c062a6146beecc888f","callStack":[{"upstreamBuild":64893,"upstreamProject":"node-test-commit-windows-fanned","upstreamUrl":"job/node-test-commit-windows-fanned/"},{"upstreamBuild":73192,"upstreamProject":"node-test-commit","upstreamUrl":"job/node-test-commit/"},{"upstreamBuild":61245,"upstreamProject":"node-test-pull-request","upstreamUrl":"job/node-test-pull-request/"},{"prId":"54279"}],"tap":null}]}