{"failedTests":[{"testName":"js-tests.junit.xml/[empty]","timestamp":1724158228682,"status":"FAILED","jobName":"node-test-binary-windows-js-suites","config":"node-test-binary-windows-js-suites » 2,win10-COMPILED_BY-vs2022 #29395","buildUrl":"https://ci.nodejs.org/job/node-test-binary-windows-js-suites/RUN_SUBSET=2,nodes=win10-COMPILED_BY-vs2022/29395/","buildNumber":29395,"builtOn":"test-azure_msft-win10_vs2019-x64-1","nodeVersion":"20.16.1","commitHash":"44268c27eb8f735d1cca959cabbc3daf418d6006","callStack":[{"upstreamBuild":64919,"upstreamProject":"node-test-commit-windows-fanned","upstreamUrl":"job/node-test-commit-windows-fanned/"},{"upstreamBuild":73223,"upstreamProject":"node-test-commit","upstreamUrl":"job/node-test-commit/"},{"upstreamBuild":292,"upstreamProject":"node-daily-v20.x-staging","upstreamUrl":"job/node-daily-v20.x-staging/"}],"tap":null},{"testName":"parallel/test-cli-syntax-piped-bad","timestamp":1724158228682,"status":"REGRESSION","jobName":"node-test-binary-windows-js-suites","config":"node-test-binary-windows-js-suites » 3,win2019-COMPILED_BY-vs2019 #29395","buildUrl":"https://ci.nodejs.org/job/node-test-binary-windows-js-suites/RUN_SUBSET=3,nodes=win2019-COMPILED_BY-vs2019/29395/","buildNumber":29395,"builtOn":"test-rackspace-win2019_vs2019-x64-1","nodeVersion":"20.16.1","commitHash":"44268c27eb8f735d1cca959cabbc3daf418d6006","callStack":[{"upstreamBuild":64919,"upstreamProject":"node-test-commit-windows-fanned","upstreamUrl":"job/node-test-commit-windows-fanned/"},{"upstreamBuild":73223,"upstreamProject":"node-test-commit","upstreamUrl":"job/node-test-commit/"},{"upstreamBuild":292,"upstreamProject":"node-daily-v20.x-staging","upstreamUrl":"job/node-daily-v20.x-staging/"}],"tap":{"ok":false,"name":"parallel/test-cli-syntax-piped-bad","id":125,"buffered":false,"tapError":null,"skip":false,"todo":false,"previous":null,"plan":null,"diag":{"severity":"fail","exitcode":1,"stack":"C:\\workspace\\node-test-binary-windows-js-suites\\node\\test\\parallel\\test-cli-syntax-piped-bad.js:26\n  assert(c.stderr.startsWith('[stdin]'), `${c.stderr} starts with ${stdin}`);\n                  ^\n\nTypeError: Cannot read properties of null (reading 'startsWith')\n    at C:\\workspace\\node-test-binary-windows-js-suites\\node\\test\\parallel\\test-cli-syntax-piped-bad.js:26:19\n    at Array.forEach (<anonymous>)\n    at Object.<anonymous> (C:\\workspace\\node-test-binary-windows-js-suites\\node\\test\\parallel\\test-cli-syntax-piped-bad.js:21:12)\n    at Module._compile (node:internal/modules/cjs/loader:1469:14)\n    at Module._extensions..js (node:internal/modules/cjs/loader:1548:10)\n    at Module.load (node:internal/modules/cjs/loader:1288:32)\n    at Module._load (node:internal/modules/cjs/loader:1104:12)\n    at Function.executeUserEntryPoint [as runMain] (node:internal/modules/run_main:174:12)\n    at node:internal/main/run_main_module:28:49\n\nNode.js v20.16.1-pre"},"time":504.043,"fullname":"parallel/test-cli-syntax-piped-bad","closingTestPoint":false}},{"testName":"parallel/test-cli-bad-options","timestamp":1724158228682,"status":"REGRESSION","jobName":"node-test-binary-windows-js-suites","config":"node-test-binary-windows-js-suites » 3,win2019-COMPILED_BY-vs2019 #29395","buildUrl":"https://ci.nodejs.org/job/node-test-binary-windows-js-suites/RUN_SUBSET=3,nodes=win2019-COMPILED_BY-vs2019/29395/","buildNumber":29395,"builtOn":"test-rackspace-win2019_vs2019-x64-1","nodeVersion":"20.16.1","commitHash":"44268c27eb8f735d1cca959cabbc3daf418d6006","callStack":[{"upstreamBuild":64919,"upstreamProject":"node-test-commit-windows-fanned","upstreamUrl":"job/node-test-commit-windows-fanned/"},{"upstreamBuild":73223,"upstreamProject":"node-test-commit","upstreamUrl":"job/node-test-commit/"},{"upstreamBuild":292,"upstreamProject":"node-daily-v20.x-staging","upstreamUrl":"job/node-daily-v20.x-staging/"}],"tap":{"ok":false,"name":"parallel/test-cli-bad-options","id":126,"buffered":false,"tapError":null,"skip":false,"todo":false,"previous":null,"plan":null,"diag":{"severity":"fail","exitcode":1,"stack":"node:assert:126\n  throw new AssertionError(obj);\n  ^\n\nAssertionError [ERR_ASSERTION]: Expected values to be strictly equal:\n\n2147483651 !== 1\n\n    at missingOption (C:\\workspace\\node-test-binary-windows-js-suites\\node\\test\\parallel\\test-cli-bad-options.js:22:10)\n    at Object.<anonymous> (C:\\workspace\\node-test-binary-windows-js-suites\\node\\test\\parallel\\test-cli-bad-options.js:17:1)\n    at Module._compile (node:internal/modules/cjs/loader:1469:14)\n    at Module._extensions..js (node:internal/modules/cjs/loader:1548:10)\n    at Module.load (node:internal/modules/cjs/loader:1288:32)\n    at Module._load (node:internal/modules/cjs/loader:1104:12)\n    at Function.executeUserEntryPoint [as runMain] (node:internal/modules/run_main:174:12)\n    at node:internal/main/run_main_module:28:49 {\n  generatedMessage: true,\n  code: 'ERR_ASSERTION',\n  actual: 2147483651,\n  expected: 1,\n  operator: 'strictEqual'\n}\n\nNode.js v20.16.1-pre"},"time":988.019,"fullname":"parallel/test-cli-bad-options","closingTestPoint":false}},{"testName":"parallel/test-cli-node-options","timestamp":1724158228682,"status":"REGRESSION","jobName":"node-test-binary-windows-js-suites","config":"node-test-binary-windows-js-suites » 3,win2019-COMPILED_BY-vs2019 #29395","buildUrl":"https://ci.nodejs.org/job/node-test-binary-windows-js-suites/RUN_SUBSET=3,nodes=win2019-COMPILED_BY-vs2019/29395/","buildNumber":29395,"builtOn":"test-rackspace-win2019_vs2019-x64-1","nodeVersion":"20.16.1","commitHash":"44268c27eb8f735d1cca959cabbc3daf418d6006","callStack":[{"upstreamBuild":64919,"upstreamProject":"node-test-commit-windows-fanned","upstreamUrl":"job/node-test-commit-windows-fanned/"},{"upstreamBuild":73223,"upstreamProject":"node-test-commit","upstreamUrl":"job/node-test-commit/"},{"upstreamBuild":292,"upstreamProject":"node-daily-v20.x-staging","upstreamUrl":"job/node-daily-v20.x-staging/"}],"tap":{"ok":false,"name":"parallel/test-cli-node-options","id":127,"buffered":false,"tapError":null,"skip":false,"todo":false,"previous":null,"plan":null,"diag":{"severity":"crashed","exitcode":2147483651,"stack":"Can't clean tmpdir: C:\\workspace\\node-test-binary-windows-js-suites\\node\\test\\.tmp.128\nFiles blocking: []\n\nnode:internal/child_process:421\n    throw new ErrnoException(err, 'spawn');\n    ^\n\nError: spawn UNKNOWN\n    at ChildProcess.spawn (node:internal/child_process:421:11)\n    at spawn (node:child_process:762:9)\n    at execFile (node:child_process:351:17)\n    at expect (C:\\workspace\\node-test-binary-windows-js-suites\\node\\test\\parallel\\test-cli-node-options.js:119:3)\n    at expectNoWorker (C:\\workspace\\node-test-binary-windows-js-suites\\node\\test\\parallel\\test-cli-node-options.js:89:3)\n    at Object.<anonymous> (C:\\workspace\\node-test-binary-windows-js-suites\\node\\test\\parallel\\test-cli-node-options.js:33:1)\n    at Module._compile (node:internal/modules/cjs/loader:1469:14)\n    at Module._extensions..js (node:internal/modules/cjs/loader:1548:10)\n    at Module.load (node:internal/modules/cjs/loader:1288:32)\n    at Module._load (node:internal/modules/cjs/loader:1104:12) {\n  errno: -4094,\n  code: 'UNKNOWN',\n  syscall: 'spawn'\n}\n\nNode.js v20.16.1-pre\n\n#\n# Fatal javascript OOM in MemoryChunk allocation failed during deserialization.\n#\n\n\n#\n# Fatal process OOM in Re-embedded builtins: set permissions\n#"},"time":792.016,"fullname":"parallel/test-cli-node-options","closingTestPoint":false}}]}