{"failedTests":[{"testName":"parallel/test-http2-socket-close","timestamp":1724437121509,"status":"REGRESSION","jobName":"node-test-binary-windows-js-suites","config":"node-test-binary-windows-js-suites » 0,win10-COMPILED_BY-vs2022 #29485","buildUrl":"https://ci.nodejs.org/job/node-test-binary-windows-js-suites/RUN_SUBSET=0,nodes=win10-COMPILED_BY-vs2022/29485/","buildNumber":29485,"builtOn":"test-azure_msft-win10_vs2019-x64-1","nodeVersion":"23.0.0","commitHash":"9b0a26a742525e97c5f996bfac7afb61d5856d60","callStack":[{"upstreamBuild":65016,"upstreamProject":"node-test-commit-windows-fanned","upstreamUrl":"job/node-test-commit-windows-fanned/"},{"upstreamBuild":73341,"upstreamProject":"node-test-commit","upstreamUrl":"job/node-test-commit/"},{"upstreamBuild":61381,"upstreamProject":"node-test-pull-request","upstreamUrl":"job/node-test-pull-request/"},{"prId":"54524"}],"tap":{"ok":false,"name":"parallel/test-http2-socket-close","id":491,"buffered":false,"tapError":null,"skip":false,"todo":false,"previous":null,"plan":null,"diag":{"severity":"fail","exitcode":1,"stack":"node:events:498\n      throw er; // Unhandled 'error' event\n      ^\n\nError: read ECONNRESET\n    at TLSWrap.onStreamRead (node:internal/stream_base_commons:218:20)\nEmitted 'error' event on ClientHttp2Stream instance at:\n    at emitErrorNT (node:internal/streams/destroy:170:8)\n    at emitErrorCloseNT (node:internal/streams/destroy:129:3)\n    at process.processTicksAndRejections (node:internal/process/task_queues:90:21) {\n  errno: -4077,\n  code: 'ECONNRESET',\n  syscall: 'read'\n}\n\nNode.js v23.0.0-pre"},"time":1901.738,"fullname":"parallel/test-http2-socket-close","closingTestPoint":false}},{"testName":"parallel/test-runner-watch-mode","timestamp":1724437121509,"status":"FAILED","jobName":"node-test-binary-windows-js-suites","config":"node-test-binary-windows-js-suites » 0,win10-COMPILED_BY-vs2022 #29485","buildUrl":"https://ci.nodejs.org/job/node-test-binary-windows-js-suites/RUN_SUBSET=0,nodes=win10-COMPILED_BY-vs2022/29485/","buildNumber":29485,"builtOn":"test-azure_msft-win10_vs2019-x64-1","nodeVersion":"23.0.0","commitHash":"9b0a26a742525e97c5f996bfac7afb61d5856d60","callStack":[{"upstreamBuild":65016,"upstreamProject":"node-test-commit-windows-fanned","upstreamUrl":"job/node-test-commit-windows-fanned/"},{"upstreamBuild":73341,"upstreamProject":"node-test-commit","upstreamUrl":"job/node-test-commit/"},{"upstreamBuild":61381,"upstreamProject":"node-test-pull-request","upstreamUrl":"job/node-test-pull-request/"},{"prId":"54524"}],"tap":{"ok":false,"name":"parallel/test-runner-watch-mode","id":907,"buffered":false,"tapError":null,"skip":false,"todo":": Fix flaky test","previous":null,"plan":null,"diag":{"severity":"fail","exitcode":1,"stack":"timeout\nTAP version 13\n# Subtest: test runner watch mode\n    # Subtest: should run tests repeatedly\n    not ok 1 - should run tests repeatedly\n      ---\n      duration_ms: 6697.4841\n      location: 'c:\\\\workspace\\\\node-test-binary-windows-js-suites\\\\node\\\\test\\\\parallel\\\\test-runner-watch-mode.mjs:136:3'\n      failureType: 'testCodeFailure'\n      error: |-\n        The input did not match the regular expression /# tests 1/. Input:\n        \n        '# Subtest: c:\\\\\\\\workspace\\\\\\\\node-test-binary-windows-js-suites\\\\\\\\node\\\\\\\\test\\\\\\\\.tmp.686\\\\\\\\test.js\\n' +\n          'not ok 2 - c:\\\\\\\\workspace\\\\\\\\node-test-binary-windows-js-suites\\\\\\\\node\\\\\\\\test\\\\\\\\.tmp.686\\\\\\\\test.js\\n' +\n          '  ---\\n' +\n          '  duration_ms: 1035.4507\\n' +\n          \"  location: 'c:\\\\\\\\workspace\\\\\\\\node-test-binary-windows-js-suites\\\\\\\\node\\\\\\\\test\\\\\\\\.tmp.686\\\\\\\\test.js:1:1'\\n\" +\n          \"  failureType: 'testCodeFailure'\\n\" +\n          '  exitCode: ~\\n' +\n          \"  signal: 'SIGTERM'\\n\" +\n          \"  error: 'test failed'\\n\" +\n          \"  code: 'ERR_TEST_FAILURE'\\n\" +\n          '  ...\\n' +\n          '# Subtest: test has ran\\n' +\n          'ok 2 - test has ran\\n' +\n          '  ---\\n' +\n          '  duration_ms: 9.9476\\n' +\n          '  ...\\n' +\n          '# Subtest: c:\\\\\\\\workspace\\\\\\\\node-test-binary-windows-js-suites\\\\\\\\node\\\\\\\\test\\\\\\\\.tmp.686\\\\\\\\test.js\\n' +\n          'not ok 3 - c:\\\\\\\\workspace\\\\\\\\node-test-binary-windows-js-suites\\\\\\\\node\\\\\\\\test\\\\\\\\.tmp.686\\\\\\\\test.js\\n' +\n          '  ---\\n' +\n          '  duration_ms: 993.1299\\n' +\n          \"  location: 'c:\\\\\\\\workspace\\\\\\\\node-test-binary-windows-js-suites\\\\\\\\node\\\\\\\\test\\\\\\\\.tmp.686\\\\\\\\test.js:1:1'\\n\" +\n          \"  failureType: 'testCodeFailure'\\n\" +\n          '  exitCode: ~\\n' +\n          \"  signal: 'SIGTERM'\\n\" +\n          \"  error: 'test failed'\\n\" +\n          \"  code: 'ERR_TEST_FAILURE'\\n\" +\n          '  ...\\n' +\n          '# Subtest: test has ran\\n' +\n          'ok 4 - test has ran\\n' +\n          '  ---\\n' +\n          '  duration_ms: 10.258\\n' +\n          '  ...\\n' +\n          '1..4\\n' +\n          '# tests 4\\n' +\n          '# suites 0\\n' +\n          '# pass 2\\n' +\n          '# fail 2\\n' +\n          '# cancelled 0\\n' +\n          '# skipped 0\\n' +\n          '# todo 0\\n' +\n          '# duration_ms 1264.6772\\n'\n        \n      code: 'ERR_ASSERTION'\n      name: 'AssertionError'\n      expected:\n      actual: |-\n        # Subtest: c:\\\\workspace\\\\node-test-binary-windows-js-suites\\\\node\\\\test\\\\.tmp.686\\\\test.js\n        not ok 2 - c:\\\\workspace\\\\node-test-binary-windows-js-suites\\\\node\\\\test\\\\.tmp.686\\\\test.js\n          ---\n          duration_ms: 1035.4507\n          location: 'c:\\\\workspace\\\\node-test-binary-windows-js-suites\\\\node\\\\test\\\\.tmp.686\\\\test.js:1:1'\n          failureType: 'testCodeFailure'\n          exitCode: ~\n          signal: 'SIGTERM'\n          error: 'test failed'\n          code: 'ERR_TEST_FAILURE'\n          ...\n        # Subtest: test has ran\n        ok 2 - test has ran\n          ---\n          duration_ms: 9.9476\n          ...\n        # Subtest: c:\\\\workspace\\\\node-test-binary-windows-js-suites\\\\node\\\\test\\\\.tmp.686\\\\test.js\n        not ok 3 - c:\\\\workspace\\\\node-test-binary-windows-js-suites\\\\node\\\\test\\\\.tmp.686\\\\test.js\n          ---\n          duration_ms: 993.1299\n          location: 'c:\\\\workspace\\\\node-test-binary-windows-js-suites\\\\node\\\\test\\\\.tmp.686\\\\test.js:1:1'\n          failureType: 'testCodeFailure'\n          exitCode: ~\n          signal: 'SIGTERM'\n          error: 'test failed'\n          code: 'ERR_TEST_FAILURE'\n          ...\n        # Subtest: test has ran\n        ok 4 - test has ran\n          ---\n          duration_ms: 10.258\n          ...\n        1..4\n        # tests 4\n        # suites 0\n        # pass 2\n        # fail 2\n        # cancelled 0\n        # skipped 0\n        # todo 0\n        # duration_ms 1264.6772\n        \n      operator: 'match'\n      stack: |-\n        testUpdate (file:///c:/workspace/node-test-binary-windows-js-suites/node/test/parallel/test-runner-watch-mode.mjs:74:14)\n        process.processTicksAndRejections (node:internal/process/task_queues:105:5)\n        async testWatch (file:///c:/workspace/node-test-binary-windows-js-suites/node/test/parallel/test-runner-watch-mode.mjs:129:26)\n        async TestContext.<anonymous> (file:///c:/workspace/node-test-binary-windows-js-suites/node/test/parallel/test-runner-watch-mode.mjs:137:5)\n        async Test.run (node:internal/test_runner/test:886:9)\n        async Promise.all (index 0)\n        async Suite.run (node:internal/test_runner/test:1247:7)\n        async startSubtestAfterBootstrap (node:internal/test_runner/harness:280:3)\n      ..."},"time":122505.844,"fullname":"parallel/test-runner-watch-mode","closingTestPoint":false}},{"testName":"test/None","timestamp":1724437121509,"status":"FAILED","jobName":"node-test-binary-windows-js-suites","config":"node-test-binary-windows-js-suites » 0,win10-COMPILED_BY-vs2022 #29485","buildUrl":"https://ci.nodejs.org/job/node-test-binary-windows-js-suites/RUN_SUBSET=0,nodes=win10-COMPILED_BY-vs2022/29485/","buildNumber":29485,"builtOn":"test-azure_msft-win10_vs2019-x64-1","nodeVersion":"23.0.0","commitHash":"9b0a26a742525e97c5f996bfac7afb61d5856d60","callStack":[{"upstreamBuild":65016,"upstreamProject":"node-test-commit-windows-fanned","upstreamUrl":"job/node-test-commit-windows-fanned/"},{"upstreamBuild":73341,"upstreamProject":"node-test-commit","upstreamUrl":"job/node-test-commit/"},{"upstreamBuild":61381,"upstreamProject":"node-test-pull-request","upstreamUrl":"job/node-test-pull-request/"},{"prId":"54524"}],"tap":null},{"testName":"- c:/\\workspace\\\\node-test-binary-windows-js-suites\\\\node\\\\test\\\\.tmp.686\\\\test/js","timestamp":1724437121509,"status":"FAILED","jobName":"node-test-binary-windows-js-suites","config":"node-test-binary-windows-js-suites » 0,win10-COMPILED_BY-vs2022 #29485","buildUrl":"https://ci.nodejs.org/job/node-test-binary-windows-js-suites/RUN_SUBSET=0,nodes=win10-COMPILED_BY-vs2022/29485/","buildNumber":29485,"builtOn":"test-azure_msft-win10_vs2019-x64-1","nodeVersion":"23.0.0","commitHash":"9b0a26a742525e97c5f996bfac7afb61d5856d60","callStack":[{"upstreamBuild":65016,"upstreamProject":"node-test-commit-windows-fanned","upstreamUrl":"job/node-test-commit-windows-fanned/"},{"upstreamBuild":73341,"upstreamProject":"node-test-commit","upstreamUrl":"job/node-test-commit/"},{"upstreamBuild":61381,"upstreamProject":"node-test-pull-request","upstreamUrl":"job/node-test-pull-request/"},{"prId":"54524"}],"tap":null}]}