{"failedTests":[{"testName":"parallel/test-http2-socket-close","timestamp":1724787823936,"status":"REGRESSION","jobName":"node-test-binary-windows-js-suites","config":"node-test-binary-windows-js-suites » 0,win10-COMPILED_BY-vs2022 #29644","buildUrl":"https://ci.nodejs.org/job/node-test-binary-windows-js-suites/RUN_SUBSET=0,nodes=win10-COMPILED_BY-vs2022/29644/","buildNumber":29644,"builtOn":"test-azure_msft-win10_vs2019-x64-1","nodeVersion":"23.0.0","commitHash":"e36c6834a0fa8b92cc9b84d72bc4bf08759795a1","callStack":[{"upstreamBuild":65191,"upstreamProject":"node-test-commit-windows-fanned","upstreamUrl":"job/node-test-commit-windows-fanned/"},{"upstreamBuild":73542,"upstreamProject":"node-test-commit","upstreamUrl":"job/node-test-commit/"},{"upstreamBuild":61562,"upstreamProject":"node-test-pull-request","upstreamUrl":"job/node-test-pull-request/"},{"prId":"54593"}],"tap":{"ok":false,"name":"parallel/test-http2-socket-close","id":491,"buffered":false,"tapError":null,"skip":false,"todo":false,"previous":null,"plan":null,"diag":{"severity":"fail","exitcode":1,"stack":"node:events:498\n      throw er; // Unhandled 'error' event\n      ^\n\nError: read ECONNRESET\n    at TLSWrap.onStreamRead (node:internal/stream_base_commons:218:20)\nEmitted 'error' event on ClientHttp2Stream instance at:\n    at emitErrorNT (node:internal/streams/destroy:170:8)\n    at emitErrorCloseNT (node:internal/streams/destroy:129:3)\n    at process.processTicksAndRejections (node:internal/process/task_queues:90:21) {\n  errno: -4077,\n  code: 'ECONNRESET',\n  syscall: 'read'\n}\n\nNode.js v23.0.0-pre"},"time":1727.147,"fullname":"parallel/test-http2-socket-close","closingTestPoint":false}},{"testName":"parallel/test-runner-watch-mode-complex","timestamp":1724787823936,"status":"REGRESSION","jobName":"node-test-binary-windows-js-suites","config":"node-test-binary-windows-js-suites » 0,win10-COMPILED_BY-vs2022 #29644","buildUrl":"https://ci.nodejs.org/job/node-test-binary-windows-js-suites/RUN_SUBSET=0,nodes=win10-COMPILED_BY-vs2022/29644/","buildNumber":29644,"builtOn":"test-azure_msft-win10_vs2019-x64-1","nodeVersion":"23.0.0","commitHash":"e36c6834a0fa8b92cc9b84d72bc4bf08759795a1","callStack":[{"upstreamBuild":65191,"upstreamProject":"node-test-commit-windows-fanned","upstreamUrl":"job/node-test-commit-windows-fanned/"},{"upstreamBuild":73542,"upstreamProject":"node-test-commit","upstreamUrl":"job/node-test-commit/"},{"upstreamBuild":61562,"upstreamProject":"node-test-pull-request","upstreamUrl":"job/node-test-pull-request/"},{"prId":"54593"}],"tap":{"ok":false,"name":"parallel/test-runner-watch-mode-complex","id":691,"buffered":false,"tapError":null,"skip":false,"todo":false,"previous":null,"plan":null,"diag":{"severity":"fail","exitcode":1,"stack":"▶ test runner watch mode with more complex setup\n  ✖ should run tests when a dependency changed after a watched test file being deleted (6065.4612ms)\n    AssertionError [ERR_ASSERTION]: The input did not match the regular expression /tests 2/. Input:\n    \n    '✖ test-2.mjs (1109.4335ms)\\n' +\n      \"  'test failed'\\n\" +\n      '\\n' +\n      '✔ first test has ran (11.0531ms)\\n' +\n      '✔ second test has ran (10.7553ms)\\n' +\n      'ℹ tests 3\\n' +\n      'ℹ suites 0\\n' +\n      'ℹ pass 2\\n' +\n      'ℹ fail 1\\n' +\n      'ℹ cancelled 0\\n' +\n      'ℹ skipped 0\\n' +\n      'ℹ todo 0\\n' +\n      'ℹ duration_ms 1941.0729\\n'\n    \n        at TestContext.<anonymous> (file:///c:/workspace/node-test-binary-windows-js-suites/node/test/parallel/test-runner-watch-mode-complex.mjs:99:12)\n        at process.processTicksAndRejections (node:internal/process/task_queues:105:5)\n        at async Test.run (node:internal/test_runner/test:888:9)\n        at async Promise.all (index 0)\n        at async Suite.run (node:internal/test_runner/test:1268:7)\n        at async startSubtestAfterBootstrap (node:internal/test_runner/harness:280:3) {\n      generatedMessage: true,\n      code: 'ERR_ASSERTION',\n      actual: \"✖ test-2.mjs (1109.4335ms)\\n  'test failed'\\n\\n✔ first test has ran (11.0531ms)\\n✔ second test has ran (10.7553ms)\\nℹ tests 3\\nℹ suites 0\\nℹ pass 2\\nℹ fail 1\\nℹ cancelled 0\\n...\",\n      expected: /tests 2/,\n      operator: 'match'\n    }\n\n▶ test runner watch mode with more complex setup (6096.0704ms)\nℹ tests 1\nℹ suites 1\nℹ pass 0\nℹ fail 1\nℹ cancelled 0\nℹ skipped 0\nℹ todo 0\nℹ duration_ms 6253.768\n\n✖ failing tests:\n\ntest at test\\parallel\\test-runner-watch-mode-complex.mjs:53:3\n✖ should run tests when a dependency changed after a watched test file being deleted (6065.4612ms)\n  AssertionError [ERR_ASSERTION]: The input did not match the regular expression /tests 2/. Input:\n  \n  '✖ test-2.mjs (1109.4335ms)\\n' +\n    \"  'test failed'\\n\" +\n    '\\n' +\n    '✔ first test has ran (11.0531ms)\\n' +\n    '✔ second test has ran (10.7553ms)\\n' +\n    'ℹ tests 3\\n' +\n    'ℹ suites 0\\n' +\n    'ℹ pass 2\\n' +\n    'ℹ fail 1\\n' +\n    'ℹ cancelled 0\\n' +\n    'ℹ skipped 0\\n' +\n    'ℹ todo 0\\n' +\n    'ℹ duration_ms 1941.0729\\n'\n  \n      at TestContext.<anonymous> (file:///c:/workspace/node-test-binary-windows-js-suites/node/test/parallel/test-runner-watch-mode-complex.mjs:99:12)\n      at process.processTicksAndRejections (node:internal/process/task_queues:105:5)\n      at async Test.run (node:internal/test_runner/test:888:9)\n      at async Promise.all (index 0)\n      at async Suite.run (node:internal/test_runner/test:1268:7)\n      at async startSubtestAfterBootstrap (node:internal/test_runner/harness:280:3) {\n    generatedMessage: true,\n    code: 'ERR_ASSERTION',\n    actual: \"✖ test-2.mjs (1109.4335ms)\\n  'test failed'\\n\\n✔ first test has ran (11.0531ms)\\n✔ second test has ran (10.7553ms)\\nℹ tests 3\\nℹ suites 0\\nℹ pass 2\\nℹ fail 1\\nℹ cancelled 0\\n...\",\n    expected: /tests 2/,\n    operator: 'match'\n  }"},"time":8055.209,"fullname":"parallel/test-runner-watch-mode-complex","closingTestPoint":false}},{"testName":"parallel/test-error-serdes","timestamp":1724787823936,"status":"FAILED","jobName":"node-test-binary-windows-js-suites","config":"node-test-binary-windows-js-suites » 3,win2019-COMPILED_BY-vs2022 #29644","buildUrl":"https://ci.nodejs.org/job/node-test-binary-windows-js-suites/RUN_SUBSET=3,nodes=win2019-COMPILED_BY-vs2022/29644/","buildNumber":29644,"builtOn":"test-rackspace-win2019_vs2019-x64-2","nodeVersion":"23.0.0","commitHash":"e36c6834a0fa8b92cc9b84d72bc4bf08759795a1","callStack":[{"upstreamBuild":65191,"upstreamProject":"node-test-commit-windows-fanned","upstreamUrl":"job/node-test-commit-windows-fanned/"},{"upstreamBuild":73542,"upstreamProject":"node-test-commit","upstreamUrl":"job/node-test-commit/"},{"upstreamBuild":61562,"upstreamProject":"node-test-pull-request","upstreamUrl":"job/node-test-pull-request/"},{"prId":"54593"}],"tap":{"ok":false,"name":"parallel/test-error-serdes","id":953,"buffered":false,"tapError":null,"skip":false,"todo":": Fix flaky test","previous":null,"plan":null,"diag":{"severity":"fail","exitcode":1,"stack":"timeout"},"time":120538.721,"fullname":"parallel/test-error-serdes","closingTestPoint":false}}]}