{"failedTests":[{"testName":"parallel/test-runner-run-watch","timestamp":1724821380796,"status":"FAILED","jobName":"node-test-binary-windows-js-suites","config":"node-test-binary-windows-js-suites » 2,win10-COMPILED_BY-vs2022 #29649","buildUrl":"https://ci.nodejs.org/job/node-test-binary-windows-js-suites/RUN_SUBSET=2,nodes=win10-COMPILED_BY-vs2022/29649/","buildNumber":29649,"builtOn":"test-azure_msft-win10_vs2019-x64-1","nodeVersion":"23.0.0","commitHash":"e36c6834a0fa8b92cc9b84d72bc4bf08759795a1","callStack":[{"upstreamBuild":65198,"upstreamProject":"node-test-commit-windows-fanned","upstreamUrl":"job/node-test-commit-windows-fanned/"},{"upstreamBuild":73553,"upstreamProject":"node-test-commit","upstreamUrl":"job/node-test-commit/"},{"upstreamBuild":61573,"upstreamProject":"node-test-pull-request","upstreamUrl":"job/node-test-pull-request/"},{"prId":"54593"}],"tap":{"ok":false,"name":"parallel/test-runner-run-watch","id":854,"buffered":false,"tapError":null,"skip":false,"todo":false,"previous":null,"plan":null,"diag":{"severity":"fail","exitcode":1,"stack":"timeout\n▶ test runner watch mode\n  ✖ should run tests repeatedly (12897.1586ms)\n    AssertionError [ERR_ASSERTION]: The input did not match the regular expression /# pass 1/. Input:\n    \n    '# Subtest: test.js\\n' +\n      'not ok 2 - test.js\\n' +\n      '  ---\\n' +\n      '  duration_ms: 1031.7768\\n' +\n      \"  location: 'c:\\\\\\\\workspace\\\\\\\\node-test-binary-windows-js-suites\\\\\\\\node\\\\\\\\test\\\\\\\\.tmp.683\\\\\\\\test.js:1:1'\\n\" +\n      \"  failureType: 'testCodeFailure'\\n\" +\n      '  exitCode: ~\\n' +\n      \"  signal: 'SIGTERM'\\n\" +\n      \"  error: 'test failed'\\n\" +\n      \"  code: 'ERR_TEST_FAILURE'\\n\" +\n      '  ...\\n' +\n      '# Subtest: test has ran\\n' +\n      'ok 2 - test has ran\\n' +\n      '  ---\\n' +\n      '  duration_ms: 10.4605\\n' +\n      '  ...\\n' +\n      '# Subtest: test.js\\n' +\n      'not ok 3 - test.js\\n' +\n      '  ---\\n' +\n      '  duration_ms: 1009.8357\\n' +\n      \"  location: 'c:\\\\\\\\workspace\\\\\\\\node-test-binary-windows-js-suites\\\\\\\\node\\\\\\\\test\\\\\\\\.tmp.683\\\\\\\\test.js:1:1'\\n\" +\n      \"  failureType: 'testCodeFailure'\\n\" +\n      '  exitCode: ~\\n' +\n      \"  signal: 'SIGTERM'\\n\" +\n      \"  error: 'test failed'\\n\" +\n      \"  code: 'ERR_TEST_FAILURE'\\n\" +\n      '  ...\\n' +\n      '# Subtest: test has ran\\n' +\n      'ok 4 - test has ran\\n' +\n      '  ---\\n' +\n      '  duration_ms: 37.5261\\n' +\n      '  ...\\n' +\n      '# Subtest: test.js\\n' +\n      'not ok 4 - test.js\\n' +\n      '  ---\\n' +\n      '  duration_ms: 1035.9883\\n' +\n      \"  location: 'c:\\\\\\\\workspace\\\\\\\\node-test-binary-windows-js-suites\\\\\\\\node\\\\\\\\test\\\\\\\\.tmp.683\\\\\\\\test.js:1:1'\\n\" +\n      \"  failureType: 'testCodeFailure'\\n\" +\n      '  exitCode: ~\\n' +\n      \"  signal: 'SIGTERM'\\n\" +\n      \"  error: 'test failed'\\n\" +\n      \"  code: 'ERR_TEST_FAILURE'\\n\" +\n      '  ...\\n' +\n      '# Subtest: test has ran\\n' +\n      'ok 6 - test has ran\\n' +\n      '  ---\\n' +\n      '  duration_ms: 18.4548\\n' +\n      '  ...\\n' +\n      '# Subtest: test.js\\n' +\n      'not ok 5 - test.js\\n' +\n      '  ---\\n' +\n      '  duration_ms: 1006.9305\\n' +\n      \"  location: 'c:\\\\\\\\workspace\\\\\\\\node-test-binary-windows-js-suites\\\\\\\\node\\\\\\\\test\\\\\\\\.tmp.683\\\\\\\\test.js:1:1'\\n\" +\n      \"  failureType: 'testCodeFailure'\\n\" +\n      '  exitCode: ~\\n' +\n      \"  signal: 'SIGTERM'\\n\" +\n      \"  error: 'test failed'\\n\" +\n      \"  code: 'ERR_TEST_FAILURE'\\n\" +\n      '  ...\\n' +\n      '# Subtest: test has ran\\n' +\n      'ok 8 - test has ran\\n' +\n      '  ---\\n' +\n      '  duration_ms: 18.6042\\n' +\n      '  ...\\n' +\n      '# Subtest: test.js\\n' +\n      'not ok 6 - test.js\\n' +\n      '  ---\\n' +\n      '  duration_ms: 1042.5235\\n' +\n      \"  location: 'c:\\\\\\\\workspace\\\\\\\\node-test-binary-windows-js-suites\\\\\\\\node\\\\\\\\test\\\\\\\\.tmp.683\\\\\\\\test.js:1:1'\\n\" +\n      \"  failureType: 'testCodeFailure'\\n\" +\n      '  exitCode: ~\\n' +\n      \"  signal: 'SIGTERM'\\n\" +\n      \"  error: 'test failed'\\n\" +\n      \"  code: 'ERR_TEST_FAILURE'\\n\" +\n      '  ...\\n' +\n      '# Subtest: test.js\\n' +\n      'not ok 7 - test.js\\n' +\n      '  ---\\n' +\n      '  duration_ms: 1012.7663\\n' +\n      \"  location: 'c:\\\\\\\\workspace\\\\\\\\node-test-binary-windows-js-suites\\\\\\\\node\\\\\\\\test\\\\\\\\.tmp.683\\\\\\\\test.js:1:1'\\n\" +\n      \"  failureType: 'testCodeFailure'\\n\" +\n      '  exitCode: ~\\n' +\n      \"  signal: 'SIGTERM'\\n\" +\n      \"  error: 'test failed'\\n\" +\n      \"  code: 'ERR_TEST_FAILURE'\\n\" +\n      '  ...\\n' +\n      '# Subtest: test.js\\n' +\n      'not ok 8 - test.js\\n' +\n      '  ---\\n' +\n      '  duration_ms: 1020.0849\\n' +\n      \"  location: 'c:\\\\\\\\workspace\\\\\\\\node-test-binary-windows-js-suites\\\\\\\\node\\\\\\\\test\\\\\\\\.tmp.683\\\\\\\\test.js:1:1'\\n\" +\n      \"  failureType: 'testCodeFailure'\\n\" +\n      '  exitCode: ~\\n' +\n      \"  signal: 'SIGTERM'\\n\" +\n      \"  error: 'test failed'\\n\" +\n      \"  code: 'ERR_TEST_FAILURE'\\n\" +\n      '  ...\\n' +\n      '# Subtest: test has ran\\n' +\n      'ok 12 - test has ran\\n' +\n      '  ---\\n' +\n      '  duration_ms: 10.1821\\n' +\n      '  ...\\n' +\n      '1..12\\n' +\n      '# tests 12\\n' +\n      '# suites 0\\n' +\n      '# pass 5\\n' +\n      '# fail 7\\n' +\n      '# cancelled 0\\n' +\n      '# skipped 0\\n' +\n      '# todo 0\\n' +\n      '# duration_ms 1354.4257\\n'\n    \n        at testUpdate (file:///c:/workspace/node-test-binary-windows-js-suites/node/test/parallel/test-runner-run-watch.mjs:82:14)\n        at process.processTicksAndRejections (node:internal/process/task_queues:105:5)\n        at async testWatch (file:///c:/workspace/node-test-binary-windows-js-suites/node/test/parallel/test-runner-run-watch.mjs:147:26)\n        at async TestContext.<anonymous> (file:///c:/workspace/node-test-binary-windows-js-suites/node/test/parallel/test-runner-run-watch.mjs:156:5)\n        at async Test.run (node:internal/test_runner/test:888:9)\n        at async Promise.all (index 0)\n        at async Suite.run (node:internal/test_runner/test:1268:7)\n        at async startSubtestAfterBootstrap (node:internal/test_runner/harness:280:3) {\n      generatedMessage: true,\n      code: 'ERR_ASSERTION',\n      actual: \"# Subtest: test.js\\nnot ok 2 - test.js\\n  ---\\n  duration_ms: 1031.7768\\n  location: 'c:\\\\\\\\workspace\\\\\\\\node-test-binary-windows-js-suites\\\\\\\\node\\\\\\\\test\\\\\\\\.tmp.683\\\\\\\\test.js:1:1'\\n  failureType: 'testCodeFailure'\\n  exitCode: ~\\n  signal: 'SIGTERM'\\n  error: 'test failed'\\n  code: 'ERR_TEST_FAILURE'\\n...\",\n      expected: /# pass 1/,\n      operator: 'match'\n    }\n\n  ✖ should run tests with dependency repeatedly (13965.378ms)\n    AssertionError [ERR_ASSERTION]: The input did not match the regular expression /# pass 1/. Input:\n    \n    '# Subtest: test has ran\\n' +\n      'ok 1 - test has ran\\n' +\n      '  ---\\n' +\n      '  duration_ms: 10.7645\\n' +\n      '  ...\\n' +\n      '# Subtest: test.js\\n' +\n      'not ok 2 - test.js\\n' +\n      '  ---\\n' +\n      '  duration_ms: 1074.3327\\n' +\n      \"  location: 'c:\\\\\\\\workspace\\\\\\\\node-test-binary-windows-js-suites\\\\\\\\node\\\\\\\\test\\\\\\\\.tmp.683\\\\\\\\test.js:1:1'\\n\" +\n      \"  failureType: 'testCodeFailure'\\n\" +\n      '  exitCode: ~\\n' +\n      \"  signal: 'SIGTERM'\\n\" +\n      \"  error: 'test failed'\\n\" +\n      \"  code: 'ERR_TEST_FAILURE'\\n\" +\n      '  ...\\n' +\n      '# Subtest: test.js\\n' +\n      'not ok 3 - test.js\\n' +\n      '  ---\\n' +\n      '  duration_ms: 1025.4853\\n' +\n      \"  location: 'c:\\\\\\\\workspace\\\\\\\\node-test-binary-windows-js-suites\\\\\\\\node\\\\\\\\test\\\\\\\\.tmp.683\\\\\\\\test.js:1:1'\\n\" +\n      \"  failureType: 'testCodeFailure'\\n\" +\n      '  exitCode: ~\\n' +\n      \"  signal: 'SIGTERM'\\n\" +\n      \"  error: 'test failed'\\n\" +\n      \"  code: 'ERR_TEST_FAILURE'\\n\" +\n      '  ...\\n' +\n      '# Subtest: test.js\\n' +\n      'not ok 4 - test.js\\n' +\n      '  ---\\n' +\n      '  duration_ms: 1021.9374\\n' +\n      \"  location: 'c:\\\\\\\\workspace\\\\\\\\node-test-binary-windows-js-suites\\\\\\\\node\\\\\\\\test\\\\\\\\.tmp.683\\\\\\\\test.js:1:1'\\n\" +\n      \"  failureType: 'testCodeFailure'\\n\" +\n      '  exitCode: ~\\n' +\n      \"  signal: 'SIGTERM'\\n\" +\n      \"  error: 'test failed'\\n\" +\n      \"  code: 'ERR_TEST_FAILURE'\\n\" +\n      '  ...\\n' +\n      '# Subtest: test.js\\n' +\n      'not ok 5 - test.js\\n' +\n      '  ---\\n' +\n      '  duration_ms: 1003.9523\\n' +\n      \"  location: 'c:\\\\\\\\workspace\\\\\\\\node-test-binary-windows-js-suites\\\\\\\\node\\\\\\\\test\\\\\\\\.tmp.683\\\\\\\\test.js:1:1'\\n\" +\n      \"  failureType: 'testCodeFailure'\\n\" +\n      '  exitCode: ~\\n' +\n      \"  signal: 'SIGTERM'\\n\" +\n      \"  error: 'test failed'\\n\" +\n      \"  code: 'ERR_TEST_FAILURE'\\n\" +\n      '  ...\\n' +\n      '# Subtest: test has ran\\n' +\n      'ok 6 - test has ran\\n' +\n      '  ---\\n' +\n      '  duration_ms: 10.726\\n' +\n      '  ...\\n' +\n      '# Subtest: test.js\\n' +\n      'not ok 6 - test.js\\n' +\n      '  ---\\n' +\n      '  duration_ms: 1010.642\\n' +\n      \"  location: 'c:\\\\\\\\workspace\\\\\\\\node-test-binary-windows-js-suites\\\\\\\\node\\\\\\\\test\\\\\\\\.tmp.683\\\\\\\\test.js:1:1'\\n\" +\n      \"  failureType: 'testCodeFailure'\\n\" +\n      '  exitCode: ~\\n' +\n      \"  signal: 'SIGTERM'\\n\" +\n      \"  error: 'test failed'\\n\" +\n      \"  code: 'ERR_TEST_FAILURE'\\n\" +\n      '  ...\\n' +\n      '# Subtest: test has ran\\n' +\n      'ok 8 - test has ran\\n' +\n      '  ---\\n' +\n      '  duration_ms: 10.952\\n' +\n      '  ...\\n' +\n      '# Subtest: test.js\\n' +\n      'not ok 7 - test.js\\n' +\n      '  ---\\n' +\n      '  duration_ms: 1039.5452\\n' +\n      \"  location: 'c:\\\\\\\\workspace\\\\\\\\node-test-binary-windows-js-suites\\\\\\\\node\\\\\\\\test\\\\\\\\.tmp.683\\\\\\\\test.js:1:1'\\n\" +\n      \"  failureType: 'testCodeFailure'\\n\" +\n      '  exitCode: ~\\n' +\n      \"  signal: 'SIGTERM'\\n\" +\n      \"  error: 'test failed'\\n\" +\n      \"  code: 'ERR_TEST_FAILURE'\\n\" +\n      '  ...\\n' +\n      '# Subtest: test has ran\\n' +\n      'ok 10 - test has ran\\n' +\n      '  ---\\n' +\n      '  duration_ms: 21.465\\n' +\n      '  ...\\n' +\n      '# Subtest: test.js\\n' +\n      'not ok 8 - test.js\\n' +\n      '  ---\\n' +\n      '  duration_ms: 1005.1534\\n' +\n      \"  location: 'c:\\\\\\\\workspace\\\\\\\\node-test-binary-windows-js-suites\\\\\\\\node\\\\\\\\test\\\\\\\\.tmp.683\\\\\\\\test.js:1:1'\\n\" +\n      \"  failureType: 'testCodeFailure'\\n\" +\n      '  exitCode: ~\\n' +\n      \"  signal: 'SIGTERM'\\n\" +\n      \"  error: 'test failed'\\n\" +\n      \"  code: 'ERR_TEST_FAILURE'\\n\" +\n      '  ...\\n' +\n      '# Subtest: test.js\\n' +\n      'not ok 9 - test.js\\n' +\n      '  ---\\n' +\n      '  duration_ms: 1050.2542\\n' +\n      \"  location: 'c:\\\\\\\\workspace\\\\\\\\node-test-binary-windows-js-suites\\\\\\\\node\\\\\\\\test\\\\\\\\.tmp.683\\\\\\\\test.js:1:1'\\n\" +\n      \"  failureType: 'testCodeFailure'\\n\" +\n      '  exitCode: ~\\n' +\n      \"  signal: 'SIGTERM'\\n\" +\n      \"  error: 'test failed'\\n\" +\n      \"  code: 'ERR_TEST_FAILURE'\\n\" +\n      '  ...\\n' +\n      '# Subtest: test.js\\n' +\n      'not ok 10 - test.js\\n' +\n      '  ---\\n' +\n      '  duration_ms: 946.5514\\n' +\n      \"  location: 'c:\\\\\\\\workspace\\\\\\\\node-test-binary-windows-js-suites\\\\\\\\node\\\\\\\\test\\\\\\\\.tmp.683\\\\\\\\test.js:1:1'\\n\" +\n      \"  failureType: 'testCodeFailure'\\n\" +\n      '  exitCode: ~\\n' +\n      \"  signal: 'SIGTERM'\\n\" +\n      \"  error: 'test failed'\\n\" +\n      \"  code: 'ERR_TEST_FAILURE'\\n\" +\n      '  ...\\n' +\n      '# Subtest: test has ran\\n' +\n      'ok 14 - test has ran\\n' +\n      '  ---\\n' +\n      '  duration_ms: 11.2691\\n' +\n      '  ...\\n' +\n      '1..14\\n' +\n      '# tests 14\\n' +\n      '# suites 0\\n' +\n      '# pass 5\\n' +\n      '# fail 9\\n' +\n      '# cancelled 0\\n' +\n      '# skipped 0\\n' +\n      '# todo 0\\n' +\n      '# duration_ms 1167.7597\\n'\n    \n        at testUpdate (file:///c:/workspace/node-test-binary-windows-js-suites/node/test/parallel/test-runner-run-watch.mjs:82:14)\n        at process.processTicksAndRejections (node:internal/process/task_queues:105:5)\n        at async testWatch (file:///c:/workspace/node-test-binary-windows-js-suites/node/test/parallel/test-runner-run-watch.mjs:147:26)\n        at async TestContext.<anonymous> (file:///c:/workspace/node-test-binary-windows-js-suites/node/test/parallel/test-runner-run-watch.mjs:160:5)\n        at async Test.run (node:internal/test_runner/test:888:9)\n        at async Suite.processPendingSubtests (node:internal/test_runner/test:584:7) {\n      generatedMessage: true,\n      code: 'ERR_ASSERTION',\n      actual: \"# Subtest: test has ran\\nok 1 - test has ran\\n  ---\\n  duration_ms: 10.7645\\n  ...\\n# Subtest: test.js\\nnot ok 2 - test.js\\n  ---\\n  duration_ms: 1074.3327\\n  location: 'c:\\\\\\\\workspace\\\\\\\\node-test-binary-windows-js-suites\\\\\\\\node\\\\\\\\test\\\\\\\\.tmp.683\\\\\\\\test.js:1:1'\\n...\",\n      expected: /# pass 1/,\n      operator: 'match'\n    }\n\n  ✖ should run tests with ESM dependency (5685.4558ms)\n    AssertionError [ERR_ASSERTION]: The input did not match the regular expression /# tests 1/. Input:\n    \n    '# Subtest: test has ran\\n' +\n      'ok 1 - test has ran\\n' +\n      '  ---\\n' +\n      '  duration_ms: 10.3699\\n' +\n      '  ...\\n' +\n      '# Subtest: test.js\\n' +\n      'not ok 2 - test.js\\n' +\n      '  ---\\n' +\n      '  duration_ms: 1130.2877\\n' +\n      \"  location: 'c:\\\\\\\\workspace\\\\\\\\node-test-binary-windows-js-suites\\\\\\\\node\\\\\\\\test\\\\\\\\.tmp.683\\\\\\\\test.js:1:1'\\n\" +\n      \"  failureType: 'testCodeFailure'\\n\" +\n      '  exitCode: ~\\n' +\n      \"  signal: 'SIGTERM'\\n\" +\n      \"  error: 'test failed'\\n\" +\n      \"  code: 'ERR_TEST_FAILURE'\\n\" +\n      '  ...\\n' +\n      '# Subtest: test has ran\\n' +\n      'ok 3 - test has ran\\n' +\n      '  ---\\n' +\n      '  duration_ms: 10.1636\\n' +\n      '  ...\\n' +\n      '1..3\\n' +\n      '# tests 3\\n' +\n      '# suites 0\\n' +\n      '# pass 2\\n' +\n      '# fail 1\\n' +\n      '# cancelled 0\\n' +\n      '# skipped 0\\n' +\n      '# todo 0\\n' +\n      '# duration_ms 1239.2077\\n'\n    \n        at testUpdate (file:///c:/workspace/node-test-binary-windows-js-suites/node/test/parallel/test-runner-run-watch.mjs:81:14)\n        at process.processTicksAndRejections (node:internal/process/task_queues:105:5)\n        at async testWatch (file:///c:/workspace/node-test-binary-windows-js-suites/node/test/parallel/test-runner-run-watch.mjs:147:26)\n        at async TestContext.<anonymous> (file:///c:/workspace/node-test-binary-windows-js-suites/node/test/parallel/test-runner-run-watch.mjs:164:5)\n        at async Test.run (node:internal/test_runner/test:888:9)\n        at async Suite.processPendingSubtests (node:internal/test_runner/test:584:7) {\n      generatedMessage: true,\n      code: 'ERR_ASSERTION',\n      actual: \"# Subtest: test has ran\\nok 1 - test has ran\\n  ---\\n  duration_ms: 10.3699\\n  ...\\n# Subtest: test.js\\nnot ok 2 - test.js\\n  ---\\n  duration_ms: 1130.2877\\n  location: 'c:\\\\\\\\workspace\\\\\\\\node-test-binary-windows-js-suites\\\\\\\\node\\\\\\\\test\\\\\\\\.tmp.683\\\\\\\\test.js:1:1'\\n...\",\n      expected: /# tests 1/,\n      operator: 'match'\n    }"},"time":121787.832,"fullname":"parallel/test-runner-run-watch","closingTestPoint":false}}]}