{"failedTests":[{"testName":"parallel/test-error-serdes","timestamp":1724780431676,"status":"FAILED","jobName":"node-test-binary-windows-js-suites","config":"node-test-binary-windows-js-suites » 3,win2022-COMPILED_BY-vs2022 #29640","buildUrl":"https://ci.nodejs.org/job/node-test-binary-windows-js-suites/RUN_SUBSET=3,nodes=win2022-COMPILED_BY-vs2022/29640/","buildNumber":29640,"builtOn":"test-rackspace-win2022_vs2022-x64-6","nodeVersion":"23.0.0","commitHash":"76441a74d3f57db9ba19c5c5591ac82cf4fadea8","callStack":[{"upstreamBuild":65183,"upstreamProject":"node-test-commit-windows-fanned","upstreamUrl":"job/node-test-commit-windows-fanned/"},{"upstreamBuild":73533,"upstreamProject":"node-test-commit","upstreamUrl":"job/node-test-commit/"},{"upstreamBuild":61555,"upstreamProject":"node-test-pull-request","upstreamUrl":"job/node-test-pull-request/"},{"prId":"54592"}],"tap":{"ok":false,"name":"parallel/test-error-serdes","id":969,"buffered":false,"tapError":null,"skip":false,"todo":": Fix flaky test","previous":null,"plan":null,"diag":{"severity":"fail","exitcode":1,"stack":"timeout"},"time":120135.616,"fullname":"parallel/test-error-serdes","closingTestPoint":false}},{"testName":"es-module/test-require-module-preload","timestamp":1724780431676,"status":"REGRESSION","jobName":"node-test-binary-windows-js-suites","config":"node-test-binary-windows-js-suites » 1,win2019-COMPILED_BY-vs2022 #29640","buildUrl":"https://ci.nodejs.org/job/node-test-binary-windows-js-suites/RUN_SUBSET=1,nodes=win2019-COMPILED_BY-vs2022/29640/","buildNumber":29640,"builtOn":"test-rackspace-win2019_vs2019-x64-3","nodeVersion":"23.0.0","commitHash":"76441a74d3f57db9ba19c5c5591ac82cf4fadea8","callStack":[{"upstreamBuild":65183,"upstreamProject":"node-test-commit-windows-fanned","upstreamUrl":"job/node-test-commit-windows-fanned/"},{"upstreamBuild":73533,"upstreamProject":"node-test-commit","upstreamUrl":"job/node-test-commit/"},{"upstreamBuild":61555,"upstreamProject":"node-test-pull-request","upstreamUrl":"job/node-test-pull-request/"},{"prId":"54592"}],"tap":{"ok":false,"name":"es-module/test-require-module-preload","id":69,"buffered":false,"tapError":null,"skip":false,"todo":false,"previous":null,"plan":null,"diag":{"severity":"fail","exitcode":1,"stack":"[process 5696]: --- stderr ---\n(node:5696) ExperimentalWarning: Support for loading ES Module in require() is an experimental feature and might change at any time\n(Use `node --trace-warnings ...` to show where the warning was created)\nnode:internal/modules/esm/load:228\n    throw new ERR_UNSUPPORTED_ESM_URL_SCHEME(parsed, schemes);\n          ^\n\nError [ERR_UNSUPPORTED_ESM_URL_SCHEME]: Only URLs with a scheme in: file, data, and node are supported by the default ESM loader. On Windows, absolute paths must be valid file:// URLs. Received protocol 'c:'\n    at throwIfUnsupportedURLScheme (node:internal/modules/esm/load:228:11)\n    at defaultLoad (node:internal/modules/esm/load:110:3)\n    at ModuleLoader.load (node:internal/modules/esm/loader:567:13)\n    at ModuleLoader.moduleProvider (node:internal/modules/esm/loader:442:56)\n    at new ModuleJob (node:internal/modules/esm/module_job:76:27)\n    at #createModuleJob (node:internal/modules/esm/loader:455:17)\n    at ModuleLoader.getJobFromResolveResult (node:internal/modules/esm/loader:266:34)\n    at ModuleLoader.getModuleJob (node:internal/modules/esm/loader:247:17)\n    at process.processTicksAndRejections (node:internal/process/task_queues:105:5)\n    at async onImport.tracePromise.__proto__ (node:internal/modules/esm/loader:481:25) {\n  code: 'ERR_UNSUPPORTED_ESM_URL_SCHEME'\n}\n\nNode.js v23.0.0-pre\n\n[process 5696]: --- stdout ---\n\n[process 5696]: status = 1, signal = null\nC:\\workspace\\node-test-binary-windows-js-suites\\node\\test\\common\\child_process.js:86\n    throw new Error(`${failures.join('\\n')}`);\n    ^\n\nError: - process terminated with status 1, expected 0\n    at logAndThrow (C:\\workspace\\node-test-binary-windows-js-suites\\node\\test\\common\\child_process.js:86:11)\n    at expectSyncExit (C:\\workspace\\node-test-binary-windows-js-suites\\node\\test\\common\\child_process.js:91:5)\n    at spawnSyncAndExitWithoutError (C:\\workspace\\node-test-binary-windows-js-suites\\node\\test\\common\\child_process.js:122:10)\n    at testPreload (C:\\workspace\\node-test-binary-windows-js-suites\\node\\test\\es-module\\test-require-module-preload.js:12:5)\n    at Object.<anonymous> (C:\\workspace\\node-test-binary-windows-js-suites\\node\\test\\es-module\\test-require-module-preload.js:86:1)\n    at Module._compile (node:internal/modules/cjs/loader:1546:14)\n    at Module._extensions..js (node:internal/modules/cjs/loader:1691:10)\n    at Module.load (node:internal/modules/cjs/loader:1317:32)\n    at Module._load (node:internal/modules/cjs/loader:1127:12)\n    at TracingChannel.traceSync (node:diagnostics_channel:315:14)\n\nNode.js v23.0.0-pre"},"time":1425.029,"fullname":"es-module/test-require-module-preload","closingTestPoint":false}},{"testName":"parallel/test-error-serdes","timestamp":1724780431676,"status":"FAILED","jobName":"node-test-binary-windows-js-suites","config":"node-test-binary-windows-js-suites » 3,win11-COMPILED_BY-vs2022 #29640","buildUrl":"https://ci.nodejs.org/job/node-test-binary-windows-js-suites/RUN_SUBSET=3,nodes=win11-COMPILED_BY-vs2022/29640/","buildNumber":29640,"builtOn":"test-azure_msft-win11_vs2022-x64-1","nodeVersion":"23.0.0","commitHash":"76441a74d3f57db9ba19c5c5591ac82cf4fadea8","callStack":[{"upstreamBuild":65183,"upstreamProject":"node-test-commit-windows-fanned","upstreamUrl":"job/node-test-commit-windows-fanned/"},{"upstreamBuild":73533,"upstreamProject":"node-test-commit","upstreamUrl":"job/node-test-commit/"},{"upstreamBuild":61555,"upstreamProject":"node-test-pull-request","upstreamUrl":"job/node-test-pull-request/"},{"prId":"54592"}],"tap":{"ok":false,"name":"parallel/test-error-serdes","id":953,"buffered":false,"tapError":null,"skip":false,"todo":": Fix flaky test","previous":null,"plan":null,"diag":{"severity":"fail","exitcode":1,"stack":"timeout"},"time":120211.555,"fullname":"parallel/test-error-serdes","closingTestPoint":false}},{"testName":"es-module/test-require-module-preload","timestamp":1724780431676,"status":"REGRESSION","jobName":"node-test-binary-windows-js-suites","config":"node-test-binary-windows-js-suites » 1,win11-arm64-COMPILED_BY-vs2022-arm64 #29640","buildUrl":"https://ci.nodejs.org/job/node-test-binary-windows-js-suites/RUN_SUBSET=1,nodes=win11-arm64-COMPILED_BY-vs2022-arm64/29640/","buildNumber":29640,"builtOn":"test-azure_msft-win11_vs2022-arm64-2","nodeVersion":"23.0.0","commitHash":"76441a74d3f57db9ba19c5c5591ac82cf4fadea8","callStack":[{"upstreamBuild":65183,"upstreamProject":"node-test-commit-windows-fanned","upstreamUrl":"job/node-test-commit-windows-fanned/"},{"upstreamBuild":73533,"upstreamProject":"node-test-commit","upstreamUrl":"job/node-test-commit/"},{"upstreamBuild":61555,"upstreamProject":"node-test-pull-request","upstreamUrl":"job/node-test-pull-request/"},{"prId":"54592"}],"tap":{"ok":false,"name":"es-module/test-require-module-preload","id":68,"buffered":false,"tapError":null,"skip":false,"todo":false,"previous":null,"plan":null,"diag":{"severity":"fail","exitcode":1,"stack":"[process 11692]: --- stderr ---\n(node:11692) ExperimentalWarning: Support for loading ES Module in require() is an experimental feature and might change at any time\n(Use `node --trace-warnings ...` to show where the warning was created)\nnode:internal/modules/esm/load:228\n    throw new ERR_UNSUPPORTED_ESM_URL_SCHEME(parsed, schemes);\n          ^\n\nError [ERR_UNSUPPORTED_ESM_URL_SCHEME]: Only URLs with a scheme in: file, data, and node are supported by the default ESM loader. On Windows, absolute paths must be valid file:// URLs. Received protocol 'd:'\n    at throwIfUnsupportedURLScheme (node:internal/modules/esm/load:228:11)\n    at defaultLoad (node:internal/modules/esm/load:110:3)\n    at ModuleLoader.load (node:internal/modules/esm/loader:567:13)\n    at ModuleLoader.moduleProvider (node:internal/modules/esm/loader:442:56)\n    at new ModuleJob (node:internal/modules/esm/module_job:76:27)\n    at #createModuleJob (node:internal/modules/esm/loader:455:17)\n    at ModuleLoader.getJobFromResolveResult (node:internal/modules/esm/loader:266:34)\n    at ModuleLoader.getModuleJob (node:internal/modules/esm/loader:247:17)\n    at process.processTicksAndRejections (node:internal/process/task_queues:105:5)\n    at async onImport.tracePromise.__proto__ (node:internal/modules/esm/loader:481:25) {\n  code: 'ERR_UNSUPPORTED_ESM_URL_SCHEME'\n}\n\nNode.js v23.0.0-pre\n\n[process 11692]: --- stdout ---\n\n[process 11692]: status = 1, signal = null\nd:\\workspace\\node-test-binary-windows-js-suites\\node\\test\\common\\child_process.js:86\n    throw new Error(`${failures.join('\\n')}`);\n    ^\n\nError: - process terminated with status 1, expected 0\n    at logAndThrow (d:\\workspace\\node-test-binary-windows-js-suites\\node\\test\\common\\child_process.js:86:11)\n    at expectSyncExit (d:\\workspace\\node-test-binary-windows-js-suites\\node\\test\\common\\child_process.js:91:5)\n    at spawnSyncAndExitWithoutError (d:\\workspace\\node-test-binary-windows-js-suites\\node\\test\\common\\child_process.js:122:10)\n    at testPreload (d:\\workspace\\node-test-binary-windows-js-suites\\node\\test\\es-module\\test-require-module-preload.js:12:5)\n    at Object.<anonymous> (d:\\workspace\\node-test-binary-windows-js-suites\\node\\test\\es-module\\test-require-module-preload.js:86:1)\n    at Module._compile (node:internal/modules/cjs/loader:1546:14)\n    at Module._extensions..js (node:internal/modules/cjs/loader:1691:10)\n    at Module.load (node:internal/modules/cjs/loader:1317:32)\n    at Module._load (node:internal/modules/cjs/loader:1127:12)\n    at TracingChannel.traceSync (node:diagnostics_channel:315:14)\n\nNode.js v23.0.0-pre"},"time":1510.01,"fullname":"es-module/test-require-module-preload","closingTestPoint":false}},{"testName":"es-module/test-require-module-preload","timestamp":1724780431676,"status":"REGRESSION","jobName":"node-test-binary-windows-js-suites","config":"node-test-binary-windows-js-suites » 1,win10-COMPILED_BY-vs2022 #29640","buildUrl":"https://ci.nodejs.org/job/node-test-binary-windows-js-suites/RUN_SUBSET=1,nodes=win10-COMPILED_BY-vs2022/29640/","buildNumber":29640,"builtOn":"test-azure_msft-win10_vs2019-x64-4","nodeVersion":"23.0.0","commitHash":"76441a74d3f57db9ba19c5c5591ac82cf4fadea8","callStack":[{"upstreamBuild":65183,"upstreamProject":"node-test-commit-windows-fanned","upstreamUrl":"job/node-test-commit-windows-fanned/"},{"upstreamBuild":73533,"upstreamProject":"node-test-commit","upstreamUrl":"job/node-test-commit/"},{"upstreamBuild":61555,"upstreamProject":"node-test-pull-request","upstreamUrl":"job/node-test-pull-request/"},{"prId":"54592"}],"tap":{"ok":false,"name":"es-module/test-require-module-preload","id":66,"buffered":false,"tapError":null,"skip":false,"todo":false,"previous":null,"plan":null,"diag":{"severity":"fail","exitcode":1,"stack":"[process 3940]: --- stderr ---\n(node:3940) ExperimentalWarning: Support for loading ES Module in require() is an experimental feature and might change at any time\n(Use `node --trace-warnings ...` to show where the warning was created)\nnode:internal/modules/esm/load:228\n    throw new ERR_UNSUPPORTED_ESM_URL_SCHEME(parsed, schemes);\n          ^\n\nError [ERR_UNSUPPORTED_ESM_URL_SCHEME]: Only URLs with a scheme in: file, data, and node are supported by the default ESM loader. On Windows, absolute paths must be valid file:// URLs. Received protocol 'c:'\n    at throwIfUnsupportedURLScheme (node:internal/modules/esm/load:228:11)\n    at defaultLoad (node:internal/modules/esm/load:110:3)\n    at ModuleLoader.load (node:internal/modules/esm/loader:567:13)\n    at ModuleLoader.moduleProvider (node:internal/modules/esm/loader:442:56)\n    at new ModuleJob (node:internal/modules/esm/module_job:76:27)\n    at #createModuleJob (node:internal/modules/esm/loader:455:17)\n    at ModuleLoader.getJobFromResolveResult (node:internal/modules/esm/loader:266:34)\n    at ModuleLoader.getModuleJob (node:internal/modules/esm/loader:247:17)\n    at process.processTicksAndRejections (node:internal/process/task_queues:105:5)\n    at async onImport.tracePromise.__proto__ (node:internal/modules/esm/loader:481:25) {\n  code: 'ERR_UNSUPPORTED_ESM_URL_SCHEME'\n}\n\nNode.js v23.0.0-pre\n\n[process 3940]: --- stdout ---\n\n[process 3940]: status = 1, signal = null\nc:\\workspace\\node-test-binary-windows-js-suites\\node\\test\\common\\child_process.js:86\n    throw new Error(`${failures.join('\\n')}`);\n    ^\n\nError: - process terminated with status 1, expected 0\n    at logAndThrow (c:\\workspace\\node-test-binary-windows-js-suites\\node\\test\\common\\child_process.js:86:11)\n    at expectSyncExit (c:\\workspace\\node-test-binary-windows-js-suites\\node\\test\\common\\child_process.js:91:5)\n    at spawnSyncAndExitWithoutError (c:\\workspace\\node-test-binary-windows-js-suites\\node\\test\\common\\child_process.js:122:10)\n    at testPreload (c:\\workspace\\node-test-binary-windows-js-suites\\node\\test\\es-module\\test-require-module-preload.js:12:5)\n    at Object.<anonymous> (c:\\workspace\\node-test-binary-windows-js-suites\\node\\test\\es-module\\test-require-module-preload.js:86:1)\n    at Module._compile (node:internal/modules/cjs/loader:1546:14)\n    at Module._extensions..js (node:internal/modules/cjs/loader:1691:10)\n    at Module.load (node:internal/modules/cjs/loader:1317:32)\n    at Module._load (node:internal/modules/cjs/loader:1127:12)\n    at TracingChannel.traceSync (node:diagnostics_channel:315:14)\n\nNode.js v23.0.0-pre"},"time":979.006,"fullname":"es-module/test-require-module-preload","closingTestPoint":false}},{"testName":"es-module/test-require-module-preload","timestamp":1724780431676,"status":"REGRESSION","jobName":"node-test-binary-windows-js-suites","config":"node-test-binary-windows-js-suites » 1,win2022-COMPILED_BY-vs2022 #29640","buildUrl":"https://ci.nodejs.org/job/node-test-binary-windows-js-suites/RUN_SUBSET=1,nodes=win2022-COMPILED_BY-vs2022/29640/","buildNumber":29640,"builtOn":"test-rackspace-win2022_vs2022-x64-2","nodeVersion":"23.0.0","commitHash":"76441a74d3f57db9ba19c5c5591ac82cf4fadea8","callStack":[{"upstreamBuild":65183,"upstreamProject":"node-test-commit-windows-fanned","upstreamUrl":"job/node-test-commit-windows-fanned/"},{"upstreamBuild":73533,"upstreamProject":"node-test-commit","upstreamUrl":"job/node-test-commit/"},{"upstreamBuild":61555,"upstreamProject":"node-test-pull-request","upstreamUrl":"job/node-test-pull-request/"},{"prId":"54592"}],"tap":{"ok":false,"name":"es-module/test-require-module-preload","id":69,"buffered":false,"tapError":null,"skip":false,"todo":false,"previous":null,"plan":null,"diag":{"severity":"fail","exitcode":1,"stack":"[process 2720]: --- stderr ---\n(node:2720) ExperimentalWarning: Support for loading ES Module in require() is an experimental feature and might change at any time\n(Use `node --trace-warnings ...` to show where the warning was created)\nnode:internal/modules/esm/load:228\n    throw new ERR_UNSUPPORTED_ESM_URL_SCHEME(parsed, schemes);\n          ^\n\nError [ERR_UNSUPPORTED_ESM_URL_SCHEME]: Only URLs with a scheme in: file, data, and node are supported by the default ESM loader. On Windows, absolute paths must be valid file:// URLs. Received protocol 'c:'\n    at throwIfUnsupportedURLScheme (node:internal/modules/esm/load:228:11)\n    at defaultLoad (node:internal/modules/esm/load:110:3)\n    at ModuleLoader.load (node:internal/modules/esm/loader:567:13)\n    at ModuleLoader.moduleProvider (node:internal/modules/esm/loader:442:56)\n    at new ModuleJob (node:internal/modules/esm/module_job:76:27)\n    at #createModuleJob (node:internal/modules/esm/loader:455:17)\n    at ModuleLoader.getJobFromResolveResult (node:internal/modules/esm/loader:266:34)\n    at ModuleLoader.getModuleJob (node:internal/modules/esm/loader:247:17)\n    at process.processTicksAndRejections (node:internal/process/task_queues:105:5)\n    at async onImport.tracePromise.__proto__ (node:internal/modules/esm/loader:481:25) {\n  code: 'ERR_UNSUPPORTED_ESM_URL_SCHEME'\n}\n\nNode.js v23.0.0-pre\n\n[process 2720]: --- stdout ---\n\n[process 2720]: status = 1, signal = null\nC:\\workspace\\node-test-binary-windows-js-suites\\node\\test\\common\\child_process.js:86\n    throw new Error(`${failures.join('\\n')}`);\n    ^\n\nError: - process terminated with status 1, expected 0\n    at logAndThrow (C:\\workspace\\node-test-binary-windows-js-suites\\node\\test\\common\\child_process.js:86:11)\n    at expectSyncExit (C:\\workspace\\node-test-binary-windows-js-suites\\node\\test\\common\\child_process.js:91:5)\n    at spawnSyncAndExitWithoutError (C:\\workspace\\node-test-binary-windows-js-suites\\node\\test\\common\\child_process.js:122:10)\n    at testPreload (C:\\workspace\\node-test-binary-windows-js-suites\\node\\test\\es-module\\test-require-module-preload.js:12:5)\n    at Object.<anonymous> (C:\\workspace\\node-test-binary-windows-js-suites\\node\\test\\es-module\\test-require-module-preload.js:86:1)\n    at Module._compile (node:internal/modules/cjs/loader:1546:14)\n    at Module._extensions..js (node:internal/modules/cjs/loader:1691:10)\n    at Module.load (node:internal/modules/cjs/loader:1317:32)\n    at Module._load (node:internal/modules/cjs/loader:1127:12)\n    at TracingChannel.traceSync (node:diagnostics_channel:315:14)\n\nNode.js v23.0.0-pre"},"time":1758.026,"fullname":"es-module/test-require-module-preload","closingTestPoint":false}},{"testName":"es-module/test-require-module-preload","timestamp":1724780431676,"status":"REGRESSION","jobName":"node-test-binary-windows-js-suites","config":"node-test-binary-windows-js-suites » 1,win11-COMPILED_BY-vs2022 #29640","buildUrl":"https://ci.nodejs.org/job/node-test-binary-windows-js-suites/RUN_SUBSET=1,nodes=win11-COMPILED_BY-vs2022/29640/","buildNumber":29640,"builtOn":"test-azure_msft-win11_vs2022-x64-3","nodeVersion":"23.0.0","commitHash":"76441a74d3f57db9ba19c5c5591ac82cf4fadea8","callStack":[{"upstreamBuild":65183,"upstreamProject":"node-test-commit-windows-fanned","upstreamUrl":"job/node-test-commit-windows-fanned/"},{"upstreamBuild":73533,"upstreamProject":"node-test-commit","upstreamUrl":"job/node-test-commit/"},{"upstreamBuild":61555,"upstreamProject":"node-test-pull-request","upstreamUrl":"job/node-test-pull-request/"},{"prId":"54592"}],"tap":{"ok":false,"name":"es-module/test-require-module-preload","id":66,"buffered":false,"tapError":null,"skip":false,"todo":false,"previous":null,"plan":null,"diag":{"severity":"fail","exitcode":1,"stack":"[process 4264]: --- stderr ---\n(node:4264) ExperimentalWarning: Support for loading ES Module in require() is an experimental feature and might change at any time\n(Use `node --trace-warnings ...` to show where the warning was created)\nnode:internal/modules/esm/load:228\n    throw new ERR_UNSUPPORTED_ESM_URL_SCHEME(parsed, schemes);\n          ^\n\nError [ERR_UNSUPPORTED_ESM_URL_SCHEME]: Only URLs with a scheme in: file, data, and node are supported by the default ESM loader. On Windows, absolute paths must be valid file:// URLs. Received protocol 'c:'\n    at throwIfUnsupportedURLScheme (node:internal/modules/esm/load:228:11)\n    at defaultLoad (node:internal/modules/esm/load:110:3)\n    at ModuleLoader.load (node:internal/modules/esm/loader:567:13)\n    at ModuleLoader.moduleProvider (node:internal/modules/esm/loader:442:56)\n    at new ModuleJob (node:internal/modules/esm/module_job:76:27)\n    at #createModuleJob (node:internal/modules/esm/loader:455:17)\n    at ModuleLoader.getJobFromResolveResult (node:internal/modules/esm/loader:266:34)\n    at ModuleLoader.getModuleJob (node:internal/modules/esm/loader:247:17)\n    at process.processTicksAndRejections (node:internal/process/task_queues:105:5)\n    at async onImport.tracePromise.__proto__ (node:internal/modules/esm/loader:481:25) {\n  code: 'ERR_UNSUPPORTED_ESM_URL_SCHEME'\n}\n\nNode.js v23.0.0-pre\n\n[process 4264]: --- stdout ---\n\n[process 4264]: status = 1, signal = null\nc:\\workspace\\node-test-binary-windows-js-suites\\node\\test\\common\\child_process.js:86\n    throw new Error(`${failures.join('\\n')}`);\n    ^\n\nError: - process terminated with status 1, expected 0\n    at logAndThrow (c:\\workspace\\node-test-binary-windows-js-suites\\node\\test\\common\\child_process.js:86:11)\n    at expectSyncExit (c:\\workspace\\node-test-binary-windows-js-suites\\node\\test\\common\\child_process.js:91:5)\n    at spawnSyncAndExitWithoutError (c:\\workspace\\node-test-binary-windows-js-suites\\node\\test\\common\\child_process.js:122:10)\n    at testPreload (c:\\workspace\\node-test-binary-windows-js-suites\\node\\test\\es-module\\test-require-module-preload.js:12:5)\n    at Object.<anonymous> (c:\\workspace\\node-test-binary-windows-js-suites\\node\\test\\es-module\\test-require-module-preload.js:86:1)\n    at Module._compile (node:internal/modules/cjs/loader:1546:14)\n    at Module._extensions..js (node:internal/modules/cjs/loader:1691:10)\n    at Module.load (node:internal/modules/cjs/loader:1317:32)\n    at Module._load (node:internal/modules/cjs/loader:1127:12)\n    at TracingChannel.traceSync (node:diagnostics_channel:315:14)\n\nNode.js v23.0.0-pre"},"time":989.016,"fullname":"es-module/test-require-module-preload","closingTestPoint":false}}]}