{"failedTests":[{"testName":"parallel/test-runner-watch-mode","timestamp":1725035604843,"status":"FAILED","jobName":"node-test-binary-windows-js-suites","config":"node-test-binary-windows-js-suites » 3,win11-COMPILED_BY-vs2022 #29750","buildUrl":"https://ci.nodejs.org/job/node-test-binary-windows-js-suites/RUN_SUBSET=3,nodes=win11-COMPILED_BY-vs2022/29750/","buildNumber":29750,"builtOn":"test-azure_msft-win11_vs2022-x64-3","nodeVersion":"23.0.0","commitHash":"af7fd9aa998bba9abe4dc26f0e8015df419bb0bd","callStack":[{"upstreamBuild":65307,"upstreamProject":"node-test-commit-windows-fanned","upstreamUrl":"job/node-test-commit-windows-fanned/"},{"upstreamBuild":73699,"upstreamProject":"node-test-commit","upstreamUrl":"job/node-test-commit/"},{"upstreamBuild":61714,"upstreamProject":"node-test-pull-request","upstreamUrl":"job/node-test-pull-request/"},{"prId":"54609"}],"tap":{"ok":false,"name":"parallel/test-runner-watch-mode","id":705,"buffered":false,"tapError":null,"skip":false,"todo":": Fix flaky test","previous":null,"plan":null,"diag":{"severity":"flaky","exitcode":1,"stack":"▶ test runner watch mode\n  ✔ should run tests repeatedly (4219.0066ms)\n  ✔ should run tests with dependency repeatedly (3872.5018ms)\n  ✔ should run tests with ESM dependency (3717.4092ms)\n  ✔ should support running tests without a file (3548.5442ms)\n  ✖ should support a watched test file rename (3383.9383ms)\n    Error: ENOENT: no such file or directory, rename 'c:\\workspace\\node-test-binary-windows-js-suites\\node\\test\\.tmp.687\\test.js' -> 'c:\\workspace\\node-test-binary-windows-js-suites\\node\\test\\.tmp.687\\test-renamed-test.js'\n        at renameSync (node:fs:1020:11)\n        at Timeout._onTimeout (file:///c:/workspace/node-test-binary-windows-js-suites/node/test/parallel/test-runner-watch-mode.mjs:93:40)\n        at listOnTimeout (node:internal/timers:614:17)\n        at process.processTimers (node:internal/timers:549:7) {\n      errno: -4058,\n      code: 'ENOENT',\n      syscall: 'rename',\n      path: 'c:\\\\workspace\\\\node-test-binary-windows-js-suites\\\\node\\\\test\\\\.tmp.687\\\\test.js',\n      dest: 'c:\\\\workspace\\\\node-test-binary-windows-js-suites\\\\node\\\\test\\\\.tmp.687\\\\test-renamed-test.js'\n    }\n\n  ✖ should not throw when delete a watched test file (0.7812ms)\n    Error: EPERM, Permission denied: \\\\?\\c:\\workspace\\node-test-binary-windows-js-suites\\node\\test\\.tmp.687 '\\\\?\\c:\\workspace\\node-test-binary-windows-js-suites\\node\\test\\.tmp.687'\n        at Object.rmSync (node:fs:1246:18)\n        at rmSync (c:\\workspace\\node-test-binary-windows-js-suites\\node\\test\\common\\tmpdir.js:20:8)\n        at Object.refresh (c:\\workspace\\node-test-binary-windows-js-suites\\node\\test\\common\\tmpdir.js:35:3)\n        at TestContext.refresh (file:///c:/workspace/node-test-binary-windows-js-suites/node/test/parallel/test-runner-watch-mode.mjs:33:10)\n        at TestHook.runInAsyncScope (node:async_hooks:211:14)\n        at TestHook.run (node:internal/test_runner/test:887:25)\n        at TestHook.run (node:internal/test_runner/test:1157:18)\n        at node:internal/test_runner/test:806:20\n        at async Suite.runHook (node:internal/test_runner/test:804:7)\n        at async Test.run (node:internal/test_runner/test:863:9) {\n      errno: 1,\n      code: 'EPERM',\n      path: '\\\\\\\\?\\\\c:\\\\workspace\\\\node-test-binary-windows-js-suites\\\\node\\\\test\\\\.tmp.687',\n      syscall: 'rm'\n    }\n\n  ✖ should run new tests when a new file is created in the watched directory (1.1649ms)\n    Error: EPERM, Permission denied: \\\\?\\c:\\workspace\\node-test-binary-windows-js-suites\\node\\test\\.tmp.687 '\\\\?\\c:\\workspace\\node-test-binary-windows-js-suites\\node\\test\\.tmp.687'\n        at Object.rmSync (node:fs:1246:18)\n        at rmSync (c:\\workspace\\node-test-binary-windows-js-suites\\node\\test\\common\\tmpdir.js:20:8)\n        at Object.refresh (c:\\workspace\\node-test-binary-windows-js-suites\\node\\test\\common\\tmpdir.js:35:3)\n        at TestContext.refresh (file:///c:/workspace/node-test-binary-windows-js-suites/node/test/parallel/test-runner-watch-mode.mjs:33:10)\n        at TestHook.runInAsyncScope (node:async_hooks:211:14)\n        at TestHook.run (node:internal/test_runner/test:887:25)\n        at TestHook.run (node:internal/test_runner/test:1157:18)\n        at node:internal/test_runner/test:806:20\n        at async Suite.runHook (node:internal/test_runner/test:804:7)\n        at async Test.run (node:internal/test_runner/test:863:9) {\n      errno: 1,\n      code: 'EPERM',\n      path: '\\\\\\\\?\\\\c:\\\\workspace\\\\node-test-binary-windows-js-suites\\\\node\\\\test\\\\.tmp.687',\n      syscall: 'rm'\n    }\n\n▶ test runner watch mode (18812.3719ms)\nℹ tests 7\nℹ suites 1\nℹ pass 4\nℹ fail 3\nℹ cancelled 0\nℹ skipped 0\nℹ todo 0\nℹ duration_ms 19038.4734\n\n✖ failing tests:\n\ntest at test\\parallel\\test-runner-watch-mode.mjs:185:3\n✖ should support a watched test file rename (3383.9383ms)\n  Error: ENOENT: no such file or directory, rename 'c:\\workspace\\node-test-binary-windows-js-suites\\node\\test\\.tmp.687\\test.js' -> 'c:\\workspace\\node-test-binary-windows-js-suites\\node\\test\\.tmp.687\\test-renamed-test.js'\n      at renameSync (node:fs:1020:11)\n      at Timeout._onTimeout (file:///c:/workspace/node-test-binary-windows-js-suites/node/test/parallel/test-runner-watch-mode.mjs:93:40)\n      at listOnTimeout (node:internal/timers:614:17)\n      at process.processTimers (node:internal/timers:549:7) {\n    errno: -4058,\n    code: 'ENOENT',\n    syscall: 'rename',\n    path: 'c:\\\\workspace\\\\node-test-binary-windows-js-suites\\\\node\\\\test\\\\.tmp.687\\\\test.js',\n    dest: 'c:\\\\workspace\\\\node-test-binary-windows-js-suites\\\\node\\\\test\\\\.tmp.687\\\\test-renamed-test.js'\n  }\n\ntest at test\\parallel\\test-runner-watch-mode.mjs:189:3\n✖ should not throw when delete a watched test file (0.7812ms)\n  Error: EPERM, Permission denied: \\\\?\\c:\\workspace\\node-test-binary-windows-js-suites\\node\\test\\.tmp.687 '\\\\?\\c:\\workspace\\node-test-binary-windows-js-suites\\node\\test\\.tmp.687'\n      at Object.rmSync (node:fs:1246:18)\n      at rmSync (c:\\workspace\\node-test-binary-windows-js-suites\\node\\test\\common\\tmpdir.js:20:8)\n      at Object.refresh (c:\\workspace\\node-test-binary-windows-js-suites\\node\\test\\common\\tmpdir.js:35:3)\n      at TestContext.refresh (file:///c:/workspace/node-test-binary-windows-js-suites/node/test/parallel/test-runner-watch-mode.mjs:33:10)\n      at TestHook.runInAsyncScope (node:async_hooks:211:14)\n      at TestHook.run (node:internal/test_runner/test:887:25)\n      at TestHook.run (node:internal/test_runner/test:1157:18)\n      at node:internal/test_runner/test:806:20\n      at async Suite.runHook (node:internal/test_runner/test:804:7)\n      at async Test.run (node:internal/test_runner/test:863:9) {\n    errno: 1,\n    code: 'EPERM',\n    path: '\\\\\\\\?\\\\c:\\\\workspace\\\\node-test-binary-windows-js-suites\\\\node\\\\test\\\\.tmp.687',\n    syscall: 'rm'\n  }\n\ntest at test\\parallel\\test-runner-watch-mode.mjs:193:3\n✖ should run new tests when a new file is created in the watched directory (1.1649ms)\n  Error: EPERM, Permission denied: \\\\?\\c:\\workspace\\node-test-binary-windows-js-suites\\node\\test\\.tmp.687 '\\\\?\\c:\\workspace\\node-test-binary-windows-js-suites\\node\\test\\.tmp.687'\n      at Object.rmSync (node:fs:1246:18)\n      at rmSync (c:\\workspace\\node-test-binary-windows-js-suites\\node\\test\\common\\tmpdir.js:20:8)\n      at Object.refresh (c:\\workspace\\node-test-binary-windows-js-suites\\node\\test\\common\\tmpdir.js:35:3)\n      at TestContext.refresh (file:///c:/workspace/node-test-binary-windows-js-suites/node/test/parallel/test-runner-watch-mode.mjs:33:10)\n      at TestHook.runInAsyncScope (node:async_hooks:211:14)\n      at TestHook.run (node:internal/test_runner/test:887:25)\n      at TestHook.run (node:internal/test_runner/test:1157:18)\n      at node:internal/test_runner/test:806:20\n      at async Suite.runHook (node:internal/test_runner/test:804:7)\n      at async Test.run (node:internal/test_runner/test:863:9) {\n    errno: 1,\n    code: 'EPERM',\n    path: '\\\\\\\\?\\\\c:\\\\workspace\\\\node-test-binary-windows-js-suites\\\\node\\\\test\\\\.tmp.687',\n    syscall: 'rm'\n  }"},"time":21564.984,"fullname":"parallel/test-runner-watch-mode","closingTestPoint":false}},{"testName":"parallel/test-runner-run-watch","timestamp":1725035604843,"status":"REGRESSION","jobName":"node-test-binary-windows-js-suites","config":"node-test-binary-windows-js-suites » 0,win10-COMPILED_BY-vs2022 #29750","buildUrl":"https://ci.nodejs.org/job/node-test-binary-windows-js-suites/RUN_SUBSET=0,nodes=win10-COMPILED_BY-vs2022/29750/","buildNumber":29750,"builtOn":"test-azure_msft-win10_vs2019-x64-1","nodeVersion":"23.0.0","commitHash":"af7fd9aa998bba9abe4dc26f0e8015df419bb0bd","callStack":[{"upstreamBuild":65307,"upstreamProject":"node-test-commit-windows-fanned","upstreamUrl":"job/node-test-commit-windows-fanned/"},{"upstreamBuild":73699,"upstreamProject":"node-test-commit","upstreamUrl":"job/node-test-commit/"},{"upstreamBuild":61714,"upstreamProject":"node-test-pull-request","upstreamUrl":"job/node-test-pull-request/"},{"prId":"54609"}],"tap":{"ok":false,"name":"parallel/test-runner-run-watch","id":701,"buffered":false,"tapError":null,"skip":false,"todo":false,"previous":null,"plan":null,"diag":{"severity":"fail","exitcode":1,"stack":"▶ test runner watch mode\n  ✖ should run tests repeatedly (6318.491ms)\n    AssertionError [ERR_ASSERTION]: The input did not match the regular expression /tests 1/. Input:\n    \n    '# Subtest: test.js\\n' +\n      'not ok 2 - test.js\\n' +\n      '  ---\\n' +\n      '  duration_ms: 1152.9255\\n' +\n      \"  location: 'c:\\\\\\\\workspace\\\\\\\\node-test-binary-windows-js-suites\\\\\\\\node\\\\\\\\test\\\\\\\\.tmp.685\\\\\\\\test.js:1:1'\\n\" +\n      \"  failureType: 'testCodeFailure'\\n\" +\n      '  exitCode: ~\\n' +\n      \"  signal: 'SIGTERM'\\n\" +\n      \"  error: 'test failed'\\n\" +\n      \"  code: 'ERR_TEST_FAILURE'\\n\" +\n      '  ...\\n' +\n      '# Subtest: test has ran\\n' +\n      'ok 2 - test has ran\\n' +\n      '  ---\\n' +\n      '  duration_ms: 18.0646\\n' +\n      '  ...\\n' +\n      '# Subtest: test.js\\n' +\n      'not ok 3 - test.js\\n' +\n      '  ---\\n' +\n      '  duration_ms: 942.557\\n' +\n      \"  location: 'c:\\\\\\\\workspace\\\\\\\\node-test-binary-windows-js-suites\\\\\\\\node\\\\\\\\test\\\\\\\\.tmp.685\\\\\\\\test.js:1:1'\\n\" +\n      \"  failureType: 'testCodeFailure'\\n\" +\n      '  exitCode: ~\\n' +\n      \"  signal: 'SIGTERM'\\n\" +\n      \"  error: 'test failed'\\n\" +\n      \"  code: 'ERR_TEST_FAILURE'\\n\" +\n      '  ...\\n' +\n      '# Subtest: test has ran\\n' +\n      'ok 4 - test has ran\\n' +\n      '  ---\\n' +\n      '  duration_ms: 11.0002\\n' +\n      '  ...\\n' +\n      '1..4\\n' +\n      '# tests 4\\n' +\n      '# suites 0\\n' +\n      '# pass 2\\n' +\n      '# fail 2\\n' +\n      '# cancelled 0\\n' +\n      '# skipped 0\\n' +\n      '# todo 0\\n' +\n      '# duration_ms 1143.3251\\n'\n    \n        at testUpdate (file:///c:/workspace/node-test-binary-windows-js-suites/node/test/parallel/test-runner-run-watch.mjs:81:14)\n        at process.processTicksAndRejections (node:internal/process/task_queues:105:5)\n        at async testWatch (file:///c:/workspace/node-test-binary-windows-js-suites/node/test/parallel/test-runner-run-watch.mjs:173:26)\n        at async TestContext.<anonymous> (file:///c:/workspace/node-test-binary-windows-js-suites/node/test/parallel/test-runner-run-watch.mjs:183:5)\n        at async Test.run (node:internal/test_runner/test:888:9)\n        at async Promise.all (index 0)\n        at async Suite.run (node:internal/test_runner/test:1268:7)\n        at async startSubtestAfterBootstrap (node:internal/test_runner/harness:280:3) {\n      generatedMessage: true,\n      code: 'ERR_ASSERTION',\n      actual: \"# Subtest: test.js\\nnot ok 2 - test.js\\n  ---\\n  duration_ms: 1152.9255\\n  location: 'c:\\\\\\\\workspace\\\\\\\\node-test-binary-windows-js-suites\\\\\\\\node\\\\\\\\test\\\\\\\\.tmp.685\\\\\\\\test.js:1:1'\\n  failureType: 'testCodeFailure'\\n  exitCode: ~\\n  signal: 'SIGTERM'\\n  error: 'test failed'\\n  code: 'ERR_TEST_FAILURE'\\n...\",\n      expected: /tests 1/,\n      operator: 'match'\n    }\n\n  ✖ should run tests with dependency repeatedly (14379.1198ms)\n    AssertionError [ERR_ASSERTION]: The input did not match the regular expression /pass 1/. Input:\n    \n    '# Subtest: test.js\\n' +\n      'not ok 2 - test.js\\n' +\n      '  ---\\n' +\n      '  duration_ms: 1106.6015\\n' +\n      \"  location: 'c:\\\\\\\\workspace\\\\\\\\node-test-binary-windows-js-suites\\\\\\\\node\\\\\\\\test\\\\\\\\.tmp.685\\\\\\\\test.js:1:1'\\n\" +\n      \"  failureType: 'testCodeFailure'\\n\" +\n      '  exitCode: ~\\n' +\n      \"  signal: 'SIGTERM'\\n\" +\n      \"  error: 'test failed'\\n\" +\n      \"  code: 'ERR_TEST_FAILURE'\\n\" +\n      '  ...\\n' +\n      '# Subtest: test.js\\n' +\n      'not ok 3 - test.js\\n' +\n      '  ---\\n' +\n      '  duration_ms: 1009.3375\\n' +\n      \"  location: 'c:\\\\\\\\workspace\\\\\\\\node-test-binary-windows-js-suites\\\\\\\\node\\\\\\\\test\\\\\\\\.tmp.685\\\\\\\\test.js:1:1'\\n\" +\n      \"  failureType: 'testCodeFailure'\\n\" +\n      '  exitCode: ~\\n' +\n      \"  signal: 'SIGTERM'\\n\" +\n      \"  error: 'test failed'\\n\" +\n      \"  code: 'ERR_TEST_FAILURE'\\n\" +\n      '  ...\\n' +\n      '# Subtest: test.js\\n' +\n      'not ok 4 - test.js\\n' +\n      '  ---\\n' +\n      '  duration_ms: 981.879\\n' +\n      \"  location: 'c:\\\\\\\\workspace\\\\\\\\node-test-binary-windows-js-suites\\\\\\\\node\\\\\\\\test\\\\\\\\.tmp.685\\\\\\\\test.js:1:1'\\n\" +\n      \"  failureType: 'testCodeFailure'\\n\" +\n      '  exitCode: ~\\n' +\n      \"  signal: 'SIGTERM'\\n\" +\n      \"  error: 'test failed'\\n\" +\n      \"  code: 'ERR_TEST_FAILURE'\\n\" +\n      '  ...\\n' +\n      '# Subtest: test has ran\\n' +\n      'ok 4 - test has ran\\n' +\n      '  ---\\n' +\n      '  duration_ms: 10.0738\\n' +\n      '  ...\\n' +\n      '# Subtest: test.js\\n' +\n      'not ok 6 - test.js\\n' +\n      '  ---\\n' +\n      '  duration_ms: 323.7584\\n' +\n      \"  location: 'c:\\\\\\\\workspace\\\\\\\\node-test-binary-windows-js-suites\\\\\\\\node\\\\\\\\test\\\\\\\\.tmp.685\\\\\\\\test.js:1:1'\\n\" +\n      \"  failureType: 'testCodeFailure'\\n\" +\n      '  exitCode: ~\\n' +\n      \"  signal: 'SIGTERM'\\n\" +\n      \"  error: 'test failed'\\n\" +\n      \"  code: 'ERR_TEST_FAILURE'\\n\" +\n      '  ...\\n' +\n      '# Subtest: test.js\\n' +\n      'not ok 7 - test.js\\n' +\n      '  ---\\n' +\n      '  duration_ms: 431.4432\\n' +\n      \"  location: 'c:\\\\\\\\workspace\\\\\\\\node-test-binary-windows-js-suites\\\\\\\\node\\\\\\\\test\\\\\\\\.tmp.685\\\\\\\\test.js:1:1'\\n\" +\n      \"  failureType: 'testCodeFailure'\\n\" +\n      '  exitCode: ~\\n' +\n      \"  signal: 'SIGTERM'\\n\" +\n      \"  error: 'test failed'\\n\" +\n      \"  code: 'ERR_TEST_FAILURE'\\n\" +\n      '  ...\\n' +\n      '# Subtest: test has ran\\n' +\n      'ok 7 - test has ran\\n' +\n      '  ---\\n' +\n      '  duration_ms: 18.4235\\n' +\n      '  ...\\n' +\n      '# Subtest: test.js\\n' +\n      'not ok 8 - test.js\\n' +\n      '  ---\\n' +\n      '  duration_ms: 932.5895\\n' +\n      \"  location: 'c:\\\\\\\\workspace\\\\\\\\node-test-binary-windows-js-suites\\\\\\\\node\\\\\\\\test\\\\\\\\.tmp.685\\\\\\\\test.js:1:1'\\n\" +\n      \"  failureType: 'testCodeFailure'\\n\" +\n      '  exitCode: ~\\n' +\n      \"  signal: 'SIGTERM'\\n\" +\n      \"  error: 'test failed'\\n\" +\n      \"  code: 'ERR_TEST_FAILURE'\\n\" +\n      '  ...\\n' +\n      '# Subtest: test has ran\\n' +\n      'ok 9 - test has ran\\n' +\n      '  ---\\n' +\n      '  duration_ms: 6.1398\\n' +\n      '  ...\\n' +\n      '# Subtest: test.js\\n' +\n      'not ok 9 - test.js\\n' +\n      '  ---\\n' +\n      '  duration_ms: 1065.7896\\n' +\n      \"  location: 'c:\\\\\\\\workspace\\\\\\\\node-test-binary-windows-js-suites\\\\\\\\node\\\\\\\\test\\\\\\\\.tmp.685\\\\\\\\test.js:1:1'\\n\" +\n      \"  failureType: 'testCodeFailure'\\n\" +\n      '  exitCode: ~\\n' +\n      \"  signal: 'SIGTERM'\\n\" +\n      \"  error: 'test failed'\\n\" +\n      \"  code: 'ERR_TEST_FAILURE'\\n\" +\n      '  ...\\n' +\n      '# Subtest: test has ran\\n' +\n      'ok 11 - test has ran\\n' +\n      '  ---\\n' +\n      '  duration_ms: 20.0234\\n' +\n      '  ...\\n' +\n      '# Subtest: test.js\\n' +\n      'not ok 10 - test.js\\n' +\n      '  ---\\n' +\n      '  duration_ms: 947.5504\\n' +\n      \"  location: 'c:\\\\\\\\workspace\\\\\\\\node-test-binary-windows-js-suites\\\\\\\\node\\\\\\\\test\\\\\\\\.tmp.685\\\\\\\\test.js:1:1'\\n\" +\n      \"  failureType: 'testCodeFailure'\\n\" +\n      '  exitCode: ~\\n' +\n      \"  signal: 'SIGTERM'\\n\" +\n      \"  error: 'test failed'\\n\" +\n      \"  code: 'ERR_TEST_FAILURE'\\n\" +\n      '  ...\\n' +\n      '# Subtest: test has ran\\n' +\n      'ok 13 - test has ran\\n' +\n      '  ---\\n' +\n      '  duration_ms: 10.6536\\n' +\n      '  ...\\n' +\n      '# Subtest: test.js\\n' +\n      'not ok 11 - test.js\\n' +\n      '  ---\\n' +\n      '  duration_ms: 1025.3757\\n' +\n      \"  location: 'c:\\\\\\\\workspace\\\\\\\\node-test-binary-windows-js-suites\\\\\\\\node\\\\\\\\test\\\\\\\\.tmp.685\\\\\\\\test.js:1:1'\\n\" +\n      \"  failureType: 'testCodeFailure'\\n\" +\n      '  exitCode: ~\\n' +\n      \"  signal: 'SIGTERM'\\n\" +\n      \"  error: 'test failed'\\n\" +\n      \"  code: 'ERR_TEST_FAILURE'\\n\" +\n      '  ...\\n' +\n      '# Subtest: test has ran\\n' +\n      'ok 15 - test has ran\\n' +\n      '  ---\\n' +\n      '  duration_ms: 26.5102\\n' +\n      '  ...\\n' +\n      '1..15\\n' +\n      '# tests 15\\n' +\n      '# suites 0\\n' +\n      '# pass 6\\n' +\n      '# fail 9\\n' +\n      '# cancelled 0\\n' +\n      '# skipped 0\\n' +\n      '# todo 0\\n' +\n      '# duration_ms 1095.5099\\n'\n    \n        at testUpdate (file:///c:/workspace/node-test-binary-windows-js-suites/node/test/parallel/test-runner-run-watch.mjs:82:14)\n        at process.processTicksAndRejections (node:internal/process/task_queues:105:5)\n        at async testWatch (file:///c:/workspace/node-test-binary-windows-js-suites/node/test/parallel/test-runner-run-watch.mjs:173:26)\n        at async TestContext.<anonymous> (file:///c:/workspace/node-test-binary-windows-js-suites/node/test/parallel/test-runner-run-watch.mjs:187:5)\n        at async Test.run (node:internal/test_runner/test:888:9)\n        at async Suite.processPendingSubtests (node:internal/test_runner/test:584:7) {\n      generatedMessage: true,\n      code: 'ERR_ASSERTION',\n      actual: \"# Subtest: test.js\\nnot ok 2 - test.js\\n  ---\\n  duration_ms: 1106.6015\\n  location: 'c:\\\\\\\\workspace\\\\\\\\node-test-binary-windows-js-suites\\\\\\\\node\\\\\\\\test\\\\\\\\.tmp.685\\\\\\\\test.js:1:1'\\n  failureType: 'testCodeFailure'\\n  exitCode: ~\\n  signal: 'SIGTERM'\\n  error: 'test failed'\\n  code: 'ERR_TEST_FAILURE'\\n...\",\n      expected: /pass 1/,\n      operator: 'match'\n    }\n\n  ✔ should run tests with ESM dependency (4229.2106ms)\n  ✖ should support running tests without a file (5196.5938ms)\n    AssertionError [ERR_ASSERTION]: The input did not match the regular expression /tests 1/. Input:\n    \n    '# Subtest: test.js\\n' +\n      'not ok 2 - test.js\\n' +\n      '  ---\\n' +\n      '  duration_ms: 1063.2354\\n' +\n      \"  location: 'c:\\\\\\\\workspace\\\\\\\\node-test-binary-windows-js-suites\\\\\\\\node\\\\\\\\test\\\\\\\\.tmp.685\\\\\\\\test.js:1:1'\\n\" +\n      \"  failureType: 'testCodeFailure'\\n\" +\n      '  exitCode: ~\\n' +\n      \"  signal: 'SIGTERM'\\n\" +\n      \"  error: 'test failed'\\n\" +\n      \"  code: 'ERR_TEST_FAILURE'\\n\" +\n      '  ...\\n' +\n      '# Subtest: test has ran\\n' +\n      'ok 2 - test has ran\\n' +\n      '  ---\\n' +\n      '  duration_ms: 10.4665\\n' +\n      '  ...\\n' +\n      '1..2\\n' +\n      '# tests 2\\n' +\n      '# suites 0\\n' +\n      '# pass 1\\n' +\n      '# fail 1\\n' +\n      '# cancelled 0\\n' +\n      '# skipped 0\\n' +\n      '# todo 0\\n' +\n      '# duration_ms 1188.1072\\n'\n    \n        at testUpdate (file:///c:/workspace/node-test-binary-windows-js-suites/node/test/parallel/test-runner-run-watch.mjs:81:14)\n        at process.processTicksAndRejections (node:internal/process/task_queues:105:5)\n        at async testWatch (file:///c:/workspace/node-test-binary-windows-js-suites/node/test/parallel/test-runner-run-watch.mjs:173:26)\n        at async TestContext.<anonymous> (file:///c:/workspace/node-test-binary-windows-js-suites/node/test/parallel/test-runner-run-watch.mjs:195:5)\n        at async Test.run (node:internal/test_runner/test:888:9)\n        at async Suite.processPendingSubtests (node:internal/test_runner/test:584:7) {\n      generatedMessage: true,\n      code: 'ERR_ASSERTION',\n      actual: \"# Subtest: test.js\\nnot ok 2 - test.js\\n  ---\\n  duration_ms: 1063.2354\\n  location: 'c:\\\\\\\\workspace\\\\\\\\node-test-binary-windows-js-suites\\\\\\\\node\\\\\\\\test\\\\\\\\.tmp.685\\\\\\\\test.js:1:1'\\n  failureType: 'testCodeFailure'\\n  exitCode: ~\\n  signal: 'SIGTERM'\\n  error: 'test failed'\\n  code: 'ERR_TEST_FAILURE'\\n...\",\n      expected: /tests 1/,\n      operator: 'match'\n    }\n\n  ✖ should support a watched test file rename (3840.5114ms)\n    Error: ENOENT: no such file or directory, rename 'c:\\workspace\\node-test-binary-windows-js-suites\\node\\test\\.tmp.685\\test.js' -> 'c:\\workspace\\node-test-binary-windows-js-suites\\node\\test\\.tmp.685\\test-renamed-test.js'\n        at renameSync (node:fs:1020:11)\n        at Timeout._onTimeout (file:///c:/workspace/node-test-binary-windows-js-suites/node/test/parallel/test-runner-run-watch.mjs:94:40)\n        at listOnTimeout (node:internal/timers:614:17)\n        at process.processTimers (node:internal/timers:549:7) {\n      errno: -4058,\n      code: 'ENOENT',\n      syscall: 'rename',\n      path: 'c:\\\\workspace\\\\node-test-binary-windows-js-suites\\\\node\\\\test\\\\.tmp.685\\\\test.js',\n      dest: 'c:\\\\workspace\\\\node-test-binary-windows-js-suites\\\\node\\\\test\\\\.tmp.685\\\\test-renamed-test.js'\n    }\n\n  ✖ should not throw when deleting a watched test file (8.4894ms)\n    Error: EPERM, Permission denied: \\\\?\\c:\\workspace\\node-test-binary-windows-js-suites\\node\\test\\.tmp.685 '\\\\?\\c:\\workspace\\node-test-binary-windows-js-suites\\node\\test\\.tmp.685'\n        at Object.rmSync (node:fs:1246:18)\n        at rmSync (c:\\workspace\\node-test-binary-windows-js-suites\\node\\test\\common\\tmpdir.js:20:8)\n        at Object.refresh (c:\\workspace\\node-test-binary-windows-js-suites\\node\\test\\common\\tmpdir.js:35:3)\n        at TestContext.refresh (file:///c:/workspace/node-test-binary-windows-js-suites/node/test/parallel/test-runner-run-watch.mjs:34:10)\n        at TestHook.runInAsyncScope (node:async_hooks:211:14)\n        at TestHook.run (node:internal/test_runner/test:887:25)\n        at TestHook.run (node:internal/test_runner/test:1157:18)\n        at node:internal/test_runner/test:806:20\n        at async Suite.runHook (node:internal/test_runner/test:804:7)\n        at async Test.run (node:internal/test_runner/test:863:9) {\n      errno: 1,\n      code: 'EPERM',\n      path: '\\\\\\\\?\\\\c:\\\\workspace\\\\node-test-binary-windows-js-suites\\\\node\\\\test\\\\.tmp.685',\n      syscall: 'rm'\n    }\n\n  ✖ should run tests with dependency repeatedly in a different cwd (0.6832ms)\n    Error: EPERM, Permission denied: \\\\?\\c:\\workspace\\node-test-binary-windows-js-suites\\node\\test\\.tmp.685 '\\\\?\\c:\\workspace\\node-test-binary-windows-js-suites\\node\\test\\.tmp.685'\n        at Object.rmSync (node:fs:1246:18)\n        at rmSync (c:\\workspace\\node-test-binary-windows-js-suites\\node\\test\\common\\tmpdir.js:20:8)\n        at Object.refresh (c:\\workspace\\node-test-binary-windows-js-suites\\node\\test\\common\\tmpdir.js:35:3)\n        at TestContext.refresh (file:///c:/workspace/node-test-binary-windows-js-suites/node/test/parallel/test-runner-run-watch.mjs:34:10)\n        at TestHook.runInAsyncScope (node:async_hooks:211:14)\n        at TestHook.run (node:internal/test_runner/test:887:25)\n        at TestHook.run (node:internal/test_runner/test:1157:18)\n        at node:internal/test_runner/test:806:20\n        at async Suite.runHook (node:internal/test_runner/test:804:7)\n        at async Test.run (node:internal/test_runner/test:863:9) {\n      errno: 1,\n      code: 'EPERM',\n      path: '\\\\\\\\?\\\\c:\\\\workspace\\\\node-test-binary-windows-js-suites\\\\node\\\\test\\\\.tmp.685',\n      syscall: 'rm'\n    }\n\n  ✖ should handle renames in a different cwd (9.0912ms)\n    Error: EPERM, Permission denied: \\\\?\\c:\\workspace\\node-test-binary-windows-js-suites\\node\\test\\.tmp.685 '\\\\?\\c:\\workspace\\node-test-binary-windows-js-suites\\node\\test\\.tmp.685'\n        at Object.rmSync (node:fs:1246:18)\n        at rmSync (c:\\workspace\\node-test-binary-windows-js-suites\\node\\test\\common\\tmpdir.js:20:8)\n        at Object.refresh (c:\\workspace\\node-test-binary-windows-js-suites\\node\\test\\common\\tmpdir.js:35:3)\n        at TestContext.refresh (file:///c:/workspace/node-test-binary-windows-js-suites/node/test/parallel/test-runner-run-watch.mjs:34:10)\n        at TestHook.runInAsyncScope (node:async_hooks:211:14)\n        at TestHook.run (node:internal/test_runner/test:887:25)\n        at TestHook.run (node:internal/test_runner/test:1157:18)\n        at node:internal/test_runner/test:806:20\n        at async Suite.runHook (node:internal/test_runner/test:804:7)\n        at async Test.run (node:internal/test_runner/test:863:9) {\n      errno: 1,\n      code: 'EPERM',\n      path: '\\\\\\\\?\\\\c:\\\\workspace\\\\node-test-binary-windows-js-suites\\\\node\\\\test\\\\.tmp.685',\n      syscall: 'rm'\n    }\n\n  ✖ should run new tests when a new file is created in the watched directory (0.7374ms)\n    Error: EPERM, Permission denied: \\\\?\\c:\\workspace\\node-test-binary-windows-js-suites\\node\\test\\.tmp.685 '\\\\?\\c:\\workspace\\node-test-binary-windows-js-suites\\node\\test\\.tmp.685'\n        at Object.rmSync (node:fs:1246:18)\n        at rmSync (c:\\workspace\\node-test-binary-windows-js-suites\\node\\test\\common\\tmpdir.js:20:8)\n        at Object.refresh (c:\\workspace\\node-test-binary-windows-js-suites\\node\\test\\common\\tmpdir.js:35:3)\n        at TestContext.refresh (file:///c:/workspace/node-test-binary-windows-js-suites/node/test/parallel/test-runner-run-watch.mjs:34:10)\n        at TestHook.runInAsyncScope (node:async_hooks:211:14)\n        at TestHook.run (node:internal/test_runner/test:887:25)\n        at TestHook.run (node:internal/test_runner/test:1157:18)\n        at node:internal/test_runner/test:806:20\n        at async Suite.runHook (node:internal/test_runner/test:804:7)\n        at async Test.run (node:internal/test_runner/test:863:9) {\n      errno: 1,\n      code: 'EPERM',\n      path: '\\\\\\\\?\\\\c:\\\\workspace\\\\node-test-binary-windows-js-suites\\\\node\\\\test\\\\.tmp.685',\n      syscall: 'rm'\n    }\n\n▶ test runner watch mode (34158.3993ms)\nℹ tests 9\nℹ suites 1\nℹ pass 1\nℹ fail 8\nℹ cancelled 0\nℹ skipped 0\nℹ todo 0\nℹ duration_ms 34510.1367\n\n✖ failing tests:\n\ntest at test\\parallel\\test-runner-run-watch.mjs:182:3\n✖ should run tests repeatedly (6318.491ms)\n  AssertionError [ERR_ASSERTION]: The input did not match the regular expression /tests 1/. Input:\n  \n  '# Subtest: test.js\\n' +\n    'not ok 2 - test.js\\n' +\n    '  ---\\n' +\n    '  duration_ms: 1152.9255\\n' +\n    \"  location: 'c:\\\\\\\\workspace\\\\\\\\node-test-binary-windows-js-suites\\\\\\\\node\\\\\\\\test\\\\\\\\.tmp.685\\\\\\\\test.js:1:1'\\n\" +\n    \"  failureType: 'testCodeFailure'\\n\" +\n    '  exitCode: ~\\n' +\n    \"  signal: 'SIGTERM'\\n\" +\n    \"  error: 'test failed'\\n\" +\n    \"  code: 'ERR_TEST_FAILURE'\\n\" +\n    '  ...\\n' +\n    '# Subtest: test has ran\\n' +\n    'ok 2 - test has ran\\n' +\n    '  ---\\n' +\n    '  duration_ms: 18.0646\\n' +\n    '  ...\\n' +\n    '# Subtest: test.js\\n' +\n    'not ok 3 - test.js\\n' +\n    '  ---\\n' +\n    '  duration_ms: 942.557\\n' +\n    \"  location: 'c:\\\\\\\\workspace\\\\\\\\node-test-binary-windows-js-suites\\\\\\\\node\\\\\\\\test\\\\\\\\.tmp.685\\\\\\\\test.js:1:1'\\n\" +\n    \"  failureType: 'testCodeFailure'\\n\" +\n    '  exitCode: ~\\n' +\n    \"  signal: 'SIGTERM'\\n\" +\n    \"  error: 'test failed'\\n\" +\n    \"  code: 'ERR_TEST_FAILURE'\\n\" +\n    '  ...\\n' +\n    '# Subtest: test has ran\\n' +\n    'ok 4 - test has ran\\n' +\n    '  ---\\n' +\n    '  duration_ms: 11.0002\\n' +\n    '  ...\\n' +\n    '1..4\\n' +\n    '# tests 4\\n' +\n    '# suites 0\\n' +\n    '# pass 2\\n' +\n    '# fail 2\\n' +\n    '# cancelled 0\\n' +\n    '# skipped 0\\n' +\n    '# todo 0\\n' +\n    '# duration_ms 1143.3251\\n'\n  \n      at testUpdate (file:///c:/workspace/node-test-binary-windows-js-suites/node/test/parallel/test-runner-run-watch.mjs:81:14)\n      at process.processTicksAndRejections (node:internal/process/task_queues:105:5)\n      at async testWatch (file:///c:/workspace/node-test-binary-windows-js-suites/node/test/parallel/test-runner-run-watch.mjs:173:26)\n      at async TestContext.<anonymous> (file:///c:/workspace/node-test-binary-windows-js-suites/node/test/parallel/test-runner-run-watch.mjs:183:5)\n      at async Test.run (node:internal/test_runner/test:888:9)\n      at async Promise.all (index 0)\n      at async Suite.run (node:internal/test_runner/test:1268:7)\n      at async startSubtestAfterBootstrap (node:internal/test_runner/harness:280:3) {\n    generatedMessage: true,\n    code: 'ERR_ASSERTION',\n    actual: \"# Subtest: test.js\\nnot ok 2 - test.js\\n  ---\\n  duration_ms: 1152.9255\\n  location: 'c:\\\\\\\\workspace\\\\\\\\node-test-binary-windows-js-suites\\\\\\\\node\\\\\\\\test\\\\\\\\.tmp.685\\\\\\\\test.js:1:1'\\n  failureType: 'testCodeFailure'\\n  exitCode: ~\\n  signal: 'SIGTERM'\\n  error: 'test failed'\\n  code: 'ERR_TEST_FAILURE'\\n...\",\n    expected: /tests 1/,\n    operator: 'match'\n  }\n\ntest at test\\parallel\\test-runner-run-watch.mjs:186:3\n✖ should run tests with dependency repeatedly (14379.1198ms)\n  AssertionError [ERR_ASSERTION]: The input did not match the regular expression /pass 1/. Input:\n  \n  '# Subtest: test.js\\n' +\n    'not ok 2 - test.js\\n' +\n    '  ---\\n' +\n    '  duration_ms: 1106.6015\\n' +\n    \"  location: 'c:\\\\\\\\workspace\\\\\\\\node-test-binary-windows-js-suites\\\\\\\\node\\\\\\\\test\\\\\\\\.tmp.685\\\\\\\\test.js:1:1'\\n\" +\n    \"  failureType: 'testCodeFailure'\\n\" +\n    '  exitCode: ~\\n' +\n    \"  signal: 'SIGTERM'\\n\" +\n    \"  error: 'test failed'\\n\" +\n    \"  code: 'ERR_TEST_FAILURE'\\n\" +\n    '  ...\\n' +\n    '# Subtest: test.js\\n' +\n    'not ok 3 - test.js\\n' +\n    '  ---\\n' +\n    '  duration_ms: 1009.3375\\n' +\n    \"  location: 'c:\\\\\\\\workspace\\\\\\\\node-test-binary-windows-js-suites\\\\\\\\node\\\\\\\\test\\\\\\\\.tmp.685\\\\\\\\test.js:1:1'\\n\" +\n    \"  failureType: 'testCodeFailure'\\n\" +\n    '  exitCode: ~\\n' +\n    \"  signal: 'SIGTERM'\\n\" +\n    \"  error: 'test failed'\\n\" +\n    \"  code: 'ERR_TEST_FAILURE'\\n\" +\n    '  ...\\n' +\n    '# Subtest: test.js\\n' +\n    'not ok 4 - test.js\\n' +\n    '  ---\\n' +\n    '  duration_ms: 981.879\\n' +\n    \"  location: 'c:\\\\\\\\workspace\\\\\\\\node-test-binary-windows-js-suites\\\\\\\\node\\\\\\\\test\\\\\\\\.tmp.685\\\\\\\\test.js:1:1'\\n\" +\n    \"  failureType: 'testCodeFailure'\\n\" +\n    '  exitCode: ~\\n' +\n    \"  signal: 'SIGTERM'\\n\" +\n    \"  error: 'test failed'\\n\" +\n    \"  code: 'ERR_TEST_FAILURE'\\n\" +\n    '  ...\\n' +\n    '# Subtest: test has ran\\n' +\n    'ok 4 - test has ran\\n' +\n    '  ---\\n' +\n    '  duration_ms: 10.0738\\n' +\n    '  ...\\n' +\n    '# Subtest: test.js\\n' +\n    'not ok 6 - test.js\\n' +\n    '  ---\\n' +\n    '  duration_ms: 323.7584\\n' +\n    \"  location: 'c:\\\\\\\\workspace\\\\\\\\node-test-binary-windows-js-suites\\\\\\\\node\\\\\\\\test\\\\\\\\.tmp.685\\\\\\\\test.js:1:1'\\n\" +\n    \"  failureType: 'testCodeFailure'\\n\" +\n    '  exitCode: ~\\n' +\n    \"  signal: 'SIGTERM'\\n\" +\n    \"  error: 'test failed'\\n\" +\n    \"  code: 'ERR_TEST_FAILURE'\\n\" +\n    '  ...\\n' +\n    '# Subtest: test.js\\n' +\n    'not ok 7 - test.js\\n' +\n    '  ---\\n' +\n    '  duration_ms: 431.4432\\n' +\n    \"  location: 'c:\\\\\\\\workspace\\\\\\\\node-test-binary-windows-js-suites\\\\\\\\node\\\\\\\\test\\\\\\\\.tmp.685\\\\\\\\test.js:1:1'\\n\" +\n    \"  failureType: 'testCodeFailure'\\n\" +\n    '  exitCode: ~\\n' +\n    \"  signal: 'SIGTERM'\\n\" +\n    \"  error: 'test failed'\\n\" +\n    \"  code: 'ERR_TEST_FAILURE'\\n\" +\n    '  ...\\n' +\n    '# Subtest: test has ran\\n' +\n    'ok 7 - test has ran\\n' +\n    '  ---\\n' +\n    '  duration_ms: 18.4235\\n' +\n    '  ...\\n' +\n    '# Subtest: test.js\\n' +\n    'not ok 8 - test.js\\n' +\n    '  ---\\n' +\n    '  duration_ms: 932.5895\\n' +\n    \"  location: 'c:\\\\\\\\workspace\\\\\\\\node-test-binary-windows-js-suites\\\\\\\\node\\\\\\\\test\\\\\\\\.tmp.685\\\\\\\\test.js:1:1'\\n\" +\n    \"  failureType: 'testCodeFailure'\\n\" +\n    '  exitCode: ~\\n' +\n    \"  signal: 'SIGTERM'\\n\" +\n    \"  error: 'test failed'\\n\" +\n    \"  code: 'ERR_TEST_FAILURE'\\n\" +\n    '  ...\\n' +\n    '# Subtest: test has ran\\n' +\n    'ok 9 - test has ran\\n' +\n    '  ---\\n' +\n    '  duration_ms: 6.1398\\n' +\n    '  ...\\n' +\n    '# Subtest: test.js\\n' +\n    'not ok 9 - test.js\\n' +\n    '  ---\\n' +\n    '  duration_ms: 1065.7896\\n' +\n    \"  location: 'c:\\\\\\\\workspace\\\\\\\\node-test-binary-windows-js-suites\\\\\\\\node\\\\\\\\test\\\\\\\\.tmp.685\\\\\\\\test.js:1:1'\\n\" +\n    \"  failureType: 'testCodeFailure'\\n\" +\n    '  exitCode: ~\\n' +\n    \"  signal: 'SIGTERM'\\n\" +\n    \"  error: 'test failed'\\n\" +\n    \"  code: 'ERR_TEST_FAILURE'\\n\" +\n    '  ...\\n' +\n    '# Subtest: test has ran\\n' +\n    'ok 11 - test has ran\\n' +\n    '  ---\\n' +\n    '  duration_ms: 20.0234\\n' +\n    '  ...\\n' +\n    '# Subtest: test.js\\n' +\n    'not ok 10 - test.js\\n' +\n    '  ---\\n' +\n    '  duration_ms: 947.5504\\n' +\n    \"  location: 'c:\\\\\\\\workspace\\\\\\\\node-test-binary-windows-js-suites\\\\\\\\node\\\\\\\\test\\\\\\\\.tmp.685\\\\\\\\test.js:1:1'\\n\" +\n    \"  failureType: 'testCodeFailure'\\n\" +\n    '  exitCode: ~\\n' +\n    \"  signal: 'SIGTERM'\\n\" +\n    \"  error: 'test failed'\\n\" +\n    \"  code: 'ERR_TEST_FAILURE'\\n\" +\n    '  ...\\n' +\n    '# Subtest: test has ran\\n' +\n    'ok 13 - test has ran\\n' +\n    '  ---\\n' +\n    '  duration_ms: 10.6536\\n' +\n    '  ...\\n' +\n    '# Subtest: test.js\\n' +\n    'not ok 11 - test.js\\n' +\n    '  ---\\n' +\n    '  duration_ms: 1025.3757\\n' +\n    \"  location: 'c:\\\\\\\\workspace\\\\\\\\node-test-binary-windows-js-suites\\\\\\\\node\\\\\\\\test\\\\\\\\.tmp.685\\\\\\\\test.js:1:1'\\n\" +\n    \"  failureType: 'testCodeFailure'\\n\" +\n    '  exitCode: ~\\n' +\n    \"  signal: 'SIGTERM'\\n\" +\n    \"  error: 'test failed'\\n\" +\n    \"  code: 'ERR_TEST_FAILURE'\\n\" +\n    '  ...\\n' +\n    '# Subtest: test has ran\\n' +\n    'ok 15 - test has ran\\n' +\n    '  ---\\n' +\n    '  duration_ms: 26.5102\\n' +\n    '  ...\\n' +\n    '1..15\\n' +\n    '# tests 15\\n' +\n    '# suites 0\\n' +\n    '# pass 6\\n' +\n    '# fail 9\\n' +\n    '# cancelled 0\\n' +\n    '# skipped 0\\n' +\n    '# todo 0\\n' +\n    '# duration_ms 1095.5099\\n'\n  \n      at testUpdate (file:///c:/workspace/node-test-binary-windows-js-suites/node/test/parallel/test-runner-run-watch.mjs:82:14)\n      at process.processTicksAndRejections (node:internal/process/task_queues:105:5)\n      at async testWatch (file:///c:/workspace/node-test-binary-windows-js-suites/node/test/parallel/test-runner-run-watch.mjs:173:26)\n      at async TestContext.<anonymous> (file:///c:/workspace/node-test-binary-windows-js-suites/node/test/parallel/test-runner-run-watch.mjs:187:5)\n      at async Test.run (node:internal/test_runner/test:888:9)\n      at async Suite.processPendingSubtests (node:internal/test_runner/test:584:7) {\n    generatedMessage: true,\n    code: 'ERR_ASSERTION',\n    actual: \"# Subtest: test.js\\nnot ok 2 - test.js\\n  ---\\n  duration_ms: 1106.6015\\n  location: 'c:\\\\\\\\workspace\\\\\\\\node-test-binary-windows-js-suites\\\\\\\\node\\\\\\\\test\\\\\\\\.tmp.685\\\\\\\\test.js:1:1'\\n  failureType: 'testCodeFailure'\\n  exitCode: ~\\n  signal: 'SIGTERM'\\n  error: 'test failed'\\n  code: 'ERR_TEST_FAILURE'\\n...\",\n    expected: /pass 1/,\n    operator: 'match'\n  }\n\ntest at test\\parallel\\test-runner-run-watch.mjs:194:3\n✖ should support running tests without a file (5196.5938ms)\n  AssertionError [ERR_ASSERTION]: The input did not match the regular expression /tests 1/. Input:\n  \n  '# Subtest: test.js\\n' +\n    'not ok 2 - test.js\\n' +\n    '  ---\\n' +\n    '  duration_ms: 1063.2354\\n' +\n    \"  location: 'c:\\\\\\\\workspace\\\\\\\\node-test-binary-windows-js-suites\\\\\\\\node\\\\\\\\test\\\\\\\\.tmp.685\\\\\\\\test.js:1:1'\\n\" +\n    \"  failureType: 'testCodeFailure'\\n\" +\n    '  exitCode: ~\\n' +\n    \"  signal: 'SIGTERM'\\n\" +\n    \"  error: 'test failed'\\n\" +\n    \"  code: 'ERR_TEST_FAILURE'\\n\" +\n    '  ...\\n' +\n    '# Subtest: test has ran\\n' +\n    'ok 2 - test has ran\\n' +\n    '  ---\\n' +\n    '  duration_ms: 10.4665\\n' +\n    '  ...\\n' +\n    '1..2\\n' +\n    '# tests 2\\n' +\n    '# suites 0\\n' +\n    '# pass 1\\n' +\n    '# fail 1\\n' +\n    '# cancelled 0\\n' +\n    '# skipped 0\\n' +\n    '# todo 0\\n' +\n    '# duration_ms 1188.1072\\n'\n  \n      at testUpdate (file:///c:/workspace/node-test-binary-windows-js-suites/node/test/parallel/test-runner-run-watch.mjs:81:14)\n      at process.processTicksAndRejections (node:internal/process/task_queues:105:5)\n      at async testWatch (file:///c:/workspace/node-test-binary-windows-js-suites/node/test/parallel/test-runner-run-watch.mjs:173:26)\n      at async TestContext.<anonymous> (file:///c:/workspace/node-test-binary-windows-js-suites/node/test/parallel/test-runner-run-watch.mjs:195:5)\n      at async Test.run (node:internal/test_runner/test:888:9)\n      at async Suite.processPendingSubtests (node:internal/test_runner/test:584:7) {\n    generatedMessage: true,\n    code: 'ERR_ASSERTION',\n    actual: \"# Subtest: test.js\\nnot ok 2 - test.js\\n  ---\\n  duration_ms: 1063.2354\\n  location: 'c:\\\\\\\\workspace\\\\\\\\node-test-binary-windows-js-suites\\\\\\\\node\\\\\\\\test\\\\\\\\.tmp.685\\\\\\\\test.js:1:1'\\n  failureType: 'testCodeFailure'\\n  exitCode: ~\\n  signal: 'SIGTERM'\\n  error: 'test failed'\\n  code: 'ERR_TEST_FAILURE'\\n...\",\n    expected: /tests 1/,\n    operator: 'match'\n  }\n\ntest at test\\parallel\\test-runner-run-watch.mjs:198:3\n✖ should support a watched test file rename (3840.5114ms)\n  Error: ENOENT: no such file or directory, rename 'c:\\workspace\\node-test-binary-windows-js-suites\\node\\test\\.tmp.685\\test.js' -> 'c:\\workspace\\node-test-binary-windows-js-suites\\node\\test\\.tmp.685\\test-renamed-test.js'\n      at renameSync (node:fs:1020:11)\n      at Timeout._onTimeout (file:///c:/workspace/node-test-binary-windows-js-suites/node/test/parallel/test-runner-run-watch.mjs:94:40)\n      at listOnTimeout (node:internal/timers:614:17)\n      at process.processTimers (node:internal/timers:549:7) {\n    errno: -4058,\n    code: 'ENOENT',\n    syscall: 'rename',\n    path: 'c:\\\\workspace\\\\node-test-binary-windows-js-suites\\\\node\\\\test\\\\.tmp.685\\\\test.js',\n    dest: 'c:\\\\workspace\\\\node-test-binary-windows-js-suites\\\\node\\\\test\\\\.tmp.685\\\\test-renamed-test.js'\n  }\n\ntest at test\\parallel\\test-runner-run-watch.mjs:202:3\n✖ should not throw when deleting a watched test file (8.4894ms)\n  Error: EPERM, Permission denied: \\\\?\\c:\\workspace\\node-test-binary-windows-js-suites\\node\\test\\.tmp.685 '\\\\?\\c:\\workspace\\node-test-binary-windows-js-suites\\node\\test\\.tmp.685'\n      at Object.rmSync (node:fs:1246:18)\n      at rmSync (c:\\workspace\\node-test-binary-windows-js-suites\\node\\test\\common\\tmpdir.js:20:8)\n      at Object.refresh (c:\\workspace\\node-test-binary-windows-js-suites\\node\\test\\common\\tmpdir.js:35:3)\n      at TestContext.refresh (file:///c:/workspace/node-test-binary-windows-js-suites/node/test/parallel/test-runner-run-watch.mjs:34:10)\n      at TestHook.runInAsyncScope (node:async_hooks:211:14)\n      at TestHook.run (node:internal/test_runner/test:887:25)\n      at TestHook.run (node:internal/test_runner/test:1157:18)\n      at node:internal/test_runner/test:806:20\n      at async Suite.runHook (node:internal/test_runner/test:804:7)\n      at async Test.run (node:internal/test_runner/test:863:9) {\n    errno: 1,\n    code: 'EPERM',\n    path: '\\\\\\\\?\\\\c:\\\\workspace\\\\node-test-binary-windows-js-suites\\\\node\\\\test\\\\.tmp.685',\n    syscall: 'rm'\n  }\n\ntest at test\\parallel\\test-runner-run-watch.mjs:206:3\n✖ should run tests with dependency repeatedly in a different cwd (0.6832ms)\n  Error: EPERM, Permission denied: \\\\?\\c:\\workspace\\node-test-binary-windows-js-suites\\node\\test\\.tmp.685 '\\\\?\\c:\\workspace\\node-test-binary-windows-js-suites\\node\\test\\.tmp.685'\n      at Object.rmSync (node:fs:1246:18)\n      at rmSync (c:\\workspace\\node-test-binary-windows-js-suites\\node\\test\\common\\tmpdir.js:20:8)\n      at Object.refresh (c:\\workspace\\node-test-binary-windows-js-suites\\node\\test\\common\\tmpdir.js:35:3)\n      at TestContext.refresh (file:///c:/workspace/node-test-binary-windows-js-suites/node/test/parallel/test-runner-run-watch.mjs:34:10)\n      at TestHook.runInAsyncScope (node:async_hooks:211:14)\n      at TestHook.run (node:internal/test_runner/test:887:25)\n      at TestHook.run (node:internal/test_runner/test:1157:18)\n      at node:internal/test_runner/test:806:20\n      at async Suite.runHook (node:internal/test_runner/test:804:7)\n      at async Test.run (node:internal/test_runner/test:863:9) {\n    errno: 1,\n    code: 'EPERM',\n    path: '\\\\\\\\?\\\\c:\\\\workspace\\\\node-test-binary-windows-js-suites\\\\node\\\\test\\\\.tmp.685',\n    syscall: 'rm'\n  }\n\ntest at test\\parallel\\test-runner-run-watch.mjs:215:3\n✖ should handle renames in a different cwd (9.0912ms)\n  Error: EPERM, Permission denied: \\\\?\\c:\\workspace\\node-test-binary-windows-js-suites\\node\\test\\.tmp.685 '\\\\?\\c:\\workspace\\node-test-binary-windows-js-suites\\node\\test\\.tmp.685'\n      at Object.rmSync (node:fs:1246:18)\n      at rmSync (c:\\workspace\\node-test-binary-windows-js-suites\\node\\test\\common\\tmpdir.js:20:8)\n      at Object.refresh (c:\\workspace\\node-test-binary-windows-js-suites\\node\\test\\common\\tmpdir.js:35:3)\n      at TestContext.refresh (file:///c:/workspace/node-test-binary-windows-js-suites/node/test/parallel/test-runner-run-watch.mjs:34:10)\n      at TestHook.runInAsyncScope (node:async_hooks:211:14)\n      at TestHook.run (node:internal/test_runner/test:887:25)\n      at TestHook.run (node:internal/test_runner/test:1157:18)\n      at node:internal/test_runner/test:806:20\n      at async Suite.runHook (node:internal/test_runner/test:804:7)\n      at async Test.run (node:internal/test_runner/test:863:9) {\n    errno: 1,\n    code: 'EPERM',\n    path: '\\\\\\\\?\\\\c:\\\\workspace\\\\node-test-binary-windows-js-suites\\\\node\\\\test\\\\.tmp.685',\n    syscall: 'rm'\n  }\n\ntest at test\\parallel\\test-runner-run-watch.mjs:224:3\n✖ should run new tests when a new file is created in the watched directory (0.7374ms)\n  Error: EPERM, Permission denied: \\\\?\\c:\\workspace\\node-test-binary-windows-js-suites\\node\\test\\.tmp.685 '\\\\?\\c:\\workspace\\node-test-binary-windows-js-suites\\node\\test\\.tmp.685'\n      at Object.rmSync (node:fs:1246:18)\n      at rmSync (c:\\workspace\\node-test-binary-windows-js-suites\\node\\test\\common\\tmpdir.js:20:8)\n      at Object.refresh (c:\\workspace\\node-test-binary-windows-js-suites\\node\\test\\common\\tmpdir.js:35:3)\n      at TestContext.refresh (file:///c:/workspace/node-test-binary-windows-js-suites/node/test/parallel/test-runner-run-watch.mjs:34:10)\n      at TestHook.runInAsyncScope (node:async_hooks:211:14)\n      at TestHook.run (node:internal/test_runner/test:887:25)\n      at TestHook.run (node:internal/test_runner/test:1157:18)\n      at node:internal/test_runner/test:806:20\n      at async Suite.runHook (node:internal/test_runner/test:804:7)\n      at async Test.run (node:internal/test_runner/test:863:9) {\n    errno: 1,\n    code: 'EPERM',\n    path: '\\\\\\\\?\\\\c:\\\\workspace\\\\node-test-binary-windows-js-suites\\\\node\\\\test\\\\.tmp.685',\n    syscall: 'rm'\n  }"},"time":36425.259,"fullname":"parallel/test-runner-run-watch","closingTestPoint":false}}]}