{"failedTests":[{"testName":"parallel/test-runner-watch-mode","timestamp":1725039772589,"status":"FAILED","jobName":"node-test-binary-windows-js-suites","config":"node-test-binary-windows-js-suites » 0,win10-COMPILED_BY-vs2022 #29753","buildUrl":"https://ci.nodejs.org/job/node-test-binary-windows-js-suites/RUN_SUBSET=0,nodes=win10-COMPILED_BY-vs2022/29753/","buildNumber":29753,"builtOn":"test-azure_msft-win10_vs2019-x64-1","nodeVersion":"23.0.0","commitHash":"b0c33c688df3aaa8fee24c542a29290a2361bc80","callStack":[{"upstreamBuild":65305,"upstreamProject":"node-test-commit-windows-fanned","upstreamUrl":"job/node-test-commit-windows-fanned/"},{"upstreamBuild":73697,"upstreamProject":"node-test-commit","upstreamUrl":"job/node-test-commit/"},{"upstreamBuild":61712,"upstreamProject":"node-test-pull-request","upstreamUrl":"job/node-test-pull-request/"},{"prId":"54651"}],"tap":{"ok":false,"name":"parallel/test-runner-watch-mode","id":922,"buffered":false,"tapError":null,"skip":false,"todo":": Fix flaky test","previous":null,"plan":null,"diag":{"severity":"fail","exitcode":1,"stack":"timeout\n▶ test runner watch mode\n  ✔ should run tests repeatedly (4093.5716ms)"},"time":121966.321,"fullname":"parallel/test-runner-watch-mode","closingTestPoint":false}},{"testName":"parallel/test-runner-watch-mode","timestamp":1725039772589,"status":"FAILED","jobName":"node-test-binary-windows-js-suites","config":"node-test-binary-windows-js-suites » 0,win11-COMPILED_BY-vs2022 #29753","buildUrl":"https://ci.nodejs.org/job/node-test-binary-windows-js-suites/RUN_SUBSET=0,nodes=win11-COMPILED_BY-vs2022/29753/","buildNumber":29753,"builtOn":"test-azure_msft-win11_vs2022-x64-3","nodeVersion":"23.0.0","commitHash":"b0c33c688df3aaa8fee24c542a29290a2361bc80","callStack":[{"upstreamBuild":65305,"upstreamProject":"node-test-commit-windows-fanned","upstreamUrl":"job/node-test-commit-windows-fanned/"},{"upstreamBuild":73697,"upstreamProject":"node-test-commit","upstreamUrl":"job/node-test-commit/"},{"upstreamBuild":61712,"upstreamProject":"node-test-pull-request","upstreamUrl":"job/node-test-pull-request/"},{"prId":"54651"}],"tap":{"ok":false,"name":"parallel/test-runner-watch-mode","id":707,"buffered":false,"tapError":null,"skip":false,"todo":": Fix flaky test","previous":null,"plan":null,"diag":{"severity":"flaky","exitcode":1,"stack":"▶ test runner watch mode\n  ✔ should run tests repeatedly (8918.5257ms)\n  ✖ should run tests with dependency repeatedly (6904.0058ms)\n    AssertionError [ERR_ASSERTION]: The input did not match the regular expression /tests 1/. Input:\n    \n    '✔ test has ran (11.1598ms)\\n' +\n      '✖ c:\\\\workspace\\\\node-test-binary-windows-js-suites\\\\node\\\\test\\\\.tmp.687\\\\test.js (1045.7636ms)\\n' +\n      \"  'test failed'\\n\" +\n      '\\n' +\n      '✖ c:\\\\workspace\\\\node-test-binary-windows-js-suites\\\\node\\\\test\\\\.tmp.687\\\\test.js (1000.0548ms)\\n' +\n      \"  'test failed'\\n\" +\n      '\\n' +\n      '✔ test has ran (35.7979ms)\\n' +\n      '✖ c:\\\\workspace\\\\node-test-binary-windows-js-suites\\\\node\\\\test\\\\.tmp.687\\\\test.js (996.708ms)\\n' +\n      \"  'test failed'\\n\" +\n      '\\n' +\n      '✔ test has ran (10.1569ms)\\n' +\n      'ℹ tests 6\\n' +\n      'ℹ suites 0\\n' +\n      'ℹ pass 3\\n' +\n      'ℹ fail 3\\n' +\n      'ℹ cancelled 0\\n' +\n      'ℹ skipped 0\\n' +\n      'ℹ todo 0\\n' +\n      'ℹ duration_ms 1097.9221\\n'\n    \n        at testUpdate (file:///c:/workspace/node-test-binary-windows-js-suites/node/test/parallel/test-runner-watch-mode.mjs:80:14)\n        at process.processTicksAndRejections (node:internal/process/task_queues:105:5)\n        at async testWatch (file:///c:/workspace/node-test-binary-windows-js-suites/node/test/parallel/test-runner-watch-mode.mjs:161:26)\n        at async TestContext.<anonymous> (file:///c:/workspace/node-test-binary-windows-js-suites/node/test/parallel/test-runner-watch-mode.mjs:174:5)\n        at async Test.run (node:internal/test_runner/test:888:9)\n        at async Suite.processPendingSubtests (node:internal/test_runner/test:584:7) {\n      generatedMessage: true,\n      code: 'ERR_ASSERTION',\n      actual: \"✔ test has ran (11.1598ms)\\n✖ c:\\\\workspace\\\\node-test-binary-windows-js-suites\\\\node\\\\test\\\\.tmp.687\\\\test.js (1045.7636ms)\\n  'test failed'\\n\\n✖ c:\\\\workspace\\\\node-test-binary-windows-js-suites\\\\node\\\\test\\\\.tmp.687\\\\test.js (1000.0548ms)\\n  'test failed'\\n\\n✔ test has ran (35.7979ms)\\n✖ c:\\\\workspace\\\\node-test-binary-windows-js-suites\\\\node\\\\test\\\\.tmp.687\\\\test.js (996.708ms)\\n  'test failed'\\n...\",\n      expected: /tests 1/,\n      operator: 'match'\n    }\n\n  ✔ should run tests with ESM dependency (3740.6975ms)\n  ✔ should support running tests without a file (3573.9707ms)\n  ✖ should support a watched test file rename (3624.1106ms)\n    Error: ENOENT: no such file or directory, rename 'c:\\workspace\\node-test-binary-windows-js-suites\\node\\test\\.tmp.687\\test.js' -> 'c:\\workspace\\node-test-binary-windows-js-suites\\node\\test\\.tmp.687\\test-renamed-test.js'\n        at renameSync (node:fs:1020:11)\n        at Timeout._onTimeout (file:///c:/workspace/node-test-binary-windows-js-suites/node/test/parallel/test-runner-watch-mode.mjs:93:40)\n        at listOnTimeout (node:internal/timers:614:17)\n        at process.processTimers (node:internal/timers:549:7) {\n      errno: -4058,\n      code: 'ENOENT',\n      syscall: 'rename',\n      path: 'c:\\\\workspace\\\\node-test-binary-windows-js-suites\\\\node\\\\test\\\\.tmp.687\\\\test.js',\n      dest: 'c:\\\\workspace\\\\node-test-binary-windows-js-suites\\\\node\\\\test\\\\.tmp.687\\\\test-renamed-test.js'\n    }\n\n  ✖ should not throw when delete a watched test file (0.5832ms)\n    Error: EPERM, Permission denied: \\\\?\\c:\\workspace\\node-test-binary-windows-js-suites\\node\\test\\.tmp.687 '\\\\?\\c:\\workspace\\node-test-binary-windows-js-suites\\node\\test\\.tmp.687'\n        at Object.rmSync (node:fs:1246:18)\n        at rmSync (c:\\workspace\\node-test-binary-windows-js-suites\\node\\test\\common\\tmpdir.js:20:8)\n        at Object.refresh (c:\\workspace\\node-test-binary-windows-js-suites\\node\\test\\common\\tmpdir.js:35:3)\n        at TestContext.refresh (file:///c:/workspace/node-test-binary-windows-js-suites/node/test/parallel/test-runner-watch-mode.mjs:33:10)\n        at TestHook.runInAsyncScope (node:async_hooks:211:14)\n        at TestHook.run (node:internal/test_runner/test:887:25)\n        at TestHook.run (node:internal/test_runner/test:1157:18)\n        at node:internal/test_runner/test:806:20\n        at async Suite.runHook (node:internal/test_runner/test:804:7)\n        at async Test.run (node:internal/test_runner/test:863:9) {\n      errno: 1,\n      code: 'EPERM',\n      path: '\\\\\\\\?\\\\c:\\\\workspace\\\\node-test-binary-windows-js-suites\\\\node\\\\test\\\\.tmp.687',\n      syscall: 'rm'\n    }\n\n  ✖ should run new tests when a new file is created in the watched directory (7.9974ms)\n    Error: EPERM, Permission denied: \\\\?\\c:\\workspace\\node-test-binary-windows-js-suites\\node\\test\\.tmp.687 '\\\\?\\c:\\workspace\\node-test-binary-windows-js-suites\\node\\test\\.tmp.687'\n        at Object.rmSync (node:fs:1246:18)\n        at rmSync (c:\\workspace\\node-test-binary-windows-js-suites\\node\\test\\common\\tmpdir.js:20:8)\n        at Object.refresh (c:\\workspace\\node-test-binary-windows-js-suites\\node\\test\\common\\tmpdir.js:35:3)\n        at TestContext.refresh (file:///c:/workspace/node-test-binary-windows-js-suites/node/test/parallel/test-runner-watch-mode.mjs:33:10)\n        at TestHook.runInAsyncScope (node:async_hooks:211:14)\n        at TestHook.run (node:internal/test_runner/test:887:25)\n        at TestHook.run (node:internal/test_runner/test:1157:18)\n        at node:internal/test_runner/test:806:20\n        at async Suite.runHook (node:internal/test_runner/test:804:7)\n        at async Test.run (node:internal/test_runner/test:863:9) {\n      errno: 1,\n      code: 'EPERM',\n      path: '\\\\\\\\?\\\\c:\\\\workspace\\\\node-test-binary-windows-js-suites\\\\node\\\\test\\\\.tmp.687',\n      syscall: 'rm'\n    }\n\n▶ test runner watch mode (26838.701ms)\nℹ tests 7\nℹ suites 1\nℹ pass 3\nℹ fail 4\nℹ cancelled 0\nℹ skipped 0\nℹ todo 0\nℹ duration_ms 27196.1592\n\n✖ failing tests:\n\ntest at test\\parallel\\test-runner-watch-mode.mjs:173:3\n✖ should run tests with dependency repeatedly (6904.0058ms)\n  AssertionError [ERR_ASSERTION]: The input did not match the regular expression /tests 1/. Input:\n  \n  '✔ test has ran (11.1598ms)\\n' +\n    '✖ c:\\\\workspace\\\\node-test-binary-windows-js-suites\\\\node\\\\test\\\\.tmp.687\\\\test.js (1045.7636ms)\\n' +\n    \"  'test failed'\\n\" +\n    '\\n' +\n    '✖ c:\\\\workspace\\\\node-test-binary-windows-js-suites\\\\node\\\\test\\\\.tmp.687\\\\test.js (1000.0548ms)\\n' +\n    \"  'test failed'\\n\" +\n    '\\n' +\n    '✔ test has ran (35.7979ms)\\n' +\n    '✖ c:\\\\workspace\\\\node-test-binary-windows-js-suites\\\\node\\\\test\\\\.tmp.687\\\\test.js (996.708ms)\\n' +\n    \"  'test failed'\\n\" +\n    '\\n' +\n    '✔ test has ran (10.1569ms)\\n' +\n    'ℹ tests 6\\n' +\n    'ℹ suites 0\\n' +\n    'ℹ pass 3\\n' +\n    'ℹ fail 3\\n' +\n    'ℹ cancelled 0\\n' +\n    'ℹ skipped 0\\n' +\n    'ℹ todo 0\\n' +\n    'ℹ duration_ms 1097.9221\\n'\n  \n      at testUpdate (file:///c:/workspace/node-test-binary-windows-js-suites/node/test/parallel/test-runner-watch-mode.mjs:80:14)\n      at process.processTicksAndRejections (node:internal/process/task_queues:105:5)\n      at async testWatch (file:///c:/workspace/node-test-binary-windows-js-suites/node/test/parallel/test-runner-watch-mode.mjs:161:26)\n      at async TestContext.<anonymous> (file:///c:/workspace/node-test-binary-windows-js-suites/node/test/parallel/test-runner-watch-mode.mjs:174:5)\n      at async Test.run (node:internal/test_runner/test:888:9)\n      at async Suite.processPendingSubtests (node:internal/test_runner/test:584:7) {\n    generatedMessage: true,\n    code: 'ERR_ASSERTION',\n    actual: \"✔ test has ran (11.1598ms)\\n✖ c:\\\\workspace\\\\node-test-binary-windows-js-suites\\\\node\\\\test\\\\.tmp.687\\\\test.js (1045.7636ms)\\n  'test failed'\\n\\n✖ c:\\\\workspace\\\\node-test-binary-windows-js-suites\\\\node\\\\test\\\\.tmp.687\\\\test.js (1000.0548ms)\\n  'test failed'\\n\\n✔ test has ran (35.7979ms)\\n✖ c:\\\\workspace\\\\node-test-binary-windows-js-suites\\\\node\\\\test\\\\.tmp.687\\\\test.js (996.708ms)\\n  'test failed'\\n...\",\n    expected: /tests 1/,\n    operator: 'match'\n  }\n\ntest at test\\parallel\\test-runner-watch-mode.mjs:185:3\n✖ should support a watched test file rename (3624.1106ms)\n  Error: ENOENT: no such file or directory, rename 'c:\\workspace\\node-test-binary-windows-js-suites\\node\\test\\.tmp.687\\test.js' -> 'c:\\workspace\\node-test-binary-windows-js-suites\\node\\test\\.tmp.687\\test-renamed-test.js'\n      at renameSync (node:fs:1020:11)\n      at Timeout._onTimeout (file:///c:/workspace/node-test-binary-windows-js-suites/node/test/parallel/test-runner-watch-mode.mjs:93:40)\n      at listOnTimeout (node:internal/timers:614:17)\n      at process.processTimers (node:internal/timers:549:7) {\n    errno: -4058,\n    code: 'ENOENT',\n    syscall: 'rename',\n    path: 'c:\\\\workspace\\\\node-test-binary-windows-js-suites\\\\node\\\\test\\\\.tmp.687\\\\test.js',\n    dest: 'c:\\\\workspace\\\\node-test-binary-windows-js-suites\\\\node\\\\test\\\\.tmp.687\\\\test-renamed-test.js'\n  }\n\ntest at test\\parallel\\test-runner-watch-mode.mjs:189:3\n✖ should not throw when delete a watched test file (0.5832ms)\n  Error: EPERM, Permission denied: \\\\?\\c:\\workspace\\node-test-binary-windows-js-suites\\node\\test\\.tmp.687 '\\\\?\\c:\\workspace\\node-test-binary-windows-js-suites\\node\\test\\.tmp.687'\n      at Object.rmSync (node:fs:1246:18)\n      at rmSync (c:\\workspace\\node-test-binary-windows-js-suites\\node\\test\\common\\tmpdir.js:20:8)\n      at Object.refresh (c:\\workspace\\node-test-binary-windows-js-suites\\node\\test\\common\\tmpdir.js:35:3)\n      at TestContext.refresh (file:///c:/workspace/node-test-binary-windows-js-suites/node/test/parallel/test-runner-watch-mode.mjs:33:10)\n      at TestHook.runInAsyncScope (node:async_hooks:211:14)\n      at TestHook.run (node:internal/test_runner/test:887:25)\n      at TestHook.run (node:internal/test_runner/test:1157:18)\n      at node:internal/test_runner/test:806:20\n      at async Suite.runHook (node:internal/test_runner/test:804:7)\n      at async Test.run (node:internal/test_runner/test:863:9) {\n    errno: 1,\n    code: 'EPERM',\n    path: '\\\\\\\\?\\\\c:\\\\workspace\\\\node-test-binary-windows-js-suites\\\\node\\\\test\\\\.tmp.687',\n    syscall: 'rm'\n  }\n\ntest at test\\parallel\\test-runner-watch-mode.mjs:193:3\n✖ should run new tests when a new file is created in the watched directory (7.9974ms)\n  Error: EPERM, Permission denied: \\\\?\\c:\\workspace\\node-test-binary-windows-js-suites\\node\\test\\.tmp.687 '\\\\?\\c:\\workspace\\node-test-binary-windows-js-suites\\node\\test\\.tmp.687'\n      at Object.rmSync (node:fs:1246:18)\n      at rmSync (c:\\workspace\\node-test-binary-windows-js-suites\\node\\test\\common\\tmpdir.js:20:8)\n      at Object.refresh (c:\\workspace\\node-test-binary-windows-js-suites\\node\\test\\common\\tmpdir.js:35:3)\n      at TestContext.refresh (file:///c:/workspace/node-test-binary-windows-js-suites/node/test/parallel/test-runner-watch-mode.mjs:33:10)\n      at TestHook.runInAsyncScope (node:async_hooks:211:14)\n      at TestHook.run (node:internal/test_runner/test:887:25)\n      at TestHook.run (node:internal/test_runner/test:1157:18)\n      at node:internal/test_runner/test:806:20\n      at async Suite.runHook (node:internal/test_runner/test:804:7)\n      at async Test.run (node:internal/test_runner/test:863:9) {\n    errno: 1,\n    code: 'EPERM',\n    path: '\\\\\\\\?\\\\c:\\\\workspace\\\\node-test-binary-windows-js-suites\\\\node\\\\test\\\\.tmp.687',\n    syscall: 'rm'\n  }"},"time":32150.836,"fullname":"parallel/test-runner-watch-mode","closingTestPoint":false}}]}