{"failedTests":[{"testName":"parallel/test-runner-run-watch","timestamp":1725125899560,"status":"REGRESSION","jobName":"node-test-binary-windows-js-suites","config":"node-test-binary-windows-js-suites » 2,win10-COMPILED_BY-vs2022 #29788","buildUrl":"https://ci.nodejs.org/job/node-test-binary-windows-js-suites/RUN_SUBSET=2,nodes=win10-COMPILED_BY-vs2022/29788/","buildNumber":29788,"builtOn":"test-azure_msft-win10_vs2019-x64-1","nodeVersion":"23.0.0","commitHash":"8c1de9b98d7e6d29c41d2f6965a31cfe37f9cef6","callStack":[{"upstreamBuild":65344,"upstreamProject":"node-test-commit-windows-fanned","upstreamUrl":"job/node-test-commit-windows-fanned/"},{"upstreamBuild":73741,"upstreamProject":"node-test-commit","upstreamUrl":"job/node-test-commit/"},{"upstreamBuild":61749,"upstreamProject":"node-test-pull-request","upstreamUrl":"job/node-test-pull-request/"},{"prId":"54526"}],"tap":{"ok":false,"name":"parallel/test-runner-run-watch","id":901,"buffered":false,"tapError":null,"skip":false,"todo":false,"previous":null,"plan":null,"diag":{"severity":"fail","exitcode":1,"stack":"timeout"},"time":122212.871,"fullname":"parallel/test-runner-run-watch","closingTestPoint":false}},{"testName":"parallel/test-async-context-frame","timestamp":1725125899560,"status":"REGRESSION","jobName":"node-test-binary-windows-js-suites","config":"node-test-binary-windows-js-suites » 2,win2022-COMPILED_BY-vs2022 #29788","buildUrl":"https://ci.nodejs.org/job/node-test-binary-windows-js-suites/RUN_SUBSET=2,nodes=win2022-COMPILED_BY-vs2022/29788/","buildNumber":29788,"builtOn":"test-rackspace-win2022_vs2022-x64-5","nodeVersion":"23.0.0","commitHash":"8c1de9b98d7e6d29c41d2f6965a31cfe37f9cef6","callStack":[{"upstreamBuild":65344,"upstreamProject":"node-test-commit-windows-fanned","upstreamUrl":"job/node-test-commit-windows-fanned/"},{"upstreamBuild":73741,"upstreamProject":"node-test-commit","upstreamUrl":"job/node-test-commit/"},{"upstreamBuild":61749,"upstreamProject":"node-test-pull-request","upstreamUrl":"job/node-test-pull-request/"},{"prId":"54526"}],"tap":{"ok":false,"name":"parallel/test-async-context-frame","id":109,"buffered":false,"tapError":null,"skip":false,"todo":false,"previous":null,"plan":null,"diag":{"severity":"fail","exitcode":1,"stack":"▶ AsyncContextFrame\n  ✔ async-hooks\\test-async-local-storage-args.js (4795.3555ms)\n  ✔ async-hooks\\test-async-local-storage-async-await.js (4785.7468ms)\n  ✔ async-hooks\\test-async-local-storage-async-functions.js (4961.587ms)\n  ✔ async-hooks\\test-async-local-storage-dgram.js (5419.7389ms)\n  ✔ async-hooks\\test-async-local-storage-enable-disable.js (5409.272ms)\n  ✔ async-hooks\\test-async-local-storage-enter-with.js (4474.8403ms)\n  ✔ async-hooks\\test-async-local-storage-errors.js (4644.097ms)\n  ✔ async-hooks\\test-async-local-storage-gcable.js (5163.1638ms)\n  ✔ async-hooks\\test-async-local-storage-http-agent.js (5055.4039ms)\n  ✔ async-hooks\\test-async-local-storage-http.js (5678.4239ms)\n  ✔ async-hooks\\test-async-local-storage-misc-stores.js (4845.9768ms)\n  ✔ async-hooks\\test-async-local-storage-nested.js (5277.9308ms)\n  ✔ async-hooks\\test-async-local-storage-no-mix-contexts.js (5567.3664ms)\n  ✔ async-hooks\\test-async-local-storage-promises.js (5110.0301ms)\n  ✔ async-hooks\\test-async-local-storage-socket.js (5273.3397ms)\n  ✔ async-hooks\\test-async-local-storage-thenable.js (4691.2781ms)\n  ✔ async-hooks\\test-async-local-storage-tlssocket.js (5232.4456ms)\n  ✔ parallel\\test-async-local-storage-bind.js (4671.9117ms)\n  ✔ parallel\\test-async-local-storage-contexts.js (5222.5366ms)\n  ✖ parallel\\test-async-local-storage-deep-stack.js (5207.9945ms)\n    AssertionError [ERR_ASSERTION]: Test parallel\\test-async-local-storage-deep-stack.js failed with exit code 3221225477\n        at TestContext.<anonymous> (file:///C:/workspace/node-test-binary-windows-js-suites/node/test/parallel/test-async-context-frame.mjs:58:7)\n        at process.processTicksAndRejections (node:internal/process/task_queues:105:5)\n        at async Test.run (node:internal/test_runner/test:888:9)\n        at async Promise.all (index 19)\n        at async Suite.run (node:internal/test_runner/test:1268:7)\n        at async startSubtestAfterBootstrap (node:internal/test_runner/harness:280:3) {\n      generatedMessage: false,\n      code: 'ERR_ASSERTION',\n      actual: 3221225477,\n      expected: 0,\n      operator: 'strictEqual'\n    }\n\n  ✖ parallel\\test-async-local-storage-exit-does-not-leak.js (5576.9725ms)\n    AssertionError [ERR_ASSERTION]: Test parallel\\test-async-local-storage-exit-does-not-leak.js failed with exit code 3221225477\n        at TestContext.<anonymous> (file:///C:/workspace/node-test-binary-windows-js-suites/node/test/parallel/test-async-context-frame.mjs:58:7)\n        at process.processTicksAndRejections (node:internal/process/task_queues:105:5)\n        at async Test.run (node:internal/test_runner/test:888:9)\n        at async Promise.all (index 20)\n        at async Suite.run (node:internal/test_runner/test:1268:7)\n        at async startSubtestAfterBootstrap (node:internal/test_runner/harness:280:3) {\n      generatedMessage: false,\n      code: 'ERR_ASSERTION',\n      actual: 3221225477,\n      expected: 0,\n      operator: 'strictEqual'\n    }\n\n  ✔ parallel\\test-async-local-storage-http-multiclients.js (5826.3693ms)\n  ✔ parallel\\test-async-local-storage-snapshot.js (4591.9575ms)\n▶ AsyncContextFrame (6610.3254ms)\nℹ tests 23\nℹ suites 1\nℹ pass 21\nℹ fail 2\nℹ cancelled 0\nℹ skipped 0\nℹ todo 0\nℹ duration_ms 6635.2498\n\n✖ failing tests:\n\ntest at test\\parallel\\test-async-context-frame.mjs:48:5\n✖ parallel\\test-async-local-storage-deep-stack.js (5207.9945ms)\n  AssertionError [ERR_ASSERTION]: Test parallel\\test-async-local-storage-deep-stack.js failed with exit code 3221225477\n      at TestContext.<anonymous> (file:///C:/workspace/node-test-binary-windows-js-suites/node/test/parallel/test-async-context-frame.mjs:58:7)\n      at process.processTicksAndRejections (node:internal/process/task_queues:105:5)\n      at async Test.run (node:internal/test_runner/test:888:9)\n      at async Promise.all (index 19)\n      at async Suite.run (node:internal/test_runner/test:1268:7)\n      at async startSubtestAfterBootstrap (node:internal/test_runner/harness:280:3) {\n    generatedMessage: false,\n    code: 'ERR_ASSERTION',\n    actual: 3221225477,\n    expected: 0,\n    operator: 'strictEqual'\n  }\n\ntest at test\\parallel\\test-async-context-frame.mjs:48:5\n✖ parallel\\test-async-local-storage-exit-does-not-leak.js (5576.9725ms)\n  AssertionError [ERR_ASSERTION]: Test parallel\\test-async-local-storage-exit-does-not-leak.js failed with exit code 3221225477\n      at TestContext.<anonymous> (file:///C:/workspace/node-test-binary-windows-js-suites/node/test/parallel/test-async-context-frame.mjs:58:7)\n      at process.processTicksAndRejections (node:internal/process/task_queues:105:5)\n      at async Test.run (node:internal/test_runner/test:888:9)\n      at async Promise.all (index 20)\n      at async Suite.run (node:internal/test_runner/test:1268:7)\n      at async startSubtestAfterBootstrap (node:internal/test_runner/harness:280:3) {\n    generatedMessage: false,\n    code: 'ERR_ASSERTION',\n    actual: 3221225477,\n    expected: 0,\n    operator: 'strictEqual'\n  }"},"time":7080.239,"fullname":"parallel/test-async-context-frame","closingTestPoint":false}}]}