{"failedTests":[{"testName":"parallel/test-async-context-frame","timestamp":1725204904857,"status":"REGRESSION","jobName":"node-test-binary-windows-js-suites","config":"node-test-binary-windows-js-suites » 2,win2022-COMPILED_BY-vs2022 #29825","buildUrl":"https://ci.nodejs.org/job/node-test-binary-windows-js-suites/RUN_SUBSET=2,nodes=win2022-COMPILED_BY-vs2022/29825/","buildNumber":29825,"builtOn":"test-rackspace-win2022_vs2022-x64-2","nodeVersion":"23.0.0","commitHash":"b9f28c69eeffbc6dd30934902dcd7373757b850e","callStack":[{"upstreamBuild":65383,"upstreamProject":"node-test-commit-windows-fanned","upstreamUrl":"job/node-test-commit-windows-fanned/"},{"upstreamBuild":73785,"upstreamProject":"node-test-commit","upstreamUrl":"job/node-test-commit/"},{"upstreamBuild":61789,"upstreamProject":"node-test-pull-request","upstreamUrl":"job/node-test-pull-request/"},{"prId":"54313"}],"tap":{"ok":false,"name":"parallel/test-async-context-frame","id":113,"buffered":false,"tapError":null,"skip":false,"todo":false,"previous":null,"plan":null,"diag":{"severity":"fail","exitcode":1,"stack":"▶ AsyncContextFrame\n  ✔ async-hooks\\test-async-local-storage-args.js (4441.8003ms)\n  ✔ async-hooks\\test-async-local-storage-async-await.js (4049.7527ms)\n  ✔ async-hooks\\test-async-local-storage-async-functions.js (4254.049ms)\n  ✔ async-hooks\\test-async-local-storage-dgram.js (4001.4992ms)\n  ✔ async-hooks\\test-async-local-storage-enable-disable.js (4456.8136ms)\n  ✔ async-hooks\\test-async-local-storage-enter-with.js (4896.5512ms)\n  ✔ async-hooks\\test-async-local-storage-errors.js (4433.2476ms)\n  ✔ async-hooks\\test-async-local-storage-gcable.js (4196.0193ms)\n  ✔ async-hooks\\test-async-local-storage-http-agent.js (4710.7143ms)\n  ✔ async-hooks\\test-async-local-storage-http.js (5057.7819ms)\n  ✔ async-hooks\\test-async-local-storage-misc-stores.js (4701.2015ms)\n  ✔ async-hooks\\test-async-local-storage-nested.js (4950.4885ms)\n  ✔ async-hooks\\test-async-local-storage-no-mix-contexts.js (5310.5971ms)\n  ✔ async-hooks\\test-async-local-storage-promises.js (4782.8039ms)\n  ✔ async-hooks\\test-async-local-storage-socket.js (4920.2189ms)\n  ✖ async-hooks\\test-async-local-storage-thenable.js (4064.5148ms)\n    AssertionError [ERR_ASSERTION]: Test async-hooks\\test-async-local-storage-thenable.js failed with exit code 3221225477\n        at TestContext.<anonymous> (file:///C:/workspace/node-test-binary-windows-js-suites/node/test/parallel/test-async-context-frame.mjs:58:7)\n        at process.processTicksAndRejections (node:internal/process/task_queues:105:5)\n        at async Test.run (node:internal/test_runner/test:888:9)\n        at async Promise.all (index 15)\n        at async Suite.run (node:internal/test_runner/test:1268:7)\n        at async startSubtestAfterBootstrap (node:internal/test_runner/harness:280:3) {\n      generatedMessage: false,\n      code: 'ERR_ASSERTION',\n      actual: 3221225477,\n      expected: 0,\n      operator: 'strictEqual'\n    }\n\n  ✔ async-hooks\\test-async-local-storage-tlssocket.js (4760.1731ms)\n  ✔ parallel\\test-async-local-storage-bind.js (4596.2186ms)\n  ✔ parallel\\test-async-local-storage-contexts.js (4299.9801ms)\n  ✔ parallel\\test-async-local-storage-deep-stack.js (4504.2118ms)\n  ✔ parallel\\test-async-local-storage-exit-does-not-leak.js (4037.4442ms)\n  ✔ parallel\\test-async-local-storage-http-multiclients.js (4327.7975ms)\n  ✔ parallel\\test-async-local-storage-snapshot.js (4521.5385ms)\n▶ AsyncContextFrame (5540.7281ms)\nℹ tests 23\nℹ suites 1\nℹ pass 22\nℹ fail 1\nℹ cancelled 0\nℹ skipped 0\nℹ todo 0\nℹ duration_ms 5555.9645\n\n✖ failing tests:\n\ntest at test\\parallel\\test-async-context-frame.mjs:48:5\n✖ async-hooks\\test-async-local-storage-thenable.js (4064.5148ms)\n  AssertionError [ERR_ASSERTION]: Test async-hooks\\test-async-local-storage-thenable.js failed with exit code 3221225477\n      at TestContext.<anonymous> (file:///C:/workspace/node-test-binary-windows-js-suites/node/test/parallel/test-async-context-frame.mjs:58:7)\n      at process.processTicksAndRejections (node:internal/process/task_queues:105:5)\n      at async Test.run (node:internal/test_runner/test:888:9)\n      at async Promise.all (index 15)\n      at async Suite.run (node:internal/test_runner/test:1268:7)\n      at async startSubtestAfterBootstrap (node:internal/test_runner/harness:280:3) {\n    generatedMessage: false,\n    code: 'ERR_ASSERTION',\n    actual: 3221225477,\n    expected: 0,\n    operator: 'strictEqual'\n  }"},"time":5999.093,"fullname":"parallel/test-async-context-frame","closingTestPoint":false}},{"testName":"parallel/test-worker-arraybuffer-zerofill","timestamp":1725204904857,"status":"FAILED","jobName":"node-test-binary-windows-js-suites","config":"node-test-binary-windows-js-suites » 2,win2019-COMPILED_BY-vs2022 #29825","buildUrl":"https://ci.nodejs.org/job/node-test-binary-windows-js-suites/RUN_SUBSET=2,nodes=win2019-COMPILED_BY-vs2022/29825/","buildNumber":29825,"builtOn":"test-rackspace-win2019_vs2019-x64-1","nodeVersion":"23.0.0","commitHash":"b9f28c69eeffbc6dd30934902dcd7373757b850e","callStack":[{"upstreamBuild":65383,"upstreamProject":"node-test-commit-windows-fanned","upstreamUrl":"job/node-test-commit-windows-fanned/"},{"upstreamBuild":73785,"upstreamProject":"node-test-commit","upstreamUrl":"job/node-test-commit/"},{"upstreamBuild":61789,"upstreamProject":"node-test-pull-request","upstreamUrl":"job/node-test-pull-request/"},{"prId":"54313"}],"tap":{"ok":false,"name":"parallel/test-worker-arraybuffer-zerofill","id":998,"buffered":false,"tapError":null,"skip":false,"todo":": Fix flaky test","previous":null,"plan":null,"diag":{"severity":"fail","exitcode":1,"stack":"timeout"},"time":120244.034,"fullname":"parallel/test-worker-arraybuffer-zerofill","closingTestPoint":false}},{"testName":"sequential/test-http2-large-file","timestamp":1725204904857,"status":"FAILED","jobName":"node-test-binary-windows-js-suites","config":"node-test-binary-windows-js-suites » 1,win11-COMPILED_BY-vs2022 #29825","buildUrl":"https://ci.nodejs.org/job/node-test-binary-windows-js-suites/RUN_SUBSET=1,nodes=win11-COMPILED_BY-vs2022/29825/","buildNumber":29825,"builtOn":"test-azure_msft-win11_vs2022-x64-2","nodeVersion":"23.0.0","commitHash":"b9f28c69eeffbc6dd30934902dcd7373757b850e","callStack":[{"upstreamBuild":65383,"upstreamProject":"node-test-commit-windows-fanned","upstreamUrl":"job/node-test-commit-windows-fanned/"},{"upstreamBuild":73785,"upstreamProject":"node-test-commit","upstreamUrl":"job/node-test-commit/"},{"upstreamBuild":61789,"upstreamProject":"node-test-pull-request","upstreamUrl":"job/node-test-pull-request/"},{"prId":"54313"}],"tap":{"ok":false,"name":"sequential/test-http2-large-file","id":990,"buffered":false,"tapError":null,"skip":false,"todo":": Fix flaky test","previous":null,"plan":null,"diag":{"severity":"fail","exitcode":1,"stack":"timeout"},"time":120235.541,"fullname":"sequential/test-http2-large-file","closingTestPoint":false}}]}