{"failedTests":[{"testName":"parallel/test-http2-socket-close","timestamp":1725209427801,"status":"REGRESSION","jobName":"node-test-binary-windows-js-suites","config":"node-test-binary-windows-js-suites » 2,win10-COMPILED_BY-vs2022 #29826","buildUrl":"https://ci.nodejs.org/job/node-test-binary-windows-js-suites/RUN_SUBSET=2,nodes=win10-COMPILED_BY-vs2022/29826/","buildNumber":29826,"builtOn":"test-azure_msft-win10_vs2019-x64-1","nodeVersion":"23.0.0","commitHash":"fb9222066d67a33e7725a0b796cec71054e9c2a0","callStack":[{"upstreamBuild":65385,"upstreamProject":"node-test-commit-windows-fanned","upstreamUrl":"job/node-test-commit-windows-fanned/"},{"upstreamBuild":73789,"upstreamProject":"node-test-commit","upstreamUrl":"job/node-test-commit/"},{"upstreamBuild":61793,"upstreamProject":"node-test-pull-request","upstreamUrl":"job/node-test-pull-request/"},{"prId":"54367"}],"tap":{"ok":false,"name":"parallel/test-http2-socket-close","id":492,"buffered":false,"tapError":null,"skip":false,"todo":false,"previous":null,"plan":null,"diag":{"severity":"fail","exitcode":1,"stack":"node:events:498\n      throw er; // Unhandled 'error' event\n      ^\n\nError: read ECONNRESET\n    at TLSWrap.onStreamRead (node:internal/stream_base_commons:218:20)\nEmitted 'error' event on ClientHttp2Stream instance at:\n    at emitErrorNT (node:internal/streams/destroy:170:8)\n    at emitErrorCloseNT (node:internal/streams/destroy:129:3)\n    at process.processTicksAndRejections (node:internal/process/task_queues:90:21) {\n  errno: -4077,\n  code: 'ECONNRESET',\n  syscall: 'read'\n}\n\nNode.js v23.0.0-pre"},"time":1552.012,"fullname":"parallel/test-http2-socket-close","closingTestPoint":false}},{"testName":"es-module/test-esm-windows","timestamp":1725209427801,"status":"REGRESSION","jobName":"node-test-binary-windows-js-suites","config":"node-test-binary-windows-js-suites » 3,win2019-COMPILED_BY-vs2022 #29826","buildUrl":"https://ci.nodejs.org/job/node-test-binary-windows-js-suites/RUN_SUBSET=3,nodes=win2019-COMPILED_BY-vs2022/29826/","buildNumber":29826,"builtOn":"test-rackspace-win2019_vs2019-x64-2","nodeVersion":"23.0.0","commitHash":"fb9222066d67a33e7725a0b796cec71054e9c2a0","callStack":[{"upstreamBuild":65385,"upstreamProject":"node-test-commit-windows-fanned","upstreamUrl":"job/node-test-commit-windows-fanned/"},{"upstreamBuild":73789,"upstreamProject":"node-test-commit","upstreamUrl":"job/node-test-commit/"},{"upstreamBuild":61793,"upstreamProject":"node-test-pull-request","upstreamUrl":"job/node-test-pull-request/"},{"prId":"54367"}],"tap":{"ok":false,"name":"es-module/test-esm-windows","id":52,"buffered":false,"tapError":null,"skip":false,"todo":false,"previous":null,"plan":null,"diag":{"severity":"fail","exitcode":1,"stack":"node:internal/fs/promises:858\n  return await PromisePrototypeThen(\n         ^\n\nError: EINVAL: invalid argument, mkdir '\\\\.\\con'\n    at async Object.mkdir (node:internal/fs/promises:858:10)\n    at async C:\\workspace\\node-test-binary-windows-js-suites\\node\\test\\es-module\\test-esm-windows.js:36:5 {\n  errno: -4071,\n  code: 'EINVAL',\n  syscall: 'mkdir',\n  path: '\\\\\\\\.\\\\con'\n}\n\nNode.js v23.0.0-pre"},"time":549.003,"fullname":"es-module/test-esm-windows","closingTestPoint":false}},{"testName":"es-module/test-esm-windows","timestamp":1725209427801,"status":"REGRESSION","jobName":"node-test-binary-windows-js-suites","config":"node-test-binary-windows-js-suites » 3,win11-COMPILED_BY-vs2022 #29826","buildUrl":"https://ci.nodejs.org/job/node-test-binary-windows-js-suites/RUN_SUBSET=3,nodes=win11-COMPILED_BY-vs2022/29826/","buildNumber":29826,"builtOn":"test-azure_msft-win11_vs2022-x64-2","nodeVersion":"23.0.0","commitHash":"fb9222066d67a33e7725a0b796cec71054e9c2a0","callStack":[{"upstreamBuild":65385,"upstreamProject":"node-test-commit-windows-fanned","upstreamUrl":"job/node-test-commit-windows-fanned/"},{"upstreamBuild":73789,"upstreamProject":"node-test-commit","upstreamUrl":"job/node-test-commit/"},{"upstreamBuild":61793,"upstreamProject":"node-test-pull-request","upstreamUrl":"job/node-test-pull-request/"},{"prId":"54367"}],"tap":{"ok":false,"name":"es-module/test-esm-windows","id":53,"buffered":false,"tapError":null,"skip":false,"todo":false,"previous":null,"plan":null,"diag":{"severity":"fail","exitcode":1,"stack":"node:internal/fs/promises:858\n  return await PromisePrototypeThen(\n         ^\n\nError: EINVAL: invalid argument, mkdir '\\\\.\\con'\n    at async Object.mkdir (node:internal/fs/promises:858:10)\n    at async c:\\workspace\\node-test-binary-windows-js-suites\\node\\test\\es-module\\test-esm-windows.js:36:5 {\n  errno: -4071,\n  code: 'EINVAL',\n  syscall: 'mkdir',\n  path: '\\\\\\\\.\\\\con'\n}\n\nNode.js v23.0.0-pre"},"time":150.005,"fullname":"es-module/test-esm-windows","closingTestPoint":false}},{"testName":"es-module/test-esm-windows","timestamp":1725209427801,"status":"REGRESSION","jobName":"node-test-binary-windows-js-suites","config":"node-test-binary-windows-js-suites » 3,win2022-COMPILED_BY-vs2022 #29826","buildUrl":"https://ci.nodejs.org/job/node-test-binary-windows-js-suites/RUN_SUBSET=3,nodes=win2022-COMPILED_BY-vs2022/29826/","buildNumber":29826,"builtOn":"test-rackspace-win2022_vs2022-x64-2","nodeVersion":"23.0.0","commitHash":"fb9222066d67a33e7725a0b796cec71054e9c2a0","callStack":[{"upstreamBuild":65385,"upstreamProject":"node-test-commit-windows-fanned","upstreamUrl":"job/node-test-commit-windows-fanned/"},{"upstreamBuild":73789,"upstreamProject":"node-test-commit","upstreamUrl":"job/node-test-commit/"},{"upstreamBuild":61793,"upstreamProject":"node-test-pull-request","upstreamUrl":"job/node-test-pull-request/"},{"prId":"54367"}],"tap":{"ok":false,"name":"es-module/test-esm-windows","id":51,"buffered":false,"tapError":null,"skip":false,"todo":false,"previous":null,"plan":null,"diag":{"severity":"fail","exitcode":1,"stack":"node:internal/fs/promises:858\n  return await PromisePrototypeThen(\n         ^\n\nError: EINVAL: invalid argument, mkdir '\\\\.\\con'\n    at async Object.mkdir (node:internal/fs/promises:858:10)\n    at async C:\\workspace\\node-test-binary-windows-js-suites\\node\\test\\es-module\\test-esm-windows.js:36:5 {\n  errno: -4071,\n  code: 'EINVAL',\n  syscall: 'mkdir',\n  path: '\\\\\\\\.\\\\con'\n}\n\nNode.js v23.0.0-pre"},"time":711.012,"fullname":"es-module/test-esm-windows","closingTestPoint":false}},{"testName":"es-module/test-esm-windows","timestamp":1725209427801,"status":"REGRESSION","jobName":"node-test-binary-windows-js-suites","config":"node-test-binary-windows-js-suites » 3,win11-arm64-COMPILED_BY-vs2022-arm64 #29826","buildUrl":"https://ci.nodejs.org/job/node-test-binary-windows-js-suites/RUN_SUBSET=3,nodes=win11-arm64-COMPILED_BY-vs2022-arm64/29826/","buildNumber":29826,"builtOn":"test-azure_msft-win11_vs2022-arm64-6","nodeVersion":"23.0.0","commitHash":"fb9222066d67a33e7725a0b796cec71054e9c2a0","callStack":[{"upstreamBuild":65385,"upstreamProject":"node-test-commit-windows-fanned","upstreamUrl":"job/node-test-commit-windows-fanned/"},{"upstreamBuild":73789,"upstreamProject":"node-test-commit","upstreamUrl":"job/node-test-commit/"},{"upstreamBuild":61793,"upstreamProject":"node-test-pull-request","upstreamUrl":"job/node-test-pull-request/"},{"prId":"54367"}],"tap":{"ok":false,"name":"es-module/test-esm-windows","id":49,"buffered":false,"tapError":null,"skip":false,"todo":false,"previous":null,"plan":null,"diag":{"severity":"fail","exitcode":1,"stack":"node:internal/fs/promises:858\n  return await PromisePrototypeThen(\n         ^\n\nError: EINVAL: invalid argument, mkdir '\\\\.\\con'\n    at async Object.mkdir (node:internal/fs/promises:858:10)\n    at async d:\\workspace\\node-test-binary-windows-js-suites\\node\\test\\es-module\\test-esm-windows.js:36:5 {\n  errno: -4071,\n  code: 'EINVAL',\n  syscall: 'mkdir',\n  path: '\\\\\\\\.\\\\con'\n}\n\nNode.js v23.0.0-pre"},"time":434.997,"fullname":"es-module/test-esm-windows","closingTestPoint":false}},{"testName":"parallel/test-async-context-frame","timestamp":1725209427801,"status":"REGRESSION","jobName":"node-test-binary-windows-js-suites","config":"node-test-binary-windows-js-suites » 2,win2019-COMPILED_BY-vs2022 #29826","buildUrl":"https://ci.nodejs.org/job/node-test-binary-windows-js-suites/RUN_SUBSET=2,nodes=win2019-COMPILED_BY-vs2022/29826/","buildNumber":29826,"builtOn":"test-rackspace-win2019_vs2019-x64-4","nodeVersion":"23.0.0","commitHash":"fb9222066d67a33e7725a0b796cec71054e9c2a0","callStack":[{"upstreamBuild":65385,"upstreamProject":"node-test-commit-windows-fanned","upstreamUrl":"job/node-test-commit-windows-fanned/"},{"upstreamBuild":73789,"upstreamProject":"node-test-commit","upstreamUrl":"job/node-test-commit/"},{"upstreamBuild":61793,"upstreamProject":"node-test-pull-request","upstreamUrl":"job/node-test-pull-request/"},{"prId":"54367"}],"tap":{"ok":false,"name":"parallel/test-async-context-frame","id":107,"buffered":false,"tapError":null,"skip":false,"todo":false,"previous":null,"plan":null,"diag":{"severity":"fail","exitcode":1,"stack":"▶ AsyncContextFrame\n  ✔ async-hooks\\test-async-local-storage-args.js (4594.4189ms)\n  ✔ async-hooks\\test-async-local-storage-async-await.js (5115.9888ms)\n  ✔ async-hooks\\test-async-local-storage-async-functions.js (4903.8043ms)\n  ✔ async-hooks\\test-async-local-storage-dgram.js (5352.5267ms)\n  ✔ async-hooks\\test-async-local-storage-enable-disable.js (4826.3975ms)\n  ✔ async-hooks\\test-async-local-storage-enter-with.js (4794.6857ms)\n  ✔ async-hooks\\test-async-local-storage-errors.js (5380.0695ms)\n  ✔ async-hooks\\test-async-local-storage-gcable.js (4998.1768ms)\n  ✔ async-hooks\\test-async-local-storage-http-agent.js (5732.5077ms)\n  ✔ async-hooks\\test-async-local-storage-http.js (5147.2792ms)\n  ✔ async-hooks\\test-async-local-storage-misc-stores.js (4604.4318ms)\n  ✔ async-hooks\\test-async-local-storage-nested.js (5064.7657ms)\n  ✔ async-hooks\\test-async-local-storage-no-mix-contexts.js (5520.2456ms)\n  ✔ async-hooks\\test-async-local-storage-promises.js (5158.5671ms)\n  ✔ async-hooks\\test-async-local-storage-socket.js (5597.348ms)\n  ✔ async-hooks\\test-async-local-storage-thenable.js (5109.7612ms)\n  ✔ async-hooks\\test-async-local-storage-tlssocket.js (5301.9443ms)\n  ✔ parallel\\test-async-local-storage-bind.js (5386.5709ms)\n  ✔ parallel\\test-async-local-storage-contexts.js (5260.6324ms)\n  ✖ parallel\\test-async-local-storage-deep-stack.js (4717.8109ms)\n    AssertionError [ERR_ASSERTION]: Test parallel\\test-async-local-storage-deep-stack.js failed with exit code 3221225477\n        at TestContext.<anonymous> (file:///C:/workspace/node-test-binary-windows-js-suites/node/test/parallel/test-async-context-frame.mjs:58:7)\n        at process.processTicksAndRejections (node:internal/process/task_queues:105:5)\n        at async Test.run (node:internal/test_runner/test:888:9)\n        at async Promise.all (index 19)\n        at async Suite.run (node:internal/test_runner/test:1268:7)\n        at async startSubtestAfterBootstrap (node:internal/test_runner/harness:280:3) {\n      generatedMessage: false,\n      code: 'ERR_ASSERTION',\n      actual: 3221225477,\n      expected: 0,\n      operator: 'strictEqual'\n    }\n\n  ✔ parallel\\test-async-local-storage-exit-does-not-leak.js (5135.3236ms)\n  ✔ parallel\\test-async-local-storage-http-multiclients.js (5201.2082ms)\n  ✔ parallel\\test-async-local-storage-snapshot.js (5255.9071ms)\n▶ AsyncContextFrame (6055.9405ms)\nℹ tests 23\nℹ suites 1\nℹ pass 22\nℹ fail 1\nℹ cancelled 0\nℹ skipped 0\nℹ todo 0\nℹ duration_ms 6074.0156\n\n✖ failing tests:\n\ntest at test\\parallel\\test-async-context-frame.mjs:48:5\n✖ parallel\\test-async-local-storage-deep-stack.js (4717.8109ms)\n  AssertionError [ERR_ASSERTION]: Test parallel\\test-async-local-storage-deep-stack.js failed with exit code 3221225477\n      at TestContext.<anonymous> (file:///C:/workspace/node-test-binary-windows-js-suites/node/test/parallel/test-async-context-frame.mjs:58:7)\n      at process.processTicksAndRejections (node:internal/process/task_queues:105:5)\n      at async Test.run (node:internal/test_runner/test:888:9)\n      at async Promise.all (index 19)\n      at async Suite.run (node:internal/test_runner/test:1268:7)\n      at async startSubtestAfterBootstrap (node:internal/test_runner/harness:280:3) {\n    generatedMessage: false,\n    code: 'ERR_ASSERTION',\n    actual: 3221225477,\n    expected: 0,\n    operator: 'strictEqual'\n  }"},"time":6637.3,"fullname":"parallel/test-async-context-frame","closingTestPoint":false}},{"testName":"es-module/test-esm-windows","timestamp":1725209427801,"status":"REGRESSION","jobName":"node-test-binary-windows-js-suites","config":"node-test-binary-windows-js-suites » 3,win10-COMPILED_BY-vs2022 #29826","buildUrl":"https://ci.nodejs.org/job/node-test-binary-windows-js-suites/RUN_SUBSET=3,nodes=win10-COMPILED_BY-vs2022/29826/","buildNumber":29826,"builtOn":"test-azure_msft-win10_vs2019-x64-3","nodeVersion":"23.0.0","commitHash":"fb9222066d67a33e7725a0b796cec71054e9c2a0","callStack":[{"upstreamBuild":65385,"upstreamProject":"node-test-commit-windows-fanned","upstreamUrl":"job/node-test-commit-windows-fanned/"},{"upstreamBuild":73789,"upstreamProject":"node-test-commit","upstreamUrl":"job/node-test-commit/"},{"upstreamBuild":61793,"upstreamProject":"node-test-pull-request","upstreamUrl":"job/node-test-pull-request/"},{"prId":"54367"}],"tap":{"ok":false,"name":"es-module/test-esm-windows","id":52,"buffered":false,"tapError":null,"skip":false,"todo":false,"previous":null,"plan":null,"diag":{"severity":"fail","exitcode":1,"stack":"node:internal/fs/promises:858\n  return await PromisePrototypeThen(\n         ^\n\nError: EINVAL: invalid argument, mkdir '\\\\.\\con'\n    at async Object.mkdir (node:internal/fs/promises:858:10)\n    at async c:\\workspace\\node-test-binary-windows-js-suites\\node\\test\\es-module\\test-esm-windows.js:36:5 {\n  errno: -4071,\n  code: 'EINVAL',\n  syscall: 'mkdir',\n  path: '\\\\\\\\.\\\\con'\n}\n\nNode.js v23.0.0-pre"},"time":198.101,"fullname":"es-module/test-esm-windows","closingTestPoint":false}}]}