{"failedTests":[{"testName":"parallel/test-async-context-frame","timestamp":1725288609984,"status":"FAILED","jobName":"node-test-binary-windows-js-suites","config":"node-test-binary-windows-js-suites » 2,win2022-COMPILED_BY-vs2022 #29848","buildUrl":"https://ci.nodejs.org/job/node-test-binary-windows-js-suites/RUN_SUBSET=2,nodes=win2022-COMPILED_BY-vs2022/29848/","buildNumber":29848,"builtOn":"test-rackspace-win2022_vs2022-x64-1","nodeVersion":"23.0.0","commitHash":"aa11f566b9693a0c6c33fc907e1d6ab7748d2cdc","callStack":[{"upstreamBuild":65406,"upstreamProject":"node-test-commit-windows-fanned","upstreamUrl":"job/node-test-commit-windows-fanned/"},{"upstreamBuild":73812,"upstreamProject":"node-test-commit","upstreamUrl":"job/node-test-commit/"},{"upstreamBuild":61818,"upstreamProject":"node-test-pull-request","upstreamUrl":"job/node-test-pull-request/"},{"prId":"54380"}],"tap":{"ok":false,"name":"parallel/test-async-context-frame","id":123,"buffered":false,"tapError":null,"skip":false,"todo":false,"previous":null,"plan":null,"diag":{"severity":"fail","exitcode":1,"stack":"▶ AsyncContextFrame\n  ✔ async-hooks\\test-async-local-storage-args.js (4916.3491ms)\n  ✔ async-hooks\\test-async-local-storage-async-await.js (6299.0592ms)\n  ✔ async-hooks\\test-async-local-storage-async-functions.js (5443.3109ms)\n  ✔ async-hooks\\test-async-local-storage-dgram.js (5718.254ms)\n  ✔ async-hooks\\test-async-local-storage-enable-disable.js (5174.1808ms)\n  ✔ async-hooks\\test-async-local-storage-enter-with.js (6227.6189ms)\n  ✔ async-hooks\\test-async-local-storage-errors.js (4824.0206ms)\n  ✔ async-hooks\\test-async-local-storage-gcable.js (5055.7252ms)\n  ✔ async-hooks\\test-async-local-storage-http-agent.js (5433.5881ms)\n  ✔ async-hooks\\test-async-local-storage-http.js (5320.843ms)\n  ✔ async-hooks\\test-async-local-storage-misc-stores.js (5441.2732ms)\n  ✔ async-hooks\\test-async-local-storage-nested.js (6205.2407ms)\n  ✔ async-hooks\\test-async-local-storage-no-mix-contexts.js (6910.0424ms)\n  ✔ async-hooks\\test-async-local-storage-promises.js (5812.4329ms)\n  ✔ async-hooks\\test-async-local-storage-socket.js (5729.3332ms)\n  ✔ async-hooks\\test-async-local-storage-thenable.js (5635.7032ms)\n  ✔ async-hooks\\test-async-local-storage-tlssocket.js (5709.827ms)\n  ✔ parallel\\test-async-local-storage-bind.js (5880.7192ms)\n  ✔ parallel\\test-async-local-storage-contexts.js (5409.0272ms)\n  ✔ parallel\\test-async-local-storage-deep-stack.js (5966.5091ms)\n  ✔ parallel\\test-async-local-storage-exit-does-not-leak.js (6277.9484ms)\n  ✖ parallel\\test-async-local-storage-http-multiclients.js (6151.5674ms)\n    AssertionError [ERR_ASSERTION]: Test parallel\\test-async-local-storage-http-multiclients.js failed with exit code 3221225477\n        at TestContext.<anonymous> (file:///C:/workspace/node-test-binary-windows-js-suites/node/test/parallel/test-async-context-frame.mjs:58:7)\n        at process.processTicksAndRejections (node:internal/process/task_queues:105:5)\n        at async Test.run (node:internal/test_runner/test:888:9)\n        at async Promise.all (index 21)\n        at async Suite.run (node:internal/test_runner/test:1268:7)\n        at async startSubtestAfterBootstrap (node:internal/test_runner/harness:280:3) {\n      generatedMessage: false,\n      code: 'ERR_ASSERTION',\n      actual: 3221225477,\n      expected: 0,\n      operator: 'strictEqual'\n    }\n\n  ✔ parallel\\test-async-local-storage-snapshot.js (5813.5136ms)\n▶ AsyncContextFrame (7209.2396ms)\nℹ tests 23\nℹ suites 1\nℹ pass 22\nℹ fail 1\nℹ cancelled 0\nℹ skipped 0\nℹ todo 0\nℹ duration_ms 7225.6319\n\n✖ failing tests:\n\ntest at test\\parallel\\test-async-context-frame.mjs:48:5\n✖ parallel\\test-async-local-storage-http-multiclients.js (6151.5674ms)\n  AssertionError [ERR_ASSERTION]: Test parallel\\test-async-local-storage-http-multiclients.js failed with exit code 3221225477\n      at TestContext.<anonymous> (file:///C:/workspace/node-test-binary-windows-js-suites/node/test/parallel/test-async-context-frame.mjs:58:7)\n      at process.processTicksAndRejections (node:internal/process/task_queues:105:5)\n      at async Test.run (node:internal/test_runner/test:888:9)\n      at async Promise.all (index 21)\n      at async Suite.run (node:internal/test_runner/test:1268:7)\n      at async startSubtestAfterBootstrap (node:internal/test_runner/harness:280:3) {\n    generatedMessage: false,\n    code: 'ERR_ASSERTION',\n    actual: 3221225477,\n    expected: 0,\n    operator: 'strictEqual'\n  }"},"time":7714.231,"fullname":"parallel/test-async-context-frame","closingTestPoint":false}}]}