{"failedTests":[{"testName":"parallel/test-async-context-frame","timestamp":1725293240116,"status":"REGRESSION","jobName":"node-test-binary-windows-js-suites","config":"node-test-binary-windows-js-suites » 2,win10-COMPILED_BY-vs2022 #29854","buildUrl":"https://ci.nodejs.org/job/node-test-binary-windows-js-suites/RUN_SUBSET=2,nodes=win10-COMPILED_BY-vs2022/29854/","buildNumber":29854,"builtOn":"test-azure_msft-win10_vs2019-x64-3","nodeVersion":"23.0.0","commitHash":"5c76aaf96e2a74b4f57188ab73fa4d7b3c018204","callStack":[{"upstreamBuild":65408,"upstreamProject":"node-test-commit-windows-fanned","upstreamUrl":"job/node-test-commit-windows-fanned/"},{"upstreamBuild":73814,"upstreamProject":"node-test-commit","upstreamUrl":"job/node-test-commit/"},{"upstreamBuild":61820,"upstreamProject":"node-test-pull-request","upstreamUrl":"job/node-test-pull-request/"},{"prId":"54653"}],"tap":{"ok":false,"name":"parallel/test-async-context-frame","id":99,"buffered":false,"tapError":null,"skip":false,"todo":false,"previous":null,"plan":null,"diag":{"severity":"fail","exitcode":1,"stack":"▶ AsyncContextFrame\n  ✔ async-hooks\\test-async-local-storage-args.js (5375.3441ms)\n  ✔ async-hooks\\test-async-local-storage-async-await.js (6442.9832ms)\n  ✔ async-hooks\\test-async-local-storage-async-functions.js (5345.9934ms)\n  ✔ async-hooks\\test-async-local-storage-dgram.js (5662.3094ms)\n  ✖ async-hooks\\test-async-local-storage-enable-disable.js (5530.9369ms)\n    AssertionError [ERR_ASSERTION]: Test async-hooks\\test-async-local-storage-enable-disable.js failed with exit code 3221225477\n        at TestContext.<anonymous> (file:///c:/workspace/node-test-binary-windows-js-suites/node/test/parallel/test-async-context-frame.mjs:58:7)\n        at process.processTicksAndRejections (node:internal/process/task_queues:105:5)\n        at async Test.run (node:internal/test_runner/test:888:9)\n        at async Promise.all (index 4)\n        at async Suite.run (node:internal/test_runner/test:1268:7)\n        at async startSubtestAfterBootstrap (node:internal/test_runner/harness:280:3) {\n      generatedMessage: false,\n      code: 'ERR_ASSERTION',\n      actual: 3221225477,\n      expected: 0,\n      operator: 'strictEqual'\n    }\n\n  ✔ async-hooks\\test-async-local-storage-enter-with.js (5644.632ms)\n  ✔ async-hooks\\test-async-local-storage-errors.js (5564.6901ms)\n  ✔ async-hooks\\test-async-local-storage-gcable.js (6308.8436ms)\n  ✔ async-hooks\\test-async-local-storage-http-agent.js (6308.4737ms)\n  ✔ async-hooks\\test-async-local-storage-http.js (5672.3216ms)\n  ✔ async-hooks\\test-async-local-storage-misc-stores.js (6008.3335ms)\n  ✔ async-hooks\\test-async-local-storage-nested.js (5758.6497ms)\n  ✔ async-hooks\\test-async-local-storage-no-mix-contexts.js (6342.2182ms)\n  ✔ async-hooks\\test-async-local-storage-promises.js (6262.1075ms)\n  ✔ async-hooks\\test-async-local-storage-socket.js (6554.7537ms)\n  ✔ async-hooks\\test-async-local-storage-thenable.js (6244.5503ms)\n  ✔ async-hooks\\test-async-local-storage-tlssocket.js (6504.0017ms)\n  ✔ parallel\\test-async-local-storage-bind.js (6267.1573ms)\n  ✔ parallel\\test-async-local-storage-contexts.js (6346.3221ms)\n  ✔ parallel\\test-async-local-storage-deep-stack.js (6040.1314ms)\n  ✔ parallel\\test-async-local-storage-exit-does-not-leak.js (6072.2929ms)\n  ✔ parallel\\test-async-local-storage-http-multiclients.js (6517.1186ms)\n  ✔ parallel\\test-async-local-storage-snapshot.js (6052.6144ms)\n▶ AsyncContextFrame (6909.853ms)\nℹ tests 23\nℹ suites 1\nℹ pass 22\nℹ fail 1\nℹ cancelled 0\nℹ skipped 0\nℹ todo 0\nℹ duration_ms 6918.619\n\n✖ failing tests:\n\ntest at test\\parallel\\test-async-context-frame.mjs:48:5\n✖ async-hooks\\test-async-local-storage-enable-disable.js (5530.9369ms)\n  AssertionError [ERR_ASSERTION]: Test async-hooks\\test-async-local-storage-enable-disable.js failed with exit code 3221225477\n      at TestContext.<anonymous> (file:///c:/workspace/node-test-binary-windows-js-suites/node/test/parallel/test-async-context-frame.mjs:58:7)\n      at process.processTicksAndRejections (node:internal/process/task_queues:105:5)\n      at async Test.run (node:internal/test_runner/test:888:9)\n      at async Promise.all (index 4)\n      at async Suite.run (node:internal/test_runner/test:1268:7)\n      at async startSubtestAfterBootstrap (node:internal/test_runner/harness:280:3) {\n    generatedMessage: false,\n    code: 'ERR_ASSERTION',\n    actual: 3221225477,\n    expected: 0,\n    operator: 'strictEqual'\n  }"},"time":7398.55,"fullname":"parallel/test-async-context-frame","closingTestPoint":false}}]}