{"failedTests":[{"testName":"parallel/test-async-context-frame","timestamp":1725310244630,"status":"REGRESSION","jobName":"node-test-binary-windows-js-suites","config":"node-test-binary-windows-js-suites » 2,win2019-COMPILED_BY-vs2022 #29863","buildUrl":"https://ci.nodejs.org/job/node-test-binary-windows-js-suites/RUN_SUBSET=2,nodes=win2019-COMPILED_BY-vs2022/29863/","buildNumber":29863,"builtOn":"test-rackspace-win2019_vs2019-x64-4","nodeVersion":"23.0.0","commitHash":"aa11f566b9693a0c6c33fc907e1d6ab7748d2cdc","callStack":[{"upstreamBuild":65422,"upstreamProject":"node-test-commit-windows-fanned","upstreamUrl":"job/node-test-commit-windows-fanned/"},{"upstreamBuild":73830,"upstreamProject":"node-test-commit","upstreamUrl":"job/node-test-commit/"},{"upstreamBuild":61834,"upstreamProject":"node-test-pull-request","upstreamUrl":"job/node-test-pull-request/"},{"prId":"54380"}],"tap":{"ok":false,"name":"parallel/test-async-context-frame","id":111,"buffered":false,"tapError":null,"skip":false,"todo":false,"previous":null,"plan":null,"diag":{"severity":"fail","exitcode":1,"stack":"▶ AsyncContextFrame\n  ✔ async-hooks\\test-async-local-storage-args.js (5572.1022ms)\n  ✔ async-hooks\\test-async-local-storage-async-await.js (5877.0648ms)\n  ✔ async-hooks\\test-async-local-storage-async-functions.js (6389.9903ms)\n  ✔ async-hooks\\test-async-local-storage-dgram.js (5841.2075ms)\n  ✔ async-hooks\\test-async-local-storage-enable-disable.js (5502.1202ms)\n  ✔ async-hooks\\test-async-local-storage-enter-with.js (6336.9608ms)\n  ✔ async-hooks\\test-async-local-storage-errors.js (5795.7651ms)\n  ✔ async-hooks\\test-async-local-storage-gcable.js (5787.4953ms)\n  ✔ async-hooks\\test-async-local-storage-http-agent.js (6297.9671ms)\n  ✔ async-hooks\\test-async-local-storage-http.js (5961.9757ms)\n  ✔ async-hooks\\test-async-local-storage-misc-stores.js (5847.7801ms)\n  ✔ async-hooks\\test-async-local-storage-nested.js (6204.8736ms)\n  ✔ async-hooks\\test-async-local-storage-no-mix-contexts.js (6282.533ms)\n  ✔ async-hooks\\test-async-local-storage-promises.js (4790.4963ms)\n  ✔ async-hooks\\test-async-local-storage-socket.js (6724.2183ms)\n  ✔ async-hooks\\test-async-local-storage-thenable.js (6876.8108ms)\n  ✔ async-hooks\\test-async-local-storage-tlssocket.js (6817.4962ms)\n  ✔ parallel\\test-async-local-storage-bind.js (6172.9453ms)\n  ✔ parallel\\test-async-local-storage-contexts.js (5606.5945ms)\n  ✔ parallel\\test-async-local-storage-deep-stack.js (5916.2596ms)\n  ✔ parallel\\test-async-local-storage-exit-does-not-leak.js (6073.8528ms)\n  ✔ parallel\\test-async-local-storage-http-multiclients.js (6201.4812ms)\n  ✖ parallel\\test-async-local-storage-snapshot.js (5757.3419ms)\n    AssertionError [ERR_ASSERTION]: Test parallel\\test-async-local-storage-snapshot.js failed with exit code 3221225477\n        at TestContext.<anonymous> (file:///C:/workspace/node-test-binary-windows-js-suites/node/test/parallel/test-async-context-frame.mjs:58:7)\n        at process.processTicksAndRejections (node:internal/process/task_queues:105:5)\n        at async Test.run (node:internal/test_runner/test:888:9)\n        at async Promise.all (index 22)\n        at async Suite.run (node:internal/test_runner/test:1268:7)\n        at async startSubtestAfterBootstrap (node:internal/test_runner/harness:280:3) {\n      generatedMessage: false,\n      code: 'ERR_ASSERTION',\n      actual: 3221225477,\n      expected: 0,\n      operator: 'strictEqual'\n    }\n\n▶ AsyncContextFrame (7274.3107ms)\nℹ tests 23\nℹ suites 1\nℹ pass 22\nℹ fail 1\nℹ cancelled 0\nℹ skipped 0\nℹ todo 0\nℹ duration_ms 7299.0592\n\n✖ failing tests:\n\ntest at test\\parallel\\test-async-context-frame.mjs:48:5\n✖ parallel\\test-async-local-storage-snapshot.js (5757.3419ms)\n  AssertionError [ERR_ASSERTION]: Test parallel\\test-async-local-storage-snapshot.js failed with exit code 3221225477\n      at TestContext.<anonymous> (file:///C:/workspace/node-test-binary-windows-js-suites/node/test/parallel/test-async-context-frame.mjs:58:7)\n      at process.processTicksAndRejections (node:internal/process/task_queues:105:5)\n      at async Test.run (node:internal/test_runner/test:888:9)\n      at async Promise.all (index 22)\n      at async Suite.run (node:internal/test_runner/test:1268:7)\n      at async startSubtestAfterBootstrap (node:internal/test_runner/harness:280:3) {\n    generatedMessage: false,\n    code: 'ERR_ASSERTION',\n    actual: 3221225477,\n    expected: 0,\n    operator: 'strictEqual'\n  }"},"time":7997.829,"fullname":"parallel/test-async-context-frame","closingTestPoint":false}},{"testName":"parallel/test-runner-watch-mode-complex","timestamp":1725310244630,"status":"REGRESSION","jobName":"node-test-binary-windows-js-suites","config":"node-test-binary-windows-js-suites » 3,win10-COMPILED_BY-vs2022 #29863","buildUrl":"https://ci.nodejs.org/job/node-test-binary-windows-js-suites/RUN_SUBSET=3,nodes=win10-COMPILED_BY-vs2022/29863/","buildNumber":29863,"builtOn":"test-azure_msft-win10_vs2019-x64-1","nodeVersion":"23.0.0","commitHash":"aa11f566b9693a0c6c33fc907e1d6ab7748d2cdc","callStack":[{"upstreamBuild":65422,"upstreamProject":"node-test-commit-windows-fanned","upstreamUrl":"job/node-test-commit-windows-fanned/"},{"upstreamBuild":73830,"upstreamProject":"node-test-commit","upstreamUrl":"job/node-test-commit/"},{"upstreamBuild":61834,"upstreamProject":"node-test-pull-request","upstreamUrl":"job/node-test-pull-request/"},{"prId":"54380"}],"tap":{"ok":false,"name":"parallel/test-runner-watch-mode-complex","id":844,"buffered":false,"tapError":null,"skip":false,"todo":false,"previous":null,"plan":null,"diag":{"severity":"fail","exitcode":1,"stack":"timeout"},"time":121636.913,"fullname":"parallel/test-runner-watch-mode-complex","closingTestPoint":false}}]}