{"failedTests":[{"testName":"parallel/test-runner-watch-mode-complex","timestamp":1725349495053,"status":"FAILED","jobName":"node-test-binary-windows-js-suites","config":"node-test-binary-windows-js-suites » 3,win10-COMPILED_BY-vs2022 #29873","buildUrl":"https://ci.nodejs.org/job/node-test-binary-windows-js-suites/RUN_SUBSET=3,nodes=win10-COMPILED_BY-vs2022/29873/","buildNumber":29873,"builtOn":"test-azure_msft-win10_vs2019-x64-1","nodeVersion":"23.0.0","commitHash":"8eb40e58769c589e44c45fbb98cc4695d95cf152","callStack":[{"upstreamBuild":65436,"upstreamProject":"node-test-commit-windows-fanned","upstreamUrl":"job/node-test-commit-windows-fanned/"},{"upstreamBuild":73842,"upstreamProject":"node-test-commit","upstreamUrl":"job/node-test-commit/"},{"upstreamBuild":61843,"upstreamProject":"node-test-pull-request","upstreamUrl":"job/node-test-pull-request/"},{"prId":"54686"}],"tap":{"ok":false,"name":"parallel/test-runner-watch-mode-complex","id":693,"buffered":false,"tapError":null,"skip":false,"todo":false,"previous":null,"plan":null,"diag":{"severity":"fail","exitcode":1,"stack":"▶ test runner watch mode with more complex setup\n  ✖ should run tests when a dependency changed after a watched test file being deleted (6700.5091ms)\n    AssertionError [ERR_ASSERTION]: The input did not match the regular expression /tests 2/. Input:\n    \n    '✔ second test has ran (10.4559ms)\\n' +\n      '✖ test.js (1108.1223ms)\\n' +\n      \"  'test failed'\\n\" +\n      '\\n' +\n      '✔ first test has ran (10.7338ms)\\n' +\n      '✔ first test has ran (22.1331ms)\\n' +\n      'ℹ tests 4\\n' +\n      'ℹ suites 0\\n' +\n      'ℹ pass 3\\n' +\n      'ℹ fail 1\\n' +\n      'ℹ cancelled 0\\n' +\n      'ℹ skipped 0\\n' +\n      'ℹ todo 0\\n' +\n      'ℹ duration_ms 1862.7542\\n'\n    \n        at TestContext.<anonymous> (file:///c:/workspace/node-test-binary-windows-js-suites/node/test/parallel/test-runner-watch-mode-complex.mjs:99:12)\n        at process.processTicksAndRejections (node:internal/process/task_queues:105:5)\n        at async Test.run (node:internal/test_runner/test:888:9)\n        at async Promise.all (index 0)\n        at async Suite.run (node:internal/test_runner/test:1268:7)\n        at async startSubtestAfterBootstrap (node:internal/test_runner/harness:280:3) {\n      generatedMessage: true,\n      code: 'ERR_ASSERTION',\n      actual: \"✔ second test has ran (10.4559ms)\\n✖ test.js (1108.1223ms)\\n  'test failed'\\n\\n✔ first test has ran (10.7338ms)\\n✔ first test has ran (22.1331ms)\\nℹ tests 4\\nℹ suites 0\\nℹ pass 3\\nℹ fail 1\\n...\",\n      expected: /tests 2/,\n      operator: 'match'\n    }\n\n▶ test runner watch mode with more complex setup (6730.7757ms)\nℹ tests 1\nℹ suites 1\nℹ pass 0\nℹ fail 1\nℹ cancelled 0\nℹ skipped 0\nℹ todo 0\nℹ duration_ms 6829.0299\n\n✖ failing tests:\n\ntest at test\\parallel\\test-runner-watch-mode-complex.mjs:53:3\n✖ should run tests when a dependency changed after a watched test file being deleted (6700.5091ms)\n  AssertionError [ERR_ASSERTION]: The input did not match the regular expression /tests 2/. Input:\n  \n  '✔ second test has ran (10.4559ms)\\n' +\n    '✖ test.js (1108.1223ms)\\n' +\n    \"  'test failed'\\n\" +\n    '\\n' +\n    '✔ first test has ran (10.7338ms)\\n' +\n    '✔ first test has ran (22.1331ms)\\n' +\n    'ℹ tests 4\\n' +\n    'ℹ suites 0\\n' +\n    'ℹ pass 3\\n' +\n    'ℹ fail 1\\n' +\n    'ℹ cancelled 0\\n' +\n    'ℹ skipped 0\\n' +\n    'ℹ todo 0\\n' +\n    'ℹ duration_ms 1862.7542\\n'\n  \n      at TestContext.<anonymous> (file:///c:/workspace/node-test-binary-windows-js-suites/node/test/parallel/test-runner-watch-mode-complex.mjs:99:12)\n      at process.processTicksAndRejections (node:internal/process/task_queues:105:5)\n      at async Test.run (node:internal/test_runner/test:888:9)\n      at async Promise.all (index 0)\n      at async Suite.run (node:internal/test_runner/test:1268:7)\n      at async startSubtestAfterBootstrap (node:internal/test_runner/harness:280:3) {\n    generatedMessage: true,\n    code: 'ERR_ASSERTION',\n    actual: \"✔ second test has ran (10.4559ms)\\n✖ test.js (1108.1223ms)\\n  'test failed'\\n\\n✔ first test has ran (10.7338ms)\\n✔ first test has ran (22.1331ms)\\nℹ tests 4\\nℹ suites 0\\nℹ pass 3\\nℹ fail 1\\n...\",\n    expected: /tests 2/,\n    operator: 'match'\n  }"},"time":50471.362,"fullname":"parallel/test-runner-watch-mode-complex","closingTestPoint":false}}]}