{"failedTests":[{"testName":"parallel/test-async-context-frame","timestamp":1725494261701,"status":"REGRESSION","jobName":"node-test-binary-windows-js-suites","config":"node-test-binary-windows-js-suites » 2,win10-COMPILED_BY-vs2022 #29954","buildUrl":"https://ci.nodejs.org/job/node-test-binary-windows-js-suites/RUN_SUBSET=2,nodes=win10-COMPILED_BY-vs2022/29954/","buildNumber":29954,"builtOn":"test-azure_msft-win10_vs2019-x64-4","nodeVersion":"23.0.0","commitHash":"64b19b2fcc97d19f7885c07e74e9428e746427dd","callStack":[{"upstreamBuild":65519,"upstreamProject":"node-test-commit-windows-fanned","upstreamUrl":"job/node-test-commit-windows-fanned/"},{"upstreamBuild":73948,"upstreamProject":"node-test-commit","upstreamUrl":"job/node-test-commit/"},{"upstreamBuild":61946,"upstreamProject":"node-test-pull-request","upstreamUrl":"job/node-test-pull-request/"},{"prId":"54680"}],"tap":{"ok":false,"name":"parallel/test-async-context-frame","id":90,"buffered":false,"tapError":null,"skip":false,"todo":false,"previous":null,"plan":null,"diag":{"severity":"fail","exitcode":1,"stack":"▶ AsyncContextFrame\n  ✔ async-hooks\\test-async-local-storage-args.js (4649.5078ms)\n  ✔ async-hooks\\test-async-local-storage-async-await.js (4830.7777ms)\n  ✔ async-hooks\\test-async-local-storage-async-functions.js (4752.9134ms)\n  ✔ async-hooks\\test-async-local-storage-dgram.js (5334.2209ms)\n  ✖ async-hooks\\test-async-local-storage-enable-disable.js (5225.3692ms)\n    AssertionError [ERR_ASSERTION]: Test async-hooks\\test-async-local-storage-enable-disable.js failed with exit code 3221225477\n        at TestContext.<anonymous> (file:///c:/workspace/node-test-binary-windows-js-suites/node/test/parallel/test-async-context-frame.mjs:58:7)\n        at process.processTicksAndRejections (node:internal/process/task_queues:105:5)\n        at async Test.run (node:internal/test_runner/test:888:9)\n        at async Promise.all (index 4)\n        at async Suite.run (node:internal/test_runner/test:1268:7)\n        at async startSubtestAfterBootstrap (node:internal/test_runner/harness:280:3) {\n      generatedMessage: false,\n      code: 'ERR_ASSERTION',\n      actual: 3221225477,\n      expected: 0,\n      operator: 'strictEqual'\n    }\n\n  ✔ async-hooks\\test-async-local-storage-enter-with.js (4612.6073ms)\n  ✔ async-hooks\\test-async-local-storage-errors.js (4961.5967ms)\n  ✔ async-hooks\\test-async-local-storage-gcable.js (5363.9563ms)\n  ✔ async-hooks\\test-async-local-storage-http-agent.js (4956.4745ms)\n  ✔ async-hooks\\test-async-local-storage-http.js (5308.4111ms)\n  ✔ async-hooks\\test-async-local-storage-misc-stores.js (4795.6617ms)\n  ✔ async-hooks\\test-async-local-storage-nested.js (4739.2701ms)\n  ✔ async-hooks\\test-async-local-storage-no-mix-contexts.js (5359.1746ms)\n  ✔ async-hooks\\test-async-local-storage-promises.js (5038.7146ms)\n  ✔ async-hooks\\test-async-local-storage-socket.js (4689.5202ms)\n  ✔ async-hooks\\test-async-local-storage-thenable.js (4439.3937ms)\n  ✔ async-hooks\\test-async-local-storage-tlssocket.js (4792.527ms)\n  ✔ parallel\\test-async-local-storage-bind.js (4851.0907ms)\n  ✔ parallel\\test-async-local-storage-contexts.js (5039.4114ms)\n  ✔ parallel\\test-async-local-storage-deep-stack.js (4639.1304ms)\n  ✔ parallel\\test-async-local-storage-exit-does-not-leak.js (4520.6724ms)\n  ✔ parallel\\test-async-local-storage-http-multiclients.js (5057.1818ms)\n  ✔ parallel\\test-async-local-storage-snapshot.js (4771.2287ms)\n▶ AsyncContextFrame (5533.207ms)\nℹ tests 23\nℹ suites 1\nℹ pass 22\nℹ fail 1\nℹ cancelled 0\nℹ skipped 0\nℹ todo 0\nℹ duration_ms 5540.7909\n\n✖ failing tests:\n\ntest at test\\parallel\\test-async-context-frame.mjs:48:5\n✖ async-hooks\\test-async-local-storage-enable-disable.js (5225.3692ms)\n  AssertionError [ERR_ASSERTION]: Test async-hooks\\test-async-local-storage-enable-disable.js failed with exit code 3221225477\n      at TestContext.<anonymous> (file:///c:/workspace/node-test-binary-windows-js-suites/node/test/parallel/test-async-context-frame.mjs:58:7)\n      at process.processTicksAndRejections (node:internal/process/task_queues:105:5)\n      at async Test.run (node:internal/test_runner/test:888:9)\n      at async Promise.all (index 4)\n      at async Suite.run (node:internal/test_runner/test:1268:7)\n      at async startSubtestAfterBootstrap (node:internal/test_runner/harness:280:3) {\n    generatedMessage: false,\n    code: 'ERR_ASSERTION',\n    actual: 3221225477,\n    expected: 0,\n    operator: 'strictEqual'\n  }"},"time":5945.037,"fullname":"parallel/test-async-context-frame","closingTestPoint":false}}]}