{"failedTests":[{"testName":"parallel/test-async-context-frame","timestamp":1725537028677,"status":"REGRESSION","jobName":"node-test-binary-windows-js-suites","config":"node-test-binary-windows-js-suites » 2,win2022-COMPILED_BY-vs2022 #29976","buildUrl":"https://ci.nodejs.org/job/node-test-binary-windows-js-suites/RUN_SUBSET=2,nodes=win2022-COMPILED_BY-vs2022/29976/","buildNumber":29976,"builtOn":"test-rackspace-win2022_vs2022-x64-1","nodeVersion":"23.0.0","commitHash":"d72ab1fc7aeb8b8cae1da6e0ff46630632942a23","callStack":[{"upstreamBuild":65547,"upstreamProject":"node-test-commit-windows-fanned","upstreamUrl":"job/node-test-commit-windows-fanned/"},{"upstreamBuild":73982,"upstreamProject":"node-test-commit","upstreamUrl":"job/node-test-commit/"},{"upstreamBuild":61977,"upstreamProject":"node-test-pull-request","upstreamUrl":"job/node-test-pull-request/"},{"prId":"54325"}],"tap":{"ok":false,"name":"parallel/test-async-context-frame","id":113,"buffered":false,"tapError":null,"skip":false,"todo":false,"previous":null,"plan":null,"diag":{"severity":"fail","exitcode":1,"stack":"▶ AsyncContextFrame\n  ✔ async-hooks\\test-async-local-storage-args.js (4705.2611ms)\n  ✖ async-hooks\\test-async-local-storage-async-await.js (5470.1924ms)\n    AssertionError [ERR_ASSERTION]: Test async-hooks\\test-async-local-storage-async-await.js failed with exit code 3221225477\n        at TestContext.<anonymous> (file:///C:/workspace/node-test-binary-windows-js-suites/node/test/parallel/test-async-context-frame.mjs:58:7)\n        at process.processTicksAndRejections (node:internal/process/task_queues:105:5)\n        at async Test.run (node:internal/test_runner/test:888:9)\n        at async Promise.all (index 1)\n        at async Suite.run (node:internal/test_runner/test:1268:7)\n        at async startSubtestAfterBootstrap (node:internal/test_runner/harness:280:3) {\n      generatedMessage: false,\n      code: 'ERR_ASSERTION',\n      actual: 3221225477,\n      expected: 0,\n      operator: 'strictEqual'\n    }\n\n  ✔ async-hooks\\test-async-local-storage-async-functions.js (4856.8501ms)\n  ✔ async-hooks\\test-async-local-storage-dgram.js (5833.752ms)\n  ✔ async-hooks\\test-async-local-storage-enable-disable.js (5519.1967ms)\n  ✔ async-hooks\\test-async-local-storage-enter-with.js (5487.9036ms)\n  ✔ async-hooks\\test-async-local-storage-errors.js (5000.7915ms)\n  ✔ async-hooks\\test-async-local-storage-gcable.js (4983.003ms)\n  ✖ async-hooks\\test-async-local-storage-http-agent.js (5604.5123ms)\n    AssertionError [ERR_ASSERTION]: Test async-hooks\\test-async-local-storage-http-agent.js failed with exit code 3221225477\n        at TestContext.<anonymous> (file:///C:/workspace/node-test-binary-windows-js-suites/node/test/parallel/test-async-context-frame.mjs:58:7)\n        at process.processTicksAndRejections (node:internal/process/task_queues:105:5)\n        at async Test.run (node:internal/test_runner/test:888:9)\n        at async Promise.all (index 8)\n        at async Suite.run (node:internal/test_runner/test:1268:7)\n        at async startSubtestAfterBootstrap (node:internal/test_runner/harness:280:3) {\n      generatedMessage: false,\n      code: 'ERR_ASSERTION',\n      actual: 3221225477,\n      expected: 0,\n      operator: 'strictEqual'\n    }\n\n  ✔ async-hooks\\test-async-local-storage-http.js (5249.7352ms)\n  ✔ async-hooks\\test-async-local-storage-misc-stores.js (5742.7378ms)\n  ✔ async-hooks\\test-async-local-storage-nested.js (4342.276ms)\n  ✔ async-hooks\\test-async-local-storage-no-mix-contexts.js (5316.2829ms)\n  ✔ async-hooks\\test-async-local-storage-promises.js (4746.5129ms)\n  ✔ async-hooks\\test-async-local-storage-socket.js (5060.312ms)\n  ✔ async-hooks\\test-async-local-storage-thenable.js (4542.4584ms)\n  ✔ async-hooks\\test-async-local-storage-tlssocket.js (5516.6277ms)\n  ✔ parallel\\test-async-local-storage-bind.js (5092.5881ms)\n  ✔ parallel\\test-async-local-storage-contexts.js (5106.5776ms)\n  ✔ parallel\\test-async-local-storage-deep-stack.js (5275.8278ms)\n  ✔ parallel\\test-async-local-storage-exit-does-not-leak.js (5342.9868ms)\n  ✔ parallel\\test-async-local-storage-http-multiclients.js (6085.629ms)\n  ✔ parallel\\test-async-local-storage-snapshot.js (5390.8019ms)\n▶ AsyncContextFrame (6715.4055ms)\nℹ tests 23\nℹ suites 1\nℹ pass 21\nℹ fail 2\nℹ cancelled 0\nℹ skipped 0\nℹ todo 0\nℹ duration_ms 6737.9694\n\n✖ failing tests:\n\ntest at test\\parallel\\test-async-context-frame.mjs:48:5\n✖ async-hooks\\test-async-local-storage-async-await.js (5470.1924ms)\n  AssertionError [ERR_ASSERTION]: Test async-hooks\\test-async-local-storage-async-await.js failed with exit code 3221225477\n      at TestContext.<anonymous> (file:///C:/workspace/node-test-binary-windows-js-suites/node/test/parallel/test-async-context-frame.mjs:58:7)\n      at process.processTicksAndRejections (node:internal/process/task_queues:105:5)\n      at async Test.run (node:internal/test_runner/test:888:9)\n      at async Promise.all (index 1)\n      at async Suite.run (node:internal/test_runner/test:1268:7)\n      at async startSubtestAfterBootstrap (node:internal/test_runner/harness:280:3) {\n    generatedMessage: false,\n    code: 'ERR_ASSERTION',\n    actual: 3221225477,\n    expected: 0,\n    operator: 'strictEqual'\n  }\n\ntest at test\\parallel\\test-async-context-frame.mjs:48:5\n✖ async-hooks\\test-async-local-storage-http-agent.js (5604.5123ms)\n  AssertionError [ERR_ASSERTION]: Test async-hooks\\test-async-local-storage-http-agent.js failed with exit code 3221225477\n      at TestContext.<anonymous> (file:///C:/workspace/node-test-binary-windows-js-suites/node/test/parallel/test-async-context-frame.mjs:58:7)\n      at process.processTicksAndRejections (node:internal/process/task_queues:105:5)\n      at async Test.run (node:internal/test_runner/test:888:9)\n      at async Promise.all (index 8)\n      at async Suite.run (node:internal/test_runner/test:1268:7)\n      at async startSubtestAfterBootstrap (node:internal/test_runner/harness:280:3) {\n    generatedMessage: false,\n    code: 'ERR_ASSERTION',\n    actual: 3221225477,\n    expected: 0,\n    operator: 'strictEqual'\n  }"},"time":7286.22,"fullname":"parallel/test-async-context-frame","closingTestPoint":false}},{"testName":"parallel/test-http2-socket-close","timestamp":1725537028677,"status":"FAILED","jobName":"node-test-binary-windows-js-suites","config":"node-test-binary-windows-js-suites » 3,win10-COMPILED_BY-vs2022 #29976","buildUrl":"https://ci.nodejs.org/job/node-test-binary-windows-js-suites/RUN_SUBSET=3,nodes=win10-COMPILED_BY-vs2022/29976/","buildNumber":29976,"builtOn":"test-azure_msft-win10_vs2019-x64-1","nodeVersion":"23.0.0","commitHash":"d72ab1fc7aeb8b8cae1da6e0ff46630632942a23","callStack":[{"upstreamBuild":65547,"upstreamProject":"node-test-commit-windows-fanned","upstreamUrl":"job/node-test-commit-windows-fanned/"},{"upstreamBuild":73982,"upstreamProject":"node-test-commit","upstreamUrl":"job/node-test-commit/"},{"upstreamBuild":61977,"upstreamProject":"node-test-pull-request","upstreamUrl":"job/node-test-pull-request/"},{"prId":"54325"}],"tap":{"ok":false,"name":"parallel/test-http2-socket-close","id":492,"buffered":false,"tapError":null,"skip":false,"todo":false,"previous":null,"plan":null,"diag":{"severity":"fail","exitcode":1,"stack":"node:events:498\n      throw er; // Unhandled 'error' event\n      ^\n\nError: read ECONNRESET\n    at TLSWrap.onStreamRead (node:internal/stream_base_commons:216:20)\nEmitted 'error' event on ClientHttp2Stream instance at:\n    at emitErrorNT (node:internal/streams/destroy:170:8)\n    at emitErrorCloseNT (node:internal/streams/destroy:129:3)\n    at process.processTicksAndRejections (node:internal/process/task_queues:90:21) {\n  errno: -4077,\n  code: 'ECONNRESET',\n  syscall: 'read'\n}\n\nNode.js v23.0.0-pre"},"time":1820.017,"fullname":"parallel/test-http2-socket-close","closingTestPoint":false}}]}