{"failedTests":[{"testName":"parallel/test-async-context-frame","timestamp":1725553965565,"status":"FAILED","jobName":"node-test-binary-windows-js-suites","config":"node-test-binary-windows-js-suites » 2,win2022-COMPILED_BY-vs2022 #29986","buildUrl":"https://ci.nodejs.org/job/node-test-binary-windows-js-suites/RUN_SUBSET=2,nodes=win2022-COMPILED_BY-vs2022/29986/","buildNumber":29986,"builtOn":"test-rackspace-win2022_vs2022-x64-2","nodeVersion":"23.0.0","commitHash":"104de8ab88befd5340a50f10d619e0c7374042f8","callStack":[{"upstreamBuild":65560,"upstreamProject":"node-test-commit-windows-fanned","upstreamUrl":"job/node-test-commit-windows-fanned/"},{"upstreamBuild":73996,"upstreamProject":"node-test-commit","upstreamUrl":"job/node-test-commit/"},{"upstreamBuild":61990,"upstreamProject":"node-test-pull-request","upstreamUrl":"job/node-test-pull-request/"},{"prId":"54739"}],"tap":{"ok":false,"name":"parallel/test-async-context-frame","id":108,"buffered":false,"tapError":null,"skip":false,"todo":false,"previous":null,"plan":null,"diag":{"severity":"fail","exitcode":1,"stack":"▶ AsyncContextFrame\n  ✔ async-hooks\\test-async-local-storage-args.js (4306.5225ms)\n  ✔ async-hooks\\test-async-local-storage-async-await.js (4616.1888ms)\n  ✔ async-hooks\\test-async-local-storage-async-functions.js (3954.9319ms)\n  ✔ async-hooks\\test-async-local-storage-dgram.js (4203.2828ms)\n  ✔ async-hooks\\test-async-local-storage-enable-disable.js (4038.0243ms)\n  ✔ async-hooks\\test-async-local-storage-enter-with.js (4073.7989ms)\n  ✔ async-hooks\\test-async-local-storage-errors.js (4443.3545ms)\n  ✔ async-hooks\\test-async-local-storage-gcable.js (4768.3657ms)\n  ✔ async-hooks\\test-async-local-storage-http-agent.js (4225.9437ms)\n  ✔ async-hooks\\test-async-local-storage-http.js (4717.5559ms)\n  ✔ async-hooks\\test-async-local-storage-misc-stores.js (4935.6175ms)\n  ✔ async-hooks\\test-async-local-storage-nested.js (4831.7871ms)\n  ✔ async-hooks\\test-async-local-storage-no-mix-contexts.js (4559.5848ms)\n  ✔ async-hooks\\test-async-local-storage-promises.js (4945.1597ms)\n  ✔ async-hooks\\test-async-local-storage-socket.js (5202.5551ms)\n  ✔ async-hooks\\test-async-local-storage-thenable.js (4498.1406ms)\n  ✔ async-hooks\\test-async-local-storage-tlssocket.js (4719.8978ms)\n  ✔ parallel\\test-async-local-storage-bind.js (5048.1964ms)\n  ✔ parallel\\test-async-local-storage-contexts.js (5013.0169ms)\n  ✔ parallel\\test-async-local-storage-deep-stack.js (4925.7057ms)\n  ✔ parallel\\test-async-local-storage-exit-does-not-leak.js (4394.2384ms)\n  ✖ parallel\\test-async-local-storage-http-multiclients.js (4992.7445ms)\n    AssertionError [ERR_ASSERTION]: Test parallel\\test-async-local-storage-http-multiclients.js failed with exit code 3221225477\n        at TestContext.<anonymous> (file:///C:/workspace/node-test-binary-windows-js-suites/node/test/parallel/test-async-context-frame.mjs:58:7)\n        at process.processTicksAndRejections (node:internal/process/task_queues:105:5)\n        at async Test.run (node:internal/test_runner/test:888:9)\n        at async Promise.all (index 21)\n        at async Suite.run (node:internal/test_runner/test:1268:7)\n        at async startSubtestAfterBootstrap (node:internal/test_runner/harness:280:3) {\n      generatedMessage: false,\n      code: 'ERR_ASSERTION',\n      actual: 3221225477,\n      expected: 0,\n      operator: 'strictEqual'\n    }\n\n  ✔ parallel\\test-async-local-storage-snapshot.js (4655.0988ms)\n▶ AsyncContextFrame (5602.7208ms)\nℹ tests 23\nℹ suites 1\nℹ pass 22\nℹ fail 1\nℹ cancelled 0\nℹ skipped 0\nℹ todo 0\nℹ duration_ms 5620.7438\n\n✖ failing tests:\n\ntest at test\\parallel\\test-async-context-frame.mjs:48:5\n✖ parallel\\test-async-local-storage-http-multiclients.js (4992.7445ms)\n  AssertionError [ERR_ASSERTION]: Test parallel\\test-async-local-storage-http-multiclients.js failed with exit code 3221225477\n      at TestContext.<anonymous> (file:///C:/workspace/node-test-binary-windows-js-suites/node/test/parallel/test-async-context-frame.mjs:58:7)\n      at process.processTicksAndRejections (node:internal/process/task_queues:105:5)\n      at async Test.run (node:internal/test_runner/test:888:9)\n      at async Promise.all (index 21)\n      at async Suite.run (node:internal/test_runner/test:1268:7)\n      at async startSubtestAfterBootstrap (node:internal/test_runner/harness:280:3) {\n    generatedMessage: false,\n    code: 'ERR_ASSERTION',\n    actual: 3221225477,\n    expected: 0,\n    operator: 'strictEqual'\n  }"},"time":6161.111,"fullname":"parallel/test-async-context-frame","closingTestPoint":false}}]}