{"failedTests":[{"testName":"parallel/test-async-context-frame","timestamp":1725552962445,"status":"REGRESSION","jobName":"node-test-binary-windows-js-suites","config":"node-test-binary-windows-js-suites » 2,win10-COMPILED_BY-vs2022 #29985","buildUrl":"https://ci.nodejs.org/job/node-test-binary-windows-js-suites/RUN_SUBSET=2,nodes=win10-COMPILED_BY-vs2022/29985/","buildNumber":29985,"builtOn":"test-azure_msft-win10_vs2019-x64-4","nodeVersion":"23.0.0","commitHash":"61cd7b90b63e1475e55e02cee2725375cd142afe","callStack":[{"upstreamBuild":65567,"upstreamProject":"node-test-commit-windows-fanned","upstreamUrl":"job/node-test-commit-windows-fanned/"},{"upstreamBuild":74004,"upstreamProject":"node-test-commit","upstreamUrl":"job/node-test-commit/"},{"upstreamBuild":61998,"upstreamProject":"node-test-pull-request","upstreamUrl":"job/node-test-pull-request/"},{"prId":"54695"}],"tap":{"ok":false,"name":"parallel/test-async-context-frame","id":95,"buffered":false,"tapError":null,"skip":false,"todo":false,"previous":null,"plan":null,"diag":{"severity":"fail","exitcode":1,"stack":"▶ AsyncContextFrame\n  ✔ async-hooks\\test-async-local-storage-args.js (4713.6895ms)\n  ✔ async-hooks\\test-async-local-storage-async-await.js (4526.3808ms)\n  ✔ async-hooks\\test-async-local-storage-async-functions.js (4299.1946ms)\n  ✔ async-hooks\\test-async-local-storage-dgram.js (4786.0329ms)\n  ✔ async-hooks\\test-async-local-storage-enable-disable.js (4684.671ms)\n  ✔ async-hooks\\test-async-local-storage-enter-with.js (4939.8923ms)\n  ✔ async-hooks\\test-async-local-storage-errors.js (4933.1794ms)\n  ✔ async-hooks\\test-async-local-storage-gcable.js (5130.2908ms)\n  ✔ async-hooks\\test-async-local-storage-http-agent.js (4669.1694ms)\n  ✔ async-hooks\\test-async-local-storage-http.js (4855.4176ms)\n  ✔ async-hooks\\test-async-local-storage-misc-stores.js (4728.0593ms)\n  ✔ async-hooks\\test-async-local-storage-nested.js (4336.1531ms)\n  ✖ async-hooks\\test-async-local-storage-no-mix-contexts.js (5107.9785ms)\n    AssertionError [ERR_ASSERTION]: Test async-hooks\\test-async-local-storage-no-mix-contexts.js failed with exit code 3221225477\n        at TestContext.<anonymous> (file:///c:/workspace/node-test-binary-windows-js-suites/node/test/parallel/test-async-context-frame.mjs:58:7)\n        at process.processTicksAndRejections (node:internal/process/task_queues:105:5)\n        at async Test.run (node:internal/test_runner/test:888:9)\n        at async Promise.all (index 12)\n        at async Suite.run (node:internal/test_runner/test:1268:7)\n        at async startSubtestAfterBootstrap (node:internal/test_runner/harness:280:3) {\n      generatedMessage: false,\n      code: 'ERR_ASSERTION',\n      actual: 3221225477,\n      expected: 0,\n      operator: 'strictEqual'\n    }\n\n  ✔ async-hooks\\test-async-local-storage-promises.js (4668.7057ms)\n  ✔ async-hooks\\test-async-local-storage-socket.js (4920.5204ms)\n  ✔ async-hooks\\test-async-local-storage-thenable.js (4788.6862ms)\n  ✔ async-hooks\\test-async-local-storage-tlssocket.js (4972.4853ms)\n  ✔ parallel\\test-async-local-storage-bind.js (4838.8536ms)\n  ✔ parallel\\test-async-local-storage-contexts.js (4831.6164ms)\n  ✔ parallel\\test-async-local-storage-deep-stack.js (4415.5584ms)\n  ✔ parallel\\test-async-local-storage-exit-does-not-leak.js (4672.8217ms)\n  ✔ parallel\\test-async-local-storage-http-multiclients.js (4891.6045ms)\n  ✔ parallel\\test-async-local-storage-snapshot.js (4240.6191ms)\n▶ AsyncContextFrame (5280.9843ms)\nℹ tests 23\nℹ suites 1\nℹ pass 22\nℹ fail 1\nℹ cancelled 0\nℹ skipped 0\nℹ todo 0\nℹ duration_ms 5289.0733\n\n✖ failing tests:\n\ntest at test\\parallel\\test-async-context-frame.mjs:48:5\n✖ async-hooks\\test-async-local-storage-no-mix-contexts.js (5107.9785ms)\n  AssertionError [ERR_ASSERTION]: Test async-hooks\\test-async-local-storage-no-mix-contexts.js failed with exit code 3221225477\n      at TestContext.<anonymous> (file:///c:/workspace/node-test-binary-windows-js-suites/node/test/parallel/test-async-context-frame.mjs:58:7)\n      at process.processTicksAndRejections (node:internal/process/task_queues:105:5)\n      at async Test.run (node:internal/test_runner/test:888:9)\n      at async Promise.all (index 12)\n      at async Suite.run (node:internal/test_runner/test:1268:7)\n      at async startSubtestAfterBootstrap (node:internal/test_runner/harness:280:3) {\n    generatedMessage: false,\n    code: 'ERR_ASSERTION',\n    actual: 3221225477,\n    expected: 0,\n    operator: 'strictEqual'\n  }"},"time":5756.029,"fullname":"parallel/test-async-context-frame","closingTestPoint":false}},{"testName":"parallel/test-async-context-frame","timestamp":1725552962445,"status":"FAILED","jobName":"node-test-binary-windows-js-suites","config":"node-test-binary-windows-js-suites » 2,win2022-COMPILED_BY-vs2022 #29985","buildUrl":"https://ci.nodejs.org/job/node-test-binary-windows-js-suites/RUN_SUBSET=2,nodes=win2022-COMPILED_BY-vs2022/29985/","buildNumber":29985,"builtOn":"test-rackspace-win2022_vs2022-x64-5","nodeVersion":"23.0.0","commitHash":"61cd7b90b63e1475e55e02cee2725375cd142afe","callStack":[{"upstreamBuild":65567,"upstreamProject":"node-test-commit-windows-fanned","upstreamUrl":"job/node-test-commit-windows-fanned/"},{"upstreamBuild":74004,"upstreamProject":"node-test-commit","upstreamUrl":"job/node-test-commit/"},{"upstreamBuild":61998,"upstreamProject":"node-test-pull-request","upstreamUrl":"job/node-test-pull-request/"},{"prId":"54695"}],"tap":{"ok":false,"name":"parallel/test-async-context-frame","id":113,"buffered":false,"tapError":null,"skip":false,"todo":false,"previous":null,"plan":null,"diag":{"severity":"fail","exitcode":1,"stack":"▶ AsyncContextFrame\n  ✔ async-hooks\\test-async-local-storage-args.js (5447.7254ms)\n  ✔ async-hooks\\test-async-local-storage-async-await.js (4662.99ms)\n  ✔ async-hooks\\test-async-local-storage-async-functions.js (5027.6704ms)\n  ✔ async-hooks\\test-async-local-storage-dgram.js (5179.8252ms)\n  ✖ async-hooks\\test-async-local-storage-enable-disable.js (4344.3343ms)\n    AssertionError [ERR_ASSERTION]: Test async-hooks\\test-async-local-storage-enable-disable.js failed with exit code 3221225477\n        at TestContext.<anonymous> (file:///C:/workspace/node-test-binary-windows-js-suites/node/test/parallel/test-async-context-frame.mjs:58:7)\n        at process.processTicksAndRejections (node:internal/process/task_queues:105:5)\n        at async Test.run (node:internal/test_runner/test:888:9)\n        at async Promise.all (index 4)\n        at async Suite.run (node:internal/test_runner/test:1268:7)\n        at async startSubtestAfterBootstrap (node:internal/test_runner/harness:280:3) {\n      generatedMessage: false,\n      code: 'ERR_ASSERTION',\n      actual: 3221225477,\n      expected: 0,\n      operator: 'strictEqual'\n    }\n\n  ✔ async-hooks\\test-async-local-storage-enter-with.js (4976.7194ms)\n  ✔ async-hooks\\test-async-local-storage-errors.js (4966.557ms)\n  ✔ async-hooks\\test-async-local-storage-gcable.js (5044.7432ms)\n  ✔ async-hooks\\test-async-local-storage-http-agent.js (5145.352ms)\n  ✔ async-hooks\\test-async-local-storage-http.js (5075.4936ms)\n  ✔ async-hooks\\test-async-local-storage-misc-stores.js (4972.5724ms)\n  ✔ async-hooks\\test-async-local-storage-nested.js (5069.9646ms)\n  ✔ async-hooks\\test-async-local-storage-no-mix-contexts.js (5351.6386ms)\n  ✔ async-hooks\\test-async-local-storage-promises.js (5245.6913ms)\n  ✔ async-hooks\\test-async-local-storage-socket.js (4786.0151ms)\n  ✔ async-hooks\\test-async-local-storage-thenable.js (4133.9401ms)\n  ✔ async-hooks\\test-async-local-storage-tlssocket.js (5858.4847ms)\n  ✔ parallel\\test-async-local-storage-bind.js (4562.9625ms)\n  ✔ parallel\\test-async-local-storage-contexts.js (5253.8529ms)\n  ✔ parallel\\test-async-local-storage-deep-stack.js (5336.2037ms)\n  ✔ parallel\\test-async-local-storage-exit-does-not-leak.js (4689.0313ms)\n  ✔ parallel\\test-async-local-storage-http-multiclients.js (5402.6405ms)\n  ✔ parallel\\test-async-local-storage-snapshot.js (4773.3419ms)\n▶ AsyncContextFrame (6344.9088ms)\nℹ tests 23\nℹ suites 1\nℹ pass 22\nℹ fail 1\nℹ cancelled 0\nℹ skipped 0\nℹ todo 0\nℹ duration_ms 6361.9497\n\n✖ failing tests:\n\ntest at test\\parallel\\test-async-context-frame.mjs:48:5\n✖ async-hooks\\test-async-local-storage-enable-disable.js (4344.3343ms)\n  AssertionError [ERR_ASSERTION]: Test async-hooks\\test-async-local-storage-enable-disable.js failed with exit code 3221225477\n      at TestContext.<anonymous> (file:///C:/workspace/node-test-binary-windows-js-suites/node/test/parallel/test-async-context-frame.mjs:58:7)\n      at process.processTicksAndRejections (node:internal/process/task_queues:105:5)\n      at async Test.run (node:internal/test_runner/test:888:9)\n      at async Promise.all (index 4)\n      at async Suite.run (node:internal/test_runner/test:1268:7)\n      at async startSubtestAfterBootstrap (node:internal/test_runner/harness:280:3) {\n    generatedMessage: false,\n    code: 'ERR_ASSERTION',\n    actual: 3221225477,\n    expected: 0,\n    operator: 'strictEqual'\n  }"},"time":6851.253,"fullname":"parallel/test-async-context-frame","closingTestPoint":false}},{"testName":"parallel/test-runner-watch-mode","timestamp":1725552962445,"status":"FAILED","jobName":"node-test-binary-windows-js-suites","config":"node-test-binary-windows-js-suites » 0,win10-COMPILED_BY-vs2022 #29985","buildUrl":"https://ci.nodejs.org/job/node-test-binary-windows-js-suites/RUN_SUBSET=0,nodes=win10-COMPILED_BY-vs2022/29985/","buildNumber":29985,"builtOn":"test-azure_msft-win10_vs2019-x64-1","nodeVersion":"23.0.0","commitHash":"61cd7b90b63e1475e55e02cee2725375cd142afe","callStack":[{"upstreamBuild":65567,"upstreamProject":"node-test-commit-windows-fanned","upstreamUrl":"job/node-test-commit-windows-fanned/"},{"upstreamBuild":74004,"upstreamProject":"node-test-commit","upstreamUrl":"job/node-test-commit/"},{"upstreamBuild":61998,"upstreamProject":"node-test-pull-request","upstreamUrl":"job/node-test-pull-request/"},{"prId":"54695"}],"tap":{"ok":false,"name":"parallel/test-runner-watch-mode","id":898,"buffered":false,"tapError":null,"skip":false,"todo":": Fix flaky test","previous":null,"plan":null,"diag":{"severity":"fail","exitcode":1,"stack":"timeout"},"time":122399.051,"fullname":"parallel/test-runner-watch-mode","closingTestPoint":false}}]}