{"failedTests":[{"testName":"parallel/test-async-context-frame","timestamp":1725577820445,"status":"FAILED","jobName":"node-test-binary-windows-js-suites","config":"node-test-binary-windows-js-suites » 2,win2022-COMPILED_BY-vs2022 #30003","buildUrl":"https://ci.nodejs.org/job/node-test-binary-windows-js-suites/RUN_SUBSET=2,nodes=win2022-COMPILED_BY-vs2022/30003/","buildNumber":30003,"builtOn":"test-rackspace-win2022_vs2022-x64-1","nodeVersion":"23.0.0","commitHash":"dd41480c30425bfa61ae19819c3d5c8a15ec2ca8","callStack":[{"upstreamBuild":65580,"upstreamProject":"node-test-commit-windows-fanned","upstreamUrl":"job/node-test-commit-windows-fanned/"},{"upstreamBuild":74025,"upstreamProject":"node-test-commit","upstreamUrl":"job/node-test-commit/"},{"upstreamBuild":62019,"upstreamProject":"node-test-pull-request","upstreamUrl":"job/node-test-pull-request/"},{"prId":"54791"}],"tap":{"ok":false,"name":"parallel/test-async-context-frame","id":109,"buffered":false,"tapError":null,"skip":false,"todo":false,"previous":null,"plan":null,"diag":{"severity":"fail","exitcode":1,"stack":"▶ AsyncContextFrame\n  ✔ async-hooks\\test-async-local-storage-args.js (6922.9294ms)\n  ✔ async-hooks\\test-async-local-storage-async-await.js (6783.3092ms)\n  ✔ async-hooks\\test-async-local-storage-async-functions.js (6786.8462ms)\n  ✔ async-hooks\\test-async-local-storage-dgram.js (6832.448ms)\n  ✔ async-hooks\\test-async-local-storage-enable-disable.js (6517.1103ms)\n  ✔ async-hooks\\test-async-local-storage-enter-with.js (6507.2201ms)\n  ✔ async-hooks\\test-async-local-storage-errors.js (6469.6681ms)\n  ✔ async-hooks\\test-async-local-storage-gcable.js (7017.6925ms)\n  ✔ async-hooks\\test-async-local-storage-http-agent.js (6724.0405ms)\n  ✔ async-hooks\\test-async-local-storage-http.js (6102.9178ms)\n  ✔ async-hooks\\test-async-local-storage-misc-stores.js (6487.5378ms)\n  ✔ async-hooks\\test-async-local-storage-nested.js (6742.3323ms)\n  ✔ async-hooks\\test-async-local-storage-no-mix-contexts.js (5963.3571ms)\n  ✔ async-hooks\\test-async-local-storage-promises.js (6300.5749ms)\n  ✔ async-hooks\\test-async-local-storage-socket.js (6470.035ms)\n  ✖ async-hooks\\test-async-local-storage-thenable.js (6327.5432ms)\n    AssertionError [ERR_ASSERTION]: Test async-hooks\\test-async-local-storage-thenable.js failed with exit code 3221225477\n        at TestContext.<anonymous> (file:///C:/workspace/node-test-binary-windows-js-suites/node/test/parallel/test-async-context-frame.mjs:58:7)\n        at process.processTicksAndRejections (node:internal/process/task_queues:105:5)\n        at async Test.run (node:internal/test_runner/test:888:9)\n        at async Promise.all (index 15)\n        at async Suite.run (node:internal/test_runner/test:1268:7)\n        at async startSubtestAfterBootstrap (node:internal/test_runner/harness:280:3) {\n      generatedMessage: false,\n      code: 'ERR_ASSERTION',\n      actual: 3221225477,\n      expected: 0,\n      operator: 'strictEqual'\n    }\n\n  ✔ async-hooks\\test-async-local-storage-tlssocket.js (6084.3973ms)\n  ✔ parallel\\test-async-local-storage-bind.js (6653.9123ms)\n  ✔ parallel\\test-async-local-storage-contexts.js (6055.1993ms)\n  ✔ parallel\\test-async-local-storage-deep-stack.js (6348.8583ms)\n  ✔ parallel\\test-async-local-storage-exit-does-not-leak.js (5794.0789ms)\n  ✔ parallel\\test-async-local-storage-http-multiclients.js (6542.6067ms)\n  ✔ parallel\\test-async-local-storage-snapshot.js (6233.598ms)\n▶ AsyncContextFrame (7568.0292ms)\nℹ tests 23\nℹ suites 1\nℹ pass 22\nℹ fail 1\nℹ cancelled 0\nℹ skipped 0\nℹ todo 0\nℹ duration_ms 7586.939\n\n✖ failing tests:\n\ntest at test\\parallel\\test-async-context-frame.mjs:48:5\n✖ async-hooks\\test-async-local-storage-thenable.js (6327.5432ms)\n  AssertionError [ERR_ASSERTION]: Test async-hooks\\test-async-local-storage-thenable.js failed with exit code 3221225477\n      at TestContext.<anonymous> (file:///C:/workspace/node-test-binary-windows-js-suites/node/test/parallel/test-async-context-frame.mjs:58:7)\n      at process.processTicksAndRejections (node:internal/process/task_queues:105:5)\n      at async Test.run (node:internal/test_runner/test:888:9)\n      at async Promise.all (index 15)\n      at async Suite.run (node:internal/test_runner/test:1268:7)\n      at async startSubtestAfterBootstrap (node:internal/test_runner/harness:280:3) {\n    generatedMessage: false,\n    code: 'ERR_ASSERTION',\n    actual: 3221225477,\n    expected: 0,\n    operator: 'strictEqual'\n  }"},"time":8104.29,"fullname":"parallel/test-async-context-frame","closingTestPoint":false}},{"testName":"parallel/test-async-context-frame","timestamp":1725577820445,"status":"REGRESSION","jobName":"node-test-binary-windows-js-suites","config":"node-test-binary-windows-js-suites » 2,win2019-COMPILED_BY-vs2022 #30003","buildUrl":"https://ci.nodejs.org/job/node-test-binary-windows-js-suites/RUN_SUBSET=2,nodes=win2019-COMPILED_BY-vs2022/30003/","buildNumber":30003,"builtOn":"test-rackspace-win2019_vs2019-x64-4","nodeVersion":"23.0.0","commitHash":"dd41480c30425bfa61ae19819c3d5c8a15ec2ca8","callStack":[{"upstreamBuild":65580,"upstreamProject":"node-test-commit-windows-fanned","upstreamUrl":"job/node-test-commit-windows-fanned/"},{"upstreamBuild":74025,"upstreamProject":"node-test-commit","upstreamUrl":"job/node-test-commit/"},{"upstreamBuild":62019,"upstreamProject":"node-test-pull-request","upstreamUrl":"job/node-test-pull-request/"},{"prId":"54791"}],"tap":{"ok":false,"name":"parallel/test-async-context-frame","id":109,"buffered":false,"tapError":null,"skip":false,"todo":false,"previous":null,"plan":null,"diag":{"severity":"fail","exitcode":1,"stack":"▶ AsyncContextFrame\n  ✔ async-hooks\\test-async-local-storage-args.js (5011.3131ms)\n  ✔ async-hooks\\test-async-local-storage-async-await.js (5205.9617ms)\n  ✖ async-hooks\\test-async-local-storage-async-functions.js (5286.5019ms)\n    AssertionError [ERR_ASSERTION]: Test async-hooks\\test-async-local-storage-async-functions.js failed with exit code 3221225477\n        at TestContext.<anonymous> (file:///C:/workspace/node-test-binary-windows-js-suites/node/test/parallel/test-async-context-frame.mjs:58:7)\n        at process.processTicksAndRejections (node:internal/process/task_queues:105:5)\n        at async Test.run (node:internal/test_runner/test:888:9)\n        at async Promise.all (index 2)\n        at async Suite.run (node:internal/test_runner/test:1268:7)\n        at async startSubtestAfterBootstrap (node:internal/test_runner/harness:280:3) {\n      generatedMessage: false,\n      code: 'ERR_ASSERTION',\n      actual: 3221225477,\n      expected: 0,\n      operator: 'strictEqual'\n    }\n\n  ✔ async-hooks\\test-async-local-storage-dgram.js (5176.5298ms)\n  ✔ async-hooks\\test-async-local-storage-enable-disable.js (5126.5982ms)\n  ✔ async-hooks\\test-async-local-storage-enter-with.js (5298.0873ms)\n  ✔ async-hooks\\test-async-local-storage-errors.js (5533.1553ms)\n  ✔ async-hooks\\test-async-local-storage-gcable.js (5207.4847ms)\n  ✔ async-hooks\\test-async-local-storage-http-agent.js (5443.7551ms)\n  ✔ async-hooks\\test-async-local-storage-http.js (5570.8132ms)\n  ✔ async-hooks\\test-async-local-storage-misc-stores.js (4870.6295ms)\n  ✔ async-hooks\\test-async-local-storage-nested.js (5132.3482ms)\n  ✔ async-hooks\\test-async-local-storage-no-mix-contexts.js (5472.7649ms)\n  ✔ async-hooks\\test-async-local-storage-promises.js (5110.2017ms)\n  ✔ async-hooks\\test-async-local-storage-socket.js (5021.2708ms)\n  ✔ async-hooks\\test-async-local-storage-thenable.js (5349.7309ms)\n  ✔ async-hooks\\test-async-local-storage-tlssocket.js (5605.7836ms)\n  ✔ parallel\\test-async-local-storage-bind.js (4947.2155ms)\n  ✔ parallel\\test-async-local-storage-contexts.js (5590.3801ms)\n  ✔ parallel\\test-async-local-storage-deep-stack.js (5010.0553ms)\n  ✔ parallel\\test-async-local-storage-exit-does-not-leak.js (5547.3197ms)\n  ✔ parallel\\test-async-local-storage-http-multiclients.js (5225.0818ms)\n  ✔ parallel\\test-async-local-storage-snapshot.js (5007.9847ms)\n▶ AsyncContextFrame (6422.0165ms)\nℹ tests 23\nℹ suites 1\nℹ pass 22\nℹ fail 1\nℹ cancelled 0\nℹ skipped 0\nℹ todo 0\nℹ duration_ms 6440.5811\n\n✖ failing tests:\n\ntest at test\\parallel\\test-async-context-frame.mjs:48:5\n✖ async-hooks\\test-async-local-storage-async-functions.js (5286.5019ms)\n  AssertionError [ERR_ASSERTION]: Test async-hooks\\test-async-local-storage-async-functions.js failed with exit code 3221225477\n      at TestContext.<anonymous> (file:///C:/workspace/node-test-binary-windows-js-suites/node/test/parallel/test-async-context-frame.mjs:58:7)\n      at process.processTicksAndRejections (node:internal/process/task_queues:105:5)\n      at async Test.run (node:internal/test_runner/test:888:9)\n      at async Promise.all (index 2)\n      at async Suite.run (node:internal/test_runner/test:1268:7)\n      at async startSubtestAfterBootstrap (node:internal/test_runner/harness:280:3) {\n    generatedMessage: false,\n    code: 'ERR_ASSERTION',\n    actual: 3221225477,\n    expected: 0,\n    operator: 'strictEqual'\n  }"},"time":6924.067,"fullname":"parallel/test-async-context-frame","closingTestPoint":false}}]}