{"failedTests":[{"testName":"parallel/test-runner-watch-mode","timestamp":1725613445087,"status":"FAILED","jobName":"node-test-binary-windows-js-suites","config":"node-test-binary-windows-js-suites » 0,win10-COMPILED_BY-vs2022 #30018","buildUrl":"https://ci.nodejs.org/job/node-test-binary-windows-js-suites/RUN_SUBSET=0,nodes=win10-COMPILED_BY-vs2022/30018/","buildNumber":30018,"builtOn":"test-azure_msft-win10_vs2019-x64-1","nodeVersion":"23.0.0","commitHash":"b88feadc6cf8b57021602af9d82851bf4e9c7f19","callStack":[{"upstreamBuild":65603,"upstreamProject":"node-test-commit-windows-fanned","upstreamUrl":"job/node-test-commit-windows-fanned/"},{"upstreamBuild":74050,"upstreamProject":"node-test-commit","upstreamUrl":"job/node-test-commit/"},{"upstreamBuild":62042,"upstreamProject":"node-test-pull-request","upstreamUrl":"job/node-test-pull-request/"},{"prId":"53978"}],"tap":{"ok":false,"name":"parallel/test-runner-watch-mode","id":903,"buffered":false,"tapError":null,"skip":false,"todo":": Fix flaky test","previous":null,"plan":null,"diag":{"severity":"fail","exitcode":1,"stack":"timeout\n▶ test runner watch mode\n  ✖ should run tests repeatedly (9092.0323ms)\n    AssertionError [ERR_ASSERTION]: The input did not match the regular expression /tests 1/. Input:\n    \n    '✔ test has ran (31.3193ms)\\n' +\n      '✖ c:\\\\workspace\\\\node-test-binary-windows-js-suites\\\\node\\\\test\\\\.tmp.687\\\\test.js (1065.209ms)\\n' +\n      \"  'test failed'\\n\" +\n      '\\n' +\n      '✔ test has ran (18.954ms)\\n' +\n      '✖ c:\\\\workspace\\\\node-test-binary-windows-js-suites\\\\node\\\\test\\\\.tmp.687\\\\test.js (907.1452ms)\\n' +\n      '  Error: kill EPERM\\n' +\n      '      at ChildProcess.kill (node:internal/child_process:512:26)\\n' +\n      '      at restartTestFile (node:internal/test_runner/runner:460:22)\\n' +\n      '      at node:internal/test_runner/runner:502:15\\n' +\n      '      at node:internal/per_context/primordials:550:39\\n' +\n      '      at new Promise (<anonymous>)\\n' +\n      '      at node:internal/per_context/primordials:541:3\\n' +\n      '      at FilesWatcher.<anonymous> (node:internal/test_runner/runner:497:28)\\n' +\n      '      at FilesWatcher.emit (node:events:520:28)\\n' +\n      '      at Timeout._onTimeout (node:internal/watch_mode/files_watcher:96:12)\\n' +\n      '      at listOnTimeout (node:internal/timers:614:17) {\\n' +\n      '    errno: -4048,\\n' +\n      \"    code: 'EPERM',\\n\" +\n      \"    syscall: 'kill'\\n\" +\n      '  }\\n' +\n      '\\n' +\n      '✔ test has ran (18.3258ms)\\n' +\n      '✖ c:\\\\workspace\\\\node-test-binary-windows-js-suites\\\\node\\\\test\\\\.tmp.687\\\\test.js (1062.6042ms)\\n' +\n      \"  'test failed'\\n\" +\n      '\\n' +\n      '✖ c:\\\\workspace\\\\node-test-binary-windows-js-suites\\\\node\\\\test\\\\.tmp.687\\\\test.js (1019.6572ms)\\n' +\n      \"  'test failed'\\n\" +\n      '\\n' +\n      '✔ test has ran (10.206ms)\\n' +\n      'ℹ tests 8\\n' +\n      'ℹ suites 0\\n' +\n      'ℹ pass 4\\n' +\n      'ℹ fail 4\\n' +\n      'ℹ cancelled 0\\n' +\n      'ℹ skipped 0\\n' +\n      'ℹ todo 0\\n' +\n      'ℹ duration_ms 1269.218\\n'\n    \n        at testUpdate (file:///c:/workspace/node-test-binary-windows-js-suites/node/test/parallel/test-runner-watch-mode.mjs:80:14)\n        at process.processTicksAndRejections (node:internal/process/task_queues:105:5)\n        at async testWatch (file:///c:/workspace/node-test-binary-windows-js-suites/node/test/parallel/test-runner-watch-mode.mjs:161:26)\n        at async TestContext.<anonymous> (file:///c:/workspace/node-test-binary-windows-js-suites/node/test/parallel/test-runner-watch-mode.mjs:170:5)\n        at async Test.run (node:internal/test_runner/test:888:9)\n        at async Promise.all (index 0)\n        at async Suite.run (node:internal/test_runner/test:1268:7)\n        at async startSubtestAfterBootstrap (node:internal/test_runner/harness:280:3) {\n      generatedMessage: true,\n      code: 'ERR_ASSERTION',\n      actual: \"✔ test has ran (31.3193ms)\\n✖ c:\\\\workspace\\\\node-test-binary-windows-js-suites\\\\node\\\\test\\\\.tmp.687\\\\test.js (1065.209ms)\\n  'test failed'\\n\\n✔ test has ran (18.954ms)\\n✖ c:\\\\workspace\\\\node-test-binary-windows-js-suites\\\\node\\\\test\\\\.tmp.687\\\\test.js (907.1452ms)\\n  Error: kill EPERM\\n      at ChildProcess.kill (node:internal/child_process:512:26)\\n      at restartTestFile (node:internal/test_runner/runner:460:22)\\n      at node:internal/test_runner/runner:502:15\\n...\",\n      expected: /tests 1/,\n      operator: 'match'\n    }\n\n  ✔ should run tests with dependency repeatedly (4064.5213ms)"},"time":122507.896,"fullname":"parallel/test-runner-watch-mode","closingTestPoint":false}}]}