{"failedTests":[{"testName":"parallel/test-runner-run-watch","timestamp":1725633183615,"status":"FAILED","jobName":"node-test-binary-windows-js-suites","config":"node-test-binary-windows-js-suites » 2,win10-COMPILED_BY-vs2022 #30027","buildUrl":"https://ci.nodejs.org/job/node-test-binary-windows-js-suites/RUN_SUBSET=2,nodes=win10-COMPILED_BY-vs2022/30027/","buildNumber":30027,"builtOn":"test-azure_msft-win10_vs2019-x64-1","nodeVersion":"23.0.0","commitHash":"ba1665027a1258824ac33abfc8c382c7ab398311","callStack":[{"upstreamBuild":65612,"upstreamProject":"node-test-commit-windows-fanned","upstreamUrl":"job/node-test-commit-windows-fanned/"},{"upstreamBuild":74065,"upstreamProject":"node-test-commit","upstreamUrl":"job/node-test-commit/"},{"upstreamBuild":62056,"upstreamProject":"node-test-pull-request","upstreamUrl":"job/node-test-pull-request/"},{"prId":"54552"}],"tap":{"ok":false,"name":"parallel/test-runner-run-watch","id":904,"buffered":false,"tapError":null,"skip":false,"todo":false,"previous":null,"plan":null,"diag":{"severity":"fail","exitcode":1,"stack":"timeout\n▶ test runner watch mode\n  ✖ should run tests repeatedly (15577.165ms)\n    AssertionError [ERR_ASSERTION]: The input did not match the regular expression /pass 1/. Input:\n    \n    '# Subtest: test.js\\n' +\n      'not ok 2 - test.js\\n' +\n      '  ---\\n' +\n      '  duration_ms: 1120.7108\\n' +\n      \"  location: 'c:\\\\\\\\workspace\\\\\\\\node-test-binary-windows-js-suites\\\\\\\\node\\\\\\\\test\\\\\\\\.tmp.685\\\\\\\\test.js:1:1'\\n\" +\n      \"  failureType: 'testCodeFailure'\\n\" +\n      '  exitCode: ~\\n' +\n      \"  signal: 'SIGTERM'\\n\" +\n      \"  error: 'test failed'\\n\" +\n      \"  code: 'ERR_TEST_FAILURE'\\n\" +\n      '  ...\\n' +\n      '# Subtest: test.js\\n' +\n      'not ok 3 - test.js\\n' +\n      '  ---\\n' +\n      '  duration_ms: 1003.7526\\n' +\n      \"  location: 'c:\\\\\\\\workspace\\\\\\\\node-test-binary-windows-js-suites\\\\\\\\node\\\\\\\\test\\\\\\\\.tmp.685\\\\\\\\test.js:1:1'\\n\" +\n      \"  failureType: 'testCodeFailure'\\n\" +\n      '  exitCode: ~\\n' +\n      \"  signal: 'SIGTERM'\\n\" +\n      \"  error: 'test failed'\\n\" +\n      \"  code: 'ERR_TEST_FAILURE'\\n\" +\n      '  ...\\n' +\n      '# Subtest: test.js\\n' +\n      'not ok 4 - test.js\\n' +\n      '  ---\\n' +\n      '  duration_ms: 1017.9739\\n' +\n      \"  location: 'c:\\\\\\\\workspace\\\\\\\\node-test-binary-windows-js-suites\\\\\\\\node\\\\\\\\test\\\\\\\\.tmp.685\\\\\\\\test.js:1:1'\\n\" +\n      \"  failureType: 'testCodeFailure'\\n\" +\n      '  exitCode: ~\\n' +\n      \"  signal: 'SIGTERM'\\n\" +\n      \"  error: 'test failed'\\n\" +\n      \"  code: 'ERR_TEST_FAILURE'\\n\" +\n      '  ...\\n' +\n      '# Subtest: test.js\\n' +\n      'not ok 5 - test.js\\n' +\n      '  ---\\n' +\n      '  duration_ms: 1206.9432\\n' +\n      \"  location: 'c:\\\\\\\\workspace\\\\\\\\node-test-binary-windows-js-suites\\\\\\\\node\\\\\\\\test\\\\\\\\.tmp.685\\\\\\\\test.js:1:1'\\n\" +\n      \"  failureType: 'testCodeFailure'\\n\" +\n      '  exitCode: ~\\n' +\n      \"  signal: 'SIGTERM'\\n\" +\n      \"  error: 'test failed'\\n\" +\n      \"  code: 'ERR_TEST_FAILURE'\\n\" +\n      '  ...\\n' +\n      '# Subtest: test.js\\n' +\n      'not ok 6 - test.js\\n' +\n      '  ---\\n' +\n      '  duration_ms: 760.9195\\n' +\n      \"  location: 'c:\\\\\\\\workspace\\\\\\\\node-test-binary-windows-js-suites\\\\\\\\node\\\\\\\\test\\\\\\\\.tmp.685\\\\\\\\test.js:1:1'\\n\" +\n      \"  failureType: 'testCodeFailure'\\n\" +\n      '  exitCode: ~\\n' +\n      \"  signal: 'SIGTERM'\\n\" +\n      \"  error: 'test failed'\\n\" +\n      \"  code: 'ERR_TEST_FAILURE'\\n\" +\n      '  ...\\n' +\n      '# Subtest: test.js\\n' +\n      'not ok 7 - test.js\\n' +\n      '  ---\\n' +\n      '  duration_ms: 980.0589\\n' +\n      \"  location: 'c:\\\\\\\\workspace\\\\\\\\node-test-binary-windows-js-suites\\\\\\\\node\\\\\\\\test\\\\\\\\.tmp.685\\\\\\\\test.js:1:1'\\n\" +\n      \"  failureType: 'testCodeFailure'\\n\" +\n      '  exitCode: ~\\n' +\n      \"  signal: 'SIGTERM'\\n\" +\n      \"  error: 'test failed'\\n\" +\n      \"  code: 'ERR_TEST_FAILURE'\\n\" +\n      '  ...\\n' +\n      '# Subtest: test has ran\\n' +\n      'ok 7 - test has ran\\n' +\n      '  ---\\n' +\n      '  duration_ms: 27.2271\\n' +\n      '  ...\\n' +\n      '# Subtest: test.js\\n' +\n      'not ok 8 - test.js\\n' +\n      '  ---\\n' +\n      '  duration_ms: 1026.4181\\n' +\n      \"  location: 'c:\\\\\\\\workspace\\\\\\\\node-test-binary-windows-js-suites\\\\\\\\node\\\\\\\\test\\\\\\\\.tmp.685\\\\\\\\test.js:1:1'\\n\" +\n      \"  failureType: 'testCodeFailure'\\n\" +\n      '  exitCode: ~\\n' +\n      \"  signal: 'SIGTERM'\\n\" +\n      \"  error: 'test failed'\\n\" +\n      \"  code: 'ERR_TEST_FAILURE'\\n\" +\n      '  ...\\n' +\n      '# Subtest: test has ran\\n' +\n      'ok 9 - test has ran\\n' +\n      '  ---\\n' +\n      '  duration_ms: 26.5495\\n' +\n      '  ...\\n' +\n      '# Subtest: test.js\\n' +\n      'not ok 9 - test.js\\n' +\n      '  ---\\n' +\n      '  duration_ms: 1015.7045\\n' +\n      \"  location: 'c:\\\\\\\\workspace\\\\\\\\node-test-binary-windows-js-suites\\\\\\\\node\\\\\\\\test\\\\\\\\.tmp.685\\\\\\\\test.js:1:1'\\n\" +\n      \"  failureType: 'testCodeFailure'\\n\" +\n      '  exitCode: ~\\n' +\n      \"  signal: 'SIGTERM'\\n\" +\n      \"  error: 'test failed'\\n\" +\n      \"  code: 'ERR_TEST_FAILURE'\\n\" +\n      '  ...\\n' +\n      '# Subtest: test.js\\n' +\n      'not ok 10 - test.js\\n' +\n      '  ---\\n' +\n      '  duration_ms: 1069.8786\\n' +\n      \"  location: 'c:\\\\\\\\workspace\\\\\\\\node-test-binary-windows-js-suites\\\\\\\\node\\\\\\\\test\\\\\\\\.tmp.685\\\\\\\\test.js:1:1'\\n\" +\n      \"  failureType: 'testCodeFailure'\\n\" +\n      '  exitCode: ~\\n' +\n      \"  signal: 'SIGTERM'\\n\" +\n      \"  error: 'test failed'\\n\" +\n      \"  code: 'ERR_TEST_FAILURE'\\n\" +\n      '  ...\\n' +\n      '# Subtest: test.js\\n' +\n      'not ok 11 - test.js\\n' +\n      '  ---\\n' +\n      '  duration_ms: 940.9841\\n' +\n      \"  location: 'c:\\\\\\\\workspace\\\\\\\\node-test-binary-windows-js-suites\\\\\\\\node\\\\\\\\test\\\\\\\\.tmp.685\\\\\\\\test.js:1:1'\\n\" +\n      \"  failureType: 'testCodeFailure'\\n\" +\n      '  exitCode: ~\\n' +\n      \"  signal: 'SIGTERM'\\n\" +\n      \"  error: 'test failed'\\n\" +\n      \"  code: 'ERR_TEST_FAILURE'\\n\" +\n      '  ...\\n' +\n      '# Subtest: test has ran\\n' +\n      'ok 13 - test has ran\\n' +\n      '  ---\\n' +\n      '  duration_ms: 11.0686\\n' +\n      '  ...\\n' +\n      '# Subtest: test.js\\n' +\n      'not ok 12 - test.js\\n' +\n      '  ---\\n' +\n      '  duration_ms: 997.0042\\n' +\n      \"  location: 'c:\\\\\\\\workspace\\\\\\\\node-test-binary-windows-js-suites\\\\\\\\node\\\\\\\\test\\\\\\\\.tmp.685\\\\\\\\test.js:1:1'\\n\" +\n      \"  failureType: 'testCodeFailure'\\n\" +\n      '  exitCode: ~\\n' +\n      \"  signal: 'SIGTERM'\\n\" +\n      \"  error: 'test failed'\\n\" +\n      \"  code: 'ERR_TEST_FAILURE'\\n\" +\n      '  ...\\n' +\n      '# Subtest: test has ran\\n' +\n      'ok 15 - test has ran\\n' +\n      '  ---\\n' +\n      '  duration_ms: 10.9455\\n' +\n      '  ...\\n' +\n      '1..15\\n' +\n      '# tests 15\\n' +\n      '# suites 0\\n' +\n      '# pass 4\\n' +\n      '# fail 11\\n' +\n      '# cancelled 0\\n' +\n      '# skipped 0\\n' +\n      '# todo 0\\n' +\n      '# duration_ms 1137.2737\\n'\n    \n        at testUpdate (file:///c:/workspace/node-test-binary-windows-js-suites/node/test/parallel/test-runner-run-watch.mjs:82:14)\n        at process.processTicksAndRejections (node:internal/process/task_queues:105:5)\n        at async testWatch (file:///c:/workspace/node-test-binary-windows-js-suites/node/test/parallel/test-runner-run-watch.mjs:173:26)\n        at async TestContext.<anonymous> (file:///c:/workspace/node-test-binary-windows-js-suites/node/test/parallel/test-runner-run-watch.mjs:183:5)\n        at async Test.run (node:internal/test_runner/test:888:9)\n        at async Promise.all (index 0)\n        at async Suite.run (node:internal/test_runner/test:1268:7)\n        at async startSubtestAfterBootstrap (node:internal/test_runner/harness:280:3) {\n      generatedMessage: true,\n      code: 'ERR_ASSERTION',\n      actual: \"# Subtest: test.js\\nnot ok 2 - test.js\\n  ---\\n  duration_ms: 1120.7108\\n  location: 'c:\\\\\\\\workspace\\\\\\\\node-test-binary-windows-js-suites\\\\\\\\node\\\\\\\\test\\\\\\\\.tmp.685\\\\\\\\test.js:1:1'\\n  failureType: 'testCodeFailure'\\n  exitCode: ~\\n  signal: 'SIGTERM'\\n  error: 'test failed'\\n  code: 'ERR_TEST_FAILURE'\\n...\",\n      expected: /pass 1/,\n      operator: 'match'\n    }"},"time":123555.976,"fullname":"parallel/test-runner-run-watch","closingTestPoint":false}},{"testName":"parallel/test-async-context-frame","timestamp":1725633183615,"status":"REGRESSION","jobName":"node-test-binary-windows-js-suites","config":"node-test-binary-windows-js-suites » 2,win2019-COMPILED_BY-vs2022 #30027","buildUrl":"https://ci.nodejs.org/job/node-test-binary-windows-js-suites/RUN_SUBSET=2,nodes=win2019-COMPILED_BY-vs2022/30027/","buildNumber":30027,"builtOn":"test-rackspace-win2019_vs2019-x64-4","nodeVersion":"23.0.0","commitHash":"ba1665027a1258824ac33abfc8c382c7ab398311","callStack":[{"upstreamBuild":65612,"upstreamProject":"node-test-commit-windows-fanned","upstreamUrl":"job/node-test-commit-windows-fanned/"},{"upstreamBuild":74065,"upstreamProject":"node-test-commit","upstreamUrl":"job/node-test-commit/"},{"upstreamBuild":62056,"upstreamProject":"node-test-pull-request","upstreamUrl":"job/node-test-pull-request/"},{"prId":"54552"}],"tap":{"ok":false,"name":"parallel/test-async-context-frame","id":109,"buffered":false,"tapError":null,"skip":false,"todo":false,"previous":null,"plan":null,"diag":{"severity":"fail","exitcode":1,"stack":"▶ AsyncContextFrame\n  ✔ async-hooks\\test-async-local-storage-args.js (5433.4664ms)\n  ✖ async-hooks\\test-async-local-storage-async-await.js (6256.9448ms)\n    AssertionError [ERR_ASSERTION]: Test async-hooks\\test-async-local-storage-async-await.js failed with exit code 3221225477\n        at TestContext.<anonymous> (file:///C:/workspace/node-test-binary-windows-js-suites/node/test/parallel/test-async-context-frame.mjs:58:7)\n        at process.processTicksAndRejections (node:internal/process/task_queues:105:5)\n        at async Test.run (node:internal/test_runner/test:888:9)\n        at async Promise.all (index 1)\n        at async Suite.run (node:internal/test_runner/test:1268:7)\n        at async startSubtestAfterBootstrap (node:internal/test_runner/harness:280:3) {\n      generatedMessage: false,\n      code: 'ERR_ASSERTION',\n      actual: 3221225477,\n      expected: 0,\n      operator: 'strictEqual'\n    }\n\n  ✔ async-hooks\\test-async-local-storage-async-functions.js (6009.1023ms)\n  ✔ async-hooks\\test-async-local-storage-dgram.js (6157.2102ms)\n  ✔ async-hooks\\test-async-local-storage-enable-disable.js (6618.3197ms)\n  ✔ async-hooks\\test-async-local-storage-enter-with.js (6554.5169ms)\n  ✔ async-hooks\\test-async-local-storage-errors.js (6702.0245ms)\n  ✔ async-hooks\\test-async-local-storage-gcable.js (5744.9005ms)\n  ✔ async-hooks\\test-async-local-storage-http-agent.js (6365.1794ms)\n  ✔ async-hooks\\test-async-local-storage-http.js (6336.2371ms)\n  ✔ async-hooks\\test-async-local-storage-misc-stores.js (5830.802ms)\n  ✔ async-hooks\\test-async-local-storage-nested.js (6368.6266ms)\n  ✔ async-hooks\\test-async-local-storage-no-mix-contexts.js (7016.9283ms)\n  ✔ async-hooks\\test-async-local-storage-promises.js (5411.6089ms)\n  ✔ async-hooks\\test-async-local-storage-socket.js (6316.02ms)\n  ✔ async-hooks\\test-async-local-storage-thenable.js (6616.9935ms)\n  ✔ async-hooks\\test-async-local-storage-tlssocket.js (6118.4384ms)\n  ✔ parallel\\test-async-local-storage-bind.js (5867.9179ms)\n  ✔ parallel\\test-async-local-storage-contexts.js (5785.661ms)\n  ✔ parallel\\test-async-local-storage-deep-stack.js (6093.4418ms)\n  ✔ parallel\\test-async-local-storage-exit-does-not-leak.js (6571.3827ms)\n  ✔ parallel\\test-async-local-storage-http-multiclients.js (5908.0806ms)\n  ✔ parallel\\test-async-local-storage-snapshot.js (6053.3549ms)\n▶ AsyncContextFrame (7444.4957ms)\nℹ tests 23\nℹ suites 1\nℹ pass 22\nℹ fail 1\nℹ cancelled 0\nℹ skipped 0\nℹ todo 0\nℹ duration_ms 7466.8987\n\n✖ failing tests:\n\ntest at test\\parallel\\test-async-context-frame.mjs:48:5\n✖ async-hooks\\test-async-local-storage-async-await.js (6256.9448ms)\n  AssertionError [ERR_ASSERTION]: Test async-hooks\\test-async-local-storage-async-await.js failed with exit code 3221225477\n      at TestContext.<anonymous> (file:///C:/workspace/node-test-binary-windows-js-suites/node/test/parallel/test-async-context-frame.mjs:58:7)\n      at process.processTicksAndRejections (node:internal/process/task_queues:105:5)\n      at async Test.run (node:internal/test_runner/test:888:9)\n      at async Promise.all (index 1)\n      at async Suite.run (node:internal/test_runner/test:1268:7)\n      at async startSubtestAfterBootstrap (node:internal/test_runner/harness:280:3) {\n    generatedMessage: false,\n    code: 'ERR_ASSERTION',\n    actual: 3221225477,\n    expected: 0,\n    operator: 'strictEqual'\n  }"},"time":7994.408,"fullname":"parallel/test-async-context-frame","closingTestPoint":false}}]}