{"failedTests":[{"testName":"parallel/test-worker-arraybuffer-zerofill","timestamp":1725652302860,"status":"FAILED","jobName":"node-test-binary-windows-js-suites","config":"node-test-binary-windows-js-suites » 1,win2019-COMPILED_BY-vs2022 #30038","buildUrl":"https://ci.nodejs.org/job/node-test-binary-windows-js-suites/RUN_SUBSET=1,nodes=win2019-COMPILED_BY-vs2022/30038/","buildNumber":30038,"builtOn":"test-rackspace-win2019_vs2019-x64-3","nodeVersion":"23.0.0","commitHash":"ba1665027a1258824ac33abfc8c382c7ab398311","callStack":[{"upstreamBuild":65625,"upstreamProject":"node-test-commit-windows-fanned","upstreamUrl":"job/node-test-commit-windows-fanned/"},{"upstreamBuild":74085,"upstreamProject":"node-test-commit","upstreamUrl":"job/node-test-commit/"},{"upstreamBuild":62074,"upstreamProject":"node-test-pull-request","upstreamUrl":"job/node-test-pull-request/"},{"prId":"54552"}],"tap":{"ok":false,"name":"parallel/test-worker-arraybuffer-zerofill","id":1000,"buffered":false,"tapError":null,"skip":false,"todo":": Fix flaky test","previous":null,"plan":null,"diag":{"severity":"fail","exitcode":1,"stack":"timeout"},"time":120148.494,"fullname":"parallel/test-worker-arraybuffer-zerofill","closingTestPoint":false}},{"testName":"parallel/test-async-context-frame","timestamp":1725652302860,"status":"REGRESSION","jobName":"node-test-binary-windows-js-suites","config":"node-test-binary-windows-js-suites » 2,win2022-COMPILED_BY-vs2022 #30038","buildUrl":"https://ci.nodejs.org/job/node-test-binary-windows-js-suites/RUN_SUBSET=2,nodes=win2022-COMPILED_BY-vs2022/30038/","buildNumber":30038,"builtOn":"test-rackspace-win2022_vs2022-x64-2","nodeVersion":"23.0.0","commitHash":"ba1665027a1258824ac33abfc8c382c7ab398311","callStack":[{"upstreamBuild":65625,"upstreamProject":"node-test-commit-windows-fanned","upstreamUrl":"job/node-test-commit-windows-fanned/"},{"upstreamBuild":74085,"upstreamProject":"node-test-commit","upstreamUrl":"job/node-test-commit/"},{"upstreamBuild":62074,"upstreamProject":"node-test-pull-request","upstreamUrl":"job/node-test-pull-request/"},{"prId":"54552"}],"tap":{"ok":false,"name":"parallel/test-async-context-frame","id":110,"buffered":false,"tapError":null,"skip":false,"todo":false,"previous":null,"plan":null,"diag":{"severity":"fail","exitcode":1,"stack":"▶ AsyncContextFrame\n  ✔ async-hooks\\test-async-local-storage-args.js (4308.6664ms)\n  ✔ async-hooks\\test-async-local-storage-async-await.js (4537.5685ms)\n  ✔ async-hooks\\test-async-local-storage-async-functions.js (4481.1102ms)\n  ✔ async-hooks\\test-async-local-storage-dgram.js (4712.5257ms)\n  ✔ async-hooks\\test-async-local-storage-enable-disable.js (4596.6922ms)\n  ✔ async-hooks\\test-async-local-storage-enter-with.js (5505.9979ms)\n  ✔ async-hooks\\test-async-local-storage-errors.js (4520.5389ms)\n  ✔ async-hooks\\test-async-local-storage-gcable.js (4712.5809ms)\n  ✔ async-hooks\\test-async-local-storage-http-agent.js (5461.3803ms)\n  ✔ async-hooks\\test-async-local-storage-http.js (5070.0821ms)\n  ✔ async-hooks\\test-async-local-storage-misc-stores.js (5339.3479ms)\n  ✔ async-hooks\\test-async-local-storage-nested.js (5075.5344ms)\n  ✖ async-hooks\\test-async-local-storage-no-mix-contexts.js (4944.9446ms)\n    AssertionError [ERR_ASSERTION]: Test async-hooks\\test-async-local-storage-no-mix-contexts.js failed with exit code 3221225477\n        at TestContext.<anonymous> (file:///C:/workspace/node-test-binary-windows-js-suites/node/test/parallel/test-async-context-frame.mjs:58:7)\n        at process.processTicksAndRejections (node:internal/process/task_queues:105:5)\n        at async Test.run (node:internal/test_runner/test:888:9)\n        at async Promise.all (index 12)\n        at async Suite.run (node:internal/test_runner/test:1268:7)\n        at async startSubtestAfterBootstrap (node:internal/test_runner/harness:280:3) {\n      generatedMessage: false,\n      code: 'ERR_ASSERTION',\n      actual: 3221225477,\n      expected: 0,\n      operator: 'strictEqual'\n    }\n\n  ✔ async-hooks\\test-async-local-storage-promises.js (4535.7161ms)\n  ✔ async-hooks\\test-async-local-storage-socket.js (4966.8745ms)\n  ✔ async-hooks\\test-async-local-storage-thenable.js (4955.9185ms)\n  ✔ async-hooks\\test-async-local-storage-tlssocket.js (5423.5935ms)\n  ✔ parallel\\test-async-local-storage-bind.js (4773.9146ms)\n  ✔ parallel\\test-async-local-storage-contexts.js (4485.708ms)\n  ✔ parallel\\test-async-local-storage-deep-stack.js (4898.2978ms)\n  ✔ parallel\\test-async-local-storage-exit-does-not-leak.js (4517.0566ms)\n  ✔ parallel\\test-async-local-storage-http-multiclients.js (4871.8889ms)\n  ✔ parallel\\test-async-local-storage-snapshot.js (4840.4461ms)\n▶ AsyncContextFrame (6048.591ms)\nℹ tests 23\nℹ suites 1\nℹ pass 22\nℹ fail 1\nℹ cancelled 0\nℹ skipped 0\nℹ todo 0\nℹ duration_ms 6065.0878\n\n✖ failing tests:\n\ntest at test\\parallel\\test-async-context-frame.mjs:48:5\n✖ async-hooks\\test-async-local-storage-no-mix-contexts.js (4944.9446ms)\n  AssertionError [ERR_ASSERTION]: Test async-hooks\\test-async-local-storage-no-mix-contexts.js failed with exit code 3221225477\n      at TestContext.<anonymous> (file:///C:/workspace/node-test-binary-windows-js-suites/node/test/parallel/test-async-context-frame.mjs:58:7)\n      at process.processTicksAndRejections (node:internal/process/task_queues:105:5)\n      at async Test.run (node:internal/test_runner/test:888:9)\n      at async Promise.all (index 12)\n      at async Suite.run (node:internal/test_runner/test:1268:7)\n      at async startSubtestAfterBootstrap (node:internal/test_runner/harness:280:3) {\n    generatedMessage: false,\n    code: 'ERR_ASSERTION',\n    actual: 3221225477,\n    expected: 0,\n    operator: 'strictEqual'\n  }"},"time":6595.098,"fullname":"parallel/test-async-context-frame","closingTestPoint":false}},{"testName":"parallel/test-worker-arraybuffer-zerofill","timestamp":1725652302860,"status":"FAILED","jobName":"node-test-binary-windows-js-suites","config":"node-test-binary-windows-js-suites » 1,win2022-COMPILED_BY-vs2022 #30038","buildUrl":"https://ci.nodejs.org/job/node-test-binary-windows-js-suites/RUN_SUBSET=1,nodes=win2022-COMPILED_BY-vs2022/30038/","buildNumber":30038,"builtOn":"test-rackspace-win2022_vs2022-x64-5","nodeVersion":"23.0.0","commitHash":"ba1665027a1258824ac33abfc8c382c7ab398311","callStack":[{"upstreamBuild":65625,"upstreamProject":"node-test-commit-windows-fanned","upstreamUrl":"job/node-test-commit-windows-fanned/"},{"upstreamBuild":74085,"upstreamProject":"node-test-commit","upstreamUrl":"job/node-test-commit/"},{"upstreamBuild":62074,"upstreamProject":"node-test-pull-request","upstreamUrl":"job/node-test-pull-request/"},{"prId":"54552"}],"tap":{"ok":false,"name":"parallel/test-worker-arraybuffer-zerofill","id":999,"buffered":false,"tapError":null,"skip":false,"todo":": Fix flaky test","previous":null,"plan":null,"diag":{"severity":"fail","exitcode":1,"stack":"timeout"},"time":120251.369,"fullname":"parallel/test-worker-arraybuffer-zerofill","closingTestPoint":false}}]}