{"failedTests":[{"testName":"parallel/test-runner-run-watch","timestamp":1725641770305,"status":"REGRESSION","jobName":"node-test-binary-windows-js-suites","config":"node-test-binary-windows-js-suites » 2,win10-COMPILED_BY-vs2022 #30032","buildUrl":"https://ci.nodejs.org/job/node-test-binary-windows-js-suites/RUN_SUBSET=2,nodes=win10-COMPILED_BY-vs2022/30032/","buildNumber":30032,"builtOn":"test-azure_msft-win10_vs2019-x64-1","nodeVersion":"23.0.0","commitHash":"b17ef12f2371c7f19799d8762d09f27b8f62ea90","callStack":[{"upstreamBuild":65617,"upstreamProject":"node-test-commit-windows-fanned","upstreamUrl":"job/node-test-commit-windows-fanned/"},{"upstreamBuild":74073,"upstreamProject":"node-test-commit","upstreamUrl":"job/node-test-commit/"},{"upstreamBuild":62062,"upstreamProject":"node-test-pull-request","upstreamUrl":"job/node-test-pull-request/"},{"prId":"54802"}],"tap":{"ok":false,"name":"parallel/test-runner-run-watch","id":892,"buffered":false,"tapError":null,"skip":false,"todo":false,"previous":null,"plan":null,"diag":{"severity":"fail","exitcode":1,"stack":"timeout\n▶ test runner watch mode\n  ✖ should run tests repeatedly (8591.951ms)\n    AssertionError [ERR_ASSERTION]: The input did not match the regular expression /tests 1/. Input:\n    \n    '# Subtest: test.js\\n' +\n      'not ok 2 - test.js\\n' +\n      '  ---\\n' +\n      '  duration_ms: 1058.5596\\n' +\n      \"  location: 'c:\\\\\\\\workspace\\\\\\\\node-test-binary-windows-js-suites\\\\\\\\node\\\\\\\\test\\\\\\\\.tmp.685\\\\\\\\test.js:1:1'\\n\" +\n      \"  failureType: 'testCodeFailure'\\n\" +\n      '  exitCode: ~\\n' +\n      \"  signal: 'SIGTERM'\\n\" +\n      \"  error: 'test failed'\\n\" +\n      \"  code: 'ERR_TEST_FAILURE'\\n\" +\n      '  ...\\n' +\n      '# Subtest: test has ran\\n' +\n      'ok 2 - test has ran\\n' +\n      '  ---\\n' +\n      '  duration_ms: 10.3687\\n' +\n      '  ...\\n' +\n      '# Subtest: test.js\\n' +\n      'not ok 3 - test.js\\n' +\n      '  ---\\n' +\n      '  duration_ms: 1047.6468\\n' +\n      \"  location: 'c:\\\\\\\\workspace\\\\\\\\node-test-binary-windows-js-suites\\\\\\\\node\\\\\\\\test\\\\\\\\.tmp.685\\\\\\\\test.js:1:1'\\n\" +\n      \"  failureType: 'testCodeFailure'\\n\" +\n      '  exitCode: ~\\n' +\n      \"  signal: 'SIGTERM'\\n\" +\n      \"  error: 'test failed'\\n\" +\n      \"  code: 'ERR_TEST_FAILURE'\\n\" +\n      '  ...\\n' +\n      '# Subtest: test has ran\\n' +\n      'ok 4 - test has ran\\n' +\n      '  ---\\n' +\n      '  duration_ms: 10.3492\\n' +\n      '  ...\\n' +\n      '# Subtest: test.js\\n' +\n      'not ok 4 - test.js\\n' +\n      '  ---\\n' +\n      '  duration_ms: 965.0281\\n' +\n      \"  location: 'c:\\\\\\\\workspace\\\\\\\\node-test-binary-windows-js-suites\\\\\\\\node\\\\\\\\test\\\\\\\\.tmp.685\\\\\\\\test.js:1:1'\\n\" +\n      \"  failureType: 'testCodeFailure'\\n\" +\n      '  exitCode: ~\\n' +\n      \"  signal: 'SIGTERM'\\n\" +\n      \"  error: 'test failed'\\n\" +\n      \"  code: 'ERR_TEST_FAILURE'\\n\" +\n      '  ...\\n' +\n      '# Subtest: test has ran\\n' +\n      'ok 6 - test has ran\\n' +\n      '  ---\\n' +\n      '  duration_ms: 18.1201\\n' +\n      '  ...\\n' +\n      '# Subtest: test.js\\n' +\n      'not ok 5 - test.js\\n' +\n      '  ---\\n' +\n      '  duration_ms: 1028.1982\\n' +\n      \"  location: 'c:\\\\\\\\workspace\\\\\\\\node-test-binary-windows-js-suites\\\\\\\\node\\\\\\\\test\\\\\\\\.tmp.685\\\\\\\\test.js:1:1'\\n\" +\n      \"  failureType: 'testCodeFailure'\\n\" +\n      '  exitCode: ~\\n' +\n      \"  signal: 'SIGTERM'\\n\" +\n      \"  error: 'test failed'\\n\" +\n      \"  code: 'ERR_TEST_FAILURE'\\n\" +\n      '  ...\\n' +\n      '# Subtest: test has ran\\n' +\n      'ok 8 - test has ran\\n' +\n      '  ---\\n' +\n      '  duration_ms: 10.2334\\n' +\n      '  ...\\n' +\n      '1..8\\n' +\n      '# tests 8\\n' +\n      '# suites 0\\n' +\n      '# pass 4\\n' +\n      '# fail 4\\n' +\n      '# cancelled 0\\n' +\n      '# skipped 0\\n' +\n      '# todo 0\\n' +\n      '# duration_ms 1218.325\\n'\n    \n        at testUpdate (file:///c:/workspace/node-test-binary-windows-js-suites/node/test/parallel/test-runner-run-watch.mjs:81:14)\n        at process.processTicksAndRejections (node:internal/process/task_queues:105:5)\n        at async testWatch (file:///c:/workspace/node-test-binary-windows-js-suites/node/test/parallel/test-runner-run-watch.mjs:173:26)\n        at async TestContext.<anonymous> (file:///c:/workspace/node-test-binary-windows-js-suites/node/test/parallel/test-runner-run-watch.mjs:183:5)\n        at async Test.run (node:internal/test_runner/test:888:9)\n        at async Promise.all (index 0)\n        at async Suite.run (node:internal/test_runner/test:1268:7)\n        at async startSubtestAfterBootstrap (node:internal/test_runner/harness:280:3) {\n      generatedMessage: true,\n      code: 'ERR_ASSERTION',\n      actual: \"# Subtest: test.js\\nnot ok 2 - test.js\\n  ---\\n  duration_ms: 1058.5596\\n  location: 'c:\\\\\\\\workspace\\\\\\\\node-test-binary-windows-js-suites\\\\\\\\node\\\\\\\\test\\\\\\\\.tmp.685\\\\\\\\test.js:1:1'\\n  failureType: 'testCodeFailure'\\n  exitCode: ~\\n  signal: 'SIGTERM'\\n  error: 'test failed'\\n  code: 'ERR_TEST_FAILURE'\\n...\",\n      expected: /tests 1/,\n      operator: 'match'\n    }"},"time":121682.946,"fullname":"parallel/test-runner-run-watch","closingTestPoint":false}}]}