{"failedTests":[{"testName":"parallel/test-async-context-frame","timestamp":1725644090090,"status":"REGRESSION","jobName":"node-test-binary-windows-js-suites","config":"node-test-binary-windows-js-suites » 2,win2022-COMPILED_BY-vs2022 #30034","buildUrl":"https://ci.nodejs.org/job/node-test-binary-windows-js-suites/RUN_SUBSET=2,nodes=win2022-COMPILED_BY-vs2022/30034/","buildNumber":30034,"builtOn":"test-rackspace-win2022_vs2022-x64-5","nodeVersion":"23.0.0","commitHash":"3d83fe5a8fb3897cd1c5dbad4cc4bf9f3986b0fa","callStack":[{"upstreamBuild":65619,"upstreamProject":"node-test-commit-windows-fanned","upstreamUrl":"job/node-test-commit-windows-fanned/"},{"upstreamBuild":74076,"upstreamProject":"node-test-commit","upstreamUrl":"job/node-test-commit/"},{"upstreamBuild":62065,"upstreamProject":"node-test-pull-request","upstreamUrl":"job/node-test-pull-request/"},{"prId":"54643"}],"tap":{"ok":false,"name":"parallel/test-async-context-frame","id":111,"buffered":false,"tapError":null,"skip":false,"todo":false,"previous":null,"plan":null,"diag":{"severity":"fail","exitcode":1,"stack":"▶ AsyncContextFrame\n  ✔ async-hooks\\test-async-local-storage-args.js (3430.7537ms)\n  ✔ async-hooks\\test-async-local-storage-async-await.js (3726.7202ms)\n  ✔ async-hooks\\test-async-local-storage-async-functions.js (4655.4373ms)\n  ✔ async-hooks\\test-async-local-storage-dgram.js (3703.2796ms)\n  ✖ async-hooks\\test-async-local-storage-enable-disable.js (3998.5787ms)\n    AssertionError [ERR_ASSERTION]: Test async-hooks\\test-async-local-storage-enable-disable.js failed with exit code 3221225477\n        at TestContext.<anonymous> (file:///C:/workspace/node-test-binary-windows-js-suites/node/test/parallel/test-async-context-frame.mjs:58:7)\n        at process.processTicksAndRejections (node:internal/process/task_queues:105:5)\n        at async Test.run (node:internal/test_runner/test:888:9)\n        at async Promise.all (index 4)\n        at async Suite.run (node:internal/test_runner/test:1268:7)\n        at async startSubtestAfterBootstrap (node:internal/test_runner/harness:280:3) {\n      generatedMessage: false,\n      code: 'ERR_ASSERTION',\n      actual: 3221225477,\n      expected: 0,\n      operator: 'strictEqual'\n    }\n\n  ✔ async-hooks\\test-async-local-storage-enter-with.js (4044.2833ms)\n  ✔ async-hooks\\test-async-local-storage-errors.js (4033.477ms)\n  ✔ async-hooks\\test-async-local-storage-gcable.js (3580.1627ms)\n  ✔ async-hooks\\test-async-local-storage-http-agent.js (4889.7191ms)\n  ✔ async-hooks\\test-async-local-storage-http.js (4155.1424ms)\n  ✔ async-hooks\\test-async-local-storage-misc-stores.js (4578.3156ms)\n  ✔ async-hooks\\test-async-local-storage-nested.js (4820.0407ms)\n  ✔ async-hooks\\test-async-local-storage-no-mix-contexts.js (4881.1515ms)\n  ✔ async-hooks\\test-async-local-storage-promises.js (3506.9078ms)\n  ✔ async-hooks\\test-async-local-storage-socket.js (4910.5614ms)\n  ✔ async-hooks\\test-async-local-storage-thenable.js (4357.1995ms)\n  ✔ async-hooks\\test-async-local-storage-tlssocket.js (4060.6158ms)\n  ✔ parallel\\test-async-local-storage-bind.js (4460.0467ms)\n  ✔ parallel\\test-async-local-storage-contexts.js (3914.9626ms)\n  ✔ parallel\\test-async-local-storage-deep-stack.js (4261.8707ms)\n  ✔ parallel\\test-async-local-storage-exit-does-not-leak.js (4527.3997ms)\n  ✔ parallel\\test-async-local-storage-http-multiclients.js (4293.5556ms)\n  ✖ parallel\\test-async-local-storage-snapshot.js (3736.118ms)\n    AssertionError [ERR_ASSERTION]: Test parallel\\test-async-local-storage-snapshot.js failed with exit code 3221225477\n        at TestContext.<anonymous> (file:///C:/workspace/node-test-binary-windows-js-suites/node/test/parallel/test-async-context-frame.mjs:58:7)\n        at process.processTicksAndRejections (node:internal/process/task_queues:105:5)\n        at async Test.run (node:internal/test_runner/test:888:9)\n        at async Promise.all (index 22)\n        at async Suite.run (node:internal/test_runner/test:1268:7)\n        at async startSubtestAfterBootstrap (node:internal/test_runner/harness:280:3) {\n      generatedMessage: false,\n      code: 'ERR_ASSERTION',\n      actual: 3221225477,\n      expected: 0,\n      operator: 'strictEqual'\n    }\n\n▶ AsyncContextFrame (5665.2342ms)\nℹ tests 23\nℹ suites 1\nℹ pass 21\nℹ fail 2\nℹ cancelled 0\nℹ skipped 0\nℹ todo 0\nℹ duration_ms 5686.941\n\n✖ failing tests:\n\ntest at test\\parallel\\test-async-context-frame.mjs:48:5\n✖ async-hooks\\test-async-local-storage-enable-disable.js (3998.5787ms)\n  AssertionError [ERR_ASSERTION]: Test async-hooks\\test-async-local-storage-enable-disable.js failed with exit code 3221225477\n      at TestContext.<anonymous> (file:///C:/workspace/node-test-binary-windows-js-suites/node/test/parallel/test-async-context-frame.mjs:58:7)\n      at process.processTicksAndRejections (node:internal/process/task_queues:105:5)\n      at async Test.run (node:internal/test_runner/test:888:9)\n      at async Promise.all (index 4)\n      at async Suite.run (node:internal/test_runner/test:1268:7)\n      at async startSubtestAfterBootstrap (node:internal/test_runner/harness:280:3) {\n    generatedMessage: false,\n    code: 'ERR_ASSERTION',\n    actual: 3221225477,\n    expected: 0,\n    operator: 'strictEqual'\n  }\n\ntest at test\\parallel\\test-async-context-frame.mjs:48:5\n✖ parallel\\test-async-local-storage-snapshot.js (3736.118ms)\n  AssertionError [ERR_ASSERTION]: Test parallel\\test-async-local-storage-snapshot.js failed with exit code 3221225477\n      at TestContext.<anonymous> (file:///C:/workspace/node-test-binary-windows-js-suites/node/test/parallel/test-async-context-frame.mjs:58:7)\n      at process.processTicksAndRejections (node:internal/process/task_queues:105:5)\n      at async Test.run (node:internal/test_runner/test:888:9)\n      at async Promise.all (index 22)\n      at async Suite.run (node:internal/test_runner/test:1268:7)\n      at async startSubtestAfterBootstrap (node:internal/test_runner/harness:280:3) {\n    generatedMessage: false,\n    code: 'ERR_ASSERTION',\n    actual: 3221225477,\n    expected: 0,\n    operator: 'strictEqual'\n  }"},"time":6093.22,"fullname":"parallel/test-async-context-frame","closingTestPoint":false}}]}