{"failedTests":[{"testName":"parallel/test-async-context-frame","timestamp":1725695757828,"status":"FAILED","jobName":"node-test-binary-windows-js-suites","config":"node-test-binary-windows-js-suites » 2,win2022-COMPILED_BY-vs2022 #30053","buildUrl":"https://ci.nodejs.org/job/node-test-binary-windows-js-suites/RUN_SUBSET=2,nodes=win2022-COMPILED_BY-vs2022/30053/","buildNumber":30053,"builtOn":"test-rackspace-win2022_vs2022-x64-3","nodeVersion":"23.0.0","commitHash":"dcc2ed944f641004c0339bf76db58ccfefedd138","callStack":[{"upstreamBuild":65644,"upstreamProject":"node-test-commit-windows-fanned","upstreamUrl":"job/node-test-commit-windows-fanned/"},{"upstreamBuild":74107,"upstreamProject":"node-test-commit","upstreamUrl":"job/node-test-commit/"},{"upstreamBuild":3528,"upstreamProject":"node-daily-master","upstreamUrl":"job/node-daily-master/"}],"tap":{"ok":false,"name":"parallel/test-async-context-frame","id":109,"buffered":false,"tapError":null,"skip":false,"todo":": Fix flaky test","previous":null,"plan":null,"diag":{"severity":"flaky","exitcode":1,"stack":"▶ AsyncContextFrame\n  ✔ async-hooks\\test-async-local-storage-args.js (4909.4458ms)\n  ✔ async-hooks\\test-async-local-storage-async-await.js (5130.0863ms)\n  ✔ async-hooks\\test-async-local-storage-async-functions.js (4613.2369ms)\n  ✔ async-hooks\\test-async-local-storage-dgram.js (4597.4549ms)\n  ✔ async-hooks\\test-async-local-storage-enable-disable.js (4596.3796ms)\n  ✖ async-hooks\\test-async-local-storage-enter-with.js (4854.0669ms)\n    AssertionError [ERR_ASSERTION]: Test async-hooks\\test-async-local-storage-enter-with.js failed with exit code 3221225477\n        at TestContext.<anonymous> (file:///C:/workspace/node-test-binary-windows-js-suites/node/test/parallel/test-async-context-frame.mjs:58:7)\n        at process.processTicksAndRejections (node:internal/process/task_queues:105:5)\n        at async Test.run (node:internal/test_runner/test:888:9)\n        at async Promise.all (index 5)\n        at async Suite.run (node:internal/test_runner/test:1268:7)\n        at async startSubtestAfterBootstrap (node:internal/test_runner/harness:280:3) {\n      generatedMessage: false,\n      code: 'ERR_ASSERTION',\n      actual: 3221225477,\n      expected: 0,\n      operator: 'strictEqual'\n    }\n\n  ✔ async-hooks\\test-async-local-storage-errors.js (4789.0061ms)\n  ✔ async-hooks\\test-async-local-storage-gcable.js (5007.9562ms)\n  ✔ async-hooks\\test-async-local-storage-http-agent.js (5393.9698ms)\n  ✔ async-hooks\\test-async-local-storage-http.js (4425.3211ms)\n  ✔ async-hooks\\test-async-local-storage-misc-stores.js (4971.138ms)\n  ✔ async-hooks\\test-async-local-storage-nested.js (5014.7788ms)\n  ✔ async-hooks\\test-async-local-storage-no-mix-contexts.js (5009.1609ms)\n  ✔ async-hooks\\test-async-local-storage-promises.js (5349.9224ms)\n  ✔ async-hooks\\test-async-local-storage-socket.js (5228.8903ms)\n  ✖ async-hooks\\test-async-local-storage-thenable.js (4151.9116ms)\n    AssertionError [ERR_ASSERTION]: Test async-hooks\\test-async-local-storage-thenable.js failed with exit code 3221225477\n        at TestContext.<anonymous> (file:///C:/workspace/node-test-binary-windows-js-suites/node/test/parallel/test-async-context-frame.mjs:58:7)\n        at process.processTicksAndRejections (node:internal/process/task_queues:105:5)\n        at async Test.run (node:internal/test_runner/test:888:9)\n        at async Promise.all (index 15)\n        at async Suite.run (node:internal/test_runner/test:1268:7)\n        at async startSubtestAfterBootstrap (node:internal/test_runner/harness:280:3) {\n      generatedMessage: false,\n      code: 'ERR_ASSERTION',\n      actual: 3221225477,\n      expected: 0,\n      operator: 'strictEqual'\n    }\n\n  ✔ async-hooks\\test-async-local-storage-tlssocket.js (5499.6052ms)\n  ✔ parallel\\test-async-local-storage-bind.js (5500.7745ms)\n  ✔ parallel\\test-async-local-storage-contexts.js (5310.3598ms)\n  ✔ parallel\\test-async-local-storage-deep-stack.js (4839.7817ms)\n  ✔ parallel\\test-async-local-storage-exit-does-not-leak.js (4294.3622ms)\n  ✔ parallel\\test-async-local-storage-http-multiclients.js (5312.0879ms)\n  ✔ parallel\\test-async-local-storage-snapshot.js (5106.729ms)\n▶ AsyncContextFrame (6024.5915ms)\nℹ tests 23\nℹ suites 1\nℹ pass 21\nℹ fail 2\nℹ cancelled 0\nℹ skipped 0\nℹ todo 0\nℹ duration_ms 6041.7751\n\n✖ failing tests:\n\ntest at test\\parallel\\test-async-context-frame.mjs:48:5\n✖ async-hooks\\test-async-local-storage-enter-with.js (4854.0669ms)\n  AssertionError [ERR_ASSERTION]: Test async-hooks\\test-async-local-storage-enter-with.js failed with exit code 3221225477\n      at TestContext.<anonymous> (file:///C:/workspace/node-test-binary-windows-js-suites/node/test/parallel/test-async-context-frame.mjs:58:7)\n      at process.processTicksAndRejections (node:internal/process/task_queues:105:5)\n      at async Test.run (node:internal/test_runner/test:888:9)\n      at async Promise.all (index 5)\n      at async Suite.run (node:internal/test_runner/test:1268:7)\n      at async startSubtestAfterBootstrap (node:internal/test_runner/harness:280:3) {\n    generatedMessage: false,\n    code: 'ERR_ASSERTION',\n    actual: 3221225477,\n    expected: 0,\n    operator: 'strictEqual'\n  }\n\ntest at test\\parallel\\test-async-context-frame.mjs:48:5\n✖ async-hooks\\test-async-local-storage-thenable.js (4151.9116ms)\n  AssertionError [ERR_ASSERTION]: Test async-hooks\\test-async-local-storage-thenable.js failed with exit code 3221225477\n      at TestContext.<anonymous> (file:///C:/workspace/node-test-binary-windows-js-suites/node/test/parallel/test-async-context-frame.mjs:58:7)\n      at process.processTicksAndRejections (node:internal/process/task_queues:105:5)\n      at async Test.run (node:internal/test_runner/test:888:9)\n      at async Promise.all (index 15)\n      at async Suite.run (node:internal/test_runner/test:1268:7)\n      at async startSubtestAfterBootstrap (node:internal/test_runner/harness:280:3) {\n    generatedMessage: false,\n    code: 'ERR_ASSERTION',\n    actual: 3221225477,\n    expected: 0,\n    operator: 'strictEqual'\n  }"},"time":6511.191,"fullname":"parallel/test-async-context-frame","closingTestPoint":false}},{"testName":"parallel/test-worker-arraybuffer-zerofill","timestamp":1725695757828,"status":"FAILED","jobName":"node-test-binary-windows-js-suites","config":"node-test-binary-windows-js-suites » 1,win2019-COMPILED_BY-vs2022 #30053","buildUrl":"https://ci.nodejs.org/job/node-test-binary-windows-js-suites/RUN_SUBSET=1,nodes=win2019-COMPILED_BY-vs2022/30053/","buildNumber":30053,"builtOn":"test-rackspace-win2019_vs2019-x64-2","nodeVersion":"23.0.0","commitHash":"dcc2ed944f641004c0339bf76db58ccfefedd138","callStack":[{"upstreamBuild":65644,"upstreamProject":"node-test-commit-windows-fanned","upstreamUrl":"job/node-test-commit-windows-fanned/"},{"upstreamBuild":74107,"upstreamProject":"node-test-commit","upstreamUrl":"job/node-test-commit/"},{"upstreamBuild":3528,"upstreamProject":"node-daily-master","upstreamUrl":"job/node-daily-master/"}],"tap":{"ok":false,"name":"parallel/test-worker-arraybuffer-zerofill","id":1000,"buffered":false,"tapError":null,"skip":false,"todo":": Fix flaky test","previous":null,"plan":null,"diag":{"severity":"fail","exitcode":1,"stack":"timeout"},"time":120222.632,"fullname":"parallel/test-worker-arraybuffer-zerofill","closingTestPoint":false}}]}