{"failedTests":[{"testName":"parallel/test-async-context-frame","timestamp":1725752653176,"status":"REGRESSION","jobName":"node-test-binary-windows-js-suites","config":"node-test-binary-windows-js-suites » 2,win2022-COMPILED_BY-vs2022 #30078","buildUrl":"https://ci.nodejs.org/job/node-test-binary-windows-js-suites/RUN_SUBSET=2,nodes=win2022-COMPILED_BY-vs2022/30078/","buildNumber":30078,"builtOn":"test-rackspace-win2022_vs2022-x64-5","nodeVersion":"23.0.0","commitHash":"3ae1ea04e561a95fbd96d6f1e721a9191417e985","callStack":[{"upstreamBuild":65673,"upstreamProject":"node-test-commit-windows-fanned","upstreamUrl":"job/node-test-commit-windows-fanned/"},{"upstreamBuild":74143,"upstreamProject":"node-test-commit","upstreamUrl":"job/node-test-commit/"},{"upstreamBuild":62142,"upstreamProject":"node-test-pull-request","upstreamUrl":"job/node-test-pull-request/"},{"prId":"54790"}],"tap":{"ok":false,"name":"parallel/test-async-context-frame","id":109,"buffered":false,"tapError":null,"skip":false,"todo":false,"previous":null,"plan":null,"diag":{"severity":"fail","exitcode":1,"stack":"▶ AsyncContextFrame\n  ✔ async-hooks\\test-async-local-storage-args.js (4846.8346ms)\n  ✔ async-hooks\\test-async-local-storage-async-await.js (4042.0321ms)\n  ✔ async-hooks\\test-async-local-storage-async-functions.js (4916.4848ms)\n  ✔ async-hooks\\test-async-local-storage-dgram.js (4735.1719ms)\n  ✔ async-hooks\\test-async-local-storage-enable-disable.js (4320.9585ms)\n  ✔ async-hooks\\test-async-local-storage-enter-with.js (4955.9796ms)\n  ✔ async-hooks\\test-async-local-storage-errors.js (4960.4846ms)\n  ✔ async-hooks\\test-async-local-storage-gcable.js (4822.5087ms)\n  ✔ async-hooks\\test-async-local-storage-http-agent.js (4817.6137ms)\n  ✔ async-hooks\\test-async-local-storage-http.js (5073.6132ms)\n  ✔ async-hooks\\test-async-local-storage-misc-stores.js (4692.0685ms)\n  ✔ async-hooks\\test-async-local-storage-nested.js (4329.1465ms)\n  ✔ async-hooks\\test-async-local-storage-no-mix-contexts.js (4811.3221ms)\n  ✖ async-hooks\\test-async-local-storage-promises.js (4643.8282ms)\n    AssertionError [ERR_ASSERTION]: Test async-hooks\\test-async-local-storage-promises.js failed with exit code 3221225477\n        at TestContext.<anonymous> (file:///C:/workspace/node-test-binary-windows-js-suites/node/test/parallel/test-async-context-frame.mjs:58:7)\n        at process.processTicksAndRejections (node:internal/process/task_queues:105:5)\n        at async Test.run (node:internal/test_runner/test:888:9)\n        at async Promise.all (index 13)\n        at async Suite.run (node:internal/test_runner/test:1268:7)\n        at async startSubtestAfterBootstrap (node:internal/test_runner/harness:280:3) {\n      generatedMessage: false,\n      code: 'ERR_ASSERTION',\n      actual: 3221225477,\n      expected: 0,\n      operator: 'strictEqual'\n    }\n\n  ✔ async-hooks\\test-async-local-storage-socket.js (5158.1059ms)\n  ✔ async-hooks\\test-async-local-storage-thenable.js (4947.027ms)\n  ✔ async-hooks\\test-async-local-storage-tlssocket.js (4928.3668ms)\n  ✔ parallel\\test-async-local-storage-bind.js (4807.3438ms)\n  ✔ parallel\\test-async-local-storage-contexts.js (4841.1751ms)\n  ✔ parallel\\test-async-local-storage-deep-stack.js (4694.099ms)\n  ✔ parallel\\test-async-local-storage-exit-does-not-leak.js (4744.9948ms)\n  ✔ parallel\\test-async-local-storage-http-multiclients.js (4861.0912ms)\n  ✔ parallel\\test-async-local-storage-snapshot.js (4525.9514ms)\n▶ AsyncContextFrame (5556.6356ms)\nℹ tests 23\nℹ suites 1\nℹ pass 22\nℹ fail 1\nℹ cancelled 0\nℹ skipped 0\nℹ todo 0\nℹ duration_ms 5573.3776\n\n✖ failing tests:\n\ntest at test\\parallel\\test-async-context-frame.mjs:48:5\n✖ async-hooks\\test-async-local-storage-promises.js (4643.8282ms)\n  AssertionError [ERR_ASSERTION]: Test async-hooks\\test-async-local-storage-promises.js failed with exit code 3221225477\n      at TestContext.<anonymous> (file:///C:/workspace/node-test-binary-windows-js-suites/node/test/parallel/test-async-context-frame.mjs:58:7)\n      at process.processTicksAndRejections (node:internal/process/task_queues:105:5)\n      at async Test.run (node:internal/test_runner/test:888:9)\n      at async Promise.all (index 13)\n      at async Suite.run (node:internal/test_runner/test:1268:7)\n      at async startSubtestAfterBootstrap (node:internal/test_runner/harness:280:3) {\n    generatedMessage: false,\n    code: 'ERR_ASSERTION',\n    actual: 3221225477,\n    expected: 0,\n    operator: 'strictEqual'\n  }"},"time":6031.246,"fullname":"parallel/test-async-context-frame","closingTestPoint":false}}]}