{"failedTests":[{"testName":"parallel/test-async-context-frame","timestamp":1725736008316,"status":"FAILED","jobName":"node-test-binary-windows-js-suites","config":"node-test-binary-windows-js-suites » 2,win2022-COMPILED_BY-vs2022 #30070","buildUrl":"https://ci.nodejs.org/job/node-test-binary-windows-js-suites/RUN_SUBSET=2,nodes=win2022-COMPILED_BY-vs2022/30070/","buildNumber":30070,"builtOn":"test-rackspace-win2022_vs2022-x64-3","nodeVersion":"23.0.0","commitHash":"d0c3813aa8a262187a5edcf012d08ed2bfaaa7f4","callStack":[{"upstreamBuild":65662,"upstreamProject":"node-test-commit-windows-fanned","upstreamUrl":"job/node-test-commit-windows-fanned/"},{"upstreamBuild":74126,"upstreamProject":"node-test-commit","upstreamUrl":"job/node-test-commit/"},{"upstreamBuild":62112,"upstreamProject":"node-test-pull-request","upstreamUrl":"job/node-test-pull-request/"},{"prId":"54814"}],"tap":{"ok":false,"name":"parallel/test-async-context-frame","id":109,"buffered":false,"tapError":null,"skip":false,"todo":": Fix flaky test","previous":null,"plan":null,"diag":{"severity":"flaky","exitcode":1,"stack":"▶ AsyncContextFrame\n  ✔ async-hooks\\test-async-local-storage-args.js (4955.1684ms)\n  ✔ async-hooks\\test-async-local-storage-async-await.js (4670.6344ms)\n  ✔ async-hooks\\test-async-local-storage-async-functions.js (5128.9229ms)\n  ✖ async-hooks\\test-async-local-storage-dgram.js (4798.7336ms)\n    AssertionError [ERR_ASSERTION]: Test async-hooks\\test-async-local-storage-dgram.js failed with exit code 3221225477\n        at TestContext.<anonymous> (file:///C:/workspace/node-test-binary-windows-js-suites/node/test/parallel/test-async-context-frame.mjs:58:7)\n        at process.processTicksAndRejections (node:internal/process/task_queues:105:5)\n        at async Test.run (node:internal/test_runner/test:888:9)\n        at async Promise.all (index 3)\n        at async Suite.run (node:internal/test_runner/test:1268:7)\n        at async startSubtestAfterBootstrap (node:internal/test_runner/harness:280:3) {\n      generatedMessage: false,\n      code: 'ERR_ASSERTION',\n      actual: 3221225477,\n      expected: 0,\n      operator: 'strictEqual'\n    }\n\n  ✔ async-hooks\\test-async-local-storage-enable-disable.js (5186.1246ms)\n  ✔ async-hooks\\test-async-local-storage-enter-with.js (5096.0214ms)\n  ✔ async-hooks\\test-async-local-storage-errors.js (5320.3347ms)\n  ✔ async-hooks\\test-async-local-storage-gcable.js (4507.8062ms)\n  ✔ async-hooks\\test-async-local-storage-http-agent.js (5416.5091ms)\n  ✔ async-hooks\\test-async-local-storage-http.js (5482.0586ms)\n  ✔ async-hooks\\test-async-local-storage-misc-stores.js (4714.4907ms)\n  ✔ async-hooks\\test-async-local-storage-nested.js (4993.1619ms)\n  ✔ async-hooks\\test-async-local-storage-no-mix-contexts.js (5817.7751ms)\n  ✔ async-hooks\\test-async-local-storage-promises.js (5425.2081ms)\n  ✔ async-hooks\\test-async-local-storage-socket.js (5075.8868ms)\n  ✔ async-hooks\\test-async-local-storage-thenable.js (5001.9764ms)\n  ✔ async-hooks\\test-async-local-storage-tlssocket.js (5438.5563ms)\n  ✔ parallel\\test-async-local-storage-bind.js (4854.8283ms)\n  ✔ parallel\\test-async-local-storage-contexts.js (5067.8309ms)\n  ✔ parallel\\test-async-local-storage-deep-stack.js (4439.9294ms)\n  ✔ parallel\\test-async-local-storage-exit-does-not-leak.js (5247.934ms)\n  ✔ parallel\\test-async-local-storage-http-multiclients.js (5588.0897ms)\n  ✔ parallel\\test-async-local-storage-snapshot.js (5034.8422ms)\n▶ AsyncContextFrame (6130.0081ms)\nℹ tests 23\nℹ suites 1\nℹ pass 22\nℹ fail 1\nℹ cancelled 0\nℹ skipped 0\nℹ todo 0\nℹ duration_ms 6146.6791\n\n✖ failing tests:\n\ntest at test\\parallel\\test-async-context-frame.mjs:48:5\n✖ async-hooks\\test-async-local-storage-dgram.js (4798.7336ms)\n  AssertionError [ERR_ASSERTION]: Test async-hooks\\test-async-local-storage-dgram.js failed with exit code 3221225477\n      at TestContext.<anonymous> (file:///C:/workspace/node-test-binary-windows-js-suites/node/test/parallel/test-async-context-frame.mjs:58:7)\n      at process.processTicksAndRejections (node:internal/process/task_queues:105:5)\n      at async Test.run (node:internal/test_runner/test:888:9)\n      at async Promise.all (index 3)\n      at async Suite.run (node:internal/test_runner/test:1268:7)\n      at async startSubtestAfterBootstrap (node:internal/test_runner/harness:280:3) {\n    generatedMessage: false,\n    code: 'ERR_ASSERTION',\n    actual: 3221225477,\n    expected: 0,\n    operator: 'strictEqual'\n  }"},"time":6704.235,"fullname":"parallel/test-async-context-frame","closingTestPoint":false}}]}