{"failedTests":[{"testName":"parallel/test-async-context-frame","timestamp":1725752660160,"status":"REGRESSION","jobName":"node-test-binary-windows-js-suites","config":"node-test-binary-windows-js-suites » 2,win10-COMPILED_BY-vs2022 #30079","buildUrl":"https://ci.nodejs.org/job/node-test-binary-windows-js-suites/RUN_SUBSET=2,nodes=win10-COMPILED_BY-vs2022/30079/","buildNumber":30079,"builtOn":"test-azure_msft-win10_vs2019-x64-2","nodeVersion":"23.0.0","commitHash":"b88feadc6cf8b57021602af9d82851bf4e9c7f19","callStack":[{"upstreamBuild":65678,"upstreamProject":"node-test-commit-windows-fanned","upstreamUrl":"job/node-test-commit-windows-fanned/"},{"upstreamBuild":74151,"upstreamProject":"node-test-commit","upstreamUrl":"job/node-test-commit/"},{"upstreamBuild":62140,"upstreamProject":"node-test-pull-request","upstreamUrl":"job/node-test-pull-request/"},{"prId":"53978"}],"tap":{"ok":false,"name":"parallel/test-async-context-frame","id":95,"buffered":false,"tapError":null,"skip":false,"todo":false,"previous":null,"plan":null,"diag":{"severity":"fail","exitcode":1,"stack":"▶ AsyncContextFrame\n  ✔ async-hooks\\test-async-local-storage-args.js (4502.0166ms)\n  ✔ async-hooks\\test-async-local-storage-async-await.js (4190.7221ms)\n  ✔ async-hooks\\test-async-local-storage-async-functions.js (4731.7405ms)\n  ✔ async-hooks\\test-async-local-storage-dgram.js (4506.5331ms)\n  ✔ async-hooks\\test-async-local-storage-enable-disable.js (4765.4527ms)\n  ✔ async-hooks\\test-async-local-storage-enter-with.js (5205.3421ms)\n  ✔ async-hooks\\test-async-local-storage-errors.js (4582.9199ms)\n  ✔ async-hooks\\test-async-local-storage-gcable.js (4726.6064ms)\n  ✔ async-hooks\\test-async-local-storage-http-agent.js (4626.9833ms)\n  ✔ async-hooks\\test-async-local-storage-http.js (5290.8745ms)\n  ✔ async-hooks\\test-async-local-storage-misc-stores.js (4833.6489ms)\n  ✔ async-hooks\\test-async-local-storage-nested.js (5033.9752ms)\n  ✔ async-hooks\\test-async-local-storage-no-mix-contexts.js (5081.8449ms)\n  ✔ async-hooks\\test-async-local-storage-promises.js (4627.5061ms)\n  ✔ async-hooks\\test-async-local-storage-socket.js (4962.7449ms)\n  ✔ async-hooks\\test-async-local-storage-thenable.js (4613.2576ms)\n  ✔ async-hooks\\test-async-local-storage-tlssocket.js (5104.6248ms)\n  ✔ parallel\\test-async-local-storage-bind.js (5057.5636ms)\n  ✔ parallel\\test-async-local-storage-contexts.js (4776.7122ms)\n  ✔ parallel\\test-async-local-storage-deep-stack.js (5056.8872ms)\n  ✔ parallel\\test-async-local-storage-exit-does-not-leak.js (4712.243ms)\n  ✖ parallel\\test-async-local-storage-http-multiclients.js (5300.9306ms)\n    AssertionError [ERR_ASSERTION]: Test parallel\\test-async-local-storage-http-multiclients.js failed with exit code 3221225477\n        at TestContext.<anonymous> (file:///c:/workspace/node-test-binary-windows-js-suites/node/test/parallel/test-async-context-frame.mjs:58:7)\n        at process.processTicksAndRejections (node:internal/process/task_queues:105:5)\n        at async Test.run (node:internal/test_runner/test:888:9)\n        at async Promise.all (index 21)\n        at async Suite.run (node:internal/test_runner/test:1268:7)\n        at async startSubtestAfterBootstrap (node:internal/test_runner/harness:280:3) {\n      generatedMessage: false,\n      code: 'ERR_ASSERTION',\n      actual: 3221225477,\n      expected: 0,\n      operator: 'strictEqual'\n    }\n\n  ✔ parallel\\test-async-local-storage-snapshot.js (5042.1592ms)\n▶ AsyncContextFrame (5530.7578ms)\nℹ tests 23\nℹ suites 1\nℹ pass 22\nℹ fail 1\nℹ cancelled 0\nℹ skipped 0\nℹ todo 0\nℹ duration_ms 5538.2755\n\n✖ failing tests:\n\ntest at test\\parallel\\test-async-context-frame.mjs:48:5\n✖ parallel\\test-async-local-storage-http-multiclients.js (5300.9306ms)\n  AssertionError [ERR_ASSERTION]: Test parallel\\test-async-local-storage-http-multiclients.js failed with exit code 3221225477\n      at TestContext.<anonymous> (file:///c:/workspace/node-test-binary-windows-js-suites/node/test/parallel/test-async-context-frame.mjs:58:7)\n      at process.processTicksAndRejections (node:internal/process/task_queues:105:5)\n      at async Test.run (node:internal/test_runner/test:888:9)\n      at async Promise.all (index 21)\n      at async Suite.run (node:internal/test_runner/test:1268:7)\n      at async startSubtestAfterBootstrap (node:internal/test_runner/harness:280:3) {\n    generatedMessage: false,\n    code: 'ERR_ASSERTION',\n    actual: 3221225477,\n    expected: 0,\n    operator: 'strictEqual'\n  }"},"time":5946.02,"fullname":"parallel/test-async-context-frame","closingTestPoint":false}}]}