{"failedTests":[{"testName":"wpt/test-structured-clone","timestamp":1725769495733,"status":"REGRESSION","jobName":"node-test-binary-windows-js-suites","config":"node-test-binary-windows-js-suites » 3,win2019-COMPILED_BY-vs2022 #30090","buildUrl":"https://ci.nodejs.org/job/node-test-binary-windows-js-suites/RUN_SUBSET=3,nodes=win2019-COMPILED_BY-vs2022/30090/","buildNumber":30090,"builtOn":"test-rackspace-win2019_vs2019-x64-2","nodeVersion":"23.0.0","commitHash":"f852d01363ff29030ebc605c4a580d92325cf044","callStack":[{"upstreamBuild":65685,"upstreamProject":"node-test-commit-windows-fanned","upstreamUrl":"job/node-test-commit-windows-fanned/"},{"upstreamBuild":74156,"upstreamProject":"node-test-commit","upstreamUrl":"job/node-test-commit/"},{"upstreamBuild":62129,"upstreamProject":"node-test-pull-request","upstreamUrl":"job/node-test-pull-request/"},{"prId":"54468"}],"tap":{"ok":false,"name":"wpt/test-structured-clone","id":1010,"buffered":false,"tapError":null,"skip":false,"todo":false,"previous":null,"plan":null,"diag":{"severity":"fail","exitcode":1,"stack":"[PASS] primitive undefined\n[PASS] primitive null\n[PASS] primitive true\n[PASS] primitive false\n[PASS] primitive string, empty string\n[PASS] primitive string, lone high surrogate\n[PASS] primitive string, lone low surrogate\n[PASS] primitive string, NUL\n[PASS] primitive string, astral character\n[PASS] primitive number, 0.2\n[PASS] primitive number, 0\n[PASS] primitive number, -0\n[PASS] primitive number, NaN\n[PASS] primitive number, Infinity\n[PASS] primitive number, -Infinity\n[PASS] primitive number, 9007199254740992\n[PASS] primitive number, -9007199254740992\n[PASS] primitive number, 9007199254740994\n[PASS] primitive number, -9007199254740994\n[PASS] primitive BigInt, 0n\n[PASS] primitive BigInt, -0n\n[PASS] primitive BigInt, -9007199254740994000n\n[PASS] primitive BigInt, -9007199254740994000900719925474099400090071992547409940009007199254740994000n\n[PASS] Array primitives\n[PASS] Object primitives\n[PASS] Boolean true\n[PASS] Boolean false\n[PASS] Array Boolean objects\n[PASS] Object Boolean objects\n[PASS] String empty string\n[PASS] String lone high surrogate\n[PASS] String lone low surrogate\n[PASS] String NUL\n[PASS] String astral character\n[PASS] Array String objects\n[PASS] Object String objects\n[PASS] Number 0.2\n[PASS] Number 0\n[PASS] Number -0\n[PASS] Number NaN\n[PASS] Number Infinity\n[PASS] Number -Infinity\n[PASS] Number 9007199254740992\n[PASS] Number -9007199254740992\n[PASS] Number 9007199254740994\n[PASS] Number -9007199254740994\n[PASS] BigInt -9007199254740994n\n[PASS] Array Number objects\n[PASS] Object Number objects\n[PASS] Date 0\n[PASS] Date -0\n[PASS] Date -8.64e15\n[PASS] Date 8.64e15\n[PASS] Array Date objects\n[PASS] Object Date objects\n[PASS] RegExp flags and lastIndex\n[PASS] RegExp sticky flag\n[PASS] RegExp unicode flag\n[PASS] RegExp empty\n[PASS] RegExp slash\n[PASS] RegExp new line\n[PASS] Array RegExp object, RegExp flags and lastIndex\n[PASS] Array RegExp object, RegExp sticky flag\n[PASS] Array RegExp object, RegExp unicode flag\n[PASS] Array RegExp object, RegExp empty\n[PASS] Array RegExp object, RegExp slash\n[PASS] Array RegExp object, RegExp new line\n[PASS] Object RegExp object, RegExp flags and lastIndex\n[PASS] Object RegExp object, RegExp sticky flag\n[PASS] Object RegExp object, RegExp unicode flag\n[PASS] Object RegExp object, RegExp empty\n[PASS] Object RegExp object, RegExp slash\n[PASS] Object RegExp object, RegExp new line\n[PASS] Empty Error object\n[PASS] Error object\n[PASS] EvalError object\n[PASS] RangeError object\n[PASS] ReferenceError object\n[PASS] SyntaxError object\n[PASS] TypeError object\n[PASS] URIError object\n[PASS] Blob basic\n[PASS] Blob unpaired high surrogate (invalid utf-8)\n[PASS] Blob unpaired low surrogate (invalid utf-8)\n[PASS] Blob paired surrogates (invalid utf-8)\n[PASS] Blob empty\n[PASS] Blob NUL\n[PASS] Array Blob object, Blob basic\n[PASS] Array Blob object, Blob unpaired high surrogate (invalid utf-8)\n[PASS] Array Blob object, Blob unpaired low surrogate (invalid utf-8)\n[PASS] Array Blob object, Blob paired surrogates (invalid utf-8)\n[PASS] Array Blob object, Blob empty\n[PASS] Array Blob object, Blob NUL\n[PASS] Array Blob object, two Blobs\n[PASS] Object Blob object, Blob basic\n[PASS] Object Blob object, Blob unpaired high surrogate (invalid utf-8)\n[PASS] Object Blob object, Blob unpaired low surrogate (invalid utf-8)\n[PASS] Object Blob object, Blob paired surrogates (invalid utf-8)\n[PASS] Object Blob object, Blob empty\n[PASS] Object Blob object, Blob NUL\n[EXPECTED_FAILURE][FAIL] File basic\nassert_true: instanceof File expected true got false\n    at compare_File (C:\\workspace\\node-test-binary-windows-js-suites\\node\\test\\fixtures\\wpt\\html\\webappapis\\structured-clone\\structured-clone-battery-of-tests.js:354:3)\n    at Object.f (C:\\workspace\\node-test-binary-windows-js-suites\\node\\test\\fixtures\\wpt\\html\\webappapis\\structured-clone\\structured-clone-battery-of-tests.js:14:13)\n    at process.processTicksAndRejections (node:internal/process/task_queues:105:5)\n    at async Test.<anonymous> (C:\\workspace\\node-test-binary-windows-js-suites\\node\\test\\fixtures\\wpt\\html\\webappapis\\structured-clone\\structured-clone-battery-of-tests-harness.js:38:9)\nCommand: C:\\workspace\\node-test-binary-windows-js-suites\\node\\Release\\node.exe  C:\\workspace\\node-test-binary-windows-js-suites\\node\\test\\wpt\\test-structured-clone.js 'structured-clone.any.js'\n\n[PASS] Array sparse\n[PASS] Array with non-index property\n[PASS] Object with index property and length\n[PASS] Array with circular reference\n[PASS] Object with circular reference\n[PASS] Array with identical property values\n[PASS] Object with identical property values\n[PASS] Object with property on prototype\n[PASS] Object with non-enumerable property\n[PASS] Object with non-writable property\n[PASS] Object with non-configurable property\n[PASS] Object with a getter that throws\n[PASS] ObjectPrototype must lose its exotic-ness when cloned\n[UNEXPECTED_FAILURE][FAIL] Serializing a non-serializable platform object fails\nassert_unreached: Should have rejected: undefined Reached unreachable code\n    at process.processTicksAndRejections (node:internal/process/task_queues:105:5)\n    at async Object.f (C:\\workspace\\node-test-binary-windows-js-suites\\node\\test\\fixtures\\wpt\\html\\webappapis\\structured-clone\\structured-clone-battery-of-tests.js:647:5)\n    at async Test.<anonymous> (C:\\workspace\\node-test-binary-windows-js-suites\\node\\test\\fixtures\\wpt\\html\\webappapis\\structured-clone\\structured-clone-battery-of-tests-harness.js:38:9)\nCommand: C:\\workspace\\node-test-binary-windows-js-suites\\node\\Release\\node.exe  C:\\workspace\\node-test-binary-windows-js-suites\\node\\test\\wpt\\test-structured-clone.js 'structured-clone.any.js'\n\n[PASS] An object whose interface is deleted from the global must still deserialize\n[UNEXPECTED_FAILURE][FAIL] A subclass instance will deserialize as its closest serializable superclass\nassert_equals: expected object \"[object File]\" but got object \"[object Blob]\"\n    at C:\\workspace\\node-test-binary-windows-js-suites\\node\\test\\fixtures\\wpt\\html\\webappapis\\structured-clone\\structured-clone-battery-of-tests.js:677:5\n    at Object.f (C:\\workspace\\node-test-binary-windows-js-suites\\node\\test\\fixtures\\wpt\\html\\webappapis\\structured-clone\\structured-clone-battery-of-tests.js:14:13)\n    at process.processTicksAndRejections (node:internal/process/task_queues:105:5)\n    at async Test.<anonymous> (C:\\workspace\\node-test-binary-windows-js-suites\\node\\test\\fixtures\\wpt\\html\\webappapis\\structured-clone\\structured-clone-battery-of-tests-harness.js:38:9)\nCommand: C:\\workspace\\node-test-binary-windows-js-suites\\node\\Release\\node.exe  C:\\workspace\\node-test-binary-windows-js-suites\\node\\test\\wpt\\test-structured-clone.js 'structured-clone.any.js'\n\n[PASS] Resizable ArrayBuffer\n[UNEXPECTED_FAILURE][FAIL] Growable SharedArrayBuffer\nassert_true: instanceof ArrayBuffer expected true got false\n    at compare_ArrayBuffer (C:\\workspace\\node-test-binary-windows-js-suites\\node\\test\\fixtures\\wpt\\html\\webappapis\\structured-clone\\structured-clone-battery-of-tests.js:383:3)\n    at Object.f (C:\\workspace\\node-test-binary-windows-js-suites\\node\\test\\fixtures\\wpt\\html\\webappapis\\structured-clone\\structured-clone-battery-of-tests.js:697:7)\n    at process.processTicksAndRejections (node:internal/process/task_queues:105:5)\n    at async Test.<anonymous> (C:\\workspace\\node-test-binary-windows-js-suites\\node\\test\\fixtures\\wpt\\html\\webappapis\\structured-clone\\structured-clone-battery-of-tests-harness.js:38:9)\nCommand: C:\\workspace\\node-test-binary-windows-js-suites\\node\\Release\\node.exe  C:\\workspace\\node-test-binary-windows-js-suites\\node\\test\\wpt\\test-structured-clone.js 'structured-clone.any.js'\n\n[PASS] Length-tracking TypedArray\n[PASS] Length-tracking DataView\n[PASS] Serializing OOB TypedArray throws\n[PASS] Serializing OOB DataView throws\n[PASS] ArrayBuffer\n[PASS] MessagePort\n[PASS] A detached ArrayBuffer cannot be transferred\n[PASS] A detached platform object cannot be transferred\n[PASS] Transferring a non-transferable platform object fails\n[PASS] An object whose interface is deleted from the global object must still be received\n[UNEXPECTED_FAILURE][FAIL] A subclass instance will be received as its closest transferable superclass\nassert_equals: expected object \"[object ReadableStream]\" but got object \"[object ReadableStream]\"\n    at Object.f (C:\\workspace\\node-test-binary-windows-js-suites\\node\\test\\fixtures\\wpt\\html\\webappapis\\structured-clone\\structured-clone-battery-of-tests-with-transferables.js:97:5)\n    at async Test.<anonymous> (C:\\workspace\\node-test-binary-windows-js-suites\\node\\test\\fixtures\\wpt\\html\\webappapis\\structured-clone\\structured-clone-battery-of-tests-harness.js:38:9)\nCommand: C:\\workspace\\node-test-binary-windows-js-suites\\node\\Release\\node.exe  C:\\workspace\\node-test-binary-windows-js-suites\\node\\test\\wpt\\test-structured-clone.js 'structured-clone.any.js'\n\n[PASS] Resizable ArrayBuffer is transferable\n[PASS] Length-tracking TypedArray is transferable\n[PASS] Length-tracking DataView is transferable\n[PASS] Transferring OOB TypedArray throws\n[PASS] Transferring OOB DataView throws\n\n{\n  \"structured-clone.any.js\": {\n    \"fail\": {\n      \"expected\": [\n        \"File basic\"\n      ],\n      \"unexpected\": [\n        \"Serializing a non-serializable platform object fails\",\n        \"A subclass instance will deserialize as its closest serializable superclass\",\n        \"Growable SharedArrayBuffer\",\n        \"A subclass instance will be received as its closest transferable superclass\"\n      ]\n    }\n  }\n}\n\nRan 1/1 tests, 0 skipped, -1 passed, 1 expected failures, 1 unexpected failures, 0 unexpected passes\nC:\\workspace\\node-test-binary-windows-js-suites\\node\\test\\common\\wpt.js:800\n        throw new Error(\n        ^\n\nError: Found 1 unexpected failures. Consider updating test\\wpt\\status\\html\\webappapis\\structured-clone.json for these files:\nstructured-clone.any.js\n    at process.<anonymous> (C:\\workspace\\node-test-binary-windows-js-suites\\node\\test\\common\\wpt.js:800:15)\n    at process.emit (node:events:520:28)\n\nNode.js v23.0.0-pre"},"time":564.916,"fullname":"wpt/test-structured-clone","closingTestPoint":false}},{"testName":"wpt/test-abort","timestamp":1725769495733,"status":"REGRESSION","jobName":"node-test-binary-windows-js-suites","config":"node-test-binary-windows-js-suites » 0,win10-COMPILED_BY-vs2022 #30090","buildUrl":"https://ci.nodejs.org/job/node-test-binary-windows-js-suites/RUN_SUBSET=0,nodes=win10-COMPILED_BY-vs2022/30090/","buildNumber":30090,"builtOn":"test-azure_msft-win10_vs2019-x64-4","nodeVersion":"23.0.0","commitHash":"f852d01363ff29030ebc605c4a580d92325cf044","callStack":[{"upstreamBuild":65685,"upstreamProject":"node-test-commit-windows-fanned","upstreamUrl":"job/node-test-commit-windows-fanned/"},{"upstreamBuild":74156,"upstreamProject":"node-test-commit","upstreamUrl":"job/node-test-commit/"},{"upstreamBuild":62129,"upstreamProject":"node-test-pull-request","upstreamUrl":"job/node-test-pull-request/"},{"prId":"54468"}],"tap":{"ok":false,"name":"wpt/test-abort","id":1007,"buffered":false,"tapError":null,"skip":false,"todo":false,"previous":null,"plan":null,"diag":{"severity":"fail","exitcode":1,"stack":"[PASS] AbortSignal.any() works with an empty array of signals\n[PASS] AbortSignal.any() follows a single signal (using AbortController)\n[PASS] AbortSignal.any() follows multiple signals (using AbortController)\n[PASS] AbortSignal.any() returns an aborted signal if passed an aborted signal (using AbortController)\n[PASS] AbortSignal.any() can be passed the same signal more than once (using AbortController)\n[PASS] AbortSignal.any() uses the first instance of a duplicate signal (using AbortController)\n[PASS] AbortSignal.any() signals are composable (using AbortController)\n[PASS] AbortSignal.any() works with intermediate signals (using AbortController)\n[PASS] Abort events for AbortSignal.any() signals fire in the right order (using AbortController)\n[PASS] the AbortSignal.abort() static returns an already aborted signal\n[PASS] AbortSignal.timeout() returns a non-aborted signal\n[UNEXPECTED_FAILURE][FAIL] Dependent signals for AbortSignal.any() are marked aborted before abort events fire (using AbortController)\nassert_true: event fired expected true got false\n    at Test.<anonymous> (c:\\workspace\\node-test-binary-windows-js-suites\\node\\test\\fixtures\\wpt\\dom\\abort\\resources\\abort-signal-any-tests.js:202:5)\n    at Test.step (c:\\workspace\\node-test-binary-windows-js-suites\\node\\test\\fixtures\\wpt\\resources\\testharness.js:2622:25)\n    at test (c:\\workspace\\node-test-binary-windows-js-suites\\node\\test\\fixtures\\wpt\\resources\\testharness.js:633:30)\n    at abortSignalAnyTests (c:\\workspace\\node-test-binary-windows-js-suites\\node\\test\\fixtures\\wpt\\dom\\abort\\resources\\abort-signal-any-tests.js:186:3)\n    at c:\\workspace\\node-test-binary-windows-js-suites\\node\\test\\fixtures\\wpt\\dom\\abort\\abort-signal-any.any.js:4:1\nCommand: c:\\workspace\\node-test-binary-windows-js-suites\\node\\Release\\node.exe  c:\\workspace\\node-test-binary-windows-js-suites\\node\\test\\wpt\\test-abort.js 'abort-signal-any.any.js'\n\n[UNEXPECTED_FAILURE][FAIL] Dependent signals for AbortSignal.any() are aborted correctly for reentrant aborts (using AbortController)\nassert_equals: expected \"reason 1\" but got \"reason 2\"\n    at Test.<anonymous> (c:\\workspace\\node-test-binary-windows-js-suites\\node\\test\\fixtures\\wpt\\dom\\abort\\resources\\abort-signal-any-tests.js:222:5)\n    at Test.step (c:\\workspace\\node-test-binary-windows-js-suites\\node\\test\\fixtures\\wpt\\resources\\testharness.js:2622:25)\n    at test (c:\\workspace\\node-test-binary-windows-js-suites\\node\\test\\fixtures\\wpt\\resources\\testharness.js:633:30)\n    at abortSignalAnyTests (c:\\workspace\\node-test-binary-windows-js-suites\\node\\test\\fixtures\\wpt\\dom\\abort\\resources\\abort-signal-any-tests.js:205:3)\n    at c:\\workspace\\node-test-binary-windows-js-suites\\node\\test\\fixtures\\wpt\\dom\\abort\\abort-signal-any.any.js:4:1\nCommand: c:\\workspace\\node-test-binary-windows-js-suites\\node\\Release\\node.exe  c:\\workspace\\node-test-binary-windows-js-suites\\node\\test\\wpt\\test-abort.js 'abort-signal-any.any.js'\n\n[PASS] Dependent signals for AbortSignal.any() should use the same DOMException instance from the already aborted source signal (using AbortController)\n[PASS] Dependent signals for AbortSignal.any() should use the same DOMException instance from the source signal being aborted later (using AbortController)\n[PASS] AbortController abort() should fire event synchronously\n[PASS] controller.signal should always return the same object\n[UNEXPECTED_FAILURE][UNCAUGHT] evaluation in WPTRunner.runJsTests()\nThis is caused by either a bug in Node.js or incorrect usage of Node.js internals.\nPlease open an issue with this stack trace at https://github.com/nodejs/node/issues\n\nError [ERR_INTERNAL_ASSERTION]: This is caused by either a bug in Node.js or incorrect usage of Node.js internals.\nPlease open an issue with this stack trace at https://github.com/nodejs/node/issues\n\n    at assert (node:internal/assert:14:11)\n    at AbortSignal.any (node:internal/abort_controller:261:11)\n    at AbortSignal.<anonymous> (c:\\workspace\\node-test-binary-windows-js-suites\\node\\test\\fixtures\\wpt\\dom\\abort\\resources\\abort-signal-any-tests.js:193:39)\n    at [nodejs.internal.kHybridDispatch] (node:internal/event_target:816:20)\n    at AbortSignal.dispatchEvent (node:internal/event_target:751:26)\n    at abortSignal (node:internal/abort_controller:382:10)\n    at AbortController.abort (node:internal/abort_controller:404:5)\n    at Test.<anonymous> (c:\\workspace\\node-test-binary-windows-js-suites\\node\\test\\fixtures\\wpt\\dom\\abort\\resources\\abort-signal-any-tests.js:201:16)\n    at Test.step (c:\\workspace\\node-test-binary-windows-js-suites\\node\\test\\fixtures\\wpt\\resources\\testharness.js:2622:25)\n    at test (c:\\workspace\\node-test-binary-windows-js-suites\\node\\test\\fixtures\\wpt\\resources\\testharness.js:633:30) {\n  code: 'ERR_INTERNAL_ASSERTION'\n}\nCommand: c:\\workspace\\node-test-binary-windows-js-suites\\node\\Release\\node.exe  c:\\workspace\\node-test-binary-windows-js-suites\\node\\test\\wpt\\test-abort.js 'abort-signal-any.any.js'\n\n[PASS] controller.abort() should do nothing the second time it is called\n[PASS] event handler should not be called if added after controller.abort()\n[PASS] the abort event should have the right properties\n[PASS] AbortController abort(reason) should set signal.reason\n[PASS] aborting AbortController without reason creates an \"AbortError\" DOMException\n[PASS] AbortController abort(undefined) creates an \"AbortError\" DOMException\n[PASS] AbortController abort(null) should set signal.reason\n[PASS] static aborting signal should have right properties\n[PASS] static aborting signal with reason should set signal.reason\n[PASS] throwIfAborted() should throw abort.reason if signal aborted\n[PASS] throwIfAborted() should throw primitive abort.reason if signal aborted\n[PASS] throwIfAborted() should not throw if signal not aborted\n[PASS] AbortSignal.reason returns the same DOMException\n[PASS] AbortController.signal.reason returns the same DOMException\n[PASS] Signal returned by AbortSignal.timeout() times out\n[PASS] AbortSignal timeouts fire in order\n[PASS] signal returned by AbortSignal.abort() should not fire abort event\n\n{\n  \"abort-signal-any.any.js\": {\n    \"fail\": {\n      \"unexpected\": [\n        \"Dependent signals for AbortSignal.any() are marked aborted before abort events fire (using AbortController)\",\n        \"Dependent signals for AbortSignal.any() are aborted correctly for reentrant aborts (using AbortController)\",\n        \"evaluation in WPTRunner.runJsTests()\"\n      ]\n    }\n  }\n}\n\nRan 3/3 tests, 0 skipped, 2 passed, 0 expected failures, 1 unexpected failures, 0 unexpected passes\nc:\\workspace\\node-test-binary-windows-js-suites\\node\\test\\common\\wpt.js:800\n        throw new Error(\n        ^\n\nError: Found 1 unexpected failures. Consider updating test\\wpt\\status\\dom\\abort.json for these files:\nabort-signal-any.any.js\n    at process.<anonymous> (c:\\workspace\\node-test-binary-windows-js-suites\\node\\test\\common\\wpt.js:800:15)\n    at process.emit (node:events:520:28)\n\nNode.js v23.0.0-pre"},"time":2333.336,"fullname":"wpt/test-abort","closingTestPoint":false}},{"testName":"wpt/test-events","timestamp":1725769495733,"status":"REGRESSION","jobName":"node-test-binary-windows-js-suites","config":"node-test-binary-windows-js-suites » 0,win10-COMPILED_BY-vs2022 #30090","buildUrl":"https://ci.nodejs.org/job/node-test-binary-windows-js-suites/RUN_SUBSET=0,nodes=win10-COMPILED_BY-vs2022/30090/","buildNumber":30090,"builtOn":"test-azure_msft-win10_vs2019-x64-4","nodeVersion":"23.0.0","commitHash":"f852d01363ff29030ebc605c4a580d92325cf044","callStack":[{"upstreamBuild":65685,"upstreamProject":"node-test-commit-windows-fanned","upstreamUrl":"job/node-test-commit-windows-fanned/"},{"upstreamBuild":74156,"upstreamProject":"node-test-commit","upstreamUrl":"job/node-test-commit/"},{"upstreamBuild":62129,"upstreamProject":"node-test-pull-request","upstreamUrl":"job/node-test-pull-request/"},{"prId":"54468"}],"tap":{"ok":false,"name":"wpt/test-events","id":1009,"buffered":false,"tapError":null,"skip":false,"todo":false,"previous":null,"plan":null,"diag":{"severity":"fail","exitcode":1,"stack":"[SKIPPED] Event-dispatch-listener-order.window.js: document is not defined\n[SKIPPED] event-global-extra.window.js: document is not defined\n[SKIPPED] event-global-set-before-handleEvent-lookup.window.js: window is not defined\n[SKIPPED] event-global.worker.js: importScripts is not defined\n[SKIPPED] EventListener-addEventListener.sub.window.js: document is not defined\n[SKIPPED] EventTarget-removeEventListener.any.js: globalThis.removeEventListener is not a function\n[SKIPPED] legacy-pre-activation-behavior.window.js: document is not defined\n[SKIPPED] relatedTarget.window.js: document is not defined\n[PASS] Once listener should be invoked only once\n[PASS] Once listener should be invoked only once even if the event is nested\n[PASS] Once listener should be added / removed like normal listeners\n[PASS] Multiple once listeners should be invoked even if the stopImmediatePropagation is set\n[PASS] Supports passive option on addEventListener only\n[PASS] Passing an AbortSignal to addEventListener options should allow removing a listener\n[PASS] Passing an AbortSignal to addEventListener does not prevent removeEventListener\n[PASS] Passing an AbortSignal to addEventListener works with the once flag\n[PASS] Removing a once listener works with a passed signal\n[PASS] Passing an AbortSignal to multiple listeners\n[PASS] Passing an AbortSignal to addEventListener works with the capture flag\n[EXPECTED_FAILURE][FAIL] preventDefault should be ignored if-and-only-if the passive option is true\nassert_equals: Incorrect defaultPrevented for options: {\"passive\":true} expected false but got true\n    at testPassiveValue (c:\\workspace\\node-test-binary-windows-js-suites\\node\\test\\fixtures\\wpt\\dom\\events\\AddEventListenerOptions-passive.any.js:36:3)\n    at Test.<anonymous> (c:\\workspace\\node-test-binary-windows-js-suites\\node\\test\\fixtures\\wpt\\dom\\events\\AddEventListenerOptions-passive.any.js:46:3)\n    at Test.step (c:\\workspace\\node-test-binary-windows-js-suites\\node\\test\\fixtures\\wpt\\resources\\testharness.js:2622:25)\n    at test (c:\\workspace\\node-test-binary-windows-js-suites\\node\\test\\fixtures\\wpt\\resources\\testharness.js:633:30)\n    at c:\\workspace\\node-test-binary-windows-js-suites\\node\\test\\fixtures\\wpt\\dom\\events\\AddEventListenerOptions-passive.any.js:42:1\nCommand: c:\\workspace\\node-test-binary-windows-js-suites\\node\\Release\\node.exe  c:\\workspace\\node-test-binary-windows-js-suites\\node\\test\\wpt\\test-events.js 'AddEventListenerOptions-passive.any.js'\n\n[PASS] Aborting from a listener does not call future listeners\n[EXPECTED_FAILURE][FAIL] returnValue should be ignored if-and-only-if the passive option is true\nassert_equals: Incorrect defaultPrevented for options: undefined expected true but got false\n    at testPassiveValueOnReturnValue (c:\\workspace\\node-test-binary-windows-js-suites\\node\\test\\fixtures\\wpt\\dom\\events\\AddEventListenerOptions-passive.any.js:62:3)\n    at Test.<anonymous> (c:\\workspace\\node-test-binary-windows-js-suites\\node\\test\\fixtures\\wpt\\dom\\events\\AddEventListenerOptions-passive.any.js:69:3)\n    at Test.step (c:\\workspace\\node-test-binary-windows-js-suites\\node\\test\\fixtures\\wpt\\resources\\testharness.js:2622:25)\n    at async_test (c:\\workspace\\node-test-binary-windows-js-suites\\node\\test\\fixtures\\wpt\\resources\\testharness.js:681:34)\n    at c:\\workspace\\node-test-binary-windows-js-suites\\node\\test\\fixtures\\wpt\\dom\\events\\AddEventListenerOptions-passive.any.js:68:1\nCommand: c:\\workspace\\node-test-binary-windows-js-suites\\node\\Release\\node.exe  c:\\workspace\\node-test-binary-windows-js-suites\\node\\test\\wpt\\test-events.js 'AddEventListenerOptions-passive.any.js'\n\n[PASS] Adding then aborting a listener in another listener does not call it\n[PASS] Aborting from a nested listener should remove it\n[EXPECTED_FAILURE][FAIL] passive behavior of one listener should be unaffected by the presence of other listeners\nassert_equals: Incorrect defaultPrevented for options: {\"passive\":true} expected false but got true\n    at testPassiveValue (c:\\workspace\\node-test-binary-windows-js-suites\\node\\test\\fixtures\\wpt\\dom\\events\\AddEventListenerOptions-passive.any.js:36:3)\n    at testPassiveWithOtherHandlers (c:\\workspace\\node-test-binary-windows-js-suites\\node\\test\\fixtures\\wpt\\dom\\events\\AddEventListenerOptions-passive.any.js:92:3)\n    at Test.<anonymous> (c:\\workspace\\node-test-binary-windows-js-suites\\node\\test\\fixtures\\wpt\\dom\\events\\AddEventListenerOptions-passive.any.js:104:3)\n    at Test.step (c:\\workspace\\node-test-binary-windows-js-suites\\node\\test\\fixtures\\wpt\\resources\\testharness.js:2622:25)\n    at test (c:\\workspace\\node-test-binary-windows-js-suites\\node\\test\\fixtures\\wpt\\resources\\testharness.js:633:30)\nCommand: c:\\workspace\\node-test-binary-windows-js-suites\\node\\Release\\node.exe  c:\\workspace\\node-test-binary-windows-js-suites\\node\\test\\wpt\\test-events.js 'AddEventListenerOptions-passive.any.js'\n\n[PASS] Equivalence of option values\n[PASS] Passing null as the signal should throw\n[PASS] Passing null as the signal should throw (listener is also null)\n[PASS] Event constructors\n[PASS] Event constructors 1\n[PASS] Event constructors 2\n[PASS] Event constructors 3\n[PASS] Event constructors 4\n[PASS] Event constructors 5\n[PASS] Event constructors 6\n[PASS] Event constructors 7\n[PASS] Event constructors 8\n[PASS] Event constructors 9\n[PASS] Event constructors 10\n[PASS] Event constructors 11\n[PASS] Event constructors 12\n[PASS] Event constructors 13\n[EXPECTED_FAILURE][FAIL] Event-isTrusted\nassert_not_equals: got disallowed value undefined\n    at Test.<anonymous> (c:\\workspace\\node-test-binary-windows-js-suites\\node\\test\\fixtures\\wpt\\dom\\events\\Event-isTrusted.any.js:3:3)\n    at Test.step (c:\\workspace\\node-test-binary-windows-js-suites\\node\\test\\fixtures\\wpt\\resources\\testharness.js:2622:25)\n    at test (c:\\workspace\\node-test-binary-windows-js-suites\\node\\test\\fixtures\\wpt\\resources\\testharness.js:633:30)\n    at c:\\workspace\\node-test-binary-windows-js-suites\\node\\test\\fixtures\\wpt\\dom\\events\\Event-isTrusted.any.js:1:1\n    at Script.runInThisContext (node:vm:137:12)\nCommand: c:\\workspace\\node-test-binary-windows-js-suites\\node\\Release\\node.exe  c:\\workspace\\node-test-binary-windows-js-suites\\node\\test\\wpt\\test-events.js 'Event-isTrusted.any.js'\n\n[PASS] Removing an event listener without explicit capture arg should succeed\n[PASS] Adding a null event listener should succeed\n[PASS] A constructed EventTarget can be used as expected\n[UNEXPECTED_FAILURE][FAIL] A constructed EventTarget implements dispatch correctly\nassert_equals: expected null but got object \"[object EventTarget]\"\n    at Test.<anonymous> (c:\\workspace\\node-test-binary-windows-js-suites\\node\\test\\fixtures\\wpt\\dom\\events\\EventTarget-constructible.any.js:39:3)\n    at Test.step (c:\\workspace\\node-test-binary-windows-js-suites\\node\\test\\fixtures\\wpt\\resources\\testharness.js:2622:25)\n    at test (c:\\workspace\\node-test-binary-windows-js-suites\\node\\test\\fixtures\\wpt\\resources\\testharness.js:633:30)\n    at c:\\workspace\\node-test-binary-windows-js-suites\\node\\test\\fixtures\\wpt\\dom\\events\\EventTarget-constructible.any.js:26:1\n    at Script.runInThisContext (node:vm:137:12)\nCommand: c:\\workspace\\node-test-binary-windows-js-suites\\node\\Release\\node.exe  c:\\workspace\\node-test-binary-windows-js-suites\\node\\test\\wpt\\test-events.js 'EventTarget-constructible.any.js'\n\n[PASS] EventTarget can be subclassed\n\n{\n  \"AddEventListenerOptions-passive.any.js\": {\n    \"fail\": {\n      \"expected\": [\n        \"preventDefault should be ignored if-and-only-if the passive option is true\",\n        \"returnValue should be ignored if-and-only-if the passive option is true\",\n        \"passive behavior of one listener should be unaffected by the presence of other listeners\"\n      ]\n    }\n  },\n  \"Event-dispatch-listener-order.window.js\": {\n    \"skip\": \"document is not defined\"\n  },\n  \"Event-isTrusted.any.js\": {\n    \"fail\": {\n      \"expected\": [\n        \"Event-isTrusted\"\n      ]\n    }\n  },\n  \"EventListener-addEventListener.sub.window.js\": {\n    \"skip\": \"document is not defined\"\n  },\n  \"EventTarget-constructible.any.js\": {\n    \"fail\": {\n      \"unexpected\": [\n        \"A constructed EventTarget implements dispatch correctly\"\n      ]\n    }\n  },\n  \"EventTarget-removeEventListener.any.js\": {\n    \"skip\": \"globalThis.removeEventListener is not a function\"\n  },\n  \"event-global-extra.window.js\": {\n    \"skip\": \"document is not defined\"\n  },\n  \"event-global-set-before-handleEvent-lookup.window.js\": {\n    \"skip\": \"window is not defined\"\n  },\n  \"event-global.worker.js\": {\n    \"skip\": \"importScripts is not defined\"\n  },\n  \"legacy-pre-activation-behavior.window.js\": {\n    \"skip\": \"document is not defined\"\n  },\n  \"relatedTarget.window.js\": {\n    \"skip\": \"document is not defined\"\n  }\n}\n\nRan 8/16 tests, 8 skipped, 5 passed, 2 expected failures, 1 unexpected failures, 0 unexpected passes\n(node:8048) AddEventListenerArgumentTypeWarning: addEventListener called with null which has no effect.\n(Use `node --trace-warnings ...` to show where the warning was created)\n(node:8048) AddEventListenerArgumentTypeWarning: addEventListener called with null which has no effect.\n(Use `node --trace-warnings ...` to show where the warning was created)\nc:\\workspace\\node-test-binary-windows-js-suites\\node\\test\\common\\wpt.js:800\n        throw new Error(\n        ^\n\nError: Found 1 unexpected failures. Consider updating test\\wpt\\status\\dom\\events.json for these files:\nEventTarget-constructible.any.js\n    at process.<anonymous> (c:\\workspace\\node-test-binary-windows-js-suites\\node\\test\\common\\wpt.js:800:15)\n    at process.emit (node:events:520:28)\n\nNode.js v23.0.0-pre"},"time":320.43,"fullname":"wpt/test-events","closingTestPoint":false}},{"testName":"wpt/test-abort","timestamp":1725769495733,"status":"REGRESSION","jobName":"node-test-binary-windows-js-suites","config":"node-test-binary-windows-js-suites » 0,win11-COMPILED_BY-vs2022 #30090","buildUrl":"https://ci.nodejs.org/job/node-test-binary-windows-js-suites/RUN_SUBSET=0,nodes=win11-COMPILED_BY-vs2022/30090/","buildNumber":30090,"builtOn":"test-azure_msft-win11_vs2022-x64-3","nodeVersion":"23.0.0","commitHash":"f852d01363ff29030ebc605c4a580d92325cf044","callStack":[{"upstreamBuild":65685,"upstreamProject":"node-test-commit-windows-fanned","upstreamUrl":"job/node-test-commit-windows-fanned/"},{"upstreamBuild":74156,"upstreamProject":"node-test-commit","upstreamUrl":"job/node-test-commit/"},{"upstreamBuild":62129,"upstreamProject":"node-test-pull-request","upstreamUrl":"job/node-test-pull-request/"},{"prId":"54468"}],"tap":{"ok":false,"name":"wpt/test-abort","id":1007,"buffered":false,"tapError":null,"skip":false,"todo":false,"previous":null,"plan":null,"diag":{"severity":"fail","exitcode":1,"stack":"[PASS] AbortSignal.any() works with an empty array of signals\n[PASS] AbortSignal.any() follows a single signal (using AbortController)\n[PASS] AbortSignal.any() follows multiple signals (using AbortController)\n[PASS] AbortSignal.any() returns an aborted signal if passed an aborted signal (using AbortController)\n[PASS] AbortSignal.any() can be passed the same signal more than once (using AbortController)\n[PASS] AbortSignal.any() uses the first instance of a duplicate signal (using AbortController)\n[PASS] AbortSignal.any() signals are composable (using AbortController)\n[PASS] the AbortSignal.abort() static returns an already aborted signal\n[PASS] AbortSignal.timeout() returns a non-aborted signal\n[PASS] AbortSignal.any() works with intermediate signals (using AbortController)\n[PASS] Abort events for AbortSignal.any() signals fire in the right order (using AbortController)\n[UNEXPECTED_FAILURE][FAIL] Dependent signals for AbortSignal.any() are marked aborted before abort events fire (using AbortController)\nassert_true: event fired expected true got false\n    at Test.<anonymous> (c:\\workspace\\node-test-binary-windows-js-suites\\node\\test\\fixtures\\wpt\\dom\\abort\\resources\\abort-signal-any-tests.js:202:5)\n    at Test.step (c:\\workspace\\node-test-binary-windows-js-suites\\node\\test\\fixtures\\wpt\\resources\\testharness.js:2622:25)\n    at test (c:\\workspace\\node-test-binary-windows-js-suites\\node\\test\\fixtures\\wpt\\resources\\testharness.js:633:30)\n    at abortSignalAnyTests (c:\\workspace\\node-test-binary-windows-js-suites\\node\\test\\fixtures\\wpt\\dom\\abort\\resources\\abort-signal-any-tests.js:186:3)\n    at c:\\workspace\\node-test-binary-windows-js-suites\\node\\test\\fixtures\\wpt\\dom\\abort\\abort-signal-any.any.js:4:1\nCommand: c:\\workspace\\node-test-binary-windows-js-suites\\node\\Release\\node.exe  c:\\workspace\\node-test-binary-windows-js-suites\\node\\test\\wpt\\test-abort.js 'abort-signal-any.any.js'\n\n[UNEXPECTED_FAILURE][FAIL] Dependent signals for AbortSignal.any() are aborted correctly for reentrant aborts (using AbortController)\nassert_equals: expected \"reason 1\" but got \"reason 2\"\n    at Test.<anonymous> (c:\\workspace\\node-test-binary-windows-js-suites\\node\\test\\fixtures\\wpt\\dom\\abort\\resources\\abort-signal-any-tests.js:222:5)\n    at Test.step (c:\\workspace\\node-test-binary-windows-js-suites\\node\\test\\fixtures\\wpt\\resources\\testharness.js:2622:25)\n    at test (c:\\workspace\\node-test-binary-windows-js-suites\\node\\test\\fixtures\\wpt\\resources\\testharness.js:633:30)\n    at abortSignalAnyTests (c:\\workspace\\node-test-binary-windows-js-suites\\node\\test\\fixtures\\wpt\\dom\\abort\\resources\\abort-signal-any-tests.js:205:3)\n    at c:\\workspace\\node-test-binary-windows-js-suites\\node\\test\\fixtures\\wpt\\dom\\abort\\abort-signal-any.any.js:4:1\nCommand: c:\\workspace\\node-test-binary-windows-js-suites\\node\\Release\\node.exe  c:\\workspace\\node-test-binary-windows-js-suites\\node\\test\\wpt\\test-abort.js 'abort-signal-any.any.js'\n\n[PASS] Dependent signals for AbortSignal.any() should use the same DOMException instance from the already aborted source signal (using AbortController)\n[PASS] Dependent signals for AbortSignal.any() should use the same DOMException instance from the source signal being aborted later (using AbortController)\n[PASS] AbortController abort() should fire event synchronously\n[PASS] controller.signal should always return the same object\n[PASS] controller.abort() should do nothing the second time it is called\n[PASS] event handler should not be called if added after controller.abort()\n[UNEXPECTED_FAILURE][UNCAUGHT] evaluation in WPTRunner.runJsTests()\nThis is caused by either a bug in Node.js or incorrect usage of Node.js internals.\nPlease open an issue with this stack trace at https://github.com/nodejs/node/issues\n\nError [ERR_INTERNAL_ASSERTION]: This is caused by either a bug in Node.js or incorrect usage of Node.js internals.\nPlease open an issue with this stack trace at https://github.com/nodejs/node/issues\n\n    at assert (node:internal/assert:14:11)\n    at AbortSignal.any (node:internal/abort_controller:261:11)\n    at AbortSignal.<anonymous> (c:\\workspace\\node-test-binary-windows-js-suites\\node\\test\\fixtures\\wpt\\dom\\abort\\resources\\abort-signal-any-tests.js:193:39)\n    at [nodejs.internal.kHybridDispatch] (node:internal/event_target:816:20)\n    at AbortSignal.dispatchEvent (node:internal/event_target:751:26)\n    at abortSignal (node:internal/abort_controller:382:10)\n    at AbortController.abort (node:internal/abort_controller:404:5)\n    at Test.<anonymous> (c:\\workspace\\node-test-binary-windows-js-suites\\node\\test\\fixtures\\wpt\\dom\\abort\\resources\\abort-signal-any-tests.js:201:16)\n    at Test.step (c:\\workspace\\node-test-binary-windows-js-suites\\node\\test\\fixtures\\wpt\\resources\\testharness.js:2622:25)\n    at test (c:\\workspace\\node-test-binary-windows-js-suites\\node\\test\\fixtures\\wpt\\resources\\testharness.js:633:30) {\n  code: 'ERR_INTERNAL_ASSERTION'\n}\nCommand: c:\\workspace\\node-test-binary-windows-js-suites\\node\\Release\\node.exe  c:\\workspace\\node-test-binary-windows-js-suites\\node\\test\\wpt\\test-abort.js 'abort-signal-any.any.js'\n\n[PASS] the abort event should have the right properties\n[PASS] AbortController abort(reason) should set signal.reason\n[PASS] aborting AbortController without reason creates an \"AbortError\" DOMException\n[PASS] AbortController abort(undefined) creates an \"AbortError\" DOMException\n[PASS] AbortController abort(null) should set signal.reason\n[PASS] static aborting signal should have right properties\n[PASS] static aborting signal with reason should set signal.reason\n[PASS] throwIfAborted() should throw abort.reason if signal aborted\n[PASS] throwIfAborted() should throw primitive abort.reason if signal aborted\n[PASS] throwIfAborted() should not throw if signal not aborted\n[PASS] AbortSignal.reason returns the same DOMException\n[PASS] AbortController.signal.reason returns the same DOMException\n[PASS] Signal returned by AbortSignal.timeout() times out\n[PASS] AbortSignal timeouts fire in order\n[PASS] signal returned by AbortSignal.abort() should not fire abort event\n\n{\n  \"abort-signal-any.any.js\": {\n    \"fail\": {\n      \"unexpected\": [\n        \"Dependent signals for AbortSignal.any() are marked aborted before abort events fire (using AbortController)\",\n        \"Dependent signals for AbortSignal.any() are aborted correctly for reentrant aborts (using AbortController)\",\n        \"evaluation in WPTRunner.runJsTests()\"\n      ]\n    }\n  }\n}\n\nRan 3/3 tests, 0 skipped, 2 passed, 0 expected failures, 1 unexpected failures, 0 unexpected passes\nc:\\workspace\\node-test-binary-windows-js-suites\\node\\test\\common\\wpt.js:800\n        throw new Error(\n        ^\n\nError: Found 1 unexpected failures. Consider updating test\\wpt\\status\\dom\\abort.json for these files:\nabort-signal-any.any.js\n    at process.<anonymous> (c:\\workspace\\node-test-binary-windows-js-suites\\node\\test\\common\\wpt.js:800:15)\n    at process.emit (node:events:520:28)\n\nNode.js v23.0.0-pre"},"time":2461.025,"fullname":"wpt/test-abort","closingTestPoint":false}},{"testName":"wpt/test-events","timestamp":1725769495733,"status":"REGRESSION","jobName":"node-test-binary-windows-js-suites","config":"node-test-binary-windows-js-suites » 0,win11-COMPILED_BY-vs2022 #30090","buildUrl":"https://ci.nodejs.org/job/node-test-binary-windows-js-suites/RUN_SUBSET=0,nodes=win11-COMPILED_BY-vs2022/30090/","buildNumber":30090,"builtOn":"test-azure_msft-win11_vs2022-x64-3","nodeVersion":"23.0.0","commitHash":"f852d01363ff29030ebc605c4a580d92325cf044","callStack":[{"upstreamBuild":65685,"upstreamProject":"node-test-commit-windows-fanned","upstreamUrl":"job/node-test-commit-windows-fanned/"},{"upstreamBuild":74156,"upstreamProject":"node-test-commit","upstreamUrl":"job/node-test-commit/"},{"upstreamBuild":62129,"upstreamProject":"node-test-pull-request","upstreamUrl":"job/node-test-pull-request/"},{"prId":"54468"}],"tap":{"ok":false,"name":"wpt/test-events","id":1009,"buffered":false,"tapError":null,"skip":false,"todo":false,"previous":null,"plan":null,"diag":{"severity":"fail","exitcode":1,"stack":"[SKIPPED] Event-dispatch-listener-order.window.js: document is not defined\n[SKIPPED] event-global-extra.window.js: document is not defined\n[SKIPPED] event-global-set-before-handleEvent-lookup.window.js: window is not defined\n[SKIPPED] event-global.worker.js: importScripts is not defined\n[SKIPPED] EventListener-addEventListener.sub.window.js: document is not defined\n[SKIPPED] EventTarget-removeEventListener.any.js: globalThis.removeEventListener is not a function\n[SKIPPED] legacy-pre-activation-behavior.window.js: document is not defined\n[SKIPPED] relatedTarget.window.js: document is not defined\n[PASS] Once listener should be invoked only once\n[PASS] Once listener should be invoked only once even if the event is nested\n[PASS] Once listener should be added / removed like normal listeners\n[PASS] Multiple once listeners should be invoked even if the stopImmediatePropagation is set\n[PASS] Supports passive option on addEventListener only\n[EXPECTED_FAILURE][FAIL] preventDefault should be ignored if-and-only-if the passive option is true\nassert_equals: Incorrect defaultPrevented for options: {\"passive\":true} expected false but got true\n    at testPassiveValue (c:\\workspace\\node-test-binary-windows-js-suites\\node\\test\\fixtures\\wpt\\dom\\events\\AddEventListenerOptions-passive.any.js:36:3)\n    at Test.<anonymous> (c:\\workspace\\node-test-binary-windows-js-suites\\node\\test\\fixtures\\wpt\\dom\\events\\AddEventListenerOptions-passive.any.js:46:3)\n    at Test.step (c:\\workspace\\node-test-binary-windows-js-suites\\node\\test\\fixtures\\wpt\\resources\\testharness.js:2622:25)\n    at test (c:\\workspace\\node-test-binary-windows-js-suites\\node\\test\\fixtures\\wpt\\resources\\testharness.js:633:30)\n    at c:\\workspace\\node-test-binary-windows-js-suites\\node\\test\\fixtures\\wpt\\dom\\events\\AddEventListenerOptions-passive.any.js:42:1\nCommand: c:\\workspace\\node-test-binary-windows-js-suites\\node\\Release\\node.exe  c:\\workspace\\node-test-binary-windows-js-suites\\node\\test\\wpt\\test-events.js 'AddEventListenerOptions-passive.any.js'\n\n[EXPECTED_FAILURE][FAIL] returnValue should be ignored if-and-only-if the passive option is true\nassert_equals: Incorrect defaultPrevented for options: undefined expected true but got false\n    at testPassiveValueOnReturnValue (c:\\workspace\\node-test-binary-windows-js-suites\\node\\test\\fixtures\\wpt\\dom\\events\\AddEventListenerOptions-passive.any.js:62:3)\n    at Test.<anonymous> (c:\\workspace\\node-test-binary-windows-js-suites\\node\\test\\fixtures\\wpt\\dom\\events\\AddEventListenerOptions-passive.any.js:69:3)\n    at Test.step (c:\\workspace\\node-test-binary-windows-js-suites\\node\\test\\fixtures\\wpt\\resources\\testharness.js:2622:25)\n    at async_test (c:\\workspace\\node-test-binary-windows-js-suites\\node\\test\\fixtures\\wpt\\resources\\testharness.js:681:34)\n    at c:\\workspace\\node-test-binary-windows-js-suites\\node\\test\\fixtures\\wpt\\dom\\events\\AddEventListenerOptions-passive.any.js:68:1\nCommand: c:\\workspace\\node-test-binary-windows-js-suites\\node\\Release\\node.exe  c:\\workspace\\node-test-binary-windows-js-suites\\node\\test\\wpt\\test-events.js 'AddEventListenerOptions-passive.any.js'\n\n[EXPECTED_FAILURE][FAIL] passive behavior of one listener should be unaffected by the presence of other listeners\nassert_equals: Incorrect defaultPrevented for options: {\"passive\":true} expected false but got true\n    at testPassiveValue (c:\\workspace\\node-test-binary-windows-js-suites\\node\\test\\fixtures\\wpt\\dom\\events\\AddEventListenerOptions-passive.any.js:36:3)\n    at testPassiveWithOtherHandlers (c:\\workspace\\node-test-binary-windows-js-suites\\node\\test\\fixtures\\wpt\\dom\\events\\AddEventListenerOptions-passive.any.js:92:3)\n    at Test.<anonymous> (c:\\workspace\\node-test-binary-windows-js-suites\\node\\test\\fixtures\\wpt\\dom\\events\\AddEventListenerOptions-passive.any.js:104:3)\n    at Test.step (c:\\workspace\\node-test-binary-windows-js-suites\\node\\test\\fixtures\\wpt\\resources\\testharness.js:2622:25)\n    at test (c:\\workspace\\node-test-binary-windows-js-suites\\node\\test\\fixtures\\wpt\\resources\\testharness.js:633:30)\nCommand: c:\\workspace\\node-test-binary-windows-js-suites\\node\\Release\\node.exe  c:\\workspace\\node-test-binary-windows-js-suites\\node\\test\\wpt\\test-events.js 'AddEventListenerOptions-passive.any.js'\n\n[PASS] Equivalence of option values\n[PASS] Passing an AbortSignal to addEventListener options should allow removing a listener\n[PASS] Passing an AbortSignal to addEventListener does not prevent removeEventListener\n[PASS] Passing an AbortSignal to addEventListener works with the once flag\n[PASS] Removing a once listener works with a passed signal\n[PASS] Passing an AbortSignal to multiple listeners\n[PASS] Passing an AbortSignal to addEventListener works with the capture flag\n[PASS] Aborting from a listener does not call future listeners\n[PASS] Adding then aborting a listener in another listener does not call it\n[PASS] Aborting from a nested listener should remove it\n[PASS] Passing null as the signal should throw\n[PASS] Passing null as the signal should throw (listener is also null)\n[PASS] Event constructors\n[PASS] Event constructors 1\n[PASS] Event constructors 2\n[PASS] Event constructors 3\n[PASS] Event constructors 4\n[PASS] Event constructors 5\n[PASS] Event constructors 6\n[PASS] Event constructors 7\n[PASS] Event constructors 8\n[PASS] Event constructors 9\n[PASS] Event constructors 10\n[PASS] Event constructors 11\n[PASS] Event constructors 12\n[PASS] Event constructors 13\n[EXPECTED_FAILURE][FAIL] Event-isTrusted\nassert_not_equals: got disallowed value undefined\n    at Test.<anonymous> (c:\\workspace\\node-test-binary-windows-js-suites\\node\\test\\fixtures\\wpt\\dom\\events\\Event-isTrusted.any.js:3:3)\n    at Test.step (c:\\workspace\\node-test-binary-windows-js-suites\\node\\test\\fixtures\\wpt\\resources\\testharness.js:2622:25)\n    at test (c:\\workspace\\node-test-binary-windows-js-suites\\node\\test\\fixtures\\wpt\\resources\\testharness.js:633:30)\n    at c:\\workspace\\node-test-binary-windows-js-suites\\node\\test\\fixtures\\wpt\\dom\\events\\Event-isTrusted.any.js:1:1\n    at Script.runInThisContext (node:vm:137:12)\nCommand: c:\\workspace\\node-test-binary-windows-js-suites\\node\\Release\\node.exe  c:\\workspace\\node-test-binary-windows-js-suites\\node\\test\\wpt\\test-events.js 'Event-isTrusted.any.js'\n\n[PASS] Removing an event listener without explicit capture arg should succeed\n[PASS] Adding a null event listener should succeed\n[PASS] A constructed EventTarget can be used as expected\n[UNEXPECTED_FAILURE][FAIL] A constructed EventTarget implements dispatch correctly\nassert_equals: expected null but got object \"[object EventTarget]\"\n    at Test.<anonymous> (c:\\workspace\\node-test-binary-windows-js-suites\\node\\test\\fixtures\\wpt\\dom\\events\\EventTarget-constructible.any.js:39:3)\n    at Test.step (c:\\workspace\\node-test-binary-windows-js-suites\\node\\test\\fixtures\\wpt\\resources\\testharness.js:2622:25)\n    at test (c:\\workspace\\node-test-binary-windows-js-suites\\node\\test\\fixtures\\wpt\\resources\\testharness.js:633:30)\n    at c:\\workspace\\node-test-binary-windows-js-suites\\node\\test\\fixtures\\wpt\\dom\\events\\EventTarget-constructible.any.js:26:1\n    at Script.runInThisContext (node:vm:137:12)\nCommand: c:\\workspace\\node-test-binary-windows-js-suites\\node\\Release\\node.exe  c:\\workspace\\node-test-binary-windows-js-suites\\node\\test\\wpt\\test-events.js 'EventTarget-constructible.any.js'\n\n[PASS] EventTarget can be subclassed\n\n{\n  \"AddEventListenerOptions-passive.any.js\": {\n    \"fail\": {\n      \"expected\": [\n        \"preventDefault should be ignored if-and-only-if the passive option is true\",\n        \"returnValue should be ignored if-and-only-if the passive option is true\",\n        \"passive behavior of one listener should be unaffected by the presence of other listeners\"\n      ]\n    }\n  },\n  \"Event-dispatch-listener-order.window.js\": {\n    \"skip\": \"document is not defined\"\n  },\n  \"Event-isTrusted.any.js\": {\n    \"fail\": {\n      \"expected\": [\n        \"Event-isTrusted\"\n      ]\n    }\n  },\n  \"EventListener-addEventListener.sub.window.js\": {\n    \"skip\": \"document is not defined\"\n  },\n  \"EventTarget-constructible.any.js\": {\n    \"fail\": {\n      \"unexpected\": [\n        \"A constructed EventTarget implements dispatch correctly\"\n      ]\n    }\n  },\n  \"EventTarget-removeEventListener.any.js\": {\n    \"skip\": \"globalThis.removeEventListener is not a function\"\n  },\n  \"event-global-extra.window.js\": {\n    \"skip\": \"document is not defined\"\n  },\n  \"event-global-set-before-handleEvent-lookup.window.js\": {\n    \"skip\": \"window is not defined\"\n  },\n  \"event-global.worker.js\": {\n    \"skip\": \"importScripts is not defined\"\n  },\n  \"legacy-pre-activation-behavior.window.js\": {\n    \"skip\": \"document is not defined\"\n  },\n  \"relatedTarget.window.js\": {\n    \"skip\": \"document is not defined\"\n  }\n}\n\nRan 8/16 tests, 8 skipped, 5 passed, 2 expected failures, 1 unexpected failures, 0 unexpected passes\n(node:3996) AddEventListenerArgumentTypeWarning: addEventListener called with null which has no effect.\n(Use `node --trace-warnings ...` to show where the warning was created)\n(node:3996) AddEventListenerArgumentTypeWarning: addEventListener called with null which has no effect.\n(Use `node --trace-warnings ...` to show where the warning was created)\nc:\\workspace\\node-test-binary-windows-js-suites\\node\\test\\common\\wpt.js:800\n        throw new Error(\n        ^\n\nError: Found 1 unexpected failures. Consider updating test\\wpt\\status\\dom\\events.json for these files:\nEventTarget-constructible.any.js\n    at process.<anonymous> (c:\\workspace\\node-test-binary-windows-js-suites\\node\\test\\common\\wpt.js:800:15)\n    at process.emit (node:events:520:28)\n\nNode.js v23.0.0-pre"},"time":388.007,"fullname":"wpt/test-events","closingTestPoint":false}},{"testName":"wpt/test-structured-clone","timestamp":1725769495733,"status":"REGRESSION","jobName":"node-test-binary-windows-js-suites","config":"node-test-binary-windows-js-suites » 3,win10-COMPILED_BY-vs2022 #30090","buildUrl":"https://ci.nodejs.org/job/node-test-binary-windows-js-suites/RUN_SUBSET=3,nodes=win10-COMPILED_BY-vs2022/30090/","buildNumber":30090,"builtOn":"test-azure_msft-win10_vs2019-x64-3","nodeVersion":"23.0.0","commitHash":"f852d01363ff29030ebc605c4a580d92325cf044","callStack":[{"upstreamBuild":65685,"upstreamProject":"node-test-commit-windows-fanned","upstreamUrl":"job/node-test-commit-windows-fanned/"},{"upstreamBuild":74156,"upstreamProject":"node-test-commit","upstreamUrl":"job/node-test-commit/"},{"upstreamBuild":62129,"upstreamProject":"node-test-pull-request","upstreamUrl":"job/node-test-pull-request/"},{"prId":"54468"}],"tap":{"ok":false,"name":"wpt/test-structured-clone","id":1010,"buffered":false,"tapError":null,"skip":false,"todo":false,"previous":null,"plan":null,"diag":{"severity":"fail","exitcode":1,"stack":"[PASS] primitive undefined\n[PASS] primitive null\n[PASS] primitive true\n[PASS] primitive false\n[PASS] primitive string, empty string\n[PASS] primitive string, lone high surrogate\n[PASS] primitive string, lone low surrogate\n[PASS] primitive string, NUL\n[PASS] primitive string, astral character\n[PASS] primitive number, 0.2\n[PASS] primitive number, 0\n[PASS] primitive number, -0\n[PASS] primitive number, NaN\n[PASS] primitive number, Infinity\n[PASS] primitive number, -Infinity\n[PASS] primitive number, 9007199254740992\n[PASS] primitive number, -9007199254740992\n[PASS] primitive number, 9007199254740994\n[PASS] primitive number, -9007199254740994\n[PASS] primitive BigInt, 0n\n[PASS] primitive BigInt, -0n\n[PASS] primitive BigInt, -9007199254740994000n\n[PASS] primitive BigInt, -9007199254740994000900719925474099400090071992547409940009007199254740994000n\n[PASS] Array primitives\n[PASS] Object primitives\n[PASS] Boolean true\n[PASS] Boolean false\n[PASS] Array Boolean objects\n[PASS] Object Boolean objects\n[PASS] String empty string\n[PASS] String lone high surrogate\n[PASS] String lone low surrogate\n[PASS] String NUL\n[PASS] String astral character\n[PASS] Array String objects\n[PASS] Object String objects\n[PASS] Number 0.2\n[PASS] Number 0\n[PASS] Number -0\n[PASS] Number NaN\n[PASS] Number Infinity\n[PASS] Number -Infinity\n[PASS] Number 9007199254740992\n[PASS] Number -9007199254740992\n[PASS] Number 9007199254740994\n[PASS] Number -9007199254740994\n[PASS] BigInt -9007199254740994n\n[PASS] Array Number objects\n[PASS] Object Number objects\n[PASS] Date 0\n[PASS] Date -0\n[PASS] Date -8.64e15\n[PASS] Date 8.64e15\n[PASS] Array Date objects\n[PASS] Object Date objects\n[PASS] RegExp flags and lastIndex\n[PASS] RegExp sticky flag\n[PASS] RegExp unicode flag\n[PASS] RegExp empty\n[PASS] RegExp slash\n[PASS] RegExp new line\n[PASS] Array RegExp object, RegExp flags and lastIndex\n[PASS] Array RegExp object, RegExp sticky flag\n[PASS] Array RegExp object, RegExp unicode flag\n[PASS] Array RegExp object, RegExp empty\n[PASS] Array RegExp object, RegExp slash\n[PASS] Array RegExp object, RegExp new line\n[PASS] Object RegExp object, RegExp flags and lastIndex\n[PASS] Object RegExp object, RegExp sticky flag\n[PASS] Object RegExp object, RegExp unicode flag\n[PASS] Object RegExp object, RegExp empty\n[PASS] Object RegExp object, RegExp slash\n[PASS] Object RegExp object, RegExp new line\n[PASS] Empty Error object\n[PASS] Error object\n[PASS] EvalError object\n[PASS] RangeError object\n[PASS] ReferenceError object\n[PASS] SyntaxError object\n[PASS] TypeError object\n[PASS] URIError object\n[PASS] Blob basic\n[PASS] Blob unpaired high surrogate (invalid utf-8)\n[PASS] Blob unpaired low surrogate (invalid utf-8)\n[PASS] Blob paired surrogates (invalid utf-8)\n[PASS] Blob empty\n[PASS] Blob NUL\n[PASS] Array Blob object, Blob basic\n[PASS] Array Blob object, Blob unpaired high surrogate (invalid utf-8)\n[PASS] Array Blob object, Blob unpaired low surrogate (invalid utf-8)\n[PASS] Array Blob object, Blob paired surrogates (invalid utf-8)\n[PASS] Array Blob object, Blob empty\n[PASS] Array Blob object, Blob NUL\n[PASS] Array Blob object, two Blobs\n[PASS] Object Blob object, Blob basic\n[PASS] Object Blob object, Blob unpaired high surrogate (invalid utf-8)\n[PASS] Object Blob object, Blob unpaired low surrogate (invalid utf-8)\n[PASS] Object Blob object, Blob paired surrogates (invalid utf-8)\n[PASS] Object Blob object, Blob empty\n[PASS] Object Blob object, Blob NUL\n[EXPECTED_FAILURE][FAIL] File basic\nassert_true: instanceof File expected true got false\n    at compare_File (c:\\workspace\\node-test-binary-windows-js-suites\\node\\test\\fixtures\\wpt\\html\\webappapis\\structured-clone\\structured-clone-battery-of-tests.js:354:3)\n    at Object.f (c:\\workspace\\node-test-binary-windows-js-suites\\node\\test\\fixtures\\wpt\\html\\webappapis\\structured-clone\\structured-clone-battery-of-tests.js:14:13)\n    at process.processTicksAndRejections (node:internal/process/task_queues:105:5)\n    at async Test.<anonymous> (c:\\workspace\\node-test-binary-windows-js-suites\\node\\test\\fixtures\\wpt\\html\\webappapis\\structured-clone\\structured-clone-battery-of-tests-harness.js:38:9)\nCommand: c:\\workspace\\node-test-binary-windows-js-suites\\node\\Release\\node.exe  c:\\workspace\\node-test-binary-windows-js-suites\\node\\test\\wpt\\test-structured-clone.js 'structured-clone.any.js'\n\n[PASS] Array sparse\n[PASS] Array with non-index property\n[PASS] Object with index property and length\n[PASS] Array with circular reference\n[PASS] Object with circular reference\n[PASS] Array with identical property values\n[PASS] Object with identical property values\n[PASS] Object with property on prototype\n[PASS] Object with non-enumerable property\n[PASS] Object with non-writable property\n[PASS] Object with non-configurable property\n[PASS] Object with a getter that throws\n[PASS] ObjectPrototype must lose its exotic-ness when cloned\n[UNEXPECTED_FAILURE][FAIL] Serializing a non-serializable platform object fails\nassert_unreached: Should have rejected: undefined Reached unreachable code\n    at process.processTicksAndRejections (node:internal/process/task_queues:105:5)\n    at async Object.f (c:\\workspace\\node-test-binary-windows-js-suites\\node\\test\\fixtures\\wpt\\html\\webappapis\\structured-clone\\structured-clone-battery-of-tests.js:647:5)\n    at async Test.<anonymous> (c:\\workspace\\node-test-binary-windows-js-suites\\node\\test\\fixtures\\wpt\\html\\webappapis\\structured-clone\\structured-clone-battery-of-tests-harness.js:38:9)\nCommand: c:\\workspace\\node-test-binary-windows-js-suites\\node\\Release\\node.exe  c:\\workspace\\node-test-binary-windows-js-suites\\node\\test\\wpt\\test-structured-clone.js 'structured-clone.any.js'\n\n[PASS] An object whose interface is deleted from the global must still deserialize\n[UNEXPECTED_FAILURE][FAIL] A subclass instance will deserialize as its closest serializable superclass\nassert_equals: expected object \"[object File]\" but got object \"[object Blob]\"\n    at c:\\workspace\\node-test-binary-windows-js-suites\\node\\test\\fixtures\\wpt\\html\\webappapis\\structured-clone\\structured-clone-battery-of-tests.js:677:5\n    at Object.f (c:\\workspace\\node-test-binary-windows-js-suites\\node\\test\\fixtures\\wpt\\html\\webappapis\\structured-clone\\structured-clone-battery-of-tests.js:14:13)\n    at process.processTicksAndRejections (node:internal/process/task_queues:105:5)\n    at async Test.<anonymous> (c:\\workspace\\node-test-binary-windows-js-suites\\node\\test\\fixtures\\wpt\\html\\webappapis\\structured-clone\\structured-clone-battery-of-tests-harness.js:38:9)\nCommand: c:\\workspace\\node-test-binary-windows-js-suites\\node\\Release\\node.exe  c:\\workspace\\node-test-binary-windows-js-suites\\node\\test\\wpt\\test-structured-clone.js 'structured-clone.any.js'\n\n[PASS] Resizable ArrayBuffer\n[UNEXPECTED_FAILURE][FAIL] Growable SharedArrayBuffer\nassert_true: instanceof ArrayBuffer expected true got false\n    at compare_ArrayBuffer (c:\\workspace\\node-test-binary-windows-js-suites\\node\\test\\fixtures\\wpt\\html\\webappapis\\structured-clone\\structured-clone-battery-of-tests.js:383:3)\n    at Object.f (c:\\workspace\\node-test-binary-windows-js-suites\\node\\test\\fixtures\\wpt\\html\\webappapis\\structured-clone\\structured-clone-battery-of-tests.js:697:7)\n    at process.processTicksAndRejections (node:internal/process/task_queues:105:5)\n    at async Test.<anonymous> (c:\\workspace\\node-test-binary-windows-js-suites\\node\\test\\fixtures\\wpt\\html\\webappapis\\structured-clone\\structured-clone-battery-of-tests-harness.js:38:9)\nCommand: c:\\workspace\\node-test-binary-windows-js-suites\\node\\Release\\node.exe  c:\\workspace\\node-test-binary-windows-js-suites\\node\\test\\wpt\\test-structured-clone.js 'structured-clone.any.js'\n\n[PASS] Length-tracking TypedArray\n[PASS] Length-tracking DataView\n[PASS] Serializing OOB TypedArray throws\n[PASS] Serializing OOB DataView throws\n[PASS] ArrayBuffer\n[PASS] MessagePort\n[PASS] A detached ArrayBuffer cannot be transferred\n[PASS] A detached platform object cannot be transferred\n[PASS] Transferring a non-transferable platform object fails\n[PASS] An object whose interface is deleted from the global object must still be received\n[UNEXPECTED_FAILURE][FAIL] A subclass instance will be received as its closest transferable superclass\nassert_equals: expected object \"[object ReadableStream]\" but got object \"[object ReadableStream]\"\n    at Object.f (c:\\workspace\\node-test-binary-windows-js-suites\\node\\test\\fixtures\\wpt\\html\\webappapis\\structured-clone\\structured-clone-battery-of-tests-with-transferables.js:97:5)\n    at async Test.<anonymous> (c:\\workspace\\node-test-binary-windows-js-suites\\node\\test\\fixtures\\wpt\\html\\webappapis\\structured-clone\\structured-clone-battery-of-tests-harness.js:38:9)\nCommand: c:\\workspace\\node-test-binary-windows-js-suites\\node\\Release\\node.exe  c:\\workspace\\node-test-binary-windows-js-suites\\node\\test\\wpt\\test-structured-clone.js 'structured-clone.any.js'\n\n[PASS] Resizable ArrayBuffer is transferable\n[PASS] Length-tracking TypedArray is transferable\n[PASS] Length-tracking DataView is transferable\n[PASS] Transferring OOB TypedArray throws\n[PASS] Transferring OOB DataView throws\n\n{\n  \"structured-clone.any.js\": {\n    \"fail\": {\n      \"expected\": [\n        \"File basic\"\n      ],\n      \"unexpected\": [\n        \"Serializing a non-serializable platform object fails\",\n        \"A subclass instance will deserialize as its closest serializable superclass\",\n        \"Growable SharedArrayBuffer\",\n        \"A subclass instance will be received as its closest transferable superclass\"\n      ]\n    }\n  }\n}\n\nRan 1/1 tests, 0 skipped, -1 passed, 1 expected failures, 1 unexpected failures, 0 unexpected passes\nc:\\workspace\\node-test-binary-windows-js-suites\\node\\test\\common\\wpt.js:800\n        throw new Error(\n        ^\n\nError: Found 1 unexpected failures. Consider updating test\\wpt\\status\\html\\webappapis\\structured-clone.json for these files:\nstructured-clone.any.js\n    at process.<anonymous> (c:\\workspace\\node-test-binary-windows-js-suites\\node\\test\\common\\wpt.js:800:15)\n    at process.emit (node:events:520:28)\n\nNode.js v23.0.0-pre"},"time":362.114,"fullname":"wpt/test-structured-clone","closingTestPoint":false}},{"testName":"wpt/test-abort","timestamp":1725769495733,"status":"REGRESSION","jobName":"node-test-binary-windows-js-suites","config":"node-test-binary-windows-js-suites » 0,win2019-COMPILED_BY-vs2022 #30090","buildUrl":"https://ci.nodejs.org/job/node-test-binary-windows-js-suites/RUN_SUBSET=0,nodes=win2019-COMPILED_BY-vs2022/30090/","buildNumber":30090,"builtOn":"test-rackspace-win2019_vs2019-x64-1","nodeVersion":"23.0.0","commitHash":"f852d01363ff29030ebc605c4a580d92325cf044","callStack":[{"upstreamBuild":65685,"upstreamProject":"node-test-commit-windows-fanned","upstreamUrl":"job/node-test-commit-windows-fanned/"},{"upstreamBuild":74156,"upstreamProject":"node-test-commit","upstreamUrl":"job/node-test-commit/"},{"upstreamBuild":62129,"upstreamProject":"node-test-pull-request","upstreamUrl":"job/node-test-pull-request/"},{"prId":"54468"}],"tap":{"ok":false,"name":"wpt/test-abort","id":1007,"buffered":false,"tapError":null,"skip":false,"todo":false,"previous":null,"plan":null,"diag":{"severity":"fail","exitcode":1,"stack":"[PASS] the AbortSignal.abort() static returns an already aborted signal\n[PASS] AbortSignal.timeout() returns a non-aborted signal\n[PASS] Signal returned by AbortSignal.timeout() times out\n[PASS] AbortSignal timeouts fire in order\n[PASS] AbortController abort() should fire event synchronously\n[PASS] controller.signal should always return the same object\n[PASS] controller.abort() should do nothing the second time it is called\n[PASS] event handler should not be called if added after controller.abort()\n[PASS] the abort event should have the right properties\n[PASS] AbortController abort(reason) should set signal.reason\n[PASS] aborting AbortController without reason creates an \"AbortError\" DOMException\n[PASS] AbortController abort(undefined) creates an \"AbortError\" DOMException\n[PASS] AbortController abort(null) should set signal.reason\n[PASS] static aborting signal should have right properties\n[PASS] static aborting signal with reason should set signal.reason\n[PASS] throwIfAborted() should throw abort.reason if signal aborted\n[PASS] throwIfAborted() should throw primitive abort.reason if signal aborted\n[PASS] throwIfAborted() should not throw if signal not aborted\n[PASS] AbortSignal.reason returns the same DOMException\n[PASS] AbortController.signal.reason returns the same DOMException\n[PASS] AbortSignal.any() works with an empty array of signals\n[PASS] AbortSignal.any() follows a single signal (using AbortController)\n[PASS] AbortSignal.any() follows multiple signals (using AbortController)\n[PASS] AbortSignal.any() returns an aborted signal if passed an aborted signal (using AbortController)\n[PASS] AbortSignal.any() can be passed the same signal more than once (using AbortController)\n[PASS] AbortSignal.any() uses the first instance of a duplicate signal (using AbortController)\n[PASS] AbortSignal.any() signals are composable (using AbortController)\n[PASS] AbortSignal.any() works with intermediate signals (using AbortController)\n[PASS] Abort events for AbortSignal.any() signals fire in the right order (using AbortController)\n[UNEXPECTED_FAILURE][FAIL] Dependent signals for AbortSignal.any() are marked aborted before abort events fire (using AbortController)\nassert_true: event fired expected true got false\n    at Test.<anonymous> (C:\\workspace\\node-test-binary-windows-js-suites\\node\\test\\fixtures\\wpt\\dom\\abort\\resources\\abort-signal-any-tests.js:202:5)\n    at Test.step (C:\\workspace\\node-test-binary-windows-js-suites\\node\\test\\fixtures\\wpt\\resources\\testharness.js:2622:25)\n    at test (C:\\workspace\\node-test-binary-windows-js-suites\\node\\test\\fixtures\\wpt\\resources\\testharness.js:633:30)\n    at abortSignalAnyTests (C:\\workspace\\node-test-binary-windows-js-suites\\node\\test\\fixtures\\wpt\\dom\\abort\\resources\\abort-signal-any-tests.js:186:3)\n    at C:\\workspace\\node-test-binary-windows-js-suites\\node\\test\\fixtures\\wpt\\dom\\abort\\abort-signal-any.any.js:4:1\nCommand: C:\\workspace\\node-test-binary-windows-js-suites\\node\\Release\\node.exe  C:\\workspace\\node-test-binary-windows-js-suites\\node\\test\\wpt\\test-abort.js 'abort-signal-any.any.js'\n\n[UNEXPECTED_FAILURE][FAIL] Dependent signals for AbortSignal.any() are aborted correctly for reentrant aborts (using AbortController)\nassert_equals: expected \"reason 1\" but got \"reason 2\"\n    at Test.<anonymous> (C:\\workspace\\node-test-binary-windows-js-suites\\node\\test\\fixtures\\wpt\\dom\\abort\\resources\\abort-signal-any-tests.js:222:5)\n    at Test.step (C:\\workspace\\node-test-binary-windows-js-suites\\node\\test\\fixtures\\wpt\\resources\\testharness.js:2622:25)\n    at test (C:\\workspace\\node-test-binary-windows-js-suites\\node\\test\\fixtures\\wpt\\resources\\testharness.js:633:30)\n    at abortSignalAnyTests (C:\\workspace\\node-test-binary-windows-js-suites\\node\\test\\fixtures\\wpt\\dom\\abort\\resources\\abort-signal-any-tests.js:205:3)\n    at C:\\workspace\\node-test-binary-windows-js-suites\\node\\test\\fixtures\\wpt\\dom\\abort\\abort-signal-any.any.js:4:1\nCommand: C:\\workspace\\node-test-binary-windows-js-suites\\node\\Release\\node.exe  C:\\workspace\\node-test-binary-windows-js-suites\\node\\test\\wpt\\test-abort.js 'abort-signal-any.any.js'\n\n[PASS] Dependent signals for AbortSignal.any() should use the same DOMException instance from the already aborted source signal (using AbortController)\n[PASS] Dependent signals for AbortSignal.any() should use the same DOMException instance from the source signal being aborted later (using AbortController)\n[UNEXPECTED_FAILURE][UNCAUGHT] evaluation in WPTRunner.runJsTests()\nThis is caused by either a bug in Node.js or incorrect usage of Node.js internals.\nPlease open an issue with this stack trace at https://github.com/nodejs/node/issues\n\nError [ERR_INTERNAL_ASSERTION]: This is caused by either a bug in Node.js or incorrect usage of Node.js internals.\nPlease open an issue with this stack trace at https://github.com/nodejs/node/issues\n\n    at assert (node:internal/assert:14:11)\n    at AbortSignal.any (node:internal/abort_controller:261:11)\n    at AbortSignal.<anonymous> (C:\\workspace\\node-test-binary-windows-js-suites\\node\\test\\fixtures\\wpt\\dom\\abort\\resources\\abort-signal-any-tests.js:193:39)\n    at [nodejs.internal.kHybridDispatch] (node:internal/event_target:816:20)\n    at AbortSignal.dispatchEvent (node:internal/event_target:751:26)\n    at abortSignal (node:internal/abort_controller:382:10)\n    at AbortController.abort (node:internal/abort_controller:404:5)\n    at Test.<anonymous> (C:\\workspace\\node-test-binary-windows-js-suites\\node\\test\\fixtures\\wpt\\dom\\abort\\resources\\abort-signal-any-tests.js:201:16)\n    at Test.step (C:\\workspace\\node-test-binary-windows-js-suites\\node\\test\\fixtures\\wpt\\resources\\testharness.js:2622:25)\n    at test (C:\\workspace\\node-test-binary-windows-js-suites\\node\\test\\fixtures\\wpt\\resources\\testharness.js:633:30) {\n  code: 'ERR_INTERNAL_ASSERTION'\n}\nCommand: C:\\workspace\\node-test-binary-windows-js-suites\\node\\Release\\node.exe  C:\\workspace\\node-test-binary-windows-js-suites\\node\\test\\wpt\\test-abort.js 'abort-signal-any.any.js'\n\n[PASS] signal returned by AbortSignal.abort() should not fire abort event\n\n{\n  \"abort-signal-any.any.js\": {\n    \"fail\": {\n      \"unexpected\": [\n        \"Dependent signals for AbortSignal.any() are marked aborted before abort events fire (using AbortController)\",\n        \"Dependent signals for AbortSignal.any() are aborted correctly for reentrant aborts (using AbortController)\",\n        \"evaluation in WPTRunner.runJsTests()\"\n      ]\n    }\n  }\n}\n\nRan 3/3 tests, 0 skipped, 2 passed, 0 expected failures, 1 unexpected failures, 0 unexpected passes\nC:\\workspace\\node-test-binary-windows-js-suites\\node\\test\\common\\wpt.js:800\n        throw new Error(\n        ^\n\nError: Found 1 unexpected failures. Consider updating test\\wpt\\status\\dom\\abort.json for these files:\nabort-signal-any.any.js\n    at process.<anonymous> (C:\\workspace\\node-test-binary-windows-js-suites\\node\\test\\common\\wpt.js:800:15)\n    at process.emit (node:events:520:28)\n\nNode.js v23.0.0-pre"},"time":2488.129,"fullname":"wpt/test-abort","closingTestPoint":false}},{"testName":"wpt/test-events","timestamp":1725769495733,"status":"REGRESSION","jobName":"node-test-binary-windows-js-suites","config":"node-test-binary-windows-js-suites » 0,win2019-COMPILED_BY-vs2022 #30090","buildUrl":"https://ci.nodejs.org/job/node-test-binary-windows-js-suites/RUN_SUBSET=0,nodes=win2019-COMPILED_BY-vs2022/30090/","buildNumber":30090,"builtOn":"test-rackspace-win2019_vs2019-x64-1","nodeVersion":"23.0.0","commitHash":"f852d01363ff29030ebc605c4a580d92325cf044","callStack":[{"upstreamBuild":65685,"upstreamProject":"node-test-commit-windows-fanned","upstreamUrl":"job/node-test-commit-windows-fanned/"},{"upstreamBuild":74156,"upstreamProject":"node-test-commit","upstreamUrl":"job/node-test-commit/"},{"upstreamBuild":62129,"upstreamProject":"node-test-pull-request","upstreamUrl":"job/node-test-pull-request/"},{"prId":"54468"}],"tap":{"ok":false,"name":"wpt/test-events","id":1009,"buffered":false,"tapError":null,"skip":false,"todo":false,"previous":null,"plan":null,"diag":{"severity":"fail","exitcode":1,"stack":"[SKIPPED] Event-dispatch-listener-order.window.js: document is not defined\n[SKIPPED] event-global-extra.window.js: document is not defined\n[SKIPPED] event-global-set-before-handleEvent-lookup.window.js: window is not defined\n[SKIPPED] event-global.worker.js: importScripts is not defined\n[SKIPPED] EventListener-addEventListener.sub.window.js: document is not defined\n[SKIPPED] EventTarget-removeEventListener.any.js: globalThis.removeEventListener is not a function\n[SKIPPED] legacy-pre-activation-behavior.window.js: document is not defined\n[SKIPPED] relatedTarget.window.js: document is not defined\n[PASS] Once listener should be invoked only once\n[PASS] Once listener should be invoked only once even if the event is nested\n[PASS] Once listener should be added / removed like normal listeners\n[PASS] Multiple once listeners should be invoked even if the stopImmediatePropagation is set\n[PASS] Supports passive option on addEventListener only\n[EXPECTED_FAILURE][FAIL] preventDefault should be ignored if-and-only-if the passive option is true\nassert_equals: Incorrect defaultPrevented for options: {\"passive\":true} expected false but got true\n    at testPassiveValue (C:\\workspace\\node-test-binary-windows-js-suites\\node\\test\\fixtures\\wpt\\dom\\events\\AddEventListenerOptions-passive.any.js:36:3)\n    at Test.<anonymous> (C:\\workspace\\node-test-binary-windows-js-suites\\node\\test\\fixtures\\wpt\\dom\\events\\AddEventListenerOptions-passive.any.js:46:3)\n    at Test.step (C:\\workspace\\node-test-binary-windows-js-suites\\node\\test\\fixtures\\wpt\\resources\\testharness.js:2622:25)\n    at test (C:\\workspace\\node-test-binary-windows-js-suites\\node\\test\\fixtures\\wpt\\resources\\testharness.js:633:30)\n    at C:\\workspace\\node-test-binary-windows-js-suites\\node\\test\\fixtures\\wpt\\dom\\events\\AddEventListenerOptions-passive.any.js:42:1\nCommand: C:\\workspace\\node-test-binary-windows-js-suites\\node\\Release\\node.exe  C:\\workspace\\node-test-binary-windows-js-suites\\node\\test\\wpt\\test-events.js 'AddEventListenerOptions-passive.any.js'\n\n[EXPECTED_FAILURE][FAIL] returnValue should be ignored if-and-only-if the passive option is true\nassert_equals: Incorrect defaultPrevented for options: undefined expected true but got false\n    at testPassiveValueOnReturnValue (C:\\workspace\\node-test-binary-windows-js-suites\\node\\test\\fixtures\\wpt\\dom\\events\\AddEventListenerOptions-passive.any.js:62:3)\n    at Test.<anonymous> (C:\\workspace\\node-test-binary-windows-js-suites\\node\\test\\fixtures\\wpt\\dom\\events\\AddEventListenerOptions-passive.any.js:69:3)\n    at Test.step (C:\\workspace\\node-test-binary-windows-js-suites\\node\\test\\fixtures\\wpt\\resources\\testharness.js:2622:25)\n    at async_test (C:\\workspace\\node-test-binary-windows-js-suites\\node\\test\\fixtures\\wpt\\resources\\testharness.js:681:34)\n    at C:\\workspace\\node-test-binary-windows-js-suites\\node\\test\\fixtures\\wpt\\dom\\events\\AddEventListenerOptions-passive.any.js:68:1\nCommand: C:\\workspace\\node-test-binary-windows-js-suites\\node\\Release\\node.exe  C:\\workspace\\node-test-binary-windows-js-suites\\node\\test\\wpt\\test-events.js 'AddEventListenerOptions-passive.any.js'\n\n[EXPECTED_FAILURE][FAIL] passive behavior of one listener should be unaffected by the presence of other listeners\nassert_equals: Incorrect defaultPrevented for options: {\"passive\":true} expected false but got true\n    at testPassiveValue (C:\\workspace\\node-test-binary-windows-js-suites\\node\\test\\fixtures\\wpt\\dom\\events\\AddEventListenerOptions-passive.any.js:36:3)\n    at testPassiveWithOtherHandlers (C:\\workspace\\node-test-binary-windows-js-suites\\node\\test\\fixtures\\wpt\\dom\\events\\AddEventListenerOptions-passive.any.js:92:3)\n    at Test.<anonymous> (C:\\workspace\\node-test-binary-windows-js-suites\\node\\test\\fixtures\\wpt\\dom\\events\\AddEventListenerOptions-passive.any.js:104:3)\n    at Test.step (C:\\workspace\\node-test-binary-windows-js-suites\\node\\test\\fixtures\\wpt\\resources\\testharness.js:2622:25)\n    at test (C:\\workspace\\node-test-binary-windows-js-suites\\node\\test\\fixtures\\wpt\\resources\\testharness.js:633:30)\nCommand: C:\\workspace\\node-test-binary-windows-js-suites\\node\\Release\\node.exe  C:\\workspace\\node-test-binary-windows-js-suites\\node\\test\\wpt\\test-events.js 'AddEventListenerOptions-passive.any.js'\n\n[PASS] Equivalence of option values\n[EXPECTED_FAILURE][FAIL] Event-isTrusted\nassert_not_equals: got disallowed value undefined\n    at Test.<anonymous> (C:\\workspace\\node-test-binary-windows-js-suites\\node\\test\\fixtures\\wpt\\dom\\events\\Event-isTrusted.any.js:3:3)\n    at Test.step (C:\\workspace\\node-test-binary-windows-js-suites\\node\\test\\fixtures\\wpt\\resources\\testharness.js:2622:25)\n    at test (C:\\workspace\\node-test-binary-windows-js-suites\\node\\test\\fixtures\\wpt\\resources\\testharness.js:633:30)\n    at C:\\workspace\\node-test-binary-windows-js-suites\\node\\test\\fixtures\\wpt\\dom\\events\\Event-isTrusted.any.js:1:1\n    at Script.runInThisContext (node:vm:137:12)\nCommand: C:\\workspace\\node-test-binary-windows-js-suites\\node\\Release\\node.exe  C:\\workspace\\node-test-binary-windows-js-suites\\node\\test\\wpt\\test-events.js 'Event-isTrusted.any.js'\n\n[PASS] Passing an AbortSignal to addEventListener options should allow removing a listener\n[PASS] Passing an AbortSignal to addEventListener does not prevent removeEventListener\n[PASS] Passing an AbortSignal to addEventListener works with the once flag\n[PASS] Removing a once listener works with a passed signal\n[PASS] Passing an AbortSignal to multiple listeners\n[PASS] Passing an AbortSignal to addEventListener works with the capture flag\n[PASS] Aborting from a listener does not call future listeners\n[PASS] Adding then aborting a listener in another listener does not call it\n[PASS] Aborting from a nested listener should remove it\n[PASS] Passing null as the signal should throw\n[PASS] Passing null as the signal should throw (listener is also null)\n[PASS] Removing an event listener without explicit capture arg should succeed\n[PASS] Event constructors\n[PASS] Event constructors 1\n[PASS] Event constructors 2\n[PASS] Event constructors 3\n[PASS] Event constructors 4\n[PASS] Event constructors 5\n[PASS] Event constructors 6\n[PASS] Event constructors 7\n[PASS] Event constructors 8\n[PASS] Event constructors 9\n[PASS] Event constructors 10\n[PASS] Event constructors 11\n[PASS] Event constructors 12\n[PASS] Event constructors 13\n[PASS] Adding a null event listener should succeed\n[PASS] A constructed EventTarget can be used as expected\n[UNEXPECTED_FAILURE][FAIL] A constructed EventTarget implements dispatch correctly\nassert_equals: expected null but got object \"[object EventTarget]\"\n    at Test.<anonymous> (C:\\workspace\\node-test-binary-windows-js-suites\\node\\test\\fixtures\\wpt\\dom\\events\\EventTarget-constructible.any.js:39:3)\n    at Test.step (C:\\workspace\\node-test-binary-windows-js-suites\\node\\test\\fixtures\\wpt\\resources\\testharness.js:2622:25)\n    at test (C:\\workspace\\node-test-binary-windows-js-suites\\node\\test\\fixtures\\wpt\\resources\\testharness.js:633:30)\n    at C:\\workspace\\node-test-binary-windows-js-suites\\node\\test\\fixtures\\wpt\\dom\\events\\EventTarget-constructible.any.js:26:1\n    at Script.runInThisContext (node:vm:137:12)\nCommand: C:\\workspace\\node-test-binary-windows-js-suites\\node\\Release\\node.exe  C:\\workspace\\node-test-binary-windows-js-suites\\node\\test\\wpt\\test-events.js 'EventTarget-constructible.any.js'\n\n[PASS] EventTarget can be subclassed\n\n{\n  \"AddEventListenerOptions-passive.any.js\": {\n    \"fail\": {\n      \"expected\": [\n        \"preventDefault should be ignored if-and-only-if the passive option is true\",\n        \"returnValue should be ignored if-and-only-if the passive option is true\",\n        \"passive behavior of one listener should be unaffected by the presence of other listeners\"\n      ]\n    }\n  },\n  \"Event-dispatch-listener-order.window.js\": {\n    \"skip\": \"document is not defined\"\n  },\n  \"Event-isTrusted.any.js\": {\n    \"fail\": {\n      \"expected\": [\n        \"Event-isTrusted\"\n      ]\n    }\n  },\n  \"EventListener-addEventListener.sub.window.js\": {\n    \"skip\": \"document is not defined\"\n  },\n  \"EventTarget-constructible.any.js\": {\n    \"fail\": {\n      \"unexpected\": [\n        \"A constructed EventTarget implements dispatch correctly\"\n      ]\n    }\n  },\n  \"EventTarget-removeEventListener.any.js\": {\n    \"skip\": \"globalThis.removeEventListener is not a function\"\n  },\n  \"event-global-extra.window.js\": {\n    \"skip\": \"document is not defined\"\n  },\n  \"event-global-set-before-handleEvent-lookup.window.js\": {\n    \"skip\": \"window is not defined\"\n  },\n  \"event-global.worker.js\": {\n    \"skip\": \"importScripts is not defined\"\n  },\n  \"legacy-pre-activation-behavior.window.js\": {\n    \"skip\": \"document is not defined\"\n  },\n  \"relatedTarget.window.js\": {\n    \"skip\": \"document is not defined\"\n  }\n}\n\nRan 8/16 tests, 8 skipped, 5 passed, 2 expected failures, 1 unexpected failures, 0 unexpected passes\n(node:9736) AddEventListenerArgumentTypeWarning: addEventListener called with null which has no effect.\n(Use `node --trace-warnings ...` to show where the warning was created)\n(node:9736) AddEventListenerArgumentTypeWarning: addEventListener called with null which has no effect.\n(Use `node --trace-warnings ...` to show where the warning was created)\nC:\\workspace\\node-test-binary-windows-js-suites\\node\\test\\common\\wpt.js:800\n        throw new Error(\n        ^\n\nError: Found 1 unexpected failures. Consider updating test\\wpt\\status\\dom\\events.json for these files:\nEventTarget-constructible.any.js\n    at process.<anonymous> (C:\\workspace\\node-test-binary-windows-js-suites\\node\\test\\common\\wpt.js:800:15)\n    at process.emit (node:events:520:28)\n\nNode.js v23.0.0-pre"},"time":580.018,"fullname":"wpt/test-events","closingTestPoint":false}},{"testName":"wpt/test-structured-clone","timestamp":1725769495733,"status":"REGRESSION","jobName":"node-test-binary-windows-js-suites","config":"node-test-binary-windows-js-suites » 0,win11-arm64-COMPILED_BY-vs2022-arm64 #30090","buildUrl":"https://ci.nodejs.org/job/node-test-binary-windows-js-suites/RUN_SUBSET=0,nodes=win11-arm64-COMPILED_BY-vs2022-arm64/30090/","buildNumber":30090,"builtOn":"test-azure_msft-win11_vs2022-arm64-6","nodeVersion":"23.0.0","commitHash":"f852d01363ff29030ebc605c4a580d92325cf044","callStack":[{"upstreamBuild":65685,"upstreamProject":"node-test-commit-windows-fanned","upstreamUrl":"job/node-test-commit-windows-fanned/"},{"upstreamBuild":74156,"upstreamProject":"node-test-commit","upstreamUrl":"job/node-test-commit/"},{"upstreamBuild":62129,"upstreamProject":"node-test-pull-request","upstreamUrl":"job/node-test-pull-request/"},{"prId":"54468"}],"tap":{"ok":false,"name":"wpt/test-structured-clone","id":1010,"buffered":false,"tapError":null,"skip":false,"todo":false,"previous":null,"plan":null,"diag":{"severity":"fail","exitcode":1,"stack":"[PASS] primitive undefined\n[PASS] primitive null\n[PASS] primitive true\n[PASS] primitive false\n[PASS] primitive string, empty string\n[PASS] primitive string, lone high surrogate\n[PASS] primitive string, lone low surrogate\n[PASS] primitive string, NUL\n[PASS] primitive string, astral character\n[PASS] primitive number, 0.2\n[PASS] primitive number, 0\n[PASS] primitive number, -0\n[PASS] primitive number, NaN\n[PASS] primitive number, Infinity\n[PASS] primitive number, -Infinity\n[PASS] primitive number, 9007199254740992\n[PASS] primitive number, -9007199254740992\n[PASS] primitive number, 9007199254740994\n[PASS] primitive number, -9007199254740994\n[PASS] primitive BigInt, 0n\n[PASS] primitive BigInt, -0n\n[PASS] primitive BigInt, -9007199254740994000n\n[PASS] primitive BigInt, -9007199254740994000900719925474099400090071992547409940009007199254740994000n\n[PASS] Array primitives\n[PASS] Object primitives\n[PASS] Boolean true\n[PASS] Boolean false\n[PASS] Array Boolean objects\n[PASS] Object Boolean objects\n[PASS] String empty string\n[PASS] String lone high surrogate\n[PASS] String lone low surrogate\n[PASS] String NUL\n[PASS] String astral character\n[PASS] Array String objects\n[PASS] Object String objects\n[PASS] Number 0.2\n[PASS] Number 0\n[PASS] Number -0\n[PASS] Number NaN\n[PASS] Number Infinity\n[PASS] Number -Infinity\n[PASS] Number 9007199254740992\n[PASS] Number -9007199254740992\n[PASS] Number 9007199254740994\n[PASS] Number -9007199254740994\n[PASS] BigInt -9007199254740994n\n[PASS] Array Number objects\n[PASS] Object Number objects\n[PASS] Date 0\n[PASS] Date -0\n[PASS] Date -8.64e15\n[PASS] Date 8.64e15\n[PASS] Array Date objects\n[PASS] Object Date objects\n[PASS] RegExp flags and lastIndex\n[PASS] RegExp sticky flag\n[PASS] RegExp unicode flag\n[PASS] RegExp empty\n[PASS] RegExp slash\n[PASS] RegExp new line\n[PASS] Array RegExp object, RegExp flags and lastIndex\n[PASS] Array RegExp object, RegExp sticky flag\n[PASS] Array RegExp object, RegExp unicode flag\n[PASS] Array RegExp object, RegExp empty\n[PASS] Array RegExp object, RegExp slash\n[PASS] Array RegExp object, RegExp new line\n[PASS] Object RegExp object, RegExp flags and lastIndex\n[PASS] Object RegExp object, RegExp sticky flag\n[PASS] Object RegExp object, RegExp unicode flag\n[PASS] Object RegExp object, RegExp empty\n[PASS] Object RegExp object, RegExp slash\n[PASS] Object RegExp object, RegExp new line\n[PASS] Empty Error object\n[PASS] Error object\n[PASS] EvalError object\n[PASS] RangeError object\n[PASS] ReferenceError object\n[PASS] SyntaxError object\n[PASS] TypeError object\n[PASS] URIError object\n[PASS] Blob basic\n[PASS] Blob unpaired high surrogate (invalid utf-8)\n[PASS] Blob unpaired low surrogate (invalid utf-8)\n[PASS] Blob paired surrogates (invalid utf-8)\n[PASS] Blob empty\n[PASS] Blob NUL\n[PASS] Array Blob object, Blob basic\n[PASS] Array Blob object, Blob unpaired high surrogate (invalid utf-8)\n[PASS] Array Blob object, Blob unpaired low surrogate (invalid utf-8)\n[PASS] Array Blob object, Blob paired surrogates (invalid utf-8)\n[PASS] Array Blob object, Blob empty\n[PASS] Array Blob object, Blob NUL\n[PASS] Array Blob object, two Blobs\n[PASS] Object Blob object, Blob basic\n[PASS] Object Blob object, Blob unpaired high surrogate (invalid utf-8)\n[PASS] Object Blob object, Blob unpaired low surrogate (invalid utf-8)\n[PASS] Object Blob object, Blob paired surrogates (invalid utf-8)\n[PASS] Object Blob object, Blob empty\n[PASS] Object Blob object, Blob NUL\n[EXPECTED_FAILURE][FAIL] File basic\nassert_true: instanceof File expected true got false\n    at compare_File (d:\\workspace\\node-test-binary-windows-js-suites\\node\\test\\fixtures\\wpt\\html\\webappapis\\structured-clone\\structured-clone-battery-of-tests.js:354:3)\n    at Object.f (d:\\workspace\\node-test-binary-windows-js-suites\\node\\test\\fixtures\\wpt\\html\\webappapis\\structured-clone\\structured-clone-battery-of-tests.js:14:13)\n    at process.processTicksAndRejections (node:internal/process/task_queues:105:5)\n    at async Test.<anonymous> (d:\\workspace\\node-test-binary-windows-js-suites\\node\\test\\fixtures\\wpt\\html\\webappapis\\structured-clone\\structured-clone-battery-of-tests-harness.js:38:9)\nCommand: d:\\workspace\\node-test-binary-windows-js-suites\\node\\Release\\node.exe  d:\\workspace\\node-test-binary-windows-js-suites\\node\\test\\wpt\\test-structured-clone.js 'structured-clone.any.js'\n\n[PASS] Array sparse\n[PASS] Array with non-index property\n[PASS] Object with index property and length\n[PASS] Array with circular reference\n[PASS] Object with circular reference\n[PASS] Array with identical property values\n[PASS] Object with identical property values\n[PASS] Object with property on prototype\n[PASS] Object with non-enumerable property\n[PASS] Object with non-writable property\n[PASS] Object with non-configurable property\n[PASS] Object with a getter that throws\n[PASS] ObjectPrototype must lose its exotic-ness when cloned\n[UNEXPECTED_FAILURE][FAIL] Serializing a non-serializable platform object fails\nassert_unreached: Should have rejected: undefined Reached unreachable code\n    at process.processTicksAndRejections (node:internal/process/task_queues:105:5)\n    at async Object.f (d:\\workspace\\node-test-binary-windows-js-suites\\node\\test\\fixtures\\wpt\\html\\webappapis\\structured-clone\\structured-clone-battery-of-tests.js:647:5)\n    at async Test.<anonymous> (d:\\workspace\\node-test-binary-windows-js-suites\\node\\test\\fixtures\\wpt\\html\\webappapis\\structured-clone\\structured-clone-battery-of-tests-harness.js:38:9)\nCommand: d:\\workspace\\node-test-binary-windows-js-suites\\node\\Release\\node.exe  d:\\workspace\\node-test-binary-windows-js-suites\\node\\test\\wpt\\test-structured-clone.js 'structured-clone.any.js'\n\n[PASS] An object whose interface is deleted from the global must still deserialize\n[UNEXPECTED_FAILURE][FAIL] A subclass instance will deserialize as its closest serializable superclass\nassert_equals: expected object \"[object File]\" but got object \"[object Blob]\"\n    at d:\\workspace\\node-test-binary-windows-js-suites\\node\\test\\fixtures\\wpt\\html\\webappapis\\structured-clone\\structured-clone-battery-of-tests.js:677:5\n    at Object.f (d:\\workspace\\node-test-binary-windows-js-suites\\node\\test\\fixtures\\wpt\\html\\webappapis\\structured-clone\\structured-clone-battery-of-tests.js:14:13)\n    at process.processTicksAndRejections (node:internal/process/task_queues:105:5)\n    at async Test.<anonymous> (d:\\workspace\\node-test-binary-windows-js-suites\\node\\test\\fixtures\\wpt\\html\\webappapis\\structured-clone\\structured-clone-battery-of-tests-harness.js:38:9)\nCommand: d:\\workspace\\node-test-binary-windows-js-suites\\node\\Release\\node.exe  d:\\workspace\\node-test-binary-windows-js-suites\\node\\test\\wpt\\test-structured-clone.js 'structured-clone.any.js'\n\n[PASS] Resizable ArrayBuffer\n[UNEXPECTED_FAILURE][FAIL] Growable SharedArrayBuffer\nassert_true: instanceof ArrayBuffer expected true got false\n    at compare_ArrayBuffer (d:\\workspace\\node-test-binary-windows-js-suites\\node\\test\\fixtures\\wpt\\html\\webappapis\\structured-clone\\structured-clone-battery-of-tests.js:383:3)\n    at Object.f (d:\\workspace\\node-test-binary-windows-js-suites\\node\\test\\fixtures\\wpt\\html\\webappapis\\structured-clone\\structured-clone-battery-of-tests.js:697:7)\n    at process.processTicksAndRejections (node:internal/process/task_queues:105:5)\n    at async Test.<anonymous> (d:\\workspace\\node-test-binary-windows-js-suites\\node\\test\\fixtures\\wpt\\html\\webappapis\\structured-clone\\structured-clone-battery-of-tests-harness.js:38:9)\nCommand: d:\\workspace\\node-test-binary-windows-js-suites\\node\\Release\\node.exe  d:\\workspace\\node-test-binary-windows-js-suites\\node\\test\\wpt\\test-structured-clone.js 'structured-clone.any.js'\n\n[PASS] Length-tracking TypedArray\n[PASS] Length-tracking DataView\n[PASS] Serializing OOB TypedArray throws\n[PASS] Serializing OOB DataView throws\n[PASS] ArrayBuffer\n[PASS] MessagePort\n[PASS] A detached ArrayBuffer cannot be transferred\n[PASS] A detached platform object cannot be transferred\n[PASS] Transferring a non-transferable platform object fails\n[PASS] An object whose interface is deleted from the global object must still be received\n[UNEXPECTED_FAILURE][FAIL] A subclass instance will be received as its closest transferable superclass\nassert_equals: expected object \"[object ReadableStream]\" but got object \"[object ReadableStream]\"\n    at Object.f (d:\\workspace\\node-test-binary-windows-js-suites\\node\\test\\fixtures\\wpt\\html\\webappapis\\structured-clone\\structured-clone-battery-of-tests-with-transferables.js:97:5)\n    at async Test.<anonymous> (d:\\workspace\\node-test-binary-windows-js-suites\\node\\test\\fixtures\\wpt\\html\\webappapis\\structured-clone\\structured-clone-battery-of-tests-harness.js:38:9)\nCommand: d:\\workspace\\node-test-binary-windows-js-suites\\node\\Release\\node.exe  d:\\workspace\\node-test-binary-windows-js-suites\\node\\test\\wpt\\test-structured-clone.js 'structured-clone.any.js'\n\n[PASS] Resizable ArrayBuffer is transferable\n[PASS] Length-tracking TypedArray is transferable\n[PASS] Length-tracking DataView is transferable\n[PASS] Transferring OOB TypedArray throws\n[PASS] Transferring OOB DataView throws\n\n{\n  \"structured-clone.any.js\": {\n    \"fail\": {\n      \"expected\": [\n        \"File basic\"\n      ],\n      \"unexpected\": [\n        \"Serializing a non-serializable platform object fails\",\n        \"A subclass instance will deserialize as its closest serializable superclass\",\n        \"Growable SharedArrayBuffer\",\n        \"A subclass instance will be received as its closest transferable superclass\"\n      ]\n    }\n  }\n}\n\nRan 1/1 tests, 0 skipped, -1 passed, 1 expected failures, 1 unexpected failures, 0 unexpected passes\nd:\\workspace\\node-test-binary-windows-js-suites\\node\\test\\common\\wpt.js:800\n        throw new Error(\n        ^\n\nError: Found 1 unexpected failures. Consider updating test\\wpt\\status\\html\\webappapis\\structured-clone.json for these files:\nstructured-clone.any.js\n    at process.<anonymous> (d:\\workspace\\node-test-binary-windows-js-suites\\node\\test\\common\\wpt.js:800:15)\n    at process.emit (node:events:520:28)\n\nNode.js v23.0.0-pre"},"time":483.767,"fullname":"wpt/test-structured-clone","closingTestPoint":false}},{"testName":"wpt/test-structured-clone","timestamp":1725769495733,"status":"REGRESSION","jobName":"node-test-binary-windows-js-suites","config":"node-test-binary-windows-js-suites » 3,win11-COMPILED_BY-vs2022 #30090","buildUrl":"https://ci.nodejs.org/job/node-test-binary-windows-js-suites/RUN_SUBSET=3,nodes=win11-COMPILED_BY-vs2022/30090/","buildNumber":30090,"builtOn":"test-azure_msft-win11_vs2022-x64-2","nodeVersion":"23.0.0","commitHash":"f852d01363ff29030ebc605c4a580d92325cf044","callStack":[{"upstreamBuild":65685,"upstreamProject":"node-test-commit-windows-fanned","upstreamUrl":"job/node-test-commit-windows-fanned/"},{"upstreamBuild":74156,"upstreamProject":"node-test-commit","upstreamUrl":"job/node-test-commit/"},{"upstreamBuild":62129,"upstreamProject":"node-test-pull-request","upstreamUrl":"job/node-test-pull-request/"},{"prId":"54468"}],"tap":{"ok":false,"name":"wpt/test-structured-clone","id":1010,"buffered":false,"tapError":null,"skip":false,"todo":false,"previous":null,"plan":null,"diag":{"severity":"fail","exitcode":1,"stack":"[PASS] primitive undefined\n[PASS] primitive null\n[PASS] primitive true\n[PASS] primitive false\n[PASS] primitive string, empty string\n[PASS] primitive string, lone high surrogate\n[PASS] primitive string, lone low surrogate\n[PASS] primitive string, NUL\n[PASS] primitive string, astral character\n[PASS] primitive number, 0.2\n[PASS] primitive number, 0\n[PASS] primitive number, -0\n[PASS] primitive number, NaN\n[PASS] primitive number, Infinity\n[PASS] primitive number, -Infinity\n[PASS] primitive number, 9007199254740992\n[PASS] primitive number, -9007199254740992\n[PASS] primitive number, 9007199254740994\n[PASS] primitive number, -9007199254740994\n[PASS] primitive BigInt, 0n\n[PASS] primitive BigInt, -0n\n[PASS] primitive BigInt, -9007199254740994000n\n[PASS] primitive BigInt, -9007199254740994000900719925474099400090071992547409940009007199254740994000n\n[PASS] Array primitives\n[PASS] Object primitives\n[PASS] Boolean true\n[PASS] Boolean false\n[PASS] Array Boolean objects\n[PASS] Object Boolean objects\n[PASS] String empty string\n[PASS] String lone high surrogate\n[PASS] String lone low surrogate\n[PASS] String NUL\n[PASS] String astral character\n[PASS] Array String objects\n[PASS] Object String objects\n[PASS] Number 0.2\n[PASS] Number 0\n[PASS] Number -0\n[PASS] Number NaN\n[PASS] Number Infinity\n[PASS] Number -Infinity\n[PASS] Number 9007199254740992\n[PASS] Number -9007199254740992\n[PASS] Number 9007199254740994\n[PASS] Number -9007199254740994\n[PASS] BigInt -9007199254740994n\n[PASS] Array Number objects\n[PASS] Object Number objects\n[PASS] Date 0\n[PASS] Date -0\n[PASS] Date -8.64e15\n[PASS] Date 8.64e15\n[PASS] Array Date objects\n[PASS] Object Date objects\n[PASS] RegExp flags and lastIndex\n[PASS] RegExp sticky flag\n[PASS] RegExp unicode flag\n[PASS] RegExp empty\n[PASS] RegExp slash\n[PASS] RegExp new line\n[PASS] Array RegExp object, RegExp flags and lastIndex\n[PASS] Array RegExp object, RegExp sticky flag\n[PASS] Array RegExp object, RegExp unicode flag\n[PASS] Array RegExp object, RegExp empty\n[PASS] Array RegExp object, RegExp slash\n[PASS] Array RegExp object, RegExp new line\n[PASS] Object RegExp object, RegExp flags and lastIndex\n[PASS] Object RegExp object, RegExp sticky flag\n[PASS] Object RegExp object, RegExp unicode flag\n[PASS] Object RegExp object, RegExp empty\n[PASS] Object RegExp object, RegExp slash\n[PASS] Object RegExp object, RegExp new line\n[PASS] Empty Error object\n[PASS] Error object\n[PASS] EvalError object\n[PASS] RangeError object\n[PASS] ReferenceError object\n[PASS] SyntaxError object\n[PASS] TypeError object\n[PASS] URIError object\n[PASS] Blob basic\n[PASS] Blob unpaired high surrogate (invalid utf-8)\n[PASS] Blob unpaired low surrogate (invalid utf-8)\n[PASS] Blob paired surrogates (invalid utf-8)\n[PASS] Blob empty\n[PASS] Blob NUL\n[PASS] Array Blob object, Blob basic\n[PASS] Array Blob object, Blob unpaired high surrogate (invalid utf-8)\n[PASS] Array Blob object, Blob unpaired low surrogate (invalid utf-8)\n[PASS] Array Blob object, Blob paired surrogates (invalid utf-8)\n[PASS] Array Blob object, Blob empty\n[PASS] Array Blob object, Blob NUL\n[PASS] Array Blob object, two Blobs\n[PASS] Object Blob object, Blob basic\n[PASS] Object Blob object, Blob unpaired high surrogate (invalid utf-8)\n[PASS] Object Blob object, Blob unpaired low surrogate (invalid utf-8)\n[PASS] Object Blob object, Blob paired surrogates (invalid utf-8)\n[PASS] Object Blob object, Blob empty\n[PASS] Object Blob object, Blob NUL\n[EXPECTED_FAILURE][FAIL] File basic\nassert_true: instanceof File expected true got false\n    at compare_File (c:\\workspace\\node-test-binary-windows-js-suites\\node\\test\\fixtures\\wpt\\html\\webappapis\\structured-clone\\structured-clone-battery-of-tests.js:354:3)\n    at Object.f (c:\\workspace\\node-test-binary-windows-js-suites\\node\\test\\fixtures\\wpt\\html\\webappapis\\structured-clone\\structured-clone-battery-of-tests.js:14:13)\n    at process.processTicksAndRejections (node:internal/process/task_queues:105:5)\n    at async Test.<anonymous> (c:\\workspace\\node-test-binary-windows-js-suites\\node\\test\\fixtures\\wpt\\html\\webappapis\\structured-clone\\structured-clone-battery-of-tests-harness.js:38:9)\nCommand: c:\\workspace\\node-test-binary-windows-js-suites\\node\\Release\\node.exe  c:\\workspace\\node-test-binary-windows-js-suites\\node\\test\\wpt\\test-structured-clone.js 'structured-clone.any.js'\n\n[PASS] Array sparse\n[PASS] Array with non-index property\n[PASS] Object with index property and length\n[PASS] Array with circular reference\n[PASS] Object with circular reference\n[PASS] Array with identical property values\n[PASS] Object with identical property values\n[PASS] Object with property on prototype\n[PASS] Object with non-enumerable property\n[PASS] Object with non-writable property\n[PASS] Object with non-configurable property\n[PASS] Object with a getter that throws\n[PASS] ObjectPrototype must lose its exotic-ness when cloned\n[UNEXPECTED_FAILURE][FAIL] Serializing a non-serializable platform object fails\nassert_unreached: Should have rejected: undefined Reached unreachable code\n    at process.processTicksAndRejections (node:internal/process/task_queues:105:5)\n    at async Object.f (c:\\workspace\\node-test-binary-windows-js-suites\\node\\test\\fixtures\\wpt\\html\\webappapis\\structured-clone\\structured-clone-battery-of-tests.js:647:5)\n    at async Test.<anonymous> (c:\\workspace\\node-test-binary-windows-js-suites\\node\\test\\fixtures\\wpt\\html\\webappapis\\structured-clone\\structured-clone-battery-of-tests-harness.js:38:9)\nCommand: c:\\workspace\\node-test-binary-windows-js-suites\\node\\Release\\node.exe  c:\\workspace\\node-test-binary-windows-js-suites\\node\\test\\wpt\\test-structured-clone.js 'structured-clone.any.js'\n\n[PASS] An object whose interface is deleted from the global must still deserialize\n[UNEXPECTED_FAILURE][FAIL] A subclass instance will deserialize as its closest serializable superclass\nassert_equals: expected object \"[object File]\" but got object \"[object Blob]\"\n    at c:\\workspace\\node-test-binary-windows-js-suites\\node\\test\\fixtures\\wpt\\html\\webappapis\\structured-clone\\structured-clone-battery-of-tests.js:677:5\n    at Object.f (c:\\workspace\\node-test-binary-windows-js-suites\\node\\test\\fixtures\\wpt\\html\\webappapis\\structured-clone\\structured-clone-battery-of-tests.js:14:13)\n    at process.processTicksAndRejections (node:internal/process/task_queues:105:5)\n    at async Test.<anonymous> (c:\\workspace\\node-test-binary-windows-js-suites\\node\\test\\fixtures\\wpt\\html\\webappapis\\structured-clone\\structured-clone-battery-of-tests-harness.js:38:9)\nCommand: c:\\workspace\\node-test-binary-windows-js-suites\\node\\Release\\node.exe  c:\\workspace\\node-test-binary-windows-js-suites\\node\\test\\wpt\\test-structured-clone.js 'structured-clone.any.js'\n\n[PASS] Resizable ArrayBuffer\n[UNEXPECTED_FAILURE][FAIL] Growable SharedArrayBuffer\nassert_true: instanceof ArrayBuffer expected true got false\n    at compare_ArrayBuffer (c:\\workspace\\node-test-binary-windows-js-suites\\node\\test\\fixtures\\wpt\\html\\webappapis\\structured-clone\\structured-clone-battery-of-tests.js:383:3)\n    at Object.f (c:\\workspace\\node-test-binary-windows-js-suites\\node\\test\\fixtures\\wpt\\html\\webappapis\\structured-clone\\structured-clone-battery-of-tests.js:697:7)\n    at process.processTicksAndRejections (node:internal/process/task_queues:105:5)\n    at async Test.<anonymous> (c:\\workspace\\node-test-binary-windows-js-suites\\node\\test\\fixtures\\wpt\\html\\webappapis\\structured-clone\\structured-clone-battery-of-tests-harness.js:38:9)\nCommand: c:\\workspace\\node-test-binary-windows-js-suites\\node\\Release\\node.exe  c:\\workspace\\node-test-binary-windows-js-suites\\node\\test\\wpt\\test-structured-clone.js 'structured-clone.any.js'\n\n[PASS] Length-tracking TypedArray\n[PASS] Length-tracking DataView\n[PASS] Serializing OOB TypedArray throws\n[PASS] Serializing OOB DataView throws\n[PASS] ArrayBuffer\n[PASS] MessagePort\n[PASS] A detached ArrayBuffer cannot be transferred\n[PASS] A detached platform object cannot be transferred\n[PASS] Transferring a non-transferable platform object fails\n[PASS] An object whose interface is deleted from the global object must still be received\n[UNEXPECTED_FAILURE][FAIL] A subclass instance will be received as its closest transferable superclass\nassert_equals: expected object \"[object ReadableStream]\" but got object \"[object ReadableStream]\"\n    at Object.f (c:\\workspace\\node-test-binary-windows-js-suites\\node\\test\\fixtures\\wpt\\html\\webappapis\\structured-clone\\structured-clone-battery-of-tests-with-transferables.js:97:5)\n    at async Test.<anonymous> (c:\\workspace\\node-test-binary-windows-js-suites\\node\\test\\fixtures\\wpt\\html\\webappapis\\structured-clone\\structured-clone-battery-of-tests-harness.js:38:9)\nCommand: c:\\workspace\\node-test-binary-windows-js-suites\\node\\Release\\node.exe  c:\\workspace\\node-test-binary-windows-js-suites\\node\\test\\wpt\\test-structured-clone.js 'structured-clone.any.js'\n\n[PASS] Resizable ArrayBuffer is transferable\n[PASS] Length-tracking TypedArray is transferable\n[PASS] Length-tracking DataView is transferable\n[PASS] Transferring OOB TypedArray throws\n[PASS] Transferring OOB DataView throws\n\n{\n  \"structured-clone.any.js\": {\n    \"fail\": {\n      \"expected\": [\n        \"File basic\"\n      ],\n      \"unexpected\": [\n        \"Serializing a non-serializable platform object fails\",\n        \"A subclass instance will deserialize as its closest serializable superclass\",\n        \"Growable SharedArrayBuffer\",\n        \"A subclass instance will be received as its closest transferable superclass\"\n      ]\n    }\n  }\n}\n\nRan 1/1 tests, 0 skipped, -1 passed, 1 expected failures, 1 unexpected failures, 0 unexpected passes\nc:\\workspace\\node-test-binary-windows-js-suites\\node\\test\\common\\wpt.js:800\n        throw new Error(\n        ^\n\nError: Found 1 unexpected failures. Consider updating test\\wpt\\status\\html\\webappapis\\structured-clone.json for these files:\nstructured-clone.any.js\n    at process.<anonymous> (c:\\workspace\\node-test-binary-windows-js-suites\\node\\test\\common\\wpt.js:800:15)\n    at process.emit (node:events:520:28)\n\nNode.js v23.0.0-pre"},"time":295.253,"fullname":"wpt/test-structured-clone","closingTestPoint":false}},{"testName":"wpt/test-structured-clone","timestamp":1725769495733,"status":"REGRESSION","jobName":"node-test-binary-windows-js-suites","config":"node-test-binary-windows-js-suites » 3,win2022-COMPILED_BY-vs2022 #30090","buildUrl":"https://ci.nodejs.org/job/node-test-binary-windows-js-suites/RUN_SUBSET=3,nodes=win2022-COMPILED_BY-vs2022/30090/","buildNumber":30090,"builtOn":"test-rackspace-win2022_vs2022-x64-3","nodeVersion":"23.0.0","commitHash":"f852d01363ff29030ebc605c4a580d92325cf044","callStack":[{"upstreamBuild":65685,"upstreamProject":"node-test-commit-windows-fanned","upstreamUrl":"job/node-test-commit-windows-fanned/"},{"upstreamBuild":74156,"upstreamProject":"node-test-commit","upstreamUrl":"job/node-test-commit/"},{"upstreamBuild":62129,"upstreamProject":"node-test-pull-request","upstreamUrl":"job/node-test-pull-request/"},{"prId":"54468"}],"tap":{"ok":false,"name":"wpt/test-structured-clone","id":1010,"buffered":false,"tapError":null,"skip":false,"todo":false,"previous":null,"plan":null,"diag":{"severity":"fail","exitcode":1,"stack":"[PASS] primitive undefined\n[PASS] primitive null\n[PASS] primitive true\n[PASS] primitive false\n[PASS] primitive string, empty string\n[PASS] primitive string, lone high surrogate\n[PASS] primitive string, lone low surrogate\n[PASS] primitive string, NUL\n[PASS] primitive string, astral character\n[PASS] primitive number, 0.2\n[PASS] primitive number, 0\n[PASS] primitive number, -0\n[PASS] primitive number, NaN\n[PASS] primitive number, Infinity\n[PASS] primitive number, -Infinity\n[PASS] primitive number, 9007199254740992\n[PASS] primitive number, -9007199254740992\n[PASS] primitive number, 9007199254740994\n[PASS] primitive number, -9007199254740994\n[PASS] primitive BigInt, 0n\n[PASS] primitive BigInt, -0n\n[PASS] primitive BigInt, -9007199254740994000n\n[PASS] primitive BigInt, -9007199254740994000900719925474099400090071992547409940009007199254740994000n\n[PASS] Array primitives\n[PASS] Object primitives\n[PASS] Boolean true\n[PASS] Boolean false\n[PASS] Array Boolean objects\n[PASS] Object Boolean objects\n[PASS] String empty string\n[PASS] String lone high surrogate\n[PASS] String lone low surrogate\n[PASS] String NUL\n[PASS] String astral character\n[PASS] Array String objects\n[PASS] Object String objects\n[PASS] Number 0.2\n[PASS] Number 0\n[PASS] Number -0\n[PASS] Number NaN\n[PASS] Number Infinity\n[PASS] Number -Infinity\n[PASS] Number 9007199254740992\n[PASS] Number -9007199254740992\n[PASS] Number 9007199254740994\n[PASS] Number -9007199254740994\n[PASS] BigInt -9007199254740994n\n[PASS] Array Number objects\n[PASS] Object Number objects\n[PASS] Date 0\n[PASS] Date -0\n[PASS] Date -8.64e15\n[PASS] Date 8.64e15\n[PASS] Array Date objects\n[PASS] Object Date objects\n[PASS] RegExp flags and lastIndex\n[PASS] RegExp sticky flag\n[PASS] RegExp unicode flag\n[PASS] RegExp empty\n[PASS] RegExp slash\n[PASS] RegExp new line\n[PASS] Array RegExp object, RegExp flags and lastIndex\n[PASS] Array RegExp object, RegExp sticky flag\n[PASS] Array RegExp object, RegExp unicode flag\n[PASS] Array RegExp object, RegExp empty\n[PASS] Array RegExp object, RegExp slash\n[PASS] Array RegExp object, RegExp new line\n[PASS] Object RegExp object, RegExp flags and lastIndex\n[PASS] Object RegExp object, RegExp sticky flag\n[PASS] Object RegExp object, RegExp unicode flag\n[PASS] Object RegExp object, RegExp empty\n[PASS] Object RegExp object, RegExp slash\n[PASS] Object RegExp object, RegExp new line\n[PASS] Empty Error object\n[PASS] Error object\n[PASS] EvalError object\n[PASS] RangeError object\n[PASS] ReferenceError object\n[PASS] SyntaxError object\n[PASS] TypeError object\n[PASS] URIError object\n[PASS] Blob basic\n[PASS] Blob unpaired high surrogate (invalid utf-8)\n[PASS] Blob unpaired low surrogate (invalid utf-8)\n[PASS] Blob paired surrogates (invalid utf-8)\n[PASS] Blob empty\n[PASS] Blob NUL\n[PASS] Array Blob object, Blob basic\n[PASS] Array Blob object, Blob unpaired high surrogate (invalid utf-8)\n[PASS] Array Blob object, Blob unpaired low surrogate (invalid utf-8)\n[PASS] Array Blob object, Blob paired surrogates (invalid utf-8)\n[PASS] Array Blob object, Blob empty\n[PASS] Array Blob object, Blob NUL\n[PASS] Array Blob object, two Blobs\n[PASS] Object Blob object, Blob basic\n[PASS] Object Blob object, Blob unpaired high surrogate (invalid utf-8)\n[PASS] Object Blob object, Blob unpaired low surrogate (invalid utf-8)\n[PASS] Object Blob object, Blob paired surrogates (invalid utf-8)\n[PASS] Object Blob object, Blob empty\n[PASS] Object Blob object, Blob NUL\n[EXPECTED_FAILURE][FAIL] File basic\nassert_true: instanceof File expected true got false\n    at compare_File (C:\\workspace\\node-test-binary-windows-js-suites\\node\\test\\fixtures\\wpt\\html\\webappapis\\structured-clone\\structured-clone-battery-of-tests.js:354:3)\n    at Object.f (C:\\workspace\\node-test-binary-windows-js-suites\\node\\test\\fixtures\\wpt\\html\\webappapis\\structured-clone\\structured-clone-battery-of-tests.js:14:13)\n    at process.processTicksAndRejections (node:internal/process/task_queues:105:5)\n    at async Test.<anonymous> (C:\\workspace\\node-test-binary-windows-js-suites\\node\\test\\fixtures\\wpt\\html\\webappapis\\structured-clone\\structured-clone-battery-of-tests-harness.js:38:9)\nCommand: C:\\workspace\\node-test-binary-windows-js-suites\\node\\Release\\node.exe  C:\\workspace\\node-test-binary-windows-js-suites\\node\\test\\wpt\\test-structured-clone.js 'structured-clone.any.js'\n\n[PASS] Array sparse\n[PASS] Array with non-index property\n[PASS] Object with index property and length\n[PASS] Array with circular reference\n[PASS] Object with circular reference\n[PASS] Array with identical property values\n[PASS] Object with identical property values\n[PASS] Object with property on prototype\n[PASS] Object with non-enumerable property\n[PASS] Object with non-writable property\n[PASS] Object with non-configurable property\n[PASS] Object with a getter that throws\n[PASS] ObjectPrototype must lose its exotic-ness when cloned\n[UNEXPECTED_FAILURE][FAIL] Serializing a non-serializable platform object fails\nassert_unreached: Should have rejected: undefined Reached unreachable code\n    at process.processTicksAndRejections (node:internal/process/task_queues:105:5)\n    at async Object.f (C:\\workspace\\node-test-binary-windows-js-suites\\node\\test\\fixtures\\wpt\\html\\webappapis\\structured-clone\\structured-clone-battery-of-tests.js:647:5)\n    at async Test.<anonymous> (C:\\workspace\\node-test-binary-windows-js-suites\\node\\test\\fixtures\\wpt\\html\\webappapis\\structured-clone\\structured-clone-battery-of-tests-harness.js:38:9)\nCommand: C:\\workspace\\node-test-binary-windows-js-suites\\node\\Release\\node.exe  C:\\workspace\\node-test-binary-windows-js-suites\\node\\test\\wpt\\test-structured-clone.js 'structured-clone.any.js'\n\n[PASS] An object whose interface is deleted from the global must still deserialize\n[UNEXPECTED_FAILURE][FAIL] A subclass instance will deserialize as its closest serializable superclass\nassert_equals: expected object \"[object File]\" but got object \"[object Blob]\"\n    at C:\\workspace\\node-test-binary-windows-js-suites\\node\\test\\fixtures\\wpt\\html\\webappapis\\structured-clone\\structured-clone-battery-of-tests.js:677:5\n    at Object.f (C:\\workspace\\node-test-binary-windows-js-suites\\node\\test\\fixtures\\wpt\\html\\webappapis\\structured-clone\\structured-clone-battery-of-tests.js:14:13)\n    at process.processTicksAndRejections (node:internal/process/task_queues:105:5)\n    at async Test.<anonymous> (C:\\workspace\\node-test-binary-windows-js-suites\\node\\test\\fixtures\\wpt\\html\\webappapis\\structured-clone\\structured-clone-battery-of-tests-harness.js:38:9)\nCommand: C:\\workspace\\node-test-binary-windows-js-suites\\node\\Release\\node.exe  C:\\workspace\\node-test-binary-windows-js-suites\\node\\test\\wpt\\test-structured-clone.js 'structured-clone.any.js'\n\n[PASS] Resizable ArrayBuffer\n[UNEXPECTED_FAILURE][FAIL] Growable SharedArrayBuffer\nassert_true: instanceof ArrayBuffer expected true got false\n    at compare_ArrayBuffer (C:\\workspace\\node-test-binary-windows-js-suites\\node\\test\\fixtures\\wpt\\html\\webappapis\\structured-clone\\structured-clone-battery-of-tests.js:383:3)\n    at Object.f (C:\\workspace\\node-test-binary-windows-js-suites\\node\\test\\fixtures\\wpt\\html\\webappapis\\structured-clone\\structured-clone-battery-of-tests.js:697:7)\n    at process.processTicksAndRejections (node:internal/process/task_queues:105:5)\n    at async Test.<anonymous> (C:\\workspace\\node-test-binary-windows-js-suites\\node\\test\\fixtures\\wpt\\html\\webappapis\\structured-clone\\structured-clone-battery-of-tests-harness.js:38:9)\nCommand: C:\\workspace\\node-test-binary-windows-js-suites\\node\\Release\\node.exe  C:\\workspace\\node-test-binary-windows-js-suites\\node\\test\\wpt\\test-structured-clone.js 'structured-clone.any.js'\n\n[PASS] Length-tracking TypedArray\n[PASS] Length-tracking DataView\n[PASS] Serializing OOB TypedArray throws\n[PASS] Serializing OOB DataView throws\n[PASS] ArrayBuffer\n[PASS] MessagePort\n[PASS] A detached ArrayBuffer cannot be transferred\n[PASS] A detached platform object cannot be transferred\n[PASS] Transferring a non-transferable platform object fails\n[PASS] An object whose interface is deleted from the global object must still be received\n[UNEXPECTED_FAILURE][FAIL] A subclass instance will be received as its closest transferable superclass\nassert_equals: expected object \"[object ReadableStream]\" but got object \"[object ReadableStream]\"\n    at Object.f (C:\\workspace\\node-test-binary-windows-js-suites\\node\\test\\fixtures\\wpt\\html\\webappapis\\structured-clone\\structured-clone-battery-of-tests-with-transferables.js:97:5)\n    at async Test.<anonymous> (C:\\workspace\\node-test-binary-windows-js-suites\\node\\test\\fixtures\\wpt\\html\\webappapis\\structured-clone\\structured-clone-battery-of-tests-harness.js:38:9)\nCommand: C:\\workspace\\node-test-binary-windows-js-suites\\node\\Release\\node.exe  C:\\workspace\\node-test-binary-windows-js-suites\\node\\test\\wpt\\test-structured-clone.js 'structured-clone.any.js'\n\n[PASS] Resizable ArrayBuffer is transferable\n[PASS] Length-tracking TypedArray is transferable\n[PASS] Length-tracking DataView is transferable\n[PASS] Transferring OOB TypedArray throws\n[PASS] Transferring OOB DataView throws\n\n{\n  \"structured-clone.any.js\": {\n    \"fail\": {\n      \"expected\": [\n        \"File basic\"\n      ],\n      \"unexpected\": [\n        \"Serializing a non-serializable platform object fails\",\n        \"A subclass instance will deserialize as its closest serializable superclass\",\n        \"Growable SharedArrayBuffer\",\n        \"A subclass instance will be received as its closest transferable superclass\"\n      ]\n    }\n  }\n}\n\nRan 1/1 tests, 0 skipped, -1 passed, 1 expected failures, 1 unexpected failures, 0 unexpected passes\nC:\\workspace\\node-test-binary-windows-js-suites\\node\\test\\common\\wpt.js:800\n        throw new Error(\n        ^\n\nError: Found 1 unexpected failures. Consider updating test\\wpt\\status\\html\\webappapis\\structured-clone.json for these files:\nstructured-clone.any.js\n    at process.<anonymous> (C:\\workspace\\node-test-binary-windows-js-suites\\node\\test\\common\\wpt.js:800:15)\n    at process.emit (node:events:520:28)\n\nNode.js v23.0.0-pre"},"time":569.002,"fullname":"wpt/test-structured-clone","closingTestPoint":false}},{"testName":"wpt/test-abort","timestamp":1725769495733,"status":"REGRESSION","jobName":"node-test-binary-windows-js-suites","config":"node-test-binary-windows-js-suites » 0,win2022-COMPILED_BY-vs2022 #30090","buildUrl":"https://ci.nodejs.org/job/node-test-binary-windows-js-suites/RUN_SUBSET=0,nodes=win2022-COMPILED_BY-vs2022/30090/","buildNumber":30090,"builtOn":"test-rackspace-win2022_vs2022-x64-2","nodeVersion":"23.0.0","commitHash":"f852d01363ff29030ebc605c4a580d92325cf044","callStack":[{"upstreamBuild":65685,"upstreamProject":"node-test-commit-windows-fanned","upstreamUrl":"job/node-test-commit-windows-fanned/"},{"upstreamBuild":74156,"upstreamProject":"node-test-commit","upstreamUrl":"job/node-test-commit/"},{"upstreamBuild":62129,"upstreamProject":"node-test-pull-request","upstreamUrl":"job/node-test-pull-request/"},{"prId":"54468"}],"tap":{"ok":false,"name":"wpt/test-abort","id":1007,"buffered":false,"tapError":null,"skip":false,"todo":false,"previous":null,"plan":null,"diag":{"severity":"fail","exitcode":1,"stack":"[PASS] AbortSignal.any() works with an empty array of signals\n[PASS] AbortSignal.any() follows a single signal (using AbortController)\n[PASS] AbortSignal.any() follows multiple signals (using AbortController)\n[PASS] the AbortSignal.abort() static returns an already aborted signal\n[PASS] AbortSignal.timeout() returns a non-aborted signal\n[PASS] AbortSignal.any() returns an aborted signal if passed an aborted signal (using AbortController)\n[PASS] AbortSignal.any() can be passed the same signal more than once (using AbortController)\n[PASS] AbortSignal.any() uses the first instance of a duplicate signal (using AbortController)\n[PASS] AbortSignal.any() signals are composable (using AbortController)\n[PASS] AbortSignal.any() works with intermediate signals (using AbortController)\n[PASS] Abort events for AbortSignal.any() signals fire in the right order (using AbortController)\n[PASS] Signal returned by AbortSignal.timeout() times out\n[PASS] AbortSignal timeouts fire in order\n[UNEXPECTED_FAILURE][FAIL] Dependent signals for AbortSignal.any() are marked aborted before abort events fire (using AbortController)\nassert_true: event fired expected true got false\n    at Test.<anonymous> (C:\\workspace\\node-test-binary-windows-js-suites\\node\\test\\fixtures\\wpt\\dom\\abort\\resources\\abort-signal-any-tests.js:202:5)\n    at Test.step (C:\\workspace\\node-test-binary-windows-js-suites\\node\\test\\fixtures\\wpt\\resources\\testharness.js:2622:25)\n    at test (C:\\workspace\\node-test-binary-windows-js-suites\\node\\test\\fixtures\\wpt\\resources\\testharness.js:633:30)\n    at abortSignalAnyTests (C:\\workspace\\node-test-binary-windows-js-suites\\node\\test\\fixtures\\wpt\\dom\\abort\\resources\\abort-signal-any-tests.js:186:3)\n    at C:\\workspace\\node-test-binary-windows-js-suites\\node\\test\\fixtures\\wpt\\dom\\abort\\abort-signal-any.any.js:4:1\nCommand: C:\\workspace\\node-test-binary-windows-js-suites\\node\\Release\\node.exe  C:\\workspace\\node-test-binary-windows-js-suites\\node\\test\\wpt\\test-abort.js 'abort-signal-any.any.js'\n\n[UNEXPECTED_FAILURE][FAIL] Dependent signals for AbortSignal.any() are aborted correctly for reentrant aborts (using AbortController)\nassert_equals: expected \"reason 1\" but got \"reason 2\"\n    at Test.<anonymous> (C:\\workspace\\node-test-binary-windows-js-suites\\node\\test\\fixtures\\wpt\\dom\\abort\\resources\\abort-signal-any-tests.js:222:5)\n    at Test.step (C:\\workspace\\node-test-binary-windows-js-suites\\node\\test\\fixtures\\wpt\\resources\\testharness.js:2622:25)\n    at test (C:\\workspace\\node-test-binary-windows-js-suites\\node\\test\\fixtures\\wpt\\resources\\testharness.js:633:30)\n    at abortSignalAnyTests (C:\\workspace\\node-test-binary-windows-js-suites\\node\\test\\fixtures\\wpt\\dom\\abort\\resources\\abort-signal-any-tests.js:205:3)\n    at C:\\workspace\\node-test-binary-windows-js-suites\\node\\test\\fixtures\\wpt\\dom\\abort\\abort-signal-any.any.js:4:1\nCommand: C:\\workspace\\node-test-binary-windows-js-suites\\node\\Release\\node.exe  C:\\workspace\\node-test-binary-windows-js-suites\\node\\test\\wpt\\test-abort.js 'abort-signal-any.any.js'\n\n[PASS] Dependent signals for AbortSignal.any() should use the same DOMException instance from the already aborted source signal (using AbortController)\n[PASS] Dependent signals for AbortSignal.any() should use the same DOMException instance from the source signal being aborted later (using AbortController)\n[PASS] AbortController abort() should fire event synchronously\n[PASS] controller.signal should always return the same object\n[PASS] controller.abort() should do nothing the second time it is called\n[PASS] event handler should not be called if added after controller.abort()\n[UNEXPECTED_FAILURE][UNCAUGHT] evaluation in WPTRunner.runJsTests()\nThis is caused by either a bug in Node.js or incorrect usage of Node.js internals.\nPlease open an issue with this stack trace at https://github.com/nodejs/node/issues\n\nError [ERR_INTERNAL_ASSERTION]: This is caused by either a bug in Node.js or incorrect usage of Node.js internals.\nPlease open an issue with this stack trace at https://github.com/nodejs/node/issues\n\n    at assert (node:internal/assert:14:11)\n    at AbortSignal.any (node:internal/abort_controller:261:11)\n    at AbortSignal.<anonymous> (C:\\workspace\\node-test-binary-windows-js-suites\\node\\test\\fixtures\\wpt\\dom\\abort\\resources\\abort-signal-any-tests.js:193:39)\n    at [nodejs.internal.kHybridDispatch] (node:internal/event_target:816:20)\n    at AbortSignal.dispatchEvent (node:internal/event_target:751:26)\n    at abortSignal (node:internal/abort_controller:382:10)\n    at AbortController.abort (node:internal/abort_controller:404:5)\n    at Test.<anonymous> (C:\\workspace\\node-test-binary-windows-js-suites\\node\\test\\fixtures\\wpt\\dom\\abort\\resources\\abort-signal-any-tests.js:201:16)\n    at Test.step (C:\\workspace\\node-test-binary-windows-js-suites\\node\\test\\fixtures\\wpt\\resources\\testharness.js:2622:25)\n    at test (C:\\workspace\\node-test-binary-windows-js-suites\\node\\test\\fixtures\\wpt\\resources\\testharness.js:633:30) {\n  code: 'ERR_INTERNAL_ASSERTION'\n}\nCommand: C:\\workspace\\node-test-binary-windows-js-suites\\node\\Release\\node.exe  C:\\workspace\\node-test-binary-windows-js-suites\\node\\test\\wpt\\test-abort.js 'abort-signal-any.any.js'\n\n[PASS] the abort event should have the right properties\n[PASS] AbortController abort(reason) should set signal.reason\n[PASS] aborting AbortController without reason creates an \"AbortError\" DOMException\n[PASS] AbortController abort(undefined) creates an \"AbortError\" DOMException\n[PASS] AbortController abort(null) should set signal.reason\n[PASS] static aborting signal should have right properties\n[PASS] static aborting signal with reason should set signal.reason\n[PASS] throwIfAborted() should throw abort.reason if signal aborted\n[PASS] throwIfAborted() should throw primitive abort.reason if signal aborted\n[PASS] throwIfAborted() should not throw if signal not aborted\n[PASS] AbortSignal.reason returns the same DOMException\n[PASS] AbortController.signal.reason returns the same DOMException\n[PASS] signal returned by AbortSignal.abort() should not fire abort event\n\n{\n  \"abort-signal-any.any.js\": {\n    \"fail\": {\n      \"unexpected\": [\n        \"Dependent signals for AbortSignal.any() are marked aborted before abort events fire (using AbortController)\",\n        \"Dependent signals for AbortSignal.any() are aborted correctly for reentrant aborts (using AbortController)\",\n        \"evaluation in WPTRunner.runJsTests()\"\n      ]\n    }\n  }\n}\n\nRan 3/3 tests, 0 skipped, 2 passed, 0 expected failures, 1 unexpected failures, 0 unexpected passes\nC:\\workspace\\node-test-binary-windows-js-suites\\node\\test\\common\\wpt.js:800\n        throw new Error(\n        ^\n\nError: Found 1 unexpected failures. Consider updating test\\wpt\\status\\dom\\abort.json for these files:\nabort-signal-any.any.js\n    at process.<anonymous> (C:\\workspace\\node-test-binary-windows-js-suites\\node\\test\\common\\wpt.js:800:15)\n    at process.emit (node:events:520:28)\n\nNode.js v23.0.0-pre"},"time":2379.997,"fullname":"wpt/test-abort","closingTestPoint":false}},{"testName":"wpt/test-events","timestamp":1725769495733,"status":"REGRESSION","jobName":"node-test-binary-windows-js-suites","config":"node-test-binary-windows-js-suites » 0,win2022-COMPILED_BY-vs2022 #30090","buildUrl":"https://ci.nodejs.org/job/node-test-binary-windows-js-suites/RUN_SUBSET=0,nodes=win2022-COMPILED_BY-vs2022/30090/","buildNumber":30090,"builtOn":"test-rackspace-win2022_vs2022-x64-2","nodeVersion":"23.0.0","commitHash":"f852d01363ff29030ebc605c4a580d92325cf044","callStack":[{"upstreamBuild":65685,"upstreamProject":"node-test-commit-windows-fanned","upstreamUrl":"job/node-test-commit-windows-fanned/"},{"upstreamBuild":74156,"upstreamProject":"node-test-commit","upstreamUrl":"job/node-test-commit/"},{"upstreamBuild":62129,"upstreamProject":"node-test-pull-request","upstreamUrl":"job/node-test-pull-request/"},{"prId":"54468"}],"tap":{"ok":false,"name":"wpt/test-events","id":1009,"buffered":false,"tapError":null,"skip":false,"todo":false,"previous":null,"plan":null,"diag":{"severity":"fail","exitcode":1,"stack":"[SKIPPED] Event-dispatch-listener-order.window.js: document is not defined\n[SKIPPED] event-global-extra.window.js: document is not defined\n[SKIPPED] event-global-set-before-handleEvent-lookup.window.js: window is not defined\n[SKIPPED] event-global.worker.js: importScripts is not defined\n[SKIPPED] EventListener-addEventListener.sub.window.js: document is not defined\n[SKIPPED] EventTarget-removeEventListener.any.js: globalThis.removeEventListener is not a function\n[SKIPPED] legacy-pre-activation-behavior.window.js: document is not defined\n[SKIPPED] relatedTarget.window.js: document is not defined\n[PASS] Once listener should be invoked only once\n[PASS] Once listener should be invoked only once even if the event is nested\n[PASS] Once listener should be added / removed like normal listeners\n[PASS] Multiple once listeners should be invoked even if the stopImmediatePropagation is set\n[PASS] Supports passive option on addEventListener only\n[EXPECTED_FAILURE][FAIL] preventDefault should be ignored if-and-only-if the passive option is true\nassert_equals: Incorrect defaultPrevented for options: {\"passive\":true} expected false but got true\n    at testPassiveValue (C:\\workspace\\node-test-binary-windows-js-suites\\node\\test\\fixtures\\wpt\\dom\\events\\AddEventListenerOptions-passive.any.js:36:3)\n    at Test.<anonymous> (C:\\workspace\\node-test-binary-windows-js-suites\\node\\test\\fixtures\\wpt\\dom\\events\\AddEventListenerOptions-passive.any.js:46:3)\n    at Test.step (C:\\workspace\\node-test-binary-windows-js-suites\\node\\test\\fixtures\\wpt\\resources\\testharness.js:2622:25)\n    at test (C:\\workspace\\node-test-binary-windows-js-suites\\node\\test\\fixtures\\wpt\\resources\\testharness.js:633:30)\n    at C:\\workspace\\node-test-binary-windows-js-suites\\node\\test\\fixtures\\wpt\\dom\\events\\AddEventListenerOptions-passive.any.js:42:1\nCommand: C:\\workspace\\node-test-binary-windows-js-suites\\node\\Release\\node.exe  C:\\workspace\\node-test-binary-windows-js-suites\\node\\test\\wpt\\test-events.js 'AddEventListenerOptions-passive.any.js'\n\n[EXPECTED_FAILURE][FAIL] returnValue should be ignored if-and-only-if the passive option is true\nassert_equals: Incorrect defaultPrevented for options: undefined expected true but got false\n    at testPassiveValueOnReturnValue (C:\\workspace\\node-test-binary-windows-js-suites\\node\\test\\fixtures\\wpt\\dom\\events\\AddEventListenerOptions-passive.any.js:62:3)\n    at Test.<anonymous> (C:\\workspace\\node-test-binary-windows-js-suites\\node\\test\\fixtures\\wpt\\dom\\events\\AddEventListenerOptions-passive.any.js:69:3)\n    at Test.step (C:\\workspace\\node-test-binary-windows-js-suites\\node\\test\\fixtures\\wpt\\resources\\testharness.js:2622:25)\n    at async_test (C:\\workspace\\node-test-binary-windows-js-suites\\node\\test\\fixtures\\wpt\\resources\\testharness.js:681:34)\n    at C:\\workspace\\node-test-binary-windows-js-suites\\node\\test\\fixtures\\wpt\\dom\\events\\AddEventListenerOptions-passive.any.js:68:1\nCommand: C:\\workspace\\node-test-binary-windows-js-suites\\node\\Release\\node.exe  C:\\workspace\\node-test-binary-windows-js-suites\\node\\test\\wpt\\test-events.js 'AddEventListenerOptions-passive.any.js'\n\n[EXPECTED_FAILURE][FAIL] passive behavior of one listener should be unaffected by the presence of other listeners\nassert_equals: Incorrect defaultPrevented for options: {\"passive\":true} expected false but got true\n    at testPassiveValue (C:\\workspace\\node-test-binary-windows-js-suites\\node\\test\\fixtures\\wpt\\dom\\events\\AddEventListenerOptions-passive.any.js:36:3)\n    at testPassiveWithOtherHandlers (C:\\workspace\\node-test-binary-windows-js-suites\\node\\test\\fixtures\\wpt\\dom\\events\\AddEventListenerOptions-passive.any.js:92:3)\n    at Test.<anonymous> (C:\\workspace\\node-test-binary-windows-js-suites\\node\\test\\fixtures\\wpt\\dom\\events\\AddEventListenerOptions-passive.any.js:104:3)\n    at Test.step (C:\\workspace\\node-test-binary-windows-js-suites\\node\\test\\fixtures\\wpt\\resources\\testharness.js:2622:25)\n    at test (C:\\workspace\\node-test-binary-windows-js-suites\\node\\test\\fixtures\\wpt\\resources\\testharness.js:633:30)\nCommand: C:\\workspace\\node-test-binary-windows-js-suites\\node\\Release\\node.exe  C:\\workspace\\node-test-binary-windows-js-suites\\node\\test\\wpt\\test-events.js 'AddEventListenerOptions-passive.any.js'\n\n[PASS] Equivalence of option values\n[PASS] Passing an AbortSignal to addEventListener options should allow removing a listener\n[PASS] Passing an AbortSignal to addEventListener does not prevent removeEventListener\n[PASS] Passing an AbortSignal to addEventListener works with the once flag\n[PASS] Removing a once listener works with a passed signal\n[PASS] Passing an AbortSignal to multiple listeners\n[PASS] Passing an AbortSignal to addEventListener works with the capture flag\n[PASS] Aborting from a listener does not call future listeners\n[PASS] Adding then aborting a listener in another listener does not call it\n[PASS] Aborting from a nested listener should remove it\n[PASS] Passing null as the signal should throw\n[PASS] Passing null as the signal should throw (listener is also null)\n[EXPECTED_FAILURE][FAIL] Event-isTrusted\nassert_not_equals: got disallowed value undefined\n    at Test.<anonymous> (C:\\workspace\\node-test-binary-windows-js-suites\\node\\test\\fixtures\\wpt\\dom\\events\\Event-isTrusted.any.js:3:3)\n    at Test.step (C:\\workspace\\node-test-binary-windows-js-suites\\node\\test\\fixtures\\wpt\\resources\\testharness.js:2622:25)\n    at test (C:\\workspace\\node-test-binary-windows-js-suites\\node\\test\\fixtures\\wpt\\resources\\testharness.js:633:30)\n    at C:\\workspace\\node-test-binary-windows-js-suites\\node\\test\\fixtures\\wpt\\dom\\events\\Event-isTrusted.any.js:1:1\n    at Script.runInThisContext (node:vm:137:12)\nCommand: C:\\workspace\\node-test-binary-windows-js-suites\\node\\Release\\node.exe  C:\\workspace\\node-test-binary-windows-js-suites\\node\\test\\wpt\\test-events.js 'Event-isTrusted.any.js'\n\n[PASS] Event constructors\n[PASS] Event constructors 1\n[PASS] Event constructors 2\n[PASS] Event constructors 3\n[PASS] Event constructors 4\n[PASS] Event constructors 5\n[PASS] Event constructors 6\n[PASS] Event constructors 7\n[PASS] Event constructors 8\n[PASS] Event constructors 9\n[PASS] Event constructors 10\n[PASS] Event constructors 11\n[PASS] Event constructors 12\n[PASS] Event constructors 13\n[PASS] Removing an event listener without explicit capture arg should succeed\n[PASS] Adding a null event listener should succeed\n[PASS] A constructed EventTarget can be used as expected\n[UNEXPECTED_FAILURE][FAIL] A constructed EventTarget implements dispatch correctly\nassert_equals: expected null but got object \"[object EventTarget]\"\n    at Test.<anonymous> (C:\\workspace\\node-test-binary-windows-js-suites\\node\\test\\fixtures\\wpt\\dom\\events\\EventTarget-constructible.any.js:39:3)\n    at Test.step (C:\\workspace\\node-test-binary-windows-js-suites\\node\\test\\fixtures\\wpt\\resources\\testharness.js:2622:25)\n    at test (C:\\workspace\\node-test-binary-windows-js-suites\\node\\test\\fixtures\\wpt\\resources\\testharness.js:633:30)\n    at C:\\workspace\\node-test-binary-windows-js-suites\\node\\test\\fixtures\\wpt\\dom\\events\\EventTarget-constructible.any.js:26:1\n    at Script.runInThisContext (node:vm:137:12)\nCommand: C:\\workspace\\node-test-binary-windows-js-suites\\node\\Release\\node.exe  C:\\workspace\\node-test-binary-windows-js-suites\\node\\test\\wpt\\test-events.js 'EventTarget-constructible.any.js'\n\n[PASS] EventTarget can be subclassed\n\n{\n  \"AddEventListenerOptions-passive.any.js\": {\n    \"fail\": {\n      \"expected\": [\n        \"preventDefault should be ignored if-and-only-if the passive option is true\",\n        \"returnValue should be ignored if-and-only-if the passive option is true\",\n        \"passive behavior of one listener should be unaffected by the presence of other listeners\"\n      ]\n    }\n  },\n  \"Event-dispatch-listener-order.window.js\": {\n    \"skip\": \"document is not defined\"\n  },\n  \"Event-isTrusted.any.js\": {\n    \"fail\": {\n      \"expected\": [\n        \"Event-isTrusted\"\n      ]\n    }\n  },\n  \"EventListener-addEventListener.sub.window.js\": {\n    \"skip\": \"document is not defined\"\n  },\n  \"EventTarget-constructible.any.js\": {\n    \"fail\": {\n      \"unexpected\": [\n        \"A constructed EventTarget implements dispatch correctly\"\n      ]\n    }\n  },\n  \"EventTarget-removeEventListener.any.js\": {\n    \"skip\": \"globalThis.removeEventListener is not a function\"\n  },\n  \"event-global-extra.window.js\": {\n    \"skip\": \"document is not defined\"\n  },\n  \"event-global-set-before-handleEvent-lookup.window.js\": {\n    \"skip\": \"window is not defined\"\n  },\n  \"event-global.worker.js\": {\n    \"skip\": \"importScripts is not defined\"\n  },\n  \"legacy-pre-activation-behavior.window.js\": {\n    \"skip\": \"document is not defined\"\n  },\n  \"relatedTarget.window.js\": {\n    \"skip\": \"document is not defined\"\n  }\n}\n\nRan 8/16 tests, 8 skipped, 5 passed, 2 expected failures, 1 unexpected failures, 0 unexpected passes\n(node:4676) AddEventListenerArgumentTypeWarning: addEventListener called with null which has no effect.\n(Use `node --trace-warnings ...` to show where the warning was created)\n(node:4676) AddEventListenerArgumentTypeWarning: addEventListener called with null which has no effect.\n(Use `node --trace-warnings ...` to show where the warning was created)\nC:\\workspace\\node-test-binary-windows-js-suites\\node\\test\\common\\wpt.js:800\n        throw new Error(\n        ^\n\nError: Found 1 unexpected failures. Consider updating test\\wpt\\status\\dom\\events.json for these files:\nEventTarget-constructible.any.js\n    at process.<anonymous> (C:\\workspace\\node-test-binary-windows-js-suites\\node\\test\\common\\wpt.js:800:15)\n    at process.emit (node:events:520:28)\n\nNode.js v23.0.0-pre"},"time":565.007,"fullname":"wpt/test-events","closingTestPoint":false}},{"testName":"wpt/test-abort","timestamp":1725769495733,"status":"REGRESSION","jobName":"node-test-binary-windows-js-suites","config":"node-test-binary-windows-js-suites » 1,win11-arm64-COMPILED_BY-vs2022-arm64 #30090","buildUrl":"https://ci.nodejs.org/job/node-test-binary-windows-js-suites/RUN_SUBSET=1,nodes=win11-arm64-COMPILED_BY-vs2022-arm64/30090/","buildNumber":30090,"builtOn":"test-azure_msft-win11_vs2022-arm64-3","nodeVersion":"23.0.0","commitHash":"f852d01363ff29030ebc605c4a580d92325cf044","callStack":[{"upstreamBuild":65685,"upstreamProject":"node-test-commit-windows-fanned","upstreamUrl":"job/node-test-commit-windows-fanned/"},{"upstreamBuild":74156,"upstreamProject":"node-test-commit","upstreamUrl":"job/node-test-commit/"},{"upstreamBuild":62129,"upstreamProject":"node-test-pull-request","upstreamUrl":"job/node-test-pull-request/"},{"prId":"54468"}],"tap":{"ok":false,"name":"wpt/test-abort","id":1006,"buffered":false,"tapError":null,"skip":false,"todo":false,"previous":null,"plan":null,"diag":{"severity":"fail","exitcode":1,"stack":"[PASS] the AbortSignal.abort() static returns an already aborted signal\n[PASS] AbortSignal.timeout() returns a non-aborted signal\n[PASS] AbortController abort() should fire event synchronously\n[PASS] controller.signal should always return the same object\n[PASS] controller.abort() should do nothing the second time it is called\n[PASS] event handler should not be called if added after controller.abort()\n[PASS] the abort event should have the right properties\n[PASS] AbortController abort(reason) should set signal.reason\n[PASS] aborting AbortController without reason creates an \"AbortError\" DOMException\n[PASS] AbortController abort(undefined) creates an \"AbortError\" DOMException\n[PASS] AbortController abort(null) should set signal.reason\n[PASS] static aborting signal should have right properties\n[PASS] static aborting signal with reason should set signal.reason\n[PASS] throwIfAborted() should throw abort.reason if signal aborted\n[PASS] throwIfAborted() should throw primitive abort.reason if signal aborted\n[PASS] throwIfAborted() should not throw if signal not aborted\n[PASS] AbortSignal.reason returns the same DOMException\n[PASS] AbortController.signal.reason returns the same DOMException\n[PASS] AbortSignal.any() works with an empty array of signals\n[PASS] AbortSignal.any() follows a single signal (using AbortController)\n[PASS] AbortSignal.any() follows multiple signals (using AbortController)\n[PASS] AbortSignal.any() returns an aborted signal if passed an aborted signal (using AbortController)\n[PASS] AbortSignal.any() can be passed the same signal more than once (using AbortController)\n[PASS] AbortSignal.any() uses the first instance of a duplicate signal (using AbortController)\n[PASS] AbortSignal.any() signals are composable (using AbortController)\n[PASS] AbortSignal.any() works with intermediate signals (using AbortController)\n[PASS] Abort events for AbortSignal.any() signals fire in the right order (using AbortController)\n[UNEXPECTED_FAILURE][FAIL] Dependent signals for AbortSignal.any() are marked aborted before abort events fire (using AbortController)\nassert_true: event fired expected true got false\n    at Test.<anonymous> (d:\\workspace\\node-test-binary-windows-js-suites\\node\\test\\fixtures\\wpt\\dom\\abort\\resources\\abort-signal-any-tests.js:202:5)\n    at Test.step (d:\\workspace\\node-test-binary-windows-js-suites\\node\\test\\fixtures\\wpt\\resources\\testharness.js:2622:25)\n    at test (d:\\workspace\\node-test-binary-windows-js-suites\\node\\test\\fixtures\\wpt\\resources\\testharness.js:633:30)\n    at abortSignalAnyTests (d:\\workspace\\node-test-binary-windows-js-suites\\node\\test\\fixtures\\wpt\\dom\\abort\\resources\\abort-signal-any-tests.js:186:3)\n    at d:\\workspace\\node-test-binary-windows-js-suites\\node\\test\\fixtures\\wpt\\dom\\abort\\abort-signal-any.any.js:4:1\nCommand: d:\\workspace\\node-test-binary-windows-js-suites\\node\\Release\\node.exe  d:\\workspace\\node-test-binary-windows-js-suites\\node\\test\\wpt\\test-abort.js 'abort-signal-any.any.js'\n\n[UNEXPECTED_FAILURE][FAIL] Dependent signals for AbortSignal.any() are aborted correctly for reentrant aborts (using AbortController)\nassert_equals: expected \"reason 1\" but got \"reason 2\"\n    at Test.<anonymous> (d:\\workspace\\node-test-binary-windows-js-suites\\node\\test\\fixtures\\wpt\\dom\\abort\\resources\\abort-signal-any-tests.js:222:5)\n    at Test.step (d:\\workspace\\node-test-binary-windows-js-suites\\node\\test\\fixtures\\wpt\\resources\\testharness.js:2622:25)\n    at test (d:\\workspace\\node-test-binary-windows-js-suites\\node\\test\\fixtures\\wpt\\resources\\testharness.js:633:30)\n    at abortSignalAnyTests (d:\\workspace\\node-test-binary-windows-js-suites\\node\\test\\fixtures\\wpt\\dom\\abort\\resources\\abort-signal-any-tests.js:205:3)\n    at d:\\workspace\\node-test-binary-windows-js-suites\\node\\test\\fixtures\\wpt\\dom\\abort\\abort-signal-any.any.js:4:1\nCommand: d:\\workspace\\node-test-binary-windows-js-suites\\node\\Release\\node.exe  d:\\workspace\\node-test-binary-windows-js-suites\\node\\test\\wpt\\test-abort.js 'abort-signal-any.any.js'\n\n[PASS] Dependent signals for AbortSignal.any() should use the same DOMException instance from the already aborted source signal (using AbortController)\n[PASS] Dependent signals for AbortSignal.any() should use the same DOMException instance from the source signal being aborted later (using AbortController)\n[UNEXPECTED_FAILURE][UNCAUGHT] evaluation in WPTRunner.runJsTests()\nThis is caused by either a bug in Node.js or incorrect usage of Node.js internals.\nPlease open an issue with this stack trace at https://github.com/nodejs/node/issues\n\nError [ERR_INTERNAL_ASSERTION]: This is caused by either a bug in Node.js or incorrect usage of Node.js internals.\nPlease open an issue with this stack trace at https://github.com/nodejs/node/issues\n\n    at assert (node:internal/assert:14:11)\n    at AbortSignal.any (node:internal/abort_controller:261:11)\n    at AbortSignal.<anonymous> (d:\\workspace\\node-test-binary-windows-js-suites\\node\\test\\fixtures\\wpt\\dom\\abort\\resources\\abort-signal-any-tests.js:193:39)\n    at [nodejs.internal.kHybridDispatch] (node:internal/event_target:816:20)\n    at AbortSignal.dispatchEvent (node:internal/event_target:751:26)\n    at abortSignal (node:internal/abort_controller:382:10)\n    at AbortController.abort (node:internal/abort_controller:404:5)\n    at Test.<anonymous> (d:\\workspace\\node-test-binary-windows-js-suites\\node\\test\\fixtures\\wpt\\dom\\abort\\resources\\abort-signal-any-tests.js:201:16)\n    at Test.step (d:\\workspace\\node-test-binary-windows-js-suites\\node\\test\\fixtures\\wpt\\resources\\testharness.js:2622:25)\n    at test (d:\\workspace\\node-test-binary-windows-js-suites\\node\\test\\fixtures\\wpt\\resources\\testharness.js:633:30) {\n  code: 'ERR_INTERNAL_ASSERTION'\n}\nCommand: d:\\workspace\\node-test-binary-windows-js-suites\\node\\Release\\node.exe  d:\\workspace\\node-test-binary-windows-js-suites\\node\\test\\wpt\\test-abort.js 'abort-signal-any.any.js'\n\n[PASS] Signal returned by AbortSignal.timeout() times out\n[PASS] AbortSignal timeouts fire in order\n[PASS] signal returned by AbortSignal.abort() should not fire abort event\n\n{\n  \"abort-signal-any.any.js\": {\n    \"fail\": {\n      \"unexpected\": [\n        \"Dependent signals for AbortSignal.any() are marked aborted before abort events fire (using AbortController)\",\n        \"Dependent signals for AbortSignal.any() are aborted correctly for reentrant aborts (using AbortController)\",\n        \"evaluation in WPTRunner.runJsTests()\"\n      ]\n    }\n  }\n}\n\nRan 3/3 tests, 0 skipped, 2 passed, 0 expected failures, 1 unexpected failures, 0 unexpected passes\nd:\\workspace\\node-test-binary-windows-js-suites\\node\\test\\common\\wpt.js:800\n        throw new Error(\n        ^\n\nError: Found 1 unexpected failures. Consider updating test\\wpt\\status\\dom\\abort.json for these files:\nabort-signal-any.any.js\n    at process.<anonymous> (d:\\workspace\\node-test-binary-windows-js-suites\\node\\test\\common\\wpt.js:800:15)\n    at process.emit (node:events:520:28)\n\nNode.js v23.0.0-pre"},"time":2506.311,"fullname":"wpt/test-abort","closingTestPoint":false}},{"testName":"wpt/test-events","timestamp":1725769495733,"status":"REGRESSION","jobName":"node-test-binary-windows-js-suites","config":"node-test-binary-windows-js-suites » 1,win11-arm64-COMPILED_BY-vs2022-arm64 #30090","buildUrl":"https://ci.nodejs.org/job/node-test-binary-windows-js-suites/RUN_SUBSET=1,nodes=win11-arm64-COMPILED_BY-vs2022-arm64/30090/","buildNumber":30090,"builtOn":"test-azure_msft-win11_vs2022-arm64-3","nodeVersion":"23.0.0","commitHash":"f852d01363ff29030ebc605c4a580d92325cf044","callStack":[{"upstreamBuild":65685,"upstreamProject":"node-test-commit-windows-fanned","upstreamUrl":"job/node-test-commit-windows-fanned/"},{"upstreamBuild":74156,"upstreamProject":"node-test-commit","upstreamUrl":"job/node-test-commit/"},{"upstreamBuild":62129,"upstreamProject":"node-test-pull-request","upstreamUrl":"job/node-test-pull-request/"},{"prId":"54468"}],"tap":{"ok":false,"name":"wpt/test-events","id":1008,"buffered":false,"tapError":null,"skip":false,"todo":false,"previous":null,"plan":null,"diag":{"severity":"fail","exitcode":1,"stack":"[SKIPPED] Event-dispatch-listener-order.window.js: document is not defined\n[SKIPPED] event-global-extra.window.js: document is not defined\n[SKIPPED] event-global-set-before-handleEvent-lookup.window.js: window is not defined\n[SKIPPED] event-global.worker.js: importScripts is not defined\n[SKIPPED] EventListener-addEventListener.sub.window.js: document is not defined\n[SKIPPED] EventTarget-removeEventListener.any.js: globalThis.removeEventListener is not a function\n[SKIPPED] legacy-pre-activation-behavior.window.js: document is not defined\n[SKIPPED] relatedTarget.window.js: document is not defined\n[PASS] Once listener should be invoked only once\n[PASS] Once listener should be invoked only once even if the event is nested\n[PASS] Once listener should be added / removed like normal listeners\n[PASS] Multiple once listeners should be invoked even if the stopImmediatePropagation is set\n[PASS] Supports passive option on addEventListener only\n[PASS] Passing an AbortSignal to addEventListener options should allow removing a listener\n[PASS] Passing an AbortSignal to addEventListener does not prevent removeEventListener\n[PASS] Passing an AbortSignal to addEventListener works with the once flag\n[PASS] Removing a once listener works with a passed signal\n[PASS] Passing an AbortSignal to multiple listeners\n[EXPECTED_FAILURE][FAIL] preventDefault should be ignored if-and-only-if the passive option is true\nassert_equals: Incorrect defaultPrevented for options: {\"passive\":true} expected false but got true\n    at testPassiveValue (d:\\workspace\\node-test-binary-windows-js-suites\\node\\test\\fixtures\\wpt\\dom\\events\\AddEventListenerOptions-passive.any.js:36:3)\n    at Test.<anonymous> (d:\\workspace\\node-test-binary-windows-js-suites\\node\\test\\fixtures\\wpt\\dom\\events\\AddEventListenerOptions-passive.any.js:46:3)\n    at Test.step (d:\\workspace\\node-test-binary-windows-js-suites\\node\\test\\fixtures\\wpt\\resources\\testharness.js:2622:25)\n    at test (d:\\workspace\\node-test-binary-windows-js-suites\\node\\test\\fixtures\\wpt\\resources\\testharness.js:633:30)\n    at d:\\workspace\\node-test-binary-windows-js-suites\\node\\test\\fixtures\\wpt\\dom\\events\\AddEventListenerOptions-passive.any.js:42:1\nCommand: d:\\workspace\\node-test-binary-windows-js-suites\\node\\Release\\node.exe  d:\\workspace\\node-test-binary-windows-js-suites\\node\\test\\wpt\\test-events.js 'AddEventListenerOptions-passive.any.js'\n\n[PASS] Passing an AbortSignal to addEventListener works with the capture flag\n[PASS] Aborting from a listener does not call future listeners\n[PASS] Adding then aborting a listener in another listener does not call it\n[PASS] Aborting from a nested listener should remove it\n[PASS] Passing null as the signal should throw\n[PASS] Passing null as the signal should throw (listener is also null)\n[EXPECTED_FAILURE][FAIL] returnValue should be ignored if-and-only-if the passive option is true\nassert_equals: Incorrect defaultPrevented for options: undefined expected true but got false\n    at testPassiveValueOnReturnValue (d:\\workspace\\node-test-binary-windows-js-suites\\node\\test\\fixtures\\wpt\\dom\\events\\AddEventListenerOptions-passive.any.js:62:3)\n    at Test.<anonymous> (d:\\workspace\\node-test-binary-windows-js-suites\\node\\test\\fixtures\\wpt\\dom\\events\\AddEventListenerOptions-passive.any.js:69:3)\n    at Test.step (d:\\workspace\\node-test-binary-windows-js-suites\\node\\test\\fixtures\\wpt\\resources\\testharness.js:2622:25)\n    at async_test (d:\\workspace\\node-test-binary-windows-js-suites\\node\\test\\fixtures\\wpt\\resources\\testharness.js:681:34)\n    at d:\\workspace\\node-test-binary-windows-js-suites\\node\\test\\fixtures\\wpt\\dom\\events\\AddEventListenerOptions-passive.any.js:68:1\nCommand: d:\\workspace\\node-test-binary-windows-js-suites\\node\\Release\\node.exe  d:\\workspace\\node-test-binary-windows-js-suites\\node\\test\\wpt\\test-events.js 'AddEventListenerOptions-passive.any.js'\n\n[EXPECTED_FAILURE][FAIL] passive behavior of one listener should be unaffected by the presence of other listeners\nassert_equals: Incorrect defaultPrevented for options: {\"passive\":true} expected false but got true\n    at testPassiveValue (d:\\workspace\\node-test-binary-windows-js-suites\\node\\test\\fixtures\\wpt\\dom\\events\\AddEventListenerOptions-passive.any.js:36:3)\n    at testPassiveWithOtherHandlers (d:\\workspace\\node-test-binary-windows-js-suites\\node\\test\\fixtures\\wpt\\dom\\events\\AddEventListenerOptions-passive.any.js:92:3)\n    at Test.<anonymous> (d:\\workspace\\node-test-binary-windows-js-suites\\node\\test\\fixtures\\wpt\\dom\\events\\AddEventListenerOptions-passive.any.js:104:3)\n    at Test.step (d:\\workspace\\node-test-binary-windows-js-suites\\node\\test\\fixtures\\wpt\\resources\\testharness.js:2622:25)\n    at test (d:\\workspace\\node-test-binary-windows-js-suites\\node\\test\\fixtures\\wpt\\resources\\testharness.js:633:30)\nCommand: d:\\workspace\\node-test-binary-windows-js-suites\\node\\Release\\node.exe  d:\\workspace\\node-test-binary-windows-js-suites\\node\\test\\wpt\\test-events.js 'AddEventListenerOptions-passive.any.js'\n\n[PASS] Equivalence of option values\n[PASS] Event constructors\n[PASS] Event constructors 1\n[PASS] Event constructors 2\n[PASS] Event constructors 3\n[PASS] Event constructors 4\n[PASS] Event constructors 5\n[PASS] Event constructors 6\n[PASS] Event constructors 7\n[PASS] Event constructors 8\n[PASS] Event constructors 9\n[PASS] Event constructors 10\n[PASS] Event constructors 11\n[PASS] Event constructors 12\n[PASS] Event constructors 13\n[EXPECTED_FAILURE][FAIL] Event-isTrusted\nassert_not_equals: got disallowed value undefined\n    at Test.<anonymous> (d:\\workspace\\node-test-binary-windows-js-suites\\node\\test\\fixtures\\wpt\\dom\\events\\Event-isTrusted.any.js:3:3)\n    at Test.step (d:\\workspace\\node-test-binary-windows-js-suites\\node\\test\\fixtures\\wpt\\resources\\testharness.js:2622:25)\n    at test (d:\\workspace\\node-test-binary-windows-js-suites\\node\\test\\fixtures\\wpt\\resources\\testharness.js:633:30)\n    at d:\\workspace\\node-test-binary-windows-js-suites\\node\\test\\fixtures\\wpt\\dom\\events\\Event-isTrusted.any.js:1:1\n    at Script.runInThisContext (node:vm:137:12)\nCommand: d:\\workspace\\node-test-binary-windows-js-suites\\node\\Release\\node.exe  d:\\workspace\\node-test-binary-windows-js-suites\\node\\test\\wpt\\test-events.js 'Event-isTrusted.any.js'\n\n[PASS] Removing an event listener without explicit capture arg should succeed\n[PASS] Adding a null event listener should succeed\n[PASS] A constructed EventTarget can be used as expected\n[UNEXPECTED_FAILURE][FAIL] A constructed EventTarget implements dispatch correctly\nassert_equals: expected null but got object \"[object EventTarget]\"\n    at Test.<anonymous> (d:\\workspace\\node-test-binary-windows-js-suites\\node\\test\\fixtures\\wpt\\dom\\events\\EventTarget-constructible.any.js:39:3)\n    at Test.step (d:\\workspace\\node-test-binary-windows-js-suites\\node\\test\\fixtures\\wpt\\resources\\testharness.js:2622:25)\n    at test (d:\\workspace\\node-test-binary-windows-js-suites\\node\\test\\fixtures\\wpt\\resources\\testharness.js:633:30)\n    at d:\\workspace\\node-test-binary-windows-js-suites\\node\\test\\fixtures\\wpt\\dom\\events\\EventTarget-constructible.any.js:26:1\n    at Script.runInThisContext (node:vm:137:12)\nCommand: d:\\workspace\\node-test-binary-windows-js-suites\\node\\Release\\node.exe  d:\\workspace\\node-test-binary-windows-js-suites\\node\\test\\wpt\\test-events.js 'EventTarget-constructible.any.js'\n\n[PASS] EventTarget can be subclassed\n\n{\n  \"AddEventListenerOptions-passive.any.js\": {\n    \"fail\": {\n      \"expected\": [\n        \"preventDefault should be ignored if-and-only-if the passive option is true\",\n        \"returnValue should be ignored if-and-only-if the passive option is true\",\n        \"passive behavior of one listener should be unaffected by the presence of other listeners\"\n      ]\n    }\n  },\n  \"Event-dispatch-listener-order.window.js\": {\n    \"skip\": \"document is not defined\"\n  },\n  \"Event-isTrusted.any.js\": {\n    \"fail\": {\n      \"expected\": [\n        \"Event-isTrusted\"\n      ]\n    }\n  },\n  \"EventListener-addEventListener.sub.window.js\": {\n    \"skip\": \"document is not defined\"\n  },\n  \"EventTarget-constructible.any.js\": {\n    \"fail\": {\n      \"unexpected\": [\n        \"A constructed EventTarget implements dispatch correctly\"\n      ]\n    }\n  },\n  \"EventTarget-removeEventListener.any.js\": {\n    \"skip\": \"globalThis.removeEventListener is not a function\"\n  },\n  \"event-global-extra.window.js\": {\n    \"skip\": \"document is not defined\"\n  },\n  \"event-global-set-before-handleEvent-lookup.window.js\": {\n    \"skip\": \"window is not defined\"\n  },\n  \"event-global.worker.js\": {\n    \"skip\": \"importScripts is not defined\"\n  },\n  \"legacy-pre-activation-behavior.window.js\": {\n    \"skip\": \"document is not defined\"\n  },\n  \"relatedTarget.window.js\": {\n    \"skip\": \"document is not defined\"\n  }\n}\n\nRan 8/16 tests, 8 skipped, 5 passed, 2 expected failures, 1 unexpected failures, 0 unexpected passes\n(node:5152) AddEventListenerArgumentTypeWarning: addEventListener called with null which has no effect.\n(Use `node --trace-warnings ...` to show where the warning was created)\n(node:5152) AddEventListenerArgumentTypeWarning: addEventListener called with null which has no effect.\n(Use `node --trace-warnings ...` to show where the warning was created)\nd:\\workspace\\node-test-binary-windows-js-suites\\node\\test\\common\\wpt.js:800\n        throw new Error(\n        ^\n\nError: Found 1 unexpected failures. Consider updating test\\wpt\\status\\dom\\events.json for these files:\nEventTarget-constructible.any.js\n    at process.<anonymous> (d:\\workspace\\node-test-binary-windows-js-suites\\node\\test\\common\\wpt.js:800:15)\n    at process.emit (node:events:520:28)\n\nNode.js v23.0.0-pre"},"time":801.408,"fullname":"wpt/test-events","closingTestPoint":false}}]}