{"failedTests":[{"testName":"parallel/test-async-context-frame","timestamp":1725799783801,"status":"FAILED","jobName":"node-test-binary-windows-js-suites","config":"node-test-binary-windows-js-suites » 2,win2022-COMPILED_BY-vs2022 #30107","buildUrl":"https://ci.nodejs.org/job/node-test-binary-windows-js-suites/RUN_SUBSET=2,nodes=win2022-COMPILED_BY-vs2022/30107/","buildNumber":30107,"builtOn":"test-rackspace-win2022_vs2022-x64-5","nodeVersion":"23.0.0","commitHash":"513b55375f12307d3eea912bc5d69245ed5ce8ff","callStack":[{"upstreamBuild":65705,"upstreamProject":"node-test-commit-windows-fanned","upstreamUrl":"job/node-test-commit-windows-fanned/"},{"upstreamBuild":74183,"upstreamProject":"node-test-commit","upstreamUrl":"job/node-test-commit/"},{"upstreamBuild":62169,"upstreamProject":"node-test-pull-request","upstreamUrl":"job/node-test-pull-request/"},{"prId":"53757"}],"tap":{"ok":false,"name":"parallel/test-async-context-frame","id":109,"buffered":false,"tapError":null,"skip":false,"todo":": Fix flaky test","previous":null,"plan":null,"diag":{"severity":"flaky","exitcode":1,"stack":"▶ AsyncContextFrame\n  ✔ async-hooks\\test-async-local-storage-args.js (4904.8798ms)\n  ✔ async-hooks\\test-async-local-storage-async-await.js (4327.9394ms)\n  ✔ async-hooks\\test-async-local-storage-async-functions.js (4345.7582ms)\n  ✔ async-hooks\\test-async-local-storage-dgram.js (4263.3709ms)\n  ✔ async-hooks\\test-async-local-storage-enable-disable.js (4509.8956ms)\n  ✔ async-hooks\\test-async-local-storage-enter-with.js (4210.4222ms)\n  ✔ async-hooks\\test-async-local-storage-errors.js (5146.6776ms)\n  ✔ async-hooks\\test-async-local-storage-gcable.js (5177.5173ms)\n  ✖ async-hooks\\test-async-local-storage-http-agent.js (5140.0386ms)\n    AssertionError [ERR_ASSERTION]: Test async-hooks\\test-async-local-storage-http-agent.js failed with exit code 3221225477\n        at TestContext.<anonymous> (file:///C:/workspace/node-test-binary-windows-js-suites/node/test/parallel/test-async-context-frame.mjs:58:7)\n        at process.processTicksAndRejections (node:internal/process/task_queues:105:5)\n        at async Test.run (node:internal/test_runner/test:888:9)\n        at async Promise.all (index 8)\n        at async Suite.run (node:internal/test_runner/test:1268:7)\n        at async startSubtestAfterBootstrap (node:internal/test_runner/harness:280:3) {\n      generatedMessage: false,\n      code: 'ERR_ASSERTION',\n      actual: 3221225477,\n      expected: 0,\n      operator: 'strictEqual'\n    }\n\n  ✔ async-hooks\\test-async-local-storage-http.js (5322.1443ms)\n  ✔ async-hooks\\test-async-local-storage-misc-stores.js (5069.8111ms)\n  ✔ async-hooks\\test-async-local-storage-nested.js (5033.1161ms)\n  ✔ async-hooks\\test-async-local-storage-no-mix-contexts.js (5239.4171ms)\n  ✔ async-hooks\\test-async-local-storage-promises.js (4680.6512ms)\n  ✔ async-hooks\\test-async-local-storage-socket.js (4991.3973ms)\n  ✔ async-hooks\\test-async-local-storage-thenable.js (4795.3906ms)\n  ✔ async-hooks\\test-async-local-storage-tlssocket.js (5045.2571ms)\n  ✔ parallel\\test-async-local-storage-bind.js (4996.1ms)\n  ✔ parallel\\test-async-local-storage-contexts.js (4986.3911ms)\n  ✖ parallel\\test-async-local-storage-deep-stack.js (4547.2589ms)\n    AssertionError [ERR_ASSERTION]: Test parallel\\test-async-local-storage-deep-stack.js failed with exit code 3221225477\n        at TestContext.<anonymous> (file:///C:/workspace/node-test-binary-windows-js-suites/node/test/parallel/test-async-context-frame.mjs:58:7)\n        at process.processTicksAndRejections (node:internal/process/task_queues:105:5)\n        at async Test.run (node:internal/test_runner/test:888:9)\n        at async Promise.all (index 19)\n        at async Suite.run (node:internal/test_runner/test:1268:7)\n        at async startSubtestAfterBootstrap (node:internal/test_runner/harness:280:3) {\n      generatedMessage: false,\n      code: 'ERR_ASSERTION',\n      actual: 3221225477,\n      expected: 0,\n      operator: 'strictEqual'\n    }\n\n  ✔ parallel\\test-async-local-storage-exit-does-not-leak.js (4839.2524ms)\n  ✔ parallel\\test-async-local-storage-http-multiclients.js (4670.3717ms)\n  ✔ parallel\\test-async-local-storage-snapshot.js (4437.9612ms)\n▶ AsyncContextFrame (5606.5743ms)\nℹ tests 23\nℹ suites 1\nℹ pass 21\nℹ fail 2\nℹ cancelled 0\nℹ skipped 0\nℹ todo 0\nℹ duration_ms 5622.9892\n\n✖ failing tests:\n\ntest at test\\parallel\\test-async-context-frame.mjs:48:5\n✖ async-hooks\\test-async-local-storage-http-agent.js (5140.0386ms)\n  AssertionError [ERR_ASSERTION]: Test async-hooks\\test-async-local-storage-http-agent.js failed with exit code 3221225477\n      at TestContext.<anonymous> (file:///C:/workspace/node-test-binary-windows-js-suites/node/test/parallel/test-async-context-frame.mjs:58:7)\n      at process.processTicksAndRejections (node:internal/process/task_queues:105:5)\n      at async Test.run (node:internal/test_runner/test:888:9)\n      at async Promise.all (index 8)\n      at async Suite.run (node:internal/test_runner/test:1268:7)\n      at async startSubtestAfterBootstrap (node:internal/test_runner/harness:280:3) {\n    generatedMessage: false,\n    code: 'ERR_ASSERTION',\n    actual: 3221225477,\n    expected: 0,\n    operator: 'strictEqual'\n  }\n\ntest at test\\parallel\\test-async-context-frame.mjs:48:5\n✖ parallel\\test-async-local-storage-deep-stack.js (4547.2589ms)\n  AssertionError [ERR_ASSERTION]: Test parallel\\test-async-local-storage-deep-stack.js failed with exit code 3221225477\n      at TestContext.<anonymous> (file:///C:/workspace/node-test-binary-windows-js-suites/node/test/parallel/test-async-context-frame.mjs:58:7)\n      at process.processTicksAndRejections (node:internal/process/task_queues:105:5)\n      at async Test.run (node:internal/test_runner/test:888:9)\n      at async Promise.all (index 19)\n      at async Suite.run (node:internal/test_runner/test:1268:7)\n      at async startSubtestAfterBootstrap (node:internal/test_runner/harness:280:3) {\n    generatedMessage: false,\n    code: 'ERR_ASSERTION',\n    actual: 3221225477,\n    expected: 0,\n    operator: 'strictEqual'\n  }"},"time":6138.22,"fullname":"parallel/test-async-context-frame","closingTestPoint":false}},{"testName":"parallel/test-http2-socket-close","timestamp":1725799783801,"status":"FAILED","jobName":"node-test-binary-windows-js-suites","config":"node-test-binary-windows-js-suites » 0,win10-COMPILED_BY-vs2022 #30107","buildUrl":"https://ci.nodejs.org/job/node-test-binary-windows-js-suites/RUN_SUBSET=0,nodes=win10-COMPILED_BY-vs2022/30107/","buildNumber":30107,"builtOn":"test-azure_msft-win10_vs2019-x64-1","nodeVersion":"23.0.0","commitHash":"513b55375f12307d3eea912bc5d69245ed5ce8ff","callStack":[{"upstreamBuild":65705,"upstreamProject":"node-test-commit-windows-fanned","upstreamUrl":"job/node-test-commit-windows-fanned/"},{"upstreamBuild":74183,"upstreamProject":"node-test-commit","upstreamUrl":"job/node-test-commit/"},{"upstreamBuild":62169,"upstreamProject":"node-test-pull-request","upstreamUrl":"job/node-test-pull-request/"},{"prId":"53757"}],"tap":{"ok":false,"name":"parallel/test-http2-socket-close","id":492,"buffered":false,"tapError":null,"skip":false,"todo":": Fix flaky test","previous":null,"plan":null,"diag":{"severity":"flaky","exitcode":1,"stack":"node:events:498\n      throw er; // Unhandled 'error' event\n      ^\n\nError: read ECONNRESET\n    at TLSWrap.onStreamRead (node:internal/stream_base_commons:216:20)\nEmitted 'error' event on ClientHttp2Stream instance at:\n    at emitErrorNT (node:internal/streams/destroy:170:8)\n    at emitErrorCloseNT (node:internal/streams/destroy:129:3)\n    at process.processTicksAndRejections (node:internal/process/task_queues:90:21) {\n  errno: -4077,\n  code: 'ECONNRESET',\n  syscall: 'read'\n}\n\nNode.js v23.0.0-pre"},"time":1896.017,"fullname":"parallel/test-http2-socket-close","closingTestPoint":false}}]}