{"failedTests":[{"testName":"parallel/test-async-context-frame","timestamp":1725889104473,"status":"FAILED","jobName":"node-test-binary-windows-js-suites","config":"node-test-binary-windows-js-suites » 2,win2022-COMPILED_BY-vs2022 #30125","buildUrl":"https://ci.nodejs.org/job/node-test-binary-windows-js-suites/RUN_SUBSET=2,nodes=win2022-COMPILED_BY-vs2022/30125/","buildNumber":30125,"builtOn":"test-rackspace-win2022_vs2022-x64-2","nodeVersion":"23.0.0","commitHash":"104de8ab88befd5340a50f10d619e0c7374042f8","callStack":[{"upstreamBuild":65730,"upstreamProject":"node-test-commit-windows-fanned","upstreamUrl":"job/node-test-commit-windows-fanned/"},{"upstreamBuild":74211,"upstreamProject":"node-test-commit","upstreamUrl":"job/node-test-commit/"},{"upstreamBuild":62190,"upstreamProject":"node-test-pull-request","upstreamUrl":"job/node-test-pull-request/"},{"prId":"54739"}],"tap":{"ok":false,"name":"parallel/test-async-context-frame","id":111,"buffered":false,"tapError":null,"skip":false,"todo":false,"previous":null,"plan":null,"diag":{"severity":"fail","exitcode":1,"stack":"▶ AsyncContextFrame\n  ✔ async-hooks\\test-async-local-storage-args.js (5087.9454ms)\n  ✔ async-hooks\\test-async-local-storage-async-await.js (4153.6586ms)\n  ✔ async-hooks\\test-async-local-storage-async-functions.js (5424.3438ms)\n  ✔ async-hooks\\test-async-local-storage-dgram.js (4835.2723ms)\n  ✔ async-hooks\\test-async-local-storage-enable-disable.js (5108.5945ms)\n  ✔ async-hooks\\test-async-local-storage-enter-with.js (4910.4574ms)\n  ✔ async-hooks\\test-async-local-storage-errors.js (5254.0055ms)\n  ✔ async-hooks\\test-async-local-storage-gcable.js (5788.2177ms)\n  ✔ async-hooks\\test-async-local-storage-http-agent.js (5688.4074ms)\n  ✔ async-hooks\\test-async-local-storage-http.js (5962.0261ms)\n  ✖ async-hooks\\test-async-local-storage-misc-stores.js (5606.8764ms)\n    AssertionError [ERR_ASSERTION]: Test async-hooks\\test-async-local-storage-misc-stores.js failed with exit code 3221225477\n        at TestContext.<anonymous> (file:///C:/workspace/node-test-binary-windows-js-suites/node/test/parallel/test-async-context-frame.mjs:58:7)\n        at process.processTicksAndRejections (node:internal/process/task_queues:105:5)\n        at async Test.run (node:internal/test_runner/test:888:9)\n        at async Promise.all (index 10)\n        at async Suite.run (node:internal/test_runner/test:1268:7)\n        at async startSubtestAfterBootstrap (node:internal/test_runner/harness:280:3) {\n      generatedMessage: false,\n      code: 'ERR_ASSERTION',\n      actual: 3221225477,\n      expected: 0,\n      operator: 'strictEqual'\n    }\n\n  ✔ async-hooks\\test-async-local-storage-nested.js (5888.0576ms)\n  ✔ async-hooks\\test-async-local-storage-no-mix-contexts.js (6096.8916ms)\n  ✔ async-hooks\\test-async-local-storage-promises.js (5614.696ms)\n  ✔ async-hooks\\test-async-local-storage-socket.js (5011.7952ms)\n  ✔ async-hooks\\test-async-local-storage-thenable.js (4741.4627ms)\n  ✔ async-hooks\\test-async-local-storage-tlssocket.js (5665.409ms)\n  ✔ parallel\\test-async-local-storage-bind.js (5266.4228ms)\n  ✔ parallel\\test-async-local-storage-contexts.js (5127.8968ms)\n  ✔ parallel\\test-async-local-storage-deep-stack.js (5556.9189ms)\n  ✔ parallel\\test-async-local-storage-exit-does-not-leak.js (5106.2536ms)\n  ✔ parallel\\test-async-local-storage-http-multiclients.js (5126.9675ms)\n  ✔ parallel\\test-async-local-storage-snapshot.js (4784.979ms)\n▶ AsyncContextFrame (6375.1357ms)\nℹ tests 23\nℹ suites 1\nℹ pass 22\nℹ fail 1\nℹ cancelled 0\nℹ skipped 0\nℹ todo 0\nℹ duration_ms 6390.5218\n\n✖ failing tests:\n\ntest at test\\parallel\\test-async-context-frame.mjs:48:5\n✖ async-hooks\\test-async-local-storage-misc-stores.js (5606.8764ms)\n  AssertionError [ERR_ASSERTION]: Test async-hooks\\test-async-local-storage-misc-stores.js failed with exit code 3221225477\n      at TestContext.<anonymous> (file:///C:/workspace/node-test-binary-windows-js-suites/node/test/parallel/test-async-context-frame.mjs:58:7)\n      at process.processTicksAndRejections (node:internal/process/task_queues:105:5)\n      at async Test.run (node:internal/test_runner/test:888:9)\n      at async Promise.all (index 10)\n      at async Suite.run (node:internal/test_runner/test:1268:7)\n      at async startSubtestAfterBootstrap (node:internal/test_runner/harness:280:3) {\n    generatedMessage: false,\n    code: 'ERR_ASSERTION',\n    actual: 3221225477,\n    expected: 0,\n    operator: 'strictEqual'\n  }"},"time":6918.124,"fullname":"parallel/test-async-context-frame","closingTestPoint":false}},{"testName":"parallel/test-runner-run-watch","timestamp":1725889104473,"status":"FAILED","jobName":"node-test-binary-windows-js-suites","config":"node-test-binary-windows-js-suites » 2,win10-COMPILED_BY-vs2022 #30125","buildUrl":"https://ci.nodejs.org/job/node-test-binary-windows-js-suites/RUN_SUBSET=2,nodes=win10-COMPILED_BY-vs2022/30125/","buildNumber":30125,"builtOn":"test-azure_msft-win10_vs2019-x64-1","nodeVersion":"23.0.0","commitHash":"104de8ab88befd5340a50f10d619e0c7374042f8","callStack":[{"upstreamBuild":65730,"upstreamProject":"node-test-commit-windows-fanned","upstreamUrl":"job/node-test-commit-windows-fanned/"},{"upstreamBuild":74211,"upstreamProject":"node-test-commit","upstreamUrl":"job/node-test-commit/"},{"upstreamBuild":62190,"upstreamProject":"node-test-pull-request","upstreamUrl":"job/node-test-pull-request/"},{"prId":"54739"}],"tap":{"ok":false,"name":"parallel/test-runner-run-watch","id":901,"buffered":false,"tapError":null,"skip":false,"todo":false,"previous":null,"plan":null,"diag":{"severity":"fail","exitcode":1,"stack":"timeout"},"time":122022.855,"fullname":"parallel/test-runner-run-watch","closingTestPoint":false}}]}