{"failedTests":[{"testName":"parallel/test-runner-watch-mode","timestamp":1725938277257,"status":"FAILED","jobName":"node-test-binary-windows-js-suites","config":"node-test-binary-windows-js-suites » 3,win10-COMPILED_BY-vs2022 #30150","buildUrl":"https://ci.nodejs.org/job/node-test-binary-windows-js-suites/RUN_SUBSET=3,nodes=win10-COMPILED_BY-vs2022/30150/","buildNumber":30150,"builtOn":"test-azure_msft-win10_vs2019-x64-1","nodeVersion":"23.0.0","commitHash":"ce678e12a23ca93395433afbfaeb965efa44eddd","callStack":[{"upstreamBuild":65752,"upstreamProject":"node-test-commit-windows-fanned","upstreamUrl":"job/node-test-commit-windows-fanned/"},{"upstreamBuild":74241,"upstreamProject":"node-test-commit","upstreamUrl":"job/node-test-commit/"},{"upstreamBuild":62219,"upstreamProject":"node-test-pull-request","upstreamUrl":"job/node-test-pull-request/"},{"prId":"54837"}],"tap":{"ok":false,"name":"parallel/test-runner-watch-mode","id":903,"buffered":false,"tapError":null,"skip":false,"todo":": Fix flaky test","previous":null,"plan":null,"diag":{"severity":"fail","exitcode":1,"stack":"timeout\n▶ test runner watch mode\n  ✔ should run tests repeatedly (4917.9298ms)"},"time":122113.757,"fullname":"parallel/test-runner-watch-mode","closingTestPoint":false}},{"testName":"sequential/test-watch-mode","timestamp":1725938277257,"status":"FAILED","jobName":"node-test-binary-windows-js-suites","config":"node-test-binary-windows-js-suites » 3,win10-COMPILED_BY-vs2022 #30150","buildUrl":"https://ci.nodejs.org/job/node-test-binary-windows-js-suites/RUN_SUBSET=3,nodes=win10-COMPILED_BY-vs2022/30150/","buildNumber":30150,"builtOn":"test-azure_msft-win10_vs2019-x64-1","nodeVersion":"23.0.0","commitHash":"ce678e12a23ca93395433afbfaeb965efa44eddd","callStack":[{"upstreamBuild":65752,"upstreamProject":"node-test-commit-windows-fanned","upstreamUrl":"job/node-test-commit-windows-fanned/"},{"upstreamBuild":74241,"upstreamProject":"node-test-commit","upstreamUrl":"job/node-test-commit/"},{"upstreamBuild":62219,"upstreamProject":"node-test-pull-request","upstreamUrl":"job/node-test-pull-request/"},{"prId":"54837"}],"tap":{"ok":false,"name":"sequential/test-watch-mode","id":1005,"buffered":false,"tapError":null,"skip":false,"todo":": Fix flaky test","previous":null,"plan":null,"diag":{"severity":"flaky","exitcode":1,"stack":"▶ watch mode\n  ✔ should watch changes to a file (1959.3941ms)\n  ✔ should watch changes to a file - event loop ended (1939.5078ms)\n  ✖ should reload env variables when --env-file changes (1133.9261ms)\n    Error: kill EPERM\n        at ChildProcess.kill (node:internal/child_process:512:26)\n        at done (file:///c:/workspace/node-test-binary-windows-js-suites/node/test/sequential/test-watch-mode.mjs:72:14)\n        at TestContext.<anonymous> (file:///c:/workspace/node-test-binary-windows-js-suites/node/test/sequential/test-watch-mode.mjs:215:13)\n        at async Test.run (node:internal/test_runner/test:888:9)\n        at async Suite.processPendingSubtests (node:internal/test_runner/test:584:7) {\n      errno: -4048,\n      code: 'EPERM',\n      syscall: 'kill'\n    }\n\n  ✔ should load new env variables when --env-file changes (1708.9507ms)\n  ✔ should watch changes to a failing file (1533.1327ms)\n  ✔ should watch changes to a file with watch-path (1473.4251ms)\n  ✔ should watch when running an non-existing file - when specified under --watch-path (1398.0691ms)\n  ✔ should watch when running an non-existing file - when specified under --watch-path with equals (1484.7098ms)\n  ✔ should watch changes to a file - event loop blocked (1399.6812ms)\n  ✔ should watch changes to dependencies - cjs (3699.0693ms)\n  ✔ should watch changes to dependencies - esm (2117.669ms)\n  ✔ should restart multiple times (4038.9855ms)\n  ✔ should pass arguments to file (1674.3644ms)\n  ✔ should load --require modules in the watched process, and not in the orchestrator process (1582.2526ms)\n  ✔ should load --import modules in the watched process, and not in the orchestrator process (1695.7389ms)\n  ✔ should not watch when running an missing file (1444.1917ms)\n  ✔ should not watch when running an missing mjs file (1562.8378ms)\n  ✔ should watch changes to previously missing dependency (1509.3028ms)\n  ✔ should watch changes to previously missing ESM dependency (1617.3545ms)\n  ✔ should clear output between runs (1522.2975ms)\n  ✔ should preserve output when --watch-preserve-output flag is passed (1487.6322ms)\n  ✔ should run when `--watch-path=./foo --require ./bar.js` (1608.8766ms)\n  ✔ should run when `--watch-path=./foo --require=./bar.js` (1531.2026ms)\n  ✔ should run when `--watch-path ./foo --require ./bar.js` (1514.967ms)\n  ✔ should run when `--watch-path=./foo --require=./bar.js` (1555.882ms)\n  ✔ should run when `--watch --inspect` (1642.6168ms)\n  ✔ should run when `--watch -r ./foo.js` (1554.6939ms)\n  ✔ should pass IPC messages from a spawning parent to the child and back (1609.645ms)\n▶ watch mode (49053.9104ms)\nℹ tests 28\nℹ suites 1\nℹ pass 27\nℹ fail 1\nℹ cancelled 0\nℹ skipped 0\nℹ todo 0\nℹ duration_ms 49130.3376\n\n✖ failing tests:\n\ntest at test\\sequential\\test-watch-mode.mjs:195:3\n✖ should reload env variables when --env-file changes (1133.9261ms)\n  Error: kill EPERM\n      at ChildProcess.kill (node:internal/child_process:512:26)\n      at done (file:///c:/workspace/node-test-binary-windows-js-suites/node/test/sequential/test-watch-mode.mjs:72:14)\n      at TestContext.<anonymous> (file:///c:/workspace/node-test-binary-windows-js-suites/node/test/sequential/test-watch-mode.mjs:215:13)\n      at async Test.run (node:internal/test_runner/test:888:9)\n      at async Suite.processPendingSubtests (node:internal/test_runner/test:584:7) {\n    errno: -4048,\n    code: 'EPERM',\n    syscall: 'kill'\n  }"},"time":50603.314,"fullname":"sequential/test-watch-mode","closingTestPoint":false}}]}