{"failedTests":[{"testName":"parallel/test-runner-watch-mode","timestamp":1726078654031,"status":"FAILED","jobName":"node-test-binary-windows-js-suites","config":"node-test-binary-windows-js-suites » 2,win2019-COMPILED_BY-vs2022 #30213","buildUrl":"https://ci.nodejs.org/job/node-test-binary-windows-js-suites/RUN_SUBSET=2,nodes=win2019-COMPILED_BY-vs2022/30213/","buildNumber":30213,"builtOn":"test-rackspace-win2019_vs2019-x64-1","nodeVersion":"23.0.0","commitHash":"dc88b56e16e97f1afca1da904efca1d401d9bb06","callStack":[{"upstreamBuild":65831,"upstreamProject":"node-test-commit-windows-fanned","upstreamUrl":"job/node-test-commit-windows-fanned/"},{"upstreamBuild":74328,"upstreamProject":"node-test-commit","upstreamUrl":"job/node-test-commit/"},{"upstreamBuild":62326,"upstreamProject":"node-test-pull-request","upstreamUrl":"job/node-test-pull-request/"},{"prId":"54844"}],"tap":{"ok":false,"name":"parallel/test-runner-watch-mode","id":859,"buffered":false,"tapError":null,"skip":false,"todo":": Fix flaky test","previous":null,"plan":null,"diag":{"severity":"flaky","exitcode":1,"stack":"▶ test runner watch mode\n  ✖ should run tests repeatedly (3865.7432ms)\n    AssertionError [ERR_ASSERTION]: The input did not match the regular expression /tests 1/. Input:\n    \n    '✔ test has ran (3.8118ms)\\n' +\n      '✖ C:\\\\workspace\\\\node-test-binary-windows-js-suites\\\\node\\\\test\\\\.tmp.688\\\\test.js (1173.8579ms)\\n' +\n      \"  'test failed'\\n\" +\n      '\\n' +\n      '✔ test has ran (3.6765ms)\\n' +\n      'ℹ tests 3\\n' +\n      'ℹ suites 0\\n' +\n      'ℹ pass 2\\n' +\n      'ℹ fail 1\\n' +\n      'ℹ cancelled 0\\n' +\n      'ℹ skipped 0\\n' +\n      'ℹ todo 0\\n' +\n      'ℹ duration_ms 386.6528\\n'\n    \n        at testUpdate (file:///C:/workspace/node-test-binary-windows-js-suites/node/test/parallel/test-runner-watch-mode.mjs:80:14)\n        at process.processTicksAndRejections (node:internal/process/task_queues:105:5)\n        at async testWatch (file:///C:/workspace/node-test-binary-windows-js-suites/node/test/parallel/test-runner-watch-mode.mjs:161:26)\n        at async TestContext.<anonymous> (file:///C:/workspace/node-test-binary-windows-js-suites/node/test/parallel/test-runner-watch-mode.mjs:170:5)\n        at async Test.run (node:internal/test_runner/test:888:9)\n        at async Promise.all (index 0)\n        at async Suite.run (node:internal/test_runner/test:1268:7)\n        at async startSubtestAfterBootstrap (node:internal/test_runner/harness:283:3) {\n      generatedMessage: true,\n      code: 'ERR_ASSERTION',\n      actual: \"✔ test has ran (3.8118ms)\\n✖ C:\\\\workspace\\\\node-test-binary-windows-js-suites\\\\node\\\\test\\\\.tmp.688\\\\test.js (1173.8579ms)\\n  'test failed'\\n\\n✔ test has ran (3.6765ms)\\nℹ tests 3\\nℹ suites 0\\nℹ pass 2\\nℹ fail 1\\nℹ cancelled 0\\n...\",\n      expected: /tests 1/,\n      operator: 'match'\n    }\n\n  ✔ should run tests with dependency repeatedly (1879.9192ms)\n  ✔ should run tests with ESM dependency (1859.6357ms)\n  ✔ should support running tests without a file (1818.4355ms)\n  ✔ should support a watched test file rename (1842.6733ms)\n  ✔ should not throw when delete a watched test file (2421.4004ms)\n  ✔ should run new tests when a new file is created in the watched directory (1745.6451ms)\n▶ test runner watch mode (15446.7738ms)\nℹ tests 7\nℹ suites 1\nℹ pass 6\nℹ fail 1\nℹ cancelled 0\nℹ skipped 0\nℹ todo 0\nℹ duration_ms 15467.6805\n\n✖ failing tests:\n\ntest at test\\parallel\\test-runner-watch-mode.mjs:169:3\n✖ should run tests repeatedly (3865.7432ms)\n  AssertionError [ERR_ASSERTION]: The input did not match the regular expression /tests 1/. Input:\n  \n  '✔ test has ran (3.8118ms)\\n' +\n    '✖ C:\\\\workspace\\\\node-test-binary-windows-js-suites\\\\node\\\\test\\\\.tmp.688\\\\test.js (1173.8579ms)\\n' +\n    \"  'test failed'\\n\" +\n    '\\n' +\n    '✔ test has ran (3.6765ms)\\n' +\n    'ℹ tests 3\\n' +\n    'ℹ suites 0\\n' +\n    'ℹ pass 2\\n' +\n    'ℹ fail 1\\n' +\n    'ℹ cancelled 0\\n' +\n    'ℹ skipped 0\\n' +\n    'ℹ todo 0\\n' +\n    'ℹ duration_ms 386.6528\\n'\n  \n      at testUpdate (file:///C:/workspace/node-test-binary-windows-js-suites/node/test/parallel/test-runner-watch-mode.mjs:80:14)\n      at process.processTicksAndRejections (node:internal/process/task_queues:105:5)\n      at async testWatch (file:///C:/workspace/node-test-binary-windows-js-suites/node/test/parallel/test-runner-watch-mode.mjs:161:26)\n      at async TestContext.<anonymous> (file:///C:/workspace/node-test-binary-windows-js-suites/node/test/parallel/test-runner-watch-mode.mjs:170:5)\n      at async Test.run (node:internal/test_runner/test:888:9)\n      at async Promise.all (index 0)\n      at async Suite.run (node:internal/test_runner/test:1268:7)\n      at async startSubtestAfterBootstrap (node:internal/test_runner/harness:283:3) {\n    generatedMessage: true,\n    code: 'ERR_ASSERTION',\n    actual: \"✔ test has ran (3.8118ms)\\n✖ C:\\\\workspace\\\\node-test-binary-windows-js-suites\\\\node\\\\test\\\\.tmp.688\\\\test.js (1173.8579ms)\\n  'test failed'\\n\\n✔ test has ran (3.6765ms)\\nℹ tests 3\\nℹ suites 0\\nℹ pass 2\\nℹ fail 1\\nℹ cancelled 0\\n...\",\n    expected: /tests 1/,\n    operator: 'match'\n  }"},"time":16360.577,"fullname":"parallel/test-runner-watch-mode","closingTestPoint":false}},{"testName":"parallel/test-dns","timestamp":1726078654031,"status":"REGRESSION","jobName":"node-test-binary-windows-js-suites","config":"node-test-binary-windows-js-suites » 0,win11-COMPILED_BY-vs2022 #30213","buildUrl":"https://ci.nodejs.org/job/node-test-binary-windows-js-suites/RUN_SUBSET=0,nodes=win11-COMPILED_BY-vs2022/30213/","buildNumber":30213,"builtOn":"test-azure_msft-win11_vs2022-x64-3","nodeVersion":"23.0.0","commitHash":"dc88b56e16e97f1afca1da904efca1d401d9bb06","callStack":[{"upstreamBuild":65831,"upstreamProject":"node-test-commit-windows-fanned","upstreamUrl":"job/node-test-commit-windows-fanned/"},{"upstreamBuild":74328,"upstreamProject":"node-test-commit","upstreamUrl":"job/node-test-commit/"},{"upstreamBuild":62326,"upstreamProject":"node-test-pull-request","upstreamUrl":"job/node-test-pull-request/"},{"prId":"54844"}],"tap":{"ok":false,"name":"parallel/test-dns","id":233,"buffered":false,"tapError":null,"skip":false,"todo":false,"previous":null,"plan":null,"diag":{"severity":"fail","exitcode":1,"stack":"(node:604) [DEP0118] DeprecationWarning: The provided hostname \"\" is not a valid hostname, and is supported in the dns module solely for compatibility.\n(Use `node --trace-deprecation ...` to show where the warning was created)\nnode:assert:126\n  throw new AssertionError(obj);\n  ^\n\nAssertionError [ERR_ASSERTION]: Expected values to be strictly deep-equal:\n+ actual - expected ... Lines skipped\n\n  [\n    {\n      address: '1.2.3.4',\n+     ttl: 3333333332,\n-     ttl: 3333333333,\n      type: 'A'\n    },\n    {\n      address: '::42',\n+     ttl: 3333333332,\n-     ttl: 3333333333,\n      type: 'AAAA'\n...\n      type: 'SOA'\n    }\n  ]\n    at validateResults (c:\\workspace\\node-test-binary-windows-js-suites\\node\\test\\parallel\\test-dns.js:428:14)\n    at QueryReqWrap.<anonymous> (c:\\workspace\\node-test-binary-windows-js-suites\\node\\test\\parallel\\test-dns.js:456:9)\n    at QueryReqWrap.<anonymous> (c:\\workspace\\node-test-binary-windows-js-suites\\node\\test\\common\\index.js:453:17)\n    at QueryReqWrap.callback (c:\\workspace\\node-test-binary-windows-js-suites\\node\\test\\common\\index.js:488:15)\n    at QueryReqWrap.onresolve [as oncomplete] (node:internal/dns/callback_resolver:47:10) {\n  generatedMessage: true,\n  code: 'ERR_ASSERTION',\n  actual: [\n    { address: '1.2.3.4', ttl: 3333333332, type: 'A' },\n    { address: '::42', ttl: 3333333332, type: 'AAAA' },\n    { exchange: 'foobar.com', priority: 42, type: 'MX' },\n    { value: 'foobar.org', type: 'NS' },\n    { value: 'baz.org', type: 'PTR' },\n    {\n      nsname: 'ns1.example.com',\n      hostmaster: 'admin.example.com',\n      serial: 3210987654,\n      refresh: 900,\n      retry: 900,\n      expire: 1800,\n      minttl: 3333333333,\n      type: 'SOA'\n    }\n  ],\n  expected: [\n    { type: 'A', address: '1.2.3.4', ttl: 3333333333 },\n    { type: 'AAAA', address: '::42', ttl: 3333333333 },\n    { type: 'MX', priority: 42, exchange: 'foobar.com' },\n    { type: 'NS', value: 'foobar.org' },\n    { type: 'PTR', value: 'baz.org' },\n    {\n      type: 'SOA',\n      nsname: 'ns1.example.com',\n      hostmaster: 'admin.example.com',\n      serial: 3210987654,\n      refresh: 900,\n      retry: 900,\n      expire: 1800,\n      minttl: 3333333333\n    }\n  ],\n  operator: 'deepStrictEqual'\n}\n\nNode.js v23.0.0-pre"},"time":240.002,"fullname":"parallel/test-dns","closingTestPoint":false}}]}