{"failedTests":[{"testName":"parallel/test-runner-watch-mode","timestamp":1726101082785,"status":"FAILED","jobName":"node-test-binary-windows-js-suites","config":"node-test-binary-windows-js-suites » 3,win10-COMPILED_BY-vs2022 #30226","buildUrl":"https://ci.nodejs.org/job/node-test-binary-windows-js-suites/RUN_SUBSET=3,nodes=win10-COMPILED_BY-vs2022/30226/","buildNumber":30226,"builtOn":"test-azure_msft-win10_vs2019-x64-1","nodeVersion":"23.0.0","commitHash":"7897b5e8d5e676223674658c16be194b756a83b5","callStack":[{"upstreamBuild":65843,"upstreamProject":"node-test-commit-windows-fanned","upstreamUrl":"job/node-test-commit-windows-fanned/"},{"upstreamBuild":74341,"upstreamProject":"node-test-commit","upstreamUrl":"job/node-test-commit/"},{"upstreamBuild":62339,"upstreamProject":"node-test-pull-request","upstreamUrl":"job/node-test-pull-request/"},{"prId":"54890"}],"tap":{"ok":false,"name":"parallel/test-runner-watch-mode","id":703,"buffered":false,"tapError":null,"skip":false,"todo":": Fix flaky test","previous":null,"plan":null,"diag":{"severity":"flaky","exitcode":1,"stack":"▶ test runner watch mode\n  ✔ should run tests repeatedly (6121.8153ms)\n  ✖ should run tests with dependency repeatedly (5485.0602ms)\n    AssertionError [ERR_ASSERTION]: The input did not match the regular expression /tests 1/. Input:\n    \n    '✖ c:\\\\workspace\\\\node-test-binary-windows-js-suites\\\\node\\\\test\\\\.tmp.688\\\\test.js (1178.1777ms)\\n' +\n      \"  'test failed'\\n\" +\n      '\\n' +\n      '✔ test has ran (29.923ms)\\n' +\n      'ℹ tests 2\\n' +\n      'ℹ suites 0\\n' +\n      'ℹ pass 1\\n' +\n      'ℹ fail 1\\n' +\n      'ℹ cancelled 0\\n' +\n      'ℹ skipped 0\\n' +\n      'ℹ todo 0\\n' +\n      'ℹ duration_ms 1186.7982\\n'\n    \n        at testUpdate (file:///c:/workspace/node-test-binary-windows-js-suites/node/test/parallel/test-runner-watch-mode.mjs:80:14)\n        at process.processTicksAndRejections (node:internal/process/task_queues:105:5)\n        at async testWatch (file:///c:/workspace/node-test-binary-windows-js-suites/node/test/parallel/test-runner-watch-mode.mjs:161:26)\n        at async TestContext.<anonymous> (file:///c:/workspace/node-test-binary-windows-js-suites/node/test/parallel/test-runner-watch-mode.mjs:174:5)\n        at async Test.run (node:internal/test_runner/test:888:9)\n        at async Suite.processPendingSubtests (node:internal/test_runner/test:584:7) {\n      generatedMessage: true,\n      code: 'ERR_ASSERTION',\n      actual: \"✖ c:\\\\workspace\\\\node-test-binary-windows-js-suites\\\\node\\\\test\\\\.tmp.688\\\\test.js (1178.1777ms)\\n  'test failed'\\n\\n✔ test has ran (29.923ms)\\nℹ tests 2\\nℹ suites 0\\nℹ pass 1\\nℹ fail 1\\nℹ cancelled 0\\nℹ skipped 0\\n...\",\n      expected: /tests 1/,\n      operator: 'match'\n    }\n\n  ✖ should run tests with ESM dependency (7269.7269ms)\n    AssertionError [ERR_ASSERTION]: The input did not match the regular expression /tests 1/. Input:\n    \n    '✔ test has ran (10.5018ms)\\n' +\n      '✔ test has ran (15.0038ms)\\n' +\n      '✖ c:\\\\workspace\\\\node-test-binary-windows-js-suites\\\\node\\\\test\\\\.tmp.688\\\\test.js (1040.7486ms)\\n' +\n      \"  'test failed'\\n\" +\n      '\\n' +\n      '✔ test has ran (10.4162ms)\\n' +\n      '✖ c:\\\\workspace\\\\node-test-binary-windows-js-suites\\\\node\\\\test\\\\.tmp.688\\\\test.js (1069.8834ms)\\n' +\n      \"  'test failed'\\n\" +\n      '\\n' +\n      '✔ test has ran (10.2623ms)\\n' +\n      'ℹ tests 6\\n' +\n      'ℹ suites 0\\n' +\n      'ℹ pass 4\\n' +\n      'ℹ fail 2\\n' +\n      'ℹ cancelled 0\\n' +\n      'ℹ skipped 0\\n' +\n      'ℹ todo 0\\n' +\n      'ℹ duration_ms 1197.6914\\n'\n    \n        at testUpdate (file:///c:/workspace/node-test-binary-windows-js-suites/node/test/parallel/test-runner-watch-mode.mjs:80:14)\n        at process.processTicksAndRejections (node:internal/process/task_queues:105:5)\n        at async testWatch (file:///c:/workspace/node-test-binary-windows-js-suites/node/test/parallel/test-runner-watch-mode.mjs:161:26)\n        at async TestContext.<anonymous> (file:///c:/workspace/node-test-binary-windows-js-suites/node/test/parallel/test-runner-watch-mode.mjs:178:5)\n        at async Test.run (node:internal/test_runner/test:888:9)\n        at async Suite.processPendingSubtests (node:internal/test_runner/test:584:7) {\n      generatedMessage: true,\n      code: 'ERR_ASSERTION',\n      actual: \"✔ test has ran (10.5018ms)\\n✔ test has ran (15.0038ms)\\n✖ c:\\\\workspace\\\\node-test-binary-windows-js-suites\\\\node\\\\test\\\\.tmp.688\\\\test.js (1040.7486ms)\\n  'test failed'\\n\\n✔ test has ran (10.4162ms)\\n✖ c:\\\\workspace\\\\node-test-binary-windows-js-suites\\\\node\\\\test\\\\.tmp.688\\\\test.js (1069.8834ms)\\n  'test failed'\\n\\n✔ test has ran (10.2623ms)\\n...\",\n      expected: /tests 1/,\n      operator: 'match'\n    }\n\n  ✔ should support running tests without a file (4435.7009ms)\n  ✖ should support a watched test file rename (3827.3562ms)\n    Error: ENOENT: no such file or directory, rename 'c:\\workspace\\node-test-binary-windows-js-suites\\node\\test\\.tmp.688\\test.js' -> 'c:\\workspace\\node-test-binary-windows-js-suites\\node\\test\\.tmp.688\\test-renamed-test.js'\n        at renameSync (node:fs:1020:11)\n        at Timeout._onTimeout (file:///c:/workspace/node-test-binary-windows-js-suites/node/test/parallel/test-runner-watch-mode.mjs:93:40)\n        at listOnTimeout (node:internal/timers:614:17)\n        at process.processTimers (node:internal/timers:549:7) {\n      errno: -4058,\n      code: 'ENOENT',\n      syscall: 'rename',\n      path: 'c:\\\\workspace\\\\node-test-binary-windows-js-suites\\\\node\\\\test\\\\.tmp.688\\\\test.js',\n      dest: 'c:\\\\workspace\\\\node-test-binary-windows-js-suites\\\\node\\\\test\\\\.tmp.688\\\\test-renamed-test.js'\n    }\n\n  ✖ should not throw when delete a watched test file (8.5378ms)\n    Error: EPERM, Permission denied: \\\\?\\c:\\workspace\\node-test-binary-windows-js-suites\\node\\test\\.tmp.688 '\\\\?\\c:\\workspace\\node-test-binary-windows-js-suites\\node\\test\\.tmp.688'\n        at Object.rmSync (node:fs:1246:18)\n        at rmSync (c:\\workspace\\node-test-binary-windows-js-suites\\node\\test\\common\\tmpdir.js:20:8)\n        at Object.refresh (c:\\workspace\\node-test-binary-windows-js-suites\\node\\test\\common\\tmpdir.js:35:3)\n        at TestContext.refresh (file:///c:/workspace/node-test-binary-windows-js-suites/node/test/parallel/test-runner-watch-mode.mjs:33:10)\n        at TestHook.runInAsyncScope (node:async_hooks:211:14)\n        at TestHook.run (node:internal/test_runner/test:887:25)\n        at TestHook.run (node:internal/test_runner/test:1157:18)\n        at node:internal/test_runner/test:806:20\n        at async Suite.runHook (node:internal/test_runner/test:804:7)\n        at async Test.run (node:internal/test_runner/test:863:9) {\n      errno: 1,\n      code: 'EPERM',\n      path: '\\\\\\\\?\\\\c:\\\\workspace\\\\node-test-binary-windows-js-suites\\\\node\\\\test\\\\.tmp.688',\n      syscall: 'rm'\n    }\n\n  ✖ should run new tests when a new file is created in the watched directory (8.2847ms)\n    Error: EPERM, Permission denied: \\\\?\\c:\\workspace\\node-test-binary-windows-js-suites\\node\\test\\.tmp.688 '\\\\?\\c:\\workspace\\node-test-binary-windows-js-suites\\node\\test\\.tmp.688'\n        at Object.rmSync (node:fs:1246:18)\n        at rmSync (c:\\workspace\\node-test-binary-windows-js-suites\\node\\test\\common\\tmpdir.js:20:8)\n        at Object.refresh (c:\\workspace\\node-test-binary-windows-js-suites\\node\\test\\common\\tmpdir.js:35:3)\n        at TestContext.refresh (file:///c:/workspace/node-test-binary-windows-js-suites/node/test/parallel/test-runner-watch-mode.mjs:33:10)\n        at TestHook.runInAsyncScope (node:async_hooks:211:14)\n        at TestHook.run (node:internal/test_runner/test:887:25)\n        at TestHook.run (node:internal/test_runner/test:1157:18)\n        at node:internal/test_runner/test:806:20\n        at async Suite.runHook (node:internal/test_runner/test:804:7)\n        at async Test.run (node:internal/test_runner/test:863:9) {\n      errno: 1,\n      code: 'EPERM',\n      path: '\\\\\\\\?\\\\c:\\\\workspace\\\\node-test-binary-windows-js-suites\\\\node\\\\test\\\\.tmp.688',\n      syscall: 'rm'\n    }\n\n▶ test runner watch mode (27254.1044ms)\nℹ tests 7\nℹ suites 1\nℹ pass 2\nℹ fail 5\nℹ cancelled 0\nℹ skipped 0\nℹ todo 0\nℹ duration_ms 27517.2451\n\n✖ failing tests:\n\ntest at test\\parallel\\test-runner-watch-mode.mjs:173:3\n✖ should run tests with dependency repeatedly (5485.0602ms)\n  AssertionError [ERR_ASSERTION]: The input did not match the regular expression /tests 1/. Input:\n  \n  '✖ c:\\\\workspace\\\\node-test-binary-windows-js-suites\\\\node\\\\test\\\\.tmp.688\\\\test.js (1178.1777ms)\\n' +\n    \"  'test failed'\\n\" +\n    '\\n' +\n    '✔ test has ran (29.923ms)\\n' +\n    'ℹ tests 2\\n' +\n    'ℹ suites 0\\n' +\n    'ℹ pass 1\\n' +\n    'ℹ fail 1\\n' +\n    'ℹ cancelled 0\\n' +\n    'ℹ skipped 0\\n' +\n    'ℹ todo 0\\n' +\n    'ℹ duration_ms 1186.7982\\n'\n  \n      at testUpdate (file:///c:/workspace/node-test-binary-windows-js-suites/node/test/parallel/test-runner-watch-mode.mjs:80:14)\n      at process.processTicksAndRejections (node:internal/process/task_queues:105:5)\n      at async testWatch (file:///c:/workspace/node-test-binary-windows-js-suites/node/test/parallel/test-runner-watch-mode.mjs:161:26)\n      at async TestContext.<anonymous> (file:///c:/workspace/node-test-binary-windows-js-suites/node/test/parallel/test-runner-watch-mode.mjs:174:5)\n      at async Test.run (node:internal/test_runner/test:888:9)\n      at async Suite.processPendingSubtests (node:internal/test_runner/test:584:7) {\n    generatedMessage: true,\n    code: 'ERR_ASSERTION',\n    actual: \"✖ c:\\\\workspace\\\\node-test-binary-windows-js-suites\\\\node\\\\test\\\\.tmp.688\\\\test.js (1178.1777ms)\\n  'test failed'\\n\\n✔ test has ran (29.923ms)\\nℹ tests 2\\nℹ suites 0\\nℹ pass 1\\nℹ fail 1\\nℹ cancelled 0\\nℹ skipped 0\\n...\",\n    expected: /tests 1/,\n    operator: 'match'\n  }\n\ntest at test\\parallel\\test-runner-watch-mode.mjs:177:3\n✖ should run tests with ESM dependency (7269.7269ms)\n  AssertionError [ERR_ASSERTION]: The input did not match the regular expression /tests 1/. Input:\n  \n  '✔ test has ran (10.5018ms)\\n' +\n    '✔ test has ran (15.0038ms)\\n' +\n    '✖ c:\\\\workspace\\\\node-test-binary-windows-js-suites\\\\node\\\\test\\\\.tmp.688\\\\test.js (1040.7486ms)\\n' +\n    \"  'test failed'\\n\" +\n    '\\n' +\n    '✔ test has ran (10.4162ms)\\n' +\n    '✖ c:\\\\workspace\\\\node-test-binary-windows-js-suites\\\\node\\\\test\\\\.tmp.688\\\\test.js (1069.8834ms)\\n' +\n    \"  'test failed'\\n\" +\n    '\\n' +\n    '✔ test has ran (10.2623ms)\\n' +\n    'ℹ tests 6\\n' +\n    'ℹ suites 0\\n' +\n    'ℹ pass 4\\n' +\n    'ℹ fail 2\\n' +\n    'ℹ cancelled 0\\n' +\n    'ℹ skipped 0\\n' +\n    'ℹ todo 0\\n' +\n    'ℹ duration_ms 1197.6914\\n'\n  \n      at testUpdate (file:///c:/workspace/node-test-binary-windows-js-suites/node/test/parallel/test-runner-watch-mode.mjs:80:14)\n      at process.processTicksAndRejections (node:internal/process/task_queues:105:5)\n      at async testWatch (file:///c:/workspace/node-test-binary-windows-js-suites/node/test/parallel/test-runner-watch-mode.mjs:161:26)\n      at async TestContext.<anonymous> (file:///c:/workspace/node-test-binary-windows-js-suites/node/test/parallel/test-runner-watch-mode.mjs:178:5)\n      at async Test.run (node:internal/test_runner/test:888:9)\n      at async Suite.processPendingSubtests (node:internal/test_runner/test:584:7) {\n    generatedMessage: true,\n    code: 'ERR_ASSERTION',\n    actual: \"✔ test has ran (10.5018ms)\\n✔ test has ran (15.0038ms)\\n✖ c:\\\\workspace\\\\node-test-binary-windows-js-suites\\\\node\\\\test\\\\.tmp.688\\\\test.js (1040.7486ms)\\n  'test failed'\\n\\n✔ test has ran (10.4162ms)\\n✖ c:\\\\workspace\\\\node-test-binary-windows-js-suites\\\\node\\\\test\\\\.tmp.688\\\\test.js (1069.8834ms)\\n  'test failed'\\n\\n✔ test has ran (10.2623ms)\\n...\",\n    expected: /tests 1/,\n    operator: 'match'\n  }\n\ntest at test\\parallel\\test-runner-watch-mode.mjs:185:3\n✖ should support a watched test file rename (3827.3562ms)\n  Error: ENOENT: no such file or directory, rename 'c:\\workspace\\node-test-binary-windows-js-suites\\node\\test\\.tmp.688\\test.js' -> 'c:\\workspace\\node-test-binary-windows-js-suites\\node\\test\\.tmp.688\\test-renamed-test.js'\n      at renameSync (node:fs:1020:11)\n      at Timeout._onTimeout (file:///c:/workspace/node-test-binary-windows-js-suites/node/test/parallel/test-runner-watch-mode.mjs:93:40)\n      at listOnTimeout (node:internal/timers:614:17)\n      at process.processTimers (node:internal/timers:549:7) {\n    errno: -4058,\n    code: 'ENOENT',\n    syscall: 'rename',\n    path: 'c:\\\\workspace\\\\node-test-binary-windows-js-suites\\\\node\\\\test\\\\.tmp.688\\\\test.js',\n    dest: 'c:\\\\workspace\\\\node-test-binary-windows-js-suites\\\\node\\\\test\\\\.tmp.688\\\\test-renamed-test.js'\n  }\n\ntest at test\\parallel\\test-runner-watch-mode.mjs:189:3\n✖ should not throw when delete a watched test file (8.5378ms)\n  Error: EPERM, Permission denied: \\\\?\\c:\\workspace\\node-test-binary-windows-js-suites\\node\\test\\.tmp.688 '\\\\?\\c:\\workspace\\node-test-binary-windows-js-suites\\node\\test\\.tmp.688'\n      at Object.rmSync (node:fs:1246:18)\n      at rmSync (c:\\workspace\\node-test-binary-windows-js-suites\\node\\test\\common\\tmpdir.js:20:8)\n      at Object.refresh (c:\\workspace\\node-test-binary-windows-js-suites\\node\\test\\common\\tmpdir.js:35:3)\n      at TestContext.refresh (file:///c:/workspace/node-test-binary-windows-js-suites/node/test/parallel/test-runner-watch-mode.mjs:33:10)\n      at TestHook.runInAsyncScope (node:async_hooks:211:14)\n      at TestHook.run (node:internal/test_runner/test:887:25)\n      at TestHook.run (node:internal/test_runner/test:1157:18)\n      at node:internal/test_runner/test:806:20\n      at async Suite.runHook (node:internal/test_runner/test:804:7)\n      at async Test.run (node:internal/test_runner/test:863:9) {\n    errno: 1,\n    code: 'EPERM',\n    path: '\\\\\\\\?\\\\c:\\\\workspace\\\\node-test-binary-windows-js-suites\\\\node\\\\test\\\\.tmp.688',\n    syscall: 'rm'\n  }\n\ntest at test\\parallel\\test-runner-watch-mode.mjs:193:3\n✖ should run new tests when a new file is created in the watched directory (8.2847ms)\n  Error: EPERM, Permission denied: \\\\?\\c:\\workspace\\node-test-binary-windows-js-suites\\node\\test\\.tmp.688 '\\\\?\\c:\\workspace\\node-test-binary-windows-js-suites\\node\\test\\.tmp.688'\n      at Object.rmSync (node:fs:1246:18)\n      at rmSync (c:\\workspace\\node-test-binary-windows-js-suites\\node\\test\\common\\tmpdir.js:20:8)\n      at Object.refresh (c:\\workspace\\node-test-binary-windows-js-suites\\node\\test\\common\\tmpdir.js:35:3)\n      at TestContext.refresh (file:///c:/workspace/node-test-binary-windows-js-suites/node/test/parallel/test-runner-watch-mode.mjs:33:10)\n      at TestHook.runInAsyncScope (node:async_hooks:211:14)\n      at TestHook.run (node:internal/test_runner/test:887:25)\n      at TestHook.run (node:internal/test_runner/test:1157:18)\n      at node:internal/test_runner/test:806:20\n      at async Suite.runHook (node:internal/test_runner/test:804:7)\n      at async Test.run (node:internal/test_runner/test:863:9) {\n    errno: 1,\n    code: 'EPERM',\n    path: '\\\\\\\\?\\\\c:\\\\workspace\\\\node-test-binary-windows-js-suites\\\\node\\\\test\\\\.tmp.688',\n    syscall: 'rm'\n  }"},"time":34446.545,"fullname":"parallel/test-runner-watch-mode","closingTestPoint":false}}]}