{"failedTests":[{"testName":"parallel/test-runner-watch-mode","timestamp":1726246066020,"status":"FAILED","jobName":"node-test-binary-windows-js-suites","config":"node-test-binary-windows-js-suites » 2,win2019-COMPILED_BY-vs2022 #30277","buildUrl":"https://ci.nodejs.org/job/node-test-binary-windows-js-suites/RUN_SUBSET=2,nodes=win2019-COMPILED_BY-vs2022/30277/","buildNumber":30277,"builtOn":"test-rackspace-win2019_vs2019-x64-4","nodeVersion":"23.0.0","commitHash":"de1dd801153bb2f9ea904d4d0108a0febe60c258","callStack":[{"upstreamBuild":65900,"upstreamProject":"node-test-commit-windows-fanned","upstreamUrl":"job/node-test-commit-windows-fanned/"},{"upstreamBuild":74406,"upstreamProject":"node-test-commit","upstreamUrl":"job/node-test-commit/"},{"upstreamBuild":62401,"upstreamProject":"node-test-pull-request","upstreamUrl":"job/node-test-pull-request/"},{"prId":"54829"}],"tap":{"ok":false,"name":"parallel/test-runner-watch-mode","id":832,"buffered":false,"tapError":null,"skip":false,"todo":": Fix flaky test","previous":null,"plan":null,"diag":{"severity":"flaky","exitcode":1,"stack":"▶ test runner watch mode\n  ✖ should run tests repeatedly (4611.6609ms)\n    AssertionError [ERR_ASSERTION]: The input did not match the regular expression /tests 1/. Input:\n    \n    '✖ C:\\\\workspace\\\\node-test-binary-windows-js-suites\\\\node\\\\test\\\\.tmp.688\\\\test.js (1053.5642ms)\\n' +\n      \"  'test failed'\\n\" +\n      '\\n' +\n      '✔ test has ran (6.2203ms)\\n' +\n      'ℹ tests 2\\n' +\n      'ℹ suites 0\\n' +\n      'ℹ pass 1\\n' +\n      'ℹ fail 1\\n' +\n      'ℹ cancelled 0\\n' +\n      'ℹ skipped 0\\n' +\n      'ℹ todo 0\\n' +\n      'ℹ duration_ms 651.9731\\n'\n    \n        at testUpdate (file:///C:/workspace/node-test-binary-windows-js-suites/node/test/parallel/test-runner-watch-mode.mjs:80:14)\n        at process.processTicksAndRejections (node:internal/process/task_queues:105:5)\n        at async testWatch (file:///C:/workspace/node-test-binary-windows-js-suites/node/test/parallel/test-runner-watch-mode.mjs:161:26)\n        at async TestContext.<anonymous> (file:///C:/workspace/node-test-binary-windows-js-suites/node/test/parallel/test-runner-watch-mode.mjs:170:5)\n        at async Test.run (node:internal/test_runner/test:921:9)\n        at async Promise.all (index 0)\n        at async Suite.run (node:internal/test_runner/test:1285:7)\n        at async startSubtestAfterBootstrap (node:internal/test_runner/harness:289:3) {\n      generatedMessage: true,\n      code: 'ERR_ASSERTION',\n      actual: \"✖ C:\\\\workspace\\\\node-test-binary-windows-js-suites\\\\node\\\\test\\\\.tmp.688\\\\test.js (1053.5642ms)\\n  'test failed'\\n\\n✔ test has ran (6.2203ms)\\nℹ tests 2\\nℹ suites 0\\nℹ pass 1\\nℹ fail 1\\nℹ cancelled 0\\nℹ skipped 0\\n...\",\n      expected: /tests 1/,\n      operator: 'match'\n    }\n\n  ✔ should run tests with dependency repeatedly (2129.3942ms)\n  ✔ should run tests with ESM dependency (2146.3647ms)\n  ✔ should support running tests without a file (2093.6883ms)\n  ✔ should support a watched test file rename (1938.7659ms)\n  ✔ should not throw when delete a watched test file (2456.0563ms)\n  ✔ should run new tests when a new file is created in the watched directory (1855.5163ms)\n▶ test runner watch mode (17248.9874ms)\nℹ tests 7\nℹ suites 1\nℹ pass 6\nℹ fail 1\nℹ cancelled 0\nℹ skipped 0\nℹ todo 0\nℹ duration_ms 17269.2257\n\n✖ failing tests:\n\ntest at test\\parallel\\test-runner-watch-mode.mjs:169:3\n✖ should run tests repeatedly (4611.6609ms)\n  AssertionError [ERR_ASSERTION]: The input did not match the regular expression /tests 1/. Input:\n  \n  '✖ C:\\\\workspace\\\\node-test-binary-windows-js-suites\\\\node\\\\test\\\\.tmp.688\\\\test.js (1053.5642ms)\\n' +\n    \"  'test failed'\\n\" +\n    '\\n' +\n    '✔ test has ran (6.2203ms)\\n' +\n    'ℹ tests 2\\n' +\n    'ℹ suites 0\\n' +\n    'ℹ pass 1\\n' +\n    'ℹ fail 1\\n' +\n    'ℹ cancelled 0\\n' +\n    'ℹ skipped 0\\n' +\n    'ℹ todo 0\\n' +\n    'ℹ duration_ms 651.9731\\n'\n  \n      at testUpdate (file:///C:/workspace/node-test-binary-windows-js-suites/node/test/parallel/test-runner-watch-mode.mjs:80:14)\n      at process.processTicksAndRejections (node:internal/process/task_queues:105:5)\n      at async testWatch (file:///C:/workspace/node-test-binary-windows-js-suites/node/test/parallel/test-runner-watch-mode.mjs:161:26)\n      at async TestContext.<anonymous> (file:///C:/workspace/node-test-binary-windows-js-suites/node/test/parallel/test-runner-watch-mode.mjs:170:5)\n      at async Test.run (node:internal/test_runner/test:921:9)\n      at async Promise.all (index 0)\n      at async Suite.run (node:internal/test_runner/test:1285:7)\n      at async startSubtestAfterBootstrap (node:internal/test_runner/harness:289:3) {\n    generatedMessage: true,\n    code: 'ERR_ASSERTION',\n    actual: \"✖ C:\\\\workspace\\\\node-test-binary-windows-js-suites\\\\node\\\\test\\\\.tmp.688\\\\test.js (1053.5642ms)\\n  'test failed'\\n\\n✔ test has ran (6.2203ms)\\nℹ tests 2\\nℹ suites 0\\nℹ pass 1\\nℹ fail 1\\nℹ cancelled 0\\nℹ skipped 0\\n...\",\n    expected: /tests 1/,\n    operator: 'match'\n  }"},"time":18270.444,"fullname":"parallel/test-runner-watch-mode","closingTestPoint":false}},{"testName":"parallel/test-runner-run-watch","timestamp":1726246066020,"status":"FAILED","jobName":"node-test-binary-windows-js-suites","config":"node-test-binary-windows-js-suites » 3,win10-COMPILED_BY-vs2022 #30277","buildUrl":"https://ci.nodejs.org/job/node-test-binary-windows-js-suites/RUN_SUBSET=3,nodes=win10-COMPILED_BY-vs2022/30277/","buildNumber":30277,"builtOn":"test-azure_msft-win10_vs2019-x64-1","nodeVersion":"23.0.0","commitHash":"de1dd801153bb2f9ea904d4d0108a0febe60c258","callStack":[{"upstreamBuild":65900,"upstreamProject":"node-test-commit-windows-fanned","upstreamUrl":"job/node-test-commit-windows-fanned/"},{"upstreamBuild":74406,"upstreamProject":"node-test-commit","upstreamUrl":"job/node-test-commit/"},{"upstreamBuild":62401,"upstreamProject":"node-test-pull-request","upstreamUrl":"job/node-test-pull-request/"},{"prId":"54829"}],"tap":{"ok":false,"name":"parallel/test-runner-run-watch","id":697,"buffered":false,"tapError":null,"skip":false,"todo":": Fix flaky test","previous":null,"plan":null,"diag":{"severity":"flaky","exitcode":1,"stack":"▶ test runner watch mode\n  ✖ should run tests repeatedly (6606.7844ms)\n    AssertionError [ERR_ASSERTION]: The input did not match the regular expression /tests 1/. Input:\n    \n    '# Subtest: test has ran\\n' +\n      'ok 1 - test has ran\\n' +\n      '  ---\\n' +\n      '  duration_ms: 10.9498\\n' +\n      '  ...\\n' +\n      '# Subtest: test.js\\n' +\n      'not ok 2 - test.js\\n' +\n      '  ---\\n' +\n      '  duration_ms: 1087.6627\\n' +\n      \"  location: 'c:\\\\\\\\workspace\\\\\\\\node-test-binary-windows-js-suites\\\\\\\\node\\\\\\\\test\\\\\\\\.tmp.685\\\\\\\\test.js:1:1'\\n\" +\n      \"  failureType: 'testCodeFailure'\\n\" +\n      '  exitCode: ~\\n' +\n      \"  signal: 'SIGTERM'\\n\" +\n      \"  error: 'test failed'\\n\" +\n      \"  code: 'ERR_TEST_FAILURE'\\n\" +\n      '  ...\\n' +\n      '# Subtest: test.js\\n' +\n      'not ok 3 - test.js\\n' +\n      '  ---\\n' +\n      '  duration_ms: 1051.3457\\n' +\n      \"  location: 'c:\\\\\\\\workspace\\\\\\\\node-test-binary-windows-js-suites\\\\\\\\node\\\\\\\\test\\\\\\\\.tmp.685\\\\\\\\test.js:1:1'\\n\" +\n      \"  failureType: 'testCodeFailure'\\n\" +\n      '  exitCode: ~\\n' +\n      \"  signal: 'SIGTERM'\\n\" +\n      \"  error: 'test failed'\\n\" +\n      \"  code: 'ERR_TEST_FAILURE'\\n\" +\n      '  ...\\n' +\n      '# Subtest: test has ran\\n' +\n      'ok 4 - test has ran\\n' +\n      '  ---\\n' +\n      '  duration_ms: 18.3469\\n' +\n      '  ...\\n' +\n      '1..4\\n' +\n      '# tests 4\\n' +\n      '# suites 0\\n' +\n      '# pass 2\\n' +\n      '# fail 2\\n' +\n      '# cancelled 0\\n' +\n      '# skipped 0\\n' +\n      '# todo 0\\n' +\n      '# duration_ms 1115.7531\\n'\n    \n        at testUpdate (file:///c:/workspace/node-test-binary-windows-js-suites/node/test/parallel/test-runner-run-watch.mjs:81:14)\n        at process.processTicksAndRejections (node:internal/process/task_queues:105:5)\n        at async testWatch (file:///c:/workspace/node-test-binary-windows-js-suites/node/test/parallel/test-runner-run-watch.mjs:173:26)\n        at async TestContext.<anonymous> (file:///c:/workspace/node-test-binary-windows-js-suites/node/test/parallel/test-runner-run-watch.mjs:183:5)\n        at async Test.run (node:internal/test_runner/test:921:9)\n        at async Promise.all (index 0)\n        at async Suite.run (node:internal/test_runner/test:1285:7)\n        at async startSubtestAfterBootstrap (node:internal/test_runner/harness:289:3) {\n      generatedMessage: true,\n      code: 'ERR_ASSERTION',\n      actual: \"# Subtest: test has ran\\nok 1 - test has ran\\n  ---\\n  duration_ms: 10.9498\\n  ...\\n# Subtest: test.js\\nnot ok 2 - test.js\\n  ---\\n  duration_ms: 1087.6627\\n  location: 'c:\\\\\\\\workspace\\\\\\\\node-test-binary-windows-js-suites\\\\\\\\node\\\\\\\\test\\\\\\\\.tmp.685\\\\\\\\test.js:1:1'\\n...\",\n      expected: /tests 1/,\n      operator: 'match'\n    }\n\n  ✖ should run tests with dependency repeatedly (7042.06ms)\n    AssertionError [ERR_ASSERTION]: The input did not match the regular expression /tests 1/. Input:\n    \n    '# Subtest: test.js\\n' +\n      'not ok 2 - test.js\\n' +\n      '  ---\\n' +\n      '  duration_ms: 1118.2027\\n' +\n      \"  location: 'c:\\\\\\\\workspace\\\\\\\\node-test-binary-windows-js-suites\\\\\\\\node\\\\\\\\test\\\\\\\\.tmp.685\\\\\\\\test.js:1:1'\\n\" +\n      \"  failureType: 'testCodeFailure'\\n\" +\n      '  exitCode: ~\\n' +\n      \"  signal: 'SIGTERM'\\n\" +\n      \"  error: 'test failed'\\n\" +\n      \"  code: 'ERR_TEST_FAILURE'\\n\" +\n      '  ...\\n' +\n      '# Subtest: test.js\\n' +\n      'not ok 3 - test.js\\n' +\n      '  ---\\n' +\n      '  duration_ms: 958.2902\\n' +\n      \"  location: 'c:\\\\\\\\workspace\\\\\\\\node-test-binary-windows-js-suites\\\\\\\\node\\\\\\\\test\\\\\\\\.tmp.685\\\\\\\\test.js:1:1'\\n\" +\n      \"  failureType: 'testCodeFailure'\\n\" +\n      '  exitCode: ~\\n' +\n      \"  signal: 'SIGTERM'\\n\" +\n      \"  error: 'test failed'\\n\" +\n      \"  code: 'ERR_TEST_FAILURE'\\n\" +\n      '  ...\\n' +\n      '# Subtest: test has ran\\n' +\n      'ok 3 - test has ran\\n' +\n      '  ---\\n' +\n      '  duration_ms: 10.5201\\n' +\n      '  ...\\n' +\n      '1..3\\n' +\n      '# tests 3\\n' +\n      '# suites 0\\n' +\n      '# pass 1\\n' +\n      '# fail 2\\n' +\n      '# cancelled 0\\n' +\n      '# skipped 0\\n' +\n      '# todo 0\\n' +\n      '# duration_ms 1350.0588\\n'\n    \n        at testUpdate (file:///c:/workspace/node-test-binary-windows-js-suites/node/test/parallel/test-runner-run-watch.mjs:81:14)\n        at process.processTicksAndRejections (node:internal/process/task_queues:105:5)\n        at async testWatch (file:///c:/workspace/node-test-binary-windows-js-suites/node/test/parallel/test-runner-run-watch.mjs:173:26)\n        at async TestContext.<anonymous> (file:///c:/workspace/node-test-binary-windows-js-suites/node/test/parallel/test-runner-run-watch.mjs:187:5)\n        at async Test.run (node:internal/test_runner/test:921:9)\n        at async Suite.processPendingSubtests (node:internal/test_runner/test:619:7) {\n      generatedMessage: true,\n      code: 'ERR_ASSERTION',\n      actual: \"# Subtest: test.js\\nnot ok 2 - test.js\\n  ---\\n  duration_ms: 1118.2027\\n  location: 'c:\\\\\\\\workspace\\\\\\\\node-test-binary-windows-js-suites\\\\\\\\node\\\\\\\\test\\\\\\\\.tmp.685\\\\\\\\test.js:1:1'\\n  failureType: 'testCodeFailure'\\n  exitCode: ~\\n  signal: 'SIGTERM'\\n  error: 'test failed'\\n  code: 'ERR_TEST_FAILURE'\\n...\",\n      expected: /tests 1/,\n      operator: 'match'\n    }\n\n  ✔ should run tests with ESM dependency (4537.0287ms)\n  ✖ should support running tests without a file (8867.1202ms)\n    AssertionError [ERR_ASSERTION]: The input did not match the regular expression /tests 1/. Input:\n    \n    '# Subtest: test has ran\\n' +\n      'ok 1 - test has ran\\n' +\n      '  ---\\n' +\n      '  duration_ms: 18.4918\\n' +\n      '  ...\\n' +\n      '# Subtest: test.js\\n' +\n      'not ok 2 - test.js\\n' +\n      '  ---\\n' +\n      '  duration_ms: 1082.7961\\n' +\n      \"  location: 'c:\\\\\\\\workspace\\\\\\\\node-test-binary-windows-js-suites\\\\\\\\node\\\\\\\\test\\\\\\\\.tmp.685\\\\\\\\test.js:1:1'\\n\" +\n      \"  failureType: 'testCodeFailure'\\n\" +\n      '  exitCode: ~\\n' +\n      \"  signal: 'SIGTERM'\\n\" +\n      \"  error: 'test failed'\\n\" +\n      \"  code: 'ERR_TEST_FAILURE'\\n\" +\n      '  ...\\n' +\n      '# Subtest: test has ran\\n' +\n      'ok 3 - test has ran\\n' +\n      '  ---\\n' +\n      '  duration_ms: 18.3795\\n' +\n      '  ...\\n' +\n      '# Subtest: test.js\\n' +\n      'not ok 3 - test.js\\n' +\n      '  ---\\n' +\n      '  duration_ms: 1016.1493\\n' +\n      \"  location: 'c:\\\\\\\\workspace\\\\\\\\node-test-binary-windows-js-suites\\\\\\\\node\\\\\\\\test\\\\\\\\.tmp.685\\\\\\\\test.js:1:1'\\n\" +\n      \"  failureType: 'testCodeFailure'\\n\" +\n      '  exitCode: ~\\n' +\n      \"  signal: 'SIGTERM'\\n\" +\n      \"  error: 'test failed'\\n\" +\n      \"  code: 'ERR_TEST_FAILURE'\\n\" +\n      '  ...\\n' +\n      '# Subtest: test.js\\n' +\n      'not ok 4 - test.js\\n' +\n      '  ---\\n' +\n      '  duration_ms: 976.4987\\n' +\n      \"  location: 'c:\\\\\\\\workspace\\\\\\\\node-test-binary-windows-js-suites\\\\\\\\node\\\\\\\\test\\\\\\\\.tmp.685\\\\\\\\test.js:1:1'\\n\" +\n      \"  failureType: 'testCodeFailure'\\n\" +\n      '  exitCode: ~\\n' +\n      \"  signal: 'SIGTERM'\\n\" +\n      \"  error: 'test failed'\\n\" +\n      \"  code: 'ERR_TEST_FAILURE'\\n\" +\n      '  ...\\n' +\n      '# Subtest: test has ran\\n' +\n      'ok 6 - test has ran\\n' +\n      '  ---\\n' +\n      '  duration_ms: 32.1419\\n' +\n      '  ...\\n' +\n      '# Subtest: test.js\\n' +\n      'not ok 5 - test.js\\n' +\n      '  ---\\n' +\n      '  duration_ms: 1015.4128\\n' +\n      \"  location: 'c:\\\\\\\\workspace\\\\\\\\node-test-binary-windows-js-suites\\\\\\\\node\\\\\\\\test\\\\\\\\.tmp.685\\\\\\\\test.js:1:1'\\n\" +\n      \"  failureType: 'testCodeFailure'\\n\" +\n      '  exitCode: ~\\n' +\n      \"  signal: 'SIGTERM'\\n\" +\n      \"  error: 'test failed'\\n\" +\n      \"  code: 'ERR_TEST_FAILURE'\\n\" +\n      '  ...\\n' +\n      '# Subtest: test has ran\\n' +\n      'ok 8 - test has ran\\n' +\n      '  ---\\n' +\n      '  duration_ms: 24.5049\\n' +\n      '  ...\\n' +\n      '1..8\\n' +\n      '# tests 8\\n' +\n      '# suites 0\\n' +\n      '# pass 4\\n' +\n      '# fail 4\\n' +\n      '# cancelled 0\\n' +\n      '# skipped 0\\n' +\n      '# todo 0\\n' +\n      '# duration_ms 1593.9556\\n'\n    \n        at testUpdate (file:///c:/workspace/node-test-binary-windows-js-suites/node/test/parallel/test-runner-run-watch.mjs:81:14)\n        at process.processTicksAndRejections (node:internal/process/task_queues:105:5)\n        at async testWatch (file:///c:/workspace/node-test-binary-windows-js-suites/node/test/parallel/test-runner-run-watch.mjs:173:26)\n        at async TestContext.<anonymous> (file:///c:/workspace/node-test-binary-windows-js-suites/node/test/parallel/test-runner-run-watch.mjs:195:5)\n        at async Test.run (node:internal/test_runner/test:921:9)\n        at async Suite.processPendingSubtests (node:internal/test_runner/test:619:7) {\n      generatedMessage: true,\n      code: 'ERR_ASSERTION',\n      actual: \"# Subtest: test has ran\\nok 1 - test has ran\\n  ---\\n  duration_ms: 18.4918\\n  ...\\n# Subtest: test.js\\nnot ok 2 - test.js\\n  ---\\n  duration_ms: 1082.7961\\n  location: 'c:\\\\\\\\workspace\\\\\\\\node-test-binary-windows-js-suites\\\\\\\\node\\\\\\\\test\\\\\\\\.tmp.685\\\\\\\\test.js:1:1'\\n...\",\n      expected: /tests 1/,\n      operator: 'match'\n    }\n\n  ✖ should support a watched test file rename (4034.5247ms)\n    Error: ENOENT: no such file or directory, rename 'c:\\workspace\\node-test-binary-windows-js-suites\\node\\test\\.tmp.685\\test.js' -> 'c:\\workspace\\node-test-binary-windows-js-suites\\node\\test\\.tmp.685\\test-renamed-test.js'\n        at renameSync (node:fs:1020:11)\n        at Timeout._onTimeout (file:///c:/workspace/node-test-binary-windows-js-suites/node/test/parallel/test-runner-run-watch.mjs:94:40)\n        at listOnTimeout (node:internal/timers:614:17)\n        at process.processTimers (node:internal/timers:549:7) {\n      errno: -4058,\n      code: 'ENOENT',\n      syscall: 'rename',\n      path: 'c:\\\\workspace\\\\node-test-binary-windows-js-suites\\\\node\\\\test\\\\.tmp.685\\\\test.js',\n      dest: 'c:\\\\workspace\\\\node-test-binary-windows-js-suites\\\\node\\\\test\\\\.tmp.685\\\\test-renamed-test.js'\n    }\n\n  ✖ should not throw when deleting a watched test file (0.7003ms)\n    Error: EPERM, Permission denied: \\\\?\\c:\\workspace\\node-test-binary-windows-js-suites\\node\\test\\.tmp.685 '\\\\?\\c:\\workspace\\node-test-binary-windows-js-suites\\node\\test\\.tmp.685'\n        at Object.rmSync (node:fs:1246:18)\n        at rmSync (c:\\workspace\\node-test-binary-windows-js-suites\\node\\test\\common\\tmpdir.js:20:8)\n        at Object.refresh (c:\\workspace\\node-test-binary-windows-js-suites\\node\\test\\common\\tmpdir.js:35:3)\n        at TestContext.refresh (file:///c:/workspace/node-test-binary-windows-js-suites/node/test/parallel/test-runner-run-watch.mjs:34:10)\n        at TestHook.runInAsyncScope (node:async_hooks:211:14)\n        at TestHook.run (node:internal/test_runner/test:920:25)\n        at TestHook.run (node:internal/test_runner/test:1190:18)\n        at node:internal/test_runner/test:839:20\n        at async Suite.runHook (node:internal/test_runner/test:837:7)\n        at async Test.run (node:internal/test_runner/test:896:9) {\n      errno: 1,\n      code: 'EPERM',\n      path: '\\\\\\\\?\\\\c:\\\\workspace\\\\node-test-binary-windows-js-suites\\\\node\\\\test\\\\.tmp.685',\n      syscall: 'rm'\n    }\n\n  ✖ should run tests with dependency repeatedly in a different cwd (0.9304ms)\n    Error: EPERM, Permission denied: \\\\?\\c:\\workspace\\node-test-binary-windows-js-suites\\node\\test\\.tmp.685 '\\\\?\\c:\\workspace\\node-test-binary-windows-js-suites\\node\\test\\.tmp.685'\n        at Object.rmSync (node:fs:1246:18)\n        at rmSync (c:\\workspace\\node-test-binary-windows-js-suites\\node\\test\\common\\tmpdir.js:20:8)\n        at Object.refresh (c:\\workspace\\node-test-binary-windows-js-suites\\node\\test\\common\\tmpdir.js:35:3)\n        at TestContext.refresh (file:///c:/workspace/node-test-binary-windows-js-suites/node/test/parallel/test-runner-run-watch.mjs:34:10)\n        at TestHook.runInAsyncScope (node:async_hooks:211:14)\n        at TestHook.run (node:internal/test_runner/test:920:25)\n        at TestHook.run (node:internal/test_runner/test:1190:18)\n        at node:internal/test_runner/test:839:20\n        at async Suite.runHook (node:internal/test_runner/test:837:7)\n        at async Test.run (node:internal/test_runner/test:896:9) {\n      errno: 1,\n      code: 'EPERM',\n      path: '\\\\\\\\?\\\\c:\\\\workspace\\\\node-test-binary-windows-js-suites\\\\node\\\\test\\\\.tmp.685',\n      syscall: 'rm'\n    }\n\n  ✖ should handle renames in a different cwd (6.0359ms)\n    Error: EPERM, Permission denied: \\\\?\\c:\\workspace\\node-test-binary-windows-js-suites\\node\\test\\.tmp.685 '\\\\?\\c:\\workspace\\node-test-binary-windows-js-suites\\node\\test\\.tmp.685'\n        at Object.rmSync (node:fs:1246:18)\n        at rmSync (c:\\workspace\\node-test-binary-windows-js-suites\\node\\test\\common\\tmpdir.js:20:8)\n        at Object.refresh (c:\\workspace\\node-test-binary-windows-js-suites\\node\\test\\common\\tmpdir.js:35:3)\n        at TestContext.refresh (file:///c:/workspace/node-test-binary-windows-js-suites/node/test/parallel/test-runner-run-watch.mjs:34:10)\n        at TestHook.runInAsyncScope (node:async_hooks:211:14)\n        at TestHook.run (node:internal/test_runner/test:920:25)\n        at TestHook.run (node:internal/test_runner/test:1190:18)\n        at node:internal/test_runner/test:839:20\n        at async Suite.runHook (node:internal/test_runner/test:837:7)\n        at async Test.run (node:internal/test_runner/test:896:9) {\n      errno: 1,\n      code: 'EPERM',\n      path: '\\\\\\\\?\\\\c:\\\\workspace\\\\node-test-binary-windows-js-suites\\\\node\\\\test\\\\.tmp.685',\n      syscall: 'rm'\n    }\n\n  ✖ should run new tests when a new file is created in the watched directory (0.5529ms)\n    Error: EPERM, Permission denied: \\\\?\\c:\\workspace\\node-test-binary-windows-js-suites\\node\\test\\.tmp.685 '\\\\?\\c:\\workspace\\node-test-binary-windows-js-suites\\node\\test\\.tmp.685'\n        at Object.rmSync (node:fs:1246:18)\n        at rmSync (c:\\workspace\\node-test-binary-windows-js-suites\\node\\test\\common\\tmpdir.js:20:8)\n        at Object.refresh (c:\\workspace\\node-test-binary-windows-js-suites\\node\\test\\common\\tmpdir.js:35:3)\n        at TestContext.refresh (file:///c:/workspace/node-test-binary-windows-js-suites/node/test/parallel/test-runner-run-watch.mjs:34:10)\n        at TestHook.runInAsyncScope (node:async_hooks:211:14)\n        at TestHook.run (node:internal/test_runner/test:920:25)\n        at TestHook.run (node:internal/test_runner/test:1190:18)\n        at node:internal/test_runner/test:839:20\n        at async Suite.runHook (node:internal/test_runner/test:837:7)\n        at async Test.run (node:internal/test_runner/test:896:9) {\n      errno: 1,\n      code: 'EPERM',\n      path: '\\\\\\\\?\\\\c:\\\\workspace\\\\node-test-binary-windows-js-suites\\\\node\\\\test\\\\.tmp.685',\n      syscall: 'rm'\n    }\n\n▶ test runner watch mode (31225.3127ms)\nℹ tests 9\nℹ suites 1\nℹ pass 1\nℹ fail 8\nℹ cancelled 0\nℹ skipped 0\nℹ todo 0\nℹ duration_ms 31777.0529\n\n✖ failing tests:\n\ntest at test\\parallel\\test-runner-run-watch.mjs:182:3\n✖ should run tests repeatedly (6606.7844ms)\n  AssertionError [ERR_ASSERTION]: The input did not match the regular expression /tests 1/. Input:\n  \n  '# Subtest: test has ran\\n' +\n    'ok 1 - test has ran\\n' +\n    '  ---\\n' +\n    '  duration_ms: 10.9498\\n' +\n    '  ...\\n' +\n    '# Subtest: test.js\\n' +\n    'not ok 2 - test.js\\n' +\n    '  ---\\n' +\n    '  duration_ms: 1087.6627\\n' +\n    \"  location: 'c:\\\\\\\\workspace\\\\\\\\node-test-binary-windows-js-suites\\\\\\\\node\\\\\\\\test\\\\\\\\.tmp.685\\\\\\\\test.js:1:1'\\n\" +\n    \"  failureType: 'testCodeFailure'\\n\" +\n    '  exitCode: ~\\n' +\n    \"  signal: 'SIGTERM'\\n\" +\n    \"  error: 'test failed'\\n\" +\n    \"  code: 'ERR_TEST_FAILURE'\\n\" +\n    '  ...\\n' +\n    '# Subtest: test.js\\n' +\n    'not ok 3 - test.js\\n' +\n    '  ---\\n' +\n    '  duration_ms: 1051.3457\\n' +\n    \"  location: 'c:\\\\\\\\workspace\\\\\\\\node-test-binary-windows-js-suites\\\\\\\\node\\\\\\\\test\\\\\\\\.tmp.685\\\\\\\\test.js:1:1'\\n\" +\n    \"  failureType: 'testCodeFailure'\\n\" +\n    '  exitCode: ~\\n' +\n    \"  signal: 'SIGTERM'\\n\" +\n    \"  error: 'test failed'\\n\" +\n    \"  code: 'ERR_TEST_FAILURE'\\n\" +\n    '  ...\\n' +\n    '# Subtest: test has ran\\n' +\n    'ok 4 - test has ran\\n' +\n    '  ---\\n' +\n    '  duration_ms: 18.3469\\n' +\n    '  ...\\n' +\n    '1..4\\n' +\n    '# tests 4\\n' +\n    '# suites 0\\n' +\n    '# pass 2\\n' +\n    '# fail 2\\n' +\n    '# cancelled 0\\n' +\n    '# skipped 0\\n' +\n    '# todo 0\\n' +\n    '# duration_ms 1115.7531\\n'\n  \n      at testUpdate (file:///c:/workspace/node-test-binary-windows-js-suites/node/test/parallel/test-runner-run-watch.mjs:81:14)\n      at process.processTicksAndRejections (node:internal/process/task_queues:105:5)\n      at async testWatch (file:///c:/workspace/node-test-binary-windows-js-suites/node/test/parallel/test-runner-run-watch.mjs:173:26)\n      at async TestContext.<anonymous> (file:///c:/workspace/node-test-binary-windows-js-suites/node/test/parallel/test-runner-run-watch.mjs:183:5)\n      at async Test.run (node:internal/test_runner/test:921:9)\n      at async Promise.all (index 0)\n      at async Suite.run (node:internal/test_runner/test:1285:7)\n      at async startSubtestAfterBootstrap (node:internal/test_runner/harness:289:3) {\n    generatedMessage: true,\n    code: 'ERR_ASSERTION',\n    actual: \"# Subtest: test has ran\\nok 1 - test has ran\\n  ---\\n  duration_ms: 10.9498\\n  ...\\n# Subtest: test.js\\nnot ok 2 - test.js\\n  ---\\n  duration_ms: 1087.6627\\n  location: 'c:\\\\\\\\workspace\\\\\\\\node-test-binary-windows-js-suites\\\\\\\\node\\\\\\\\test\\\\\\\\.tmp.685\\\\\\\\test.js:1:1'\\n...\",\n    expected: /tests 1/,\n    operator: 'match'\n  }\n\ntest at test\\parallel\\test-runner-run-watch.mjs:186:3\n✖ should run tests with dependency repeatedly (7042.06ms)\n  AssertionError [ERR_ASSERTION]: The input did not match the regular expression /tests 1/. Input:\n  \n  '# Subtest: test.js\\n' +\n    'not ok 2 - test.js\\n' +\n    '  ---\\n' +\n    '  duration_ms: 1118.2027\\n' +\n    \"  location: 'c:\\\\\\\\workspace\\\\\\\\node-test-binary-windows-js-suites\\\\\\\\node\\\\\\\\test\\\\\\\\.tmp.685\\\\\\\\test.js:1:1'\\n\" +\n    \"  failureType: 'testCodeFailure'\\n\" +\n    '  exitCode: ~\\n' +\n    \"  signal: 'SIGTERM'\\n\" +\n    \"  error: 'test failed'\\n\" +\n    \"  code: 'ERR_TEST_FAILURE'\\n\" +\n    '  ...\\n' +\n    '# Subtest: test.js\\n' +\n    'not ok 3 - test.js\\n' +\n    '  ---\\n' +\n    '  duration_ms: 958.2902\\n' +\n    \"  location: 'c:\\\\\\\\workspace\\\\\\\\node-test-binary-windows-js-suites\\\\\\\\node\\\\\\\\test\\\\\\\\.tmp.685\\\\\\\\test.js:1:1'\\n\" +\n    \"  failureType: 'testCodeFailure'\\n\" +\n    '  exitCode: ~\\n' +\n    \"  signal: 'SIGTERM'\\n\" +\n    \"  error: 'test failed'\\n\" +\n    \"  code: 'ERR_TEST_FAILURE'\\n\" +\n    '  ...\\n' +\n    '# Subtest: test has ran\\n' +\n    'ok 3 - test has ran\\n' +\n    '  ---\\n' +\n    '  duration_ms: 10.5201\\n' +\n    '  ...\\n' +\n    '1..3\\n' +\n    '# tests 3\\n' +\n    '# suites 0\\n' +\n    '# pass 1\\n' +\n    '# fail 2\\n' +\n    '# cancelled 0\\n' +\n    '# skipped 0\\n' +\n    '# todo 0\\n' +\n    '# duration_ms 1350.0588\\n'\n  \n      at testUpdate (file:///c:/workspace/node-test-binary-windows-js-suites/node/test/parallel/test-runner-run-watch.mjs:81:14)\n      at process.processTicksAndRejections (node:internal/process/task_queues:105:5)\n      at async testWatch (file:///c:/workspace/node-test-binary-windows-js-suites/node/test/parallel/test-runner-run-watch.mjs:173:26)\n      at async TestContext.<anonymous> (file:///c:/workspace/node-test-binary-windows-js-suites/node/test/parallel/test-runner-run-watch.mjs:187:5)\n      at async Test.run (node:internal/test_runner/test:921:9)\n      at async Suite.processPendingSubtests (node:internal/test_runner/test:619:7) {\n    generatedMessage: true,\n    code: 'ERR_ASSERTION',\n    actual: \"# Subtest: test.js\\nnot ok 2 - test.js\\n  ---\\n  duration_ms: 1118.2027\\n  location: 'c:\\\\\\\\workspace\\\\\\\\node-test-binary-windows-js-suites\\\\\\\\node\\\\\\\\test\\\\\\\\.tmp.685\\\\\\\\test.js:1:1'\\n  failureType: 'testCodeFailure'\\n  exitCode: ~\\n  signal: 'SIGTERM'\\n  error: 'test failed'\\n  code: 'ERR_TEST_FAILURE'\\n...\",\n    expected: /tests 1/,\n    operator: 'match'\n  }\n\ntest at test\\parallel\\test-runner-run-watch.mjs:194:3\n✖ should support running tests without a file (8867.1202ms)\n  AssertionError [ERR_ASSERTION]: The input did not match the regular expression /tests 1/. Input:\n  \n  '# Subtest: test has ran\\n' +\n    'ok 1 - test has ran\\n' +\n    '  ---\\n' +\n    '  duration_ms: 18.4918\\n' +\n    '  ...\\n' +\n    '# Subtest: test.js\\n' +\n    'not ok 2 - test.js\\n' +\n    '  ---\\n' +\n    '  duration_ms: 1082.7961\\n' +\n    \"  location: 'c:\\\\\\\\workspace\\\\\\\\node-test-binary-windows-js-suites\\\\\\\\node\\\\\\\\test\\\\\\\\.tmp.685\\\\\\\\test.js:1:1'\\n\" +\n    \"  failureType: 'testCodeFailure'\\n\" +\n    '  exitCode: ~\\n' +\n    \"  signal: 'SIGTERM'\\n\" +\n    \"  error: 'test failed'\\n\" +\n    \"  code: 'ERR_TEST_FAILURE'\\n\" +\n    '  ...\\n' +\n    '# Subtest: test has ran\\n' +\n    'ok 3 - test has ran\\n' +\n    '  ---\\n' +\n    '  duration_ms: 18.3795\\n' +\n    '  ...\\n' +\n    '# Subtest: test.js\\n' +\n    'not ok 3 - test.js\\n' +\n    '  ---\\n' +\n    '  duration_ms: 1016.1493\\n' +\n    \"  location: 'c:\\\\\\\\workspace\\\\\\\\node-test-binary-windows-js-suites\\\\\\\\node\\\\\\\\test\\\\\\\\.tmp.685\\\\\\\\test.js:1:1'\\n\" +\n    \"  failureType: 'testCodeFailure'\\n\" +\n    '  exitCode: ~\\n' +\n    \"  signal: 'SIGTERM'\\n\" +\n    \"  error: 'test failed'\\n\" +\n    \"  code: 'ERR_TEST_FAILURE'\\n\" +\n    '  ...\\n' +\n    '# Subtest: test.js\\n' +\n    'not ok 4 - test.js\\n' +\n    '  ---\\n' +\n    '  duration_ms: 976.4987\\n' +\n    \"  location: 'c:\\\\\\\\workspace\\\\\\\\node-test-binary-windows-js-suites\\\\\\\\node\\\\\\\\test\\\\\\\\.tmp.685\\\\\\\\test.js:1:1'\\n\" +\n    \"  failureType: 'testCodeFailure'\\n\" +\n    '  exitCode: ~\\n' +\n    \"  signal: 'SIGTERM'\\n\" +\n    \"  error: 'test failed'\\n\" +\n    \"  code: 'ERR_TEST_FAILURE'\\n\" +\n    '  ...\\n' +\n    '# Subtest: test has ran\\n' +\n    'ok 6 - test has ran\\n' +\n    '  ---\\n' +\n    '  duration_ms: 32.1419\\n' +\n    '  ...\\n' +\n    '# Subtest: test.js\\n' +\n    'not ok 5 - test.js\\n' +\n    '  ---\\n' +\n    '  duration_ms: 1015.4128\\n' +\n    \"  location: 'c:\\\\\\\\workspace\\\\\\\\node-test-binary-windows-js-suites\\\\\\\\node\\\\\\\\test\\\\\\\\.tmp.685\\\\\\\\test.js:1:1'\\n\" +\n    \"  failureType: 'testCodeFailure'\\n\" +\n    '  exitCode: ~\\n' +\n    \"  signal: 'SIGTERM'\\n\" +\n    \"  error: 'test failed'\\n\" +\n    \"  code: 'ERR_TEST_FAILURE'\\n\" +\n    '  ...\\n' +\n    '# Subtest: test has ran\\n' +\n    'ok 8 - test has ran\\n' +\n    '  ---\\n' +\n    '  duration_ms: 24.5049\\n' +\n    '  ...\\n' +\n    '1..8\\n' +\n    '# tests 8\\n' +\n    '# suites 0\\n' +\n    '# pass 4\\n' +\n    '# fail 4\\n' +\n    '# cancelled 0\\n' +\n    '# skipped 0\\n' +\n    '# todo 0\\n' +\n    '# duration_ms 1593.9556\\n'\n  \n      at testUpdate (file:///c:/workspace/node-test-binary-windows-js-suites/node/test/parallel/test-runner-run-watch.mjs:81:14)\n      at process.processTicksAndRejections (node:internal/process/task_queues:105:5)\n      at async testWatch (file:///c:/workspace/node-test-binary-windows-js-suites/node/test/parallel/test-runner-run-watch.mjs:173:26)\n      at async TestContext.<anonymous> (file:///c:/workspace/node-test-binary-windows-js-suites/node/test/parallel/test-runner-run-watch.mjs:195:5)\n      at async Test.run (node:internal/test_runner/test:921:9)\n      at async Suite.processPendingSubtests (node:internal/test_runner/test:619:7) {\n    generatedMessage: true,\n    code: 'ERR_ASSERTION',\n    actual: \"# Subtest: test has ran\\nok 1 - test has ran\\n  ---\\n  duration_ms: 18.4918\\n  ...\\n# Subtest: test.js\\nnot ok 2 - test.js\\n  ---\\n  duration_ms: 1082.7961\\n  location: 'c:\\\\\\\\workspace\\\\\\\\node-test-binary-windows-js-suites\\\\\\\\node\\\\\\\\test\\\\\\\\.tmp.685\\\\\\\\test.js:1:1'\\n...\",\n    expected: /tests 1/,\n    operator: 'match'\n  }\n\ntest at test\\parallel\\test-runner-run-watch.mjs:198:3\n✖ should support a watched test file rename (4034.5247ms)\n  Error: ENOENT: no such file or directory, rename 'c:\\workspace\\node-test-binary-windows-js-suites\\node\\test\\.tmp.685\\test.js' -> 'c:\\workspace\\node-test-binary-windows-js-suites\\node\\test\\.tmp.685\\test-renamed-test.js'\n      at renameSync (node:fs:1020:11)\n      at Timeout._onTimeout (file:///c:/workspace/node-test-binary-windows-js-suites/node/test/parallel/test-runner-run-watch.mjs:94:40)\n      at listOnTimeout (node:internal/timers:614:17)\n      at process.processTimers (node:internal/timers:549:7) {\n    errno: -4058,\n    code: 'ENOENT',\n    syscall: 'rename',\n    path: 'c:\\\\workspace\\\\node-test-binary-windows-js-suites\\\\node\\\\test\\\\.tmp.685\\\\test.js',\n    dest: 'c:\\\\workspace\\\\node-test-binary-windows-js-suites\\\\node\\\\test\\\\.tmp.685\\\\test-renamed-test.js'\n  }\n\ntest at test\\parallel\\test-runner-run-watch.mjs:202:3\n✖ should not throw when deleting a watched test file (0.7003ms)\n  Error: EPERM, Permission denied: \\\\?\\c:\\workspace\\node-test-binary-windows-js-suites\\node\\test\\.tmp.685 '\\\\?\\c:\\workspace\\node-test-binary-windows-js-suites\\node\\test\\.tmp.685'\n      at Object.rmSync (node:fs:1246:18)\n      at rmSync (c:\\workspace\\node-test-binary-windows-js-suites\\node\\test\\common\\tmpdir.js:20:8)\n      at Object.refresh (c:\\workspace\\node-test-binary-windows-js-suites\\node\\test\\common\\tmpdir.js:35:3)\n      at TestContext.refresh (file:///c:/workspace/node-test-binary-windows-js-suites/node/test/parallel/test-runner-run-watch.mjs:34:10)\n      at TestHook.runInAsyncScope (node:async_hooks:211:14)\n      at TestHook.run (node:internal/test_runner/test:920:25)\n      at TestHook.run (node:internal/test_runner/test:1190:18)\n      at node:internal/test_runner/test:839:20\n      at async Suite.runHook (node:internal/test_runner/test:837:7)\n      at async Test.run (node:internal/test_runner/test:896:9) {\n    errno: 1,\n    code: 'EPERM',\n    path: '\\\\\\\\?\\\\c:\\\\workspace\\\\node-test-binary-windows-js-suites\\\\node\\\\test\\\\.tmp.685',\n    syscall: 'rm'\n  }\n\ntest at test\\parallel\\test-runner-run-watch.mjs:206:3\n✖ should run tests with dependency repeatedly in a different cwd (0.9304ms)\n  Error: EPERM, Permission denied: \\\\?\\c:\\workspace\\node-test-binary-windows-js-suites\\node\\test\\.tmp.685 '\\\\?\\c:\\workspace\\node-test-binary-windows-js-suites\\node\\test\\.tmp.685'\n      at Object.rmSync (node:fs:1246:18)\n      at rmSync (c:\\workspace\\node-test-binary-windows-js-suites\\node\\test\\common\\tmpdir.js:20:8)\n      at Object.refresh (c:\\workspace\\node-test-binary-windows-js-suites\\node\\test\\common\\tmpdir.js:35:3)\n      at TestContext.refresh (file:///c:/workspace/node-test-binary-windows-js-suites/node/test/parallel/test-runner-run-watch.mjs:34:10)\n      at TestHook.runInAsyncScope (node:async_hooks:211:14)\n      at TestHook.run (node:internal/test_runner/test:920:25)\n      at TestHook.run (node:internal/test_runner/test:1190:18)\n      at node:internal/test_runner/test:839:20\n      at async Suite.runHook (node:internal/test_runner/test:837:7)\n      at async Test.run (node:internal/test_runner/test:896:9) {\n    errno: 1,\n    code: 'EPERM',\n    path: '\\\\\\\\?\\\\c:\\\\workspace\\\\node-test-binary-windows-js-suites\\\\node\\\\test\\\\.tmp.685',\n    syscall: 'rm'\n  }\n\ntest at test\\parallel\\test-runner-run-watch.mjs:215:3\n✖ should handle renames in a different cwd (6.0359ms)\n  Error: EPERM, Permission denied: \\\\?\\c:\\workspace\\node-test-binary-windows-js-suites\\node\\test\\.tmp.685 '\\\\?\\c:\\workspace\\node-test-binary-windows-js-suites\\node\\test\\.tmp.685'\n      at Object.rmSync (node:fs:1246:18)\n      at rmSync (c:\\workspace\\node-test-binary-windows-js-suites\\node\\test\\common\\tmpdir.js:20:8)\n      at Object.refresh (c:\\workspace\\node-test-binary-windows-js-suites\\node\\test\\common\\tmpdir.js:35:3)\n      at TestContext.refresh (file:///c:/workspace/node-test-binary-windows-js-suites/node/test/parallel/test-runner-run-watch.mjs:34:10)\n      at TestHook.runInAsyncScope (node:async_hooks:211:14)\n      at TestHook.run (node:internal/test_runner/test:920:25)\n      at TestHook.run (node:internal/test_runner/test:1190:18)\n      at node:internal/test_runner/test:839:20\n      at async Suite.runHook (node:internal/test_runner/test:837:7)\n      at async Test.run (node:internal/test_runner/test:896:9) {\n    errno: 1,\n    code: 'EPERM',\n    path: '\\\\\\\\?\\\\c:\\\\workspace\\\\node-test-binary-windows-js-suites\\\\node\\\\test\\\\.tmp.685',\n    syscall: 'rm'\n  }\n\ntest at test\\parallel\\test-runner-run-watch.mjs:224:3\n✖ should run new tests when a new file is created in the watched directory (0.5529ms)\n  Error: EPERM, Permission denied: \\\\?\\c:\\workspace\\node-test-binary-windows-js-suites\\node\\test\\.tmp.685 '\\\\?\\c:\\workspace\\node-test-binary-windows-js-suites\\node\\test\\.tmp.685'\n      at Object.rmSync (node:fs:1246:18)\n      at rmSync (c:\\workspace\\node-test-binary-windows-js-suites\\node\\test\\common\\tmpdir.js:20:8)\n      at Object.refresh (c:\\workspace\\node-test-binary-windows-js-suites\\node\\test\\common\\tmpdir.js:35:3)\n      at TestContext.refresh (file:///c:/workspace/node-test-binary-windows-js-suites/node/test/parallel/test-runner-run-watch.mjs:34:10)\n      at TestHook.runInAsyncScope (node:async_hooks:211:14)\n      at TestHook.run (node:internal/test_runner/test:920:25)\n      at TestHook.run (node:internal/test_runner/test:1190:18)\n      at node:internal/test_runner/test:839:20\n      at async Suite.runHook (node:internal/test_runner/test:837:7)\n      at async Test.run (node:internal/test_runner/test:896:9) {\n    errno: 1,\n    code: 'EPERM',\n    path: '\\\\\\\\?\\\\c:\\\\workspace\\\\node-test-binary-windows-js-suites\\\\node\\\\test\\\\.tmp.685',\n    syscall: 'rm'\n  }"},"time":33591.223,"fullname":"parallel/test-runner-run-watch","closingTestPoint":false}}]}