{"failedTests":[{"testName":"parallel/test-runner-run-coverage","timestamp":1726515085389,"status":"FAILED","jobName":"node-test-binary-windows-js-suites","config":"node-test-binary-windows-js-suites » 3,win2019-COMPILED_BY-vs2022 #30299","buildUrl":"https://ci.nodejs.org/job/node-test-binary-windows-js-suites/RUN_SUBSET=3,nodes=win2019-COMPILED_BY-vs2022/30299/","buildNumber":30299,"builtOn":"test-rackspace-win2019_vs2019-x64-2","nodeVersion":"23.0.0","commitHash":"7f4608c2e028020f97ceb568bc9afbe9e164ef75","callStack":[{"upstreamBuild":65976,"upstreamProject":"node-test-commit-windows-fanned","upstreamUrl":"job/node-test-commit-windows-fanned/"},{"upstreamBuild":74496,"upstreamProject":"node-test-commit","upstreamUrl":"job/node-test-commit/"},{"upstreamBuild":62482,"upstreamProject":"node-test-pull-request","upstreamUrl":"job/node-test-pull-request/"},{"prId":"53937"}],"tap":{"ok":false,"name":"parallel/test-runner-run-coverage","id":684,"buffered":false,"tapError":null,"skip":false,"todo":false,"previous":null,"plan":null,"diag":{"severity":"fail","exitcode":1,"stack":"▶ require('node:test').run coverage settings\n  ▶ validation\n    ✔ should only allow boolean in options.coverage (116.4343ms)\n    ✔ should only allow string|string[] in options.coverageExcludeGlobs (113.0539ms)\n    ✔ should only allow string|string[] in options.coverageIncludeGlobs (106.9348ms)\n    ✔ should only allow an int within range in options.lineCoverage (103.5997ms)\n    ✔ should only allow an int within range in options.branchCoverage (100.1654ms)\n    ✔ should only allow an int within range in options.functionCoverage (97.5389ms)\n  ▶ validation (119.7665ms)\n  ▶ run with coverage\n    ✔ should run with coverage (820.2706ms)\n    ✔ should run with coverage and exclude by glob (1042.5051ms)\n    ✖ should run with coverage and include by glob (948.3601ms)\n      AssertionError [ERR_ASSERTION]: Expected values to be strictly equal:\n      \n      false !== true\n      \n          at TestsStream.<anonymous> (file:///C:/workspace/node-test-binary-windows-js-suites/node/test/parallel/test-runner-run-coverage.mjs:131:16)\n          at TestsStream.<anonymous> (C:\\workspace\\node-test-binary-windows-js-suites\\node\\test\\common\\index.js:493:15)\n          at TestsStream.emit (node:events:519:28)\n          at [kEmitMessage] (node:internal/test_runner/tests_stream:140:10)\n          at TestsStream.coverage (node:internal/test_runner/tests_stream:127:23)\n          at Test.postRun (node:internal/test_runner/test:1075:18)\n          at postRun (node:internal/test_runner/runner:700:28)\n          at process.processTicksAndRejections (node:internal/process/task_queues:105:5) {\n        generatedMessage: true,\n        code: 'ERR_ASSERTION',\n        actual: false,\n        expected: true,\n        operator: 'strictEqual'\n      }\n\n    ✖ should run while including and excluding globs (426.6019ms)\n      AssertionError [ERR_ASSERTION]: Expected values to be strictly equal:\n      \n      false !== true\n      \n          at TestsStream.<anonymous> (file:///C:/workspace/node-test-binary-windows-js-suites/node/test/parallel/test-runner-run-coverage.mjs:149:16)\n          at TestsStream.<anonymous> (C:\\workspace\\node-test-binary-windows-js-suites\\node\\test\\common\\index.js:493:15)\n          at TestsStream.emit (node:events:519:28)\n          at [kEmitMessage] (node:internal/test_runner/tests_stream:140:10)\n          at TestsStream.coverage (node:internal/test_runner/tests_stream:127:23)\n          at Test.postRun (node:internal/test_runner/test:1075:18)\n          at postRun (node:internal/test_runner/runner:700:28)\n          at process.processTicksAndRejections (node:internal/process/task_queues:105:5) {\n        generatedMessage: true,\n        code: 'ERR_ASSERTION',\n        actual: false,\n        expected: true,\n        operator: 'strictEqual'\n      }\n\n    ✖ should run with coverage and fail when below line threshold (0.9246ms)\n      AssertionError [ERR_ASSERTION]: Expected \"actual\" to be strictly unequal to: 1\n          at TestContext.<anonymous> (file:///C:/workspace/node-test-binary-windows-js-suites/node/test/parallel/test-runner-run-coverage.mjs:158:14)\n          at Test.runInAsyncScope (node:async_hooks:211:14)\n          at Test.run (node:internal/test_runner/test:930:25)\n          at Suite.processPendingSubtests (node:internal/test_runner/test:629:18)\n          at Test.postRun (node:internal/test_runner/test:1026:19)\n          at Test.run (node:internal/test_runner/test:969:12)\n          at process.processTicksAndRejections (node:internal/process/task_queues:105:5)\n          at async Suite.processPendingSubtests (node:internal/test_runner/test:629:7) {\n        generatedMessage: true,\n        code: 'ERR_ASSERTION',\n        actual: 1,\n        expected: 1,\n        operator: 'notStrictEqual'\n      }\n\n  ▶ run with coverage (3272.6867ms)\n▶ require('node:test').run coverage settings (3275.0154ms)\nℹ tests 11\nℹ suites 3\nℹ pass 8\nℹ fail 3\nℹ cancelled 0\nℹ skipped 0\nℹ todo 0\nℹ duration_ms 3294.5535\n\n✖ failing tests:\n\ntest at test\\parallel\\test-runner-run-coverage.mjs:121:11\n✖ should run with coverage and include by glob (948.3601ms)\n  AssertionError [ERR_ASSERTION]: Expected values to be strictly equal:\n  \n  false !== true\n  \n      at TestsStream.<anonymous> (file:///C:/workspace/node-test-binary-windows-js-suites/node/test/parallel/test-runner-run-coverage.mjs:131:16)\n      at TestsStream.<anonymous> (C:\\workspace\\node-test-binary-windows-js-suites\\node\\test\\common\\index.js:493:15)\n      at TestsStream.emit (node:events:519:28)\n      at [kEmitMessage] (node:internal/test_runner/tests_stream:140:10)\n      at TestsStream.coverage (node:internal/test_runner/tests_stream:127:23)\n      at Test.postRun (node:internal/test_runner/test:1075:18)\n      at postRun (node:internal/test_runner/runner:700:28)\n      at process.processTicksAndRejections (node:internal/process/task_queues:105:5) {\n    generatedMessage: true,\n    code: 'ERR_ASSERTION',\n    actual: false,\n    expected: true,\n    operator: 'strictEqual'\n  }\n\ntest at test\\parallel\\test-runner-run-coverage.mjs:137:11\n✖ should run while including and excluding globs (426.6019ms)\n  AssertionError [ERR_ASSERTION]: Expected values to be strictly equal:\n  \n  false !== true\n  \n      at TestsStream.<anonymous> (file:///C:/workspace/node-test-binary-windows-js-suites/node/test/parallel/test-runner-run-coverage.mjs:149:16)\n      at TestsStream.<anonymous> (C:\\workspace\\node-test-binary-windows-js-suites\\node\\test\\common\\index.js:493:15)\n      at TestsStream.emit (node:events:519:28)\n      at [kEmitMessage] (node:internal/test_runner/tests_stream:140:10)\n      at TestsStream.coverage (node:internal/test_runner/tests_stream:127:23)\n      at Test.postRun (node:internal/test_runner/test:1075:18)\n      at postRun (node:internal/test_runner/runner:700:28)\n      at process.processTicksAndRejections (node:internal/process/task_queues:105:5) {\n    generatedMessage: true,\n    code: 'ERR_ASSERTION',\n    actual: false,\n    expected: true,\n    operator: 'strictEqual'\n  }\n\ntest at test\\parallel\\test-runner-run-coverage.mjs:155:11\n✖ should run with coverage and fail when below line threshold (0.9246ms)\n  AssertionError [ERR_ASSERTION]: Expected \"actual\" to be strictly unequal to: 1\n      at TestContext.<anonymous> (file:///C:/workspace/node-test-binary-windows-js-suites/node/test/parallel/test-runner-run-coverage.mjs:158:14)\n      at Test.runInAsyncScope (node:async_hooks:211:14)\n      at Test.run (node:internal/test_runner/test:930:25)\n      at Suite.processPendingSubtests (node:internal/test_runner/test:629:18)\n      at Test.postRun (node:internal/test_runner/test:1026:19)\n      at Test.run (node:internal/test_runner/test:969:12)\n      at process.processTicksAndRejections (node:internal/process/task_queues:105:5)\n      at async Suite.processPendingSubtests (node:internal/test_runner/test:629:7) {\n    generatedMessage: true,\n    code: 'ERR_ASSERTION',\n    actual: 1,\n    expected: 1,\n    operator: 'notStrictEqual'\n  }\n(node:11796) ExperimentalWarning: glob is an experimental feature and might change at any time\n(Use `node --trace-warnings ...` to show where the warning was created)"},"time":3948.025,"fullname":"parallel/test-runner-run-coverage","closingTestPoint":false}},{"testName":"parallel/test-runner-run-coverage","timestamp":1726515085389,"status":"FAILED","jobName":"node-test-binary-windows-js-suites","config":"node-test-binary-windows-js-suites » 3,win10-COMPILED_BY-vs2022 #30299","buildUrl":"https://ci.nodejs.org/job/node-test-binary-windows-js-suites/RUN_SUBSET=3,nodes=win10-COMPILED_BY-vs2022/30299/","buildNumber":30299,"builtOn":"test-azure_msft-win10_vs2019-x64-2","nodeVersion":"23.0.0","commitHash":"7f4608c2e028020f97ceb568bc9afbe9e164ef75","callStack":[{"upstreamBuild":65976,"upstreamProject":"node-test-commit-windows-fanned","upstreamUrl":"job/node-test-commit-windows-fanned/"},{"upstreamBuild":74496,"upstreamProject":"node-test-commit","upstreamUrl":"job/node-test-commit/"},{"upstreamBuild":62482,"upstreamProject":"node-test-pull-request","upstreamUrl":"job/node-test-pull-request/"},{"prId":"53937"}],"tap":{"ok":false,"name":"parallel/test-runner-run-coverage","id":686,"buffered":false,"tapError":null,"skip":false,"todo":false,"previous":null,"plan":null,"diag":{"severity":"fail","exitcode":1,"stack":"▶ require('node:test').run coverage settings\n  ▶ validation\n    ✔ should only allow boolean in options.coverage (37.8559ms)\n    ✔ should only allow string|string[] in options.coverageExcludeGlobs (35.8842ms)\n    ✔ should only allow string|string[] in options.coverageIncludeGlobs (33.1903ms)\n    ✔ should only allow an int within range in options.lineCoverage (31.4737ms)\n    ✔ should only allow an int within range in options.branchCoverage (29.6365ms)\n    ✔ should only allow an int within range in options.functionCoverage (28.3322ms)\n  ▶ validation (39.2347ms)\n  ▶ run with coverage\n    ✔ should run with coverage (923.5223ms)\n    ✔ should run with coverage and exclude by glob (342.0316ms)\n    ✖ should run with coverage and include by glob (260.6397ms)\n      AssertionError [ERR_ASSERTION]: Expected values to be strictly equal:\n      \n      false !== true\n      \n          at TestsStream.<anonymous> (file:///c:/workspace/node-test-binary-windows-js-suites/node/test/parallel/test-runner-run-coverage.mjs:131:16)\n          at TestsStream.<anonymous> (c:\\workspace\\node-test-binary-windows-js-suites\\node\\test\\common\\index.js:493:15)\n          at TestsStream.emit (node:events:519:28)\n          at [kEmitMessage] (node:internal/test_runner/tests_stream:140:10)\n          at TestsStream.coverage (node:internal/test_runner/tests_stream:127:23)\n          at Test.postRun (node:internal/test_runner/test:1075:18)\n          at postRun (node:internal/test_runner/runner:700:28)\n          at process.processTicksAndRejections (node:internal/process/task_queues:105:5) {\n        generatedMessage: true,\n        code: 'ERR_ASSERTION',\n        actual: false,\n        expected: true,\n        operator: 'strictEqual'\n      }\n\n    ✖ should run while including and excluding globs (281.6211ms)\n      AssertionError [ERR_ASSERTION]: Expected values to be strictly equal:\n      \n      false !== true\n      \n          at TestsStream.<anonymous> (file:///c:/workspace/node-test-binary-windows-js-suites/node/test/parallel/test-runner-run-coverage.mjs:149:16)\n          at TestsStream.<anonymous> (c:\\workspace\\node-test-binary-windows-js-suites\\node\\test\\common\\index.js:493:15)\n          at TestsStream.emit (node:events:519:28)\n          at [kEmitMessage] (node:internal/test_runner/tests_stream:140:10)\n          at TestsStream.coverage (node:internal/test_runner/tests_stream:127:23)\n          at Test.postRun (node:internal/test_runner/test:1075:18)\n          at postRun (node:internal/test_runner/runner:700:28)\n          at process.processTicksAndRejections (node:internal/process/task_queues:105:5) {\n        generatedMessage: true,\n        code: 'ERR_ASSERTION',\n        actual: false,\n        expected: true,\n        operator: 'strictEqual'\n      }\n\n    ✖ should run with coverage and fail when below line threshold (0.5666ms)\n      AssertionError [ERR_ASSERTION]: Expected \"actual\" to be strictly unequal to: 1\n          at TestContext.<anonymous> (file:///c:/workspace/node-test-binary-windows-js-suites/node/test/parallel/test-runner-run-coverage.mjs:158:14)\n          at Test.runInAsyncScope (node:async_hooks:211:14)\n          at Test.run (node:internal/test_runner/test:930:25)\n          at Suite.processPendingSubtests (node:internal/test_runner/test:629:18)\n          at Test.postRun (node:internal/test_runner/test:1026:19)\n          at Test.run (node:internal/test_runner/test:969:12)\n          at process.processTicksAndRejections (node:internal/process/task_queues:105:5)\n          at async Suite.processPendingSubtests (node:internal/test_runner/test:629:7) {\n        generatedMessage: true,\n        code: 'ERR_ASSERTION',\n        actual: 1,\n        expected: 1,\n        operator: 'notStrictEqual'\n      }\n\n  ▶ run with coverage (1825.189ms)\n▶ require('node:test').run coverage settings (1826.3588ms)\nℹ tests 11\nℹ suites 3\nℹ pass 8\nℹ fail 3\nℹ cancelled 0\nℹ skipped 0\nℹ todo 0\nℹ duration_ms 1836.0256\n\n✖ failing tests:\n\ntest at test\\parallel\\test-runner-run-coverage.mjs:121:11\n✖ should run with coverage and include by glob (260.6397ms)\n  AssertionError [ERR_ASSERTION]: Expected values to be strictly equal:\n  \n  false !== true\n  \n      at TestsStream.<anonymous> (file:///c:/workspace/node-test-binary-windows-js-suites/node/test/parallel/test-runner-run-coverage.mjs:131:16)\n      at TestsStream.<anonymous> (c:\\workspace\\node-test-binary-windows-js-suites\\node\\test\\common\\index.js:493:15)\n      at TestsStream.emit (node:events:519:28)\n      at [kEmitMessage] (node:internal/test_runner/tests_stream:140:10)\n      at TestsStream.coverage (node:internal/test_runner/tests_stream:127:23)\n      at Test.postRun (node:internal/test_runner/test:1075:18)\n      at postRun (node:internal/test_runner/runner:700:28)\n      at process.processTicksAndRejections (node:internal/process/task_queues:105:5) {\n    generatedMessage: true,\n    code: 'ERR_ASSERTION',\n    actual: false,\n    expected: true,\n    operator: 'strictEqual'\n  }\n\ntest at test\\parallel\\test-runner-run-coverage.mjs:137:11\n✖ should run while including and excluding globs (281.6211ms)\n  AssertionError [ERR_ASSERTION]: Expected values to be strictly equal:\n  \n  false !== true\n  \n      at TestsStream.<anonymous> (file:///c:/workspace/node-test-binary-windows-js-suites/node/test/parallel/test-runner-run-coverage.mjs:149:16)\n      at TestsStream.<anonymous> (c:\\workspace\\node-test-binary-windows-js-suites\\node\\test\\common\\index.js:493:15)\n      at TestsStream.emit (node:events:519:28)\n      at [kEmitMessage] (node:internal/test_runner/tests_stream:140:10)\n      at TestsStream.coverage (node:internal/test_runner/tests_stream:127:23)\n      at Test.postRun (node:internal/test_runner/test:1075:18)\n      at postRun (node:internal/test_runner/runner:700:28)\n      at process.processTicksAndRejections (node:internal/process/task_queues:105:5) {\n    generatedMessage: true,\n    code: 'ERR_ASSERTION',\n    actual: false,\n    expected: true,\n    operator: 'strictEqual'\n  }\n\ntest at test\\parallel\\test-runner-run-coverage.mjs:155:11\n✖ should run with coverage and fail when below line threshold (0.5666ms)\n  AssertionError [ERR_ASSERTION]: Expected \"actual\" to be strictly unequal to: 1\n      at TestContext.<anonymous> (file:///c:/workspace/node-test-binary-windows-js-suites/node/test/parallel/test-runner-run-coverage.mjs:158:14)\n      at Test.runInAsyncScope (node:async_hooks:211:14)\n      at Test.run (node:internal/test_runner/test:930:25)\n      at Suite.processPendingSubtests (node:internal/test_runner/test:629:18)\n      at Test.postRun (node:internal/test_runner/test:1026:19)\n      at Test.run (node:internal/test_runner/test:969:12)\n      at process.processTicksAndRejections (node:internal/process/task_queues:105:5)\n      at async Suite.processPendingSubtests (node:internal/test_runner/test:629:7) {\n    generatedMessage: true,\n    code: 'ERR_ASSERTION',\n    actual: 1,\n    expected: 1,\n    operator: 'notStrictEqual'\n  }\n(node:7880) ExperimentalWarning: glob is an experimental feature and might change at any time\n(Use `node --trace-warnings ...` to show where the warning was created)"},"time":2996.008,"fullname":"parallel/test-runner-run-coverage","closingTestPoint":false}},{"testName":"parallel/test-runner-run-coverage","timestamp":1726515085389,"status":"FAILED","jobName":"node-test-binary-windows-js-suites","config":"node-test-binary-windows-js-suites » 3,win11-COMPILED_BY-vs2022 #30299","buildUrl":"https://ci.nodejs.org/job/node-test-binary-windows-js-suites/RUN_SUBSET=3,nodes=win11-COMPILED_BY-vs2022/30299/","buildNumber":30299,"builtOn":"test-azure_msft-win11_vs2022-x64-3","nodeVersion":"23.0.0","commitHash":"7f4608c2e028020f97ceb568bc9afbe9e164ef75","callStack":[{"upstreamBuild":65976,"upstreamProject":"node-test-commit-windows-fanned","upstreamUrl":"job/node-test-commit-windows-fanned/"},{"upstreamBuild":74496,"upstreamProject":"node-test-commit","upstreamUrl":"job/node-test-commit/"},{"upstreamBuild":62482,"upstreamProject":"node-test-pull-request","upstreamUrl":"job/node-test-pull-request/"},{"prId":"53937"}],"tap":{"ok":false,"name":"parallel/test-runner-run-coverage","id":686,"buffered":false,"tapError":null,"skip":false,"todo":false,"previous":null,"plan":null,"diag":{"severity":"fail","exitcode":1,"stack":"▶ require('node:test').run coverage settings\n  ▶ validation\n    ✔ should only allow boolean in options.coverage (42.3108ms)\n    ✔ should only allow string|string[] in options.coverageExcludeGlobs (39.9982ms)\n    ✔ should only allow string|string[] in options.coverageIncludeGlobs (36.7298ms)\n    ✔ should only allow an int within range in options.lineCoverage (34.706ms)\n    ✔ should only allow an int within range in options.branchCoverage (32.542ms)\n    ✔ should only allow an int within range in options.functionCoverage (31.2066ms)\n  ▶ validation (43.9274ms)\n  ▶ run with coverage\n    ✔ should run with coverage (478.9159ms)\n    ✔ should run with coverage and exclude by glob (308.635ms)\n    ✖ should run with coverage and include by glob (333.7552ms)\n      AssertionError [ERR_ASSERTION]: Expected values to be strictly equal:\n      \n      false !== true\n      \n          at TestsStream.<anonymous> (file:///c:/workspace/node-test-binary-windows-js-suites/node/test/parallel/test-runner-run-coverage.mjs:131:16)\n          at TestsStream.<anonymous> (c:\\workspace\\node-test-binary-windows-js-suites\\node\\test\\common\\index.js:493:15)\n          at TestsStream.emit (node:events:519:28)\n          at [kEmitMessage] (node:internal/test_runner/tests_stream:140:10)\n          at TestsStream.coverage (node:internal/test_runner/tests_stream:127:23)\n          at Test.postRun (node:internal/test_runner/test:1075:18)\n          at postRun (node:internal/test_runner/runner:700:28)\n          at process.processTicksAndRejections (node:internal/process/task_queues:105:5) {\n        generatedMessage: true,\n        code: 'ERR_ASSERTION',\n        actual: false,\n        expected: true,\n        operator: 'strictEqual'\n      }\n\n    ✖ should run while including and excluding globs (434.0363ms)\n      AssertionError [ERR_ASSERTION]: Expected values to be strictly equal:\n      \n      false !== true\n      \n          at TestsStream.<anonymous> (file:///c:/workspace/node-test-binary-windows-js-suites/node/test/parallel/test-runner-run-coverage.mjs:149:16)\n          at TestsStream.<anonymous> (c:\\workspace\\node-test-binary-windows-js-suites\\node\\test\\common\\index.js:493:15)\n          at TestsStream.emit (node:events:519:28)\n          at [kEmitMessage] (node:internal/test_runner/tests_stream:140:10)\n          at TestsStream.coverage (node:internal/test_runner/tests_stream:127:23)\n          at Test.postRun (node:internal/test_runner/test:1075:18)\n          at postRun (node:internal/test_runner/runner:700:28)\n          at process.processTicksAndRejections (node:internal/process/task_queues:105:5) {\n        generatedMessage: true,\n        code: 'ERR_ASSERTION',\n        actual: false,\n        expected: true,\n        operator: 'strictEqual'\n      }\n\n    ✖ should run with coverage and fail when below line threshold (0.7591ms)\n      AssertionError [ERR_ASSERTION]: Expected \"actual\" to be strictly unequal to: 1\n          at TestContext.<anonymous> (file:///c:/workspace/node-test-binary-windows-js-suites/node/test/parallel/test-runner-run-coverage.mjs:158:14)\n          at Test.runInAsyncScope (node:async_hooks:211:14)\n          at Test.run (node:internal/test_runner/test:930:25)\n          at Suite.processPendingSubtests (node:internal/test_runner/test:629:18)\n          at Test.postRun (node:internal/test_runner/test:1026:19)\n          at Test.run (node:internal/test_runner/test:969:12)\n          at process.processTicksAndRejections (node:internal/process/task_queues:105:5)\n          at async Suite.processPendingSubtests (node:internal/test_runner/test:629:7) {\n        generatedMessage: true,\n        code: 'ERR_ASSERTION',\n        actual: 1,\n        expected: 1,\n        operator: 'notStrictEqual'\n      }\n\n  ▶ run with coverage (1576.7966ms)\n▶ require('node:test').run coverage settings (1578.1305ms)\nℹ tests 11\nℹ suites 3\nℹ pass 8\nℹ fail 3\nℹ cancelled 0\nℹ skipped 0\nℹ todo 0\nℹ duration_ms 1589.577\n\n✖ failing tests:\n\ntest at test\\parallel\\test-runner-run-coverage.mjs:121:11\n✖ should run with coverage and include by glob (333.7552ms)\n  AssertionError [ERR_ASSERTION]: Expected values to be strictly equal:\n  \n  false !== true\n  \n      at TestsStream.<anonymous> (file:///c:/workspace/node-test-binary-windows-js-suites/node/test/parallel/test-runner-run-coverage.mjs:131:16)\n      at TestsStream.<anonymous> (c:\\workspace\\node-test-binary-windows-js-suites\\node\\test\\common\\index.js:493:15)\n      at TestsStream.emit (node:events:519:28)\n      at [kEmitMessage] (node:internal/test_runner/tests_stream:140:10)\n      at TestsStream.coverage (node:internal/test_runner/tests_stream:127:23)\n      at Test.postRun (node:internal/test_runner/test:1075:18)\n      at postRun (node:internal/test_runner/runner:700:28)\n      at process.processTicksAndRejections (node:internal/process/task_queues:105:5) {\n    generatedMessage: true,\n    code: 'ERR_ASSERTION',\n    actual: false,\n    expected: true,\n    operator: 'strictEqual'\n  }\n\ntest at test\\parallel\\test-runner-run-coverage.mjs:137:11\n✖ should run while including and excluding globs (434.0363ms)\n  AssertionError [ERR_ASSERTION]: Expected values to be strictly equal:\n  \n  false !== true\n  \n      at TestsStream.<anonymous> (file:///c:/workspace/node-test-binary-windows-js-suites/node/test/parallel/test-runner-run-coverage.mjs:149:16)\n      at TestsStream.<anonymous> (c:\\workspace\\node-test-binary-windows-js-suites\\node\\test\\common\\index.js:493:15)\n      at TestsStream.emit (node:events:519:28)\n      at [kEmitMessage] (node:internal/test_runner/tests_stream:140:10)\n      at TestsStream.coverage (node:internal/test_runner/tests_stream:127:23)\n      at Test.postRun (node:internal/test_runner/test:1075:18)\n      at postRun (node:internal/test_runner/runner:700:28)\n      at process.processTicksAndRejections (node:internal/process/task_queues:105:5) {\n    generatedMessage: true,\n    code: 'ERR_ASSERTION',\n    actual: false,\n    expected: true,\n    operator: 'strictEqual'\n  }\n\ntest at test\\parallel\\test-runner-run-coverage.mjs:155:11\n✖ should run with coverage and fail when below line threshold (0.7591ms)\n  AssertionError [ERR_ASSERTION]: Expected \"actual\" to be strictly unequal to: 1\n      at TestContext.<anonymous> (file:///c:/workspace/node-test-binary-windows-js-suites/node/test/parallel/test-runner-run-coverage.mjs:158:14)\n      at Test.runInAsyncScope (node:async_hooks:211:14)\n      at Test.run (node:internal/test_runner/test:930:25)\n      at Suite.processPendingSubtests (node:internal/test_runner/test:629:18)\n      at Test.postRun (node:internal/test_runner/test:1026:19)\n      at Test.run (node:internal/test_runner/test:969:12)\n      at process.processTicksAndRejections (node:internal/process/task_queues:105:5)\n      at async Suite.processPendingSubtests (node:internal/test_runner/test:629:7) {\n    generatedMessage: true,\n    code: 'ERR_ASSERTION',\n    actual: 1,\n    expected: 1,\n    operator: 'notStrictEqual'\n  }\n(node:8348) ExperimentalWarning: glob is an experimental feature and might change at any time\n(Use `node --trace-warnings ...` to show where the warning was created)"},"time":3530.06,"fullname":"parallel/test-runner-run-coverage","closingTestPoint":false}},{"testName":"parallel/test-runner-run-coverage","timestamp":1726515085389,"status":"FAILED","jobName":"node-test-binary-windows-js-suites","config":"node-test-binary-windows-js-suites » 3,win2022-COMPILED_BY-vs2022 #30299","buildUrl":"https://ci.nodejs.org/job/node-test-binary-windows-js-suites/RUN_SUBSET=3,nodes=win2022-COMPILED_BY-vs2022/30299/","buildNumber":30299,"builtOn":"test-rackspace-win2022_vs2022-x64-2","nodeVersion":"23.0.0","commitHash":"7f4608c2e028020f97ceb568bc9afbe9e164ef75","callStack":[{"upstreamBuild":65976,"upstreamProject":"node-test-commit-windows-fanned","upstreamUrl":"job/node-test-commit-windows-fanned/"},{"upstreamBuild":74496,"upstreamProject":"node-test-commit","upstreamUrl":"job/node-test-commit/"},{"upstreamBuild":62482,"upstreamProject":"node-test-pull-request","upstreamUrl":"job/node-test-pull-request/"},{"prId":"53937"}],"tap":{"ok":false,"name":"parallel/test-runner-run-coverage","id":684,"buffered":false,"tapError":null,"skip":false,"todo":false,"previous":null,"plan":null,"diag":{"severity":"fail","exitcode":1,"stack":"▶ require('node:test').run coverage settings\n  ▶ validation\n    ✔ should only allow boolean in options.coverage (68.7086ms)\n    ✔ should only allow string|string[] in options.coverageExcludeGlobs (64.2922ms)\n    ✔ should only allow string|string[] in options.coverageIncludeGlobs (58.5441ms)\n    ✔ should only allow an int within range in options.lineCoverage (53.6389ms)\n    ✔ should only allow an int within range in options.branchCoverage (49.3007ms)\n    ✔ should only allow an int within range in options.functionCoverage (46.5115ms)\n  ▶ validation (71.7525ms)\n  ▶ run with coverage\n    ✔ should run with coverage (651.3393ms)\n    ✔ should run with coverage and exclude by glob (434.5544ms)\n    ✖ should run with coverage and include by glob (610.3403ms)\n      AssertionError [ERR_ASSERTION]: Expected values to be strictly equal:\n      \n      false !== true\n      \n          at TestsStream.<anonymous> (file:///C:/workspace/node-test-binary-windows-js-suites/node/test/parallel/test-runner-run-coverage.mjs:131:16)\n          at TestsStream.<anonymous> (C:\\workspace\\node-test-binary-windows-js-suites\\node\\test\\common\\index.js:493:15)\n          at TestsStream.emit (node:events:519:28)\n          at [kEmitMessage] (node:internal/test_runner/tests_stream:140:10)\n          at TestsStream.coverage (node:internal/test_runner/tests_stream:127:23)\n          at Test.postRun (node:internal/test_runner/test:1075:18)\n          at postRun (node:internal/test_runner/runner:700:28)\n          at process.processTicksAndRejections (node:internal/process/task_queues:105:5) {\n        generatedMessage: true,\n        code: 'ERR_ASSERTION',\n        actual: false,\n        expected: true,\n        operator: 'strictEqual'\n      }\n\n    ✖ should run while including and excluding globs (946.5854ms)\n      AssertionError [ERR_ASSERTION]: Expected values to be strictly equal:\n      \n      false !== true\n      \n          at TestsStream.<anonymous> (file:///C:/workspace/node-test-binary-windows-js-suites/node/test/parallel/test-runner-run-coverage.mjs:149:16)\n          at TestsStream.<anonymous> (C:\\workspace\\node-test-binary-windows-js-suites\\node\\test\\common\\index.js:493:15)\n          at TestsStream.emit (node:events:519:28)\n          at [kEmitMessage] (node:internal/test_runner/tests_stream:140:10)\n          at TestsStream.coverage (node:internal/test_runner/tests_stream:127:23)\n          at Test.postRun (node:internal/test_runner/test:1075:18)\n          at postRun (node:internal/test_runner/runner:700:28)\n          at process.processTicksAndRejections (node:internal/process/task_queues:105:5) {\n        generatedMessage: true,\n        code: 'ERR_ASSERTION',\n        actual: false,\n        expected: true,\n        operator: 'strictEqual'\n      }\n\n    ✖ should run with coverage and fail when below line threshold (0.9756ms)\n      AssertionError [ERR_ASSERTION]: Expected \"actual\" to be strictly unequal to: 1\n          at TestContext.<anonymous> (file:///C:/workspace/node-test-binary-windows-js-suites/node/test/parallel/test-runner-run-coverage.mjs:158:14)\n          at Test.runInAsyncScope (node:async_hooks:211:14)\n          at Test.run (node:internal/test_runner/test:930:25)\n          at Suite.processPendingSubtests (node:internal/test_runner/test:629:18)\n          at Test.postRun (node:internal/test_runner/test:1026:19)\n          at Test.run (node:internal/test_runner/test:969:12)\n          at process.processTicksAndRejections (node:internal/process/task_queues:105:5)\n          at async Suite.processPendingSubtests (node:internal/test_runner/test:629:7) {\n        generatedMessage: true,\n        code: 'ERR_ASSERTION',\n        actual: 1,\n        expected: 1,\n        operator: 'notStrictEqual'\n      }\n\n  ▶ run with coverage (2682.451ms)\n▶ require('node:test').run coverage settings (2684.9611ms)\nℹ tests 11\nℹ suites 3\nℹ pass 8\nℹ fail 3\nℹ cancelled 0\nℹ skipped 0\nℹ todo 0\nℹ duration_ms 2703.3965\n\n✖ failing tests:\n\ntest at test\\parallel\\test-runner-run-coverage.mjs:121:11\n✖ should run with coverage and include by glob (610.3403ms)\n  AssertionError [ERR_ASSERTION]: Expected values to be strictly equal:\n  \n  false !== true\n  \n      at TestsStream.<anonymous> (file:///C:/workspace/node-test-binary-windows-js-suites/node/test/parallel/test-runner-run-coverage.mjs:131:16)\n      at TestsStream.<anonymous> (C:\\workspace\\node-test-binary-windows-js-suites\\node\\test\\common\\index.js:493:15)\n      at TestsStream.emit (node:events:519:28)\n      at [kEmitMessage] (node:internal/test_runner/tests_stream:140:10)\n      at TestsStream.coverage (node:internal/test_runner/tests_stream:127:23)\n      at Test.postRun (node:internal/test_runner/test:1075:18)\n      at postRun (node:internal/test_runner/runner:700:28)\n      at process.processTicksAndRejections (node:internal/process/task_queues:105:5) {\n    generatedMessage: true,\n    code: 'ERR_ASSERTION',\n    actual: false,\n    expected: true,\n    operator: 'strictEqual'\n  }\n\ntest at test\\parallel\\test-runner-run-coverage.mjs:137:11\n✖ should run while including and excluding globs (946.5854ms)\n  AssertionError [ERR_ASSERTION]: Expected values to be strictly equal:\n  \n  false !== true\n  \n      at TestsStream.<anonymous> (file:///C:/workspace/node-test-binary-windows-js-suites/node/test/parallel/test-runner-run-coverage.mjs:149:16)\n      at TestsStream.<anonymous> (C:\\workspace\\node-test-binary-windows-js-suites\\node\\test\\common\\index.js:493:15)\n      at TestsStream.emit (node:events:519:28)\n      at [kEmitMessage] (node:internal/test_runner/tests_stream:140:10)\n      at TestsStream.coverage (node:internal/test_runner/tests_stream:127:23)\n      at Test.postRun (node:internal/test_runner/test:1075:18)\n      at postRun (node:internal/test_runner/runner:700:28)\n      at process.processTicksAndRejections (node:internal/process/task_queues:105:5) {\n    generatedMessage: true,\n    code: 'ERR_ASSERTION',\n    actual: false,\n    expected: true,\n    operator: 'strictEqual'\n  }\n\ntest at test\\parallel\\test-runner-run-coverage.mjs:155:11\n✖ should run with coverage and fail when below line threshold (0.9756ms)\n  AssertionError [ERR_ASSERTION]: Expected \"actual\" to be strictly unequal to: 1\n      at TestContext.<anonymous> (file:///C:/workspace/node-test-binary-windows-js-suites/node/test/parallel/test-runner-run-coverage.mjs:158:14)\n      at Test.runInAsyncScope (node:async_hooks:211:14)\n      at Test.run (node:internal/test_runner/test:930:25)\n      at Suite.processPendingSubtests (node:internal/test_runner/test:629:18)\n      at Test.postRun (node:internal/test_runner/test:1026:19)\n      at Test.run (node:internal/test_runner/test:969:12)\n      at process.processTicksAndRejections (node:internal/process/task_queues:105:5)\n      at async Suite.processPendingSubtests (node:internal/test_runner/test:629:7) {\n    generatedMessage: true,\n    code: 'ERR_ASSERTION',\n    actual: 1,\n    expected: 1,\n    operator: 'notStrictEqual'\n  }\n(node:11464) ExperimentalWarning: glob is an experimental feature and might change at any time\n(Use `node --trace-warnings ...` to show where the warning was created)"},"time":3509.079,"fullname":"parallel/test-runner-run-coverage","closingTestPoint":false}},{"testName":"parallel/test-runner-run-coverage","timestamp":1726515085389,"status":"FAILED","jobName":"node-test-binary-windows-js-suites","config":"node-test-binary-windows-js-suites » 0,win11-arm64-COMPILED_BY-vs2022-arm64 #30299","buildUrl":"https://ci.nodejs.org/job/node-test-binary-windows-js-suites/RUN_SUBSET=0,nodes=win11-arm64-COMPILED_BY-vs2022-arm64/30299/","buildNumber":30299,"builtOn":"test-azure_msft-win11_vs2022-arm64-5","nodeVersion":"23.0.0","commitHash":"7f4608c2e028020f97ceb568bc9afbe9e164ef75","callStack":[{"upstreamBuild":65976,"upstreamProject":"node-test-commit-windows-fanned","upstreamUrl":"job/node-test-commit-windows-fanned/"},{"upstreamBuild":74496,"upstreamProject":"node-test-commit","upstreamUrl":"job/node-test-commit/"},{"upstreamBuild":62482,"upstreamProject":"node-test-pull-request","upstreamUrl":"job/node-test-pull-request/"},{"prId":"53937"}],"tap":{"ok":false,"name":"parallel/test-runner-run-coverage","id":684,"buffered":false,"tapError":null,"skip":false,"todo":false,"previous":null,"plan":null,"diag":{"severity":"fail","exitcode":1,"stack":"▶ require('node:test').run coverage settings\n  ▶ validation\n    ✔ should only allow boolean in options.coverage (79.4658ms)\n    ✔ should only allow string|string[] in options.coverageExcludeGlobs (76.3703ms)\n    ✔ should only allow string|string[] in options.coverageIncludeGlobs (71.5801ms)\n    ✔ should only allow an int within range in options.lineCoverage (68.9449ms)\n    ✔ should only allow an int within range in options.branchCoverage (66.4406ms)\n    ✔ should only allow an int within range in options.functionCoverage (36.3972ms)\n  ▶ validation (81.3402ms)\n  ▶ run with coverage\n    ✔ should run with coverage (1456.2849ms)\n    ✔ should run with coverage and exclude by glob (1054.4581ms)\n    ✖ should run with coverage and include by glob (430.4062ms)\n      AssertionError [ERR_ASSERTION]: Expected values to be strictly equal:\n      \n      false !== true\n      \n          at TestsStream.<anonymous> (file:///d:/workspace/node-test-binary-windows-js-suites/node/test/parallel/test-runner-run-coverage.mjs:131:16)\n          at TestsStream.<anonymous> (d:\\workspace\\node-test-binary-windows-js-suites\\node\\test\\common\\index.js:493:15)\n          at TestsStream.emit (node:events:519:28)\n          at [kEmitMessage] (node:internal/test_runner/tests_stream:140:10)\n          at TestsStream.coverage (node:internal/test_runner/tests_stream:127:23)\n          at Test.postRun (node:internal/test_runner/test:1075:18)\n          at postRun (node:internal/test_runner/runner:700:28)\n          at process.processTicksAndRejections (node:internal/process/task_queues:105:5) {\n        generatedMessage: true,\n        code: 'ERR_ASSERTION',\n        actual: false,\n        expected: true,\n        operator: 'strictEqual'\n      }\n\n    ✖ should run while including and excluding globs (704.1523ms)\n      AssertionError [ERR_ASSERTION]: Expected values to be strictly equal:\n      \n      false !== true\n      \n          at TestsStream.<anonymous> (file:///d:/workspace/node-test-binary-windows-js-suites/node/test/parallel/test-runner-run-coverage.mjs:149:16)\n          at TestsStream.<anonymous> (d:\\workspace\\node-test-binary-windows-js-suites\\node\\test\\common\\index.js:493:15)\n          at TestsStream.emit (node:events:519:28)\n          at [kEmitMessage] (node:internal/test_runner/tests_stream:140:10)\n          at TestsStream.coverage (node:internal/test_runner/tests_stream:127:23)\n          at Test.postRun (node:internal/test_runner/test:1075:18)\n          at postRun (node:internal/test_runner/runner:700:28)\n          at process.processTicksAndRejections (node:internal/process/task_queues:105:5) {\n        generatedMessage: true,\n        code: 'ERR_ASSERTION',\n        actual: false,\n        expected: true,\n        operator: 'strictEqual'\n      }\n\n    ✖ should run with coverage and fail when below line threshold (1.0121ms)\n      AssertionError [ERR_ASSERTION]: Expected \"actual\" to be strictly unequal to: 1\n          at TestContext.<anonymous> (file:///d:/workspace/node-test-binary-windows-js-suites/node/test/parallel/test-runner-run-coverage.mjs:158:14)\n          at Test.runInAsyncScope (node:async_hooks:211:14)\n          at Test.run (node:internal/test_runner/test:930:25)\n          at Suite.processPendingSubtests (node:internal/test_runner/test:629:18)\n          at Test.postRun (node:internal/test_runner/test:1026:19)\n          at Test.run (node:internal/test_runner/test:969:12)\n          at process.processTicksAndRejections (node:internal/process/task_queues:105:5)\n          at async Suite.processPendingSubtests (node:internal/test_runner/test:629:7) {\n        generatedMessage: true,\n        code: 'ERR_ASSERTION',\n        actual: 1,\n        expected: 1,\n        operator: 'notStrictEqual'\n      }\n\n  ▶ run with coverage (3700.6584ms)\n▶ require('node:test').run coverage settings (3702.0028ms)\nℹ tests 11\nℹ suites 3\nℹ pass 8\nℹ fail 3\nℹ cancelled 0\nℹ skipped 0\nℹ todo 0\nℹ duration_ms 3714.818\n\n✖ failing tests:\n\ntest at test\\parallel\\test-runner-run-coverage.mjs:121:11\n✖ should run with coverage and include by glob (430.4062ms)\n  AssertionError [ERR_ASSERTION]: Expected values to be strictly equal:\n  \n  false !== true\n  \n      at TestsStream.<anonymous> (file:///d:/workspace/node-test-binary-windows-js-suites/node/test/parallel/test-runner-run-coverage.mjs:131:16)\n      at TestsStream.<anonymous> (d:\\workspace\\node-test-binary-windows-js-suites\\node\\test\\common\\index.js:493:15)\n      at TestsStream.emit (node:events:519:28)\n      at [kEmitMessage] (node:internal/test_runner/tests_stream:140:10)\n      at TestsStream.coverage (node:internal/test_runner/tests_stream:127:23)\n      at Test.postRun (node:internal/test_runner/test:1075:18)\n      at postRun (node:internal/test_runner/runner:700:28)\n      at process.processTicksAndRejections (node:internal/process/task_queues:105:5) {\n    generatedMessage: true,\n    code: 'ERR_ASSERTION',\n    actual: false,\n    expected: true,\n    operator: 'strictEqual'\n  }\n\ntest at test\\parallel\\test-runner-run-coverage.mjs:137:11\n✖ should run while including and excluding globs (704.1523ms)\n  AssertionError [ERR_ASSERTION]: Expected values to be strictly equal:\n  \n  false !== true\n  \n      at TestsStream.<anonymous> (file:///d:/workspace/node-test-binary-windows-js-suites/node/test/parallel/test-runner-run-coverage.mjs:149:16)\n      at TestsStream.<anonymous> (d:\\workspace\\node-test-binary-windows-js-suites\\node\\test\\common\\index.js:493:15)\n      at TestsStream.emit (node:events:519:28)\n      at [kEmitMessage] (node:internal/test_runner/tests_stream:140:10)\n      at TestsStream.coverage (node:internal/test_runner/tests_stream:127:23)\n      at Test.postRun (node:internal/test_runner/test:1075:18)\n      at postRun (node:internal/test_runner/runner:700:28)\n      at process.processTicksAndRejections (node:internal/process/task_queues:105:5) {\n    generatedMessage: true,\n    code: 'ERR_ASSERTION',\n    actual: false,\n    expected: true,\n    operator: 'strictEqual'\n  }\n\ntest at test\\parallel\\test-runner-run-coverage.mjs:155:11\n✖ should run with coverage and fail when below line threshold (1.0121ms)\n  AssertionError [ERR_ASSERTION]: Expected \"actual\" to be strictly unequal to: 1\n      at TestContext.<anonymous> (file:///d:/workspace/node-test-binary-windows-js-suites/node/test/parallel/test-runner-run-coverage.mjs:158:14)\n      at Test.runInAsyncScope (node:async_hooks:211:14)\n      at Test.run (node:internal/test_runner/test:930:25)\n      at Suite.processPendingSubtests (node:internal/test_runner/test:629:18)\n      at Test.postRun (node:internal/test_runner/test:1026:19)\n      at Test.run (node:internal/test_runner/test:969:12)\n      at process.processTicksAndRejections (node:internal/process/task_queues:105:5)\n      at async Suite.processPendingSubtests (node:internal/test_runner/test:629:7) {\n    generatedMessage: true,\n    code: 'ERR_ASSERTION',\n    actual: 1,\n    expected: 1,\n    operator: 'notStrictEqual'\n  }\n(node:4836) ExperimentalWarning: glob is an experimental feature and might change at any time\n(Use `node --trace-warnings ...` to show where the warning was created)"},"time":4564.982,"fullname":"parallel/test-runner-run-coverage","closingTestPoint":false}}]}