{"failedTests":[{"testName":"parallel/test-runner-watch-mode","timestamp":1726529828100,"status":"FAILED","jobName":"node-test-binary-windows-js-suites","config":"node-test-binary-windows-js-suites » 3,win2022-COMPILED_BY-vs2022 #30304","buildUrl":"https://ci.nodejs.org/job/node-test-binary-windows-js-suites/RUN_SUBSET=3,nodes=win2022-COMPILED_BY-vs2022/30304/","buildNumber":30304,"builtOn":"test-rackspace-win2022_vs2022-x64-4","nodeVersion":"23.0.0","commitHash":"4b28cf1a74209e01adc024264c9e937b5bf63062","callStack":[{"upstreamBuild":65981,"upstreamProject":"node-test-commit-windows-fanned","upstreamUrl":"job/node-test-commit-windows-fanned/"},{"upstreamBuild":74501,"upstreamProject":"node-test-commit","upstreamUrl":"job/node-test-commit/"},{"upstreamBuild":62487,"upstreamProject":"node-test-pull-request","upstreamUrl":"job/node-test-pull-request/"},{"prId":"54873"}],"tap":{"ok":false,"name":"parallel/test-runner-watch-mode","id":841,"buffered":false,"tapError":null,"skip":false,"todo":": Fix flaky test","previous":null,"plan":null,"diag":{"severity":"flaky","exitcode":1,"stack":"▶ test runner watch mode\n  ✖ should run tests repeatedly (4026.4055ms)\n    AssertionError [ERR_ASSERTION]: The input did not match the regular expression /tests 1/. Input:\n    \n    '✔ test has ran (4.9073ms)\\n' +\n      '✖ C:\\\\workspace\\\\node-test-binary-windows-js-suites\\\\node\\\\test\\\\.tmp.688\\\\test.js (1105.5419ms)\\n' +\n      \"  'test failed'\\n\" +\n      '\\n' +\n      '✔ test has ran (4.1016ms)\\n' +\n      'ℹ tests 3\\n' +\n      'ℹ suites 0\\n' +\n      'ℹ pass 2\\n' +\n      'ℹ fail 1\\n' +\n      'ℹ cancelled 0\\n' +\n      'ℹ skipped 0\\n' +\n      'ℹ todo 0\\n' +\n      'ℹ duration_ms 458.6177\\n'\n    \n        at testUpdate (file:///C:/workspace/node-test-binary-windows-js-suites/node/test/parallel/test-runner-watch-mode.mjs:80:14)\n        at process.processTicksAndRejections (node:internal/process/task_queues:105:5)\n        at async testWatch (file:///C:/workspace/node-test-binary-windows-js-suites/node/test/parallel/test-runner-watch-mode.mjs:161:26)\n        at async TestContext.<anonymous> (file:///C:/workspace/node-test-binary-windows-js-suites/node/test/parallel/test-runner-watch-mode.mjs:170:5)\n        at async Test.run (node:internal/test_runner/test:931:9)\n        at async Promise.all (index 0)\n        at async Suite.run (node:internal/test_runner/test:1295:7)\n        at async startSubtestAfterBootstrap (node:internal/test_runner/harness:289:3) {\n      generatedMessage: true,\n      code: 'ERR_ASSERTION',\n      actual: \"✔ test has ran (4.9073ms)\\n✖ C:\\\\workspace\\\\node-test-binary-windows-js-suites\\\\node\\\\test\\\\.tmp.688\\\\test.js (1105.5419ms)\\n  'test failed'\\n\\n✔ test has ran (4.1016ms)\\nℹ tests 3\\nℹ suites 0\\nℹ pass 2\\nℹ fail 1\\nℹ cancelled 0\\n...\",\n      expected: /tests 1/,\n      operator: 'match'\n    }\n\n  ✔ should run tests with dependency repeatedly (2054.4696ms)\n  ✔ should run tests with ESM dependency (1999.4504ms)\n  ✔ should support running tests without a file (1920.0069ms)\n  ✔ should support a watched test file rename (1884.6065ms)\n  ✔ should not throw when delete a watched test file (2562.0857ms)\n  ✔ should run new tests when a new file is created in the watched directory (1801.8159ms)\n▶ test runner watch mode (16265.7251ms)\nℹ tests 7\nℹ suites 1\nℹ pass 6\nℹ fail 1\nℹ cancelled 0\nℹ skipped 0\nℹ todo 0\nℹ duration_ms 16291.388\n\n✖ failing tests:\n\ntest at test\\parallel\\test-runner-watch-mode.mjs:169:3\n✖ should run tests repeatedly (4026.4055ms)\n  AssertionError [ERR_ASSERTION]: The input did not match the regular expression /tests 1/. Input:\n  \n  '✔ test has ran (4.9073ms)\\n' +\n    '✖ C:\\\\workspace\\\\node-test-binary-windows-js-suites\\\\node\\\\test\\\\.tmp.688\\\\test.js (1105.5419ms)\\n' +\n    \"  'test failed'\\n\" +\n    '\\n' +\n    '✔ test has ran (4.1016ms)\\n' +\n    'ℹ tests 3\\n' +\n    'ℹ suites 0\\n' +\n    'ℹ pass 2\\n' +\n    'ℹ fail 1\\n' +\n    'ℹ cancelled 0\\n' +\n    'ℹ skipped 0\\n' +\n    'ℹ todo 0\\n' +\n    'ℹ duration_ms 458.6177\\n'\n  \n      at testUpdate (file:///C:/workspace/node-test-binary-windows-js-suites/node/test/parallel/test-runner-watch-mode.mjs:80:14)\n      at process.processTicksAndRejections (node:internal/process/task_queues:105:5)\n      at async testWatch (file:///C:/workspace/node-test-binary-windows-js-suites/node/test/parallel/test-runner-watch-mode.mjs:161:26)\n      at async TestContext.<anonymous> (file:///C:/workspace/node-test-binary-windows-js-suites/node/test/parallel/test-runner-watch-mode.mjs:170:5)\n      at async Test.run (node:internal/test_runner/test:931:9)\n      at async Promise.all (index 0)\n      at async Suite.run (node:internal/test_runner/test:1295:7)\n      at async startSubtestAfterBootstrap (node:internal/test_runner/harness:289:3) {\n    generatedMessage: true,\n    code: 'ERR_ASSERTION',\n    actual: \"✔ test has ran (4.9073ms)\\n✖ C:\\\\workspace\\\\node-test-binary-windows-js-suites\\\\node\\\\test\\\\.tmp.688\\\\test.js (1105.5419ms)\\n  'test failed'\\n\\n✔ test has ran (4.1016ms)\\nℹ tests 3\\nℹ suites 0\\nℹ pass 2\\nℹ fail 1\\nℹ cancelled 0\\n...\",\n    expected: /tests 1/,\n    operator: 'match'\n  }"},"time":17765.294,"fullname":"parallel/test-runner-watch-mode","closingTestPoint":false}}]}