{"failedTests":[{"testName":"parallel/test-runner-watch-mode","timestamp":1726579056887,"status":"FAILED","jobName":"node-test-binary-windows-js-suites","config":"node-test-binary-windows-js-suites » 3,win2019-COMPILED_BY-vs2022 #30315","buildUrl":"https://ci.nodejs.org/job/node-test-binary-windows-js-suites/RUN_SUBSET=3,nodes=win2019-COMPILED_BY-vs2022/30315/","buildNumber":30315,"builtOn":"test-rackspace-win2019_vs2019-x64-2","nodeVersion":"23.0.0","commitHash":"b5aa5a6a7b3a859aec402230f4fa94d7f28e6243","callStack":[{"upstreamBuild":65992,"upstreamProject":"node-test-commit-windows-fanned","upstreamUrl":"job/node-test-commit-windows-fanned/"},{"upstreamBuild":74512,"upstreamProject":"node-test-commit","upstreamUrl":"job/node-test-commit/"},{"upstreamBuild":62495,"upstreamProject":"node-test-pull-request","upstreamUrl":"job/node-test-pull-request/"},{"prId":"54935"}],"tap":{"ok":false,"name":"parallel/test-runner-watch-mode","id":863,"buffered":false,"tapError":null,"skip":false,"todo":": Fix flaky test","previous":null,"plan":null,"diag":{"severity":"flaky","exitcode":1,"stack":"▶ test runner watch mode\n  ✖ should run tests repeatedly (3372.2792ms)\n    AssertionError [ERR_ASSERTION]: The input did not match the regular expression /tests 1/. Input:\n    \n    '✔ test has ran (3.7544ms)\\n' +\n      '✔ test has ran (3.6961ms)\\n' +\n      'ℹ tests 2\\n' +\n      'ℹ suites 0\\n' +\n      'ℹ pass 2\\n' +\n      'ℹ fail 0\\n' +\n      'ℹ cancelled 0\\n' +\n      'ℹ skipped 0\\n' +\n      'ℹ todo 0\\n' +\n      'ℹ duration_ms 457.4389\\n'\n    \n        at testUpdate (file:///C:/workspace/node-test-binary-windows-js-suites/node/test/parallel/test-runner-watch-mode.mjs:80:14)\n        at process.processTicksAndRejections (node:internal/process/task_queues:105:5)\n        at async testWatch (file:///C:/workspace/node-test-binary-windows-js-suites/node/test/parallel/test-runner-watch-mode.mjs:161:26)\n        at async TestContext.<anonymous> (file:///C:/workspace/node-test-binary-windows-js-suites/node/test/parallel/test-runner-watch-mode.mjs:170:5)\n        at async Test.run (node:internal/test_runner/test:931:9)\n        at async Promise.all (index 0)\n        at async Suite.run (node:internal/test_runner/test:1295:7)\n        at async startSubtestAfterBootstrap (node:internal/test_runner/harness:289:3) {\n      generatedMessage: true,\n      code: 'ERR_ASSERTION',\n      actual: '✔ test has ran (3.7544ms)\\n✔ test has ran (3.6961ms)\\nℹ tests 2\\nℹ suites 0\\nℹ pass 2\\nℹ fail 0\\nℹ cancelled 0\\nℹ skipped 0\\nℹ todo 0\\nℹ duration_ms 457.4389\\n...',\n      expected: /tests 1/,\n      operator: 'match'\n    }\n\n  ✔ should run tests with dependency repeatedly (1790.9356ms)\n  ✔ should run tests with ESM dependency (1799.3957ms)\n  ✔ should support running tests without a file (1904.967ms)\n  ✔ should support a watched test file rename (1942.8842ms)\n  ✔ should not throw when delete a watched test file (2387.7431ms)\n  ✔ should run new tests when a new file is created in the watched directory (1702.0112ms)\n▶ test runner watch mode (14912.1825ms)\nℹ tests 7\nℹ suites 1\nℹ pass 6\nℹ fail 1\nℹ cancelled 0\nℹ skipped 0\nℹ todo 0\nℹ duration_ms 14928.4709\n\n✖ failing tests:\n\ntest at test\\parallel\\test-runner-watch-mode.mjs:169:3\n✖ should run tests repeatedly (3372.2792ms)\n  AssertionError [ERR_ASSERTION]: The input did not match the regular expression /tests 1/. Input:\n  \n  '✔ test has ran (3.7544ms)\\n' +\n    '✔ test has ran (3.6961ms)\\n' +\n    'ℹ tests 2\\n' +\n    'ℹ suites 0\\n' +\n    'ℹ pass 2\\n' +\n    'ℹ fail 0\\n' +\n    'ℹ cancelled 0\\n' +\n    'ℹ skipped 0\\n' +\n    'ℹ todo 0\\n' +\n    'ℹ duration_ms 457.4389\\n'\n  \n      at testUpdate (file:///C:/workspace/node-test-binary-windows-js-suites/node/test/parallel/test-runner-watch-mode.mjs:80:14)\n      at process.processTicksAndRejections (node:internal/process/task_queues:105:5)\n      at async testWatch (file:///C:/workspace/node-test-binary-windows-js-suites/node/test/parallel/test-runner-watch-mode.mjs:161:26)\n      at async TestContext.<anonymous> (file:///C:/workspace/node-test-binary-windows-js-suites/node/test/parallel/test-runner-watch-mode.mjs:170:5)\n      at async Test.run (node:internal/test_runner/test:931:9)\n      at async Promise.all (index 0)\n      at async Suite.run (node:internal/test_runner/test:1295:7)\n      at async startSubtestAfterBootstrap (node:internal/test_runner/harness:289:3) {\n    generatedMessage: true,\n    code: 'ERR_ASSERTION',\n    actual: '✔ test has ran (3.7544ms)\\n✔ test has ran (3.6961ms)\\nℹ tests 2\\nℹ suites 0\\nℹ pass 2\\nℹ fail 0\\nℹ cancelled 0\\nℹ skipped 0\\nℹ todo 0\\nℹ duration_ms 457.4389\\n...',\n    expected: /tests 1/,\n    operator: 'match'\n  }"},"time":15659.112,"fullname":"parallel/test-runner-watch-mode","closingTestPoint":false}}]}