{"failedTests":[{"testName":"parallel/test-async-context-frame","timestamp":1726969956871,"status":"FAILED","jobName":"node-test-binary-windows-js-suites","config":"node-test-binary-windows-js-suites » 2,win2022-COMPILED_BY-vs2022 #30437","buildUrl":"https://ci.nodejs.org/job/node-test-binary-windows-js-suites/RUN_SUBSET=2,nodes=win2022-COMPILED_BY-vs2022/30437/","buildNumber":30437,"builtOn":"test-rackspace-win2022_vs2022-x64-3","nodeVersion":"23.0.0","commitHash":"22d963caa8e0cc5544a79c6a22bf2f67866375a2","callStack":[{"upstreamBuild":66127,"upstreamProject":"node-test-commit-windows-fanned","upstreamUrl":"job/node-test-commit-windows-fanned/"},{"upstreamBuild":74686,"upstreamProject":"node-test-commit","upstreamUrl":"job/node-test-commit/"},{"upstreamBuild":62655,"upstreamProject":"node-test-pull-request","upstreamUrl":"job/node-test-pull-request/"},{"prId":"55050"}],"tap":{"ok":false,"name":"parallel/test-async-context-frame","id":427,"buffered":false,"tapError":null,"skip":false,"todo":": Fix flaky test","previous":null,"plan":null,"diag":{"severity":"flaky","exitcode":1,"stack":"▶ AsyncContextFrame\n  ✔ async-hooks\\test-async-local-storage-args.js (1641.3968ms)\n  ✔ async-hooks\\test-async-local-storage-async-await.js (1691.8894ms)\n  ✔ async-hooks\\test-async-local-storage-async-functions.js (1642.5706ms)\n  ✔ async-hooks\\test-async-local-storage-dgram.js (1768.7021ms)\n  ✖ async-hooks\\test-async-local-storage-enable-disable.js (2809.8434ms)\n    AssertionError [ERR_ASSERTION]: Test async-hooks\\test-async-local-storage-enable-disable.js failed with exit code 3221225477\n        at TestContext.<anonymous> (file:///C:/workspace/node-test-binary-windows-js-suites/node/test/parallel/test-async-context-frame.mjs:59:7)\n        at process.processTicksAndRejections (node:internal/process/task_queues:105:5)\n        at async Test.run (node:internal/test_runner/test:931:9)\n        at async Suite.processPendingSubtests (node:internal/test_runner/test:629:7) {\n      generatedMessage: false,\n      code: 'ERR_ASSERTION',\n      actual: 3221225477,\n      expected: 0,\n      operator: 'strictEqual'\n    }\n\n  ✖ async-hooks\\test-async-local-storage-enter-with.js (1333.3573ms)\n    AssertionError [ERR_ASSERTION]: Test async-hooks\\test-async-local-storage-enter-with.js failed with exit code 3221225477\n        at TestContext.<anonymous> (file:///C:/workspace/node-test-binary-windows-js-suites/node/test/parallel/test-async-context-frame.mjs:59:7)\n        at process.processTicksAndRejections (node:internal/process/task_queues:105:5)\n        at async Test.run (node:internal/test_runner/test:931:9)\n        at async Suite.processPendingSubtests (node:internal/test_runner/test:629:7) {\n      generatedMessage: false,\n      code: 'ERR_ASSERTION',\n      actual: 3221225477,\n      expected: 0,\n      operator: 'strictEqual'\n    }\n\n  ✔ async-hooks\\test-async-local-storage-errors.js (1243.2002ms)\n  ✔ async-hooks\\test-async-local-storage-gcable.js (1625.993ms)\n  ✔ async-hooks\\test-async-local-storage-http-agent.js (1227.003ms)\n  ✔ async-hooks\\test-async-local-storage-http.js (1359.325ms)\n  ✔ async-hooks\\test-async-local-storage-misc-stores.js (1249.1388ms)\n  ✔ async-hooks\\test-async-local-storage-nested.js (1216.6891ms)\n  ✔ async-hooks\\test-async-local-storage-no-mix-contexts.js (1695.6388ms)\n  ✔ async-hooks\\test-async-local-storage-promises.js (1313.5633ms)\n  ✔ async-hooks\\test-async-local-storage-socket.js (1386.0065ms)\n  ✔ async-hooks\\test-async-local-storage-thenable.js (1163.8531ms)\n  ✔ async-hooks\\test-async-local-storage-tlssocket.js (1449.0125ms)\n  ✔ parallel\\test-async-local-storage-bind.js (1189.7318ms)\n  ✔ parallel\\test-async-local-storage-contexts.js (1119.5351ms)\n  ✔ parallel\\test-async-local-storage-deep-stack.js (1162.7699ms)\n  ✔ parallel\\test-async-local-storage-exit-does-not-leak.js (1112.2194ms)\n  ✔ parallel\\test-async-local-storage-http-multiclients.js (1424.2744ms)\n  ✔ parallel\\test-async-local-storage-snapshot.js (1168.5006ms)\n✖ AsyncContextFrame (33010.6848ms)\nℹ tests 23\nℹ suites 1\nℹ pass 21\nℹ fail 2\nℹ cancelled 0\nℹ skipped 0\nℹ todo 0\nℹ duration_ms 33025.528\n\n✖ failing tests:\n\ntest at test\\parallel\\test-async-context-frame.mjs:49:5\n✖ async-hooks\\test-async-local-storage-enable-disable.js (2809.8434ms)\n  AssertionError [ERR_ASSERTION]: Test async-hooks\\test-async-local-storage-enable-disable.js failed with exit code 3221225477\n      at TestContext.<anonymous> (file:///C:/workspace/node-test-binary-windows-js-suites/node/test/parallel/test-async-context-frame.mjs:59:7)\n      at process.processTicksAndRejections (node:internal/process/task_queues:105:5)\n      at async Test.run (node:internal/test_runner/test:931:9)\n      at async Suite.processPendingSubtests (node:internal/test_runner/test:629:7) {\n    generatedMessage: false,\n    code: 'ERR_ASSERTION',\n    actual: 3221225477,\n    expected: 0,\n    operator: 'strictEqual'\n  }\n\ntest at test\\parallel\\test-async-context-frame.mjs:49:5\n✖ async-hooks\\test-async-local-storage-enter-with.js (1333.3573ms)\n  AssertionError [ERR_ASSERTION]: Test async-hooks\\test-async-local-storage-enter-with.js failed with exit code 3221225477\n      at TestContext.<anonymous> (file:///C:/workspace/node-test-binary-windows-js-suites/node/test/parallel/test-async-context-frame.mjs:59:7)\n      at process.processTicksAndRejections (node:internal/process/task_queues:105:5)\n      at async Test.run (node:internal/test_runner/test:931:9)\n      at async Suite.processPendingSubtests (node:internal/test_runner/test:629:7) {\n    generatedMessage: false,\n    code: 'ERR_ASSERTION',\n    actual: 3221225477,\n    expected: 0,\n    operator: 'strictEqual'\n  }"},"time":33453.127,"fullname":"parallel/test-async-context-frame","closingTestPoint":false}}]}