{"failedTests":[{"testName":"parallel/test-runner-watch-mode-complex","timestamp":1727000070960,"status":"FAILED","jobName":"node-test-binary-windows-js-suites","config":"node-test-binary-windows-js-suites » 2,win2022-COMPILED_BY-vs2022 #30444","buildUrl":"https://ci.nodejs.org/job/node-test-binary-windows-js-suites/RUN_SUBSET=2,nodes=win2022-COMPILED_BY-vs2022/30444/","buildNumber":30444,"builtOn":"test-rackspace-win2022_vs2022-x64-1","nodeVersion":"23.0.0","commitHash":"a5a2c5fbca11f7fae4a3e2322a84a7f368a9db3f","callStack":[{"upstreamBuild":66135,"upstreamProject":"node-test-commit-windows-fanned","upstreamUrl":"job/node-test-commit-windows-fanned/"},{"upstreamBuild":74698,"upstreamProject":"node-test-commit","upstreamUrl":"job/node-test-commit/"},{"upstreamBuild":62665,"upstreamProject":"node-test-pull-request","upstreamUrl":"job/node-test-pull-request/"},{"prId":"55056"}],"tap":{"ok":false,"name":"parallel/test-runner-watch-mode-complex","id":693,"buffered":false,"tapError":null,"skip":false,"todo":": Fix flaky test","previous":null,"plan":null,"diag":{"severity":"flaky","exitcode":1,"stack":"▶ test runner watch mode with more complex setup\n  ✖ should run tests when a dependency changed after a watched test file being deleted (3837.9483ms)\n    AssertionError [ERR_ASSERTION]: The input did not match the regular expression /tests 2/. Input:\n    \n    '✔ second test has ran (2.0987ms)\\n' +\n      '✔ first test has ran (3.0372ms)\\n' +\n      '✔ second test has ran (2.6468ms)\\n' +\n      'ℹ tests 3\\n' +\n      'ℹ suites 0\\n' +\n      'ℹ pass 3\\n' +\n      'ℹ fail 0\\n' +\n      'ℹ cancelled 0\\n' +\n      'ℹ skipped 0\\n' +\n      'ℹ todo 0\\n' +\n      'ℹ duration_ms 985.7682\\n'\n    \n        at TestContext.<anonymous> (file:///C:/workspace/node-test-binary-windows-js-suites/node/test/parallel/test-runner-watch-mode-complex.mjs:99:12)\n        at process.processTicksAndRejections (node:internal/process/task_queues:105:5)\n        at async Test.run (node:internal/test_runner/test:931:9)\n        at async Promise.all (index 0)\n        at async Suite.run (node:internal/test_runner/test:1301:7)\n        at async startSubtestAfterBootstrap (node:internal/test_runner/harness:296:3) {\n      generatedMessage: true,\n      code: 'ERR_ASSERTION',\n      actual: '✔ second test has ran (2.0987ms)\\n✔ first test has ran (3.0372ms)\\n✔ second test has ran (2.6468ms)\\nℹ tests 3\\nℹ suites 0\\nℹ pass 3\\nℹ fail 0\\nℹ cancelled 0\\nℹ skipped 0\\nℹ todo 0\\n...',\n      expected: /tests 2/,\n      operator: 'match'\n    }\n\n✖ test runner watch mode with more complex setup (3845.2436ms)\nℹ tests 1\nℹ suites 1\nℹ pass 0\nℹ fail 1\nℹ cancelled 0\nℹ skipped 0\nℹ todo 0\nℹ duration_ms 3862.1466\n\n✖ failing tests:\n\ntest at test\\parallel\\test-runner-watch-mode-complex.mjs:53:3\n✖ should run tests when a dependency changed after a watched test file being deleted (3837.9483ms)\n  AssertionError [ERR_ASSERTION]: The input did not match the regular expression /tests 2/. Input:\n  \n  '✔ second test has ran (2.0987ms)\\n' +\n    '✔ first test has ran (3.0372ms)\\n' +\n    '✔ second test has ran (2.6468ms)\\n' +\n    'ℹ tests 3\\n' +\n    'ℹ suites 0\\n' +\n    'ℹ pass 3\\n' +\n    'ℹ fail 0\\n' +\n    'ℹ cancelled 0\\n' +\n    'ℹ skipped 0\\n' +\n    'ℹ todo 0\\n' +\n    'ℹ duration_ms 985.7682\\n'\n  \n      at TestContext.<anonymous> (file:///C:/workspace/node-test-binary-windows-js-suites/node/test/parallel/test-runner-watch-mode-complex.mjs:99:12)\n      at process.processTicksAndRejections (node:internal/process/task_queues:105:5)\n      at async Test.run (node:internal/test_runner/test:931:9)\n      at async Promise.all (index 0)\n      at async Suite.run (node:internal/test_runner/test:1301:7)\n      at async startSubtestAfterBootstrap (node:internal/test_runner/harness:296:3) {\n    generatedMessage: true,\n    code: 'ERR_ASSERTION',\n    actual: '✔ second test has ran (2.0987ms)\\n✔ first test has ran (3.0372ms)\\n✔ second test has ran (2.6468ms)\\nℹ tests 3\\nℹ suites 0\\nℹ pass 3\\nℹ fail 0\\nℹ cancelled 0\\nℹ skipped 0\\nℹ todo 0\\n...',\n    expected: /tests 2/,\n    operator: 'match'\n  }"},"time":4906.169,"fullname":"parallel/test-runner-watch-mode-complex","closingTestPoint":false}}]}