{"failedTests":[{"testName":"parallel/test-runner-coverage","timestamp":1727069829450,"status":"REGRESSION","jobName":"node-test-binary-windows-js-suites","config":"node-test-binary-windows-js-suites » 2,win2019-COMPILED_BY-vs2022 #30457","buildUrl":"https://ci.nodejs.org/job/node-test-binary-windows-js-suites/RUN_SUBSET=2,nodes=win2019-COMPILED_BY-vs2022/30457/","buildNumber":30457,"builtOn":"test-rackspace-win2019_vs2019-x64-4","nodeVersion":"23.0.0","commitHash":"4f970ee26f2f50b0d05e149a2edc49f75122894e","callStack":[{"upstreamBuild":66148,"upstreamProject":"node-test-commit-windows-fanned","upstreamUrl":"job/node-test-commit-windows-fanned/"},{"upstreamBuild":74713,"upstreamProject":"node-test-commit","upstreamUrl":"job/node-test-commit/"},{"upstreamBuild":62679,"upstreamProject":"node-test-pull-request","upstreamUrl":"job/node-test-pull-request/"},{"prId":"55040"}],"tap":{"ok":false,"name":"parallel/test-runner-coverage","id":701,"buffered":false,"tapError":null,"skip":false,"todo":false,"previous":null,"plan":null,"diag":{"severity":"fail","exitcode":1,"stack":"▶ test coverage report\n  ✔ handles the inspector not being available (4.1948ms)\n✔ test coverage report (7.3803ms)\n▶ test tap coverage reporter\n  ✔ coverage is reported and dumped to NODE_V8_COVERAGE if present (581.3067ms)\n  ✔ coverage is reported without NODE_V8_COVERAGE present (1336.2107ms)\n✔ test tap coverage reporter (1918.8214ms)\n▶ test spec coverage reporter\n  ✔ coverage is reported and dumped to NODE_V8_COVERAGE if present (1432.3545ms)\n  ✖ coverage is reported without NODE_V8_COVERAGE present (683.5458ms)\n    AssertionError [ERR_ASSERTION]: The expression evaluated to a falsy value:\n    \n      assert(!findCoverageFileForPid(result.pid))\n    \n        at TestContext.<anonymous> (C:\\workspace\\node-test-binary-windows-js-suites\\node\\test\\parallel\\test-runner-coverage.js:147:5)\n        at Test.runInAsyncScope (node:async_hooks:211:14)\n        at Test.run (node:internal/test_runner/test:930:25)\n        at Test.start (node:internal/test_runner/test:829:17)\n        at TestContext.test (node:internal/test_runner/test:313:20)\n        at TestContext.<anonymous> (C:\\workspace\\node-test-binary-windows-js-suites\\node\\test\\parallel\\test-runner-coverage.js:138:11)\n        at async Test.run (node:internal/test_runner/test:931:9)\n        at async Test.processPendingSubtests (node:internal/test_runner/test:629:7) {\n      generatedMessage: true,\n      code: 'ERR_ASSERTION',\n      actual: false,\n      expected: true,\n      operator: '=='\n    }\n\n✖ test spec coverage reporter (2117.1177ms)\n✔ single process coverage is the same with --test (649.0366ms)\n✔ coverage is combined for multiple processes (600.3205ms)\n﹣ coverage works with isolation=none (0.6962ms) # SKIP\n▶ coverage reports on lines, functions, and branches\n  ✔ does not include node_modules (0.7481ms)\n  ✔ reports on function coverage (0.5392ms)\n  ✔ reports on branch coverage (0.4682ms)\n  ✔ reports on line coverage (0.6023ms)\n✔ coverage reports on lines, functions, and branches (558.4482ms)\n✔ coverage with source maps (866.8843ms)\n✔ coverage with source maps missing sources (413.0316ms)\n✔ coverage with ESM hook - source irrelevant (570.221ms)\n✔ coverage with ESM hook - source transpiled (579.0629ms)\n✔ coverage with excluded files (293.4122ms)\n✔ coverage with included files (291.9548ms)\n✔ coverage with included and excluded files (253.0631ms)\n✔ properly accounts for line endings in source maps (301.7663ms)\n✔ correctly prints the coverage report of files contained in parent directories (379.063ms)\nℹ tests 25\nℹ suites 0\nℹ pass 22\nℹ fail 2\nℹ cancelled 0\nℹ skipped 1\nℹ todo 0\nℹ duration_ms 9830.8941\n\n✖ failing tests:\n\ntest at test\\parallel\\test-runner-coverage.js:138:11\n✖ coverage is reported without NODE_V8_COVERAGE present (683.5458ms)\n  AssertionError [ERR_ASSERTION]: The expression evaluated to a falsy value:\n  \n    assert(!findCoverageFileForPid(result.pid))\n  \n      at TestContext.<anonymous> (C:\\workspace\\node-test-binary-windows-js-suites\\node\\test\\parallel\\test-runner-coverage.js:147:5)\n      at Test.runInAsyncScope (node:async_hooks:211:14)\n      at Test.run (node:internal/test_runner/test:930:25)\n      at Test.start (node:internal/test_runner/test:829:17)\n      at TestContext.test (node:internal/test_runner/test:313:20)\n      at TestContext.<anonymous> (C:\\workspace\\node-test-binary-windows-js-suites\\node\\test\\parallel\\test-runner-coverage.js:138:11)\n      at async Test.run (node:internal/test_runner/test:931:9)\n      at async Test.processPendingSubtests (node:internal/test_runner/test:629:7) {\n    generatedMessage: true,\n    code: 'ERR_ASSERTION',\n    actual: false,\n    expected: true,\n    operator: '=='\n  }"},"time":19516.581,"fullname":"parallel/test-runner-coverage","closingTestPoint":false}}]}