{"failedTests":[{"testName":"parallel/test-child-process-spawnsync","timestamp":1727021731629,"status":"REGRESSION","jobName":"node-test-binary-windows-js-suites","config":"node-test-binary-windows-js-suites » 0,win2019-COMPILED_BY-vs2022 #30450","buildUrl":"https://ci.nodejs.org/job/node-test-binary-windows-js-suites/RUN_SUBSET=0,nodes=win2019-COMPILED_BY-vs2022/30450/","buildNumber":30450,"builtOn":"test-rackspace-win2019_vs2019-x64-1","nodeVersion":"23.0.0","commitHash":"b2ca235608ff79bcea0275afe459d368c2e57611","callStack":[{"upstreamBuild":66141,"upstreamProject":"node-test-commit-windows-fanned","upstreamUrl":"job/node-test-commit-windows-fanned/"},{"upstreamBuild":74707,"upstreamProject":"node-test-commit","upstreamUrl":"job/node-test-commit/"},{"upstreamBuild":62673,"upstreamProject":"node-test-pull-request","upstreamUrl":"job/node-test-pull-request/"},{"prId":"54831"}],"tap":{"ok":false,"name":"parallel/test-child-process-spawnsync","id":124,"buffered":false,"tapError":null,"skip":false,"todo":false,"previous":null,"plan":null,"diag":{"severity":"fail","exitcode":1,"stack":"node:internal/child_process:1110\n  if (result.output && options.encoding && options.encoding !== 'buffer') {\n             ^\n\nTypeError: Cannot read properties of undefined (reading 'output')\n    at Object.spawnSync (node:internal/child_process:1110:14)\n    at spawnSync (node:child_process:876:24)\n    at Object.<anonymous> (C:\\workspace\\node-test-binary-windows-js-suites\\node\\test\\parallel\\test-child-process-spawnsync.js:37:17)\n    at Module._compile (node:internal/modules/cjs/loader:1557:14)\n    at Object..js (node:internal/modules/cjs/loader:1702:10)\n    at Module.load (node:internal/modules/cjs/loader:1328:32)\n    at Function._load (node:internal/modules/cjs/loader:1138:12)\n    at TracingChannel.traceSync (node:diagnostics_channel:315:14)\n    at wrapModuleLoad (node:internal/modules/cjs/loader:217:24)\n    at Function.executeUserEntryPoint [as runMain] (node:internal/modules/run_main:165:5)\n\nNode.js v23.0.0-pre"},"time":365.036,"fullname":"parallel/test-child-process-spawnsync","closingTestPoint":false}},{"testName":"pummel/test-keep-alive","timestamp":1727021731629,"status":"FAILED","jobName":"node-test-binary-windows-js-suites","config":"node-test-binary-windows-js-suites » 1,win10-COMPILED_BY-vs2022 #30450","buildUrl":"https://ci.nodejs.org/job/node-test-binary-windows-js-suites/RUN_SUBSET=1,nodes=win10-COMPILED_BY-vs2022/30450/","buildNumber":30450,"builtOn":"test-azure_msft-win10_vs2019-x64-3","nodeVersion":"23.0.0","commitHash":"b2ca235608ff79bcea0275afe459d368c2e57611","callStack":[{"upstreamBuild":66141,"upstreamProject":"node-test-commit-windows-fanned","upstreamUrl":"job/node-test-commit-windows-fanned/"},{"upstreamBuild":74707,"upstreamProject":"node-test-commit","upstreamUrl":"job/node-test-commit/"},{"upstreamBuild":62673,"upstreamProject":"node-test-pull-request","upstreamUrl":"job/node-test-pull-request/"},{"prId":"54831"}],"tap":{"ok":false,"name":"pummel/test-keep-alive","id":973,"buffered":false,"tapError":null,"skip":false,"todo":false,"previous":null,"plan":null,"diag":{"severity":"fail","exitcode":1,"stack":"node:internal/child_process:1110\n  if (result.output && options.encoding && options.encoding !== 'buffer') {\n             ^\n\nTypeError: Cannot read properties of undefined (reading 'output')\n    at Object.spawnSync (node:internal/child_process:1110:14)\n    at Object.spawnSync (node:child_process:876:24)\n    at Object.<anonymous> (c:\\workspace\\node-test-binary-windows-js-suites\\node\\test\\pummel\\test-keep-alive.js:28:30)\n    at Module._compile (node:internal/modules/cjs/loader:1557:14)\n    at Object..js (node:internal/modules/cjs/loader:1702:10)\n    at Module.load (node:internal/modules/cjs/loader:1328:32)\n    at Function._load (node:internal/modules/cjs/loader:1138:12)\n    at TracingChannel.traceSync (node:diagnostics_channel:315:14)\n    at wrapModuleLoad (node:internal/modules/cjs/loader:217:24)\n    at Function.executeUserEntryPoint [as runMain] (node:internal/modules/run_main:165:5)\n\nNode.js v23.0.0-pre"},"time":122.004,"fullname":"pummel/test-keep-alive","closingTestPoint":false}},{"testName":"sequential/test-child-process-execsync","timestamp":1727021731629,"status":"REGRESSION","jobName":"node-test-binary-windows-js-suites","config":"node-test-binary-windows-js-suites » 1,win10-COMPILED_BY-vs2022 #30450","buildUrl":"https://ci.nodejs.org/job/node-test-binary-windows-js-suites/RUN_SUBSET=1,nodes=win10-COMPILED_BY-vs2022/30450/","buildNumber":30450,"builtOn":"test-azure_msft-win10_vs2019-x64-3","nodeVersion":"23.0.0","commitHash":"b2ca235608ff79bcea0275afe459d368c2e57611","callStack":[{"upstreamBuild":66141,"upstreamProject":"node-test-commit-windows-fanned","upstreamUrl":"job/node-test-commit-windows-fanned/"},{"upstreamBuild":74707,"upstreamProject":"node-test-commit","upstreamUrl":"job/node-test-commit/"},{"upstreamBuild":62673,"upstreamProject":"node-test-pull-request","upstreamUrl":"job/node-test-pull-request/"},{"prId":"54831"}],"tap":{"ok":false,"name":"sequential/test-child-process-execsync","id":979,"buffered":false,"tapError":null,"skip":false,"todo":false,"previous":null,"plan":null,"diag":{"severity":"fail","exitcode":1,"stack":"node:assert:491\n    throw err;\n    ^\n\nAssertionError [ERR_ASSERTION]: The input did not match the regular expression /spawnSync bad_shell ENOENT/. Input:\n\n\"TypeError: Cannot read properties of undefined (reading 'output')\"\n\n    at Object.<anonymous> (c:\\workspace\\node-test-binary-windows-js-suites\\node\\test\\sequential\\test-child-process-execsync.js:42:8)\n    at Module._compile (node:internal/modules/cjs/loader:1557:14)\n    at Object..js (node:internal/modules/cjs/loader:1702:10)\n    at Module.load (node:internal/modules/cjs/loader:1328:32)\n    at Function._load (node:internal/modules/cjs/loader:1138:12)\n    at TracingChannel.traceSync (node:diagnostics_channel:315:14)\n    at wrapModuleLoad (node:internal/modules/cjs/loader:217:24)\n    at Function.executeUserEntryPoint [as runMain] (node:internal/modules/run_main:165:5)\n    at node:internal/main/run_main_module:30:49 {\n  generatedMessage: true,\n  code: 'ERR_ASSERTION',\n  actual: TypeError: Cannot read properties of undefined (reading 'output')\n      at Object.spawnSync (node:internal/child_process:1110:14)\n      at spawnSync (node:child_process:876:24)\n      at execSync (node:child_process:957:15)\n      at c:\\workspace\\node-test-binary-windows-js-suites\\node\\test\\sequential\\test-child-process-execsync.js:43:16\n      at getActual (node:assert:498:5)\n      at Function.throws (node:assert:644:24)\n      at Object.<anonymous> (c:\\workspace\\node-test-binary-windows-js-suites\\node\\test\\sequential\\test-child-process-execsync.js:42:8)\n      at Module._compile (node:internal/modules/cjs/loader:1557:14)\n      at Object..js (node:internal/modules/cjs/loader:1702:10)\n      at Module.load (node:internal/modules/cjs/loader:1328:32),\n  expected: /spawnSync bad_shell ENOENT/,\n  operator: 'throws'\n}\n\nNode.js v23.0.0-pre"},"time":157.595,"fullname":"sequential/test-child-process-execsync","closingTestPoint":false}},{"testName":"parallel/test-child-process-spawnsync","timestamp":1727021731629,"status":"REGRESSION","jobName":"node-test-binary-windows-js-suites","config":"node-test-binary-windows-js-suites » 3,win11-arm64-COMPILED_BY-vs2022-arm64 #30450","buildUrl":"https://ci.nodejs.org/job/node-test-binary-windows-js-suites/RUN_SUBSET=3,nodes=win11-arm64-COMPILED_BY-vs2022-arm64/30450/","buildNumber":30450,"builtOn":"test-azure_msft-win11_vs2022-arm64-1","nodeVersion":"23.0.0","commitHash":"b2ca235608ff79bcea0275afe459d368c2e57611","callStack":[{"upstreamBuild":66141,"upstreamProject":"node-test-commit-windows-fanned","upstreamUrl":"job/node-test-commit-windows-fanned/"},{"upstreamBuild":74707,"upstreamProject":"node-test-commit","upstreamUrl":"job/node-test-commit/"},{"upstreamBuild":62673,"upstreamProject":"node-test-pull-request","upstreamUrl":"job/node-test-pull-request/"},{"prId":"54831"}],"tap":{"ok":false,"name":"parallel/test-child-process-spawnsync","id":122,"buffered":false,"tapError":null,"skip":false,"todo":false,"previous":null,"plan":null,"diag":{"severity":"fail","exitcode":1,"stack":"node:internal/child_process:1110\n  if (result.output && options.encoding && options.encoding !== 'buffer') {\n             ^\n\nTypeError: Cannot read properties of undefined (reading 'output')\n    at Object.spawnSync (node:internal/child_process:1110:14)\n    at spawnSync (node:child_process:876:24)\n    at Object.<anonymous> (d:\\workspace\\node-test-binary-windows-js-suites\\node\\test\\parallel\\test-child-process-spawnsync.js:37:17)\n    at Module._compile (node:internal/modules/cjs/loader:1557:14)\n    at Module._extensions..js (node:internal/modules/cjs/loader:1702:10)\n    at Module.load (node:internal/modules/cjs/loader:1328:32)\n    at Module._load (node:internal/modules/cjs/loader:1138:12)\n    at TracingChannel.traceSync (node:diagnostics_channel:315:14)\n    at wrapModuleLoad (node:internal/modules/cjs/loader:217:24)\n    at Function.executeUserEntryPoint [as runMain] (node:internal/modules/run_main:165:5)\n\nNode.js v23.0.0-pre"},"time":343.997,"fullname":"parallel/test-child-process-spawnsync","closingTestPoint":false}},{"testName":"parallel/test-child-process-spawn-windows-batch-file","timestamp":1727021731629,"status":"REGRESSION","jobName":"node-test-binary-windows-js-suites","config":"node-test-binary-windows-js-suites » 3,win10-COMPILED_BY-vs2022 #30450","buildUrl":"https://ci.nodejs.org/job/node-test-binary-windows-js-suites/RUN_SUBSET=3,nodes=win10-COMPILED_BY-vs2022/30450/","buildNumber":30450,"builtOn":"test-azure_msft-win10_vs2019-x64-4","nodeVersion":"23.0.0","commitHash":"b2ca235608ff79bcea0275afe459d368c2e57611","callStack":[{"upstreamBuild":66141,"upstreamProject":"node-test-commit-windows-fanned","upstreamUrl":"job/node-test-commit-windows-fanned/"},{"upstreamBuild":74707,"upstreamProject":"node-test-commit","upstreamUrl":"job/node-test-commit/"},{"upstreamBuild":62673,"upstreamProject":"node-test-pull-request","upstreamUrl":"job/node-test-pull-request/"},{"prId":"54831"}],"tap":{"ok":false,"name":"parallel/test-child-process-spawn-windows-batch-file","id":124,"buffered":false,"tapError":null,"skip":false,"todo":false,"previous":null,"plan":null,"diag":{"severity":"fail","exitcode":1,"stack":"'.' is not recognized as an internal or external command,\noperable program or batch file.\nnode:internal/child_process:1110\n  if (result.output && options.encoding && options.encoding !== 'buffer') {\n             ^\n\nTypeError: Cannot read properties of undefined (reading 'output')\n    at Object.spawnSync (node:internal/child_process:1110:14)\n    at Object.spawnSync (node:child_process:876:24)\n    at testSpawnSync (c:\\workspace\\node-test-binary-windows-js-suites\\node\\test\\parallel\\test-child-process-spawn-windows-batch-file.js:72:18)\n    at Object.<anonymous> (c:\\workspace\\node-test-binary-windows-js-suites\\node\\test\\parallel\\test-child-process-spawn-windows-batch-file.js:82:1)\n    at Module._compile (node:internal/modules/cjs/loader:1557:14)\n    at Object..js (node:internal/modules/cjs/loader:1702:10)\n    at Module.load (node:internal/modules/cjs/loader:1328:32)\n    at Function._load (node:internal/modules/cjs/loader:1138:12)\n    at TracingChannel.traceSync (node:diagnostics_channel:315:14)\n    at wrapModuleLoad (node:internal/modules/cjs/loader:217:24)\n\nNode.js v23.0.0-pre"},"time":137,"fullname":"parallel/test-child-process-spawn-windows-batch-file","closingTestPoint":false}},{"testName":"parallel/test-child-process-spawnsync-validation-errors","timestamp":1727021731629,"status":"REGRESSION","jobName":"node-test-binary-windows-js-suites","config":"node-test-binary-windows-js-suites » 3,win10-COMPILED_BY-vs2022 #30450","buildUrl":"https://ci.nodejs.org/job/node-test-binary-windows-js-suites/RUN_SUBSET=3,nodes=win10-COMPILED_BY-vs2022/30450/","buildNumber":30450,"builtOn":"test-azure_msft-win10_vs2019-x64-4","nodeVersion":"23.0.0","commitHash":"b2ca235608ff79bcea0275afe459d368c2e57611","callStack":[{"upstreamBuild":66141,"upstreamProject":"node-test-commit-windows-fanned","upstreamUrl":"job/node-test-commit-windows-fanned/"},{"upstreamBuild":74707,"upstreamProject":"node-test-commit","upstreamUrl":"job/node-test-commit/"},{"upstreamBuild":62673,"upstreamProject":"node-test-pull-request","upstreamUrl":"job/node-test-pull-request/"},{"prId":"54831"}],"tap":{"ok":false,"name":"parallel/test-child-process-spawnsync-validation-errors","id":125,"buffered":false,"tapError":null,"skip":false,"todo":false,"previous":null,"plan":null,"diag":{"severity":"fail","exitcode":1,"stack":"node:internal/child_process:1110\n  if (result.output && options.encoding && options.encoding !== 'buffer') {\n             ^\n\nTypeError: Cannot read properties of undefined (reading 'output')\n    at Object.spawnSync (node:internal/child_process:1110:14)\n    at spawnSync (node:child_process:876:24)\n    at pass (c:\\workspace\\node-test-binary-windows-js-suites\\node\\test\\parallel\\test-child-process-spawnsync-validation-errors.js:15:17)\n    at Object.<anonymous> (c:\\workspace\\node-test-binary-windows-js-suites\\node\\test\\parallel\\test-child-process-spawnsync-validation-errors.js:28:3)\n    at Module._compile (node:internal/modules/cjs/loader:1557:14)\n    at Object..js (node:internal/modules/cjs/loader:1702:10)\n    at Module.load (node:internal/modules/cjs/loader:1328:32)\n    at Function._load (node:internal/modules/cjs/loader:1138:12)\n    at TracingChannel.traceSync (node:diagnostics_channel:315:14)\n    at wrapModuleLoad (node:internal/modules/cjs/loader:217:24)\n\nNode.js v23.0.0-pre"},"time":117,"fullname":"parallel/test-child-process-spawnsync-validation-errors","closingTestPoint":false}},{"testName":"parallel/test-child-process-spawnsync","timestamp":1727021731629,"status":"REGRESSION","jobName":"node-test-binary-windows-js-suites","config":"node-test-binary-windows-js-suites » 0,win11-COMPILED_BY-vs2022 #30450","buildUrl":"https://ci.nodejs.org/job/node-test-binary-windows-js-suites/RUN_SUBSET=0,nodes=win11-COMPILED_BY-vs2022/30450/","buildNumber":30450,"builtOn":"test-azure_msft-win11_vs2022-x64-3","nodeVersion":"23.0.0","commitHash":"b2ca235608ff79bcea0275afe459d368c2e57611","callStack":[{"upstreamBuild":66141,"upstreamProject":"node-test-commit-windows-fanned","upstreamUrl":"job/node-test-commit-windows-fanned/"},{"upstreamBuild":74707,"upstreamProject":"node-test-commit","upstreamUrl":"job/node-test-commit/"},{"upstreamBuild":62673,"upstreamProject":"node-test-pull-request","upstreamUrl":"job/node-test-pull-request/"},{"prId":"54831"}],"tap":{"ok":false,"name":"parallel/test-child-process-spawnsync","id":126,"buffered":false,"tapError":null,"skip":false,"todo":false,"previous":null,"plan":null,"diag":{"severity":"fail","exitcode":1,"stack":"node:internal/child_process:1110\n  if (result.output && options.encoding && options.encoding !== 'buffer') {\n             ^\n\nTypeError: Cannot read properties of undefined (reading 'output')\n    at Object.spawnSync (node:internal/child_process:1110:14)\n    at spawnSync (node:child_process:876:24)\n    at Object.<anonymous> (c:\\workspace\\node-test-binary-windows-js-suites\\node\\test\\parallel\\test-child-process-spawnsync.js:37:17)\n    at Module._compile (node:internal/modules/cjs/loader:1557:14)\n    at Object..js (node:internal/modules/cjs/loader:1702:10)\n    at Module.load (node:internal/modules/cjs/loader:1328:32)\n    at Function._load (node:internal/modules/cjs/loader:1138:12)\n    at TracingChannel.traceSync (node:diagnostics_channel:315:14)\n    at wrapModuleLoad (node:internal/modules/cjs/loader:217:24)\n    at Function.executeUserEntryPoint [as runMain] (node:internal/modules/run_main:165:5)\n\nNode.js v23.0.0-pre"},"time":197.006,"fullname":"parallel/test-child-process-spawnsync","closingTestPoint":false}},{"testName":"parallel/test-child-process-spawnsync-validation-errors","timestamp":1727021731629,"status":"REGRESSION","jobName":"node-test-binary-windows-js-suites","config":"node-test-binary-windows-js-suites » 3,win2019-COMPILED_BY-vs2022 #30450","buildUrl":"https://ci.nodejs.org/job/node-test-binary-windows-js-suites/RUN_SUBSET=3,nodes=win2019-COMPILED_BY-vs2022/30450/","buildNumber":30450,"builtOn":"test-rackspace-win2019_vs2019-x64-2","nodeVersion":"23.0.0","commitHash":"b2ca235608ff79bcea0275afe459d368c2e57611","callStack":[{"upstreamBuild":66141,"upstreamProject":"node-test-commit-windows-fanned","upstreamUrl":"job/node-test-commit-windows-fanned/"},{"upstreamBuild":74707,"upstreamProject":"node-test-commit","upstreamUrl":"job/node-test-commit/"},{"upstreamBuild":62673,"upstreamProject":"node-test-pull-request","upstreamUrl":"job/node-test-pull-request/"},{"prId":"54831"}],"tap":{"ok":false,"name":"parallel/test-child-process-spawnsync-validation-errors","id":122,"buffered":false,"tapError":null,"skip":false,"todo":false,"previous":null,"plan":null,"diag":{"severity":"fail","exitcode":1,"stack":"node:internal/child_process:1110\n  if (result.output && options.encoding && options.encoding !== 'buffer') {\n             ^\n\nTypeError: Cannot read properties of undefined (reading 'output')\n    at Object.spawnSync (node:internal/child_process:1110:14)\n    at spawnSync (node:child_process:876:24)\n    at pass (C:\\workspace\\node-test-binary-windows-js-suites\\node\\test\\parallel\\test-child-process-spawnsync-validation-errors.js:15:17)\n    at Object.<anonymous> (C:\\workspace\\node-test-binary-windows-js-suites\\node\\test\\parallel\\test-child-process-spawnsync-validation-errors.js:28:3)\n    at Module._compile (node:internal/modules/cjs/loader:1557:14)\n    at Object..js (node:internal/modules/cjs/loader:1702:10)\n    at Module.load (node:internal/modules/cjs/loader:1328:32)\n    at Function._load (node:internal/modules/cjs/loader:1138:12)\n    at TracingChannel.traceSync (node:diagnostics_channel:315:14)\n    at wrapModuleLoad (node:internal/modules/cjs/loader:217:24)\n\nNode.js v23.0.0-pre"},"time":167.994,"fullname":"parallel/test-child-process-spawnsync-validation-errors","closingTestPoint":false}},{"testName":"parallel/test-child-process-spawn-windows-batch-file","timestamp":1727021731629,"status":"REGRESSION","jobName":"node-test-binary-windows-js-suites","config":"node-test-binary-windows-js-suites » 3,win2019-COMPILED_BY-vs2022 #30450","buildUrl":"https://ci.nodejs.org/job/node-test-binary-windows-js-suites/RUN_SUBSET=3,nodes=win2019-COMPILED_BY-vs2022/30450/","buildNumber":30450,"builtOn":"test-rackspace-win2019_vs2019-x64-2","nodeVersion":"23.0.0","commitHash":"b2ca235608ff79bcea0275afe459d368c2e57611","callStack":[{"upstreamBuild":66141,"upstreamProject":"node-test-commit-windows-fanned","upstreamUrl":"job/node-test-commit-windows-fanned/"},{"upstreamBuild":74707,"upstreamProject":"node-test-commit","upstreamUrl":"job/node-test-commit/"},{"upstreamBuild":62673,"upstreamProject":"node-test-pull-request","upstreamUrl":"job/node-test-pull-request/"},{"prId":"54831"}],"tap":{"ok":false,"name":"parallel/test-child-process-spawn-windows-batch-file","id":123,"buffered":false,"tapError":null,"skip":false,"todo":false,"previous":null,"plan":null,"diag":{"severity":"fail","exitcode":1,"stack":"'.' is not recognized as an internal or external command,\noperable program or batch file.\nnode:internal/child_process:1110\n  if (result.output && options.encoding && options.encoding !== 'buffer') {\n             ^\n\nTypeError: Cannot read properties of undefined (reading 'output')\n    at Object.spawnSync (node:internal/child_process:1110:14)\n    at Object.spawnSync (node:child_process:876:24)\n    at testSpawnSync (C:\\workspace\\node-test-binary-windows-js-suites\\node\\test\\parallel\\test-child-process-spawn-windows-batch-file.js:72:18)\n    at Object.<anonymous> (C:\\workspace\\node-test-binary-windows-js-suites\\node\\test\\parallel\\test-child-process-spawn-windows-batch-file.js:82:1)\n    at Module._compile (node:internal/modules/cjs/loader:1557:14)\n    at Object..js (node:internal/modules/cjs/loader:1702:10)\n    at Module.load (node:internal/modules/cjs/loader:1328:32)\n    at Function._load (node:internal/modules/cjs/loader:1138:12)\n    at TracingChannel.traceSync (node:diagnostics_channel:315:14)\n    at wrapModuleLoad (node:internal/modules/cjs/loader:217:24)\n\nNode.js v23.0.0-pre"},"time":243.003,"fullname":"parallel/test-child-process-spawn-windows-batch-file","closingTestPoint":false}},{"testName":"pummel/test-keep-alive","timestamp":1727021731629,"status":"FAILED","jobName":"node-test-binary-windows-js-suites","config":"node-test-binary-windows-js-suites » 1,win2019-COMPILED_BY-vs2022 #30450","buildUrl":"https://ci.nodejs.org/job/node-test-binary-windows-js-suites/RUN_SUBSET=1,nodes=win2019-COMPILED_BY-vs2022/30450/","buildNumber":30450,"builtOn":"test-rackspace-win2019_vs2019-x64-1","nodeVersion":"23.0.0","commitHash":"b2ca235608ff79bcea0275afe459d368c2e57611","callStack":[{"upstreamBuild":66141,"upstreamProject":"node-test-commit-windows-fanned","upstreamUrl":"job/node-test-commit-windows-fanned/"},{"upstreamBuild":74707,"upstreamProject":"node-test-commit","upstreamUrl":"job/node-test-commit/"},{"upstreamBuild":62673,"upstreamProject":"node-test-pull-request","upstreamUrl":"job/node-test-pull-request/"},{"prId":"54831"}],"tap":{"ok":false,"name":"pummel/test-keep-alive","id":973,"buffered":false,"tapError":null,"skip":false,"todo":false,"previous":null,"plan":null,"diag":{"severity":"fail","exitcode":1,"stack":"node:internal/child_process:1110\n  if (result.output && options.encoding && options.encoding !== 'buffer') {\n             ^\n\nTypeError: Cannot read properties of undefined (reading 'output')\n    at Object.spawnSync (node:internal/child_process:1110:14)\n    at Object.spawnSync (node:child_process:876:24)\n    at Object.<anonymous> (C:\\workspace\\node-test-binary-windows-js-suites\\node\\test\\pummel\\test-keep-alive.js:28:30)\n    at Module._compile (node:internal/modules/cjs/loader:1557:14)\n    at Object..js (node:internal/modules/cjs/loader:1702:10)\n    at Module.load (node:internal/modules/cjs/loader:1328:32)\n    at Function._load (node:internal/modules/cjs/loader:1138:12)\n    at TracingChannel.traceSync (node:diagnostics_channel:315:14)\n    at wrapModuleLoad (node:internal/modules/cjs/loader:217:24)\n    at Function.executeUserEntryPoint [as runMain] (node:internal/modules/run_main:165:5)\n\nNode.js v23.0.0-pre"},"time":181.004,"fullname":"pummel/test-keep-alive","closingTestPoint":false}},{"testName":"sequential/test-child-process-execsync","timestamp":1727021731629,"status":"REGRESSION","jobName":"node-test-binary-windows-js-suites","config":"node-test-binary-windows-js-suites » 1,win2019-COMPILED_BY-vs2022 #30450","buildUrl":"https://ci.nodejs.org/job/node-test-binary-windows-js-suites/RUN_SUBSET=1,nodes=win2019-COMPILED_BY-vs2022/30450/","buildNumber":30450,"builtOn":"test-rackspace-win2019_vs2019-x64-1","nodeVersion":"23.0.0","commitHash":"b2ca235608ff79bcea0275afe459d368c2e57611","callStack":[{"upstreamBuild":66141,"upstreamProject":"node-test-commit-windows-fanned","upstreamUrl":"job/node-test-commit-windows-fanned/"},{"upstreamBuild":74707,"upstreamProject":"node-test-commit","upstreamUrl":"job/node-test-commit/"},{"upstreamBuild":62673,"upstreamProject":"node-test-pull-request","upstreamUrl":"job/node-test-pull-request/"},{"prId":"54831"}],"tap":{"ok":false,"name":"sequential/test-child-process-execsync","id":979,"buffered":false,"tapError":null,"skip":false,"todo":false,"previous":null,"plan":null,"diag":{"severity":"fail","exitcode":1,"stack":"node:assert:491\n    throw err;\n    ^\n\nAssertionError [ERR_ASSERTION]: The input did not match the regular expression /spawnSync bad_shell ENOENT/. Input:\n\n\"TypeError: Cannot read properties of undefined (reading 'output')\"\n\n    at Object.<anonymous> (C:\\workspace\\node-test-binary-windows-js-suites\\node\\test\\sequential\\test-child-process-execsync.js:42:8)\n    at Module._compile (node:internal/modules/cjs/loader:1557:14)\n    at Object..js (node:internal/modules/cjs/loader:1702:10)\n    at Module.load (node:internal/modules/cjs/loader:1328:32)\n    at Function._load (node:internal/modules/cjs/loader:1138:12)\n    at TracingChannel.traceSync (node:diagnostics_channel:315:14)\n    at wrapModuleLoad (node:internal/modules/cjs/loader:217:24)\n    at Function.executeUserEntryPoint [as runMain] (node:internal/modules/run_main:165:5)\n    at node:internal/main/run_main_module:30:49 {\n  generatedMessage: true,\n  code: 'ERR_ASSERTION',\n  actual: TypeError: Cannot read properties of undefined (reading 'output')\n      at Object.spawnSync (node:internal/child_process:1110:14)\n      at spawnSync (node:child_process:876:24)\n      at execSync (node:child_process:957:15)\n      at C:\\workspace\\node-test-binary-windows-js-suites\\node\\test\\sequential\\test-child-process-execsync.js:43:16\n      at getActual (node:assert:498:5)\n      at Function.throws (node:assert:644:24)\n      at Object.<anonymous> (C:\\workspace\\node-test-binary-windows-js-suites\\node\\test\\sequential\\test-child-process-execsync.js:42:8)\n      at Module._compile (node:internal/modules/cjs/loader:1557:14)\n      at Object..js (node:internal/modules/cjs/loader:1702:10)\n      at Module.load (node:internal/modules/cjs/loader:1328:32),\n  expected: /spawnSync bad_shell ENOENT/,\n  operator: 'throws'\n}\n\nNode.js v23.0.0-pre"},"time":214.988,"fullname":"sequential/test-child-process-execsync","closingTestPoint":false}},{"testName":"parallel/test-child-process-spawn-windows-batch-file","timestamp":1727021731629,"status":"REGRESSION","jobName":"node-test-binary-windows-js-suites","config":"node-test-binary-windows-js-suites » 3,win2022-COMPILED_BY-vs2022 #30450","buildUrl":"https://ci.nodejs.org/job/node-test-binary-windows-js-suites/RUN_SUBSET=3,nodes=win2022-COMPILED_BY-vs2022/30450/","buildNumber":30450,"builtOn":"test-rackspace-win2022_vs2022-x64-5","nodeVersion":"23.0.0","commitHash":"b2ca235608ff79bcea0275afe459d368c2e57611","callStack":[{"upstreamBuild":66141,"upstreamProject":"node-test-commit-windows-fanned","upstreamUrl":"job/node-test-commit-windows-fanned/"},{"upstreamBuild":74707,"upstreamProject":"node-test-commit","upstreamUrl":"job/node-test-commit/"},{"upstreamBuild":62673,"upstreamProject":"node-test-pull-request","upstreamUrl":"job/node-test-pull-request/"},{"prId":"54831"}],"tap":{"ok":false,"name":"parallel/test-child-process-spawn-windows-batch-file","id":122,"buffered":false,"tapError":null,"skip":false,"todo":false,"previous":null,"plan":null,"diag":{"severity":"fail","exitcode":1,"stack":"'.' is not recognized as an internal or external command,\noperable program or batch file.\nnode:internal/child_process:1110\n  if (result.output && options.encoding && options.encoding !== 'buffer') {\n             ^\n\nTypeError: Cannot read properties of undefined (reading 'output')\n    at Object.spawnSync (node:internal/child_process:1110:14)\n    at Object.spawnSync (node:child_process:876:24)\n    at testSpawnSync (C:\\workspace\\node-test-binary-windows-js-suites\\node\\test\\parallel\\test-child-process-spawn-windows-batch-file.js:72:18)\n    at Object.<anonymous> (C:\\workspace\\node-test-binary-windows-js-suites\\node\\test\\parallel\\test-child-process-spawn-windows-batch-file.js:82:1)\n    at Module._compile (node:internal/modules/cjs/loader:1557:14)\n    at Object..js (node:internal/modules/cjs/loader:1702:10)\n    at Module.load (node:internal/modules/cjs/loader:1328:32)\n    at Function._load (node:internal/modules/cjs/loader:1138:12)\n    at TracingChannel.traceSync (node:diagnostics_channel:315:14)\n    at wrapModuleLoad (node:internal/modules/cjs/loader:217:24)\n\nNode.js v23.0.0-pre"},"time":225.001,"fullname":"parallel/test-child-process-spawn-windows-batch-file","closingTestPoint":false}},{"testName":"parallel/test-child-process-spawnsync-validation-errors","timestamp":1727021731629,"status":"REGRESSION","jobName":"node-test-binary-windows-js-suites","config":"node-test-binary-windows-js-suites » 3,win2022-COMPILED_BY-vs2022 #30450","buildUrl":"https://ci.nodejs.org/job/node-test-binary-windows-js-suites/RUN_SUBSET=3,nodes=win2022-COMPILED_BY-vs2022/30450/","buildNumber":30450,"builtOn":"test-rackspace-win2022_vs2022-x64-5","nodeVersion":"23.0.0","commitHash":"b2ca235608ff79bcea0275afe459d368c2e57611","callStack":[{"upstreamBuild":66141,"upstreamProject":"node-test-commit-windows-fanned","upstreamUrl":"job/node-test-commit-windows-fanned/"},{"upstreamBuild":74707,"upstreamProject":"node-test-commit","upstreamUrl":"job/node-test-commit/"},{"upstreamBuild":62673,"upstreamProject":"node-test-pull-request","upstreamUrl":"job/node-test-pull-request/"},{"prId":"54831"}],"tap":{"ok":false,"name":"parallel/test-child-process-spawnsync-validation-errors","id":123,"buffered":false,"tapError":null,"skip":false,"todo":false,"previous":null,"plan":null,"diag":{"severity":"fail","exitcode":1,"stack":"node:internal/child_process:1110\n  if (result.output && options.encoding && options.encoding !== 'buffer') {\n             ^\n\nTypeError: Cannot read properties of undefined (reading 'output')\n    at Object.spawnSync (node:internal/child_process:1110:14)\n    at spawnSync (node:child_process:876:24)\n    at pass (C:\\workspace\\node-test-binary-windows-js-suites\\node\\test\\parallel\\test-child-process-spawnsync-validation-errors.js:15:17)\n    at Object.<anonymous> (C:\\workspace\\node-test-binary-windows-js-suites\\node\\test\\parallel\\test-child-process-spawnsync-validation-errors.js:28:3)\n    at Module._compile (node:internal/modules/cjs/loader:1557:14)\n    at Object..js (node:internal/modules/cjs/loader:1702:10)\n    at Module.load (node:internal/modules/cjs/loader:1328:32)\n    at Function._load (node:internal/modules/cjs/loader:1138:12)\n    at TracingChannel.traceSync (node:diagnostics_channel:315:14)\n    at wrapModuleLoad (node:internal/modules/cjs/loader:217:24)\n\nNode.js v23.0.0-pre"},"time":201.006,"fullname":"parallel/test-child-process-spawnsync-validation-errors","closingTestPoint":false}},{"testName":"parallel/test-child-process-spawnsync","timestamp":1727021731629,"status":"REGRESSION","jobName":"node-test-binary-windows-js-suites","config":"node-test-binary-windows-js-suites » 0,win10-COMPILED_BY-vs2022 #30450","buildUrl":"https://ci.nodejs.org/job/node-test-binary-windows-js-suites/RUN_SUBSET=0,nodes=win10-COMPILED_BY-vs2022/30450/","buildNumber":30450,"builtOn":"test-azure_msft-win10_vs2019-x64-1","nodeVersion":"23.0.0","commitHash":"b2ca235608ff79bcea0275afe459d368c2e57611","callStack":[{"upstreamBuild":66141,"upstreamProject":"node-test-commit-windows-fanned","upstreamUrl":"job/node-test-commit-windows-fanned/"},{"upstreamBuild":74707,"upstreamProject":"node-test-commit","upstreamUrl":"job/node-test-commit/"},{"upstreamBuild":62673,"upstreamProject":"node-test-pull-request","upstreamUrl":"job/node-test-pull-request/"},{"prId":"54831"}],"tap":{"ok":false,"name":"parallel/test-child-process-spawnsync","id":126,"buffered":false,"tapError":null,"skip":false,"todo":false,"previous":null,"plan":null,"diag":{"severity":"fail","exitcode":1,"stack":"node:internal/child_process:1110\n  if (result.output && options.encoding && options.encoding !== 'buffer') {\n             ^\n\nTypeError: Cannot read properties of undefined (reading 'output')\n    at Object.spawnSync (node:internal/child_process:1110:14)\n    at spawnSync (node:child_process:876:24)\n    at Object.<anonymous> (c:\\workspace\\node-test-binary-windows-js-suites\\node\\test\\parallel\\test-child-process-spawnsync.js:37:17)\n    at Module._compile (node:internal/modules/cjs/loader:1557:14)\n    at Object..js (node:internal/modules/cjs/loader:1702:10)\n    at Module.load (node:internal/modules/cjs/loader:1328:32)\n    at Function._load (node:internal/modules/cjs/loader:1138:12)\n    at TracingChannel.traceSync (node:diagnostics_channel:315:14)\n    at wrapModuleLoad (node:internal/modules/cjs/loader:217:24)\n    at Function.executeUserEntryPoint [as runMain] (node:internal/modules/run_main:165:5)\n\nNode.js v23.0.0-pre"},"time":181.018,"fullname":"parallel/test-child-process-spawnsync","closingTestPoint":false}},{"testName":"parallel/test-child-process-spawnsync-validation-errors","timestamp":1727021731629,"status":"REGRESSION","jobName":"node-test-binary-windows-js-suites","config":"node-test-binary-windows-js-suites » 3,win11-COMPILED_BY-vs2022 #30450","buildUrl":"https://ci.nodejs.org/job/node-test-binary-windows-js-suites/RUN_SUBSET=3,nodes=win11-COMPILED_BY-vs2022/30450/","buildNumber":30450,"builtOn":"test-azure_msft-win11_vs2022-x64-1","nodeVersion":"23.0.0","commitHash":"b2ca235608ff79bcea0275afe459d368c2e57611","callStack":[{"upstreamBuild":66141,"upstreamProject":"node-test-commit-windows-fanned","upstreamUrl":"job/node-test-commit-windows-fanned/"},{"upstreamBuild":74707,"upstreamProject":"node-test-commit","upstreamUrl":"job/node-test-commit/"},{"upstreamBuild":62673,"upstreamProject":"node-test-pull-request","upstreamUrl":"job/node-test-pull-request/"},{"prId":"54831"}],"tap":{"ok":false,"name":"parallel/test-child-process-spawnsync-validation-errors","id":124,"buffered":false,"tapError":null,"skip":false,"todo":false,"previous":null,"plan":null,"diag":{"severity":"fail","exitcode":1,"stack":"node:internal/child_process:1110\n  if (result.output && options.encoding && options.encoding !== 'buffer') {\n             ^\n\nTypeError: Cannot read properties of undefined (reading 'output')\n    at Object.spawnSync (node:internal/child_process:1110:14)\n    at spawnSync (node:child_process:876:24)\n    at pass (c:\\workspace\\node-test-binary-windows-js-suites\\node\\test\\parallel\\test-child-process-spawnsync-validation-errors.js:15:17)\n    at Object.<anonymous> (c:\\workspace\\node-test-binary-windows-js-suites\\node\\test\\parallel\\test-child-process-spawnsync-validation-errors.js:28:3)\n    at Module._compile (node:internal/modules/cjs/loader:1557:14)\n    at Object..js (node:internal/modules/cjs/loader:1702:10)\n    at Module.load (node:internal/modules/cjs/loader:1328:32)\n    at Function._load (node:internal/modules/cjs/loader:1138:12)\n    at TracingChannel.traceSync (node:diagnostics_channel:315:14)\n    at wrapModuleLoad (node:internal/modules/cjs/loader:217:24)\n\nNode.js v23.0.0-pre"},"time":151.01,"fullname":"parallel/test-child-process-spawnsync-validation-errors","closingTestPoint":false}},{"testName":"parallel/test-child-process-spawn-windows-batch-file","timestamp":1727021731629,"status":"REGRESSION","jobName":"node-test-binary-windows-js-suites","config":"node-test-binary-windows-js-suites » 3,win11-COMPILED_BY-vs2022 #30450","buildUrl":"https://ci.nodejs.org/job/node-test-binary-windows-js-suites/RUN_SUBSET=3,nodes=win11-COMPILED_BY-vs2022/30450/","buildNumber":30450,"builtOn":"test-azure_msft-win11_vs2022-x64-1","nodeVersion":"23.0.0","commitHash":"b2ca235608ff79bcea0275afe459d368c2e57611","callStack":[{"upstreamBuild":66141,"upstreamProject":"node-test-commit-windows-fanned","upstreamUrl":"job/node-test-commit-windows-fanned/"},{"upstreamBuild":74707,"upstreamProject":"node-test-commit","upstreamUrl":"job/node-test-commit/"},{"upstreamBuild":62673,"upstreamProject":"node-test-pull-request","upstreamUrl":"job/node-test-pull-request/"},{"prId":"54831"}],"tap":{"ok":false,"name":"parallel/test-child-process-spawn-windows-batch-file","id":125,"buffered":false,"tapError":null,"skip":false,"todo":false,"previous":null,"plan":null,"diag":{"severity":"fail","exitcode":1,"stack":"'.' is not recognized as an internal or external command,\noperable program or batch file.\nnode:internal/child_process:1110\n  if (result.output && options.encoding && options.encoding !== 'buffer') {\n             ^\n\nTypeError: Cannot read properties of undefined (reading 'output')\n    at Object.spawnSync (node:internal/child_process:1110:14)\n    at Object.spawnSync (node:child_process:876:24)\n    at testSpawnSync (c:\\workspace\\node-test-binary-windows-js-suites\\node\\test\\parallel\\test-child-process-spawn-windows-batch-file.js:72:18)\n    at Object.<anonymous> (c:\\workspace\\node-test-binary-windows-js-suites\\node\\test\\parallel\\test-child-process-spawn-windows-batch-file.js:82:1)\n    at Module._compile (node:internal/modules/cjs/loader:1557:14)\n    at Object..js (node:internal/modules/cjs/loader:1702:10)\n    at Module.load (node:internal/modules/cjs/loader:1328:32)\n    at Function._load (node:internal/modules/cjs/loader:1138:12)\n    at TracingChannel.traceSync (node:diagnostics_channel:315:14)\n    at wrapModuleLoad (node:internal/modules/cjs/loader:217:24)\n\nNode.js v23.0.0-pre"},"time":187.011,"fullname":"parallel/test-child-process-spawn-windows-batch-file","closingTestPoint":false}},{"testName":"pummel/test-keep-alive","timestamp":1727021731629,"status":"FAILED","jobName":"node-test-binary-windows-js-suites","config":"node-test-binary-windows-js-suites » 1,win2022-COMPILED_BY-vs2022 #30450","buildUrl":"https://ci.nodejs.org/job/node-test-binary-windows-js-suites/RUN_SUBSET=1,nodes=win2022-COMPILED_BY-vs2022/30450/","buildNumber":30450,"builtOn":"test-rackspace-win2022_vs2022-x64-6","nodeVersion":"23.0.0","commitHash":"b2ca235608ff79bcea0275afe459d368c2e57611","callStack":[{"upstreamBuild":66141,"upstreamProject":"node-test-commit-windows-fanned","upstreamUrl":"job/node-test-commit-windows-fanned/"},{"upstreamBuild":74707,"upstreamProject":"node-test-commit","upstreamUrl":"job/node-test-commit/"},{"upstreamBuild":62673,"upstreamProject":"node-test-pull-request","upstreamUrl":"job/node-test-pull-request/"},{"prId":"54831"}],"tap":{"ok":false,"name":"pummel/test-keep-alive","id":973,"buffered":false,"tapError":null,"skip":false,"todo":false,"previous":null,"plan":null,"diag":{"severity":"fail","exitcode":1,"stack":"node:internal/child_process:1110\n  if (result.output && options.encoding && options.encoding !== 'buffer') {\n             ^\n\nTypeError: Cannot read properties of undefined (reading 'output')\n    at Object.spawnSync (node:internal/child_process:1110:14)\n    at Object.spawnSync (node:child_process:876:24)\n    at Object.<anonymous> (C:\\workspace\\node-test-binary-windows-js-suites\\node\\test\\pummel\\test-keep-alive.js:28:30)\n    at Module._compile (node:internal/modules/cjs/loader:1557:14)\n    at Object..js (node:internal/modules/cjs/loader:1702:10)\n    at Module.load (node:internal/modules/cjs/loader:1328:32)\n    at Function._load (node:internal/modules/cjs/loader:1138:12)\n    at TracingChannel.traceSync (node:diagnostics_channel:315:14)\n    at wrapModuleLoad (node:internal/modules/cjs/loader:217:24)\n    at Function.executeUserEntryPoint [as runMain] (node:internal/modules/run_main:165:5)\n\nNode.js v23.0.0-pre"},"time":180.015,"fullname":"pummel/test-keep-alive","closingTestPoint":false}},{"testName":"sequential/test-child-process-execsync","timestamp":1727021731629,"status":"REGRESSION","jobName":"node-test-binary-windows-js-suites","config":"node-test-binary-windows-js-suites » 1,win2022-COMPILED_BY-vs2022 #30450","buildUrl":"https://ci.nodejs.org/job/node-test-binary-windows-js-suites/RUN_SUBSET=1,nodes=win2022-COMPILED_BY-vs2022/30450/","buildNumber":30450,"builtOn":"test-rackspace-win2022_vs2022-x64-6","nodeVersion":"23.0.0","commitHash":"b2ca235608ff79bcea0275afe459d368c2e57611","callStack":[{"upstreamBuild":66141,"upstreamProject":"node-test-commit-windows-fanned","upstreamUrl":"job/node-test-commit-windows-fanned/"},{"upstreamBuild":74707,"upstreamProject":"node-test-commit","upstreamUrl":"job/node-test-commit/"},{"upstreamBuild":62673,"upstreamProject":"node-test-pull-request","upstreamUrl":"job/node-test-pull-request/"},{"prId":"54831"}],"tap":{"ok":false,"name":"sequential/test-child-process-execsync","id":979,"buffered":false,"tapError":null,"skip":false,"todo":false,"previous":null,"plan":null,"diag":{"severity":"fail","exitcode":1,"stack":"node:assert:491\n    throw err;\n    ^\n\nAssertionError [ERR_ASSERTION]: The input did not match the regular expression /spawnSync bad_shell ENOENT/. Input:\n\n\"TypeError: Cannot read properties of undefined (reading 'output')\"\n\n    at Object.<anonymous> (C:\\workspace\\node-test-binary-windows-js-suites\\node\\test\\sequential\\test-child-process-execsync.js:42:8)\n    at Module._compile (node:internal/modules/cjs/loader:1557:14)\n    at Object..js (node:internal/modules/cjs/loader:1702:10)\n    at Module.load (node:internal/modules/cjs/loader:1328:32)\n    at Function._load (node:internal/modules/cjs/loader:1138:12)\n    at TracingChannel.traceSync (node:diagnostics_channel:315:14)\n    at wrapModuleLoad (node:internal/modules/cjs/loader:217:24)\n    at Function.executeUserEntryPoint [as runMain] (node:internal/modules/run_main:165:5)\n    at node:internal/main/run_main_module:30:49 {\n  generatedMessage: true,\n  code: 'ERR_ASSERTION',\n  actual: TypeError: Cannot read properties of undefined (reading 'output')\n      at Object.spawnSync (node:internal/child_process:1110:14)\n      at spawnSync (node:child_process:876:24)\n      at execSync (node:child_process:957:15)\n      at C:\\workspace\\node-test-binary-windows-js-suites\\node\\test\\sequential\\test-child-process-execsync.js:43:16\n      at getActual (node:assert:498:5)\n      at Function.throws (node:assert:644:24)\n      at Object.<anonymous> (C:\\workspace\\node-test-binary-windows-js-suites\\node\\test\\sequential\\test-child-process-execsync.js:42:8)\n      at Module._compile (node:internal/modules/cjs/loader:1557:14)\n      at Object..js (node:internal/modules/cjs/loader:1702:10)\n      at Module.load (node:internal/modules/cjs/loader:1328:32),\n  expected: /spawnSync bad_shell ENOENT/,\n  operator: 'throws'\n}\n\nNode.js v23.0.0-pre"},"time":179.973,"fullname":"sequential/test-child-process-execsync","closingTestPoint":false}},{"testName":"parallel/test-child-process-spawnsync","timestamp":1727021731629,"status":"REGRESSION","jobName":"node-test-binary-windows-js-suites","config":"node-test-binary-windows-js-suites » 0,win2022-COMPILED_BY-vs2022 #30450","buildUrl":"https://ci.nodejs.org/job/node-test-binary-windows-js-suites/RUN_SUBSET=0,nodes=win2022-COMPILED_BY-vs2022/30450/","buildNumber":30450,"builtOn":"test-rackspace-win2022_vs2022-x64-5","nodeVersion":"23.0.0","commitHash":"b2ca235608ff79bcea0275afe459d368c2e57611","callStack":[{"upstreamBuild":66141,"upstreamProject":"node-test-commit-windows-fanned","upstreamUrl":"job/node-test-commit-windows-fanned/"},{"upstreamBuild":74707,"upstreamProject":"node-test-commit","upstreamUrl":"job/node-test-commit/"},{"upstreamBuild":62673,"upstreamProject":"node-test-pull-request","upstreamUrl":"job/node-test-pull-request/"},{"prId":"54831"}],"tap":{"ok":false,"name":"parallel/test-child-process-spawnsync","id":124,"buffered":false,"tapError":null,"skip":false,"todo":false,"previous":null,"plan":null,"diag":{"severity":"fail","exitcode":1,"stack":"node:internal/child_process:1110\n  if (result.output && options.encoding && options.encoding !== 'buffer') {\n             ^\n\nTypeError: Cannot read properties of undefined (reading 'output')\n    at Object.spawnSync (node:internal/child_process:1110:14)\n    at spawnSync (node:child_process:876:24)\n    at Object.<anonymous> (C:\\workspace\\node-test-binary-windows-js-suites\\node\\test\\parallel\\test-child-process-spawnsync.js:37:17)\n    at Module._compile (node:internal/modules/cjs/loader:1557:14)\n    at Object..js (node:internal/modules/cjs/loader:1702:10)\n    at Module.load (node:internal/modules/cjs/loader:1328:32)\n    at Function._load (node:internal/modules/cjs/loader:1138:12)\n    at TracingChannel.traceSync (node:diagnostics_channel:315:14)\n    at wrapModuleLoad (node:internal/modules/cjs/loader:217:24)\n    at Function.executeUserEntryPoint [as runMain] (node:internal/modules/run_main:165:5)\n\nNode.js v23.0.0-pre"},"time":257.041,"fullname":"parallel/test-child-process-spawnsync","closingTestPoint":false}},{"testName":"pummel/test-keep-alive","timestamp":1727021731629,"status":"FAILED","jobName":"node-test-binary-windows-js-suites","config":"node-test-binary-windows-js-suites » 1,win11-COMPILED_BY-vs2022 #30450","buildUrl":"https://ci.nodejs.org/job/node-test-binary-windows-js-suites/RUN_SUBSET=1,nodes=win11-COMPILED_BY-vs2022/30450/","buildNumber":30450,"builtOn":"test-azure_msft-win11_vs2022-x64-2","nodeVersion":"23.0.0","commitHash":"b2ca235608ff79bcea0275afe459d368c2e57611","callStack":[{"upstreamBuild":66141,"upstreamProject":"node-test-commit-windows-fanned","upstreamUrl":"job/node-test-commit-windows-fanned/"},{"upstreamBuild":74707,"upstreamProject":"node-test-commit","upstreamUrl":"job/node-test-commit/"},{"upstreamBuild":62673,"upstreamProject":"node-test-pull-request","upstreamUrl":"job/node-test-pull-request/"},{"prId":"54831"}],"tap":{"ok":false,"name":"pummel/test-keep-alive","id":973,"buffered":false,"tapError":null,"skip":false,"todo":false,"previous":null,"plan":null,"diag":{"severity":"fail","exitcode":1,"stack":"node:internal/child_process:1110\n  if (result.output && options.encoding && options.encoding !== 'buffer') {\n             ^\n\nTypeError: Cannot read properties of undefined (reading 'output')\n    at Object.spawnSync (node:internal/child_process:1110:14)\n    at Object.spawnSync (node:child_process:876:24)\n    at Object.<anonymous> (c:\\workspace\\node-test-binary-windows-js-suites\\node\\test\\pummel\\test-keep-alive.js:28:30)\n    at Module._compile (node:internal/modules/cjs/loader:1557:14)\n    at Object..js (node:internal/modules/cjs/loader:1702:10)\n    at Module.load (node:internal/modules/cjs/loader:1328:32)\n    at Function._load (node:internal/modules/cjs/loader:1138:12)\n    at TracingChannel.traceSync (node:diagnostics_channel:315:14)\n    at wrapModuleLoad (node:internal/modules/cjs/loader:217:24)\n    at Function.executeUserEntryPoint [as runMain] (node:internal/modules/run_main:165:5)\n\nNode.js v23.0.0-pre"},"time":135.82,"fullname":"pummel/test-keep-alive","closingTestPoint":false}},{"testName":"sequential/test-child-process-execsync","timestamp":1727021731629,"status":"REGRESSION","jobName":"node-test-binary-windows-js-suites","config":"node-test-binary-windows-js-suites » 1,win11-COMPILED_BY-vs2022 #30450","buildUrl":"https://ci.nodejs.org/job/node-test-binary-windows-js-suites/RUN_SUBSET=1,nodes=win11-COMPILED_BY-vs2022/30450/","buildNumber":30450,"builtOn":"test-azure_msft-win11_vs2022-x64-2","nodeVersion":"23.0.0","commitHash":"b2ca235608ff79bcea0275afe459d368c2e57611","callStack":[{"upstreamBuild":66141,"upstreamProject":"node-test-commit-windows-fanned","upstreamUrl":"job/node-test-commit-windows-fanned/"},{"upstreamBuild":74707,"upstreamProject":"node-test-commit","upstreamUrl":"job/node-test-commit/"},{"upstreamBuild":62673,"upstreamProject":"node-test-pull-request","upstreamUrl":"job/node-test-pull-request/"},{"prId":"54831"}],"tap":{"ok":false,"name":"sequential/test-child-process-execsync","id":979,"buffered":false,"tapError":null,"skip":false,"todo":false,"previous":null,"plan":null,"diag":{"severity":"fail","exitcode":1,"stack":"node:assert:491\n    throw err;\n    ^\n\nAssertionError [ERR_ASSERTION]: The input did not match the regular expression /spawnSync bad_shell ENOENT/. Input:\n\n\"TypeError: Cannot read properties of undefined (reading 'output')\"\n\n    at Object.<anonymous> (c:\\workspace\\node-test-binary-windows-js-suites\\node\\test\\sequential\\test-child-process-execsync.js:42:8)\n    at Module._compile (node:internal/modules/cjs/loader:1557:14)\n    at Object..js (node:internal/modules/cjs/loader:1702:10)\n    at Module.load (node:internal/modules/cjs/loader:1328:32)\n    at Function._load (node:internal/modules/cjs/loader:1138:12)\n    at TracingChannel.traceSync (node:diagnostics_channel:315:14)\n    at wrapModuleLoad (node:internal/modules/cjs/loader:217:24)\n    at Function.executeUserEntryPoint [as runMain] (node:internal/modules/run_main:165:5)\n    at node:internal/main/run_main_module:30:49 {\n  generatedMessage: true,\n  code: 'ERR_ASSERTION',\n  actual: TypeError: Cannot read properties of undefined (reading 'output')\n      at Object.spawnSync (node:internal/child_process:1110:14)\n      at spawnSync (node:child_process:876:24)\n      at execSync (node:child_process:957:15)\n      at c:\\workspace\\node-test-binary-windows-js-suites\\node\\test\\sequential\\test-child-process-execsync.js:43:16\n      at getActual (node:assert:498:5)\n      at Function.throws (node:assert:644:24)\n      at Object.<anonymous> (c:\\workspace\\node-test-binary-windows-js-suites\\node\\test\\sequential\\test-child-process-execsync.js:42:8)\n      at Module._compile (node:internal/modules/cjs/loader:1557:14)\n      at Object..js (node:internal/modules/cjs/loader:1702:10)\n      at Module.load (node:internal/modules/cjs/loader:1328:32),\n  expected: /spawnSync bad_shell ENOENT/,\n  operator: 'throws'\n}\n\nNode.js v23.0.0-pre"},"time":136.694,"fullname":"sequential/test-child-process-execsync","closingTestPoint":false}},{"testName":"parallel/test-child-process-spawn-windows-batch-file","timestamp":1727021731629,"status":"REGRESSION","jobName":"node-test-binary-windows-js-suites","config":"node-test-binary-windows-js-suites » 2,win11-arm64-COMPILED_BY-vs2022-arm64 #30450","buildUrl":"https://ci.nodejs.org/job/node-test-binary-windows-js-suites/RUN_SUBSET=2,nodes=win11-arm64-COMPILED_BY-vs2022-arm64/30450/","buildNumber":30450,"builtOn":"test-azure_msft-win11_vs2022-arm64-5","nodeVersion":"23.0.0","commitHash":"b2ca235608ff79bcea0275afe459d368c2e57611","callStack":[{"upstreamBuild":66141,"upstreamProject":"node-test-commit-windows-fanned","upstreamUrl":"job/node-test-commit-windows-fanned/"},{"upstreamBuild":74707,"upstreamProject":"node-test-commit","upstreamUrl":"job/node-test-commit/"},{"upstreamBuild":62673,"upstreamProject":"node-test-pull-request","upstreamUrl":"job/node-test-pull-request/"},{"prId":"54831"}],"tap":{"ok":false,"name":"parallel/test-child-process-spawn-windows-batch-file","id":122,"buffered":false,"tapError":null,"skip":false,"todo":false,"previous":null,"plan":null,"diag":{"severity":"fail","exitcode":1,"stack":"'.' is not recognized as an internal or external command,\noperable program or batch file.\nnode:internal/child_process:1110\n  if (result.output && options.encoding && options.encoding !== 'buffer') {\n             ^\n\nTypeError: Cannot read properties of undefined (reading 'output')\n    at Object.spawnSync (node:internal/child_process:1110:14)\n    at Object.spawnSync (node:child_process:876:24)\n    at testSpawnSync (d:\\workspace\\node-test-binary-windows-js-suites\\node\\test\\parallel\\test-child-process-spawn-windows-batch-file.js:72:18)\n    at Object.<anonymous> (d:\\workspace\\node-test-binary-windows-js-suites\\node\\test\\parallel\\test-child-process-spawn-windows-batch-file.js:82:1)\n    at Module._compile (node:internal/modules/cjs/loader:1557:14)\n    at Module._extensions..js (node:internal/modules/cjs/loader:1702:10)\n    at Module.load (node:internal/modules/cjs/loader:1328:32)\n    at Module._load (node:internal/modules/cjs/loader:1138:12)\n    at TracingChannel.traceSync (node:diagnostics_channel:315:14)\n    at wrapModuleLoad (node:internal/modules/cjs/loader:217:24)\n\nNode.js v23.0.0-pre"},"time":275.001,"fullname":"parallel/test-child-process-spawn-windows-batch-file","closingTestPoint":false}},{"testName":"parallel/test-child-process-spawnsync-validation-errors","timestamp":1727021731629,"status":"REGRESSION","jobName":"node-test-binary-windows-js-suites","config":"node-test-binary-windows-js-suites » 2,win11-arm64-COMPILED_BY-vs2022-arm64 #30450","buildUrl":"https://ci.nodejs.org/job/node-test-binary-windows-js-suites/RUN_SUBSET=2,nodes=win11-arm64-COMPILED_BY-vs2022-arm64/30450/","buildNumber":30450,"builtOn":"test-azure_msft-win11_vs2022-arm64-5","nodeVersion":"23.0.0","commitHash":"b2ca235608ff79bcea0275afe459d368c2e57611","callStack":[{"upstreamBuild":66141,"upstreamProject":"node-test-commit-windows-fanned","upstreamUrl":"job/node-test-commit-windows-fanned/"},{"upstreamBuild":74707,"upstreamProject":"node-test-commit","upstreamUrl":"job/node-test-commit/"},{"upstreamBuild":62673,"upstreamProject":"node-test-pull-request","upstreamUrl":"job/node-test-pull-request/"},{"prId":"54831"}],"tap":{"ok":false,"name":"parallel/test-child-process-spawnsync-validation-errors","id":124,"buffered":false,"tapError":null,"skip":false,"todo":false,"previous":null,"plan":null,"diag":{"severity":"fail","exitcode":1,"stack":"node:internal/child_process:1110\n  if (result.output && options.encoding && options.encoding !== 'buffer') {\n             ^\n\nTypeError: Cannot read properties of undefined (reading 'output')\n    at Object.spawnSync (node:internal/child_process:1110:14)\n    at spawnSync (node:child_process:876:24)\n    at pass (d:\\workspace\\node-test-binary-windows-js-suites\\node\\test\\parallel\\test-child-process-spawnsync-validation-errors.js:15:17)\n    at Object.<anonymous> (d:\\workspace\\node-test-binary-windows-js-suites\\node\\test\\parallel\\test-child-process-spawnsync-validation-errors.js:28:3)\n    at Module._compile (node:internal/modules/cjs/loader:1557:14)\n    at Module._extensions..js (node:internal/modules/cjs/loader:1702:10)\n    at Module.load (node:internal/modules/cjs/loader:1328:32)\n    at Module._load (node:internal/modules/cjs/loader:1138:12)\n    at TracingChannel.traceSync (node:diagnostics_channel:315:14)\n    at wrapModuleLoad (node:internal/modules/cjs/loader:217:24)\n\nNode.js v23.0.0-pre"},"time":247.998,"fullname":"parallel/test-child-process-spawnsync-validation-errors","closingTestPoint":false}},{"testName":"pummel/test-keep-alive","timestamp":1727021731629,"status":"FAILED","jobName":"node-test-binary-windows-js-suites","config":"node-test-binary-windows-js-suites » 2,win11-arm64-COMPILED_BY-vs2022-arm64 #30450","buildUrl":"https://ci.nodejs.org/job/node-test-binary-windows-js-suites/RUN_SUBSET=2,nodes=win11-arm64-COMPILED_BY-vs2022-arm64/30450/","buildNumber":30450,"builtOn":"test-azure_msft-win11_vs2022-arm64-5","nodeVersion":"23.0.0","commitHash":"b2ca235608ff79bcea0275afe459d368c2e57611","callStack":[{"upstreamBuild":66141,"upstreamProject":"node-test-commit-windows-fanned","upstreamUrl":"job/node-test-commit-windows-fanned/"},{"upstreamBuild":74707,"upstreamProject":"node-test-commit","upstreamUrl":"job/node-test-commit/"},{"upstreamBuild":62673,"upstreamProject":"node-test-pull-request","upstreamUrl":"job/node-test-pull-request/"},{"prId":"54831"}],"tap":{"ok":false,"name":"pummel/test-keep-alive","id":972,"buffered":false,"tapError":null,"skip":false,"todo":false,"previous":null,"plan":null,"diag":{"severity":"fail","exitcode":1,"stack":"node:internal/child_process:1110\n  if (result.output && options.encoding && options.encoding !== 'buffer') {\n             ^\n\nTypeError: Cannot read properties of undefined (reading 'output')\n    at Object.spawnSync (node:internal/child_process:1110:14)\n    at Object.spawnSync (node:child_process:876:24)\n    at Object.<anonymous> (d:\\workspace\\node-test-binary-windows-js-suites\\node\\test\\pummel\\test-keep-alive.js:28:30)\n    at Module._compile (node:internal/modules/cjs/loader:1557:14)\n    at Module._extensions..js (node:internal/modules/cjs/loader:1702:10)\n    at Module.load (node:internal/modules/cjs/loader:1328:32)\n    at Module._load (node:internal/modules/cjs/loader:1138:12)\n    at TracingChannel.traceSync (node:diagnostics_channel:315:14)\n    at wrapModuleLoad (node:internal/modules/cjs/loader:217:24)\n    at Function.executeUserEntryPoint [as runMain] (node:internal/modules/run_main:165:5)\n\nNode.js v23.0.0-pre"},"time":213.669,"fullname":"pummel/test-keep-alive","closingTestPoint":false}},{"testName":"sequential/test-child-process-execsync","timestamp":1727021731629,"status":"REGRESSION","jobName":"node-test-binary-windows-js-suites","config":"node-test-binary-windows-js-suites » 2,win11-arm64-COMPILED_BY-vs2022-arm64 #30450","buildUrl":"https://ci.nodejs.org/job/node-test-binary-windows-js-suites/RUN_SUBSET=2,nodes=win11-arm64-COMPILED_BY-vs2022-arm64/30450/","buildNumber":30450,"builtOn":"test-azure_msft-win11_vs2022-arm64-5","nodeVersion":"23.0.0","commitHash":"b2ca235608ff79bcea0275afe459d368c2e57611","callStack":[{"upstreamBuild":66141,"upstreamProject":"node-test-commit-windows-fanned","upstreamUrl":"job/node-test-commit-windows-fanned/"},{"upstreamBuild":74707,"upstreamProject":"node-test-commit","upstreamUrl":"job/node-test-commit/"},{"upstreamBuild":62673,"upstreamProject":"node-test-pull-request","upstreamUrl":"job/node-test-pull-request/"},{"prId":"54831"}],"tap":{"ok":false,"name":"sequential/test-child-process-execsync","id":978,"buffered":false,"tapError":null,"skip":false,"todo":false,"previous":null,"plan":null,"diag":{"severity":"fail","exitcode":1,"stack":"node:assert:491\n    throw err;\n    ^\n\nAssertionError [ERR_ASSERTION]: The input did not match the regular expression /spawnSync bad_shell ENOENT/. Input:\n\n\"TypeError: Cannot read properties of undefined (reading 'output')\"\n\n    at Object.<anonymous> (d:\\workspace\\node-test-binary-windows-js-suites\\node\\test\\sequential\\test-child-process-execsync.js:42:8)\n    at Module._compile (node:internal/modules/cjs/loader:1557:14)\n    at Module._extensions..js (node:internal/modules/cjs/loader:1702:10)\n    at Module.load (node:internal/modules/cjs/loader:1328:32)\n    at Module._load (node:internal/modules/cjs/loader:1138:12)\n    at TracingChannel.traceSync (node:diagnostics_channel:315:14)\n    at wrapModuleLoad (node:internal/modules/cjs/loader:217:24)\n    at Function.executeUserEntryPoint [as runMain] (node:internal/modules/run_main:165:5)\n    at node:internal/main/run_main_module:30:49 {\n  generatedMessage: true,\n  code: 'ERR_ASSERTION',\n  actual: TypeError: Cannot read properties of undefined (reading 'output')\n      at Object.spawnSync (node:internal/child_process:1110:14)\n      at spawnSync (node:child_process:876:24)\n      at execSync (node:child_process:957:15)\n      at d:\\workspace\\node-test-binary-windows-js-suites\\node\\test\\sequential\\test-child-process-execsync.js:43:16\n      at getActual (node:assert:498:5)\n      at Function.throws (node:assert:644:24)\n      at Object.<anonymous> (d:\\workspace\\node-test-binary-windows-js-suites\\node\\test\\sequential\\test-child-process-execsync.js:42:8)\n      at Module._compile (node:internal/modules/cjs/loader:1557:14)\n      at Module._extensions..js (node:internal/modules/cjs/loader:1702:10)\n      at Module.load (node:internal/modules/cjs/loader:1328:32),\n  expected: /spawnSync bad_shell ENOENT/,\n  operator: 'throws'\n}\n\nNode.js v23.0.0-pre"},"time":246.5,"fullname":"sequential/test-child-process-execsync","closingTestPoint":false}}]}