{"failedTests":[{"testName":"parallel/test-runner-run-watch","timestamp":1727164920154,"status":"FAILED","jobName":"node-test-binary-windows-js-suites","config":"node-test-binary-windows-js-suites » 3,win2022-COMPILED_BY-vs2022 #30491","buildUrl":"https://ci.nodejs.org/job/node-test-binary-windows-js-suites/RUN_SUBSET=3,nodes=win2022-COMPILED_BY-vs2022/30491/","buildNumber":30491,"builtOn":"test-rackspace-win2022_vs2022-x64-6","nodeVersion":"23.0.0","commitHash":"31f8c0302a3907bfe1f4c7cbb594bcf21c8f8c6c","callStack":[{"upstreamBuild":66186,"upstreamProject":"node-test-commit-windows-fanned","upstreamUrl":"job/node-test-commit-windows-fanned/"},{"upstreamBuild":74758,"upstreamProject":"node-test-commit","upstreamUrl":"job/node-test-commit/"},{"upstreamBuild":62718,"upstreamProject":"node-test-pull-request","upstreamUrl":"job/node-test-pull-request/"},{"prId":"55082"}],"tap":{"ok":false,"name":"parallel/test-runner-run-watch","id":952,"buffered":false,"tapError":null,"skip":false,"todo":": Fix flaky test","previous":null,"plan":null,"diag":{"severity":"flaky","exitcode":1,"stack":"▶ test runner watch mode\n  ✔ should run tests repeatedly (1674.9618ms)\n  ✔ should run tests with dependency repeatedly (1671.4876ms)\n  ✔ should run tests with ESM dependency (1732.6926ms)\n  ✔ should support running tests without a file (1721.6534ms)\n  ✔ should support a watched test file rename (1754.9144ms)\n  ✔ should not throw when deleting a watched test file (2343.0745ms)\n  ✔ should run tests with dependency repeatedly in a different cwd (1917.1363ms)\n  ✖ should handle renames in a different cwd (2303.2818ms)\n    Error: ENOENT: no such file or directory, rename 'C:\\workspace\\node-test-binary-windows-js-suites\\node\\test\\.tmp.686\\test.js' -> 'C:\\workspace\\node-test-binary-windows-js-suites\\node\\test\\.tmp.686\\test-renamed-test.js'\n        at renameSync (node:fs:1020:11)\n        at Timeout._onTimeout (file:///C:/workspace/node-test-binary-windows-js-suites/node/test/parallel/test-runner-run-watch.mjs:94:40)\n        at listOnTimeout (node:internal/timers:614:17)\n        at process.processTimers (node:internal/timers:549:7) {\n      errno: -4058,\n      code: 'ENOENT',\n      syscall: 'rename',\n      path: 'C:\\\\workspace\\\\node-test-binary-windows-js-suites\\\\node\\\\test\\\\.tmp.686\\\\test.js',\n      dest: 'C:\\\\workspace\\\\node-test-binary-windows-js-suites\\\\node\\\\test\\\\.tmp.686\\\\test-renamed-test.js'\n    }\n\n  ✔ should run new tests when a new file is created in the watched directory (1797.5675ms)\n✖ test runner watch mode (16926.4729ms)\nℹ tests 9\nℹ suites 1\nℹ pass 8\nℹ fail 1\nℹ cancelled 0\nℹ skipped 0\nℹ todo 0\nℹ duration_ms 16943.3207\n\n✖ failing tests:\n\ntest at test\\parallel\\test-runner-run-watch.mjs:215:3\n✖ should handle renames in a different cwd (2303.2818ms)\n  Error: ENOENT: no such file or directory, rename 'C:\\workspace\\node-test-binary-windows-js-suites\\node\\test\\.tmp.686\\test.js' -> 'C:\\workspace\\node-test-binary-windows-js-suites\\node\\test\\.tmp.686\\test-renamed-test.js'\n      at renameSync (node:fs:1020:11)\n      at Timeout._onTimeout (file:///C:/workspace/node-test-binary-windows-js-suites/node/test/parallel/test-runner-run-watch.mjs:94:40)\n      at listOnTimeout (node:internal/timers:614:17)\n      at process.processTimers (node:internal/timers:549:7) {\n    errno: -4058,\n    code: 'ENOENT',\n    syscall: 'rename',\n    path: 'C:\\\\workspace\\\\node-test-binary-windows-js-suites\\\\node\\\\test\\\\.tmp.686\\\\test.js',\n    dest: 'C:\\\\workspace\\\\node-test-binary-windows-js-suites\\\\node\\\\test\\\\.tmp.686\\\\test-renamed-test.js'\n  }"},"time":17305.878,"fullname":"parallel/test-runner-run-watch","closingTestPoint":false}},{"testName":"parallel/test-net-write-fully-async-hex-string","timestamp":1727164920154,"status":"FAILED","jobName":"node-test-binary-windows-js-suites","config":"node-test-binary-windows-js-suites » 0,win10-COMPILED_BY-vs2022 #30491","buildUrl":"https://ci.nodejs.org/job/node-test-binary-windows-js-suites/RUN_SUBSET=0,nodes=win10-COMPILED_BY-vs2022/30491/","buildNumber":30491,"builtOn":"test-azure_msft-win10_vs2019-x64-1","nodeVersion":"23.0.0","commitHash":"31f8c0302a3907bfe1f4c7cbb594bcf21c8f8c6c","callStack":[{"upstreamBuild":66186,"upstreamProject":"node-test-commit-windows-fanned","upstreamUrl":"job/node-test-commit-windows-fanned/"},{"upstreamBuild":74758,"upstreamProject":"node-test-commit","upstreamUrl":"job/node-test-commit/"},{"upstreamBuild":62718,"upstreamProject":"node-test-pull-request","upstreamUrl":"job/node-test-pull-request/"},{"prId":"55082"}],"tap":{"ok":false,"name":"parallel/test-net-write-fully-async-hex-string","id":993,"buffered":false,"tapError":null,"skip":false,"todo":": Fix flaky test","previous":null,"plan":null,"diag":{"severity":"fail","exitcode":1,"stack":"timeout"},"time":120277.986,"fullname":"parallel/test-net-write-fully-async-hex-string","closingTestPoint":false}}]}