{"failedTests":[{"testName":"parallel/test-runner-run","timestamp":1727192317620,"status":"REGRESSION","jobName":"node-test-binary-windows-js-suites","config":"node-test-binary-windows-js-suites » 2,win11-arm64-COMPILED_BY-vs2022-arm64 #30507","buildUrl":"https://ci.nodejs.org/job/node-test-binary-windows-js-suites/RUN_SUBSET=2,nodes=win11-arm64-COMPILED_BY-vs2022-arm64/30507/","buildNumber":30507,"builtOn":"test-azure_msft-win11_vs2022-arm64-6","nodeVersion":"23.0.0","commitHash":"2f4389c8887e5c7c34e7abac46b0b9b55fb1bd86","callStack":[{"upstreamBuild":66197,"upstreamProject":"node-test-commit-windows-fanned","upstreamUrl":"job/node-test-commit-windows-fanned/"},{"upstreamBuild":74773,"upstreamProject":"node-test-commit","upstreamUrl":"job/node-test-commit/"},{"upstreamBuild":62731,"upstreamProject":"node-test-pull-request","upstreamUrl":"job/node-test-pull-request/"},{"prId":"54705"}],"tap":{"ok":false,"name":"parallel/test-runner-run","id":691,"buffered":false,"tapError":null,"skip":false,"todo":false,"previous":null,"plan":null,"diag":{"severity":"fail","exitcode":1,"stack":"▶ require('node:test').run\n  ✔ should run with no tests (748.6014ms)\n  ✔ should fail with non existing file (812.0646ms)\n  ✔ should succeed with a file (812.5498ms)\n  ✔ should run same file twice (1562.6318ms)\n  ✔ should run a failed test (809.2414ms)\n  ✔ should support timeout (823.1333ms)\n  ✔ should be piped with dot (861.9289ms)\n  ▶ should be piped with spec reporter\n    ✔ new spec (1042.6497ms)\n    ✔ spec() (692.9039ms)\n    ✔ spec (602.2875ms)\n  ✔ should be piped with spec reporter (1189.6146ms)\n  ✔ should be piped with tap (881.5689ms)\n  ✔ should skip tests not matching testNamePatterns - RegExp (826.2053ms)\n  ✔ should skip tests not matching testNamePatterns - string (863.1388ms)\n  ✔ should pass only to children (816.6314ms)\n  ✔ should emit \"test:watch:drained\" event on watch mode (709.9013ms)\n  ▶ AbortSignal\n    ✔ should accept a signal (515.4288ms)\n    ✔ should stop watch mode when abortSignal aborts (852.1939ms)\n    ✔ should abort when test succeeded (1139.9541ms)\n    ✔ should abort when test failed (1081.9556ms)\n  ✔ AbortSignal (1221.921ms)\n  ▶ sharding\n    ▶ validation\n      ✔ should require shard.total when having shard option (5.3663ms)\n      ✔ should require shard.index when having shards option (5.0917ms)\n      ✔ should require shard.total to be greater than 0 when having shard option (4.8751ms)\n      ✔ should require shard.index to be greater than 0 when having shard option (4.4944ms)\n      ✔ should require shard.index to not be greater than the shards total when having shard option (4.2964ms)\n      ✔ should require watch mode to be disabled when having shard option (4.0631ms)\n    ✔ validation (230.5598ms)\n    ✔ should run only the tests files matching the shard index (1527.3208ms)\n    ✔ different shards should not run the same file (1668.9623ms)\n    ✔ combination of all shards should be all the tests (1762.2339ms)\n  ✔ sharding (1847.1672ms)\n  ▶ validation\n    ✔ should only allow array in options.files (456.1029ms)\n    ✔ should only allow array in options.globPatterns (452.8715ms)\n    ✔ should not allow files and globPatterns used together (451.8162ms)\n    ✔ should only allow a string in options.cwd (450.0649ms)\n    ✔ should only allow object as options (449.7695ms)\n    ✔ should pass instance of stream to setup (1151.3801ms)\n  ✔ validation (1245.1307ms)\n  ✔ should avoid running recursively (821.0312ms)\n  ✔ should run with different cwd (993.7799ms)\n  ✔ should handle a non-existent directory being provided as cwd (712.1051ms)\n  ✔ should handle a non-existent file being provided as cwd (709.8706ms)\n  ✔ should run with different cwd while in watch mode (687.8535ms)\n  ✖ should run with different cwd while in watch mode and isolation \"none\" (684.4222ms)\n    AssertionError [ERR_ASSERTION]: function should not have been called at file:///d:/workspace/node-test-binary-windows-js-suites/node/test/parallel/test-runner-run.mjs:621\n    called with arguments: [Object: null prototype] {\n      name: '<anonymous>',\n      nesting: 0,\n      testNumber: 2,\n      details: [Object: null prototype] {\n        duration_ms: 0.0774,\n        error: DOMException [AbortError]: This operation was aborted\n            at new DOMException (node:internal/per_context/domexception:53:5)\n            at AbortController.abort (node:internal/abort_controller:433:18)\n            at TestsStream.<anonymous> (file:///d:/workspace/node-test-binary-windows-js-suites/node/test/parallel/test-runner-run.mjs:617:20)\n            at TestsStream.emit (node:events:507:28)\n            at addChunk (node:internal/streams/readable:561:12)\n            at readableAddChunkPushObjectMode (node:internal/streams/readable:538:3)\n            at Readable.push (node:internal/streams/readable:393:5)\n            at #tryPush (node:internal/test_runner/tests_stream:158:28)\n            at [kEmitMessage] (node:internal/test_runner/tests_stream:153:18)\n            at node:internal/test_runner/runner:421:45 {\n          failureType: 'testAborted'\n        }\n      },\n      line: 1,\n      column: 1,\n      file: 'd:\\\\workspace\\\\node-test-binary-windows-js-suites\\\\node\\\\<anonymous>'\n    }\n        at TestsStream.mustNotCall (d:\\workspace\\node-test-binary-windows-js-suites\\node\\test\\common\\index.js:559:12)\n        at TestsStream.emit (node:events:507:28)\n        at [kEmitMessage] (node:internal/test_runner/tests_stream:150:10)\n        at TestsStream.fail (node:internal/test_runner/tests_stream:38:23)\n        at FileTest.report (node:internal/test_runner/test:1163:21)\n        at FileTest.report (node:internal/test_runner/runner:257:13)\n        at FileTest.finalize (node:internal/test_runner/test:1113:10)\n        at Test.processReadySubtestRange (node:internal/test_runner/test:663:15)\n        at FileTest.postRun (node:internal/test_runner/test:1025:19)\n        at FileTest.run (node:internal/test_runner/test:876:12) {\n      generatedMessage: false,\n      code: 'ERR_ASSERTION',\n      actual: undefined,\n      expected: undefined,\n      operator: 'fail'\n    }\n\n  ✖ should run with different cwd while in watch mode and isolation \"process\" (681.2228ms)\n    AssertionError [ERR_ASSERTION]: function should not have been called at file:///d:/workspace/node-test-binary-windows-js-suites/node/test/parallel/test-runner-run.mjs:638\n    called with arguments: [Object: null prototype] {\n      name: 'test.cjs',\n      nesting: 0,\n      testNumber: 2,\n      details: [Object: null prototype] {\n        duration_ms: 0.0436,\n        error: DOMException [AbortError]: This operation was aborted\n            at new DOMException (node:internal/per_context/domexception:53:5)\n            at AbortController.abort (node:internal/abort_controller:433:18)\n            at TestsStream.<anonymous> (file:///d:/workspace/node-test-binary-windows-js-suites/node/test/parallel/test-runner-run.mjs:634:20)\n            at TestsStream.emit (node:events:507:28)\n            at addChunk (node:internal/streams/readable:561:12)\n            at readableAddChunkPushObjectMode (node:internal/streams/readable:538:3)\n            at Readable.push (node:internal/streams/readable:393:5)\n            at #tryPush (node:internal/test_runner/tests_stream:158:28)\n            at [kEmitMessage] (node:internal/test_runner/tests_stream:153:18)\n            at node:internal/test_runner/runner:421:45 {\n          failureType: 'testAborted'\n        }\n      },\n      line: 1,\n      column: 1,\n      file: 'd:\\\\workspace\\\\node-test-binary-windows-js-suites\\\\node\\\\test.cjs'\n    }\n        at TestsStream.mustNotCall (d:\\workspace\\node-test-binary-windows-js-suites\\node\\test\\common\\index.js:559:12)\n        at TestsStream.emit (node:events:507:28)\n        at [kEmitMessage] (node:internal/test_runner/tests_stream:150:10)\n        at TestsStream.fail (node:internal/test_runner/tests_stream:38:23)\n        at FileTest.report (node:internal/test_runner/test:1163:21)\n        at FileTest.report (node:internal/test_runner/runner:257:13)\n        at FileTest.finalize (node:internal/test_runner/test:1113:10)\n        at Test.processReadySubtestRange (node:internal/test_runner/test:663:15)\n        at FileTest.postRun (node:internal/test_runner/test:1025:19)\n        at FileTest.run (node:internal/test_runner/test:876:12) {\n      generatedMessage: false,\n      code: 'ERR_ASSERTION',\n      actual: undefined,\n      expected: undefined,\n      operator: 'fail'\n    }\n\n✖ require('node:test').run (2041.7772ms)\n▶ forceExit\n  ✔ throws for non-boolean values (0.6552ms)\n  ✔ throws if enabled with watch mode (0.3106ms)\n✔ forceExit (1.2309ms)\nℹ tests 43\nℹ suites 7\nℹ pass 41\nℹ fail 2\nℹ cancelled 0\nℹ skipped 0\nℹ todo 0\nℹ duration_ms 2056.8713\n\n✖ failing tests:\n\ntest at test\\parallel\\test-runner-run.mjs:608:3\n✖ should run with different cwd while in watch mode and isolation \"none\" (684.4222ms)\n  AssertionError [ERR_ASSERTION]: function should not have been called at file:///d:/workspace/node-test-binary-windows-js-suites/node/test/parallel/test-runner-run.mjs:621\n  called with arguments: [Object: null prototype] {\n    name: '<anonymous>',\n    nesting: 0,\n    testNumber: 2,\n    details: [Object: null prototype] {\n      duration_ms: 0.0774,\n      error: DOMException [AbortError]: This operation was aborted\n          at new DOMException (node:internal/per_context/domexception:53:5)\n          at AbortController.abort (node:internal/abort_controller:433:18)\n          at TestsStream.<anonymous> (file:///d:/workspace/node-test-binary-windows-js-suites/node/test/parallel/test-runner-run.mjs:617:20)\n          at TestsStream.emit (node:events:507:28)\n          at addChunk (node:internal/streams/readable:561:12)\n          at readableAddChunkPushObjectMode (node:internal/streams/readable:538:3)\n          at Readable.push (node:internal/streams/readable:393:5)\n          at #tryPush (node:internal/test_runner/tests_stream:158:28)\n          at [kEmitMessage] (node:internal/test_runner/tests_stream:153:18)\n          at node:internal/test_runner/runner:421:45 {\n        failureType: 'testAborted'\n      }\n    },\n    line: 1,\n    column: 1,\n    file: 'd:\\\\workspace\\\\node-test-binary-windows-js-suites\\\\node\\\\<anonymous>'\n  }\n      at TestsStream.mustNotCall (d:\\workspace\\node-test-binary-windows-js-suites\\node\\test\\common\\index.js:559:12)\n      at TestsStream.emit (node:events:507:28)\n      at [kEmitMessage] (node:internal/test_runner/tests_stream:150:10)\n      at TestsStream.fail (node:internal/test_runner/tests_stream:38:23)\n      at FileTest.report (node:internal/test_runner/test:1163:21)\n      at FileTest.report (node:internal/test_runner/runner:257:13)\n      at FileTest.finalize (node:internal/test_runner/test:1113:10)\n      at Test.processReadySubtestRange (node:internal/test_runner/test:663:15)\n      at FileTest.postRun (node:internal/test_runner/test:1025:19)\n      at FileTest.run (node:internal/test_runner/test:876:12) {\n    generatedMessage: false,\n    code: 'ERR_ASSERTION',\n    actual: undefined,\n    expected: undefined,\n    operator: 'fail'\n  }\n\ntest at test\\parallel\\test-runner-run.mjs:625:3\n✖ should run with different cwd while in watch mode and isolation \"process\" (681.2228ms)\n  AssertionError [ERR_ASSERTION]: function should not have been called at file:///d:/workspace/node-test-binary-windows-js-suites/node/test/parallel/test-runner-run.mjs:638\n  called with arguments: [Object: null prototype] {\n    name: 'test.cjs',\n    nesting: 0,\n    testNumber: 2,\n    details: [Object: null prototype] {\n      duration_ms: 0.0436,\n      error: DOMException [AbortError]: This operation was aborted\n          at new DOMException (node:internal/per_context/domexception:53:5)\n          at AbortController.abort (node:internal/abort_controller:433:18)\n          at TestsStream.<anonymous> (file:///d:/workspace/node-test-binary-windows-js-suites/node/test/parallel/test-runner-run.mjs:634:20)\n          at TestsStream.emit (node:events:507:28)\n          at addChunk (node:internal/streams/readable:561:12)\n          at readableAddChunkPushObjectMode (node:internal/streams/readable:538:3)\n          at Readable.push (node:internal/streams/readable:393:5)\n          at #tryPush (node:internal/test_runner/tests_stream:158:28)\n          at [kEmitMessage] (node:internal/test_runner/tests_stream:153:18)\n          at node:internal/test_runner/runner:421:45 {\n        failureType: 'testAborted'\n      }\n    },\n    line: 1,\n    column: 1,\n    file: 'd:\\\\workspace\\\\node-test-binary-windows-js-suites\\\\node\\\\test.cjs'\n  }\n      at TestsStream.mustNotCall (d:\\workspace\\node-test-binary-windows-js-suites\\node\\test\\common\\index.js:559:12)\n      at TestsStream.emit (node:events:507:28)\n      at [kEmitMessage] (node:internal/test_runner/tests_stream:150:10)\n      at TestsStream.fail (node:internal/test_runner/tests_stream:38:23)\n      at FileTest.report (node:internal/test_runner/test:1163:21)\n      at FileTest.report (node:internal/test_runner/runner:257:13)\n      at FileTest.finalize (node:internal/test_runner/test:1113:10)\n      at Test.processReadySubtestRange (node:internal/test_runner/test:663:15)\n      at FileTest.postRun (node:internal/test_runner/test:1025:19)\n      at FileTest.run (node:internal/test_runner/test:876:12) {\n    generatedMessage: false,\n    code: 'ERR_ASSERTION',\n    actual: undefined,\n    expected: undefined,\n    operator: 'fail'\n  }\n(node:11304) MaxListenersExceededWarning: Possible EventEmitter memory leak detected. 11 uncaughtException listeners added to [process]. MaxListeners is 10. Use emitter.setMaxListeners() to increase limit\n(Use `node --trace-warnings ...` to show where the warning was created)\n(node:11304) MaxListenersExceededWarning: Possible EventEmitter memory leak detected. 11 unhandledRejection listeners added to [process]. MaxListeners is 10. Use emitter.setMaxListeners() to increase limit\n(node:11304) MaxListenersExceededWarning: Possible EventEmitter memory leak detected. 11 beforeExit listeners added to [process]. MaxListeners is 10. Use emitter.setMaxListeners() to increase limit"},"time":2740.996,"fullname":"parallel/test-runner-run","closingTestPoint":false}},{"testName":"parallel/test-runner-run","timestamp":1727192317620,"status":"REGRESSION","jobName":"node-test-binary-windows-js-suites","config":"node-test-binary-windows-js-suites » 1,win11-COMPILED_BY-vs2022 #30507","buildUrl":"https://ci.nodejs.org/job/node-test-binary-windows-js-suites/RUN_SUBSET=1,nodes=win11-COMPILED_BY-vs2022/30507/","buildNumber":30507,"builtOn":"test-azure_msft-win11_vs2022-x64-2","nodeVersion":"23.0.0","commitHash":"2f4389c8887e5c7c34e7abac46b0b9b55fb1bd86","callStack":[{"upstreamBuild":66197,"upstreamProject":"node-test-commit-windows-fanned","upstreamUrl":"job/node-test-commit-windows-fanned/"},{"upstreamBuild":74773,"upstreamProject":"node-test-commit","upstreamUrl":"job/node-test-commit/"},{"upstreamBuild":62731,"upstreamProject":"node-test-pull-request","upstreamUrl":"job/node-test-pull-request/"},{"prId":"54705"}],"tap":{"ok":false,"name":"parallel/test-runner-run","id":1001,"buffered":false,"tapError":null,"skip":false,"todo":false,"previous":null,"plan":null,"diag":{"severity":"fail","exitcode":1,"stack":"timeout\n▶ require('node:test').run\n  ✔ should run with no tests (612.6579ms)\n  ✔ should fail with non existing file (638.2297ms)\n  ✔ should succeed with a file (696.8342ms)\n  ✔ should run same file twice (1388.7271ms)\n  ✔ should run a failed test (709.0253ms)\n  ✔ should support timeout (702.2223ms)\n  ✔ should be piped with dot (886.9677ms)\n  ▶ should be piped with spec reporter\n    ✔ new spec (737.3066ms)\n    ✔ spec() (923.9922ms)\n    ✔ spec (780.0652ms)\n  ✔ should be piped with spec reporter (1049.8427ms)\n  ✔ should be piped with tap (695.2674ms)\n  ✔ should skip tests not matching testNamePatterns - RegExp (700.4304ms)\n  ✔ should skip tests not matching testNamePatterns - string (693.7211ms)\n  ✔ should pass only to children (696.552ms)\n  ✔ should emit \"test:watch:drained\" event on watch mode (588.7485ms)\n  ▶ AbortSignal\n    ✔ should accept a signal (394.6829ms)\n    ✔ should stop watch mode when abortSignal aborts (967.2646ms)\n    ✔ should abort when test succeeded (1052.3353ms)\n    ✔ should abort when test failed (1076.0184ms)\n  ✔ AbortSignal (1173.094ms)\n  ▶ sharding\n    ▶ validation\n      ✔ should require shard.total when having shard option (3.3362ms)\n      ✔ should require shard.index when having shards option (3.135ms)\n      ✔ should require shard.total to be greater than 0 when having shard option (2.983ms)\n      ✔ should require shard.index to be greater than 0 when having shard option (2.8096ms)\n      ✔ should require shard.index to not be greater than the shards total when having shard option (2.6619ms)\n      ✔ should require watch mode to be disabled when having shard option (2.5187ms)\n    ✔ validation (175.2382ms)\n    ✔ should run only the tests files matching the shard index (1330.748ms)\n    ✔ different shards should not run the same file (1312.6304ms)\n    ✔ combination of all shards should be all the tests (1324.7871ms)\n  ✔ sharding (1428.3442ms)\n  ▶ validation\n    ✔ should only allow array in options.files (364.0639ms)\n    ✔ should only allow array in options.globPatterns (362.3184ms)\n    ✔ should not allow files and globPatterns used together (361.6688ms)\n    ✔ should only allow a string in options.cwd (361.1897ms)\n    ✔ should only allow object as options (360.9086ms)\n    ✔ should pass instance of stream to setup (927.6217ms)\n  ✔ validation (1031.3862ms)\n  ✔ should avoid running recursively (953.2948ms)\n  ✔ should run with different cwd (999.2894ms)\n  ✔ should handle a non-existent directory being provided as cwd (591.3797ms)\n  ✔ should handle a non-existent file being provided as cwd (589.9773ms)\n  ✖ should run with different cwd while in watch mode (576.6886ms)\n    Error: kill EPERM\n        at ChildProcess.kill (node:internal/child_process:511:26)\n        at abortChildProcess (node:child_process:723:15)\n        at AbortSignal.onAbortListener (node:child_process:794:7)\n        at [nodejs.internal.kHybridDispatch] (node:internal/event_target:816:20)\n        at AbortSignal.dispatchEvent (node:internal/event_target:751:26)\n        at runAbort (node:internal/abort_controller:416:10)\n        at abortSignal (node:internal/abort_controller:402:3)\n        at AbortController.abort (node:internal/abort_controller:434:5)\n        at FileTest.run (node:internal/test_runner/test:957:30)\n        at processTicksAndRejections (node:internal/process/task_queues:105:5) {\n      errno: -4048,\n      code: 'EPERM',\n      syscall: 'kill'\n    }\n\n  ✖ should run with different cwd while in watch mode and isolation \"none\" (574.3088ms)\n    AssertionError [ERR_ASSERTION]: function should not have been called at file:///c:/workspace/node-test-binary-windows-js-suites/node/test/parallel/test-runner-run.mjs:621\n    called with arguments: [Object: null prototype] {\n      name: '<anonymous>',\n      nesting: 0,\n      testNumber: 2,\n      details: [Object: null prototype] {\n        duration_ms: 0.0493,\n        error: DOMException [AbortError]: This operation was aborted\n            at new DOMException (node:internal/per_context/domexception:53:5)\n            at AbortController.abort (node:internal/abort_controller:433:18)\n            at TestsStream.<anonymous> (file:///c:/workspace/node-test-binary-windows-js-suites/node/test/parallel/test-runner-run.mjs:617:20)\n            at TestsStream.emit (node:events:507:28)\n            at addChunk (node:internal/streams/readable:561:12)\n            at readableAddChunkPushObjectMode (node:internal/streams/readable:538:3)\n            at Readable.push (node:internal/streams/readable:393:5)\n            at #tryPush (node:internal/test_runner/tests_stream:158:28)\n            at [kEmitMessage] (node:internal/test_runner/tests_stream:153:18)\n            at node:internal/test_runner/runner:421:45 {\n          failureType: 'testAborted'\n        }\n      },\n      line: 1,\n      column: 1,\n      file: 'c:\\\\workspace\\\\node-test-binary-windows-js-suites\\\\node\\\\<anonymous>'\n    }\n        at TestsStream.mustNotCall (c:\\workspace\\node-test-binary-windows-js-suites\\node\\test\\common\\index.js:559:12)\n        at TestsStream.emit (node:events:507:28)\n        at [kEmitMessage] (node:internal/test_runner/tests_stream:150:10)\n        at TestsStream.fail (node:internal/test_runner/tests_stream:38:23)\n        at FileTest.report (node:internal/test_runner/test:1163:21)\n        at FileTest.report (node:internal/test_runner/runner:257:13)\n        at FileTest.finalize (node:internal/test_runner/test:1113:10)\n        at Test.processReadySubtestRange (node:internal/test_runner/test:663:15)\n        at FileTest.postRun (node:internal/test_runner/test:1025:19)\n        at FileTest.run (node:internal/test_runner/test:876:12) {\n      generatedMessage: false,\n      code: 'ERR_ASSERTION',\n      actual: undefined,\n      expected: undefined,\n      operator: 'fail'\n    }\n\n  ✖ should run with different cwd while in watch mode and isolation \"process\" (571.881ms)\n    AssertionError [ERR_ASSERTION]: function should not have been called at file:///c:/workspace/node-test-binary-windows-js-suites/node/test/parallel/test-runner-run.mjs:638\n    called with arguments: [Object: null prototype] {\n      name: 'test.cjs',\n      nesting: 0,\n      testNumber: 2,\n      details: [Object: null prototype] {\n        duration_ms: 0.0312,\n        error: DOMException [AbortError]: This operation was aborted\n            at new DOMException (node:internal/per_context/domexception:53:5)\n            at AbortController.abort (node:internal/abort_controller:433:18)\n            at TestsStream.<anonymous> (file:///c:/workspace/node-test-binary-windows-js-suites/node/test/parallel/test-runner-run.mjs:634:20)\n            at TestsStream.emit (node:events:507:28)\n            at addChunk (node:internal/streams/readable:561:12)\n            at readableAddChunkPushObjectMode (node:internal/streams/readable:538:3)\n            at Readable.push (node:internal/streams/readable:393:5)\n            at #tryPush (node:internal/test_runner/tests_stream:158:28)\n            at [kEmitMessage] (node:internal/test_runner/tests_stream:153:18)\n            at node:internal/test_runner/runner:421:45 {\n          failureType: 'testAborted'\n        }\n      },\n      line: 1,\n      column: 1,\n      file: 'c:\\\\workspace\\\\node-test-binary-windows-js-suites\\\\node\\\\test.cjs'\n    }\n        at TestsStream.mustNotCall (c:\\workspace\\node-test-binary-windows-js-suites\\node\\test\\common\\index.js:559:12)\n        at TestsStream.emit (node:events:507:28)\n        at [kEmitMessage] (node:internal/test_runner/tests_stream:150:10)\n        at TestsStream.fail (node:internal/test_runner/tests_stream:38:23)\n        at FileTest.report (node:internal/test_runner/test:1163:21)\n        at FileTest.report (node:internal/test_runner/runner:257:13)\n        at FileTest.finalize (node:internal/test_runner/test:1113:10)\n        at Test.processReadySubtestRange (node:internal/test_runner/test:663:15)\n        at FileTest.postRun (node:internal/test_runner/test:1025:19)\n        at FileTest.run (node:internal/test_runner/test:876:12) {\n      generatedMessage: false,\n      code: 'ERR_ASSERTION',\n      actual: undefined,\n      expected: undefined,\n      operator: 'fail'\n    }\n\n✖ require('node:test').run (1572.1863ms)\n▶ forceExit\n  ✔ throws for non-boolean values (0.5385ms)\n  ✔ throws if enabled with watch mode (0.2396ms)\n✔ forceExit (0.9977ms)\n(node:6788) MaxListenersExceededWarning: Possible EventEmitter memory leak detected. 11 uncaughtException listeners added to [process]. MaxListeners is 10. Use emitter.setMaxListeners() to increase limit\n(Use `node --trace-warnings ...` to show where the warning was created)\n(node:6788) MaxListenersExceededWarning: Possible EventEmitter memory leak detected. 11 unhandledRejection listeners added to [process]. MaxListeners is 10. Use emitter.setMaxListeners() to increase limit\n(node:6788) MaxListenersExceededWarning: Possible EventEmitter memory leak detected. 11 beforeExit listeners added to [process]. MaxListeners is 10. Use emitter.setMaxListeners() to increase limit"},"time":120263.126,"fullname":"parallel/test-runner-run","closingTestPoint":false}},{"testName":"parallel/test-runner-run","timestamp":1727192317620,"status":"REGRESSION","jobName":"node-test-binary-windows-js-suites","config":"node-test-binary-windows-js-suites » 1,win10-COMPILED_BY-vs2022 #30507","buildUrl":"https://ci.nodejs.org/job/node-test-binary-windows-js-suites/RUN_SUBSET=1,nodes=win10-COMPILED_BY-vs2022/30507/","buildNumber":30507,"builtOn":"test-azure_msft-win10_vs2019-x64-1","nodeVersion":"23.0.0","commitHash":"2f4389c8887e5c7c34e7abac46b0b9b55fb1bd86","callStack":[{"upstreamBuild":66197,"upstreamProject":"node-test-commit-windows-fanned","upstreamUrl":"job/node-test-commit-windows-fanned/"},{"upstreamBuild":74773,"upstreamProject":"node-test-commit","upstreamUrl":"job/node-test-commit/"},{"upstreamBuild":62731,"upstreamProject":"node-test-pull-request","upstreamUrl":"job/node-test-pull-request/"},{"prId":"54705"}],"tap":{"ok":false,"name":"parallel/test-runner-run","id":1000,"buffered":false,"tapError":null,"skip":false,"todo":false,"previous":null,"plan":null,"diag":{"severity":"fail","exitcode":1,"stack":"timeout\n▶ require('node:test').run\n  ✔ should run with no tests (763.5665ms)\n  ✔ should fail with non existing file (907.2799ms)\n  ✔ should succeed with a file (907.8303ms)\n  ✔ should run same file twice (1876.9504ms)\n  ✔ should run a failed test (1022.8886ms)\n  ✔ should support timeout (1015.1551ms)\n  ✔ should be piped with dot (1088.453ms)\n  ▶ should be piped with spec reporter\n    ✔ new spec (962.9235ms)\n    ✔ spec() (1392.2357ms)\n    ✔ spec (1023.677ms)\n  ✔ should be piped with spec reporter (1511.8156ms)\n  ✔ should be piped with tap (1020.0998ms)\n  ✔ should skip tests not matching testNamePatterns - RegExp (1005.3011ms)\n  ✔ should skip tests not matching testNamePatterns - string (1030.1151ms)\n  ✔ should pass only to children (1017.7455ms)\n  ✔ should emit \"test:watch:drained\" event on watch mode (726.9837ms)\n  ▶ AbortSignal\n    ✔ should accept a signal (645.5593ms)\n    ✔ should stop watch mode when abortSignal aborts (963.318ms)\n    ✔ should abort when test succeeded (1018.9059ms)\n    ✔ should abort when test failed (1175.6431ms)\n  ✔ AbortSignal (1257.017ms)\n  ▶ sharding\n    ▶ validation\n      ✔ should require shard.total when having shard option (4.7142ms)\n      ✔ should require shard.index when having shards option (4.3653ms)\n      ✔ should require shard.total to be greater than 0 when having shard option (4.17ms)\n      ✔ should require shard.index to be greater than 0 when having shard option (3.9521ms)\n      ✔ should require shard.index to not be greater than the shards total when having shard option (3.6351ms)\n      ✔ should require watch mode to be disabled when having shard option (3.4258ms)\n    ✔ validation (387.024ms)\n    ✔ should run only the tests files matching the shard index (1848.9725ms)\n    ✔ different shards should not run the same file (1932.0775ms)\n    ✔ combination of all shards should be all the tests (1928.9813ms)\n  ✔ sharding (2014.7312ms)\n  ▶ validation\n    ✔ should only allow array in options.files (495.9322ms)\n    ✔ should only allow array in options.globPatterns (493.4709ms)\n    ✔ should not allow files and globPatterns used together (492.6107ms)\n    ✔ should only allow a string in options.cwd (491.9912ms)\n    ✔ should only allow object as options (491.4573ms)\n    ✔ should pass instance of stream to setup (1556.3091ms)\n  ✔ validation (1647.4656ms)\n  ✔ should avoid running recursively (1181.1008ms)\n  ✔ should run with different cwd (1183.7809ms)\n  ✔ should handle a non-existent directory being provided as cwd (731.5442ms)\n  ✔ should handle a non-existent file being provided as cwd (729.4471ms)\n  ✔ should run with different cwd while in watch mode (708.3588ms)\n  ✖ should run with different cwd while in watch mode and isolation \"none\" (704.2238ms)\n    Error: kill EPERM\n        at ChildProcess.kill (node:internal/child_process:511:26)\n        at abortChildProcess (node:child_process:723:15)\n        at AbortSignal.onAbortListener (node:child_process:794:7)\n        at [nodejs.internal.kHybridDispatch] (node:internal/event_target:816:20)\n        at AbortSignal.dispatchEvent (node:internal/event_target:751:26)\n        at runAbort (node:internal/abort_controller:416:10)\n        at abortSignal (node:internal/abort_controller:402:3)\n        at AbortController.abort (node:internal/abort_controller:434:5)\n        at FileTest.run (node:internal/test_runner/test:957:30)\n        at process.processTicksAndRejections (node:internal/process/task_queues:105:5) {\n      errno: -4048,\n      code: 'EPERM',\n      syscall: 'kill'\n    }\n\n  ✔ should run with different cwd while in watch mode and isolation \"process\" (700.1961ms)\n✖ require('node:test').run (2182.6417ms)\n▶ forceExit\n  ✔ throws for non-boolean values (1.0476ms)\n  ✔ throws if enabled with watch mode (0.3517ms)\n✔ forceExit (1.8247ms)\n(node:5504) MaxListenersExceededWarning: Possible EventEmitter memory leak detected. 11 uncaughtException listeners added to [process]. MaxListeners is 10. Use emitter.setMaxListeners() to increase limit\n(Use `node --trace-warnings ...` to show where the warning was created)\n(node:5504) MaxListenersExceededWarning: Possible EventEmitter memory leak detected. 11 unhandledRejection listeners added to [process]. MaxListeners is 10. Use emitter.setMaxListeners() to increase limit\n(node:5504) MaxListenersExceededWarning: Possible EventEmitter memory leak detected. 11 beforeExit listeners added to [process]. MaxListeners is 10. Use emitter.setMaxListeners() to increase limit"},"time":120261.651,"fullname":"parallel/test-runner-run","closingTestPoint":false}}]}