{"failedTests":[{"testName":"parallel/test-runner-watch-mode","timestamp":1727385899672,"status":"FAILED","jobName":"node-test-binary-windows-js-suites","config":"node-test-binary-windows-js-suites » 3,win2019-COMPILED_BY-vs2022 #30553","buildUrl":"https://ci.nodejs.org/job/node-test-binary-windows-js-suites/RUN_SUBSET=3,nodes=win2019-COMPILED_BY-vs2022/30553/","buildNumber":30553,"builtOn":"test-rackspace-win2019_vs2019-x64-2","nodeVersion":"23.0.0","commitHash":"644043c01f530810a7a11e185f63a38dff945f03","callStack":[{"upstreamBuild":66246,"upstreamProject":"node-test-commit-windows-fanned","upstreamUrl":"job/node-test-commit-windows-fanned/"},{"upstreamBuild":74838,"upstreamProject":"node-test-commit","upstreamUrl":"job/node-test-commit/"},{"upstreamBuild":62790,"upstreamProject":"node-test-pull-request","upstreamUrl":"job/node-test-pull-request/"},{"prId":"55121"}],"tap":{"ok":false,"name":"parallel/test-runner-watch-mode","id":967,"buffered":false,"tapError":null,"skip":false,"todo":": Fix flaky test","previous":null,"plan":null,"diag":{"severity":"flaky","exitcode":1,"stack":"▶ test runner watch mode\n  ▶ isolation: none\n    ✔ should run tests repeatedly (1761.8695ms)\n    ✔ should run tests with dependency repeatedly (1767.2724ms)\n    ✔ should run tests with ESM dependency (1813.5814ms)\n    ✔ should support running tests without a file (1733.4734ms)\n    ✔ should support a watched test file rename (1880.6094ms)\n    ✔ should not throw when delete a watched test file (2441.407ms)\n    ✖ should run new tests when a new file is created in the watched directory (1738.4772ms) # This test is failing when isolation is set to none and must be fixed\n      AssertionError [ERR_ASSERTION]: The input did not match the regular expression /tests 1/. Input:\n      \n      '✔ new-test-file.test.js (2.1764ms)\\n' +\n        '✔ test has ran (0.2642ms)\\n' +\n        'ℹ tests 2\\n' +\n        'ℹ suites 0\\n' +\n        'ℹ pass 2\\n' +\n        'ℹ fail 0\\n' +\n        'ℹ cancelled 0\\n' +\n        'ℹ skipped 0\\n' +\n        'ℹ todo 0\\n' +\n        'ℹ duration_ms 219.8694\\n'\n      \n          at testCreate (file:///C:/workspace/node-test-binary-windows-js-suites/node/test/parallel/test-runner-watch-mode.mjs:156:14)\n          at process.processTicksAndRejections (node:internal/process/task_queues:105:5)\n          at async testWatch (file:///C:/workspace/node-test-binary-windows-js-suites/node/test/parallel/test-runner-watch-mode.mjs:166:26)\n          at async TestContext.<anonymous> (file:///C:/workspace/node-test-binary-windows-js-suites/node/test/parallel/test-runner-watch-mode.mjs:202:9)\n          at async Test.run (node:internal/test_runner/test:931:9)\n          at async Suite.processPendingSubtests (node:internal/test_runner/test:629:7) {\n        generatedMessage: true,\n        code: 'ERR_ASSERTION',\n        actual: '✔ new-test-file.test.js (2.1764ms)\\n✔ test has ran (0.2642ms)\\nℹ tests 2\\nℹ suites 0\\nℹ pass 2\\nℹ fail 0\\nℹ cancelled 0\\nℹ skipped 0\\nℹ todo 0\\nℹ duration_ms 219.8694\\n...',\n        expected: /tests 1/,\n        operator: 'match'\n      }\n\n  ✔ isolation: none (13144.5763ms)\n  ▶ isolation: process\n    ✔ should run tests repeatedly (1661.7142ms)\n    ✖ should run tests with dependency repeatedly (3415.2346ms)\n      AssertionError [ERR_ASSERTION]: The input did not match the regular expression /tests 1/. Input:\n      \n      '✖ C:\\\\workspace\\\\node-test-binary-windows-js-suites\\\\node\\\\test\\\\.tmp.690\\\\test.js (1083.8281ms)\\n' +\n        \"  'test failed'\\n\" +\n        '\\n' +\n        '✔ test has ran (2.0758ms)\\n' +\n        'ℹ tests 2\\n' +\n        'ℹ suites 0\\n' +\n        'ℹ pass 1\\n' +\n        'ℹ fail 1\\n' +\n        'ℹ cancelled 0\\n' +\n        'ℹ skipped 0\\n' +\n        'ℹ todo 0\\n' +\n        'ℹ duration_ms 189.7343\\n'\n      \n          at testUpdate (file:///C:/workspace/node-test-binary-windows-js-suites/node/test/parallel/test-runner-watch-mode.mjs:82:14)\n          at process.processTicksAndRejections (node:internal/process/task_queues:105:5)\n          at async testWatch (file:///C:/workspace/node-test-binary-windows-js-suites/node/test/parallel/test-runner-watch-mode.mjs:163:26)\n          at async TestContext.<anonymous> (file:///C:/workspace/node-test-binary-windows-js-suites/node/test/parallel/test-runner-watch-mode.mjs:178:9)\n          at async Test.run (node:internal/test_runner/test:931:9)\n          at async Suite.processPendingSubtests (node:internal/test_runner/test:629:7) {\n        generatedMessage: true,\n        code: 'ERR_ASSERTION',\n        actual: \"✖ C:\\\\workspace\\\\node-test-binary-windows-js-suites\\\\node\\\\test\\\\.tmp.690\\\\test.js (1083.8281ms)\\n  'test failed'\\n\\n✔ test has ran (2.0758ms)\\nℹ tests 2\\nℹ suites 0\\nℹ pass 1\\nℹ fail 1\\nℹ cancelled 0\\nℹ skipped 0\\n...\",\n        expected: /tests 1/,\n        operator: 'match'\n      }\n\n    ✔ should run tests with ESM dependency (1744.0483ms)\n    ✔ should support running tests without a file (1676.9916ms)\n    ✔ should support a watched test file rename (1657.1585ms)\n    ✔ should not throw when delete a watched test file (2282.2784ms)\n    ✔ should run new tests when a new file is created in the watched directory (1642.6545ms)\n  ✖ isolation: process (14085.7015ms)\n✖ test runner watch mode (27232.5017ms)\nℹ tests 14\nℹ suites 3\nℹ pass 12\nℹ fail 1\nℹ cancelled 0\nℹ skipped 0\nℹ todo 1\nℹ duration_ms 27247.1031\n\n✖ failing tests:\n\ntest at test\\parallel\\test-runner-watch-mode.mjs:197:7\n✖ should run new tests when a new file is created in the watched directory (1738.4772ms) # This test is failing when isolation is set to none and must be fixed\n  AssertionError [ERR_ASSERTION]: The input did not match the regular expression /tests 1/. Input:\n  \n  '✔ new-test-file.test.js (2.1764ms)\\n' +\n    '✔ test has ran (0.2642ms)\\n' +\n    'ℹ tests 2\\n' +\n    'ℹ suites 0\\n' +\n    'ℹ pass 2\\n' +\n    'ℹ fail 0\\n' +\n    'ℹ cancelled 0\\n' +\n    'ℹ skipped 0\\n' +\n    'ℹ todo 0\\n' +\n    'ℹ duration_ms 219.8694\\n'\n  \n      at testCreate (file:///C:/workspace/node-test-binary-windows-js-suites/node/test/parallel/test-runner-watch-mode.mjs:156:14)\n      at process.processTicksAndRejections (node:internal/process/task_queues:105:5)\n      at async testWatch (file:///C:/workspace/node-test-binary-windows-js-suites/node/test/parallel/test-runner-watch-mode.mjs:166:26)\n      at async TestContext.<anonymous> (file:///C:/workspace/node-test-binary-windows-js-suites/node/test/parallel/test-runner-watch-mode.mjs:202:9)\n      at async Test.run (node:internal/test_runner/test:931:9)\n      at async Suite.processPendingSubtests (node:internal/test_runner/test:629:7) {\n    generatedMessage: true,\n    code: 'ERR_ASSERTION',\n    actual: '✔ new-test-file.test.js (2.1764ms)\\n✔ test has ran (0.2642ms)\\nℹ tests 2\\nℹ suites 0\\nℹ pass 2\\nℹ fail 0\\nℹ cancelled 0\\nℹ skipped 0\\nℹ todo 0\\nℹ duration_ms 219.8694\\n...',\n    expected: /tests 1/,\n    operator: 'match'\n  }\n\ntest at test\\parallel\\test-runner-watch-mode.mjs:177:7\n✖ should run tests with dependency repeatedly (3415.2346ms)\n  AssertionError [ERR_ASSERTION]: The input did not match the regular expression /tests 1/. Input:\n  \n  '✖ C:\\\\workspace\\\\node-test-binary-windows-js-suites\\\\node\\\\test\\\\.tmp.690\\\\test.js (1083.8281ms)\\n' +\n    \"  'test failed'\\n\" +\n    '\\n' +\n    '✔ test has ran (2.0758ms)\\n' +\n    'ℹ tests 2\\n' +\n    'ℹ suites 0\\n' +\n    'ℹ pass 1\\n' +\n    'ℹ fail 1\\n' +\n    'ℹ cancelled 0\\n' +\n    'ℹ skipped 0\\n' +\n    'ℹ todo 0\\n' +\n    'ℹ duration_ms 189.7343\\n'\n  \n      at testUpdate (file:///C:/workspace/node-test-binary-windows-js-suites/node/test/parallel/test-runner-watch-mode.mjs:82:14)\n      at process.processTicksAndRejections (node:internal/process/task_queues:105:5)\n      at async testWatch (file:///C:/workspace/node-test-binary-windows-js-suites/node/test/parallel/test-runner-watch-mode.mjs:163:26)\n      at async TestContext.<anonymous> (file:///C:/workspace/node-test-binary-windows-js-suites/node/test/parallel/test-runner-watch-mode.mjs:178:9)\n      at async Test.run (node:internal/test_runner/test:931:9)\n      at async Suite.processPendingSubtests (node:internal/test_runner/test:629:7) {\n    generatedMessage: true,\n    code: 'ERR_ASSERTION',\n    actual: \"✖ C:\\\\workspace\\\\node-test-binary-windows-js-suites\\\\node\\\\test\\\\.tmp.690\\\\test.js (1083.8281ms)\\n  'test failed'\\n\\n✔ test has ran (2.0758ms)\\nℹ tests 2\\nℹ suites 0\\nℹ pass 1\\nℹ fail 1\\nℹ cancelled 0\\nℹ skipped 0\\n...\",\n    expected: /tests 1/,\n    operator: 'match'\n  }"},"time":27644.147,"fullname":"parallel/test-runner-watch-mode","closingTestPoint":false}}]}