{"failedTests":[{"testName":"parallel/test-async-context-frame","timestamp":1727730981294,"status":"FAILED","jobName":"node-test-binary-windows-js-suites","config":"node-test-binary-windows-js-suites » 3,win2019-COMPILED_BY-vs2022 #30619","buildUrl":"https://ci.nodejs.org/job/node-test-binary-windows-js-suites/RUN_SUBSET=3,nodes=win2019-COMPILED_BY-vs2022/30619/","buildNumber":30619,"builtOn":"test-rackspace-win2019_vs2019-x64-3","nodeVersion":"23.0.0","commitHash":"519103225debfcfffe766e3be80779d1c081bc7b","callStack":[{"upstreamBuild":66313,"upstreamProject":"node-test-commit-windows-fanned","upstreamUrl":"job/node-test-commit-windows-fanned/"},{"upstreamBuild":74922,"upstreamProject":"node-test-commit","upstreamUrl":"job/node-test-commit/"},{"upstreamBuild":62862,"upstreamProject":"node-test-pull-request","upstreamUrl":"job/node-test-pull-request/"},{"prId":"54563"}],"tap":{"ok":false,"name":"parallel/test-async-context-frame","id":431,"buffered":false,"tapError":null,"skip":false,"todo":": Fix flaky test","previous":null,"plan":null,"diag":{"severity":"flaky","exitcode":1,"stack":"▶ AsyncContextFrame\n  ✔ async-hooks\\test-async-local-storage-args.js (1244.6913ms)\n  ✔ async-hooks\\test-async-local-storage-async-await.js (1554.7039ms)\n  ✔ async-hooks\\test-async-local-storage-async-functions.js (1811.705ms)\n  ✔ async-hooks\\test-async-local-storage-dgram.js (1356.4462ms)\n  ✔ async-hooks\\test-async-local-storage-enable-disable.js (1204.246ms)\n  ✔ async-hooks\\test-async-local-storage-enter-with.js (1375.4927ms)\n  ✔ async-hooks\\test-async-local-storage-errors.js (1353.7857ms)\n  ✖ async-hooks\\test-async-local-storage-gcable.js (1237.4657ms)\n    AssertionError [ERR_ASSERTION]: Test async-hooks\\test-async-local-storage-gcable.js failed with exit code 3221225477\n    \n    3221225477 !== 0\n    \n        at TestContext.<anonymous> (file:///C:/workspace/node-test-binary-windows-js-suites/node/test/parallel/test-async-context-frame.mjs:59:7)\n        at process.processTicksAndRejections (node:internal/process/task_queues:105:5)\n        at async Test.run (node:internal/test_runner/test:935:9)\n        at async Suite.processPendingSubtests (node:internal/test_runner/test:633:7) {\n      generatedMessage: false,\n      code: 'ERR_ASSERTION',\n      actual: 3221225477,\n      expected: 0,\n      operator: 'strictEqual'\n    }\n\n  ✔ async-hooks\\test-async-local-storage-http-agent.js (1304.1884ms)\n  ✔ async-hooks\\test-async-local-storage-http.js (1371.0191ms)\n  ✔ async-hooks\\test-async-local-storage-misc-stores.js (1133.6443ms)\n  ✔ async-hooks\\test-async-local-storage-nested.js (1149.9371ms)\n  ✔ async-hooks\\test-async-local-storage-no-mix-contexts.js (1613.7429ms)\n  ✔ async-hooks\\test-async-local-storage-promises.js (1089.5119ms)\n  ✔ async-hooks\\test-async-local-storage-socket.js (1126.7294ms)\n  ✔ async-hooks\\test-async-local-storage-thenable.js (1040.9338ms)\n  ✔ async-hooks\\test-async-local-storage-tlssocket.js (1175.366ms)\n  ✔ parallel\\test-async-local-storage-bind.js (1120.6928ms)\n  ✔ parallel\\test-async-local-storage-contexts.js (1069.4082ms)\n  ✔ parallel\\test-async-local-storage-deep-stack.js (1081.3006ms)\n  ✔ parallel\\test-async-local-storage-exit-does-not-leak.js (1084.6652ms)\n  ✔ parallel\\test-async-local-storage-http-multiclients.js (1380.055ms)\n  ✔ parallel\\test-async-local-storage-snapshot.js (1101.2848ms)\n✖ AsyncContextFrame (28997.6389ms)\nℹ tests 23\nℹ suites 1\nℹ pass 22\nℹ fail 1\nℹ cancelled 0\nℹ skipped 0\nℹ todo 0\nℹ duration_ms 29012.2458\n\n✖ failing tests:\n\ntest at test\\parallel\\test-async-context-frame.mjs:49:5\n✖ async-hooks\\test-async-local-storage-gcable.js (1237.4657ms)\n  AssertionError [ERR_ASSERTION]: Test async-hooks\\test-async-local-storage-gcable.js failed with exit code 3221225477\n  \n  3221225477 !== 0\n  \n      at TestContext.<anonymous> (file:///C:/workspace/node-test-binary-windows-js-suites/node/test/parallel/test-async-context-frame.mjs:59:7)\n      at process.processTicksAndRejections (node:internal/process/task_queues:105:5)\n      at async Test.run (node:internal/test_runner/test:935:9)\n      at async Suite.processPendingSubtests (node:internal/test_runner/test:633:7) {\n    generatedMessage: false,\n    code: 'ERR_ASSERTION',\n    actual: 3221225477,\n    expected: 0,\n    operator: 'strictEqual'\n  }"},"time":29419.253,"fullname":"parallel/test-async-context-frame","closingTestPoint":false}}]}