{"failedTests":[{"testName":"parallel/test-async-context-frame","timestamp":1727735235758,"status":"FAILED","jobName":"node-test-binary-windows-js-suites","config":"node-test-binary-windows-js-suites » 2,win2019-COMPILED_BY-vs2022 #30620","buildUrl":"https://ci.nodejs.org/job/node-test-binary-windows-js-suites/RUN_SUBSET=2,nodes=win2019-COMPILED_BY-vs2022/30620/","buildNumber":30620,"builtOn":"test-rackspace-win2019_vs2019-x64-4","nodeVersion":"23.0.0","commitHash":"1f24267ec8df107aa5ff8bbee8a5813d1aa313d6","callStack":[{"upstreamBuild":66316,"upstreamProject":"node-test-commit-windows-fanned","upstreamUrl":"job/node-test-commit-windows-fanned/"}],"tap":{"ok":false,"name":"parallel/test-async-context-frame","id":440,"buffered":false,"tapError":null,"skip":false,"todo":": Fix flaky test","previous":null,"plan":null,"diag":{"severity":"flaky","exitcode":1,"stack":"▶ AsyncContextFrame\n  ✔ async-hooks\\test-async-local-storage-args.js (1845.5983ms)\n  ✔ async-hooks\\test-async-local-storage-async-await.js (1782.0195ms)\n  ✔ async-hooks\\test-async-local-storage-async-functions.js (1807.8959ms)\n  ✔ async-hooks\\test-async-local-storage-dgram.js (1751.0499ms)\n  ✖ async-hooks\\test-async-local-storage-enable-disable.js (1389.2346ms)\n    AssertionError [ERR_ASSERTION]: Test async-hooks\\test-async-local-storage-enable-disable.js failed with exit code 3221225477\n    \n    3221225477 !== 0\n    \n        at TestContext.<anonymous> (file:///C:/workspace/node-test-binary-windows-js-suites/node/test/parallel/test-async-context-frame.mjs:59:7)\n        at process.processTicksAndRejections (node:internal/process/task_queues:105:5)\n        at async Test.run (node:internal/test_runner/test:935:9)\n        at async Suite.processPendingSubtests (node:internal/test_runner/test:633:7) {\n      generatedMessage: false,\n      code: 'ERR_ASSERTION',\n      actual: 3221225477,\n      expected: 0,\n      operator: 'strictEqual'\n    }\n\n  ✔ async-hooks\\test-async-local-storage-enter-with.js (1519.5782ms)\n  ✔ async-hooks\\test-async-local-storage-errors.js (1531.0653ms)\n  ✔ async-hooks\\test-async-local-storage-gcable.js (1563.3193ms)\n  ✔ async-hooks\\test-async-local-storage-http-agent.js (1959.0977ms)\n  ✔ async-hooks\\test-async-local-storage-http.js (1522.9732ms)\n  ✔ async-hooks\\test-async-local-storage-misc-stores.js (1464.1798ms)\n  ✔ async-hooks\\test-async-local-storage-nested.js (1409.8682ms)\n  ✔ async-hooks\\test-async-local-storage-no-mix-contexts.js (1974.2755ms)\n  ✔ async-hooks\\test-async-local-storage-promises.js (1263.7996ms)\n  ✔ async-hooks\\test-async-local-storage-socket.js (1338.6987ms)\n  ✔ async-hooks\\test-async-local-storage-thenable.js (1362.5944ms)\n  ✔ async-hooks\\test-async-local-storage-tlssocket.js (1718.7281ms)\n  ✔ parallel\\test-async-local-storage-bind.js (1476.9843ms)\n  ✔ parallel\\test-async-local-storage-contexts.js (1456.5814ms)\n  ✔ parallel\\test-async-local-storage-deep-stack.js (1495.2998ms)\n  ✔ parallel\\test-async-local-storage-exit-does-not-leak.js (1601.8508ms)\n  ✔ parallel\\test-async-local-storage-http-multiclients.js (1906.1588ms)\n  ✔ parallel\\test-async-local-storage-snapshot.js (1416.8641ms)\n✖ AsyncContextFrame (36575.4759ms)\nℹ tests 23\nℹ suites 1\nℹ pass 22\nℹ fail 1\nℹ cancelled 0\nℹ skipped 0\nℹ todo 0\nℹ duration_ms 36591.6567\n\n✖ failing tests:\n\ntest at test\\parallel\\test-async-context-frame.mjs:49:5\n✖ async-hooks\\test-async-local-storage-enable-disable.js (1389.2346ms)\n  AssertionError [ERR_ASSERTION]: Test async-hooks\\test-async-local-storage-enable-disable.js failed with exit code 3221225477\n  \n  3221225477 !== 0\n  \n      at TestContext.<anonymous> (file:///C:/workspace/node-test-binary-windows-js-suites/node/test/parallel/test-async-context-frame.mjs:59:7)\n      at process.processTicksAndRejections (node:internal/process/task_queues:105:5)\n      at async Test.run (node:internal/test_runner/test:935:9)\n      at async Suite.processPendingSubtests (node:internal/test_runner/test:633:7) {\n    generatedMessage: false,\n    code: 'ERR_ASSERTION',\n    actual: 3221225477,\n    expected: 0,\n    operator: 'strictEqual'\n  }"},"time":37066.657,"fullname":"parallel/test-async-context-frame","closingTestPoint":false}},{"testName":"parallel/test-fs-cp","timestamp":1727735235758,"status":"REGRESSION","jobName":"node-test-binary-windows-js-suites","config":"node-test-binary-windows-js-suites » 0,win11-COMPILED_BY-vs2022 #30620","buildUrl":"https://ci.nodejs.org/job/node-test-binary-windows-js-suites/RUN_SUBSET=0,nodes=win11-COMPILED_BY-vs2022/30620/","buildNumber":30620,"builtOn":"test-azure_msft-win11_vs2022-x64-2","nodeVersion":"23.0.0","commitHash":"1f24267ec8df107aa5ff8bbee8a5813d1aa313d6","callStack":[{"upstreamBuild":66316,"upstreamProject":"node-test-commit-windows-fanned","upstreamUrl":"job/node-test-commit-windows-fanned/"}],"tap":{"ok":false,"name":"parallel/test-fs-cp","id":284,"buffered":false,"tapError":null,"skip":false,"todo":false,"previous":null,"plan":null,"diag":{"severity":"crashed","exitcode":3221225477,"stack":""},"time":174.002,"fullname":"parallel/test-fs-cp","closingTestPoint":false}},{"testName":"parallel/test-fs-cp","timestamp":1727735235758,"status":"REGRESSION","jobName":"node-test-binary-windows-js-suites","config":"node-test-binary-windows-js-suites » 0,win2022-COMPILED_BY-vs2022 #30620","buildUrl":"https://ci.nodejs.org/job/node-test-binary-windows-js-suites/RUN_SUBSET=0,nodes=win2022-COMPILED_BY-vs2022/30620/","buildNumber":30620,"builtOn":"test-rackspace-win2022_vs2022-x64-1","nodeVersion":"23.0.0","commitHash":"1f24267ec8df107aa5ff8bbee8a5813d1aa313d6","callStack":[{"upstreamBuild":66316,"upstreamProject":"node-test-commit-windows-fanned","upstreamUrl":"job/node-test-commit-windows-fanned/"}],"tap":{"ok":false,"name":"parallel/test-fs-cp","id":283,"buffered":false,"tapError":null,"skip":false,"todo":false,"previous":null,"plan":null,"diag":{"severity":"crashed","exitcode":3221225477,"stack":""},"time":422.016,"fullname":"parallel/test-fs-cp","closingTestPoint":false}},{"testName":"parallel/test-fs-cp","timestamp":1727735235758,"status":"REGRESSION","jobName":"node-test-binary-windows-js-suites","config":"node-test-binary-windows-js-suites » 0,win10-COMPILED_BY-vs2022 #30620","buildUrl":"https://ci.nodejs.org/job/node-test-binary-windows-js-suites/RUN_SUBSET=0,nodes=win10-COMPILED_BY-vs2022/30620/","buildNumber":30620,"builtOn":"test-azure_msft-win10_vs2019-x64-1","nodeVersion":"23.0.0","commitHash":"1f24267ec8df107aa5ff8bbee8a5813d1aa313d6","callStack":[{"upstreamBuild":66316,"upstreamProject":"node-test-commit-windows-fanned","upstreamUrl":"job/node-test-commit-windows-fanned/"}],"tap":{"ok":false,"name":"parallel/test-fs-cp","id":285,"buffered":false,"tapError":null,"skip":false,"todo":false,"previous":null,"plan":null,"diag":{"severity":"crashed","exitcode":3221225477,"stack":""},"time":237.001,"fullname":"parallel/test-fs-cp","closingTestPoint":false}},{"testName":"parallel/test-fs-cp","timestamp":1727735235758,"status":"REGRESSION","jobName":"node-test-binary-windows-js-suites","config":"node-test-binary-windows-js-suites » 1,win11-arm64-COMPILED_BY-vs2022-arm64 #30620","buildUrl":"https://ci.nodejs.org/job/node-test-binary-windows-js-suites/RUN_SUBSET=1,nodes=win11-arm64-COMPILED_BY-vs2022-arm64/30620/","buildNumber":30620,"builtOn":"test-azure_msft-win11_vs2022-arm64-3","nodeVersion":"23.0.0","commitHash":"1f24267ec8df107aa5ff8bbee8a5813d1aa313d6","callStack":[{"upstreamBuild":66316,"upstreamProject":"node-test-commit-windows-fanned","upstreamUrl":"job/node-test-commit-windows-fanned/"}],"tap":{"ok":false,"name":"parallel/test-fs-cp","id":282,"buffered":false,"tapError":null,"skip":false,"todo":false,"previous":null,"plan":null,"diag":{"severity":"crashed","exitcode":3221225477,"stack":""},"time":343.006,"fullname":"parallel/test-fs-cp","closingTestPoint":false}},{"testName":"parallel/test-fs-cp","timestamp":1727735235758,"status":"REGRESSION","jobName":"node-test-binary-windows-js-suites","config":"node-test-binary-windows-js-suites » 0,win2019-COMPILED_BY-vs2022 #30620","buildUrl":"https://ci.nodejs.org/job/node-test-binary-windows-js-suites/RUN_SUBSET=0,nodes=win2019-COMPILED_BY-vs2022/30620/","buildNumber":30620,"builtOn":"test-rackspace-win2019_vs2019-x64-4","nodeVersion":"23.0.0","commitHash":"1f24267ec8df107aa5ff8bbee8a5813d1aa313d6","callStack":[{"upstreamBuild":66316,"upstreamProject":"node-test-commit-windows-fanned","upstreamUrl":"job/node-test-commit-windows-fanned/"}],"tap":{"ok":false,"name":"parallel/test-fs-cp","id":284,"buffered":false,"tapError":null,"skip":false,"todo":false,"previous":null,"plan":null,"diag":{"severity":"crashed","exitcode":3221225477,"stack":""},"time":396.978,"fullname":"parallel/test-fs-cp","closingTestPoint":false}}]}