{"failedTests":[{"testName":"parallel/test-async-context-frame","timestamp":1727966706823,"status":"FAILED","jobName":"node-test-binary-windows-js-suites","config":"node-test-binary-windows-js-suites » 3,win2019-COMPILED_BY-vs2022 #30662","buildUrl":"https://ci.nodejs.org/job/node-test-binary-windows-js-suites/RUN_SUBSET=3,nodes=win2019-COMPILED_BY-vs2022/30662/","buildNumber":30662,"builtOn":"test-rackspace-win2019_vs2019-x64-3","nodeVersion":"23.0.0","commitHash":"a162f2dd2aac3c81f0f3108d46e184739fa84750","callStack":[{"upstreamBuild":66358,"upstreamProject":"node-test-commit-windows-fanned","upstreamUrl":"job/node-test-commit-windows-fanned/"},{"upstreamBuild":74974,"upstreamProject":"node-test-commit","upstreamUrl":"job/node-test-commit/"},{"upstreamBuild":62903,"upstreamProject":"node-test-pull-request","upstreamUrl":"job/node-test-pull-request/"},{"prId":"54705"}],"tap":{"ok":false,"name":"parallel/test-async-context-frame","id":431,"buffered":false,"tapError":null,"skip":false,"todo":": Fix flaky test","previous":null,"plan":null,"diag":{"severity":"flaky","exitcode":1,"stack":"▶ AsyncContextFrame\n  ✖ async-hooks\\test-async-local-storage-args.js (1646.0912ms)\n    AssertionError [ERR_ASSERTION]: Test async-hooks\\test-async-local-storage-args.js failed with exit code 3221225477\n    \n    3221225477 !== 0\n    \n        at TestContext.<anonymous> (file:///C:/workspace/node-test-binary-windows-js-suites/node/test/parallel/test-async-context-frame.mjs:59:7)\n        at process.processTicksAndRejections (node:internal/process/task_queues:105:5)\n        at async Test.run (node:internal/test_runner/test:935:9)\n        at async Promise.all (index 0)\n        at async Suite.run (node:internal/test_runner/test:1320:7)\n        at async startSubtestAfterBootstrap (node:internal/test_runner/harness:297:3) {\n      generatedMessage: false,\n      code: 'ERR_ASSERTION',\n      actual: 3221225477,\n      expected: 0,\n      operator: 'strictEqual'\n    }\n\n  ✔ async-hooks\\test-async-local-storage-async-await.js (1556.9652ms)\n  ✔ async-hooks\\test-async-local-storage-async-functions.js (1748.3257ms)\n  ✔ async-hooks\\test-async-local-storage-dgram.js (1548.4655ms)\n  ✔ async-hooks\\test-async-local-storage-enable-disable.js (1513.0614ms)\n  ✔ async-hooks\\test-async-local-storage-enter-with.js (1387.3453ms)\n  ✔ async-hooks\\test-async-local-storage-errors.js (1260.3066ms)\n  ✔ async-hooks\\test-async-local-storage-gcable.js (1253.7627ms)\n  ✔ async-hooks\\test-async-local-storage-http-agent.js (1511.0947ms)\n  ✔ async-hooks\\test-async-local-storage-http.js (1510.1679ms)\n  ✔ async-hooks\\test-async-local-storage-misc-stores.js (1275.1276ms)\n  ✔ async-hooks\\test-async-local-storage-nested.js (1221.9642ms)\n  ✔ async-hooks\\test-async-local-storage-no-mix-contexts.js (1564.251ms)\n  ✔ async-hooks\\test-async-local-storage-promises.js (1095.612ms)\n  ✔ async-hooks\\test-async-local-storage-socket.js (1150.2805ms)\n  ✔ async-hooks\\test-async-local-storage-thenable.js (1111.3834ms)\n  ✔ async-hooks\\test-async-local-storage-tlssocket.js (1201.8224ms)\n  ✔ parallel\\test-async-local-storage-bind.js (1075.1476ms)\n  ✔ parallel\\test-async-local-storage-contexts.js (1124.2282ms)\n  ✔ parallel\\test-async-local-storage-deep-stack.js (1122.8821ms)\n  ✔ parallel\\test-async-local-storage-exit-does-not-leak.js (1074.6926ms)\n  ✔ parallel\\test-async-local-storage-http-multiclients.js (1392.296ms)\n  ✔ parallel\\test-async-local-storage-snapshot.js (1123.9785ms)\n✖ AsyncContextFrame (30484.1791ms)\nℹ tests 23\nℹ suites 1\nℹ pass 22\nℹ fail 1\nℹ cancelled 0\nℹ skipped 0\nℹ todo 0\nℹ duration_ms 30497.764\n\n✖ failing tests:\n\ntest at test\\parallel\\test-async-context-frame.mjs:49:5\n✖ async-hooks\\test-async-local-storage-args.js (1646.0912ms)\n  AssertionError [ERR_ASSERTION]: Test async-hooks\\test-async-local-storage-args.js failed with exit code 3221225477\n  \n  3221225477 !== 0\n  \n      at TestContext.<anonymous> (file:///C:/workspace/node-test-binary-windows-js-suites/node/test/parallel/test-async-context-frame.mjs:59:7)\n      at process.processTicksAndRejections (node:internal/process/task_queues:105:5)\n      at async Test.run (node:internal/test_runner/test:935:9)\n      at async Promise.all (index 0)\n      at async Suite.run (node:internal/test_runner/test:1320:7)\n      at async startSubtestAfterBootstrap (node:internal/test_runner/harness:297:3) {\n    generatedMessage: false,\n    code: 'ERR_ASSERTION',\n    actual: 3221225477,\n    expected: 0,\n    operator: 'strictEqual'\n  }"},"time":30929.261,"fullname":"parallel/test-async-context-frame","closingTestPoint":false}}]}