{"failedTests":[{"testName":"parallel/test-runner-watch-mode","timestamp":1727975226697,"status":"FAILED","jobName":"node-test-binary-windows-js-suites","config":"node-test-binary-windows-js-suites » 3,win2019-COMPILED_BY-vs2022 #30666","buildUrl":"https://ci.nodejs.org/job/node-test-binary-windows-js-suites/RUN_SUBSET=3,nodes=win2019-COMPILED_BY-vs2022/30666/","buildNumber":30666,"builtOn":"test-rackspace-win2019_vs2019-x64-4","nodeVersion":"23.0.0","commitHash":"15bbc99984b4195caa84150552d8d0bf6d837ec2","callStack":[{"upstreamBuild":66362,"upstreamProject":"node-test-commit-windows-fanned","upstreamUrl":"job/node-test-commit-windows-fanned/"},{"upstreamBuild":74979,"upstreamProject":"node-test-commit","upstreamUrl":"job/node-test-commit/"},{"upstreamBuild":62908,"upstreamProject":"node-test-pull-request","upstreamUrl":"job/node-test-pull-request/"},{"prId":"55249"}],"tap":{"ok":false,"name":"parallel/test-runner-watch-mode","id":966,"buffered":false,"tapError":null,"skip":false,"todo":": Fix flaky test","previous":null,"plan":null,"diag":{"severity":"flaky","exitcode":1,"stack":"▶ test runner watch mode\n  ▶ isolation: none\n    ✔ should run tests repeatedly (1983.8694ms)\n    ✔ should run tests with dependency repeatedly (1808.9363ms)\n    ✔ should run tests with ESM dependency (1775.4723ms)\n    ✔ should support running tests without a file (1810.5541ms)\n    ✔ should support a watched test file rename (1795.1289ms)\n    ✔ should not throw when delete a watched test file (2388.3649ms)\n    ✖ should run new tests when a new file is created in the watched directory (1951.1854ms) # This test is failing when isolation is set to none and must be fixed\n      AssertionError [ERR_ASSERTION]: The input did not match the regular expression /tests 1/. Input:\n      \n      '✔ new-test-file.test.js (3.3963ms)\\n' +\n        '✔ test has ran (0.5509ms)\\n' +\n        'ℹ tests 2\\n' +\n        'ℹ suites 0\\n' +\n        'ℹ pass 2\\n' +\n        'ℹ fail 0\\n' +\n        'ℹ cancelled 0\\n' +\n        'ℹ skipped 0\\n' +\n        'ℹ todo 0\\n' +\n        'ℹ duration_ms 285.149\\n'\n      \n          at testCreate (file:///C:/workspace/node-test-binary-windows-js-suites/node/test/parallel/test-runner-watch-mode.mjs:156:14)\n          at process.processTicksAndRejections (node:internal/process/task_queues:105:5)\n          at async testWatch (file:///C:/workspace/node-test-binary-windows-js-suites/node/test/parallel/test-runner-watch-mode.mjs:166:26)\n          at async TestContext.<anonymous> (file:///C:/workspace/node-test-binary-windows-js-suites/node/test/parallel/test-runner-watch-mode.mjs:202:9)\n          at async Test.run (node:internal/test_runner/test:935:9)\n          at async Suite.processPendingSubtests (node:internal/test_runner/test:633:7) {\n        generatedMessage: true,\n        code: 'ERR_ASSERTION',\n        actual: '✔ new-test-file.test.js (3.3963ms)\\n✔ test has ran (0.5509ms)\\nℹ tests 2\\nℹ suites 0\\nℹ pass 2\\nℹ fail 0\\nℹ cancelled 0\\nℹ skipped 0\\nℹ todo 0\\nℹ duration_ms 285.149\\n...',\n        expected: /tests 1/,\n        operator: 'match'\n      }\n\n  ✔ isolation: none (13523.0396ms)\n  ▶ isolation: process\n    ✔ should run tests repeatedly (1727.4784ms)\n    ✔ should run tests with dependency repeatedly (1713.1516ms)\n    ✔ should run tests with ESM dependency (1746.6267ms)\n    ✖ should support running tests without a file (3322.639ms)\n      AssertionError [ERR_ASSERTION]: The input did not match the regular expression /tests 1/. Input:\n      \n      '✖ test.js (1254.8347ms)\\n' +\n        \"  'test failed'\\n\" +\n        '\\n' +\n        '✔ test has ran (2.2879ms)\\n' +\n        'ℹ tests 2\\n' +\n        'ℹ suites 0\\n' +\n        'ℹ pass 1\\n' +\n        'ℹ fail 1\\n' +\n        'ℹ cancelled 0\\n' +\n        'ℹ skipped 0\\n' +\n        'ℹ todo 0\\n' +\n        'ℹ duration_ms 301.4517\\n'\n      \n          at testUpdate (file:///C:/workspace/node-test-binary-windows-js-suites/node/test/parallel/test-runner-watch-mode.mjs:82:14)\n          at process.processTicksAndRejections (node:internal/process/task_queues:105:5)\n          at async testWatch (file:///C:/workspace/node-test-binary-windows-js-suites/node/test/parallel/test-runner-watch-mode.mjs:163:26)\n          at async TestContext.<anonymous> (file:///C:/workspace/node-test-binary-windows-js-suites/node/test/parallel/test-runner-watch-mode.mjs:186:9)\n          at async Test.run (node:internal/test_runner/test:935:9)\n          at async Suite.processPendingSubtests (node:internal/test_runner/test:633:7) {\n        generatedMessage: true,\n        code: 'ERR_ASSERTION',\n        actual: \"✖ test.js (1254.8347ms)\\n  'test failed'\\n\\n✔ test has ran (2.2879ms)\\nℹ tests 2\\nℹ suites 0\\nℹ pass 1\\nℹ fail 1\\nℹ cancelled 0\\nℹ skipped 0\\n...\",\n        expected: /tests 1/,\n        operator: 'match'\n      }\n\n    ✔ should support a watched test file rename (1884.2344ms)\n    ✔ should not throw when delete a watched test file (2356.2403ms)\n    ✔ should run new tests when a new file is created in the watched directory (1627.5958ms)\n  ✖ isolation: process (14383.4908ms)\n✖ test runner watch mode (27909.0303ms)\nℹ tests 14\nℹ suites 3\nℹ pass 12\nℹ fail 1\nℹ cancelled 0\nℹ skipped 0\nℹ todo 1\nℹ duration_ms 27925.1862\n\n✖ failing tests:\n\ntest at test\\parallel\\test-runner-watch-mode.mjs:197:7\n✖ should run new tests when a new file is created in the watched directory (1951.1854ms) # This test is failing when isolation is set to none and must be fixed\n  AssertionError [ERR_ASSERTION]: The input did not match the regular expression /tests 1/. Input:\n  \n  '✔ new-test-file.test.js (3.3963ms)\\n' +\n    '✔ test has ran (0.5509ms)\\n' +\n    'ℹ tests 2\\n' +\n    'ℹ suites 0\\n' +\n    'ℹ pass 2\\n' +\n    'ℹ fail 0\\n' +\n    'ℹ cancelled 0\\n' +\n    'ℹ skipped 0\\n' +\n    'ℹ todo 0\\n' +\n    'ℹ duration_ms 285.149\\n'\n  \n      at testCreate (file:///C:/workspace/node-test-binary-windows-js-suites/node/test/parallel/test-runner-watch-mode.mjs:156:14)\n      at process.processTicksAndRejections (node:internal/process/task_queues:105:5)\n      at async testWatch (file:///C:/workspace/node-test-binary-windows-js-suites/node/test/parallel/test-runner-watch-mode.mjs:166:26)\n      at async TestContext.<anonymous> (file:///C:/workspace/node-test-binary-windows-js-suites/node/test/parallel/test-runner-watch-mode.mjs:202:9)\n      at async Test.run (node:internal/test_runner/test:935:9)\n      at async Suite.processPendingSubtests (node:internal/test_runner/test:633:7) {\n    generatedMessage: true,\n    code: 'ERR_ASSERTION',\n    actual: '✔ new-test-file.test.js (3.3963ms)\\n✔ test has ran (0.5509ms)\\nℹ tests 2\\nℹ suites 0\\nℹ pass 2\\nℹ fail 0\\nℹ cancelled 0\\nℹ skipped 0\\nℹ todo 0\\nℹ duration_ms 285.149\\n...',\n    expected: /tests 1/,\n    operator: 'match'\n  }\n\ntest at test\\parallel\\test-runner-watch-mode.mjs:185:7\n✖ should support running tests without a file (3322.639ms)\n  AssertionError [ERR_ASSERTION]: The input did not match the regular expression /tests 1/. Input:\n  \n  '✖ test.js (1254.8347ms)\\n' +\n    \"  'test failed'\\n\" +\n    '\\n' +\n    '✔ test has ran (2.2879ms)\\n' +\n    'ℹ tests 2\\n' +\n    'ℹ suites 0\\n' +\n    'ℹ pass 1\\n' +\n    'ℹ fail 1\\n' +\n    'ℹ cancelled 0\\n' +\n    'ℹ skipped 0\\n' +\n    'ℹ todo 0\\n' +\n    'ℹ duration_ms 301.4517\\n'\n  \n      at testUpdate (file:///C:/workspace/node-test-binary-windows-js-suites/node/test/parallel/test-runner-watch-mode.mjs:82:14)\n      at process.processTicksAndRejections (node:internal/process/task_queues:105:5)\n      at async testWatch (file:///C:/workspace/node-test-binary-windows-js-suites/node/test/parallel/test-runner-watch-mode.mjs:163:26)\n      at async TestContext.<anonymous> (file:///C:/workspace/node-test-binary-windows-js-suites/node/test/parallel/test-runner-watch-mode.mjs:186:9)\n      at async Test.run (node:internal/test_runner/test:935:9)\n      at async Suite.processPendingSubtests (node:internal/test_runner/test:633:7) {\n    generatedMessage: true,\n    code: 'ERR_ASSERTION',\n    actual: \"✖ test.js (1254.8347ms)\\n  'test failed'\\n\\n✔ test has ran (2.2879ms)\\nℹ tests 2\\nℹ suites 0\\nℹ pass 1\\nℹ fail 1\\nℹ cancelled 0\\nℹ skipped 0\\n...\",\n    expected: /tests 1/,\n    operator: 'match'\n  }"},"time":28400.444,"fullname":"parallel/test-runner-watch-mode","closingTestPoint":false}},{"testName":"parallel/test-runner-watch-mode","timestamp":1727975226697,"status":"FAILED","jobName":"node-test-binary-windows-js-suites","config":"node-test-binary-windows-js-suites » 3,win2022-COMPILED_BY-vs2022 #30666","buildUrl":"https://ci.nodejs.org/job/node-test-binary-windows-js-suites/RUN_SUBSET=3,nodes=win2022-COMPILED_BY-vs2022/30666/","buildNumber":30666,"builtOn":"test-rackspace-win2022_vs2022-x64-4","nodeVersion":"23.0.0","commitHash":"15bbc99984b4195caa84150552d8d0bf6d837ec2","callStack":[{"upstreamBuild":66362,"upstreamProject":"node-test-commit-windows-fanned","upstreamUrl":"job/node-test-commit-windows-fanned/"},{"upstreamBuild":74979,"upstreamProject":"node-test-commit","upstreamUrl":"job/node-test-commit/"},{"upstreamBuild":62908,"upstreamProject":"node-test-pull-request","upstreamUrl":"job/node-test-pull-request/"},{"prId":"55249"}],"tap":{"ok":false,"name":"parallel/test-runner-watch-mode","id":958,"buffered":false,"tapError":null,"skip":false,"todo":": Fix flaky test","previous":null,"plan":null,"diag":{"severity":"flaky","exitcode":1,"stack":"▶ test runner watch mode\n  ▶ isolation: none\n    ✔ should run tests repeatedly (1954.2221ms)\n    ✔ should run tests with dependency repeatedly (1844.0437ms)\n    ✔ should run tests with ESM dependency (1877.7362ms)\n    ✔ should support running tests without a file (1780.6982ms)\n    ✔ should support a watched test file rename (1848.8018ms)\n    ✔ should not throw when delete a watched test file (2545.8348ms)\n    ✖ should run new tests when a new file is created in the watched directory (2100.6308ms) # This test is failing when isolation is set to none and must be fixed\n      AssertionError [ERR_ASSERTION]: The input did not match the regular expression /tests 1/. Input:\n      \n      '✔ new-test-file.test.js (2.5901ms)\\n' +\n        '✔ test has ran (0.389ms)\\n' +\n        'ℹ tests 2\\n' +\n        'ℹ suites 0\\n' +\n        'ℹ pass 2\\n' +\n        'ℹ fail 0\\n' +\n        'ℹ cancelled 0\\n' +\n        'ℹ skipped 0\\n' +\n        'ℹ todo 0\\n' +\n        'ℹ duration_ms 358.4836\\n'\n      \n          at testCreate (file:///C:/workspace/node-test-binary-windows-js-suites/node/test/parallel/test-runner-watch-mode.mjs:156:14)\n          at process.processTicksAndRejections (node:internal/process/task_queues:105:5)\n          at async testWatch (file:///C:/workspace/node-test-binary-windows-js-suites/node/test/parallel/test-runner-watch-mode.mjs:166:26)\n          at async TestContext.<anonymous> (file:///C:/workspace/node-test-binary-windows-js-suites/node/test/parallel/test-runner-watch-mode.mjs:202:9)\n          at async Test.run (node:internal/test_runner/test:935:9)\n          at async Suite.processPendingSubtests (node:internal/test_runner/test:633:7) {\n        generatedMessage: true,\n        code: 'ERR_ASSERTION',\n        actual: '✔ new-test-file.test.js (2.5901ms)\\n✔ test has ran (0.389ms)\\nℹ tests 2\\nℹ suites 0\\nℹ pass 2\\nℹ fail 0\\nℹ cancelled 0\\nℹ skipped 0\\nℹ todo 0\\nℹ duration_ms 358.4836\\n...',\n        expected: /tests 1/,\n        operator: 'match'\n      }\n\n  ✔ isolation: none (13965.0749ms)\n  ▶ isolation: process\n    ✔ should run tests repeatedly (1841.5522ms)\n    ✔ should run tests with dependency repeatedly (1827.2337ms)\n    ✔ should run tests with ESM dependency (1879.2137ms)\n    ✖ should support running tests without a file (3556.7509ms)\n      AssertionError [ERR_ASSERTION]: The input did not match the regular expression /tests 1/. Input:\n      \n      '✖ test.js (1073.7204ms)\\n' +\n        \"  'test failed'\\n\" +\n        '\\n' +\n        '✔ test has ran (2.6378ms)\\n' +\n        'ℹ tests 2\\n' +\n        'ℹ suites 0\\n' +\n        'ℹ pass 1\\n' +\n        'ℹ fail 1\\n' +\n        'ℹ cancelled 0\\n' +\n        'ℹ skipped 0\\n' +\n        'ℹ todo 0\\n' +\n        'ℹ duration_ms 277.7024\\n'\n      \n          at testUpdate (file:///C:/workspace/node-test-binary-windows-js-suites/node/test/parallel/test-runner-watch-mode.mjs:82:14)\n          at process.processTicksAndRejections (node:internal/process/task_queues:105:5)\n          at async testWatch (file:///C:/workspace/node-test-binary-windows-js-suites/node/test/parallel/test-runner-watch-mode.mjs:163:26)\n          at async TestContext.<anonymous> (file:///C:/workspace/node-test-binary-windows-js-suites/node/test/parallel/test-runner-watch-mode.mjs:186:9)\n          at async Test.run (node:internal/test_runner/test:935:9)\n          at async Suite.processPendingSubtests (node:internal/test_runner/test:633:7) {\n        generatedMessage: true,\n        code: 'ERR_ASSERTION',\n        actual: \"✖ test.js (1073.7204ms)\\n  'test failed'\\n\\n✔ test has ran (2.6378ms)\\nℹ tests 2\\nℹ suites 0\\nℹ pass 1\\nℹ fail 1\\nℹ cancelled 0\\nℹ skipped 0\\n...\",\n        expected: /tests 1/,\n        operator: 'match'\n      }\n\n    ✔ should support a watched test file rename (2330.7835ms)\n    ✔ should not throw when delete a watched test file (2567.2259ms)\n    ✔ should run new tests when a new file is created in the watched directory (1764.2314ms)\n  ✖ isolation: process (15775.3116ms)\n✖ test runner watch mode (29743.282ms)\nℹ tests 14\nℹ suites 3\nℹ pass 12\nℹ fail 1\nℹ cancelled 0\nℹ skipped 0\nℹ todo 1\nℹ duration_ms 29763.9165\n\n✖ failing tests:\n\ntest at test\\parallel\\test-runner-watch-mode.mjs:197:7\n✖ should run new tests when a new file is created in the watched directory (2100.6308ms) # This test is failing when isolation is set to none and must be fixed\n  AssertionError [ERR_ASSERTION]: The input did not match the regular expression /tests 1/. Input:\n  \n  '✔ new-test-file.test.js (2.5901ms)\\n' +\n    '✔ test has ran (0.389ms)\\n' +\n    'ℹ tests 2\\n' +\n    'ℹ suites 0\\n' +\n    'ℹ pass 2\\n' +\n    'ℹ fail 0\\n' +\n    'ℹ cancelled 0\\n' +\n    'ℹ skipped 0\\n' +\n    'ℹ todo 0\\n' +\n    'ℹ duration_ms 358.4836\\n'\n  \n      at testCreate (file:///C:/workspace/node-test-binary-windows-js-suites/node/test/parallel/test-runner-watch-mode.mjs:156:14)\n      at process.processTicksAndRejections (node:internal/process/task_queues:105:5)\n      at async testWatch (file:///C:/workspace/node-test-binary-windows-js-suites/node/test/parallel/test-runner-watch-mode.mjs:166:26)\n      at async TestContext.<anonymous> (file:///C:/workspace/node-test-binary-windows-js-suites/node/test/parallel/test-runner-watch-mode.mjs:202:9)\n      at async Test.run (node:internal/test_runner/test:935:9)\n      at async Suite.processPendingSubtests (node:internal/test_runner/test:633:7) {\n    generatedMessage: true,\n    code: 'ERR_ASSERTION',\n    actual: '✔ new-test-file.test.js (2.5901ms)\\n✔ test has ran (0.389ms)\\nℹ tests 2\\nℹ suites 0\\nℹ pass 2\\nℹ fail 0\\nℹ cancelled 0\\nℹ skipped 0\\nℹ todo 0\\nℹ duration_ms 358.4836\\n...',\n    expected: /tests 1/,\n    operator: 'match'\n  }\n\ntest at test\\parallel\\test-runner-watch-mode.mjs:185:7\n✖ should support running tests without a file (3556.7509ms)\n  AssertionError [ERR_ASSERTION]: The input did not match the regular expression /tests 1/. Input:\n  \n  '✖ test.js (1073.7204ms)\\n' +\n    \"  'test failed'\\n\" +\n    '\\n' +\n    '✔ test has ran (2.6378ms)\\n' +\n    'ℹ tests 2\\n' +\n    'ℹ suites 0\\n' +\n    'ℹ pass 1\\n' +\n    'ℹ fail 1\\n' +\n    'ℹ cancelled 0\\n' +\n    'ℹ skipped 0\\n' +\n    'ℹ todo 0\\n' +\n    'ℹ duration_ms 277.7024\\n'\n  \n      at testUpdate (file:///C:/workspace/node-test-binary-windows-js-suites/node/test/parallel/test-runner-watch-mode.mjs:82:14)\n      at process.processTicksAndRejections (node:internal/process/task_queues:105:5)\n      at async testWatch (file:///C:/workspace/node-test-binary-windows-js-suites/node/test/parallel/test-runner-watch-mode.mjs:163:26)\n      at async TestContext.<anonymous> (file:///C:/workspace/node-test-binary-windows-js-suites/node/test/parallel/test-runner-watch-mode.mjs:186:9)\n      at async Test.run (node:internal/test_runner/test:935:9)\n      at async Suite.processPendingSubtests (node:internal/test_runner/test:633:7) {\n    generatedMessage: true,\n    code: 'ERR_ASSERTION',\n    actual: \"✖ test.js (1073.7204ms)\\n  'test failed'\\n\\n✔ test has ran (2.6378ms)\\nℹ tests 2\\nℹ suites 0\\nℹ pass 1\\nℹ fail 1\\nℹ cancelled 0\\nℹ skipped 0\\n...\",\n    expected: /tests 1/,\n    operator: 'match'\n  }"},"time":30269.164,"fullname":"parallel/test-runner-watch-mode","closingTestPoint":false}}]}