{"failedTests":[{"testName":"parallel/test-runner-watch-mode","timestamp":1728294880326,"status":"FAILED","jobName":"node-test-binary-windows-js-suites","config":"node-test-binary-windows-js-suites » 2,win2019-COMPILED_BY-vs2022 #30715","buildUrl":"https://ci.nodejs.org/job/node-test-binary-windows-js-suites/RUN_SUBSET=2,nodes=win2019-COMPILED_BY-vs2022/30715/","buildNumber":30715,"builtOn":"test-rackspace-win2019_vs2019-x64-4","nodeVersion":"23.0.0","commitHash":"15bbc99984b4195caa84150552d8d0bf6d837ec2","callStack":[{"upstreamBuild":10,"upstreamProject":"mefi-node-test-commit-windows-fanned","upstreamUrl":"job/mefi-node-test-commit-windows-fanned/"}],"tap":{"ok":false,"name":"parallel/test-runner-watch-mode","id":921,"buffered":false,"tapError":null,"skip":false,"todo":": Fix flaky test","previous":null,"plan":null,"diag":{"severity":"flaky","exitcode":1,"stack":"▶ test runner watch mode\n  ▶ isolation: none\n    ✔ should run tests repeatedly (1772.8787ms)\n    ✔ should run tests with dependency repeatedly (1827.5935ms)\n    ✔ should run tests with ESM dependency (1765.4267ms)\n    ✔ should support running tests without a file (1756.79ms)\n    ✔ should support a watched test file rename (1768.3672ms)\n    ✔ should not throw when delete a watched test file (2338.6568ms)\n    ✖ should run new tests when a new file is created in the watched directory (1785.9945ms) # This test is failing when isolation is set to none and must be fixed\n      AssertionError [ERR_ASSERTION]: The input did not match the regular expression /tests 1/. Input:\n      \n      '✔ new-test-file.test.js (2.0593ms)\\n' +\n        '✔ test has ran (0.2675ms)\\n' +\n        'ℹ tests 2\\n' +\n        'ℹ suites 0\\n' +\n        'ℹ pass 2\\n' +\n        'ℹ fail 0\\n' +\n        'ℹ cancelled 0\\n' +\n        'ℹ skipped 0\\n' +\n        'ℹ todo 0\\n' +\n        'ℹ duration_ms 252.7217\\n'\n      \n          at testCreate (file:///C:/workspace/node-test-binary-windows-js-suites/node/test/parallel/test-runner-watch-mode.mjs:156:14)\n          at process.processTicksAndRejections (node:internal/process/task_queues:105:5)\n          at async testWatch (file:///C:/workspace/node-test-binary-windows-js-suites/node/test/parallel/test-runner-watch-mode.mjs:166:26)\n          at async TestContext.<anonymous> (file:///C:/workspace/node-test-binary-windows-js-suites/node/test/parallel/test-runner-watch-mode.mjs:202:9)\n          at async Test.run (node:internal/test_runner/test:935:9)\n          at async Suite.processPendingSubtests (node:internal/test_runner/test:633:7) {\n        generatedMessage: true,\n        code: 'ERR_ASSERTION',\n        actual: '✔ new-test-file.test.js (2.0593ms)\\n✔ test has ran (0.2675ms)\\nℹ tests 2\\nℹ suites 0\\nℹ pass 2\\nℹ fail 0\\nℹ cancelled 0\\nℹ skipped 0\\nℹ todo 0\\nℹ duration_ms 252.7217\\n...',\n        expected: /tests 1/,\n        operator: 'match'\n      }\n\n  ✔ isolation: none (13024.3763ms)\n  ▶ isolation: process\n    ✔ should run tests repeatedly (1826.8413ms)\n    ✔ should run tests with dependency repeatedly (1713.6799ms)\n    ✔ should run tests with ESM dependency (1732.0096ms)\n    ✔ should support running tests without a file (1755.0981ms)\n    ✖ should support a watched test file rename (2416.9501ms)\n      Error: ENOENT: no such file or directory, rename 'C:\\workspace\\node-test-binary-windows-js-suites\\node\\test\\.tmp.691\\test.js' -> 'C:\\workspace\\node-test-binary-windows-js-suites\\node\\test\\.tmp.691\\test-renamed-test.js'\n          at renameSync (node:fs:1021:11)\n          at Timeout._onTimeout (file:///C:/workspace/node-test-binary-windows-js-suites/node/test/parallel/test-runner-watch-mode.mjs:95:40)\n          at listOnTimeout (node:internal/timers:614:17)\n          at process.processTimers (node:internal/timers:549:7) {\n        errno: -4058,\n        code: 'ENOENT',\n        syscall: 'rename',\n        path: 'C:\\\\workspace\\\\node-test-binary-windows-js-suites\\\\node\\\\test\\\\.tmp.691\\\\test.js',\n        dest: 'C:\\\\workspace\\\\node-test-binary-windows-js-suites\\\\node\\\\test\\\\.tmp.691\\\\test-renamed-test.js'\n      }\n\n    ✖ should not throw when delete a watched test file (0.5894ms)\n      Error: EPERM, Permission denied: \\\\?\\C:\\workspace\\node-test-binary-windows-js-suites\\node\\test\\.tmp.691 '\\\\?\\C:\\workspace\\node-test-binary-windows-js-suites\\node\\test\\.tmp.691'\n          at Object.rmSync (node:fs:1247:18)\n          at rmSync (C:\\workspace\\node-test-binary-windows-js-suites\\node\\test\\common\\tmpdir.js:20:8)\n          at Object.refresh (C:\\workspace\\node-test-binary-windows-js-suites\\node\\test\\common\\tmpdir.js:35:3)\n          at TestContext.refresh (file:///C:/workspace/node-test-binary-windows-js-suites/node/test/parallel/test-runner-watch-mode.mjs:33:10)\n          at TestHook.runInAsyncScope (node:async_hooks:211:14)\n          at TestHook.run (node:internal/test_runner/test:934:25)\n          at TestHook.run (node:internal/test_runner/test:1225:18)\n          at node:internal/test_runner/test:853:20\n          at async Suite.runHook (node:internal/test_runner/test:851:7)\n          at async Test.run (node:internal/test_runner/test:910:9) {\n        errno: 1,\n        code: 'EPERM',\n        path: '\\\\\\\\?\\\\C:\\\\workspace\\\\node-test-binary-windows-js-suites\\\\node\\\\test\\\\.tmp.691',\n        syscall: 'rm'\n      }\n\n    ✖ should run new tests when a new file is created in the watched directory (0.6815ms)\n      Error: EPERM, Permission denied: \\\\?\\C:\\workspace\\node-test-binary-windows-js-suites\\node\\test\\.tmp.691 '\\\\?\\C:\\workspace\\node-test-binary-windows-js-suites\\node\\test\\.tmp.691'\n          at Object.rmSync (node:fs:1247:18)\n          at rmSync (C:\\workspace\\node-test-binary-windows-js-suites\\node\\test\\common\\tmpdir.js:20:8)\n          at Object.refresh (C:\\workspace\\node-test-binary-windows-js-suites\\node\\test\\common\\tmpdir.js:35:3)\n          at TestContext.refresh (file:///C:/workspace/node-test-binary-windows-js-suites/node/test/parallel/test-runner-watch-mode.mjs:33:10)\n          at TestHook.runInAsyncScope (node:async_hooks:211:14)\n          at TestHook.run (node:internal/test_runner/test:934:25)\n          at TestHook.run (node:internal/test_runner/test:1225:18)\n          at node:internal/test_runner/test:853:20\n          at async Suite.runHook (node:internal/test_runner/test:851:7)\n          at async Test.run (node:internal/test_runner/test:910:9) {\n        errno: 1,\n        code: 'EPERM',\n        path: '\\\\\\\\?\\\\C:\\\\workspace\\\\node-test-binary-windows-js-suites\\\\node\\\\test\\\\.tmp.691',\n        syscall: 'rm'\n      }\n\n  ✖ isolation: process (9454.5916ms)\n✖ test runner watch mode (22481.1568ms)\nℹ tests 14\nℹ suites 3\nℹ pass 10\nℹ fail 3\nℹ cancelled 0\nℹ skipped 0\nℹ todo 1\nℹ duration_ms 22962.7649\n\n✖ failing tests:\n\ntest at test\\parallel\\test-runner-watch-mode.mjs:197:7\n✖ should run new tests when a new file is created in the watched directory (1785.9945ms) # This test is failing when isolation is set to none and must be fixed\n  AssertionError [ERR_ASSERTION]: The input did not match the regular expression /tests 1/. Input:\n  \n  '✔ new-test-file.test.js (2.0593ms)\\n' +\n    '✔ test has ran (0.2675ms)\\n' +\n    'ℹ tests 2\\n' +\n    'ℹ suites 0\\n' +\n    'ℹ pass 2\\n' +\n    'ℹ fail 0\\n' +\n    'ℹ cancelled 0\\n' +\n    'ℹ skipped 0\\n' +\n    'ℹ todo 0\\n' +\n    'ℹ duration_ms 252.7217\\n'\n  \n      at testCreate (file:///C:/workspace/node-test-binary-windows-js-suites/node/test/parallel/test-runner-watch-mode.mjs:156:14)\n      at process.processTicksAndRejections (node:internal/process/task_queues:105:5)\n      at async testWatch (file:///C:/workspace/node-test-binary-windows-js-suites/node/test/parallel/test-runner-watch-mode.mjs:166:26)\n      at async TestContext.<anonymous> (file:///C:/workspace/node-test-binary-windows-js-suites/node/test/parallel/test-runner-watch-mode.mjs:202:9)\n      at async Test.run (node:internal/test_runner/test:935:9)\n      at async Suite.processPendingSubtests (node:internal/test_runner/test:633:7) {\n    generatedMessage: true,\n    code: 'ERR_ASSERTION',\n    actual: '✔ new-test-file.test.js (2.0593ms)\\n✔ test has ran (0.2675ms)\\nℹ tests 2\\nℹ suites 0\\nℹ pass 2\\nℹ fail 0\\nℹ cancelled 0\\nℹ skipped 0\\nℹ todo 0\\nℹ duration_ms 252.7217\\n...',\n    expected: /tests 1/,\n    operator: 'match'\n  }\n\ntest at test\\parallel\\test-runner-watch-mode.mjs:189:7\n✖ should support a watched test file rename (2416.9501ms)\n  Error: ENOENT: no such file or directory, rename 'C:\\workspace\\node-test-binary-windows-js-suites\\node\\test\\.tmp.691\\test.js' -> 'C:\\workspace\\node-test-binary-windows-js-suites\\node\\test\\.tmp.691\\test-renamed-test.js'\n      at renameSync (node:fs:1021:11)\n      at Timeout._onTimeout (file:///C:/workspace/node-test-binary-windows-js-suites/node/test/parallel/test-runner-watch-mode.mjs:95:40)\n      at listOnTimeout (node:internal/timers:614:17)\n      at process.processTimers (node:internal/timers:549:7) {\n    errno: -4058,\n    code: 'ENOENT',\n    syscall: 'rename',\n    path: 'C:\\\\workspace\\\\node-test-binary-windows-js-suites\\\\node\\\\test\\\\.tmp.691\\\\test.js',\n    dest: 'C:\\\\workspace\\\\node-test-binary-windows-js-suites\\\\node\\\\test\\\\.tmp.691\\\\test-renamed-test.js'\n  }\n\ntest at test\\parallel\\test-runner-watch-mode.mjs:193:7\n✖ should not throw when delete a watched test file (0.5894ms)\n  Error: EPERM, Permission denied: \\\\?\\C:\\workspace\\node-test-binary-windows-js-suites\\node\\test\\.tmp.691 '\\\\?\\C:\\workspace\\node-test-binary-windows-js-suites\\node\\test\\.tmp.691'\n      at Object.rmSync (node:fs:1247:18)\n      at rmSync (C:\\workspace\\node-test-binary-windows-js-suites\\node\\test\\common\\tmpdir.js:20:8)\n      at Object.refresh (C:\\workspace\\node-test-binary-windows-js-suites\\node\\test\\common\\tmpdir.js:35:3)\n      at TestContext.refresh (file:///C:/workspace/node-test-binary-windows-js-suites/node/test/parallel/test-runner-watch-mode.mjs:33:10)\n      at TestHook.runInAsyncScope (node:async_hooks:211:14)\n      at TestHook.run (node:internal/test_runner/test:934:25)\n      at TestHook.run (node:internal/test_runner/test:1225:18)\n      at node:internal/test_runner/test:853:20\n      at async Suite.runHook (node:internal/test_runner/test:851:7)\n      at async Test.run (node:internal/test_runner/test:910:9) {\n    errno: 1,\n    code: 'EPERM',\n    path: '\\\\\\\\?\\\\C:\\\\workspace\\\\node-test-binary-windows-js-suites\\\\node\\\\test\\\\.tmp.691',\n    syscall: 'rm'\n  }\n\ntest at test\\parallel\\test-runner-watch-mode.mjs:197:7\n✖ should run new tests when a new file is created in the watched directory (0.6815ms)\n  Error: EPERM, Permission denied: \\\\?\\C:\\workspace\\node-test-binary-windows-js-suites\\node\\test\\.tmp.691 '\\\\?\\C:\\workspace\\node-test-binary-windows-js-suites\\node\\test\\.tmp.691'\n      at Object.rmSync (node:fs:1247:18)\n      at rmSync (C:\\workspace\\node-test-binary-windows-js-suites\\node\\test\\common\\tmpdir.js:20:8)\n      at Object.refresh (C:\\workspace\\node-test-binary-windows-js-suites\\node\\test\\common\\tmpdir.js:35:3)\n      at TestContext.refresh (file:///C:/workspace/node-test-binary-windows-js-suites/node/test/parallel/test-runner-watch-mode.mjs:33:10)\n      at TestHook.runInAsyncScope (node:async_hooks:211:14)\n      at TestHook.run (node:internal/test_runner/test:934:25)\n      at TestHook.run (node:internal/test_runner/test:1225:18)\n      at node:internal/test_runner/test:853:20\n      at async Suite.runHook (node:internal/test_runner/test:851:7)\n      at async Test.run (node:internal/test_runner/test:910:9) {\n    errno: 1,\n    code: 'EPERM',\n    path: '\\\\\\\\?\\\\C:\\\\workspace\\\\node-test-binary-windows-js-suites\\\\node\\\\test\\\\.tmp.691',\n    syscall: 'rm'\n  }"},"time":23388.847,"fullname":"parallel/test-runner-watch-mode","closingTestPoint":false}},{"testName":"parallel/test-http-client-agent","timestamp":1728294880326,"status":"REGRESSION","jobName":"node-test-binary-windows-js-suites","config":"node-test-binary-windows-js-suites » 1,win11-arm64-COMPILED_BY-vs2022-arm64 #30715","buildUrl":"https://ci.nodejs.org/job/node-test-binary-windows-js-suites/RUN_SUBSET=1,nodes=win11-arm64-COMPILED_BY-vs2022-arm64/30715/","buildNumber":30715,"builtOn":"test-azure_msft-win11_vs2022-arm64-3","nodeVersion":"23.0.0","commitHash":"15bbc99984b4195caa84150552d8d0bf6d837ec2","callStack":[{"upstreamBuild":10,"upstreamProject":"mefi-node-test-commit-windows-fanned","upstreamUrl":"job/mefi-node-test-commit-windows-fanned/"}],"tap":{"ok":false,"name":"parallel/test-http-client-agent","id":357,"buffered":false,"tapError":null,"skip":false,"todo":false,"previous":null,"plan":null,"diag":{"severity":"fail","exitcode":3221226505,"stack":""},"time":397.996,"fullname":"parallel/test-http-client-agent","closingTestPoint":false}},{"testName":"sequential/test-child-process-pass-fd","timestamp":1728294880326,"status":"REGRESSION","jobName":"node-test-binary-windows-js-suites","config":"node-test-binary-windows-js-suites » 1,win11-arm64-COMPILED_BY-vs2022-arm64 #30715","buildUrl":"https://ci.nodejs.org/job/node-test-binary-windows-js-suites/RUN_SUBSET=1,nodes=win11-arm64-COMPILED_BY-vs2022-arm64/30715/","buildNumber":30715,"builtOn":"test-azure_msft-win11_vs2022-arm64-3","nodeVersion":"23.0.0","commitHash":"15bbc99984b4195caa84150552d8d0bf6d837ec2","callStack":[{"upstreamBuild":10,"upstreamProject":"mefi-node-test-commit-windows-fanned","upstreamUrl":"job/mefi-node-test-commit-windows-fanned/"}],"tap":{"ok":false,"name":"sequential/test-child-process-pass-fd","id":981,"buffered":false,"tapError":null,"skip":false,"todo":false,"previous":null,"plan":null,"diag":{"severity":"fail","exitcode":1,"stack":"node:assert:90\n  throw new AssertionError(obj);\n  ^\n\nAssertionError [ERR_ASSERTION]: Expected values to be strictly equal:\n\n78 !== 80\n\n    at process.<anonymous> (d:\\workspace\\node-test-binary-windows-js-suites\\node\\test\\sequential\\test-child-process-pass-fd.js:56:37)\n    at process.emit (node:events:518:35) {\n  generatedMessage: true,\n  code: 'ERR_ASSERTION',\n  actual: 78,\n  expected: 80,\n  operator: 'strictEqual'\n}\n\nNode.js v23.0.0-pre"},"time":2969.162,"fullname":"sequential/test-child-process-pass-fd","closingTestPoint":false}},{"testName":"sequential/test-http-regr-gh-2928","timestamp":1728294880326,"status":"REGRESSION","jobName":"node-test-binary-windows-js-suites","config":"node-test-binary-windows-js-suites » 1,win11-arm64-COMPILED_BY-vs2022-arm64 #30715","buildUrl":"https://ci.nodejs.org/job/node-test-binary-windows-js-suites/RUN_SUBSET=1,nodes=win11-arm64-COMPILED_BY-vs2022-arm64/30715/","buildNumber":30715,"builtOn":"test-azure_msft-win11_vs2022-arm64-3","nodeVersion":"23.0.0","commitHash":"15bbc99984b4195caa84150552d8d0bf6d837ec2","callStack":[{"upstreamBuild":10,"upstreamProject":"mefi-node-test-commit-windows-fanned","upstreamUrl":"job/mefi-node-test-commit-windows-fanned/"}],"tap":{"ok":false,"name":"sequential/test-http-regr-gh-2928","id":993,"buffered":false,"tapError":null,"skip":false,"todo":false,"previous":null,"plan":null,"diag":{"severity":"fail","exitcode":3221226505,"stack":"."},"time":300.438,"fullname":"sequential/test-http-regr-gh-2928","closingTestPoint":false}},{"testName":"parallel/test-http2-compat-serverresponse-statuscode","timestamp":1728294880326,"status":"REGRESSION","jobName":"node-test-binary-windows-js-suites","config":"node-test-binary-windows-js-suites » 0,win11-arm64-COMPILED_BY-vs2022-arm64 #30715","buildUrl":"https://ci.nodejs.org/job/node-test-binary-windows-js-suites/RUN_SUBSET=0,nodes=win11-arm64-COMPILED_BY-vs2022-arm64/30715/","buildNumber":30715,"builtOn":"test-azure_msft-win11_vs2022-arm64-6","nodeVersion":"23.0.0","commitHash":"15bbc99984b4195caa84150552d8d0bf6d837ec2","callStack":[{"upstreamBuild":10,"upstreamProject":"mefi-node-test-commit-windows-fanned","upstreamUrl":"job/mefi-node-test-commit-windows-fanned/"}],"tap":{"ok":false,"name":"parallel/test-http2-compat-serverresponse-statuscode","id":449,"buffered":false,"tapError":null,"skip":false,"todo":false,"previous":null,"plan":null,"diag":{"severity":"fail","exitcode":3221226505,"stack":""},"time":379.01,"fullname":"parallel/test-http2-compat-serverresponse-statuscode","closingTestPoint":false}},{"testName":"parallel/test-trace-events-net","timestamp":1728294880326,"status":"REGRESSION","jobName":"node-test-binary-windows-js-suites","config":"node-test-binary-windows-js-suites » 2,win11-arm64-COMPILED_BY-vs2022-arm64 #30715","buildUrl":"https://ci.nodejs.org/job/node-test-binary-windows-js-suites/RUN_SUBSET=2,nodes=win11-arm64-COMPILED_BY-vs2022-arm64/30715/","buildNumber":30715,"builtOn":"test-azure_msft-win11_vs2022-arm64-5","nodeVersion":"23.0.0","commitHash":"15bbc99984b4195caa84150552d8d0bf6d837ec2","callStack":[{"upstreamBuild":10,"upstreamProject":"mefi-node-test-commit-windows-fanned","upstreamUrl":"job/mefi-node-test-commit-windows-fanned/"}],"tap":{"ok":false,"name":"parallel/test-trace-events-net","id":841,"buffered":false,"tapError":null,"skip":false,"todo":false,"previous":null,"plan":null,"diag":{"severity":"fail","exitcode":1,"stack":"node:internal/assert/utils:281\n    throw err;\n    ^\n\nAssertionError [ERR_ASSERTION]: The expression evaluated to a falsy value:\n\n  assert(fs.existsSync(FILE_NAME))\n\n    at ChildProcess.<anonymous> (d:\\workspace\\node-test-binary-windows-js-suites\\node\\test\\parallel\\test-trace-events-net.js:30:3)\n    at ChildProcess.<anonymous> (d:\\workspace\\node-test-binary-windows-js-suites\\node\\test\\common\\index.js:491:15)\n    at Object.onceWrapper (node:events:621:26)\n    at ChildProcess.emit (node:events:506:28)\n    at ChildProcess._handle.onexit (node:internal/child_process:293:12) {\n  generatedMessage: true,\n  code: 'ERR_ASSERTION',\n  actual: false,\n  expected: true,\n  operator: '=='\n}\n\nNode.js v23.0.0-pre"},"time":705.995,"fullname":"parallel/test-trace-events-net","closingTestPoint":false}}]}