{"failedTests":[{"testName":"parallel/test-async-context-frame","timestamp":1729089553824,"status":"FAILED","jobName":"node-test-binary-windows-js-suites","config":"node-test-binary-windows-js-suites » 2,win2022-COMPILED_BY-vs2022 #30875","buildUrl":"https://ci.nodejs.org/job/node-test-binary-windows-js-suites/RUN_SUBSET=2,nodes=win2022-COMPILED_BY-vs2022/30875/","buildNumber":30875,"builtOn":"test-rackspace-win2022_vs2022-x64-2","nodeVersion":"23.0.0","commitHash":"446f9ff3e9bd57dbbe70c8fcfe75cff562a929c1","callStack":[{"upstreamBuild":66574,"upstreamProject":"node-test-commit-windows-fanned","upstreamUrl":"job/node-test-commit-windows-fanned/"},{"upstreamBuild":75254,"upstreamProject":"node-test-commit","upstreamUrl":"job/node-test-commit/"},{"upstreamBuild":63140,"upstreamProject":"node-test-pull-request","upstreamUrl":"job/node-test-pull-request/"},{"prId":"54927"}],"tap":{"ok":false,"name":"parallel/test-async-context-frame","id":423,"buffered":false,"tapError":null,"skip":false,"todo":": Fix flaky test","previous":null,"plan":null,"diag":{"severity":"flaky","exitcode":1,"stack":"▶ AsyncContextFrame\n  ✔ async-hooks\\test-async-local-storage-args.js (2014.0798ms)\n  ✔ async-hooks\\test-async-local-storage-async-await.js (2530.4598ms)\n  ✖ async-hooks\\test-async-local-storage-async-functions.js (2133.2194ms)\n    AssertionError [ERR_ASSERTION]: Test async-hooks\\test-async-local-storage-async-functions.js failed with exit code 3221225477\n    \n    3221225477 !== 0\n    \n        at TestContext.<anonymous> (file:///C:/workspace/node-test-binary-windows-js-suites/node/test/parallel/test-async-context-frame.mjs:59:7)\n        at process.processTicksAndRejections (node:internal/process/task_queues:105:5)\n        at async Test.run (node:internal/test_runner/test:935:9)\n        at async Suite.processPendingSubtests (node:internal/test_runner/test:633:7) {\n      generatedMessage: false,\n      code: 'ERR_ASSERTION',\n      actual: 3221225477,\n      expected: 0,\n      operator: 'strictEqual'\n    }\n\n  ✔ async-hooks\\test-async-local-storage-dgram.js (1811.4904ms)\n  ✔ async-hooks\\test-async-local-storage-enable-disable.js (1589.145ms)\n  ✔ async-hooks\\test-async-local-storage-enter-with.js (1347.1558ms)\n  ✔ async-hooks\\test-async-local-storage-errors.js (1377.1284ms)\n  ✔ async-hooks\\test-async-local-storage-gcable.js (1251.2431ms)\n  ✔ async-hooks\\test-async-local-storage-http-agent.js (1456.9185ms)\n  ✔ async-hooks\\test-async-local-storage-http.js (1324.4603ms)\n  ✔ async-hooks\\test-async-local-storage-misc-stores.js (1263.4152ms)\n  ✔ async-hooks\\test-async-local-storage-nested.js (1185.0671ms)\n  ✔ async-hooks\\test-async-local-storage-no-mix-contexts.js (1691.4308ms)\n  ✔ async-hooks\\test-async-local-storage-promises.js (1417.1659ms)\n  ✔ async-hooks\\test-async-local-storage-socket.js (1462.02ms)\n  ✔ async-hooks\\test-async-local-storage-thenable.js (1264.1283ms)\n  ✔ async-hooks\\test-async-local-storage-tlssocket.js (1384.3294ms)\n  ✔ parallel\\test-async-local-storage-bind.js (1142.1193ms)\n  ✔ parallel\\test-async-local-storage-contexts.js (1176.9777ms)\n  ✔ parallel\\test-async-local-storage-deep-stack.js (1162.0292ms)\n  ✔ parallel\\test-async-local-storage-exit-does-not-leak.js (1167.9017ms)\n  ✔ parallel\\test-async-local-storage-http-multiclients.js (1531.0606ms)\n  ✔ parallel\\test-async-local-storage-snapshot.js (1098.4796ms)\n✖ AsyncContextFrame (33810.8096ms)\nℹ tests 23\nℹ suites 1\nℹ pass 22\nℹ fail 1\nℹ cancelled 0\nℹ skipped 0\nℹ todo 0\nℹ duration_ms 33825.5071\n\n✖ failing tests:\n\ntest at test\\parallel\\test-async-context-frame.mjs:49:5\n✖ async-hooks\\test-async-local-storage-async-functions.js (2133.2194ms)\n  AssertionError [ERR_ASSERTION]: Test async-hooks\\test-async-local-storage-async-functions.js failed with exit code 3221225477\n  \n  3221225477 !== 0\n  \n      at TestContext.<anonymous> (file:///C:/workspace/node-test-binary-windows-js-suites/node/test/parallel/test-async-context-frame.mjs:59:7)\n      at process.processTicksAndRejections (node:internal/process/task_queues:105:5)\n      at async Test.run (node:internal/test_runner/test:935:9)\n      at async Suite.processPendingSubtests (node:internal/test_runner/test:633:7) {\n    generatedMessage: false,\n    code: 'ERR_ASSERTION',\n    actual: 3221225477,\n    expected: 0,\n    operator: 'strictEqual'\n  }"},"time":34412.378,"fullname":"parallel/test-async-context-frame","closingTestPoint":false}}]}