{"failedTests":[{"testName":"parallel/test-find-package-json","timestamp":1729206852179,"status":"FAILED","jobName":"node-test-binary-windows-js-suites","config":"node-test-binary-windows-js-suites » 2,win2019-COMPILED_BY-vs2022 #30893","buildUrl":"https://ci.nodejs.org/job/node-test-binary-windows-js-suites/RUN_SUBSET=2,nodes=win2019-COMPILED_BY-vs2022/30893/","buildNumber":30893,"builtOn":"test-rackspace-win2019_vs2019-x64-4","nodeVersion":"23.0.0","commitHash":"3c86c25f41fd43d8b327a3deb8c0891a0a81564a","callStack":[{"upstreamBuild":66594,"upstreamProject":"node-test-commit-windows-fanned","upstreamUrl":"job/node-test-commit-windows-fanned/"},{"upstreamBuild":75286,"upstreamProject":"node-test-commit","upstreamUrl":"job/node-test-commit/"},{"upstreamBuild":63167,"upstreamProject":"node-test-pull-request","upstreamUrl":"job/node-test-pull-request/"},{"prId":"55412"}],"tap":{"ok":false,"name":"parallel/test-find-package-json","id":286,"buffered":false,"tapError":null,"skip":false,"todo":false,"previous":null,"plan":null,"diag":{"severity":"fail","exitcode":1,"stack":"▶ findPackageJSON\n  ✔ should throw when no arguments are provided (7.2226ms)\n  ✔ should throw when parentLocation is invalid (2.9039ms)\n  ✖ should accept a file URL (string), like from `import.meta.resolve()` (23.1382ms)\n    AssertionError [ERR_ASSERTION]: Expected values to be strictly equal:\n    + actual - expected\n    \n    + '\\\\\\\\?\\\\C:\\\\workspace\\\\node-test-binary-windows-js-suites\\\\node\\\\test\\\\fixtures\\\\packages\\\\root-types-field\\\\package.json'\n    - 'C:\\\\workspace\\\\node-test-binary-windows-js-suites\\\\node\\\\test\\\\fixtures\\\\packages\\\\root-types-field\\\\package.json'\n    \n        at TestContext.<anonymous> (C:\\workspace\\node-test-binary-windows-js-suites\\node\\test\\parallel\\test-find-package-json.js:34:12)\n        at Test.runInAsyncScope (node:async_hooks:211:14)\n        at Test.run (node:internal/test_runner/test:934:25)\n        at Suite.processPendingSubtests (node:internal/test_runner/test:633:18)\n        at Test.postRun (node:internal/test_runner/test:1045:19)\n        at Test.run (node:internal/test_runner/test:973:12)\n        at async Suite.processPendingSubtests (node:internal/test_runner/test:633:7) {\n      generatedMessage: true,\n      code: 'ERR_ASSERTION',\n      actual: '\\\\\\\\?\\\\C:\\\\workspace\\\\node-test-binary-windows-js-suites\\\\node\\\\test\\\\fixtures\\\\packages\\\\root-types-field\\\\package.json',\n      expected: 'C:\\\\workspace\\\\node-test-binary-windows-js-suites\\\\node\\\\test\\\\fixtures\\\\packages\\\\root-types-field\\\\package.json',\n      operator: 'strictEqual'\n    }\n\n  ✖ should accept a file URL instance (8.8869ms)\n    AssertionError [ERR_ASSERTION]: Expected values to be strictly equal:\n    + actual - expected\n    \n    + '\\\\\\\\?\\\\C:\\\\workspace\\\\node-test-binary-windows-js-suites\\\\node\\\\test\\\\fixtures\\\\packages\\\\root-types-field\\\\package.json'\n    - 'C:\\\\workspace\\\\node-test-binary-windows-js-suites\\\\node\\\\test\\\\fixtures\\\\packages\\\\root-types-field\\\\package.json'\n    \n        at TestContext.<anonymous> (C:\\workspace\\node-test-binary-windows-js-suites\\node\\test\\parallel\\test-find-package-json.js:44:12)\n        at Test.runInAsyncScope (node:async_hooks:211:14)\n        at Test.run (node:internal/test_runner/test:934:25)\n        at Suite.processPendingSubtests (node:internal/test_runner/test:633:18)\n        at Test.postRun (node:internal/test_runner/test:1045:19)\n        at Test.run (node:internal/test_runner/test:973:12)\n        at async Suite.processPendingSubtests (node:internal/test_runner/test:633:7) {\n      generatedMessage: true,\n      code: 'ERR_ASSERTION',\n      actual: '\\\\\\\\?\\\\C:\\\\workspace\\\\node-test-binary-windows-js-suites\\\\node\\\\test\\\\fixtures\\\\packages\\\\root-types-field\\\\package.json',\n      expected: 'C:\\\\workspace\\\\node-test-binary-windows-js-suites\\\\node\\\\test\\\\fixtures\\\\packages\\\\root-types-field\\\\package.json',\n      operator: 'strictEqual'\n    }\n\n  ✖ should be able to crawl up (CJS) (55.0832ms)\n    TypeError: Invalid URL\n        at new URL (node:internal/url:814:29)\n        at findPackageJSON (node:internal/modules/package_json_reader:203:22)\n        at Object.<anonymous> (C:\\workspace\\node-test-binary-windows-js-suites\\node\\test\\fixtures\\packages\\nested\\sub-pkg-cjs\\index.js:3:18)\n        at Module._compile (node:internal/modules/cjs/loader:1568:14)\n        at Object..js (node:internal/modules/cjs/loader:1711:10)\n        at Module.load (node:internal/modules/cjs/loader:1328:32)\n        at Function._load (node:internal/modules/cjs/loader:1138:12)\n        at TracingChannel.traceSync (node:diagnostics_channel:322:14)\n        at wrapModuleLoad (node:internal/modules/cjs/loader:218:24)\n        at Module.require (node:internal/modules/cjs/loader:1350:12) {\n      code: 'ERR_INVALID_URL',\n      input: '..',\n      base: 'c:\\\\workspace\\\\node-test-binary-windows-js-suites\\\\node\\\\test\\\\fixtures\\\\packages\\\\nested\\\\sub-pkg-cjs\\\\index.js'\n    }\n\n  ✖ should be able to crawl up (ESM) (72.3065ms)\n    AssertionError [ERR_ASSERTION]: Expected values to be strictly equal:\n    + actual - expected\n    \n    + '\\\\\\\\?\\\\C:\\\\workspace\\\\node-test-binary-windows-js-suites\\\\node\\\\test\\\\fixtures\\\\packages\\\\nested\\\\package.json'\n    - 'C:\\\\workspace\\\\node-test-binary-windows-js-suites\\\\node\\\\test\\\\fixtures\\\\packages\\\\nested\\\\package.json'\n    \n        at TestContext.<anonymous> (C:\\workspace\\node-test-binary-windows-js-suites\\node\\test\\parallel\\test-find-package-json.js:66:12)\n        at Test.runInAsyncScope (node:async_hooks:211:14)\n        at Test.run (node:internal/test_runner/test:934:25)\n        at Suite.processPendingSubtests (node:internal/test_runner/test:633:18)\n        at Test.postRun (node:internal/test_runner/test:1045:19)\n        at Test.run (node:internal/test_runner/test:973:12)\n        at async Suite.processPendingSubtests (node:internal/test_runner/test:633:7) {\n      generatedMessage: true,\n      code: 'ERR_ASSERTION',\n      actual: '\\\\\\\\?\\\\C:\\\\workspace\\\\node-test-binary-windows-js-suites\\\\node\\\\test\\\\fixtures\\\\packages\\\\nested\\\\package.json',\n      expected: 'C:\\\\workspace\\\\node-test-binary-windows-js-suites\\\\node\\\\test\\\\fixtures\\\\packages\\\\nested\\\\package.json',\n      operator: 'strictEqual'\n    }\n\n  ✔ can require via package.json (70.6158ms)\n  ✔ should be able to do whatever the heck Antoine created (33.1864ms)\n✖ findPackageJSON (280.653ms)\n466 undefined 914 914\n\nℹ tests 8\nℹ suites 1\nℹ pass 4\nℹ fail 4\nℹ cancelled 0\nℹ skipped 0\nℹ todo 0\nℹ duration_ms 514.5378\n\n✖ failing tests:\n\ntest at test\\parallel\\test-find-package-json.js:31:3\n✖ should accept a file URL (string), like from `import.meta.resolve()` (23.1382ms)\n  AssertionError [ERR_ASSERTION]: Expected values to be strictly equal:\n  + actual - expected\n  \n  + '\\\\\\\\?\\\\C:\\\\workspace\\\\node-test-binary-windows-js-suites\\\\node\\\\test\\\\fixtures\\\\packages\\\\root-types-field\\\\package.json'\n  - 'C:\\\\workspace\\\\node-test-binary-windows-js-suites\\\\node\\\\test\\\\fixtures\\\\packages\\\\root-types-field\\\\package.json'\n  \n      at TestContext.<anonymous> (C:\\workspace\\node-test-binary-windows-js-suites\\node\\test\\parallel\\test-find-package-json.js:34:12)\n      at Test.runInAsyncScope (node:async_hooks:211:14)\n      at Test.run (node:internal/test_runner/test:934:25)\n      at Suite.processPendingSubtests (node:internal/test_runner/test:633:18)\n      at Test.postRun (node:internal/test_runner/test:1045:19)\n      at Test.run (node:internal/test_runner/test:973:12)\n      at async Suite.processPendingSubtests (node:internal/test_runner/test:633:7) {\n    generatedMessage: true,\n    code: 'ERR_ASSERTION',\n    actual: '\\\\\\\\?\\\\C:\\\\workspace\\\\node-test-binary-windows-js-suites\\\\node\\\\test\\\\fixtures\\\\packages\\\\root-types-field\\\\package.json',\n    expected: 'C:\\\\workspace\\\\node-test-binary-windows-js-suites\\\\node\\\\test\\\\fixtures\\\\packages\\\\root-types-field\\\\package.json',\n    operator: 'strictEqual'\n  }\n\ntest at test\\parallel\\test-find-package-json.js:40:3\n✖ should accept a file URL instance (8.8869ms)\n  AssertionError [ERR_ASSERTION]: Expected values to be strictly equal:\n  + actual - expected\n  \n  + '\\\\\\\\?\\\\C:\\\\workspace\\\\node-test-binary-windows-js-suites\\\\node\\\\test\\\\fixtures\\\\packages\\\\root-types-field\\\\package.json'\n  - 'C:\\\\workspace\\\\node-test-binary-windows-js-suites\\\\node\\\\test\\\\fixtures\\\\packages\\\\root-types-field\\\\package.json'\n  \n      at TestContext.<anonymous> (C:\\workspace\\node-test-binary-windows-js-suites\\node\\test\\parallel\\test-find-package-json.js:44:12)\n      at Test.runInAsyncScope (node:async_hooks:211:14)\n      at Test.run (node:internal/test_runner/test:934:25)\n      at Suite.processPendingSubtests (node:internal/test_runner/test:633:18)\n      at Test.postRun (node:internal/test_runner/test:1045:19)\n      at Test.run (node:internal/test_runner/test:973:12)\n      at async Suite.processPendingSubtests (node:internal/test_runner/test:633:7) {\n    generatedMessage: true,\n    code: 'ERR_ASSERTION',\n    actual: '\\\\\\\\?\\\\C:\\\\workspace\\\\node-test-binary-windows-js-suites\\\\node\\\\test\\\\fixtures\\\\packages\\\\root-types-field\\\\package.json',\n    expected: 'C:\\\\workspace\\\\node-test-binary-windows-js-suites\\\\node\\\\test\\\\fixtures\\\\packages\\\\root-types-field\\\\package.json',\n    operator: 'strictEqual'\n  }\n\ntest at test\\parallel\\test-find-package-json.js:53:3\n✖ should be able to crawl up (CJS) (55.0832ms)\n  TypeError: Invalid URL\n      at new URL (node:internal/url:814:29)\n      at findPackageJSON (node:internal/modules/package_json_reader:203:22)\n      at Object.<anonymous> (C:\\workspace\\node-test-binary-windows-js-suites\\node\\test\\fixtures\\packages\\nested\\sub-pkg-cjs\\index.js:3:18)\n      at Module._compile (node:internal/modules/cjs/loader:1568:14)\n      at Object..js (node:internal/modules/cjs/loader:1711:10)\n      at Module.load (node:internal/modules/cjs/loader:1328:32)\n      at Function._load (node:internal/modules/cjs/loader:1138:12)\n      at TracingChannel.traceSync (node:diagnostics_channel:322:14)\n      at wrapModuleLoad (node:internal/modules/cjs/loader:218:24)\n      at Module.require (node:internal/modules/cjs/loader:1350:12) {\n    code: 'ERR_INVALID_URL',\n    input: '..',\n    base: 'c:\\\\workspace\\\\node-test-binary-windows-js-suites\\\\node\\\\test\\\\fixtures\\\\packages\\\\nested\\\\sub-pkg-cjs\\\\index.js'\n  }\n\ntest at test\\parallel\\test-find-package-json.js:61:3\n✖ should be able to crawl up (ESM) (72.3065ms)\n  AssertionError [ERR_ASSERTION]: Expected values to be strictly equal:\n  + actual - expected\n  \n  + '\\\\\\\\?\\\\C:\\\\workspace\\\\node-test-binary-windows-js-suites\\\\node\\\\test\\\\fixtures\\\\packages\\\\nested\\\\package.json'\n  - 'C:\\\\workspace\\\\node-test-binary-windows-js-suites\\\\node\\\\test\\\\fixtures\\\\packages\\\\nested\\\\package.json'\n  \n      at TestContext.<anonymous> (C:\\workspace\\node-test-binary-windows-js-suites\\node\\test\\parallel\\test-find-package-json.js:66:12)\n      at Test.runInAsyncScope (node:async_hooks:211:14)\n      at Test.run (node:internal/test_runner/test:934:25)\n      at Suite.processPendingSubtests (node:internal/test_runner/test:633:18)\n      at Test.postRun (node:internal/test_runner/test:1045:19)\n      at Test.run (node:internal/test_runner/test:973:12)\n      at async Suite.processPendingSubtests (node:internal/test_runner/test:633:7) {\n    generatedMessage: true,\n    code: 'ERR_ASSERTION',\n    actual: '\\\\\\\\?\\\\C:\\\\workspace\\\\node-test-binary-windows-js-suites\\\\node\\\\test\\\\fixtures\\\\packages\\\\nested\\\\package.json',\n    expected: 'C:\\\\workspace\\\\node-test-binary-windows-js-suites\\\\node\\\\test\\\\fixtures\\\\packages\\\\nested\\\\package.json',\n    operator: 'strictEqual'\n  }\n(node:3928) ExperimentalWarning: Support for loading ES Module in require() is an experimental feature and might change at any time\n(Use `node --trace-warnings ...` to show where the warning was created)"},"time":1084.537,"fullname":"parallel/test-find-package-json","closingTestPoint":false}},{"testName":"parallel/test-find-package-json","timestamp":1729206852179,"status":"FAILED","jobName":"node-test-binary-windows-js-suites","config":"node-test-binary-windows-js-suites » 2,win2022-COMPILED_BY-vs2022 #30893","buildUrl":"https://ci.nodejs.org/job/node-test-binary-windows-js-suites/RUN_SUBSET=2,nodes=win2022-COMPILED_BY-vs2022/30893/","buildNumber":30893,"builtOn":"test-rackspace-win2022_vs2022-x64-3","nodeVersion":"23.0.0","commitHash":"3c86c25f41fd43d8b327a3deb8c0891a0a81564a","callStack":[{"upstreamBuild":66594,"upstreamProject":"node-test-commit-windows-fanned","upstreamUrl":"job/node-test-commit-windows-fanned/"},{"upstreamBuild":75286,"upstreamProject":"node-test-commit","upstreamUrl":"job/node-test-commit/"},{"upstreamBuild":63167,"upstreamProject":"node-test-pull-request","upstreamUrl":"job/node-test-pull-request/"},{"prId":"55412"}],"tap":{"ok":false,"name":"parallel/test-find-package-json","id":283,"buffered":false,"tapError":null,"skip":false,"todo":false,"previous":null,"plan":null,"diag":{"severity":"fail","exitcode":1,"stack":"▶ findPackageJSON\n  ✔ should throw when no arguments are provided (4.1233ms)\n  ✔ should throw when parentLocation is invalid (1.8121ms)\n  ✖ should accept a file URL (string), like from `import.meta.resolve()` (14.2693ms)\n    AssertionError [ERR_ASSERTION]: Expected values to be strictly equal:\n    + actual - expected\n    \n    + '\\\\\\\\?\\\\C:\\\\workspace\\\\node-test-binary-windows-js-suites\\\\node\\\\test\\\\fixtures\\\\packages\\\\root-types-field\\\\package.json'\n    - 'C:\\\\workspace\\\\node-test-binary-windows-js-suites\\\\node\\\\test\\\\fixtures\\\\packages\\\\root-types-field\\\\package.json'\n    \n        at TestContext.<anonymous> (C:\\workspace\\node-test-binary-windows-js-suites\\node\\test\\parallel\\test-find-package-json.js:34:12)\n        at Test.runInAsyncScope (node:async_hooks:211:14)\n        at Test.run (node:internal/test_runner/test:934:25)\n        at Suite.processPendingSubtests (node:internal/test_runner/test:633:18)\n        at Test.postRun (node:internal/test_runner/test:1045:19)\n        at Test.run (node:internal/test_runner/test:973:12)\n        at async Suite.processPendingSubtests (node:internal/test_runner/test:633:7) {\n      generatedMessage: true,\n      code: 'ERR_ASSERTION',\n      actual: '\\\\\\\\?\\\\C:\\\\workspace\\\\node-test-binary-windows-js-suites\\\\node\\\\test\\\\fixtures\\\\packages\\\\root-types-field\\\\package.json',\n      expected: 'C:\\\\workspace\\\\node-test-binary-windows-js-suites\\\\node\\\\test\\\\fixtures\\\\packages\\\\root-types-field\\\\package.json',\n      operator: 'strictEqual'\n    }\n\n  ✖ should accept a file URL instance (7.6594ms)\n    AssertionError [ERR_ASSERTION]: Expected values to be strictly equal:\n    + actual - expected\n    \n    + '\\\\\\\\?\\\\C:\\\\workspace\\\\node-test-binary-windows-js-suites\\\\node\\\\test\\\\fixtures\\\\packages\\\\root-types-field\\\\package.json'\n    - 'C:\\\\workspace\\\\node-test-binary-windows-js-suites\\\\node\\\\test\\\\fixtures\\\\packages\\\\root-types-field\\\\package.json'\n    \n        at TestContext.<anonymous> (C:\\workspace\\node-test-binary-windows-js-suites\\node\\test\\parallel\\test-find-package-json.js:44:12)\n        at Test.runInAsyncScope (node:async_hooks:211:14)\n        at Test.run (node:internal/test_runner/test:934:25)\n        at Suite.processPendingSubtests (node:internal/test_runner/test:633:18)\n        at Test.postRun (node:internal/test_runner/test:1045:19)\n        at Test.run (node:internal/test_runner/test:973:12)\n        at async Suite.processPendingSubtests (node:internal/test_runner/test:633:7) {\n      generatedMessage: true,\n      code: 'ERR_ASSERTION',\n      actual: '\\\\\\\\?\\\\C:\\\\workspace\\\\node-test-binary-windows-js-suites\\\\node\\\\test\\\\fixtures\\\\packages\\\\root-types-field\\\\package.json',\n      expected: 'C:\\\\workspace\\\\node-test-binary-windows-js-suites\\\\node\\\\test\\\\fixtures\\\\packages\\\\root-types-field\\\\package.json',\n      operator: 'strictEqual'\n    }\n\n  ✖ should be able to crawl up (CJS) (21.3505ms)\n    TypeError: Invalid URL\n        at new URL (node:internal/url:814:29)\n        at findPackageJSON (node:internal/modules/package_json_reader:203:22)\n        at Object.<anonymous> (C:\\workspace\\node-test-binary-windows-js-suites\\node\\test\\fixtures\\packages\\nested\\sub-pkg-cjs\\index.js:3:18)\n        at Module._compile (node:internal/modules/cjs/loader:1568:14)\n        at Object..js (node:internal/modules/cjs/loader:1711:10)\n        at Module.load (node:internal/modules/cjs/loader:1328:32)\n        at Function._load (node:internal/modules/cjs/loader:1138:12)\n        at TracingChannel.traceSync (node:diagnostics_channel:322:14)\n        at wrapModuleLoad (node:internal/modules/cjs/loader:218:24)\n        at Module.require (node:internal/modules/cjs/loader:1350:12) {\n      code: 'ERR_INVALID_URL',\n      input: '..',\n      base: 'c:\\\\workspace\\\\node-test-binary-windows-js-suites\\\\node\\\\test\\\\fixtures\\\\packages\\\\nested\\\\sub-pkg-cjs\\\\index.js'\n    }\n\n  ✖ should be able to crawl up (ESM) (40.3485ms)\n    AssertionError [ERR_ASSERTION]: Expected values to be strictly equal:\n    + actual - expected\n    \n    + '\\\\\\\\?\\\\C:\\\\workspace\\\\node-test-binary-windows-js-suites\\\\node\\\\test\\\\fixtures\\\\packages\\\\nested\\\\package.json'\n    - 'C:\\\\workspace\\\\node-test-binary-windows-js-suites\\\\node\\\\test\\\\fixtures\\\\packages\\\\nested\\\\package.json'\n    \n        at TestContext.<anonymous> (C:\\workspace\\node-test-binary-windows-js-suites\\node\\test\\parallel\\test-find-package-json.js:66:12)\n        at Test.runInAsyncScope (node:async_hooks:211:14)\n        at Test.run (node:internal/test_runner/test:934:25)\n        at Suite.processPendingSubtests (node:internal/test_runner/test:633:18)\n        at Test.postRun (node:internal/test_runner/test:1045:19)\n        at Test.run (node:internal/test_runner/test:973:12)\n        at async Suite.processPendingSubtests (node:internal/test_runner/test:633:7) {\n      generatedMessage: true,\n      code: 'ERR_ASSERTION',\n      actual: '\\\\\\\\?\\\\C:\\\\workspace\\\\node-test-binary-windows-js-suites\\\\node\\\\test\\\\fixtures\\\\packages\\\\nested\\\\package.json',\n      expected: 'C:\\\\workspace\\\\node-test-binary-windows-js-suites\\\\node\\\\test\\\\fixtures\\\\packages\\\\nested\\\\package.json',\n      operator: 'strictEqual'\n    }\n\n  ✔ can require via package.json (48.8287ms)\n  ✔ should be able to do whatever the heck Antoine created (33.7321ms)\n✖ findPackageJSON (176.3768ms)\n496 undefined 658 680\n\nℹ tests 8\nℹ suites 1\nℹ pass 4\nℹ fail 4\nℹ cancelled 0\nℹ skipped 0\nℹ todo 0\nℹ duration_ms 353.7499\n\n✖ failing tests:\n\ntest at test\\parallel\\test-find-package-json.js:31:3\n✖ should accept a file URL (string), like from `import.meta.resolve()` (14.2693ms)\n  AssertionError [ERR_ASSERTION]: Expected values to be strictly equal:\n  + actual - expected\n  \n  + '\\\\\\\\?\\\\C:\\\\workspace\\\\node-test-binary-windows-js-suites\\\\node\\\\test\\\\fixtures\\\\packages\\\\root-types-field\\\\package.json'\n  - 'C:\\\\workspace\\\\node-test-binary-windows-js-suites\\\\node\\\\test\\\\fixtures\\\\packages\\\\root-types-field\\\\package.json'\n  \n      at TestContext.<anonymous> (C:\\workspace\\node-test-binary-windows-js-suites\\node\\test\\parallel\\test-find-package-json.js:34:12)\n      at Test.runInAsyncScope (node:async_hooks:211:14)\n      at Test.run (node:internal/test_runner/test:934:25)\n      at Suite.processPendingSubtests (node:internal/test_runner/test:633:18)\n      at Test.postRun (node:internal/test_runner/test:1045:19)\n      at Test.run (node:internal/test_runner/test:973:12)\n      at async Suite.processPendingSubtests (node:internal/test_runner/test:633:7) {\n    generatedMessage: true,\n    code: 'ERR_ASSERTION',\n    actual: '\\\\\\\\?\\\\C:\\\\workspace\\\\node-test-binary-windows-js-suites\\\\node\\\\test\\\\fixtures\\\\packages\\\\root-types-field\\\\package.json',\n    expected: 'C:\\\\workspace\\\\node-test-binary-windows-js-suites\\\\node\\\\test\\\\fixtures\\\\packages\\\\root-types-field\\\\package.json',\n    operator: 'strictEqual'\n  }\n\ntest at test\\parallel\\test-find-package-json.js:40:3\n✖ should accept a file URL instance (7.6594ms)\n  AssertionError [ERR_ASSERTION]: Expected values to be strictly equal:\n  + actual - expected\n  \n  + '\\\\\\\\?\\\\C:\\\\workspace\\\\node-test-binary-windows-js-suites\\\\node\\\\test\\\\fixtures\\\\packages\\\\root-types-field\\\\package.json'\n  - 'C:\\\\workspace\\\\node-test-binary-windows-js-suites\\\\node\\\\test\\\\fixtures\\\\packages\\\\root-types-field\\\\package.json'\n  \n      at TestContext.<anonymous> (C:\\workspace\\node-test-binary-windows-js-suites\\node\\test\\parallel\\test-find-package-json.js:44:12)\n      at Test.runInAsyncScope (node:async_hooks:211:14)\n      at Test.run (node:internal/test_runner/test:934:25)\n      at Suite.processPendingSubtests (node:internal/test_runner/test:633:18)\n      at Test.postRun (node:internal/test_runner/test:1045:19)\n      at Test.run (node:internal/test_runner/test:973:12)\n      at async Suite.processPendingSubtests (node:internal/test_runner/test:633:7) {\n    generatedMessage: true,\n    code: 'ERR_ASSERTION',\n    actual: '\\\\\\\\?\\\\C:\\\\workspace\\\\node-test-binary-windows-js-suites\\\\node\\\\test\\\\fixtures\\\\packages\\\\root-types-field\\\\package.json',\n    expected: 'C:\\\\workspace\\\\node-test-binary-windows-js-suites\\\\node\\\\test\\\\fixtures\\\\packages\\\\root-types-field\\\\package.json',\n    operator: 'strictEqual'\n  }\n\ntest at test\\parallel\\test-find-package-json.js:53:3\n✖ should be able to crawl up (CJS) (21.3505ms)\n  TypeError: Invalid URL\n      at new URL (node:internal/url:814:29)\n      at findPackageJSON (node:internal/modules/package_json_reader:203:22)\n      at Object.<anonymous> (C:\\workspace\\node-test-binary-windows-js-suites\\node\\test\\fixtures\\packages\\nested\\sub-pkg-cjs\\index.js:3:18)\n      at Module._compile (node:internal/modules/cjs/loader:1568:14)\n      at Object..js (node:internal/modules/cjs/loader:1711:10)\n      at Module.load (node:internal/modules/cjs/loader:1328:32)\n      at Function._load (node:internal/modules/cjs/loader:1138:12)\n      at TracingChannel.traceSync (node:diagnostics_channel:322:14)\n      at wrapModuleLoad (node:internal/modules/cjs/loader:218:24)\n      at Module.require (node:internal/modules/cjs/loader:1350:12) {\n    code: 'ERR_INVALID_URL',\n    input: '..',\n    base: 'c:\\\\workspace\\\\node-test-binary-windows-js-suites\\\\node\\\\test\\\\fixtures\\\\packages\\\\nested\\\\sub-pkg-cjs\\\\index.js'\n  }\n\ntest at test\\parallel\\test-find-package-json.js:61:3\n✖ should be able to crawl up (ESM) (40.3485ms)\n  AssertionError [ERR_ASSERTION]: Expected values to be strictly equal:\n  + actual - expected\n  \n  + '\\\\\\\\?\\\\C:\\\\workspace\\\\node-test-binary-windows-js-suites\\\\node\\\\test\\\\fixtures\\\\packages\\\\nested\\\\package.json'\n  - 'C:\\\\workspace\\\\node-test-binary-windows-js-suites\\\\node\\\\test\\\\fixtures\\\\packages\\\\nested\\\\package.json'\n  \n      at TestContext.<anonymous> (C:\\workspace\\node-test-binary-windows-js-suites\\node\\test\\parallel\\test-find-package-json.js:66:12)\n      at Test.runInAsyncScope (node:async_hooks:211:14)\n      at Test.run (node:internal/test_runner/test:934:25)\n      at Suite.processPendingSubtests (node:internal/test_runner/test:633:18)\n      at Test.postRun (node:internal/test_runner/test:1045:19)\n      at Test.run (node:internal/test_runner/test:973:12)\n      at async Suite.processPendingSubtests (node:internal/test_runner/test:633:7) {\n    generatedMessage: true,\n    code: 'ERR_ASSERTION',\n    actual: '\\\\\\\\?\\\\C:\\\\workspace\\\\node-test-binary-windows-js-suites\\\\node\\\\test\\\\fixtures\\\\packages\\\\nested\\\\package.json',\n    expected: 'C:\\\\workspace\\\\node-test-binary-windows-js-suites\\\\node\\\\test\\\\fixtures\\\\packages\\\\nested\\\\package.json',\n    operator: 'strictEqual'\n  }\n(node:4580) ExperimentalWarning: Support for loading ES Module in require() is an experimental feature and might change at any time\n(Use `node --trace-warnings ...` to show where the warning was created)"},"time":715.015,"fullname":"parallel/test-find-package-json","closingTestPoint":false}},{"testName":"parallel/test-find-package-json","timestamp":1729206852179,"status":"FAILED","jobName":"node-test-binary-windows-js-suites","config":"node-test-binary-windows-js-suites » 3,win11-arm64-COMPILED_BY-vs2022-arm64 #30893","buildUrl":"https://ci.nodejs.org/job/node-test-binary-windows-js-suites/RUN_SUBSET=3,nodes=win11-arm64-COMPILED_BY-vs2022-arm64/30893/","buildNumber":30893,"builtOn":"test-azure_msft-win11_vs2022-arm64-6","nodeVersion":"23.0.0","commitHash":"3c86c25f41fd43d8b327a3deb8c0891a0a81564a","callStack":[{"upstreamBuild":66594,"upstreamProject":"node-test-commit-windows-fanned","upstreamUrl":"job/node-test-commit-windows-fanned/"},{"upstreamBuild":75286,"upstreamProject":"node-test-commit","upstreamUrl":"job/node-test-commit/"},{"upstreamBuild":63167,"upstreamProject":"node-test-pull-request","upstreamUrl":"job/node-test-pull-request/"},{"prId":"55412"}],"tap":{"ok":false,"name":"parallel/test-find-package-json","id":283,"buffered":false,"tapError":null,"skip":false,"todo":false,"previous":null,"plan":null,"diag":{"severity":"fail","exitcode":1,"stack":"▶ findPackageJSON\n  ✔ should throw when no arguments are provided (6.438ms)\n  ✔ should throw when parentLocation is invalid (1.2119ms)\n  ✖ should accept a file URL (string), like from `import.meta.resolve()` (11.174ms)\n    AssertionError [ERR_ASSERTION]: Expected values to be strictly equal:\n    + actual - expected\n    \n    + '\\\\\\\\?\\\\d:\\\\workspace\\\\node-test-binary-windows-js-suites\\\\node\\\\test\\\\fixtures\\\\packages\\\\root-types-field\\\\package.json'\n    - 'd:\\\\workspace\\\\node-test-binary-windows-js-suites\\\\node\\\\test\\\\fixtures\\\\packages\\\\root-types-field\\\\package.json'\n    \n        at TestContext.<anonymous> (d:\\workspace\\node-test-binary-windows-js-suites\\node\\test\\parallel\\test-find-package-json.js:34:12)\n        at Test.runInAsyncScope (node:async_hooks:211:14)\n        at Test.run (node:internal/test_runner/test:934:25)\n        at Suite.processPendingSubtests (node:internal/test_runner/test:633:18)\n        at Test.postRun (node:internal/test_runner/test:1045:19)\n        at Test.run (node:internal/test_runner/test:973:12)\n        at async Suite.processPendingSubtests (node:internal/test_runner/test:633:7) {\n      generatedMessage: true,\n      code: 'ERR_ASSERTION',\n      actual: '\\\\\\\\?\\\\d:\\\\workspace\\\\node-test-binary-windows-js-suites\\\\node\\\\test\\\\fixtures\\\\packages\\\\root-types-field\\\\package.json',\n      expected: 'd:\\\\workspace\\\\node-test-binary-windows-js-suites\\\\node\\\\test\\\\fixtures\\\\packages\\\\root-types-field\\\\package.json',\n      operator: 'strictEqual'\n    }\n\n  ✖ should accept a file URL instance (7.648ms)\n    AssertionError [ERR_ASSERTION]: Expected values to be strictly equal:\n    + actual - expected\n    \n    + '\\\\\\\\?\\\\d:\\\\workspace\\\\node-test-binary-windows-js-suites\\\\node\\\\test\\\\fixtures\\\\packages\\\\root-types-field\\\\package.json'\n    - 'd:\\\\workspace\\\\node-test-binary-windows-js-suites\\\\node\\\\test\\\\fixtures\\\\packages\\\\root-types-field\\\\package.json'\n    \n        at TestContext.<anonymous> (d:\\workspace\\node-test-binary-windows-js-suites\\node\\test\\parallel\\test-find-package-json.js:44:12)\n        at Test.runInAsyncScope (node:async_hooks:211:14)\n        at Test.run (node:internal/test_runner/test:934:25)\n        at Suite.processPendingSubtests (node:internal/test_runner/test:633:18)\n        at Test.postRun (node:internal/test_runner/test:1045:19)\n        at Test.run (node:internal/test_runner/test:973:12)\n        at async Suite.processPendingSubtests (node:internal/test_runner/test:633:7) {\n      generatedMessage: true,\n      code: 'ERR_ASSERTION',\n      actual: '\\\\\\\\?\\\\d:\\\\workspace\\\\node-test-binary-windows-js-suites\\\\node\\\\test\\\\fixtures\\\\packages\\\\root-types-field\\\\package.json',\n      expected: 'd:\\\\workspace\\\\node-test-binary-windows-js-suites\\\\node\\\\test\\\\fixtures\\\\packages\\\\root-types-field\\\\package.json',\n      operator: 'strictEqual'\n    }\n\n  ✖ should be able to crawl up (CJS) (16.0183ms)\n    TypeError: Invalid URL\n        at new URL (node:internal/url:814:29)\n        at findPackageJSON (node:internal/modules/package_json_reader:203:22)\n        at Object.<anonymous> (d:\\workspace\\node-test-binary-windows-js-suites\\node\\test\\fixtures\\packages\\nested\\sub-pkg-cjs\\index.js:3:18)\n        at Module._compile (node:internal/modules/cjs/loader:1568:14)\n        at Module._extensions..js (node:internal/modules/cjs/loader:1711:10)\n        at Module.load (node:internal/modules/cjs/loader:1328:32)\n        at Module._load (node:internal/modules/cjs/loader:1138:12)\n        at TracingChannel.traceSync (node:diagnostics_channel:322:14)\n        at wrapModuleLoad (node:internal/modules/cjs/loader:218:24)\n        at Module.require (node:internal/modules/cjs/loader:1350:12) {\n      code: 'ERR_INVALID_URL',\n      input: '..',\n      base: 'd:\\\\workspace\\\\node-test-binary-windows-js-suites\\\\node\\\\test\\\\fixtures\\\\packages\\\\nested\\\\sub-pkg-cjs\\\\index.js'\n    }\n\n  ✖ should be able to crawl up (ESM) (29.4104ms)\n    AssertionError [ERR_ASSERTION]: Expected values to be strictly equal:\n    + actual - expected\n    \n    + '\\\\\\\\?\\\\d:\\\\workspace\\\\node-test-binary-windows-js-suites\\\\node\\\\test\\\\fixtures\\\\packages\\\\nested\\\\package.json'\n    - 'd:\\\\workspace\\\\node-test-binary-windows-js-suites\\\\node\\\\test\\\\fixtures\\\\packages\\\\nested\\\\package.json'\n    \n        at TestContext.<anonymous> (d:\\workspace\\node-test-binary-windows-js-suites\\node\\test\\parallel\\test-find-package-json.js:66:12)\n        at Test.runInAsyncScope (node:async_hooks:211:14)\n        at Test.run (node:internal/test_runner/test:934:25)\n        at Suite.processPendingSubtests (node:internal/test_runner/test:633:18)\n        at Test.postRun (node:internal/test_runner/test:1045:19)\n        at Test.run (node:internal/test_runner/test:973:12)\n        at async Suite.processPendingSubtests (node:internal/test_runner/test:633:7) {\n      generatedMessage: true,\n      code: 'ERR_ASSERTION',\n      actual: '\\\\\\\\?\\\\d:\\\\workspace\\\\node-test-binary-windows-js-suites\\\\node\\\\test\\\\fixtures\\\\packages\\\\nested\\\\package.json',\n      expected: 'd:\\\\workspace\\\\node-test-binary-windows-js-suites\\\\node\\\\test\\\\fixtures\\\\packages\\\\nested\\\\package.json',\n      operator: 'strictEqual'\n    }\n\n  ✔ can require via package.json (32.2114ms)\n  ✔ should be able to do whatever the heck Antoine created (38.112ms)\n✖ findPackageJSON (145.3891ms)\n310 undefined 319 960\n\nℹ tests 8\nℹ suites 1\nℹ pass 4\nℹ fail 4\nℹ cancelled 0\nℹ skipped 0\nℹ todo 0\nℹ duration_ms 355.5916\n\n✖ failing tests:\n\ntest at test\\parallel\\test-find-package-json.js:31:3\n✖ should accept a file URL (string), like from `import.meta.resolve()` (11.174ms)\n  AssertionError [ERR_ASSERTION]: Expected values to be strictly equal:\n  + actual - expected\n  \n  + '\\\\\\\\?\\\\d:\\\\workspace\\\\node-test-binary-windows-js-suites\\\\node\\\\test\\\\fixtures\\\\packages\\\\root-types-field\\\\package.json'\n  - 'd:\\\\workspace\\\\node-test-binary-windows-js-suites\\\\node\\\\test\\\\fixtures\\\\packages\\\\root-types-field\\\\package.json'\n  \n      at TestContext.<anonymous> (d:\\workspace\\node-test-binary-windows-js-suites\\node\\test\\parallel\\test-find-package-json.js:34:12)\n      at Test.runInAsyncScope (node:async_hooks:211:14)\n      at Test.run (node:internal/test_runner/test:934:25)\n      at Suite.processPendingSubtests (node:internal/test_runner/test:633:18)\n      at Test.postRun (node:internal/test_runner/test:1045:19)\n      at Test.run (node:internal/test_runner/test:973:12)\n      at async Suite.processPendingSubtests (node:internal/test_runner/test:633:7) {\n    generatedMessage: true,\n    code: 'ERR_ASSERTION',\n    actual: '\\\\\\\\?\\\\d:\\\\workspace\\\\node-test-binary-windows-js-suites\\\\node\\\\test\\\\fixtures\\\\packages\\\\root-types-field\\\\package.json',\n    expected: 'd:\\\\workspace\\\\node-test-binary-windows-js-suites\\\\node\\\\test\\\\fixtures\\\\packages\\\\root-types-field\\\\package.json',\n    operator: 'strictEqual'\n  }\n\ntest at test\\parallel\\test-find-package-json.js:40:3\n✖ should accept a file URL instance (7.648ms)\n  AssertionError [ERR_ASSERTION]: Expected values to be strictly equal:\n  + actual - expected\n  \n  + '\\\\\\\\?\\\\d:\\\\workspace\\\\node-test-binary-windows-js-suites\\\\node\\\\test\\\\fixtures\\\\packages\\\\root-types-field\\\\package.json'\n  - 'd:\\\\workspace\\\\node-test-binary-windows-js-suites\\\\node\\\\test\\\\fixtures\\\\packages\\\\root-types-field\\\\package.json'\n  \n      at TestContext.<anonymous> (d:\\workspace\\node-test-binary-windows-js-suites\\node\\test\\parallel\\test-find-package-json.js:44:12)\n      at Test.runInAsyncScope (node:async_hooks:211:14)\n      at Test.run (node:internal/test_runner/test:934:25)\n      at Suite.processPendingSubtests (node:internal/test_runner/test:633:18)\n      at Test.postRun (node:internal/test_runner/test:1045:19)\n      at Test.run (node:internal/test_runner/test:973:12)\n      at async Suite.processPendingSubtests (node:internal/test_runner/test:633:7) {\n    generatedMessage: true,\n    code: 'ERR_ASSERTION',\n    actual: '\\\\\\\\?\\\\d:\\\\workspace\\\\node-test-binary-windows-js-suites\\\\node\\\\test\\\\fixtures\\\\packages\\\\root-types-field\\\\package.json',\n    expected: 'd:\\\\workspace\\\\node-test-binary-windows-js-suites\\\\node\\\\test\\\\fixtures\\\\packages\\\\root-types-field\\\\package.json',\n    operator: 'strictEqual'\n  }\n\ntest at test\\parallel\\test-find-package-json.js:53:3\n✖ should be able to crawl up (CJS) (16.0183ms)\n  TypeError: Invalid URL\n      at new URL (node:internal/url:814:29)\n      at findPackageJSON (node:internal/modules/package_json_reader:203:22)\n      at Object.<anonymous> (d:\\workspace\\node-test-binary-windows-js-suites\\node\\test\\fixtures\\packages\\nested\\sub-pkg-cjs\\index.js:3:18)\n      at Module._compile (node:internal/modules/cjs/loader:1568:14)\n      at Module._extensions..js (node:internal/modules/cjs/loader:1711:10)\n      at Module.load (node:internal/modules/cjs/loader:1328:32)\n      at Module._load (node:internal/modules/cjs/loader:1138:12)\n      at TracingChannel.traceSync (node:diagnostics_channel:322:14)\n      at wrapModuleLoad (node:internal/modules/cjs/loader:218:24)\n      at Module.require (node:internal/modules/cjs/loader:1350:12) {\n    code: 'ERR_INVALID_URL',\n    input: '..',\n    base: 'd:\\\\workspace\\\\node-test-binary-windows-js-suites\\\\node\\\\test\\\\fixtures\\\\packages\\\\nested\\\\sub-pkg-cjs\\\\index.js'\n  }\n\ntest at test\\parallel\\test-find-package-json.js:61:3\n✖ should be able to crawl up (ESM) (29.4104ms)\n  AssertionError [ERR_ASSERTION]: Expected values to be strictly equal:\n  + actual - expected\n  \n  + '\\\\\\\\?\\\\d:\\\\workspace\\\\node-test-binary-windows-js-suites\\\\node\\\\test\\\\fixtures\\\\packages\\\\nested\\\\package.json'\n  - 'd:\\\\workspace\\\\node-test-binary-windows-js-suites\\\\node\\\\test\\\\fixtures\\\\packages\\\\nested\\\\package.json'\n  \n      at TestContext.<anonymous> (d:\\workspace\\node-test-binary-windows-js-suites\\node\\test\\parallel\\test-find-package-json.js:66:12)\n      at Test.runInAsyncScope (node:async_hooks:211:14)\n      at Test.run (node:internal/test_runner/test:934:25)\n      at Suite.processPendingSubtests (node:internal/test_runner/test:633:18)\n      at Test.postRun (node:internal/test_runner/test:1045:19)\n      at Test.run (node:internal/test_runner/test:973:12)\n      at async Suite.processPendingSubtests (node:internal/test_runner/test:633:7) {\n    generatedMessage: true,\n    code: 'ERR_ASSERTION',\n    actual: '\\\\\\\\?\\\\d:\\\\workspace\\\\node-test-binary-windows-js-suites\\\\node\\\\test\\\\fixtures\\\\packages\\\\nested\\\\package.json',\n    expected: 'd:\\\\workspace\\\\node-test-binary-windows-js-suites\\\\node\\\\test\\\\fixtures\\\\packages\\\\nested\\\\package.json',\n    operator: 'strictEqual'\n  }\n(node:8460) ExperimentalWarning: Support for loading ES Module in require() is an experimental feature and might change at any time\n(Use `node --trace-warnings ...` to show where the warning was created)"},"time":749.008,"fullname":"parallel/test-find-package-json","closingTestPoint":false}},{"testName":"parallel/test-find-package-json","timestamp":1729206852179,"status":"FAILED","jobName":"node-test-binary-windows-js-suites","config":"node-test-binary-windows-js-suites » 2,win10-COMPILED_BY-vs2022 #30893","buildUrl":"https://ci.nodejs.org/job/node-test-binary-windows-js-suites/RUN_SUBSET=2,nodes=win10-COMPILED_BY-vs2022/30893/","buildNumber":30893,"builtOn":"test-azure_msft-win10_vs2019-x64-3","nodeVersion":"23.0.0","commitHash":"3c86c25f41fd43d8b327a3deb8c0891a0a81564a","callStack":[{"upstreamBuild":66594,"upstreamProject":"node-test-commit-windows-fanned","upstreamUrl":"job/node-test-commit-windows-fanned/"},{"upstreamBuild":75286,"upstreamProject":"node-test-commit","upstreamUrl":"job/node-test-commit/"},{"upstreamBuild":63167,"upstreamProject":"node-test-pull-request","upstreamUrl":"job/node-test-pull-request/"},{"prId":"55412"}],"tap":{"ok":false,"name":"parallel/test-find-package-json","id":280,"buffered":false,"tapError":null,"skip":false,"todo":false,"previous":null,"plan":null,"diag":{"severity":"fail","exitcode":1,"stack":"▶ findPackageJSON\n  ✔ should throw when no arguments are provided (2.5132ms)\n  ✔ should throw when parentLocation is invalid (1.1908ms)\n  ✖ should accept a file URL (string), like from `import.meta.resolve()` (11.771ms)\n    AssertionError [ERR_ASSERTION]: Expected values to be strictly equal:\n    + actual - expected\n    \n    + '\\\\\\\\?\\\\c:\\\\workspace\\\\node-test-binary-windows-js-suites\\\\node\\\\test\\\\fixtures\\\\packages\\\\root-types-field\\\\package.json'\n    - 'c:\\\\workspace\\\\node-test-binary-windows-js-suites\\\\node\\\\test\\\\fixtures\\\\packages\\\\root-types-field\\\\package.json'\n    \n        at TestContext.<anonymous> (c:\\workspace\\node-test-binary-windows-js-suites\\node\\test\\parallel\\test-find-package-json.js:34:12)\n        at Test.runInAsyncScope (node:async_hooks:211:14)\n        at Test.run (node:internal/test_runner/test:934:25)\n        at Suite.processPendingSubtests (node:internal/test_runner/test:633:18)\n        at Test.postRun (node:internal/test_runner/test:1045:19)\n        at Test.run (node:internal/test_runner/test:973:12)\n        at async Suite.processPendingSubtests (node:internal/test_runner/test:633:7) {\n      generatedMessage: true,\n      code: 'ERR_ASSERTION',\n      actual: '\\\\\\\\?\\\\c:\\\\workspace\\\\node-test-binary-windows-js-suites\\\\node\\\\test\\\\fixtures\\\\packages\\\\root-types-field\\\\package.json',\n      expected: 'c:\\\\workspace\\\\node-test-binary-windows-js-suites\\\\node\\\\test\\\\fixtures\\\\packages\\\\root-types-field\\\\package.json',\n      operator: 'strictEqual'\n    }\n\n  ✖ should accept a file URL instance (4.2901ms)\n    AssertionError [ERR_ASSERTION]: Expected values to be strictly equal:\n    + actual - expected\n    \n    + '\\\\\\\\?\\\\c:\\\\workspace\\\\node-test-binary-windows-js-suites\\\\node\\\\test\\\\fixtures\\\\packages\\\\root-types-field\\\\package.json'\n    - 'c:\\\\workspace\\\\node-test-binary-windows-js-suites\\\\node\\\\test\\\\fixtures\\\\packages\\\\root-types-field\\\\package.json'\n    \n        at TestContext.<anonymous> (c:\\workspace\\node-test-binary-windows-js-suites\\node\\test\\parallel\\test-find-package-json.js:44:12)\n        at Test.runInAsyncScope (node:async_hooks:211:14)\n        at Test.run (node:internal/test_runner/test:934:25)\n        at Suite.processPendingSubtests (node:internal/test_runner/test:633:18)\n        at Test.postRun (node:internal/test_runner/test:1045:19)\n        at Test.run (node:internal/test_runner/test:973:12)\n        at async Suite.processPendingSubtests (node:internal/test_runner/test:633:7) {\n      generatedMessage: true,\n      code: 'ERR_ASSERTION',\n      actual: '\\\\\\\\?\\\\c:\\\\workspace\\\\node-test-binary-windows-js-suites\\\\node\\\\test\\\\fixtures\\\\packages\\\\root-types-field\\\\package.json',\n      expected: 'c:\\\\workspace\\\\node-test-binary-windows-js-suites\\\\node\\\\test\\\\fixtures\\\\packages\\\\root-types-field\\\\package.json',\n      operator: 'strictEqual'\n    }\n\n  ✖ should be able to crawl up (CJS) (23.5825ms)\n    TypeError: Invalid URL\n        at new URL (node:internal/url:814:29)\n        at findPackageJSON (node:internal/modules/package_json_reader:203:22)\n        at Object.<anonymous> (c:\\workspace\\node-test-binary-windows-js-suites\\node\\test\\fixtures\\packages\\nested\\sub-pkg-cjs\\index.js:3:18)\n        at Module._compile (node:internal/modules/cjs/loader:1568:14)\n        at Object..js (node:internal/modules/cjs/loader:1711:10)\n        at Module.load (node:internal/modules/cjs/loader:1328:32)\n        at Function._load (node:internal/modules/cjs/loader:1138:12)\n        at TracingChannel.traceSync (node:diagnostics_channel:322:14)\n        at wrapModuleLoad (node:internal/modules/cjs/loader:218:24)\n        at Module.require (node:internal/modules/cjs/loader:1350:12) {\n      code: 'ERR_INVALID_URL',\n      input: '..',\n      base: 'c:\\\\workspace\\\\node-test-binary-windows-js-suites\\\\node\\\\test\\\\fixtures\\\\packages\\\\nested\\\\sub-pkg-cjs\\\\index.js'\n    }\n\n  ✖ should be able to crawl up (ESM) (33.0424ms)\n    AssertionError [ERR_ASSERTION]: Expected values to be strictly equal:\n    + actual - expected\n    \n    + '\\\\\\\\?\\\\c:\\\\workspace\\\\node-test-binary-windows-js-suites\\\\node\\\\test\\\\fixtures\\\\packages\\\\nested\\\\package.json'\n    - 'c:\\\\workspace\\\\node-test-binary-windows-js-suites\\\\node\\\\test\\\\fixtures\\\\packages\\\\nested\\\\package.json'\n    \n        at TestContext.<anonymous> (c:\\workspace\\node-test-binary-windows-js-suites\\node\\test\\parallel\\test-find-package-json.js:66:12)\n        at Test.runInAsyncScope (node:async_hooks:211:14)\n        at Test.run (node:internal/test_runner/test:934:25)\n        at Suite.processPendingSubtests (node:internal/test_runner/test:633:18)\n        at Test.postRun (node:internal/test_runner/test:1045:19)\n        at Test.run (node:internal/test_runner/test:973:12)\n        at async Suite.processPendingSubtests (node:internal/test_runner/test:633:7) {\n      generatedMessage: true,\n      code: 'ERR_ASSERTION',\n      actual: '\\\\\\\\?\\\\c:\\\\workspace\\\\node-test-binary-windows-js-suites\\\\node\\\\test\\\\fixtures\\\\packages\\\\nested\\\\package.json',\n      expected: 'c:\\\\workspace\\\\node-test-binary-windows-js-suites\\\\node\\\\test\\\\fixtures\\\\packages\\\\nested\\\\package.json',\n      operator: 'strictEqual'\n    }\n\n  ✔ can require via package.json (34.9988ms)\n  ✔ should be able to do whatever the heck Antoine created (27.6131ms)\n✖ findPackageJSON (141.6885ms)\n418 undefined 210 200\n\nℹ tests 8\nℹ suites 1\nℹ pass 4\nℹ fail 4\nℹ cancelled 0\nℹ skipped 0\nℹ todo 0\nℹ duration_ms 241.6545\n\n✖ failing tests:\n\ntest at test\\parallel\\test-find-package-json.js:31:3\n✖ should accept a file URL (string), like from `import.meta.resolve()` (11.771ms)\n  AssertionError [ERR_ASSERTION]: Expected values to be strictly equal:\n  + actual - expected\n  \n  + '\\\\\\\\?\\\\c:\\\\workspace\\\\node-test-binary-windows-js-suites\\\\node\\\\test\\\\fixtures\\\\packages\\\\root-types-field\\\\package.json'\n  - 'c:\\\\workspace\\\\node-test-binary-windows-js-suites\\\\node\\\\test\\\\fixtures\\\\packages\\\\root-types-field\\\\package.json'\n  \n      at TestContext.<anonymous> (c:\\workspace\\node-test-binary-windows-js-suites\\node\\test\\parallel\\test-find-package-json.js:34:12)\n      at Test.runInAsyncScope (node:async_hooks:211:14)\n      at Test.run (node:internal/test_runner/test:934:25)\n      at Suite.processPendingSubtests (node:internal/test_runner/test:633:18)\n      at Test.postRun (node:internal/test_runner/test:1045:19)\n      at Test.run (node:internal/test_runner/test:973:12)\n      at async Suite.processPendingSubtests (node:internal/test_runner/test:633:7) {\n    generatedMessage: true,\n    code: 'ERR_ASSERTION',\n    actual: '\\\\\\\\?\\\\c:\\\\workspace\\\\node-test-binary-windows-js-suites\\\\node\\\\test\\\\fixtures\\\\packages\\\\root-types-field\\\\package.json',\n    expected: 'c:\\\\workspace\\\\node-test-binary-windows-js-suites\\\\node\\\\test\\\\fixtures\\\\packages\\\\root-types-field\\\\package.json',\n    operator: 'strictEqual'\n  }\n\ntest at test\\parallel\\test-find-package-json.js:40:3\n✖ should accept a file URL instance (4.2901ms)\n  AssertionError [ERR_ASSERTION]: Expected values to be strictly equal:\n  + actual - expected\n  \n  + '\\\\\\\\?\\\\c:\\\\workspace\\\\node-test-binary-windows-js-suites\\\\node\\\\test\\\\fixtures\\\\packages\\\\root-types-field\\\\package.json'\n  - 'c:\\\\workspace\\\\node-test-binary-windows-js-suites\\\\node\\\\test\\\\fixtures\\\\packages\\\\root-types-field\\\\package.json'\n  \n      at TestContext.<anonymous> (c:\\workspace\\node-test-binary-windows-js-suites\\node\\test\\parallel\\test-find-package-json.js:44:12)\n      at Test.runInAsyncScope (node:async_hooks:211:14)\n      at Test.run (node:internal/test_runner/test:934:25)\n      at Suite.processPendingSubtests (node:internal/test_runner/test:633:18)\n      at Test.postRun (node:internal/test_runner/test:1045:19)\n      at Test.run (node:internal/test_runner/test:973:12)\n      at async Suite.processPendingSubtests (node:internal/test_runner/test:633:7) {\n    generatedMessage: true,\n    code: 'ERR_ASSERTION',\n    actual: '\\\\\\\\?\\\\c:\\\\workspace\\\\node-test-binary-windows-js-suites\\\\node\\\\test\\\\fixtures\\\\packages\\\\root-types-field\\\\package.json',\n    expected: 'c:\\\\workspace\\\\node-test-binary-windows-js-suites\\\\node\\\\test\\\\fixtures\\\\packages\\\\root-types-field\\\\package.json',\n    operator: 'strictEqual'\n  }\n\ntest at test\\parallel\\test-find-package-json.js:53:3\n✖ should be able to crawl up (CJS) (23.5825ms)\n  TypeError: Invalid URL\n      at new URL (node:internal/url:814:29)\n      at findPackageJSON (node:internal/modules/package_json_reader:203:22)\n      at Object.<anonymous> (c:\\workspace\\node-test-binary-windows-js-suites\\node\\test\\fixtures\\packages\\nested\\sub-pkg-cjs\\index.js:3:18)\n      at Module._compile (node:internal/modules/cjs/loader:1568:14)\n      at Object..js (node:internal/modules/cjs/loader:1711:10)\n      at Module.load (node:internal/modules/cjs/loader:1328:32)\n      at Function._load (node:internal/modules/cjs/loader:1138:12)\n      at TracingChannel.traceSync (node:diagnostics_channel:322:14)\n      at wrapModuleLoad (node:internal/modules/cjs/loader:218:24)\n      at Module.require (node:internal/modules/cjs/loader:1350:12) {\n    code: 'ERR_INVALID_URL',\n    input: '..',\n    base: 'c:\\\\workspace\\\\node-test-binary-windows-js-suites\\\\node\\\\test\\\\fixtures\\\\packages\\\\nested\\\\sub-pkg-cjs\\\\index.js'\n  }\n\ntest at test\\parallel\\test-find-package-json.js:61:3\n✖ should be able to crawl up (ESM) (33.0424ms)\n  AssertionError [ERR_ASSERTION]: Expected values to be strictly equal:\n  + actual - expected\n  \n  + '\\\\\\\\?\\\\c:\\\\workspace\\\\node-test-binary-windows-js-suites\\\\node\\\\test\\\\fixtures\\\\packages\\\\nested\\\\package.json'\n  - 'c:\\\\workspace\\\\node-test-binary-windows-js-suites\\\\node\\\\test\\\\fixtures\\\\packages\\\\nested\\\\package.json'\n  \n      at TestContext.<anonymous> (c:\\workspace\\node-test-binary-windows-js-suites\\node\\test\\parallel\\test-find-package-json.js:66:12)\n      at Test.runInAsyncScope (node:async_hooks:211:14)\n      at Test.run (node:internal/test_runner/test:934:25)\n      at Suite.processPendingSubtests (node:internal/test_runner/test:633:18)\n      at Test.postRun (node:internal/test_runner/test:1045:19)\n      at Test.run (node:internal/test_runner/test:973:12)\n      at async Suite.processPendingSubtests (node:internal/test_runner/test:633:7) {\n    generatedMessage: true,\n    code: 'ERR_ASSERTION',\n    actual: '\\\\\\\\?\\\\c:\\\\workspace\\\\node-test-binary-windows-js-suites\\\\node\\\\test\\\\fixtures\\\\packages\\\\nested\\\\package.json',\n    expected: 'c:\\\\workspace\\\\node-test-binary-windows-js-suites\\\\node\\\\test\\\\fixtures\\\\packages\\\\nested\\\\package.json',\n    operator: 'strictEqual'\n  }\n(node:6532) ExperimentalWarning: Support for loading ES Module in require() is an experimental feature and might change at any time\n(Use `node --trace-warnings ...` to show where the warning was created)"},"time":409.031,"fullname":"parallel/test-find-package-json","closingTestPoint":false}},{"testName":"parallel/test-find-package-json","timestamp":1729206852179,"status":"FAILED","jobName":"node-test-binary-windows-js-suites","config":"node-test-binary-windows-js-suites » 2,win11-COMPILED_BY-vs2022 #30893","buildUrl":"https://ci.nodejs.org/job/node-test-binary-windows-js-suites/RUN_SUBSET=2,nodes=win11-COMPILED_BY-vs2022/30893/","buildNumber":30893,"builtOn":"test-azure_msft-win11_vs2022-x64-2","nodeVersion":"23.0.0","commitHash":"3c86c25f41fd43d8b327a3deb8c0891a0a81564a","callStack":[{"upstreamBuild":66594,"upstreamProject":"node-test-commit-windows-fanned","upstreamUrl":"job/node-test-commit-windows-fanned/"},{"upstreamBuild":75286,"upstreamProject":"node-test-commit","upstreamUrl":"job/node-test-commit/"},{"upstreamBuild":63167,"upstreamProject":"node-test-pull-request","upstreamUrl":"job/node-test-pull-request/"},{"prId":"55412"}],"tap":{"ok":false,"name":"parallel/test-find-package-json","id":279,"buffered":false,"tapError":null,"skip":false,"todo":false,"previous":null,"plan":null,"diag":{"severity":"fail","exitcode":1,"stack":"▶ findPackageJSON\n  ✔ should throw when no arguments are provided (2.3042ms)\n  ✔ should throw when parentLocation is invalid (0.7327ms)\n  ✖ should accept a file URL (string), like from `import.meta.resolve()` (9.5975ms)\n    AssertionError [ERR_ASSERTION]: Expected values to be strictly equal:\n    + actual - expected\n    \n    + '\\\\\\\\?\\\\c:\\\\workspace\\\\node-test-binary-windows-js-suites\\\\node\\\\test\\\\fixtures\\\\packages\\\\root-types-field\\\\package.json'\n    - 'c:\\\\workspace\\\\node-test-binary-windows-js-suites\\\\node\\\\test\\\\fixtures\\\\packages\\\\root-types-field\\\\package.json'\n    \n        at TestContext.<anonymous> (c:\\workspace\\node-test-binary-windows-js-suites\\node\\test\\parallel\\test-find-package-json.js:34:12)\n        at Test.runInAsyncScope (node:async_hooks:211:14)\n        at Test.run (node:internal/test_runner/test:934:25)\n        at Suite.processPendingSubtests (node:internal/test_runner/test:633:18)\n        at Test.postRun (node:internal/test_runner/test:1045:19)\n        at Test.run (node:internal/test_runner/test:973:12)\n        at async Suite.processPendingSubtests (node:internal/test_runner/test:633:7) {\n      generatedMessage: true,\n      code: 'ERR_ASSERTION',\n      actual: '\\\\\\\\?\\\\c:\\\\workspace\\\\node-test-binary-windows-js-suites\\\\node\\\\test\\\\fixtures\\\\packages\\\\root-types-field\\\\package.json',\n      expected: 'c:\\\\workspace\\\\node-test-binary-windows-js-suites\\\\node\\\\test\\\\fixtures\\\\packages\\\\root-types-field\\\\package.json',\n      operator: 'strictEqual'\n    }\n\n  ✖ should accept a file URL instance (5.1968ms)\n    AssertionError [ERR_ASSERTION]: Expected values to be strictly equal:\n    + actual - expected\n    \n    + '\\\\\\\\?\\\\c:\\\\workspace\\\\node-test-binary-windows-js-suites\\\\node\\\\test\\\\fixtures\\\\packages\\\\root-types-field\\\\package.json'\n    - 'c:\\\\workspace\\\\node-test-binary-windows-js-suites\\\\node\\\\test\\\\fixtures\\\\packages\\\\root-types-field\\\\package.json'\n    \n        at TestContext.<anonymous> (c:\\workspace\\node-test-binary-windows-js-suites\\node\\test\\parallel\\test-find-package-json.js:44:12)\n        at Test.runInAsyncScope (node:async_hooks:211:14)\n        at Test.run (node:internal/test_runner/test:934:25)\n        at Suite.processPendingSubtests (node:internal/test_runner/test:633:18)\n        at Test.postRun (node:internal/test_runner/test:1045:19)\n        at Test.run (node:internal/test_runner/test:973:12)\n        at async Suite.processPendingSubtests (node:internal/test_runner/test:633:7) {\n      generatedMessage: true,\n      code: 'ERR_ASSERTION',\n      actual: '\\\\\\\\?\\\\c:\\\\workspace\\\\node-test-binary-windows-js-suites\\\\node\\\\test\\\\fixtures\\\\packages\\\\root-types-field\\\\package.json',\n      expected: 'c:\\\\workspace\\\\node-test-binary-windows-js-suites\\\\node\\\\test\\\\fixtures\\\\packages\\\\root-types-field\\\\package.json',\n      operator: 'strictEqual'\n    }\n\n  ✖ should be able to crawl up (CJS) (17.7995ms)\n    TypeError: Invalid URL\n        at new URL (node:internal/url:814:29)\n        at findPackageJSON (node:internal/modules/package_json_reader:203:22)\n        at Object.<anonymous> (c:\\workspace\\node-test-binary-windows-js-suites\\node\\test\\fixtures\\packages\\nested\\sub-pkg-cjs\\index.js:3:18)\n        at Module._compile (node:internal/modules/cjs/loader:1568:14)\n        at Object..js (node:internal/modules/cjs/loader:1711:10)\n        at Module.load (node:internal/modules/cjs/loader:1328:32)\n        at Function._load (node:internal/modules/cjs/loader:1138:12)\n        at TracingChannel.traceSync (node:diagnostics_channel:322:14)\n        at wrapModuleLoad (node:internal/modules/cjs/loader:218:24)\n        at Module.require (node:internal/modules/cjs/loader:1350:12) {\n      code: 'ERR_INVALID_URL',\n      input: '..',\n      base: 'c:\\\\workspace\\\\node-test-binary-windows-js-suites\\\\node\\\\test\\\\fixtures\\\\packages\\\\nested\\\\sub-pkg-cjs\\\\index.js'\n    }\n\n  ✖ should be able to crawl up (ESM) (22.3582ms)\n    AssertionError [ERR_ASSERTION]: Expected values to be strictly equal:\n    + actual - expected\n    \n    + '\\\\\\\\?\\\\c:\\\\workspace\\\\node-test-binary-windows-js-suites\\\\node\\\\test\\\\fixtures\\\\packages\\\\nested\\\\package.json'\n    - 'c:\\\\workspace\\\\node-test-binary-windows-js-suites\\\\node\\\\test\\\\fixtures\\\\packages\\\\nested\\\\package.json'\n    \n        at TestContext.<anonymous> (c:\\workspace\\node-test-binary-windows-js-suites\\node\\test\\parallel\\test-find-package-json.js:66:12)\n        at Test.runInAsyncScope (node:async_hooks:211:14)\n        at Test.run (node:internal/test_runner/test:934:25)\n        at Suite.processPendingSubtests (node:internal/test_runner/test:633:18)\n        at Test.postRun (node:internal/test_runner/test:1045:19)\n        at Test.run (node:internal/test_runner/test:973:12)\n        at async Suite.processPendingSubtests (node:internal/test_runner/test:633:7) {\n      generatedMessage: true,\n      code: 'ERR_ASSERTION',\n      actual: '\\\\\\\\?\\\\c:\\\\workspace\\\\node-test-binary-windows-js-suites\\\\node\\\\test\\\\fixtures\\\\packages\\\\nested\\\\package.json',\n      expected: 'c:\\\\workspace\\\\node-test-binary-windows-js-suites\\\\node\\\\test\\\\fixtures\\\\packages\\\\nested\\\\package.json',\n      operator: 'strictEqual'\n    }\n\n  ✔ can require via package.json (26.5386ms)\n  ✔ should be able to do whatever the heck Antoine created (21.2096ms)\n✖ findPackageJSON (107.6892ms)\n526 undefined 918 669\n\nℹ tests 8\nℹ suites 1\nℹ pass 4\nℹ fail 4\nℹ cancelled 0\nℹ skipped 0\nℹ todo 0\nℹ duration_ms 216.3064\n\n✖ failing tests:\n\ntest at test\\parallel\\test-find-package-json.js:31:3\n✖ should accept a file URL (string), like from `import.meta.resolve()` (9.5975ms)\n  AssertionError [ERR_ASSERTION]: Expected values to be strictly equal:\n  + actual - expected\n  \n  + '\\\\\\\\?\\\\c:\\\\workspace\\\\node-test-binary-windows-js-suites\\\\node\\\\test\\\\fixtures\\\\packages\\\\root-types-field\\\\package.json'\n  - 'c:\\\\workspace\\\\node-test-binary-windows-js-suites\\\\node\\\\test\\\\fixtures\\\\packages\\\\root-types-field\\\\package.json'\n  \n      at TestContext.<anonymous> (c:\\workspace\\node-test-binary-windows-js-suites\\node\\test\\parallel\\test-find-package-json.js:34:12)\n      at Test.runInAsyncScope (node:async_hooks:211:14)\n      at Test.run (node:internal/test_runner/test:934:25)\n      at Suite.processPendingSubtests (node:internal/test_runner/test:633:18)\n      at Test.postRun (node:internal/test_runner/test:1045:19)\n      at Test.run (node:internal/test_runner/test:973:12)\n      at async Suite.processPendingSubtests (node:internal/test_runner/test:633:7) {\n    generatedMessage: true,\n    code: 'ERR_ASSERTION',\n    actual: '\\\\\\\\?\\\\c:\\\\workspace\\\\node-test-binary-windows-js-suites\\\\node\\\\test\\\\fixtures\\\\packages\\\\root-types-field\\\\package.json',\n    expected: 'c:\\\\workspace\\\\node-test-binary-windows-js-suites\\\\node\\\\test\\\\fixtures\\\\packages\\\\root-types-field\\\\package.json',\n    operator: 'strictEqual'\n  }\n\ntest at test\\parallel\\test-find-package-json.js:40:3\n✖ should accept a file URL instance (5.1968ms)\n  AssertionError [ERR_ASSERTION]: Expected values to be strictly equal:\n  + actual - expected\n  \n  + '\\\\\\\\?\\\\c:\\\\workspace\\\\node-test-binary-windows-js-suites\\\\node\\\\test\\\\fixtures\\\\packages\\\\root-types-field\\\\package.json'\n  - 'c:\\\\workspace\\\\node-test-binary-windows-js-suites\\\\node\\\\test\\\\fixtures\\\\packages\\\\root-types-field\\\\package.json'\n  \n      at TestContext.<anonymous> (c:\\workspace\\node-test-binary-windows-js-suites\\node\\test\\parallel\\test-find-package-json.js:44:12)\n      at Test.runInAsyncScope (node:async_hooks:211:14)\n      at Test.run (node:internal/test_runner/test:934:25)\n      at Suite.processPendingSubtests (node:internal/test_runner/test:633:18)\n      at Test.postRun (node:internal/test_runner/test:1045:19)\n      at Test.run (node:internal/test_runner/test:973:12)\n      at async Suite.processPendingSubtests (node:internal/test_runner/test:633:7) {\n    generatedMessage: true,\n    code: 'ERR_ASSERTION',\n    actual: '\\\\\\\\?\\\\c:\\\\workspace\\\\node-test-binary-windows-js-suites\\\\node\\\\test\\\\fixtures\\\\packages\\\\root-types-field\\\\package.json',\n    expected: 'c:\\\\workspace\\\\node-test-binary-windows-js-suites\\\\node\\\\test\\\\fixtures\\\\packages\\\\root-types-field\\\\package.json',\n    operator: 'strictEqual'\n  }\n\ntest at test\\parallel\\test-find-package-json.js:53:3\n✖ should be able to crawl up (CJS) (17.7995ms)\n  TypeError: Invalid URL\n      at new URL (node:internal/url:814:29)\n      at findPackageJSON (node:internal/modules/package_json_reader:203:22)\n      at Object.<anonymous> (c:\\workspace\\node-test-binary-windows-js-suites\\node\\test\\fixtures\\packages\\nested\\sub-pkg-cjs\\index.js:3:18)\n      at Module._compile (node:internal/modules/cjs/loader:1568:14)\n      at Object..js (node:internal/modules/cjs/loader:1711:10)\n      at Module.load (node:internal/modules/cjs/loader:1328:32)\n      at Function._load (node:internal/modules/cjs/loader:1138:12)\n      at TracingChannel.traceSync (node:diagnostics_channel:322:14)\n      at wrapModuleLoad (node:internal/modules/cjs/loader:218:24)\n      at Module.require (node:internal/modules/cjs/loader:1350:12) {\n    code: 'ERR_INVALID_URL',\n    input: '..',\n    base: 'c:\\\\workspace\\\\node-test-binary-windows-js-suites\\\\node\\\\test\\\\fixtures\\\\packages\\\\nested\\\\sub-pkg-cjs\\\\index.js'\n  }\n\ntest at test\\parallel\\test-find-package-json.js:61:3\n✖ should be able to crawl up (ESM) (22.3582ms)\n  AssertionError [ERR_ASSERTION]: Expected values to be strictly equal:\n  + actual - expected\n  \n  + '\\\\\\\\?\\\\c:\\\\workspace\\\\node-test-binary-windows-js-suites\\\\node\\\\test\\\\fixtures\\\\packages\\\\nested\\\\package.json'\n  - 'c:\\\\workspace\\\\node-test-binary-windows-js-suites\\\\node\\\\test\\\\fixtures\\\\packages\\\\nested\\\\package.json'\n  \n      at TestContext.<anonymous> (c:\\workspace\\node-test-binary-windows-js-suites\\node\\test\\parallel\\test-find-package-json.js:66:12)\n      at Test.runInAsyncScope (node:async_hooks:211:14)\n      at Test.run (node:internal/test_runner/test:934:25)\n      at Suite.processPendingSubtests (node:internal/test_runner/test:633:18)\n      at Test.postRun (node:internal/test_runner/test:1045:19)\n      at Test.run (node:internal/test_runner/test:973:12)\n      at async Suite.processPendingSubtests (node:internal/test_runner/test:633:7) {\n    generatedMessage: true,\n    code: 'ERR_ASSERTION',\n    actual: '\\\\\\\\?\\\\c:\\\\workspace\\\\node-test-binary-windows-js-suites\\\\node\\\\test\\\\fixtures\\\\packages\\\\nested\\\\package.json',\n    expected: 'c:\\\\workspace\\\\node-test-binary-windows-js-suites\\\\node\\\\test\\\\fixtures\\\\packages\\\\nested\\\\package.json',\n    operator: 'strictEqual'\n  }\n(node:6120) ExperimentalWarning: Support for loading ES Module in require() is an experimental feature and might change at any time\n(Use `node --trace-warnings ...` to show where the warning was created)"},"time":362.003,"fullname":"parallel/test-find-package-json","closingTestPoint":false}}]}