{"failedTests":[{"testName":"parallel/test-async-context-frame","timestamp":1729260802378,"status":"FAILED","jobName":"node-test-binary-windows-js-suites","config":"node-test-binary-windows-js-suites » 2,win2019-COMPILED_BY-vs2022 #30905","buildUrl":"https://ci.nodejs.org/job/node-test-binary-windows-js-suites/RUN_SUBSET=2,nodes=win2019-COMPILED_BY-vs2022/30905/","buildNumber":30905,"builtOn":"test-rackspace-win2019_vs2019-x64-1","nodeVersion":"24.0.0","commitHash":"0bd51d5e01d402a499d14b91a1c854c64a4c336c","callStack":[{"upstreamBuild":66607,"upstreamProject":"node-test-commit-windows-fanned","upstreamUrl":"job/node-test-commit-windows-fanned/"},{"upstreamBuild":75301,"upstreamProject":"node-test-commit","upstreamUrl":"job/node-test-commit/"},{"upstreamBuild":63178,"upstreamProject":"node-test-pull-request","upstreamUrl":"job/node-test-pull-request/"},{"prId":"55407"}],"tap":{"ok":false,"name":"parallel/test-async-context-frame","id":427,"buffered":false,"tapError":null,"skip":false,"todo":": Fix flaky test","previous":null,"plan":null,"diag":{"severity":"flaky","exitcode":1,"stack":"▶ AsyncContextFrame\n  ✖ async-hooks\\test-async-local-storage-args.js (1798.7071ms)\n    AssertionError [ERR_ASSERTION]: Test async-hooks\\test-async-local-storage-args.js failed with exit code 3221225477\n    \n    3221225477 !== 0\n    \n        at TestContext.<anonymous> (file:///C:/workspace/node-test-binary-windows-js-suites/node/test/parallel/test-async-context-frame.mjs:59:7)\n        at process.processTicksAndRejections (node:internal/process/task_queues:105:5)\n        at async Test.run (node:internal/test_runner/test:935:9)\n        at async Promise.all (index 0)\n        at async Suite.run (node:internal/test_runner/test:1320:7)\n        at async startSubtestAfterBootstrap (node:internal/test_runner/harness:297:3) {\n      generatedMessage: false,\n      code: 'ERR_ASSERTION',\n      actual: 3221225477,\n      expected: 0,\n      operator: 'strictEqual'\n    }\n\n  ✔ async-hooks\\test-async-local-storage-async-await.js (1972.6005ms)\n  ✔ async-hooks\\test-async-local-storage-async-functions.js (1941.142ms)\n  ✔ async-hooks\\test-async-local-storage-dgram.js (2380.0386ms)\n  ✔ async-hooks\\test-async-local-storage-enable-disable.js (1767.3183ms)\n  ✔ async-hooks\\test-async-local-storage-enter-with.js (2263.0709ms)\n  ✔ async-hooks\\test-async-local-storage-errors.js (1559.7066ms)\n  ✔ async-hooks\\test-async-local-storage-gcable.js (1692.843ms)\n  ✔ async-hooks\\test-async-local-storage-http-agent.js (1545.6615ms)\n  ✔ async-hooks\\test-async-local-storage-http.js (1895.5178ms)\n  ✔ async-hooks\\test-async-local-storage-misc-stores.js (1577.9471ms)\n  ✔ async-hooks\\test-async-local-storage-nested.js (1368.5955ms)\n  ✔ async-hooks\\test-async-local-storage-no-mix-contexts.js (1779.8144ms)\n  ✔ async-hooks\\test-async-local-storage-promises.js (1344.232ms)\n  ✔ async-hooks\\test-async-local-storage-socket.js (1396.143ms)\n  ✔ async-hooks\\test-async-local-storage-thenable.js (1354.2655ms)\n  ✔ async-hooks\\test-async-local-storage-tlssocket.js (1486.0785ms)\n  ✔ parallel\\test-async-local-storage-bind.js (1270.2512ms)\n  ✔ parallel\\test-async-local-storage-contexts.js (1315.6598ms)\n  ✔ parallel\\test-async-local-storage-deep-stack.js (1212.2543ms)\n  ✔ parallel\\test-async-local-storage-exit-does-not-leak.js (1229.922ms)\n  ✔ parallel\\test-async-local-storage-http-multiclients.js (1539.727ms)\n  ✔ parallel\\test-async-local-storage-snapshot.js (1249.0512ms)\n✖ AsyncContextFrame (36969.3864ms)\nℹ tests 23\nℹ suites 1\nℹ pass 22\nℹ fail 1\nℹ cancelled 0\nℹ skipped 0\nℹ todo 0\nℹ duration_ms 36990.8278\n\n✖ failing tests:\n\ntest at test\\parallel\\test-async-context-frame.mjs:49:5\n✖ async-hooks\\test-async-local-storage-args.js (1798.7071ms)\n  AssertionError [ERR_ASSERTION]: Test async-hooks\\test-async-local-storage-args.js failed with exit code 3221225477\n  \n  3221225477 !== 0\n  \n      at TestContext.<anonymous> (file:///C:/workspace/node-test-binary-windows-js-suites/node/test/parallel/test-async-context-frame.mjs:59:7)\n      at process.processTicksAndRejections (node:internal/process/task_queues:105:5)\n      at async Test.run (node:internal/test_runner/test:935:9)\n      at async Promise.all (index 0)\n      at async Suite.run (node:internal/test_runner/test:1320:7)\n      at async startSubtestAfterBootstrap (node:internal/test_runner/harness:297:3) {\n    generatedMessage: false,\n    code: 'ERR_ASSERTION',\n    actual: 3221225477,\n    expected: 0,\n    operator: 'strictEqual'\n  }"},"time":37543.018,"fullname":"parallel/test-async-context-frame","closingTestPoint":false}}]}