{"failedTests":[{"testName":"parallel/test-async-context-frame","timestamp":1730013901731,"status":"FAILED","jobName":"node-test-binary-windows-js-suites","config":"node-test-binary-windows-js-suites » 2,win2019-COMPILED_BY-vs2022 #31026","buildUrl":"https://ci.nodejs.org/job/node-test-binary-windows-js-suites/RUN_SUBSET=2,nodes=win2019-COMPILED_BY-vs2022/31026/","buildNumber":31026,"builtOn":"test-rackspace-win2019_vs2019-x64-2","nodeVersion":"24.0.0","commitHash":"5d4fee8975aabd04fdfba0ff407e4dbd18d94411","callStack":[{"upstreamBuild":66734,"upstreamProject":"node-test-commit-windows-fanned","upstreamUrl":"job/node-test-commit-windows-fanned/"},{"upstreamBuild":75464,"upstreamProject":"node-test-commit","upstreamUrl":"job/node-test-commit/"},{"upstreamBuild":3578,"upstreamProject":"node-daily-master","upstreamUrl":"job/node-daily-master/"}],"tap":{"ok":false,"name":"parallel/test-async-context-frame","id":427,"buffered":false,"tapError":null,"skip":false,"todo":": Fix flaky test","previous":null,"plan":null,"diag":{"severity":"flaky","exitcode":1,"stack":"▶ AsyncContextFrame\n  ✔ async-hooks\\test-async-local-storage-args.js (1674.9397ms)\n  ✔ async-hooks\\test-async-local-storage-async-await.js (1610.9207ms)\n  ✔ async-hooks\\test-async-local-storage-async-functions.js (1622.657ms)\n  ✖ async-hooks\\test-async-local-storage-dgram.js (1620.3135ms)\n    AssertionError [ERR_ASSERTION]: Test async-hooks\\test-async-local-storage-dgram.js failed with exit code 3221225477\n    \n    3221225477 !== 0\n    \n        at TestContext.<anonymous> (file:///C:/workspace/node-test-binary-windows-js-suites/node/test/parallel/test-async-context-frame.mjs:59:7)\n        at process.processTicksAndRejections (node:internal/process/task_queues:105:5)\n        at async Test.run (node:internal/test_runner/test:935:9)\n        at async Suite.processPendingSubtests (node:internal/test_runner/test:633:7) {\n      generatedMessage: false,\n      code: 'ERR_ASSERTION',\n      actual: 3221225477,\n      expected: 0,\n      operator: 'strictEqual'\n    }\n\n  ✔ async-hooks\\test-async-local-storage-enable-disable.js (1303.3494ms)\n  ✔ async-hooks\\test-async-local-storage-enter-with.js (1475.2071ms)\n  ✔ async-hooks\\test-async-local-storage-errors.js (1338.819ms)\n  ✔ async-hooks\\test-async-local-storage-gcable.js (1295.9837ms)\n  ✔ async-hooks\\test-async-local-storage-http-agent.js (1417.9865ms)\n  ✔ async-hooks\\test-async-local-storage-http.js (1149.8234ms)\n  ✔ async-hooks\\test-async-local-storage-misc-stores.js (1603.6664ms)\n  ✔ async-hooks\\test-async-local-storage-nested.js (1224.6339ms)\n  ✔ async-hooks\\test-async-local-storage-no-mix-contexts.js (1767.9185ms)\n  ✔ async-hooks\\test-async-local-storage-promises.js (1287.9374ms)\n  ✔ async-hooks\\test-async-local-storage-socket.js (1362.5033ms)\n  ✔ async-hooks\\test-async-local-storage-thenable.js (1471.9669ms)\n  ✔ async-hooks\\test-async-local-storage-tlssocket.js (1429.5952ms)\n  ✔ parallel\\test-async-local-storage-bind.js (1116.6291ms)\n  ✔ parallel\\test-async-local-storage-contexts.js (1145.6207ms)\n  ✔ parallel\\test-async-local-storage-deep-stack.js (1157.4712ms)\n  ✔ parallel\\test-async-local-storage-exit-does-not-leak.js (1163.2371ms)\n  ✔ parallel\\test-async-local-storage-http-multiclients.js (1424.1989ms)\n  ✔ parallel\\test-async-local-storage-snapshot.js (1069.7525ms)\n✖ AsyncContextFrame (31750.6638ms)\nℹ tests 23\nℹ suites 1\nℹ pass 22\nℹ fail 1\nℹ cancelled 0\nℹ skipped 0\nℹ todo 0\nℹ duration_ms 31765.0188\n\n✖ failing tests:\n\ntest at test\\parallel\\test-async-context-frame.mjs:49:5\n✖ async-hooks\\test-async-local-storage-dgram.js (1620.3135ms)\n  AssertionError [ERR_ASSERTION]: Test async-hooks\\test-async-local-storage-dgram.js failed with exit code 3221225477\n  \n  3221225477 !== 0\n  \n      at TestContext.<anonymous> (file:///C:/workspace/node-test-binary-windows-js-suites/node/test/parallel/test-async-context-frame.mjs:59:7)\n      at process.processTicksAndRejections (node:internal/process/task_queues:105:5)\n      at async Test.run (node:internal/test_runner/test:935:9)\n      at async Suite.processPendingSubtests (node:internal/test_runner/test:633:7) {\n    generatedMessage: false,\n    code: 'ERR_ASSERTION',\n    actual: 3221225477,\n    expected: 0,\n    operator: 'strictEqual'\n  }"},"time":32261.197,"fullname":"parallel/test-async-context-frame","closingTestPoint":false}}]}