{"failedTests":[{"testName":"parallel/test-async-context-frame","timestamp":1730203880000,"status":"FAILED","jobName":"node-test-binary-windows-js-suites","config":"node-test-binary-windows-js-suites » 2,win11-COMPILED_BY-vs2022 #31054","buildUrl":"https://ci.nodejs.org/job/node-test-binary-windows-js-suites/RUN_SUBSET=2,nodes=win11-COMPILED_BY-vs2022/31054/","buildNumber":31054,"builtOn":"test-azure_msft-win11_vs2022-x64-2","nodeVersion":"24.0.0","commitHash":"c98269462895d2f755964d2216f92e4102873716","callStack":[{"upstreamBuild":66760,"upstreamProject":"node-test-commit-windows-fanned","upstreamUrl":"job/node-test-commit-windows-fanned/"},{"upstreamBuild":75498,"upstreamProject":"node-test-commit","upstreamUrl":"job/node-test-commit/"},{"upstreamBuild":63335,"upstreamProject":"node-test-pull-request","upstreamUrl":"job/node-test-pull-request/"},{"prId":"55578"}],"tap":{"ok":false,"name":"parallel/test-async-context-frame","id":276,"buffered":false,"tapError":null,"skip":false,"todo":": Fix flaky test","previous":null,"plan":null,"diag":{"severity":"flaky","exitcode":1,"stack":"▶ AsyncContextFrame\n  ✔ async-hooks\\test-async-local-storage-args.js (979.3243ms)\n  ✔ async-hooks\\test-async-local-storage-async-await.js (964.8114ms)\n  ✔ async-hooks\\test-async-local-storage-async-functions.js (899.3496ms)\n  ✖ async-hooks\\test-async-local-storage-dgram.js (1083.7561ms)\n    AssertionError [ERR_ASSERTION]: Test async-hooks\\test-async-local-storage-dgram.js failed with exit code 3221225477\n    \n    3221225477 !== 0\n    \n        at TestContext.<anonymous> (file:///c:/workspace/node-test-binary-windows-js-suites/node/test/parallel/test-async-context-frame.mjs:59:7)\n        at process.processTicksAndRejections (node:internal/process/task_queues:105:5)\n        at async Test.run (node:internal/test_runner/test:935:9)\n        at async Suite.processPendingSubtests (node:internal/test_runner/test:633:7) {\n      generatedMessage: false,\n      code: 'ERR_ASSERTION',\n      actual: 3221225477,\n      expected: 0,\n      operator: 'strictEqual'\n    }\n\n  ✔ async-hooks\\test-async-local-storage-enable-disable.js (1097.4319ms)\n  ✔ async-hooks\\test-async-local-storage-enter-with.js (1238.0785ms)\n  ✔ async-hooks\\test-async-local-storage-errors.js (909.4867ms)\n  ✔ async-hooks\\test-async-local-storage-gcable.js (797.7304ms)\n  ✔ async-hooks\\test-async-local-storage-http-agent.js (839.7975ms)\n  ✔ async-hooks\\test-async-local-storage-http.js (821.8452ms)\n  ✔ async-hooks\\test-async-local-storage-misc-stores.js (969.2832ms)\n  ✔ async-hooks\\test-async-local-storage-nested.js (1052.7869ms)\n  ✔ async-hooks\\test-async-local-storage-no-mix-contexts.js (1250.6875ms)\n  ✔ async-hooks\\test-async-local-storage-promises.js (1386.4226ms)\n  ✔ async-hooks\\test-async-local-storage-socket.js (893.7819ms)\n  ✔ async-hooks\\test-async-local-storage-thenable.js (764.4473ms)\n  ✔ async-hooks\\test-async-local-storage-tlssocket.js (991.1631ms)\n  ✔ parallel\\test-async-local-storage-bind.js (764.9445ms)\n  ✔ parallel\\test-async-local-storage-contexts.js (750.626ms)\n  ✔ parallel\\test-async-local-storage-deep-stack.js (799.9455ms)\n  ✔ parallel\\test-async-local-storage-exit-does-not-leak.js (819.46ms)\n  ✔ parallel\\test-async-local-storage-http-multiclients.js (1268.0566ms)\n  ✔ parallel\\test-async-local-storage-snapshot.js (1171.1867ms)\n✖ AsyncContextFrame (22522.5847ms)\nℹ tests 23\nℹ suites 1\nℹ pass 22\nℹ fail 1\nℹ cancelled 0\nℹ skipped 0\nℹ todo 0\nℹ duration_ms 22529.9156\n\n✖ failing tests:\n\ntest at test\\parallel\\test-async-context-frame.mjs:49:5\n✖ async-hooks\\test-async-local-storage-dgram.js (1083.7561ms)\n  AssertionError [ERR_ASSERTION]: Test async-hooks\\test-async-local-storage-dgram.js failed with exit code 3221225477\n  \n  3221225477 !== 0\n  \n      at TestContext.<anonymous> (file:///c:/workspace/node-test-binary-windows-js-suites/node/test/parallel/test-async-context-frame.mjs:59:7)\n      at process.processTicksAndRejections (node:internal/process/task_queues:105:5)\n      at async Test.run (node:internal/test_runner/test:935:9)\n      at async Suite.processPendingSubtests (node:internal/test_runner/test:633:7) {\n    generatedMessage: false,\n    code: 'ERR_ASSERTION',\n    actual: 3221225477,\n    expected: 0,\n    operator: 'strictEqual'\n  }"},"time":22968.279,"fullname":"parallel/test-async-context-frame","closingTestPoint":false}}]}