{"failedTests":[{"testName":"parallel/test-node-output-sourcemaps","timestamp":1730343761388,"status":"FAILED","jobName":"node-test-binary-windows-js-suites","config":"node-test-binary-windows-js-suites » 1,win10-COMPILED_BY-vs2022 #31074","buildUrl":"https://ci.nodejs.org/job/node-test-binary-windows-js-suites/RUN_SUBSET=1,nodes=win10-COMPILED_BY-vs2022/31074/","buildNumber":31074,"builtOn":"test-azure_msft-win10_vs2019-x64-3","nodeVersion":"24.0.0","commitHash":"fe8f181a2ec11743d18417642422d60a2bddfc89","callStack":[{"upstreamBuild":66781,"upstreamProject":"node-test-commit-windows-fanned","upstreamUrl":"job/node-test-commit-windows-fanned/"},{"upstreamBuild":75523,"upstreamProject":"node-test-commit","upstreamUrl":"job/node-test-commit/"},{"upstreamBuild":63353,"upstreamProject":"node-test-pull-request","upstreamUrl":"job/node-test-pull-request/"},{"prId":"55589"}],"tap":{"ok":false,"name":"parallel/test-node-output-sourcemaps","id":621,"buffered":false,"tapError":null,"skip":false,"todo":false,"previous":null,"plan":null,"diag":{"severity":"fail","exitcode":1,"stack":"▶ sourcemaps output\n  ✔ source-map/output/source_map_disabled_by_api.js (180.4829ms)\n  ✔ source-map/output/source_map_enabled_by_api.js (130.7078ms)\n  ✔ source-map/output/source_map_enclosing_function.js (169.5454ms)\n  ✔ source-map/output/source_map_eval.js (164.4346ms)\n  ✔ source-map/output/source_map_no_source_file.js (166.0181ms)\n  ✔ source-map/output/source_map_prepare_stack_trace.js (131.135ms)\n  ✔ source-map/output/source_map_reference_error_tabs.js (115.3531ms)\n  ✔ source-map/output/source_map_sourcemapping_url_string.js (189.5628ms)\n  ✔ source-map/output/source_map_throw_async_stack_trace.mjs (200.8856ms)\n  ✔ source-map/output/source_map_throw_catch.js (171.7391ms)\n  ✔ source-map/output/source_map_throw_construct.mjs (190.2634ms)\n  ✔ source-map/output/source_map_throw_first_tick.js (149.2197ms)\n  ✔ source-map/output/source_map_throw_icu.js (157.4068ms)\n  ✔ source-map/output/source_map_throw_set_immediate.js (152.9431ms)\n  ✖ source-map/output/test-map-callsite.js (332.366ms)\n    AssertionError [ERR_ASSERTION]: Expected values to be strictly equal:\n    + actual - expected\n    \n      'Without mapCallSite:  [Object: null prototype] {\\n' +\n        \"  functionName: '',\\n\" +\n    +   \"  scriptName: '*workspace*node-test-binary-windows-js-suites*node*fixtures*typescript*ts*test-callsite.ts',\\n\" +\n    -   \"  scriptName: '*fixtures*typescript*ts*test-callsite.ts',\\n\" +\n        '  lineNumber: 3,\\n' +\n        '  column: 18\\n' +\n        '}\\n' +\n        'With mapCallSite:  [Object: null prototype] {\\n' +\n        \"  functionName: '',\\n\" +\n    \n        at assertSnapshot (c:\\workspace\\node-test-binary-windows-js-suites\\node\\test\\common\\assertSnapshot.js:56:12)\n        at async Module.spawnAndAssert (c:\\workspace\\node-test-binary-windows-js-suites\\node\\test\\common\\assertSnapshot.js:91:3)\n        at async TestContext.<anonymous> (file:///c:/workspace/node-test-binary-windows-js-suites/node/test/parallel/test-node-output-sourcemaps.mjs:47:7)\n        at async Test.run (node:internal/test_runner/test:935:9)\n        at async Suite.processPendingSubtests (node:internal/test_runner/test:633:7) {\n      generatedMessage: true,\n      code: 'ERR_ASSERTION',\n      actual: \"Without mapCallSite:  [Object: null prototype] {\\n  functionName: '',\\n  scriptName: '*workspace*node-test-binary-windows-js-suites*node*fixtures*typescript*ts*test-callsite.ts',\\n  lineNumber: 3,\\n  column: 18\\n}\\nWith mapCallSite:  [Object: null prototype] {\\n  functionName: '',\\n  scriptName: 'file:**fixtures*typescript*ts*test-callsite.ts',\\n  lineNumber: 9,\\n...\",\n      expected: \"Without mapCallSite:  [Object: null prototype] {\\n  functionName: '',\\n  scriptName: '*fixtures*typescript*ts*test-callsite.ts',\\n  lineNumber: 3,\\n  column: 18\\n}\\nWith mapCallSite:  [Object: null prototype] {\\n  functionName: '',\\n  scriptName: 'file:**fixtures*typescript*ts*test-callsite.ts',\\n  lineNumber: 9,\\n...\",\n      operator: 'strictEqual'\n    }\n\n✖ sourcemaps output (2609.4663ms)\nℹ tests 15\nℹ suites 1\nℹ pass 14\nℹ fail 1\nℹ cancelled 0\nℹ skipped 0\nℹ todo 0\nℹ duration_ms 2617.7755\n\n✖ failing tests:\n\ntest at test\\parallel\\test-node-output-sourcemaps.mjs:46:5\n✖ source-map/output/test-map-callsite.js (332.366ms)\n  AssertionError [ERR_ASSERTION]: Expected values to be strictly equal:\n  + actual - expected\n  \n    'Without mapCallSite:  [Object: null prototype] {\\n' +\n      \"  functionName: '',\\n\" +\n  +   \"  scriptName: '*workspace*node-test-binary-windows-js-suites*node*fixtures*typescript*ts*test-callsite.ts',\\n\" +\n  -   \"  scriptName: '*fixtures*typescript*ts*test-callsite.ts',\\n\" +\n      '  lineNumber: 3,\\n' +\n      '  column: 18\\n' +\n      '}\\n' +\n      'With mapCallSite:  [Object: null prototype] {\\n' +\n      \"  functionName: '',\\n\" +\n  \n      at assertSnapshot (c:\\workspace\\node-test-binary-windows-js-suites\\node\\test\\common\\assertSnapshot.js:56:12)\n      at async Module.spawnAndAssert (c:\\workspace\\node-test-binary-windows-js-suites\\node\\test\\common\\assertSnapshot.js:91:3)\n      at async TestContext.<anonymous> (file:///c:/workspace/node-test-binary-windows-js-suites/node/test/parallel/test-node-output-sourcemaps.mjs:47:7)\n      at async Test.run (node:internal/test_runner/test:935:9)\n      at async Suite.processPendingSubtests (node:internal/test_runner/test:633:7) {\n    generatedMessage: true,\n    code: 'ERR_ASSERTION',\n    actual: \"Without mapCallSite:  [Object: null prototype] {\\n  functionName: '',\\n  scriptName: '*workspace*node-test-binary-windows-js-suites*node*fixtures*typescript*ts*test-callsite.ts',\\n  lineNumber: 3,\\n  column: 18\\n}\\nWith mapCallSite:  [Object: null prototype] {\\n  functionName: '',\\n  scriptName: 'file:**fixtures*typescript*ts*test-callsite.ts',\\n  lineNumber: 9,\\n...\",\n    expected: \"Without mapCallSite:  [Object: null prototype] {\\n  functionName: '',\\n  scriptName: '*fixtures*typescript*ts*test-callsite.ts',\\n  lineNumber: 3,\\n  column: 18\\n}\\nWith mapCallSite:  [Object: null prototype] {\\n  functionName: '',\\n  scriptName: 'file:**fixtures*typescript*ts*test-callsite.ts',\\n  lineNumber: 9,\\n...\",\n    operator: 'strictEqual'\n  }"},"time":2982.225,"fullname":"parallel/test-node-output-sourcemaps","closingTestPoint":false}},{"testName":"parallel/test-node-output-sourcemaps","timestamp":1730343761388,"status":"FAILED","jobName":"node-test-binary-windows-js-suites","config":"node-test-binary-windows-js-suites » 2,win11-arm64-COMPILED_BY-vs2022-arm64 #31074","buildUrl":"https://ci.nodejs.org/job/node-test-binary-windows-js-suites/RUN_SUBSET=2,nodes=win11-arm64-COMPILED_BY-vs2022-arm64/31074/","buildNumber":31074,"builtOn":"test-azure_msft-win11_vs2022-arm64-5","nodeVersion":"24.0.0","commitHash":"fe8f181a2ec11743d18417642422d60a2bddfc89","callStack":[{"upstreamBuild":66781,"upstreamProject":"node-test-commit-windows-fanned","upstreamUrl":"job/node-test-commit-windows-fanned/"},{"upstreamBuild":75523,"upstreamProject":"node-test-commit","upstreamUrl":"job/node-test-commit/"},{"upstreamBuild":63353,"upstreamProject":"node-test-pull-request","upstreamUrl":"job/node-test-pull-request/"},{"prId":"55589"}],"tap":{"ok":false,"name":"parallel/test-node-output-sourcemaps","id":672,"buffered":false,"tapError":null,"skip":false,"todo":false,"previous":null,"plan":null,"diag":{"severity":"fail","exitcode":1,"stack":"▶ sourcemaps output\n  ✔ source-map/output/source_map_disabled_by_api.js (258.5281ms)\n  ✔ source-map/output/source_map_enabled_by_api.js (225.7587ms)\n  ✔ source-map/output/source_map_enclosing_function.js (257.3659ms)\n  ✔ source-map/output/source_map_eval.js (259.0034ms)\n  ✔ source-map/output/source_map_no_source_file.js (242.1945ms)\n  ✔ source-map/output/source_map_prepare_stack_trace.js (225.5677ms)\n  ✔ source-map/output/source_map_reference_error_tabs.js (228.0672ms)\n  ✔ source-map/output/source_map_sourcemapping_url_string.js (398.8742ms)\n  ✔ source-map/output/source_map_throw_async_stack_trace.mjs (289.3718ms)\n  ✔ source-map/output/source_map_throw_catch.js (306.6288ms)\n  ✔ source-map/output/source_map_throw_construct.mjs (308.3812ms)\n  ✔ source-map/output/source_map_throw_first_tick.js (254.6852ms)\n  ✔ source-map/output/source_map_throw_icu.js (250.2914ms)\n  ✔ source-map/output/source_map_throw_set_immediate.js (297.8217ms)\n  ✖ source-map/output/test-map-callsite.js (581.4896ms)\n    AssertionError [ERR_ASSERTION]: Expected values to be strictly equal:\n    + actual - expected\n    \n      'Without mapCallSite:  [Object: null prototype] {\\n' +\n        \"  functionName: '',\\n\" +\n    +   \"  scriptName: '*workspace*node-test-binary-windows-js-suites*node*fixtures*typescript*ts*test-callsite.ts',\\n\" +\n    -   \"  scriptName: '*fixtures*typescript*ts*test-callsite.ts',\\n\" +\n        '  lineNumber: 3,\\n' +\n        '  column: 18\\n' +\n        '}\\n' +\n        'With mapCallSite:  [Object: null prototype] {\\n' +\n        \"  functionName: '',\\n\" +\n    \n        at assertSnapshot (d:\\workspace\\node-test-binary-windows-js-suites\\node\\test\\common\\assertSnapshot.js:56:12)\n        at async Module.spawnAndAssert (d:\\workspace\\node-test-binary-windows-js-suites\\node\\test\\common\\assertSnapshot.js:91:3)\n        at async TestContext.<anonymous> (file:///d:/workspace/node-test-binary-windows-js-suites/node/test/parallel/test-node-output-sourcemaps.mjs:47:7)\n        at async Test.run (node:internal/test_runner/test:935:9)\n        at async Suite.processPendingSubtests (node:internal/test_runner/test:633:7) {\n      generatedMessage: true,\n      code: 'ERR_ASSERTION',\n      actual: \"Without mapCallSite:  [Object: null prototype] {\\n  functionName: '',\\n  scriptName: '*workspace*node-test-binary-windows-js-suites*node*fixtures*typescript*ts*test-callsite.ts',\\n  lineNumber: 3,\\n  column: 18\\n}\\nWith mapCallSite:  [Object: null prototype] {\\n  functionName: '',\\n  scriptName: 'file:**fixtures*typescript*ts*test-callsite.ts',\\n  lineNumber: 9,\\n...\",\n      expected: \"Without mapCallSite:  [Object: null prototype] {\\n  functionName: '',\\n  scriptName: '*fixtures*typescript*ts*test-callsite.ts',\\n  lineNumber: 3,\\n  column: 18\\n}\\nWith mapCallSite:  [Object: null prototype] {\\n  functionName: '',\\n  scriptName: 'file:**fixtures*typescript*ts*test-callsite.ts',\\n  lineNumber: 9,\\n...\",\n      operator: 'strictEqual'\n    }\n\n✖ sourcemaps output (4394.3642ms)\nℹ tests 15\nℹ suites 1\nℹ pass 14\nℹ fail 1\nℹ cancelled 0\nℹ skipped 0\nℹ todo 0\nℹ duration_ms 4405.2157\n\n✖ failing tests:\n\ntest at test\\parallel\\test-node-output-sourcemaps.mjs:46:5\n✖ source-map/output/test-map-callsite.js (581.4896ms)\n  AssertionError [ERR_ASSERTION]: Expected values to be strictly equal:\n  + actual - expected\n  \n    'Without mapCallSite:  [Object: null prototype] {\\n' +\n      \"  functionName: '',\\n\" +\n  +   \"  scriptName: '*workspace*node-test-binary-windows-js-suites*node*fixtures*typescript*ts*test-callsite.ts',\\n\" +\n  -   \"  scriptName: '*fixtures*typescript*ts*test-callsite.ts',\\n\" +\n      '  lineNumber: 3,\\n' +\n      '  column: 18\\n' +\n      '}\\n' +\n      'With mapCallSite:  [Object: null prototype] {\\n' +\n      \"  functionName: '',\\n\" +\n  \n      at assertSnapshot (d:\\workspace\\node-test-binary-windows-js-suites\\node\\test\\common\\assertSnapshot.js:56:12)\n      at async Module.spawnAndAssert (d:\\workspace\\node-test-binary-windows-js-suites\\node\\test\\common\\assertSnapshot.js:91:3)\n      at async TestContext.<anonymous> (file:///d:/workspace/node-test-binary-windows-js-suites/node/test/parallel/test-node-output-sourcemaps.mjs:47:7)\n      at async Test.run (node:internal/test_runner/test:935:9)\n      at async Suite.processPendingSubtests (node:internal/test_runner/test:633:7) {\n    generatedMessage: true,\n    code: 'ERR_ASSERTION',\n    actual: \"Without mapCallSite:  [Object: null prototype] {\\n  functionName: '',\\n  scriptName: '*workspace*node-test-binary-windows-js-suites*node*fixtures*typescript*ts*test-callsite.ts',\\n  lineNumber: 3,\\n  column: 18\\n}\\nWith mapCallSite:  [Object: null prototype] {\\n  functionName: '',\\n  scriptName: 'file:**fixtures*typescript*ts*test-callsite.ts',\\n  lineNumber: 9,\\n...\",\n    expected: \"Without mapCallSite:  [Object: null prototype] {\\n  functionName: '',\\n  scriptName: '*fixtures*typescript*ts*test-callsite.ts',\\n  lineNumber: 3,\\n  column: 18\\n}\\nWith mapCallSite:  [Object: null prototype] {\\n  functionName: '',\\n  scriptName: 'file:**fixtures*typescript*ts*test-callsite.ts',\\n  lineNumber: 9,\\n...\",\n    operator: 'strictEqual'\n  }"},"time":4878.982,"fullname":"parallel/test-node-output-sourcemaps","closingTestPoint":false}},{"testName":"parallel/test-node-output-sourcemaps","timestamp":1730343761388,"status":"FAILED","jobName":"node-test-binary-windows-js-suites","config":"node-test-binary-windows-js-suites » 1,win2022-COMPILED_BY-vs2022 #31074","buildUrl":"https://ci.nodejs.org/job/node-test-binary-windows-js-suites/RUN_SUBSET=1,nodes=win2022-COMPILED_BY-vs2022/31074/","buildNumber":31074,"builtOn":"test-rackspace-win2022_vs2022-x64-4","nodeVersion":"24.0.0","commitHash":"fe8f181a2ec11743d18417642422d60a2bddfc89","callStack":[{"upstreamBuild":66781,"upstreamProject":"node-test-commit-windows-fanned","upstreamUrl":"job/node-test-commit-windows-fanned/"},{"upstreamBuild":75523,"upstreamProject":"node-test-commit","upstreamUrl":"job/node-test-commit/"},{"upstreamBuild":63353,"upstreamProject":"node-test-pull-request","upstreamUrl":"job/node-test-pull-request/"},{"prId":"55589"}],"tap":{"ok":false,"name":"parallel/test-node-output-sourcemaps","id":672,"buffered":false,"tapError":null,"skip":false,"todo":false,"previous":null,"plan":null,"diag":{"severity":"fail","exitcode":1,"stack":"▶ sourcemaps output\n  ✔ source-map/output/source_map_disabled_by_api.js (254.67ms)\n  ✔ source-map/output/source_map_enabled_by_api.js (189.1826ms)\n  ✔ source-map/output/source_map_enclosing_function.js (278.3009ms)\n  ✔ source-map/output/source_map_eval.js (229.423ms)\n  ✔ source-map/output/source_map_no_source_file.js (214.2609ms)\n  ✔ source-map/output/source_map_prepare_stack_trace.js (193.0985ms)\n  ✔ source-map/output/source_map_reference_error_tabs.js (197.4819ms)\n  ✔ source-map/output/source_map_sourcemapping_url_string.js (350.6291ms)\n  ✔ source-map/output/source_map_throw_async_stack_trace.mjs (249.7855ms)\n  ✔ source-map/output/source_map_throw_catch.js (248.0345ms)\n  ✔ source-map/output/source_map_throw_construct.mjs (349.118ms)\n  ✔ source-map/output/source_map_throw_first_tick.js (215.1084ms)\n  ✔ source-map/output/source_map_throw_icu.js (229.2544ms)\n  ✔ source-map/output/source_map_throw_set_immediate.js (189.0922ms)\n  ✖ source-map/output/test-map-callsite.js (455.0753ms)\n    AssertionError [ERR_ASSERTION]: Expected values to be strictly equal:\n    + actual - expected\n    \n      'Without mapCallSite:  [Object: null prototype] {\\n' +\n        \"  functionName: '',\\n\" +\n    +   \"  scriptName: '*workspace*node-test-binary-windows-js-suites*node*fixtures*typescript*ts*test-callsite.ts',\\n\" +\n    -   \"  scriptName: '*fixtures*typescript*ts*test-callsite.ts',\\n\" +\n        '  lineNumber: 3,\\n' +\n        '  column: 18\\n' +\n        '}\\n' +\n        'With mapCallSite:  [Object: null prototype] {\\n' +\n        \"  functionName: '',\\n\" +\n    \n        at assertSnapshot (C:\\workspace\\node-test-binary-windows-js-suites\\node\\test\\common\\assertSnapshot.js:56:12)\n        at async Module.spawnAndAssert (C:\\workspace\\node-test-binary-windows-js-suites\\node\\test\\common\\assertSnapshot.js:91:3)\n        at async TestContext.<anonymous> (file:///C:/workspace/node-test-binary-windows-js-suites/node/test/parallel/test-node-output-sourcemaps.mjs:47:7)\n        at async Test.run (node:internal/test_runner/test:935:9)\n        at async Suite.processPendingSubtests (node:internal/test_runner/test:633:7) {\n      generatedMessage: true,\n      code: 'ERR_ASSERTION',\n      actual: \"Without mapCallSite:  [Object: null prototype] {\\n  functionName: '',\\n  scriptName: '*workspace*node-test-binary-windows-js-suites*node*fixtures*typescript*ts*test-callsite.ts',\\n  lineNumber: 3,\\n  column: 18\\n}\\nWith mapCallSite:  [Object: null prototype] {\\n  functionName: '',\\n  scriptName: 'file:**fixtures*typescript*ts*test-callsite.ts',\\n  lineNumber: 9,\\n...\",\n      expected: \"Without mapCallSite:  [Object: null prototype] {\\n  functionName: '',\\n  scriptName: '*fixtures*typescript*ts*test-callsite.ts',\\n  lineNumber: 3,\\n  column: 18\\n}\\nWith mapCallSite:  [Object: null prototype] {\\n  functionName: '',\\n  scriptName: 'file:**fixtures*typescript*ts*test-callsite.ts',\\n  lineNumber: 9,\\n...\",\n      operator: 'strictEqual'\n    }\n\n✖ sourcemaps output (3857.4835ms)\nℹ tests 15\nℹ suites 1\nℹ pass 14\nℹ fail 1\nℹ cancelled 0\nℹ skipped 0\nℹ todo 0\nℹ duration_ms 3873.9489\n\n✖ failing tests:\n\ntest at test\\parallel\\test-node-output-sourcemaps.mjs:46:5\n✖ source-map/output/test-map-callsite.js (455.0753ms)\n  AssertionError [ERR_ASSERTION]: Expected values to be strictly equal:\n  + actual - expected\n  \n    'Without mapCallSite:  [Object: null prototype] {\\n' +\n      \"  functionName: '',\\n\" +\n  +   \"  scriptName: '*workspace*node-test-binary-windows-js-suites*node*fixtures*typescript*ts*test-callsite.ts',\\n\" +\n  -   \"  scriptName: '*fixtures*typescript*ts*test-callsite.ts',\\n\" +\n      '  lineNumber: 3,\\n' +\n      '  column: 18\\n' +\n      '}\\n' +\n      'With mapCallSite:  [Object: null prototype] {\\n' +\n      \"  functionName: '',\\n\" +\n  \n      at assertSnapshot (C:\\workspace\\node-test-binary-windows-js-suites\\node\\test\\common\\assertSnapshot.js:56:12)\n      at async Module.spawnAndAssert (C:\\workspace\\node-test-binary-windows-js-suites\\node\\test\\common\\assertSnapshot.js:91:3)\n      at async TestContext.<anonymous> (file:///C:/workspace/node-test-binary-windows-js-suites/node/test/parallel/test-node-output-sourcemaps.mjs:47:7)\n      at async Test.run (node:internal/test_runner/test:935:9)\n      at async Suite.processPendingSubtests (node:internal/test_runner/test:633:7) {\n    generatedMessage: true,\n    code: 'ERR_ASSERTION',\n    actual: \"Without mapCallSite:  [Object: null prototype] {\\n  functionName: '',\\n  scriptName: '*workspace*node-test-binary-windows-js-suites*node*fixtures*typescript*ts*test-callsite.ts',\\n  lineNumber: 3,\\n  column: 18\\n}\\nWith mapCallSite:  [Object: null prototype] {\\n  functionName: '',\\n  scriptName: 'file:**fixtures*typescript*ts*test-callsite.ts',\\n  lineNumber: 9,\\n...\",\n    expected: \"Without mapCallSite:  [Object: null prototype] {\\n  functionName: '',\\n  scriptName: '*fixtures*typescript*ts*test-callsite.ts',\\n  lineNumber: 3,\\n  column: 18\\n}\\nWith mapCallSite:  [Object: null prototype] {\\n  functionName: '',\\n  scriptName: 'file:**fixtures*typescript*ts*test-callsite.ts',\\n  lineNumber: 9,\\n...\",\n    operator: 'strictEqual'\n  }"},"time":4361.264,"fullname":"parallel/test-node-output-sourcemaps","closingTestPoint":false}},{"testName":"parallel/test-node-output-sourcemaps","timestamp":1730343761388,"status":"FAILED","jobName":"node-test-binary-windows-js-suites","config":"node-test-binary-windows-js-suites » 1,win11-COMPILED_BY-vs2022 #31074","buildUrl":"https://ci.nodejs.org/job/node-test-binary-windows-js-suites/RUN_SUBSET=1,nodes=win11-COMPILED_BY-vs2022/31074/","buildNumber":31074,"builtOn":"test-azure_msft-win11_vs2022-x64-1","nodeVersion":"24.0.0","commitHash":"fe8f181a2ec11743d18417642422d60a2bddfc89","callStack":[{"upstreamBuild":66781,"upstreamProject":"node-test-commit-windows-fanned","upstreamUrl":"job/node-test-commit-windows-fanned/"},{"upstreamBuild":75523,"upstreamProject":"node-test-commit","upstreamUrl":"job/node-test-commit/"},{"upstreamBuild":63353,"upstreamProject":"node-test-pull-request","upstreamUrl":"job/node-test-pull-request/"},{"prId":"55589"}],"tap":{"ok":false,"name":"parallel/test-node-output-sourcemaps","id":621,"buffered":false,"tapError":null,"skip":false,"todo":false,"previous":null,"plan":null,"diag":{"severity":"fail","exitcode":1,"stack":"▶ sourcemaps output\n  ✔ source-map/output/source_map_disabled_by_api.js (163.549ms)\n  ✔ source-map/output/source_map_enabled_by_api.js (131.7535ms)\n  ✔ source-map/output/source_map_enclosing_function.js (183.973ms)\n  ✔ source-map/output/source_map_eval.js (219.649ms)\n  ✔ source-map/output/source_map_no_source_file.js (165.0377ms)\n  ✔ source-map/output/source_map_prepare_stack_trace.js (165.3462ms)\n  ✔ source-map/output/source_map_reference_error_tabs.js (118.4005ms)\n  ✔ source-map/output/source_map_sourcemapping_url_string.js (184.1222ms)\n  ✔ source-map/output/source_map_throw_async_stack_trace.mjs (230.2829ms)\n  ✔ source-map/output/source_map_throw_catch.js (150.6143ms)\n  ✔ source-map/output/source_map_throw_construct.mjs (200.9333ms)\n  ✔ source-map/output/source_map_throw_first_tick.js (139.039ms)\n  ✔ source-map/output/source_map_throw_icu.js (146.1901ms)\n  ✔ source-map/output/source_map_throw_set_immediate.js (146.3944ms)\n  ✖ source-map/output/test-map-callsite.js (335.0388ms)\n    AssertionError [ERR_ASSERTION]: Expected values to be strictly equal:\n    + actual - expected\n    \n      'Without mapCallSite:  [Object: null prototype] {\\n' +\n        \"  functionName: '',\\n\" +\n    +   \"  scriptName: '*workspace*node-test-binary-windows-js-suites*node*fixtures*typescript*ts*test-callsite.ts',\\n\" +\n    -   \"  scriptName: '*fixtures*typescript*ts*test-callsite.ts',\\n\" +\n        '  lineNumber: 3,\\n' +\n        '  column: 18\\n' +\n        '}\\n' +\n        'With mapCallSite:  [Object: null prototype] {\\n' +\n        \"  functionName: '',\\n\" +\n    \n        at assertSnapshot (c:\\workspace\\node-test-binary-windows-js-suites\\node\\test\\common\\assertSnapshot.js:56:12)\n        at async Module.spawnAndAssert (c:\\workspace\\node-test-binary-windows-js-suites\\node\\test\\common\\assertSnapshot.js:91:3)\n        at async TestContext.<anonymous> (file:///c:/workspace/node-test-binary-windows-js-suites/node/test/parallel/test-node-output-sourcemaps.mjs:47:7)\n        at async Test.run (node:internal/test_runner/test:935:9)\n        at async Suite.processPendingSubtests (node:internal/test_runner/test:633:7) {\n      generatedMessage: true,\n      code: 'ERR_ASSERTION',\n      actual: \"Without mapCallSite:  [Object: null prototype] {\\n  functionName: '',\\n  scriptName: '*workspace*node-test-binary-windows-js-suites*node*fixtures*typescript*ts*test-callsite.ts',\\n  lineNumber: 3,\\n  column: 18\\n}\\nWith mapCallSite:  [Object: null prototype] {\\n  functionName: '',\\n  scriptName: 'file:**fixtures*typescript*ts*test-callsite.ts',\\n  lineNumber: 9,\\n...\",\n      expected: \"Without mapCallSite:  [Object: null prototype] {\\n  functionName: '',\\n  scriptName: '*fixtures*typescript*ts*test-callsite.ts',\\n  lineNumber: 3,\\n  column: 18\\n}\\nWith mapCallSite:  [Object: null prototype] {\\n  functionName: '',\\n  scriptName: 'file:**fixtures*typescript*ts*test-callsite.ts',\\n  lineNumber: 9,\\n...\",\n      operator: 'strictEqual'\n    }\n\n✖ sourcemaps output (2688.5383ms)\nℹ tests 15\nℹ suites 1\nℹ pass 14\nℹ fail 1\nℹ cancelled 0\nℹ skipped 0\nℹ todo 0\nℹ duration_ms 2697.2328\n\n✖ failing tests:\n\ntest at test\\parallel\\test-node-output-sourcemaps.mjs:46:5\n✖ source-map/output/test-map-callsite.js (335.0388ms)\n  AssertionError [ERR_ASSERTION]: Expected values to be strictly equal:\n  + actual - expected\n  \n    'Without mapCallSite:  [Object: null prototype] {\\n' +\n      \"  functionName: '',\\n\" +\n  +   \"  scriptName: '*workspace*node-test-binary-windows-js-suites*node*fixtures*typescript*ts*test-callsite.ts',\\n\" +\n  -   \"  scriptName: '*fixtures*typescript*ts*test-callsite.ts',\\n\" +\n      '  lineNumber: 3,\\n' +\n      '  column: 18\\n' +\n      '}\\n' +\n      'With mapCallSite:  [Object: null prototype] {\\n' +\n      \"  functionName: '',\\n\" +\n  \n      at assertSnapshot (c:\\workspace\\node-test-binary-windows-js-suites\\node\\test\\common\\assertSnapshot.js:56:12)\n      at async Module.spawnAndAssert (c:\\workspace\\node-test-binary-windows-js-suites\\node\\test\\common\\assertSnapshot.js:91:3)\n      at async TestContext.<anonymous> (file:///c:/workspace/node-test-binary-windows-js-suites/node/test/parallel/test-node-output-sourcemaps.mjs:47:7)\n      at async Test.run (node:internal/test_runner/test:935:9)\n      at async Suite.processPendingSubtests (node:internal/test_runner/test:633:7) {\n    generatedMessage: true,\n    code: 'ERR_ASSERTION',\n    actual: \"Without mapCallSite:  [Object: null prototype] {\\n  functionName: '',\\n  scriptName: '*workspace*node-test-binary-windows-js-suites*node*fixtures*typescript*ts*test-callsite.ts',\\n  lineNumber: 3,\\n  column: 18\\n}\\nWith mapCallSite:  [Object: null prototype] {\\n  functionName: '',\\n  scriptName: 'file:**fixtures*typescript*ts*test-callsite.ts',\\n  lineNumber: 9,\\n...\",\n    expected: \"Without mapCallSite:  [Object: null prototype] {\\n  functionName: '',\\n  scriptName: '*fixtures*typescript*ts*test-callsite.ts',\\n  lineNumber: 3,\\n  column: 18\\n}\\nWith mapCallSite:  [Object: null prototype] {\\n  functionName: '',\\n  scriptName: 'file:**fixtures*typescript*ts*test-callsite.ts',\\n  lineNumber: 9,\\n...\",\n    operator: 'strictEqual'\n  }"},"time":3110.899,"fullname":"parallel/test-node-output-sourcemaps","closingTestPoint":false}},{"testName":"parallel/test-node-output-sourcemaps","timestamp":1730343761388,"status":"FAILED","jobName":"node-test-binary-windows-js-suites","config":"node-test-binary-windows-js-suites » 1,win2019-COMPILED_BY-vs2022 #31074","buildUrl":"https://ci.nodejs.org/job/node-test-binary-windows-js-suites/RUN_SUBSET=1,nodes=win2019-COMPILED_BY-vs2022/31074/","buildNumber":31074,"builtOn":"test-rackspace-win2019_vs2019-x64-3","nodeVersion":"24.0.0","commitHash":"fe8f181a2ec11743d18417642422d60a2bddfc89","callStack":[{"upstreamBuild":66781,"upstreamProject":"node-test-commit-windows-fanned","upstreamUrl":"job/node-test-commit-windows-fanned/"},{"upstreamBuild":75523,"upstreamProject":"node-test-commit","upstreamUrl":"job/node-test-commit/"},{"upstreamBuild":63353,"upstreamProject":"node-test-pull-request","upstreamUrl":"job/node-test-pull-request/"},{"prId":"55589"}],"tap":{"ok":false,"name":"parallel/test-node-output-sourcemaps","id":661,"buffered":false,"tapError":null,"skip":false,"todo":false,"previous":null,"plan":null,"diag":{"severity":"fail","exitcode":1,"stack":"▶ sourcemaps output\n  ✔ source-map/output/source_map_disabled_by_api.js (135.284ms)\n  ✔ source-map/output/source_map_enabled_by_api.js (143.4263ms)\n  ✔ source-map/output/source_map_enclosing_function.js (149.4379ms)\n  ✔ source-map/output/source_map_eval.js (160.1591ms)\n  ✔ source-map/output/source_map_no_source_file.js (133.9845ms)\n  ✔ source-map/output/source_map_prepare_stack_trace.js (125.9929ms)\n  ✔ source-map/output/source_map_reference_error_tabs.js (163.3521ms)\n  ✔ source-map/output/source_map_sourcemapping_url_string.js (145.4466ms)\n  ✔ source-map/output/source_map_throw_async_stack_trace.mjs (183.279ms)\n  ✔ source-map/output/source_map_throw_catch.js (209.1845ms)\n  ✔ source-map/output/source_map_throw_construct.mjs (265.5719ms)\n  ✔ source-map/output/source_map_throw_first_tick.js (127.8807ms)\n  ✔ source-map/output/source_map_throw_icu.js (157.3836ms)\n  ✔ source-map/output/source_map_throw_set_immediate.js (131.6483ms)\n  ✖ source-map/output/test-map-callsite.js (424.6168ms)\n    AssertionError [ERR_ASSERTION]: Expected values to be strictly equal:\n    + actual - expected\n    \n      'Without mapCallSite:  [Object: null prototype] {\\n' +\n        \"  functionName: '',\\n\" +\n    +   \"  scriptName: '*workspace*node-test-binary-windows-js-suites*node*fixtures*typescript*ts*test-callsite.ts',\\n\" +\n    -   \"  scriptName: '*fixtures*typescript*ts*test-callsite.ts',\\n\" +\n        '  lineNumber: 3,\\n' +\n        '  column: 18\\n' +\n        '}\\n' +\n        'With mapCallSite:  [Object: null prototype] {\\n' +\n        \"  functionName: '',\\n\" +\n    \n        at assertSnapshot (C:\\workspace\\node-test-binary-windows-js-suites\\node\\test\\common\\assertSnapshot.js:56:12)\n        at async Module.spawnAndAssert (C:\\workspace\\node-test-binary-windows-js-suites\\node\\test\\common\\assertSnapshot.js:91:3)\n        at async TestContext.<anonymous> (file:///C:/workspace/node-test-binary-windows-js-suites/node/test/parallel/test-node-output-sourcemaps.mjs:47:7)\n        at async Test.run (node:internal/test_runner/test:935:9)\n        at async Suite.processPendingSubtests (node:internal/test_runner/test:633:7) {\n      generatedMessage: true,\n      code: 'ERR_ASSERTION',\n      actual: \"Without mapCallSite:  [Object: null prototype] {\\n  functionName: '',\\n  scriptName: '*workspace*node-test-binary-windows-js-suites*node*fixtures*typescript*ts*test-callsite.ts',\\n  lineNumber: 3,\\n  column: 18\\n}\\nWith mapCallSite:  [Object: null prototype] {\\n  functionName: '',\\n  scriptName: 'file:**fixtures*typescript*ts*test-callsite.ts',\\n  lineNumber: 9,\\n...\",\n      expected: \"Without mapCallSite:  [Object: null prototype] {\\n  functionName: '',\\n  scriptName: '*fixtures*typescript*ts*test-callsite.ts',\\n  lineNumber: 3,\\n  column: 18\\n}\\nWith mapCallSite:  [Object: null prototype] {\\n  functionName: '',\\n  scriptName: 'file:**fixtures*typescript*ts*test-callsite.ts',\\n  lineNumber: 9,\\n...\",\n      operator: 'strictEqual'\n    }\n\n✖ sourcemaps output (2669.5694ms)\nℹ tests 15\nℹ suites 1\nℹ pass 14\nℹ fail 1\nℹ cancelled 0\nℹ skipped 0\nℹ todo 0\nℹ duration_ms 2683.6962\n\n✖ failing tests:\n\ntest at test\\parallel\\test-node-output-sourcemaps.mjs:46:5\n✖ source-map/output/test-map-callsite.js (424.6168ms)\n  AssertionError [ERR_ASSERTION]: Expected values to be strictly equal:\n  + actual - expected\n  \n    'Without mapCallSite:  [Object: null prototype] {\\n' +\n      \"  functionName: '',\\n\" +\n  +   \"  scriptName: '*workspace*node-test-binary-windows-js-suites*node*fixtures*typescript*ts*test-callsite.ts',\\n\" +\n  -   \"  scriptName: '*fixtures*typescript*ts*test-callsite.ts',\\n\" +\n      '  lineNumber: 3,\\n' +\n      '  column: 18\\n' +\n      '}\\n' +\n      'With mapCallSite:  [Object: null prototype] {\\n' +\n      \"  functionName: '',\\n\" +\n  \n      at assertSnapshot (C:\\workspace\\node-test-binary-windows-js-suites\\node\\test\\common\\assertSnapshot.js:56:12)\n      at async Module.spawnAndAssert (C:\\workspace\\node-test-binary-windows-js-suites\\node\\test\\common\\assertSnapshot.js:91:3)\n      at async TestContext.<anonymous> (file:///C:/workspace/node-test-binary-windows-js-suites/node/test/parallel/test-node-output-sourcemaps.mjs:47:7)\n      at async Test.run (node:internal/test_runner/test:935:9)\n      at async Suite.processPendingSubtests (node:internal/test_runner/test:633:7) {\n    generatedMessage: true,\n    code: 'ERR_ASSERTION',\n    actual: \"Without mapCallSite:  [Object: null prototype] {\\n  functionName: '',\\n  scriptName: '*workspace*node-test-binary-windows-js-suites*node*fixtures*typescript*ts*test-callsite.ts',\\n  lineNumber: 3,\\n  column: 18\\n}\\nWith mapCallSite:  [Object: null prototype] {\\n  functionName: '',\\n  scriptName: 'file:**fixtures*typescript*ts*test-callsite.ts',\\n  lineNumber: 9,\\n...\",\n    expected: \"Without mapCallSite:  [Object: null prototype] {\\n  functionName: '',\\n  scriptName: '*fixtures*typescript*ts*test-callsite.ts',\\n  lineNumber: 3,\\n  column: 18\\n}\\nWith mapCallSite:  [Object: null prototype] {\\n  functionName: '',\\n  scriptName: 'file:**fixtures*typescript*ts*test-callsite.ts',\\n  lineNumber: 9,\\n...\",\n    operator: 'strictEqual'\n  }"},"time":3078.025,"fullname":"parallel/test-node-output-sourcemaps","closingTestPoint":false}}]}