{"failedTests":[{"testName":"parallel/test-async-context-frame","timestamp":1730426381404,"status":"FAILED","jobName":"node-test-binary-windows-js-suites","config":"node-test-binary-windows-js-suites » 0,win2019-COMPILED_BY-vs2022 #31094","buildUrl":"https://ci.nodejs.org/job/node-test-binary-windows-js-suites/RUN_SUBSET=0,nodes=win2019-COMPILED_BY-vs2022/31094/","buildNumber":31094,"builtOn":"test-rackspace-win2019_vs2019-x64-3","nodeVersion":"24.0.0","commitHash":"60d7cd06573f9c32a79a7b013576e1d1b14538a1","callStack":[{"upstreamBuild":66801,"upstreamProject":"node-test-commit-windows-fanned","upstreamUrl":"job/node-test-commit-windows-fanned/"},{"upstreamBuild":75545,"upstreamProject":"node-test-commit","upstreamUrl":"job/node-test-commit/"},{"upstreamBuild":63371,"upstreamProject":"node-test-pull-request","upstreamUrl":"job/node-test-pull-request/"},{"prId":"55618"}],"tap":{"ok":false,"name":"parallel/test-async-context-frame","id":455,"buffered":false,"tapError":null,"skip":false,"todo":": Fix flaky test","previous":null,"plan":null,"diag":{"severity":"flaky","exitcode":1,"stack":"▶ AsyncContextFrame\n  ✔ async-hooks\\test-async-local-storage-args.js (1338.8782ms)\n  ✔ async-hooks\\test-async-local-storage-async-await.js (1602.3449ms)\n  ✔ async-hooks\\test-async-local-storage-async-functions.js (1506.1254ms)\n  ✔ async-hooks\\test-async-local-storage-dgram.js (1200.4229ms)\n  ✔ async-hooks\\test-async-local-storage-enable-disable.js (1287.4213ms)\n  ✔ async-hooks\\test-async-local-storage-enter-with.js (1188.7321ms)\n  ✔ async-hooks\\test-async-local-storage-errors.js (1248.8759ms)\n  ✔ async-hooks\\test-async-local-storage-gcable.js (1326.8113ms)\n  ✔ async-hooks\\test-async-local-storage-http-agent.js (1432.6839ms)\n  ✖ async-hooks\\test-async-local-storage-http.js (1199.9998ms)\n    AssertionError [ERR_ASSERTION]: Test async-hooks\\test-async-local-storage-http.js failed with exit code 3221225477\n    \n    3221225477 !== 0\n    \n        at TestContext.<anonymous> (file:///C:/workspace/node-test-binary-windows-js-suites/node/test/parallel/test-async-context-frame.mjs:59:7)\n        at process.processTicksAndRejections (node:internal/process/task_queues:105:5)\n        at async Test.run (node:internal/test_runner/test:935:9)\n        at async Suite.processPendingSubtests (node:internal/test_runner/test:633:7) {\n      generatedMessage: false,\n      code: 'ERR_ASSERTION',\n      actual: 3221225477,\n      expected: 0,\n      operator: 'strictEqual'\n    }\n\n  ✔ async-hooks\\test-async-local-storage-misc-stores.js (1173.7082ms)\n  ✔ async-hooks\\test-async-local-storage-nested.js (1193.6729ms)\n  ✔ async-hooks\\test-async-local-storage-no-mix-contexts.js (1689.6653ms)\n  ✔ async-hooks\\test-async-local-storage-promises.js (1332.7341ms)\n  ✔ async-hooks\\test-async-local-storage-socket.js (1247.076ms)\n  ✔ async-hooks\\test-async-local-storage-thenable.js (1144.2133ms)\n  ✔ async-hooks\\test-async-local-storage-tlssocket.js (1345.2598ms)\n  ✔ parallel\\test-async-local-storage-bind.js (1144.4663ms)\n  ✔ parallel\\test-async-local-storage-contexts.js (1133.6414ms)\n  ✔ parallel\\test-async-local-storage-deep-stack.js (1143.9592ms)\n  ✔ parallel\\test-async-local-storage-exit-does-not-leak.js (1131.8813ms)\n  ✔ parallel\\test-async-local-storage-http-multiclients.js (1396.3119ms)\n  ✔ parallel\\test-async-local-storage-snapshot.js (1131.5389ms)\n✖ AsyncContextFrame (29555.0394ms)\nℹ tests 23\nℹ suites 1\nℹ pass 22\nℹ fail 1\nℹ cancelled 0\nℹ skipped 0\nℹ todo 0\nℹ duration_ms 29568.758\n\n✖ failing tests:\n\ntest at test\\parallel\\test-async-context-frame.mjs:49:5\n✖ async-hooks\\test-async-local-storage-http.js (1199.9998ms)\n  AssertionError [ERR_ASSERTION]: Test async-hooks\\test-async-local-storage-http.js failed with exit code 3221225477\n  \n  3221225477 !== 0\n  \n      at TestContext.<anonymous> (file:///C:/workspace/node-test-binary-windows-js-suites/node/test/parallel/test-async-context-frame.mjs:59:7)\n      at process.processTicksAndRejections (node:internal/process/task_queues:105:5)\n      at async Test.run (node:internal/test_runner/test:935:9)\n      at async Suite.processPendingSubtests (node:internal/test_runner/test:633:7) {\n    generatedMessage: false,\n    code: 'ERR_ASSERTION',\n    actual: 3221225477,\n    expected: 0,\n    operator: 'strictEqual'\n  }"},"time":30081.255,"fullname":"parallel/test-async-context-frame","closingTestPoint":false}}]}