{"failedTests":[{"testName":"parallel/test-runner-coverage","timestamp":1731222313410,"status":"REGRESSION","jobName":"node-test-binary-windows-js-suites","config":"node-test-binary-windows-js-suites » 3,win2019-COMPILED_BY-vs2022 #31213","buildUrl":"https://ci.nodejs.org/job/node-test-binary-windows-js-suites/RUN_SUBSET=3,nodes=win2019-COMPILED_BY-vs2022/31213/","buildNumber":31213,"builtOn":"test-rackspace-win2019_vs2019-x64-2","nodeVersion":"24.0.0","commitHash":"cc10e7250664c2a349a5d97950d250d2c69f51ab","callStack":[{"upstreamBuild":66930,"upstreamProject":"node-test-commit-windows-fanned","upstreamUrl":"job/node-test-commit-windows-fanned/"},{"upstreamBuild":75713,"upstreamProject":"node-test-commit","upstreamUrl":"job/node-test-commit/"},{"upstreamBuild":63500,"upstreamProject":"node-test-pull-request","upstreamUrl":"job/node-test-pull-request/"},{"prId":"55803"}],"tap":{"ok":false,"name":"parallel/test-runner-coverage","id":742,"buffered":false,"tapError":null,"skip":false,"todo":false,"previous":null,"plan":null,"diag":{"severity":"fail","exitcode":1,"stack":"▶ test coverage report\n  ✔ handles the inspector not being available (2.2433ms)\n✔ test coverage report (4.4159ms)\n▶ test tap coverage reporter\n  ✔ coverage is reported and dumped to NODE_V8_COVERAGE if present (397.2905ms)\n  ✔ coverage is reported without NODE_V8_COVERAGE present (551.7081ms)\n✔ test tap coverage reporter (950.0453ms)\n▶ test spec coverage reporter\n  ✔ coverage is reported and dumped to NODE_V8_COVERAGE if present (957.6861ms)\n  ✔ coverage is reported without NODE_V8_COVERAGE present (324.3581ms)\n✔ test spec coverage reporter (1282.9349ms)\n✖ single process coverage is the same with --test (490.2722ms)\n  AssertionError [ERR_ASSERTION]: The expression evaluated to a falsy value:\n  \n    assert(!findCoverageFileForPid(result.pid))\n  \n      at TestContext.<anonymous> (C:\\workspace\\node-test-binary-windows-js-suites\\node\\test\\parallel\\test-runner-coverage.js:161:3)\n      at Test.runInAsyncScope (node:async_hooks:211:14)\n      at Test.run (node:internal/test_runner/test:934:25)\n      at Test.processPendingSubtests (node:internal/test_runner/test:633:18)\n      at Test.postRun (node:internal/test_runner/test:1045:19)\n      at Test.run (node:internal/test_runner/test:973:12)\n      at async Test.processPendingSubtests (node:internal/test_runner/test:633:7) {\n    generatedMessage: true,\n    code: 'ERR_ASSERTION',\n    actual: false,\n    expected: true,\n    operator: '=='\n  }\n\n✔ coverage is combined for multiple processes (785.1836ms)\n﹣ coverage works with isolation=none (0.451ms) # SKIP\n▶ coverage reports on lines, functions, and branches\n  ✔ does not include node_modules (0.5573ms)\n  ✔ reports on function coverage (0.4957ms)\n  ✔ reports on branch coverage (0.5027ms)\n  ✔ reports on line coverage (0.5828ms)\n✔ coverage reports on lines, functions, and branches (515.3373ms)\n✔ coverage with ESM hook - source irrelevant (697.9325ms)\n✔ coverage with ESM hook - source transpiled (874.5285ms)\n✔ coverage with excluded files (305.9284ms)\n✔ coverage with included files (334.1299ms)\n✔ coverage with included and excluded files (275.2445ms)\n✔ correctly prints the coverage report of files contained in parent directories (397.6731ms)\nℹ tests 22\nℹ suites 0\nℹ pass 20\nℹ fail 1\nℹ cancelled 0\nℹ skipped 1\nℹ todo 0\nℹ duration_ms 6937.7615\n\n✖ failing tests:\n\ntest at test\\parallel\\test-runner-coverage.js:150:1\n✖ single process coverage is the same with --test (490.2722ms)\n  AssertionError [ERR_ASSERTION]: The expression evaluated to a falsy value:\n  \n    assert(!findCoverageFileForPid(result.pid))\n  \n      at TestContext.<anonymous> (C:\\workspace\\node-test-binary-windows-js-suites\\node\\test\\parallel\\test-runner-coverage.js:161:3)\n      at Test.runInAsyncScope (node:async_hooks:211:14)\n      at Test.run (node:internal/test_runner/test:934:25)\n      at Test.processPendingSubtests (node:internal/test_runner/test:633:18)\n      at Test.postRun (node:internal/test_runner/test:1045:19)\n      at Test.run (node:internal/test_runner/test:973:12)\n      at async Test.processPendingSubtests (node:internal/test_runner/test:633:7) {\n    generatedMessage: true,\n    code: 'ERR_ASSERTION',\n    actual: false,\n    expected: true,\n    operator: '=='\n  }"},"time":7314.046,"fullname":"parallel/test-runner-coverage","closingTestPoint":false}}]}