{"failedTests":[{"testName":"parallel/test-bootstrap-modules","timestamp":1732728015714,"status":"FAILED","jobName":"node-test-binary-windows-js-suites","config":"node-test-binary-windows-js-suites » 2,win2022-COMPILED_BY-vs2022 #31418","buildUrl":"https://ci.nodejs.org/job/node-test-binary-windows-js-suites/RUN_SUBSET=2,nodes=win2022-COMPILED_BY-vs2022/31418/","buildNumber":31418,"builtOn":"test-rackspace-win2022_vs2022-x64-3","nodeVersion":"24.0.0","commitHash":"5901080fb1cfa289e7aaf45d1841d99d31085981","callStack":[{"upstreamBuild":67143,"upstreamProject":"node-test-commit-windows-fanned","upstreamUrl":"job/node-test-commit-windows-fanned/"},{"upstreamBuild":76019,"upstreamProject":"node-test-commit","upstreamUrl":"job/node-test-commit/"}],"tap":{"ok":false,"name":"parallel/test-bootstrap-modules","id":89,"buffered":false,"tapError":null,"skip":false,"todo":false,"previous":null,"plan":null,"diag":{"severity":"fail","exitcode":1,"stack":"node:assert:90\n  throw new AssertionError(obj);\n  ^\n\nAssertionError [ERR_ASSERTION]: These builtins are now unexpectedly loaded before pre-execution.\nIf this is intentional, add them to `expected.beforePreExec`.\n\n# Note: loading more builtins before pre-execution can lead to startup performance regression or invalid snapshots.\n- Consider lazy loading builtins that are not used universally.\n- Make sure that the builtins do not access environment dependent states e.g. command line arguments or environment variables during loading.\n- When in doubt, ask @nodejs/startup.\n\n--- These could be added to expected.beforePreExec ---\n[\n  'Internal Binding code_integrity',\n  'NativeModule internal/code_integrity'\n]\n\n\n9 !== 0\n\n    at Object.<anonymous> (C:\\workspace\\node-test-binary-windows-js-suites\\node\\test\\parallel\\test-bootstrap-modules.js:247:8)\n    at Module._compile (node:internal/modules/cjs/loader:1549:14)\n    at Object..js (node:internal/modules/cjs/loader:1706:10)\n    at Module.load (node:internal/modules/cjs/loader:1306:32)\n    at Function._load (node:internal/modules/cjs/loader:1120:12)\n    at TracingChannel.traceSync (node:diagnostics_channel:322:14)\n    at wrapModuleLoad (node:internal/modules/cjs/loader:221:24)\n    at Function.executeUserEntryPoint [as runMain] (node:internal/modules/run_main:170:5)\n    at node:internal/main/run_main_module:36:49 {\n  generatedMessage: false,\n  code: 'ERR_ASSERTION',\n  actual: 9,\n  expected: 0,\n  operator: 'strictEqual'\n}\n\nNode.js v24.0.0-pre"},"time":202.999,"fullname":"parallel/test-bootstrap-modules","closingTestPoint":false}},{"testName":"parallel/test-bootstrap-modules","timestamp":1732728015714,"status":"FAILED","jobName":"node-test-binary-windows-js-suites","config":"node-test-binary-windows-js-suites » 2,win10-COMPILED_BY-vs2022 #31418","buildUrl":"https://ci.nodejs.org/job/node-test-binary-windows-js-suites/RUN_SUBSET=2,nodes=win10-COMPILED_BY-vs2022/31418/","buildNumber":31418,"builtOn":"test-azure_msft-win10_vs2019-x64-4","nodeVersion":"24.0.0","commitHash":"5901080fb1cfa289e7aaf45d1841d99d31085981","callStack":[{"upstreamBuild":67143,"upstreamProject":"node-test-commit-windows-fanned","upstreamUrl":"job/node-test-commit-windows-fanned/"},{"upstreamBuild":76019,"upstreamProject":"node-test-commit","upstreamUrl":"job/node-test-commit/"}],"tap":{"ok":false,"name":"parallel/test-bootstrap-modules","id":92,"buffered":false,"tapError":null,"skip":false,"todo":false,"previous":null,"plan":null,"diag":{"severity":"fail","exitcode":1,"stack":"node:assert:90\n  throw new AssertionError(obj);\n  ^\n\nAssertionError [ERR_ASSERTION]: These builtins are now unexpectedly loaded before pre-execution.\nIf this is intentional, add them to `expected.beforePreExec`.\n\n# Note: loading more builtins before pre-execution can lead to startup performance regression or invalid snapshots.\n- Consider lazy loading builtins that are not used universally.\n- Make sure that the builtins do not access environment dependent states e.g. command line arguments or environment variables during loading.\n- When in doubt, ask @nodejs/startup.\n\n--- These could be added to expected.beforePreExec ---\n[\n  'Internal Binding code_integrity',\n  'NativeModule internal/code_integrity'\n]\n\n\n9 !== 0\n\n    at Object.<anonymous> (c:\\workspace\\node-test-binary-windows-js-suites\\node\\test\\parallel\\test-bootstrap-modules.js:247:8)\n    at Module._compile (node:internal/modules/cjs/loader:1549:14)\n    at Object..js (node:internal/modules/cjs/loader:1706:10)\n    at Module.load (node:internal/modules/cjs/loader:1306:32)\n    at Function._load (node:internal/modules/cjs/loader:1120:12)\n    at TracingChannel.traceSync (node:diagnostics_channel:322:14)\n    at wrapModuleLoad (node:internal/modules/cjs/loader:221:24)\n    at Function.executeUserEntryPoint [as runMain] (node:internal/modules/run_main:170:5)\n    at node:internal/main/run_main_module:36:49 {\n  generatedMessage: false,\n  code: 'ERR_ASSERTION',\n  actual: 9,\n  expected: 0,\n  operator: 'strictEqual'\n}\n\nNode.js v24.0.0-pre"},"time":146,"fullname":"parallel/test-bootstrap-modules","closingTestPoint":false}},{"testName":"parallel/test-code-integrity","timestamp":1732728015714,"status":"FAILED","jobName":"node-test-binary-windows-js-suites","config":"node-test-binary-windows-js-suites » 1,win2019-COMPILED_BY-vs2022 #31418","buildUrl":"https://ci.nodejs.org/job/node-test-binary-windows-js-suites/RUN_SUBSET=1,nodes=win2019-COMPILED_BY-vs2022/31418/","buildNumber":31418,"builtOn":"test-rackspace-win2019_vs2019-x64-1","nodeVersion":"24.0.0","commitHash":"5901080fb1cfa289e7aaf45d1841d99d31085981","callStack":[{"upstreamBuild":67143,"upstreamProject":"node-test-commit-windows-fanned","upstreamUrl":"job/node-test-commit-windows-fanned/"},{"upstreamBuild":76019,"upstreamProject":"node-test-commit","upstreamUrl":"job/node-test-commit/"}],"tap":{"ok":false,"name":"parallel/test-code-integrity","id":154,"buffered":false,"tapError":null,"skip":false,"todo":false,"previous":null,"plan":null,"diag":{"severity":"fail","exitcode":1,"stack":"node:internal/modules/cjs/loader:1245\n  throw err;\n  ^\n\nError: Cannot find module 'code_integrity'\nRequire stack:\n- C:\\workspace\\node-test-binary-windows-js-suites\\node\\test\\parallel\\test-code-integrity.js\n    at Function._resolveFilename (node:internal/modules/cjs/loader:1242:15)\n    at Function._load (node:internal/modules/cjs/loader:1067:27)\n    at TracingChannel.traceSync (node:diagnostics_channel:322:14)\n    at wrapModuleLoad (node:internal/modules/cjs/loader:221:24)\n    at Module.require (node:internal/modules/cjs/loader:1328:12)\n    at require (node:internal/modules/helpers:136:16)\n    at Object.<anonymous> (C:\\workspace\\node-test-binary-windows-js-suites\\node\\test\\parallel\\test-code-integrity.js:8:12)\n    at Module._compile (node:internal/modules/cjs/loader:1549:14)\n    at Object..js (node:internal/modules/cjs/loader:1706:10)\n    at Module.load (node:internal/modules/cjs/loader:1306:32) {\n  code: 'MODULE_NOT_FOUND',\n  requireStack: [\n    'C:\\\\workspace\\\\node-test-binary-windows-js-suites\\\\node\\\\test\\\\parallel\\\\test-code-integrity.js'\n  ]\n}\n\nNode.js v24.0.0-pre"},"time":280.012,"fullname":"parallel/test-code-integrity","closingTestPoint":false}},{"testName":"parallel/test-code-integrity","timestamp":1732728015714,"status":"FAILED","jobName":"node-test-binary-windows-js-suites","config":"node-test-binary-windows-js-suites » 0,win11-arm64-COMPILED_BY-vs2022-arm64 #31418","buildUrl":"https://ci.nodejs.org/job/node-test-binary-windows-js-suites/RUN_SUBSET=0,nodes=win11-arm64-COMPILED_BY-vs2022-arm64/31418/","buildNumber":31418,"builtOn":"test-azure_msft-win11_vs2022-arm64-5","nodeVersion":"24.0.0","commitHash":"5901080fb1cfa289e7aaf45d1841d99d31085981","callStack":[{"upstreamBuild":67143,"upstreamProject":"node-test-commit-windows-fanned","upstreamUrl":"job/node-test-commit-windows-fanned/"},{"upstreamBuild":76019,"upstreamProject":"node-test-commit","upstreamUrl":"job/node-test-commit/"}],"tap":{"ok":false,"name":"parallel/test-code-integrity","id":156,"buffered":false,"tapError":null,"skip":false,"todo":false,"previous":null,"plan":null,"diag":{"severity":"fail","exitcode":1,"stack":"node:internal/modules/cjs/loader:1245\n  throw err;\n  ^\n\nError: Cannot find module 'code_integrity'\nRequire stack:\n- d:\\workspace\\node-test-binary-windows-js-suites\\node\\test\\parallel\\test-code-integrity.js\n    at Module._resolveFilename (node:internal/modules/cjs/loader:1242:15)\n    at Module._load (node:internal/modules/cjs/loader:1067:27)\n    at TracingChannel.traceSync (node:diagnostics_channel:322:14)\n    at wrapModuleLoad (node:internal/modules/cjs/loader:221:24)\n    at Module.require (node:internal/modules/cjs/loader:1328:12)\n    at require (node:internal/modules/helpers:136:16)\n    at Object.<anonymous> (d:\\workspace\\node-test-binary-windows-js-suites\\node\\test\\parallel\\test-code-integrity.js:8:12)\n    at Module._compile (node:internal/modules/cjs/loader:1549:14)\n    at Module._extensions..js (node:internal/modules/cjs/loader:1706:10)\n    at Module.load (node:internal/modules/cjs/loader:1306:32) {\n  code: 'MODULE_NOT_FOUND',\n  requireStack: [\n    'd:\\\\workspace\\\\node-test-binary-windows-js-suites\\\\node\\\\test\\\\parallel\\\\test-code-integrity.js'\n  ]\n}\n\nNode.js v24.0.0-pre"},"time":330.005,"fullname":"parallel/test-code-integrity","closingTestPoint":false}},{"testName":"parallel/test-bootstrap-modules","timestamp":1732728015714,"status":"FAILED","jobName":"node-test-binary-windows-js-suites","config":"node-test-binary-windows-js-suites » 2,win11-COMPILED_BY-vs2022 #31418","buildUrl":"https://ci.nodejs.org/job/node-test-binary-windows-js-suites/RUN_SUBSET=2,nodes=win11-COMPILED_BY-vs2022/31418/","buildNumber":31418,"builtOn":"test-azure_msft-win11_vs2022-x64-2","nodeVersion":"24.0.0","commitHash":"5901080fb1cfa289e7aaf45d1841d99d31085981","callStack":[{"upstreamBuild":67143,"upstreamProject":"node-test-commit-windows-fanned","upstreamUrl":"job/node-test-commit-windows-fanned/"},{"upstreamBuild":76019,"upstreamProject":"node-test-commit","upstreamUrl":"job/node-test-commit/"}],"tap":{"ok":false,"name":"parallel/test-bootstrap-modules","id":91,"buffered":false,"tapError":null,"skip":false,"todo":false,"previous":null,"plan":null,"diag":{"severity":"fail","exitcode":1,"stack":"node:assert:90\n  throw new AssertionError(obj);\n  ^\n\nAssertionError [ERR_ASSERTION]: These builtins are now unexpectedly loaded before pre-execution.\nIf this is intentional, add them to `expected.beforePreExec`.\n\n# Note: loading more builtins before pre-execution can lead to startup performance regression or invalid snapshots.\n- Consider lazy loading builtins that are not used universally.\n- Make sure that the builtins do not access environment dependent states e.g. command line arguments or environment variables during loading.\n- When in doubt, ask @nodejs/startup.\n\n--- These could be added to expected.beforePreExec ---\n[\n  'Internal Binding code_integrity',\n  'NativeModule internal/code_integrity'\n]\n\n\n9 !== 0\n\n    at Object.<anonymous> (c:\\workspace\\node-test-binary-windows-js-suites\\node\\test\\parallel\\test-bootstrap-modules.js:247:8)\n    at Module._compile (node:internal/modules/cjs/loader:1549:14)\n    at Object..js (node:internal/modules/cjs/loader:1706:10)\n    at Module.load (node:internal/modules/cjs/loader:1306:32)\n    at Function._load (node:internal/modules/cjs/loader:1120:12)\n    at TracingChannel.traceSync (node:diagnostics_channel:322:14)\n    at wrapModuleLoad (node:internal/modules/cjs/loader:221:24)\n    at Function.executeUserEntryPoint [as runMain] (node:internal/modules/run_main:170:5)\n    at node:internal/main/run_main_module:36:49 {\n  generatedMessage: false,\n  code: 'ERR_ASSERTION',\n  actual: 9,\n  expected: 0,\n  operator: 'strictEqual'\n}\n\nNode.js v24.0.0-pre"},"time":133.004,"fullname":"parallel/test-bootstrap-modules","closingTestPoint":false}},{"testName":"parallel/test-bootstrap-modules","timestamp":1732728015714,"status":"FAILED","jobName":"node-test-binary-windows-js-suites","config":"node-test-binary-windows-js-suites » 2,win2019-COMPILED_BY-vs2022 #31418","buildUrl":"https://ci.nodejs.org/job/node-test-binary-windows-js-suites/RUN_SUBSET=2,nodes=win2019-COMPILED_BY-vs2022/31418/","buildNumber":31418,"builtOn":"test-rackspace-win2019_vs2019-x64-4","nodeVersion":"24.0.0","commitHash":"5901080fb1cfa289e7aaf45d1841d99d31085981","callStack":[{"upstreamBuild":67143,"upstreamProject":"node-test-commit-windows-fanned","upstreamUrl":"job/node-test-commit-windows-fanned/"},{"upstreamBuild":76019,"upstreamProject":"node-test-commit","upstreamUrl":"job/node-test-commit/"}],"tap":{"ok":false,"name":"parallel/test-bootstrap-modules","id":88,"buffered":false,"tapError":null,"skip":false,"todo":false,"previous":null,"plan":null,"diag":{"severity":"fail","exitcode":1,"stack":"node:assert:90\n  throw new AssertionError(obj);\n  ^\n\nAssertionError [ERR_ASSERTION]: These builtins are now unexpectedly loaded before pre-execution.\nIf this is intentional, add them to `expected.beforePreExec`.\n\n# Note: loading more builtins before pre-execution can lead to startup performance regression or invalid snapshots.\n- Consider lazy loading builtins that are not used universally.\n- Make sure that the builtins do not access environment dependent states e.g. command line arguments or environment variables during loading.\n- When in doubt, ask @nodejs/startup.\n\n--- These could be added to expected.beforePreExec ---\n[\n  'Internal Binding code_integrity',\n  'NativeModule internal/code_integrity'\n]\n\n\n9 !== 0\n\n    at Object.<anonymous> (C:\\workspace\\node-test-binary-windows-js-suites\\node\\test\\parallel\\test-bootstrap-modules.js:247:8)\n    at Module._compile (node:internal/modules/cjs/loader:1549:14)\n    at Object..js (node:internal/modules/cjs/loader:1706:10)\n    at Module.load (node:internal/modules/cjs/loader:1306:32)\n    at Function._load (node:internal/modules/cjs/loader:1120:12)\n    at TracingChannel.traceSync (node:diagnostics_channel:322:14)\n    at wrapModuleLoad (node:internal/modules/cjs/loader:221:24)\n    at Function.executeUserEntryPoint [as runMain] (node:internal/modules/run_main:170:5)\n    at node:internal/main/run_main_module:36:49 {\n  generatedMessage: false,\n  code: 'ERR_ASSERTION',\n  actual: 9,\n  expected: 0,\n  operator: 'strictEqual'\n}\n\nNode.js v24.0.0-pre"},"time":288.049,"fullname":"parallel/test-bootstrap-modules","closingTestPoint":false}},{"testName":"parallel/test-code-integrity","timestamp":1732728015714,"status":"FAILED","jobName":"node-test-binary-windows-js-suites","config":"node-test-binary-windows-js-suites » 1,win11-COMPILED_BY-vs2022 #31418","buildUrl":"https://ci.nodejs.org/job/node-test-binary-windows-js-suites/RUN_SUBSET=1,nodes=win11-COMPILED_BY-vs2022/31418/","buildNumber":31418,"builtOn":"test-azure_msft-win11_vs2022-x64-1","nodeVersion":"24.0.0","commitHash":"5901080fb1cfa289e7aaf45d1841d99d31085981","callStack":[{"upstreamBuild":67143,"upstreamProject":"node-test-commit-windows-fanned","upstreamUrl":"job/node-test-commit-windows-fanned/"},{"upstreamBuild":76019,"upstreamProject":"node-test-commit","upstreamUrl":"job/node-test-commit/"}],"tap":{"ok":false,"name":"parallel/test-code-integrity","id":159,"buffered":false,"tapError":null,"skip":false,"todo":false,"previous":null,"plan":null,"diag":{"severity":"fail","exitcode":1,"stack":"node:internal/modules/cjs/loader:1245\n  throw err;\n  ^\n\nError: Cannot find module 'code_integrity'\nRequire stack:\n- c:\\workspace\\node-test-binary-windows-js-suites\\node\\test\\parallel\\test-code-integrity.js\n    at Function._resolveFilename (node:internal/modules/cjs/loader:1242:15)\n    at Function._load (node:internal/modules/cjs/loader:1067:27)\n    at TracingChannel.traceSync (node:diagnostics_channel:322:14)\n    at wrapModuleLoad (node:internal/modules/cjs/loader:221:24)\n    at Module.require (node:internal/modules/cjs/loader:1328:12)\n    at require (node:internal/modules/helpers:136:16)\n    at Object.<anonymous> (c:\\workspace\\node-test-binary-windows-js-suites\\node\\test\\parallel\\test-code-integrity.js:8:12)\n    at Module._compile (node:internal/modules/cjs/loader:1549:14)\n    at Object..js (node:internal/modules/cjs/loader:1706:10)\n    at Module.load (node:internal/modules/cjs/loader:1306:32) {\n  code: 'MODULE_NOT_FOUND',\n  requireStack: [\n    'c:\\\\workspace\\\\node-test-binary-windows-js-suites\\\\node\\\\test\\\\parallel\\\\test-code-integrity.js'\n  ]\n}\n\nNode.js v24.0.0-pre"},"time":190.012,"fullname":"parallel/test-code-integrity","closingTestPoint":false}},{"testName":"parallel/test-code-integrity","timestamp":1732728015714,"status":"FAILED","jobName":"node-test-binary-windows-js-suites","config":"node-test-binary-windows-js-suites » 1,win2022-COMPILED_BY-vs2022 #31418","buildUrl":"https://ci.nodejs.org/job/node-test-binary-windows-js-suites/RUN_SUBSET=1,nodes=win2022-COMPILED_BY-vs2022/31418/","buildNumber":31418,"builtOn":"test-rackspace-win2022_vs2022-x64-5","nodeVersion":"24.0.0","commitHash":"5901080fb1cfa289e7aaf45d1841d99d31085981","callStack":[{"upstreamBuild":67143,"upstreamProject":"node-test-commit-windows-fanned","upstreamUrl":"job/node-test-commit-windows-fanned/"},{"upstreamBuild":76019,"upstreamProject":"node-test-commit","upstreamUrl":"job/node-test-commit/"}],"tap":{"ok":false,"name":"parallel/test-code-integrity","id":154,"buffered":false,"tapError":null,"skip":false,"todo":false,"previous":null,"plan":null,"diag":{"severity":"fail","exitcode":1,"stack":"node:internal/modules/cjs/loader:1245\n  throw err;\n  ^\n\nError: Cannot find module 'code_integrity'\nRequire stack:\n- C:\\workspace\\node-test-binary-windows-js-suites\\node\\test\\parallel\\test-code-integrity.js\n    at Function._resolveFilename (node:internal/modules/cjs/loader:1242:15)\n    at Function._load (node:internal/modules/cjs/loader:1067:27)\n    at TracingChannel.traceSync (node:diagnostics_channel:322:14)\n    at wrapModuleLoad (node:internal/modules/cjs/loader:221:24)\n    at Module.require (node:internal/modules/cjs/loader:1328:12)\n    at require (node:internal/modules/helpers:136:16)\n    at Object.<anonymous> (C:\\workspace\\node-test-binary-windows-js-suites\\node\\test\\parallel\\test-code-integrity.js:8:12)\n    at Module._compile (node:internal/modules/cjs/loader:1549:14)\n    at Object..js (node:internal/modules/cjs/loader:1706:10)\n    at Module.load (node:internal/modules/cjs/loader:1306:32) {\n  code: 'MODULE_NOT_FOUND',\n  requireStack: [\n    'C:\\\\workspace\\\\node-test-binary-windows-js-suites\\\\node\\\\test\\\\parallel\\\\test-code-integrity.js'\n  ]\n}\n\nNode.js v24.0.0-pre"},"time":206.011,"fullname":"parallel/test-code-integrity","closingTestPoint":false}},{"testName":"parallel/test-code-integrity","timestamp":1732728015714,"status":"FAILED","jobName":"node-test-binary-windows-js-suites","config":"node-test-binary-windows-js-suites » 1,win10-COMPILED_BY-vs2022 #31418","buildUrl":"https://ci.nodejs.org/job/node-test-binary-windows-js-suites/RUN_SUBSET=1,nodes=win10-COMPILED_BY-vs2022/31418/","buildNumber":31418,"builtOn":"test-azure_msft-win10_vs2019-x64-4","nodeVersion":"24.0.0","commitHash":"5901080fb1cfa289e7aaf45d1841d99d31085981","callStack":[{"upstreamBuild":67143,"upstreamProject":"node-test-commit-windows-fanned","upstreamUrl":"job/node-test-commit-windows-fanned/"},{"upstreamBuild":76019,"upstreamProject":"node-test-commit","upstreamUrl":"job/node-test-commit/"}],"tap":{"ok":false,"name":"parallel/test-code-integrity","id":161,"buffered":false,"tapError":null,"skip":false,"todo":false,"previous":null,"plan":null,"diag":{"severity":"fail","exitcode":1,"stack":"node:internal/modules/cjs/loader:1245\n  throw err;\n  ^\n\nError: Cannot find module 'code_integrity'\nRequire stack:\n- c:\\workspace\\node-test-binary-windows-js-suites\\node\\test\\parallel\\test-code-integrity.js\n    at Function._resolveFilename (node:internal/modules/cjs/loader:1242:15)\n    at Function._load (node:internal/modules/cjs/loader:1067:27)\n    at TracingChannel.traceSync (node:diagnostics_channel:322:14)\n    at wrapModuleLoad (node:internal/modules/cjs/loader:221:24)\n    at Module.require (node:internal/modules/cjs/loader:1328:12)\n    at require (node:internal/modules/helpers:136:16)\n    at Object.<anonymous> (c:\\workspace\\node-test-binary-windows-js-suites\\node\\test\\parallel\\test-code-integrity.js:8:12)\n    at Module._compile (node:internal/modules/cjs/loader:1549:14)\n    at Object..js (node:internal/modules/cjs/loader:1706:10)\n    at Module.load (node:internal/modules/cjs/loader:1306:32) {\n  code: 'MODULE_NOT_FOUND',\n  requireStack: [\n    'c:\\\\workspace\\\\node-test-binary-windows-js-suites\\\\node\\\\test\\\\parallel\\\\test-code-integrity.js'\n  ]\n}\n\nNode.js v24.0.0-pre"},"time":169.999,"fullname":"parallel/test-code-integrity","closingTestPoint":false}},{"testName":"parallel/test-bootstrap-modules","timestamp":1732728015714,"status":"FAILED","jobName":"node-test-binary-windows-js-suites","config":"node-test-binary-windows-js-suites » 1,win11-arm64-COMPILED_BY-vs2022-arm64 #31418","buildUrl":"https://ci.nodejs.org/job/node-test-binary-windows-js-suites/RUN_SUBSET=1,nodes=win11-arm64-COMPILED_BY-vs2022-arm64/31418/","buildNumber":31418,"builtOn":"test-azure_msft-win11_vs2022-arm64-3","nodeVersion":"24.0.0","commitHash":"5901080fb1cfa289e7aaf45d1841d99d31085981","callStack":[{"upstreamBuild":67143,"upstreamProject":"node-test-commit-windows-fanned","upstreamUrl":"job/node-test-commit-windows-fanned/"},{"upstreamBuild":76019,"upstreamProject":"node-test-commit","upstreamUrl":"job/node-test-commit/"}],"tap":{"ok":false,"name":"parallel/test-bootstrap-modules","id":87,"buffered":false,"tapError":null,"skip":false,"todo":false,"previous":null,"plan":null,"diag":{"severity":"fail","exitcode":1,"stack":"node:assert:90\n  throw new AssertionError(obj);\n  ^\n\nAssertionError [ERR_ASSERTION]: These builtins are now unexpectedly loaded before pre-execution.\nIf this is intentional, add them to `expected.beforePreExec`.\n\n# Note: loading more builtins before pre-execution can lead to startup performance regression or invalid snapshots.\n- Consider lazy loading builtins that are not used universally.\n- Make sure that the builtins do not access environment dependent states e.g. command line arguments or environment variables during loading.\n- When in doubt, ask @nodejs/startup.\n\n--- These could be added to expected.beforePreExec ---\n[\n  'Internal Binding code_integrity',\n  'NativeModule internal/code_integrity'\n]\n\n\n9 !== 0\n\n    at Object.<anonymous> (d:\\workspace\\node-test-binary-windows-js-suites\\node\\test\\parallel\\test-bootstrap-modules.js:247:8)\n    at Module._compile (node:internal/modules/cjs/loader:1549:14)\n    at Module._extensions..js (node:internal/modules/cjs/loader:1706:10)\n    at Module.load (node:internal/modules/cjs/loader:1306:32)\n    at Module._load (node:internal/modules/cjs/loader:1120:12)\n    at TracingChannel.traceSync (node:diagnostics_channel:322:14)\n    at wrapModuleLoad (node:internal/modules/cjs/loader:221:24)\n    at Function.executeUserEntryPoint [as runMain] (node:internal/modules/run_main:170:5)\n    at node:internal/main/run_main_module:36:49 {\n  generatedMessage: false,\n  code: 'ERR_ASSERTION',\n  actual: 9,\n  expected: 0,\n  operator: 'strictEqual'\n}\n\nNode.js v24.0.0-pre"},"time":288.001,"fullname":"parallel/test-bootstrap-modules","closingTestPoint":false}}]}