{"failedTests":[{"testName":"parallel/test-permission-sqlite-load-extension","timestamp":1733364207324,"status":"FAILED","jobName":"node-test-binary-windows-js-suites","config":"node-test-binary-windows-js-suites » 3,win2019-COMPILED_BY-vs2022 #31549","buildUrl":"https://ci.nodejs.org/job/node-test-binary-windows-js-suites/RUN_SUBSET=3,nodes=win2019-COMPILED_BY-vs2022/31549/","buildNumber":31549,"builtOn":"test-rackspace-win2019_vs2019-x64-2","nodeVersion":"24.0.0","commitHash":"a446974abaab9e410611096ea7330dc8c068e1cd","callStack":[{"upstreamBuild":67282,"upstreamProject":"node-test-commit-windows-fanned","upstreamUrl":"job/node-test-commit-windows-fanned/"},{"upstreamBuild":76218,"upstreamProject":"node-test-commit","upstreamUrl":"job/node-test-commit/"},{"upstreamBuild":63882,"upstreamProject":"node-test-pull-request","upstreamUrl":"job/node-test-pull-request/"},{"prId":"53900"}],"tap":{"ok":false,"name":"parallel/test-permission-sqlite-load-extension","id":616,"buffered":false,"tapError":null,"skip":false,"todo":false,"previous":null,"plan":null,"diag":{"severity":"fail","exitcode":1,"stack":"C:\\workspace\\node-test-binary-windows-js-suites\\node\\test\\parallel\\test-permission-sqlite-load-extension.js:18\n    assert.strictEqual(err.code, 1);\n                           ^\n\nTypeError: Cannot read properties of null (reading 'code')\n    at C:\\workspace\\node-test-binary-windows-js-suites\\node\\test\\parallel\\test-permission-sqlite-load-extension.js:18:28\n    at C:\\workspace\\node-test-binary-windows-js-suites\\node\\test\\common\\index.js:491:15\n    at ChildProcess.exithandler (node:child_process:407:7)\n    at ChildProcess.emit (node:events:513:28)\n    at maybeClose (node:internal/child_process:1101:16)\n    at ChildProcess._handle.onexit (node:internal/child_process:305:5)\n\nNode.js v24.0.0-pre"},"time":434.988,"fullname":"parallel/test-permission-sqlite-load-extension","closingTestPoint":false}},{"testName":"parallel/test-permission-sqlite-load-extension","timestamp":1733364207324,"status":"FAILED","jobName":"node-test-binary-windows-js-suites","config":"node-test-binary-windows-js-suites » 3,win10-COMPILED_BY-vs2022 #31549","buildUrl":"https://ci.nodejs.org/job/node-test-binary-windows-js-suites/RUN_SUBSET=3,nodes=win10-COMPILED_BY-vs2022/31549/","buildNumber":31549,"builtOn":"test-azure_msft-win10_vs2019-x64-3","nodeVersion":"24.0.0","commitHash":"a446974abaab9e410611096ea7330dc8c068e1cd","callStack":[{"upstreamBuild":67282,"upstreamProject":"node-test-commit-windows-fanned","upstreamUrl":"job/node-test-commit-windows-fanned/"},{"upstreamBuild":76218,"upstreamProject":"node-test-commit","upstreamUrl":"job/node-test-commit/"},{"upstreamBuild":63882,"upstreamProject":"node-test-pull-request","upstreamUrl":"job/node-test-pull-request/"},{"prId":"53900"}],"tap":{"ok":false,"name":"parallel/test-permission-sqlite-load-extension","id":619,"buffered":false,"tapError":null,"skip":false,"todo":false,"previous":null,"plan":null,"diag":{"severity":"fail","exitcode":1,"stack":"c:\\workspace\\node-test-binary-windows-js-suites\\node\\test\\parallel\\test-permission-sqlite-load-extension.js:18\n    assert.strictEqual(err.code, 1);\n                           ^\n\nTypeError: Cannot read properties of null (reading 'code')\n    at c:\\workspace\\node-test-binary-windows-js-suites\\node\\test\\parallel\\test-permission-sqlite-load-extension.js:18:28\n    at c:\\workspace\\node-test-binary-windows-js-suites\\node\\test\\common\\index.js:491:15\n    at ChildProcess.exithandler (node:child_process:407:7)\n    at ChildProcess.emit (node:events:513:28)\n    at maybeClose (node:internal/child_process:1101:16)\n    at ChildProcess._handle.onexit (node:internal/child_process:305:5)\n\nNode.js v24.0.0-pre"},"time":230.017,"fullname":"parallel/test-permission-sqlite-load-extension","closingTestPoint":false}},{"testName":"parallel/test-permission-sqlite-load-extension","timestamp":1733364207324,"status":"FAILED","jobName":"node-test-binary-windows-js-suites","config":"node-test-binary-windows-js-suites » 3,win2022-COMPILED_BY-vs2022 #31549","buildUrl":"https://ci.nodejs.org/job/node-test-binary-windows-js-suites/RUN_SUBSET=3,nodes=win2022-COMPILED_BY-vs2022/31549/","buildNumber":31549,"builtOn":"test-rackspace-win2022_vs2022-x64-1","nodeVersion":"24.0.0","commitHash":"a446974abaab9e410611096ea7330dc8c068e1cd","callStack":[{"upstreamBuild":67282,"upstreamProject":"node-test-commit-windows-fanned","upstreamUrl":"job/node-test-commit-windows-fanned/"},{"upstreamBuild":76218,"upstreamProject":"node-test-commit","upstreamUrl":"job/node-test-commit/"},{"upstreamBuild":63882,"upstreamProject":"node-test-pull-request","upstreamUrl":"job/node-test-pull-request/"},{"prId":"53900"}],"tap":{"ok":false,"name":"parallel/test-permission-sqlite-load-extension","id":617,"buffered":false,"tapError":null,"skip":false,"todo":false,"previous":null,"plan":null,"diag":{"severity":"fail","exitcode":1,"stack":"C:\\workspace\\node-test-binary-windows-js-suites\\node\\test\\parallel\\test-permission-sqlite-load-extension.js:18\n    assert.strictEqual(err.code, 1);\n                           ^\n\nTypeError: Cannot read properties of null (reading 'code')\n    at C:\\workspace\\node-test-binary-windows-js-suites\\node\\test\\parallel\\test-permission-sqlite-load-extension.js:18:28\n    at C:\\workspace\\node-test-binary-windows-js-suites\\node\\test\\common\\index.js:491:15\n    at ChildProcess.exithandler (node:child_process:407:7)\n    at ChildProcess.emit (node:events:513:28)\n    at maybeClose (node:internal/child_process:1101:16)\n    at Socket.<anonymous> (node:internal/child_process:457:11)\n    at Socket.emit (node:events:513:28)\n    at Pipe.<anonymous> (node:net:350:12)\n\nNode.js v24.0.0-pre"},"time":418.017,"fullname":"parallel/test-permission-sqlite-load-extension","closingTestPoint":false}},{"testName":"parallel/test-permission-sqlite-load-extension","timestamp":1733364207324,"status":"FAILED","jobName":"node-test-binary-windows-js-suites","config":"node-test-binary-windows-js-suites » 0,win11-arm64-COMPILED_BY-vs2022-arm64 #31549","buildUrl":"https://ci.nodejs.org/job/node-test-binary-windows-js-suites/RUN_SUBSET=0,nodes=win11-arm64-COMPILED_BY-vs2022-arm64/31549/","buildNumber":31549,"builtOn":"test-azure_msft-win11_vs2022-arm64-3","nodeVersion":"24.0.0","commitHash":"a446974abaab9e410611096ea7330dc8c068e1cd","callStack":[{"upstreamBuild":67282,"upstreamProject":"node-test-commit-windows-fanned","upstreamUrl":"job/node-test-commit-windows-fanned/"},{"upstreamBuild":76218,"upstreamProject":"node-test-commit","upstreamUrl":"job/node-test-commit/"},{"upstreamBuild":63882,"upstreamProject":"node-test-pull-request","upstreamUrl":"job/node-test-pull-request/"},{"prId":"53900"}],"tap":{"ok":false,"name":"parallel/test-permission-sqlite-load-extension","id":615,"buffered":false,"tapError":null,"skip":false,"todo":false,"previous":null,"plan":null,"diag":{"severity":"fail","exitcode":1,"stack":"d:\\workspace\\node-test-binary-windows-js-suites\\node\\test\\parallel\\test-permission-sqlite-load-extension.js:18\n    assert.strictEqual(err.code, 1);\n                           ^\n\nTypeError: Cannot read properties of null (reading 'code')\n    at d:\\workspace\\node-test-binary-windows-js-suites\\node\\test\\parallel\\test-permission-sqlite-load-extension.js:18:28\n    at d:\\workspace\\node-test-binary-windows-js-suites\\node\\test\\common\\index.js:491:15\n    at ChildProcess.exithandler (node:child_process:407:7)\n    at ChildProcess.emit (node:events:513:28)\n    at maybeClose (node:internal/child_process:1101:16)\n    at ChildProcess._handle.onexit (node:internal/child_process:305:5)\n\nNode.js v24.0.0-pre"},"time":427.001,"fullname":"parallel/test-permission-sqlite-load-extension","closingTestPoint":false}},{"testName":"parallel/test-permission-sqlite-load-extension","timestamp":1733364207324,"status":"FAILED","jobName":"node-test-binary-windows-js-suites","config":"node-test-binary-windows-js-suites » 3,win11-COMPILED_BY-vs2022 #31549","buildUrl":"https://ci.nodejs.org/job/node-test-binary-windows-js-suites/RUN_SUBSET=3,nodes=win11-COMPILED_BY-vs2022/31549/","buildNumber":31549,"builtOn":"test-azure_msft-win11_vs2022-x64-3","nodeVersion":"24.0.0","commitHash":"a446974abaab9e410611096ea7330dc8c068e1cd","callStack":[{"upstreamBuild":67282,"upstreamProject":"node-test-commit-windows-fanned","upstreamUrl":"job/node-test-commit-windows-fanned/"},{"upstreamBuild":76218,"upstreamProject":"node-test-commit","upstreamUrl":"job/node-test-commit/"},{"upstreamBuild":63882,"upstreamProject":"node-test-pull-request","upstreamUrl":"job/node-test-pull-request/"},{"prId":"53900"}],"tap":{"ok":false,"name":"parallel/test-permission-sqlite-load-extension","id":620,"buffered":false,"tapError":null,"skip":false,"todo":false,"previous":null,"plan":null,"diag":{"severity":"fail","exitcode":1,"stack":"c:\\workspace\\node-test-binary-windows-js-suites\\node\\test\\parallel\\test-permission-sqlite-load-extension.js:18\n    assert.strictEqual(err.code, 1);\n                           ^\n\nTypeError: Cannot read properties of null (reading 'code')\n    at c:\\workspace\\node-test-binary-windows-js-suites\\node\\test\\parallel\\test-permission-sqlite-load-extension.js:18:28\n    at c:\\workspace\\node-test-binary-windows-js-suites\\node\\test\\common\\index.js:491:15\n    at ChildProcess.exithandler (node:child_process:407:7)\n    at ChildProcess.emit (node:events:513:28)\n    at maybeClose (node:internal/child_process:1101:16)\n    at ChildProcess._handle.onexit (node:internal/child_process:305:5)\n\nNode.js v24.0.0-pre"},"time":252.006,"fullname":"parallel/test-permission-sqlite-load-extension","closingTestPoint":false}}]}