{"failedTests":[{"testName":"parallel/test-runner-coverage-default-exclusion","timestamp":1734100260461,"status":"FAILED","jobName":"node-test-binary-windows-js-suites","config":"node-test-binary-windows-js-suites » 0,win11-COMPILED_BY-vs2022 #31677","buildUrl":"https://ci.nodejs.org/job/node-test-binary-windows-js-suites/RUN_SUBSET=0,nodes=win11-COMPILED_BY-vs2022/31677/","buildNumber":31677,"builtOn":"test-azure_msft-win11_vs2022-x64-3","nodeVersion":"24.0.0","commitHash":"2692e5f14fde41f2eb0a13a420f330b86cfc2603","callStack":[{"upstreamBuild":67414,"upstreamProject":"node-test-commit-windows-fanned","upstreamUrl":"job/node-test-commit-windows-fanned/"},{"upstreamBuild":76412,"upstreamProject":"node-test-commit","upstreamUrl":"job/node-test-commit/"},{"upstreamBuild":64040,"upstreamProject":"node-test-pull-request","upstreamUrl":"job/node-test-pull-request/"},{"prId":"56060"}],"tap":{"ok":false,"name":"parallel/test-runner-coverage-default-exclusion","id":699,"buffered":false,"tapError":null,"skip":false,"todo":false,"previous":null,"plan":null,"diag":{"severity":"fail","exitcode":1,"stack":"▶ test runner coverage default exclusion\n  ✔ should override default exclusion setting --test-coverage-exclude (631.1297ms)\n  ✖ should exclude test files from coverage by default (516.1046ms)\n    AssertionError [ERR_ASSERTION]: The expression evaluated to a falsy value:\n    \n      assert(result.stdout.toString().includes(report))\n    \n        at TestContext.<anonymous> (file:///c:/workspace/node-test-binary-windows-js-suites/node/test/parallel/test-runner-coverage-default-exclusion.mjs:83:5)\n        at Test.runInAsyncScope (node:async_hooks:211:14)\n        at Test.run (node:internal/test_runner/test:931:25)\n        at async Suite.processPendingSubtests (node:internal/test_runner/test:629:7) {\n      generatedMessage: true,\n      code: 'ERR_ASSERTION',\n      actual: false,\n      expected: true,\n      operator: '=='\n    }\n\n  ✖ should exclude ts test files when using --experimental-strip-types (681.729ms)\n    AssertionError [ERR_ASSERTION]: The expression evaluated to a falsy value:\n    \n      assert(result.stdout.toString().includes(report))\n    \n        at TestContext.<anonymous> (file:///c:/workspace/node-test-binary-windows-js-suites/node/test/parallel/test-runner-coverage-default-exclusion.mjs:113:5)\n        at Test.runInAsyncScope (node:async_hooks:211:14)\n        at Test.run (node:internal/test_runner/test:931:25)\n        at async Suite.processPendingSubtests (node:internal/test_runner/test:629:7) {\n      generatedMessage: true,\n      code: 'ERR_ASSERTION',\n      actual: false,\n      expected: true,\n      operator: '=='\n    }\n\n✖ test runner coverage default exclusion (1855.3801ms)\nℹ tests 3\nℹ suites 1\nℹ pass 1\nℹ fail 2\nℹ cancelled 0\nℹ skipped 0\nℹ todo 0\nℹ duration_ms 1863.0215\n\n✖ failing tests:\n\ntest at test\\parallel\\test-runner-coverage-default-exclusion.mjs:59:3\n✖ should exclude test files from coverage by default (516.1046ms)\n  AssertionError [ERR_ASSERTION]: The expression evaluated to a falsy value:\n  \n    assert(result.stdout.toString().includes(report))\n  \n      at TestContext.<anonymous> (file:///c:/workspace/node-test-binary-windows-js-suites/node/test/parallel/test-runner-coverage-default-exclusion.mjs:83:5)\n      at Test.runInAsyncScope (node:async_hooks:211:14)\n      at Test.run (node:internal/test_runner/test:931:25)\n      at async Suite.processPendingSubtests (node:internal/test_runner/test:629:7) {\n    generatedMessage: true,\n    code: 'ERR_ASSERTION',\n    actual: false,\n    expected: true,\n    operator: '=='\n  }\n\ntest at test\\parallel\\test-runner-coverage-default-exclusion.mjs:87:3\n✖ should exclude ts test files when using --experimental-strip-types (681.729ms)\n  AssertionError [ERR_ASSERTION]: The expression evaluated to a falsy value:\n  \n    assert(result.stdout.toString().includes(report))\n  \n      at TestContext.<anonymous> (file:///c:/workspace/node-test-binary-windows-js-suites/node/test/parallel/test-runner-coverage-default-exclusion.mjs:113:5)\n      at Test.runInAsyncScope (node:async_hooks:211:14)\n      at Test.run (node:internal/test_runner/test:931:25)\n      at async Suite.processPendingSubtests (node:internal/test_runner/test:629:7) {\n    generatedMessage: true,\n    code: 'ERR_ASSERTION',\n    actual: false,\n    expected: true,\n    operator: '=='\n  }"},"time":2253.038,"fullname":"parallel/test-runner-coverage-default-exclusion","closingTestPoint":false}},{"testName":"parallel/test-runner-run-coverage","timestamp":1734100260461,"status":"REGRESSION","jobName":"node-test-binary-windows-js-suites","config":"node-test-binary-windows-js-suites » 0,win11-COMPILED_BY-vs2022 #31677","buildUrl":"https://ci.nodejs.org/job/node-test-binary-windows-js-suites/RUN_SUBSET=0,nodes=win11-COMPILED_BY-vs2022/31677/","buildNumber":31677,"builtOn":"test-azure_msft-win11_vs2022-x64-3","nodeVersion":"24.0.0","commitHash":"2692e5f14fde41f2eb0a13a420f330b86cfc2603","callStack":[{"upstreamBuild":67414,"upstreamProject":"node-test-commit-windows-fanned","upstreamUrl":"job/node-test-commit-windows-fanned/"},{"upstreamBuild":76412,"upstreamProject":"node-test-commit","upstreamUrl":"job/node-test-commit/"},{"upstreamBuild":64040,"upstreamProject":"node-test-pull-request","upstreamUrl":"job/node-test-pull-request/"},{"prId":"56060"}],"tap":{"ok":false,"name":"parallel/test-runner-run-coverage","id":706,"buffered":false,"tapError":null,"skip":false,"todo":false,"previous":null,"plan":null,"diag":{"severity":"fail","exitcode":1,"stack":"▶ require('node:test').run coverage settings\n  ▶ validation\n    ✔ should only allow boolean in options.coverage (38.6104ms)\n    ✔ should only allow string|string[] in options.coverageExcludeGlobs (36.8555ms)\n    ✔ should only allow string|string[] in options.coverageIncludeGlobs (33.78ms)\n    ✔ should only allow an int within range in options.lineCoverage (31.6702ms)\n    ✔ should only allow an int within range in options.branchCoverage (30.092ms)\n    ✔ should only allow an int within range in options.functionCoverage (27.5727ms)\n  ✔ validation (40.2862ms)\n  ▶ run with coverage\n    ✔ should run with coverage (831.161ms)\n    ✖ should run with coverage and exclude by glob (1288.0803ms)\n      AssertionError [ERR_ASSERTION]: Expected values to be strictly equal:\n      \n      true !== false\n      \n          at TestsStream.<anonymous> (file:///c:/workspace/node-test-binary-windows-js-suites/node/test/parallel/test-runner-run-coverage.mjs:116:16)\n          at TestsStream.<anonymous> (c:\\workspace\\node-test-binary-windows-js-suites\\node\\test\\common\\index.js:491:15)\n          at TestsStream.emit (node:events:513:28)\n          at [kEmitMessage] (node:internal/test_runner/tests_stream:150:10)\n          at TestsStream.coverage (node:internal/test_runner/tests_stream:127:23)\n          at Test.postRun (node:internal/test_runner/test:1093:18)\n          at postRun (node:internal/test_runner/runner:720:28)\n          at runChain (node:internal/test_runner/runner:809:14)\n          at process.processTicksAndRejections (node:internal/process/task_queues:105:5) {\n        generatedMessage: true,\n        code: 'ERR_ASSERTION',\n        actual: true,\n        expected: false,\n        operator: 'strictEqual'\n      }\n\n    ✖ should run with coverage and include by glob (1676.5416ms)\n      AssertionError [ERR_ASSERTION]: Expected values to be strictly equal:\n      \n      false !== true\n      \n          at TestsStream.<anonymous> (file:///c:/workspace/node-test-binary-windows-js-suites/node/test/parallel/test-runner-run-coverage.mjs:132:16)\n          at TestsStream.<anonymous> (c:\\workspace\\node-test-binary-windows-js-suites\\node\\test\\common\\index.js:491:15)\n          at TestsStream.emit (node:events:513:28)\n          at [kEmitMessage] (node:internal/test_runner/tests_stream:150:10)\n          at TestsStream.coverage (node:internal/test_runner/tests_stream:127:23)\n          at Test.postRun (node:internal/test_runner/test:1093:18)\n          at postRun (node:internal/test_runner/runner:720:28)\n          at runChain (node:internal/test_runner/runner:809:14)\n          at process.processTicksAndRejections (node:internal/process/task_queues:105:5) {\n        generatedMessage: true,\n        code: 'ERR_ASSERTION',\n        actual: false,\n        expected: true,\n        operator: 'strictEqual'\n      }\n\n    ✖ should run while including and excluding globs (497.3512ms)\n      AssertionError [ERR_ASSERTION]: Expected values to be strictly equal:\n      \n      false !== true\n      \n          at TestsStream.<anonymous> (file:///c:/workspace/node-test-binary-windows-js-suites/node/test/parallel/test-runner-run-coverage.mjs:150:16)\n          at TestsStream.<anonymous> (c:\\workspace\\node-test-binary-windows-js-suites\\node\\test\\common\\index.js:491:15)\n          at TestsStream.emit (node:events:513:28)\n          at [kEmitMessage] (node:internal/test_runner/tests_stream:150:10)\n          at TestsStream.coverage (node:internal/test_runner/tests_stream:127:23)\n          at Test.postRun (node:internal/test_runner/test:1093:18)\n          at postRun (node:internal/test_runner/runner:720:28)\n          at runChain (node:internal/test_runner/runner:809:14)\n          at process.processTicksAndRejections (node:internal/process/task_queues:105:5) {\n        generatedMessage: true,\n        code: 'ERR_ASSERTION',\n        actual: false,\n        expected: true,\n        operator: 'strictEqual'\n      }\n\n    ✔ should run with coverage and fail when below line threshold (211.4157ms)\n  ✖ run with coverage (4523.703ms)\n✖ require('node:test').run coverage settings (4524.5173ms)\nℹ tests 11\nℹ suites 3\nℹ pass 8\nℹ fail 3\nℹ cancelled 0\nℹ skipped 0\nℹ todo 0\nℹ duration_ms 4534.1586\n\n✖ failing tests:\n\ntest at test\\parallel\\test-runner-run-coverage.mjs:110:11\n✖ should run with coverage and exclude by glob (1288.0803ms)\n  AssertionError [ERR_ASSERTION]: Expected values to be strictly equal:\n  \n  true !== false\n  \n      at TestsStream.<anonymous> (file:///c:/workspace/node-test-binary-windows-js-suites/node/test/parallel/test-runner-run-coverage.mjs:116:16)\n      at TestsStream.<anonymous> (c:\\workspace\\node-test-binary-windows-js-suites\\node\\test\\common\\index.js:491:15)\n      at TestsStream.emit (node:events:513:28)\n      at [kEmitMessage] (node:internal/test_runner/tests_stream:150:10)\n      at TestsStream.coverage (node:internal/test_runner/tests_stream:127:23)\n      at Test.postRun (node:internal/test_runner/test:1093:18)\n      at postRun (node:internal/test_runner/runner:720:28)\n      at runChain (node:internal/test_runner/runner:809:14)\n      at process.processTicksAndRejections (node:internal/process/task_queues:105:5) {\n    generatedMessage: true,\n    code: 'ERR_ASSERTION',\n    actual: true,\n    expected: false,\n    operator: 'strictEqual'\n  }\n\ntest at test\\parallel\\test-runner-run-coverage.mjs:122:11\n✖ should run with coverage and include by glob (1676.5416ms)\n  AssertionError [ERR_ASSERTION]: Expected values to be strictly equal:\n  \n  false !== true\n  \n      at TestsStream.<anonymous> (file:///c:/workspace/node-test-binary-windows-js-suites/node/test/parallel/test-runner-run-coverage.mjs:132:16)\n      at TestsStream.<anonymous> (c:\\workspace\\node-test-binary-windows-js-suites\\node\\test\\common\\index.js:491:15)\n      at TestsStream.emit (node:events:513:28)\n      at [kEmitMessage] (node:internal/test_runner/tests_stream:150:10)\n      at TestsStream.coverage (node:internal/test_runner/tests_stream:127:23)\n      at Test.postRun (node:internal/test_runner/test:1093:18)\n      at postRun (node:internal/test_runner/runner:720:28)\n      at runChain (node:internal/test_runner/runner:809:14)\n      at process.processTicksAndRejections (node:internal/process/task_queues:105:5) {\n    generatedMessage: true,\n    code: 'ERR_ASSERTION',\n    actual: false,\n    expected: true,\n    operator: 'strictEqual'\n  }\n\ntest at test\\parallel\\test-runner-run-coverage.mjs:138:11\n✖ should run while including and excluding globs (497.3512ms)\n  AssertionError [ERR_ASSERTION]: Expected values to be strictly equal:\n  \n  false !== true\n  \n      at TestsStream.<anonymous> (file:///c:/workspace/node-test-binary-windows-js-suites/node/test/parallel/test-runner-run-coverage.mjs:150:16)\n      at TestsStream.<anonymous> (c:\\workspace\\node-test-binary-windows-js-suites\\node\\test\\common\\index.js:491:15)\n      at TestsStream.emit (node:events:513:28)\n      at [kEmitMessage] (node:internal/test_runner/tests_stream:150:10)\n      at TestsStream.coverage (node:internal/test_runner/tests_stream:127:23)\n      at Test.postRun (node:internal/test_runner/test:1093:18)\n      at postRun (node:internal/test_runner/runner:720:28)\n      at runChain (node:internal/test_runner/runner:809:14)\n      at process.processTicksAndRejections (node:internal/process/task_queues:105:5) {\n    generatedMessage: true,\n    code: 'ERR_ASSERTION',\n    actual: false,\n    expected: true,\n    operator: 'strictEqual'\n  }"},"time":5018.094,"fullname":"parallel/test-runner-run-coverage","closingTestPoint":false}},{"testName":"parallel/test-runner-coverage-default-exclusion","timestamp":1734100260461,"status":"FAILED","jobName":"node-test-binary-windows-js-suites","config":"node-test-binary-windows-js-suites » 0,win10-COMPILED_BY-vs2022 #31677","buildUrl":"https://ci.nodejs.org/job/node-test-binary-windows-js-suites/RUN_SUBSET=0,nodes=win10-COMPILED_BY-vs2022/31677/","buildNumber":31677,"builtOn":"test-azure_msft-win10_vs2019-x64-4","nodeVersion":"24.0.0","commitHash":"2692e5f14fde41f2eb0a13a420f330b86cfc2603","callStack":[{"upstreamBuild":67414,"upstreamProject":"node-test-commit-windows-fanned","upstreamUrl":"job/node-test-commit-windows-fanned/"},{"upstreamBuild":76412,"upstreamProject":"node-test-commit","upstreamUrl":"job/node-test-commit/"},{"upstreamBuild":64040,"upstreamProject":"node-test-pull-request","upstreamUrl":"job/node-test-pull-request/"},{"prId":"56060"}],"tap":{"ok":false,"name":"parallel/test-runner-coverage-default-exclusion","id":697,"buffered":false,"tapError":null,"skip":false,"todo":false,"previous":null,"plan":null,"diag":{"severity":"fail","exitcode":1,"stack":"▶ test runner coverage default exclusion\n  ✔ should override default exclusion setting --test-coverage-exclude (527.5077ms)\n  ✖ should exclude test files from coverage by default (386.2891ms)\n    AssertionError [ERR_ASSERTION]: The expression evaluated to a falsy value:\n    \n      assert(result.stdout.toString().includes(report))\n    \n        at TestContext.<anonymous> (file:///c:/workspace/node-test-binary-windows-js-suites/node/test/parallel/test-runner-coverage-default-exclusion.mjs:83:5)\n        at Test.runInAsyncScope (node:async_hooks:211:14)\n        at Test.run (node:internal/test_runner/test:931:25)\n        at async Suite.processPendingSubtests (node:internal/test_runner/test:629:7) {\n      generatedMessage: true,\n      code: 'ERR_ASSERTION',\n      actual: false,\n      expected: true,\n      operator: '=='\n    }\n\n  ✖ should exclude ts test files when using --experimental-strip-types (436.2996ms)\n    AssertionError [ERR_ASSERTION]: The expression evaluated to a falsy value:\n    \n      assert(result.stdout.toString().includes(report))\n    \n        at TestContext.<anonymous> (file:///c:/workspace/node-test-binary-windows-js-suites/node/test/parallel/test-runner-coverage-default-exclusion.mjs:113:5)\n        at Test.runInAsyncScope (node:async_hooks:211:14)\n        at Test.run (node:internal/test_runner/test:931:25)\n        at async Suite.processPendingSubtests (node:internal/test_runner/test:629:7) {\n      generatedMessage: true,\n      code: 'ERR_ASSERTION',\n      actual: false,\n      expected: true,\n      operator: '=='\n    }\n\n✖ test runner coverage default exclusion (1374.9596ms)\nℹ tests 3\nℹ suites 1\nℹ pass 1\nℹ fail 2\nℹ cancelled 0\nℹ skipped 0\nℹ todo 0\nℹ duration_ms 1381.6299\n\n✖ failing tests:\n\ntest at test\\parallel\\test-runner-coverage-default-exclusion.mjs:59:3\n✖ should exclude test files from coverage by default (386.2891ms)\n  AssertionError [ERR_ASSERTION]: The expression evaluated to a falsy value:\n  \n    assert(result.stdout.toString().includes(report))\n  \n      at TestContext.<anonymous> (file:///c:/workspace/node-test-binary-windows-js-suites/node/test/parallel/test-runner-coverage-default-exclusion.mjs:83:5)\n      at Test.runInAsyncScope (node:async_hooks:211:14)\n      at Test.run (node:internal/test_runner/test:931:25)\n      at async Suite.processPendingSubtests (node:internal/test_runner/test:629:7) {\n    generatedMessage: true,\n    code: 'ERR_ASSERTION',\n    actual: false,\n    expected: true,\n    operator: '=='\n  }\n\ntest at test\\parallel\\test-runner-coverage-default-exclusion.mjs:87:3\n✖ should exclude ts test files when using --experimental-strip-types (436.2996ms)\n  AssertionError [ERR_ASSERTION]: The expression evaluated to a falsy value:\n  \n    assert(result.stdout.toString().includes(report))\n  \n      at TestContext.<anonymous> (file:///c:/workspace/node-test-binary-windows-js-suites/node/test/parallel/test-runner-coverage-default-exclusion.mjs:113:5)\n      at Test.runInAsyncScope (node:async_hooks:211:14)\n      at Test.run (node:internal/test_runner/test:931:25)\n      at async Suite.processPendingSubtests (node:internal/test_runner/test:629:7) {\n    generatedMessage: true,\n    code: 'ERR_ASSERTION',\n    actual: false,\n    expected: true,\n    operator: '=='\n  }"},"time":1652.006,"fullname":"parallel/test-runner-coverage-default-exclusion","closingTestPoint":false}},{"testName":"parallel/test-runner-run-coverage","timestamp":1734100260461,"status":"REGRESSION","jobName":"node-test-binary-windows-js-suites","config":"node-test-binary-windows-js-suites » 0,win10-COMPILED_BY-vs2022 #31677","buildUrl":"https://ci.nodejs.org/job/node-test-binary-windows-js-suites/RUN_SUBSET=0,nodes=win10-COMPILED_BY-vs2022/31677/","buildNumber":31677,"builtOn":"test-azure_msft-win10_vs2019-x64-4","nodeVersion":"24.0.0","commitHash":"2692e5f14fde41f2eb0a13a420f330b86cfc2603","callStack":[{"upstreamBuild":67414,"upstreamProject":"node-test-commit-windows-fanned","upstreamUrl":"job/node-test-commit-windows-fanned/"},{"upstreamBuild":76412,"upstreamProject":"node-test-commit","upstreamUrl":"job/node-test-commit/"},{"upstreamBuild":64040,"upstreamProject":"node-test-pull-request","upstreamUrl":"job/node-test-pull-request/"},{"prId":"56060"}],"tap":{"ok":false,"name":"parallel/test-runner-run-coverage","id":706,"buffered":false,"tapError":null,"skip":false,"todo":false,"previous":null,"plan":null,"diag":{"severity":"fail","exitcode":1,"stack":"▶ require('node:test').run coverage settings\n  ▶ validation\n    ✔ should only allow boolean in options.coverage (32.4057ms)\n    ✔ should only allow string|string[] in options.coverageExcludeGlobs (30.7593ms)\n    ✔ should only allow string|string[] in options.coverageIncludeGlobs (28.1611ms)\n    ✔ should only allow an int within range in options.lineCoverage (26.3776ms)\n    ✔ should only allow an int within range in options.branchCoverage (25.0584ms)\n    ✔ should only allow an int within range in options.functionCoverage (23.0556ms)\n  ✔ validation (33.7195ms)\n  ▶ run with coverage\n    ✔ should run with coverage (1450.3306ms)\n    ✖ should run with coverage and exclude by glob (411.6983ms)\n      AssertionError [ERR_ASSERTION]: Expected values to be strictly equal:\n      \n      true !== false\n      \n          at TestsStream.<anonymous> (file:///c:/workspace/node-test-binary-windows-js-suites/node/test/parallel/test-runner-run-coverage.mjs:116:16)\n          at TestsStream.<anonymous> (c:\\workspace\\node-test-binary-windows-js-suites\\node\\test\\common\\index.js:491:15)\n          at TestsStream.emit (node:events:513:28)\n          at [kEmitMessage] (node:internal/test_runner/tests_stream:150:10)\n          at TestsStream.coverage (node:internal/test_runner/tests_stream:127:23)\n          at Test.postRun (node:internal/test_runner/test:1093:18)\n          at postRun (node:internal/test_runner/runner:720:28)\n          at runChain (node:internal/test_runner/runner:809:14)\n          at process.processTicksAndRejections (node:internal/process/task_queues:105:5) {\n        generatedMessage: true,\n        code: 'ERR_ASSERTION',\n        actual: true,\n        expected: false,\n        operator: 'strictEqual'\n      }\n\n    ✖ should run with coverage and include by glob (238.7665ms)\n      AssertionError [ERR_ASSERTION]: Expected values to be strictly equal:\n      \n      false !== true\n      \n          at TestsStream.<anonymous> (file:///c:/workspace/node-test-binary-windows-js-suites/node/test/parallel/test-runner-run-coverage.mjs:132:16)\n          at TestsStream.<anonymous> (c:\\workspace\\node-test-binary-windows-js-suites\\node\\test\\common\\index.js:491:15)\n          at TestsStream.emit (node:events:513:28)\n          at [kEmitMessage] (node:internal/test_runner/tests_stream:150:10)\n          at TestsStream.coverage (node:internal/test_runner/tests_stream:127:23)\n          at Test.postRun (node:internal/test_runner/test:1093:18)\n          at postRun (node:internal/test_runner/runner:720:28)\n          at runChain (node:internal/test_runner/runner:809:14)\n          at process.processTicksAndRejections (node:internal/process/task_queues:105:5) {\n        generatedMessage: true,\n        code: 'ERR_ASSERTION',\n        actual: false,\n        expected: true,\n        operator: 'strictEqual'\n      }\n\n    ✖ should run while including and excluding globs (249.2697ms)\n      AssertionError [ERR_ASSERTION]: Expected values to be strictly equal:\n      \n      false !== true\n      \n          at TestsStream.<anonymous> (file:///c:/workspace/node-test-binary-windows-js-suites/node/test/parallel/test-runner-run-coverage.mjs:150:16)\n          at TestsStream.<anonymous> (c:\\workspace\\node-test-binary-windows-js-suites\\node\\test\\common\\index.js:491:15)\n          at TestsStream.emit (node:events:513:28)\n          at [kEmitMessage] (node:internal/test_runner/tests_stream:150:10)\n          at TestsStream.coverage (node:internal/test_runner/tests_stream:127:23)\n          at Test.postRun (node:internal/test_runner/test:1093:18)\n          at postRun (node:internal/test_runner/runner:720:28)\n          at runChain (node:internal/test_runner/runner:809:14)\n          at process.processTicksAndRejections (node:internal/process/task_queues:105:5) {\n        generatedMessage: true,\n        code: 'ERR_ASSERTION',\n        actual: false,\n        expected: true,\n        operator: 'strictEqual'\n      }\n\n    ✔ should run with coverage and fail when below line threshold (227.2653ms)\n  ✖ run with coverage (2593.706ms)\n✖ require('node:test').run coverage settings (2594.4061ms)\nℹ tests 11\nℹ suites 3\nℹ pass 8\nℹ fail 3\nℹ cancelled 0\nℹ skipped 0\nℹ todo 0\nℹ duration_ms 2602.7227\n\n✖ failing tests:\n\ntest at test\\parallel\\test-runner-run-coverage.mjs:110:11\n✖ should run with coverage and exclude by glob (411.6983ms)\n  AssertionError [ERR_ASSERTION]: Expected values to be strictly equal:\n  \n  true !== false\n  \n      at TestsStream.<anonymous> (file:///c:/workspace/node-test-binary-windows-js-suites/node/test/parallel/test-runner-run-coverage.mjs:116:16)\n      at TestsStream.<anonymous> (c:\\workspace\\node-test-binary-windows-js-suites\\node\\test\\common\\index.js:491:15)\n      at TestsStream.emit (node:events:513:28)\n      at [kEmitMessage] (node:internal/test_runner/tests_stream:150:10)\n      at TestsStream.coverage (node:internal/test_runner/tests_stream:127:23)\n      at Test.postRun (node:internal/test_runner/test:1093:18)\n      at postRun (node:internal/test_runner/runner:720:28)\n      at runChain (node:internal/test_runner/runner:809:14)\n      at process.processTicksAndRejections (node:internal/process/task_queues:105:5) {\n    generatedMessage: true,\n    code: 'ERR_ASSERTION',\n    actual: true,\n    expected: false,\n    operator: 'strictEqual'\n  }\n\ntest at test\\parallel\\test-runner-run-coverage.mjs:122:11\n✖ should run with coverage and include by glob (238.7665ms)\n  AssertionError [ERR_ASSERTION]: Expected values to be strictly equal:\n  \n  false !== true\n  \n      at TestsStream.<anonymous> (file:///c:/workspace/node-test-binary-windows-js-suites/node/test/parallel/test-runner-run-coverage.mjs:132:16)\n      at TestsStream.<anonymous> (c:\\workspace\\node-test-binary-windows-js-suites\\node\\test\\common\\index.js:491:15)\n      at TestsStream.emit (node:events:513:28)\n      at [kEmitMessage] (node:internal/test_runner/tests_stream:150:10)\n      at TestsStream.coverage (node:internal/test_runner/tests_stream:127:23)\n      at Test.postRun (node:internal/test_runner/test:1093:18)\n      at postRun (node:internal/test_runner/runner:720:28)\n      at runChain (node:internal/test_runner/runner:809:14)\n      at process.processTicksAndRejections (node:internal/process/task_queues:105:5) {\n    generatedMessage: true,\n    code: 'ERR_ASSERTION',\n    actual: false,\n    expected: true,\n    operator: 'strictEqual'\n  }\n\ntest at test\\parallel\\test-runner-run-coverage.mjs:138:11\n✖ should run while including and excluding globs (249.2697ms)\n  AssertionError [ERR_ASSERTION]: Expected values to be strictly equal:\n  \n  false !== true\n  \n      at TestsStream.<anonymous> (file:///c:/workspace/node-test-binary-windows-js-suites/node/test/parallel/test-runner-run-coverage.mjs:150:16)\n      at TestsStream.<anonymous> (c:\\workspace\\node-test-binary-windows-js-suites\\node\\test\\common\\index.js:491:15)\n      at TestsStream.emit (node:events:513:28)\n      at [kEmitMessage] (node:internal/test_runner/tests_stream:150:10)\n      at TestsStream.coverage (node:internal/test_runner/tests_stream:127:23)\n      at Test.postRun (node:internal/test_runner/test:1093:18)\n      at postRun (node:internal/test_runner/runner:720:28)\n      at runChain (node:internal/test_runner/runner:809:14)\n      at process.processTicksAndRejections (node:internal/process/task_queues:105:5) {\n    generatedMessage: true,\n    code: 'ERR_ASSERTION',\n    actual: false,\n    expected: true,\n    operator: 'strictEqual'\n  }"},"time":3951.011,"fullname":"parallel/test-runner-run-coverage","closingTestPoint":false}},{"testName":"parallel/test-runner-coverage-default-exclusion","timestamp":1734100260461,"status":"FAILED","jobName":"node-test-binary-windows-js-suites","config":"node-test-binary-windows-js-suites » 1,win11-arm64-COMPILED_BY-vs2022-arm64 #31677","buildUrl":"https://ci.nodejs.org/job/node-test-binary-windows-js-suites/RUN_SUBSET=1,nodes=win11-arm64-COMPILED_BY-vs2022-arm64/31677/","buildNumber":31677,"builtOn":"test-azure_msft-win11_vs2022-arm64-3","nodeVersion":"24.0.0","commitHash":"2692e5f14fde41f2eb0a13a420f330b86cfc2603","callStack":[{"upstreamBuild":67414,"upstreamProject":"node-test-commit-windows-fanned","upstreamUrl":"job/node-test-commit-windows-fanned/"},{"upstreamBuild":76412,"upstreamProject":"node-test-commit","upstreamUrl":"job/node-test-commit/"},{"upstreamBuild":64040,"upstreamProject":"node-test-pull-request","upstreamUrl":"job/node-test-pull-request/"},{"prId":"56060"}],"tap":{"ok":false,"name":"parallel/test-runner-coverage-default-exclusion","id":700,"buffered":false,"tapError":null,"skip":false,"todo":false,"previous":null,"plan":null,"diag":{"severity":"fail","exitcode":1,"stack":"▶ test runner coverage default exclusion\n  ✔ should override default exclusion setting --test-coverage-exclude (790.2374ms)\n  ✖ should exclude test files from coverage by default (1192.435ms)\n    AssertionError [ERR_ASSERTION]: The expression evaluated to a falsy value:\n    \n      assert(result.stdout.toString().includes(report))\n    \n        at TestContext.<anonymous> (file:///d:/workspace/node-test-binary-windows-js-suites/node/test/parallel/test-runner-coverage-default-exclusion.mjs:83:5)\n        at Test.runInAsyncScope (node:async_hooks:211:14)\n        at Test.run (node:internal/test_runner/test:931:25)\n        at async Suite.processPendingSubtests (node:internal/test_runner/test:629:7) {\n      generatedMessage: true,\n      code: 'ERR_ASSERTION',\n      actual: false,\n      expected: true,\n      operator: '=='\n    }\n\n  ✖ should exclude ts test files when using --experimental-strip-types (3096.9563ms)\n    AssertionError [ERR_ASSERTION]: The expression evaluated to a falsy value:\n    \n      assert(result.stdout.toString().includes(report))\n    \n        at TestContext.<anonymous> (file:///d:/workspace/node-test-binary-windows-js-suites/node/test/parallel/test-runner-coverage-default-exclusion.mjs:113:5)\n        at Test.runInAsyncScope (node:async_hooks:211:14)\n        at Test.run (node:internal/test_runner/test:931:25)\n        at async Suite.processPendingSubtests (node:internal/test_runner/test:629:7) {\n      generatedMessage: true,\n      code: 'ERR_ASSERTION',\n      actual: false,\n      expected: true,\n      operator: '=='\n    }\n\n✖ test runner coverage default exclusion (5121.0906ms)\nℹ tests 3\nℹ suites 1\nℹ pass 1\nℹ fail 2\nℹ cancelled 0\nℹ skipped 0\nℹ todo 0\nℹ duration_ms 5132.379\n\n✖ failing tests:\n\ntest at test\\parallel\\test-runner-coverage-default-exclusion.mjs:59:3\n✖ should exclude test files from coverage by default (1192.435ms)\n  AssertionError [ERR_ASSERTION]: The expression evaluated to a falsy value:\n  \n    assert(result.stdout.toString().includes(report))\n  \n      at TestContext.<anonymous> (file:///d:/workspace/node-test-binary-windows-js-suites/node/test/parallel/test-runner-coverage-default-exclusion.mjs:83:5)\n      at Test.runInAsyncScope (node:async_hooks:211:14)\n      at Test.run (node:internal/test_runner/test:931:25)\n      at async Suite.processPendingSubtests (node:internal/test_runner/test:629:7) {\n    generatedMessage: true,\n    code: 'ERR_ASSERTION',\n    actual: false,\n    expected: true,\n    operator: '=='\n  }\n\ntest at test\\parallel\\test-runner-coverage-default-exclusion.mjs:87:3\n✖ should exclude ts test files when using --experimental-strip-types (3096.9563ms)\n  AssertionError [ERR_ASSERTION]: The expression evaluated to a falsy value:\n  \n    assert(result.stdout.toString().includes(report))\n  \n      at TestContext.<anonymous> (file:///d:/workspace/node-test-binary-windows-js-suites/node/test/parallel/test-runner-coverage-default-exclusion.mjs:113:5)\n      at Test.runInAsyncScope (node:async_hooks:211:14)\n      at Test.run (node:internal/test_runner/test:931:25)\n      at async Suite.processPendingSubtests (node:internal/test_runner/test:629:7) {\n    generatedMessage: true,\n    code: 'ERR_ASSERTION',\n    actual: false,\n    expected: true,\n    operator: '=='\n  }"},"time":5643.979,"fullname":"parallel/test-runner-coverage-default-exclusion","closingTestPoint":false}},{"testName":"parallel/test-runner-run-coverage","timestamp":1734100260461,"status":"REGRESSION","jobName":"node-test-binary-windows-js-suites","config":"node-test-binary-windows-js-suites » 1,win11-arm64-COMPILED_BY-vs2022-arm64 #31677","buildUrl":"https://ci.nodejs.org/job/node-test-binary-windows-js-suites/RUN_SUBSET=1,nodes=win11-arm64-COMPILED_BY-vs2022-arm64/31677/","buildNumber":31677,"builtOn":"test-azure_msft-win11_vs2022-arm64-3","nodeVersion":"24.0.0","commitHash":"2692e5f14fde41f2eb0a13a420f330b86cfc2603","callStack":[{"upstreamBuild":67414,"upstreamProject":"node-test-commit-windows-fanned","upstreamUrl":"job/node-test-commit-windows-fanned/"},{"upstreamBuild":76412,"upstreamProject":"node-test-commit","upstreamUrl":"job/node-test-commit/"},{"upstreamBuild":64040,"upstreamProject":"node-test-pull-request","upstreamUrl":"job/node-test-pull-request/"},{"prId":"56060"}],"tap":{"ok":false,"name":"parallel/test-runner-run-coverage","id":704,"buffered":false,"tapError":null,"skip":false,"todo":false,"previous":null,"plan":null,"diag":{"severity":"fail","exitcode":1,"stack":"▶ require('node:test').run coverage settings\n  ▶ validation\n    ✔ should only allow boolean in options.coverage (93.5179ms)\n    ✔ should only allow string|string[] in options.coverageExcludeGlobs (89.9552ms)\n    ✔ should only allow string|string[] in options.coverageIncludeGlobs (85.6827ms)\n    ✔ should only allow an int within range in options.lineCoverage (83.3227ms)\n    ✔ should only allow an int within range in options.branchCoverage (80.8347ms)\n    ✔ should only allow an int within range in options.functionCoverage (79.1071ms)\n  ✔ validation (95.1312ms)\n  ▶ run with coverage\n    ✔ should run with coverage (1874.7499ms)\n    ✖ should run with coverage and exclude by glob (754.8057ms)\n      AssertionError [ERR_ASSERTION]: Expected values to be strictly equal:\n      \n      true !== false\n      \n          at TestsStream.<anonymous> (file:///d:/workspace/node-test-binary-windows-js-suites/node/test/parallel/test-runner-run-coverage.mjs:116:16)\n          at TestsStream.<anonymous> (d:\\workspace\\node-test-binary-windows-js-suites\\node\\test\\common\\index.js:491:15)\n          at TestsStream.emit (node:events:513:28)\n          at [kEmitMessage] (node:internal/test_runner/tests_stream:150:10)\n          at TestsStream.coverage (node:internal/test_runner/tests_stream:127:23)\n          at Test.postRun (node:internal/test_runner/test:1093:18)\n          at postRun (node:internal/test_runner/runner:720:28)\n          at runChain (node:internal/test_runner/runner:809:14)\n          at process.processTicksAndRejections (node:internal/process/task_queues:105:5) {\n        generatedMessage: true,\n        code: 'ERR_ASSERTION',\n        actual: true,\n        expected: false,\n        operator: 'strictEqual'\n      }\n\n    ✖ should run with coverage and include by glob (326.1969ms)\n      AssertionError [ERR_ASSERTION]: Expected values to be strictly equal:\n      \n      false !== true\n      \n          at TestsStream.<anonymous> (file:///d:/workspace/node-test-binary-windows-js-suites/node/test/parallel/test-runner-run-coverage.mjs:132:16)\n          at TestsStream.<anonymous> (d:\\workspace\\node-test-binary-windows-js-suites\\node\\test\\common\\index.js:491:15)\n          at TestsStream.emit (node:events:513:28)\n          at [kEmitMessage] (node:internal/test_runner/tests_stream:150:10)\n          at TestsStream.coverage (node:internal/test_runner/tests_stream:127:23)\n          at Test.postRun (node:internal/test_runner/test:1093:18)\n          at postRun (node:internal/test_runner/runner:720:28)\n          at runChain (node:internal/test_runner/runner:809:14)\n          at process.processTicksAndRejections (node:internal/process/task_queues:105:5) {\n        generatedMessage: true,\n        code: 'ERR_ASSERTION',\n        actual: false,\n        expected: true,\n        operator: 'strictEqual'\n      }\n\n    ✖ should run while including and excluding globs (505.5779ms)\n      AssertionError [ERR_ASSERTION]: Expected values to be strictly equal:\n      \n      false !== true\n      \n          at TestsStream.<anonymous> (file:///d:/workspace/node-test-binary-windows-js-suites/node/test/parallel/test-runner-run-coverage.mjs:150:16)\n          at TestsStream.<anonymous> (d:\\workspace\\node-test-binary-windows-js-suites\\node\\test\\common\\index.js:491:15)\n          at TestsStream.emit (node:events:513:28)\n          at [kEmitMessage] (node:internal/test_runner/tests_stream:150:10)\n          at TestsStream.coverage (node:internal/test_runner/tests_stream:127:23)\n          at Test.postRun (node:internal/test_runner/test:1093:18)\n          at postRun (node:internal/test_runner/runner:720:28)\n          at runChain (node:internal/test_runner/runner:809:14)\n          at process.processTicksAndRejections (node:internal/process/task_queues:105:5) {\n        generatedMessage: true,\n        code: 'ERR_ASSERTION',\n        actual: false,\n        expected: true,\n        operator: 'strictEqual'\n      }\n\n    ✔ should run with coverage and fail when below line threshold (287.9276ms)\n  ✖ run with coverage (3802.2206ms)\n✖ require('node:test').run coverage settings (3803.48ms)\nℹ tests 11\nℹ suites 3\nℹ pass 8\nℹ fail 3\nℹ cancelled 0\nℹ skipped 0\nℹ todo 0\nℹ duration_ms 3815.4932\n\n✖ failing tests:\n\ntest at test\\parallel\\test-runner-run-coverage.mjs:110:11\n✖ should run with coverage and exclude by glob (754.8057ms)\n  AssertionError [ERR_ASSERTION]: Expected values to be strictly equal:\n  \n  true !== false\n  \n      at TestsStream.<anonymous> (file:///d:/workspace/node-test-binary-windows-js-suites/node/test/parallel/test-runner-run-coverage.mjs:116:16)\n      at TestsStream.<anonymous> (d:\\workspace\\node-test-binary-windows-js-suites\\node\\test\\common\\index.js:491:15)\n      at TestsStream.emit (node:events:513:28)\n      at [kEmitMessage] (node:internal/test_runner/tests_stream:150:10)\n      at TestsStream.coverage (node:internal/test_runner/tests_stream:127:23)\n      at Test.postRun (node:internal/test_runner/test:1093:18)\n      at postRun (node:internal/test_runner/runner:720:28)\n      at runChain (node:internal/test_runner/runner:809:14)\n      at process.processTicksAndRejections (node:internal/process/task_queues:105:5) {\n    generatedMessage: true,\n    code: 'ERR_ASSERTION',\n    actual: true,\n    expected: false,\n    operator: 'strictEqual'\n  }\n\ntest at test\\parallel\\test-runner-run-coverage.mjs:122:11\n✖ should run with coverage and include by glob (326.1969ms)\n  AssertionError [ERR_ASSERTION]: Expected values to be strictly equal:\n  \n  false !== true\n  \n      at TestsStream.<anonymous> (file:///d:/workspace/node-test-binary-windows-js-suites/node/test/parallel/test-runner-run-coverage.mjs:132:16)\n      at TestsStream.<anonymous> (d:\\workspace\\node-test-binary-windows-js-suites\\node\\test\\common\\index.js:491:15)\n      at TestsStream.emit (node:events:513:28)\n      at [kEmitMessage] (node:internal/test_runner/tests_stream:150:10)\n      at TestsStream.coverage (node:internal/test_runner/tests_stream:127:23)\n      at Test.postRun (node:internal/test_runner/test:1093:18)\n      at postRun (node:internal/test_runner/runner:720:28)\n      at runChain (node:internal/test_runner/runner:809:14)\n      at process.processTicksAndRejections (node:internal/process/task_queues:105:5) {\n    generatedMessage: true,\n    code: 'ERR_ASSERTION',\n    actual: false,\n    expected: true,\n    operator: 'strictEqual'\n  }\n\ntest at test\\parallel\\test-runner-run-coverage.mjs:138:11\n✖ should run while including and excluding globs (505.5779ms)\n  AssertionError [ERR_ASSERTION]: Expected values to be strictly equal:\n  \n  false !== true\n  \n      at TestsStream.<anonymous> (file:///d:/workspace/node-test-binary-windows-js-suites/node/test/parallel/test-runner-run-coverage.mjs:150:16)\n      at TestsStream.<anonymous> (d:\\workspace\\node-test-binary-windows-js-suites\\node\\test\\common\\index.js:491:15)\n      at TestsStream.emit (node:events:513:28)\n      at [kEmitMessage] (node:internal/test_runner/tests_stream:150:10)\n      at TestsStream.coverage (node:internal/test_runner/tests_stream:127:23)\n      at Test.postRun (node:internal/test_runner/test:1093:18)\n      at postRun (node:internal/test_runner/runner:720:28)\n      at runChain (node:internal/test_runner/runner:809:14)\n      at process.processTicksAndRejections (node:internal/process/task_queues:105:5) {\n    generatedMessage: true,\n    code: 'ERR_ASSERTION',\n    actual: false,\n    expected: true,\n    operator: 'strictEqual'\n  }"},"time":5174.973,"fullname":"parallel/test-runner-run-coverage","closingTestPoint":false}},{"testName":"parallel/test-runner-coverage-default-exclusion","timestamp":1734100260461,"status":"FAILED","jobName":"node-test-binary-windows-js-suites","config":"node-test-binary-windows-js-suites » 0,win2019-COMPILED_BY-vs2022 #31677","buildUrl":"https://ci.nodejs.org/job/node-test-binary-windows-js-suites/RUN_SUBSET=0,nodes=win2019-COMPILED_BY-vs2022/31677/","buildNumber":31677,"builtOn":"test-rackspace-win2019_vs2019-x64-1","nodeVersion":"24.0.0","commitHash":"2692e5f14fde41f2eb0a13a420f330b86cfc2603","callStack":[{"upstreamBuild":67414,"upstreamProject":"node-test-commit-windows-fanned","upstreamUrl":"job/node-test-commit-windows-fanned/"},{"upstreamBuild":76412,"upstreamProject":"node-test-commit","upstreamUrl":"job/node-test-commit/"},{"upstreamBuild":64040,"upstreamProject":"node-test-pull-request","upstreamUrl":"job/node-test-pull-request/"},{"prId":"56060"}],"tap":{"ok":false,"name":"parallel/test-runner-coverage-default-exclusion","id":703,"buffered":false,"tapError":null,"skip":false,"todo":false,"previous":null,"plan":null,"diag":{"severity":"fail","exitcode":1,"stack":"▶ test runner coverage default exclusion\n  ✔ should override default exclusion setting --test-coverage-exclude (668.4955ms)\n  ✖ should exclude test files from coverage by default (909.9396ms)\n    AssertionError [ERR_ASSERTION]: The expression evaluated to a falsy value:\n    \n      assert(result.stdout.toString().includes(report))\n    \n        at TestContext.<anonymous> (file:///C:/workspace/node-test-binary-windows-js-suites/node/test/parallel/test-runner-coverage-default-exclusion.mjs:83:5)\n        at Test.runInAsyncScope (node:async_hooks:211:14)\n        at Test.run (node:internal/test_runner/test:931:25)\n        at async Suite.processPendingSubtests (node:internal/test_runner/test:629:7) {\n      generatedMessage: true,\n      code: 'ERR_ASSERTION',\n      actual: false,\n      expected: true,\n      operator: '=='\n    }\n\n  ✖ should exclude ts test files when using --experimental-strip-types (1678.882ms)\n    AssertionError [ERR_ASSERTION]: The expression evaluated to a falsy value:\n    \n      assert(result.stdout.toString().includes(report))\n    \n        at TestContext.<anonymous> (file:///C:/workspace/node-test-binary-windows-js-suites/node/test/parallel/test-runner-coverage-default-exclusion.mjs:113:5)\n        at Test.runInAsyncScope (node:async_hooks:211:14)\n        at Test.run (node:internal/test_runner/test:931:25)\n        at async Suite.processPendingSubtests (node:internal/test_runner/test:629:7) {\n      generatedMessage: true,\n      code: 'ERR_ASSERTION',\n      actual: false,\n      expected: true,\n      operator: '=='\n    }\n\n✖ test runner coverage default exclusion (3444.529ms)\nℹ tests 3\nℹ suites 1\nℹ pass 1\nℹ fail 2\nℹ cancelled 0\nℹ skipped 0\nℹ todo 0\nℹ duration_ms 3459.3794\n\n✖ failing tests:\n\ntest at test\\parallel\\test-runner-coverage-default-exclusion.mjs:59:3\n✖ should exclude test files from coverage by default (909.9396ms)\n  AssertionError [ERR_ASSERTION]: The expression evaluated to a falsy value:\n  \n    assert(result.stdout.toString().includes(report))\n  \n      at TestContext.<anonymous> (file:///C:/workspace/node-test-binary-windows-js-suites/node/test/parallel/test-runner-coverage-default-exclusion.mjs:83:5)\n      at Test.runInAsyncScope (node:async_hooks:211:14)\n      at Test.run (node:internal/test_runner/test:931:25)\n      at async Suite.processPendingSubtests (node:internal/test_runner/test:629:7) {\n    generatedMessage: true,\n    code: 'ERR_ASSERTION',\n    actual: false,\n    expected: true,\n    operator: '=='\n  }\n\ntest at test\\parallel\\test-runner-coverage-default-exclusion.mjs:87:3\n✖ should exclude ts test files when using --experimental-strip-types (1678.882ms)\n  AssertionError [ERR_ASSERTION]: The expression evaluated to a falsy value:\n  \n    assert(result.stdout.toString().includes(report))\n  \n      at TestContext.<anonymous> (file:///C:/workspace/node-test-binary-windows-js-suites/node/test/parallel/test-runner-coverage-default-exclusion.mjs:113:5)\n      at Test.runInAsyncScope (node:async_hooks:211:14)\n      at Test.run (node:internal/test_runner/test:931:25)\n      at async Suite.processPendingSubtests (node:internal/test_runner/test:629:7) {\n    generatedMessage: true,\n    code: 'ERR_ASSERTION',\n    actual: false,\n    expected: true,\n    operator: '=='\n  }"},"time":4115.11,"fullname":"parallel/test-runner-coverage-default-exclusion","closingTestPoint":false}},{"testName":"parallel/test-runner-run-coverage","timestamp":1734100260461,"status":"REGRESSION","jobName":"node-test-binary-windows-js-suites","config":"node-test-binary-windows-js-suites » 0,win2019-COMPILED_BY-vs2022 #31677","buildUrl":"https://ci.nodejs.org/job/node-test-binary-windows-js-suites/RUN_SUBSET=0,nodes=win2019-COMPILED_BY-vs2022/31677/","buildNumber":31677,"builtOn":"test-rackspace-win2019_vs2019-x64-1","nodeVersion":"24.0.0","commitHash":"2692e5f14fde41f2eb0a13a420f330b86cfc2603","callStack":[{"upstreamBuild":67414,"upstreamProject":"node-test-commit-windows-fanned","upstreamUrl":"job/node-test-commit-windows-fanned/"},{"upstreamBuild":76412,"upstreamProject":"node-test-commit","upstreamUrl":"job/node-test-commit/"},{"upstreamBuild":64040,"upstreamProject":"node-test-pull-request","upstreamUrl":"job/node-test-pull-request/"},{"prId":"56060"}],"tap":{"ok":false,"name":"parallel/test-runner-run-coverage","id":706,"buffered":false,"tapError":null,"skip":false,"todo":false,"previous":null,"plan":null,"diag":{"severity":"fail","exitcode":1,"stack":"▶ require('node:test').run coverage settings\n  ▶ validation\n    ✔ should only allow boolean in options.coverage (91.4908ms)\n    ✔ should only allow string|string[] in options.coverageExcludeGlobs (89.0624ms)\n    ✔ should only allow string|string[] in options.coverageIncludeGlobs (83.1085ms)\n    ✔ should only allow an int within range in options.lineCoverage (79.1028ms)\n    ✔ should only allow an int within range in options.branchCoverage (75.7926ms)\n    ✔ should only allow an int within range in options.functionCoverage (72.1107ms)\n  ✔ validation (96.3647ms)\n  ▶ run with coverage\n    ✔ should run with coverage (579.5865ms)\n    ✖ should run with coverage and exclude by glob (570.8635ms)\n      AssertionError [ERR_ASSERTION]: Expected values to be strictly equal:\n      \n      true !== false\n      \n          at TestsStream.<anonymous> (file:///C:/workspace/node-test-binary-windows-js-suites/node/test/parallel/test-runner-run-coverage.mjs:116:16)\n          at TestsStream.<anonymous> (C:\\workspace\\node-test-binary-windows-js-suites\\node\\test\\common\\index.js:491:15)\n          at TestsStream.emit (node:events:513:28)\n          at [kEmitMessage] (node:internal/test_runner/tests_stream:150:10)\n          at TestsStream.coverage (node:internal/test_runner/tests_stream:127:23)\n          at Test.postRun (node:internal/test_runner/test:1093:18)\n          at postRun (node:internal/test_runner/runner:720:28)\n          at runChain (node:internal/test_runner/runner:809:14)\n          at process.processTicksAndRejections (node:internal/process/task_queues:105:5) {\n        generatedMessage: true,\n        code: 'ERR_ASSERTION',\n        actual: true,\n        expected: false,\n        operator: 'strictEqual'\n      }\n\n    ✖ should run with coverage and include by glob (774.0949ms)\n      AssertionError [ERR_ASSERTION]: Expected values to be strictly equal:\n      \n      false !== true\n      \n          at TestsStream.<anonymous> (file:///C:/workspace/node-test-binary-windows-js-suites/node/test/parallel/test-runner-run-coverage.mjs:132:16)\n          at TestsStream.<anonymous> (C:\\workspace\\node-test-binary-windows-js-suites\\node\\test\\common\\index.js:491:15)\n          at TestsStream.emit (node:events:513:28)\n          at [kEmitMessage] (node:internal/test_runner/tests_stream:150:10)\n          at TestsStream.coverage (node:internal/test_runner/tests_stream:127:23)\n          at Test.postRun (node:internal/test_runner/test:1093:18)\n          at postRun (node:internal/test_runner/runner:720:28)\n          at runChain (node:internal/test_runner/runner:809:14)\n          at process.processTicksAndRejections (node:internal/process/task_queues:105:5) {\n        generatedMessage: true,\n        code: 'ERR_ASSERTION',\n        actual: false,\n        expected: true,\n        operator: 'strictEqual'\n      }\n\n    ✖ should run while including and excluding globs (1726.8323ms)\n      AssertionError [ERR_ASSERTION]: Expected values to be strictly equal:\n      \n      false !== true\n      \n          at TestsStream.<anonymous> (file:///C:/workspace/node-test-binary-windows-js-suites/node/test/parallel/test-runner-run-coverage.mjs:150:16)\n          at TestsStream.<anonymous> (C:\\workspace\\node-test-binary-windows-js-suites\\node\\test\\common\\index.js:491:15)\n          at TestsStream.emit (node:events:513:28)\n          at [kEmitMessage] (node:internal/test_runner/tests_stream:150:10)\n          at TestsStream.coverage (node:internal/test_runner/tests_stream:127:23)\n          at Test.postRun (node:internal/test_runner/test:1093:18)\n          at postRun (node:internal/test_runner/runner:720:28)\n          at runChain (node:internal/test_runner/runner:809:14)\n          at process.processTicksAndRejections (node:internal/process/task_queues:105:5) {\n        generatedMessage: true,\n        code: 'ERR_ASSERTION',\n        actual: false,\n        expected: true,\n        operator: 'strictEqual'\n      }\n\n    ✔ should run with coverage and fail when below line threshold (282.3895ms)\n  ✖ run with coverage (3970.7008ms)\n✖ require('node:test').run coverage settings (3972.2183ms)\nℹ tests 11\nℹ suites 3\nℹ pass 8\nℹ fail 3\nℹ cancelled 0\nℹ skipped 0\nℹ todo 0\nℹ duration_ms 3988.0518\n\n✖ failing tests:\n\ntest at test\\parallel\\test-runner-run-coverage.mjs:110:11\n✖ should run with coverage and exclude by glob (570.8635ms)\n  AssertionError [ERR_ASSERTION]: Expected values to be strictly equal:\n  \n  true !== false\n  \n      at TestsStream.<anonymous> (file:///C:/workspace/node-test-binary-windows-js-suites/node/test/parallel/test-runner-run-coverage.mjs:116:16)\n      at TestsStream.<anonymous> (C:\\workspace\\node-test-binary-windows-js-suites\\node\\test\\common\\index.js:491:15)\n      at TestsStream.emit (node:events:513:28)\n      at [kEmitMessage] (node:internal/test_runner/tests_stream:150:10)\n      at TestsStream.coverage (node:internal/test_runner/tests_stream:127:23)\n      at Test.postRun (node:internal/test_runner/test:1093:18)\n      at postRun (node:internal/test_runner/runner:720:28)\n      at runChain (node:internal/test_runner/runner:809:14)\n      at process.processTicksAndRejections (node:internal/process/task_queues:105:5) {\n    generatedMessage: true,\n    code: 'ERR_ASSERTION',\n    actual: true,\n    expected: false,\n    operator: 'strictEqual'\n  }\n\ntest at test\\parallel\\test-runner-run-coverage.mjs:122:11\n✖ should run with coverage and include by glob (774.0949ms)\n  AssertionError [ERR_ASSERTION]: Expected values to be strictly equal:\n  \n  false !== true\n  \n      at TestsStream.<anonymous> (file:///C:/workspace/node-test-binary-windows-js-suites/node/test/parallel/test-runner-run-coverage.mjs:132:16)\n      at TestsStream.<anonymous> (C:\\workspace\\node-test-binary-windows-js-suites\\node\\test\\common\\index.js:491:15)\n      at TestsStream.emit (node:events:513:28)\n      at [kEmitMessage] (node:internal/test_runner/tests_stream:150:10)\n      at TestsStream.coverage (node:internal/test_runner/tests_stream:127:23)\n      at Test.postRun (node:internal/test_runner/test:1093:18)\n      at postRun (node:internal/test_runner/runner:720:28)\n      at runChain (node:internal/test_runner/runner:809:14)\n      at process.processTicksAndRejections (node:internal/process/task_queues:105:5) {\n    generatedMessage: true,\n    code: 'ERR_ASSERTION',\n    actual: false,\n    expected: true,\n    operator: 'strictEqual'\n  }\n\ntest at test\\parallel\\test-runner-run-coverage.mjs:138:11\n✖ should run while including and excluding globs (1726.8323ms)\n  AssertionError [ERR_ASSERTION]: Expected values to be strictly equal:\n  \n  false !== true\n  \n      at TestsStream.<anonymous> (file:///C:/workspace/node-test-binary-windows-js-suites/node/test/parallel/test-runner-run-coverage.mjs:150:16)\n      at TestsStream.<anonymous> (C:\\workspace\\node-test-binary-windows-js-suites\\node\\test\\common\\index.js:491:15)\n      at TestsStream.emit (node:events:513:28)\n      at [kEmitMessage] (node:internal/test_runner/tests_stream:150:10)\n      at TestsStream.coverage (node:internal/test_runner/tests_stream:127:23)\n      at Test.postRun (node:internal/test_runner/test:1093:18)\n      at postRun (node:internal/test_runner/runner:720:28)\n      at runChain (node:internal/test_runner/runner:809:14)\n      at process.processTicksAndRejections (node:internal/process/task_queues:105:5) {\n    generatedMessage: true,\n    code: 'ERR_ASSERTION',\n    actual: false,\n    expected: true,\n    operator: 'strictEqual'\n  }"},"time":4917.139,"fullname":"parallel/test-runner-run-coverage","closingTestPoint":false}},{"testName":"parallel/test-runner-coverage-default-exclusion","timestamp":1734100260461,"status":"FAILED","jobName":"node-test-binary-windows-js-suites","config":"node-test-binary-windows-js-suites » 0,win2022-COMPILED_BY-vs2022 #31677","buildUrl":"https://ci.nodejs.org/job/node-test-binary-windows-js-suites/RUN_SUBSET=0,nodes=win2022-COMPILED_BY-vs2022/31677/","buildNumber":31677,"builtOn":"test-rackspace-win2022_vs2022-x64-1","nodeVersion":"24.0.0","commitHash":"2692e5f14fde41f2eb0a13a420f330b86cfc2603","callStack":[{"upstreamBuild":67414,"upstreamProject":"node-test-commit-windows-fanned","upstreamUrl":"job/node-test-commit-windows-fanned/"},{"upstreamBuild":76412,"upstreamProject":"node-test-commit","upstreamUrl":"job/node-test-commit/"},{"upstreamBuild":64040,"upstreamProject":"node-test-pull-request","upstreamUrl":"job/node-test-pull-request/"},{"prId":"56060"}],"tap":{"ok":false,"name":"parallel/test-runner-coverage-default-exclusion","id":704,"buffered":false,"tapError":null,"skip":false,"todo":false,"previous":null,"plan":null,"diag":{"severity":"fail","exitcode":1,"stack":"▶ test runner coverage default exclusion\n  ✔ should override default exclusion setting --test-coverage-exclude (682.7272ms)\n  ✖ should exclude test files from coverage by default (2583.2153ms)\n    AssertionError [ERR_ASSERTION]: The expression evaluated to a falsy value:\n    \n      assert(result.stdout.toString().includes(report))\n    \n        at TestContext.<anonymous> (file:///C:/workspace/node-test-binary-windows-js-suites/node/test/parallel/test-runner-coverage-default-exclusion.mjs:83:5)\n        at Test.runInAsyncScope (node:async_hooks:211:14)\n        at Test.run (node:internal/test_runner/test:931:25)\n        at async Suite.processPendingSubtests (node:internal/test_runner/test:629:7) {\n      generatedMessage: true,\n      code: 'ERR_ASSERTION',\n      actual: false,\n      expected: true,\n      operator: '=='\n    }\n\n  ✖ should exclude ts test files when using --experimental-strip-types (1347.9267ms)\n    AssertionError [ERR_ASSERTION]: The expression evaluated to a falsy value:\n    \n      assert(result.stdout.toString().includes(report))\n    \n        at TestContext.<anonymous> (file:///C:/workspace/node-test-binary-windows-js-suites/node/test/parallel/test-runner-coverage-default-exclusion.mjs:113:5)\n        at Test.runInAsyncScope (node:async_hooks:211:14)\n        at Test.run (node:internal/test_runner/test:931:25)\n        at async Suite.processPendingSubtests (node:internal/test_runner/test:629:7) {\n      generatedMessage: true,\n      code: 'ERR_ASSERTION',\n      actual: false,\n      expected: true,\n      operator: '=='\n    }\n\n✖ test runner coverage default exclusion (4758.2801ms)\nℹ tests 3\nℹ suites 1\nℹ pass 1\nℹ fail 2\nℹ cancelled 0\nℹ skipped 0\nℹ todo 0\nℹ duration_ms 4772.3144\n\n✖ failing tests:\n\ntest at test\\parallel\\test-runner-coverage-default-exclusion.mjs:59:3\n✖ should exclude test files from coverage by default (2583.2153ms)\n  AssertionError [ERR_ASSERTION]: The expression evaluated to a falsy value:\n  \n    assert(result.stdout.toString().includes(report))\n  \n      at TestContext.<anonymous> (file:///C:/workspace/node-test-binary-windows-js-suites/node/test/parallel/test-runner-coverage-default-exclusion.mjs:83:5)\n      at Test.runInAsyncScope (node:async_hooks:211:14)\n      at Test.run (node:internal/test_runner/test:931:25)\n      at async Suite.processPendingSubtests (node:internal/test_runner/test:629:7) {\n    generatedMessage: true,\n    code: 'ERR_ASSERTION',\n    actual: false,\n    expected: true,\n    operator: '=='\n  }\n\ntest at test\\parallel\\test-runner-coverage-default-exclusion.mjs:87:3\n✖ should exclude ts test files when using --experimental-strip-types (1347.9267ms)\n  AssertionError [ERR_ASSERTION]: The expression evaluated to a falsy value:\n  \n    assert(result.stdout.toString().includes(report))\n  \n      at TestContext.<anonymous> (file:///C:/workspace/node-test-binary-windows-js-suites/node/test/parallel/test-runner-coverage-default-exclusion.mjs:113:5)\n      at Test.runInAsyncScope (node:async_hooks:211:14)\n      at Test.run (node:internal/test_runner/test:931:25)\n      at async Suite.processPendingSubtests (node:internal/test_runner/test:629:7) {\n    generatedMessage: true,\n    code: 'ERR_ASSERTION',\n    actual: false,\n    expected: true,\n    operator: '=='\n  }"},"time":5279.174,"fullname":"parallel/test-runner-coverage-default-exclusion","closingTestPoint":false}},{"testName":"parallel/test-runner-run-coverage","timestamp":1734100260461,"status":"REGRESSION","jobName":"node-test-binary-windows-js-suites","config":"node-test-binary-windows-js-suites » 0,win2022-COMPILED_BY-vs2022 #31677","buildUrl":"https://ci.nodejs.org/job/node-test-binary-windows-js-suites/RUN_SUBSET=0,nodes=win2022-COMPILED_BY-vs2022/31677/","buildNumber":31677,"builtOn":"test-rackspace-win2022_vs2022-x64-1","nodeVersion":"24.0.0","commitHash":"2692e5f14fde41f2eb0a13a420f330b86cfc2603","callStack":[{"upstreamBuild":67414,"upstreamProject":"node-test-commit-windows-fanned","upstreamUrl":"job/node-test-commit-windows-fanned/"},{"upstreamBuild":76412,"upstreamProject":"node-test-commit","upstreamUrl":"job/node-test-commit/"},{"upstreamBuild":64040,"upstreamProject":"node-test-pull-request","upstreamUrl":"job/node-test-pull-request/"},{"prId":"56060"}],"tap":{"ok":false,"name":"parallel/test-runner-run-coverage","id":711,"buffered":false,"tapError":null,"skip":false,"todo":false,"previous":null,"plan":null,"diag":{"severity":"fail","exitcode":1,"stack":"▶ require('node:test').run coverage settings\n  ▶ validation\n    ✔ should only allow boolean in options.coverage (222.0769ms)\n    ✔ should only allow string|string[] in options.coverageExcludeGlobs (217.6546ms)\n    ✔ should only allow string|string[] in options.coverageIncludeGlobs (211.396ms)\n    ✔ should only allow an int within range in options.lineCoverage (208.0858ms)\n    ✔ should only allow an int within range in options.branchCoverage (205.129ms)\n    ✔ should only allow an int within range in options.functionCoverage (201.2831ms)\n  ✔ validation (225.916ms)\n  ▶ run with coverage\n    ✔ should run with coverage (1809.7687ms)\n    ✖ should run with coverage and exclude by glob (665.3349ms)\n      AssertionError [ERR_ASSERTION]: Expected values to be strictly equal:\n      \n      true !== false\n      \n          at TestsStream.<anonymous> (file:///C:/workspace/node-test-binary-windows-js-suites/node/test/parallel/test-runner-run-coverage.mjs:116:16)\n          at TestsStream.<anonymous> (C:\\workspace\\node-test-binary-windows-js-suites\\node\\test\\common\\index.js:491:15)\n          at TestsStream.emit (node:events:513:28)\n          at [kEmitMessage] (node:internal/test_runner/tests_stream:150:10)\n          at TestsStream.coverage (node:internal/test_runner/tests_stream:127:23)\n          at Test.postRun (node:internal/test_runner/test:1093:18)\n          at postRun (node:internal/test_runner/runner:720:28)\n          at runChain (node:internal/test_runner/runner:809:14)\n          at process.processTicksAndRejections (node:internal/process/task_queues:105:5) {\n        generatedMessage: true,\n        code: 'ERR_ASSERTION',\n        actual: true,\n        expected: false,\n        operator: 'strictEqual'\n      }\n\n    ✖ should run with coverage and include by glob (337.5666ms)\n      AssertionError [ERR_ASSERTION]: Expected values to be strictly equal:\n      \n      false !== true\n      \n          at TestsStream.<anonymous> (file:///C:/workspace/node-test-binary-windows-js-suites/node/test/parallel/test-runner-run-coverage.mjs:132:16)\n          at TestsStream.<anonymous> (C:\\workspace\\node-test-binary-windows-js-suites\\node\\test\\common\\index.js:491:15)\n          at TestsStream.emit (node:events:513:28)\n          at [kEmitMessage] (node:internal/test_runner/tests_stream:150:10)\n          at TestsStream.coverage (node:internal/test_runner/tests_stream:127:23)\n          at Test.postRun (node:internal/test_runner/test:1093:18)\n          at postRun (node:internal/test_runner/runner:720:28)\n          at runChain (node:internal/test_runner/runner:809:14)\n          at process.processTicksAndRejections (node:internal/process/task_queues:105:5) {\n        generatedMessage: true,\n        code: 'ERR_ASSERTION',\n        actual: false,\n        expected: true,\n        operator: 'strictEqual'\n      }\n\n    ✖ should run while including and excluding globs (468.6323ms)\n      AssertionError [ERR_ASSERTION]: Expected values to be strictly equal:\n      \n      false !== true\n      \n          at TestsStream.<anonymous> (file:///C:/workspace/node-test-binary-windows-js-suites/node/test/parallel/test-runner-run-coverage.mjs:150:16)\n          at TestsStream.<anonymous> (C:\\workspace\\node-test-binary-windows-js-suites\\node\\test\\common\\index.js:491:15)\n          at TestsStream.emit (node:events:513:28)\n          at [kEmitMessage] (node:internal/test_runner/tests_stream:150:10)\n          at TestsStream.coverage (node:internal/test_runner/tests_stream:127:23)\n          at Test.postRun (node:internal/test_runner/test:1093:18)\n          at postRun (node:internal/test_runner/runner:720:28)\n          at runChain (node:internal/test_runner/runner:809:14)\n          at process.processTicksAndRejections (node:internal/process/task_queues:105:5) {\n        generatedMessage: true,\n        code: 'ERR_ASSERTION',\n        actual: false,\n        expected: true,\n        operator: 'strictEqual'\n      }\n\n    ✔ should run with coverage and fail when below line threshold (257.4346ms)\n  ✖ run with coverage (3576.8273ms)\n✖ require('node:test').run coverage settings (3578.2413ms)\nℹ tests 11\nℹ suites 3\nℹ pass 8\nℹ fail 3\nℹ cancelled 0\nℹ skipped 0\nℹ todo 0\nℹ duration_ms 3597.9965\n\n✖ failing tests:\n\ntest at test\\parallel\\test-runner-run-coverage.mjs:110:11\n✖ should run with coverage and exclude by glob (665.3349ms)\n  AssertionError [ERR_ASSERTION]: Expected values to be strictly equal:\n  \n  true !== false\n  \n      at TestsStream.<anonymous> (file:///C:/workspace/node-test-binary-windows-js-suites/node/test/parallel/test-runner-run-coverage.mjs:116:16)\n      at TestsStream.<anonymous> (C:\\workspace\\node-test-binary-windows-js-suites\\node\\test\\common\\index.js:491:15)\n      at TestsStream.emit (node:events:513:28)\n      at [kEmitMessage] (node:internal/test_runner/tests_stream:150:10)\n      at TestsStream.coverage (node:internal/test_runner/tests_stream:127:23)\n      at Test.postRun (node:internal/test_runner/test:1093:18)\n      at postRun (node:internal/test_runner/runner:720:28)\n      at runChain (node:internal/test_runner/runner:809:14)\n      at process.processTicksAndRejections (node:internal/process/task_queues:105:5) {\n    generatedMessage: true,\n    code: 'ERR_ASSERTION',\n    actual: true,\n    expected: false,\n    operator: 'strictEqual'\n  }\n\ntest at test\\parallel\\test-runner-run-coverage.mjs:122:11\n✖ should run with coverage and include by glob (337.5666ms)\n  AssertionError [ERR_ASSERTION]: Expected values to be strictly equal:\n  \n  false !== true\n  \n      at TestsStream.<anonymous> (file:///C:/workspace/node-test-binary-windows-js-suites/node/test/parallel/test-runner-run-coverage.mjs:132:16)\n      at TestsStream.<anonymous> (C:\\workspace\\node-test-binary-windows-js-suites\\node\\test\\common\\index.js:491:15)\n      at TestsStream.emit (node:events:513:28)\n      at [kEmitMessage] (node:internal/test_runner/tests_stream:150:10)\n      at TestsStream.coverage (node:internal/test_runner/tests_stream:127:23)\n      at Test.postRun (node:internal/test_runner/test:1093:18)\n      at postRun (node:internal/test_runner/runner:720:28)\n      at runChain (node:internal/test_runner/runner:809:14)\n      at process.processTicksAndRejections (node:internal/process/task_queues:105:5) {\n    generatedMessage: true,\n    code: 'ERR_ASSERTION',\n    actual: false,\n    expected: true,\n    operator: 'strictEqual'\n  }\n\ntest at test\\parallel\\test-runner-run-coverage.mjs:138:11\n✖ should run while including and excluding globs (468.6323ms)\n  AssertionError [ERR_ASSERTION]: Expected values to be strictly equal:\n  \n  false !== true\n  \n      at TestsStream.<anonymous> (file:///C:/workspace/node-test-binary-windows-js-suites/node/test/parallel/test-runner-run-coverage.mjs:150:16)\n      at TestsStream.<anonymous> (C:\\workspace\\node-test-binary-windows-js-suites\\node\\test\\common\\index.js:491:15)\n      at TestsStream.emit (node:events:513:28)\n      at [kEmitMessage] (node:internal/test_runner/tests_stream:150:10)\n      at TestsStream.coverage (node:internal/test_runner/tests_stream:127:23)\n      at Test.postRun (node:internal/test_runner/test:1093:18)\n      at postRun (node:internal/test_runner/runner:720:28)\n      at runChain (node:internal/test_runner/runner:809:14)\n      at process.processTicksAndRejections (node:internal/process/task_queues:105:5) {\n    generatedMessage: true,\n    code: 'ERR_ASSERTION',\n    actual: false,\n    expected: true,\n    operator: 'strictEqual'\n  }"},"time":4774.172,"fullname":"parallel/test-runner-run-coverage","closingTestPoint":false}}]}