{"failedTests":[{"testName":"parallel/test-url-pathtofileurl","timestamp":1734956234416,"status":"REGRESSION","jobName":"node-test-binary-windows-js-suites","config":"node-test-binary-windows-js-suites » 1,win10-COMPILED_BY-vs2022 #31794","buildUrl":"https://ci.nodejs.org/job/node-test-binary-windows-js-suites/RUN_SUBSET=1,nodes=win10-COMPILED_BY-vs2022/31794/","buildNumber":31794,"builtOn":"test-azure_msft-win10_vs2019-x64-2","nodeVersion":"24.0.0","commitHash":"6708d1c2f0ec93d29692b820765c34a11fbdae25","callStack":[{"upstreamBuild":67544,"upstreamProject":"node-test-commit-windows-fanned","upstreamUrl":"job/node-test-commit-windows-fanned/"},{"upstreamBuild":76587,"upstreamProject":"node-test-commit","upstreamUrl":"job/node-test-commit/"},{"upstreamBuild":64133,"upstreamProject":"node-test-pull-request","upstreamUrl":"job/node-test-pull-request/"},{"prId":"56302"}],"tap":{"ok":false,"name":"parallel/test-url-pathtofileurl","id":859,"buffered":false,"tapError":null,"skip":false,"todo":false,"previous":null,"plan":null,"diag":{"severity":"fail","exitcode":1,"stack":"node:assert:126\n  throw new AssertionError(obj);\n  ^\n\nAssertionError [ERR_ASSERTION]: Missing expected exception.\n    at Object.<anonymous> (c:\\workspace\\node-test-binary-windows-js-suites\\node\\test\\parallel\\test-url-pathtofileurl.js:29:12)\n    at Module._compile (node:internal/modules/cjs/loader:1740:14)\n    at Object..js (node:internal/modules/cjs/loader:1905:10)\n    at Module.load (node:internal/modules/cjs/loader:1474:32)\n    at Function._load (node:internal/modules/cjs/loader:1286:12)\n    at TracingChannel.traceSync (node:diagnostics_channel:322:14)\n    at wrapModuleLoad (node:internal/modules/cjs/loader:234:24)\n    at Function.executeUserEntryPoint [as runMain] (node:internal/modules/run_main:151:5)\n    at node:internal/main/run_main_module:33:47 {\n  generatedMessage: false,\n  code: 'ERR_ASSERTION',\n  actual: undefined,\n  expected: { code: 'ERR_INVALID_ARG_VALUE' },\n  operator: 'throws'\n}\n\nNode.js v24.0.0-pre"},"time":123.003,"fullname":"parallel/test-url-pathtofileurl","closingTestPoint":false}},{"testName":"parallel/test-url-pathtofileurl","timestamp":1734956234416,"status":"REGRESSION","jobName":"node-test-binary-windows-js-suites","config":"node-test-binary-windows-js-suites » 1,win2019-COMPILED_BY-vs2022 #31794","buildUrl":"https://ci.nodejs.org/job/node-test-binary-windows-js-suites/RUN_SUBSET=1,nodes=win2019-COMPILED_BY-vs2022/31794/","buildNumber":31794,"builtOn":"test-rackspace-win2019_vs2019-x64-3","nodeVersion":"24.0.0","commitHash":"6708d1c2f0ec93d29692b820765c34a11fbdae25","callStack":[{"upstreamBuild":67544,"upstreamProject":"node-test-commit-windows-fanned","upstreamUrl":"job/node-test-commit-windows-fanned/"},{"upstreamBuild":76587,"upstreamProject":"node-test-commit","upstreamUrl":"job/node-test-commit/"},{"upstreamBuild":64133,"upstreamProject":"node-test-pull-request","upstreamUrl":"job/node-test-pull-request/"},{"prId":"56302"}],"tap":{"ok":false,"name":"parallel/test-url-pathtofileurl","id":856,"buffered":false,"tapError":null,"skip":false,"todo":false,"previous":null,"plan":null,"diag":{"severity":"fail","exitcode":1,"stack":"node:assert:126\n  throw new AssertionError(obj);\n  ^\n\nAssertionError [ERR_ASSERTION]: Missing expected exception.\n    at Object.<anonymous> (C:\\workspace\\node-test-binary-windows-js-suites\\node\\test\\parallel\\test-url-pathtofileurl.js:29:12)\n    at Module._compile (node:internal/modules/cjs/loader:1740:14)\n    at Object..js (node:internal/modules/cjs/loader:1905:10)\n    at Module.load (node:internal/modules/cjs/loader:1474:32)\n    at Function._load (node:internal/modules/cjs/loader:1286:12)\n    at TracingChannel.traceSync (node:diagnostics_channel:322:14)\n    at wrapModuleLoad (node:internal/modules/cjs/loader:234:24)\n    at Function.executeUserEntryPoint [as runMain] (node:internal/modules/run_main:151:5)\n    at node:internal/main/run_main_module:33:47 {\n  generatedMessage: false,\n  code: 'ERR_ASSERTION',\n  actual: undefined,\n  expected: { code: 'ERR_INVALID_ARG_VALUE' },\n  operator: 'throws'\n}\n\nNode.js v24.0.0-pre"},"time":223.002,"fullname":"parallel/test-url-pathtofileurl","closingTestPoint":false}},{"testName":"parallel/test-url-pathtofileurl","timestamp":1734956234416,"status":"REGRESSION","jobName":"node-test-binary-windows-js-suites","config":"node-test-binary-windows-js-suites » 1,win11-COMPILED_BY-vs2022 #31794","buildUrl":"https://ci.nodejs.org/job/node-test-binary-windows-js-suites/RUN_SUBSET=1,nodes=win11-COMPILED_BY-vs2022/31794/","buildNumber":31794,"builtOn":"test-azure_msft-win11_vs2022-x64-4","nodeVersion":"24.0.0","commitHash":"6708d1c2f0ec93d29692b820765c34a11fbdae25","callStack":[{"upstreamBuild":67544,"upstreamProject":"node-test-commit-windows-fanned","upstreamUrl":"job/node-test-commit-windows-fanned/"},{"upstreamBuild":76587,"upstreamProject":"node-test-commit","upstreamUrl":"job/node-test-commit/"},{"upstreamBuild":64133,"upstreamProject":"node-test-pull-request","upstreamUrl":"job/node-test-pull-request/"},{"prId":"56302"}],"tap":{"ok":false,"name":"parallel/test-url-pathtofileurl","id":859,"buffered":false,"tapError":null,"skip":false,"todo":false,"previous":null,"plan":null,"diag":{"severity":"fail","exitcode":1,"stack":"node:assert:126\n  throw new AssertionError(obj);\n  ^\n\nAssertionError [ERR_ASSERTION]: Missing expected exception.\n    at Object.<anonymous> (c:\\workspace\\node-test-binary-windows-js-suites\\node\\test\\parallel\\test-url-pathtofileurl.js:29:12)\n    at Module._compile (node:internal/modules/cjs/loader:1740:14)\n    at Object..js (node:internal/modules/cjs/loader:1905:10)\n    at Module.load (node:internal/modules/cjs/loader:1474:32)\n    at Function._load (node:internal/modules/cjs/loader:1286:12)\n    at TracingChannel.traceSync (node:diagnostics_channel:322:14)\n    at wrapModuleLoad (node:internal/modules/cjs/loader:234:24)\n    at Function.executeUserEntryPoint [as runMain] (node:internal/modules/run_main:151:5)\n    at node:internal/main/run_main_module:33:47 {\n  generatedMessage: false,\n  code: 'ERR_ASSERTION',\n  actual: undefined,\n  expected: { code: 'ERR_INVALID_ARG_VALUE' },\n  operator: 'throws'\n}\n\nNode.js v24.0.0-pre"},"time":141.004,"fullname":"parallel/test-url-pathtofileurl","closingTestPoint":false}},{"testName":"parallel/test-url-pathtofileurl","timestamp":1734956234416,"status":"REGRESSION","jobName":"node-test-binary-windows-js-suites","config":"node-test-binary-windows-js-suites » 1,win2022-COMPILED_BY-vs2022 #31794","buildUrl":"https://ci.nodejs.org/job/node-test-binary-windows-js-suites/RUN_SUBSET=1,nodes=win2022-COMPILED_BY-vs2022/31794/","buildNumber":31794,"builtOn":"test-rackspace-win2022_vs2022-x64-5","nodeVersion":"24.0.0","commitHash":"6708d1c2f0ec93d29692b820765c34a11fbdae25","callStack":[{"upstreamBuild":67544,"upstreamProject":"node-test-commit-windows-fanned","upstreamUrl":"job/node-test-commit-windows-fanned/"},{"upstreamBuild":76587,"upstreamProject":"node-test-commit","upstreamUrl":"job/node-test-commit/"},{"upstreamBuild":64133,"upstreamProject":"node-test-pull-request","upstreamUrl":"job/node-test-pull-request/"},{"prId":"56302"}],"tap":{"ok":false,"name":"parallel/test-url-pathtofileurl","id":858,"buffered":false,"tapError":null,"skip":false,"todo":false,"previous":null,"plan":null,"diag":{"severity":"fail","exitcode":1,"stack":"node:assert:126\n  throw new AssertionError(obj);\n  ^\n\nAssertionError [ERR_ASSERTION]: Missing expected exception.\n    at Object.<anonymous> (C:\\workspace\\node-test-binary-windows-js-suites\\node\\test\\parallel\\test-url-pathtofileurl.js:29:12)\n    at Module._compile (node:internal/modules/cjs/loader:1740:14)\n    at Object..js (node:internal/modules/cjs/loader:1905:10)\n    at Module.load (node:internal/modules/cjs/loader:1474:32)\n    at Function._load (node:internal/modules/cjs/loader:1286:12)\n    at TracingChannel.traceSync (node:diagnostics_channel:322:14)\n    at wrapModuleLoad (node:internal/modules/cjs/loader:234:24)\n    at Function.executeUserEntryPoint [as runMain] (node:internal/modules/run_main:151:5)\n    at node:internal/main/run_main_module:33:47 {\n  generatedMessage: false,\n  code: 'ERR_ASSERTION',\n  actual: undefined,\n  expected: { code: 'ERR_INVALID_ARG_VALUE' },\n  operator: 'throws'\n}\n\nNode.js v24.0.0-pre"},"time":193.003,"fullname":"parallel/test-url-pathtofileurl","closingTestPoint":false}},{"testName":"parallel/test-url-pathtofileurl","timestamp":1734956234416,"status":"REGRESSION","jobName":"node-test-binary-windows-js-suites","config":"node-test-binary-windows-js-suites » 2,win11-arm64-COMPILED_BY-vs2022-arm64 #31794","buildUrl":"https://ci.nodejs.org/job/node-test-binary-windows-js-suites/RUN_SUBSET=2,nodes=win11-arm64-COMPILED_BY-vs2022-arm64/31794/","buildNumber":31794,"builtOn":"test-azure_msft-win11_vs2022-arm64-5","nodeVersion":"24.0.0","commitHash":"6708d1c2f0ec93d29692b820765c34a11fbdae25","callStack":[{"upstreamBuild":67544,"upstreamProject":"node-test-commit-windows-fanned","upstreamUrl":"job/node-test-commit-windows-fanned/"},{"upstreamBuild":76587,"upstreamProject":"node-test-commit","upstreamUrl":"job/node-test-commit/"},{"upstreamBuild":64133,"upstreamProject":"node-test-pull-request","upstreamUrl":"job/node-test-pull-request/"},{"prId":"56302"}],"tap":{"ok":false,"name":"parallel/test-url-pathtofileurl","id":858,"buffered":false,"tapError":null,"skip":false,"todo":false,"previous":null,"plan":null,"diag":{"severity":"fail","exitcode":1,"stack":"node:assert:126\n  throw new AssertionError(obj);\n  ^\n\nAssertionError [ERR_ASSERTION]: Missing expected exception.\n    at Object.<anonymous> (d:\\workspace\\node-test-binary-windows-js-suites\\node\\test\\parallel\\test-url-pathtofileurl.js:29:12)\n    at Module._compile (node:internal/modules/cjs/loader:1740:14)\n    at Module._extensions..js (node:internal/modules/cjs/loader:1905:10)\n    at Module.load (node:internal/modules/cjs/loader:1474:32)\n    at Module._load (node:internal/modules/cjs/loader:1286:12)\n    at TracingChannel.traceSync (node:diagnostics_channel:322:14)\n    at wrapModuleLoad (node:internal/modules/cjs/loader:234:24)\n    at Function.executeUserEntryPoint [as runMain] (node:internal/modules/run_main:151:5)\n    at node:internal/main/run_main_module:33:47 {\n  generatedMessage: false,\n  code: 'ERR_ASSERTION',\n  actual: undefined,\n  expected: { code: 'ERR_INVALID_ARG_VALUE' },\n  operator: 'throws'\n}\n\nNode.js v24.0.0-pre"},"time":264.002,"fullname":"parallel/test-url-pathtofileurl","closingTestPoint":false}}]}