{"failedTests":[{"testName":"parallel/test-node-output-eval","timestamp":1735326089662,"status":"FAILED","jobName":"node-test-binary-windows-js-suites","config":"node-test-binary-windows-js-suites » 3,win2019-COMPILED_BY-vs2022 #31841","buildUrl":"https://ci.nodejs.org/job/node-test-binary-windows-js-suites/RUN_SUBSET=3,nodes=win2019-COMPILED_BY-vs2022/31841/","buildNumber":31841,"builtOn":"test-rackspace-win2019_vs2019-x64-2","nodeVersion":"24.0.0","commitHash":"be5e24383b6559229c64ba187b344e6ef1c18efa","callStack":[{"upstreamBuild":67598,"upstreamProject":"node-test-commit-windows-fanned","upstreamUrl":"job/node-test-commit-windows-fanned/"},{"upstreamBuild":76673,"upstreamProject":"node-test-commit","upstreamUrl":"job/node-test-commit/"},{"upstreamBuild":64233,"upstreamProject":"node-test-pull-request","upstreamUrl":"job/node-test-pull-request/"},{"prId":"56358"}],"tap":{"ok":false,"name":"parallel/test-node-output-eval","id":623,"buffered":false,"tapError":null,"skip":false,"todo":false,"previous":null,"plan":null,"diag":{"severity":"fail","exitcode":1,"stack":"▶ eval output\n  ✖ eval/eval_messages.js (1769.4683ms)\n    AssertionError [ERR_ASSERTION]: Expected values to be strictly equal:\n    + actual - expected\n    ... Skipped lines\n    \n      '[eval]\\n' +\n        '[eval]:1\\n' +\n        'with(this){__filename}\\n' +\n        '^^^^\\n' +\n        \"  x The 'with' statement is not supported. All symbols in a 'with' block will have type 'any'.\\n\" +\n    ...\n        '   `----\\n' +\n    -   '\\n' +\n        'Caused by:\\n' +\n        '    failed to parse\\n' +\n    -   '\\n' +\n        'SyntaxError: Strict mode code may not include a with statement\\n' +\n    -   '\\n' +\n        'Node.js *\\n' +\n        '42\\n' +\n        '42\\n' +\n        '[eval]:1\\n' +\n        'throw new Error(\"hello\")\\n' +\n        '^\\n' +\n    -   '\\n' +\n        'Error: hello\\n' +\n    -   '\\n' +\n        'Node.js *\\n' +\n        '[eval]:1\\n' +\n        'throw new Error(\"hello\")\\n' +\n        '^\\n' +\n    -   '\\n' +\n        'Error: hello\\n' +\n    -   '\\n' +\n        'Node.js *\\n' +\n        '100\\n' +\n        '[eval]:1\\n' +\n        'var x = 100; y = x;\\n' +\n        '               ^\\n' +\n    -   '\\n' +\n        'ReferenceError: y is not defined\\n' +\n    -   '\\n' +\n        'Node.js *\\n' +\n    -   '\\n' +\n        '[eval]:1\\n' +\n        'var ______________________________________________; throw 10\\n' +\n        '                                                    ^\\n' +\n        '10\\n' +\n        '(Use `node --trace-uncaught ...` to show where the exception was thrown)\\n' +\n    -   '\\n' +\n        'Node.js *\\n' +\n    -   '\\n' +\n        '[eval]:1\\n' +\n        'var ______________________________________________; throw 10\\n' +\n        '                                                    ^\\n' +\n        '10\\n' +\n        '(Use `node --trace-uncaught ...` to show where the exception was thrown)\\n' +\n    -   '\\n' +\n        'Node.js *\\n' +\n        'done\\n'\n    \n        at assertSnapshot (C:\\workspace\\node-test-binary-windows-js-suites\\node\\test\\common\\assertSnapshot.js:56:12)\n        at async Module.spawnAndAssert (C:\\workspace\\node-test-binary-windows-js-suites\\node\\test\\common\\assertSnapshot.js:91:3)\n        at async TestContext.<anonymous> (file:///C:/workspace/node-test-binary-windows-js-suites/node/test/parallel/test-node-output-eval.mjs:37:7)\n        at async Test.run (node:internal/test_runner/test:932:9)\n        at async Promise.all (index 0)\n        at async Suite.run (node:internal/test_runner/test:1310:7)\n        at async startSubtestAfterBootstrap (node:internal/test_runner/harness:297:3) {\n      generatedMessage: true,\n      code: 'ERR_ASSERTION',\n      actual: \"[eval]\\n[eval]:1\\nwith(this){__filename}\\n^^^^\\n  x The 'with' statement is not supported. All symbols in a 'with' block will have type 'any'.\\n   ,----\\n 1 | with(this){__filename}\\n   : ^^^^\\n   `----\\nCaused by:\\n...\",\n      expected: \"[eval]\\n[eval]:1\\nwith(this){__filename}\\n^^^^\\n  x The 'with' statement is not supported. All symbols in a 'with' block will have type 'any'.\\n   ,----\\n 1 | with(this){__filename}\\n   : ^^^^\\n   `----\\n\\n...\",\n      operator: 'strictEqual'\n    }\n\n  ✖ eval/stdin_messages.js (1685.5717ms)\n    AssertionError [ERR_ASSERTION]: Expected values to be strictly equal:\n    + actual - expected\n    \n      '[stdin]\\n' +\n        '[stdin]:1\\n' +\n        'with(this){__filename}\\n' +\n        '^^^^\\n' +\n    -   '\\n' +\n        'SyntaxError: Strict mode code may not include a with statement\\n' +\n    -   '\\n' +\n        'Node.js *\\n' +\n        '42\\n' +\n        '42\\n' +\n        '[stdin]:1\\n' +\n        'throw new Error(\"hello\")\\n' +\n        '^\\n' +\n    -   '\\n' +\n        'Error: hello\\n' +\n    -   '\\n' +\n        'Node.js *\\n' +\n        '[stdin]:1\\n' +\n        'throw new Error(\"hello\")\\n' +\n        '^\\n' +\n    -   '\\n' +\n        'Error: hello\\n' +\n    -   '\\n' +\n        'Node.js *\\n' +\n        '100\\n' +\n        '[stdin]:1\\n' +\n        'let x = 100; y = x;\\n' +\n        '               ^\\n' +\n    -   '\\n' +\n        'ReferenceError: y is not defined\\n' +\n    -   '\\n' +\n        'Node.js *\\n' +\n    -   '\\n' +\n        '[stdin]:1\\n' +\n        'let ______________________________________________; throw 10\\n' +\n        '                                                    ^\\n' +\n        '10\\n' +\n        '(Use `node --trace-uncaught ...` to show where the exception was thrown)\\n' +\n    -   '\\n' +\n        'Node.js *\\n' +\n    -   '\\n' +\n        '[stdin]:1\\n' +\n        'let ______________________________________________; throw 10\\n' +\n        '                                                    ^\\n' +\n        '10\\n' +\n        '(Use `node --trace-uncaught ...` to show where the exception was thrown)\\n' +\n    -   '\\n' +\n        'Node.js *\\n' +\n        'done\\n'\n    \n        at assertSnapshot (C:\\workspace\\node-test-binary-windows-js-suites\\node\\test\\common\\assertSnapshot.js:56:12)\n        at async Module.spawnAndAssert (C:\\workspace\\node-test-binary-windows-js-suites\\node\\test\\common\\assertSnapshot.js:91:3)\n        at async TestContext.<anonymous> (file:///C:/workspace/node-test-binary-windows-js-suites/node/test/parallel/test-node-output-eval.mjs:37:7)\n        at async Test.run (node:internal/test_runner/test:932:9)\n        at async Promise.all (index 1)\n        at async Suite.run (node:internal/test_runner/test:1310:7)\n        at async startSubtestAfterBootstrap (node:internal/test_runner/harness:297:3) {\n      generatedMessage: true,\n      code: 'ERR_ASSERTION',\n      actual: '[stdin]\\n[stdin]:1\\nwith(this){__filename}\\n^^^^\\nSyntaxError: Strict mode code may not include a with statement\\nNode.js *\\n42\\n42\\n[stdin]:1\\nthrow new Error(\"hello\")\\n...',\n      expected: '[stdin]\\n[stdin]:1\\nwith(this){__filename}\\n^^^^\\n\\nSyntaxError: Strict mode code may not include a with statement\\n\\nNode.js *\\n42\\n42\\n...',\n      operator: 'strictEqual'\n    }\n\n  ✖ eval/eval_typescript.js (1789.0525ms)\n    AssertionError [ERR_ASSERTION]: Expected values to be strictly equal:\n    + actual - expected\n    ... Skipped lines\n    \n      '[eval]:1\\n' +\n        'enum Foo{};\\n' +\n        '^^^^\\n' +\n        '  x TypeScript enum is not supported in strip-only mode\\n' +\n        '   ,----\\n' +\n    ...\n        '   `----\\n' +\n    -   '\\n' +\n        'SyntaxError: Unexpected reserved word\\n' +\n    -   '\\n' +\n        'Node.js *\\n' +\n        '[eval]:1\\n' +\n        'throw new SyntaxError(\"hello\")\\n' +\n        '^\\n' +\n    -   '\\n' +\n        'SyntaxError: hello\\n' +\n    -   '\\n' +\n        'Node.js *\\n' +\n        '[eval]:1\\n' +\n        'const foo;\\n' +\n        '      ^^^\\n' +\n    -   '\\n' +\n        'SyntaxError: Missing initializer in const declaration\\n' +\n    -   '\\n' +\n        'Node.js *\\n' +\n        '100\\n' +\n        'undefined\\n' +\n        'false\\n' +\n        '[eval]:1\\n' +\n        '               ;const foo;\\n' +\n        '                      ^^^\\n' +\n    -   '\\n' +\n        'SyntaxError: Missing initializer in const declaration\\n' +\n    -   '\\n' +\n        'Node.js *\\n' +\n        '[eval]:1\\n' +\n        'function foo(){ await Promise.resolve(1)};\\n' +\n        '                ^^^^^\\n' +\n        \"  x await isn't allowed in non-async function\\n\" +\n    ...\n        '   `----\\n' +\n    -   '\\n' +\n        'Caused by:\\n' +\n        '    failed to parse\\n' +\n    -   '\\n' +\n        'SyntaxError: await is only valid in async functions and the top level bodies of modules\\n' +\n    +   'Node.js *'\n    -   '\\n' +\n    -   'Node.js *\\n'\n    \n        at assertSnapshot (C:\\workspace\\node-test-binary-windows-js-suites\\node\\test\\common\\assertSnapshot.js:56:12)\n        at async Module.spawnAndAssert (C:\\workspace\\node-test-binary-windows-js-suites\\node\\test\\common\\assertSnapshot.js:91:3)\n        at async TestContext.<anonymous> (file:///C:/workspace/node-test-binary-windows-js-suites/node/test/parallel/test-node-output-eval.mjs:37:7)\n        at async Test.run (node:internal/test_runner/test:932:9)\n        at async Promise.all (index 2)\n        at async Suite.run (node:internal/test_runner/test:1310:7)\n        at async startSubtestAfterBootstrap (node:internal/test_runner/harness:297:3) {\n      generatedMessage: true,\n      code: 'ERR_ASSERTION',\n      actual: '[eval]:1\\nenum Foo{};\\n^^^^\\n  x TypeScript enum is not supported in strip-only mode\\n   ,----\\n 1 | enum Foo{};\\n   : ^^^^^^^^^^\\n   `----\\nSyntaxError: Unexpected reserved word\\nNode.js *\\n...',\n      expected: '[eval]:1\\nenum Foo{};\\n^^^^\\n  x TypeScript enum is not supported in strip-only mode\\n   ,----\\n 1 | enum Foo{};\\n   : ^^^^^^^^^^\\n   `----\\n\\nSyntaxError: Unexpected reserved word\\n...',\n      operator: 'strictEqual'\n    }\n\n✖ eval output (1886.4883ms)\nℹ tests 3\nℹ suites 1\nℹ pass 0\nℹ fail 3\nℹ cancelled 0\nℹ skipped 0\nℹ todo 0\nℹ duration_ms 1898.4693\n\n✖ failing tests:\n\ntest at test\\parallel\\test-node-output-eval.mjs:36:5\n✖ eval/eval_messages.js (1769.4683ms)\n  AssertionError [ERR_ASSERTION]: Expected values to be strictly equal:\n  + actual - expected\n  ... Skipped lines\n  \n    '[eval]\\n' +\n      '[eval]:1\\n' +\n      'with(this){__filename}\\n' +\n      '^^^^\\n' +\n      \"  x The 'with' statement is not supported. All symbols in a 'with' block will have type 'any'.\\n\" +\n  ...\n      '   `----\\n' +\n  -   '\\n' +\n      'Caused by:\\n' +\n      '    failed to parse\\n' +\n  -   '\\n' +\n      'SyntaxError: Strict mode code may not include a with statement\\n' +\n  -   '\\n' +\n      'Node.js *\\n' +\n      '42\\n' +\n      '42\\n' +\n      '[eval]:1\\n' +\n      'throw new Error(\"hello\")\\n' +\n      '^\\n' +\n  -   '\\n' +\n      'Error: hello\\n' +\n  -   '\\n' +\n      'Node.js *\\n' +\n      '[eval]:1\\n' +\n      'throw new Error(\"hello\")\\n' +\n      '^\\n' +\n  -   '\\n' +\n      'Error: hello\\n' +\n  -   '\\n' +\n      'Node.js *\\n' +\n      '100\\n' +\n      '[eval]:1\\n' +\n      'var x = 100; y = x;\\n' +\n      '               ^\\n' +\n  -   '\\n' +\n      'ReferenceError: y is not defined\\n' +\n  -   '\\n' +\n      'Node.js *\\n' +\n  -   '\\n' +\n      '[eval]:1\\n' +\n      'var ______________________________________________; throw 10\\n' +\n      '                                                    ^\\n' +\n      '10\\n' +\n      '(Use `node --trace-uncaught ...` to show where the exception was thrown)\\n' +\n  -   '\\n' +\n      'Node.js *\\n' +\n  -   '\\n' +\n      '[eval]:1\\n' +\n      'var ______________________________________________; throw 10\\n' +\n      '                                                    ^\\n' +\n      '10\\n' +\n      '(Use `node --trace-uncaught ...` to show where the exception was thrown)\\n' +\n  -   '\\n' +\n      'Node.js *\\n' +\n      'done\\n'\n  \n      at assertSnapshot (C:\\workspace\\node-test-binary-windows-js-suites\\node\\test\\common\\assertSnapshot.js:56:12)\n      at async Module.spawnAndAssert (C:\\workspace\\node-test-binary-windows-js-suites\\node\\test\\common\\assertSnapshot.js:91:3)\n      at async TestContext.<anonymous> (file:///C:/workspace/node-test-binary-windows-js-suites/node/test/parallel/test-node-output-eval.mjs:37:7)\n      at async Test.run (node:internal/test_runner/test:932:9)\n      at async Promise.all (index 0)\n      at async Suite.run (node:internal/test_runner/test:1310:7)\n      at async startSubtestAfterBootstrap (node:internal/test_runner/harness:297:3) {\n    generatedMessage: true,\n    code: 'ERR_ASSERTION',\n    actual: \"[eval]\\n[eval]:1\\nwith(this){__filename}\\n^^^^\\n  x The 'with' statement is not supported. All symbols in a 'with' block will have type 'any'.\\n   ,----\\n 1 | with(this){__filename}\\n   : ^^^^\\n   `----\\nCaused by:\\n...\",\n    expected: \"[eval]\\n[eval]:1\\nwith(this){__filename}\\n^^^^\\n  x The 'with' statement is not supported. All symbols in a 'with' block will have type 'any'.\\n   ,----\\n 1 | with(this){__filename}\\n   : ^^^^\\n   `----\\n\\n...\",\n    operator: 'strictEqual'\n  }\n\ntest at test\\parallel\\test-node-output-eval.mjs:36:5\n✖ eval/stdin_messages.js (1685.5717ms)\n  AssertionError [ERR_ASSERTION]: Expected values to be strictly equal:\n  + actual - expected\n  \n    '[stdin]\\n' +\n      '[stdin]:1\\n' +\n      'with(this){__filename}\\n' +\n      '^^^^\\n' +\n  -   '\\n' +\n      'SyntaxError: Strict mode code may not include a with statement\\n' +\n  -   '\\n' +\n      'Node.js *\\n' +\n      '42\\n' +\n      '42\\n' +\n      '[stdin]:1\\n' +\n      'throw new Error(\"hello\")\\n' +\n      '^\\n' +\n  -   '\\n' +\n      'Error: hello\\n' +\n  -   '\\n' +\n      'Node.js *\\n' +\n      '[stdin]:1\\n' +\n      'throw new Error(\"hello\")\\n' +\n      '^\\n' +\n  -   '\\n' +\n      'Error: hello\\n' +\n  -   '\\n' +\n      'Node.js *\\n' +\n      '100\\n' +\n      '[stdin]:1\\n' +\n      'let x = 100; y = x;\\n' +\n      '               ^\\n' +\n  -   '\\n' +\n      'ReferenceError: y is not defined\\n' +\n  -   '\\n' +\n      'Node.js *\\n' +\n  -   '\\n' +\n      '[stdin]:1\\n' +\n      'let ______________________________________________; throw 10\\n' +\n      '                                                    ^\\n' +\n      '10\\n' +\n      '(Use `node --trace-uncaught ...` to show where the exception was thrown)\\n' +\n  -   '\\n' +\n      'Node.js *\\n' +\n  -   '\\n' +\n      '[stdin]:1\\n' +\n      'let ______________________________________________; throw 10\\n' +\n      '                                                    ^\\n' +\n      '10\\n' +\n      '(Use `node --trace-uncaught ...` to show where the exception was thrown)\\n' +\n  -   '\\n' +\n      'Node.js *\\n' +\n      'done\\n'\n  \n      at assertSnapshot (C:\\workspace\\node-test-binary-windows-js-suites\\node\\test\\common\\assertSnapshot.js:56:12)\n      at async Module.spawnAndAssert (C:\\workspace\\node-test-binary-windows-js-suites\\node\\test\\common\\assertSnapshot.js:91:3)\n      at async TestContext.<anonymous> (file:///C:/workspace/node-test-binary-windows-js-suites/node/test/parallel/test-node-output-eval.mjs:37:7)\n      at async Test.run (node:internal/test_runner/test:932:9)\n      at async Promise.all (index 1)\n      at async Suite.run (node:internal/test_runner/test:1310:7)\n      at async startSubtestAfterBootstrap (node:internal/test_runner/harness:297:3) {\n    generatedMessage: true,\n    code: 'ERR_ASSERTION',\n    actual: '[stdin]\\n[stdin]:1\\nwith(this){__filename}\\n^^^^\\nSyntaxError: Strict mode code may not include a with statement\\nNode.js *\\n42\\n42\\n[stdin]:1\\nthrow new Error(\"hello\")\\n...',\n    expected: '[stdin]\\n[stdin]:1\\nwith(this){__filename}\\n^^^^\\n\\nSyntaxError: Strict mode code may not include a with statement\\n\\nNode.js *\\n42\\n42\\n...',\n    operator: 'strictEqual'\n  }\n\ntest at test\\parallel\\test-node-output-eval.mjs:36:5\n✖ eval/eval_typescript.js (1789.0525ms)\n  AssertionError [ERR_ASSERTION]: Expected values to be strictly equal:\n  + actual - expected\n  ... Skipped lines\n  \n    '[eval]:1\\n' +\n      'enum Foo{};\\n' +\n      '^^^^\\n' +\n      '  x TypeScript enum is not supported in strip-only mode\\n' +\n      '   ,----\\n' +\n  ...\n      '   `----\\n' +\n  -   '\\n' +\n      'SyntaxError: Unexpected reserved word\\n' +\n  -   '\\n' +\n      'Node.js *\\n' +\n      '[eval]:1\\n' +\n      'throw new SyntaxError(\"hello\")\\n' +\n      '^\\n' +\n  -   '\\n' +\n      'SyntaxError: hello\\n' +\n  -   '\\n' +\n      'Node.js *\\n' +\n      '[eval]:1\\n' +\n      'const foo;\\n' +\n      '      ^^^\\n' +\n  -   '\\n' +\n      'SyntaxError: Missing initializer in const declaration\\n' +\n  -   '\\n' +\n      'Node.js *\\n' +\n      '100\\n' +\n      'undefined\\n' +\n      'false\\n' +\n      '[eval]:1\\n' +\n      '               ;const foo;\\n' +\n      '                      ^^^\\n' +\n  -   '\\n' +\n      'SyntaxError: Missing initializer in const declaration\\n' +\n  -   '\\n' +\n      'Node.js *\\n' +\n      '[eval]:1\\n' +\n      'function foo(){ await Promise.resolve(1)};\\n' +\n      '                ^^^^^\\n' +\n      \"  x await isn't allowed in non-async function\\n\" +\n  ...\n      '   `----\\n' +\n  -   '\\n' +\n      'Caused by:\\n' +\n      '    failed to parse\\n' +\n  -   '\\n' +\n      'SyntaxError: await is only valid in async functions and the top level bodies of modules\\n' +\n  +   'Node.js *'\n  -   '\\n' +\n  -   'Node.js *\\n'\n  \n      at assertSnapshot (C:\\workspace\\node-test-binary-windows-js-suites\\node\\test\\common\\assertSnapshot.js:56:12)\n      at async Module.spawnAndAssert (C:\\workspace\\node-test-binary-windows-js-suites\\node\\test\\common\\assertSnapshot.js:91:3)\n      at async TestContext.<anonymous> (file:///C:/workspace/node-test-binary-windows-js-suites/node/test/parallel/test-node-output-eval.mjs:37:7)\n      at async Test.run (node:internal/test_runner/test:932:9)\n      at async Promise.all (index 2)\n      at async Suite.run (node:internal/test_runner/test:1310:7)\n      at async startSubtestAfterBootstrap (node:internal/test_runner/harness:297:3) {\n    generatedMessage: true,\n    code: 'ERR_ASSERTION',\n    actual: '[eval]:1\\nenum Foo{};\\n^^^^\\n  x TypeScript enum is not supported in strip-only mode\\n   ,----\\n 1 | enum Foo{};\\n   : ^^^^^^^^^^\\n   `----\\nSyntaxError: Unexpected reserved word\\nNode.js *\\n...',\n    expected: '[eval]:1\\nenum Foo{};\\n^^^^\\n  x TypeScript enum is not supported in strip-only mode\\n   ,----\\n 1 | enum Foo{};\\n   : ^^^^^^^^^^\\n   `----\\n\\nSyntaxError: Unexpected reserved word\\n...',\n    operator: 'strictEqual'\n  }"},"time":2375.956,"fullname":"parallel/test-node-output-eval","closingTestPoint":false}},{"testName":"parallel/test-node-output-eval","timestamp":1735326089662,"status":"FAILED","jobName":"node-test-binary-windows-js-suites","config":"node-test-binary-windows-js-suites » 0,win11-arm64-COMPILED_BY-vs2022-arm64 #31841","buildUrl":"https://ci.nodejs.org/job/node-test-binary-windows-js-suites/RUN_SUBSET=0,nodes=win11-arm64-COMPILED_BY-vs2022-arm64/31841/","buildNumber":31841,"builtOn":"test-azure_msft-win11_vs2022-arm64-6","nodeVersion":"24.0.0","commitHash":"be5e24383b6559229c64ba187b344e6ef1c18efa","callStack":[{"upstreamBuild":67598,"upstreamProject":"node-test-commit-windows-fanned","upstreamUrl":"job/node-test-commit-windows-fanned/"},{"upstreamBuild":76673,"upstreamProject":"node-test-commit","upstreamUrl":"job/node-test-commit/"},{"upstreamBuild":64233,"upstreamProject":"node-test-pull-request","upstreamUrl":"job/node-test-pull-request/"},{"prId":"56358"}],"tap":{"ok":false,"name":"parallel/test-node-output-eval","id":624,"buffered":false,"tapError":null,"skip":false,"todo":false,"previous":null,"plan":null,"diag":{"severity":"fail","exitcode":1,"stack":"▶ eval output\n  ✖ eval/eval_messages.js (2339.4641ms)\n    AssertionError [ERR_ASSERTION]: Expected values to be strictly equal:\n    + actual - expected\n    ... Skipped lines\n    \n      '[eval]\\n' +\n        '[eval]:1\\n' +\n        'with(this){__filename}\\n' +\n        '^^^^\\n' +\n        \"  x The 'with' statement is not supported. All symbols in a 'with' block will have type 'any'.\\n\" +\n    ...\n        '   `----\\n' +\n    -   '\\n' +\n        'Caused by:\\n' +\n        '    failed to parse\\n' +\n    -   '\\n' +\n        'SyntaxError: Strict mode code may not include a with statement\\n' +\n    -   '\\n' +\n        'Node.js *\\n' +\n        '42\\n' +\n        '42\\n' +\n        '[eval]:1\\n' +\n        'throw new Error(\"hello\")\\n' +\n        '^\\n' +\n    -   '\\n' +\n        'Error: hello\\n' +\n    -   '\\n' +\n        'Node.js *\\n' +\n        '[eval]:1\\n' +\n        'throw new Error(\"hello\")\\n' +\n        '^\\n' +\n    -   '\\n' +\n        'Error: hello\\n' +\n    -   '\\n' +\n        'Node.js *\\n' +\n        '100\\n' +\n        '[eval]:1\\n' +\n        'var x = 100; y = x;\\n' +\n        '               ^\\n' +\n    -   '\\n' +\n        'ReferenceError: y is not defined\\n' +\n    -   '\\n' +\n        'Node.js *\\n' +\n    -   '\\n' +\n        '[eval]:1\\n' +\n        'var ______________________________________________; throw 10\\n' +\n        '                                                    ^\\n' +\n        '10\\n' +\n        '(Use `node --trace-uncaught ...` to show where the exception was thrown)\\n' +\n    -   '\\n' +\n        'Node.js *\\n' +\n    -   '\\n' +\n        '[eval]:1\\n' +\n        'var ______________________________________________; throw 10\\n' +\n        '                                                    ^\\n' +\n        '10\\n' +\n        '(Use `node --trace-uncaught ...` to show where the exception was thrown)\\n' +\n    -   '\\n' +\n        'Node.js *\\n' +\n        'done\\n'\n    \n        at assertSnapshot (d:\\workspace\\node-test-binary-windows-js-suites\\node\\test\\common\\assertSnapshot.js:56:12)\n        at async Module.spawnAndAssert (d:\\workspace\\node-test-binary-windows-js-suites\\node\\test\\common\\assertSnapshot.js:91:3)\n        at async TestContext.<anonymous> (file:///d:/workspace/node-test-binary-windows-js-suites/node/test/parallel/test-node-output-eval.mjs:37:7)\n        at async Test.run (node:internal/test_runner/test:932:9)\n        at async Promise.all (index 0)\n        at async Suite.run (node:internal/test_runner/test:1310:7)\n        at async startSubtestAfterBootstrap (node:internal/test_runner/harness:297:3) {\n      generatedMessage: true,\n      code: 'ERR_ASSERTION',\n      actual: \"[eval]\\n[eval]:1\\nwith(this){__filename}\\n^^^^\\n  x The 'with' statement is not supported. All symbols in a 'with' block will have type 'any'.\\n   ,----\\n 1 | with(this){__filename}\\n   : ^^^^\\n   `----\\nCaused by:\\n...\",\n      expected: \"[eval]\\n[eval]:1\\nwith(this){__filename}\\n^^^^\\n  x The 'with' statement is not supported. All symbols in a 'with' block will have type 'any'.\\n   ,----\\n 1 | with(this){__filename}\\n   : ^^^^\\n   `----\\n\\n...\",\n      operator: 'strictEqual'\n    }\n\n  ✖ eval/stdin_messages.js (2285.2623ms)\n    AssertionError [ERR_ASSERTION]: Expected values to be strictly equal:\n    + actual - expected\n    \n      '[stdin]\\n' +\n        '[stdin]:1\\n' +\n        'with(this){__filename}\\n' +\n        '^^^^\\n' +\n    -   '\\n' +\n        'SyntaxError: Strict mode code may not include a with statement\\n' +\n    -   '\\n' +\n        'Node.js *\\n' +\n        '42\\n' +\n        '42\\n' +\n        '[stdin]:1\\n' +\n        'throw new Error(\"hello\")\\n' +\n        '^\\n' +\n    -   '\\n' +\n        'Error: hello\\n' +\n    -   '\\n' +\n        'Node.js *\\n' +\n        '[stdin]:1\\n' +\n        'throw new Error(\"hello\")\\n' +\n        '^\\n' +\n    -   '\\n' +\n        'Error: hello\\n' +\n    -   '\\n' +\n        'Node.js *\\n' +\n        '100\\n' +\n        '[stdin]:1\\n' +\n        'let x = 100; y = x;\\n' +\n        '               ^\\n' +\n    -   '\\n' +\n        'ReferenceError: y is not defined\\n' +\n    -   '\\n' +\n        'Node.js *\\n' +\n    -   '\\n' +\n        '[stdin]:1\\n' +\n        'let ______________________________________________; throw 10\\n' +\n        '                                                    ^\\n' +\n        '10\\n' +\n        '(Use `node --trace-uncaught ...` to show where the exception was thrown)\\n' +\n    -   '\\n' +\n        'Node.js *\\n' +\n    -   '\\n' +\n        '[stdin]:1\\n' +\n        'let ______________________________________________; throw 10\\n' +\n        '                                                    ^\\n' +\n        '10\\n' +\n        '(Use `node --trace-uncaught ...` to show where the exception was thrown)\\n' +\n    -   '\\n' +\n        'Node.js *\\n' +\n        'done\\n'\n    \n        at assertSnapshot (d:\\workspace\\node-test-binary-windows-js-suites\\node\\test\\common\\assertSnapshot.js:56:12)\n        at async Module.spawnAndAssert (d:\\workspace\\node-test-binary-windows-js-suites\\node\\test\\common\\assertSnapshot.js:91:3)\n        at async TestContext.<anonymous> (file:///d:/workspace/node-test-binary-windows-js-suites/node/test/parallel/test-node-output-eval.mjs:37:7)\n        at async Test.run (node:internal/test_runner/test:932:9)\n        at async Promise.all (index 1)\n        at async Suite.run (node:internal/test_runner/test:1310:7)\n        at async startSubtestAfterBootstrap (node:internal/test_runner/harness:297:3) {\n      generatedMessage: true,\n      code: 'ERR_ASSERTION',\n      actual: '[stdin]\\n[stdin]:1\\nwith(this){__filename}\\n^^^^\\nSyntaxError: Strict mode code may not include a with statement\\nNode.js *\\n42\\n42\\n[stdin]:1\\nthrow new Error(\"hello\")\\n...',\n      expected: '[stdin]\\n[stdin]:1\\nwith(this){__filename}\\n^^^^\\n\\nSyntaxError: Strict mode code may not include a with statement\\n\\nNode.js *\\n42\\n42\\n...',\n      operator: 'strictEqual'\n    }\n\n  ✖ eval/eval_typescript.js (2839.1799ms)\n    AssertionError [ERR_ASSERTION]: Expected values to be strictly equal:\n    + actual - expected\n    ... Skipped lines\n    \n      '[eval]:1\\n' +\n        'enum Foo{};\\n' +\n        '^^^^\\n' +\n        '  x TypeScript enum is not supported in strip-only mode\\n' +\n        '   ,----\\n' +\n    ...\n        '   `----\\n' +\n    -   '\\n' +\n        'SyntaxError: Unexpected reserved word\\n' +\n    -   '\\n' +\n        'Node.js *\\n' +\n        '[eval]:1\\n' +\n        'throw new SyntaxError(\"hello\")\\n' +\n        '^\\n' +\n    -   '\\n' +\n        'SyntaxError: hello\\n' +\n    -   '\\n' +\n        'Node.js *\\n' +\n        '[eval]:1\\n' +\n        'const foo;\\n' +\n        '      ^^^\\n' +\n    -   '\\n' +\n        'SyntaxError: Missing initializer in const declaration\\n' +\n    -   '\\n' +\n        'Node.js *\\n' +\n        '100\\n' +\n        'undefined\\n' +\n        'false\\n' +\n        '[eval]:1\\n' +\n        '               ;const foo;\\n' +\n        '                      ^^^\\n' +\n    -   '\\n' +\n        'SyntaxError: Missing initializer in const declaration\\n' +\n    -   '\\n' +\n        'Node.js *\\n' +\n        '[eval]:1\\n' +\n        'function foo(){ await Promise.resolve(1)};\\n' +\n        '                ^^^^^\\n' +\n        \"  x await isn't allowed in non-async function\\n\" +\n    ...\n        '   `----\\n' +\n    -   '\\n' +\n        'Caused by:\\n' +\n        '    failed to parse\\n' +\n    -   '\\n' +\n        'SyntaxError: await is only valid in async functions and the top level bodies of modules\\n' +\n    +   'Node.js *'\n    -   '\\n' +\n    -   'Node.js *\\n'\n    \n        at assertSnapshot (d:\\workspace\\node-test-binary-windows-js-suites\\node\\test\\common\\assertSnapshot.js:56:12)\n        at async Module.spawnAndAssert (d:\\workspace\\node-test-binary-windows-js-suites\\node\\test\\common\\assertSnapshot.js:91:3)\n        at async TestContext.<anonymous> (file:///d:/workspace/node-test-binary-windows-js-suites/node/test/parallel/test-node-output-eval.mjs:37:7)\n        at async Test.run (node:internal/test_runner/test:932:9)\n        at async Promise.all (index 2)\n        at async Suite.run (node:internal/test_runner/test:1310:7)\n        at async startSubtestAfterBootstrap (node:internal/test_runner/harness:297:3) {\n      generatedMessage: true,\n      code: 'ERR_ASSERTION',\n      actual: '[eval]:1\\nenum Foo{};\\n^^^^\\n  x TypeScript enum is not supported in strip-only mode\\n   ,----\\n 1 | enum Foo{};\\n   : ^^^^^^^^^^\\n   `----\\nSyntaxError: Unexpected reserved word\\nNode.js *\\n...',\n      expected: '[eval]:1\\nenum Foo{};\\n^^^^\\n  x TypeScript enum is not supported in strip-only mode\\n   ,----\\n 1 | enum Foo{};\\n   : ^^^^^^^^^^\\n   `----\\n\\nSyntaxError: Unexpected reserved word\\n...',\n      operator: 'strictEqual'\n    }\n\n✖ eval output (2910.9442ms)\nℹ tests 3\nℹ suites 1\nℹ pass 0\nℹ fail 3\nℹ cancelled 0\nℹ skipped 0\nℹ todo 0\nℹ duration_ms 2920.97\n\n✖ failing tests:\n\ntest at test\\parallel\\test-node-output-eval.mjs:36:5\n✖ eval/eval_messages.js (2339.4641ms)\n  AssertionError [ERR_ASSERTION]: Expected values to be strictly equal:\n  + actual - expected\n  ... Skipped lines\n  \n    '[eval]\\n' +\n      '[eval]:1\\n' +\n      'with(this){__filename}\\n' +\n      '^^^^\\n' +\n      \"  x The 'with' statement is not supported. All symbols in a 'with' block will have type 'any'.\\n\" +\n  ...\n      '   `----\\n' +\n  -   '\\n' +\n      'Caused by:\\n' +\n      '    failed to parse\\n' +\n  -   '\\n' +\n      'SyntaxError: Strict mode code may not include a with statement\\n' +\n  -   '\\n' +\n      'Node.js *\\n' +\n      '42\\n' +\n      '42\\n' +\n      '[eval]:1\\n' +\n      'throw new Error(\"hello\")\\n' +\n      '^\\n' +\n  -   '\\n' +\n      'Error: hello\\n' +\n  -   '\\n' +\n      'Node.js *\\n' +\n      '[eval]:1\\n' +\n      'throw new Error(\"hello\")\\n' +\n      '^\\n' +\n  -   '\\n' +\n      'Error: hello\\n' +\n  -   '\\n' +\n      'Node.js *\\n' +\n      '100\\n' +\n      '[eval]:1\\n' +\n      'var x = 100; y = x;\\n' +\n      '               ^\\n' +\n  -   '\\n' +\n      'ReferenceError: y is not defined\\n' +\n  -   '\\n' +\n      'Node.js *\\n' +\n  -   '\\n' +\n      '[eval]:1\\n' +\n      'var ______________________________________________; throw 10\\n' +\n      '                                                    ^\\n' +\n      '10\\n' +\n      '(Use `node --trace-uncaught ...` to show where the exception was thrown)\\n' +\n  -   '\\n' +\n      'Node.js *\\n' +\n  -   '\\n' +\n      '[eval]:1\\n' +\n      'var ______________________________________________; throw 10\\n' +\n      '                                                    ^\\n' +\n      '10\\n' +\n      '(Use `node --trace-uncaught ...` to show where the exception was thrown)\\n' +\n  -   '\\n' +\n      'Node.js *\\n' +\n      'done\\n'\n  \n      at assertSnapshot (d:\\workspace\\node-test-binary-windows-js-suites\\node\\test\\common\\assertSnapshot.js:56:12)\n      at async Module.spawnAndAssert (d:\\workspace\\node-test-binary-windows-js-suites\\node\\test\\common\\assertSnapshot.js:91:3)\n      at async TestContext.<anonymous> (file:///d:/workspace/node-test-binary-windows-js-suites/node/test/parallel/test-node-output-eval.mjs:37:7)\n      at async Test.run (node:internal/test_runner/test:932:9)\n      at async Promise.all (index 0)\n      at async Suite.run (node:internal/test_runner/test:1310:7)\n      at async startSubtestAfterBootstrap (node:internal/test_runner/harness:297:3) {\n    generatedMessage: true,\n    code: 'ERR_ASSERTION',\n    actual: \"[eval]\\n[eval]:1\\nwith(this){__filename}\\n^^^^\\n  x The 'with' statement is not supported. All symbols in a 'with' block will have type 'any'.\\n   ,----\\n 1 | with(this){__filename}\\n   : ^^^^\\n   `----\\nCaused by:\\n...\",\n    expected: \"[eval]\\n[eval]:1\\nwith(this){__filename}\\n^^^^\\n  x The 'with' statement is not supported. All symbols in a 'with' block will have type 'any'.\\n   ,----\\n 1 | with(this){__filename}\\n   : ^^^^\\n   `----\\n\\n...\",\n    operator: 'strictEqual'\n  }\n\ntest at test\\parallel\\test-node-output-eval.mjs:36:5\n✖ eval/stdin_messages.js (2285.2623ms)\n  AssertionError [ERR_ASSERTION]: Expected values to be strictly equal:\n  + actual - expected\n  \n    '[stdin]\\n' +\n      '[stdin]:1\\n' +\n      'with(this){__filename}\\n' +\n      '^^^^\\n' +\n  -   '\\n' +\n      'SyntaxError: Strict mode code may not include a with statement\\n' +\n  -   '\\n' +\n      'Node.js *\\n' +\n      '42\\n' +\n      '42\\n' +\n      '[stdin]:1\\n' +\n      'throw new Error(\"hello\")\\n' +\n      '^\\n' +\n  -   '\\n' +\n      'Error: hello\\n' +\n  -   '\\n' +\n      'Node.js *\\n' +\n      '[stdin]:1\\n' +\n      'throw new Error(\"hello\")\\n' +\n      '^\\n' +\n  -   '\\n' +\n      'Error: hello\\n' +\n  -   '\\n' +\n      'Node.js *\\n' +\n      '100\\n' +\n      '[stdin]:1\\n' +\n      'let x = 100; y = x;\\n' +\n      '               ^\\n' +\n  -   '\\n' +\n      'ReferenceError: y is not defined\\n' +\n  -   '\\n' +\n      'Node.js *\\n' +\n  -   '\\n' +\n      '[stdin]:1\\n' +\n      'let ______________________________________________; throw 10\\n' +\n      '                                                    ^\\n' +\n      '10\\n' +\n      '(Use `node --trace-uncaught ...` to show where the exception was thrown)\\n' +\n  -   '\\n' +\n      'Node.js *\\n' +\n  -   '\\n' +\n      '[stdin]:1\\n' +\n      'let ______________________________________________; throw 10\\n' +\n      '                                                    ^\\n' +\n      '10\\n' +\n      '(Use `node --trace-uncaught ...` to show where the exception was thrown)\\n' +\n  -   '\\n' +\n      'Node.js *\\n' +\n      'done\\n'\n  \n      at assertSnapshot (d:\\workspace\\node-test-binary-windows-js-suites\\node\\test\\common\\assertSnapshot.js:56:12)\n      at async Module.spawnAndAssert (d:\\workspace\\node-test-binary-windows-js-suites\\node\\test\\common\\assertSnapshot.js:91:3)\n      at async TestContext.<anonymous> (file:///d:/workspace/node-test-binary-windows-js-suites/node/test/parallel/test-node-output-eval.mjs:37:7)\n      at async Test.run (node:internal/test_runner/test:932:9)\n      at async Promise.all (index 1)\n      at async Suite.run (node:internal/test_runner/test:1310:7)\n      at async startSubtestAfterBootstrap (node:internal/test_runner/harness:297:3) {\n    generatedMessage: true,\n    code: 'ERR_ASSERTION',\n    actual: '[stdin]\\n[stdin]:1\\nwith(this){__filename}\\n^^^^\\nSyntaxError: Strict mode code may not include a with statement\\nNode.js *\\n42\\n42\\n[stdin]:1\\nthrow new Error(\"hello\")\\n...',\n    expected: '[stdin]\\n[stdin]:1\\nwith(this){__filename}\\n^^^^\\n\\nSyntaxError: Strict mode code may not include a with statement\\n\\nNode.js *\\n42\\n42\\n...',\n    operator: 'strictEqual'\n  }\n\ntest at test\\parallel\\test-node-output-eval.mjs:36:5\n✖ eval/eval_typescript.js (2839.1799ms)\n  AssertionError [ERR_ASSERTION]: Expected values to be strictly equal:\n  + actual - expected\n  ... Skipped lines\n  \n    '[eval]:1\\n' +\n      'enum Foo{};\\n' +\n      '^^^^\\n' +\n      '  x TypeScript enum is not supported in strip-only mode\\n' +\n      '   ,----\\n' +\n  ...\n      '   `----\\n' +\n  -   '\\n' +\n      'SyntaxError: Unexpected reserved word\\n' +\n  -   '\\n' +\n      'Node.js *\\n' +\n      '[eval]:1\\n' +\n      'throw new SyntaxError(\"hello\")\\n' +\n      '^\\n' +\n  -   '\\n' +\n      'SyntaxError: hello\\n' +\n  -   '\\n' +\n      'Node.js *\\n' +\n      '[eval]:1\\n' +\n      'const foo;\\n' +\n      '      ^^^\\n' +\n  -   '\\n' +\n      'SyntaxError: Missing initializer in const declaration\\n' +\n  -   '\\n' +\n      'Node.js *\\n' +\n      '100\\n' +\n      'undefined\\n' +\n      'false\\n' +\n      '[eval]:1\\n' +\n      '               ;const foo;\\n' +\n      '                      ^^^\\n' +\n  -   '\\n' +\n      'SyntaxError: Missing initializer in const declaration\\n' +\n  -   '\\n' +\n      'Node.js *\\n' +\n      '[eval]:1\\n' +\n      'function foo(){ await Promise.resolve(1)};\\n' +\n      '                ^^^^^\\n' +\n      \"  x await isn't allowed in non-async function\\n\" +\n  ...\n      '   `----\\n' +\n  -   '\\n' +\n      'Caused by:\\n' +\n      '    failed to parse\\n' +\n  -   '\\n' +\n      'SyntaxError: await is only valid in async functions and the top level bodies of modules\\n' +\n  +   'Node.js *'\n  -   '\\n' +\n  -   'Node.js *\\n'\n  \n      at assertSnapshot (d:\\workspace\\node-test-binary-windows-js-suites\\node\\test\\common\\assertSnapshot.js:56:12)\n      at async Module.spawnAndAssert (d:\\workspace\\node-test-binary-windows-js-suites\\node\\test\\common\\assertSnapshot.js:91:3)\n      at async TestContext.<anonymous> (file:///d:/workspace/node-test-binary-windows-js-suites/node/test/parallel/test-node-output-eval.mjs:37:7)\n      at async Test.run (node:internal/test_runner/test:932:9)\n      at async Promise.all (index 2)\n      at async Suite.run (node:internal/test_runner/test:1310:7)\n      at async startSubtestAfterBootstrap (node:internal/test_runner/harness:297:3) {\n    generatedMessage: true,\n    code: 'ERR_ASSERTION',\n    actual: '[eval]:1\\nenum Foo{};\\n^^^^\\n  x TypeScript enum is not supported in strip-only mode\\n   ,----\\n 1 | enum Foo{};\\n   : ^^^^^^^^^^\\n   `----\\nSyntaxError: Unexpected reserved word\\nNode.js *\\n...',\n    expected: '[eval]:1\\nenum Foo{};\\n^^^^\\n  x TypeScript enum is not supported in strip-only mode\\n   ,----\\n 1 | enum Foo{};\\n   : ^^^^^^^^^^\\n   `----\\n\\nSyntaxError: Unexpected reserved word\\n...',\n    operator: 'strictEqual'\n  }"},"time":3428,"fullname":"parallel/test-node-output-eval","closingTestPoint":false}},{"testName":"parallel/test-node-output-eval","timestamp":1735326089662,"status":"FAILED","jobName":"node-test-binary-windows-js-suites","config":"node-test-binary-windows-js-suites » 3,win2022-COMPILED_BY-vs2022 #31841","buildUrl":"https://ci.nodejs.org/job/node-test-binary-windows-js-suites/RUN_SUBSET=3,nodes=win2022-COMPILED_BY-vs2022/31841/","buildNumber":31841,"builtOn":"test-rackspace-win2022_vs2022-x64-6","nodeVersion":"24.0.0","commitHash":"be5e24383b6559229c64ba187b344e6ef1c18efa","callStack":[{"upstreamBuild":67598,"upstreamProject":"node-test-commit-windows-fanned","upstreamUrl":"job/node-test-commit-windows-fanned/"},{"upstreamBuild":76673,"upstreamProject":"node-test-commit","upstreamUrl":"job/node-test-commit/"},{"upstreamBuild":64233,"upstreamProject":"node-test-pull-request","upstreamUrl":"job/node-test-pull-request/"},{"prId":"56358"}],"tap":{"ok":false,"name":"parallel/test-node-output-eval","id":623,"buffered":false,"tapError":null,"skip":false,"todo":false,"previous":null,"plan":null,"diag":{"severity":"fail","exitcode":1,"stack":"▶ eval output\n  ✖ eval/eval_messages.js (1473.9252ms)\n    AssertionError [ERR_ASSERTION]: Expected values to be strictly equal:\n    + actual - expected\n    ... Skipped lines\n    \n      '[eval]\\n' +\n        '[eval]:1\\n' +\n        'with(this){__filename}\\n' +\n        '^^^^\\n' +\n        \"  x The 'with' statement is not supported. All symbols in a 'with' block will have type 'any'.\\n\" +\n    ...\n        '   `----\\n' +\n    -   '\\n' +\n        'Caused by:\\n' +\n        '    failed to parse\\n' +\n    -   '\\n' +\n        'SyntaxError: Strict mode code may not include a with statement\\n' +\n    -   '\\n' +\n        'Node.js *\\n' +\n        '42\\n' +\n        '42\\n' +\n        '[eval]:1\\n' +\n        'throw new Error(\"hello\")\\n' +\n        '^\\n' +\n    -   '\\n' +\n        'Error: hello\\n' +\n    -   '\\n' +\n        'Node.js *\\n' +\n        '[eval]:1\\n' +\n        'throw new Error(\"hello\")\\n' +\n        '^\\n' +\n    -   '\\n' +\n        'Error: hello\\n' +\n    -   '\\n' +\n        'Node.js *\\n' +\n        '100\\n' +\n        '[eval]:1\\n' +\n        'var x = 100; y = x;\\n' +\n        '               ^\\n' +\n    -   '\\n' +\n        'ReferenceError: y is not defined\\n' +\n    -   '\\n' +\n        'Node.js *\\n' +\n    -   '\\n' +\n        '[eval]:1\\n' +\n        'var ______________________________________________; throw 10\\n' +\n        '                                                    ^\\n' +\n        '10\\n' +\n        '(Use `node --trace-uncaught ...` to show where the exception was thrown)\\n' +\n    -   '\\n' +\n        'Node.js *\\n' +\n    -   '\\n' +\n        '[eval]:1\\n' +\n        'var ______________________________________________; throw 10\\n' +\n        '                                                    ^\\n' +\n        '10\\n' +\n        '(Use `node --trace-uncaught ...` to show where the exception was thrown)\\n' +\n    -   '\\n' +\n        'Node.js *\\n' +\n        'done\\n'\n    \n        at assertSnapshot (C:\\workspace\\node-test-binary-windows-js-suites\\node\\test\\common\\assertSnapshot.js:56:12)\n        at async Module.spawnAndAssert (C:\\workspace\\node-test-binary-windows-js-suites\\node\\test\\common\\assertSnapshot.js:91:3)\n        at async TestContext.<anonymous> (file:///C:/workspace/node-test-binary-windows-js-suites/node/test/parallel/test-node-output-eval.mjs:37:7)\n        at async Test.run (node:internal/test_runner/test:932:9)\n        at async Promise.all (index 0)\n        at async Suite.run (node:internal/test_runner/test:1310:7)\n        at async startSubtestAfterBootstrap (node:internal/test_runner/harness:297:3) {\n      generatedMessage: true,\n      code: 'ERR_ASSERTION',\n      actual: \"[eval]\\n[eval]:1\\nwith(this){__filename}\\n^^^^\\n  x The 'with' statement is not supported. All symbols in a 'with' block will have type 'any'.\\n   ,----\\n 1 | with(this){__filename}\\n   : ^^^^\\n   `----\\nCaused by:\\n...\",\n      expected: \"[eval]\\n[eval]:1\\nwith(this){__filename}\\n^^^^\\n  x The 'with' statement is not supported. All symbols in a 'with' block will have type 'any'.\\n   ,----\\n 1 | with(this){__filename}\\n   : ^^^^\\n   `----\\n\\n...\",\n      operator: 'strictEqual'\n    }\n\n  ✖ eval/stdin_messages.js (1394.1123ms)\n    AssertionError [ERR_ASSERTION]: Expected values to be strictly equal:\n    + actual - expected\n    \n      '[stdin]\\n' +\n        '[stdin]:1\\n' +\n        'with(this){__filename}\\n' +\n        '^^^^\\n' +\n    -   '\\n' +\n        'SyntaxError: Strict mode code may not include a with statement\\n' +\n    -   '\\n' +\n        'Node.js *\\n' +\n        '42\\n' +\n        '42\\n' +\n        '[stdin]:1\\n' +\n        'throw new Error(\"hello\")\\n' +\n        '^\\n' +\n    -   '\\n' +\n        'Error: hello\\n' +\n    -   '\\n' +\n        'Node.js *\\n' +\n        '[stdin]:1\\n' +\n        'throw new Error(\"hello\")\\n' +\n        '^\\n' +\n    -   '\\n' +\n        'Error: hello\\n' +\n    -   '\\n' +\n        'Node.js *\\n' +\n        '100\\n' +\n        '[stdin]:1\\n' +\n        'let x = 100; y = x;\\n' +\n        '               ^\\n' +\n    -   '\\n' +\n        'ReferenceError: y is not defined\\n' +\n    -   '\\n' +\n        'Node.js *\\n' +\n    -   '\\n' +\n        '[stdin]:1\\n' +\n        'let ______________________________________________; throw 10\\n' +\n        '                                                    ^\\n' +\n        '10\\n' +\n        '(Use `node --trace-uncaught ...` to show where the exception was thrown)\\n' +\n    -   '\\n' +\n        'Node.js *\\n' +\n    -   '\\n' +\n        '[stdin]:1\\n' +\n        'let ______________________________________________; throw 10\\n' +\n        '                                                    ^\\n' +\n        '10\\n' +\n        '(Use `node --trace-uncaught ...` to show where the exception was thrown)\\n' +\n    -   '\\n' +\n        'Node.js *\\n' +\n        'done\\n'\n    \n        at assertSnapshot (C:\\workspace\\node-test-binary-windows-js-suites\\node\\test\\common\\assertSnapshot.js:56:12)\n        at async Module.spawnAndAssert (C:\\workspace\\node-test-binary-windows-js-suites\\node\\test\\common\\assertSnapshot.js:91:3)\n        at async TestContext.<anonymous> (file:///C:/workspace/node-test-binary-windows-js-suites/node/test/parallel/test-node-output-eval.mjs:37:7)\n        at async Test.run (node:internal/test_runner/test:932:9)\n        at async Promise.all (index 1)\n        at async Suite.run (node:internal/test_runner/test:1310:7)\n        at async startSubtestAfterBootstrap (node:internal/test_runner/harness:297:3) {\n      generatedMessage: true,\n      code: 'ERR_ASSERTION',\n      actual: '[stdin]\\n[stdin]:1\\nwith(this){__filename}\\n^^^^\\nSyntaxError: Strict mode code may not include a with statement\\nNode.js *\\n42\\n42\\n[stdin]:1\\nthrow new Error(\"hello\")\\n...',\n      expected: '[stdin]\\n[stdin]:1\\nwith(this){__filename}\\n^^^^\\n\\nSyntaxError: Strict mode code may not include a with statement\\n\\nNode.js *\\n42\\n42\\n...',\n      operator: 'strictEqual'\n    }\n\n  ✖ eval/eval_typescript.js (1573.5671ms)\n    AssertionError [ERR_ASSERTION]: Expected values to be strictly equal:\n    + actual - expected\n    ... Skipped lines\n    \n      '[eval]:1\\n' +\n        'enum Foo{};\\n' +\n        '^^^^\\n' +\n        '  x TypeScript enum is not supported in strip-only mode\\n' +\n        '   ,----\\n' +\n    ...\n        '   `----\\n' +\n    -   '\\n' +\n        'SyntaxError: Unexpected reserved word\\n' +\n    -   '\\n' +\n        'Node.js *\\n' +\n        '[eval]:1\\n' +\n        'throw new SyntaxError(\"hello\")\\n' +\n        '^\\n' +\n    -   '\\n' +\n        'SyntaxError: hello\\n' +\n    -   '\\n' +\n        'Node.js *\\n' +\n        '[eval]:1\\n' +\n        'const foo;\\n' +\n        '      ^^^\\n' +\n    -   '\\n' +\n        'SyntaxError: Missing initializer in const declaration\\n' +\n    -   '\\n' +\n        'Node.js *\\n' +\n        '100\\n' +\n        'undefined\\n' +\n        'false\\n' +\n        '[eval]:1\\n' +\n        '               ;const foo;\\n' +\n        '                      ^^^\\n' +\n    -   '\\n' +\n        'SyntaxError: Missing initializer in const declaration\\n' +\n    -   '\\n' +\n        'Node.js *\\n' +\n        '[eval]:1\\n' +\n        'function foo(){ await Promise.resolve(1)};\\n' +\n        '                ^^^^^\\n' +\n        \"  x await isn't allowed in non-async function\\n\" +\n    ...\n        '   `----\\n' +\n    -   '\\n' +\n        'Caused by:\\n' +\n        '    failed to parse\\n' +\n    -   '\\n' +\n        'SyntaxError: await is only valid in async functions and the top level bodies of modules\\n' +\n    +   'Node.js *'\n    -   '\\n' +\n    -   'Node.js *\\n'\n    \n        at assertSnapshot (C:\\workspace\\node-test-binary-windows-js-suites\\node\\test\\common\\assertSnapshot.js:56:12)\n        at async Module.spawnAndAssert (C:\\workspace\\node-test-binary-windows-js-suites\\node\\test\\common\\assertSnapshot.js:91:3)\n        at async TestContext.<anonymous> (file:///C:/workspace/node-test-binary-windows-js-suites/node/test/parallel/test-node-output-eval.mjs:37:7)\n        at async Test.run (node:internal/test_runner/test:932:9)\n        at async Promise.all (index 2)\n        at async Suite.run (node:internal/test_runner/test:1310:7)\n        at async startSubtestAfterBootstrap (node:internal/test_runner/harness:297:3) {\n      generatedMessage: true,\n      code: 'ERR_ASSERTION',\n      actual: '[eval]:1\\nenum Foo{};\\n^^^^\\n  x TypeScript enum is not supported in strip-only mode\\n   ,----\\n 1 | enum Foo{};\\n   : ^^^^^^^^^^\\n   `----\\nSyntaxError: Unexpected reserved word\\nNode.js *\\n...',\n      expected: '[eval]:1\\nenum Foo{};\\n^^^^\\n  x TypeScript enum is not supported in strip-only mode\\n   ,----\\n 1 | enum Foo{};\\n   : ^^^^^^^^^^\\n   `----\\n\\nSyntaxError: Unexpected reserved word\\n...',\n      operator: 'strictEqual'\n    }\n\n✖ eval output (1663.1744ms)\nℹ tests 3\nℹ suites 1\nℹ pass 0\nℹ fail 3\nℹ cancelled 0\nℹ skipped 0\nℹ todo 0\nℹ duration_ms 1675.618\n\n✖ failing tests:\n\ntest at test\\parallel\\test-node-output-eval.mjs:36:5\n✖ eval/eval_messages.js (1473.9252ms)\n  AssertionError [ERR_ASSERTION]: Expected values to be strictly equal:\n  + actual - expected\n  ... Skipped lines\n  \n    '[eval]\\n' +\n      '[eval]:1\\n' +\n      'with(this){__filename}\\n' +\n      '^^^^\\n' +\n      \"  x The 'with' statement is not supported. All symbols in a 'with' block will have type 'any'.\\n\" +\n  ...\n      '   `----\\n' +\n  -   '\\n' +\n      'Caused by:\\n' +\n      '    failed to parse\\n' +\n  -   '\\n' +\n      'SyntaxError: Strict mode code may not include a with statement\\n' +\n  -   '\\n' +\n      'Node.js *\\n' +\n      '42\\n' +\n      '42\\n' +\n      '[eval]:1\\n' +\n      'throw new Error(\"hello\")\\n' +\n      '^\\n' +\n  -   '\\n' +\n      'Error: hello\\n' +\n  -   '\\n' +\n      'Node.js *\\n' +\n      '[eval]:1\\n' +\n      'throw new Error(\"hello\")\\n' +\n      '^\\n' +\n  -   '\\n' +\n      'Error: hello\\n' +\n  -   '\\n' +\n      'Node.js *\\n' +\n      '100\\n' +\n      '[eval]:1\\n' +\n      'var x = 100; y = x;\\n' +\n      '               ^\\n' +\n  -   '\\n' +\n      'ReferenceError: y is not defined\\n' +\n  -   '\\n' +\n      'Node.js *\\n' +\n  -   '\\n' +\n      '[eval]:1\\n' +\n      'var ______________________________________________; throw 10\\n' +\n      '                                                    ^\\n' +\n      '10\\n' +\n      '(Use `node --trace-uncaught ...` to show where the exception was thrown)\\n' +\n  -   '\\n' +\n      'Node.js *\\n' +\n  -   '\\n' +\n      '[eval]:1\\n' +\n      'var ______________________________________________; throw 10\\n' +\n      '                                                    ^\\n' +\n      '10\\n' +\n      '(Use `node --trace-uncaught ...` to show where the exception was thrown)\\n' +\n  -   '\\n' +\n      'Node.js *\\n' +\n      'done\\n'\n  \n      at assertSnapshot (C:\\workspace\\node-test-binary-windows-js-suites\\node\\test\\common\\assertSnapshot.js:56:12)\n      at async Module.spawnAndAssert (C:\\workspace\\node-test-binary-windows-js-suites\\node\\test\\common\\assertSnapshot.js:91:3)\n      at async TestContext.<anonymous> (file:///C:/workspace/node-test-binary-windows-js-suites/node/test/parallel/test-node-output-eval.mjs:37:7)\n      at async Test.run (node:internal/test_runner/test:932:9)\n      at async Promise.all (index 0)\n      at async Suite.run (node:internal/test_runner/test:1310:7)\n      at async startSubtestAfterBootstrap (node:internal/test_runner/harness:297:3) {\n    generatedMessage: true,\n    code: 'ERR_ASSERTION',\n    actual: \"[eval]\\n[eval]:1\\nwith(this){__filename}\\n^^^^\\n  x The 'with' statement is not supported. All symbols in a 'with' block will have type 'any'.\\n   ,----\\n 1 | with(this){__filename}\\n   : ^^^^\\n   `----\\nCaused by:\\n...\",\n    expected: \"[eval]\\n[eval]:1\\nwith(this){__filename}\\n^^^^\\n  x The 'with' statement is not supported. All symbols in a 'with' block will have type 'any'.\\n   ,----\\n 1 | with(this){__filename}\\n   : ^^^^\\n   `----\\n\\n...\",\n    operator: 'strictEqual'\n  }\n\ntest at test\\parallel\\test-node-output-eval.mjs:36:5\n✖ eval/stdin_messages.js (1394.1123ms)\n  AssertionError [ERR_ASSERTION]: Expected values to be strictly equal:\n  + actual - expected\n  \n    '[stdin]\\n' +\n      '[stdin]:1\\n' +\n      'with(this){__filename}\\n' +\n      '^^^^\\n' +\n  -   '\\n' +\n      'SyntaxError: Strict mode code may not include a with statement\\n' +\n  -   '\\n' +\n      'Node.js *\\n' +\n      '42\\n' +\n      '42\\n' +\n      '[stdin]:1\\n' +\n      'throw new Error(\"hello\")\\n' +\n      '^\\n' +\n  -   '\\n' +\n      'Error: hello\\n' +\n  -   '\\n' +\n      'Node.js *\\n' +\n      '[stdin]:1\\n' +\n      'throw new Error(\"hello\")\\n' +\n      '^\\n' +\n  -   '\\n' +\n      'Error: hello\\n' +\n  -   '\\n' +\n      'Node.js *\\n' +\n      '100\\n' +\n      '[stdin]:1\\n' +\n      'let x = 100; y = x;\\n' +\n      '               ^\\n' +\n  -   '\\n' +\n      'ReferenceError: y is not defined\\n' +\n  -   '\\n' +\n      'Node.js *\\n' +\n  -   '\\n' +\n      '[stdin]:1\\n' +\n      'let ______________________________________________; throw 10\\n' +\n      '                                                    ^\\n' +\n      '10\\n' +\n      '(Use `node --trace-uncaught ...` to show where the exception was thrown)\\n' +\n  -   '\\n' +\n      'Node.js *\\n' +\n  -   '\\n' +\n      '[stdin]:1\\n' +\n      'let ______________________________________________; throw 10\\n' +\n      '                                                    ^\\n' +\n      '10\\n' +\n      '(Use `node --trace-uncaught ...` to show where the exception was thrown)\\n' +\n  -   '\\n' +\n      'Node.js *\\n' +\n      'done\\n'\n  \n      at assertSnapshot (C:\\workspace\\node-test-binary-windows-js-suites\\node\\test\\common\\assertSnapshot.js:56:12)\n      at async Module.spawnAndAssert (C:\\workspace\\node-test-binary-windows-js-suites\\node\\test\\common\\assertSnapshot.js:91:3)\n      at async TestContext.<anonymous> (file:///C:/workspace/node-test-binary-windows-js-suites/node/test/parallel/test-node-output-eval.mjs:37:7)\n      at async Test.run (node:internal/test_runner/test:932:9)\n      at async Promise.all (index 1)\n      at async Suite.run (node:internal/test_runner/test:1310:7)\n      at async startSubtestAfterBootstrap (node:internal/test_runner/harness:297:3) {\n    generatedMessage: true,\n    code: 'ERR_ASSERTION',\n    actual: '[stdin]\\n[stdin]:1\\nwith(this){__filename}\\n^^^^\\nSyntaxError: Strict mode code may not include a with statement\\nNode.js *\\n42\\n42\\n[stdin]:1\\nthrow new Error(\"hello\")\\n...',\n    expected: '[stdin]\\n[stdin]:1\\nwith(this){__filename}\\n^^^^\\n\\nSyntaxError: Strict mode code may not include a with statement\\n\\nNode.js *\\n42\\n42\\n...',\n    operator: 'strictEqual'\n  }\n\ntest at test\\parallel\\test-node-output-eval.mjs:36:5\n✖ eval/eval_typescript.js (1573.5671ms)\n  AssertionError [ERR_ASSERTION]: Expected values to be strictly equal:\n  + actual - expected\n  ... Skipped lines\n  \n    '[eval]:1\\n' +\n      'enum Foo{};\\n' +\n      '^^^^\\n' +\n      '  x TypeScript enum is not supported in strip-only mode\\n' +\n      '   ,----\\n' +\n  ...\n      '   `----\\n' +\n  -   '\\n' +\n      'SyntaxError: Unexpected reserved word\\n' +\n  -   '\\n' +\n      'Node.js *\\n' +\n      '[eval]:1\\n' +\n      'throw new SyntaxError(\"hello\")\\n' +\n      '^\\n' +\n  -   '\\n' +\n      'SyntaxError: hello\\n' +\n  -   '\\n' +\n      'Node.js *\\n' +\n      '[eval]:1\\n' +\n      'const foo;\\n' +\n      '      ^^^\\n' +\n  -   '\\n' +\n      'SyntaxError: Missing initializer in const declaration\\n' +\n  -   '\\n' +\n      'Node.js *\\n' +\n      '100\\n' +\n      'undefined\\n' +\n      'false\\n' +\n      '[eval]:1\\n' +\n      '               ;const foo;\\n' +\n      '                      ^^^\\n' +\n  -   '\\n' +\n      'SyntaxError: Missing initializer in const declaration\\n' +\n  -   '\\n' +\n      'Node.js *\\n' +\n      '[eval]:1\\n' +\n      'function foo(){ await Promise.resolve(1)};\\n' +\n      '                ^^^^^\\n' +\n      \"  x await isn't allowed in non-async function\\n\" +\n  ...\n      '   `----\\n' +\n  -   '\\n' +\n      'Caused by:\\n' +\n      '    failed to parse\\n' +\n  -   '\\n' +\n      'SyntaxError: await is only valid in async functions and the top level bodies of modules\\n' +\n  +   'Node.js *'\n  -   '\\n' +\n  -   'Node.js *\\n'\n  \n      at assertSnapshot (C:\\workspace\\node-test-binary-windows-js-suites\\node\\test\\common\\assertSnapshot.js:56:12)\n      at async Module.spawnAndAssert (C:\\workspace\\node-test-binary-windows-js-suites\\node\\test\\common\\assertSnapshot.js:91:3)\n      at async TestContext.<anonymous> (file:///C:/workspace/node-test-binary-windows-js-suites/node/test/parallel/test-node-output-eval.mjs:37:7)\n      at async Test.run (node:internal/test_runner/test:932:9)\n      at async Promise.all (index 2)\n      at async Suite.run (node:internal/test_runner/test:1310:7)\n      at async startSubtestAfterBootstrap (node:internal/test_runner/harness:297:3) {\n    generatedMessage: true,\n    code: 'ERR_ASSERTION',\n    actual: '[eval]:1\\nenum Foo{};\\n^^^^\\n  x TypeScript enum is not supported in strip-only mode\\n   ,----\\n 1 | enum Foo{};\\n   : ^^^^^^^^^^\\n   `----\\nSyntaxError: Unexpected reserved word\\nNode.js *\\n...',\n    expected: '[eval]:1\\nenum Foo{};\\n^^^^\\n  x TypeScript enum is not supported in strip-only mode\\n   ,----\\n 1 | enum Foo{};\\n   : ^^^^^^^^^^\\n   `----\\n\\nSyntaxError: Unexpected reserved word\\n...',\n    operator: 'strictEqual'\n  }"},"time":2074.027,"fullname":"parallel/test-node-output-eval","closingTestPoint":false}},{"testName":"parallel/test-node-output-eval","timestamp":1735326089662,"status":"FAILED","jobName":"node-test-binary-windows-js-suites","config":"node-test-binary-windows-js-suites » 3,win10-COMPILED_BY-vs2022 #31841","buildUrl":"https://ci.nodejs.org/job/node-test-binary-windows-js-suites/RUN_SUBSET=3,nodes=win10-COMPILED_BY-vs2022/31841/","buildNumber":31841,"builtOn":"test-azure_msft-win10_vs2019-x64-2","nodeVersion":"24.0.0","commitHash":"be5e24383b6559229c64ba187b344e6ef1c18efa","callStack":[{"upstreamBuild":67598,"upstreamProject":"node-test-commit-windows-fanned","upstreamUrl":"job/node-test-commit-windows-fanned/"},{"upstreamBuild":76673,"upstreamProject":"node-test-commit","upstreamUrl":"job/node-test-commit/"},{"upstreamBuild":64233,"upstreamProject":"node-test-pull-request","upstreamUrl":"job/node-test-pull-request/"},{"prId":"56358"}],"tap":{"ok":false,"name":"parallel/test-node-output-eval","id":607,"buffered":false,"tapError":null,"skip":false,"todo":false,"previous":null,"plan":null,"diag":{"severity":"fail","exitcode":1,"stack":"▶ eval output\n  ✖ eval/eval_messages.js (935.0461ms)\n    AssertionError [ERR_ASSERTION]: Expected values to be strictly equal:\n    + actual - expected\n    ... Skipped lines\n    \n      '[eval]\\n' +\n        '[eval]:1\\n' +\n        'with(this){__filename}\\n' +\n        '^^^^\\n' +\n        \"  x The 'with' statement is not supported. All symbols in a 'with' block will have type 'any'.\\n\" +\n    ...\n        '   `----\\n' +\n    -   '\\n' +\n        'Caused by:\\n' +\n        '    failed to parse\\n' +\n    -   '\\n' +\n        'SyntaxError: Strict mode code may not include a with statement\\n' +\n    -   '\\n' +\n        'Node.js *\\n' +\n        '42\\n' +\n        '42\\n' +\n        '[eval]:1\\n' +\n        'throw new Error(\"hello\")\\n' +\n        '^\\n' +\n    -   '\\n' +\n        'Error: hello\\n' +\n    -   '\\n' +\n        'Node.js *\\n' +\n        '[eval]:1\\n' +\n        'throw new Error(\"hello\")\\n' +\n        '^\\n' +\n    -   '\\n' +\n        'Error: hello\\n' +\n    -   '\\n' +\n        'Node.js *\\n' +\n        '100\\n' +\n        '[eval]:1\\n' +\n        'var x = 100; y = x;\\n' +\n        '               ^\\n' +\n    -   '\\n' +\n        'ReferenceError: y is not defined\\n' +\n    -   '\\n' +\n        'Node.js *\\n' +\n    -   '\\n' +\n        '[eval]:1\\n' +\n        'var ______________________________________________; throw 10\\n' +\n        '                                                    ^\\n' +\n        '10\\n' +\n        '(Use `node --trace-uncaught ...` to show where the exception was thrown)\\n' +\n    -   '\\n' +\n        'Node.js *\\n' +\n    -   '\\n' +\n        '[eval]:1\\n' +\n        'var ______________________________________________; throw 10\\n' +\n        '                                                    ^\\n' +\n        '10\\n' +\n        '(Use `node --trace-uncaught ...` to show where the exception was thrown)\\n' +\n    -   '\\n' +\n        'Node.js *\\n' +\n        'done\\n'\n    \n        at assertSnapshot (c:\\workspace\\node-test-binary-windows-js-suites\\node\\test\\common\\assertSnapshot.js:56:12)\n        at async Module.spawnAndAssert (c:\\workspace\\node-test-binary-windows-js-suites\\node\\test\\common\\assertSnapshot.js:91:3)\n        at async TestContext.<anonymous> (file:///c:/workspace/node-test-binary-windows-js-suites/node/test/parallel/test-node-output-eval.mjs:37:7)\n        at async Test.run (node:internal/test_runner/test:932:9)\n        at async Promise.all (index 0)\n        at async Suite.run (node:internal/test_runner/test:1310:7)\n        at async startSubtestAfterBootstrap (node:internal/test_runner/harness:297:3) {\n      generatedMessage: true,\n      code: 'ERR_ASSERTION',\n      actual: \"[eval]\\n[eval]:1\\nwith(this){__filename}\\n^^^^\\n  x The 'with' statement is not supported. All symbols in a 'with' block will have type 'any'.\\n   ,----\\n 1 | with(this){__filename}\\n   : ^^^^\\n   `----\\nCaused by:\\n...\",\n      expected: \"[eval]\\n[eval]:1\\nwith(this){__filename}\\n^^^^\\n  x The 'with' statement is not supported. All symbols in a 'with' block will have type 'any'.\\n   ,----\\n 1 | with(this){__filename}\\n   : ^^^^\\n   `----\\n\\n...\",\n      operator: 'strictEqual'\n    }\n\n  ✖ eval/stdin_messages.js (864.4993ms)\n    AssertionError [ERR_ASSERTION]: Expected values to be strictly equal:\n    + actual - expected\n    \n      '[stdin]\\n' +\n        '[stdin]:1\\n' +\n        'with(this){__filename}\\n' +\n        '^^^^\\n' +\n    -   '\\n' +\n        'SyntaxError: Strict mode code may not include a with statement\\n' +\n    -   '\\n' +\n        'Node.js *\\n' +\n        '42\\n' +\n        '42\\n' +\n        '[stdin]:1\\n' +\n        'throw new Error(\"hello\")\\n' +\n        '^\\n' +\n    -   '\\n' +\n        'Error: hello\\n' +\n    -   '\\n' +\n        'Node.js *\\n' +\n        '[stdin]:1\\n' +\n        'throw new Error(\"hello\")\\n' +\n        '^\\n' +\n    -   '\\n' +\n        'Error: hello\\n' +\n    -   '\\n' +\n        'Node.js *\\n' +\n        '100\\n' +\n        '[stdin]:1\\n' +\n        'let x = 100; y = x;\\n' +\n        '               ^\\n' +\n    -   '\\n' +\n        'ReferenceError: y is not defined\\n' +\n    -   '\\n' +\n        'Node.js *\\n' +\n    -   '\\n' +\n        '[stdin]:1\\n' +\n        'let ______________________________________________; throw 10\\n' +\n        '                                                    ^\\n' +\n        '10\\n' +\n        '(Use `node --trace-uncaught ...` to show where the exception was thrown)\\n' +\n    -   '\\n' +\n        'Node.js *\\n' +\n    -   '\\n' +\n        '[stdin]:1\\n' +\n        'let ______________________________________________; throw 10\\n' +\n        '                                                    ^\\n' +\n        '10\\n' +\n        '(Use `node --trace-uncaught ...` to show where the exception was thrown)\\n' +\n    -   '\\n' +\n        'Node.js *\\n' +\n        'done\\n'\n    \n        at assertSnapshot (c:\\workspace\\node-test-binary-windows-js-suites\\node\\test\\common\\assertSnapshot.js:56:12)\n        at async Module.spawnAndAssert (c:\\workspace\\node-test-binary-windows-js-suites\\node\\test\\common\\assertSnapshot.js:91:3)\n        at async TestContext.<anonymous> (file:///c:/workspace/node-test-binary-windows-js-suites/node/test/parallel/test-node-output-eval.mjs:37:7)\n        at async Test.run (node:internal/test_runner/test:932:9)\n        at async Promise.all (index 1)\n        at async Suite.run (node:internal/test_runner/test:1310:7)\n        at async startSubtestAfterBootstrap (node:internal/test_runner/harness:297:3) {\n      generatedMessage: true,\n      code: 'ERR_ASSERTION',\n      actual: '[stdin]\\n[stdin]:1\\nwith(this){__filename}\\n^^^^\\nSyntaxError: Strict mode code may not include a with statement\\nNode.js *\\n42\\n42\\n[stdin]:1\\nthrow new Error(\"hello\")\\n...',\n      expected: '[stdin]\\n[stdin]:1\\nwith(this){__filename}\\n^^^^\\n\\nSyntaxError: Strict mode code may not include a with statement\\n\\nNode.js *\\n42\\n42\\n...',\n      operator: 'strictEqual'\n    }\n\n  ✖ eval/eval_typescript.js (994.8714ms)\n    AssertionError [ERR_ASSERTION]: Expected values to be strictly equal:\n    + actual - expected\n    ... Skipped lines\n    \n      '[eval]:1\\n' +\n        'enum Foo{};\\n' +\n        '^^^^\\n' +\n        '  x TypeScript enum is not supported in strip-only mode\\n' +\n        '   ,----\\n' +\n    ...\n        '   `----\\n' +\n    -   '\\n' +\n        'SyntaxError: Unexpected reserved word\\n' +\n    -   '\\n' +\n        'Node.js *\\n' +\n        '[eval]:1\\n' +\n        'throw new SyntaxError(\"hello\")\\n' +\n        '^\\n' +\n    -   '\\n' +\n        'SyntaxError: hello\\n' +\n    -   '\\n' +\n        'Node.js *\\n' +\n        '[eval]:1\\n' +\n        'const foo;\\n' +\n        '      ^^^\\n' +\n    -   '\\n' +\n        'SyntaxError: Missing initializer in const declaration\\n' +\n    -   '\\n' +\n        'Node.js *\\n' +\n        '100\\n' +\n        'undefined\\n' +\n        'false\\n' +\n        '[eval]:1\\n' +\n        '               ;const foo;\\n' +\n        '                      ^^^\\n' +\n    -   '\\n' +\n        'SyntaxError: Missing initializer in const declaration\\n' +\n    -   '\\n' +\n        'Node.js *\\n' +\n        '[eval]:1\\n' +\n        'function foo(){ await Promise.resolve(1)};\\n' +\n        '                ^^^^^\\n' +\n        \"  x await isn't allowed in non-async function\\n\" +\n    ...\n        '   `----\\n' +\n    -   '\\n' +\n        'Caused by:\\n' +\n        '    failed to parse\\n' +\n    -   '\\n' +\n        'SyntaxError: await is only valid in async functions and the top level bodies of modules\\n' +\n    +   'Node.js *'\n    -   '\\n' +\n    -   'Node.js *\\n'\n    \n        at assertSnapshot (c:\\workspace\\node-test-binary-windows-js-suites\\node\\test\\common\\assertSnapshot.js:56:12)\n        at async Module.spawnAndAssert (c:\\workspace\\node-test-binary-windows-js-suites\\node\\test\\common\\assertSnapshot.js:91:3)\n        at async TestContext.<anonymous> (file:///c:/workspace/node-test-binary-windows-js-suites/node/test/parallel/test-node-output-eval.mjs:37:7)\n        at async Test.run (node:internal/test_runner/test:932:9)\n        at async Promise.all (index 2)\n        at async Suite.run (node:internal/test_runner/test:1310:7)\n        at async startSubtestAfterBootstrap (node:internal/test_runner/harness:297:3) {\n      generatedMessage: true,\n      code: 'ERR_ASSERTION',\n      actual: '[eval]:1\\nenum Foo{};\\n^^^^\\n  x TypeScript enum is not supported in strip-only mode\\n   ,----\\n 1 | enum Foo{};\\n   : ^^^^^^^^^^\\n   `----\\nSyntaxError: Unexpected reserved word\\nNode.js *\\n...',\n      expected: '[eval]:1\\nenum Foo{};\\n^^^^\\n  x TypeScript enum is not supported in strip-only mode\\n   ,----\\n 1 | enum Foo{};\\n   : ^^^^^^^^^^\\n   `----\\n\\nSyntaxError: Unexpected reserved word\\n...',\n      operator: 'strictEqual'\n    }\n\n✖ eval output (1048.137ms)\nℹ tests 3\nℹ suites 1\nℹ pass 0\nℹ fail 3\nℹ cancelled 0\nℹ skipped 0\nℹ todo 0\nℹ duration_ms 1054.7301\n\n✖ failing tests:\n\ntest at test\\parallel\\test-node-output-eval.mjs:36:5\n✖ eval/eval_messages.js (935.0461ms)\n  AssertionError [ERR_ASSERTION]: Expected values to be strictly equal:\n  + actual - expected\n  ... Skipped lines\n  \n    '[eval]\\n' +\n      '[eval]:1\\n' +\n      'with(this){__filename}\\n' +\n      '^^^^\\n' +\n      \"  x The 'with' statement is not supported. All symbols in a 'with' block will have type 'any'.\\n\" +\n  ...\n      '   `----\\n' +\n  -   '\\n' +\n      'Caused by:\\n' +\n      '    failed to parse\\n' +\n  -   '\\n' +\n      'SyntaxError: Strict mode code may not include a with statement\\n' +\n  -   '\\n' +\n      'Node.js *\\n' +\n      '42\\n' +\n      '42\\n' +\n      '[eval]:1\\n' +\n      'throw new Error(\"hello\")\\n' +\n      '^\\n' +\n  -   '\\n' +\n      'Error: hello\\n' +\n  -   '\\n' +\n      'Node.js *\\n' +\n      '[eval]:1\\n' +\n      'throw new Error(\"hello\")\\n' +\n      '^\\n' +\n  -   '\\n' +\n      'Error: hello\\n' +\n  -   '\\n' +\n      'Node.js *\\n' +\n      '100\\n' +\n      '[eval]:1\\n' +\n      'var x = 100; y = x;\\n' +\n      '               ^\\n' +\n  -   '\\n' +\n      'ReferenceError: y is not defined\\n' +\n  -   '\\n' +\n      'Node.js *\\n' +\n  -   '\\n' +\n      '[eval]:1\\n' +\n      'var ______________________________________________; throw 10\\n' +\n      '                                                    ^\\n' +\n      '10\\n' +\n      '(Use `node --trace-uncaught ...` to show where the exception was thrown)\\n' +\n  -   '\\n' +\n      'Node.js *\\n' +\n  -   '\\n' +\n      '[eval]:1\\n' +\n      'var ______________________________________________; throw 10\\n' +\n      '                                                    ^\\n' +\n      '10\\n' +\n      '(Use `node --trace-uncaught ...` to show where the exception was thrown)\\n' +\n  -   '\\n' +\n      'Node.js *\\n' +\n      'done\\n'\n  \n      at assertSnapshot (c:\\workspace\\node-test-binary-windows-js-suites\\node\\test\\common\\assertSnapshot.js:56:12)\n      at async Module.spawnAndAssert (c:\\workspace\\node-test-binary-windows-js-suites\\node\\test\\common\\assertSnapshot.js:91:3)\n      at async TestContext.<anonymous> (file:///c:/workspace/node-test-binary-windows-js-suites/node/test/parallel/test-node-output-eval.mjs:37:7)\n      at async Test.run (node:internal/test_runner/test:932:9)\n      at async Promise.all (index 0)\n      at async Suite.run (node:internal/test_runner/test:1310:7)\n      at async startSubtestAfterBootstrap (node:internal/test_runner/harness:297:3) {\n    generatedMessage: true,\n    code: 'ERR_ASSERTION',\n    actual: \"[eval]\\n[eval]:1\\nwith(this){__filename}\\n^^^^\\n  x The 'with' statement is not supported. All symbols in a 'with' block will have type 'any'.\\n   ,----\\n 1 | with(this){__filename}\\n   : ^^^^\\n   `----\\nCaused by:\\n...\",\n    expected: \"[eval]\\n[eval]:1\\nwith(this){__filename}\\n^^^^\\n  x The 'with' statement is not supported. All symbols in a 'with' block will have type 'any'.\\n   ,----\\n 1 | with(this){__filename}\\n   : ^^^^\\n   `----\\n\\n...\",\n    operator: 'strictEqual'\n  }\n\ntest at test\\parallel\\test-node-output-eval.mjs:36:5\n✖ eval/stdin_messages.js (864.4993ms)\n  AssertionError [ERR_ASSERTION]: Expected values to be strictly equal:\n  + actual - expected\n  \n    '[stdin]\\n' +\n      '[stdin]:1\\n' +\n      'with(this){__filename}\\n' +\n      '^^^^\\n' +\n  -   '\\n' +\n      'SyntaxError: Strict mode code may not include a with statement\\n' +\n  -   '\\n' +\n      'Node.js *\\n' +\n      '42\\n' +\n      '42\\n' +\n      '[stdin]:1\\n' +\n      'throw new Error(\"hello\")\\n' +\n      '^\\n' +\n  -   '\\n' +\n      'Error: hello\\n' +\n  -   '\\n' +\n      'Node.js *\\n' +\n      '[stdin]:1\\n' +\n      'throw new Error(\"hello\")\\n' +\n      '^\\n' +\n  -   '\\n' +\n      'Error: hello\\n' +\n  -   '\\n' +\n      'Node.js *\\n' +\n      '100\\n' +\n      '[stdin]:1\\n' +\n      'let x = 100; y = x;\\n' +\n      '               ^\\n' +\n  -   '\\n' +\n      'ReferenceError: y is not defined\\n' +\n  -   '\\n' +\n      'Node.js *\\n' +\n  -   '\\n' +\n      '[stdin]:1\\n' +\n      'let ______________________________________________; throw 10\\n' +\n      '                                                    ^\\n' +\n      '10\\n' +\n      '(Use `node --trace-uncaught ...` to show where the exception was thrown)\\n' +\n  -   '\\n' +\n      'Node.js *\\n' +\n  -   '\\n' +\n      '[stdin]:1\\n' +\n      'let ______________________________________________; throw 10\\n' +\n      '                                                    ^\\n' +\n      '10\\n' +\n      '(Use `node --trace-uncaught ...` to show where the exception was thrown)\\n' +\n  -   '\\n' +\n      'Node.js *\\n' +\n      'done\\n'\n  \n      at assertSnapshot (c:\\workspace\\node-test-binary-windows-js-suites\\node\\test\\common\\assertSnapshot.js:56:12)\n      at async Module.spawnAndAssert (c:\\workspace\\node-test-binary-windows-js-suites\\node\\test\\common\\assertSnapshot.js:91:3)\n      at async TestContext.<anonymous> (file:///c:/workspace/node-test-binary-windows-js-suites/node/test/parallel/test-node-output-eval.mjs:37:7)\n      at async Test.run (node:internal/test_runner/test:932:9)\n      at async Promise.all (index 1)\n      at async Suite.run (node:internal/test_runner/test:1310:7)\n      at async startSubtestAfterBootstrap (node:internal/test_runner/harness:297:3) {\n    generatedMessage: true,\n    code: 'ERR_ASSERTION',\n    actual: '[stdin]\\n[stdin]:1\\nwith(this){__filename}\\n^^^^\\nSyntaxError: Strict mode code may not include a with statement\\nNode.js *\\n42\\n42\\n[stdin]:1\\nthrow new Error(\"hello\")\\n...',\n    expected: '[stdin]\\n[stdin]:1\\nwith(this){__filename}\\n^^^^\\n\\nSyntaxError: Strict mode code may not include a with statement\\n\\nNode.js *\\n42\\n42\\n...',\n    operator: 'strictEqual'\n  }\n\ntest at test\\parallel\\test-node-output-eval.mjs:36:5\n✖ eval/eval_typescript.js (994.8714ms)\n  AssertionError [ERR_ASSERTION]: Expected values to be strictly equal:\n  + actual - expected\n  ... Skipped lines\n  \n    '[eval]:1\\n' +\n      'enum Foo{};\\n' +\n      '^^^^\\n' +\n      '  x TypeScript enum is not supported in strip-only mode\\n' +\n      '   ,----\\n' +\n  ...\n      '   `----\\n' +\n  -   '\\n' +\n      'SyntaxError: Unexpected reserved word\\n' +\n  -   '\\n' +\n      'Node.js *\\n' +\n      '[eval]:1\\n' +\n      'throw new SyntaxError(\"hello\")\\n' +\n      '^\\n' +\n  -   '\\n' +\n      'SyntaxError: hello\\n' +\n  -   '\\n' +\n      'Node.js *\\n' +\n      '[eval]:1\\n' +\n      'const foo;\\n' +\n      '      ^^^\\n' +\n  -   '\\n' +\n      'SyntaxError: Missing initializer in const declaration\\n' +\n  -   '\\n' +\n      'Node.js *\\n' +\n      '100\\n' +\n      'undefined\\n' +\n      'false\\n' +\n      '[eval]:1\\n' +\n      '               ;const foo;\\n' +\n      '                      ^^^\\n' +\n  -   '\\n' +\n      'SyntaxError: Missing initializer in const declaration\\n' +\n  -   '\\n' +\n      'Node.js *\\n' +\n      '[eval]:1\\n' +\n      'function foo(){ await Promise.resolve(1)};\\n' +\n      '                ^^^^^\\n' +\n      \"  x await isn't allowed in non-async function\\n\" +\n  ...\n      '   `----\\n' +\n  -   '\\n' +\n      'Caused by:\\n' +\n      '    failed to parse\\n' +\n  -   '\\n' +\n      'SyntaxError: await is only valid in async functions and the top level bodies of modules\\n' +\n  +   'Node.js *'\n  -   '\\n' +\n  -   'Node.js *\\n'\n  \n      at assertSnapshot (c:\\workspace\\node-test-binary-windows-js-suites\\node\\test\\common\\assertSnapshot.js:56:12)\n      at async Module.spawnAndAssert (c:\\workspace\\node-test-binary-windows-js-suites\\node\\test\\common\\assertSnapshot.js:91:3)\n      at async TestContext.<anonymous> (file:///c:/workspace/node-test-binary-windows-js-suites/node/test/parallel/test-node-output-eval.mjs:37:7)\n      at async Test.run (node:internal/test_runner/test:932:9)\n      at async Promise.all (index 2)\n      at async Suite.run (node:internal/test_runner/test:1310:7)\n      at async startSubtestAfterBootstrap (node:internal/test_runner/harness:297:3) {\n    generatedMessage: true,\n    code: 'ERR_ASSERTION',\n    actual: '[eval]:1\\nenum Foo{};\\n^^^^\\n  x TypeScript enum is not supported in strip-only mode\\n   ,----\\n 1 | enum Foo{};\\n   : ^^^^^^^^^^\\n   `----\\nSyntaxError: Unexpected reserved word\\nNode.js *\\n...',\n    expected: '[eval]:1\\nenum Foo{};\\n^^^^\\n  x TypeScript enum is not supported in strip-only mode\\n   ,----\\n 1 | enum Foo{};\\n   : ^^^^^^^^^^\\n   `----\\n\\nSyntaxError: Unexpected reserved word\\n...',\n    operator: 'strictEqual'\n  }"},"time":1386.375,"fullname":"parallel/test-node-output-eval","closingTestPoint":false}},{"testName":"parallel/test-node-output-eval","timestamp":1735326089662,"status":"FAILED","jobName":"node-test-binary-windows-js-suites","config":"node-test-binary-windows-js-suites » 3,win11-COMPILED_BY-vs2022 #31841","buildUrl":"https://ci.nodejs.org/job/node-test-binary-windows-js-suites/RUN_SUBSET=3,nodes=win11-COMPILED_BY-vs2022/31841/","buildNumber":31841,"builtOn":"test-azure_msft-win11_vs2022-x64-1","nodeVersion":"24.0.0","commitHash":"be5e24383b6559229c64ba187b344e6ef1c18efa","callStack":[{"upstreamBuild":67598,"upstreamProject":"node-test-commit-windows-fanned","upstreamUrl":"job/node-test-commit-windows-fanned/"},{"upstreamBuild":76673,"upstreamProject":"node-test-commit","upstreamUrl":"job/node-test-commit/"},{"upstreamBuild":64233,"upstreamProject":"node-test-pull-request","upstreamUrl":"job/node-test-pull-request/"},{"prId":"56358"}],"tap":{"ok":false,"name":"parallel/test-node-output-eval","id":607,"buffered":false,"tapError":null,"skip":false,"todo":false,"previous":null,"plan":null,"diag":{"severity":"fail","exitcode":1,"stack":"▶ eval output\n  ✖ eval/eval_messages.js (1323.1858ms)\n    AssertionError [ERR_ASSERTION]: Expected values to be strictly equal:\n    + actual - expected\n    ... Skipped lines\n    \n      '[eval]\\n' +\n        '[eval]:1\\n' +\n        'with(this){__filename}\\n' +\n        '^^^^\\n' +\n        \"  x The 'with' statement is not supported. All symbols in a 'with' block will have type 'any'.\\n\" +\n    ...\n        '   `----\\n' +\n    -   '\\n' +\n        'Caused by:\\n' +\n        '    failed to parse\\n' +\n    -   '\\n' +\n        'SyntaxError: Strict mode code may not include a with statement\\n' +\n    -   '\\n' +\n        'Node.js *\\n' +\n        '42\\n' +\n        '42\\n' +\n        '[eval]:1\\n' +\n        'throw new Error(\"hello\")\\n' +\n        '^\\n' +\n    -   '\\n' +\n        'Error: hello\\n' +\n    -   '\\n' +\n        'Node.js *\\n' +\n        '[eval]:1\\n' +\n        'throw new Error(\"hello\")\\n' +\n        '^\\n' +\n    -   '\\n' +\n        'Error: hello\\n' +\n    -   '\\n' +\n        'Node.js *\\n' +\n        '100\\n' +\n        '[eval]:1\\n' +\n        'var x = 100; y = x;\\n' +\n        '               ^\\n' +\n    -   '\\n' +\n        'ReferenceError: y is not defined\\n' +\n    -   '\\n' +\n        'Node.js *\\n' +\n    -   '\\n' +\n        '[eval]:1\\n' +\n        'var ______________________________________________; throw 10\\n' +\n        '                                                    ^\\n' +\n        '10\\n' +\n        '(Use `node --trace-uncaught ...` to show where the exception was thrown)\\n' +\n    -   '\\n' +\n        'Node.js *\\n' +\n    -   '\\n' +\n        '[eval]:1\\n' +\n        'var ______________________________________________; throw 10\\n' +\n        '                                                    ^\\n' +\n        '10\\n' +\n        '(Use `node --trace-uncaught ...` to show where the exception was thrown)\\n' +\n    -   '\\n' +\n        'Node.js *\\n' +\n        'done\\n'\n    \n        at assertSnapshot (c:\\workspace\\node-test-binary-windows-js-suites\\node\\test\\common\\assertSnapshot.js:56:12)\n        at async Module.spawnAndAssert (c:\\workspace\\node-test-binary-windows-js-suites\\node\\test\\common\\assertSnapshot.js:91:3)\n        at async TestContext.<anonymous> (file:///c:/workspace/node-test-binary-windows-js-suites/node/test/parallel/test-node-output-eval.mjs:37:7)\n        at async Test.run (node:internal/test_runner/test:932:9)\n        at async Promise.all (index 0)\n        at async Suite.run (node:internal/test_runner/test:1310:7)\n        at async startSubtestAfterBootstrap (node:internal/test_runner/harness:297:3) {\n      generatedMessage: true,\n      code: 'ERR_ASSERTION',\n      actual: \"[eval]\\n[eval]:1\\nwith(this){__filename}\\n^^^^\\n  x The 'with' statement is not supported. All symbols in a 'with' block will have type 'any'.\\n   ,----\\n 1 | with(this){__filename}\\n   : ^^^^\\n   `----\\nCaused by:\\n...\",\n      expected: \"[eval]\\n[eval]:1\\nwith(this){__filename}\\n^^^^\\n  x The 'with' statement is not supported. All symbols in a 'with' block will have type 'any'.\\n   ,----\\n 1 | with(this){__filename}\\n   : ^^^^\\n   `----\\n\\n...\",\n      operator: 'strictEqual'\n    }\n\n  ✖ eval/stdin_messages.js (1402.3238ms)\n    AssertionError [ERR_ASSERTION]: Expected values to be strictly equal:\n    + actual - expected\n    \n      '[stdin]\\n' +\n        '[stdin]:1\\n' +\n        'with(this){__filename}\\n' +\n        '^^^^\\n' +\n    -   '\\n' +\n        'SyntaxError: Strict mode code may not include a with statement\\n' +\n    -   '\\n' +\n        'Node.js *\\n' +\n        '42\\n' +\n        '42\\n' +\n        '[stdin]:1\\n' +\n        'throw new Error(\"hello\")\\n' +\n        '^\\n' +\n    -   '\\n' +\n        'Error: hello\\n' +\n    -   '\\n' +\n        'Node.js *\\n' +\n        '[stdin]:1\\n' +\n        'throw new Error(\"hello\")\\n' +\n        '^\\n' +\n    -   '\\n' +\n        'Error: hello\\n' +\n    -   '\\n' +\n        'Node.js *\\n' +\n        '100\\n' +\n        '[stdin]:1\\n' +\n        'let x = 100; y = x;\\n' +\n        '               ^\\n' +\n    -   '\\n' +\n        'ReferenceError: y is not defined\\n' +\n    -   '\\n' +\n        'Node.js *\\n' +\n    -   '\\n' +\n        '[stdin]:1\\n' +\n        'let ______________________________________________; throw 10\\n' +\n        '                                                    ^\\n' +\n        '10\\n' +\n        '(Use `node --trace-uncaught ...` to show where the exception was thrown)\\n' +\n    -   '\\n' +\n        'Node.js *\\n' +\n    -   '\\n' +\n        '[stdin]:1\\n' +\n        'let ______________________________________________; throw 10\\n' +\n        '                                                    ^\\n' +\n        '10\\n' +\n        '(Use `node --trace-uncaught ...` to show where the exception was thrown)\\n' +\n    -   '\\n' +\n        'Node.js *\\n' +\n        'done\\n'\n    \n        at assertSnapshot (c:\\workspace\\node-test-binary-windows-js-suites\\node\\test\\common\\assertSnapshot.js:56:12)\n        at async Module.spawnAndAssert (c:\\workspace\\node-test-binary-windows-js-suites\\node\\test\\common\\assertSnapshot.js:91:3)\n        at async TestContext.<anonymous> (file:///c:/workspace/node-test-binary-windows-js-suites/node/test/parallel/test-node-output-eval.mjs:37:7)\n        at async Test.run (node:internal/test_runner/test:932:9)\n        at async Promise.all (index 1)\n        at async Suite.run (node:internal/test_runner/test:1310:7)\n        at async startSubtestAfterBootstrap (node:internal/test_runner/harness:297:3) {\n      generatedMessage: true,\n      code: 'ERR_ASSERTION',\n      actual: '[stdin]\\n[stdin]:1\\nwith(this){__filename}\\n^^^^\\nSyntaxError: Strict mode code may not include a with statement\\nNode.js *\\n42\\n42\\n[stdin]:1\\nthrow new Error(\"hello\")\\n...',\n      expected: '[stdin]\\n[stdin]:1\\nwith(this){__filename}\\n^^^^\\n\\nSyntaxError: Strict mode code may not include a with statement\\n\\nNode.js *\\n42\\n42\\n...',\n      operator: 'strictEqual'\n    }\n\n  ✖ eval/eval_typescript.js (1397.8687ms)\n    AssertionError [ERR_ASSERTION]: Expected values to be strictly equal:\n    + actual - expected\n    ... Skipped lines\n    \n      '[eval]:1\\n' +\n        'enum Foo{};\\n' +\n        '^^^^\\n' +\n        '  x TypeScript enum is not supported in strip-only mode\\n' +\n        '   ,----\\n' +\n    ...\n        '   `----\\n' +\n    -   '\\n' +\n        'SyntaxError: Unexpected reserved word\\n' +\n    -   '\\n' +\n        'Node.js *\\n' +\n        '[eval]:1\\n' +\n        'throw new SyntaxError(\"hello\")\\n' +\n        '^\\n' +\n    -   '\\n' +\n        'SyntaxError: hello\\n' +\n    -   '\\n' +\n        'Node.js *\\n' +\n        '[eval]:1\\n' +\n        'const foo;\\n' +\n        '      ^^^\\n' +\n    -   '\\n' +\n        'SyntaxError: Missing initializer in const declaration\\n' +\n    -   '\\n' +\n        'Node.js *\\n' +\n        '100\\n' +\n        'undefined\\n' +\n        'false\\n' +\n        '[eval]:1\\n' +\n        '               ;const foo;\\n' +\n        '                      ^^^\\n' +\n    -   '\\n' +\n        'SyntaxError: Missing initializer in const declaration\\n' +\n    -   '\\n' +\n        'Node.js *\\n' +\n        '[eval]:1\\n' +\n        'function foo(){ await Promise.resolve(1)};\\n' +\n        '                ^^^^^\\n' +\n        \"  x await isn't allowed in non-async function\\n\" +\n    ...\n        '   `----\\n' +\n    -   '\\n' +\n        'Caused by:\\n' +\n        '    failed to parse\\n' +\n    -   '\\n' +\n        'SyntaxError: await is only valid in async functions and the top level bodies of modules\\n' +\n    +   'Node.js *'\n    -   '\\n' +\n    -   'Node.js *\\n'\n    \n        at assertSnapshot (c:\\workspace\\node-test-binary-windows-js-suites\\node\\test\\common\\assertSnapshot.js:56:12)\n        at async Module.spawnAndAssert (c:\\workspace\\node-test-binary-windows-js-suites\\node\\test\\common\\assertSnapshot.js:91:3)\n        at async TestContext.<anonymous> (file:///c:/workspace/node-test-binary-windows-js-suites/node/test/parallel/test-node-output-eval.mjs:37:7)\n        at async Test.run (node:internal/test_runner/test:932:9)\n        at async Promise.all (index 2)\n        at async Suite.run (node:internal/test_runner/test:1310:7)\n        at async startSubtestAfterBootstrap (node:internal/test_runner/harness:297:3) {\n      generatedMessage: true,\n      code: 'ERR_ASSERTION',\n      actual: '[eval]:1\\nenum Foo{};\\n^^^^\\n  x TypeScript enum is not supported in strip-only mode\\n   ,----\\n 1 | enum Foo{};\\n   : ^^^^^^^^^^\\n   `----\\nSyntaxError: Unexpected reserved word\\nNode.js *\\n...',\n      expected: '[eval]:1\\nenum Foo{};\\n^^^^\\n  x TypeScript enum is not supported in strip-only mode\\n   ,----\\n 1 | enum Foo{};\\n   : ^^^^^^^^^^\\n   `----\\n\\nSyntaxError: Unexpected reserved word\\n...',\n      operator: 'strictEqual'\n    }\n\n✖ eval output (1466.5823ms)\nℹ tests 3\nℹ suites 1\nℹ pass 0\nℹ fail 3\nℹ cancelled 0\nℹ skipped 0\nℹ todo 0\nℹ duration_ms 1474.3283\n\n✖ failing tests:\n\ntest at test\\parallel\\test-node-output-eval.mjs:36:5\n✖ eval/eval_messages.js (1323.1858ms)\n  AssertionError [ERR_ASSERTION]: Expected values to be strictly equal:\n  + actual - expected\n  ... Skipped lines\n  \n    '[eval]\\n' +\n      '[eval]:1\\n' +\n      'with(this){__filename}\\n' +\n      '^^^^\\n' +\n      \"  x The 'with' statement is not supported. All symbols in a 'with' block will have type 'any'.\\n\" +\n  ...\n      '   `----\\n' +\n  -   '\\n' +\n      'Caused by:\\n' +\n      '    failed to parse\\n' +\n  -   '\\n' +\n      'SyntaxError: Strict mode code may not include a with statement\\n' +\n  -   '\\n' +\n      'Node.js *\\n' +\n      '42\\n' +\n      '42\\n' +\n      '[eval]:1\\n' +\n      'throw new Error(\"hello\")\\n' +\n      '^\\n' +\n  -   '\\n' +\n      'Error: hello\\n' +\n  -   '\\n' +\n      'Node.js *\\n' +\n      '[eval]:1\\n' +\n      'throw new Error(\"hello\")\\n' +\n      '^\\n' +\n  -   '\\n' +\n      'Error: hello\\n' +\n  -   '\\n' +\n      'Node.js *\\n' +\n      '100\\n' +\n      '[eval]:1\\n' +\n      'var x = 100; y = x;\\n' +\n      '               ^\\n' +\n  -   '\\n' +\n      'ReferenceError: y is not defined\\n' +\n  -   '\\n' +\n      'Node.js *\\n' +\n  -   '\\n' +\n      '[eval]:1\\n' +\n      'var ______________________________________________; throw 10\\n' +\n      '                                                    ^\\n' +\n      '10\\n' +\n      '(Use `node --trace-uncaught ...` to show where the exception was thrown)\\n' +\n  -   '\\n' +\n      'Node.js *\\n' +\n  -   '\\n' +\n      '[eval]:1\\n' +\n      'var ______________________________________________; throw 10\\n' +\n      '                                                    ^\\n' +\n      '10\\n' +\n      '(Use `node --trace-uncaught ...` to show where the exception was thrown)\\n' +\n  -   '\\n' +\n      'Node.js *\\n' +\n      'done\\n'\n  \n      at assertSnapshot (c:\\workspace\\node-test-binary-windows-js-suites\\node\\test\\common\\assertSnapshot.js:56:12)\n      at async Module.spawnAndAssert (c:\\workspace\\node-test-binary-windows-js-suites\\node\\test\\common\\assertSnapshot.js:91:3)\n      at async TestContext.<anonymous> (file:///c:/workspace/node-test-binary-windows-js-suites/node/test/parallel/test-node-output-eval.mjs:37:7)\n      at async Test.run (node:internal/test_runner/test:932:9)\n      at async Promise.all (index 0)\n      at async Suite.run (node:internal/test_runner/test:1310:7)\n      at async startSubtestAfterBootstrap (node:internal/test_runner/harness:297:3) {\n    generatedMessage: true,\n    code: 'ERR_ASSERTION',\n    actual: \"[eval]\\n[eval]:1\\nwith(this){__filename}\\n^^^^\\n  x The 'with' statement is not supported. All symbols in a 'with' block will have type 'any'.\\n   ,----\\n 1 | with(this){__filename}\\n   : ^^^^\\n   `----\\nCaused by:\\n...\",\n    expected: \"[eval]\\n[eval]:1\\nwith(this){__filename}\\n^^^^\\n  x The 'with' statement is not supported. All symbols in a 'with' block will have type 'any'.\\n   ,----\\n 1 | with(this){__filename}\\n   : ^^^^\\n   `----\\n\\n...\",\n    operator: 'strictEqual'\n  }\n\ntest at test\\parallel\\test-node-output-eval.mjs:36:5\n✖ eval/stdin_messages.js (1402.3238ms)\n  AssertionError [ERR_ASSERTION]: Expected values to be strictly equal:\n  + actual - expected\n  \n    '[stdin]\\n' +\n      '[stdin]:1\\n' +\n      'with(this){__filename}\\n' +\n      '^^^^\\n' +\n  -   '\\n' +\n      'SyntaxError: Strict mode code may not include a with statement\\n' +\n  -   '\\n' +\n      'Node.js *\\n' +\n      '42\\n' +\n      '42\\n' +\n      '[stdin]:1\\n' +\n      'throw new Error(\"hello\")\\n' +\n      '^\\n' +\n  -   '\\n' +\n      'Error: hello\\n' +\n  -   '\\n' +\n      'Node.js *\\n' +\n      '[stdin]:1\\n' +\n      'throw new Error(\"hello\")\\n' +\n      '^\\n' +\n  -   '\\n' +\n      'Error: hello\\n' +\n  -   '\\n' +\n      'Node.js *\\n' +\n      '100\\n' +\n      '[stdin]:1\\n' +\n      'let x = 100; y = x;\\n' +\n      '               ^\\n' +\n  -   '\\n' +\n      'ReferenceError: y is not defined\\n' +\n  -   '\\n' +\n      'Node.js *\\n' +\n  -   '\\n' +\n      '[stdin]:1\\n' +\n      'let ______________________________________________; throw 10\\n' +\n      '                                                    ^\\n' +\n      '10\\n' +\n      '(Use `node --trace-uncaught ...` to show where the exception was thrown)\\n' +\n  -   '\\n' +\n      'Node.js *\\n' +\n  -   '\\n' +\n      '[stdin]:1\\n' +\n      'let ______________________________________________; throw 10\\n' +\n      '                                                    ^\\n' +\n      '10\\n' +\n      '(Use `node --trace-uncaught ...` to show where the exception was thrown)\\n' +\n  -   '\\n' +\n      'Node.js *\\n' +\n      'done\\n'\n  \n      at assertSnapshot (c:\\workspace\\node-test-binary-windows-js-suites\\node\\test\\common\\assertSnapshot.js:56:12)\n      at async Module.spawnAndAssert (c:\\workspace\\node-test-binary-windows-js-suites\\node\\test\\common\\assertSnapshot.js:91:3)\n      at async TestContext.<anonymous> (file:///c:/workspace/node-test-binary-windows-js-suites/node/test/parallel/test-node-output-eval.mjs:37:7)\n      at async Test.run (node:internal/test_runner/test:932:9)\n      at async Promise.all (index 1)\n      at async Suite.run (node:internal/test_runner/test:1310:7)\n      at async startSubtestAfterBootstrap (node:internal/test_runner/harness:297:3) {\n    generatedMessage: true,\n    code: 'ERR_ASSERTION',\n    actual: '[stdin]\\n[stdin]:1\\nwith(this){__filename}\\n^^^^\\nSyntaxError: Strict mode code may not include a with statement\\nNode.js *\\n42\\n42\\n[stdin]:1\\nthrow new Error(\"hello\")\\n...',\n    expected: '[stdin]\\n[stdin]:1\\nwith(this){__filename}\\n^^^^\\n\\nSyntaxError: Strict mode code may not include a with statement\\n\\nNode.js *\\n42\\n42\\n...',\n    operator: 'strictEqual'\n  }\n\ntest at test\\parallel\\test-node-output-eval.mjs:36:5\n✖ eval/eval_typescript.js (1397.8687ms)\n  AssertionError [ERR_ASSERTION]: Expected values to be strictly equal:\n  + actual - expected\n  ... Skipped lines\n  \n    '[eval]:1\\n' +\n      'enum Foo{};\\n' +\n      '^^^^\\n' +\n      '  x TypeScript enum is not supported in strip-only mode\\n' +\n      '   ,----\\n' +\n  ...\n      '   `----\\n' +\n  -   '\\n' +\n      'SyntaxError: Unexpected reserved word\\n' +\n  -   '\\n' +\n      'Node.js *\\n' +\n      '[eval]:1\\n' +\n      'throw new SyntaxError(\"hello\")\\n' +\n      '^\\n' +\n  -   '\\n' +\n      'SyntaxError: hello\\n' +\n  -   '\\n' +\n      'Node.js *\\n' +\n      '[eval]:1\\n' +\n      'const foo;\\n' +\n      '      ^^^\\n' +\n  -   '\\n' +\n      'SyntaxError: Missing initializer in const declaration\\n' +\n  -   '\\n' +\n      'Node.js *\\n' +\n      '100\\n' +\n      'undefined\\n' +\n      'false\\n' +\n      '[eval]:1\\n' +\n      '               ;const foo;\\n' +\n      '                      ^^^\\n' +\n  -   '\\n' +\n      'SyntaxError: Missing initializer in const declaration\\n' +\n  -   '\\n' +\n      'Node.js *\\n' +\n      '[eval]:1\\n' +\n      'function foo(){ await Promise.resolve(1)};\\n' +\n      '                ^^^^^\\n' +\n      \"  x await isn't allowed in non-async function\\n\" +\n  ...\n      '   `----\\n' +\n  -   '\\n' +\n      'Caused by:\\n' +\n      '    failed to parse\\n' +\n  -   '\\n' +\n      'SyntaxError: await is only valid in async functions and the top level bodies of modules\\n' +\n  +   'Node.js *'\n  -   '\\n' +\n  -   'Node.js *\\n'\n  \n      at assertSnapshot (c:\\workspace\\node-test-binary-windows-js-suites\\node\\test\\common\\assertSnapshot.js:56:12)\n      at async Module.spawnAndAssert (c:\\workspace\\node-test-binary-windows-js-suites\\node\\test\\common\\assertSnapshot.js:91:3)\n      at async TestContext.<anonymous> (file:///c:/workspace/node-test-binary-windows-js-suites/node/test/parallel/test-node-output-eval.mjs:37:7)\n      at async Test.run (node:internal/test_runner/test:932:9)\n      at async Promise.all (index 2)\n      at async Suite.run (node:internal/test_runner/test:1310:7)\n      at async startSubtestAfterBootstrap (node:internal/test_runner/harness:297:3) {\n    generatedMessage: true,\n    code: 'ERR_ASSERTION',\n    actual: '[eval]:1\\nenum Foo{};\\n^^^^\\n  x TypeScript enum is not supported in strip-only mode\\n   ,----\\n 1 | enum Foo{};\\n   : ^^^^^^^^^^\\n   `----\\nSyntaxError: Unexpected reserved word\\nNode.js *\\n...',\n    expected: '[eval]:1\\nenum Foo{};\\n^^^^\\n  x TypeScript enum is not supported in strip-only mode\\n   ,----\\n 1 | enum Foo{};\\n   : ^^^^^^^^^^\\n   `----\\n\\nSyntaxError: Unexpected reserved word\\n...',\n    operator: 'strictEqual'\n  }"},"time":1857.124,"fullname":"parallel/test-node-output-eval","closingTestPoint":false}}]}