{"failedTests":[{"testName":"module-hooks/test-module-hooks-load-url-change","timestamp":1735851777606,"status":"FAILED","jobName":"node-test-binary-windows-js-suites","config":"node-test-binary-windows-js-suites » 0,win10-COMPILED_BY-vs2022 #31903","buildUrl":"https://ci.nodejs.org/job/node-test-binary-windows-js-suites/RUN_SUBSET=0,nodes=win10-COMPILED_BY-vs2022/31903/","buildNumber":31903,"builtOn":"test-azure_msft-win10_vs2019-x64-4","nodeVersion":"24.0.0","commitHash":"30f258f7624c890ec48971895492b6fec3226560","callStack":[{"upstreamBuild":67666,"upstreamProject":"node-test-commit-windows-fanned","upstreamUrl":"job/node-test-commit-windows-fanned/"},{"upstreamBuild":76767,"upstreamProject":"node-test-commit","upstreamUrl":"job/node-test-commit/"},{"upstreamBuild":64293,"upstreamProject":"node-test-pull-request","upstreamUrl":"job/node-test-pull-request/"},{"prId":"56402"}],"tap":{"ok":false,"name":"module-hooks/test-module-hooks-load-url-change","id":71,"buffered":false,"tapError":null,"skip":false,"todo":false,"previous":null,"plan":null,"diag":{"severity":"fail","exitcode":1,"stack":"node:internal/url:1479\n    throw new ERR_INVALID_FILE_URL_PATH('must be absolute');\n    ^\n\nTypeError [ERR_INVALID_FILE_URL_PATH]: File URL path must be absolute\n    at getPathFromURLWin32 (node:internal/url:1479:11)\n    at fileURLToPath (node:internal/url:1510:35)\n    at convertURLToCJSFilename (node:internal/modules/customization_hooks:128:12)\n    at resolveForCJSWithHooks (node:internal/modules/cjs/loader:1100:16)\n    at Function._load (node:internal/modules/cjs/loader:1214:37)\n    at TracingChannel.traceSync (node:diagnostics_channel:322:14)\n    at wrapModuleLoad (node:internal/modules/cjs/loader:234:24)\n    at Module.require (node:internal/modules/cjs/loader:1495:12)\n    at require (node:internal/modules/helpers:135:16)\n    at Object.<anonymous> (c:\\workspace\\node-test-binary-windows-js-suites\\node\\test\\module-hooks\\test-module-hooks-load-url-change.js:28:20) {\n  code: 'ERR_INVALID_FILE_URL_PATH'\n}\n\nNode.js v24.0.0-pre"},"time":121.001,"fullname":"module-hooks/test-module-hooks-load-url-change","closingTestPoint":false}},{"testName":"module-hooks/test-module-hooks-load-url-change","timestamp":1735851777606,"status":"FAILED","jobName":"node-test-binary-windows-js-suites","config":"node-test-binary-windows-js-suites » 0,win2019-COMPILED_BY-vs2022 #31903","buildUrl":"https://ci.nodejs.org/job/node-test-binary-windows-js-suites/RUN_SUBSET=0,nodes=win2019-COMPILED_BY-vs2022/31903/","buildNumber":31903,"builtOn":"test-rackspace-win2019_vs2019-x64-3","nodeVersion":"24.0.0","commitHash":"30f258f7624c890ec48971895492b6fec3226560","callStack":[{"upstreamBuild":67666,"upstreamProject":"node-test-commit-windows-fanned","upstreamUrl":"job/node-test-commit-windows-fanned/"},{"upstreamBuild":76767,"upstreamProject":"node-test-commit","upstreamUrl":"job/node-test-commit/"},{"upstreamBuild":64293,"upstreamProject":"node-test-pull-request","upstreamUrl":"job/node-test-pull-request/"},{"prId":"56402"}],"tap":{"ok":false,"name":"module-hooks/test-module-hooks-load-url-change","id":69,"buffered":false,"tapError":null,"skip":false,"todo":false,"previous":null,"plan":null,"diag":{"severity":"fail","exitcode":1,"stack":"node:internal/url:1479\n    throw new ERR_INVALID_FILE_URL_PATH('must be absolute');\n    ^\n\nTypeError [ERR_INVALID_FILE_URL_PATH]: File URL path must be absolute\n    at getPathFromURLWin32 (node:internal/url:1479:11)\n    at fileURLToPath (node:internal/url:1510:35)\n    at convertURLToCJSFilename (node:internal/modules/customization_hooks:128:12)\n    at resolveForCJSWithHooks (node:internal/modules/cjs/loader:1100:16)\n    at Function._load (node:internal/modules/cjs/loader:1214:37)\n    at TracingChannel.traceSync (node:diagnostics_channel:322:14)\n    at wrapModuleLoad (node:internal/modules/cjs/loader:234:24)\n    at Module.require (node:internal/modules/cjs/loader:1495:12)\n    at require (node:internal/modules/helpers:135:16)\n    at Object.<anonymous> (C:\\workspace\\node-test-binary-windows-js-suites\\node\\test\\module-hooks\\test-module-hooks-load-url-change.js:28:20) {\n  code: 'ERR_INVALID_FILE_URL_PATH'\n}\n\nNode.js v24.0.0-pre"},"time":291.005,"fullname":"module-hooks/test-module-hooks-load-url-change","closingTestPoint":false}},{"testName":"module-hooks/test-module-hooks-load-url-change","timestamp":1735851777606,"status":"FAILED","jobName":"node-test-binary-windows-js-suites","config":"node-test-binary-windows-js-suites » 3,win11-arm64-COMPILED_BY-vs2022-arm64 #31903","buildUrl":"https://ci.nodejs.org/job/node-test-binary-windows-js-suites/RUN_SUBSET=3,nodes=win11-arm64-COMPILED_BY-vs2022-arm64/31903/","buildNumber":31903,"builtOn":"test-azure_msft-win11_vs2022-arm64-4","nodeVersion":"24.0.0","commitHash":"30f258f7624c890ec48971895492b6fec3226560","callStack":[{"upstreamBuild":67666,"upstreamProject":"node-test-commit-windows-fanned","upstreamUrl":"job/node-test-commit-windows-fanned/"},{"upstreamBuild":76767,"upstreamProject":"node-test-commit","upstreamUrl":"job/node-test-commit/"},{"upstreamBuild":64293,"upstreamProject":"node-test-pull-request","upstreamUrl":"job/node-test-pull-request/"},{"prId":"56402"}],"tap":{"ok":false,"name":"module-hooks/test-module-hooks-load-url-change","id":70,"buffered":false,"tapError":null,"skip":false,"todo":false,"previous":null,"plan":null,"diag":{"severity":"fail","exitcode":1,"stack":"node:internal/url:1479\n    throw new ERR_INVALID_FILE_URL_PATH('must be absolute');\n    ^\n\nTypeError [ERR_INVALID_FILE_URL_PATH]: File URL path must be absolute\n    at getPathFromURLWin32 (node:internal/url:1479:11)\n    at fileURLToPath (node:internal/url:1510:35)\n    at convertURLToCJSFilename (node:internal/modules/customization_hooks:128:12)\n    at resolveForCJSWithHooks (node:internal/modules/cjs/loader:1100:16)\n    at Module._load (node:internal/modules/cjs/loader:1214:37)\n    at TracingChannel.traceSync (node:diagnostics_channel:322:14)\n    at wrapModuleLoad (node:internal/modules/cjs/loader:234:24)\n    at Module.require (node:internal/modules/cjs/loader:1495:12)\n    at require (node:internal/modules/helpers:135:16)\n    at Object.<anonymous> (d:\\workspace\\node-test-binary-windows-js-suites\\node\\test\\module-hooks\\test-module-hooks-load-url-change.js:28:20) {\n  code: 'ERR_INVALID_FILE_URL_PATH'\n}\n\nNode.js v24.0.0-pre"},"time":431,"fullname":"module-hooks/test-module-hooks-load-url-change","closingTestPoint":false}},{"testName":"module-hooks/test-module-hooks-load-url-change","timestamp":1735851777606,"status":"FAILED","jobName":"node-test-binary-windows-js-suites","config":"node-test-binary-windows-js-suites » 0,win11-COMPILED_BY-vs2022 #31903","buildUrl":"https://ci.nodejs.org/job/node-test-binary-windows-js-suites/RUN_SUBSET=0,nodes=win11-COMPILED_BY-vs2022/31903/","buildNumber":31903,"builtOn":"test-azure_msft-win11_vs2022-x64-4","nodeVersion":"24.0.0","commitHash":"30f258f7624c890ec48971895492b6fec3226560","callStack":[{"upstreamBuild":67666,"upstreamProject":"node-test-commit-windows-fanned","upstreamUrl":"job/node-test-commit-windows-fanned/"},{"upstreamBuild":76767,"upstreamProject":"node-test-commit","upstreamUrl":"job/node-test-commit/"},{"upstreamBuild":64293,"upstreamProject":"node-test-pull-request","upstreamUrl":"job/node-test-pull-request/"},{"prId":"56402"}],"tap":{"ok":false,"name":"module-hooks/test-module-hooks-load-url-change","id":71,"buffered":false,"tapError":null,"skip":false,"todo":false,"previous":null,"plan":null,"diag":{"severity":"fail","exitcode":1,"stack":"node:internal/url:1479\n    throw new ERR_INVALID_FILE_URL_PATH('must be absolute');\n    ^\n\nTypeError [ERR_INVALID_FILE_URL_PATH]: File URL path must be absolute\n    at getPathFromURLWin32 (node:internal/url:1479:11)\n    at fileURLToPath (node:internal/url:1510:35)\n    at convertURLToCJSFilename (node:internal/modules/customization_hooks:128:12)\n    at resolveForCJSWithHooks (node:internal/modules/cjs/loader:1100:16)\n    at Function._load (node:internal/modules/cjs/loader:1214:37)\n    at TracingChannel.traceSync (node:diagnostics_channel:322:14)\n    at wrapModuleLoad (node:internal/modules/cjs/loader:234:24)\n    at Module.require (node:internal/modules/cjs/loader:1495:12)\n    at require (node:internal/modules/helpers:135:16)\n    at Object.<anonymous> (c:\\workspace\\node-test-binary-windows-js-suites\\node\\test\\module-hooks\\test-module-hooks-load-url-change.js:28:20) {\n  code: 'ERR_INVALID_FILE_URL_PATH'\n}\n\nNode.js v24.0.0-pre"},"time":132.007,"fullname":"module-hooks/test-module-hooks-load-url-change","closingTestPoint":false}},{"testName":"module-hooks/test-module-hooks-load-url-change","timestamp":1735851777606,"status":"FAILED","jobName":"node-test-binary-windows-js-suites","config":"node-test-binary-windows-js-suites » 0,win2022-COMPILED_BY-vs2022 #31903","buildUrl":"https://ci.nodejs.org/job/node-test-binary-windows-js-suites/RUN_SUBSET=0,nodes=win2022-COMPILED_BY-vs2022/31903/","buildNumber":31903,"builtOn":"test-rackspace-win2022_vs2022-x64-2","nodeVersion":"24.0.0","commitHash":"30f258f7624c890ec48971895492b6fec3226560","callStack":[{"upstreamBuild":67666,"upstreamProject":"node-test-commit-windows-fanned","upstreamUrl":"job/node-test-commit-windows-fanned/"},{"upstreamBuild":76767,"upstreamProject":"node-test-commit","upstreamUrl":"job/node-test-commit/"},{"upstreamBuild":64293,"upstreamProject":"node-test-pull-request","upstreamUrl":"job/node-test-pull-request/"},{"prId":"56402"}],"tap":{"ok":false,"name":"module-hooks/test-module-hooks-load-url-change","id":72,"buffered":false,"tapError":null,"skip":false,"todo":false,"previous":null,"plan":null,"diag":{"severity":"fail","exitcode":1,"stack":"node:internal/url:1479\n    throw new ERR_INVALID_FILE_URL_PATH('must be absolute');\n    ^\n\nTypeError [ERR_INVALID_FILE_URL_PATH]: File URL path must be absolute\n    at getPathFromURLWin32 (node:internal/url:1479:11)\n    at fileURLToPath (node:internal/url:1510:35)\n    at convertURLToCJSFilename (node:internal/modules/customization_hooks:128:12)\n    at resolveForCJSWithHooks (node:internal/modules/cjs/loader:1100:16)\n    at Function._load (node:internal/modules/cjs/loader:1214:37)\n    at TracingChannel.traceSync (node:diagnostics_channel:322:14)\n    at wrapModuleLoad (node:internal/modules/cjs/loader:234:24)\n    at Module.require (node:internal/modules/cjs/loader:1495:12)\n    at require (node:internal/modules/helpers:135:16)\n    at Object.<anonymous> (C:\\workspace\\node-test-binary-windows-js-suites\\node\\test\\module-hooks\\test-module-hooks-load-url-change.js:28:20) {\n  code: 'ERR_INVALID_FILE_URL_PATH'\n}\n\nNode.js v24.0.0-pre"},"time":318.003,"fullname":"module-hooks/test-module-hooks-load-url-change","closingTestPoint":false}}]}