{"failedTests":[{"testName":"parallel/test-without-async-context-frame","timestamp":1736553787421,"status":"REGRESSION","jobName":"node-test-binary-windows-js-suites","config":"node-test-binary-windows-js-suites » 1,win2022-COMPILED_BY-vs2022 #32013","buildUrl":"https://ci.nodejs.org/job/node-test-binary-windows-js-suites/RUN_SUBSET=1,nodes=win2022-COMPILED_BY-vs2022/32013/","buildNumber":32013,"builtOn":"test-rackspace-win2022_vs2022-x64-4","nodeVersion":"24.0.0","commitHash":"58cb88e11ba6e8a7400bea20a96d0ed89be76ac5","callStack":[{"upstreamBuild":67784,"upstreamProject":"node-test-commit-windows-fanned","upstreamUrl":"job/node-test-commit-windows-fanned/"},{"upstreamBuild":76946,"upstreamProject":"node-test-commit","upstreamUrl":"job/node-test-commit/"},{"upstreamBuild":64439,"upstreamProject":"node-test-pull-request","upstreamUrl":"job/node-test-pull-request/"},{"prId":"56552"}],"tap":{"ok":false,"name":"parallel/test-without-async-context-frame","id":981,"buffered":false,"tapError":null,"skip":false,"todo":false,"previous":null,"plan":null,"diag":{"severity":"fail","exitcode":1,"stack":"▶ without AsyncContextFrame\n  ✖ async-hooks\\test-async-local-storage-args.js (4694.1444ms)\n    AssertionError [ERR_ASSERTION]: Test async-hooks\\test-async-local-storage-args.js failed with exit code 3221225477\n    \n    3221225477 !== 0\n    \n        at TestContext.<anonymous> (file:///C:/workspace/node-test-binary-windows-js-suites/node/test/parallel/test-without-async-context-frame.mjs:59:7)\n        at process.processTicksAndRejections (node:internal/process/task_queues:105:5)\n        at async Test.run (node:internal/test_runner/test:921:9)\n        at async Promise.all (index 0)\n        at async Suite.run (node:internal/test_runner/test:1300:7)\n        at async startSubtestAfterBootstrap (node:internal/test_runner/harness:297:3) {\n      generatedMessage: false,\n      code: 'ERR_ASSERTION',\n      actual: 3221225477,\n      expected: 0,\n      operator: 'strictEqual'\n    }\n\n  ✔ async-hooks\\test-async-local-storage-async-await.js (1882.3722ms)\n  ✔ async-hooks\\test-async-local-storage-async-functions.js (1314.4186ms)\n  ✔ async-hooks\\test-async-local-storage-dgram.js (1264.9262ms)\n  ✔ async-hooks\\test-async-local-storage-enable-disable.js (1285.6284ms)\n  ✔ async-hooks\\test-async-local-storage-enter-with.js (1326.6209ms)\n  ✔ async-hooks\\test-async-local-storage-errors.js (1138.0249ms)\n  ✔ async-hooks\\test-async-local-storage-gcable.js (1330.6565ms)\n  ✔ async-hooks\\test-async-local-storage-http-agent.js (1448.3809ms)\n  ✔ async-hooks\\test-async-local-storage-http.js (1363.0499ms)\n  ✔ async-hooks\\test-async-local-storage-misc-stores.js (1199.0816ms)\n  ✔ async-hooks\\test-async-local-storage-nested.js (1219.6178ms)\n  ✔ async-hooks\\test-async-local-storage-no-mix-contexts.js (1636.3078ms)\n  ✔ async-hooks\\test-async-local-storage-promises.js (1171.3735ms)\n  ✔ async-hooks\\test-async-local-storage-socket.js (1220.2963ms)\n  ✔ async-hooks\\test-async-local-storage-thenable.js (1189.996ms)\n  ✔ async-hooks\\test-async-local-storage-tlssocket.js (1461.0842ms)\n  ✔ parallel\\test-async-local-storage-bind.js (1364.3013ms)\n  ✔ parallel\\test-async-local-storage-contexts.js (1380.2242ms)\n  ✔ parallel\\test-async-local-storage-deep-stack.js (1355.7929ms)\n  ✔ parallel\\test-async-local-storage-exit-does-not-leak.js (1314.4783ms)\n  ✔ parallel\\test-async-local-storage-http-multiclients.js (1852.9741ms)\n  ✔ parallel\\test-async-local-storage-snapshot.js (1287.0578ms)\n✖ without AsyncContextFrame (34722.8264ms)\nℹ tests 23\nℹ suites 1\nℹ pass 22\nℹ fail 1\nℹ cancelled 0\nℹ skipped 0\nℹ todo 0\nℹ duration_ms 34740.1575\n\n✖ failing tests:\n\ntest at test\\parallel\\test-without-async-context-frame.mjs:49:5\n✖ async-hooks\\test-async-local-storage-args.js (4694.1444ms)\n  AssertionError [ERR_ASSERTION]: Test async-hooks\\test-async-local-storage-args.js failed with exit code 3221225477\n  \n  3221225477 !== 0\n  \n      at TestContext.<anonymous> (file:///C:/workspace/node-test-binary-windows-js-suites/node/test/parallel/test-without-async-context-frame.mjs:59:7)\n      at process.processTicksAndRejections (node:internal/process/task_queues:105:5)\n      at async Test.run (node:internal/test_runner/test:921:9)\n      at async Promise.all (index 0)\n      at async Suite.run (node:internal/test_runner/test:1300:7)\n      at async startSubtestAfterBootstrap (node:internal/test_runner/harness:297:3) {\n    generatedMessage: false,\n    code: 'ERR_ASSERTION',\n    actual: 3221225477,\n    expected: 0,\n    operator: 'strictEqual'\n  }"},"time":35209.606,"fullname":"parallel/test-without-async-context-frame","closingTestPoint":false}}]}