{"failedTests":[{"testName":"parallel/test-without-async-context-frame","timestamp":1736732818548,"status":"REGRESSION","jobName":"node-test-binary-windows-js-suites","config":"node-test-binary-windows-js-suites » 3,win2019-COMPILED_BY-vs2022 #32040","buildUrl":"https://ci.nodejs.org/job/node-test-binary-windows-js-suites/RUN_SUBSET=3,nodes=win2019-COMPILED_BY-vs2022/32040/","buildNumber":32040,"builtOn":"test-rackspace-win2019_vs2019-x64-2","nodeVersion":"24.0.0","commitHash":"ba6093fcc06d6b12c75b0a62909db5a2902463e1","callStack":[{"upstreamBuild":67810,"upstreamProject":"node-test-commit-windows-fanned","upstreamUrl":"job/node-test-commit-windows-fanned/"},{"upstreamBuild":76980,"upstreamProject":"node-test-commit","upstreamUrl":"job/node-test-commit/"},{"upstreamBuild":64465,"upstreamProject":"node-test-pull-request","upstreamUrl":"job/node-test-pull-request/"},{"prId":"56576"}],"tap":{"ok":false,"name":"parallel/test-without-async-context-frame","id":991,"buffered":false,"tapError":null,"skip":false,"todo":false,"previous":null,"plan":null,"diag":{"severity":"fail","exitcode":1,"stack":"▶ without AsyncContextFrame\n  ✖ async-hooks\\test-async-local-storage-args.js (3196.8003ms)\n    AssertionError [ERR_ASSERTION]: Test async-hooks\\test-async-local-storage-args.js failed with exit code 3221225477\n    \n    3221225477 !== 0\n    \n        at TestContext.<anonymous> (file:///C:/workspace/node-test-binary-windows-js-suites/node/test/parallel/test-without-async-context-frame.mjs:59:7)\n        at process.processTicksAndRejections (node:internal/process/task_queues:105:5)\n        at async Test.run (node:internal/test_runner/test:921:9)\n        at async Promise.all (index 0)\n        at async Suite.run (node:internal/test_runner/test:1300:7)\n        at async startSubtestAfterBootstrap (node:internal/test_runner/harness:297:3) {\n      generatedMessage: false,\n      code: 'ERR_ASSERTION',\n      actual: 3221225477,\n      expected: 0,\n      operator: 'strictEqual'\n    }\n\n  ✔ async-hooks\\test-async-local-storage-async-await.js (1424.5593ms)\n  ✔ async-hooks\\test-async-local-storage-async-functions.js (1128.6975ms)\n  ✔ async-hooks\\test-async-local-storage-dgram.js (1064.0558ms)\n  ✔ async-hooks\\test-async-local-storage-enable-disable.js (1046.2913ms)\n  ✔ async-hooks\\test-async-local-storage-enter-with.js (1051.0837ms)\n  ✔ async-hooks\\test-async-local-storage-errors.js (1057.6328ms)\n  ✔ async-hooks\\test-async-local-storage-gcable.js (1172.335ms)\n  ✔ async-hooks\\test-async-local-storage-http-agent.js (1141.1059ms)\n  ✔ async-hooks\\test-async-local-storage-http.js (1145.6771ms)\n  ✔ async-hooks\\test-async-local-storage-misc-stores.js (1114.934ms)\n  ✔ async-hooks\\test-async-local-storage-nested.js (1132.5035ms)\n  ✔ async-hooks\\test-async-local-storage-no-mix-contexts.js (1456.4537ms)\n  ✔ async-hooks\\test-async-local-storage-promises.js (1084.4843ms)\n  ✔ async-hooks\\test-async-local-storage-socket.js (1081.2956ms)\n  ✔ async-hooks\\test-async-local-storage-thenable.js (1060.407ms)\n  ✔ async-hooks\\test-async-local-storage-tlssocket.js (1220.8132ms)\n  ✔ parallel\\test-async-local-storage-bind.js (1059.318ms)\n  ✔ parallel\\test-async-local-storage-contexts.js (1119.614ms)\n  ✔ parallel\\test-async-local-storage-deep-stack.js (1107.8907ms)\n  ✔ parallel\\test-async-local-storage-exit-does-not-leak.js (1062.3265ms)\n  ✔ parallel\\test-async-local-storage-http-multiclients.js (1390.0742ms)\n  ✔ parallel\\test-async-local-storage-snapshot.js (1102.561ms)\n✖ without AsyncContextFrame (28435.9517ms)\nℹ tests 23\nℹ suites 1\nℹ pass 22\nℹ fail 1\nℹ cancelled 0\nℹ skipped 0\nℹ todo 0\nℹ duration_ms 28449.7534\n\n✖ failing tests:\n\ntest at test\\parallel\\test-without-async-context-frame.mjs:49:5\n✖ async-hooks\\test-async-local-storage-args.js (3196.8003ms)\n  AssertionError [ERR_ASSERTION]: Test async-hooks\\test-async-local-storage-args.js failed with exit code 3221225477\n  \n  3221225477 !== 0\n  \n      at TestContext.<anonymous> (file:///C:/workspace/node-test-binary-windows-js-suites/node/test/parallel/test-without-async-context-frame.mjs:59:7)\n      at process.processTicksAndRejections (node:internal/process/task_queues:105:5)\n      at async Test.run (node:internal/test_runner/test:921:9)\n      at async Promise.all (index 0)\n      at async Suite.run (node:internal/test_runner/test:1300:7)\n      at async startSubtestAfterBootstrap (node:internal/test_runner/harness:297:3) {\n    generatedMessage: false,\n    code: 'ERR_ASSERTION',\n    actual: 3221225477,\n    expected: 0,\n    operator: 'strictEqual'\n  }"},"time":28904.137,"fullname":"parallel/test-without-async-context-frame","closingTestPoint":false}}]}