{"failedTests":[{"testName":"parallel/test-http2-invalid-last-stream-id","timestamp":1737385188462,"status":"FAILED","jobName":"node-test-binary-windows-js-suites","config":"node-test-binary-windows-js-suites » 0,win11-arm64-COMPILED_BY-vs2019-arm64 #32139","buildUrl":"https://ci.nodejs.org/job/node-test-binary-windows-js-suites/RUN_SUBSET=0,nodes=win11-arm64-COMPILED_BY-vs2019-arm64/32139/","buildNumber":32139,"builtOn":"test-azure_msft-win11_vs2022-arm64-2","nodeVersion":"20.18.2","commitHash":"0711dd25f2e9213c5f2c5419b2e2c78c10b3c449","callStack":[{"upstreamBuild":67919,"upstreamProject":"node-test-commit-windows-fanned","upstreamUrl":"job/node-test-commit-windows-fanned/"},{"upstreamBuild":77106,"upstreamProject":"node-test-commit","upstreamUrl":"job/node-test-commit/"},{"upstreamBuild":64558,"upstreamProject":"node-test-pull-request","upstreamUrl":"job/node-test-pull-request/"},{"prId":"664"}],"tap":{"ok":false,"name":"parallel/test-http2-invalid-last-stream-id","id":454,"buffered":false,"tapError":null,"skip":false,"todo":false,"previous":null,"plan":null,"diag":{"severity":"fail","exitcode":1,"stack":"node:assert:90\n  throw new AssertionError(obj);\n  ^\n\nAssertionError [ERR_ASSERTION]: Expected values to be strictly equal:\n+ actual - expected\n\n+ 'ECONNRESET'\n- 'ERR_HTTP2_ERROR'\n    at Http2Server.<anonymous> (d:\\workspace\\node-test-binary-windows-js-suites\\node\\test\\parallel\\test-http2-invalid-last-stream-id.js:59:12)\n    at Http2Server.<anonymous> (d:\\workspace\\node-test-binary-windows-js-suites\\node\\test\\common\\index.js:474:15)\n    at Http2Server.emit (node:events:518:28)\n    at ServerHttp2Session.sessionOnError (node:internal/http2/core:3030:19)\n    at ServerHttp2Session.emit (node:events:518:28)\n    at emitClose (node:internal/http2/core:1108:10)\n    at process.processTicksAndRejections (node:internal/process/task_queues:82:21) {\n  generatedMessage: true,\n  code: 'ERR_ASSERTION',\n  actual: 'ECONNRESET',\n  expected: 'ERR_HTTP2_ERROR',\n  operator: 'strictEqual'\n}\n\nNode.js v20.18.2"},"time":313.012,"fullname":"parallel/test-http2-invalid-last-stream-id","closingTestPoint":false}},{"testName":"parallel/test-http2-invalid-last-stream-id","timestamp":1737385188462,"status":"FAILED","jobName":"node-test-binary-windows-js-suites","config":"node-test-binary-windows-js-suites » 3,win11-COMPILED_BY-vs2019 #32139","buildUrl":"https://ci.nodejs.org/job/node-test-binary-windows-js-suites/RUN_SUBSET=3,nodes=win11-COMPILED_BY-vs2019/32139/","buildNumber":32139,"builtOn":"test-azure_msft-win11_vs2022-x64-3","nodeVersion":"20.18.2","commitHash":"0711dd25f2e9213c5f2c5419b2e2c78c10b3c449","callStack":[{"upstreamBuild":67919,"upstreamProject":"node-test-commit-windows-fanned","upstreamUrl":"job/node-test-commit-windows-fanned/"},{"upstreamBuild":77106,"upstreamProject":"node-test-commit","upstreamUrl":"job/node-test-commit/"},{"upstreamBuild":64558,"upstreamProject":"node-test-pull-request","upstreamUrl":"job/node-test-pull-request/"},{"prId":"664"}],"tap":{"ok":false,"name":"parallel/test-http2-invalid-last-stream-id","id":455,"buffered":false,"tapError":null,"skip":false,"todo":false,"previous":null,"plan":null,"diag":{"severity":"fail","exitcode":1,"stack":"node:assert:90\n  throw new AssertionError(obj);\n  ^\n\nAssertionError [ERR_ASSERTION]: Expected values to be strictly equal:\n+ actual - expected\n\n+ 'ECONNRESET'\n- 'ERR_HTTP2_ERROR'\n    at Http2Server.<anonymous> (c:\\workspace\\node-test-binary-windows-js-suites\\node\\test\\parallel\\test-http2-invalid-last-stream-id.js:59:12)\n    at Http2Server.<anonymous> (c:\\workspace\\node-test-binary-windows-js-suites\\node\\test\\common\\index.js:474:15)\n    at Http2Server.emit (node:events:518:28)\n    at ServerHttp2Session.sessionOnError (node:internal/http2/core:3030:19)\n    at ServerHttp2Session.emit (node:events:518:28)\n    at emitClose (node:internal/http2/core:1108:10)\n    at process.processTicksAndRejections (node:internal/process/task_queues:82:21) {\n  generatedMessage: true,\n  code: 'ERR_ASSERTION',\n  actual: 'ECONNRESET',\n  expected: 'ERR_HTTP2_ERROR',\n  operator: 'strictEqual'\n}\n\nNode.js v20.18.2"},"time":172.001,"fullname":"parallel/test-http2-invalid-last-stream-id","closingTestPoint":false}},{"testName":"parallel/test-http2-invalid-last-stream-id","timestamp":1737385188462,"status":"FAILED","jobName":"node-test-binary-windows-js-suites","config":"node-test-binary-windows-js-suites » 3,win2022-COMPILED_BY-vs2019 #32139","buildUrl":"https://ci.nodejs.org/job/node-test-binary-windows-js-suites/RUN_SUBSET=3,nodes=win2022-COMPILED_BY-vs2019/32139/","buildNumber":32139,"builtOn":"test-rackspace-win2022_vs2022-x64-4","nodeVersion":"20.18.2","commitHash":"0711dd25f2e9213c5f2c5419b2e2c78c10b3c449","callStack":[{"upstreamBuild":67919,"upstreamProject":"node-test-commit-windows-fanned","upstreamUrl":"job/node-test-commit-windows-fanned/"},{"upstreamBuild":77106,"upstreamProject":"node-test-commit","upstreamUrl":"job/node-test-commit/"},{"upstreamBuild":64558,"upstreamProject":"node-test-pull-request","upstreamUrl":"job/node-test-pull-request/"},{"prId":"664"}],"tap":{"ok":false,"name":"parallel/test-http2-invalid-last-stream-id","id":453,"buffered":false,"tapError":null,"skip":false,"todo":false,"previous":null,"plan":null,"diag":{"severity":"fail","exitcode":1,"stack":"node:assert:90\n  throw new AssertionError(obj);\n  ^\n\nAssertionError [ERR_ASSERTION]: Expected values to be strictly equal:\n+ actual - expected\n\n+ 'ECONNRESET'\n- 'ERR_HTTP2_ERROR'\n    at Http2Server.<anonymous> (C:\\workspace\\node-test-binary-windows-js-suites\\node\\test\\parallel\\test-http2-invalid-last-stream-id.js:59:12)\n    at Http2Server.<anonymous> (C:\\workspace\\node-test-binary-windows-js-suites\\node\\test\\common\\index.js:474:15)\n    at Http2Server.emit (node:events:518:28)\n    at ServerHttp2Session.sessionOnError (node:internal/http2/core:3030:19)\n    at ServerHttp2Session.emit (node:events:518:28)\n    at emitClose (node:internal/http2/core:1108:10)\n    at process.processTicksAndRejections (node:internal/process/task_queues:82:21) {\n  generatedMessage: true,\n  code: 'ERR_ASSERTION',\n  actual: 'ECONNRESET',\n  expected: 'ERR_HTTP2_ERROR',\n  operator: 'strictEqual'\n}\n\nNode.js v20.18.2"},"time":436.004,"fullname":"parallel/test-http2-invalid-last-stream-id","closingTestPoint":false}},{"testName":"parallel/test-http2-invalid-last-stream-id","timestamp":1737385188462,"status":"FAILED","jobName":"node-test-binary-windows-js-suites","config":"node-test-binary-windows-js-suites » 3,win2019-COMPILED_BY-vs2019 #32139","buildUrl":"https://ci.nodejs.org/job/node-test-binary-windows-js-suites/RUN_SUBSET=3,nodes=win2019-COMPILED_BY-vs2019/32139/","buildNumber":32139,"builtOn":"test-rackspace-win2019_vs2019-x64-1","nodeVersion":"20.18.2","commitHash":"0711dd25f2e9213c5f2c5419b2e2c78c10b3c449","callStack":[{"upstreamBuild":67919,"upstreamProject":"node-test-commit-windows-fanned","upstreamUrl":"job/node-test-commit-windows-fanned/"},{"upstreamBuild":77106,"upstreamProject":"node-test-commit","upstreamUrl":"job/node-test-commit/"},{"upstreamBuild":64558,"upstreamProject":"node-test-pull-request","upstreamUrl":"job/node-test-pull-request/"},{"prId":"664"}],"tap":{"ok":false,"name":"parallel/test-http2-invalid-last-stream-id","id":452,"buffered":false,"tapError":null,"skip":false,"todo":false,"previous":null,"plan":null,"diag":{"severity":"fail","exitcode":1,"stack":"node:assert:90\n  throw new AssertionError(obj);\n  ^\n\nAssertionError [ERR_ASSERTION]: Expected values to be strictly equal:\n+ actual - expected\n\n+ 'ECONNRESET'\n- 'ERR_HTTP2_ERROR'\n    at Http2Server.<anonymous> (C:\\workspace\\node-test-binary-windows-js-suites\\node\\test\\parallel\\test-http2-invalid-last-stream-id.js:59:12)\n    at Http2Server.<anonymous> (C:\\workspace\\node-test-binary-windows-js-suites\\node\\test\\common\\index.js:474:15)\n    at Http2Server.emit (node:events:518:28)\n    at ServerHttp2Session.sessionOnError (node:internal/http2/core:3030:19)\n    at ServerHttp2Session.emit (node:events:518:28)\n    at emitClose (node:internal/http2/core:1108:10)\n    at process.processTicksAndRejections (node:internal/process/task_queues:82:21) {\n  generatedMessage: true,\n  code: 'ERR_ASSERTION',\n  actual: 'ECONNRESET',\n  expected: 'ERR_HTTP2_ERROR',\n  operator: 'strictEqual'\n}\n\nNode.js v20.18.2"},"time":291.981,"fullname":"parallel/test-http2-invalid-last-stream-id","closingTestPoint":false}}]}