{"failedTests":[{"testName":"parallel/test-permission-dc-worker-threads","timestamp":1737536109478,"status":"REGRESSION","jobName":"node-test-binary-windows-js-suites","config":"node-test-binary-windows-js-suites » 3,win2022-COMPILED_BY-vs2022 #32165","buildUrl":"https://ci.nodejs.org/job/node-test-binary-windows-js-suites/RUN_SUBSET=3,nodes=win2022-COMPILED_BY-vs2022/32165/","buildNumber":32165,"builtOn":"test-rackspace-win2022_vs2022-x64-2","nodeVersion":"24.0.0","commitHash":"bf59539b980cbada964bf4c0991afe55668526e8","callStack":[{"upstreamBuild":67963,"upstreamProject":"node-test-commit-windows-fanned","upstreamUrl":"job/node-test-commit-windows-fanned/"},{"upstreamBuild":77151,"upstreamProject":"node-test-commit","upstreamUrl":"job/node-test-commit/"},{"upstreamBuild":3665,"upstreamProject":"node-daily-master","upstreamUrl":"job/node-daily-master/"}],"tap":{"ok":false,"name":"parallel/test-permission-dc-worker-threads","id":620,"buffered":false,"tapError":null,"skip":false,"todo":false,"previous":null,"plan":null,"diag":{"severity":"fail","exitcode":9,"stack":"C:\\workspace\\node-test-binary-windows-js-suites\\node\\Release\\node.exe: bad option: --experimental-permission"},"time":122,"fullname":"parallel/test-permission-dc-worker-threads","closingTestPoint":false}},{"testName":"parallel/test-runner-module-mocking","timestamp":1737536109478,"status":"REGRESSION","jobName":"node-test-binary-windows-js-suites","config":"node-test-binary-windows-js-suites » 0,win11-COMPILED_BY-vs2022 #32165","buildUrl":"https://ci.nodejs.org/job/node-test-binary-windows-js-suites/RUN_SUBSET=0,nodes=win11-COMPILED_BY-vs2022/32165/","buildNumber":32165,"builtOn":"test-azure_msft-win11_vs2022-x64-3","nodeVersion":"24.0.0","commitHash":"bf59539b980cbada964bf4c0991afe55668526e8","callStack":[{"upstreamBuild":67963,"upstreamProject":"node-test-commit-windows-fanned","upstreamUrl":"job/node-test-commit-windows-fanned/"},{"upstreamBuild":77151,"upstreamProject":"node-test-commit","upstreamUrl":"job/node-test-commit/"},{"upstreamBuild":3665,"upstreamProject":"node-daily-master","upstreamUrl":"job/node-daily-master/"}],"tap":{"ok":false,"name":"parallel/test-runner-module-mocking","id":711,"buffered":false,"tapError":null,"skip":false,"todo":false,"previous":null,"plan":null,"diag":{"severity":"fail","exitcode":1,"stack":"▶ input validation\n  ✔ throws if specifier is not a string (2.8095ms)\n  ✔ throws if options is not an object (1.0364ms)\n  ✔ throws if cache is not a boolean (0.3871ms)\n  ✔ throws if namedExports is not an object (0.728ms)\n✔ input validation (8.8026ms)\n▶ core module mocking with namedExports option\n  ✔ does not cache by default (88.8921ms)\n  ✔ explicitly enables caching (1.4667ms)\n  ✔ explicitly disables caching (1.499ms)\n  ✔ named exports are applied to defaultExport (7.0012ms)\n  ✔ throws if named exports cannot be applied to defaultExport (1.5057ms)\n✔ core module mocking with namedExports option (101.9457ms)\n▶ CJS mocking with namedExports option\n  ✔ does not cache by default (21.5404ms)\n  ✔ explicitly enables caching (7.2256ms)\n  ✔ explicitly disables caching (2.6086ms)\n  ✔ named exports are applied to defaultExport (2.4262ms)\n  ✔ throws if named exports cannot be applied to defaultExport (8.6455ms)\n✔ CJS mocking with namedExports option (43.314ms)\n▶ ESM mocking with namedExports option\n  ✔ does not cache by default (45.1162ms)\n  ✔ explicitly enables caching (5.0844ms)\n  ✔ explicitly disables caching (7.0294ms)\n  ✔ named exports are not applied to defaultExport (6.6063ms)\n  ✔ throws if named exports cannot be applied to defaultExport as CJS (10.779ms)\n✔ ESM mocking with namedExports option (75.802ms)\n▶ modules cannot be mocked multiple times at once\n  ✔ CJS (2.657ms)\n  ✔ ESM (4.3215ms)\n  ✔ Importing a Windows path should fail (3.7276ms)\n  ✔ Importing a module with a quote in its URL should work (7.2343ms)\n✔ modules cannot be mocked multiple times at once (26.8896ms)\n▶ mocks are automatically restored\n  ✔ CJS (1.4389ms)\n  ✔ ESM (4.7374ms)\n✔ mocks are automatically restored (7.8844ms)\n✔ mocks can be restored independently (11.0438ms)\n✔ core module mocks can be used by both module systems (16.4599ms)\n✔ node:- core module mocks can be used by both module systems (10.8934ms)\n✔ CJS mocks can be used by both module systems (7.6187ms)\n✔ relative paths can be used by both module systems (15.4241ms)\n✔ node_modules can be used by both module systems (289.2193ms)\n✔ file:// imports are supported in ESM only (6.8712ms)\n✔ mocked modules do not impact unmocked modules (7.1481ms)\n✔ defaultExports work with CJS mocks in both module systems (6.8458ms)\n✔ defaultExports work with ESM mocks in both module systems (4.776ms)\n✔ wrong import syntax should throw error after module mocking (192.1294ms)\n✖ should throw ERR_ACCESS_DENIED when permission model is enabled (32.0331ms)\n  AssertionError [ERR_ASSERTION]: Expected values to be strictly equal:\n  \n  9 !== 1\n  \n      at TestContext.<anonymous> (c:\\workspace\\node-test-binary-windows-js-suites\\node\\test\\parallel\\test-runner-module-mocking.js:668:10)\n      at process.processTicksAndRejections (node:internal/process/task_queues:105:5)\n      at async Test.run (node:internal/test_runner/test:981:9)\n      at async Test.processPendingSubtests (node:internal/test_runner/test:678:7) {\n    generatedMessage: true,\n    code: 'ERR_ASSERTION',\n    actual: 9,\n    expected: 1,\n    operator: 'strictEqual'\n  }\n\n✖ should work when --allow-worker is passed and permission model is enabled (30.6537ms)\n  AssertionError [ERR_ASSERTION]: c:\\workspace\\node-test-binary-windows-js-suites\\node\\Release\\node.exe: bad option: --experimental-permission\n  \n  \n  9 !== 0\n  \n      at TestContext.<anonymous> (c:\\workspace\\node-test-binary-windows-js-suites\\node\\test\\parallel\\test-runner-module-mocking.js:690:10)\n      at process.processTicksAndRejections (node:internal/process/task_queues:105:5)\n      at async Test.run (node:internal/test_runner/test:981:9)\n      at async Test.processPendingSubtests (node:internal/test_runner/test:678:7) {\n    generatedMessage: false,\n    code: 'ERR_ASSERTION',\n    actual: 9,\n    expected: 0,\n    operator: 'strictEqual'\n  }\n\nℹ tests 44\nℹ suites 0\nℹ pass 42\nℹ fail 2\nℹ cancelled 0\nℹ skipped 0\nℹ todo 0\nℹ duration_ms 908.3725\n\n✖ failing tests:\n\ntest at test\\parallel\\test-runner-module-mocking.js:654:1\n✖ should throw ERR_ACCESS_DENIED when permission model is enabled (32.0331ms)\n  AssertionError [ERR_ASSERTION]: Expected values to be strictly equal:\n  \n  9 !== 1\n  \n      at TestContext.<anonymous> (c:\\workspace\\node-test-binary-windows-js-suites\\node\\test\\parallel\\test-runner-module-mocking.js:668:10)\n      at process.processTicksAndRejections (node:internal/process/task_queues:105:5)\n      at async Test.run (node:internal/test_runner/test:981:9)\n      at async Test.processPendingSubtests (node:internal/test_runner/test:678:7) {\n    generatedMessage: true,\n    code: 'ERR_ASSERTION',\n    actual: 9,\n    expected: 1,\n    operator: 'strictEqual'\n  }\n\ntest at test\\parallel\\test-runner-module-mocking.js:673:1\n✖ should work when --allow-worker is passed and permission model is enabled (30.6537ms)\n  AssertionError [ERR_ASSERTION]: c:\\workspace\\node-test-binary-windows-js-suites\\node\\Release\\node.exe: bad option: --experimental-permission\n  \n  \n  9 !== 0\n  \n      at TestContext.<anonymous> (c:\\workspace\\node-test-binary-windows-js-suites\\node\\test\\parallel\\test-runner-module-mocking.js:690:10)\n      at process.processTicksAndRejections (node:internal/process/task_queues:105:5)\n      at async Test.run (node:internal/test_runner/test:981:9)\n      at async Test.processPendingSubtests (node:internal/test_runner/test:678:7) {\n    generatedMessage: false,\n    code: 'ERR_ASSERTION',\n    actual: 9,\n    expected: 0,\n    operator: 'strictEqual'\n  }\n(node:2216) ExperimentalWarning: Module mocking is an experimental feature and might change at any time\n(Use `node --trace-warnings ...` to show where the warning was created)"},"time":1265.924,"fullname":"parallel/test-runner-module-mocking","closingTestPoint":false}},{"testName":"parallel/test-permission-dc-worker-threads","timestamp":1737536109478,"status":"REGRESSION","jobName":"node-test-binary-windows-js-suites","config":"node-test-binary-windows-js-suites » 3,win11-COMPILED_BY-vs2022 #32165","buildUrl":"https://ci.nodejs.org/job/node-test-binary-windows-js-suites/RUN_SUBSET=3,nodes=win11-COMPILED_BY-vs2022/32165/","buildNumber":32165,"builtOn":"test-azure_msft-win11_vs2022-x64-2","nodeVersion":"24.0.0","commitHash":"bf59539b980cbada964bf4c0991afe55668526e8","callStack":[{"upstreamBuild":67963,"upstreamProject":"node-test-commit-windows-fanned","upstreamUrl":"job/node-test-commit-windows-fanned/"},{"upstreamBuild":77151,"upstreamProject":"node-test-commit","upstreamUrl":"job/node-test-commit/"},{"upstreamBuild":3665,"upstreamProject":"node-daily-master","upstreamUrl":"job/node-daily-master/"}],"tap":{"ok":false,"name":"parallel/test-permission-dc-worker-threads","id":623,"buffered":false,"tapError":null,"skip":false,"todo":false,"previous":null,"plan":null,"diag":{"severity":"fail","exitcode":9,"stack":"c:\\workspace\\node-test-binary-windows-js-suites\\node\\Release\\node.exe: bad option: --experimental-permission"},"time":73.999,"fullname":"parallel/test-permission-dc-worker-threads","closingTestPoint":false}},{"testName":"parallel/test-runner-module-mocking","timestamp":1737536109478,"status":"REGRESSION","jobName":"node-test-binary-windows-js-suites","config":"node-test-binary-windows-js-suites » 0,win10-COMPILED_BY-vs2022 #32165","buildUrl":"https://ci.nodejs.org/job/node-test-binary-windows-js-suites/RUN_SUBSET=0,nodes=win10-COMPILED_BY-vs2022/32165/","buildNumber":32165,"builtOn":"test-azure_msft-win10_vs2019-x64-1","nodeVersion":"24.0.0","commitHash":"bf59539b980cbada964bf4c0991afe55668526e8","callStack":[{"upstreamBuild":67963,"upstreamProject":"node-test-commit-windows-fanned","upstreamUrl":"job/node-test-commit-windows-fanned/"},{"upstreamBuild":77151,"upstreamProject":"node-test-commit","upstreamUrl":"job/node-test-commit/"},{"upstreamBuild":3665,"upstreamProject":"node-daily-master","upstreamUrl":"job/node-daily-master/"}],"tap":{"ok":false,"name":"parallel/test-runner-module-mocking","id":712,"buffered":false,"tapError":null,"skip":false,"todo":false,"previous":null,"plan":null,"diag":{"severity":"fail","exitcode":1,"stack":"▶ input validation\n  ✔ throws if specifier is not a string (3.2593ms)\n  ✔ throws if options is not an object (0.5173ms)\n  ✔ throws if cache is not a boolean (1.831ms)\n  ✔ throws if namedExports is not an object (0.47ms)\n✔ input validation (8.3785ms)\n▶ core module mocking with namedExports option\n  ✔ does not cache by default (83.589ms)\n  ✔ explicitly enables caching (1.6371ms)\n  ✔ explicitly disables caching (1.6762ms)\n  ✔ named exports are applied to defaultExport (1.6376ms)\n  ✔ throws if named exports cannot be applied to defaultExport (2.0282ms)\n✔ core module mocking with namedExports option (92.3638ms)\n▶ CJS mocking with namedExports option\n  ✔ does not cache by default (10.7731ms)\n  ✔ explicitly enables caching (3.5825ms)\n  ✔ explicitly disables caching (7.3801ms)\n  ✔ named exports are applied to defaultExport (3.9074ms)\n  ✔ throws if named exports cannot be applied to defaultExport (4.5553ms)\n✔ CJS mocking with namedExports option (31.1966ms)\n▶ ESM mocking with namedExports option\n  ✔ does not cache by default (40.2421ms)\n  ✔ explicitly enables caching (5.9427ms)\n  ✔ explicitly disables caching (8.3751ms)\n  ✔ named exports are not applied to defaultExport (17.5207ms)\n  ✔ throws if named exports cannot be applied to defaultExport as CJS (16.9872ms)\n✔ ESM mocking with namedExports option (90.7978ms)\n▶ modules cannot be mocked multiple times at once\n  ✔ CJS (3.9977ms)\n  ✔ ESM (14.3322ms)\n  ✔ Importing a Windows path should fail (7.2677ms)\n  ✔ Importing a module with a quote in its URL should work (5.9053ms)\n✔ modules cannot be mocked multiple times at once (33.4918ms)\n▶ mocks are automatically restored\n  ✔ CJS (1.745ms)\n  ✔ ESM (4.5398ms)\n✔ mocks are automatically restored (8.6936ms)\n✔ mocks can be restored independently (7.8053ms)\n✔ core module mocks can be used by both module systems (6.6683ms)\n✔ node:- core module mocks can be used by both module systems (4.6642ms)\n✔ CJS mocks can be used by both module systems (15.9745ms)\n✔ relative paths can be used by both module systems (18.1991ms)\n✔ node_modules can be used by both module systems (245.8012ms)\n✔ file:// imports are supported in ESM only (8.2101ms)\n✔ mocked modules do not impact unmocked modules (5.844ms)\n✔ defaultExports work with CJS mocks in both module systems (6.3793ms)\n✔ defaultExports work with ESM mocks in both module systems (4.6973ms)\n✔ wrong import syntax should throw error after module mocking (182.619ms)\n✖ should throw ERR_ACCESS_DENIED when permission model is enabled (37.2175ms)\n  AssertionError [ERR_ASSERTION]: Expected values to be strictly equal:\n  \n  9 !== 1\n  \n      at TestContext.<anonymous> (c:\\workspace\\node-test-binary-windows-js-suites\\node\\test\\parallel\\test-runner-module-mocking.js:668:10)\n      at process.processTicksAndRejections (node:internal/process/task_queues:105:5)\n      at async Test.run (node:internal/test_runner/test:981:9)\n      at async Test.processPendingSubtests (node:internal/test_runner/test:678:7) {\n    generatedMessage: true,\n    code: 'ERR_ASSERTION',\n    actual: 9,\n    expected: 1,\n    operator: 'strictEqual'\n  }\n\n✖ should work when --allow-worker is passed and permission model is enabled (34.4082ms)\n  AssertionError [ERR_ASSERTION]: c:\\workspace\\node-test-binary-windows-js-suites\\node\\Release\\node.exe: bad option: --experimental-permission\n  \n  \n  9 !== 0\n  \n      at TestContext.<anonymous> (c:\\workspace\\node-test-binary-windows-js-suites\\node\\test\\parallel\\test-runner-module-mocking.js:690:10)\n      at process.processTicksAndRejections (node:internal/process/task_queues:105:5)\n      at async Test.run (node:internal/test_runner/test:981:9)\n      at async Test.processPendingSubtests (node:internal/test_runner/test:678:7) {\n    generatedMessage: false,\n    code: 'ERR_ASSERTION',\n    actual: 9,\n    expected: 0,\n    operator: 'strictEqual'\n  }\n\nℹ tests 44\nℹ suites 0\nℹ pass 42\nℹ fail 2\nℹ cancelled 0\nℹ skipped 0\nℹ todo 0\nℹ duration_ms 858.1161\n\n✖ failing tests:\n\ntest at test\\parallel\\test-runner-module-mocking.js:654:1\n✖ should throw ERR_ACCESS_DENIED when permission model is enabled (37.2175ms)\n  AssertionError [ERR_ASSERTION]: Expected values to be strictly equal:\n  \n  9 !== 1\n  \n      at TestContext.<anonymous> (c:\\workspace\\node-test-binary-windows-js-suites\\node\\test\\parallel\\test-runner-module-mocking.js:668:10)\n      at process.processTicksAndRejections (node:internal/process/task_queues:105:5)\n      at async Test.run (node:internal/test_runner/test:981:9)\n      at async Test.processPendingSubtests (node:internal/test_runner/test:678:7) {\n    generatedMessage: true,\n    code: 'ERR_ASSERTION',\n    actual: 9,\n    expected: 1,\n    operator: 'strictEqual'\n  }\n\ntest at test\\parallel\\test-runner-module-mocking.js:673:1\n✖ should work when --allow-worker is passed and permission model is enabled (34.4082ms)\n  AssertionError [ERR_ASSERTION]: c:\\workspace\\node-test-binary-windows-js-suites\\node\\Release\\node.exe: bad option: --experimental-permission\n  \n  \n  9 !== 0\n  \n      at TestContext.<anonymous> (c:\\workspace\\node-test-binary-windows-js-suites\\node\\test\\parallel\\test-runner-module-mocking.js:690:10)\n      at process.processTicksAndRejections (node:internal/process/task_queues:105:5)\n      at async Test.run (node:internal/test_runner/test:981:9)\n      at async Test.processPendingSubtests (node:internal/test_runner/test:678:7) {\n    generatedMessage: false,\n    code: 'ERR_ASSERTION',\n    actual: 9,\n    expected: 0,\n    operator: 'strictEqual'\n  }\n(node:8928) ExperimentalWarning: Module mocking is an experimental feature and might change at any time\n(Use `node --trace-warnings ...` to show where the warning was created)"},"time":1195.274,"fullname":"parallel/test-runner-module-mocking","closingTestPoint":false}},{"testName":"parallel/test-runner-module-mocking","timestamp":1737536109478,"status":"REGRESSION","jobName":"node-test-binary-windows-js-suites","config":"node-test-binary-windows-js-suites » 0,win2019-COMPILED_BY-vs2022 #32165","buildUrl":"https://ci.nodejs.org/job/node-test-binary-windows-js-suites/RUN_SUBSET=0,nodes=win2019-COMPILED_BY-vs2022/32165/","buildNumber":32165,"builtOn":"test-rackspace-win2019_vs2019-x64-2","nodeVersion":"24.0.0","commitHash":"bf59539b980cbada964bf4c0991afe55668526e8","callStack":[{"upstreamBuild":67963,"upstreamProject":"node-test-commit-windows-fanned","upstreamUrl":"job/node-test-commit-windows-fanned/"},{"upstreamBuild":77151,"upstreamProject":"node-test-commit","upstreamUrl":"job/node-test-commit/"},{"upstreamBuild":3665,"upstreamProject":"node-daily-master","upstreamUrl":"job/node-daily-master/"}],"tap":{"ok":false,"name":"parallel/test-runner-module-mocking","id":708,"buffered":false,"tapError":null,"skip":false,"todo":false,"previous":null,"plan":null,"diag":{"severity":"fail","exitcode":1,"stack":"▶ input validation\n  ✔ throws if specifier is not a string (4.3984ms)\n  ✔ throws if options is not an object (0.6706ms)\n  ✔ throws if cache is not a boolean (0.8421ms)\n  ✔ throws if namedExports is not an object (0.6072ms)\n✔ input validation (11.2422ms)\n▶ core module mocking with namedExports option\n  ✔ does not cache by default (133.3943ms)\n  ✔ explicitly enables caching (1.9818ms)\n  ✔ explicitly disables caching (10.6792ms)\n  ✔ named exports are applied to defaultExport (2.3183ms)\n  ✔ throws if named exports cannot be applied to defaultExport (3.9541ms)\n✔ core module mocking with namedExports option (154.8391ms)\n▶ CJS mocking with namedExports option\n  ✔ does not cache by default (12.2905ms)\n  ✔ explicitly enables caching (7.5651ms)\n  ✔ explicitly disables caching (15.0783ms)\n  ✔ named exports are applied to defaultExport (5.2516ms)\n  ✔ throws if named exports cannot be applied to defaultExport (2.9681ms)\n✔ CJS mocking with namedExports option (44.7178ms)\n▶ ESM mocking with namedExports option\n  ✔ does not cache by default (50.7664ms)\n  ✔ explicitly enables caching (8.2227ms)\n  ✔ explicitly disables caching (9.2707ms)\n  ✔ named exports are not applied to defaultExport (7.7834ms)\n  ✔ throws if named exports cannot be applied to defaultExport as CJS (15.5821ms)\n✔ ESM mocking with namedExports option (93.7923ms)\n▶ modules cannot be mocked multiple times at once\n  ✔ CJS (3.2509ms)\n  ✔ ESM (6.5631ms)\n  ✔ Importing a Windows path should fail (5.7875ms)\n  ✔ Importing a module with a quote in its URL should work (5.6592ms)\n✔ modules cannot be mocked multiple times at once (23.3079ms)\n▶ mocks are automatically restored\n  ✔ CJS (2.0055ms)\n  ✔ ESM (4.3101ms)\n✔ mocks are automatically restored (8.4534ms)\n✔ mocks can be restored independently (6.2563ms)\n✔ core module mocks can be used by both module systems (5.2827ms)\n✔ node:- core module mocks can be used by both module systems (7.957ms)\n✔ CJS mocks can be used by both module systems (7.7736ms)\n✔ relative paths can be used by both module systems (10.1899ms)\n✔ node_modules can be used by both module systems (340.8374ms)\n✔ file:// imports are supported in ESM only (64.1833ms)\n✔ mocked modules do not impact unmocked modules (30.9321ms)\n✔ defaultExports work with CJS mocks in both module systems (25.9615ms)\n✔ defaultExports work with ESM mocks in both module systems (15.4265ms)\n✔ wrong import syntax should throw error after module mocking (243.9072ms)\n✖ should throw ERR_ACCESS_DENIED when permission model is enabled (63.4115ms)\n  AssertionError [ERR_ASSERTION]: Expected values to be strictly equal:\n  \n  9 !== 1\n  \n      at TestContext.<anonymous> (C:\\workspace\\node-test-binary-windows-js-suites\\node\\test\\parallel\\test-runner-module-mocking.js:668:10)\n      at process.processTicksAndRejections (node:internal/process/task_queues:105:5)\n      at async Test.run (node:internal/test_runner/test:981:9)\n      at async Test.processPendingSubtests (node:internal/test_runner/test:678:7) {\n    generatedMessage: true,\n    code: 'ERR_ASSERTION',\n    actual: 9,\n    expected: 1,\n    operator: 'strictEqual'\n  }\n\n✖ should work when --allow-worker is passed and permission model is enabled (116.8184ms)\n  AssertionError [ERR_ASSERTION]: C:\\workspace\\node-test-binary-windows-js-suites\\node\\Release\\node.exe: bad option: --experimental-permission\n  \n  \n  9 !== 0\n  \n      at TestContext.<anonymous> (C:\\workspace\\node-test-binary-windows-js-suites\\node\\test\\parallel\\test-runner-module-mocking.js:690:10)\n      at process.processTicksAndRejections (node:internal/process/task_queues:105:5)\n      at async Test.run (node:internal/test_runner/test:981:9)\n      at async Test.processPendingSubtests (node:internal/test_runner/test:678:7) {\n    generatedMessage: false,\n    code: 'ERR_ASSERTION',\n    actual: 9,\n    expected: 0,\n    operator: 'strictEqual'\n  }\n\nℹ tests 44\nℹ suites 0\nℹ pass 42\nℹ fail 2\nℹ cancelled 0\nℹ skipped 0\nℹ todo 0\nℹ duration_ms 1301.4439\n\n✖ failing tests:\n\ntest at test\\parallel\\test-runner-module-mocking.js:654:1\n✖ should throw ERR_ACCESS_DENIED when permission model is enabled (63.4115ms)\n  AssertionError [ERR_ASSERTION]: Expected values to be strictly equal:\n  \n  9 !== 1\n  \n      at TestContext.<anonymous> (C:\\workspace\\node-test-binary-windows-js-suites\\node\\test\\parallel\\test-runner-module-mocking.js:668:10)\n      at process.processTicksAndRejections (node:internal/process/task_queues:105:5)\n      at async Test.run (node:internal/test_runner/test:981:9)\n      at async Test.processPendingSubtests (node:internal/test_runner/test:678:7) {\n    generatedMessage: true,\n    code: 'ERR_ASSERTION',\n    actual: 9,\n    expected: 1,\n    operator: 'strictEqual'\n  }\n\ntest at test\\parallel\\test-runner-module-mocking.js:673:1\n✖ should work when --allow-worker is passed and permission model is enabled (116.8184ms)\n  AssertionError [ERR_ASSERTION]: C:\\workspace\\node-test-binary-windows-js-suites\\node\\Release\\node.exe: bad option: --experimental-permission\n  \n  \n  9 !== 0\n  \n      at TestContext.<anonymous> (C:\\workspace\\node-test-binary-windows-js-suites\\node\\test\\parallel\\test-runner-module-mocking.js:690:10)\n      at process.processTicksAndRejections (node:internal/process/task_queues:105:5)\n      at async Test.run (node:internal/test_runner/test:981:9)\n      at async Test.processPendingSubtests (node:internal/test_runner/test:678:7) {\n    generatedMessage: false,\n    code: 'ERR_ASSERTION',\n    actual: 9,\n    expected: 0,\n    operator: 'strictEqual'\n  }\n(node:9408) ExperimentalWarning: Module mocking is an experimental feature and might change at any time\n(Use `node --trace-warnings ...` to show where the warning was created)"},"time":1835.002,"fullname":"parallel/test-runner-module-mocking","closingTestPoint":false}},{"testName":"parallel/test-permission-dc-worker-threads","timestamp":1737536109478,"status":"REGRESSION","jobName":"node-test-binary-windows-js-suites","config":"node-test-binary-windows-js-suites » 0,win11-arm64-COMPILED_BY-vs2022-arm64 #32165","buildUrl":"https://ci.nodejs.org/job/node-test-binary-windows-js-suites/RUN_SUBSET=0,nodes=win11-arm64-COMPILED_BY-vs2022-arm64/32165/","buildNumber":32165,"builtOn":"test-azure_msft-win11_vs2022-arm64-5","nodeVersion":"24.0.0","commitHash":"bf59539b980cbada964bf4c0991afe55668526e8","callStack":[{"upstreamBuild":67963,"upstreamProject":"node-test-commit-windows-fanned","upstreamUrl":"job/node-test-commit-windows-fanned/"},{"upstreamBuild":77151,"upstreamProject":"node-test-commit","upstreamUrl":"job/node-test-commit/"},{"upstreamBuild":3665,"upstreamProject":"node-daily-master","upstreamUrl":"job/node-daily-master/"}],"tap":{"ok":false,"name":"parallel/test-permission-dc-worker-threads","id":617,"buffered":false,"tapError":null,"skip":false,"todo":false,"previous":null,"plan":null,"diag":{"severity":"fail","exitcode":9,"stack":"d:\\workspace\\node-test-binary-windows-js-suites\\node\\Release\\node.exe: bad option: --experimental-permission"},"time":122.011,"fullname":"parallel/test-permission-dc-worker-threads","closingTestPoint":false}},{"testName":"parallel/test-runner-module-mocking","timestamp":1737536109478,"status":"REGRESSION","jobName":"node-test-binary-windows-js-suites","config":"node-test-binary-windows-js-suites » 0,win2022-COMPILED_BY-vs2022 #32165","buildUrl":"https://ci.nodejs.org/job/node-test-binary-windows-js-suites/RUN_SUBSET=0,nodes=win2022-COMPILED_BY-vs2022/32165/","buildNumber":32165,"builtOn":"test-rackspace-win2022_vs2022-x64-5","nodeVersion":"24.0.0","commitHash":"bf59539b980cbada964bf4c0991afe55668526e8","callStack":[{"upstreamBuild":67963,"upstreamProject":"node-test-commit-windows-fanned","upstreamUrl":"job/node-test-commit-windows-fanned/"},{"upstreamBuild":77151,"upstreamProject":"node-test-commit","upstreamUrl":"job/node-test-commit/"},{"upstreamBuild":3665,"upstreamProject":"node-daily-master","upstreamUrl":"job/node-daily-master/"}],"tap":{"ok":false,"name":"parallel/test-runner-module-mocking","id":708,"buffered":false,"tapError":null,"skip":false,"todo":false,"previous":null,"plan":null,"diag":{"severity":"fail","exitcode":1,"stack":"▶ input validation\n  ✔ throws if specifier is not a string (4.1649ms)\n  ✔ throws if options is not an object (0.5817ms)\n  ✔ throws if cache is not a boolean (2.1888ms)\n  ✔ throws if namedExports is not an object (0.5735ms)\n✔ input validation (10.2155ms)\n▶ core module mocking with namedExports option\n  ✔ does not cache by default (95.2243ms)\n  ✔ explicitly enables caching (3.6198ms)\n  ✔ explicitly disables caching (2.1681ms)\n  ✔ named exports are applied to defaultExport (1.8453ms)\n  ✔ throws if named exports cannot be applied to defaultExport (2.276ms)\n✔ core module mocking with namedExports option (107.5222ms)\n▶ CJS mocking with namedExports option\n  ✔ does not cache by default (35.2132ms)\n  ✔ explicitly enables caching (3.9412ms)\n  ✔ explicitly disables caching (3.4862ms)\n  ✔ named exports are applied to defaultExport (3.5331ms)\n  ✔ throws if named exports cannot be applied to defaultExport (3.0264ms)\n✔ CJS mocking with namedExports option (50.439ms)\n▶ ESM mocking with namedExports option\n  ✔ does not cache by default (137.8325ms)\n  ✔ explicitly enables caching (8.9779ms)\n  ✔ explicitly disables caching (10.5641ms)\n  ✔ named exports are not applied to defaultExport (8.8918ms)\n  ✔ throws if named exports cannot be applied to defaultExport as CJS (16.638ms)\n✔ ESM mocking with namedExports option (185.0866ms)\n▶ modules cannot be mocked multiple times at once\n  ✔ CJS (3.4104ms)\n  ✔ ESM (6.5925ms)\n  ✔ Importing a Windows path should fail (5.3701ms)\n  ✔ Importing a module with a quote in its URL should work (6.1535ms)\n✔ modules cannot be mocked multiple times at once (23.4972ms)\n▶ mocks are automatically restored\n  ✔ CJS (2.117ms)\n  ✔ ESM (5.339ms)\n✔ mocks are automatically restored (9.963ms)\n✔ mocks can be restored independently (6.7279ms)\n✔ core module mocks can be used by both module systems (4.6708ms)\n✔ node:- core module mocks can be used by both module systems (3.5329ms)\n✔ CJS mocks can be used by both module systems (6.7613ms)\n✔ relative paths can be used by both module systems (6.7167ms)\n✔ node_modules can be used by both module systems (365.142ms)\n✔ file:// imports are supported in ESM only (12.9049ms)\n✔ mocked modules do not impact unmocked modules (13.3247ms)\n✔ defaultExports work with CJS mocks in both module systems (12.7535ms)\n✔ defaultExports work with ESM mocks in both module systems (15.9502ms)\n✔ wrong import syntax should throw error after module mocking (228.3305ms)\n✖ should throw ERR_ACCESS_DENIED when permission model is enabled (61.6769ms)\n  AssertionError [ERR_ASSERTION]: Expected values to be strictly equal:\n  \n  9 !== 1\n  \n      at TestContext.<anonymous> (C:\\workspace\\node-test-binary-windows-js-suites\\node\\test\\parallel\\test-runner-module-mocking.js:668:10)\n      at process.processTicksAndRejections (node:internal/process/task_queues:105:5)\n      at async Test.run (node:internal/test_runner/test:981:9)\n      at async Test.processPendingSubtests (node:internal/test_runner/test:678:7) {\n    generatedMessage: true,\n    code: 'ERR_ASSERTION',\n    actual: 9,\n    expected: 1,\n    operator: 'strictEqual'\n  }\n\n✖ should work when --allow-worker is passed and permission model is enabled (55.184ms)\n  AssertionError [ERR_ASSERTION]: C:\\workspace\\node-test-binary-windows-js-suites\\node\\Release\\node.exe: bad option: --experimental-permission\n  \n  \n  9 !== 0\n  \n      at TestContext.<anonymous> (C:\\workspace\\node-test-binary-windows-js-suites\\node\\test\\parallel\\test-runner-module-mocking.js:690:10)\n      at process.processTicksAndRejections (node:internal/process/task_queues:105:5)\n      at async Test.run (node:internal/test_runner/test:981:9)\n      at async Test.processPendingSubtests (node:internal/test_runner/test:678:7) {\n    generatedMessage: false,\n    code: 'ERR_ASSERTION',\n    actual: 9,\n    expected: 0,\n    operator: 'strictEqual'\n  }\n\nℹ tests 44\nℹ suites 0\nℹ pass 42\nℹ fail 2\nℹ cancelled 0\nℹ skipped 0\nℹ todo 0\nℹ duration_ms 1202.9642\n\n✖ failing tests:\n\ntest at test\\parallel\\test-runner-module-mocking.js:654:1\n✖ should throw ERR_ACCESS_DENIED when permission model is enabled (61.6769ms)\n  AssertionError [ERR_ASSERTION]: Expected values to be strictly equal:\n  \n  9 !== 1\n  \n      at TestContext.<anonymous> (C:\\workspace\\node-test-binary-windows-js-suites\\node\\test\\parallel\\test-runner-module-mocking.js:668:10)\n      at process.processTicksAndRejections (node:internal/process/task_queues:105:5)\n      at async Test.run (node:internal/test_runner/test:981:9)\n      at async Test.processPendingSubtests (node:internal/test_runner/test:678:7) {\n    generatedMessage: true,\n    code: 'ERR_ASSERTION',\n    actual: 9,\n    expected: 1,\n    operator: 'strictEqual'\n  }\n\ntest at test\\parallel\\test-runner-module-mocking.js:673:1\n✖ should work when --allow-worker is passed and permission model is enabled (55.184ms)\n  AssertionError [ERR_ASSERTION]: C:\\workspace\\node-test-binary-windows-js-suites\\node\\Release\\node.exe: bad option: --experimental-permission\n  \n  \n  9 !== 0\n  \n      at TestContext.<anonymous> (C:\\workspace\\node-test-binary-windows-js-suites\\node\\test\\parallel\\test-runner-module-mocking.js:690:10)\n      at process.processTicksAndRejections (node:internal/process/task_queues:105:5)\n      at async Test.run (node:internal/test_runner/test:981:9)\n      at async Test.processPendingSubtests (node:internal/test_runner/test:678:7) {\n    generatedMessage: false,\n    code: 'ERR_ASSERTION',\n    actual: 9,\n    expected: 0,\n    operator: 'strictEqual'\n  }\n(node:6504) ExperimentalWarning: Module mocking is an experimental feature and might change at any time\n(Use `node --trace-warnings ...` to show where the warning was created)"},"time":1614.063,"fullname":"parallel/test-runner-module-mocking","closingTestPoint":false}},{"testName":"parallel/test-runner-module-mocking","timestamp":1737536109478,"status":"REGRESSION","jobName":"node-test-binary-windows-js-suites","config":"node-test-binary-windows-js-suites » 1,win11-arm64-COMPILED_BY-vs2022-arm64 #32165","buildUrl":"https://ci.nodejs.org/job/node-test-binary-windows-js-suites/RUN_SUBSET=1,nodes=win11-arm64-COMPILED_BY-vs2022-arm64/32165/","buildNumber":32165,"builtOn":"test-azure_msft-win11_vs2022-arm64-3","nodeVersion":"24.0.0","commitHash":"bf59539b980cbada964bf4c0991afe55668526e8","callStack":[{"upstreamBuild":67963,"upstreamProject":"node-test-commit-windows-fanned","upstreamUrl":"job/node-test-commit-windows-fanned/"},{"upstreamBuild":77151,"upstreamProject":"node-test-commit","upstreamUrl":"job/node-test-commit/"},{"upstreamBuild":3665,"upstreamProject":"node-daily-master","upstreamUrl":"job/node-daily-master/"}],"tap":{"ok":false,"name":"parallel/test-runner-module-mocking","id":708,"buffered":false,"tapError":null,"skip":false,"todo":false,"previous":null,"plan":null,"diag":{"severity":"fail","exitcode":1,"stack":"▶ input validation\n  ✔ throws if specifier is not a string (4.4393ms)\n  ✔ throws if options is not an object (0.7688ms)\n  ✔ throws if cache is not a boolean (1.342ms)\n  ✔ throws if namedExports is not an object (0.5858ms)\n✔ input validation (11.0877ms)\n▶ core module mocking with namedExports option\n  ✔ does not cache by default (106.6459ms)\n  ✔ explicitly enables caching (19.9821ms)\n  ✔ explicitly disables caching (3.6135ms)\n  ✔ named exports are applied to defaultExport (5.5738ms)\n  ✔ throws if named exports cannot be applied to defaultExport (13.6112ms)\n✔ core module mocking with namedExports option (151.515ms)\n▶ CJS mocking with namedExports option\n  ✔ does not cache by default (36.1147ms)\n  ✔ explicitly enables caching (52.5412ms)\n  ✔ explicitly disables caching (36.0131ms)\n  ✔ named exports are applied to defaultExport (22.8101ms)\n  ✔ throws if named exports cannot be applied to defaultExport (14.215ms)\n✔ CJS mocking with namedExports option (162.7507ms)\n▶ ESM mocking with namedExports option\n  ✔ does not cache by default (108.8586ms)\n  ✔ explicitly enables caching (7.405ms)\n  ✔ explicitly disables caching (8.3609ms)\n  ✔ named exports are not applied to defaultExport (7.4081ms)\n  ✔ throws if named exports cannot be applied to defaultExport as CJS (14.9221ms)\n✔ ESM mocking with namedExports option (148.5035ms)\n▶ modules cannot be mocked multiple times at once\n  ✔ CJS (3.4845ms)\n  ✔ ESM (4.438ms)\n  ✔ Importing a Windows path should fail (12.0078ms)\n  ✔ Importing a module with a quote in its URL should work (12.3223ms)\n✔ modules cannot be mocked multiple times at once (40.7495ms)\n▶ mocks are automatically restored\n  ✔ CJS (1.8906ms)\n  ✔ ESM (14.8368ms)\n✔ mocks are automatically restored (33.1929ms)\n✔ mocks can be restored independently (15.7783ms)\n✔ core module mocks can be used by both module systems (75.737ms)\n✔ node:- core module mocks can be used by both module systems (34.8949ms)\n✔ CJS mocks can be used by both module systems (25.5243ms)\n✔ relative paths can be used by both module systems (48.7893ms)\n✔ node_modules can be used by both module systems (410.1629ms)\n✔ file:// imports are supported in ESM only (8.0626ms)\n✔ mocked modules do not impact unmocked modules (17.0557ms)\n✔ defaultExports work with CJS mocks in both module systems (20.2919ms)\n✔ defaultExports work with ESM mocks in both module systems (23.4695ms)\n✔ wrong import syntax should throw error after module mocking (325.8016ms)\n✖ should throw ERR_ACCESS_DENIED when permission model is enabled (39.1929ms)\n  AssertionError [ERR_ASSERTION]: Expected values to be strictly equal:\n  \n  9 !== 1\n  \n      at TestContext.<anonymous> (d:\\workspace\\node-test-binary-windows-js-suites\\node\\test\\parallel\\test-runner-module-mocking.js:668:10)\n      at process.processTicksAndRejections (node:internal/process/task_queues:105:5)\n      at async Test.run (node:internal/test_runner/test:981:9)\n      at async Test.processPendingSubtests (node:internal/test_runner/test:678:7) {\n    generatedMessage: true,\n    code: 'ERR_ASSERTION',\n    actual: 9,\n    expected: 1,\n    operator: 'strictEqual'\n  }\n\n✖ should work when --allow-worker is passed and permission model is enabled (35.6259ms)\n  AssertionError [ERR_ASSERTION]: d:\\workspace\\node-test-binary-windows-js-suites\\node\\Release\\node.exe: bad option: --experimental-permission\n  \n  \n  9 !== 0\n  \n      at TestContext.<anonymous> (d:\\workspace\\node-test-binary-windows-js-suites\\node\\test\\parallel\\test-runner-module-mocking.js:690:10)\n      at process.processTicksAndRejections (node:internal/process/task_queues:105:5)\n      at async Test.run (node:internal/test_runner/test:981:9)\n      at async Test.processPendingSubtests (node:internal/test_runner/test:678:7) {\n    generatedMessage: false,\n    code: 'ERR_ASSERTION',\n    actual: 9,\n    expected: 0,\n    operator: 'strictEqual'\n  }\n\nℹ tests 44\nℹ suites 0\nℹ pass 42\nℹ fail 2\nℹ cancelled 0\nℹ skipped 0\nℹ todo 0\nℹ duration_ms 1646.0461\n\n✖ failing tests:\n\ntest at test\\parallel\\test-runner-module-mocking.js:654:1\n✖ should throw ERR_ACCESS_DENIED when permission model is enabled (39.1929ms)\n  AssertionError [ERR_ASSERTION]: Expected values to be strictly equal:\n  \n  9 !== 1\n  \n      at TestContext.<anonymous> (d:\\workspace\\node-test-binary-windows-js-suites\\node\\test\\parallel\\test-runner-module-mocking.js:668:10)\n      at process.processTicksAndRejections (node:internal/process/task_queues:105:5)\n      at async Test.run (node:internal/test_runner/test:981:9)\n      at async Test.processPendingSubtests (node:internal/test_runner/test:678:7) {\n    generatedMessage: true,\n    code: 'ERR_ASSERTION',\n    actual: 9,\n    expected: 1,\n    operator: 'strictEqual'\n  }\n\ntest at test\\parallel\\test-runner-module-mocking.js:673:1\n✖ should work when --allow-worker is passed and permission model is enabled (35.6259ms)\n  AssertionError [ERR_ASSERTION]: d:\\workspace\\node-test-binary-windows-js-suites\\node\\Release\\node.exe: bad option: --experimental-permission\n  \n  \n  9 !== 0\n  \n      at TestContext.<anonymous> (d:\\workspace\\node-test-binary-windows-js-suites\\node\\test\\parallel\\test-runner-module-mocking.js:690:10)\n      at process.processTicksAndRejections (node:internal/process/task_queues:105:5)\n      at async Test.run (node:internal/test_runner/test:981:9)\n      at async Test.processPendingSubtests (node:internal/test_runner/test:678:7) {\n    generatedMessage: false,\n    code: 'ERR_ASSERTION',\n    actual: 9,\n    expected: 0,\n    operator: 'strictEqual'\n  }\n(node:9656) ExperimentalWarning: Module mocking is an experimental feature and might change at any time\n(Use `node --trace-warnings ...` to show where the warning was created)"},"time":2125.982,"fullname":"parallel/test-runner-module-mocking","closingTestPoint":false}},{"testName":"parallel/test-permission-dc-worker-threads","timestamp":1737536109478,"status":"REGRESSION","jobName":"node-test-binary-windows-js-suites","config":"node-test-binary-windows-js-suites » 3,win10-COMPILED_BY-vs2022 #32165","buildUrl":"https://ci.nodejs.org/job/node-test-binary-windows-js-suites/RUN_SUBSET=3,nodes=win10-COMPILED_BY-vs2022/32165/","buildNumber":32165,"builtOn":"test-azure_msft-win10_vs2019-x64-1","nodeVersion":"24.0.0","commitHash":"bf59539b980cbada964bf4c0991afe55668526e8","callStack":[{"upstreamBuild":67963,"upstreamProject":"node-test-commit-windows-fanned","upstreamUrl":"job/node-test-commit-windows-fanned/"},{"upstreamBuild":77151,"upstreamProject":"node-test-commit","upstreamUrl":"job/node-test-commit/"},{"upstreamBuild":3665,"upstreamProject":"node-daily-master","upstreamUrl":"job/node-daily-master/"}],"tap":{"ok":false,"name":"parallel/test-permission-dc-worker-threads","id":624,"buffered":false,"tapError":null,"skip":false,"todo":false,"previous":null,"plan":null,"diag":{"severity":"fail","exitcode":9,"stack":"c:\\workspace\\node-test-binary-windows-js-suites\\node\\Release\\node.exe: bad option: --experimental-permission"},"time":96.999,"fullname":"parallel/test-permission-dc-worker-threads","closingTestPoint":false}},{"testName":"parallel/test-permission-dc-worker-threads","timestamp":1737536109478,"status":"REGRESSION","jobName":"node-test-binary-windows-js-suites","config":"node-test-binary-windows-js-suites » 3,win2019-COMPILED_BY-vs2022 #32165","buildUrl":"https://ci.nodejs.org/job/node-test-binary-windows-js-suites/RUN_SUBSET=3,nodes=win2019-COMPILED_BY-vs2022/32165/","buildNumber":32165,"builtOn":"test-rackspace-win2019_vs2019-x64-2","nodeVersion":"24.0.0","commitHash":"bf59539b980cbada964bf4c0991afe55668526e8","callStack":[{"upstreamBuild":67963,"upstreamProject":"node-test-commit-windows-fanned","upstreamUrl":"job/node-test-commit-windows-fanned/"},{"upstreamBuild":77151,"upstreamProject":"node-test-commit","upstreamUrl":"job/node-test-commit/"},{"upstreamBuild":3665,"upstreamProject":"node-daily-master","upstreamUrl":"job/node-daily-master/"}],"tap":{"ok":false,"name":"parallel/test-permission-dc-worker-threads","id":620,"buffered":false,"tapError":null,"skip":false,"todo":false,"previous":null,"plan":null,"diag":{"severity":"fail","exitcode":9,"stack":"C:\\workspace\\node-test-binary-windows-js-suites\\node\\Release\\node.exe: bad option: --experimental-permission"},"time":151.997,"fullname":"parallel/test-permission-dc-worker-threads","closingTestPoint":false}}]}