{"failedTests":[{"testName":"parallel/test-without-async-context-frame","timestamp":1737619659399,"status":"REGRESSION","jobName":"node-test-binary-windows-js-suites","config":"node-test-binary-windows-js-suites » 3,win2019-COMPILED_BY-vs2022 #32195","buildUrl":"https://ci.nodejs.org/job/node-test-binary-windows-js-suites/RUN_SUBSET=3,nodes=win2019-COMPILED_BY-vs2022/32195/","buildNumber":32195,"builtOn":"test-rackspace-win2019_vs2019-x64-3","nodeVersion":"24.0.0","commitHash":"209cdfe685db71714ec093480084bab8cf58d8eb","callStack":[{"upstreamBuild":67996,"upstreamProject":"node-test-commit-windows-fanned","upstreamUrl":"job/node-test-commit-windows-fanned/"},{"upstreamBuild":77185,"upstreamProject":"node-test-commit","upstreamUrl":"job/node-test-commit/"},{"upstreamBuild":64629,"upstreamProject":"node-test-pull-request","upstreamUrl":"job/node-test-pull-request/"},{"prId":"56714"}],"tap":{"ok":false,"name":"parallel/test-without-async-context-frame","id":994,"buffered":false,"tapError":null,"skip":false,"todo":false,"previous":null,"plan":null,"diag":{"severity":"fail","exitcode":1,"stack":"▶ without AsyncContextFrame\n  ✔ async-hooks\\test-async-local-storage-args.js (5177.3943ms)\n  ✖ async-hooks\\test-async-local-storage-async-await.js (1968.1493ms)\n    AssertionError [ERR_ASSERTION]: Test async-hooks\\test-async-local-storage-async-await.js failed with exit code 3221225477\n    \n    3221225477 !== 0\n    \n        at TestContext.<anonymous> (file:///C:/workspace/node-test-binary-windows-js-suites/node/test/parallel/test-without-async-context-frame.mjs:59:7)\n        at process.processTicksAndRejections (node:internal/process/task_queues:105:5)\n        at async Test.run (node:internal/test_runner/test:981:9)\n        at async Suite.processPendingSubtests (node:internal/test_runner/test:678:7) {\n      generatedMessage: false,\n      code: 'ERR_ASSERTION',\n      actual: 3221225477,\n      expected: 0,\n      operator: 'strictEqual'\n    }\n\n  ✔ async-hooks\\test-async-local-storage-async-functions.js (1297.8645ms)\n  ✔ async-hooks\\test-async-local-storage-dgram.js (1207.4382ms)\n  ✔ async-hooks\\test-async-local-storage-enable-disable.js (1138.4489ms)\n  ✔ async-hooks\\test-async-local-storage-enter-with.js (1160.8085ms)\n  ✔ async-hooks\\test-async-local-storage-errors.js (1170.8583ms)\n  ✔ async-hooks\\test-async-local-storage-gcable.js (1225.9452ms)\n  ✖ async-hooks\\test-async-local-storage-http-agent.js (1195.0676ms)\n    AssertionError [ERR_ASSERTION]: Test async-hooks\\test-async-local-storage-http-agent.js failed with exit code 3221225477\n    \n    3221225477 !== 0\n    \n        at TestContext.<anonymous> (file:///C:/workspace/node-test-binary-windows-js-suites/node/test/parallel/test-without-async-context-frame.mjs:59:7)\n        at process.processTicksAndRejections (node:internal/process/task_queues:105:5)\n        at async Test.run (node:internal/test_runner/test:981:9)\n        at async Suite.processPendingSubtests (node:internal/test_runner/test:678:7) {\n      generatedMessage: false,\n      code: 'ERR_ASSERTION',\n      actual: 3221225477,\n      expected: 0,\n      operator: 'strictEqual'\n    }\n\n  ✔ async-hooks\\test-async-local-storage-http.js (1280.9794ms)\n  ✔ async-hooks\\test-async-local-storage-misc-stores.js (1206.6925ms)\n  ✔ async-hooks\\test-async-local-storage-nested.js (1146.8371ms)\n  ✔ async-hooks\\test-async-local-storage-no-mix-contexts.js (1564.8066ms)\n  ✖ async-hooks\\test-async-local-storage-promises.js (1168.05ms)\n    AssertionError [ERR_ASSERTION]: Test async-hooks\\test-async-local-storage-promises.js failed with exit code 3221225477\n    \n    3221225477 !== 0\n    \n        at TestContext.<anonymous> (file:///C:/workspace/node-test-binary-windows-js-suites/node/test/parallel/test-without-async-context-frame.mjs:59:7)\n        at process.processTicksAndRejections (node:internal/process/task_queues:105:5)\n        at async Test.run (node:internal/test_runner/test:981:9)\n        at async Suite.processPendingSubtests (node:internal/test_runner/test:678:7) {\n      generatedMessage: false,\n      code: 'ERR_ASSERTION',\n      actual: 3221225477,\n      expected: 0,\n      operator: 'strictEqual'\n    }\n\n  ✖ async-hooks\\test-async-local-storage-socket.js (1202.755ms)\n    AssertionError [ERR_ASSERTION]: Test async-hooks\\test-async-local-storage-socket.js failed with exit code 3221225477\n    \n    3221225477 !== 0\n    \n        at TestContext.<anonymous> (file:///C:/workspace/node-test-binary-windows-js-suites/node/test/parallel/test-without-async-context-frame.mjs:59:7)\n        at process.processTicksAndRejections (node:internal/process/task_queues:105:5)\n        at async Test.run (node:internal/test_runner/test:981:9)\n        at async Suite.processPendingSubtests (node:internal/test_runner/test:678:7) {\n      generatedMessage: false,\n      code: 'ERR_ASSERTION',\n      actual: 3221225477,\n      expected: 0,\n      operator: 'strictEqual'\n    }\n\n  ✔ async-hooks\\test-async-local-storage-thenable.js (1202.3621ms)\n  ✔ async-hooks\\test-async-local-storage-tlssocket.js (1399.2643ms)\n  ✔ parallel\\test-async-local-storage-bind.js (1255.335ms)\n  ✔ parallel\\test-async-local-storage-contexts.js (1188.406ms)\n  ✔ parallel\\test-async-local-storage-deep-stack.js (1170.9351ms)\n  ✔ parallel\\test-async-local-storage-exit-does-not-leak.js (1227.2758ms)\n  ✔ parallel\\test-async-local-storage-http-multiclients.js (1559.8639ms)\n  ✔ parallel\\test-async-local-storage-snapshot.js (1191.0522ms)\n✖ without AsyncContextFrame (33325.5587ms)\nℹ tests 23\nℹ suites 1\nℹ pass 19\nℹ fail 4\nℹ cancelled 0\nℹ skipped 0\nℹ todo 0\nℹ duration_ms 33340.3921\n\n✖ failing tests:\n\ntest at test\\parallel\\test-without-async-context-frame.mjs:49:5\n✖ async-hooks\\test-async-local-storage-async-await.js (1968.1493ms)\n  AssertionError [ERR_ASSERTION]: Test async-hooks\\test-async-local-storage-async-await.js failed with exit code 3221225477\n  \n  3221225477 !== 0\n  \n      at TestContext.<anonymous> (file:///C:/workspace/node-test-binary-windows-js-suites/node/test/parallel/test-without-async-context-frame.mjs:59:7)\n      at process.processTicksAndRejections (node:internal/process/task_queues:105:5)\n      at async Test.run (node:internal/test_runner/test:981:9)\n      at async Suite.processPendingSubtests (node:internal/test_runner/test:678:7) {\n    generatedMessage: false,\n    code: 'ERR_ASSERTION',\n    actual: 3221225477,\n    expected: 0,\n    operator: 'strictEqual'\n  }\n\ntest at test\\parallel\\test-without-async-context-frame.mjs:49:5\n✖ async-hooks\\test-async-local-storage-http-agent.js (1195.0676ms)\n  AssertionError [ERR_ASSERTION]: Test async-hooks\\test-async-local-storage-http-agent.js failed with exit code 3221225477\n  \n  3221225477 !== 0\n  \n      at TestContext.<anonymous> (file:///C:/workspace/node-test-binary-windows-js-suites/node/test/parallel/test-without-async-context-frame.mjs:59:7)\n      at process.processTicksAndRejections (node:internal/process/task_queues:105:5)\n      at async Test.run (node:internal/test_runner/test:981:9)\n      at async Suite.processPendingSubtests (node:internal/test_runner/test:678:7) {\n    generatedMessage: false,\n    code: 'ERR_ASSERTION',\n    actual: 3221225477,\n    expected: 0,\n    operator: 'strictEqual'\n  }\n\ntest at test\\parallel\\test-without-async-context-frame.mjs:49:5\n✖ async-hooks\\test-async-local-storage-promises.js (1168.05ms)\n  AssertionError [ERR_ASSERTION]: Test async-hooks\\test-async-local-storage-promises.js failed with exit code 3221225477\n  \n  3221225477 !== 0\n  \n      at TestContext.<anonymous> (file:///C:/workspace/node-test-binary-windows-js-suites/node/test/parallel/test-without-async-context-frame.mjs:59:7)\n      at process.processTicksAndRejections (node:internal/process/task_queues:105:5)\n      at async Test.run (node:internal/test_runner/test:981:9)\n      at async Suite.processPendingSubtests (node:internal/test_runner/test:678:7) {\n    generatedMessage: false,\n    code: 'ERR_ASSERTION',\n    actual: 3221225477,\n    expected: 0,\n    operator: 'strictEqual'\n  }\n\ntest at test\\parallel\\test-without-async-context-frame.mjs:49:5\n✖ async-hooks\\test-async-local-storage-socket.js (1202.755ms)\n  AssertionError [ERR_ASSERTION]: Test async-hooks\\test-async-local-storage-socket.js failed with exit code 3221225477\n  \n  3221225477 !== 0\n  \n      at TestContext.<anonymous> (file:///C:/workspace/node-test-binary-windows-js-suites/node/test/parallel/test-without-async-context-frame.mjs:59:7)\n      at process.processTicksAndRejections (node:internal/process/task_queues:105:5)\n      at async Test.run (node:internal/test_runner/test:981:9)\n      at async Suite.processPendingSubtests (node:internal/test_runner/test:678:7) {\n    generatedMessage: false,\n    code: 'ERR_ASSERTION',\n    actual: 3221225477,\n    expected: 0,\n    operator: 'strictEqual'\n  }"},"time":34241.278,"fullname":"parallel/test-without-async-context-frame","closingTestPoint":false}},{"testName":"parallel/test-fs-cp","timestamp":1737619659399,"status":"FAILED","jobName":"node-test-binary-windows-js-suites","config":"node-test-binary-windows-js-suites » 0,win11-COMPILED_BY-vs2022 #32195","buildUrl":"https://ci.nodejs.org/job/node-test-binary-windows-js-suites/RUN_SUBSET=0,nodes=win11-COMPILED_BY-vs2022/32195/","buildNumber":32195,"builtOn":"test-azure_msft-win11_vs2022-x64-4","nodeVersion":"24.0.0","commitHash":"209cdfe685db71714ec093480084bab8cf58d8eb","callStack":[{"upstreamBuild":67996,"upstreamProject":"node-test-commit-windows-fanned","upstreamUrl":"job/node-test-commit-windows-fanned/"},{"upstreamBuild":77185,"upstreamProject":"node-test-commit","upstreamUrl":"job/node-test-commit/"},{"upstreamBuild":64629,"upstreamProject":"node-test-pull-request","upstreamUrl":"job/node-test-pull-request/"},{"prId":"56714"}],"tap":{"ok":false,"name":"parallel/test-fs-cp","id":303,"buffered":false,"tapError":null,"skip":false,"todo":false,"previous":null,"plan":null,"diag":{"severity":"fail","exitcode":1,"stack":"node:assert:128\n  throw new AssertionError(obj);\n  ^\n\nAssertionError [ERR_ASSERTION]: Expected values to be strictly equal:\n+ actual - expected\n\n+ 'ERR_FS_EISDIR'\n- 'ERR_FS_CP_EINVAL'\n          ^\n\n    at file:///c:/workspace/node-test-binary-windows-js-suites/node/test/parallel/test-fs-cp.mjs:687:12\n    at c:\\workspace\\node-test-binary-windows-js-suites\\node\\test\\common\\index.js:470:15\n    at node:fs:190:23\n    at callbackifyOnRejected (node:util:230:10)\n    at process.processTicksAndRejections (node:internal/process/task_queues:90:21) {\n  generatedMessage: true,\n  code: 'ERR_ASSERTION',\n  actual: 'ERR_FS_EISDIR',\n  expected: 'ERR_FS_CP_EINVAL',\n  operator: 'strictEqual'\n}\n\nNode.js v24.0.0-pre"},"time":470.011,"fullname":"parallel/test-fs-cp","closingTestPoint":false}}]}