{"failedTests":[{"testName":"parallel/test-without-async-context-frame","timestamp":1737734083312,"status":"REGRESSION","jobName":"node-test-binary-windows-js-suites","config":"node-test-binary-windows-js-suites » 0,win11-COMPILED_BY-vs2022 #32251","buildUrl":"https://ci.nodejs.org/job/node-test-binary-windows-js-suites/RUN_SUBSET=0,nodes=win11-COMPILED_BY-vs2022/32251/","buildNumber":32251,"builtOn":"test-azure_msft-win11_vs2022-x64-3","nodeVersion":"24.0.0","commitHash":"ab67bb96547ff07ead0dbc64036920e943e1a35f","callStack":[{"upstreamBuild":68063,"upstreamProject":"node-test-commit-windows-fanned","upstreamUrl":"job/node-test-commit-windows-fanned/"},{"upstreamBuild":77271,"upstreamProject":"node-test-commit","upstreamUrl":"job/node-test-commit/"},{"upstreamBuild":64704,"upstreamProject":"node-test-pull-request","upstreamUrl":"job/node-test-pull-request/"},{"prId":"56702"}],"tap":{"ok":false,"name":"parallel/test-without-async-context-frame","id":995,"buffered":false,"tapError":null,"skip":false,"todo":false,"previous":null,"plan":null,"diag":{"severity":"fail","exitcode":1,"stack":"▶ without AsyncContextFrame\n  ✔ async-hooks\\test-async-local-storage-args.js (3136.0362ms)\n  ✖ async-hooks\\test-async-local-storage-async-await.js (1257.063ms)\n    AssertionError [ERR_ASSERTION]: Test async-hooks\\test-async-local-storage-async-await.js failed with exit code 3221225477\n    \n    3221225477 !== 0\n    \n        at TestContext.<anonymous> (file:///c:/workspace/node-test-binary-windows-js-suites/node/test/parallel/test-without-async-context-frame.mjs:59:7)\n        at process.processTicksAndRejections (node:internal/process/task_queues:105:5)\n        at async Test.run (node:internal/test_runner/test:981:9)\n        at async Suite.processPendingSubtests (node:internal/test_runner/test:678:7) {\n      generatedMessage: false,\n      code: 'ERR_ASSERTION',\n      actual: 3221225477,\n      expected: 0,\n      operator: 'strictEqual'\n    }\n\n  ✔ async-hooks\\test-async-local-storage-async-functions.js (1080.1526ms)\n  ✔ async-hooks\\test-async-local-storage-dgram.js (998.9372ms)\n  ✔ async-hooks\\test-async-local-storage-enable-disable.js (952.7835ms)\n  ✔ async-hooks\\test-async-local-storage-enter-with.js (1136.663ms)\n  ✔ async-hooks\\test-async-local-storage-errors.js (884.2988ms)\n  ✔ async-hooks\\test-async-local-storage-gcable.js (943.5033ms)\n  ✔ async-hooks\\test-async-local-storage-http-agent.js (953.816ms)\n  ✔ async-hooks\\test-async-local-storage-http.js (903.7626ms)\n  ✔ async-hooks\\test-async-local-storage-misc-stores.js (883.9939ms)\n  ✔ async-hooks\\test-async-local-storage-nested.js (878.1279ms)\n  ✔ async-hooks\\test-async-local-storage-no-mix-contexts.js (1182.6241ms)\n  ✔ async-hooks\\test-async-local-storage-promises.js (860.8324ms)\n  ✔ async-hooks\\test-async-local-storage-socket.js (905.7291ms)\n  ✔ async-hooks\\test-async-local-storage-thenable.js (894.0605ms)\n  ✔ async-hooks\\test-async-local-storage-tlssocket.js (974.9965ms)\n  ✔ parallel\\test-async-local-storage-bind.js (890.3285ms)\n  ✔ parallel\\test-async-local-storage-contexts.js (920.9104ms)\n  ✔ parallel\\test-async-local-storage-deep-stack.js (907.5741ms)\n  ✔ parallel\\test-async-local-storage-exit-does-not-leak.js (907.6738ms)\n  ✔ parallel\\test-async-local-storage-http-multiclients.js (1071.4032ms)\n  ✔ parallel\\test-async-local-storage-snapshot.js (889.9976ms)\n✖ without AsyncContextFrame (24424.9432ms)\nℹ tests 23\nℹ suites 1\nℹ pass 22\nℹ fail 1\nℹ cancelled 0\nℹ skipped 0\nℹ todo 0\nℹ duration_ms 24433.0902\n\n✖ failing tests:\n\ntest at test\\parallel\\test-without-async-context-frame.mjs:49:5\n✖ async-hooks\\test-async-local-storage-async-await.js (1257.063ms)\n  AssertionError [ERR_ASSERTION]: Test async-hooks\\test-async-local-storage-async-await.js failed with exit code 3221225477\n  \n  3221225477 !== 0\n  \n      at TestContext.<anonymous> (file:///c:/workspace/node-test-binary-windows-js-suites/node/test/parallel/test-without-async-context-frame.mjs:59:7)\n      at process.processTicksAndRejections (node:internal/process/task_queues:105:5)\n      at async Test.run (node:internal/test_runner/test:981:9)\n      at async Suite.processPendingSubtests (node:internal/test_runner/test:678:7) {\n    generatedMessage: false,\n    code: 'ERR_ASSERTION',\n    actual: 3221225477,\n    expected: 0,\n    operator: 'strictEqual'\n  }"},"time":24870.034,"fullname":"parallel/test-without-async-context-frame","closingTestPoint":false}}]}