{"failedTests":[{"testName":"parallel/test-without-async-context-frame","timestamp":1737802626381,"status":"REGRESSION","jobName":"node-test-binary-windows-js-suites","config":"node-test-binary-windows-js-suites » 0,win2022-COMPILED_BY-vs2022 #32277","buildUrl":"https://ci.nodejs.org/job/node-test-binary-windows-js-suites/RUN_SUBSET=0,nodes=win2022-COMPILED_BY-vs2022/32277/","buildNumber":32277,"builtOn":"test-rackspace-win2022_vs2022-x64-4","nodeVersion":"24.0.0","commitHash":"438a69fef6015fdab191bc50fdf28de47f6b6434","callStack":[{"upstreamBuild":68097,"upstreamProject":"node-test-commit-windows-fanned","upstreamUrl":"job/node-test-commit-windows-fanned/"},{"upstreamBuild":77312,"upstreamProject":"node-test-commit","upstreamUrl":"job/node-test-commit/"},{"upstreamBuild":64742,"upstreamProject":"node-test-pull-request","upstreamUrl":"job/node-test-pull-request/"},{"prId":"56700"}],"tap":{"ok":false,"name":"parallel/test-without-async-context-frame","id":995,"buffered":false,"tapError":null,"skip":false,"todo":false,"previous":null,"plan":null,"diag":{"severity":"fail","exitcode":1,"stack":"▶ without AsyncContextFrame\n  ✔ async-hooks\\test-async-local-storage-args.js (4156.0977ms)\n  ✖ async-hooks\\test-async-local-storage-async-await.js (1842.0719ms)\n    AssertionError [ERR_ASSERTION]: Test async-hooks\\test-async-local-storage-async-await.js failed with exit code 3221225477\n    \n    3221225477 !== 0\n    \n        at TestContext.<anonymous> (file:///C:/workspace/node-test-binary-windows-js-suites/node/test/parallel/test-without-async-context-frame.mjs:59:7)\n        at process.processTicksAndRejections (node:internal/process/task_queues:105:5)\n        at async Test.run (node:internal/test_runner/test:981:9)\n        at async Suite.processPendingSubtests (node:internal/test_runner/test:678:7) {\n      generatedMessage: false,\n      code: 'ERR_ASSERTION',\n      actual: 3221225477,\n      expected: 0,\n      operator: 'strictEqual'\n    }\n\n  ✔ async-hooks\\test-async-local-storage-async-functions.js (1279.8888ms)\n  ✔ async-hooks\\test-async-local-storage-dgram.js (1239.1762ms)\n  ✔ async-hooks\\test-async-local-storage-enable-disable.js (1245.4197ms)\n  ✔ async-hooks\\test-async-local-storage-enter-with.js (1230.4265ms)\n  ✔ async-hooks\\test-async-local-storage-errors.js (1291.4535ms)\n  ✔ async-hooks\\test-async-local-storage-gcable.js (1335.7909ms)\n  ✔ async-hooks\\test-async-local-storage-http-agent.js (1314.044ms)\n  ✔ async-hooks\\test-async-local-storage-http.js (1267.5076ms)\n  ✔ async-hooks\\test-async-local-storage-misc-stores.js (1239.2819ms)\n  ✔ async-hooks\\test-async-local-storage-nested.js (1276.9264ms)\n  ✔ async-hooks\\test-async-local-storage-no-mix-contexts.js (1776.4432ms)\n  ✔ async-hooks\\test-async-local-storage-promises.js (1253.5957ms)\n  ✔ async-hooks\\test-async-local-storage-socket.js (1480.1539ms)\n  ✔ async-hooks\\test-async-local-storage-thenable.js (1445.8969ms)\n  ✔ async-hooks\\test-async-local-storage-tlssocket.js (1561.0873ms)\n  ✔ parallel\\test-async-local-storage-bind.js (1170.5025ms)\n  ✔ parallel\\test-async-local-storage-contexts.js (1199.2282ms)\n  ✔ parallel\\test-async-local-storage-deep-stack.js (1246.3596ms)\n  ✔ parallel\\test-async-local-storage-exit-does-not-leak.js (1342.5252ms)\n  ✔ parallel\\test-async-local-storage-http-multiclients.js (1709.7854ms)\n  ✔ parallel\\test-async-local-storage-snapshot.js (1352.3205ms)\n✖ without AsyncContextFrame (34272.8503ms)\nℹ tests 23\nℹ suites 1\nℹ pass 22\nℹ fail 1\nℹ cancelled 0\nℹ skipped 0\nℹ todo 0\nℹ duration_ms 34290.4135\n\n✖ failing tests:\n\ntest at test\\parallel\\test-without-async-context-frame.mjs:49:5\n✖ async-hooks\\test-async-local-storage-async-await.js (1842.0719ms)\n  AssertionError [ERR_ASSERTION]: Test async-hooks\\test-async-local-storage-async-await.js failed with exit code 3221225477\n  \n  3221225477 !== 0\n  \n      at TestContext.<anonymous> (file:///C:/workspace/node-test-binary-windows-js-suites/node/test/parallel/test-without-async-context-frame.mjs:59:7)\n      at process.processTicksAndRejections (node:internal/process/task_queues:105:5)\n      at async Test.run (node:internal/test_runner/test:981:9)\n      at async Suite.processPendingSubtests (node:internal/test_runner/test:678:7) {\n    generatedMessage: false,\n    code: 'ERR_ASSERTION',\n    actual: 3221225477,\n    expected: 0,\n    operator: 'strictEqual'\n  }"},"time":34761.587,"fullname":"parallel/test-without-async-context-frame","closingTestPoint":false}},{"testName":"parallel/test-fs-cp","timestamp":1737802626381,"status":"REGRESSION","jobName":"node-test-binary-windows-js-suites","config":"node-test-binary-windows-js-suites » 0,win11-COMPILED_BY-vs2022 #32277","buildUrl":"https://ci.nodejs.org/job/node-test-binary-windows-js-suites/RUN_SUBSET=0,nodes=win11-COMPILED_BY-vs2022/32277/","buildNumber":32277,"builtOn":"test-azure_msft-win11_vs2022-x64-4","nodeVersion":"24.0.0","commitHash":"438a69fef6015fdab191bc50fdf28de47f6b6434","callStack":[{"upstreamBuild":68097,"upstreamProject":"node-test-commit-windows-fanned","upstreamUrl":"job/node-test-commit-windows-fanned/"},{"upstreamBuild":77312,"upstreamProject":"node-test-commit","upstreamUrl":"job/node-test-commit/"},{"upstreamBuild":64742,"upstreamProject":"node-test-pull-request","upstreamUrl":"job/node-test-pull-request/"},{"prId":"56700"}],"tap":{"ok":false,"name":"parallel/test-fs-cp","id":305,"buffered":false,"tapError":null,"skip":false,"todo":false,"previous":null,"plan":null,"diag":{"severity":"fail","exitcode":1,"stack":"node:assert:128\n  throw new AssertionError(obj);\n  ^\n\nAssertionError [ERR_ASSERTION]: Expected values to be strictly equal:\n+ actual - expected\n\n+ 'ERR_FS_EISDIR'\n- 'ERR_FS_CP_EINVAL'\n          ^\n\n    at file:///c:/workspace/node-test-binary-windows-js-suites/node/test/parallel/test-fs-cp.mjs:687:12\n    at c:\\workspace\\node-test-binary-windows-js-suites\\node\\test\\common\\index.js:491:15\n    at node:fs:190:23\n    at callbackifyOnRejected (node:util:230:10)\n    at process.processTicksAndRejections (node:internal/process/task_queues:90:21) {\n  generatedMessage: true,\n  code: 'ERR_ASSERTION',\n  actual: 'ERR_FS_EISDIR',\n  expected: 'ERR_FS_CP_EINVAL',\n  operator: 'strictEqual'\n}\n\nNode.js v24.0.0-pre"},"time":927.019,"fullname":"parallel/test-fs-cp","closingTestPoint":false}}]}