{"failedTests":[{"testName":"parallel/test-require-resolve-opts-paths-relative","timestamp":1737911729396,"status":"FAILED","jobName":"node-test-binary-windows-js-suites","config":"node-test-binary-windows-js-suites » 2,win11-COMPILED_BY-vs2022 #32297","buildUrl":"https://ci.nodejs.org/job/node-test-binary-windows-js-suites/RUN_SUBSET=2,nodes=win11-COMPILED_BY-vs2022/32297/","buildNumber":32297,"builtOn":"test-azure_msft-win11_vs2022-x64-2","nodeVersion":"24.0.0","commitHash":"2d22b642799379b07239a961bf629c98ff42fa0d","callStack":[{"upstreamBuild":68115,"upstreamProject":"node-test-commit-windows-fanned","upstreamUrl":"job/node-test-commit-windows-fanned/"},{"upstreamBuild":77334,"upstreamProject":"node-test-commit","upstreamUrl":"job/node-test-commit/"},{"upstreamBuild":64759,"upstreamProject":"node-test-pull-request","upstreamUrl":"job/node-test-pull-request/"},{"prId":"56739"}],"tap":{"ok":false,"name":"parallel/test-require-resolve-opts-paths-relative","id":701,"buffered":false,"tapError":null,"skip":false,"todo":false,"previous":null,"plan":null,"diag":{"severity":"fail","exitcode":1,"stack":"c:\\workspace\\node-test-binary-windows-js-suites\\node\\test\\common\\index.js:991\n      throw new Error(`Using invalid common property: '${prop}'`);\n      ^\n\nError: Using invalid common property: 'isMainThread'\n    at Object.get (c:\\workspace\\node-test-binary-windows-js-suites\\node\\test\\common\\index.js:991:13)\n    at Object.<anonymous> (c:\\workspace\\node-test-binary-windows-js-suites\\node\\test\\parallel\\test-require-resolve-opts-paths-relative.js:7:13)\n    at Module._compile (node:internal/modules/cjs/loader:1723:14)\n    at Object..js (node:internal/modules/cjs/loader:1888:10)\n    at Module.load (node:internal/modules/cjs/loader:1458:32)\n    at Function._load (node:internal/modules/cjs/loader:1275:12)\n    at TracingChannel.traceSync (node:diagnostics_channel:322:14)\n    at wrapModuleLoad (node:internal/modules/cjs/loader:234:24)\n    at Function.executeUserEntryPoint [as runMain] (node:internal/modules/run_main:151:5)\n    at node:internal/main/run_main_module:33:47\n\nNode.js v24.0.0-pre"},"time":137.002,"fullname":"parallel/test-require-resolve-opts-paths-relative","closingTestPoint":false}},{"testName":"parallel/test-require-resolve-opts-paths-relative","timestamp":1737911729396,"status":"FAILED","jobName":"node-test-binary-windows-js-suites","config":"node-test-binary-windows-js-suites » 3,win11-arm64-COMPILED_BY-vs2022-arm64 #32297","buildUrl":"https://ci.nodejs.org/job/node-test-binary-windows-js-suites/RUN_SUBSET=3,nodes=win11-arm64-COMPILED_BY-vs2022-arm64/32297/","buildNumber":32297,"builtOn":"test-azure_msft-win11_vs2022-arm64-1","nodeVersion":"24.0.0","commitHash":"2d22b642799379b07239a961bf629c98ff42fa0d","callStack":[{"upstreamBuild":68115,"upstreamProject":"node-test-commit-windows-fanned","upstreamUrl":"job/node-test-commit-windows-fanned/"},{"upstreamBuild":77334,"upstreamProject":"node-test-commit","upstreamUrl":"job/node-test-commit/"},{"upstreamBuild":64759,"upstreamProject":"node-test-pull-request","upstreamUrl":"job/node-test-pull-request/"},{"prId":"56739"}],"tap":{"ok":false,"name":"parallel/test-require-resolve-opts-paths-relative","id":694,"buffered":false,"tapError":null,"skip":false,"todo":false,"previous":null,"plan":null,"diag":{"severity":"fail","exitcode":1,"stack":"d:\\workspace\\node-test-binary-windows-js-suites\\node\\test\\common\\index.js:991\n      throw new Error(`Using invalid common property: '${prop}'`);\n      ^\n\nError: Using invalid common property: 'isMainThread'\n    at Object.get (d:\\workspace\\node-test-binary-windows-js-suites\\node\\test\\common\\index.js:991:13)\n    at Object.<anonymous> (d:\\workspace\\node-test-binary-windows-js-suites\\node\\test\\parallel\\test-require-resolve-opts-paths-relative.js:7:13)\n    at Module._compile (node:internal/modules/cjs/loader:1723:14)\n    at Module._extensions..js (node:internal/modules/cjs/loader:1888:10)\n    at Module.load (node:internal/modules/cjs/loader:1458:32)\n    at Module._load (node:internal/modules/cjs/loader:1275:12)\n    at TracingChannel.traceSync (node:diagnostics_channel:322:14)\n    at wrapModuleLoad (node:internal/modules/cjs/loader:234:24)\n    at Function.executeUserEntryPoint [as runMain] (node:internal/modules/run_main:151:5)\n    at node:internal/main/run_main_module:33:47\n\nNode.js v24.0.0-pre"},"time":264.996,"fullname":"parallel/test-require-resolve-opts-paths-relative","closingTestPoint":false}},{"testName":"parallel/test-require-resolve-opts-paths-relative","timestamp":1737911729396,"status":"FAILED","jobName":"node-test-binary-windows-js-suites","config":"node-test-binary-windows-js-suites » 2,win2019-COMPILED_BY-vs2022 #32297","buildUrl":"https://ci.nodejs.org/job/node-test-binary-windows-js-suites/RUN_SUBSET=2,nodes=win2019-COMPILED_BY-vs2022/32297/","buildNumber":32297,"builtOn":"test-rackspace-win2019_vs2019-x64-4","nodeVersion":"24.0.0","commitHash":"2d22b642799379b07239a961bf629c98ff42fa0d","callStack":[{"upstreamBuild":68115,"upstreamProject":"node-test-commit-windows-fanned","upstreamUrl":"job/node-test-commit-windows-fanned/"},{"upstreamBuild":77334,"upstreamProject":"node-test-commit","upstreamUrl":"job/node-test-commit/"},{"upstreamBuild":64759,"upstreamProject":"node-test-pull-request","upstreamUrl":"job/node-test-pull-request/"},{"prId":"56739"}],"tap":{"ok":false,"name":"parallel/test-require-resolve-opts-paths-relative","id":697,"buffered":false,"tapError":null,"skip":false,"todo":false,"previous":null,"plan":null,"diag":{"severity":"fail","exitcode":1,"stack":"C:\\workspace\\node-test-binary-windows-js-suites\\node\\test\\common\\index.js:991\n      throw new Error(`Using invalid common property: '${prop}'`);\n      ^\n\nError: Using invalid common property: 'isMainThread'\n    at Object.get (C:\\workspace\\node-test-binary-windows-js-suites\\node\\test\\common\\index.js:991:13)\n    at Object.<anonymous> (C:\\workspace\\node-test-binary-windows-js-suites\\node\\test\\parallel\\test-require-resolve-opts-paths-relative.js:7:13)\n    at Module._compile (node:internal/modules/cjs/loader:1723:14)\n    at Object..js (node:internal/modules/cjs/loader:1888:10)\n    at Module.load (node:internal/modules/cjs/loader:1458:32)\n    at Function._load (node:internal/modules/cjs/loader:1275:12)\n    at TracingChannel.traceSync (node:diagnostics_channel:322:14)\n    at wrapModuleLoad (node:internal/modules/cjs/loader:234:24)\n    at Function.executeUserEntryPoint [as runMain] (node:internal/modules/run_main:151:5)\n    at node:internal/main/run_main_module:33:47\n\nNode.js v24.0.0-pre"},"time":280.025,"fullname":"parallel/test-require-resolve-opts-paths-relative","closingTestPoint":false}},{"testName":"parallel/test-require-resolve-opts-paths-relative","timestamp":1737911729396,"status":"FAILED","jobName":"node-test-binary-windows-js-suites","config":"node-test-binary-windows-js-suites » 2,win10-COMPILED_BY-vs2022 #32297","buildUrl":"https://ci.nodejs.org/job/node-test-binary-windows-js-suites/RUN_SUBSET=2,nodes=win10-COMPILED_BY-vs2022/32297/","buildNumber":32297,"builtOn":"test-azure_msft-win10_vs2019-x64-4","nodeVersion":"24.0.0","commitHash":"2d22b642799379b07239a961bf629c98ff42fa0d","callStack":[{"upstreamBuild":68115,"upstreamProject":"node-test-commit-windows-fanned","upstreamUrl":"job/node-test-commit-windows-fanned/"},{"upstreamBuild":77334,"upstreamProject":"node-test-commit","upstreamUrl":"job/node-test-commit/"},{"upstreamBuild":64759,"upstreamProject":"node-test-pull-request","upstreamUrl":"job/node-test-pull-request/"},{"prId":"56739"}],"tap":{"ok":false,"name":"parallel/test-require-resolve-opts-paths-relative","id":700,"buffered":false,"tapError":null,"skip":false,"todo":false,"previous":null,"plan":null,"diag":{"severity":"fail","exitcode":1,"stack":"c:\\workspace\\node-test-binary-windows-js-suites\\node\\test\\common\\index.js:991\n      throw new Error(`Using invalid common property: '${prop}'`);\n      ^\n\nError: Using invalid common property: 'isMainThread'\n    at Object.get (c:\\workspace\\node-test-binary-windows-js-suites\\node\\test\\common\\index.js:991:13)\n    at Object.<anonymous> (c:\\workspace\\node-test-binary-windows-js-suites\\node\\test\\parallel\\test-require-resolve-opts-paths-relative.js:7:13)\n    at Module._compile (node:internal/modules/cjs/loader:1723:14)\n    at Object..js (node:internal/modules/cjs/loader:1888:10)\n    at Module.load (node:internal/modules/cjs/loader:1458:32)\n    at Function._load (node:internal/modules/cjs/loader:1275:12)\n    at TracingChannel.traceSync (node:diagnostics_channel:322:14)\n    at wrapModuleLoad (node:internal/modules/cjs/loader:234:24)\n    at Function.executeUserEntryPoint [as runMain] (node:internal/modules/run_main:151:5)\n    at node:internal/main/run_main_module:33:47\n\nNode.js v24.0.0-pre"},"time":121.002,"fullname":"parallel/test-require-resolve-opts-paths-relative","closingTestPoint":false}},{"testName":"parallel/test-assert-fail","timestamp":1737911729396,"status":"REGRESSION","jobName":"node-test-binary-windows-js-suites","config":"node-test-binary-windows-js-suites » 3,win10-COMPILED_BY-vs2022 #32297","buildUrl":"https://ci.nodejs.org/job/node-test-binary-windows-js-suites/RUN_SUBSET=3,nodes=win10-COMPILED_BY-vs2022/32297/","buildNumber":32297,"builtOn":"test-azure_msft-win10_vs2019-x64-1","nodeVersion":"24.0.0","commitHash":"2d22b642799379b07239a961bf629c98ff42fa0d","callStack":[{"upstreamBuild":68115,"upstreamProject":"node-test-commit-windows-fanned","upstreamUrl":"job/node-test-commit-windows-fanned/"},{"upstreamBuild":77334,"upstreamProject":"node-test-commit","upstreamUrl":"job/node-test-commit/"},{"upstreamBuild":64759,"upstreamProject":"node-test-pull-request","upstreamUrl":"job/node-test-pull-request/"},{"prId":"56739"}],"tap":{"ok":false,"name":"parallel/test-assert-fail","id":81,"buffered":false,"tapError":null,"skip":false,"todo":false,"previous":null,"plan":null,"diag":{"severity":"fail","exitcode":1,"stack":"✔ No args (3.8676ms)\n✔ One arg = message (0.5ms)\n✔ One arg = Error (0.32ms)\n✖ Object prototype get (0.5909ms)\nℹ tests 4\nℹ suites 0\nℹ pass 3\nℹ fail 1\nℹ cancelled 0\nℹ skipped 0\nℹ todo 0\nℹ duration_ms 21.9381\n\n✖ failing tests:\n\ntest at test\\parallel\\test-assert-fail.js:46:1\n✖ Object prototype get (0.5909ms)\n  Error: failed\n      at TestContext.<anonymous> (c:\\workspace\\node-test-binary-windows-js-suites\\node\\test\\parallel\\test-assert-fail.js:50:9)\n      at Test.runInAsyncScope (node:async_hooks:211:14)\n      at Test.run (node:internal/test_runner/test:980:25)\n      at Test.processPendingSubtests (node:internal/test_runner/test:678:18)\n      at Test.postRun (node:internal/test_runner/test:1091:19)\n      at Test.run (node:internal/test_runner/test:1019:12)\n      at async Test.processPendingSubtests (node:internal/test_runner/test:678:7)"},"time":196.002,"fullname":"parallel/test-assert-fail","closingTestPoint":false}},{"testName":"parallel/test-require-resolve-opts-paths-relative","timestamp":1737911729396,"status":"FAILED","jobName":"node-test-binary-windows-js-suites","config":"node-test-binary-windows-js-suites » 2,win2022-COMPILED_BY-vs2022 #32297","buildUrl":"https://ci.nodejs.org/job/node-test-binary-windows-js-suites/RUN_SUBSET=2,nodes=win2022-COMPILED_BY-vs2022/32297/","buildNumber":32297,"builtOn":"test-rackspace-win2022_vs2022-x64-3","nodeVersion":"24.0.0","commitHash":"2d22b642799379b07239a961bf629c98ff42fa0d","callStack":[{"upstreamBuild":68115,"upstreamProject":"node-test-commit-windows-fanned","upstreamUrl":"job/node-test-commit-windows-fanned/"},{"upstreamBuild":77334,"upstreamProject":"node-test-commit","upstreamUrl":"job/node-test-commit/"},{"upstreamBuild":64759,"upstreamProject":"node-test-pull-request","upstreamUrl":"job/node-test-pull-request/"},{"prId":"56739"}],"tap":{"ok":false,"name":"parallel/test-require-resolve-opts-paths-relative","id":697,"buffered":false,"tapError":null,"skip":false,"todo":false,"previous":null,"plan":null,"diag":{"severity":"fail","exitcode":1,"stack":"C:\\workspace\\node-test-binary-windows-js-suites\\node\\test\\common\\index.js:991\n      throw new Error(`Using invalid common property: '${prop}'`);\n      ^\n\nError: Using invalid common property: 'isMainThread'\n    at Object.get (C:\\workspace\\node-test-binary-windows-js-suites\\node\\test\\common\\index.js:991:13)\n    at Object.<anonymous> (C:\\workspace\\node-test-binary-windows-js-suites\\node\\test\\parallel\\test-require-resolve-opts-paths-relative.js:7:13)\n    at Module._compile (node:internal/modules/cjs/loader:1723:14)\n    at Object..js (node:internal/modules/cjs/loader:1888:10)\n    at Module.load (node:internal/modules/cjs/loader:1458:32)\n    at Function._load (node:internal/modules/cjs/loader:1275:12)\n    at TracingChannel.traceSync (node:diagnostics_channel:322:14)\n    at wrapModuleLoad (node:internal/modules/cjs/loader:234:24)\n    at Function.executeUserEntryPoint [as runMain] (node:internal/modules/run_main:151:5)\n    at node:internal/main/run_main_module:33:47\n\nNode.js v24.0.0-pre"},"time":270.008,"fullname":"parallel/test-require-resolve-opts-paths-relative","closingTestPoint":false}},{"testName":"parallel/test-assert-fail","timestamp":1737911729396,"status":"REGRESSION","jobName":"node-test-binary-windows-js-suites","config":"node-test-binary-windows-js-suites » 3,win2019-COMPILED_BY-vs2022 #32297","buildUrl":"https://ci.nodejs.org/job/node-test-binary-windows-js-suites/RUN_SUBSET=3,nodes=win2019-COMPILED_BY-vs2022/32297/","buildNumber":32297,"builtOn":"test-rackspace-win2019_vs2019-x64-2","nodeVersion":"24.0.0","commitHash":"2d22b642799379b07239a961bf629c98ff42fa0d","callStack":[{"upstreamBuild":68115,"upstreamProject":"node-test-commit-windows-fanned","upstreamUrl":"job/node-test-commit-windows-fanned/"},{"upstreamBuild":77334,"upstreamProject":"node-test-commit","upstreamUrl":"job/node-test-commit/"},{"upstreamBuild":64759,"upstreamProject":"node-test-pull-request","upstreamUrl":"job/node-test-pull-request/"},{"prId":"56739"}],"tap":{"ok":false,"name":"parallel/test-assert-fail","id":78,"buffered":false,"tapError":null,"skip":false,"todo":false,"previous":null,"plan":null,"diag":{"severity":"fail","exitcode":1,"stack":"✔ No args (5.5758ms)\n✔ One arg = message (0.8066ms)\n✔ One arg = Error (0.6524ms)\n✖ Object prototype get (0.7421ms)\nℹ tests 4\nℹ suites 0\nℹ pass 3\nℹ fail 1\nℹ cancelled 0\nℹ skipped 0\nℹ todo 0\nℹ duration_ms 27.3336\n\n✖ failing tests:\n\ntest at test\\parallel\\test-assert-fail.js:46:1\n✖ Object prototype get (0.7421ms)\n  Error: failed\n      at TestContext.<anonymous> (C:\\workspace\\node-test-binary-windows-js-suites\\node\\test\\parallel\\test-assert-fail.js:50:9)\n      at Test.runInAsyncScope (node:async_hooks:211:14)\n      at Test.run (node:internal/test_runner/test:980:25)\n      at Test.processPendingSubtests (node:internal/test_runner/test:678:18)\n      at Test.postRun (node:internal/test_runner/test:1091:19)\n      at Test.run (node:internal/test_runner/test:1019:12)\n      at async Test.processPendingSubtests (node:internal/test_runner/test:678:7)"},"time":264,"fullname":"parallel/test-assert-fail","closingTestPoint":false}},{"testName":"parallel/test-assert-fail","timestamp":1737911729396,"status":"REGRESSION","jobName":"node-test-binary-windows-js-suites","config":"node-test-binary-windows-js-suites » 3,win11-COMPILED_BY-vs2022 #32297","buildUrl":"https://ci.nodejs.org/job/node-test-binary-windows-js-suites/RUN_SUBSET=3,nodes=win11-COMPILED_BY-vs2022/32297/","buildNumber":32297,"builtOn":"test-azure_msft-win11_vs2022-x64-3","nodeVersion":"24.0.0","commitHash":"2d22b642799379b07239a961bf629c98ff42fa0d","callStack":[{"upstreamBuild":68115,"upstreamProject":"node-test-commit-windows-fanned","upstreamUrl":"job/node-test-commit-windows-fanned/"},{"upstreamBuild":77334,"upstreamProject":"node-test-commit","upstreamUrl":"job/node-test-commit/"},{"upstreamBuild":64759,"upstreamProject":"node-test-pull-request","upstreamUrl":"job/node-test-pull-request/"},{"prId":"56739"}],"tap":{"ok":false,"name":"parallel/test-assert-fail","id":81,"buffered":false,"tapError":null,"skip":false,"todo":false,"previous":null,"plan":null,"diag":{"severity":"fail","exitcode":1,"stack":"✔ No args (3.0006ms)\n✔ One arg = message (0.3919ms)\n✔ One arg = Error (0.2767ms)\n✖ Object prototype get (0.6055ms)\nℹ tests 4\nℹ suites 0\nℹ pass 3\nℹ fail 1\nℹ cancelled 0\nℹ skipped 0\nℹ todo 0\nℹ duration_ms 18.2296\n\n✖ failing tests:\n\ntest at test\\parallel\\test-assert-fail.js:46:1\n✖ Object prototype get (0.6055ms)\n  Error: failed\n      at TestContext.<anonymous> (c:\\workspace\\node-test-binary-windows-js-suites\\node\\test\\parallel\\test-assert-fail.js:50:9)\n      at Test.runInAsyncScope (node:async_hooks:211:14)\n      at Test.run (node:internal/test_runner/test:980:25)\n      at Test.processPendingSubtests (node:internal/test_runner/test:678:18)\n      at Test.postRun (node:internal/test_runner/test:1091:19)\n      at Test.run (node:internal/test_runner/test:1019:12)\n      at async Test.processPendingSubtests (node:internal/test_runner/test:678:7)"},"time":174.004,"fullname":"parallel/test-assert-fail","closingTestPoint":false}},{"testName":"parallel/test-assert-fail","timestamp":1737911729396,"status":"REGRESSION","jobName":"node-test-binary-windows-js-suites","config":"node-test-binary-windows-js-suites » 3,win2022-COMPILED_BY-vs2022 #32297","buildUrl":"https://ci.nodejs.org/job/node-test-binary-windows-js-suites/RUN_SUBSET=3,nodes=win2022-COMPILED_BY-vs2022/32297/","buildNumber":32297,"builtOn":"test-rackspace-win2022_vs2022-x64-4","nodeVersion":"24.0.0","commitHash":"2d22b642799379b07239a961bf629c98ff42fa0d","callStack":[{"upstreamBuild":68115,"upstreamProject":"node-test-commit-windows-fanned","upstreamUrl":"job/node-test-commit-windows-fanned/"},{"upstreamBuild":77334,"upstreamProject":"node-test-commit","upstreamUrl":"job/node-test-commit/"},{"upstreamBuild":64759,"upstreamProject":"node-test-pull-request","upstreamUrl":"job/node-test-pull-request/"},{"prId":"56739"}],"tap":{"ok":false,"name":"parallel/test-assert-fail","id":78,"buffered":false,"tapError":null,"skip":false,"todo":false,"previous":null,"plan":null,"diag":{"severity":"fail","exitcode":1,"stack":"✔ No args (6.0667ms)\n✔ One arg = message (0.7261ms)\n✔ One arg = Error (0.657ms)\n✖ Object prototype get (1.1532ms)\nℹ tests 4\nℹ suites 0\nℹ pass 3\nℹ fail 1\nℹ cancelled 0\nℹ skipped 0\nℹ todo 0\nℹ duration_ms 33.4708\n\n✖ failing tests:\n\ntest at test\\parallel\\test-assert-fail.js:46:1\n✖ Object prototype get (1.1532ms)\n  Error: failed\n      at TestContext.<anonymous> (C:\\workspace\\node-test-binary-windows-js-suites\\node\\test\\parallel\\test-assert-fail.js:50:9)\n      at Test.runInAsyncScope (node:async_hooks:211:14)\n      at Test.run (node:internal/test_runner/test:980:25)\n      at Test.processPendingSubtests (node:internal/test_runner/test:678:18)\n      at Test.postRun (node:internal/test_runner/test:1091:19)\n      at Test.run (node:internal/test_runner/test:1019:12)\n      at async Test.processPendingSubtests (node:internal/test_runner/test:678:7)"},"time":362.008,"fullname":"parallel/test-assert-fail","closingTestPoint":false}},{"testName":"parallel/test-assert-fail","timestamp":1737911729396,"status":"REGRESSION","jobName":"node-test-binary-windows-js-suites","config":"node-test-binary-windows-js-suites » 2,win11-arm64-COMPILED_BY-vs2022-arm64 #32297","buildUrl":"https://ci.nodejs.org/job/node-test-binary-windows-js-suites/RUN_SUBSET=2,nodes=win11-arm64-COMPILED_BY-vs2022-arm64/32297/","buildNumber":32297,"builtOn":"test-azure_msft-win11_vs2022-arm64-5","nodeVersion":"24.0.0","commitHash":"2d22b642799379b07239a961bf629c98ff42fa0d","callStack":[{"upstreamBuild":68115,"upstreamProject":"node-test-commit-windows-fanned","upstreamUrl":"job/node-test-commit-windows-fanned/"},{"upstreamBuild":77334,"upstreamProject":"node-test-commit","upstreamUrl":"job/node-test-commit/"},{"upstreamBuild":64759,"upstreamProject":"node-test-pull-request","upstreamUrl":"job/node-test-pull-request/"},{"prId":"56739"}],"tap":{"ok":false,"name":"parallel/test-assert-fail","id":80,"buffered":false,"tapError":null,"skip":false,"todo":false,"previous":null,"plan":null,"diag":{"severity":"fail","exitcode":1,"stack":"✔ No args (5.5054ms)\n✔ One arg = message (0.8465ms)\n✔ One arg = Error (0.3065ms)\n✖ Object prototype get (0.7244ms)\nℹ tests 4\nℹ suites 0\nℹ pass 3\nℹ fail 1\nℹ cancelled 0\nℹ skipped 0\nℹ todo 0\nℹ duration_ms 27.4249\n\n✖ failing tests:\n\ntest at test\\parallel\\test-assert-fail.js:46:1\n✖ Object prototype get (0.7244ms)\n  Error: failed\n      at TestContext.<anonymous> (d:\\workspace\\node-test-binary-windows-js-suites\\node\\test\\parallel\\test-assert-fail.js:50:9)\n      at Test.runInAsyncScope (node:async_hooks:211:14)\n      at Test.run (node:internal/test_runner/test:980:25)\n      at Test.processPendingSubtests (node:internal/test_runner/test:678:18)\n      at Test.postRun (node:internal/test_runner/test:1091:19)\n      at Test.run (node:internal/test_runner/test:1019:12)\n      at async Test.processPendingSubtests (node:internal/test_runner/test:678:7)"},"time":315.992,"fullname":"parallel/test-assert-fail","closingTestPoint":false}}]}