{"failedTests":[{"testName":"parallel/test-child-process-cwd","timestamp":1737973667465,"status":"REGRESSION","jobName":"node-test-binary-windows-js-suites","config":"node-test-binary-windows-js-suites Â» 0,win11-COMPILED_BY-vs2019 #32304","buildUrl":"https://ci.nodejs.org/job/node-test-binary-windows-js-suites/RUN_SUBSET=0,nodes=win11-COMPILED_BY-vs2019/32304/","buildNumber":32304,"builtOn":"test-azure_msft-win11_vs2022-x64-4","nodeVersion":"18.20.7","commitHash":"92896945b88dc07c2b375955abfc3fe49dff4005","callStack":[{"upstreamBuild":68122,"upstreamProject":"node-test-commit-windows-fanned","upstreamUrl":"job/node-test-commit-windows-fanned/"},{"upstreamBuild":77341,"upstreamProject":"node-test-commit","upstreamUrl":"job/node-test-commit/"},{"upstreamBuild":450,"upstreamProject":"node-daily-v18.x-staging","upstreamUrl":"job/node-daily-v18.x-staging/"}],"tap":{"ok":false,"name":"parallel/test-child-process-cwd","id":98,"buffered":false,"tapError":null,"skip":false,"todo":false,"previous":null,"plan":null,"diag":{"severity":"fail","exitcode":1,"stack":"node:assert:125\n  throw new AssertionError(obj);\n  ^\n\nAssertionError [ERR_ASSERTION]: Expected values to be strictly equal:\n+ actual - expected\n\n+ 'C:\\\\Windows'\n- 'C:\\\\WINDOWS'\n        ^\n    at ChildProcess.<anonymous> (c:\\workspace\\node-test-binary-windows-js-suites\\node\\test\\parallel\\test-child-process-cwd.js:55:26)\n    at ChildProcess.<anonymous> (c:\\workspace\\node-test-binary-windows-js-suites\\node\\test\\common\\index.js:467:15)\n    at ChildProcess.emit (node:events:517:28)\n    at maybeClose (node:internal/child_process:1098:16)\n    at ChildProcess._handle.onexit (node:internal/child_process:303:5) {\n  generatedMessage: true,\n  code: 'ERR_ASSERTION',\n  actual: 'C:\\\\Windows',\n  expected: 'C:\\\\WINDOWS',\n  operator: 'strictEqual'\n}\n\nNode.js v18.20.7-pre"},"time":218.002,"fullname":"parallel/test-child-process-cwd","closingTestPoint":false}}]}