{"failedTests":[{"testName":"parallel/test-permission-fs-write","timestamp":1738088315820,"status":"FAILED","jobName":"node-test-binary-windows-js-suites","config":"node-test-binary-windows-js-suites » 0,win11-COMPILED_BY-vs2019 #32345","buildUrl":"https://ci.nodejs.org/job/node-test-binary-windows-js-suites/RUN_SUBSET=0,nodes=win11-COMPILED_BY-vs2019/32345/","buildNumber":32345,"builtOn":"test-azure_msft-win11_vs2022-x64-4","nodeVersion":"20.18.3","commitHash":"f7dfd5f8d0405a01751e4cc581ccee727547250e","callStack":[{"upstreamBuild":68166,"upstreamProject":"node-test-commit-windows-fanned","upstreamUrl":"job/node-test-commit-windows-fanned/"},{"upstreamBuild":77392,"upstreamProject":"node-test-commit","upstreamUrl":"job/node-test-commit/"},{"upstreamBuild":64808,"upstreamProject":"node-test-pull-request","upstreamUrl":"job/node-test-pull-request/"},{"prId":"56782"}],"tap":{"ok":false,"name":"parallel/test-permission-fs-write","id":600,"buffered":false,"tapError":null,"skip":false,"todo":false,"previous":null,"plan":null,"diag":{"severity":"fail","exitcode":1,"stack":"node:assert:90\n  throw new AssertionError(obj);\n  ^\n\nAssertionError [ERR_ASSERTION]: node:assert:377\n\n      throw err;\n\n      ^\n\n\n\nAssertionError [ERR_ASSERTION]: Expected values to be strictly deep-equal:\n\n+ actual - expected\n\n\n\n  Comparison {\n\n    code: 'ERR_ACCESS_DENIED',\n\n    permission: 'FileSystemWrite',\n\n+   resource: 'c:\\\\workspace\\\\node-test-binary-windows-js-suites\\\\node\\\\test\\\\fixtures\\\\permission\\\\deny\\\\protected-file.md'\n\n-   resource: '\\\\\\\\?\\\\c:\\\\workspace\\\\node-test-binary-windows-js-suites\\\\node\\\\test\\\\fixtures\\\\permission\\\\deny\\\\protected-file.md'\n\n  }\n\n    at c:\\workspace\\node-test-binary-windows-js-suites\\node\\test\\common\\index.js:727:12\n\n    at c:\\workspace\\node-test-binary-windows-js-suites\\node\\test\\common\\index.js:474:15\n\n    at node:fs:2327:7\n\n    at FSReqCallback.oncomplete (node:fs:188:23)\n\n    at Object.open (node:fs:558:11)\n\n    at Object.writeFile (node:fs:2325:6)\n\n    at Object.<anonymous> (c:\\workspace\\node-test-binary-windows-js-suites\\node\\test\\fixtures\\permission\\fs-write.js:38:6)\n\n    at Module._compile (node:internal/modules/cjs/loader:1469:14)\n\n    at Module._extensions..js (node:internal/modules/cjs/loader:1548:10)\n\n    at Module.load (node:internal/modules/cjs/loader:1288:32) {\n\n  generatedMessage: true,\n\n  code: 'ERR_ASSERTION',\n\n  actual: Error: Access to this API has been restricted\n\n      at Object.open (node:fs:558:11)\n\n      at Object.writeFile (node:fs:2325:6)\n\n      at Object.<anonymous> (c:\\workspace\\node-test-binary-windows-js-suites\\node\\test\\fixtures\\permission\\fs-write.js:38:6)\n\n      at Module._compile (node:internal/modules/cjs/loader:1469:14)\n\n      at Module._extensions..js (node:internal/modules/cjs/loader:1548:10)\n\n      at Module.load (node:internal/modules/cjs/loader:1288:32)\n\n      at Module._load (node:internal/modules/cjs/loader:1104:12)\n\n      at Function.executeUserEntryPoint [as runMain] (node:internal/modules/run_main:173:12)\n\n      at node:internal/main/run_main_module:28:49 {\n\n    code: 'ERR_ACCESS_DENIED',\n\n    permission: 'FileSystemWrite',\n\n    resource: 'c:\\\\workspace\\\\node-test-binary-windows-js-suites\\\\node\\\\test\\\\fixtures\\\\permission\\\\deny\\\\protected-file.md'\n\n  },\n\n  expected: {\n\n    code: 'ERR_ACCESS_DENIED',\n\n    permission: 'FileSystemWrite',\n\n    resource: '\\\\\\\\?\\\\c:\\\\workspace\\\\node-test-binary-windows-js-suites\\\\node\\\\test\\\\fixtures\\\\permission\\\\deny\\\\protected-file.md'\n\n  },\n\n  operator: 'throws'\n\n}\n\n\n\nNode.js v20.18.3-pre\n\n\n\n1 !== 0\n\n    at Object.<anonymous> (c:\\workspace\\node-test-binary-windows-js-suites\\node\\test\\parallel\\test-permission-fs-write.js:44:10)\n    at Module._compile (node:internal/modules/cjs/loader:1469:14)\n    at Module._extensions..js (node:internal/modules/cjs/loader:1548:10)\n    at Module.load (node:internal/modules/cjs/loader:1288:32)\n    at Module._load (node:internal/modules/cjs/loader:1104:12)\n    at Function.executeUserEntryPoint [as runMain] (node:internal/modules/run_main:173:12)\n    at node:internal/main/run_main_module:28:49 {\n  generatedMessage: false,\n  code: 'ERR_ASSERTION',\n  actual: 1,\n  expected: 0,\n  operator: 'strictEqual'\n}\n\nNode.js v20.18.3-pre"},"time":242.005,"fullname":"parallel/test-permission-fs-write","closingTestPoint":false}},{"testName":"parallel/test-permission-fs-write","timestamp":1738088315820,"status":"FAILED","jobName":"node-test-binary-windows-js-suites","config":"node-test-binary-windows-js-suites » 0,win2016-COMPILED_BY-vs2019-x86 #32345","buildUrl":"https://ci.nodejs.org/job/node-test-binary-windows-js-suites/RUN_SUBSET=0,nodes=win2016-COMPILED_BY-vs2019-x86/32345/","buildNumber":32345,"builtOn":"test-azure_msft-win2016_vs2017-x64-1","nodeVersion":"20.18.3","commitHash":"f7dfd5f8d0405a01751e4cc581ccee727547250e","callStack":[{"upstreamBuild":68166,"upstreamProject":"node-test-commit-windows-fanned","upstreamUrl":"job/node-test-commit-windows-fanned/"},{"upstreamBuild":77392,"upstreamProject":"node-test-commit","upstreamUrl":"job/node-test-commit/"},{"upstreamBuild":64808,"upstreamProject":"node-test-pull-request","upstreamUrl":"job/node-test-pull-request/"},{"prId":"56782"}],"tap":{"ok":false,"name":"parallel/test-permission-fs-write","id":603,"buffered":false,"tapError":null,"skip":false,"todo":false,"previous":null,"plan":null,"diag":{"severity":"fail","exitcode":1,"stack":"node:assert:90\n  throw new AssertionError(obj);\n  ^\n\nAssertionError [ERR_ASSERTION]: node:assert:377\n\n      throw err;\n\n      ^\n\n\n\nAssertionError [ERR_ASSERTION]: Expected values to be strictly deep-equal:\n\n+ actual - expected\n\n\n\n  Comparison {\n\n    code: 'ERR_ACCESS_DENIED',\n\n    permission: 'FileSystemWrite',\n\n+   resource: 'C:\\\\workspace\\\\node-test-binary-windows-js-suites\\\\node\\\\test\\\\fixtures\\\\permission\\\\deny\\\\protected-file.md'\n\n-   resource: '\\\\\\\\?\\\\C:\\\\workspace\\\\node-test-binary-windows-js-suites\\\\node\\\\test\\\\fixtures\\\\permission\\\\deny\\\\protected-file.md'\n\n  }\n\n    at C:\\workspace\\node-test-binary-windows-js-suites\\node\\test\\common\\index.js:727:12\n\n    at C:\\workspace\\node-test-binary-windows-js-suites\\node\\test\\common\\index.js:474:15\n\n    at node:fs:2327:7\n\n    at FSReqCallback.oncomplete (node:fs:188:23)\n\n    at Object.open (node:fs:558:11)\n\n    at Object.writeFile (node:fs:2325:6)\n\n    at Object.<anonymous> (C:\\workspace\\node-test-binary-windows-js-suites\\node\\test\\fixtures\\permission\\fs-write.js:38:6)\n\n    at Module._compile (node:internal/modules/cjs/loader:1469:14)\n\n    at Module._extensions..js (node:internal/modules/cjs/loader:1548:10)\n\n    at Module.load (node:internal/modules/cjs/loader:1288:32) {\n\n  generatedMessage: true,\n\n  code: 'ERR_ASSERTION',\n\n  actual: Error: Access to this API has been restricted\n\n      at Object.open (node:fs:558:11)\n\n      at Object.writeFile (node:fs:2325:6)\n\n      at Object.<anonymous> (C:\\workspace\\node-test-binary-windows-js-suites\\node\\test\\fixtures\\permission\\fs-write.js:38:6)\n\n      at Module._compile (node:internal/modules/cjs/loader:1469:14)\n\n      at Module._extensions..js (node:internal/modules/cjs/loader:1548:10)\n\n      at Module.load (node:internal/modules/cjs/loader:1288:32)\n\n      at Module._load (node:internal/modules/cjs/loader:1104:12)\n\n      at Function.executeUserEntryPoint [as runMain] (node:internal/modules/run_main:173:12)\n\n      at node:internal/main/run_main_module:28:49 {\n\n    code: 'ERR_ACCESS_DENIED',\n\n    permission: 'FileSystemWrite',\n\n    resource: 'C:\\\\workspace\\\\node-test-binary-windows-js-suites\\\\node\\\\test\\\\fixtures\\\\permission\\\\deny\\\\protected-file.md'\n\n  },\n\n  expected: {\n\n    code: 'ERR_ACCESS_DENIED',\n\n    permission: 'FileSystemWrite',\n\n    resource: '\\\\\\\\?\\\\C:\\\\workspace\\\\node-test-binary-windows-js-suites\\\\node\\\\test\\\\fixtures\\\\permission\\\\deny\\\\protected-file.md'\n\n  },\n\n  operator: 'throws'\n\n}\n\n\n\nNode.js v20.18.3-pre\n\n\n\n1 !== 0\n\n    at Object.<anonymous> (C:\\workspace\\node-test-binary-windows-js-suites\\node\\test\\parallel\\test-permission-fs-write.js:44:10)\n    at Module._compile (node:internal/modules/cjs/loader:1469:14)\n    at Module._extensions..js (node:internal/modules/cjs/loader:1548:10)\n    at Module.load (node:internal/modules/cjs/loader:1288:32)\n    at Module._load (node:internal/modules/cjs/loader:1104:12)\n    at Function.executeUserEntryPoint [as runMain] (node:internal/modules/run_main:173:12)\n    at node:internal/main/run_main_module:28:49 {\n  generatedMessage: false,\n  code: 'ERR_ASSERTION',\n  actual: 1,\n  expected: 0,\n  operator: 'strictEqual'\n}\n\nNode.js v20.18.3-pre"},"time":253.002,"fullname":"parallel/test-permission-fs-write","closingTestPoint":false}},{"testName":"parallel/test-permission-fs-write","timestamp":1738088315820,"status":"FAILED","jobName":"node-test-binary-windows-js-suites","config":"node-test-binary-windows-js-suites » 0,win2019-COMPILED_BY-vs2019 #32345","buildUrl":"https://ci.nodejs.org/job/node-test-binary-windows-js-suites/RUN_SUBSET=0,nodes=win2019-COMPILED_BY-vs2019/32345/","buildNumber":32345,"builtOn":"test-rackspace-win2019_vs2019-x64-1","nodeVersion":"20.18.3","commitHash":"f7dfd5f8d0405a01751e4cc581ccee727547250e","callStack":[{"upstreamBuild":68166,"upstreamProject":"node-test-commit-windows-fanned","upstreamUrl":"job/node-test-commit-windows-fanned/"},{"upstreamBuild":77392,"upstreamProject":"node-test-commit","upstreamUrl":"job/node-test-commit/"},{"upstreamBuild":64808,"upstreamProject":"node-test-pull-request","upstreamUrl":"job/node-test-pull-request/"},{"prId":"56782"}],"tap":{"ok":false,"name":"parallel/test-permission-fs-write","id":603,"buffered":false,"tapError":null,"skip":false,"todo":false,"previous":null,"plan":null,"diag":{"severity":"fail","exitcode":1,"stack":"node:assert:90\n  throw new AssertionError(obj);\n  ^\n\nAssertionError [ERR_ASSERTION]: node:assert:377\n\n      throw err;\n\n      ^\n\n\n\nAssertionError [ERR_ASSERTION]: Expected values to be strictly deep-equal:\n\n+ actual - expected\n\n\n\n  Comparison {\n\n    code: 'ERR_ACCESS_DENIED',\n\n    permission: 'FileSystemWrite',\n\n+   resource: 'C:\\\\workspace\\\\node-test-binary-windows-js-suites\\\\node\\\\test\\\\fixtures\\\\permission\\\\deny\\\\protected-file.md'\n\n-   resource: '\\\\\\\\?\\\\C:\\\\workspace\\\\node-test-binary-windows-js-suites\\\\node\\\\test\\\\fixtures\\\\permission\\\\deny\\\\protected-file.md'\n\n  }\n\n    at C:\\workspace\\node-test-binary-windows-js-suites\\node\\test\\common\\index.js:727:12\n\n    at C:\\workspace\\node-test-binary-windows-js-suites\\node\\test\\common\\index.js:474:15\n\n    at node:fs:2327:7\n\n    at FSReqCallback.oncomplete (node:fs:188:23)\n\n    at Object.open (node:fs:558:11)\n\n    at Object.writeFile (node:fs:2325:6)\n\n    at Object.<anonymous> (C:\\workspace\\node-test-binary-windows-js-suites\\node\\test\\fixtures\\permission\\fs-write.js:38:6)\n\n    at Module._compile (node:internal/modules/cjs/loader:1469:14)\n\n    at Module._extensions..js (node:internal/modules/cjs/loader:1548:10)\n\n    at Module.load (node:internal/modules/cjs/loader:1288:32) {\n\n  generatedMessage: true,\n\n  code: 'ERR_ASSERTION',\n\n  actual: Error: Access to this API has been restricted\n\n      at Object.open (node:fs:558:11)\n\n      at Object.writeFile (node:fs:2325:6)\n\n      at Object.<anonymous> (C:\\workspace\\node-test-binary-windows-js-suites\\node\\test\\fixtures\\permission\\fs-write.js:38:6)\n\n      at Module._compile (node:internal/modules/cjs/loader:1469:14)\n\n      at Module._extensions..js (node:internal/modules/cjs/loader:1548:10)\n\n      at Module.load (node:internal/modules/cjs/loader:1288:32)\n\n      at Module._load (node:internal/modules/cjs/loader:1104:12)\n\n      at Function.executeUserEntryPoint [as runMain] (node:internal/modules/run_main:173:12)\n\n      at node:internal/main/run_main_module:28:49 {\n\n    code: 'ERR_ACCESS_DENIED',\n\n    permission: 'FileSystemWrite',\n\n    resource: 'C:\\\\workspace\\\\node-test-binary-windows-js-suites\\\\node\\\\test\\\\fixtures\\\\permission\\\\deny\\\\protected-file.md'\n\n  },\n\n  expected: {\n\n    code: 'ERR_ACCESS_DENIED',\n\n    permission: 'FileSystemWrite',\n\n    resource: '\\\\\\\\?\\\\C:\\\\workspace\\\\node-test-binary-windows-js-suites\\\\node\\\\test\\\\fixtures\\\\permission\\\\deny\\\\protected-file.md'\n\n  },\n\n  operator: 'throws'\n\n}\n\n\n\nNode.js v20.18.3-pre\n\n\n\n1 !== 0\n\n    at Object.<anonymous> (C:\\workspace\\node-test-binary-windows-js-suites\\node\\test\\parallel\\test-permission-fs-write.js:44:10)\n    at Module._compile (node:internal/modules/cjs/loader:1469:14)\n    at Module._extensions..js (node:internal/modules/cjs/loader:1548:10)\n    at Module.load (node:internal/modules/cjs/loader:1288:32)\n    at Module._load (node:internal/modules/cjs/loader:1104:12)\n    at Function.executeUserEntryPoint [as runMain] (node:internal/modules/run_main:173:12)\n    at node:internal/main/run_main_module:28:49 {\n  generatedMessage: false,\n  code: 'ERR_ASSERTION',\n  actual: 1,\n  expected: 0,\n  operator: 'strictEqual'\n}\n\nNode.js v20.18.3-pre"},"time":625.054,"fullname":"parallel/test-permission-fs-write","closingTestPoint":false}},{"testName":"parallel/test-permission-fs-read","timestamp":1738088315820,"status":"FAILED","jobName":"node-test-binary-windows-js-suites","config":"node-test-binary-windows-js-suites » 2,win11-arm64-COMPILED_BY-vs2019-arm64 #32345","buildUrl":"https://ci.nodejs.org/job/node-test-binary-windows-js-suites/RUN_SUBSET=2,nodes=win11-arm64-COMPILED_BY-vs2019-arm64/32345/","buildNumber":32345,"builtOn":"test-azure_msft-win11_vs2022-arm64-2","nodeVersion":"20.18.3","commitHash":"f7dfd5f8d0405a01751e4cc581ccee727547250e","callStack":[{"upstreamBuild":68166,"upstreamProject":"node-test-commit-windows-fanned","upstreamUrl":"job/node-test-commit-windows-fanned/"},{"upstreamBuild":77392,"upstreamProject":"node-test-commit","upstreamUrl":"job/node-test-commit/"},{"upstreamBuild":64808,"upstreamProject":"node-test-pull-request","upstreamUrl":"job/node-test-pull-request/"},{"prId":"56782"}],"tap":{"ok":false,"name":"parallel/test-permission-fs-read","id":597,"buffered":false,"tapError":null,"skip":false,"todo":false,"previous":null,"plan":null,"diag":{"severity":"fail","exitcode":1,"stack":"node:assert:90\n  throw new AssertionError(obj);\n  ^\n\nAssertionError [ERR_ASSERTION]: node:assert:377\n\n      throw err;\n\n      ^\n\n\n\nAssertionError [ERR_ASSERTION]: Expected values to be strictly deep-equal:\n\n+ actual - expected\n\n\n\n  Comparison {\n\n    code: 'ERR_ACCESS_DENIED',\n\n    permission: 'FileSystemRead',\n\n+   resource: 'd:\\\\workspace\\\\node-test-binary-windows-js-suites\\\\node\\\\test\\\\fixtures\\\\permission\\\\deny\\\\protected-file.md'\n\n-   resource: '\\\\\\\\?\\\\d:\\\\workspace\\\\node-test-binary-windows-js-suites\\\\node\\\\test\\\\fixtures\\\\permission\\\\deny\\\\protected-file.md'\n\n  }\n\n    at ReadFileContext.<anonymous> (d:\\workspace\\node-test-binary-windows-js-suites\\node\\test\\common\\index.js:727:12)\n\n    at ReadFileContext.callback (d:\\workspace\\node-test-binary-windows-js-suites\\node\\test\\common\\index.js:474:15)\n\n    at FSReqCallback.readFileAfterOpen [as oncomplete] (node:fs:300:13)\n\n    at Object.readFile (node:fs:391:11)\n\n    at Object.<anonymous> (d:\\workspace\\node-test-binary-windows-js-suites\\node\\test\\fixtures\\permission\\fs-read.js:23:6)\n\n    at Module._compile (node:internal/modules/cjs/loader:1469:14)\n\n    at Module._extensions..js (node:internal/modules/cjs/loader:1548:10)\n\n    at Module.load (node:internal/modules/cjs/loader:1288:32)\n\n    at Module._load (node:internal/modules/cjs/loader:1104:12)\n\n    at Function.executeUserEntryPoint [as runMain] (node:internal/modules/run_main:173:12) {\n\n  generatedMessage: true,\n\n  code: 'ERR_ASSERTION',\n\n  actual: Error: Access to this API has been restricted\n\n      at Object.readFile (node:fs:391:11)\n\n      at Object.<anonymous> (d:\\workspace\\node-test-binary-windows-js-suites\\node\\test\\fixtures\\permission\\fs-read.js:23:6)\n\n      at Module._compile (node:internal/modules/cjs/loader:1469:14)\n\n      at Module._extensions..js (node:internal/modules/cjs/loader:1548:10)\n\n      at Module.load (node:internal/modules/cjs/loader:1288:32)\n\n      at Module._load (node:internal/modules/cjs/loader:1104:12)\n\n      at Function.executeUserEntryPoint [as runMain] (node:internal/modules/run_main:173:12)\n\n      at node:internal/main/run_main_module:28:49 {\n\n    code: 'ERR_ACCESS_DENIED',\n\n    permission: 'FileSystemRead',\n\n    resource: 'd:\\\\workspace\\\\node-test-binary-windows-js-suites\\\\node\\\\test\\\\fixtures\\\\permission\\\\deny\\\\protected-file.md'\n\n  },\n\n  expected: {\n\n    code: 'ERR_ACCESS_DENIED',\n\n    permission: 'FileSystemRead',\n\n    resource: '\\\\\\\\?\\\\d:\\\\workspace\\\\node-test-binary-windows-js-suites\\\\node\\\\test\\\\fixtures\\\\permission\\\\deny\\\\protected-file.md'\n\n  },\n\n  operator: 'throws'\n\n}\n\n\n\nNode.js v20.18.3-pre\n\n\n\n1 !== 0\n\n    at Object.<anonymous> (d:\\workspace\\node-test-binary-windows-js-suites\\node\\test\\parallel\\test-permission-fs-read.js:42:10)\n    at Module._compile (node:internal/modules/cjs/loader:1469:14)\n    at Module._extensions..js (node:internal/modules/cjs/loader:1548:10)\n    at Module.load (node:internal/modules/cjs/loader:1288:32)\n    at Module._load (node:internal/modules/cjs/loader:1104:12)\n    at Function.executeUserEntryPoint [as runMain] (node:internal/modules/run_main:173:12)\n    at node:internal/main/run_main_module:28:49 {\n  generatedMessage: false,\n  code: 'ERR_ASSERTION',\n  actual: 1,\n  expected: 0,\n  operator: 'strictEqual'\n}\n\nNode.js v20.18.3-pre"},"time":470.992,"fullname":"parallel/test-permission-fs-read","closingTestPoint":false}},{"testName":"parallel/test-permission-fs-read","timestamp":1738088315820,"status":"FAILED","jobName":"node-test-binary-windows-js-suites","config":"node-test-binary-windows-js-suites » 1,win10-COMPILED_BY-vs2019 #32345","buildUrl":"https://ci.nodejs.org/job/node-test-binary-windows-js-suites/RUN_SUBSET=1,nodes=win10-COMPILED_BY-vs2019/32345/","buildNumber":32345,"builtOn":"test-azure_msft-win10_vs2019-x64-3","nodeVersion":"20.18.3","commitHash":"f7dfd5f8d0405a01751e4cc581ccee727547250e","callStack":[{"upstreamBuild":68166,"upstreamProject":"node-test-commit-windows-fanned","upstreamUrl":"job/node-test-commit-windows-fanned/"},{"upstreamBuild":77392,"upstreamProject":"node-test-commit","upstreamUrl":"job/node-test-commit/"},{"upstreamBuild":64808,"upstreamProject":"node-test-pull-request","upstreamUrl":"job/node-test-pull-request/"},{"prId":"56782"}],"tap":{"ok":false,"name":"parallel/test-permission-fs-read","id":597,"buffered":false,"tapError":null,"skip":false,"todo":false,"previous":null,"plan":null,"diag":{"severity":"fail","exitcode":1,"stack":"node:assert:90\n  throw new AssertionError(obj);\n  ^\n\nAssertionError [ERR_ASSERTION]: node:assert:377\n\n      throw err;\n\n      ^\n\n\n\nAssertionError [ERR_ASSERTION]: Expected values to be strictly deep-equal:\n\n+ actual - expected\n\n\n\n  Comparison {\n\n    code: 'ERR_ACCESS_DENIED',\n\n    permission: 'FileSystemRead',\n\n+   resource: 'c:\\\\workspace\\\\node-test-binary-windows-js-suites\\\\node\\\\test\\\\fixtures\\\\permission\\\\deny\\\\protected-file.md'\n\n-   resource: '\\\\\\\\?\\\\c:\\\\workspace\\\\node-test-binary-windows-js-suites\\\\node\\\\test\\\\fixtures\\\\permission\\\\deny\\\\protected-file.md'\n\n  }\n\n    at ReadFileContext.<anonymous> (c:\\workspace\\node-test-binary-windows-js-suites\\node\\test\\common\\index.js:727:12)\n\n    at ReadFileContext.callback (c:\\workspace\\node-test-binary-windows-js-suites\\node\\test\\common\\index.js:474:15)\n\n    at FSReqCallback.readFileAfterOpen [as oncomplete] (node:fs:300:13)\n\n    at Object.readFile (node:fs:391:11)\n\n    at Object.<anonymous> (c:\\workspace\\node-test-binary-windows-js-suites\\node\\test\\fixtures\\permission\\fs-read.js:23:6)\n\n    at Module._compile (node:internal/modules/cjs/loader:1469:14)\n\n    at Module._extensions..js (node:internal/modules/cjs/loader:1548:10)\n\n    at Module.load (node:internal/modules/cjs/loader:1288:32)\n\n    at Module._load (node:internal/modules/cjs/loader:1104:12)\n\n    at Function.executeUserEntryPoint [as runMain] (node:internal/modules/run_main:173:12) {\n\n  generatedMessage: true,\n\n  code: 'ERR_ASSERTION',\n\n  actual: Error: Access to this API has been restricted\n\n      at Object.readFile (node:fs:391:11)\n\n      at Object.<anonymous> (c:\\workspace\\node-test-binary-windows-js-suites\\node\\test\\fixtures\\permission\\fs-read.js:23:6)\n\n      at Module._compile (node:internal/modules/cjs/loader:1469:14)\n\n      at Module._extensions..js (node:internal/modules/cjs/loader:1548:10)\n\n      at Module.load (node:internal/modules/cjs/loader:1288:32)\n\n      at Module._load (node:internal/modules/cjs/loader:1104:12)\n\n      at Function.executeUserEntryPoint [as runMain] (node:internal/modules/run_main:173:12)\n\n      at node:internal/main/run_main_module:28:49 {\n\n    code: 'ERR_ACCESS_DENIED',\n\n    permission: 'FileSystemRead',\n\n    resource: 'c:\\\\workspace\\\\node-test-binary-windows-js-suites\\\\node\\\\test\\\\fixtures\\\\permission\\\\deny\\\\protected-file.md'\n\n  },\n\n  expected: {\n\n    code: 'ERR_ACCESS_DENIED',\n\n    permission: 'FileSystemRead',\n\n    resource: '\\\\\\\\?\\\\c:\\\\workspace\\\\node-test-binary-windows-js-suites\\\\node\\\\test\\\\fixtures\\\\permission\\\\deny\\\\protected-file.md'\n\n  },\n\n  operator: 'throws'\n\n}\n\n\n\nNode.js v20.18.3-pre\n\n\n\n1 !== 0\n\n    at Object.<anonymous> (c:\\workspace\\node-test-binary-windows-js-suites\\node\\test\\parallel\\test-permission-fs-read.js:42:10)\n    at Module._compile (node:internal/modules/cjs/loader:1469:14)\n    at Module._extensions..js (node:internal/modules/cjs/loader:1548:10)\n    at Module.load (node:internal/modules/cjs/loader:1288:32)\n    at Module._load (node:internal/modules/cjs/loader:1104:12)\n    at Function.executeUserEntryPoint [as runMain] (node:internal/modules/run_main:173:12)\n    at node:internal/main/run_main_module:28:49 {\n  generatedMessage: false,\n  code: 'ERR_ASSERTION',\n  actual: 1,\n  expected: 0,\n  operator: 'strictEqual'\n}\n\nNode.js v20.18.3-pre"},"time":292.019,"fullname":"parallel/test-permission-fs-read","closingTestPoint":false}},{"testName":"parallel/test-permission-fs-read","timestamp":1738088315820,"status":"FAILED","jobName":"node-test-binary-windows-js-suites","config":"node-test-binary-windows-js-suites » 1,win2022-COMPILED_BY-vs2019 #32345","buildUrl":"https://ci.nodejs.org/job/node-test-binary-windows-js-suites/RUN_SUBSET=1,nodes=win2022-COMPILED_BY-vs2019/32345/","buildNumber":32345,"builtOn":"test-rackspace-win2022_vs2022-x64-3","nodeVersion":"20.18.3","commitHash":"f7dfd5f8d0405a01751e4cc581ccee727547250e","callStack":[{"upstreamBuild":68166,"upstreamProject":"node-test-commit-windows-fanned","upstreamUrl":"job/node-test-commit-windows-fanned/"},{"upstreamBuild":77392,"upstreamProject":"node-test-commit","upstreamUrl":"job/node-test-commit/"},{"upstreamBuild":64808,"upstreamProject":"node-test-pull-request","upstreamUrl":"job/node-test-pull-request/"},{"prId":"56782"}],"tap":{"ok":false,"name":"parallel/test-permission-fs-read","id":597,"buffered":false,"tapError":null,"skip":false,"todo":false,"previous":null,"plan":null,"diag":{"severity":"fail","exitcode":1,"stack":"node:assert:90\n  throw new AssertionError(obj);\n  ^\n\nAssertionError [ERR_ASSERTION]: node:assert:377\n\n      throw err;\n\n      ^\n\n\n\nAssertionError [ERR_ASSERTION]: Expected values to be strictly deep-equal:\n\n+ actual - expected\n\n\n\n  Comparison {\n\n    code: 'ERR_ACCESS_DENIED',\n\n    permission: 'FileSystemRead',\n\n+   resource: 'C:\\\\workspace\\\\node-test-binary-windows-js-suites\\\\node\\\\test\\\\fixtures\\\\permission\\\\deny\\\\protected-file.md'\n\n-   resource: '\\\\\\\\?\\\\C:\\\\workspace\\\\node-test-binary-windows-js-suites\\\\node\\\\test\\\\fixtures\\\\permission\\\\deny\\\\protected-file.md'\n\n  }\n\n    at ReadFileContext.<anonymous> (C:\\workspace\\node-test-binary-windows-js-suites\\node\\test\\common\\index.js:727:12)\n\n    at ReadFileContext.callback (C:\\workspace\\node-test-binary-windows-js-suites\\node\\test\\common\\index.js:474:15)\n\n    at FSReqCallback.readFileAfterOpen [as oncomplete] (node:fs:300:13)\n\n    at Object.readFile (node:fs:391:11)\n\n    at Object.<anonymous> (C:\\workspace\\node-test-binary-windows-js-suites\\node\\test\\fixtures\\permission\\fs-read.js:23:6)\n\n    at Module._compile (node:internal/modules/cjs/loader:1469:14)\n\n    at Module._extensions..js (node:internal/modules/cjs/loader:1548:10)\n\n    at Module.load (node:internal/modules/cjs/loader:1288:32)\n\n    at Module._load (node:internal/modules/cjs/loader:1104:12)\n\n    at Function.executeUserEntryPoint [as runMain] (node:internal/modules/run_main:173:12) {\n\n  generatedMessage: true,\n\n  code: 'ERR_ASSERTION',\n\n  actual: Error: Access to this API has been restricted\n\n      at Object.readFile (node:fs:391:11)\n\n      at Object.<anonymous> (C:\\workspace\\node-test-binary-windows-js-suites\\node\\test\\fixtures\\permission\\fs-read.js:23:6)\n\n      at Module._compile (node:internal/modules/cjs/loader:1469:14)\n\n      at Module._extensions..js (node:internal/modules/cjs/loader:1548:10)\n\n      at Module.load (node:internal/modules/cjs/loader:1288:32)\n\n      at Module._load (node:internal/modules/cjs/loader:1104:12)\n\n      at Function.executeUserEntryPoint [as runMain] (node:internal/modules/run_main:173:12)\n\n      at node:internal/main/run_main_module:28:49 {\n\n    code: 'ERR_ACCESS_DENIED',\n\n    permission: 'FileSystemRead',\n\n    resource: 'C:\\\\workspace\\\\node-test-binary-windows-js-suites\\\\node\\\\test\\\\fixtures\\\\permission\\\\deny\\\\protected-file.md'\n\n  },\n\n  expected: {\n\n    code: 'ERR_ACCESS_DENIED',\n\n    permission: 'FileSystemRead',\n\n    resource: '\\\\\\\\?\\\\C:\\\\workspace\\\\node-test-binary-windows-js-suites\\\\node\\\\test\\\\fixtures\\\\permission\\\\deny\\\\protected-file.md'\n\n  },\n\n  operator: 'throws'\n\n}\n\n\n\nNode.js v20.18.3-pre\n\n\n\n1 !== 0\n\n    at Object.<anonymous> (C:\\workspace\\node-test-binary-windows-js-suites\\node\\test\\parallel\\test-permission-fs-read.js:42:10)\n    at Module._compile (node:internal/modules/cjs/loader:1469:14)\n    at Module._extensions..js (node:internal/modules/cjs/loader:1548:10)\n    at Module.load (node:internal/modules/cjs/loader:1288:32)\n    at Module._load (node:internal/modules/cjs/loader:1104:12)\n    at Function.executeUserEntryPoint [as runMain] (node:internal/modules/run_main:173:12)\n    at node:internal/main/run_main_module:28:49 {\n  generatedMessage: false,\n  code: 'ERR_ASSERTION',\n  actual: 1,\n  expected: 0,\n  operator: 'strictEqual'\n}\n\nNode.js v20.18.3-pre"},"time":509.99,"fullname":"parallel/test-permission-fs-read","closingTestPoint":false}},{"testName":"parallel/test-permission-fs-read","timestamp":1738088315820,"status":"FAILED","jobName":"node-test-binary-windows-js-suites","config":"node-test-binary-windows-js-suites » 1,win11-COMPILED_BY-vs2019 #32345","buildUrl":"https://ci.nodejs.org/job/node-test-binary-windows-js-suites/RUN_SUBSET=1,nodes=win11-COMPILED_BY-vs2019/32345/","buildNumber":32345,"builtOn":"test-azure_msft-win11_vs2022-x64-4","nodeVersion":"20.18.3","commitHash":"f7dfd5f8d0405a01751e4cc581ccee727547250e","callStack":[{"upstreamBuild":68166,"upstreamProject":"node-test-commit-windows-fanned","upstreamUrl":"job/node-test-commit-windows-fanned/"},{"upstreamBuild":77392,"upstreamProject":"node-test-commit","upstreamUrl":"job/node-test-commit/"},{"upstreamBuild":64808,"upstreamProject":"node-test-pull-request","upstreamUrl":"job/node-test-pull-request/"},{"prId":"56782"}],"tap":{"ok":false,"name":"parallel/test-permission-fs-read","id":597,"buffered":false,"tapError":null,"skip":false,"todo":false,"previous":null,"plan":null,"diag":{"severity":"fail","exitcode":1,"stack":"node:assert:90\n  throw new AssertionError(obj);\n  ^\n\nAssertionError [ERR_ASSERTION]: node:assert:377\n\n      throw err;\n\n      ^\n\n\n\nAssertionError [ERR_ASSERTION]: Expected values to be strictly deep-equal:\n\n+ actual - expected\n\n\n\n  Comparison {\n\n    code: 'ERR_ACCESS_DENIED',\n\n    permission: 'FileSystemRead',\n\n+   resource: 'c:\\\\workspace\\\\node-test-binary-windows-js-suites\\\\node\\\\test\\\\fixtures\\\\permission\\\\deny\\\\protected-file.md'\n\n-   resource: '\\\\\\\\?\\\\c:\\\\workspace\\\\node-test-binary-windows-js-suites\\\\node\\\\test\\\\fixtures\\\\permission\\\\deny\\\\protected-file.md'\n\n  }\n\n    at ReadFileContext.<anonymous> (c:\\workspace\\node-test-binary-windows-js-suites\\node\\test\\common\\index.js:727:12)\n\n    at ReadFileContext.callback (c:\\workspace\\node-test-binary-windows-js-suites\\node\\test\\common\\index.js:474:15)\n\n    at FSReqCallback.readFileAfterOpen [as oncomplete] (node:fs:300:13)\n\n    at Object.readFile (node:fs:391:11)\n\n    at Object.<anonymous> (c:\\workspace\\node-test-binary-windows-js-suites\\node\\test\\fixtures\\permission\\fs-read.js:23:6)\n\n    at Module._compile (node:internal/modules/cjs/loader:1469:14)\n\n    at Module._extensions..js (node:internal/modules/cjs/loader:1548:10)\n\n    at Module.load (node:internal/modules/cjs/loader:1288:32)\n\n    at Module._load (node:internal/modules/cjs/loader:1104:12)\n\n    at Function.executeUserEntryPoint [as runMain] (node:internal/modules/run_main:173:12) {\n\n  generatedMessage: true,\n\n  code: 'ERR_ASSERTION',\n\n  actual: Error: Access to this API has been restricted\n\n      at Object.readFile (node:fs:391:11)\n\n      at Object.<anonymous> (c:\\workspace\\node-test-binary-windows-js-suites\\node\\test\\fixtures\\permission\\fs-read.js:23:6)\n\n      at Module._compile (node:internal/modules/cjs/loader:1469:14)\n\n      at Module._extensions..js (node:internal/modules/cjs/loader:1548:10)\n\n      at Module.load (node:internal/modules/cjs/loader:1288:32)\n\n      at Module._load (node:internal/modules/cjs/loader:1104:12)\n\n      at Function.executeUserEntryPoint [as runMain] (node:internal/modules/run_main:173:12)\n\n      at node:internal/main/run_main_module:28:49 {\n\n    code: 'ERR_ACCESS_DENIED',\n\n    permission: 'FileSystemRead',\n\n    resource: 'c:\\\\workspace\\\\node-test-binary-windows-js-suites\\\\node\\\\test\\\\fixtures\\\\permission\\\\deny\\\\protected-file.md'\n\n  },\n\n  expected: {\n\n    code: 'ERR_ACCESS_DENIED',\n\n    permission: 'FileSystemRead',\n\n    resource: '\\\\\\\\?\\\\c:\\\\workspace\\\\node-test-binary-windows-js-suites\\\\node\\\\test\\\\fixtures\\\\permission\\\\deny\\\\protected-file.md'\n\n  },\n\n  operator: 'throws'\n\n}\n\n\n\nNode.js v20.18.3-pre\n\n\n\n1 !== 0\n\n    at Object.<anonymous> (c:\\workspace\\node-test-binary-windows-js-suites\\node\\test\\parallel\\test-permission-fs-read.js:42:10)\n    at Module._compile (node:internal/modules/cjs/loader:1469:14)\n    at Module._extensions..js (node:internal/modules/cjs/loader:1548:10)\n    at Module.load (node:internal/modules/cjs/loader:1288:32)\n    at Module._load (node:internal/modules/cjs/loader:1104:12)\n    at Function.executeUserEntryPoint [as runMain] (node:internal/modules/run_main:173:12)\n    at node:internal/main/run_main_module:28:49 {\n  generatedMessage: false,\n  code: 'ERR_ASSERTION',\n  actual: 1,\n  expected: 0,\n  operator: 'strictEqual'\n}\n\nNode.js v20.18.3-pre"},"time":229.006,"fullname":"parallel/test-permission-fs-read","closingTestPoint":false}},{"testName":"parallel/test-permission-fs-write","timestamp":1738088315820,"status":"FAILED","jobName":"node-test-binary-windows-js-suites","config":"node-test-binary-windows-js-suites » 0,win10-COMPILED_BY-vs2019 #32345","buildUrl":"https://ci.nodejs.org/job/node-test-binary-windows-js-suites/RUN_SUBSET=0,nodes=win10-COMPILED_BY-vs2019/32345/","buildNumber":32345,"builtOn":"test-azure_msft-win10_vs2019-x64-4","nodeVersion":"20.18.3","commitHash":"f7dfd5f8d0405a01751e4cc581ccee727547250e","callStack":[{"upstreamBuild":68166,"upstreamProject":"node-test-commit-windows-fanned","upstreamUrl":"job/node-test-commit-windows-fanned/"},{"upstreamBuild":77392,"upstreamProject":"node-test-commit","upstreamUrl":"job/node-test-commit/"},{"upstreamBuild":64808,"upstreamProject":"node-test-pull-request","upstreamUrl":"job/node-test-pull-request/"},{"prId":"56782"}],"tap":{"ok":false,"name":"parallel/test-permission-fs-write","id":600,"buffered":false,"tapError":null,"skip":false,"todo":false,"previous":null,"plan":null,"diag":{"severity":"fail","exitcode":1,"stack":"node:assert:90\n  throw new AssertionError(obj);\n  ^\n\nAssertionError [ERR_ASSERTION]: node:assert:377\n\n      throw err;\n\n      ^\n\n\n\nAssertionError [ERR_ASSERTION]: Expected values to be strictly deep-equal:\n\n+ actual - expected\n\n\n\n  Comparison {\n\n    code: 'ERR_ACCESS_DENIED',\n\n    permission: 'FileSystemWrite',\n\n+   resource: 'c:\\\\workspace\\\\node-test-binary-windows-js-suites\\\\node\\\\test\\\\fixtures\\\\permission\\\\deny\\\\protected-file.md'\n\n-   resource: '\\\\\\\\?\\\\c:\\\\workspace\\\\node-test-binary-windows-js-suites\\\\node\\\\test\\\\fixtures\\\\permission\\\\deny\\\\protected-file.md'\n\n  }\n\n    at c:\\workspace\\node-test-binary-windows-js-suites\\node\\test\\common\\index.js:727:12\n\n    at c:\\workspace\\node-test-binary-windows-js-suites\\node\\test\\common\\index.js:474:15\n\n    at node:fs:2327:7\n\n    at FSReqCallback.oncomplete (node:fs:188:23)\n\n    at Object.open (node:fs:558:11)\n\n    at Object.writeFile (node:fs:2325:6)\n\n    at Object.<anonymous> (c:\\workspace\\node-test-binary-windows-js-suites\\node\\test\\fixtures\\permission\\fs-write.js:38:6)\n\n    at Module._compile (node:internal/modules/cjs/loader:1469:14)\n\n    at Module._extensions..js (node:internal/modules/cjs/loader:1548:10)\n\n    at Module.load (node:internal/modules/cjs/loader:1288:32) {\n\n  generatedMessage: true,\n\n  code: 'ERR_ASSERTION',\n\n  actual: Error: Access to this API has been restricted\n\n      at Object.open (node:fs:558:11)\n\n      at Object.writeFile (node:fs:2325:6)\n\n      at Object.<anonymous> (c:\\workspace\\node-test-binary-windows-js-suites\\node\\test\\fixtures\\permission\\fs-write.js:38:6)\n\n      at Module._compile (node:internal/modules/cjs/loader:1469:14)\n\n      at Module._extensions..js (node:internal/modules/cjs/loader:1548:10)\n\n      at Module.load (node:internal/modules/cjs/loader:1288:32)\n\n      at Module._load (node:internal/modules/cjs/loader:1104:12)\n\n      at Function.executeUserEntryPoint [as runMain] (node:internal/modules/run_main:173:12)\n\n      at node:internal/main/run_main_module:28:49 {\n\n    code: 'ERR_ACCESS_DENIED',\n\n    permission: 'FileSystemWrite',\n\n    resource: 'c:\\\\workspace\\\\node-test-binary-windows-js-suites\\\\node\\\\test\\\\fixtures\\\\permission\\\\deny\\\\protected-file.md'\n\n  },\n\n  expected: {\n\n    code: 'ERR_ACCESS_DENIED',\n\n    permission: 'FileSystemWrite',\n\n    resource: '\\\\\\\\?\\\\c:\\\\workspace\\\\node-test-binary-windows-js-suites\\\\node\\\\test\\\\fixtures\\\\permission\\\\deny\\\\protected-file.md'\n\n  },\n\n  operator: 'throws'\n\n}\n\n\n\nNode.js v20.18.3-pre\n\n\n\n1 !== 0\n\n    at Object.<anonymous> (c:\\workspace\\node-test-binary-windows-js-suites\\node\\test\\parallel\\test-permission-fs-write.js:44:10)\n    at Module._compile (node:internal/modules/cjs/loader:1469:14)\n    at Module._extensions..js (node:internal/modules/cjs/loader:1548:10)\n    at Module.load (node:internal/modules/cjs/loader:1288:32)\n    at Module._load (node:internal/modules/cjs/loader:1104:12)\n    at Function.executeUserEntryPoint [as runMain] (node:internal/modules/run_main:173:12)\n    at node:internal/main/run_main_module:28:49 {\n  generatedMessage: false,\n  code: 'ERR_ASSERTION',\n  actual: 1,\n  expected: 0,\n  operator: 'strictEqual'\n}\n\nNode.js v20.18.3-pre"},"time":228.001,"fullname":"parallel/test-permission-fs-write","closingTestPoint":false}},{"testName":"parallel/test-permission-fs-read","timestamp":1738088315820,"status":"FAILED","jobName":"node-test-binary-windows-js-suites","config":"node-test-binary-windows-js-suites » 1,win2019-COMPILED_BY-vs2019 #32345","buildUrl":"https://ci.nodejs.org/job/node-test-binary-windows-js-suites/RUN_SUBSET=1,nodes=win2019-COMPILED_BY-vs2019/32345/","buildNumber":32345,"builtOn":"test-rackspace-win2019_vs2019-x64-3","nodeVersion":"20.18.3","commitHash":"f7dfd5f8d0405a01751e4cc581ccee727547250e","callStack":[{"upstreamBuild":68166,"upstreamProject":"node-test-commit-windows-fanned","upstreamUrl":"job/node-test-commit-windows-fanned/"},{"upstreamBuild":77392,"upstreamProject":"node-test-commit","upstreamUrl":"job/node-test-commit/"},{"upstreamBuild":64808,"upstreamProject":"node-test-pull-request","upstreamUrl":"job/node-test-pull-request/"},{"prId":"56782"}],"tap":{"ok":false,"name":"parallel/test-permission-fs-read","id":598,"buffered":false,"tapError":null,"skip":false,"todo":false,"previous":null,"plan":null,"diag":{"severity":"fail","exitcode":1,"stack":"node:assert:90\n  throw new AssertionError(obj);\n  ^\n\nAssertionError [ERR_ASSERTION]: node:assert:377\n\n      throw err;\n\n      ^\n\n\n\nAssertionError [ERR_ASSERTION]: Expected values to be strictly deep-equal:\n\n+ actual - expected\n\n\n\n  Comparison {\n\n    code: 'ERR_ACCESS_DENIED',\n\n    permission: 'FileSystemRead',\n\n+   resource: 'C:\\\\workspace\\\\node-test-binary-windows-js-suites\\\\node\\\\test\\\\fixtures\\\\permission\\\\deny\\\\protected-file.md'\n\n-   resource: '\\\\\\\\?\\\\C:\\\\workspace\\\\node-test-binary-windows-js-suites\\\\node\\\\test\\\\fixtures\\\\permission\\\\deny\\\\protected-file.md'\n\n  }\n\n    at ReadFileContext.<anonymous> (C:\\workspace\\node-test-binary-windows-js-suites\\node\\test\\common\\index.js:727:12)\n\n    at ReadFileContext.callback (C:\\workspace\\node-test-binary-windows-js-suites\\node\\test\\common\\index.js:474:15)\n\n    at FSReqCallback.readFileAfterOpen [as oncomplete] (node:fs:300:13)\n\n    at Object.readFile (node:fs:391:11)\n\n    at Object.<anonymous> (C:\\workspace\\node-test-binary-windows-js-suites\\node\\test\\fixtures\\permission\\fs-read.js:23:6)\n\n    at Module._compile (node:internal/modules/cjs/loader:1469:14)\n\n    at Module._extensions..js (node:internal/modules/cjs/loader:1548:10)\n\n    at Module.load (node:internal/modules/cjs/loader:1288:32)\n\n    at Module._load (node:internal/modules/cjs/loader:1104:12)\n\n    at Function.executeUserEntryPoint [as runMain] (node:internal/modules/run_main:173:12) {\n\n  generatedMessage: true,\n\n  code: 'ERR_ASSERTION',\n\n  actual: Error: Access to this API has been restricted\n\n      at Object.readFile (node:fs:391:11)\n\n      at Object.<anonymous> (C:\\workspace\\node-test-binary-windows-js-suites\\node\\test\\fixtures\\permission\\fs-read.js:23:6)\n\n      at Module._compile (node:internal/modules/cjs/loader:1469:14)\n\n      at Module._extensions..js (node:internal/modules/cjs/loader:1548:10)\n\n      at Module.load (node:internal/modules/cjs/loader:1288:32)\n\n      at Module._load (node:internal/modules/cjs/loader:1104:12)\n\n      at Function.executeUserEntryPoint [as runMain] (node:internal/modules/run_main:173:12)\n\n      at node:internal/main/run_main_module:28:49 {\n\n    code: 'ERR_ACCESS_DENIED',\n\n    permission: 'FileSystemRead',\n\n    resource: 'C:\\\\workspace\\\\node-test-binary-windows-js-suites\\\\node\\\\test\\\\fixtures\\\\permission\\\\deny\\\\protected-file.md'\n\n  },\n\n  expected: {\n\n    code: 'ERR_ACCESS_DENIED',\n\n    permission: 'FileSystemRead',\n\n    resource: '\\\\\\\\?\\\\C:\\\\workspace\\\\node-test-binary-windows-js-suites\\\\node\\\\test\\\\fixtures\\\\permission\\\\deny\\\\protected-file.md'\n\n  },\n\n  operator: 'throws'\n\n}\n\n\n\nNode.js v20.18.3-pre\n\n\n\n1 !== 0\n\n    at Object.<anonymous> (C:\\workspace\\node-test-binary-windows-js-suites\\node\\test\\parallel\\test-permission-fs-read.js:42:10)\n    at Module._compile (node:internal/modules/cjs/loader:1469:14)\n    at Module._extensions..js (node:internal/modules/cjs/loader:1548:10)\n    at Module.load (node:internal/modules/cjs/loader:1288:32)\n    at Module._load (node:internal/modules/cjs/loader:1104:12)\n    at Function.executeUserEntryPoint [as runMain] (node:internal/modules/run_main:173:12)\n    at node:internal/main/run_main_module:28:49 {\n  generatedMessage: false,\n  code: 'ERR_ASSERTION',\n  actual: 1,\n  expected: 0,\n  operator: 'strictEqual'\n}\n\nNode.js v20.18.3-pre"},"time":486.007,"fullname":"parallel/test-permission-fs-read","closingTestPoint":false}},{"testName":"parallel/test-permission-fs-write","timestamp":1738088315820,"status":"FAILED","jobName":"node-test-binary-windows-js-suites","config":"node-test-binary-windows-js-suites » 0,win2022-COMPILED_BY-vs2019 #32345","buildUrl":"https://ci.nodejs.org/job/node-test-binary-windows-js-suites/RUN_SUBSET=0,nodes=win2022-COMPILED_BY-vs2019/32345/","buildNumber":32345,"builtOn":"test-rackspace-win2022_vs2022-x64-2","nodeVersion":"20.18.3","commitHash":"f7dfd5f8d0405a01751e4cc581ccee727547250e","callStack":[{"upstreamBuild":68166,"upstreamProject":"node-test-commit-windows-fanned","upstreamUrl":"job/node-test-commit-windows-fanned/"},{"upstreamBuild":77392,"upstreamProject":"node-test-commit","upstreamUrl":"job/node-test-commit/"},{"upstreamBuild":64808,"upstreamProject":"node-test-pull-request","upstreamUrl":"job/node-test-pull-request/"},{"prId":"56782"}],"tap":{"ok":false,"name":"parallel/test-permission-fs-write","id":600,"buffered":false,"tapError":null,"skip":false,"todo":false,"previous":null,"plan":null,"diag":{"severity":"fail","exitcode":1,"stack":"node:assert:90\n  throw new AssertionError(obj);\n  ^\n\nAssertionError [ERR_ASSERTION]: node:assert:377\n\n      throw err;\n\n      ^\n\n\n\nAssertionError [ERR_ASSERTION]: Expected values to be strictly deep-equal:\n\n+ actual - expected\n\n\n\n  Comparison {\n\n    code: 'ERR_ACCESS_DENIED',\n\n    permission: 'FileSystemWrite',\n\n+   resource: 'C:\\\\workspace\\\\node-test-binary-windows-js-suites\\\\node\\\\test\\\\fixtures\\\\permission\\\\deny\\\\protected-file.md'\n\n-   resource: '\\\\\\\\?\\\\C:\\\\workspace\\\\node-test-binary-windows-js-suites\\\\node\\\\test\\\\fixtures\\\\permission\\\\deny\\\\protected-file.md'\n\n  }\n\n    at C:\\workspace\\node-test-binary-windows-js-suites\\node\\test\\common\\index.js:727:12\n\n    at C:\\workspace\\node-test-binary-windows-js-suites\\node\\test\\common\\index.js:474:15\n\n    at node:fs:2327:7\n\n    at FSReqCallback.oncomplete (node:fs:188:23)\n\n    at Object.open (node:fs:558:11)\n\n    at Object.writeFile (node:fs:2325:6)\n\n    at Object.<anonymous> (C:\\workspace\\node-test-binary-windows-js-suites\\node\\test\\fixtures\\permission\\fs-write.js:38:6)\n\n    at Module._compile (node:internal/modules/cjs/loader:1469:14)\n\n    at Module._extensions..js (node:internal/modules/cjs/loader:1548:10)\n\n    at Module.load (node:internal/modules/cjs/loader:1288:32) {\n\n  generatedMessage: true,\n\n  code: 'ERR_ASSERTION',\n\n  actual: Error: Access to this API has been restricted\n\n      at Object.open (node:fs:558:11)\n\n      at Object.writeFile (node:fs:2325:6)\n\n      at Object.<anonymous> (C:\\workspace\\node-test-binary-windows-js-suites\\node\\test\\fixtures\\permission\\fs-write.js:38:6)\n\n      at Module._compile (node:internal/modules/cjs/loader:1469:14)\n\n      at Module._extensions..js (node:internal/modules/cjs/loader:1548:10)\n\n      at Module.load (node:internal/modules/cjs/loader:1288:32)\n\n      at Module._load (node:internal/modules/cjs/loader:1104:12)\n\n      at Function.executeUserEntryPoint [as runMain] (node:internal/modules/run_main:173:12)\n\n      at node:internal/main/run_main_module:28:49 {\n\n    code: 'ERR_ACCESS_DENIED',\n\n    permission: 'FileSystemWrite',\n\n    resource: 'C:\\\\workspace\\\\node-test-binary-windows-js-suites\\\\node\\\\test\\\\fixtures\\\\permission\\\\deny\\\\protected-file.md'\n\n  },\n\n  expected: {\n\n    code: 'ERR_ACCESS_DENIED',\n\n    permission: 'FileSystemWrite',\n\n    resource: '\\\\\\\\?\\\\C:\\\\workspace\\\\node-test-binary-windows-js-suites\\\\node\\\\test\\\\fixtures\\\\permission\\\\deny\\\\protected-file.md'\n\n  },\n\n  operator: 'throws'\n\n}\n\n\n\nNode.js v20.18.3-pre\n\n\n\n1 !== 0\n\n    at Object.<anonymous> (C:\\workspace\\node-test-binary-windows-js-suites\\node\\test\\parallel\\test-permission-fs-write.js:44:10)\n    at Module._compile (node:internal/modules/cjs/loader:1469:14)\n    at Module._extensions..js (node:internal/modules/cjs/loader:1548:10)\n    at Module.load (node:internal/modules/cjs/loader:1288:32)\n    at Module._load (node:internal/modules/cjs/loader:1104:12)\n    at Function.executeUserEntryPoint [as runMain] (node:internal/modules/run_main:173:12)\n    at node:internal/main/run_main_module:28:49 {\n  generatedMessage: false,\n  code: 'ERR_ASSERTION',\n  actual: 1,\n  expected: 0,\n  operator: 'strictEqual'\n}\n\nNode.js v20.18.3-pre"},"time":423.005,"fullname":"parallel/test-permission-fs-write","closingTestPoint":false}},{"testName":"parallel/test-permission-fs-read","timestamp":1738088315820,"status":"FAILED","jobName":"node-test-binary-windows-js-suites","config":"node-test-binary-windows-js-suites » 1,win2016-COMPILED_BY-vs2019-x86 #32345","buildUrl":"https://ci.nodejs.org/job/node-test-binary-windows-js-suites/RUN_SUBSET=1,nodes=win2016-COMPILED_BY-vs2019-x86/32345/","buildNumber":32345,"builtOn":"test-rackspace-win2016_vs2015-x64-2","nodeVersion":"20.18.3","commitHash":"f7dfd5f8d0405a01751e4cc581ccee727547250e","callStack":[{"upstreamBuild":68166,"upstreamProject":"node-test-commit-windows-fanned","upstreamUrl":"job/node-test-commit-windows-fanned/"},{"upstreamBuild":77392,"upstreamProject":"node-test-commit","upstreamUrl":"job/node-test-commit/"},{"upstreamBuild":64808,"upstreamProject":"node-test-pull-request","upstreamUrl":"job/node-test-pull-request/"},{"prId":"56782"}],"tap":{"ok":false,"name":"parallel/test-permission-fs-read","id":596,"buffered":false,"tapError":null,"skip":false,"todo":false,"previous":null,"plan":null,"diag":{"severity":"fail","exitcode":1,"stack":"node:assert:90\n  throw new AssertionError(obj);\n  ^\n\nAssertionError [ERR_ASSERTION]: node:assert:377\n\n      throw err;\n\n      ^\n\n\n\nAssertionError [ERR_ASSERTION]: Expected values to be strictly deep-equal:\n\n+ actual - expected\n\n\n\n  Comparison {\n\n    code: 'ERR_ACCESS_DENIED',\n\n    permission: 'FileSystemRead',\n\n+   resource: 'C:\\\\workspace\\\\node-test-binary-windows-js-suites\\\\node\\\\test\\\\fixtures\\\\permission\\\\deny\\\\protected-file.md'\n\n-   resource: '\\\\\\\\?\\\\C:\\\\workspace\\\\node-test-binary-windows-js-suites\\\\node\\\\test\\\\fixtures\\\\permission\\\\deny\\\\protected-file.md'\n\n  }\n\n    at ReadFileContext.<anonymous> (C:\\workspace\\node-test-binary-windows-js-suites\\node\\test\\common\\index.js:727:12)\n\n    at ReadFileContext.callback (C:\\workspace\\node-test-binary-windows-js-suites\\node\\test\\common\\index.js:474:15)\n\n    at FSReqCallback.readFileAfterOpen [as oncomplete] (node:fs:300:13)\n\n    at Object.readFile (node:fs:391:11)\n\n    at Object.<anonymous> (C:\\workspace\\node-test-binary-windows-js-suites\\node\\test\\fixtures\\permission\\fs-read.js:23:6)\n\n    at Module._compile (node:internal/modules/cjs/loader:1469:14)\n\n    at Module._extensions..js (node:internal/modules/cjs/loader:1548:10)\n\n    at Module.load (node:internal/modules/cjs/loader:1288:32)\n\n    at Module._load (node:internal/modules/cjs/loader:1104:12)\n\n    at Function.executeUserEntryPoint [as runMain] (node:internal/modules/run_main:173:12) {\n\n  generatedMessage: true,\n\n  code: 'ERR_ASSERTION',\n\n  actual: Error: Access to this API has been restricted\n\n      at Object.readFile (node:fs:391:11)\n\n      at Object.<anonymous> (C:\\workspace\\node-test-binary-windows-js-suites\\node\\test\\fixtures\\permission\\fs-read.js:23:6)\n\n      at Module._compile (node:internal/modules/cjs/loader:1469:14)\n\n      at Module._extensions..js (node:internal/modules/cjs/loader:1548:10)\n\n      at Module.load (node:internal/modules/cjs/loader:1288:32)\n\n      at Module._load (node:internal/modules/cjs/loader:1104:12)\n\n      at Function.executeUserEntryPoint [as runMain] (node:internal/modules/run_main:173:12)\n\n      at node:internal/main/run_main_module:28:49 {\n\n    code: 'ERR_ACCESS_DENIED',\n\n    permission: 'FileSystemRead',\n\n    resource: 'C:\\\\workspace\\\\node-test-binary-windows-js-suites\\\\node\\\\test\\\\fixtures\\\\permission\\\\deny\\\\protected-file.md'\n\n  },\n\n  expected: {\n\n    code: 'ERR_ACCESS_DENIED',\n\n    permission: 'FileSystemRead',\n\n    resource: '\\\\\\\\?\\\\C:\\\\workspace\\\\node-test-binary-windows-js-suites\\\\node\\\\test\\\\fixtures\\\\permission\\\\deny\\\\protected-file.md'\n\n  },\n\n  operator: 'throws'\n\n}\n\n\n\nNode.js v20.18.3-pre\n\n\n\n1 !== 0\n\n    at Object.<anonymous> (C:\\workspace\\node-test-binary-windows-js-suites\\node\\test\\parallel\\test-permission-fs-read.js:42:10)\n    at Module._compile (node:internal/modules/cjs/loader:1469:14)\n    at Module._extensions..js (node:internal/modules/cjs/loader:1548:10)\n    at Module.load (node:internal/modules/cjs/loader:1288:32)\n    at Module._load (node:internal/modules/cjs/loader:1104:12)\n    at Function.executeUserEntryPoint [as runMain] (node:internal/modules/run_main:173:12)\n    at node:internal/main/run_main_module:28:49 {\n  generatedMessage: false,\n  code: 'ERR_ASSERTION',\n  actual: 1,\n  expected: 0,\n  operator: 'strictEqual'\n}\n\nNode.js v20.18.3-pre"},"time":488.996,"fullname":"parallel/test-permission-fs-read","closingTestPoint":false}},{"testName":"parallel/test-permission-fs-write","timestamp":1738088315820,"status":"FAILED","jobName":"node-test-binary-windows-js-suites","config":"node-test-binary-windows-js-suites » 1,win11-arm64-COMPILED_BY-vs2019-arm64 #32345","buildUrl":"https://ci.nodejs.org/job/node-test-binary-windows-js-suites/RUN_SUBSET=1,nodes=win11-arm64-COMPILED_BY-vs2019-arm64/32345/","buildNumber":32345,"builtOn":"test-azure_msft-win11_vs2022-arm64-5","nodeVersion":"20.18.3","commitHash":"f7dfd5f8d0405a01751e4cc581ccee727547250e","callStack":[{"upstreamBuild":68166,"upstreamProject":"node-test-commit-windows-fanned","upstreamUrl":"job/node-test-commit-windows-fanned/"},{"upstreamBuild":77392,"upstreamProject":"node-test-commit","upstreamUrl":"job/node-test-commit/"},{"upstreamBuild":64808,"upstreamProject":"node-test-pull-request","upstreamUrl":"job/node-test-pull-request/"},{"prId":"56782"}],"tap":{"ok":false,"name":"parallel/test-permission-fs-write","id":598,"buffered":false,"tapError":null,"skip":false,"todo":false,"previous":null,"plan":null,"diag":{"severity":"fail","exitcode":1,"stack":"node:assert:90\n  throw new AssertionError(obj);\n  ^\n\nAssertionError [ERR_ASSERTION]: node:assert:377\n\n      throw err;\n\n      ^\n\n\n\nAssertionError [ERR_ASSERTION]: Expected values to be strictly deep-equal:\n\n+ actual - expected\n\n\n\n  Comparison {\n\n    code: 'ERR_ACCESS_DENIED',\n\n    permission: 'FileSystemWrite',\n\n+   resource: 'd:\\\\workspace\\\\node-test-binary-windows-js-suites\\\\node\\\\test\\\\fixtures\\\\permission\\\\deny\\\\protected-file.md'\n\n-   resource: '\\\\\\\\?\\\\d:\\\\workspace\\\\node-test-binary-windows-js-suites\\\\node\\\\test\\\\fixtures\\\\permission\\\\deny\\\\protected-file.md'\n\n  }\n\n    at d:\\workspace\\node-test-binary-windows-js-suites\\node\\test\\common\\index.js:727:12\n\n    at d:\\workspace\\node-test-binary-windows-js-suites\\node\\test\\common\\index.js:474:15\n\n    at node:fs:2327:7\n\n    at FSReqCallback.oncomplete (node:fs:188:23)\n\n    at Object.open (node:fs:558:11)\n\n    at Object.writeFile (node:fs:2325:6)\n\n    at Object.<anonymous> (d:\\workspace\\node-test-binary-windows-js-suites\\node\\test\\fixtures\\permission\\fs-write.js:38:6)\n\n    at Module._compile (node:internal/modules/cjs/loader:1469:14)\n\n    at Module._extensions..js (node:internal/modules/cjs/loader:1548:10)\n\n    at Module.load (node:internal/modules/cjs/loader:1288:32) {\n\n  generatedMessage: true,\n\n  code: 'ERR_ASSERTION',\n\n  actual: Error: Access to this API has been restricted\n\n      at Object.open (node:fs:558:11)\n\n      at Object.writeFile (node:fs:2325:6)\n\n      at Object.<anonymous> (d:\\workspace\\node-test-binary-windows-js-suites\\node\\test\\fixtures\\permission\\fs-write.js:38:6)\n\n      at Module._compile (node:internal/modules/cjs/loader:1469:14)\n\n      at Module._extensions..js (node:internal/modules/cjs/loader:1548:10)\n\n      at Module.load (node:internal/modules/cjs/loader:1288:32)\n\n      at Module._load (node:internal/modules/cjs/loader:1104:12)\n\n      at Function.executeUserEntryPoint [as runMain] (node:internal/modules/run_main:173:12)\n\n      at node:internal/main/run_main_module:28:49 {\n\n    code: 'ERR_ACCESS_DENIED',\n\n    permission: 'FileSystemWrite',\n\n    resource: 'd:\\\\workspace\\\\node-test-binary-windows-js-suites\\\\node\\\\test\\\\fixtures\\\\permission\\\\deny\\\\protected-file.md'\n\n  },\n\n  expected: {\n\n    code: 'ERR_ACCESS_DENIED',\n\n    permission: 'FileSystemWrite',\n\n    resource: '\\\\\\\\?\\\\d:\\\\workspace\\\\node-test-binary-windows-js-suites\\\\node\\\\test\\\\fixtures\\\\permission\\\\deny\\\\protected-file.md'\n\n  },\n\n  operator: 'throws'\n\n}\n\n\n\nNode.js v20.18.3-pre\n\n\n\n1 !== 0\n\n    at Object.<anonymous> (d:\\workspace\\node-test-binary-windows-js-suites\\node\\test\\parallel\\test-permission-fs-write.js:44:10)\n    at Module._compile (node:internal/modules/cjs/loader:1469:14)\n    at Module._extensions..js (node:internal/modules/cjs/loader:1548:10)\n    at Module.load (node:internal/modules/cjs/loader:1288:32)\n    at Module._load (node:internal/modules/cjs/loader:1104:12)\n    at Function.executeUserEntryPoint [as runMain] (node:internal/modules/run_main:173:12)\n    at node:internal/main/run_main_module:28:49 {\n  generatedMessage: false,\n  code: 'ERR_ASSERTION',\n  actual: 1,\n  expected: 0,\n  operator: 'strictEqual'\n}\n\nNode.js v20.18.3-pre"},"time":464.995,"fullname":"parallel/test-permission-fs-write","closingTestPoint":false}}]}