{"failedTests":[{"testName":"parallel/test-process-threadCpuUsage-worker-threads","timestamp":1739055466026,"status":"FAILED","jobName":"node-test-binary-windows-js-suites","config":"node-test-binary-windows-js-suites » 1,win11-COMPILED_BY-vs2022 #32549","buildUrl":"https://ci.nodejs.org/job/node-test-binary-windows-js-suites/RUN_SUBSET=1,nodes=win11-COMPILED_BY-vs2022/32549/","buildNumber":32549,"builtOn":"test-azure_msft-win11_vs2022-x64-4","nodeVersion":"24.0.0","commitHash":"f3786f6b3d19778fbf5966b2c8025e396137b423","callStack":[{"upstreamBuild":68408,"upstreamProject":"node-test-commit-windows-fanned","upstreamUrl":"job/node-test-commit-windows-fanned/"},{"upstreamBuild":77701,"upstreamProject":"node-test-commit","upstreamUrl":"job/node-test-commit/"},{"upstreamBuild":65059,"upstreamProject":"node-test-pull-request","upstreamUrl":"job/node-test-pull-request/"},{"prId":"56467"}],"tap":{"ok":false,"name":"parallel/test-process-threadCpuUsage-worker-threads","id":670,"buffered":false,"tapError":null,"skip":false,"todo":false,"previous":null,"plan":null,"diag":{"severity":"fail","exitcode":1,"stack":"node:internal/process/promises:394\n    triggerUncaughtException(err, true /* fromPromise */);\n    ^\n\nAssertionError [ERR_ASSERTION]: The expression evaluated to a falsy value:\n\n  ok(typeof results[i].thread.system === 'number' && results[i].thread.system > 0)\n\n    at validateResults (c:\\workspace\\node-test-binary-windows-js-suites\\node\\test\\parallel\\test-process-threadCpuUsage-worker-threads.js:41:5)\n    at Timeout.<anonymous> (c:\\workspace\\node-test-binary-windows-js-suites\\node\\test\\parallel\\test-process-threadCpuUsage-worker-threads.js:68:5)\n    at process.processTicksAndRejections (node:internal/process/task_queues:105:5) {\n  generatedMessage: true,\n  code: 'ERR_ASSERTION',\n  actual: false,\n  expected: true,\n  operator: '=='\n}\n\nNode.js v24.0.0-pre"},"time":5710.859,"fullname":"parallel/test-process-threadCpuUsage-worker-threads","closingTestPoint":false}},{"testName":"parallel/test-process-threadCpuUsage-worker-threads","timestamp":1739055466026,"status":"FAILED","jobName":"node-test-binary-windows-js-suites","config":"node-test-binary-windows-js-suites » 1,win10-COMPILED_BY-vs2022 #32549","buildUrl":"https://ci.nodejs.org/job/node-test-binary-windows-js-suites/RUN_SUBSET=1,nodes=win10-COMPILED_BY-vs2022/32549/","buildNumber":32549,"builtOn":"test-azure_msft-win10_vs2019-x64-4","nodeVersion":"24.0.0","commitHash":"f3786f6b3d19778fbf5966b2c8025e396137b423","callStack":[{"upstreamBuild":68408,"upstreamProject":"node-test-commit-windows-fanned","upstreamUrl":"job/node-test-commit-windows-fanned/"},{"upstreamBuild":77701,"upstreamProject":"node-test-commit","upstreamUrl":"job/node-test-commit/"},{"upstreamBuild":65059,"upstreamProject":"node-test-pull-request","upstreamUrl":"job/node-test-pull-request/"},{"prId":"56467"}],"tap":{"ok":false,"name":"parallel/test-process-threadCpuUsage-worker-threads","id":696,"buffered":false,"tapError":null,"skip":false,"todo":false,"previous":null,"plan":null,"diag":{"severity":"fail","exitcode":1,"stack":"node:internal/process/promises:394\n    triggerUncaughtException(err, true /* fromPromise */);\n    ^\n\nAssertionError [ERR_ASSERTION]: The expression evaluated to a falsy value:\n\n  ok(typeof results[i].thread.system === 'number' && results[i].thread.system > 0)\n\n    at validateResults (c:\\workspace\\node-test-binary-windows-js-suites\\node\\test\\parallel\\test-process-threadCpuUsage-worker-threads.js:41:5)\n    at Timeout.<anonymous> (c:\\workspace\\node-test-binary-windows-js-suites\\node\\test\\parallel\\test-process-threadCpuUsage-worker-threads.js:68:5)\n    at process.processTicksAndRejections (node:internal/process/task_queues:105:5) {\n  generatedMessage: true,\n  code: 'ERR_ASSERTION',\n  actual: false,\n  expected: true,\n  operator: '=='\n}\n\nNode.js v24.0.0-pre"},"time":5813.657,"fullname":"parallel/test-process-threadCpuUsage-worker-threads","closingTestPoint":false}},{"testName":"parallel/test-fs-cp","timestamp":1739055466026,"status":"FAILED","jobName":"node-test-binary-windows-js-suites","config":"node-test-binary-windows-js-suites » 2,win11-COMPILED_BY-vs2022 #32549","buildUrl":"https://ci.nodejs.org/job/node-test-binary-windows-js-suites/RUN_SUBSET=2,nodes=win11-COMPILED_BY-vs2022/32549/","buildNumber":32549,"builtOn":"test-azure_msft-win11_vs2022-x64-4","nodeVersion":"24.0.0","commitHash":"f3786f6b3d19778fbf5966b2c8025e396137b423","callStack":[{"upstreamBuild":68408,"upstreamProject":"node-test-commit-windows-fanned","upstreamUrl":"job/node-test-commit-windows-fanned/"},{"upstreamBuild":77701,"upstreamProject":"node-test-commit","upstreamUrl":"job/node-test-commit/"},{"upstreamBuild":65059,"upstreamProject":"node-test-pull-request","upstreamUrl":"job/node-test-pull-request/"},{"prId":"56467"}],"tap":{"ok":false,"name":"parallel/test-fs-cp","id":303,"buffered":false,"tapError":null,"skip":false,"todo":": Fix flaky test","previous":null,"plan":null,"diag":{"severity":"flaky","exitcode":1,"stack":"node:assert:128\n  throw new AssertionError(obj);\n  ^\n\nAssertionError [ERR_ASSERTION]: Expected values to be strictly equal:\n+ actual - expected\n\n+ 'ERR_FS_EISDIR'\n- 'ERR_FS_CP_EINVAL'\n          ^\n\n    at file:///c:/workspace/node-test-binary-windows-js-suites/node/test/parallel/test-fs-cp.mjs:687:12\n    at c:\\workspace\\node-test-binary-windows-js-suites\\node\\test\\common\\index.js:435:15\n    at node:fs:190:23\n    at callbackifyOnRejected (node:util:219:10)\n    at process.processTicksAndRejections (node:internal/process/task_queues:90:21) {\n  generatedMessage: true,\n  code: 'ERR_ASSERTION',\n  actual: 'ERR_FS_EISDIR',\n  expected: 'ERR_FS_CP_EINVAL',\n  operator: 'strictEqual'\n}\n\nNode.js v24.0.0-pre"},"time":500.959,"fullname":"parallel/test-fs-cp","closingTestPoint":false}}]}