{"failedTests":[{"testName":"parallel/test-without-async-context-frame","timestamp":1739052913792,"status":"FAILED","jobName":"node-test-binary-windows-js-suites","config":"node-test-binary-windows-js-suites Â» 2,win11-COMPILED_BY-vs2022 #32547","buildUrl":"https://ci.nodejs.org/job/node-test-binary-windows-js-suites/RUN_SUBSET=2,nodes=win11-COMPILED_BY-vs2022/32547/","buildNumber":32547,"builtOn":"test-azure_msft-win11_vs2022-x64-3","nodeVersion":"24.0.0","commitHash":"439ac01c876f071288de99bb80e6c8eeb167175e","callStack":[{"upstreamBuild":68407,"upstreamProject":"node-test-commit-windows-fanned","upstreamUrl":"job/node-test-commit-windows-fanned/"},{"upstreamBuild":77700,"upstreamProject":"node-test-commit","upstreamUrl":"job/node-test-commit/"},{"upstreamBuild":65058,"upstreamProject":"node-test-pull-request","upstreamUrl":"job/node-test-pull-request/"},{"prId":"56963"}],"tap":{"ok":false,"name":"parallel/test-without-async-context-frame","id":997,"buffered":false,"tapError":null,"skip":false,"todo":": Fix flaky test","previous":null,"plan":null,"diag":{"severity":"flaky","exitcode":1,"stack":"Test failure: 'async-hooks\\test-async-local-storage-dgram.js'\nLocation: test\\parallel\\test-without-async-context-frame.mjs:49:5\nAssertionError [ERR_ASSERTION]: Test async-hooks\\test-async-local-storage-dgram.js failed with exit code 3221225477\n\n3221225477 !== 0\n\n    at TestContext.<anonymous> (file:///c:/workspace/node-test-binary-windows-js-suites/node/test/parallel/test-without-async-context-frame.mjs:59:7)\n    at process.processTicksAndRejections (node:internal/process/task_queues:105:5)\n    at async Test.run (node:internal/test_runner/test:990:9)\n    at async Suite.processPendingSubtests (node:internal/test_runner/test:680:7) {\n  generatedMessage: false,\n  code: 'ERR_ASSERTION',\n  actual: 3221225477,\n  expected: 0,\n  operator: 'strictEqual'\n}"},"time":24640.813,"fullname":"parallel/test-without-async-context-frame","closingTestPoint":false}}]}