{"failedTests":[{"testName":"parallel/test-config-json-schema","timestamp":1739965914742,"status":"FAILED","jobName":"node-test-binary-windows-js-suites","config":"node-test-binary-windows-js-suites » 2,win2019-COMPILED_BY-vs2022 #32764","buildUrl":"https://ci.nodejs.org/job/node-test-binary-windows-js-suites/RUN_SUBSET=2,nodes=win2019-COMPILED_BY-vs2022/32764/","buildNumber":32764,"builtOn":"test-rackspace-win2019_vs2019-x64-3","nodeVersion":"24.0.0","commitHash":"d7a46179c95eee2860c3fb24deba7c2c02f8a524","callStack":[{"upstreamBuild":68663,"upstreamProject":"node-test-commit-windows-fanned","upstreamUrl":"job/node-test-commit-windows-fanned/"},{"upstreamBuild":78002,"upstreamProject":"node-test-commit","upstreamUrl":"job/node-test-commit/"},{"upstreamBuild":65316,"upstreamProject":"node-test-pull-request","upstreamUrl":"job/node-test-pull-request/"},{"prId":"57016"}],"tap":{"ok":false,"name":"parallel/test-config-json-schema","id":172,"buffered":false,"tapError":null,"skip":false,"todo":false,"previous":null,"plan":null,"diag":{"severity":"fail","exitcode":1,"stack":"node:internal/modules/cjs/loader:1408\n  throw err;\n  ^\n\nError: Cannot find module '../../out/doc/node_config_json_schema.json'\nRequire stack:\n- C:\\workspace\\node-test-binary-windows-js-suites\\node\\test\\parallel\\test-config-json-schema.js\n    at Function._resolveFilename (node:internal/modules/cjs/loader:1405:15)\n    at defaultResolveImpl (node:internal/modules/cjs/loader:1061:19)\n    at resolveForCJSWithHooks (node:internal/modules/cjs/loader:1066:22)\n    at Function._load (node:internal/modules/cjs/loader:1215:37)\n    at TracingChannel.traceSync (node:diagnostics_channel:322:14)\n    at wrapModuleLoad (node:internal/modules/cjs/loader:235:24)\n    at Module.require (node:internal/modules/cjs/loader:1491:12)\n    at require (node:internal/modules/helpers:135:16)\n    at Object.<anonymous> (C:\\workspace\\node-test-binary-windows-js-suites\\node\\test\\parallel\\test-config-json-schema.js:10:21)\n    at Module._compile (node:internal/modules/cjs/loader:1734:14) {\n  code: 'MODULE_NOT_FOUND',\n  requireStack: [\n    'C:\\\\workspace\\\\node-test-binary-windows-js-suites\\\\node\\\\test\\\\parallel\\\\test-config-json-schema.js'\n  ]\n}\n\nNode.js v24.0.0-pre"},"time":236.003,"fullname":"parallel/test-config-json-schema","closingTestPoint":false}},{"testName":"parallel/test-config-json-schema","timestamp":1739965914742,"status":"FAILED","jobName":"node-test-binary-windows-js-suites","config":"node-test-binary-windows-js-suites » 2,win11-COMPILED_BY-vs2022 #32764","buildUrl":"https://ci.nodejs.org/job/node-test-binary-windows-js-suites/RUN_SUBSET=2,nodes=win11-COMPILED_BY-vs2022/32764/","buildNumber":32764,"builtOn":"test-azure_msft-win11_vs2022-x64-3","nodeVersion":"24.0.0","commitHash":"d7a46179c95eee2860c3fb24deba7c2c02f8a524","callStack":[{"upstreamBuild":68663,"upstreamProject":"node-test-commit-windows-fanned","upstreamUrl":"job/node-test-commit-windows-fanned/"},{"upstreamBuild":78002,"upstreamProject":"node-test-commit","upstreamUrl":"job/node-test-commit/"},{"upstreamBuild":65316,"upstreamProject":"node-test-pull-request","upstreamUrl":"job/node-test-pull-request/"},{"prId":"57016"}],"tap":{"ok":false,"name":"parallel/test-config-json-schema","id":176,"buffered":false,"tapError":null,"skip":false,"todo":false,"previous":null,"plan":null,"diag":{"severity":"fail","exitcode":1,"stack":"node:internal/modules/cjs/loader:1408\n  throw err;\n  ^\n\nError: Cannot find module '../../out/doc/node_config_json_schema.json'\nRequire stack:\n- c:\\workspace\\node-test-binary-windows-js-suites\\node\\test\\parallel\\test-config-json-schema.js\n    at Function._resolveFilename (node:internal/modules/cjs/loader:1405:15)\n    at defaultResolveImpl (node:internal/modules/cjs/loader:1061:19)\n    at resolveForCJSWithHooks (node:internal/modules/cjs/loader:1066:22)\n    at Function._load (node:internal/modules/cjs/loader:1215:37)\n    at TracingChannel.traceSync (node:diagnostics_channel:322:14)\n    at wrapModuleLoad (node:internal/modules/cjs/loader:235:24)\n    at Module.require (node:internal/modules/cjs/loader:1491:12)\n    at require (node:internal/modules/helpers:135:16)\n    at Object.<anonymous> (c:\\workspace\\node-test-binary-windows-js-suites\\node\\test\\parallel\\test-config-json-schema.js:10:21)\n    at Module._compile (node:internal/modules/cjs/loader:1734:14) {\n  code: 'MODULE_NOT_FOUND',\n  requireStack: [\n    'c:\\\\workspace\\\\node-test-binary-windows-js-suites\\\\node\\\\test\\\\parallel\\\\test-config-json-schema.js'\n  ]\n}\n\nNode.js v24.0.0-pre"},"time":190.004,"fullname":"parallel/test-config-json-schema","closingTestPoint":false}},{"testName":"parallel/test-config-json-schema","timestamp":1739965914742,"status":"FAILED","jobName":"node-test-binary-windows-js-suites","config":"node-test-binary-windows-js-suites » 2,win10-COMPILED_BY-vs2022 #32764","buildUrl":"https://ci.nodejs.org/job/node-test-binary-windows-js-suites/RUN_SUBSET=2,nodes=win10-COMPILED_BY-vs2022/32764/","buildNumber":32764,"builtOn":"test-azure_msft-win10_vs2019-x64-1","nodeVersion":"24.0.0","commitHash":"d7a46179c95eee2860c3fb24deba7c2c02f8a524","callStack":[{"upstreamBuild":68663,"upstreamProject":"node-test-commit-windows-fanned","upstreamUrl":"job/node-test-commit-windows-fanned/"},{"upstreamBuild":78002,"upstreamProject":"node-test-commit","upstreamUrl":"job/node-test-commit/"},{"upstreamBuild":65316,"upstreamProject":"node-test-pull-request","upstreamUrl":"job/node-test-pull-request/"},{"prId":"57016"}],"tap":{"ok":false,"name":"parallel/test-config-json-schema","id":176,"buffered":false,"tapError":null,"skip":false,"todo":false,"previous":null,"plan":null,"diag":{"severity":"fail","exitcode":1,"stack":"node:internal/modules/cjs/loader:1408\n  throw err;\n  ^\n\nError: Cannot find module '../../out/doc/node_config_json_schema.json'\nRequire stack:\n- c:\\workspace\\node-test-binary-windows-js-suites\\node\\test\\parallel\\test-config-json-schema.js\n    at Function._resolveFilename (node:internal/modules/cjs/loader:1405:15)\n    at defaultResolveImpl (node:internal/modules/cjs/loader:1061:19)\n    at resolveForCJSWithHooks (node:internal/modules/cjs/loader:1066:22)\n    at Function._load (node:internal/modules/cjs/loader:1215:37)\n    at TracingChannel.traceSync (node:diagnostics_channel:322:14)\n    at wrapModuleLoad (node:internal/modules/cjs/loader:235:24)\n    at Module.require (node:internal/modules/cjs/loader:1491:12)\n    at require (node:internal/modules/helpers:135:16)\n    at Object.<anonymous> (c:\\workspace\\node-test-binary-windows-js-suites\\node\\test\\parallel\\test-config-json-schema.js:10:21)\n    at Module._compile (node:internal/modules/cjs/loader:1734:14) {\n  code: 'MODULE_NOT_FOUND',\n  requireStack: [\n    'c:\\\\workspace\\\\node-test-binary-windows-js-suites\\\\node\\\\test\\\\parallel\\\\test-config-json-schema.js'\n  ]\n}\n\nNode.js v24.0.0-pre"},"time":228,"fullname":"parallel/test-config-json-schema","closingTestPoint":false}},{"testName":"parallel/test-fs-cp","timestamp":1739965914742,"status":"FAILED","jobName":"node-test-binary-windows-js-suites","config":"node-test-binary-windows-js-suites » 0,win11-COMPILED_BY-vs2022 #32764","buildUrl":"https://ci.nodejs.org/job/node-test-binary-windows-js-suites/RUN_SUBSET=0,nodes=win11-COMPILED_BY-vs2022/32764/","buildNumber":32764,"builtOn":"test-azure_msft-win11_vs2022-x64-4","nodeVersion":"24.0.0","commitHash":"d7a46179c95eee2860c3fb24deba7c2c02f8a524","callStack":[{"upstreamBuild":68663,"upstreamProject":"node-test-commit-windows-fanned","upstreamUrl":"job/node-test-commit-windows-fanned/"},{"upstreamBuild":78002,"upstreamProject":"node-test-commit","upstreamUrl":"job/node-test-commit/"},{"upstreamBuild":65316,"upstreamProject":"node-test-pull-request","upstreamUrl":"job/node-test-pull-request/"},{"prId":"57016"}],"tap":{"ok":false,"name":"parallel/test-fs-cp","id":305,"buffered":false,"tapError":null,"skip":false,"todo":": Fix flaky test","previous":null,"plan":null,"diag":{"severity":"flaky","exitcode":1,"stack":"node:assert:128\n  throw new AssertionError(obj);\n  ^\n\nAssertionError [ERR_ASSERTION]: Expected values to be strictly equal:\n+ actual - expected\n\n+ 'ERR_FS_EISDIR'\n- 'ERR_FS_CP_EINVAL'\n          ^\n\n    at file:///c:/workspace/node-test-binary-windows-js-suites/node/test/parallel/test-fs-cp.mjs:687:12\n    at c:\\workspace\\node-test-binary-windows-js-suites\\node\\test\\common\\index.js:435:15\n    at node:fs:190:23\n    at callbackifyOnRejected (node:util:219:10)\n    at process.processTicksAndRejections (node:internal/process/task_queues:90:21) {\n  generatedMessage: true,\n  code: 'ERR_ASSERTION',\n  actual: 'ERR_FS_EISDIR',\n  expected: 'ERR_FS_CP_EINVAL',\n  operator: 'strictEqual'\n}\n\nNode.js v24.0.0-pre"},"time":474.012,"fullname":"parallel/test-fs-cp","closingTestPoint":false}},{"testName":"parallel/test-config-file","timestamp":1739965914742,"status":"FAILED","jobName":"node-test-binary-windows-js-suites","config":"node-test-binary-windows-js-suites » 1,win11-COMPILED_BY-vs2022 #32764","buildUrl":"https://ci.nodejs.org/job/node-test-binary-windows-js-suites/RUN_SUBSET=1,nodes=win11-COMPILED_BY-vs2022/32764/","buildNumber":32764,"builtOn":"test-azure_msft-win11_vs2022-x64-4","nodeVersion":"24.0.0","commitHash":"d7a46179c95eee2860c3fb24deba7c2c02f8a524","callStack":[{"upstreamBuild":68663,"upstreamProject":"node-test-commit-windows-fanned","upstreamUrl":"job/node-test-commit-windows-fanned/"},{"upstreamBuild":78002,"upstreamProject":"node-test-commit","upstreamUrl":"job/node-test-commit/"},{"upstreamBuild":65316,"upstreamProject":"node-test-pull-request","upstreamUrl":"job/node-test-pull-request/"},{"prId":"57016"}],"tap":{"ok":false,"name":"parallel/test-config-file","id":189,"buffered":false,"tapError":null,"skip":false,"todo":false,"previous":null,"plan":null,"diag":{"severity":"fail","exitcode":1,"stack":"Test failure: 'v8 flag should not be allowed in config file'\nLocation: test\\parallel\\test-config-file.js:195:1\nAssertionError [ERR_ASSERTION]: The input did not match the regular expression /V8 flag --abort-on-uncaught-exception is currently not supported\\n/. Input:\n\n'V8 flag --abort-on-uncaught-exception is currently not supported\\r\\n' +\n  'c:\\\\workspace\\\\node-test-binary-windows-js-suites\\\\node\\\\Release\\\\node.exe: c:\\\\workspace\\\\node-test-binary-windows-js-suites\\\\node\\\\test\\\\fixtures\\\\rc\\\\v8-flag.json: invalid content\\r\\n'\n\n    at TestContext.<anonymous> (c:\\workspace\\node-test-binary-windows-js-suites\\node\\test\\parallel\\test-config-file.js:202:3)\n    at process.processTicksAndRejections (node:internal/process/task_queues:105:5)\n    at async Test.run (node:internal/test_runner/test:990:9)\n    at async Test.processPendingSubtests (node:internal/test_runner/test:680:7) {\n  generatedMessage: true,\n  code: 'ERR_ASSERTION',\n  actual: 'V8 flag --abort-on-uncaught-exception is currently not supported\\r\\n' +\n    'c:\\\\workspace\\\\node-test-binary-windows-js-suites\\\\node\\\\Release\\\\node.exe: c:\\\\workspace\\\\node-test-binary-windows-js-suites\\\\node\\\\test\\\\fixtures\\\\rc\\\\v8-flag.json: invalid content\\r\\n',\n  expected: /V8 flag --abort-on-uncaught-exception is currently not supported\\n/,\n  operator: 'match'\n}"},"time":2303.054,"fullname":"parallel/test-config-file","closingTestPoint":false}},{"testName":"parallel/test-config-json-schema","timestamp":1739965914742,"status":"FAILED","jobName":"node-test-binary-windows-js-suites","config":"node-test-binary-windows-js-suites » 2,win2022-COMPILED_BY-vs2022 #32764","buildUrl":"https://ci.nodejs.org/job/node-test-binary-windows-js-suites/RUN_SUBSET=2,nodes=win2022-COMPILED_BY-vs2022/32764/","buildNumber":32764,"builtOn":"test-rackspace-win2022_vs2022-x64-4","nodeVersion":"24.0.0","commitHash":"d7a46179c95eee2860c3fb24deba7c2c02f8a524","callStack":[{"upstreamBuild":68663,"upstreamProject":"node-test-commit-windows-fanned","upstreamUrl":"job/node-test-commit-windows-fanned/"},{"upstreamBuild":78002,"upstreamProject":"node-test-commit","upstreamUrl":"job/node-test-commit/"},{"upstreamBuild":65316,"upstreamProject":"node-test-pull-request","upstreamUrl":"job/node-test-pull-request/"},{"prId":"57016"}],"tap":{"ok":false,"name":"parallel/test-config-json-schema","id":172,"buffered":false,"tapError":null,"skip":false,"todo":false,"previous":null,"plan":null,"diag":{"severity":"fail","exitcode":1,"stack":"node:internal/modules/cjs/loader:1408\n  throw err;\n  ^\n\nError: Cannot find module '../../out/doc/node_config_json_schema.json'\nRequire stack:\n- C:\\workspace\\node-test-binary-windows-js-suites\\node\\test\\parallel\\test-config-json-schema.js\n    at Function._resolveFilename (node:internal/modules/cjs/loader:1405:15)\n    at defaultResolveImpl (node:internal/modules/cjs/loader:1061:19)\n    at resolveForCJSWithHooks (node:internal/modules/cjs/loader:1066:22)\n    at Function._load (node:internal/modules/cjs/loader:1215:37)\n    at TracingChannel.traceSync (node:diagnostics_channel:322:14)\n    at wrapModuleLoad (node:internal/modules/cjs/loader:235:24)\n    at Module.require (node:internal/modules/cjs/loader:1491:12)\n    at require (node:internal/modules/helpers:135:16)\n    at Object.<anonymous> (C:\\workspace\\node-test-binary-windows-js-suites\\node\\test\\parallel\\test-config-json-schema.js:10:21)\n    at Module._compile (node:internal/modules/cjs/loader:1734:14) {\n  code: 'MODULE_NOT_FOUND',\n  requireStack: [\n    'C:\\\\workspace\\\\node-test-binary-windows-js-suites\\\\node\\\\test\\\\parallel\\\\test-config-json-schema.js'\n  ]\n}\n\nNode.js v24.0.0-pre"},"time":247.174,"fullname":"parallel/test-config-json-schema","closingTestPoint":false}},{"testName":"parallel/test-config-file","timestamp":1739965914742,"status":"FAILED","jobName":"node-test-binary-windows-js-suites","config":"node-test-binary-windows-js-suites » 1,win2022-COMPILED_BY-vs2022 #32764","buildUrl":"https://ci.nodejs.org/job/node-test-binary-windows-js-suites/RUN_SUBSET=1,nodes=win2022-COMPILED_BY-vs2022/32764/","buildNumber":32764,"builtOn":"test-rackspace-win2022_vs2022-x64-2","nodeVersion":"24.0.0","commitHash":"d7a46179c95eee2860c3fb24deba7c2c02f8a524","callStack":[{"upstreamBuild":68663,"upstreamProject":"node-test-commit-windows-fanned","upstreamUrl":"job/node-test-commit-windows-fanned/"},{"upstreamBuild":78002,"upstreamProject":"node-test-commit","upstreamUrl":"job/node-test-commit/"},{"upstreamBuild":65316,"upstreamProject":"node-test-pull-request","upstreamUrl":"job/node-test-pull-request/"},{"prId":"57016"}],"tap":{"ok":false,"name":"parallel/test-config-file","id":213,"buffered":false,"tapError":null,"skip":false,"todo":false,"previous":null,"plan":null,"diag":{"severity":"fail","exitcode":1,"stack":"Test failure: 'v8 flag should not be allowed in config file'\nLocation: test\\parallel\\test-config-file.js:195:1\nAssertionError [ERR_ASSERTION]: The input did not match the regular expression /V8 flag --abort-on-uncaught-exception is currently not supported\\n/. Input:\n\n'V8 flag --abort-on-uncaught-exception is currently not supported\\r\\n' +\n  'C:\\\\workspace\\\\node-test-binary-windows-js-suites\\\\node\\\\Release\\\\node.exe: C:\\\\workspace\\\\node-test-binary-windows-js-suites\\\\node\\\\test\\\\fixtures\\\\rc\\\\v8-flag.json: invalid content\\r\\n'\n\n    at TestContext.<anonymous> (C:\\workspace\\node-test-binary-windows-js-suites\\node\\test\\parallel\\test-config-file.js:202:3)\n    at process.processTicksAndRejections (node:internal/process/task_queues:105:5)\n    at async Test.run (node:internal/test_runner/test:990:9)\n    at async Test.processPendingSubtests (node:internal/test_runner/test:680:7) {\n  generatedMessage: true,\n  code: 'ERR_ASSERTION',\n  actual: 'V8 flag --abort-on-uncaught-exception is currently not supported\\r\\n' +\n    'C:\\\\workspace\\\\node-test-binary-windows-js-suites\\\\node\\\\Release\\\\node.exe: C:\\\\workspace\\\\node-test-binary-windows-js-suites\\\\node\\\\test\\\\fixtures\\\\rc\\\\v8-flag.json: invalid content\\r\\n',\n  expected: /V8 flag --abort-on-uncaught-exception is currently not supported\\n/,\n  operator: 'match'\n}"},"time":3572.736,"fullname":"parallel/test-config-file","closingTestPoint":false}},{"testName":"parallel/test-config-file","timestamp":1739965914742,"status":"FAILED","jobName":"node-test-binary-windows-js-suites","config":"node-test-binary-windows-js-suites » 0,win11-arm64-COMPILED_BY-vs2022-arm64 #32764","buildUrl":"https://ci.nodejs.org/job/node-test-binary-windows-js-suites/RUN_SUBSET=0,nodes=win11-arm64-COMPILED_BY-vs2022-arm64/32764/","buildNumber":32764,"builtOn":"test-azure_msft-win11_vs2022-arm64-3","nodeVersion":"24.0.0","commitHash":"d7a46179c95eee2860c3fb24deba7c2c02f8a524","callStack":[{"upstreamBuild":68663,"upstreamProject":"node-test-commit-windows-fanned","upstreamUrl":"job/node-test-commit-windows-fanned/"},{"upstreamBuild":78002,"upstreamProject":"node-test-commit","upstreamUrl":"job/node-test-commit/"},{"upstreamBuild":65316,"upstreamProject":"node-test-pull-request","upstreamUrl":"job/node-test-pull-request/"},{"prId":"57016"}],"tap":{"ok":false,"name":"parallel/test-config-file","id":210,"buffered":false,"tapError":null,"skip":false,"todo":false,"previous":null,"plan":null,"diag":{"severity":"fail","exitcode":1,"stack":"Test failure: 'v8 flag should not be allowed in config file'\nLocation: test\\parallel\\test-config-file.js:195:1\nAssertionError [ERR_ASSERTION]: The input did not match the regular expression /V8 flag --abort-on-uncaught-exception is currently not supported\\n/. Input:\n\n'V8 flag --abort-on-uncaught-exception is currently not supported\\r\\n' +\n  'd:\\\\workspace\\\\node-test-binary-windows-js-suites\\\\node\\\\Release\\\\node.exe: d:\\\\workspace\\\\node-test-binary-windows-js-suites\\\\node\\\\test\\\\fixtures\\\\rc\\\\v8-flag.json: invalid content\\r\\n'\n\n    at TestContext.<anonymous> (d:\\workspace\\node-test-binary-windows-js-suites\\node\\test\\parallel\\test-config-file.js:202:3)\n    at process.processTicksAndRejections (node:internal/process/task_queues:105:5)\n    at async Test.run (node:internal/test_runner/test:990:9)\n    at async Test.processPendingSubtests (node:internal/test_runner/test:680:7) {\n  generatedMessage: true,\n  code: 'ERR_ASSERTION',\n  actual: 'V8 flag --abort-on-uncaught-exception is currently not supported\\r\\n' +\n    'd:\\\\workspace\\\\node-test-binary-windows-js-suites\\\\node\\\\Release\\\\node.exe: d:\\\\workspace\\\\node-test-binary-windows-js-suites\\\\node\\\\test\\\\fixtures\\\\rc\\\\v8-flag.json: invalid content\\r\\n',\n  expected: /V8 flag --abort-on-uncaught-exception is currently not supported\\n/,\n  operator: 'match'\n}"},"time":4301.98,"fullname":"parallel/test-config-file","closingTestPoint":false}},{"testName":"parallel/test-config-file","timestamp":1739965914742,"status":"FAILED","jobName":"node-test-binary-windows-js-suites","config":"node-test-binary-windows-js-suites » 1,win2019-COMPILED_BY-vs2022 #32764","buildUrl":"https://ci.nodejs.org/job/node-test-binary-windows-js-suites/RUN_SUBSET=1,nodes=win2019-COMPILED_BY-vs2022/32764/","buildNumber":32764,"builtOn":"test-rackspace-win2019_vs2019-x64-4","nodeVersion":"24.0.0","commitHash":"d7a46179c95eee2860c3fb24deba7c2c02f8a524","callStack":[{"upstreamBuild":68663,"upstreamProject":"node-test-commit-windows-fanned","upstreamUrl":"job/node-test-commit-windows-fanned/"},{"upstreamBuild":78002,"upstreamProject":"node-test-commit","upstreamUrl":"job/node-test-commit/"},{"upstreamBuild":65316,"upstreamProject":"node-test-pull-request","upstreamUrl":"job/node-test-pull-request/"},{"prId":"57016"}],"tap":{"ok":false,"name":"parallel/test-config-file","id":208,"buffered":false,"tapError":null,"skip":false,"todo":false,"previous":null,"plan":null,"diag":{"severity":"fail","exitcode":1,"stack":"Test failure: 'v8 flag should not be allowed in config file'\nLocation: test\\parallel\\test-config-file.js:195:1\nAssertionError [ERR_ASSERTION]: The input did not match the regular expression /V8 flag --abort-on-uncaught-exception is currently not supported\\n/. Input:\n\n'V8 flag --abort-on-uncaught-exception is currently not supported\\r\\n' +\n  'C:\\\\workspace\\\\node-test-binary-windows-js-suites\\\\node\\\\Release\\\\node.exe: C:\\\\workspace\\\\node-test-binary-windows-js-suites\\\\node\\\\test\\\\fixtures\\\\rc\\\\v8-flag.json: invalid content\\r\\n'\n\n    at TestContext.<anonymous> (C:\\workspace\\node-test-binary-windows-js-suites\\node\\test\\parallel\\test-config-file.js:202:3)\n    at process.processTicksAndRejections (node:internal/process/task_queues:105:5)\n    at async Test.run (node:internal/test_runner/test:990:9)\n    at async Test.processPendingSubtests (node:internal/test_runner/test:680:7) {\n  generatedMessage: true,\n  code: 'ERR_ASSERTION',\n  actual: 'V8 flag --abort-on-uncaught-exception is currently not supported\\r\\n' +\n    'C:\\\\workspace\\\\node-test-binary-windows-js-suites\\\\node\\\\Release\\\\node.exe: C:\\\\workspace\\\\node-test-binary-windows-js-suites\\\\node\\\\test\\\\fixtures\\\\rc\\\\v8-flag.json: invalid content\\r\\n',\n  expected: /V8 flag --abort-on-uncaught-exception is currently not supported\\n/,\n  operator: 'match'\n}"},"time":3494.688,"fullname":"parallel/test-config-file","closingTestPoint":false}},{"testName":"parallel/test-config-file","timestamp":1739965914742,"status":"FAILED","jobName":"node-test-binary-windows-js-suites","config":"node-test-binary-windows-js-suites » 1,win10-COMPILED_BY-vs2022 #32764","buildUrl":"https://ci.nodejs.org/job/node-test-binary-windows-js-suites/RUN_SUBSET=1,nodes=win10-COMPILED_BY-vs2022/32764/","buildNumber":32764,"builtOn":"test-azure_msft-win10_vs2019-x64-2","nodeVersion":"24.0.0","commitHash":"d7a46179c95eee2860c3fb24deba7c2c02f8a524","callStack":[{"upstreamBuild":68663,"upstreamProject":"node-test-commit-windows-fanned","upstreamUrl":"job/node-test-commit-windows-fanned/"},{"upstreamBuild":78002,"upstreamProject":"node-test-commit","upstreamUrl":"job/node-test-commit/"},{"upstreamBuild":65316,"upstreamProject":"node-test-pull-request","upstreamUrl":"job/node-test-pull-request/"},{"prId":"57016"}],"tap":{"ok":false,"name":"parallel/test-config-file","id":189,"buffered":false,"tapError":null,"skip":false,"todo":false,"previous":null,"plan":null,"diag":{"severity":"fail","exitcode":1,"stack":"Test failure: 'v8 flag should not be allowed in config file'\nLocation: test\\parallel\\test-config-file.js:195:1\nAssertionError [ERR_ASSERTION]: The input did not match the regular expression /V8 flag --abort-on-uncaught-exception is currently not supported\\n/. Input:\n\n'V8 flag --abort-on-uncaught-exception is currently not supported\\r\\n' +\n  'c:\\\\workspace\\\\node-test-binary-windows-js-suites\\\\node\\\\Release\\\\node.exe: c:\\\\workspace\\\\node-test-binary-windows-js-suites\\\\node\\\\test\\\\fixtures\\\\rc\\\\v8-flag.json: invalid content\\r\\n'\n\n    at TestContext.<anonymous> (c:\\workspace\\node-test-binary-windows-js-suites\\node\\test\\parallel\\test-config-file.js:202:3)\n    at process.processTicksAndRejections (node:internal/process/task_queues:105:5)\n    at async Test.run (node:internal/test_runner/test:990:9)\n    at async Test.processPendingSubtests (node:internal/test_runner/test:680:7) {\n  generatedMessage: true,\n  code: 'ERR_ASSERTION',\n  actual: 'V8 flag --abort-on-uncaught-exception is currently not supported\\r\\n' +\n    'c:\\\\workspace\\\\node-test-binary-windows-js-suites\\\\node\\\\Release\\\\node.exe: c:\\\\workspace\\\\node-test-binary-windows-js-suites\\\\node\\\\test\\\\fixtures\\\\rc\\\\v8-flag.json: invalid content\\r\\n',\n  expected: /V8 flag --abort-on-uncaught-exception is currently not supported\\n/,\n  operator: 'match'\n}"},"time":2292,"fullname":"parallel/test-config-file","closingTestPoint":false}}]}