{"failedTests":[{"testName":"parallel/test-fs-cp","timestamp":1742995027162,"status":"FAILED","jobName":"node-test-binary-windows-js-suites","config":"node-test-binary-windows-js-suites » 2,win11-COMPILED_BY-vs2022_clang #33258","buildUrl":"https://ci.nodejs.org/job/node-test-binary-windows-js-suites/RUN_SUBSET=2,nodes=win11-COMPILED_BY-vs2022_clang/33258/","buildNumber":33258,"builtOn":"test-azure_msft-win11_vs2022-x64-4","nodeVersion":"24.0.0","commitHash":"e9ea0c6c86fc3e287d4d5591ad73d2cc79d61d69","callStack":[{"upstreamBuild":69331,"upstreamProject":"node-test-commit-windows-fanned","upstreamUrl":"job/node-test-commit-windows-fanned/"},{"upstreamBuild":78738,"upstreamProject":"node-test-commit","upstreamUrl":"job/node-test-commit/"},{"upstreamBuild":65889,"upstreamProject":"node-test-pull-request","upstreamUrl":"job/node-test-pull-request/"},{"prId":"57598"}],"tap":{"ok":false,"name":"parallel/test-fs-cp","id":304,"buffered":false,"tapError":null,"skip":false,"todo":": Fix flaky test","previous":null,"plan":null,"diag":{"severity":"flaky","exitcode":1,"stack":"node:assert:95\n  throw new AssertionError(obj);\n  ^\n\nAssertionError [ERR_ASSERTION]: Expected values to be strictly equal:\n+ actual - expected\n\n+ 'ERR_FS_EISDIR'\n- 'ERR_FS_CP_EINVAL'\n          ^\n\n    at file:///c:/workspace/node-test-binary-windows-js-suites/node/test/parallel/test-fs-cp.mjs:687:12\n    at c:\\workspace\\node-test-binary-windows-js-suites\\node\\test\\common\\index.js:435:15\n    at node:fs:175:23\n    at callbackifyOnRejected (node:util:219:10)\n    at process.processTicksAndRejections (node:internal/process/task_queues:90:21) {\n  generatedMessage: true,\n  code: 'ERR_ASSERTION',\n  actual: 'ERR_FS_EISDIR',\n  expected: 'ERR_FS_CP_EINVAL',\n  operator: 'strictEqual'\n}\n\nNode.js v24.0.0-pre"},"time":457.007,"fullname":"parallel/test-fs-cp","closingTestPoint":false}},{"testName":"es-module/test-typescript-eval","timestamp":1742995027162,"status":"REGRESSION","jobName":"node-test-binary-windows-js-suites","config":"node-test-binary-windows-js-suites » 0,win2022-COMPILED_BY-vs2022 #33258","buildUrl":"https://ci.nodejs.org/job/node-test-binary-windows-js-suites/RUN_SUBSET=0,nodes=win2022-COMPILED_BY-vs2022/33258/","buildNumber":33258,"builtOn":"test-rackspace-win2022_vs2022-x64-5","nodeVersion":"24.0.0","commitHash":"e9ea0c6c86fc3e287d4d5591ad73d2cc79d61d69","callStack":[{"upstreamBuild":69331,"upstreamProject":"node-test-commit-windows-fanned","upstreamUrl":"job/node-test-commit-windows-fanned/"},{"upstreamBuild":78738,"upstreamProject":"node-test-commit","upstreamUrl":"job/node-test-commit/"},{"upstreamBuild":65889,"upstreamProject":"node-test-pull-request","upstreamUrl":"job/node-test-pull-request/"},{"prId":"57598"}],"tap":{"ok":false,"name":"es-module/test-typescript-eval","id":135,"buffered":false,"tapError":null,"skip":false,"todo":false,"previous":null,"plan":null,"diag":{"severity":"fail","exitcode":1,"stack":"Test failure: 'the error message should not contain extra padding'\nLocation: test\\es-module\\test-typescript-eval.mjs:268:1\nAssertionError [ERR_ASSERTION]: Expected values to be strictly equal:\n+ actual - expected\n\n+ '[eval]:1   \\r'\n- '[eval]:1   '\n              ^\n\n    at TestContext.<anonymous> (file:///C:/workspace/node-test-binary-windows-js-suites/node/test/es-module/test-typescript-eval.mjs:276:3)\n    at process.processTicksAndRejections (node:internal/process/task_queues:105:5)\n    at async Test.run (node:internal/test_runner/test:1063:7)\n    at async Test.processPendingSubtests (node:internal/test_runner/test:746:7) {\n  generatedMessage: true,\n  code: 'ERR_ASSERTION',\n  actual: '[eval]:1   \\r',\n  expected: '[eval]:1   ',\n  operator: 'strictEqual'\n}"},"time":5609.217,"fullname":"es-module/test-typescript-eval","closingTestPoint":false}},{"testName":"parallel/test-fs-cp","timestamp":1742995027162,"status":"FAILED","jobName":"node-test-binary-windows-js-suites","config":"node-test-binary-windows-js-suites » 2,win11-COMPILED_BY-vs2022 #33258","buildUrl":"https://ci.nodejs.org/job/node-test-binary-windows-js-suites/RUN_SUBSET=2,nodes=win11-COMPILED_BY-vs2022/33258/","buildNumber":33258,"builtOn":"test-azure_msft-win11_vs2022-x64-4","nodeVersion":"24.0.0","commitHash":"e9ea0c6c86fc3e287d4d5591ad73d2cc79d61d69","callStack":[{"upstreamBuild":69331,"upstreamProject":"node-test-commit-windows-fanned","upstreamUrl":"job/node-test-commit-windows-fanned/"},{"upstreamBuild":78738,"upstreamProject":"node-test-commit","upstreamUrl":"job/node-test-commit/"},{"upstreamBuild":65889,"upstreamProject":"node-test-pull-request","upstreamUrl":"job/node-test-pull-request/"},{"prId":"57598"}],"tap":{"ok":false,"name":"parallel/test-fs-cp","id":307,"buffered":false,"tapError":null,"skip":false,"todo":": Fix flaky test","previous":null,"plan":null,"diag":{"severity":"flaky","exitcode":1,"stack":"node:assert:95\n  throw new AssertionError(obj);\n  ^\n\nAssertionError [ERR_ASSERTION]: Expected values to be strictly equal:\n+ actual - expected\n\n+ 'ERR_FS_EISDIR'\n- 'ERR_FS_CP_EINVAL'\n          ^\n\n    at file:///c:/workspace/node-test-binary-windows-js-suites/node/test/parallel/test-fs-cp.mjs:687:12\n    at c:\\workspace\\node-test-binary-windows-js-suites\\node\\test\\common\\index.js:435:15\n    at node:fs:175:23\n    at callbackifyOnRejected (node:util:219:10)\n    at process.processTicksAndRejections (node:internal/process/task_queues:90:21) {\n  generatedMessage: true,\n  code: 'ERR_ASSERTION',\n  actual: 'ERR_FS_EISDIR',\n  expected: 'ERR_FS_CP_EINVAL',\n  operator: 'strictEqual'\n}\n\nNode.js v24.0.0-pre"},"time":431.01,"fullname":"parallel/test-fs-cp","closingTestPoint":false}},{"testName":"es-module/test-typescript-eval","timestamp":1742995027162,"status":"REGRESSION","jobName":"node-test-binary-windows-js-suites","config":"node-test-binary-windows-js-suites » 0,win11-COMPILED_BY-vs2022 #33258","buildUrl":"https://ci.nodejs.org/job/node-test-binary-windows-js-suites/RUN_SUBSET=0,nodes=win11-COMPILED_BY-vs2022/33258/","buildNumber":33258,"builtOn":"test-azure_msft-win11_vs2022-x64-1","nodeVersion":"24.0.0","commitHash":"e9ea0c6c86fc3e287d4d5591ad73d2cc79d61d69","callStack":[{"upstreamBuild":69331,"upstreamProject":"node-test-commit-windows-fanned","upstreamUrl":"job/node-test-commit-windows-fanned/"},{"upstreamBuild":78738,"upstreamProject":"node-test-commit","upstreamUrl":"job/node-test-commit/"},{"upstreamBuild":65889,"upstreamProject":"node-test-pull-request","upstreamUrl":"job/node-test-pull-request/"},{"prId":"57598"}],"tap":{"ok":false,"name":"es-module/test-typescript-eval","id":95,"buffered":false,"tapError":null,"skip":false,"todo":false,"previous":null,"plan":null,"diag":{"severity":"fail","exitcode":1,"stack":"Test failure: 'the error message should not contain extra padding'\nLocation: test\\es-module\\test-typescript-eval.mjs:268:1\nAssertionError [ERR_ASSERTION]: Expected values to be strictly equal:\n+ actual - expected\n\n+ '[eval]:1   \\r'\n- '[eval]:1   '\n              ^\n\n    at TestContext.<anonymous> (file:///c:/workspace/node-test-binary-windows-js-suites/node/test/es-module/test-typescript-eval.mjs:276:3)\n    at process.processTicksAndRejections (node:internal/process/task_queues:105:5)\n    at async Test.run (node:internal/test_runner/test:1063:7)\n    at async Test.processPendingSubtests (node:internal/test_runner/test:746:7) {\n  generatedMessage: true,\n  code: 'ERR_ASSERTION',\n  actual: '[eval]:1   \\r',\n  expected: '[eval]:1   ',\n  operator: 'strictEqual'\n}"},"time":4079.263,"fullname":"es-module/test-typescript-eval","closingTestPoint":false}},{"testName":"es-module/test-typescript-eval","timestamp":1742995027162,"status":"REGRESSION","jobName":"node-test-binary-windows-js-suites","config":"node-test-binary-windows-js-suites » 0,win11-arm64-COMPILED_BY-vs2022_clang-arm64 #33258","buildUrl":"https://ci.nodejs.org/job/node-test-binary-windows-js-suites/RUN_SUBSET=0,nodes=win11-arm64-COMPILED_BY-vs2022_clang-arm64/33258/","buildNumber":33258,"builtOn":"test-azure_msft-win11_vs2022-arm64-2","nodeVersion":"24.0.0","commitHash":"e9ea0c6c86fc3e287d4d5591ad73d2cc79d61d69","callStack":[{"upstreamBuild":69331,"upstreamProject":"node-test-commit-windows-fanned","upstreamUrl":"job/node-test-commit-windows-fanned/"},{"upstreamBuild":78738,"upstreamProject":"node-test-commit","upstreamUrl":"job/node-test-commit/"},{"upstreamBuild":65889,"upstreamProject":"node-test-pull-request","upstreamUrl":"job/node-test-pull-request/"},{"prId":"57598"}],"tap":{"ok":false,"name":"es-module/test-typescript-eval","id":149,"buffered":false,"tapError":null,"skip":false,"todo":false,"previous":null,"plan":null,"diag":{"severity":"fail","exitcode":1,"stack":"Test failure: 'the error message should not contain extra padding'\nLocation: test\\es-module\\test-typescript-eval.mjs:268:1\nAssertionError [ERR_ASSERTION]: Expected values to be strictly equal:\n+ actual - expected\n\n+ '[eval]:1   \\r'\n- '[eval]:1   '\n              ^\n\n    at TestContext.<anonymous> (file:///d:/workspace/node-test-binary-windows-js-suites/node/test/es-module/test-typescript-eval.mjs:276:3)\n    at process.processTicksAndRejections (node:internal/process/task_queues:105:5)\n    at async Test.run (node:internal/test_runner/test:1063:7)\n    at async Test.processPendingSubtests (node:internal/test_runner/test:746:7) {\n  generatedMessage: true,\n  code: 'ERR_ASSERTION',\n  actual: '[eval]:1   \\r',\n  expected: '[eval]:1   ',\n  operator: 'strictEqual'\n}"},"time":6812.264,"fullname":"es-module/test-typescript-eval","closingTestPoint":false}},{"testName":"es-module/test-typescript-eval","timestamp":1742995027162,"status":"REGRESSION","jobName":"node-test-binary-windows-js-suites","config":"node-test-binary-windows-js-suites » 0,win11-COMPILED_BY-vs2022_clang #33258","buildUrl":"https://ci.nodejs.org/job/node-test-binary-windows-js-suites/RUN_SUBSET=0,nodes=win11-COMPILED_BY-vs2022_clang/33258/","buildNumber":33258,"builtOn":"test-azure_msft-win11_vs2022-x64-2","nodeVersion":"24.0.0","commitHash":"e9ea0c6c86fc3e287d4d5591ad73d2cc79d61d69","callStack":[{"upstreamBuild":69331,"upstreamProject":"node-test-commit-windows-fanned","upstreamUrl":"job/node-test-commit-windows-fanned/"},{"upstreamBuild":78738,"upstreamProject":"node-test-commit","upstreamUrl":"job/node-test-commit/"},{"upstreamBuild":65889,"upstreamProject":"node-test-pull-request","upstreamUrl":"job/node-test-pull-request/"},{"prId":"57598"}],"tap":{"ok":false,"name":"es-module/test-typescript-eval","id":86,"buffered":false,"tapError":null,"skip":false,"todo":false,"previous":null,"plan":null,"diag":{"severity":"fail","exitcode":1,"stack":"Test failure: 'the error message should not contain extra padding'\nLocation: test\\es-module\\test-typescript-eval.mjs:268:1\nAssertionError [ERR_ASSERTION]: Expected values to be strictly equal:\n+ actual - expected\n\n+ '[eval]:1   \\r'\n- '[eval]:1   '\n              ^\n\n    at TestContext.<anonymous> (file:///c:/workspace/node-test-binary-windows-js-suites/node/test/es-module/test-typescript-eval.mjs:276:3)\n    at process.processTicksAndRejections (node:internal/process/task_queues:105:5)\n    at async Test.run (node:internal/test_runner/test:1063:7)\n    at async Test.processPendingSubtests (node:internal/test_runner/test:746:7) {\n  generatedMessage: true,\n  code: 'ERR_ASSERTION',\n  actual: '[eval]:1   \\r',\n  expected: '[eval]:1   ',\n  operator: 'strictEqual'\n}"},"time":3323.039,"fullname":"es-module/test-typescript-eval","closingTestPoint":false}},{"testName":"es-module/test-typescript-eval","timestamp":1742995027162,"status":"REGRESSION","jobName":"node-test-binary-windows-js-suites","config":"node-test-binary-windows-js-suites » 0,win11-arm64-COMPILED_BY-vs2022-arm64 #33258","buildUrl":"https://ci.nodejs.org/job/node-test-binary-windows-js-suites/RUN_SUBSET=0,nodes=win11-arm64-COMPILED_BY-vs2022-arm64/33258/","buildNumber":33258,"builtOn":"test-azure_msft-win11_vs2022-arm64-5","nodeVersion":"24.0.0","commitHash":"e9ea0c6c86fc3e287d4d5591ad73d2cc79d61d69","callStack":[{"upstreamBuild":69331,"upstreamProject":"node-test-commit-windows-fanned","upstreamUrl":"job/node-test-commit-windows-fanned/"},{"upstreamBuild":78738,"upstreamProject":"node-test-commit","upstreamUrl":"job/node-test-commit/"},{"upstreamBuild":65889,"upstreamProject":"node-test-pull-request","upstreamUrl":"job/node-test-pull-request/"},{"prId":"57598"}],"tap":{"ok":false,"name":"es-module/test-typescript-eval","id":152,"buffered":false,"tapError":null,"skip":false,"todo":false,"previous":null,"plan":null,"diag":{"severity":"fail","exitcode":1,"stack":"Test failure: 'the error message should not contain extra padding'\nLocation: test\\es-module\\test-typescript-eval.mjs:268:1\nAssertionError [ERR_ASSERTION]: Expected values to be strictly equal:\n+ actual - expected\n\n+ '[eval]:1   \\r'\n- '[eval]:1   '\n              ^\n\n    at TestContext.<anonymous> (file:///d:/workspace/node-test-binary-windows-js-suites/node/test/es-module/test-typescript-eval.mjs:276:3)\n    at process.processTicksAndRejections (node:internal/process/task_queues:105:5)\n    at async Test.run (node:internal/test_runner/test:1063:7)\n    at async Test.processPendingSubtests (node:internal/test_runner/test:746:7) {\n  generatedMessage: true,\n  code: 'ERR_ASSERTION',\n  actual: '[eval]:1   \\r',\n  expected: '[eval]:1   ',\n  operator: 'strictEqual'\n}"},"time":7693.969,"fullname":"es-module/test-typescript-eval","closingTestPoint":false}},{"testName":"es-module/test-typescript-eval","timestamp":1742995027162,"status":"REGRESSION","jobName":"node-test-binary-windows-js-suites","config":"node-test-binary-windows-js-suites » 0,win10-COMPILED_BY-vs2022 #33258","buildUrl":"https://ci.nodejs.org/job/node-test-binary-windows-js-suites/RUN_SUBSET=0,nodes=win10-COMPILED_BY-vs2022/33258/","buildNumber":33258,"builtOn":"test-azure_msft-win10_vs2019-x64-4","nodeVersion":"24.0.0","commitHash":"e9ea0c6c86fc3e287d4d5591ad73d2cc79d61d69","callStack":[{"upstreamBuild":69331,"upstreamProject":"node-test-commit-windows-fanned","upstreamUrl":"job/node-test-commit-windows-fanned/"},{"upstreamBuild":78738,"upstreamProject":"node-test-commit","upstreamUrl":"job/node-test-commit/"},{"upstreamBuild":65889,"upstreamProject":"node-test-pull-request","upstreamUrl":"job/node-test-pull-request/"},{"prId":"57598"}],"tap":{"ok":false,"name":"es-module/test-typescript-eval","id":94,"buffered":false,"tapError":null,"skip":false,"todo":false,"previous":null,"plan":null,"diag":{"severity":"fail","exitcode":1,"stack":"Test failure: 'the error message should not contain extra padding'\nLocation: test\\es-module\\test-typescript-eval.mjs:268:1\nAssertionError [ERR_ASSERTION]: Expected values to be strictly equal:\n+ actual - expected\n\n+ '[eval]:1   \\r'\n- '[eval]:1   '\n              ^\n\n    at TestContext.<anonymous> (file:///c:/workspace/node-test-binary-windows-js-suites/node/test/es-module/test-typescript-eval.mjs:276:3)\n    at process.processTicksAndRejections (node:internal/process/task_queues:105:5)\n    at async Test.run (node:internal/test_runner/test:1063:7)\n    at async Test.processPendingSubtests (node:internal/test_runner/test:746:7) {\n  generatedMessage: true,\n  code: 'ERR_ASSERTION',\n  actual: '[eval]:1   \\r',\n  expected: '[eval]:1   ',\n  operator: 'strictEqual'\n}"},"time":3187.015,"fullname":"es-module/test-typescript-eval","closingTestPoint":false}},{"testName":"es-module/test-typescript-eval","timestamp":1742995027162,"status":"REGRESSION","jobName":"node-test-binary-windows-js-suites","config":"node-test-binary-windows-js-suites » 0,win2019-COMPILED_BY-vs2022 #33258","buildUrl":"https://ci.nodejs.org/job/node-test-binary-windows-js-suites/RUN_SUBSET=0,nodes=win2019-COMPILED_BY-vs2022/33258/","buildNumber":33258,"builtOn":"test-rackspace-win2019_vs2019-x64-1","nodeVersion":"24.0.0","commitHash":"e9ea0c6c86fc3e287d4d5591ad73d2cc79d61d69","callStack":[{"upstreamBuild":69331,"upstreamProject":"node-test-commit-windows-fanned","upstreamUrl":"job/node-test-commit-windows-fanned/"},{"upstreamBuild":78738,"upstreamProject":"node-test-commit","upstreamUrl":"job/node-test-commit/"},{"upstreamBuild":65889,"upstreamProject":"node-test-pull-request","upstreamUrl":"job/node-test-pull-request/"},{"prId":"57598"}],"tap":{"ok":false,"name":"es-module/test-typescript-eval","id":134,"buffered":false,"tapError":null,"skip":false,"todo":false,"previous":null,"plan":null,"diag":{"severity":"fail","exitcode":1,"stack":"Test failure: 'the error message should not contain extra padding'\nLocation: test\\es-module\\test-typescript-eval.mjs:268:1\nAssertionError [ERR_ASSERTION]: Expected values to be strictly equal:\n+ actual - expected\n\n+ '[eval]:1   \\r'\n- '[eval]:1   '\n              ^\n\n    at TestContext.<anonymous> (file:///C:/workspace/node-test-binary-windows-js-suites/node/test/es-module/test-typescript-eval.mjs:276:3)\n    at process.processTicksAndRejections (node:internal/process/task_queues:105:5)\n    at async Test.run (node:internal/test_runner/test:1063:7)\n    at async Test.processPendingSubtests (node:internal/test_runner/test:746:7) {\n  generatedMessage: true,\n  code: 'ERR_ASSERTION',\n  actual: '[eval]:1   \\r',\n  expected: '[eval]:1   ',\n  operator: 'strictEqual'\n}"},"time":6365.185,"fullname":"es-module/test-typescript-eval","closingTestPoint":false}},{"testName":"es-module/test-typescript-eval","timestamp":1742995027162,"status":"REGRESSION","jobName":"node-test-binary-windows-js-suites","config":"node-test-binary-windows-js-suites » 0,win10-COMPILED_BY-vs2022_clang #33258","buildUrl":"https://ci.nodejs.org/job/node-test-binary-windows-js-suites/RUN_SUBSET=0,nodes=win10-COMPILED_BY-vs2022_clang/33258/","buildNumber":33258,"builtOn":"test-azure_msft-win10_vs2019-x64-3","nodeVersion":"24.0.0","commitHash":"e9ea0c6c86fc3e287d4d5591ad73d2cc79d61d69","callStack":[{"upstreamBuild":69331,"upstreamProject":"node-test-commit-windows-fanned","upstreamUrl":"job/node-test-commit-windows-fanned/"},{"upstreamBuild":78738,"upstreamProject":"node-test-commit","upstreamUrl":"job/node-test-commit/"},{"upstreamBuild":65889,"upstreamProject":"node-test-pull-request","upstreamUrl":"job/node-test-pull-request/"},{"prId":"57598"}],"tap":{"ok":false,"name":"es-module/test-typescript-eval","id":92,"buffered":false,"tapError":null,"skip":false,"todo":false,"previous":null,"plan":null,"diag":{"severity":"fail","exitcode":1,"stack":"Test failure: 'the error message should not contain extra padding'\nLocation: test\\es-module\\test-typescript-eval.mjs:268:1\nAssertionError [ERR_ASSERTION]: Expected values to be strictly equal:\n+ actual - expected\n\n+ '[eval]:1   \\r'\n- '[eval]:1   '\n              ^\n\n    at TestContext.<anonymous> (file:///c:/workspace/node-test-binary-windows-js-suites/node/test/es-module/test-typescript-eval.mjs:276:3)\n    at process.processTicksAndRejections (node:internal/process/task_queues:105:5)\n    at async Test.run (node:internal/test_runner/test:1063:7)\n    at async Test.processPendingSubtests (node:internal/test_runner/test:746:7) {\n  generatedMessage: true,\n  code: 'ERR_ASSERTION',\n  actual: '[eval]:1   \\r',\n  expected: '[eval]:1   ',\n  operator: 'strictEqual'\n}"},"time":3615.27,"fullname":"es-module/test-typescript-eval","closingTestPoint":false}}]}