{"failedTests":[{"testName":"parallel/test-fs-cp","timestamp":1743544313762,"status":"FAILED","jobName":"node-test-binary-windows-js-suites","config":"node-test-binary-windows-js-suites » 3,win11-COMPILED_BY-vs2022_clang #33321","buildUrl":"https://ci.nodejs.org/job/node-test-binary-windows-js-suites/RUN_SUBSET=3,nodes=win11-COMPILED_BY-vs2022_clang/33321/","buildNumber":33321,"builtOn":"test-azure_msft-win11_vs2022-x64-3","nodeVersion":"24.0.0","commitHash":"9619d972d02de1d13b71907d42acb2866a5e16d7","callStack":[{"upstreamBuild":69399,"upstreamProject":"node-test-commit-windows-fanned","upstreamUrl":"job/node-test-commit-windows-fanned/"},{"upstreamBuild":78807,"upstreamProject":"node-test-commit","upstreamUrl":"job/node-test-commit/"},{"upstreamBuild":65936,"upstreamProject":"node-test-pull-request","upstreamUrl":"job/node-test-pull-request/"},{"prId":"57591"}],"tap":{"ok":false,"name":"parallel/test-fs-cp","id":308,"buffered":false,"tapError":null,"skip":false,"todo":": Fix flaky test","previous":null,"plan":null,"diag":{"severity":"flaky","exitcode":1,"stack":"node:assert:95\n  throw new AssertionError(obj);\n  ^\n\nAssertionError [ERR_ASSERTION]: Expected values to be strictly equal:\n+ actual - expected\n\n+ 'ERR_FS_EISDIR'\n- 'ERR_FS_CP_EINVAL'\n          ^\n\n    at file:///c:/workspace/node-test-binary-windows-js-suites/node/test/parallel/test-fs-cp.mjs:687:12\n    at c:\\workspace\\node-test-binary-windows-js-suites\\node\\test\\common\\index.js:435:15\n    at node:fs:175:23\n    at callbackifyOnRejected (node:util:219:10)\n    at process.processTicksAndRejections (node:internal/process/task_queues:90:21) {\n  generatedMessage: true,\n  code: 'ERR_ASSERTION',\n  actual: 'ERR_FS_EISDIR',\n  expected: 'ERR_FS_CP_EINVAL',\n  operator: 'strictEqual'\n}\n\nNode.js v24.0.0-pre"},"time":575.011,"fullname":"parallel/test-fs-cp","closingTestPoint":false}},{"testName":"parallel/test-fs-cp","timestamp":1743544313762,"status":"FAILED","jobName":"node-test-binary-windows-js-suites","config":"node-test-binary-windows-js-suites » 3,win11-COMPILED_BY-vs2022 #33321","buildUrl":"https://ci.nodejs.org/job/node-test-binary-windows-js-suites/RUN_SUBSET=3,nodes=win11-COMPILED_BY-vs2022/33321/","buildNumber":33321,"builtOn":"test-azure_msft-win11_vs2022-x64-4","nodeVersion":"24.0.0","commitHash":"9619d972d02de1d13b71907d42acb2866a5e16d7","callStack":[{"upstreamBuild":69399,"upstreamProject":"node-test-commit-windows-fanned","upstreamUrl":"job/node-test-commit-windows-fanned/"},{"upstreamBuild":78807,"upstreamProject":"node-test-commit","upstreamUrl":"job/node-test-commit/"},{"upstreamBuild":65936,"upstreamProject":"node-test-pull-request","upstreamUrl":"job/node-test-pull-request/"},{"prId":"57591"}],"tap":{"ok":false,"name":"parallel/test-fs-cp","id":307,"buffered":false,"tapError":null,"skip":false,"todo":": Fix flaky test","previous":null,"plan":null,"diag":{"severity":"flaky","exitcode":1,"stack":"node:assert:95\n  throw new AssertionError(obj);\n  ^\n\nAssertionError [ERR_ASSERTION]: Expected values to be strictly equal:\n+ actual - expected\n\n+ 'ERR_FS_EISDIR'\n- 'ERR_FS_CP_EINVAL'\n          ^\n\n    at file:///c:/workspace/node-test-binary-windows-js-suites/node/test/parallel/test-fs-cp.mjs:687:12\n    at c:\\workspace\\node-test-binary-windows-js-suites\\node\\test\\common\\index.js:435:15\n    at node:fs:175:23\n    at callbackifyOnRejected (node:util:219:10)\n    at process.processTicksAndRejections (node:internal/process/task_queues:90:21) {\n  generatedMessage: true,\n  code: 'ERR_ASSERTION',\n  actual: 'ERR_FS_EISDIR',\n  expected: 'ERR_FS_CP_EINVAL',\n  operator: 'strictEqual'\n}\n\nNode.js v24.0.0-pre"},"time":461.011,"fullname":"parallel/test-fs-cp","closingTestPoint":false}},{"testName":"sequential/test-tls-session-timeout","timestamp":1743544313762,"status":"REGRESSION","jobName":"node-test-binary-windows-js-suites","config":"node-test-binary-windows-js-suites » 2,win10-COMPILED_BY-vs2022 #33321","buildUrl":"https://ci.nodejs.org/job/node-test-binary-windows-js-suites/RUN_SUBSET=2,nodes=win10-COMPILED_BY-vs2022/33321/","buildNumber":33321,"builtOn":"test-azure_msft-win10_vs2019-x64-1","nodeVersion":"24.0.0","commitHash":"9619d972d02de1d13b71907d42acb2866a5e16d7","callStack":[{"upstreamBuild":69399,"upstreamProject":"node-test-commit-windows-fanned","upstreamUrl":"job/node-test-commit-windows-fanned/"},{"upstreamBuild":78807,"upstreamProject":"node-test-commit","upstreamUrl":"job/node-test-commit/"},{"upstreamBuild":65936,"upstreamProject":"node-test-pull-request","upstreamUrl":"job/node-test-pull-request/"},{"prId":"57591"}],"tap":{"ok":false,"name":"sequential/test-tls-session-timeout","id":1047,"buffered":false,"tapError":null,"skip":false,"todo":false,"previous":null,"plan":null,"diag":{"severity":"fail","exitcode":1,"stack":"c:\\workspace\\node-test-binary-windows-js-suites\\node\\test\\sequential\\test-tls-session-timeout.js:131\n        throw new Error('unexpected output from openssl client');\n        ^\n\nError: unexpected output from openssl client\n    at ChildProcess.<anonymous> (c:\\workspace\\node-test-binary-windows-js-suites\\node\\test\\sequential\\test-tls-session-timeout.js:131:15)\n    at ChildProcess.emit (node:events:507:28)\n    at ChildProcess._handle.onexit (node:internal/child_process:294:12)\n\nNode.js v24.0.0-pre"},"time":357.025,"fullname":"sequential/test-tls-session-timeout","closingTestPoint":false}}]}