{"failedTests":[{"testName":"parallel/test-tls-cli-min-version-1.1","timestamp":1744040525669,"status":"REGRESSION","jobName":"node-test-binary-windows-js-suites","config":"node-test-binary-windows-js-suites » 2,win11-arm64-COMPILED_BY-vs2022_clang-arm64 #33484","buildUrl":"https://ci.nodejs.org/job/node-test-binary-windows-js-suites/RUN_SUBSET=2,nodes=win11-arm64-COMPILED_BY-vs2022_clang-arm64/33484/","buildNumber":33484,"builtOn":"test-azure_msft-win11_vs2022-arm64-3","nodeVersion":"24.0.0","commitHash":"503d0866b9800eafe3e5a132ceb662a0b883376f","callStack":[{"upstreamBuild":69579,"upstreamProject":"node-test-commit-windows-fanned","upstreamUrl":"job/node-test-commit-windows-fanned/"},{"upstreamBuild":78992,"upstreamProject":"node-test-commit","upstreamUrl":"job/node-test-commit/"},{"upstreamBuild":66107,"upstreamProject":"node-test-pull-request","upstreamUrl":"job/node-test-pull-request/"},{"prId":"56534"}],"tap":{"ok":false,"name":"parallel/test-tls-cli-min-version-1.1","id":832,"buffered":false,"tapError":null,"skip":false,"todo":false,"previous":null,"plan":null,"diag":{"severity":"crashed","exitcode":3221225477,"stack":"test: U U U U U SSLv2_method U expect U U ERR_TLS_INVALID_PROTOCOL_METHOD\n   (d:\\workspace\\node-test-binary-windows-js-suites\\node\\test\\parallel\\test-tls-min-max-version.js:98:1)\nclient undefined\nserver ERR_TLS_INVALID_PROTOCOL_METHOD\ntest: U U U U U SSLv3_method U expect U U ERR_TLS_INVALID_PROTOCOL_METHOD\n   (d:\\workspace\\node-test-binary-windows-js-suites\\node\\test\\parallel\\test-tls-min-max-version.js:100:1)\nclient undefined\nserver ERR_TLS_INVALID_PROTOCOL_METHOD\ntest: U U U U U hokey-pokey U expect U U ERR_TLS_INVALID_PROTOCOL_METHOD\n   (d:\\workspace\\node-test-binary-windows-js-suites\\node\\test\\parallel\\test-tls-min-max-version.js:108:1)\nclient undefined\nserver ERR_TLS_INVALID_PROTOCOL_METHOD\ntest: U U U U U %s_method U expect U U ERR_TLS_INVALID_PROTOCOL_METHOD\n   (d:\\workspace\\node-test-binary-windows-js-suites\\node\\test\\parallel\\test-tls-min-max-version.js:113:1)\nclient undefined\nserver ERR_TLS_INVALID_PROTOCOL_METHOD\ntest: U U U U TLSv1.2 TLS1_2_method U expect U U ERR_TLS_PROTOCOL_VERSION_CONFLICT\n   (d:\\workspace\\node-test-binary-windows-js-suites\\node\\test\\parallel\\test-tls-min-max-version.js:117:1)\nclient undefined\nserver ERR_TLS_PROTOCOL_VERSION_CONFLICT\ntest: U U U TLSv1.2 U TLS1_2_method U expect U U ERR_TLS_PROTOCOL_VERSION_CONFLICT\n   (d:\\workspace\\node-test-binary-windows-js-suites\\node\\test\\parallel\\test-tls-min-max-version.js:119:1)\nclient undefined\nserver ERR_TLS_PROTOCOL_VERSION_CONFLICT\ntest: U U SSLv2_method U U U U expect U ERR_TLS_INVALID_PROTOCOL_METHOD U\n   (d:\\workspace\\node-test-binary-windows-js-suites\\node\\test\\parallel\\test-tls-min-max-version.js:102:1)\nclient ERR_TLS_INVALID_PROTOCOL_METHOD\nserver undefined\ntest: U U SSLv3_method U U U U expect U ERR_TLS_INVALID_PROTOCOL_METHOD U\n   (d:\\workspace\\node-test-binary-windows-js-suites\\node\\test\\parallel\\test-tls-min-max-version.js:104:1)\nclient ERR_TLS_INVALID_PROTOCOL_METHOD\nserver undefined\ntest: U U hokey-pokey U U U U expect U ERR_TLS_INVALID_PROTOCOL_METHOD U\n   (d:\\workspace\\node-test-binary-windows-js-suites\\node\\test\\parallel\\test-tls-min-max-version.js:106:1)\nclient ERR_TLS_INVALID_PROTOCOL_METHOD\nserver undefined\ntest: U TLSv1.2 TLS1_2_method U U U U expect U ERR_TLS_PROTOCOL_VERSION_CONFLICT U\n   (d:\\workspace\\node-test-binary-windows-js-suites\\node\\test\\parallel\\test-tls-min-max-version.js:121:1)\nclient ERR_TLS_PROTOCOL_VERSION_CONFLICT\nserver undefined\ntest: TLSv1.2 U TLS1_2_method U U U U expect U ERR_TLS_PROTOCOL_VERSION_CONFLICT U\n   (d:\\workspace\\node-test-binary-windows-js-suites\\node\\test\\parallel\\test-tls-min-max-version.js:123:1)\nclient ERR_TLS_PROTOCOL_VERSION_CONFLICT\nserver undefined\ntest: U U TLSv1_method U U SSLv23_method U expect U ERR_SSL_TLSV1_ALERT_PROTOCOL_VERSION ERR_SSL_UNSUPPORTED_PROTOCOL\n   (d:\\workspace\\node-test-binary-windows-js-suites\\node\\test\\parallel\\test-tls-min-max-version.js:176:3)\nclient ERR_SSL_TLSV1_ALERT_PROTOCOL_VERSION\nserver ERR_SSL_UNSUPPORTED_PROTOCOL\ntest: U U TLSv1_method U U U U expect U ERR_SSL_TLSV1_ALERT_PROTOCOL_VERSION ERR_SSL_UNSUPPORTED_PROTOCOL\n   (d:\\workspace\\node-test-binary-windows-js-suites\\node\\test\\parallel\\test-tls-min-max-version.js:225:3)\nclient ERR_SSL_TLSV1_ALERT_PROTOCOL_VERSION\nserver ERR_SSL_UNSUPPORTED_PROTOCOL\ntest: U U U U U TLSv1_method U expect U ERR_SSL_TLSV1_ALERT_PROTOCOL_VERSION ERR_SSL_UNSUPPORTED_PROTOCOL\n   (d:\\workspace\\node-test-binary-windows-js-suites\\node\\test\\parallel\\test-tls-min-max-version.js:235:5)\nclient ERR_SSL_TLSV1_ALERT_PROTOCOL_VERSION\nserver ERR_SSL_UNSUPPORTED_PROTOCOL\ntest: U U U U U U U expect TLSv1.3 U U\n   (d:\\workspace\\node-test-binary-windows-js-suites\\node\\test\\parallel\\test-tls-min-max-version.js:95:1)\ntest: U U SSLv23_method U U TLSv1_method ALL@SECLEVEL=0 expect U ERR_SSL_UNSUPPORTED_PROTOCOL ERR_SSL_WRONG_VERSION_NUMBER\n   (d:\\workspace\\node-test-binary-windows-js-suites\\node\\test\\parallel\\test-tls-min-max-version.js:180:3)\nclient ERR_SSL_UNSUPPORTED_PROTOCOL\nserver ERR_SSL_WRONG_VERSION_NUMBER\ntest: TLSv1 TLSv1.3 U TLSv1.3 TLSv1.3 U U expect TLSv1.3 U U\n   (d:\\workspace\\node-test-binary-windows-js-suites\\node\\test\\parallel\\test-tls-min-max-version.js:271:1)\ntest: TLSv1 TLSv1.3 U TLSv1.2 TLSv1.3 U U expect TLSv1.3 U U\n   (d:\\workspace\\node-test-binary-windows-js-suites\\node\\test\\parallel\\test-tls-min-max-version.js:272:1)\ntest: TLSv1.3 TLSv1.3 U TLSv1 TLSv1.3 U U expect TLSv1.3 U U\n   (d:\\workspace\\node-test-binary-windows-js-suites\\node\\test\\parallel\\test-tls-min-max-version.js:278:1)\ntest: U U TLSv1_2_method U U TLS_method U expect TLSv1.2 U U\n   (d:\\workspace\\node-test-binary-windows-js-suites\\node\\test\\parallel\\test-tls-min-max-version.js:127:1)\ntest: U U TLSv1_1_method U U TLS_method ALL@SECLEVEL=0 expect TLSv1.1 U U\n   (d:\\workspace\\node-test-binary-windows-js-suites\\node\\test\\parallel\\test-tls-min-max-version.js:128:1)\ntest: U U TLSv1_method U U TLS_method ALL@SECLEVEL=0 expect TLSv1 U U\n   (d:\\workspace\\node-test-binary-windows-js-suites\\node\\test\\parallel\\test-tls-min-max-version.js:129:1)\ntest: U U TLS_method U U TLSv1_2_method U expect TLSv1.2 U U\n   (d:\\workspace\\node-test-binary-windows-js-suites\\node\\test\\parallel\\test-tls-min-max-version.js:130:1)\ntest: U U TLS_method U U TLSv1_1_method ALL@SECLEVEL=0 expect TLSv1.1 U U\n   (d:\\workspace\\node-test-binary-windows-js-suites\\node\\test\\parallel\\test-tls-min-max-version.js:131:1)\ntest: U U TLS_method U U TLSv1_method ALL@SECLEVEL=0 expect TLSv1 U U\n   (d:\\workspace\\node-test-binary-windows-js-suites\\node\\test\\parallel\\test-tls-min-max-version.js:132:1)\ntest: U U TLSv1_2_method U U SSLv23_method U expect TLSv1.2 U U\n   (d:\\workspace\\node-test-binary-windows-js-suites\\node\\test\\parallel\\test-tls-min-max-version.js:147:3)\ntest: U U TLSv1_1_method U U SSLv23_method ALL@SECLEVEL=0 expect TLSv1.1 U U\n   (d:\\workspace\\node-test-binary-windows-js-suites\\node\\test\\parallel\\test-tls-min-max-version.js:175:3)\ntest: U U SSLv23_method U U TLSv1_1_method ALL@SECLEVEL=0 expect TLSv1.1 U U\n   (d:\\workspace\\node-test-binary-windows-js-suites\\node\\test\\parallel\\test-tls-min-max-version.js:179:3)\ntest: U U TLSv1_2_method U U TLSv1_2_method U expect TLSv1.2 U U\n   (d:\\workspace\\node-test-binary-windows-js-suites\\node\\test\\parallel\\test-tls-min-max-version.js:193:1)\ntest: U U TLSv1_1_method U U TLSv1_1_method ALL@SECLEVEL=0 expect TLSv1.1 U U\n   (d:\\workspace\\node-test-binary-windows-js-suites\\node\\test\\parallel\\test-tls-min-max-version.js:194:1)\ntest: U U TLSv1_method U U TLSv1_method ALL@SECLEVEL=0 expect TLSv1 U U\n   (d:\\workspace\\node-test-binary-windows-js-suites\\node\\test\\parallel\\test-tls-min-max-version.js:195:1)\ntest: U U TLSv1_1_method U U U ALL@SECLEVEL=0 expect TLSv1.1 U U\n   (d:\\workspace\\node-test-binary-windows-js-suites\\node\\test\\parallel\\test-tls-min-max-version.js:224:3)\ntest: U U U U U TLSv1_1_method ALL@SECLEVEL=0 expect TLSv1.1 U U\n   (d:\\workspace\\node-test-binary-windows-js-suites\\node\\test\\parallel\\test-tls-min-max-version.js:228:3)\ntest: TLSv1 TLSv1.2 U U U TLSv1_method ALL@SECLEVEL=0 expect TLSv1 U U\n   (d:\\workspace\\node-test-binary-windows-js-suites\\node\\test\\parallel\\test-tls-min-max-version.js:250:1)\ntest: TLSv1 TLSv1.2 U U U TLSv1_1_method ALL@SECLEVEL=0 expect TLSv1.1 U U\n   (d:\\workspace\\node-test-binary-windows-js-suites\\node\\test\\parallel\\test-tls-min-max-version.js:251:1)\ntest: TLSv1 TLSv1.2 U U U TLSv1_2_method U expect TLSv1.2 U U\n   (d:\\workspace\\node-test-binary-windows-js-suites\\node\\test\\parallel\\test-tls-min-max-version.js:252:1)\ntest: TLSv1 TLSv1.2 U U U TLS_method U expect TLSv1.2 U U\n   (d:\\workspace\\node-test-binary-windows-js-suites\\node\\test\\parallel\\test-tls-min-max-version.js:253:1)\ntest: U U TLSv1_method TLSv1 TLSv1.2 U ALL@SECLEVEL=0 expect TLSv1 U U\n   (d:\\workspace\\node-test-binary-windows-js-suites\\node\\test\\parallel\\test-tls-min-max-version.js:255:1)\ntest: U U TLSv1_1_method TLSv1 TLSv1.2 U ALL@SECLEVEL=0 expect TLSv1.1 U U\n   (d:\\workspace\\node-test-binary-windows-js-suites\\node\\test\\parallel\\test-tls-min-max-version.js:256:1)\ntest: U U TLSv1_2_method TLSv1 TLSv1.2 U U expect TLSv1.2 U U\n   (d:\\workspace\\node-test-binary-windows-js-suites\\node\\test\\parallel\\test-tls-min-max-version.js:257:1)\ntest: TLSv1 TLSv1.1 U TLSv1 TLSv1.3 U ALL@SECLEVEL=0 expect TLSv1.1 U U\n   (d:\\workspace\\node-test-binary-windows-js-suites\\node\\test\\parallel\\test-tls-min-max-version.js:259:1)\ntest: TLSv1 TLSv1.1 U TLSv1 TLSv1.2 U ALL@SECLEVEL=0 expect TLSv1.1 U U\n   (d:\\workspace\\node-test-binary-windows-js-suites\\node\\test\\parallel\\test-tls-min-max-version.js:260:1)\ntest: TLSv1 TLSv1.2 U TLSv1 TLSv1.1 U ALL@SECLEVEL=0 expect TLSv1.1 U U\n   (d:\\workspace\\node-test-binary-windows-js-suites\\node\\test\\parallel\\test-tls-min-max-version.js:261:1)\ntest: TLSv1 TLSv1.3 U TLSv1 TLSv1.1 U ALL@SECLEVEL=0 expect TLSv1.1 U U\n   (d:\\workspace\\node-test-binary-windows-js-suites\\node\\test\\parallel\\test-tls-min-max-version.js:262:1)\ntest: TLSv1 TLSv1 U TLSv1 TLSv1.1 U ALL@SECLEVEL=0 expect TLSv1 U U\n   (d:\\workspace\\node-test-binary-windows-js-suites\\node\\test\\parallel\\test-tls-min-max-version.js:263:1)\ntest: TLSv1 TLSv1.2 U TLSv1 TLSv1 U ALL@SECLEVEL=0 expect TLSv1 U U\n   (d:\\workspace\\node-test-binary-windows-js-suites\\node\\test\\parallel\\test-tls-min-max-version.js:264:1)\ntest: TLSv1 TLSv1.3 U TLSv1 TLSv1 U ALL@SECLEVEL=0 expect TLSv1 U U\n   (d:\\workspace\\node-test-binary-windows-js-suites\\node\\test\\parallel\\test-tls-min-max-version.js:265:1)\ntest: TLSv1.1 TLSv1.1 U TLSv1 TLSv1.2 U ALL@SECLEVEL=0 expect TLSv1.1 U U\n   (d:\\workspace\\node-test-binary-windows-js-suites\\node\\test\\parallel\\test-tls-min-max-version.js:266:1)\ntest: TLSv1 TLSv1.2 U TLSv1.1 TLSv1.1 U ALL@SECLEVEL=0 expect TLSv1.1 U U\n   (d:\\workspace\\node-test-binary-windows-js-suites\\node\\test\\parallel\\test-tls-min-max-version.js:267:1)\ntest: TLSv1 TLSv1.2 U TLSv1 TLSv1.3 U U expect TLSv1.2 U U\n   (d:\\workspace\\node-test-binary-windows-js-suites\\node\\test\\parallel\\test-tls-min-max-version.js:268:1)\ntest: TLSv1 TLSv1.3 U TLSv1.2 TLSv1.2 U U expect TLSv1.2 U U\n   (d:\\workspace\\node-test-binary-windows-js-suites\\node\\test\\parallel\\test-tls-min-max-version.js:273:1)\ntest: TLSv1 TLSv1.3 U TLSv1.1 TLSv1.1 U ALL@SECLEVEL=0 expect TLSv1.1 U U\n   (d:\\workspace\\node-test-binary-windows-js-suites\\node\\test\\parallel\\test-tls-min-max-version.js:274:1)\ntest: TLSv1 TLSv1.3 U TLSv1 TLSv1 U ALL@SECLEVEL=0 expect TLSv1 U U\n   (d:\\workspace\\node-test-binary-windows-js-suites\\node\\test\\parallel\\test-tls-min-max-version.js:275:1)\ntest: TLSv1.2 TLSv1.2 U TLSv1 TLSv1.3 U U expect TLSv1.2 U U\n   (d:\\workspace\\node-test-binary-windows-js-suites\\node\\test\\parallel\\test-tls-min-max-version.js:279:1)\ntest: TLSv1.1 TLSv1.1 U TLSv1 TLSv1.3 U ALL@SECLEVEL=0 expect TLSv1.1 U U\n   (d:\\workspace\\node-test-binary-windows-js-suites\\node\\test\\parallel\\test-tls-min-max-version.js:280:1)\ntest: TLSv1 TLSv1 U TLSv1 TLSv1.3 U ALL@SECLEVEL=0 expect TLSv1 U U\n   (d:\\workspace\\node-test-binary-windows-js-suites\\node\\test\\parallel\\test-tls-min-max-version.js:281:1)\n(node:3724) [DEP0060] DeprecationWarning: The `util._extend` API is deprecated. Please use Object.assign() instead.\n(Use `node --trace-deprecation ...` to show where the warning was created)"},"time":1272,"fullname":"parallel/test-tls-cli-min-version-1.1","closingTestPoint":false}},{"testName":"parallel/test-without-async-context-frame","timestamp":1744040525669,"status":"FAILED","jobName":"node-test-binary-windows-js-suites","config":"node-test-binary-windows-js-suites » 2,win11-arm64-COMPILED_BY-vs2022_clang-arm64 #33484","buildUrl":"https://ci.nodejs.org/job/node-test-binary-windows-js-suites/RUN_SUBSET=2,nodes=win11-arm64-COMPILED_BY-vs2022_clang-arm64/33484/","buildNumber":33484,"builtOn":"test-azure_msft-win11_vs2022-arm64-3","nodeVersion":"24.0.0","commitHash":"503d0866b9800eafe3e5a132ceb662a0b883376f","callStack":[{"upstreamBuild":69579,"upstreamProject":"node-test-commit-windows-fanned","upstreamUrl":"job/node-test-commit-windows-fanned/"},{"upstreamBuild":78992,"upstreamProject":"node-test-commit","upstreamUrl":"job/node-test-commit/"},{"upstreamBuild":66107,"upstreamProject":"node-test-pull-request","upstreamUrl":"job/node-test-pull-request/"},{"prId":"56534"}],"tap":{"ok":false,"name":"parallel/test-without-async-context-frame","id":1006,"buffered":false,"tapError":null,"skip":false,"todo":": Fix flaky test","previous":null,"plan":null,"diag":{"severity":"flaky","exitcode":1,"stack":"Test failure: 'parallel\\test-async-local-storage-http-multiclients.js'\nLocation: test\\parallel\\test-without-async-context-frame.mjs:49:5\nAssertionError [ERR_ASSERTION]: Test parallel\\test-async-local-storage-http-multiclients.js failed with exit code 1\n\n1 !== 0\n\n    at TestContext.<anonymous> (file:///d:/workspace/node-test-binary-windows-js-suites/node/test/parallel/test-without-async-context-frame.mjs:61:7)\n    at process.processTicksAndRejections (node:internal/process/task_queues:105:5)\n    at async Test.run (node:internal/test_runner/test:1063:7)\n    at async Suite.processPendingSubtests (node:internal/test_runner/test:746:7) {\n  generatedMessage: false,\n  code: 'ERR_ASSERTION',\n  actual: 1,\n  expected: 0,\n  operator: 'strictEqual'\n}"},"time":34084.818,"fullname":"parallel/test-without-async-context-frame","closingTestPoint":false}},{"testName":"pummel/test-net-many-clients","timestamp":1744040525669,"status":"REGRESSION","jobName":"node-test-binary-windows-js-suites","config":"node-test-binary-windows-js-suites » 2,win11-arm64-COMPILED_BY-vs2022_clang-arm64 #33484","buildUrl":"https://ci.nodejs.org/job/node-test-binary-windows-js-suites/RUN_SUBSET=2,nodes=win11-arm64-COMPILED_BY-vs2022_clang-arm64/33484/","buildNumber":33484,"builtOn":"test-azure_msft-win11_vs2022-arm64-3","nodeVersion":"24.0.0","commitHash":"503d0866b9800eafe3e5a132ceb662a0b883376f","callStack":[{"upstreamBuild":69579,"upstreamProject":"node-test-commit-windows-fanned","upstreamUrl":"job/node-test-commit-windows-fanned/"},{"upstreamBuild":78992,"upstreamProject":"node-test-commit","upstreamUrl":"job/node-test-commit/"},{"upstreamBuild":66107,"upstreamProject":"node-test-pull-request","upstreamUrl":"job/node-test-pull-request/"},{"prId":"56534"}],"tap":{"ok":false,"name":"pummel/test-net-many-clients","id":1014,"buffered":false,"tapError":null,"skip":false,"todo":false,"previous":null,"plan":null,"diag":{"severity":"crashed","exitcode":3221225477,"stack":"connected 1\nc\nconnected 2\nc\nconnected 3\nc\nconnected 4\nc\nconnected 5\nc\nconnected 6\nc\nconnected 7\nc\nconnected 8\nc\nconnected 9\nc\nconnected 10\nc\nconnected 11\nc\nconnected 12\nc\nconnected 13\nc\nconnected 14\nc\nconnected 15\nc\nconnected 16\nc\nconnected 17\nc\nconnected 18\nc\nconnected 19\nc\nconnected 20\nc\nconnected 21\nc\nconnected 22\nc\nconnected 23\nc\nconnected 24\nc\nconnected 25\nc\nconnected 26\nc\nconnected 27\nc\nconnected 28\nc\nconnected 29\nc\nconnected 30\nc\nconnected 31\nc\nconnected 32\nc\nc\nc\nc\nc\nc\nc\nc\nc\nc\nc\nc\nc\nc\n.\n.\n.\n.\n.\n.\n.\n.\n.\n.\n.\n.\n.\n.\n.\n.\n.\n.\n.\n.\n.\n.\n.\n.\n.\n.\n.\n.\n.\n.\n.\n.\nc\nc\nc\nc\nc\nconnected 33\nconnected 34\nconnected 35\nconnected 36\nconnected 37\nconnected 38\nconnected 39\nconnected 40\nconnected 41\nconnected 42\nconnected 43\nconnected 44\nconnected 45\nconnected 46\nconnected 47\nconnected 48\nconnected 49\nconnected 50\nconnected 51\nc\nconnected 52\nc\nconnected 53\nc\nconnected 54\nc\nconnected 55\nc\nconnected 56\nc\nconnected 57\nc\nconnected 58\nc\nconnected 59\nc\nconnected 60\nc\nconnected 61\nc\nconnected 62\nc\nconnected 63\nc\nconnected 64\nc\nconnected 65\nc\nconnected 66\nc\nconnected 67\nc\nconnected 68\nc\nconnected 69\nc\nconnected 70\nc\nconnected 71\nc\nconnected 72\nc\nconnected 73\nc\nconnected 74\nc\nconnected 75\nc\nconnected 76\nc\nconnected 77\nc\nconnected 78\nc\nconnected 79\nc\nconnected 80\nc\nconnected 81\nc\nconnected 82\nc\n.\n.\n.\n.\n.\n.\n.\n.\n.\n.\n.\n.\n.\n.\n.\n.\n.\n.\n.\n.\n.\n.\n.\n.\n.\n.\n.\n.\n.\n.\n.\n.\n.\n.\n.\n.\n.\n.\n.\n.\n.\n.\n.\n.\n.\n.\n.\n.\n.\n.\nconnected 83\nc\nconnected 84\nc\nconnected 85\nc\nconnected 86\nc\nconnected 87\nc\nconnected 88\nc\nconnected 89\nc\nconnected 90\nc\nconnected 91\nc\nconnected 92\nc\nconnected 93\nc\nconnected 94\nc\nconnected 95\nc\nconnected 96\nc\nconnected 97\nc\nconnected 98\nc\nconnected 99\nc\nconnected 100\nc\nconnected 101\nc\nconnected 102\nc\nconnected 103\nc\nconnected 104\nc\nconnected 105\nc\nconnected 106\nc\nconnected 107\nc\nconnected 108\nc\nconnected 109\nc\nconnected 110\nc\nconnected 111\nc\nconnected 112\nc\nconnected 113\nc\nconnected 114\nc\nc\nc\nc\nc\nc\nc\nc\nc\nc\nc\nc\nc\nc\nc\nc\nc\nc\nc\n.\n.\n.\n.\n.\n.\n.\n.\n.\n.\n.\n.\n.\n.\n.\n.\n.\n.\n.\n.\n.\n.\n.\n.\n.\n.\n.\n.\n.\n.\n.\n.\nconnected 115\nconnected 116\nconnected 117\nconnected 118\nconnected 119\nconnected 120\nconnected 121\nconnected 122\nconnected 123\nconnected 124\nconnected 125\nconnected 126\nconnected 127\nconnected 128\nconnected 129\nconnected 130\nconnected 131\nconnected 132\n.\n.\n.\n.\n.\n.\n.\n.\n.\n.\n.\n.\n.\n.\n.\n.\n.\n.\nconnected 133\nc\nconnected 134\nc\nconnected 135\nc\nconnected 136\nc\nconnected 137\nc\nconnected 138\nc\nconnected 139\nc\nconnected 140\nc\nconnected 141\nc\nconnected 142\nc\nconnected 143\nc\nconnected 144\nc\nconnected 145\nc\nconnected 146\nc\nconnected 147\nc\nconnected 148\nc\nconnected 149\nc\nconnected 150\nc\n.\n.\n.\n.\n.\n.\n.\n.\n.\n.\n.\n.\n.\n.\n.\n.\n.\n.\n\nokay!"},"time":459.589,"fullname":"pummel/test-net-many-clients","closingTestPoint":false}},{"testName":"pummel/test-string-decoder-large-buffer","timestamp":1744040525669,"status":"REGRESSION","jobName":"node-test-binary-windows-js-suites","config":"node-test-binary-windows-js-suites » 2,win11-arm64-COMPILED_BY-vs2022_clang-arm64 #33484","buildUrl":"https://ci.nodejs.org/job/node-test-binary-windows-js-suites/RUN_SUBSET=2,nodes=win11-arm64-COMPILED_BY-vs2022_clang-arm64/33484/","buildNumber":33484,"builtOn":"test-azure_msft-win11_vs2022-arm64-3","nodeVersion":"24.0.0","commitHash":"503d0866b9800eafe3e5a132ceb662a0b883376f","callStack":[{"upstreamBuild":69579,"upstreamProject":"node-test-commit-windows-fanned","upstreamUrl":"job/node-test-commit-windows-fanned/"},{"upstreamBuild":78992,"upstreamProject":"node-test-commit","upstreamUrl":"job/node-test-commit/"},{"upstreamBuild":66107,"upstreamProject":"node-test-pull-request","upstreamUrl":"job/node-test-pull-request/"},{"prId":"56534"}],"tap":{"ok":false,"name":"pummel/test-string-decoder-large-buffer","id":1017,"buffered":false,"tapError":null,"skip":false,"todo":false,"previous":null,"plan":null,"diag":{"severity":"crashed","exitcode":3221225477,"stack":""},"time":206.312,"fullname":"pummel/test-string-decoder-large-buffer","closingTestPoint":false}},{"testName":"parallel/test-fs-promises-writefile","timestamp":1744040525669,"status":"REGRESSION","jobName":"node-test-binary-windows-js-suites","config":"node-test-binary-windows-js-suites » 1,win11-arm64-COMPILED_BY-vs2022-arm64 #33484","buildUrl":"https://ci.nodejs.org/job/node-test-binary-windows-js-suites/RUN_SUBSET=1,nodes=win11-arm64-COMPILED_BY-vs2022-arm64/33484/","buildNumber":33484,"builtOn":"test-azure_msft-win11_vs2022-arm64-1","nodeVersion":"24.0.0","commitHash":"503d0866b9800eafe3e5a132ceb662a0b883376f","callStack":[{"upstreamBuild":69579,"upstreamProject":"node-test-commit-windows-fanned","upstreamUrl":"job/node-test-commit-windows-fanned/"},{"upstreamBuild":78992,"upstreamProject":"node-test-commit","upstreamUrl":"job/node-test-commit/"},{"upstreamBuild":66107,"upstreamProject":"node-test-pull-request","upstreamUrl":"job/node-test-pull-request/"},{"prId":"56534"}],"tap":{"ok":false,"name":"parallel/test-fs-promises-writefile","id":320,"buffered":false,"tapError":null,"skip":false,"todo":false,"previous":null,"plan":null,"diag":{"severity":"crashed","exitcode":3221225477,"stack":""},"time":461.008,"fullname":"parallel/test-fs-promises-writefile","closingTestPoint":false}},{"testName":"parallel/test-http-pipeline-flood","timestamp":1744040525669,"status":"REGRESSION","jobName":"node-test-binary-windows-js-suites","config":"node-test-binary-windows-js-suites » 1,win11-arm64-COMPILED_BY-vs2022_clang-arm64 #33484","buildUrl":"https://ci.nodejs.org/job/node-test-binary-windows-js-suites/RUN_SUBSET=1,nodes=win11-arm64-COMPILED_BY-vs2022_clang-arm64/33484/","buildNumber":33484,"builtOn":"test-azure_msft-win11_vs2022-arm64-4","nodeVersion":"24.0.0","commitHash":"503d0866b9800eafe3e5a132ceb662a0b883376f","callStack":[{"upstreamBuild":69579,"upstreamProject":"node-test-commit-windows-fanned","upstreamUrl":"job/node-test-commit-windows-fanned/"},{"upstreamBuild":78992,"upstreamProject":"node-test-commit","upstreamUrl":"job/node-test-commit/"},{"upstreamBuild":66107,"upstreamProject":"node-test-pull-request","upstreamUrl":"job/node-test-pull-request/"},{"prId":"56534"}],"tap":{"ok":false,"name":"parallel/test-http-pipeline-flood","id":423,"buffered":false,"tapError":null,"skip":false,"todo":false,"previous":null,"plan":null,"diag":{"severity":"crashed","exitcode":3221225477,"stack":""},"time":792.94,"fullname":"parallel/test-http-pipeline-flood","closingTestPoint":false}},{"testName":"parallel/test-fs-write-buffer-large","timestamp":1744040525669,"status":"REGRESSION","jobName":"node-test-binary-windows-js-suites","config":"node-test-binary-windows-js-suites » 2,win11-arm64-COMPILED_BY-vs2022-arm64 #33484","buildUrl":"https://ci.nodejs.org/job/node-test-binary-windows-js-suites/RUN_SUBSET=2,nodes=win11-arm64-COMPILED_BY-vs2022-arm64/33484/","buildNumber":33484,"builtOn":"test-azure_msft-win11_vs2022-arm64-6","nodeVersion":"24.0.0","commitHash":"503d0866b9800eafe3e5a132ceb662a0b883376f","callStack":[{"upstreamBuild":69579,"upstreamProject":"node-test-commit-windows-fanned","upstreamUrl":"job/node-test-commit-windows-fanned/"},{"upstreamBuild":78992,"upstreamProject":"node-test-commit","upstreamUrl":"job/node-test-commit/"},{"upstreamBuild":66107,"upstreamProject":"node-test-pull-request","upstreamUrl":"job/node-test-pull-request/"},{"prId":"56534"}],"tap":{"ok":false,"name":"parallel/test-fs-write-buffer-large","id":345,"buffered":false,"tapError":null,"skip":false,"todo":false,"previous":null,"plan":null,"diag":{"severity":"crashed","exitcode":3221225477,"stack":""},"time":237.006,"fullname":"parallel/test-fs-write-buffer-large","closingTestPoint":false}},{"testName":"parallel/test-x509-escaping","timestamp":1744040525669,"status":"REGRESSION","jobName":"node-test-binary-windows-js-suites","config":"node-test-binary-windows-js-suites » 2,win11-arm64-COMPILED_BY-vs2022-arm64 #33484","buildUrl":"https://ci.nodejs.org/job/node-test-binary-windows-js-suites/RUN_SUBSET=2,nodes=win11-arm64-COMPILED_BY-vs2022-arm64/33484/","buildNumber":33484,"builtOn":"test-azure_msft-win11_vs2022-arm64-6","nodeVersion":"24.0.0","commitHash":"503d0866b9800eafe3e5a132ceb662a0b883376f","callStack":[{"upstreamBuild":69579,"upstreamProject":"node-test-commit-windows-fanned","upstreamUrl":"job/node-test-commit-windows-fanned/"},{"upstreamBuild":78992,"upstreamProject":"node-test-commit","upstreamUrl":"job/node-test-commit/"},{"upstreamBuild":66107,"upstreamProject":"node-test-pull-request","upstreamUrl":"job/node-test-pull-request/"},{"prId":"56534"}],"tap":{"ok":false,"name":"parallel/test-x509-escaping","id":999,"buffered":false,"tapError":null,"skip":false,"todo":false,"previous":null,"plan":null,"diag":{"severity":"crashed","exitcode":3221225477,"stack":""},"time":3052.496,"fullname":"parallel/test-x509-escaping","closingTestPoint":false}},{"testName":"pummel/test-https-large-response","timestamp":1744040525669,"status":"REGRESSION","jobName":"node-test-binary-windows-js-suites","config":"node-test-binary-windows-js-suites » 3,win11-arm64-COMPILED_BY-vs2022-arm64 #33484","buildUrl":"https://ci.nodejs.org/job/node-test-binary-windows-js-suites/RUN_SUBSET=3,nodes=win11-arm64-COMPILED_BY-vs2022-arm64/33484/","buildNumber":33484,"builtOn":"test-azure_msft-win11_vs2022-arm64-4","nodeVersion":"24.0.0","commitHash":"503d0866b9800eafe3e5a132ceb662a0b883376f","callStack":[{"upstreamBuild":69579,"upstreamProject":"node-test-commit-windows-fanned","upstreamUrl":"job/node-test-commit-windows-fanned/"},{"upstreamBuild":78992,"upstreamProject":"node-test-commit","upstreamUrl":"job/node-test-commit/"},{"upstreamBuild":66107,"upstreamProject":"node-test-pull-request","upstreamUrl":"job/node-test-pull-request/"},{"prId":"56534"}],"tap":{"ok":false,"name":"pummel/test-https-large-response","id":1013,"buffered":false,"tapError":null,"skip":false,"todo":false,"previous":null,"plan":null,"diag":{"severity":"crashed","exitcode":3221225477,"stack":"build body...done\ngot request\nresponse!\n.................................................................................................................................................................................................................................................................................................................................................................................................................................................................................................................................................................................................................................................................................................................................................................................................\nexpected:  12582912\n     got:  12582912"},"time":823.372,"fullname":"pummel/test-https-large-response","closingTestPoint":false}},{"testName":"parallel/test-async-local-storage-http-multiclients","timestamp":1744040525669,"status":"REGRESSION","jobName":"node-test-binary-windows-js-suites","config":"node-test-binary-windows-js-suites » 0,win11-arm64-COMPILED_BY-vs2022_clang-arm64 #33484","buildUrl":"https://ci.nodejs.org/job/node-test-binary-windows-js-suites/RUN_SUBSET=0,nodes=win11-arm64-COMPILED_BY-vs2022_clang-arm64/33484/","buildNumber":33484,"builtOn":"test-azure_msft-win11_vs2022-arm64-1","nodeVersion":"24.0.0","commitHash":"503d0866b9800eafe3e5a132ceb662a0b883376f","callStack":[{"upstreamBuild":69579,"upstreamProject":"node-test-commit-windows-fanned","upstreamUrl":"job/node-test-commit-windows-fanned/"},{"upstreamBuild":78992,"upstreamProject":"node-test-commit","upstreamUrl":"job/node-test-commit/"},{"upstreamBuild":66107,"upstreamProject":"node-test-pull-request","upstreamUrl":"job/node-test-pull-request/"},{"prId":"56534"}],"tap":{"ok":false,"name":"parallel/test-async-local-storage-http-multiclients","id":97,"buffered":false,"tapError":null,"skip":false,"todo":false,"previous":null,"plan":null,"diag":{"severity":"crashed","exitcode":3221225477,"stack":""},"time":443.001,"fullname":"parallel/test-async-local-storage-http-multiclients","closingTestPoint":false}},{"testName":"parallel/test-repl-tab-complete","timestamp":1744040525669,"status":"REGRESSION","jobName":"node-test-binary-windows-js-suites","config":"node-test-binary-windows-js-suites » 0,win11-arm64-COMPILED_BY-vs2022_clang-arm64 #33484","buildUrl":"https://ci.nodejs.org/job/node-test-binary-windows-js-suites/RUN_SUBSET=0,nodes=win11-arm64-COMPILED_BY-vs2022_clang-arm64/33484/","buildNumber":33484,"builtOn":"test-azure_msft-win11_vs2022-arm64-1","nodeVersion":"24.0.0","commitHash":"503d0866b9800eafe3e5a132ceb662a0b883376f","callStack":[{"upstreamBuild":69579,"upstreamProject":"node-test-commit-windows-fanned","upstreamUrl":"job/node-test-commit-windows-fanned/"},{"upstreamBuild":78992,"upstreamProject":"node-test-commit","upstreamUrl":"job/node-test-commit/"},{"upstreamBuild":66107,"upstreamProject":"node-test-pull-request","upstreamUrl":"job/node-test-pull-request/"},{"prId":"56534"}],"tap":{"ok":false,"name":"parallel/test-repl-tab-complete","id":708,"buffered":false,"tapError":null,"skip":false,"todo":false,"previous":null,"plan":null,"diag":{"severity":"crashed","exitcode":3221225477,"stack":"... ... undefined\nClearing context...\n... ... ... Clearing context...\n... ... undefined\nClearing context...\n... ... ... ... Clearing context...\n... ... ... ... Clearing context...\n... ... ... ... ... Clearing context...\n... ... ... ... ... ... Clearing context...\n... ... ... ... ... ... Clearing context...\n... ... ... ... ... ... ... Clearing context...\nundefined\nClearing context...\nundefined\nClearing context...\nundefined\nClearing context...\nClearing context...\nundefined\n1\n2\nundefined\n3\n4\nClearing context...\nClearing context...\nClearing context...\nClearing context...\nClearing context...\nClearing context...\nClearing context...\nClearing context...\nClearing context...\nClearing context...\nundefined\nClearing context...\nundefined\nClearing context...\nundefined\nClearing context...\nundefined\nClearing context...\nundefined\nClearing context...\nundefined\nClearing context...\nClearing context...\nClearing context...\nundefined\nClearing context...\nundefined\nClearing context...\nClearing context...\nundefined\n0\n1\nClearing context...\n1\nClearing context...\n1\nClearing context...\n1\nClearing context...\n1\nClearing context...\n1\nClearing context...\n1\nClearing context...\n1\nClearing context...\n1\nClearing context...\n1\nClearing context...\n1\nClearing context..."},"time":1145.998,"fullname":"parallel/test-repl-tab-complete","closingTestPoint":false}},{"testName":"parallel/test-fs-cp","timestamp":1744040525669,"status":"FAILED","jobName":"node-test-binary-windows-js-suites","config":"node-test-binary-windows-js-suites » 0,win11-COMPILED_BY-vs2022_clang #33484","buildUrl":"https://ci.nodejs.org/job/node-test-binary-windows-js-suites/RUN_SUBSET=0,nodes=win11-COMPILED_BY-vs2022_clang/33484/","buildNumber":33484,"builtOn":"test-azure_msft-win11_vs2022-x64-4","nodeVersion":"24.0.0","commitHash":"503d0866b9800eafe3e5a132ceb662a0b883376f","callStack":[{"upstreamBuild":69579,"upstreamProject":"node-test-commit-windows-fanned","upstreamUrl":"job/node-test-commit-windows-fanned/"},{"upstreamBuild":78992,"upstreamProject":"node-test-commit","upstreamUrl":"job/node-test-commit/"},{"upstreamBuild":66107,"upstreamProject":"node-test-pull-request","upstreamUrl":"job/node-test-pull-request/"},{"prId":"56534"}],"tap":{"ok":false,"name":"parallel/test-fs-cp","id":308,"buffered":false,"tapError":null,"skip":false,"todo":": Fix flaky test","previous":null,"plan":null,"diag":{"severity":"flaky","exitcode":1,"stack":"node:assert:95\n  throw new AssertionError(obj);\n  ^\n\nAssertionError [ERR_ASSERTION]: Expected values to be strictly equal:\n+ actual - expected\n\n+ 'ERR_FS_EISDIR'\n- 'ERR_FS_CP_EINVAL'\n          ^\n\n    at file:///c:/workspace/node-test-binary-windows-js-suites/node/test/parallel/test-fs-cp.mjs:687:12\n    at c:\\workspace\\node-test-binary-windows-js-suites\\node\\test\\common\\index.js:435:15\n    at node:fs:175:23\n    at callbackifyOnRejected (node:util:219:10)\n    at process.processTicksAndRejections (node:internal/process/task_queues:90:21) {\n  generatedMessage: true,\n  code: 'ERR_ASSERTION',\n  actual: 'ERR_FS_EISDIR',\n  expected: 'ERR_FS_CP_EINVAL',\n  operator: 'strictEqual'\n}\n\nNode.js v24.0.0-pre"},"time":442.009,"fullname":"parallel/test-fs-cp","closingTestPoint":false}},{"testName":"parallel/test-fs-cp","timestamp":1744040525669,"status":"FAILED","jobName":"node-test-binary-windows-js-suites","config":"node-test-binary-windows-js-suites » 0,win11-COMPILED_BY-vs2022 #33484","buildUrl":"https://ci.nodejs.org/job/node-test-binary-windows-js-suites/RUN_SUBSET=0,nodes=win11-COMPILED_BY-vs2022/33484/","buildNumber":33484,"builtOn":"test-azure_msft-win11_vs2022-x64-3","nodeVersion":"24.0.0","commitHash":"503d0866b9800eafe3e5a132ceb662a0b883376f","callStack":[{"upstreamBuild":69579,"upstreamProject":"node-test-commit-windows-fanned","upstreamUrl":"job/node-test-commit-windows-fanned/"},{"upstreamBuild":78992,"upstreamProject":"node-test-commit","upstreamUrl":"job/node-test-commit/"},{"upstreamBuild":66107,"upstreamProject":"node-test-pull-request","upstreamUrl":"job/node-test-pull-request/"},{"prId":"56534"}],"tap":{"ok":false,"name":"parallel/test-fs-cp","id":308,"buffered":false,"tapError":null,"skip":false,"todo":": Fix flaky test","previous":null,"plan":null,"diag":{"severity":"flaky","exitcode":1,"stack":"node:assert:95\n  throw new AssertionError(obj);\n  ^\n\nAssertionError [ERR_ASSERTION]: Expected values to be strictly equal:\n+ actual - expected\n\n+ 'ERR_FS_EISDIR'\n- 'ERR_FS_CP_EINVAL'\n          ^\n\n    at file:///c:/workspace/node-test-binary-windows-js-suites/node/test/parallel/test-fs-cp.mjs:687:12\n    at c:\\workspace\\node-test-binary-windows-js-suites\\node\\test\\common\\index.js:435:15\n    at node:fs:175:23\n    at callbackifyOnRejected (node:util:219:10)\n    at process.processTicksAndRejections (node:internal/process/task_queues:90:21) {\n  generatedMessage: true,\n  code: 'ERR_ASSERTION',\n  actual: 'ERR_FS_EISDIR',\n  expected: 'ERR_FS_CP_EINVAL',\n  operator: 'strictEqual'\n}\n\nNode.js v24.0.0-pre"},"time":625.967,"fullname":"parallel/test-fs-cp","closingTestPoint":false}},{"testName":"pummel/test-structuredclone-jstransferable","timestamp":1744040525669,"status":"REGRESSION","jobName":"node-test-binary-windows-js-suites","config":"node-test-binary-windows-js-suites » 3,win11-arm64-COMPILED_BY-vs2022_clang-arm64 #33484","buildUrl":"https://ci.nodejs.org/job/node-test-binary-windows-js-suites/RUN_SUBSET=3,nodes=win11-arm64-COMPILED_BY-vs2022_clang-arm64/33484/","buildNumber":33484,"builtOn":"test-azure_msft-win11_vs2022-arm64-3","nodeVersion":"24.0.0","commitHash":"503d0866b9800eafe3e5a132ceb662a0b883376f","callStack":[{"upstreamBuild":69579,"upstreamProject":"node-test-commit-windows-fanned","upstreamUrl":"job/node-test-commit-windows-fanned/"},{"upstreamBuild":78992,"upstreamProject":"node-test-commit","upstreamUrl":"job/node-test-commit/"},{"upstreamBuild":66107,"upstreamProject":"node-test-pull-request","upstreamUrl":"job/node-test-pull-request/"},{"prId":"56534"}],"tap":{"ok":false,"name":"pummel/test-structuredclone-jstransferable","id":1017,"buffered":false,"tapError":null,"skip":false,"todo":false,"previous":null,"plan":null,"diag":{"severity":"crashed","exitcode":3221225477,"stack":""},"time":523.5,"fullname":"pummel/test-structuredclone-jstransferable","closingTestPoint":false}},{"testName":"parallel/test-tls-min-max-version","timestamp":1744040525669,"status":"REGRESSION","jobName":"node-test-binary-windows-js-suites","config":"node-test-binary-windows-js-suites » 0,win11-arm64-COMPILED_BY-vs2022-arm64 #33484","buildUrl":"https://ci.nodejs.org/job/node-test-binary-windows-js-suites/RUN_SUBSET=0,nodes=win11-arm64-COMPILED_BY-vs2022-arm64/33484/","buildNumber":33484,"builtOn":"test-azure_msft-win11_vs2022-arm64-6","nodeVersion":"24.0.0","commitHash":"503d0866b9800eafe3e5a132ceb662a0b883376f","callStack":[{"upstreamBuild":69579,"upstreamProject":"node-test-commit-windows-fanned","upstreamUrl":"job/node-test-commit-windows-fanned/"},{"upstreamBuild":78992,"upstreamProject":"node-test-commit","upstreamUrl":"job/node-test-commit/"},{"upstreamBuild":66107,"upstreamProject":"node-test-pull-request","upstreamUrl":"job/node-test-pull-request/"},{"prId":"56534"}],"tap":{"ok":false,"name":"parallel/test-tls-min-max-version","id":856,"buffered":false,"tapError":null,"skip":false,"todo":false,"previous":null,"plan":null,"diag":{"severity":"crashed","exitcode":3221225477,"stack":"test: U U U U U SSLv2_method U expect U U ERR_TLS_INVALID_PROTOCOL_METHOD\n   (d:\\workspace\\node-test-binary-windows-js-suites\\node\\test\\parallel\\test-tls-min-max-version.js:98:1)\nclient undefined\nserver ERR_TLS_INVALID_PROTOCOL_METHOD\ntest: U U U U U SSLv3_method U expect U U ERR_TLS_INVALID_PROTOCOL_METHOD\n   (d:\\workspace\\node-test-binary-windows-js-suites\\node\\test\\parallel\\test-tls-min-max-version.js:100:1)\nclient undefined\nserver ERR_TLS_INVALID_PROTOCOL_METHOD\ntest: U U U U U hokey-pokey U expect U U ERR_TLS_INVALID_PROTOCOL_METHOD\n   (d:\\workspace\\node-test-binary-windows-js-suites\\node\\test\\parallel\\test-tls-min-max-version.js:108:1)\nclient undefined\nserver ERR_TLS_INVALID_PROTOCOL_METHOD\ntest: U U U U U %s_method U expect U U ERR_TLS_INVALID_PROTOCOL_METHOD\n   (d:\\workspace\\node-test-binary-windows-js-suites\\node\\test\\parallel\\test-tls-min-max-version.js:113:1)\nclient undefined\nserver ERR_TLS_INVALID_PROTOCOL_METHOD\ntest: U U U U TLSv1.2 TLS1_2_method U expect U U ERR_TLS_PROTOCOL_VERSION_CONFLICT\n   (d:\\workspace\\node-test-binary-windows-js-suites\\node\\test\\parallel\\test-tls-min-max-version.js:117:1)\nclient undefined\nserver ERR_TLS_PROTOCOL_VERSION_CONFLICT\ntest: U U U TLSv1.2 U TLS1_2_method U expect U U ERR_TLS_PROTOCOL_VERSION_CONFLICT\n   (d:\\workspace\\node-test-binary-windows-js-suites\\node\\test\\parallel\\test-tls-min-max-version.js:119:1)\nclient undefined\nserver ERR_TLS_PROTOCOL_VERSION_CONFLICT\ntest: U U SSLv2_method U U U U expect U ERR_TLS_INVALID_PROTOCOL_METHOD U\n   (d:\\workspace\\node-test-binary-windows-js-suites\\node\\test\\parallel\\test-tls-min-max-version.js:102:1)\nclient ERR_TLS_INVALID_PROTOCOL_METHOD\nserver undefined\ntest: U U SSLv3_method U U U U expect U ERR_TLS_INVALID_PROTOCOL_METHOD U\n   (d:\\workspace\\node-test-binary-windows-js-suites\\node\\test\\parallel\\test-tls-min-max-version.js:104:1)\nclient ERR_TLS_INVALID_PROTOCOL_METHOD\nserver undefined\ntest: U U hokey-pokey U U U U expect U ERR_TLS_INVALID_PROTOCOL_METHOD U\n   (d:\\workspace\\node-test-binary-windows-js-suites\\node\\test\\parallel\\test-tls-min-max-version.js:106:1)\nclient ERR_TLS_INVALID_PROTOCOL_METHOD\nserver undefined\ntest: U TLSv1.2 TLS1_2_method U U U U expect U ERR_TLS_PROTOCOL_VERSION_CONFLICT U\n   (d:\\workspace\\node-test-binary-windows-js-suites\\node\\test\\parallel\\test-tls-min-max-version.js:121:1)\nclient ERR_TLS_PROTOCOL_VERSION_CONFLICT\nserver undefined\ntest: TLSv1.2 U TLS1_2_method U U U U expect U ERR_TLS_PROTOCOL_VERSION_CONFLICT U\n   (d:\\workspace\\node-test-binary-windows-js-suites\\node\\test\\parallel\\test-tls-min-max-version.js:123:1)\nclient ERR_TLS_PROTOCOL_VERSION_CONFLICT\nserver undefined\ntest: U U TLSv1_1_method U U SSLv23_method U expect U ERR_SSL_TLSV1_ALERT_PROTOCOL_VERSION ERR_SSL_UNSUPPORTED_PROTOCOL\n   (d:\\workspace\\node-test-binary-windows-js-suites\\node\\test\\parallel\\test-tls-min-max-version.js:162:3)\nclient ERR_SSL_TLSV1_ALERT_PROTOCOL_VERSION\nserver ERR_SSL_UNSUPPORTED_PROTOCOL\ntest: U U TLSv1_method U U SSLv23_method U expect U ERR_SSL_TLSV1_ALERT_PROTOCOL_VERSION ERR_SSL_UNSUPPORTED_PROTOCOL\n   (d:\\workspace\\node-test-binary-windows-js-suites\\node\\test\\parallel\\test-tls-min-max-version.js:165:3)\nclient ERR_SSL_TLSV1_ALERT_PROTOCOL_VERSION\nserver ERR_SSL_UNSUPPORTED_PROTOCOL\ntest: U U TLSv1_1_method U U U U expect U ERR_SSL_TLSV1_ALERT_PROTOCOL_VERSION ERR_SSL_UNSUPPORTED_PROTOCOL\n   (d:\\workspace\\node-test-binary-windows-js-suites\\node\\test\\parallel\\test-tls-min-max-version.js:199:3)\nclient ERR_SSL_TLSV1_ALERT_PROTOCOL_VERSION\nserver ERR_SSL_UNSUPPORTED_PROTOCOL\ntest: U U TLSv1_method U U U U expect U ERR_SSL_TLSV1_ALERT_PROTOCOL_VERSION ERR_SSL_UNSUPPORTED_PROTOCOL\n   (d:\\workspace\\node-test-binary-windows-js-suites\\node\\test\\parallel\\test-tls-min-max-version.js:202:3)\nclient ERR_SSL_TLSV1_ALERT_PROTOCOL_VERSION\nserver ERR_SSL_UNSUPPORTED_PROTOCOL\ntest: U U U U U TLSv1_1_method U expect U ERR_SSL_TLSV1_ALERT_PROTOCOL_VERSION ERR_SSL_UNSUPPORTED_PROTOCOL\n   (d:\\workspace\\node-test-binary-windows-js-suites\\node\\test\\parallel\\test-tls-min-max-version.js:213:5)\nclient ERR_SSL_TLSV1_ALERT_PROTOCOL_VERSION\nserver ERR_SSL_UNSUPPORTED_PROTOCOL\ntest: U U U U U TLSv1_method U expect U ERR_SSL_TLSV1_ALERT_PROTOCOL_VERSION ERR_SSL_UNSUPPORTED_PROTOCOL\n   (d:\\workspace\\node-test-binary-windows-js-suites\\node\\test\\parallel\\test-tls-min-max-version.js:216:5)\nclient ERR_SSL_TLSV1_ALERT_PROTOCOL_VERSION\nserver ERR_SSL_UNSUPPORTED_PROTOCOL\ntest: U U U U U U U expect TLSv1.3 U U\n   (d:\\workspace\\node-test-binary-windows-js-suites\\node\\test\\parallel\\test-tls-min-max-version.js:95:1)\ntest: U U SSLv23_method U U TLSv1_1_method ALL@SECLEVEL=0 expect U ERR_SSL_UNSUPPORTED_PROTOCOL ERR_SSL_WRONG_VERSION_NUMBER\n   (d:\\workspace\\node-test-binary-windows-js-suites\\node\\test\\parallel\\test-tls-min-max-version.js:168:3)\nclient ERR_SSL_UNSUPPORTED_PROTOCOL\nserver ERR_SSL_WRONG_VERSION_NUMBER\ntest: U U SSLv23_method U U TLSv1_method ALL@SECLEVEL=0 expect U ERR_SSL_UNSUPPORTED_PROTOCOL ERR_SSL_WRONG_VERSION_NUMBER\n   (d:\\workspace\\node-test-binary-windows-js-suites\\node\\test\\parallel\\test-tls-min-max-version.js:170:3)\nclient ERR_SSL_UNSUPPORTED_PROTOCOL\nserver ERR_SSL_WRONG_VERSION_NUMBER\ntest: TLSv1 TLSv1.3 U TLSv1.3 TLSv1.3 U U expect TLSv1.3 U U\n   (d:\\workspace\\node-test-binary-windows-js-suites\\node\\test\\parallel\\test-tls-min-max-version.js:271:1)\ntest: TLSv1 TLSv1.3 U TLSv1.2 TLSv1.3 U U expect TLSv1.3 U U\n   (d:\\workspace\\node-test-binary-windows-js-suites\\node\\test\\parallel\\test-tls-min-max-version.js:272:1)\ntest: TLSv1.3 TLSv1.3 U TLSv1 TLSv1.3 U U expect TLSv1.3 U U\n   (d:\\workspace\\node-test-binary-windows-js-suites\\node\\test\\parallel\\test-tls-min-max-version.js:278:1)\ntest: U U TLSv1_2_method U U TLS_method U expect TLSv1.2 U U\n   (d:\\workspace\\node-test-binary-windows-js-suites\\node\\test\\parallel\\test-tls-min-max-version.js:127:1)\ntest: U U TLSv1_1_method U U TLS_method ALL@SECLEVEL=0 expect TLSv1.1 U U\n   (d:\\workspace\\node-test-binary-windows-js-suites\\node\\test\\parallel\\test-tls-min-max-version.js:128:1)\ntest: U U TLSv1_method U U TLS_method ALL@SECLEVEL=0 expect TLSv1 U U\n   (d:\\workspace\\node-test-binary-windows-js-suites\\node\\test\\parallel\\test-tls-min-max-version.js:129:1)\ntest: U U TLS_method U U TLSv1_2_method U expect TLSv1.2 U U\n   (d:\\workspace\\node-test-binary-windows-js-suites\\node\\test\\parallel\\test-tls-min-max-version.js:130:1)\ntest: U U TLS_method U U TLSv1_1_method ALL@SECLEVEL=0 expect TLSv1.1 U U\n   (d:\\workspace\\node-test-binary-windows-js-suites\\node\\test\\parallel\\test-tls-min-max-version.js:131:1)\ntest: U U TLS_method U U TLSv1_method ALL@SECLEVEL=0 expect TLSv1 U U\n   (d:\\workspace\\node-test-binary-windows-js-suites\\node\\test\\parallel\\test-tls-min-max-version.js:132:1)\ntest: U U TLSv1_2_method U U SSLv23_method U expect TLSv1.2 U U\n   (d:\\workspace\\node-test-binary-windows-js-suites\\node\\test\\parallel\\test-tls-min-max-version.js:147:3)\ntest: U U TLSv1_2_method U U TLSv1_2_method U expect TLSv1.2 U U\n   (d:\\workspace\\node-test-binary-windows-js-suites\\node\\test\\parallel\\test-tls-min-max-version.js:193:1)\ntest: U U TLSv1_1_method U U TLSv1_1_method ALL@SECLEVEL=0 expect TLSv1.1 U U\n   (d:\\workspace\\node-test-binary-windows-js-suites\\node\\test\\parallel\\test-tls-min-max-version.js:194:1)\ntest: U U TLSv1_method U U TLSv1_method ALL@SECLEVEL=0 expect TLSv1 U U\n   (d:\\workspace\\node-test-binary-windows-js-suites\\node\\test\\parallel\\test-tls-min-max-version.js:195:1)\ntest: TLSv1 TLSv1.2 U U U TLSv1_method ALL@SECLEVEL=0 expect TLSv1 U U\n   (d:\\workspace\\node-test-binary-windows-js-suites\\node\\test\\parallel\\test-tls-min-max-version.js:250:1)\ntest: TLSv1 TLSv1.2 U U U TLSv1_1_method ALL@SECLEVEL=0 expect TLSv1.1 U U\n   (d:\\workspace\\node-test-binary-windows-js-suites\\node\\test\\parallel\\test-tls-min-max-version.js:251:1)\ntest: TLSv1 TLSv1.2 U U U TLSv1_2_method U expect TLSv1.2 U U\n   (d:\\workspace\\node-test-binary-windows-js-suites\\node\\test\\parallel\\test-tls-min-max-version.js:252:1)\ntest: TLSv1 TLSv1.2 U U U TLS_method U expect TLSv1.2 U U\n   (d:\\workspace\\node-test-binary-windows-js-suites\\node\\test\\parallel\\test-tls-min-max-version.js:253:1)\ntest: U U TLSv1_method TLSv1 TLSv1.2 U ALL@SECLEVEL=0 expect TLSv1 U U\n   (d:\\workspace\\node-test-binary-windows-js-suites\\node\\test\\parallel\\test-tls-min-max-version.js:255:1)\ntest: U U TLSv1_1_method TLSv1 TLSv1.2 U ALL@SECLEVEL=0 expect TLSv1.1 U U\n   (d:\\workspace\\node-test-binary-windows-js-suites\\node\\test\\parallel\\test-tls-min-max-version.js:256:1)\ntest: U U TLSv1_2_method TLSv1 TLSv1.2 U U expect TLSv1.2 U U\n   (d:\\workspace\\node-test-binary-windows-js-suites\\node\\test\\parallel\\test-tls-min-max-version.js:257:1)\ntest: TLSv1 TLSv1.1 U TLSv1 TLSv1.3 U ALL@SECLEVEL=0 expect TLSv1.1 U U\n   (d:\\workspace\\node-test-binary-windows-js-suites\\node\\test\\parallel\\test-tls-min-max-version.js:259:1)\ntest: TLSv1 TLSv1.1 U TLSv1 TLSv1.2 U ALL@SECLEVEL=0 expect TLSv1.1 U U\n   (d:\\workspace\\node-test-binary-windows-js-suites\\node\\test\\parallel\\test-tls-min-max-version.js:260:1)\ntest: TLSv1 TLSv1.2 U TLSv1 TLSv1.1 U ALL@SECLEVEL=0 expect TLSv1.1 U U\n   (d:\\workspace\\node-test-binary-windows-js-suites\\node\\test\\parallel\\test-tls-min-max-version.js:261:1)\ntest: TLSv1 TLSv1.3 U TLSv1 TLSv1.1 U ALL@SECLEVEL=0 expect TLSv1.1 U U\n   (d:\\workspace\\node-test-binary-windows-js-suites\\node\\test\\parallel\\test-tls-min-max-version.js:262:1)\ntest: TLSv1 TLSv1 U TLSv1 TLSv1.1 U ALL@SECLEVEL=0 expect TLSv1 U U\n   (d:\\workspace\\node-test-binary-windows-js-suites\\node\\test\\parallel\\test-tls-min-max-version.js:263:1)\ntest: TLSv1 TLSv1.2 U TLSv1 TLSv1 U ALL@SECLEVEL=0 expect TLSv1 U U\n   (d:\\workspace\\node-test-binary-windows-js-suites\\node\\test\\parallel\\test-tls-min-max-version.js:264:1)\ntest: TLSv1 TLSv1.3 U TLSv1 TLSv1 U ALL@SECLEVEL=0 expect TLSv1 U U\n   (d:\\workspace\\node-test-binary-windows-js-suites\\node\\test\\parallel\\test-tls-min-max-version.js:265:1)\ntest: TLSv1.1 TLSv1.1 U TLSv1 TLSv1.2 U ALL@SECLEVEL=0 expect TLSv1.1 U U\n   (d:\\workspace\\node-test-binary-windows-js-suites\\node\\test\\parallel\\test-tls-min-max-version.js:266:1)\ntest: TLSv1 TLSv1.2 U TLSv1.1 TLSv1.1 U ALL@SECLEVEL=0 expect TLSv1.1 U U\n   (d:\\workspace\\node-test-binary-windows-js-suites\\node\\test\\parallel\\test-tls-min-max-version.js:267:1)\ntest: TLSv1 TLSv1.2 U TLSv1 TLSv1.3 U U expect TLSv1.2 U U\n   (d:\\workspace\\node-test-binary-windows-js-suites\\node\\test\\parallel\\test-tls-min-max-version.js:268:1)\ntest: TLSv1 TLSv1.3 U TLSv1.2 TLSv1.2 U U expect TLSv1.2 U U\n   (d:\\workspace\\node-test-binary-windows-js-suites\\node\\test\\parallel\\test-tls-min-max-version.js:273:1)\ntest: TLSv1 TLSv1.3 U TLSv1.1 TLSv1.1 U ALL@SECLEVEL=0 expect TLSv1.1 U U\n   (d:\\workspace\\node-test-binary-windows-js-suites\\node\\test\\parallel\\test-tls-min-max-version.js:274:1)\ntest: TLSv1 TLSv1.3 U TLSv1 TLSv1 U ALL@SECLEVEL=0 expect TLSv1 U U\n   (d:\\workspace\\node-test-binary-windows-js-suites\\node\\test\\parallel\\test-tls-min-max-version.js:275:1)\ntest: TLSv1.2 TLSv1.2 U TLSv1 TLSv1.3 U U expect TLSv1.2 U U\n   (d:\\workspace\\node-test-binary-windows-js-suites\\node\\test\\parallel\\test-tls-min-max-version.js:279:1)\ntest: TLSv1.1 TLSv1.1 U TLSv1 TLSv1.3 U ALL@SECLEVEL=0 expect TLSv1.1 U U\n   (d:\\workspace\\node-test-binary-windows-js-suites\\node\\test\\parallel\\test-tls-min-max-version.js:280:1)\ntest: TLSv1 TLSv1 U TLSv1 TLSv1.3 U ALL@SECLEVEL=0 expect TLSv1 U U\n   (d:\\workspace\\node-test-binary-windows-js-suites\\node\\test\\parallel\\test-tls-min-max-version.js:281:1)\n(node:560) [DEP0060] DeprecationWarning: The `util._extend` API is deprecated. Please use Object.assign() instead.\n(Use `node --trace-deprecation ...` to show where the warning was created)"},"time":1268.1,"fullname":"parallel/test-tls-min-max-version","closingTestPoint":false}},{"testName":"wpt/test-wasm-webapi","timestamp":1744040525669,"status":"REGRESSION","jobName":"node-test-binary-windows-js-suites","config":"node-test-binary-windows-js-suites » 0,win11-arm64-COMPILED_BY-vs2022-arm64 #33484","buildUrl":"https://ci.nodejs.org/job/node-test-binary-windows-js-suites/RUN_SUBSET=0,nodes=win11-arm64-COMPILED_BY-vs2022-arm64/33484/","buildNumber":33484,"builtOn":"test-azure_msft-win11_vs2022-arm64-6","nodeVersion":"24.0.0","commitHash":"503d0866b9800eafe3e5a132ceb662a0b883376f","callStack":[{"upstreamBuild":69579,"upstreamProject":"node-test-commit-windows-fanned","upstreamUrl":"job/node-test-commit-windows-fanned/"},{"upstreamBuild":78992,"upstreamProject":"node-test-commit","upstreamUrl":"job/node-test-commit/"},{"upstreamBuild":66107,"upstreamProject":"node-test-pull-request","upstreamUrl":"job/node-test-pull-request/"},{"prId":"56534"}],"tap":{"ok":false,"name":"wpt/test-wasm-webapi","id":1055,"buffered":false,"tapError":null,"skip":false,"todo":false,"previous":null,"plan":null,"diag":{"severity":"crashed","exitcode":3221225477,"stack":"[SKIPPED] abort.any.js: WPTRunner does not support fetch()\n[SKIPPED] contenttype.any.js: WPTRunner does not support fetch()\n[SKIPPED] historical.any.js: indexedDB is not defined\n[SKIPPED] idlharness.any.js: not configured\n[SKIPPED] instantiateStreaming-bad-imports.any.js: Flaky on ARM with V8 >= 11.2\n[SKIPPED] origin.sub.any.js: CORS not implemented\n[SKIPPED] status.any.js: WPTRunner does not support fetch()\n[PASS] compileStreaming\n[PASS] instantiateStreaming\n[PASS] compileStreaming: no body\n[PASS] compileStreaming: no body in a promise\n[PASS] compileStreaming: undefined\n[PASS] compileStreaming: undefined in a promise\n[PASS] compileStreaming: null\n[PASS] compileStreaming: null in a promise\n[PASS] compileStreaming: true\n[PASS] compileStreaming: true in a promise\n[PASS] compileStreaming: \"test\"\n[PASS] compileStreaming: \"test\" in a promise\n[PASS] compileStreaming: symbol \"Symbol()\"\n[PASS] compileStreaming: symbol \"Symbol()\" in a promise\n[PASS] compileStreaming after consumption\n[PASS] compileStreaming: 0\n[PASS] compileStreaming: 0 in a promise\n[PASS] compileStreaming: 0.1\n[PASS] compileStreaming: 0.1 in a promise\n[PASS] compileStreaming: NaN\n[PASS] compileStreaming: NaN in a promise\n[PASS] compileStreaming: empty body\n[PASS] compileStreaming before consumption\n[PASS] compileStreaming: Empty object\n[PASS] compileStreaming: Empty object in a promise\n[PASS] compileStreaming: Response interface object\n[PASS] Invalid code (0x0000): compileStreaming\n[PASS] compileStreaming: Response interface object in a promise\n[PASS] compileStreaming: Response interface prototype object\n[PASS] compileStreaming: Response interface prototype object in a promise\n[PASS] instantiateStreaming after consumption\n[PASS] Empty module without imports argument\n[PASS] instantiateStreaming: undefined\n[PASS] compileStreaming with Content-Type set late\n[PASS] Invalid code (0xCAFE): compileStreaming\n[PASS] instantiateStreaming before consumption\n[PASS] instantiateStreaming: undefined in a promise\n[PASS] instantiateStreaming: null\n[PASS] compileStreaming: empty body in a promise\n[PASS] instantiateStreaming: null in a promise\n[PASS] instantiateStreaming: true\n[PASS] instantiateStreaming: true in a promise\n[PASS] Invalid code (0x0000): instantiateStreaming\n[PASS] Empty module with undefined imports argument\n[PASS] instantiateStreaming: \"test\"\n[PASS] instantiateStreaming: \"test\" in a promise\n[PASS] instantiateStreaming: symbol \"Symbol()\"\n[PASS] instantiateStreaming: symbol \"Symbol()\" in a promise\n[PASS] instantiateStreaming: no body\n[PASS] instantiateStreaming: 0\n[PASS] instantiateStreaming: 0 in a promise\n[PASS] instantiateStreaming: 0.1\n[PASS] instantiateStreaming: 0.1 in a promise\n[PASS] instantiateStreaming: NaN\n[PASS] Invalid code (0xCAFE): instantiateStreaming\n[PASS] instantiateStreaming: NaN in a promise\n[PASS] instantiateStreaming: Empty object\n[PASS] instantiateStreaming: no body in a promise\n[PASS] instantiateStreaming: empty body\n[PASS] Empty module with empty imports argument\n[PASS] compileStreaming with Content-Type removed late\n[PASS] instantiateStreaming: Empty object in a promise\n[PASS] instantiateStreaming: Response interface object\n[PASS] instantiateStreaming: Response interface object in a promise\n[PASS] instantiateStreaming: Response interface prototype object\n[PASS] instantiateStreaming: Response interface prototype object in a promise\n[PASS] instantiateStreaming: empty body in a promise\n[PASS] instantiateStreaming with Content-Type set late\n[PASS] instantiateStreaming with Content-Type removed late\n[PASS] getter order for imports object\n[PASS] imports\n[PASS] imports with empty module names\n[PASS] imports with empty names\n[PASS] exports with empty name: function\n[PASS] exports with empty name: table\n[PASS] exports with empty name: global\n[PASS] No imports\n[PASS] exports and imports\n[PASS] i64 exports and imports\n[PASS] import with i32-returning function\n[PASS] import with function that takes and returns i32\n[PASS] import with i64-returning function\n[PASS] import with function that takes and returns i64\n[PASS] import with i32-taking function\n[PASS] import with i64-taking function\n[PASS] export i64-returning function\n[PASS] i32 mutable WebAssembly.Global import\n[PASS] i64 mutable WebAssembly.Global import\n[PASS] Multiple i64 arguments\n[PASS] stray argument\n[PASS] Synchronous options handling"},"time":416.201,"fullname":"wpt/test-wasm-webapi","closingTestPoint":false}}]}