{"failedTests":[{"testName":"parallel/test-fs-cp","timestamp":1744139607847,"status":"FAILED","jobName":"node-test-binary-windows-js-suites","config":"node-test-binary-windows-js-suites » 2,win11-COMPILED_BY-vs2022 #33525","buildUrl":"https://ci.nodejs.org/job/node-test-binary-windows-js-suites/RUN_SUBSET=2,nodes=win11-COMPILED_BY-vs2022/33525/","buildNumber":33525,"builtOn":"test-azure_msft-win11_vs2022-x64-3","nodeVersion":"24.0.0","commitHash":"8ee2e3e2b094b74fbaa37f5798c36058fa5d19e6","callStack":[{"upstreamBuild":69619,"upstreamProject":"node-test-commit-windows-fanned","upstreamUrl":"job/node-test-commit-windows-fanned/"},{"upstreamBuild":79032,"upstreamProject":"node-test-commit","upstreamUrl":"job/node-test-commit/"},{"upstreamBuild":66144,"upstreamProject":"node-test-pull-request","upstreamUrl":"job/node-test-pull-request/"},{"prId":"57586"}],"tap":{"ok":false,"name":"parallel/test-fs-cp","id":309,"buffered":false,"tapError":null,"skip":false,"todo":": Fix flaky test","previous":null,"plan":null,"diag":{"severity":"flaky","exitcode":1,"stack":"node:assert:95\n  throw new AssertionError(obj);\n  ^\n\nAssertionError [ERR_ASSERTION]: Expected values to be strictly equal:\n+ actual - expected\n\n+ 'ERR_FS_EISDIR'\n- 'ERR_FS_CP_EINVAL'\n          ^\n\n    at file:///c:/workspace/node-test-binary-windows-js-suites/node/test/parallel/test-fs-cp.mjs:687:12\n    at c:\\workspace\\node-test-binary-windows-js-suites\\node\\test\\common\\index.js:435:15\n    at node:fs:175:23\n    at callbackifyOnRejected (node:util:219:10)\n    at process.processTicksAndRejections (node:internal/process/task_queues:90:21) {\n  generatedMessage: true,\n  code: 'ERR_ASSERTION',\n  actual: 'ERR_FS_EISDIR',\n  expected: 'ERR_FS_CP_EINVAL',\n  operator: 'strictEqual'\n}\n\nNode.js v24.0.0-pre"},"time":574.009,"fullname":"parallel/test-fs-cp","closingTestPoint":false}},{"testName":"parallel/test-without-async-context-frame","timestamp":1744139607847,"status":"FAILED","jobName":"node-test-binary-windows-js-suites","config":"node-test-binary-windows-js-suites » 1,win2019-COMPILED_BY-vs2022 #33525","buildUrl":"https://ci.nodejs.org/job/node-test-binary-windows-js-suites/RUN_SUBSET=1,nodes=win2019-COMPILED_BY-vs2022/33525/","buildNumber":33525,"builtOn":"test-rackspace-win2019_vs2019-x64-2","nodeVersion":"24.0.0","commitHash":"8ee2e3e2b094b74fbaa37f5798c36058fa5d19e6","callStack":[{"upstreamBuild":69619,"upstreamProject":"node-test-commit-windows-fanned","upstreamUrl":"job/node-test-commit-windows-fanned/"},{"upstreamBuild":79032,"upstreamProject":"node-test-commit","upstreamUrl":"job/node-test-commit/"},{"upstreamBuild":66144,"upstreamProject":"node-test-pull-request","upstreamUrl":"job/node-test-pull-request/"},{"prId":"57586"}],"tap":{"ok":false,"name":"parallel/test-without-async-context-frame","id":1008,"buffered":false,"tapError":null,"skip":false,"todo":": Fix flaky test","previous":null,"plan":null,"diag":{"severity":"flaky","exitcode":1,"stack":"Test failure: 'async-hooks\\test-async-local-storage-async-await.js'\nLocation: test\\parallel\\test-without-async-context-frame.mjs:49:5\nAssertionError [ERR_ASSERTION]: Test async-hooks\\test-async-local-storage-async-await.js failed with exit code 3221225477\n\n3221225477 !== 0\n\n    at TestContext.<anonymous> (file:///C:/workspace/node-test-binary-windows-js-suites/node/test/parallel/test-without-async-context-frame.mjs:61:7)\n    at process.processTicksAndRejections (node:internal/process/task_queues:105:5)\n    at async Test.run (node:internal/test_runner/test:1063:7)\n    at async Suite.processPendingSubtests (node:internal/test_runner/test:746:7) {\n  generatedMessage: false,\n  code: 'ERR_ASSERTION',\n  actual: 3221225477,\n  expected: 0,\n  operator: 'strictEqual'\n}"},"time":33446.17,"fullname":"parallel/test-without-async-context-frame","closingTestPoint":false}},{"testName":"parallel/test-fs-cp","timestamp":1744139607847,"status":"FAILED","jobName":"node-test-binary-windows-js-suites","config":"node-test-binary-windows-js-suites » 2,win11-COMPILED_BY-vs2022_clang #33525","buildUrl":"https://ci.nodejs.org/job/node-test-binary-windows-js-suites/RUN_SUBSET=2,nodes=win11-COMPILED_BY-vs2022_clang/33525/","buildNumber":33525,"builtOn":"test-azure_msft-win11_vs2022-x64-2","nodeVersion":"24.0.0","commitHash":"8ee2e3e2b094b74fbaa37f5798c36058fa5d19e6","callStack":[{"upstreamBuild":69619,"upstreamProject":"node-test-commit-windows-fanned","upstreamUrl":"job/node-test-commit-windows-fanned/"},{"upstreamBuild":79032,"upstreamProject":"node-test-commit","upstreamUrl":"job/node-test-commit/"},{"upstreamBuild":66144,"upstreamProject":"node-test-pull-request","upstreamUrl":"job/node-test-pull-request/"},{"prId":"57586"}],"tap":{"ok":false,"name":"parallel/test-fs-cp","id":309,"buffered":false,"tapError":null,"skip":false,"todo":": Fix flaky test","previous":null,"plan":null,"diag":{"severity":"flaky","exitcode":1,"stack":"node:assert:95\n  throw new AssertionError(obj);\n  ^\n\nAssertionError [ERR_ASSERTION]: Expected values to be strictly equal:\n+ actual - expected\n\n+ 'ERR_FS_EISDIR'\n- 'ERR_FS_CP_EINVAL'\n          ^\n\n    at file:///c:/workspace/node-test-binary-windows-js-suites/node/test/parallel/test-fs-cp.mjs:687:12\n    at c:\\workspace\\node-test-binary-windows-js-suites\\node\\test\\common\\index.js:435:15\n    at node:fs:175:23\n    at callbackifyOnRejected (node:util:219:10)\n    at process.processTicksAndRejections (node:internal/process/task_queues:90:21) {\n  generatedMessage: true,\n  code: 'ERR_ASSERTION',\n  actual: 'ERR_FS_EISDIR',\n  expected: 'ERR_FS_CP_EINVAL',\n  operator: 'strictEqual'\n}\n\nNode.js v24.0.0-pre"},"time":467.007,"fullname":"parallel/test-fs-cp","closingTestPoint":false}}]}