{"failedTests":[{"testName":"parallel/test-runner-plan","timestamp":1744188095956,"status":"REGRESSION","jobName":"node-test-binary-windows-js-suites","config":"node-test-binary-windows-js-suites » 1,win2019-COMPILED_BY-vs2022 #33541","buildUrl":"https://ci.nodejs.org/job/node-test-binary-windows-js-suites/RUN_SUBSET=1,nodes=win2019-COMPILED_BY-vs2022/33541/","buildNumber":33541,"builtOn":"test-rackspace-win2019_vs2019-x64-1","nodeVersion":"22.14.1","commitHash":"7aca25480808f7d14057c5c9d6c1560ccd40601e","callStack":[{"upstreamBuild":69632,"upstreamProject":"node-test-commit-windows-fanned","upstreamUrl":"job/node-test-commit-windows-fanned/"},{"upstreamBuild":79045,"upstreamProject":"node-test-commit","upstreamUrl":"job/node-test-commit/"},{"upstreamBuild":169,"upstreamProject":"node-daily-v22.x-staging","upstreamUrl":"job/node-daily-v22.x-staging/"}],"tap":{"ok":false,"name":"parallel/test-runner-plan","id":721,"buffered":false,"tapError":null,"skip":false,"todo":false,"previous":null,"plan":null,"diag":{"severity":"fail","exitcode":1,"stack":"Test failure: 'throws if options is not an object'\nLocation: test\\parallel\\test-runner-plan.mjs:9:3\nAssertionError [ERR_ASSERTION]: Missing expected exception.\n    at assert.<computed> [as throws] (node:internal/test_runner/test:254:18)\n    at TestContext.<anonymous> (file:///C:/workspace/node-test-binary-windows-js-suites/node/test/parallel/test-runner-plan.mjs:10:14)\n    at Test.runInAsyncScope (node:async_hooks:214:14)\n    at Test.run (node:internal/test_runner/test:979:25)\n    at Test.start (node:internal/test_runner/test:877:17)\n    at node:internal/test_runner/test:1356:71\n    at node:internal/per_context/primordials:483:82\n    at new Promise (<anonymous>)\n    at new SafePromise (node:internal/per_context/primordials:451:29)\n    at node:internal/per_context/primordials:483:9 {\n  generatedMessage: false,\n  code: 'ERR_ASSERTION',\n  actual: undefined,\n  expected: [Object],\n  operator: 'throws'\n}\n\nTest failure: 'throws if options.wait is not a number or a boolean'\nLocation: test\\parallel\\test-runner-plan.mjs:18:3\nAssertionError [ERR_ASSERTION]: Missing expected exception.\n    at assert.<computed> [as throws] (node:internal/test_runner/test:254:18)\n    at TestContext.<anonymous> (file:///C:/workspace/node-test-binary-windows-js-suites/node/test/parallel/test-runner-plan.mjs:19:14)\n    at Test.runInAsyncScope (node:async_hooks:214:14)\n    at Test.run (node:internal/test_runner/test:979:25)\n    at Suite.processPendingSubtests (node:internal/test_runner/test:677:18)\n    at Test.postRun (node:internal/test_runner/test:1090:19)\n    at Test.run (node:internal/test_runner/test:1018:12)\n    at async Promise.all (index 0)\n    at async Suite.run (node:internal/test_runner/test:1358:7)\n    at async startSubtestAfterBootstrap (node:internal/test_runner/harness:296:3) {\n  generatedMessage: false,\n  code: 'ERR_ASSERTION',\n  actual: undefined,\n  expected: [Object],\n  operator: 'throws'\n}"},"time":3655.221,"fullname":"parallel/test-runner-plan","closingTestPoint":false}},{"testName":"parallel/test-runner-plan","timestamp":1744188095956,"status":"REGRESSION","jobName":"node-test-binary-windows-js-suites","config":"node-test-binary-windows-js-suites » 1,win2022-COMPILED_BY-vs2022 #33541","buildUrl":"https://ci.nodejs.org/job/node-test-binary-windows-js-suites/RUN_SUBSET=1,nodes=win2022-COMPILED_BY-vs2022/33541/","buildNumber":33541,"builtOn":"test-rackspace-win2022_vs2022-x64-3","nodeVersion":"22.14.1","commitHash":"7aca25480808f7d14057c5c9d6c1560ccd40601e","callStack":[{"upstreamBuild":69632,"upstreamProject":"node-test-commit-windows-fanned","upstreamUrl":"job/node-test-commit-windows-fanned/"},{"upstreamBuild":79045,"upstreamProject":"node-test-commit","upstreamUrl":"job/node-test-commit/"},{"upstreamBuild":169,"upstreamProject":"node-daily-v22.x-staging","upstreamUrl":"job/node-daily-v22.x-staging/"}],"tap":{"ok":false,"name":"parallel/test-runner-plan","id":721,"buffered":false,"tapError":null,"skip":false,"todo":false,"previous":null,"plan":null,"diag":{"severity":"fail","exitcode":1,"stack":"Test failure: 'throws if options is not an object'\nLocation: test\\parallel\\test-runner-plan.mjs:9:3\nAssertionError [ERR_ASSERTION]: Missing expected exception.\n    at assert.<computed> [as throws] (node:internal/test_runner/test:254:18)\n    at TestContext.<anonymous> (file:///C:/workspace/node-test-binary-windows-js-suites/node/test/parallel/test-runner-plan.mjs:10:14)\n    at Test.runInAsyncScope (node:async_hooks:214:14)\n    at Test.run (node:internal/test_runner/test:979:25)\n    at Test.start (node:internal/test_runner/test:877:17)\n    at node:internal/test_runner/test:1356:71\n    at node:internal/per_context/primordials:483:82\n    at new Promise (<anonymous>)\n    at new SafePromise (node:internal/per_context/primordials:451:29)\n    at node:internal/per_context/primordials:483:9 {\n  generatedMessage: false,\n  code: 'ERR_ASSERTION',\n  actual: undefined,\n  expected: [Object],\n  operator: 'throws'\n}\n\nTest failure: 'throws if options.wait is not a number or a boolean'\nLocation: test\\parallel\\test-runner-plan.mjs:18:3\nAssertionError [ERR_ASSERTION]: Missing expected exception.\n    at assert.<computed> [as throws] (node:internal/test_runner/test:254:18)\n    at TestContext.<anonymous> (file:///C:/workspace/node-test-binary-windows-js-suites/node/test/parallel/test-runner-plan.mjs:19:14)\n    at Test.runInAsyncScope (node:async_hooks:214:14)\n    at Test.run (node:internal/test_runner/test:979:25)\n    at Suite.processPendingSubtests (node:internal/test_runner/test:677:18)\n    at Test.postRun (node:internal/test_runner/test:1090:19)\n    at Test.run (node:internal/test_runner/test:1018:12)\n    at async Promise.all (index 0)\n    at async Suite.run (node:internal/test_runner/test:1358:7)\n    at async startSubtestAfterBootstrap (node:internal/test_runner/harness:296:3) {\n  generatedMessage: false,\n  code: 'ERR_ASSERTION',\n  actual: undefined,\n  expected: [Object],\n  operator: 'throws'\n}"},"time":3350.113,"fullname":"parallel/test-runner-plan","closingTestPoint":false}},{"testName":"parallel/test-runner-plan","timestamp":1744188095956,"status":"REGRESSION","jobName":"node-test-binary-windows-js-suites","config":"node-test-binary-windows-js-suites » 2,win11-arm64-COMPILED_BY-vs2022-arm64 #33541","buildUrl":"https://ci.nodejs.org/job/node-test-binary-windows-js-suites/RUN_SUBSET=2,nodes=win11-arm64-COMPILED_BY-vs2022-arm64/33541/","buildNumber":33541,"builtOn":"test-azure_msft-win11_vs2022-arm64-5","nodeVersion":"22.14.1","commitHash":"7aca25480808f7d14057c5c9d6c1560ccd40601e","callStack":[{"upstreamBuild":69632,"upstreamProject":"node-test-commit-windows-fanned","upstreamUrl":"job/node-test-commit-windows-fanned/"},{"upstreamBuild":79045,"upstreamProject":"node-test-commit","upstreamUrl":"job/node-test-commit/"},{"upstreamBuild":169,"upstreamProject":"node-daily-v22.x-staging","upstreamUrl":"job/node-daily-v22.x-staging/"}],"tap":{"ok":false,"name":"parallel/test-runner-plan","id":719,"buffered":false,"tapError":null,"skip":false,"todo":false,"previous":null,"plan":null,"diag":{"severity":"fail","exitcode":1,"stack":"Test failure: 'throws if options is not an object'\nLocation: test\\parallel\\test-runner-plan.mjs:9:3\nAssertionError [ERR_ASSERTION]: Missing expected exception.\n    at assert.<computed> [as throws] (node:internal/test_runner/test:254:18)\n    at TestContext.<anonymous> (file:///d:/workspace/node-test-binary-windows-js-suites/node/test/parallel/test-runner-plan.mjs:10:14)\n    at Test.runInAsyncScope (node:async_hooks:214:14)\n    at Test.run (node:internal/test_runner/test:979:25)\n    at Test.start (node:internal/test_runner/test:877:17)\n    at node:internal/test_runner/test:1356:71\n    at node:internal/per_context/primordials:483:82\n    at new Promise (<anonymous>)\n    at new SafePromise (node:internal/per_context/primordials:451:29)\n    at node:internal/per_context/primordials:483:9 {\n  generatedMessage: false,\n  code: 'ERR_ASSERTION',\n  actual: undefined,\n  expected: [Object],\n  operator: 'throws'\n}\n\nTest failure: 'throws if options.wait is not a number or a boolean'\nLocation: test\\parallel\\test-runner-plan.mjs:18:3\nAssertionError [ERR_ASSERTION]: Missing expected exception.\n    at assert.<computed> [as throws] (node:internal/test_runner/test:254:18)\n    at TestContext.<anonymous> (file:///d:/workspace/node-test-binary-windows-js-suites/node/test/parallel/test-runner-plan.mjs:19:14)\n    at Test.runInAsyncScope (node:async_hooks:214:14)\n    at Test.run (node:internal/test_runner/test:979:25)\n    at Suite.processPendingSubtests (node:internal/test_runner/test:677:18)\n    at Test.postRun (node:internal/test_runner/test:1090:19)\n    at Test.run (node:internal/test_runner/test:1018:12)\n    at async Promise.all (index 0)\n    at async Suite.run (node:internal/test_runner/test:1358:7)\n    at async startSubtestAfterBootstrap (node:internal/test_runner/harness:296:3) {\n  generatedMessage: false,\n  code: 'ERR_ASSERTION',\n  actual: undefined,\n  expected: [Object],\n  operator: 'throws'\n}"},"time":3621.991,"fullname":"parallel/test-runner-plan","closingTestPoint":false}},{"testName":"parallel/test-runner-plan","timestamp":1744188095956,"status":"FAILED","jobName":"node-test-binary-windows-js-suites","config":"node-test-binary-windows-js-suites » 1,win2016-COMPILED_BY-vs2022-x86 #33541","buildUrl":"https://ci.nodejs.org/job/node-test-binary-windows-js-suites/RUN_SUBSET=1,nodes=win2016-COMPILED_BY-vs2022-x86/33541/","buildNumber":33541,"builtOn":"test-azure_msft-win2016_vs2017-x64-1","nodeVersion":"22.14.1","commitHash":"7aca25480808f7d14057c5c9d6c1560ccd40601e","callStack":[{"upstreamBuild":69632,"upstreamProject":"node-test-commit-windows-fanned","upstreamUrl":"job/node-test-commit-windows-fanned/"},{"upstreamBuild":79045,"upstreamProject":"node-test-commit","upstreamUrl":"job/node-test-commit/"},{"upstreamBuild":169,"upstreamProject":"node-daily-v22.x-staging","upstreamUrl":"job/node-daily-v22.x-staging/"}],"tap":{"ok":false,"name":"parallel/test-runner-plan","id":713,"buffered":false,"tapError":null,"skip":false,"todo":false,"previous":null,"plan":null,"diag":{"severity":"fail","exitcode":1,"stack":"Test failure: 'throws if options is not an object'\nLocation: test\\parallel\\test-runner-plan.mjs:9:3\nAssertionError [ERR_ASSERTION]: Missing expected exception.\n    at assert.<computed> [as throws] (node:internal/test_runner/test:254:18)\n    at TestContext.<anonymous> (file:///C:/workspace/node-test-binary-windows-js-suites/node/test/parallel/test-runner-plan.mjs:10:14)\n    at Test.runInAsyncScope (node:async_hooks:214:14)\n    at Test.run (node:internal/test_runner/test:979:25)\n    at Test.start (node:internal/test_runner/test:877:17)\n    at node:internal/test_runner/test:1356:71\n    at node:internal/per_context/primordials:483:82\n    at new Promise (<anonymous>)\n    at new SafePromise (node:internal/per_context/primordials:451:29)\n    at node:internal/per_context/primordials:483:9 {\n  generatedMessage: false,\n  code: 'ERR_ASSERTION',\n  actual: undefined,\n  expected: [Object],\n  operator: 'throws'\n}\n\nTest failure: 'throws if options.wait is not a number or a boolean'\nLocation: test\\parallel\\test-runner-plan.mjs:18:3\nAssertionError [ERR_ASSERTION]: Missing expected exception.\n    at assert.<computed> [as throws] (node:internal/test_runner/test:254:18)\n    at TestContext.<anonymous> (file:///C:/workspace/node-test-binary-windows-js-suites/node/test/parallel/test-runner-plan.mjs:19:14)\n    at Test.runInAsyncScope (node:async_hooks:214:14)\n    at Test.run (node:internal/test_runner/test:979:25)\n    at Suite.processPendingSubtests (node:internal/test_runner/test:677:18)\n    at Test.postRun (node:internal/test_runner/test:1090:19)\n    at Test.run (node:internal/test_runner/test:1018:12)\n    at async Promise.all (index 0)\n    at async Suite.run (node:internal/test_runner/test:1358:7)\n    at async startSubtestAfterBootstrap (node:internal/test_runner/harness:296:3) {\n  generatedMessage: false,\n  code: 'ERR_ASSERTION',\n  actual: undefined,\n  expected: [Object],\n  operator: 'throws'\n}"},"time":2195.014,"fullname":"parallel/test-runner-plan","closingTestPoint":false}},{"testName":"parallel/test-runner-watch-mode","timestamp":1744188095956,"status":"FAILED","jobName":"node-test-binary-windows-js-suites","config":"node-test-binary-windows-js-suites » 1,win2016-COMPILED_BY-vs2022-x86 #33541","buildUrl":"https://ci.nodejs.org/job/node-test-binary-windows-js-suites/RUN_SUBSET=1,nodes=win2016-COMPILED_BY-vs2022-x86/33541/","buildNumber":33541,"builtOn":"test-azure_msft-win2016_vs2017-x64-1","nodeVersion":"22.14.1","commitHash":"7aca25480808f7d14057c5c9d6c1560ccd40601e","callStack":[{"upstreamBuild":69632,"upstreamProject":"node-test-commit-windows-fanned","upstreamUrl":"job/node-test-commit-windows-fanned/"},{"upstreamBuild":79045,"upstreamProject":"node-test-commit","upstreamUrl":"job/node-test-commit/"},{"upstreamBuild":169,"upstreamProject":"node-daily-v22.x-staging","upstreamUrl":"job/node-daily-v22.x-staging/"}],"tap":{"ok":false,"name":"parallel/test-runner-watch-mode","id":919,"buffered":false,"tapError":null,"skip":false,"todo":": Fix flaky test","previous":null,"plan":null,"diag":{"severity":"flaky","exitcode":1,"stack":"Test failure: 'should run new tests when a new file is created in the watched directory'\nLocation: test\\parallel\\test-runner-watch-mode.mjs:195:7\nAssertionError [ERR_ASSERTION]: The input did not match the regular expression /tests 1/. Input:\n\n'✔ new-test-file.test.js (1.0989ms)\\n' +\n  '✔ test has ran (0.1693ms)\\n' +\n  'ℹ tests 2\\n' +\n  'ℹ suites 0\\n' +\n  'ℹ pass 2\\n' +\n  'ℹ fail 0\\n' +\n  'ℹ cancelled 0\\n' +\n  'ℹ skipped 0\\n' +\n  'ℹ todo 0\\n' +\n  'ℹ duration_ms 152.087\\n'\n\n    at testCreate (file:///C:/workspace/node-test-binary-windows-js-suites/node/test/parallel/test-runner-watch-mode.mjs:154:14)\n    at process.processTicksAndRejections (node:internal/process/task_queues:105:5)\n    at async testWatch (file:///C:/workspace/node-test-binary-windows-js-suites/node/test/parallel/test-runner-watch-mode.mjs:164:26)\n    at async TestContext.<anonymous> (file:///C:/workspace/node-test-binary-windows-js-suites/node/test/parallel/test-runner-watch-mode.mjs:200:9)\n    at async Test.run (node:internal/test_runner/test:980:9)\n    at async Suite.processPendingSubtests (node:internal/test_runner/test:677:7) {\n  generatedMessage: true,\n  code: 'ERR_ASSERTION',\n  actual: '✔ new-test-file.test.js (1.0989ms)\\n' +\n    '✔ test has ran (0.1693ms)\\n' +\n    'ℹ tests 2\\n' +\n    'ℹ suites 0\\n' +\n    'ℹ pass 2\\n' +\n    'ℹ fail 0\\n' +\n    'ℹ cancelled 0\\n' +\n    'ℹ skipped 0\\n' +\n    'ℹ todo 0\\n' +\n    'ℹ duration_ms 152.087\\n' +\n    '...',\n  expected: /tests 1/,\n  operator: 'match'\n}\n\nTest failure: 'should support a watched test file rename'\nLocation: test\\parallel\\test-runner-watch-mode.mjs:187:7\nError: ENOENT: no such file or directory, rename 'C:\\workspace\\node-test-binary-windows-js-suites\\node\\test\\.tmp.719\\test.js' -> 'C:\\workspace\\node-test-binary-windows-js-suites\\node\\test\\.tmp.719\\test-renamed-test.js'\n    at renameSync (node:fs:1021:11)\n    at Timeout._onTimeout (file:///C:/workspace/node-test-binary-windows-js-suites/node/test/parallel/test-runner-watch-mode.mjs:93:40)\n    at listOnTimeout (node:internal/timers:591:17)\n    at process.processTimers (node:internal/timers:526:7) {\n  errno: -4058,\n  code: 'ENOENT',\n  syscall: 'rename',\n  path: 'C:\\\\workspace\\\\node-test-binary-windows-js-suites\\\\node\\\\test\\\\.tmp.719\\\\test.js',\n  dest: 'C:\\\\workspace\\\\node-test-binary-windows-js-suites\\\\node\\\\test\\\\.tmp.719\\\\test-renamed-test.js'\n}\n\nTest failure: 'should not throw when delete a watched test file'\nLocation: test\\parallel\\test-runner-watch-mode.mjs:191:7\nError: EBUSY: resource busy or locked, rmdir 'C:\\workspace\\node-test-binary-windows-js-suites\\node\\test\\.tmp.719'\n    at rmdirSync (node:fs:1202:11)\n    at _rmdirSync (node:internal/fs/rimraf:236:5)\n    at rimrafSync (node:internal/fs/rimraf:194:7)\n    at Object.rmSync (node:fs:1248:10)\n    at rmSync (C:\\workspace\\node-test-binary-windows-js-suites\\node\\test\\common\\tmpdir.js:31:8)\n    at Object.refresh (C:\\workspace\\node-test-binary-windows-js-suites\\node\\test\\common\\tmpdir.js:46:3)\n    at TestContext.refresh (file:///C:/workspace/node-test-binary-windows-js-suites/node/test/parallel/test-runner-watch-mode.mjs:31:10)\n    at TestHook.runInAsyncScope (node:async_hooks:214:14)\n    at TestHook.run (node:internal/test_runner/test:979:25)\n    at TestHook.run (node:internal/test_runner/test:1270:18) {\n  errno: -4082,\n  code: 'EBUSY',\n  syscall: 'rmdir',\n  path: 'C:\\\\workspace\\\\node-test-binary-windows-js-suites\\\\node\\\\test\\\\.tmp.719'\n}\n\nTest failure: 'should run new tests when a new file is created in the watched directory'\nLocation: test\\parallel\\test-runner-watch-mode.mjs:195:7\nError: EBUSY: resource busy or locked, rmdir 'C:\\workspace\\node-test-binary-windows-js-suites\\node\\test\\.tmp.719'\n    at rmdirSync (node:fs:1202:11)\n    at _rmdirSync (node:internal/fs/rimraf:236:5)\n    at rimrafSync (node:internal/fs/rimraf:194:7)\n    at Object.rmSync (node:fs:1248:10)\n    at rmSync (C:\\workspace\\node-test-binary-windows-js-suites\\node\\test\\common\\tmpdir.js:31:8)\n    at Object.refresh (C:\\workspace\\node-test-binary-windows-js-suites\\node\\test\\common\\tmpdir.js:46:3)\n    at TestContext.refresh (file:///C:/workspace/node-test-binary-windows-js-suites/node/test/parallel/test-runner-watch-mode.mjs:31:10)\n    at TestHook.runInAsyncScope (node:async_hooks:214:14)\n    at TestHook.run (node:internal/test_runner/test:979:25)\n    at TestHook.run (node:internal/test_runner/test:1270:18) {\n  errno: -4082,\n  code: 'EBUSY',\n  syscall: 'rmdir',\n  path: 'C:\\\\workspace\\\\node-test-binary-windows-js-suites\\\\node\\\\test\\\\.tmp.719'\n}"},"time":20328.001,"fullname":"parallel/test-runner-watch-mode","closingTestPoint":false}},{"testName":"parallel/test-runner-plan","timestamp":1744188095956,"status":"REGRESSION","jobName":"node-test-binary-windows-js-suites","config":"node-test-binary-windows-js-suites » 1,win11-COMPILED_BY-vs2022 #33541","buildUrl":"https://ci.nodejs.org/job/node-test-binary-windows-js-suites/RUN_SUBSET=1,nodes=win11-COMPILED_BY-vs2022/33541/","buildNumber":33541,"builtOn":"test-azure_msft-win11_vs2022-x64-2","nodeVersion":"22.14.1","commitHash":"7aca25480808f7d14057c5c9d6c1560ccd40601e","callStack":[{"upstreamBuild":69632,"upstreamProject":"node-test-commit-windows-fanned","upstreamUrl":"job/node-test-commit-windows-fanned/"},{"upstreamBuild":79045,"upstreamProject":"node-test-commit","upstreamUrl":"job/node-test-commit/"},{"upstreamBuild":169,"upstreamProject":"node-daily-v22.x-staging","upstreamUrl":"job/node-daily-v22.x-staging/"}],"tap":{"ok":false,"name":"parallel/test-runner-plan","id":713,"buffered":false,"tapError":null,"skip":false,"todo":false,"previous":null,"plan":null,"diag":{"severity":"fail","exitcode":1,"stack":"Test failure: 'throws if options is not an object'\nLocation: test\\parallel\\test-runner-plan.mjs:9:3\nAssertionError [ERR_ASSERTION]: Missing expected exception.\n    at assert.<computed> [as throws] (node:internal/test_runner/test:254:18)\n    at TestContext.<anonymous> (file:///c:/workspace/node-test-binary-windows-js-suites/node/test/parallel/test-runner-plan.mjs:10:14)\n    at Test.runInAsyncScope (node:async_hooks:214:14)\n    at Test.run (node:internal/test_runner/test:979:25)\n    at Test.start (node:internal/test_runner/test:877:17)\n    at node:internal/test_runner/test:1356:71\n    at node:internal/per_context/primordials:483:82\n    at new Promise (<anonymous>)\n    at new SafePromise (node:internal/per_context/primordials:451:29)\n    at node:internal/per_context/primordials:483:9 {\n  generatedMessage: false,\n  code: 'ERR_ASSERTION',\n  actual: undefined,\n  expected: [Object],\n  operator: 'throws'\n}\n\nTest failure: 'throws if options.wait is not a number or a boolean'\nLocation: test\\parallel\\test-runner-plan.mjs:18:3\nAssertionError [ERR_ASSERTION]: Missing expected exception.\n    at assert.<computed> [as throws] (node:internal/test_runner/test:254:18)\n    at TestContext.<anonymous> (file:///c:/workspace/node-test-binary-windows-js-suites/node/test/parallel/test-runner-plan.mjs:19:14)\n    at Test.runInAsyncScope (node:async_hooks:214:14)\n    at Test.run (node:internal/test_runner/test:979:25)\n    at Suite.processPendingSubtests (node:internal/test_runner/test:677:18)\n    at Test.postRun (node:internal/test_runner/test:1090:19)\n    at Test.run (node:internal/test_runner/test:1018:12)\n    at async Promise.all (index 0)\n    at async Suite.run (node:internal/test_runner/test:1358:7)\n    at async startSubtestAfterBootstrap (node:internal/test_runner/harness:296:3) {\n  generatedMessage: false,\n  code: 'ERR_ASSERTION',\n  actual: undefined,\n  expected: [Object],\n  operator: 'throws'\n}"},"time":2455.011,"fullname":"parallel/test-runner-plan","closingTestPoint":false}},{"testName":"parallel/test-runner-plan","timestamp":1744188095956,"status":"REGRESSION","jobName":"node-test-binary-windows-js-suites","config":"node-test-binary-windows-js-suites » 1,win10-COMPILED_BY-vs2022 #33541","buildUrl":"https://ci.nodejs.org/job/node-test-binary-windows-js-suites/RUN_SUBSET=1,nodes=win10-COMPILED_BY-vs2022/33541/","buildNumber":33541,"builtOn":"test-azure_msft-win10_vs2019-x64-4","nodeVersion":"22.14.1","commitHash":"7aca25480808f7d14057c5c9d6c1560ccd40601e","callStack":[{"upstreamBuild":69632,"upstreamProject":"node-test-commit-windows-fanned","upstreamUrl":"job/node-test-commit-windows-fanned/"},{"upstreamBuild":79045,"upstreamProject":"node-test-commit","upstreamUrl":"job/node-test-commit/"},{"upstreamBuild":169,"upstreamProject":"node-daily-v22.x-staging","upstreamUrl":"job/node-daily-v22.x-staging/"}],"tap":{"ok":false,"name":"parallel/test-runner-plan","id":713,"buffered":false,"tapError":null,"skip":false,"todo":false,"previous":null,"plan":null,"diag":{"severity":"fail","exitcode":1,"stack":"Test failure: 'throws if options is not an object'\nLocation: test\\parallel\\test-runner-plan.mjs:9:3\nAssertionError [ERR_ASSERTION]: Missing expected exception.\n    at assert.<computed> [as throws] (node:internal/test_runner/test:254:18)\n    at TestContext.<anonymous> (file:///c:/workspace/node-test-binary-windows-js-suites/node/test/parallel/test-runner-plan.mjs:10:14)\n    at Test.runInAsyncScope (node:async_hooks:214:14)\n    at Test.run (node:internal/test_runner/test:979:25)\n    at Test.start (node:internal/test_runner/test:877:17)\n    at node:internal/test_runner/test:1356:71\n    at node:internal/per_context/primordials:483:82\n    at new Promise (<anonymous>)\n    at new SafePromise (node:internal/per_context/primordials:451:29)\n    at node:internal/per_context/primordials:483:9 {\n  generatedMessage: false,\n  code: 'ERR_ASSERTION',\n  actual: undefined,\n  expected: [Object],\n  operator: 'throws'\n}\n\nTest failure: 'throws if options.wait is not a number or a boolean'\nLocation: test\\parallel\\test-runner-plan.mjs:18:3\nAssertionError [ERR_ASSERTION]: Missing expected exception.\n    at assert.<computed> [as throws] (node:internal/test_runner/test:254:18)\n    at TestContext.<anonymous> (file:///c:/workspace/node-test-binary-windows-js-suites/node/test/parallel/test-runner-plan.mjs:19:14)\n    at Test.runInAsyncScope (node:async_hooks:214:14)\n    at Test.run (node:internal/test_runner/test:979:25)\n    at Suite.processPendingSubtests (node:internal/test_runner/test:677:18)\n    at Test.postRun (node:internal/test_runner/test:1090:19)\n    at Test.run (node:internal/test_runner/test:1018:12)\n    at async Promise.all (index 0)\n    at async Suite.run (node:internal/test_runner/test:1358:7)\n    at async startSubtestAfterBootstrap (node:internal/test_runner/harness:296:3) {\n  generatedMessage: false,\n  code: 'ERR_ASSERTION',\n  actual: undefined,\n  expected: [Object],\n  operator: 'throws'\n}"},"time":2230.01,"fullname":"parallel/test-runner-plan","closingTestPoint":false}}]}