{"failedTests":[{"testName":"parallel/test-fs-cp","timestamp":1744390215993,"status":"FAILED","jobName":"node-test-binary-windows-js-suites","config":"node-test-binary-windows-js-suites » 2,win11-COMPILED_BY-vs2022_clang #33588","buildUrl":"https://ci.nodejs.org/job/node-test-binary-windows-js-suites/RUN_SUBSET=2,nodes=win11-COMPILED_BY-vs2022_clang/33588/","buildNumber":33588,"builtOn":"test-azure_msft-win11_vs2022-x64-3","nodeVersion":"24.0.0","commitHash":"87e9b8bf1e87da0f890f0e18468dfbabbf74640a","callStack":[{"upstreamBuild":69688,"upstreamProject":"node-test-commit-windows-fanned","upstreamUrl":"job/node-test-commit-windows-fanned/"},{"upstreamBuild":79103,"upstreamProject":"node-test-commit","upstreamUrl":"job/node-test-commit/"},{"upstreamBuild":66199,"upstreamProject":"node-test-pull-request","upstreamUrl":"job/node-test-pull-request/"},{"prId":"57808"}],"tap":{"ok":false,"name":"parallel/test-fs-cp","id":311,"buffered":false,"tapError":null,"skip":false,"todo":": Fix flaky test","previous":null,"plan":null,"diag":{"severity":"flaky","exitcode":1,"stack":"node:assert:95\n  throw new AssertionError(obj);\n  ^\n\nAssertionError [ERR_ASSERTION]: Expected values to be strictly equal:\n+ actual - expected\n\n+ 'ERR_FS_EISDIR'\n- 'ERR_FS_CP_EINVAL'\n          ^\n\n    at file:///c:/workspace/node-test-binary-windows-js-suites/node/test/parallel/test-fs-cp.mjs:687:12\n    at c:\\workspace\\node-test-binary-windows-js-suites\\node\\test\\common\\index.js:435:15\n    at node:fs:175:23\n    at callbackifyOnRejected (node:util:219:10)\n    at process.processTicksAndRejections (node:internal/process/task_queues:90:21) {\n  generatedMessage: true,\n  code: 'ERR_ASSERTION',\n  actual: 'ERR_FS_EISDIR',\n  expected: 'ERR_FS_CP_EINVAL',\n  operator: 'strictEqual'\n}\n\nNode.js v24.0.0-pre"},"time":972.018,"fullname":"parallel/test-fs-cp","closingTestPoint":false}},{"testName":"parallel/test-http2-client-rststream-before-connect","timestamp":1744390215993,"status":"REGRESSION","jobName":"node-test-binary-windows-js-suites","config":"node-test-binary-windows-js-suites » 2,win11-COMPILED_BY-vs2022_clang #33588","buildUrl":"https://ci.nodejs.org/job/node-test-binary-windows-js-suites/RUN_SUBSET=2,nodes=win11-COMPILED_BY-vs2022_clang/33588/","buildNumber":33588,"builtOn":"test-azure_msft-win11_vs2022-x64-3","nodeVersion":"24.0.0","commitHash":"87e9b8bf1e87da0f890f0e18468dfbabbf74640a","callStack":[{"upstreamBuild":69688,"upstreamProject":"node-test-commit-windows-fanned","upstreamUrl":"job/node-test-commit-windows-fanned/"},{"upstreamBuild":79103,"upstreamProject":"node-test-commit","upstreamUrl":"job/node-test-commit/"},{"upstreamBuild":66199,"upstreamProject":"node-test-pull-request","upstreamUrl":"job/node-test-pull-request/"},{"prId":"57808"}],"tap":{"ok":false,"name":"parallel/test-http2-client-rststream-before-connect","id":466,"buffered":false,"tapError":null,"skip":false,"todo":false,"previous":null,"plan":null,"diag":{"severity":"fail","exitcode":1,"stack":"node:events:485\n      throw er; // Unhandled 'error' event\n      ^\n\nError [ERR_HTTP2_STREAM_ERROR]: Stream closed with error code NGHTTP2_PROTOCOL_ERROR\n    at ServerHttp2Stream._destroy (node:internal/http2/core:2384:13)\n    at _destroy (node:internal/streams/destroy:122:10)\n    at ServerHttp2Stream.destroy (node:internal/streams/destroy:84:5)\n    at Writable.destroy (node:internal/streams/writable:1120:11)\n    at Http2Stream.onStreamClose (node:internal/http2/core:559:12)\nEmitted 'error' event on ServerHttp2Stream instance at:\n    at emitErrorNT (node:internal/streams/destroy:170:8)\n    at emitErrorCloseNT (node:internal/streams/destroy:129:3)\n    at process.processTicksAndRejections (node:internal/process/task_queues:90:21) {\n  code: 'ERR_HTTP2_STREAM_ERROR'\n}\n\nNode.js v24.0.0-pre"},"time":192.003,"fullname":"parallel/test-http2-client-rststream-before-connect","closingTestPoint":false}},{"testName":"parallel/test-http2-client-rststream-before-connect","timestamp":1744390215993,"status":"REGRESSION","jobName":"node-test-binary-windows-js-suites","config":"node-test-binary-windows-js-suites » 2,win11-COMPILED_BY-vs2022 #33588","buildUrl":"https://ci.nodejs.org/job/node-test-binary-windows-js-suites/RUN_SUBSET=2,nodes=win11-COMPILED_BY-vs2022/33588/","buildNumber":33588,"builtOn":"test-azure_msft-win11_vs2022-x64-1","nodeVersion":"24.0.0","commitHash":"87e9b8bf1e87da0f890f0e18468dfbabbf74640a","callStack":[{"upstreamBuild":69688,"upstreamProject":"node-test-commit-windows-fanned","upstreamUrl":"job/node-test-commit-windows-fanned/"},{"upstreamBuild":79103,"upstreamProject":"node-test-commit","upstreamUrl":"job/node-test-commit/"},{"upstreamBuild":66199,"upstreamProject":"node-test-pull-request","upstreamUrl":"job/node-test-pull-request/"},{"prId":"57808"}],"tap":{"ok":false,"name":"parallel/test-http2-client-rststream-before-connect","id":465,"buffered":false,"tapError":null,"skip":false,"todo":false,"previous":null,"plan":null,"diag":{"severity":"fail","exitcode":1,"stack":"node:events:485\n      throw er; // Unhandled 'error' event\n      ^\n\nError [ERR_HTTP2_STREAM_ERROR]: Stream closed with error code NGHTTP2_PROTOCOL_ERROR\n    at ServerHttp2Stream._destroy (node:internal/http2/core:2384:13)\n    at _destroy (node:internal/streams/destroy:122:10)\n    at ServerHttp2Stream.destroy (node:internal/streams/destroy:84:5)\n    at Writable.destroy (node:internal/streams/writable:1120:11)\n    at Http2Stream.onStreamClose (node:internal/http2/core:559:12)\nEmitted 'error' event on ServerHttp2Stream instance at:\n    at emitErrorNT (node:internal/streams/destroy:170:8)\n    at emitErrorCloseNT (node:internal/streams/destroy:129:3)\n    at process.processTicksAndRejections (node:internal/process/task_queues:90:21) {\n  code: 'ERR_HTTP2_STREAM_ERROR'\n}\n\nNode.js v24.0.0-pre"},"time":162.013,"fullname":"parallel/test-http2-client-rststream-before-connect","closingTestPoint":false}},{"testName":"parallel/test-http2-client-rststream-before-connect","timestamp":1744390215993,"status":"REGRESSION","jobName":"node-test-binary-windows-js-suites","config":"node-test-binary-windows-js-suites » 2,win2022-COMPILED_BY-vs2022 #33588","buildUrl":"https://ci.nodejs.org/job/node-test-binary-windows-js-suites/RUN_SUBSET=2,nodes=win2022-COMPILED_BY-vs2022/33588/","buildNumber":33588,"builtOn":"test-rackspace-win2022_vs2022-x64-6","nodeVersion":"24.0.0","commitHash":"87e9b8bf1e87da0f890f0e18468dfbabbf74640a","callStack":[{"upstreamBuild":69688,"upstreamProject":"node-test-commit-windows-fanned","upstreamUrl":"job/node-test-commit-windows-fanned/"},{"upstreamBuild":79103,"upstreamProject":"node-test-commit","upstreamUrl":"job/node-test-commit/"},{"upstreamBuild":66199,"upstreamProject":"node-test-pull-request","upstreamUrl":"job/node-test-pull-request/"},{"prId":"57808"}],"tap":{"ok":false,"name":"parallel/test-http2-client-rststream-before-connect","id":462,"buffered":false,"tapError":null,"skip":false,"todo":false,"previous":null,"plan":null,"diag":{"severity":"fail","exitcode":1,"stack":"node:events:485\n      throw er; // Unhandled 'error' event\n      ^\n\nError [ERR_HTTP2_STREAM_ERROR]: Stream closed with error code NGHTTP2_PROTOCOL_ERROR\n    at ServerHttp2Stream._destroy (node:internal/http2/core:2384:13)\n    at _destroy (node:internal/streams/destroy:122:10)\n    at ServerHttp2Stream.destroy (node:internal/streams/destroy:84:5)\n    at Writable.destroy (node:internal/streams/writable:1120:11)\n    at Http2Stream.onStreamClose (node:internal/http2/core:559:12)\nEmitted 'error' event on ServerHttp2Stream instance at:\n    at emitErrorNT (node:internal/streams/destroy:170:8)\n    at emitErrorCloseNT (node:internal/streams/destroy:129:3)\n    at process.processTicksAndRejections (node:internal/process/task_queues:90:21) {\n  code: 'ERR_HTTP2_STREAM_ERROR'\n}\n\nNode.js v24.0.0-pre"},"time":301.995,"fullname":"parallel/test-http2-client-rststream-before-connect","closingTestPoint":false}},{"testName":"parallel/test-http2-client-rststream-before-connect","timestamp":1744390215993,"status":"REGRESSION","jobName":"node-test-binary-windows-js-suites","config":"node-test-binary-windows-js-suites » 2,win10-COMPILED_BY-vs2022 #33588","buildUrl":"https://ci.nodejs.org/job/node-test-binary-windows-js-suites/RUN_SUBSET=2,nodes=win10-COMPILED_BY-vs2022/33588/","buildNumber":33588,"builtOn":"test-azure_msft-win10_vs2019-x64-3","nodeVersion":"24.0.0","commitHash":"87e9b8bf1e87da0f890f0e18468dfbabbf74640a","callStack":[{"upstreamBuild":69688,"upstreamProject":"node-test-commit-windows-fanned","upstreamUrl":"job/node-test-commit-windows-fanned/"},{"upstreamBuild":79103,"upstreamProject":"node-test-commit","upstreamUrl":"job/node-test-commit/"},{"upstreamBuild":66199,"upstreamProject":"node-test-pull-request","upstreamUrl":"job/node-test-pull-request/"},{"prId":"57808"}],"tap":{"ok":false,"name":"parallel/test-http2-client-rststream-before-connect","id":466,"buffered":false,"tapError":null,"skip":false,"todo":false,"previous":null,"plan":null,"diag":{"severity":"fail","exitcode":1,"stack":"node:events:485\n      throw er; // Unhandled 'error' event\n      ^\n\nError [ERR_HTTP2_STREAM_ERROR]: Stream closed with error code NGHTTP2_PROTOCOL_ERROR\n    at ServerHttp2Stream._destroy (node:internal/http2/core:2384:13)\n    at _destroy (node:internal/streams/destroy:122:10)\n    at ServerHttp2Stream.destroy (node:internal/streams/destroy:84:5)\n    at Writable.destroy (node:internal/streams/writable:1120:11)\n    at Http2Stream.onStreamClose (node:internal/http2/core:559:12)\nEmitted 'error' event on ServerHttp2Stream instance at:\n    at emitErrorNT (node:internal/streams/destroy:170:8)\n    at emitErrorCloseNT (node:internal/streams/destroy:129:3)\n    at process.processTicksAndRejections (node:internal/process/task_queues:90:21) {\n  code: 'ERR_HTTP2_STREAM_ERROR'\n}\n\nNode.js v24.0.0-pre"},"time":178.014,"fullname":"parallel/test-http2-client-rststream-before-connect","closingTestPoint":false}},{"testName":"parallel/test-http2-client-rststream-before-connect","timestamp":1744390215993,"status":"REGRESSION","jobName":"node-test-binary-windows-js-suites","config":"node-test-binary-windows-js-suites » 2,win2019-COMPILED_BY-vs2022 #33588","buildUrl":"https://ci.nodejs.org/job/node-test-binary-windows-js-suites/RUN_SUBSET=2,nodes=win2019-COMPILED_BY-vs2022/33588/","buildNumber":33588,"builtOn":"test-rackspace-win2019_vs2019-x64-1","nodeVersion":"24.0.0","commitHash":"87e9b8bf1e87da0f890f0e18468dfbabbf74640a","callStack":[{"upstreamBuild":69688,"upstreamProject":"node-test-commit-windows-fanned","upstreamUrl":"job/node-test-commit-windows-fanned/"},{"upstreamBuild":79103,"upstreamProject":"node-test-commit","upstreamUrl":"job/node-test-commit/"},{"upstreamBuild":66199,"upstreamProject":"node-test-pull-request","upstreamUrl":"job/node-test-pull-request/"},{"prId":"57808"}],"tap":{"ok":false,"name":"parallel/test-http2-client-rststream-before-connect","id":463,"buffered":false,"tapError":null,"skip":false,"todo":false,"previous":null,"plan":null,"diag":{"severity":"fail","exitcode":1,"stack":"node:events:485\n      throw er; // Unhandled 'error' event\n      ^\n\nError [ERR_HTTP2_STREAM_ERROR]: Stream closed with error code NGHTTP2_PROTOCOL_ERROR\n    at ServerHttp2Stream._destroy (node:internal/http2/core:2384:13)\n    at _destroy (node:internal/streams/destroy:122:10)\n    at ServerHttp2Stream.destroy (node:internal/streams/destroy:84:5)\n    at Writable.destroy (node:internal/streams/writable:1120:11)\n    at Http2Stream.onStreamClose (node:internal/http2/core:559:12)\nEmitted 'error' event on ServerHttp2Stream instance at:\n    at emitErrorNT (node:internal/streams/destroy:170:8)\n    at emitErrorCloseNT (node:internal/streams/destroy:129:3)\n    at process.processTicksAndRejections (node:internal/process/task_queues:90:21) {\n  code: 'ERR_HTTP2_STREAM_ERROR'\n}\n\nNode.js v24.0.0-pre"},"time":336.013,"fullname":"parallel/test-http2-client-rststream-before-connect","closingTestPoint":false}},{"testName":"parallel/test-http2-client-rststream-before-connect","timestamp":1744390215993,"status":"REGRESSION","jobName":"node-test-binary-windows-js-suites","config":"node-test-binary-windows-js-suites » 2,win2022-COMPILED_BY-vs2022_clang #33588","buildUrl":"https://ci.nodejs.org/job/node-test-binary-windows-js-suites/RUN_SUBSET=2,nodes=win2022-COMPILED_BY-vs2022_clang/33588/","buildNumber":33588,"builtOn":"test-rackspace-win2022_vs2022-x64-1","nodeVersion":"24.0.0","commitHash":"87e9b8bf1e87da0f890f0e18468dfbabbf74640a","callStack":[{"upstreamBuild":69688,"upstreamProject":"node-test-commit-windows-fanned","upstreamUrl":"job/node-test-commit-windows-fanned/"},{"upstreamBuild":79103,"upstreamProject":"node-test-commit","upstreamUrl":"job/node-test-commit/"},{"upstreamBuild":66199,"upstreamProject":"node-test-pull-request","upstreamUrl":"job/node-test-pull-request/"},{"prId":"57808"}],"tap":{"ok":false,"name":"parallel/test-http2-client-rststream-before-connect","id":462,"buffered":false,"tapError":null,"skip":false,"todo":false,"previous":null,"plan":null,"diag":{"severity":"fail","exitcode":1,"stack":"node:events:485\n      throw er; // Unhandled 'error' event\n      ^\n\nError [ERR_HTTP2_STREAM_ERROR]: Stream closed with error code NGHTTP2_PROTOCOL_ERROR\n    at ServerHttp2Stream._destroy (node:internal/http2/core:2384:13)\n    at _destroy (node:internal/streams/destroy:122:10)\n    at ServerHttp2Stream.destroy (node:internal/streams/destroy:84:5)\n    at Writable.destroy (node:internal/streams/writable:1120:11)\n    at Http2Stream.onStreamClose (node:internal/http2/core:559:12)\nEmitted 'error' event on ServerHttp2Stream instance at:\n    at emitErrorNT (node:internal/streams/destroy:170:8)\n    at emitErrorCloseNT (node:internal/streams/destroy:129:3)\n    at process.processTicksAndRejections (node:internal/process/task_queues:90:21) {\n  code: 'ERR_HTTP2_STREAM_ERROR'\n}\n\nNode.js v24.0.0-pre"},"time":259.011,"fullname":"parallel/test-http2-client-rststream-before-connect","closingTestPoint":false}},{"testName":"parallel/test-http2-client-rststream-before-connect","timestamp":1744390215993,"status":"REGRESSION","jobName":"node-test-binary-windows-js-suites","config":"node-test-binary-windows-js-suites » 3,win11-arm64-COMPILED_BY-vs2022-arm64 #33588","buildUrl":"https://ci.nodejs.org/job/node-test-binary-windows-js-suites/RUN_SUBSET=3,nodes=win11-arm64-COMPILED_BY-vs2022-arm64/33588/","buildNumber":33588,"builtOn":"test-azure_msft-win11_vs2022-arm64-6","nodeVersion":"24.0.0","commitHash":"87e9b8bf1e87da0f890f0e18468dfbabbf74640a","callStack":[{"upstreamBuild":69688,"upstreamProject":"node-test-commit-windows-fanned","upstreamUrl":"job/node-test-commit-windows-fanned/"},{"upstreamBuild":79103,"upstreamProject":"node-test-commit","upstreamUrl":"job/node-test-commit/"},{"upstreamBuild":66199,"upstreamProject":"node-test-pull-request","upstreamUrl":"job/node-test-pull-request/"},{"prId":"57808"}],"tap":{"ok":false,"name":"parallel/test-http2-client-rststream-before-connect","id":461,"buffered":false,"tapError":null,"skip":false,"todo":false,"previous":null,"plan":null,"diag":{"severity":"fail","exitcode":1,"stack":"node:events:485\n      throw er; // Unhandled 'error' event\n      ^\n\nError [ERR_HTTP2_STREAM_ERROR]: Stream closed with error code NGHTTP2_PROTOCOL_ERROR\n    at ServerHttp2Stream._destroy (node:internal/http2/core:2384:13)\n    at _destroy (node:internal/streams/destroy:122:10)\n    at ServerHttp2Stream.destroy (node:internal/streams/destroy:84:5)\n    at Writable.destroy (node:internal/streams/writable:1120:11)\n    at Http2Stream.onStreamClose (node:internal/http2/core:559:12)\nEmitted 'error' event on ServerHttp2Stream instance at:\n    at emitErrorNT (node:internal/streams/destroy:170:8)\n    at emitErrorCloseNT (node:internal/streams/destroy:129:3)\n    at process.processTicksAndRejections (node:internal/process/task_queues:90:21) {\n  code: 'ERR_HTTP2_STREAM_ERROR'\n}\n\nNode.js v24.0.0-pre"},"time":295.999,"fullname":"parallel/test-http2-client-rststream-before-connect","closingTestPoint":false}},{"testName":"parallel/test-http2-client-rststream-before-connect","timestamp":1744390215993,"status":"REGRESSION","jobName":"node-test-binary-windows-js-suites","config":"node-test-binary-windows-js-suites » 3,win11-arm64-COMPILED_BY-vs2022_clang-arm64 #33588","buildUrl":"https://ci.nodejs.org/job/node-test-binary-windows-js-suites/RUN_SUBSET=3,nodes=win11-arm64-COMPILED_BY-vs2022_clang-arm64/33588/","buildNumber":33588,"builtOn":"test-azure_msft-win11_vs2022-arm64-1","nodeVersion":"24.0.0","commitHash":"87e9b8bf1e87da0f890f0e18468dfbabbf74640a","callStack":[{"upstreamBuild":69688,"upstreamProject":"node-test-commit-windows-fanned","upstreamUrl":"job/node-test-commit-windows-fanned/"},{"upstreamBuild":79103,"upstreamProject":"node-test-commit","upstreamUrl":"job/node-test-commit/"},{"upstreamBuild":66199,"upstreamProject":"node-test-pull-request","upstreamUrl":"job/node-test-pull-request/"},{"prId":"57808"}],"tap":{"ok":false,"name":"parallel/test-http2-client-rststream-before-connect","id":461,"buffered":false,"tapError":null,"skip":false,"todo":false,"previous":null,"plan":null,"diag":{"severity":"fail","exitcode":1,"stack":"node:events:485\n      throw er; // Unhandled 'error' event\n      ^\n\nError [ERR_HTTP2_STREAM_ERROR]: Stream closed with error code NGHTTP2_PROTOCOL_ERROR\n    at ServerHttp2Stream._destroy (node:internal/http2/core:2384:13)\n    at _destroy (node:internal/streams/destroy:122:10)\n    at ServerHttp2Stream.destroy (node:internal/streams/destroy:84:5)\n    at Writable.destroy (node:internal/streams/writable:1120:11)\n    at Http2Stream.onStreamClose (node:internal/http2/core:559:12)\nEmitted 'error' event on ServerHttp2Stream instance at:\n    at emitErrorNT (node:internal/streams/destroy:170:8)\n    at emitErrorCloseNT (node:internal/streams/destroy:129:3)\n    at process.processTicksAndRejections (node:internal/process/task_queues:90:21) {\n  code: 'ERR_HTTP2_STREAM_ERROR'\n}\n\nNode.js v24.0.0-pre"},"time":301,"fullname":"parallel/test-http2-client-rststream-before-connect","closingTestPoint":false}}]}