{"failedTests":[{"testName":"parallel/test-fs-cp","timestamp":1745133644384,"status":"FAILED","jobName":"node-test-binary-windows-js-suites","config":"node-test-binary-windows-js-suites Â» 0,win11-COMPILED_BY-vs2022_clang #33743","buildUrl":"https://ci.nodejs.org/job/node-test-binary-windows-js-suites/RUN_SUBSET=0,nodes=win11-COMPILED_BY-vs2022_clang/33743/","buildNumber":33743,"builtOn":"test-azure_msft-win11_vs2022-x64-4","nodeVersion":"24.0.0","commitHash":"7102ea1559eb7e84d39bcc4057db9ea09befe090","callStack":[{"upstreamBuild":69891,"upstreamProject":"node-test-commit-windows-fanned","upstreamUrl":"job/node-test-commit-windows-fanned/"},{"upstreamBuild":79312,"upstreamProject":"node-test-commit","upstreamUrl":"job/node-test-commit/"},{"upstreamBuild":3755,"upstreamProject":"node-daily-master","upstreamUrl":"job/node-daily-master/"}],"tap":{"ok":false,"name":"parallel/test-fs-cp","id":311,"buffered":false,"tapError":null,"skip":false,"todo":": Fix flaky test","previous":null,"plan":null,"diag":{"severity":"flaky","exitcode":1,"stack":"node:assert:95\n  throw new AssertionError(obj);\n  ^\n\nAssertionError [ERR_ASSERTION]: Expected values to be strictly equal:\n+ actual - expected\n\n+ 'ERR_FS_EISDIR'\n- 'ERR_FS_CP_EINVAL'\n          ^\n\n    at file:///c:/workspace/node-test-binary-windows-js-suites/node/test/parallel/test-fs-cp.mjs:687:12\n    at c:\\workspace\\node-test-binary-windows-js-suites\\node\\test\\common\\index.js:435:15\n    at node:fs:175:23\n    at callbackifyOnRejected (node:util:219:10)\n    at process.processTicksAndRejections (node:internal/process/task_queues:90:21) {\n  generatedMessage: true,\n  code: 'ERR_ASSERTION',\n  actual: 'ERR_FS_EISDIR',\n  expected: 'ERR_FS_CP_EINVAL',\n  operator: 'strictEqual'\n}\n\nNode.js v24.0.0-pre"},"time":534.013,"fullname":"parallel/test-fs-cp","closingTestPoint":false}}]}