{"failedTests":[{"testName":"parallel/test-fs-cp","timestamp":1746461626026,"status":"FAILED","jobName":"node-test-binary-windows-js-suites","config":"node-test-binary-windows-js-suites » 3,win11-COMPILED_BY-vs2022_clang #34028","buildUrl":"https://ci.nodejs.org/job/node-test-binary-windows-js-suites/RUN_SUBSET=3,nodes=win11-COMPILED_BY-vs2022_clang/34028/","buildNumber":34028,"builtOn":"test-azure_msft-win11_vs2022-x64-2","nodeVersion":"24.0.0","commitHash":"cf2626382001d812e06747659d0ce505da72ee42","callStack":[{"upstreamBuild":70193,"upstreamProject":"node-test-commit-windows-fanned","upstreamUrl":"job/node-test-commit-windows-fanned/"},{"upstreamBuild":79635,"upstreamProject":"node-test-commit","upstreamUrl":"job/node-test-commit/"},{"upstreamBuild":66617,"upstreamProject":"node-test-pull-request","upstreamUrl":"job/node-test-pull-request/"},{"prId":"58122"}],"tap":{"ok":false,"name":"parallel/test-fs-cp","id":312,"buffered":false,"tapError":null,"skip":false,"todo":": Fix flaky test","previous":null,"plan":null,"diag":{"severity":"flaky","exitcode":1,"stack":"node:assert:95\n  throw new AssertionError(obj);\n  ^\n\nAssertionError [ERR_ASSERTION]: Expected values to be strictly equal:\n+ actual - expected\n\n+ 'ERR_FS_EISDIR'\n- 'ERR_FS_CP_EINVAL'\n          ^\n\n    at file:///c:/workspace/node-test-binary-windows-js-suites/node/test/parallel/test-fs-cp.mjs:687:12\n    at c:\\workspace\\node-test-binary-windows-js-suites\\node\\test\\common\\index.js:437:15\n    at node:fs:175:23\n    at callbackifyOnRejected (node:util:219:10)\n    at process.processTicksAndRejections (node:internal/process/task_queues:90:21) {\n  generatedMessage: true,\n  code: 'ERR_ASSERTION',\n  actual: 'ERR_FS_EISDIR',\n  expected: 'ERR_FS_CP_EINVAL',\n  operator: 'strictEqual'\n}\n\nNode.js v24.0.0-pre"},"time":750.01,"fullname":"parallel/test-fs-cp","closingTestPoint":false}},{"testName":"parallel/test-runner-run-watch","timestamp":1746461626026,"status":"FAILED","jobName":"node-test-binary-windows-js-suites","config":"node-test-binary-windows-js-suites » 2,win10-COMPILED_BY-vs2022_clang #34028","buildUrl":"https://ci.nodejs.org/job/node-test-binary-windows-js-suites/RUN_SUBSET=2,nodes=win10-COMPILED_BY-vs2022_clang/34028/","buildNumber":34028,"builtOn":"test-azure_msft-win10_vs2019-x64-1","nodeVersion":"24.0.0","commitHash":"cf2626382001d812e06747659d0ce505da72ee42","callStack":[{"upstreamBuild":70193,"upstreamProject":"node-test-commit-windows-fanned","upstreamUrl":"job/node-test-commit-windows-fanned/"},{"upstreamBuild":79635,"upstreamProject":"node-test-commit","upstreamUrl":"job/node-test-commit/"},{"upstreamBuild":66617,"upstreamProject":"node-test-pull-request","upstreamUrl":"job/node-test-pull-request/"},{"prId":"58122"}],"tap":{"ok":false,"name":"parallel/test-runner-run-watch","id":894,"buffered":false,"tapError":null,"skip":false,"todo":": Fix flaky test","previous":null,"plan":null,"diag":{"severity":"flaky","exitcode":1,"stack":"Test failure: 'should run tests repeatedly'\nLocation: test\\parallel\\test-runner-run-watch.mjs:198:3\nAssertionError [ERR_ASSERTION]: The input did not match the regular expression /tests 1/. Input:\n\n'# Subtest: test.js\\n' +\n  'not ok 2 - test.js\\n' +\n  '  ---\\n' +\n  '  duration_ms: 1059.9465\\n' +\n  \"  type: 'test'\\n\" +\n  \"  location: 'c:\\\\\\\\workspace\\\\\\\\node-test-binary-windows-js-suites\\\\\\\\node\\\\\\\\test\\\\\\\\.tmp.724\\\\\\\\test.js:1:1'\\n\" +\n  \"  failureType: 'testCodeFailure'\\n\" +\n  '  exitCode: ~\\n' +\n  \"  signal: 'SIGTERM'\\n\" +\n  \"  error: 'test failed'\\n\" +\n  \"  code: 'ERR_TEST_FAILURE'\\n\" +\n  '  ...\\n' +\n  '# Subtest: test has ran\\n' +\n  'ok 2 - test has ran\\n' +\n  '  ---\\n' +\n  '  duration_ms: 1.2455\\n' +\n  \"  type: 'test'\\n\" +\n  '  ...\\n' +\n  '1..2\\n' +\n  '# tests 2\\n' +\n  '# suites 0\\n' +\n  '# pass 1\\n' +\n  '# fail 1\\n' +\n  '# cancelled 0\\n' +\n  '# skipped 0\\n' +\n  '# todo 0\\n' +\n  '# duration_ms 322.5102\\n'\n\n    at testUpdate (file:///c:/workspace/node-test-binary-windows-js-suites/node/test/parallel/test-runner-run-watch.mjs:91:14)\n    at process.processTicksAndRejections (node:internal/process/task_queues:105:5)\n    at async testWatch (file:///c:/workspace/node-test-binary-windows-js-suites/node/test/parallel/test-runner-run-watch.mjs:187:26)\n    at async TestContext.<anonymous> (file:///c:/workspace/node-test-binary-windows-js-suites/node/test/parallel/test-runner-run-watch.mjs:199:5)\n    at async Test.run (node:internal/test_runner/test:1069:7)\n    at async Promise.all (index 0)\n    at async Suite.run (node:internal/test_runner/test:1466:7)\n    at async startSubtestAfterBootstrap (node:internal/test_runner/harness:332:3) {\n  generatedMessage: true,\n  code: 'ERR_ASSERTION',\n  actual: '# Subtest: test.js\\n' +\n    'not ok 2 - test.js\\n' +\n    '  ---\\n' +\n    '  duration_ms: 1059.9465\\n' +\n    \"  type: 'test'\\n\" +\n    \"  location: 'c:\\\\\\\\workspace\\\\\\\\node-test-binary-windows-js-suites\\\\\\\\node\\\\\\\\test\\\\\\\\.tmp.724\\\\\\\\test.js:1:1'\\n\" +\n    \"  failureType: 'testCodeFailure'\\n\" +\n    '  exitCode: ~\\n' +\n    \"  signal: 'SIGTERM'\\n\" +\n    \"  error: 'test failed'\\n\" +\n    '...',\n  expected: /tests 1/,\n  operator: 'match'\n}"},"time":25604.149,"fullname":"parallel/test-runner-run-watch","closingTestPoint":false}}]}