{"failedTests":[{"testName":"parallel/test-repl-multiline-navigation","timestamp":1747490338570,"status":"FAILED","jobName":"node-test-binary-windows-js-suites","config":"node-test-binary-windows-js-suites » 1,win2016-COMPILED_BY-vs2022-x86 #34269","buildUrl":"https://ci.nodejs.org/job/node-test-binary-windows-js-suites/RUN_SUBSET=1,nodes=win2016-COMPILED_BY-vs2022-x86/34269/","buildNumber":34269,"builtOn":"test-rackspace-win2016_vs2015-x64-1","nodeVersion":"22.15.2","commitHash":"c8e3383b1ee4a8e7a93d28be5d69eff8fd981315","callStack":[{"upstreamBuild":70454,"upstreamProject":"node-test-commit-windows-fanned","upstreamUrl":"job/node-test-commit-windows-fanned/"},{"upstreamBuild":79931,"upstreamProject":"node-test-commit","upstreamUrl":"job/node-test-commit/"},{"upstreamBuild":66860,"upstreamProject":"node-test-pull-request","upstreamUrl":"job/node-test-pull-request/"},{"prId":"57982"}],"tap":{"ok":false,"name":"parallel/test-repl-multiline-navigation","id":701,"buffered":false,"tapError":null,"skip":false,"todo":false,"previous":null,"plan":null,"diag":{"severity":"fail","exitcode":1,"stack":"Can't clean tmpdir: C:\\workspace\\node-test-binary-windows-js-suites\\node\\test\\.tmp.692\nFiles blocking: [ '.1044', '.1564' ]\n\nC:\\workspace\\node-test-binary-windows-js-suites\\node\\test\\common\\tmpdir.js:80\n    throw e;\n    ^\n\nError: ENOTEMPTY: directory not empty, rmdir 'C:\\workspace\\node-test-binary-windows-js-suites\\node\\test\\.tmp.692'\n    at Object.rmdirSync (node:fs:1202:11)\n    at _rmdirSync (node:internal/fs/rimraf:261:21)\n    at rimrafSync (node:internal/fs/rimraf:194:7)\n    at Object.rmSync (node:fs:1248:10)\n    at rmSync (C:\\workspace\\node-test-binary-windows-js-suites\\node\\test\\common\\tmpdir.js:31:8)\n    at onexit (C:\\workspace\\node-test-binary-windows-js-suites\\node\\test\\common\\tmpdir.js:65:5)\n    at process.<anonymous> (C:\\workspace\\node-test-binary-windows-js-suites\\node\\test\\common\\tmpdir.js:54:14)\n    at process.emit (node:events:530:35)\n    at process.emit (node:domain:489:12)\n    at process.topLevelDomainCallback (node:domain:161:15) {\n  errno: -4051,\n  code: 'ENOTEMPTY',\n  syscall: 'rmdir',\n  path: 'C:\\\\workspace\\\\node-test-binary-windows-js-suites\\\\node\\\\test\\\\.tmp.692'\n}\n\nNode.js v22.15.2-pre"},"time":1046.996,"fullname":"parallel/test-repl-multiline-navigation","closingTestPoint":false}},{"testName":"parallel/test-fs-cp","timestamp":1747490338570,"status":"FAILED","jobName":"node-test-binary-windows-js-suites","config":"node-test-binary-windows-js-suites » 2,win11-COMPILED_BY-vs2022 #34269","buildUrl":"https://ci.nodejs.org/job/node-test-binary-windows-js-suites/RUN_SUBSET=2,nodes=win11-COMPILED_BY-vs2022/34269/","buildNumber":34269,"builtOn":"test-azure_msft-win11_vs2022-x64-2","nodeVersion":"22.15.2","commitHash":"c8e3383b1ee4a8e7a93d28be5d69eff8fd981315","callStack":[{"upstreamBuild":70454,"upstreamProject":"node-test-commit-windows-fanned","upstreamUrl":"job/node-test-commit-windows-fanned/"},{"upstreamBuild":79931,"upstreamProject":"node-test-commit","upstreamUrl":"job/node-test-commit/"},{"upstreamBuild":66860,"upstreamProject":"node-test-pull-request","upstreamUrl":"job/node-test-pull-request/"},{"prId":"57982"}],"tap":{"ok":false,"name":"parallel/test-fs-cp","id":307,"buffered":false,"tapError":null,"skip":false,"todo":": Fix flaky test","previous":null,"plan":null,"diag":{"severity":"flaky","exitcode":1,"stack":"node:assert:95\n  throw new AssertionError(obj);\n  ^\n\nAssertionError [ERR_ASSERTION]: Expected values to be strictly equal:\n+ actual - expected\n\n+ 'ERR_FS_EISDIR'\n- 'ERR_FS_CP_EINVAL'\n          ^\n\n    at file:///c:/workspace/node-test-binary-windows-js-suites/node/test/parallel/test-fs-cp.mjs:687:12\n    at c:\\workspace\\node-test-binary-windows-js-suites\\node\\test\\common\\index.js:435:15\n    at node:fs:188:23\n    at callbackifyOnRejected (node:util:363:10)\n    at process.processTicksAndRejections (node:internal/process/task_queues:90:21) {\n  generatedMessage: true,\n  code: 'ERR_ASSERTION',\n  actual: 'ERR_FS_EISDIR',\n  expected: 'ERR_FS_CP_EINVAL',\n  operator: 'strictEqual'\n}\n\nNode.js v22.15.2-pre"},"time":562.009,"fullname":"parallel/test-fs-cp","closingTestPoint":false}},{"testName":"parallel/test-buffer-tostring-range","timestamp":1747490338570,"status":"REGRESSION","jobName":"node-test-binary-windows-js-suites","config":"node-test-binary-windows-js-suites » 3,win11-COMPILED_BY-vs2022 #34269","buildUrl":"https://ci.nodejs.org/job/node-test-binary-windows-js-suites/RUN_SUBSET=3,nodes=win11-COMPILED_BY-vs2022/34269/","buildNumber":34269,"builtOn":"test-azure_msft-win11_vs2022-x64-1","nodeVersion":"22.15.2","commitHash":"c8e3383b1ee4a8e7a93d28be5d69eff8fd981315","callStack":[{"upstreamBuild":70454,"upstreamProject":"node-test-commit-windows-fanned","upstreamUrl":"job/node-test-commit-windows-fanned/"},{"upstreamBuild":79931,"upstreamProject":"node-test-commit","upstreamUrl":"job/node-test-commit/"},{"upstreamBuild":66860,"upstreamProject":"node-test-pull-request","upstreamUrl":"job/node-test-pull-request/"},{"prId":"57982"}],"tap":{"ok":false,"name":"parallel/test-buffer-tostring-range","id":118,"buffered":false,"tapError":null,"skip":false,"todo":false,"previous":null,"plan":null,"diag":{"severity":"fail","exitcode":1,"stack":"node:internal/buffer:961\n    super(bufferOrLength, byteOffset, length);\n    ^\n\nRangeError: Array buffer allocation failed\n    at new ArrayBuffer (<anonymous>)\n    at new Uint8Array (<anonymous>)\n    at new FastBuffer (node:internal/buffer:961:5)\n    at Function.alloc (node:buffer:400:10)\n    at Object.<anonymous> (c:\\workspace\\node-test-binary-windows-js-suites\\node\\test\\parallel\\test-buffer-tostring-range.js:107:28)\n    at Module._compile (node:internal/modules/cjs/loader:1730:14)\n    at Object..js (node:internal/modules/cjs/loader:1895:10)\n    at Module.load (node:internal/modules/cjs/loader:1465:32)\n    at Function._load (node:internal/modules/cjs/loader:1282:12)\n    at TracingChannel.traceSync (node:diagnostics_channel:322:14)\n\nNode.js v22.15.2-pre"},"time":188.011,"fullname":"parallel/test-buffer-tostring-range","closingTestPoint":false}}]}