{"failedTests":[{"testName":"parallel/test-runner-run-watch","timestamp":1747804105527,"status":"FAILED","jobName":"node-test-binary-windows-js-suites","config":"node-test-binary-windows-js-suites Â» 0,win2019-COMPILED_BY-vs2022_clang #34373","buildUrl":"https://ci.nodejs.org/job/node-test-binary-windows-js-suites/RUN_SUBSET=0,nodes=win2019-COMPILED_BY-vs2022_clang/34373/","buildNumber":34373,"builtOn":"test-rackspace-win2019_vs2019-x64-3","nodeVersion":"25.0.0","commitHash":"d96fe0dd6af420455ed7b07856fa8891c53211f7","callStack":[{"upstreamBuild":70565,"upstreamProject":"node-test-commit-windows-fanned","upstreamUrl":"job/node-test-commit-windows-fanned/"},{"upstreamBuild":80059,"upstreamProject":"node-test-commit","upstreamUrl":"job/node-test-commit/"},{"upstreamBuild":66974,"upstreamProject":"node-test-pull-request","upstreamUrl":"job/node-test-pull-request/"},{"prId":"58375"}],"tap":{"ok":false,"name":"parallel/test-runner-run-watch","id":1015,"buffered":false,"tapError":null,"skip":false,"todo":": Fix flaky test","previous":null,"plan":null,"diag":{"severity":"flaky","exitcode":1,"stack":"Test failure: 'should run tests repeatedly'\nLocation: test\\parallel\\test-runner-run-watch.mjs:198:3\nAssertionError [ERR_ASSERTION]: The input did not match the regular expression /tests 1/. Input:\n\n'# Subtest: test has ran\\n' +\n  'ok 1 - test has ran\\n' +\n  '  ---\\n' +\n  '  duration_ms: 1.7801\\n' +\n  \"  type: 'test'\\n\" +\n  '  ...\\n' +\n  '# Subtest: test has ran\\n' +\n  'ok 2 - test has ran\\n' +\n  '  ---\\n' +\n  '  duration_ms: 2.018\\n' +\n  \"  type: 'test'\\n\" +\n  '  ...\\n' +\n  '1..2\\n' +\n  '# tests 2\\n' +\n  '# suites 0\\n' +\n  '# pass 2\\n' +\n  '# fail 0\\n' +\n  '# cancelled 0\\n' +\n  '# skipped 0\\n' +\n  '# todo 0\\n' +\n  '# duration_ms 260.3001\\n'\n\n    at testUpdate (file:///C:/workspace/node-test-binary-windows-js-suites/node/test/parallel/test-runner-run-watch.mjs:91:14)\n    at process.processTicksAndRejections (node:internal/process/task_queues:105:5)\n    at async testWatch (file:///C:/workspace/node-test-binary-windows-js-suites/node/test/parallel/test-runner-run-watch.mjs:187:26)\n    at async TestContext.<anonymous> (file:///C:/workspace/node-test-binary-windows-js-suites/node/test/parallel/test-runner-run-watch.mjs:199:5)\n    at async Test.run (node:internal/test_runner/test:1069:7)\n    at async Promise.all (index 0)\n    at async Suite.run (node:internal/test_runner/test:1466:7)\n    at async startSubtestAfterBootstrap (node:internal/test_runner/harness:332:3) {\n  generatedMessage: true,\n  code: 'ERR_ASSERTION',\n  actual: '# Subtest: test has ran\\n' +\n    'ok 1 - test has ran\\n' +\n    '  ---\\n' +\n    '  duration_ms: 1.7801\\n' +\n    \"  type: 'test'\\n\" +\n    '  ...\\n' +\n    '# Subtest: test has ran\\n' +\n    'ok 2 - test has ran\\n' +\n    '  ---\\n' +\n    '  duration_ms: 2.018\\n' +\n    '...',\n  expected: /tests 1/,\n  operator: 'match'\n}"},"time":24708.231,"fullname":"parallel/test-runner-run-watch","closingTestPoint":false}}]}