{"failedTests":[{"testName":"parallel/test-buffer-tostring-range","timestamp":1747827050076,"status":"REGRESSION","jobName":"node-test-binary-windows-js-suites","config":"node-test-binary-windows-js-suites » 1,win11-COMPILED_BY-vs2019 #34380","buildUrl":"https://ci.nodejs.org/job/node-test-binary-windows-js-suites/RUN_SUBSET=1,nodes=win11-COMPILED_BY-vs2019/34380/","buildNumber":34380,"builtOn":"test-azure_msft-win11_vs2022-x64-1","nodeVersion":"20.19.3","commitHash":"14d228a5fff4621c472f654d00c1ae6c1ce751bc","callStack":[{"upstreamBuild":70572,"upstreamProject":"node-test-commit-windows-fanned","upstreamUrl":"job/node-test-commit-windows-fanned/"},{"upstreamBuild":80066,"upstreamProject":"node-test-commit","upstreamUrl":"job/node-test-commit/"},{"upstreamBuild":565,"upstreamProject":"node-daily-v20.x-staging","upstreamUrl":"job/node-daily-v20.x-staging/"}],"tap":{"ok":false,"name":"parallel/test-buffer-tostring-range","id":103,"buffered":false,"tapError":null,"skip":false,"todo":false,"previous":null,"plan":null,"diag":{"severity":"fail","exitcode":1,"stack":"node:internal/buffer:961\n    super(bufferOrLength, byteOffset, length);\n    ^\n\nRangeError: Array buffer allocation failed\n    at new ArrayBuffer (<anonymous>)\n    at new Uint8Array (<anonymous>)\n    at new FastBuffer (node:internal/buffer:961:5)\n    at Function.alloc (node:buffer:397:10)\n    at Object.<anonymous> (c:\\workspace\\node-test-binary-windows-js-suites\\node\\test\\parallel\\test-buffer-tostring-range.js:107:28)\n    at Module._compile (node:internal/modules/cjs/loader:1529:14)\n    at Module._extensions..js (node:internal/modules/cjs/loader:1613:10)\n    at Module.load (node:internal/modules/cjs/loader:1275:32)\n    at Module._load (node:internal/modules/cjs/loader:1096:12)\n    at Function.executeUserEntryPoint [as runMain] (node:internal/modules/run_main:164:12)\n\nNode.js v20.19.3-pre"},"time":174.011,"fullname":"parallel/test-buffer-tostring-range","closingTestPoint":false}},{"testName":"pummel/test-blob-slice-with-large-size","timestamp":1747827050076,"status":"REGRESSION","jobName":"node-test-binary-windows-js-suites","config":"node-test-binary-windows-js-suites » 1,win11-COMPILED_BY-vs2019 #34380","buildUrl":"https://ci.nodejs.org/job/node-test-binary-windows-js-suites/RUN_SUBSET=1,nodes=win11-COMPILED_BY-vs2019/34380/","buildNumber":34380,"builtOn":"test-azure_msft-win11_vs2022-x64-1","nodeVersion":"20.19.3","commitHash":"14d228a5fff4621c472f654d00c1ae6c1ce751bc","callStack":[{"upstreamBuild":70572,"upstreamProject":"node-test-commit-windows-fanned","upstreamUrl":"job/node-test-commit-windows-fanned/"},{"upstreamBuild":80066,"upstreamProject":"node-test-commit","upstreamUrl":"job/node-test-commit/"},{"upstreamBuild":565,"upstreamProject":"node-daily-v20.x-staging","upstreamUrl":"job/node-daily-v20.x-staging/"}],"tap":{"ok":false,"name":"pummel/test-blob-slice-with-large-size","id":962,"buffered":false,"tapError":null,"skip":false,"todo":false,"previous":null,"plan":null,"diag":{"severity":"fail","exitcode":1,"stack":"c:\\workspace\\node-test-binary-windows-js-suites\\node\\test\\pummel\\test-blob-slice-with-large-size.js:18\n    throw e;\n    ^\n\nRangeError: Array buffer allocation failed\n    at new ArrayBuffer (<anonymous>)\n    at ArrayBuffer.slice (<anonymous>)\n    at getSource (node:internal/blob:124:24)\n    at node:internal/blob:159:34\n    at from (<anonymous>)\n    at new Blob (node:internal/blob:158:22)\n    at Object.<anonymous> (c:\\workspace\\node-test-binary-windows-js-suites\\node\\test\\pummel\\test-blob-slice-with-large-size.js:13:16)\n    at Module._compile (node:internal/modules/cjs/loader:1529:14)\n    at Module._extensions..js (node:internal/modules/cjs/loader:1613:10)\n    at Module.load (node:internal/modules/cjs/loader:1275:32)\n\nNode.js v20.19.3-pre"},"time":172.318,"fullname":"pummel/test-blob-slice-with-large-size","closingTestPoint":false}},{"testName":"parallel/test-buffer-tostring-rangeerror","timestamp":1747827050076,"status":"FAILED","jobName":"node-test-binary-windows-js-suites","config":"node-test-binary-windows-js-suites » 2,win2019-COMPILED_BY-vs2019 #34380","buildUrl":"https://ci.nodejs.org/job/node-test-binary-windows-js-suites/RUN_SUBSET=2,nodes=win2019-COMPILED_BY-vs2019/34380/","buildNumber":34380,"builtOn":"test-rackspace-win2019_vs2019-x64-1","nodeVersion":"20.19.3","commitHash":"14d228a5fff4621c472f654d00c1ae6c1ce751bc","callStack":[{"upstreamBuild":70572,"upstreamProject":"node-test-commit-windows-fanned","upstreamUrl":"job/node-test-commit-windows-fanned/"},{"upstreamBuild":80066,"upstreamProject":"node-test-commit","upstreamUrl":"job/node-test-commit/"},{"upstreamBuild":565,"upstreamProject":"node-daily-v20.x-staging","upstreamUrl":"job/node-daily-v20.x-staging/"}],"tap":{"ok":false,"name":"parallel/test-buffer-tostring-rangeerror","id":103,"buffered":false,"tapError":null,"skip":false,"todo":false,"previous":null,"plan":null,"diag":{"severity":"fail","exitcode":1,"stack":"node:assert:377\n      throw err;\n      ^\n\nAssertionError [ERR_ASSERTION]: Expected values to be strictly deep-equal:\n+ actual - expected\n\n  Comparison {\n+   name: 'RangeError'\n-   code: 'ERR_STRING_TOO_LONG',\n-   name: 'Error'\n  }\n    at Object.<anonymous> (C:\\workspace\\node-test-binary-windows-js-suites\\node\\test\\parallel\\test-buffer-tostring-rangeerror.js:21:8)\n    at Module._compile (node:internal/modules/cjs/loader:1529:14)\n    at Module._extensions..js (node:internal/modules/cjs/loader:1613:10)\n    at Module.load (node:internal/modules/cjs/loader:1275:32)\n    at Module._load (node:internal/modules/cjs/loader:1096:12)\n    at Function.executeUserEntryPoint [as runMain] (node:internal/modules/run_main:164:12)\n    at node:internal/main/run_main_module:28:49 {\n  generatedMessage: true,\n  code: 'ERR_ASSERTION',\n  actual: RangeError: Array buffer allocation failed\n      at new ArrayBuffer (<anonymous>)\n      at new Uint8Array (<anonymous>)\n      at new FastBuffer (node:internal/buffer:961:5)\n      at Function.alloc (node:buffer:397:10)\n      at Buffer (node:buffer:275:19)\n      at C:\\workspace\\node-test-binary-windows-js-suites\\node\\test\\parallel\\test-buffer-tostring-rangeerror.js:21:21\n      at getActual (node:assert:498:5)\n      at Function.throws (node:assert:644:24)\n      at Object.<anonymous> (C:\\workspace\\node-test-binary-windows-js-suites\\node\\test\\parallel\\test-buffer-tostring-rangeerror.js:21:8)\n      at Module._compile (node:internal/modules/cjs/loader:1529:14),\n  expected: { code: 'ERR_STRING_TOO_LONG', name: 'Error' },\n  operator: 'throws'\n}\n\nNode.js v20.19.3-pre"},"time":274.007,"fullname":"parallel/test-buffer-tostring-rangeerror","closingTestPoint":false}}]}