{"failedTests":[{"testName":"parallel/test-runner-watch-mode","timestamp":1748032596845,"status":"FAILED","jobName":"node-test-binary-windows-js-suites","config":"node-test-binary-windows-js-suites » 3,win2019-COMPILED_BY-vs2022 #34424","buildUrl":"https://ci.nodejs.org/job/node-test-binary-windows-js-suites/RUN_SUBSET=3,nodes=win2019-COMPILED_BY-vs2022/34424/","buildNumber":34424,"builtOn":"test-rackspace-win2019_vs2019-x64-4","nodeVersion":"22.16.1","commitHash":"f1523a9e33c4b269feea2f007b3978a4b4ec5def","callStack":[{"upstreamBuild":70618,"upstreamProject":"node-test-commit-windows-fanned","upstreamUrl":"job/node-test-commit-windows-fanned/"},{"upstreamBuild":80127,"upstreamProject":"node-test-commit","upstreamUrl":"job/node-test-commit/"},{"upstreamBuild":67032,"upstreamProject":"node-test-pull-request","upstreamUrl":"job/node-test-pull-request/"},{"prId":"57316"}],"tap":{"ok":false,"name":"parallel/test-runner-watch-mode","id":961,"buffered":false,"tapError":null,"skip":false,"todo":": Fix flaky test","previous":null,"plan":null,"diag":{"severity":"flaky","exitcode":1,"stack":"Test failure: 'should run new tests when a new file is created in the watched directory'\nLocation: test\\parallel\\test-runner-watch-mode.mjs:195:7\nAssertionError [ERR_ASSERTION]: The input did not match the regular expression /tests 1/. Input:\n\n'✔ new-test-file.test.js (3.4118ms)\\n' +\n  '✔ test has ran (0.5617ms)\\n' +\n  'ℹ tests 2\\n' +\n  'ℹ suites 0\\n' +\n  'ℹ pass 2\\n' +\n  'ℹ fail 0\\n' +\n  'ℹ cancelled 0\\n' +\n  'ℹ skipped 0\\n' +\n  'ℹ todo 0\\n' +\n  'ℹ duration_ms 324.8526\\n'\n\n    at testCreate (file:///C:/workspace/node-test-binary-windows-js-suites/node/test/parallel/test-runner-watch-mode.mjs:154:14)\n    at process.processTicksAndRejections (node:internal/process/task_queues:105:5)\n    at async testWatch (file:///C:/workspace/node-test-binary-windows-js-suites/node/test/parallel/test-runner-watch-mode.mjs:164:26)\n    at async TestContext.<anonymous> (file:///C:/workspace/node-test-binary-windows-js-suites/node/test/parallel/test-runner-watch-mode.mjs:200:9)\n    at async Test.run (node:internal/test_runner/test:1054:7)\n    at async Suite.processPendingSubtests (node:internal/test_runner/test:744:7) {\n  generatedMessage: true,\n  code: 'ERR_ASSERTION',\n  actual: '✔ new-test-file.test.js (3.4118ms)\\n' +\n    '✔ test has ran (0.5617ms)\\n' +\n    'ℹ tests 2\\n' +\n    'ℹ suites 0\\n' +\n    'ℹ pass 2\\n' +\n    'ℹ fail 0\\n' +\n    'ℹ cancelled 0\\n' +\n    'ℹ skipped 0\\n' +\n    'ℹ todo 0\\n' +\n    'ℹ duration_ms 324.8526\\n' +\n    '...',\n  expected: /tests 1/,\n  operator: 'match'\n}\n\nTest failure: 'should support a watched test file rename'\nLocation: test\\parallel\\test-runner-watch-mode.mjs:187:7\nError: ENOENT: no such file or directory, rename 'C:\\workspace\\node-test-binary-windows-js-suites\\node\\test\\.tmp.724\\test.js' -> 'C:\\workspace\\node-test-binary-windows-js-suites\\node\\test\\.tmp.724\\test-renamed-test.js'\n    at renameSync (node:fs:1020:11)\n    at Timeout._onTimeout (file:///C:/workspace/node-test-binary-windows-js-suites/node/test/parallel/test-runner-watch-mode.mjs:93:40)\n    at listOnTimeout (node:internal/timers:588:17)\n    at process.processTimers (node:internal/timers:523:7) {\n  errno: -4058,\n  code: 'ENOENT',\n  syscall: 'rename',\n  path: 'C:\\\\workspace\\\\node-test-binary-windows-js-suites\\\\node\\\\test\\\\.tmp.724\\\\test.js',\n  dest: 'C:\\\\workspace\\\\node-test-binary-windows-js-suites\\\\node\\\\test\\\\.tmp.724\\\\test-renamed-test.js'\n}\n\nTest failure: 'should not throw when delete a watched test file'\nLocation: test\\parallel\\test-runner-watch-mode.mjs:191:7\nError: EBUSY: resource busy or locked, rmdir 'C:\\workspace\\node-test-binary-windows-js-suites\\node\\test\\.tmp.724'\n    at rmdirSync (node:fs:1201:11)\n    at _rmdirSync (node:internal/fs/rimraf:236:5)\n    at rimrafSync (node:internal/fs/rimraf:194:7)\n    at Object.rmSync (node:fs:1247:10)\n    at rmSync (C:\\workspace\\node-test-binary-windows-js-suites\\node\\test\\common\\tmpdir.js:31:8)\n    at Object.refresh (C:\\workspace\\node-test-binary-windows-js-suites\\node\\test\\common\\tmpdir.js:46:3)\n    at TestContext.refresh (file:///C:/workspace/node-test-binary-windows-js-suites/node/test/parallel/test-runner-watch-mode.mjs:31:10)\n    at TestHook.runInAsyncScope (node:async_hooks:214:14)\n    at TestHook.run (node:internal/test_runner/test:1047:25)\n    at TestHook.run (node:internal/test_runner/test:1354:18) {\n  errno: -4082,\n  code: 'EBUSY',\n  syscall: 'rmdir',\n  path: 'C:\\\\workspace\\\\node-test-binary-windows-js-suites\\\\node\\\\test\\\\.tmp.724'\n}\n\nTest failure: 'should run new tests when a new file is created in the watched directory'\nLocation: test\\parallel\\test-runner-watch-mode.mjs:195:7\nError: EBUSY: resource busy or locked, rmdir 'C:\\workspace\\node-test-binary-windows-js-suites\\node\\test\\.tmp.724'\n    at rmdirSync (node:fs:1201:11)\n    at _rmdirSync (node:internal/fs/rimraf:236:5)\n    at rimrafSync (node:internal/fs/rimraf:194:7)\n    at Object.rmSync (node:fs:1247:10)\n    at rmSync (C:\\workspace\\node-test-binary-windows-js-suites\\node\\test\\common\\tmpdir.js:31:8)\n    at Object.refresh (C:\\workspace\\node-test-binary-windows-js-suites\\node\\test\\common\\tmpdir.js:46:3)\n    at TestContext.refresh (file:///C:/workspace/node-test-binary-windows-js-suites/node/test/parallel/test-runner-watch-mode.mjs:31:10)\n    at TestHook.runInAsyncScope (node:async_hooks:214:14)\n    at TestHook.run (node:internal/test_runner/test:1047:25)\n    at TestHook.run (node:internal/test_runner/test:1354:18) {\n  errno: -4082,\n  code: 'EBUSY',\n  syscall: 'rmdir',\n  path: 'C:\\\\workspace\\\\node-test-binary-windows-js-suites\\\\node\\\\test\\\\.tmp.724'\n}"},"time":25616.451,"fullname":"parallel/test-runner-watch-mode","closingTestPoint":false}}]}