{"failedTests":[{"testName":"parallel/test-runner-run-watch","timestamp":1750497009405,"status":"FAILED","jobName":"node-test-binary-windows-js-suites","config":"node-test-binary-windows-js-suites » 0,win2022-COMPILED_BY-vs2022_clang #34945","buildUrl":"https://ci.nodejs.org/job/node-test-binary-windows-js-suites/RUN_SUBSET=0,nodes=win2022-COMPILED_BY-vs2022_clang/34945/","buildNumber":34945,"builtOn":"test-rackspace-win2022_vs2022-x64-1","nodeVersion":"25.0.0","commitHash":"bb92d414663c95a39effdc44ca1c779a90d39fb6","callStack":[{"upstreamBuild":71177,"upstreamProject":"node-test-commit-windows-fanned","upstreamUrl":"job/node-test-commit-windows-fanned/"},{"upstreamBuild":80772,"upstreamProject":"node-test-commit","upstreamUrl":"job/node-test-commit/"},{"upstreamBuild":67584,"upstreamProject":"node-test-pull-request","upstreamUrl":"job/node-test-pull-request/"},{"prId":"58711"}],"tap":{"ok":false,"name":"parallel/test-runner-run-watch","id":1011,"buffered":false,"tapError":null,"skip":false,"todo":": Fix flaky test","previous":null,"plan":null,"diag":{"severity":"flaky","exitcode":1,"stack":"Test failure: 'should run tests repeatedly'\nLocation: test\\parallel\\test-runner-run-watch.mjs:198:3\nAssertionError [ERR_ASSERTION]: The input did not match the regular expression /tests 1/. Input:\n\n'# Subtest: test.js\\n' +\n  'not ok 2 - test.js\\n' +\n  '  ---\\n' +\n  '  duration_ms: 1063.3303\\n' +\n  \"  type: 'test'\\n\" +\n  \"  location: 'C:\\\\\\\\workspace\\\\\\\\node-test-binary-windows-js-suites\\\\\\\\node\\\\\\\\test\\\\\\\\.tmp.732\\\\\\\\test.js:1:1'\\n\" +\n  \"  failureType: 'testCodeFailure'\\n\" +\n  '  exitCode: ~\\n' +\n  \"  signal: 'SIGTERM'\\n\" +\n  \"  error: 'test failed'\\n\" +\n  \"  code: 'ERR_TEST_FAILURE'\\n\" +\n  '  ...\\n' +\n  '# Subtest: test has ran\\n' +\n  'ok 2 - test has ran\\n' +\n  '  ---\\n' +\n  '  duration_ms: 2.7906\\n' +\n  \"  type: 'test'\\n\" +\n  '  ...\\n' +\n  '1..2\\n' +\n  '# tests 2\\n' +\n  '# suites 0\\n' +\n  '# pass 1\\n' +\n  '# fail 1\\n' +\n  '# cancelled 0\\n' +\n  '# skipped 0\\n' +\n  '# todo 0\\n' +\n  '# duration_ms 318.4485\\n'\n\n    at testUpdate (file:///C:/workspace/node-test-binary-windows-js-suites/node/test/parallel/test-runner-run-watch.mjs:91:14)\n    at process.processTicksAndRejections (node:internal/process/task_queues:105:5)\n    at async testWatch (file:///C:/workspace/node-test-binary-windows-js-suites/node/test/parallel/test-runner-run-watch.mjs:187:26)\n    at async TestContext.<anonymous> (file:///C:/workspace/node-test-binary-windows-js-suites/node/test/parallel/test-runner-run-watch.mjs:199:5)\n    at async Test.run (node:internal/test_runner/test:1069:7)\n    at async Promise.all (index 0)\n    at async Suite.run (node:internal/test_runner/test:1466:7)\n    at async startSubtestAfterBootstrap (node:internal/test_runner/harness:332:3) {\n  generatedMessage: true,\n  code: 'ERR_ASSERTION',\n  actual: '# Subtest: test.js\\n' +\n    'not ok 2 - test.js\\n' +\n    '  ---\\n' +\n    '  duration_ms: 1063.3303\\n' +\n    \"  type: 'test'\\n\" +\n    \"  location: 'C:\\\\\\\\workspace\\\\\\\\node-test-binary-windows-js-suites\\\\\\\\node\\\\\\\\test\\\\\\\\.tmp.732\\\\\\\\test.js:1:1'\\n\" +\n    \"  failureType: 'testCodeFailure'\\n\" +\n    '  exitCode: ~\\n' +\n    \"  signal: 'SIGTERM'\\n\" +\n    \"  error: 'test failed'\\n\" +\n    '...',\n  expected: /tests 1/,\n  operator: 'match'\n}"},"time":25279.205,"fullname":"parallel/test-runner-run-watch","closingTestPoint":false}},{"testName":"parallel/test-fs-cp","timestamp":1750497009405,"status":"FAILED","jobName":"node-test-binary-windows-js-suites","config":"node-test-binary-windows-js-suites » 1,win11-COMPILED_BY-vs2022_clang #34945","buildUrl":"https://ci.nodejs.org/job/node-test-binary-windows-js-suites/RUN_SUBSET=1,nodes=win11-COMPILED_BY-vs2022_clang/34945/","buildNumber":34945,"builtOn":"test-azure_msft-win11_vs2022-x64-4","nodeVersion":"25.0.0","commitHash":"bb92d414663c95a39effdc44ca1c779a90d39fb6","callStack":[{"upstreamBuild":71177,"upstreamProject":"node-test-commit-windows-fanned","upstreamUrl":"job/node-test-commit-windows-fanned/"},{"upstreamBuild":80772,"upstreamProject":"node-test-commit","upstreamUrl":"job/node-test-commit/"},{"upstreamBuild":67584,"upstreamProject":"node-test-pull-request","upstreamUrl":"job/node-test-pull-request/"},{"prId":"58711"}],"tap":{"ok":false,"name":"parallel/test-fs-cp","id":311,"buffered":false,"tapError":null,"skip":false,"todo":": Fix flaky test","previous":null,"plan":null,"diag":{"severity":"flaky","exitcode":3221226505,"stack":""},"time":265.008,"fullname":"parallel/test-fs-cp","closingTestPoint":false}},{"testName":"parallel/test-fs-cp","timestamp":1750497009405,"status":"FAILED","jobName":"node-test-binary-windows-js-suites","config":"node-test-binary-windows-js-suites » 1,win10-COMPILED_BY-vs2022_clang #34945","buildUrl":"https://ci.nodejs.org/job/node-test-binary-windows-js-suites/RUN_SUBSET=1,nodes=win10-COMPILED_BY-vs2022_clang/34945/","buildNumber":34945,"builtOn":"test-azure_msft-win10_vs2019-x64-1","nodeVersion":"25.0.0","commitHash":"bb92d414663c95a39effdc44ca1c779a90d39fb6","callStack":[{"upstreamBuild":71177,"upstreamProject":"node-test-commit-windows-fanned","upstreamUrl":"job/node-test-commit-windows-fanned/"},{"upstreamBuild":80772,"upstreamProject":"node-test-commit","upstreamUrl":"job/node-test-commit/"},{"upstreamBuild":67584,"upstreamProject":"node-test-pull-request","upstreamUrl":"job/node-test-pull-request/"},{"prId":"58711"}],"tap":{"ok":false,"name":"parallel/test-fs-cp","id":311,"buffered":false,"tapError":null,"skip":false,"todo":": Fix flaky test","previous":null,"plan":null,"diag":{"severity":"flaky","exitcode":3221226505,"stack":""},"time":396.004,"fullname":"parallel/test-fs-cp","closingTestPoint":false}},{"testName":"pummel/test-buffer-large-size-buffer-alloc","timestamp":1750497009405,"status":"FAILED","jobName":"node-test-binary-windows-js-suites","config":"node-test-binary-windows-js-suites » 2,win11-COMPILED_BY-vs2022_clang #34945","buildUrl":"https://ci.nodejs.org/job/node-test-binary-windows-js-suites/RUN_SUBSET=2,nodes=win11-COMPILED_BY-vs2022_clang/34945/","buildNumber":34945,"builtOn":"test-azure_msft-win11_vs2022-x64-1","nodeVersion":"25.0.0","commitHash":"bb92d414663c95a39effdc44ca1c779a90d39fb6","callStack":[{"upstreamBuild":71177,"upstreamProject":"node-test-commit-windows-fanned","upstreamUrl":"job/node-test-commit-windows-fanned/"},{"upstreamBuild":80772,"upstreamProject":"node-test-commit","upstreamUrl":"job/node-test-commit/"},{"upstreamBuild":67584,"upstreamProject":"node-test-pull-request","upstreamUrl":"job/node-test-pull-request/"},{"prId":"58711"}],"tap":{"ok":false,"name":"pummel/test-buffer-large-size-buffer-alloc","id":1024,"buffered":false,"tapError":null,"skip":false,"todo":false,"previous":null,"plan":null,"diag":{"severity":"fail","exitcode":1,"stack":"c:\\workspace\\node-test-binary-windows-js-suites\\node\\test\\pummel\\test-buffer-large-size-buffer-alloc.js:15\n    throw e;\n    ^\n\nAssertionError [ERR_ASSERTION]: Expected values to be strictly deep-equal:\n+ actual - expected\n\n+ Comparison {}\n- Comparison {\n-   code: 'ERR_STRING_TOO_LONG'\n- }\n\n    at Object.<anonymous> (c:\\workspace\\node-test-binary-windows-js-suites\\node\\test\\pummel\\test-buffer-large-size-buffer-alloc.js:12:10)\n    at Module._compile (node:internal/modules/cjs/loader:1691:14)\n    at Object..js (node:internal/modules/cjs/loader:1823:10)\n    at Module.load (node:internal/modules/cjs/loader:1426:32)\n    at Module._load (node:internal/modules/cjs/loader:1249:12)\n    at TracingChannel.traceSync (node:diagnostics_channel:322:14)\n    at wrapModuleLoad (node:internal/modules/cjs/loader:235:24)\n    at Module.executeUserEntryPoint [as runMain] (node:internal/modules/run_main:152:5)\n    at node:internal/main/run_main_module:33:47 {\n  generatedMessage: true,\n  code: 'ERR_ASSERTION',\n  actual: RangeError: Array buffer allocation failed\n      at new ArrayBuffer (<anonymous>)\n      at new Uint8Array (<anonymous>)\n      at new FastBuffer (node:internal/buffer:968:5)\n      at Buffer.alloc (node:buffer:399:10)\n      at assert.throws.code (c:\\workspace\\node-test-binary-windows-js-suites\\node\\test\\pummel\\test-buffer-large-size-buffer-alloc.js:12:30)\n      at getActual (node:assert:505:5)\n      at ok.throws (node:assert:651:24)\n      at Object.<anonymous> (c:\\workspace\\node-test-binary-windows-js-suites\\node\\test\\pummel\\test-buffer-large-size-buffer-alloc.js:12:10)\n      at Module._compile (node:internal/modules/cjs/loader:1691:14)\n      at Object..js (node:internal/modules/cjs/loader:1823:10),\n  expected: { code: 'ERR_STRING_TOO_LONG' },\n  operator: 'throws'\n}\n\nNode.js v25.0.0-pre"},"time":127.008,"fullname":"pummel/test-buffer-large-size-buffer-alloc","closingTestPoint":false}},{"testName":"parallel/test-fs-cp","timestamp":1750497009405,"status":"FAILED","jobName":"node-test-binary-windows-js-suites","config":"node-test-binary-windows-js-suites » 1,win2019-COMPILED_BY-vs2022_clang #34945","buildUrl":"https://ci.nodejs.org/job/node-test-binary-windows-js-suites/RUN_SUBSET=1,nodes=win2019-COMPILED_BY-vs2022_clang/34945/","buildNumber":34945,"builtOn":"test-rackspace-win2019_vs2019-x64-4","nodeVersion":"25.0.0","commitHash":"bb92d414663c95a39effdc44ca1c779a90d39fb6","callStack":[{"upstreamBuild":71177,"upstreamProject":"node-test-commit-windows-fanned","upstreamUrl":"job/node-test-commit-windows-fanned/"},{"upstreamBuild":80772,"upstreamProject":"node-test-commit","upstreamUrl":"job/node-test-commit/"},{"upstreamBuild":67584,"upstreamProject":"node-test-pull-request","upstreamUrl":"job/node-test-pull-request/"},{"prId":"58711"}],"tap":{"ok":false,"name":"parallel/test-fs-cp","id":311,"buffered":false,"tapError":null,"skip":false,"todo":": Fix flaky test","previous":null,"plan":null,"diag":{"severity":"flaky","exitcode":3221226505,"stack":""},"time":439.01,"fullname":"parallel/test-fs-cp","closingTestPoint":false}},{"testName":"parallel/test-fs-cp","timestamp":1750497009405,"status":"FAILED","jobName":"node-test-binary-windows-js-suites","config":"node-test-binary-windows-js-suites » 1,win2022-COMPILED_BY-vs2022_clang #34945","buildUrl":"https://ci.nodejs.org/job/node-test-binary-windows-js-suites/RUN_SUBSET=1,nodes=win2022-COMPILED_BY-vs2022_clang/34945/","buildNumber":34945,"builtOn":"test-rackspace-win2022_vs2022-x64-5","nodeVersion":"25.0.0","commitHash":"bb92d414663c95a39effdc44ca1c779a90d39fb6","callStack":[{"upstreamBuild":71177,"upstreamProject":"node-test-commit-windows-fanned","upstreamUrl":"job/node-test-commit-windows-fanned/"},{"upstreamBuild":80772,"upstreamProject":"node-test-commit","upstreamUrl":"job/node-test-commit/"},{"upstreamBuild":67584,"upstreamProject":"node-test-pull-request","upstreamUrl":"job/node-test-pull-request/"},{"prId":"58711"}],"tap":{"ok":false,"name":"parallel/test-fs-cp","id":312,"buffered":false,"tapError":null,"skip":false,"todo":": Fix flaky test","previous":null,"plan":null,"diag":{"severity":"flaky","exitcode":3221226505,"stack":""},"time":401.025,"fullname":"parallel/test-fs-cp","closingTestPoint":false}}]}