{"failedTests":[{"testName":"parallel/test-fs-cp","timestamp":1750577483503,"status":"FAILED","jobName":"node-test-binary-windows-js-suites","config":"node-test-binary-windows-js-suites » 3,win10-COMPILED_BY-vs2022_clang #34967","buildUrl":"https://ci.nodejs.org/job/node-test-binary-windows-js-suites/RUN_SUBSET=3,nodes=win10-COMPILED_BY-vs2022_clang/34967/","buildNumber":34967,"builtOn":"test-azure_msft-win10_vs2019-x64-1","nodeVersion":"25.0.0","commitHash":"d4aec6cef735dde7344b40213bd50ab2a330e9ca","callStack":[{"upstreamBuild":71196,"upstreamProject":"node-test-commit-windows-fanned","upstreamUrl":"job/node-test-commit-windows-fanned/"},{"upstreamBuild":80791,"upstreamProject":"node-test-commit","upstreamUrl":"job/node-test-commit/"},{"upstreamBuild":67602,"upstreamProject":"node-test-pull-request","upstreamUrl":"job/node-test-pull-request/"},{"prId":"58788"}],"tap":{"ok":false,"name":"parallel/test-fs-cp","id":310,"buffered":false,"tapError":null,"skip":false,"todo":": Fix flaky test","previous":null,"plan":null,"diag":{"severity":"flaky","exitcode":3221226505,"stack":""},"time":2125.732,"fullname":"parallel/test-fs-cp","closingTestPoint":false}},{"testName":"parallel/test-runner-run-watch","timestamp":1750577483503,"status":"FAILED","jobName":"node-test-binary-windows-js-suites","config":"node-test-binary-windows-js-suites » 3,win10-COMPILED_BY-vs2022_clang #34967","buildUrl":"https://ci.nodejs.org/job/node-test-binary-windows-js-suites/RUN_SUBSET=3,nodes=win10-COMPILED_BY-vs2022_clang/34967/","buildNumber":34967,"builtOn":"test-azure_msft-win10_vs2019-x64-1","nodeVersion":"25.0.0","commitHash":"d4aec6cef735dde7344b40213bd50ab2a330e9ca","callStack":[{"upstreamBuild":71196,"upstreamProject":"node-test-commit-windows-fanned","upstreamUrl":"job/node-test-commit-windows-fanned/"},{"upstreamBuild":80791,"upstreamProject":"node-test-commit","upstreamUrl":"job/node-test-commit/"},{"upstreamBuild":67602,"upstreamProject":"node-test-pull-request","upstreamUrl":"job/node-test-pull-request/"},{"prId":"58788"}],"tap":{"ok":false,"name":"parallel/test-runner-run-watch","id":817,"buffered":false,"tapError":null,"skip":false,"todo":": Fix flaky test","previous":null,"plan":null,"diag":{"severity":"flaky","exitcode":1,"stack":"Test failure: 'should run tests repeatedly'\nLocation: test\\parallel\\test-runner-run-watch.mjs:198:3\nAssertionError [ERR_ASSERTION]: The input did not match the regular expression /tests 1/. Input:\n\n'# Subtest: test.js\\n' +\n  'not ok 2 - test.js\\n' +\n  '  ---\\n' +\n  '  duration_ms: 1430.3993\\n' +\n  \"  type: 'test'\\n\" +\n  \"  location: 'c:\\\\\\\\workspace\\\\\\\\node-test-binary-windows-js-suites\\\\\\\\node\\\\\\\\test\\\\\\\\.tmp.735\\\\\\\\test.js:1:1'\\n\" +\n  \"  failureType: 'testCodeFailure'\\n\" +\n  '  exitCode: ~\\n' +\n  \"  signal: 'SIGTERM'\\n\" +\n  \"  error: 'test failed'\\n\" +\n  \"  code: 'ERR_TEST_FAILURE'\\n\" +\n  '  ...\\n' +\n  '# Subtest: test.js\\n' +\n  'not ok 3 - test.js\\n' +\n  '  ---\\n' +\n  '  duration_ms: 995.285\\n' +\n  \"  type: 'test'\\n\" +\n  \"  location: 'c:\\\\\\\\workspace\\\\\\\\node-test-binary-windows-js-suites\\\\\\\\node\\\\\\\\test\\\\\\\\.tmp.735\\\\\\\\test.js:1:1'\\n\" +\n  \"  failureType: 'testCodeFailure'\\n\" +\n  '  exitCode: ~\\n' +\n  \"  signal: 'SIGTERM'\\n\" +\n  \"  error: 'test failed'\\n\" +\n  \"  code: 'ERR_TEST_FAILURE'\\n\" +\n  '  ...\\n' +\n  '# Subtest: test.js\\n' +\n  'not ok 4 - test.js\\n' +\n  '  ---\\n' +\n  '  duration_ms: 991.2778\\n' +\n  \"  type: 'test'\\n\" +\n  \"  location: 'c:\\\\\\\\workspace\\\\\\\\node-test-binary-windows-js-suites\\\\\\\\node\\\\\\\\test\\\\\\\\.tmp.735\\\\\\\\test.js:1:1'\\n\" +\n  \"  failureType: 'testCodeFailure'\\n\" +\n  '  exitCode: ~\\n' +\n  \"  signal: 'SIGTERM'\\n\" +\n  \"  error: 'test failed'\\n\" +\n  \"  code: 'ERR_TEST_FAILURE'\\n\" +\n  '  ...\\n' +\n  '# Subtest: test.js\\n' +\n  'not ok 5 - test.js\\n' +\n  '  ---\\n' +\n  '  duration_ms: 734.4728\\n' +\n  \"  type: 'test'\\n\" +\n  \"  location: 'c:\\\\\\\\workspace\\\\\\\\node-test-binary-windows-js-suites\\\\\\\\node\\\\\\\\test\\\\\\\\.tmp.735\\\\\\\\test.js:1:1'\\n\" +\n  \"  failureType: 'testCodeFailure'\\n\" +\n  '  exitCode: ~\\n' +\n  \"  signal: 'SIGTERM'\\n\" +\n  \"  error: 'test failed'\\n\" +\n  \"  code: 'ERR_TEST_FAILURE'\\n\" +\n  '  ...\\n' +\n  '# Subtest: test has ran\\n' +\n  'ok 5 - test has ran\\n' +\n  '  ---\\n' +\n  '  duration_ms: 9.0002\\n' +\n  \"  type: 'test'\\n\" +\n  '  ...\\n' +\n  '# Subtest: test has ran\\n' +\n  'ok 6 - test has ran\\n' +\n  '  ---\\n' +\n  '  duration_ms: 8.8577\\n' +\n  \"  type: 'test'\\n\" +\n  '  ...\\n' +\n  '1..6\\n' +\n  '# tests 6\\n' +\n  '# suites 0\\n' +\n  '# pass 2\\n' +\n  '# fail 4\\n' +\n  '# cancelled 0\\n' +\n  '# skipped 0\\n' +\n  '# todo 0\\n' +\n  '# duration_ms 888.8461\\n'\n\n    at testUpdate (file:///c:/workspace/node-test-binary-windows-js-suites/node/test/parallel/test-runner-run-watch.mjs:91:14)\n    at process.processTicksAndRejections (node:internal/process/task_queues:105:5)\n    at async testWatch (file:///c:/workspace/node-test-binary-windows-js-suites/node/test/parallel/test-runner-run-watch.mjs:187:26)\n    at async TestContext.<anonymous> (file:///c:/workspace/node-test-binary-windows-js-suites/node/test/parallel/test-runner-run-watch.mjs:199:5)\n    at async Test.run (node:internal/test_runner/test:1069:7)\n    at async Promise.all (index 0)\n    at async Suite.run (node:internal/test_runner/test:1466:7)\n    at async startSubtestAfterBootstrap (node:internal/test_runner/harness:332:3) {\n  generatedMessage: true,\n  code: 'ERR_ASSERTION',\n  actual: '# Subtest: test.js\\n' +\n    'not ok 2 - test.js\\n' +\n    '  ---\\n' +\n    '  duration_ms: 1430.3993\\n' +\n    \"  type: 'test'\\n\" +\n    \"  location: 'c:\\\\\\\\workspace\\\\\\\\node-test-binary-windows-js-suites\\\\\\\\node\\\\\\\\test\\\\\\\\.tmp.735\\\\\\\\test.js:1:1'\\n\" +\n    \"  failureType: 'testCodeFailure'\\n\" +\n    '  exitCode: ~\\n' +\n    \"  signal: 'SIGTERM'\\n\" +\n    \"  error: 'test failed'\\n\" +\n    '...',\n  expected: /tests 1/,\n  operator: 'match'\n}"},"time":65709.539,"fullname":"parallel/test-runner-run-watch","closingTestPoint":false}},{"testName":"parallel/test-without-async-context-frame","timestamp":1750577483503,"status":"FAILED","jobName":"node-test-binary-windows-js-suites","config":"node-test-binary-windows-js-suites » 3,win10-COMPILED_BY-vs2022_clang #34967","buildUrl":"https://ci.nodejs.org/job/node-test-binary-windows-js-suites/RUN_SUBSET=3,nodes=win10-COMPILED_BY-vs2022_clang/34967/","buildNumber":34967,"builtOn":"test-azure_msft-win10_vs2019-x64-1","nodeVersion":"25.0.0","commitHash":"d4aec6cef735dde7344b40213bd50ab2a330e9ca","callStack":[{"upstreamBuild":71196,"upstreamProject":"node-test-commit-windows-fanned","upstreamUrl":"job/node-test-commit-windows-fanned/"},{"upstreamBuild":80791,"upstreamProject":"node-test-commit","upstreamUrl":"job/node-test-commit/"},{"upstreamBuild":67602,"upstreamProject":"node-test-pull-request","upstreamUrl":"job/node-test-pull-request/"},{"prId":"58788"}],"tap":{"ok":false,"name":"parallel/test-without-async-context-frame","id":1027,"buffered":false,"tapError":null,"skip":false,"todo":": Fix flaky test","previous":null,"plan":null,"diag":{"severity":"fail","exitcode":1,"stack":"timeout"},"time":121458.002,"fullname":"parallel/test-without-async-context-frame","closingTestPoint":false}},{"testName":"parallel/test-fs-cp","timestamp":1750577483503,"status":"FAILED","jobName":"node-test-binary-windows-js-suites","config":"node-test-binary-windows-js-suites » 3,win2022-COMPILED_BY-vs2022_clang #34967","buildUrl":"https://ci.nodejs.org/job/node-test-binary-windows-js-suites/RUN_SUBSET=3,nodes=win2022-COMPILED_BY-vs2022_clang/34967/","buildNumber":34967,"builtOn":"test-rackspace-win2022_vs2022-x64-5","nodeVersion":"25.0.0","commitHash":"d4aec6cef735dde7344b40213bd50ab2a330e9ca","callStack":[{"upstreamBuild":71196,"upstreamProject":"node-test-commit-windows-fanned","upstreamUrl":"job/node-test-commit-windows-fanned/"},{"upstreamBuild":80791,"upstreamProject":"node-test-commit","upstreamUrl":"job/node-test-commit/"},{"upstreamBuild":67602,"upstreamProject":"node-test-pull-request","upstreamUrl":"job/node-test-pull-request/"},{"prId":"58788"}],"tap":{"ok":false,"name":"parallel/test-fs-cp","id":312,"buffered":false,"tapError":null,"skip":false,"todo":": Fix flaky test","previous":null,"plan":null,"diag":{"severity":"flaky","exitcode":3221226505,"stack":""},"time":604.427,"fullname":"parallel/test-fs-cp","closingTestPoint":false}},{"testName":"parallel/test-fs-cp","timestamp":1750577483503,"status":"FAILED","jobName":"node-test-binary-windows-js-suites","config":"node-test-binary-windows-js-suites » 0,win11-arm64-COMPILED_BY-vs2022_clang-arm64 #34967","buildUrl":"https://ci.nodejs.org/job/node-test-binary-windows-js-suites/RUN_SUBSET=0,nodes=win11-arm64-COMPILED_BY-vs2022_clang-arm64/34967/","buildNumber":34967,"builtOn":"test-azure_msft-win11_vs2022-arm64-6","nodeVersion":"25.0.0","commitHash":"d4aec6cef735dde7344b40213bd50ab2a330e9ca","callStack":[{"upstreamBuild":71196,"upstreamProject":"node-test-commit-windows-fanned","upstreamUrl":"job/node-test-commit-windows-fanned/"},{"upstreamBuild":80791,"upstreamProject":"node-test-commit","upstreamUrl":"job/node-test-commit/"},{"upstreamBuild":67602,"upstreamProject":"node-test-pull-request","upstreamUrl":"job/node-test-pull-request/"},{"prId":"58788"}],"tap":{"ok":false,"name":"parallel/test-fs-cp","id":309,"buffered":false,"tapError":null,"skip":false,"todo":": Fix flaky test","previous":null,"plan":null,"diag":{"severity":"flaky","exitcode":3221226505,"stack":""},"time":586.004,"fullname":"parallel/test-fs-cp","closingTestPoint":false}},{"testName":"parallel/test-npm-install","timestamp":1750577483503,"status":"REGRESSION","jobName":"node-test-binary-windows-js-suites","config":"node-test-binary-windows-js-suites » 0,win10-COMPILED_BY-vs2022_clang #34967","buildUrl":"https://ci.nodejs.org/job/node-test-binary-windows-js-suites/RUN_SUBSET=0,nodes=win10-COMPILED_BY-vs2022_clang/34967/","buildNumber":34967,"builtOn":"test-azure_msft-win10_vs2019-x64-1","nodeVersion":"25.0.0","commitHash":"d4aec6cef735dde7344b40213bd50ab2a330e9ca","callStack":[{"upstreamBuild":71196,"upstreamProject":"node-test-commit-windows-fanned","upstreamUrl":"job/node-test-commit-windows-fanned/"},{"upstreamBuild":80791,"upstreamProject":"node-test-commit","upstreamUrl":"job/node-test-commit/"},{"upstreamBuild":67602,"upstreamProject":"node-test-pull-request","upstreamUrl":"job/node-test-pull-request/"},{"prId":"58788"}],"tap":{"ok":false,"name":"parallel/test-npm-install","id":741,"buffered":false,"tapError":null,"skip":false,"todo":false,"previous":null,"plan":null,"diag":{"severity":"fail","stack":"timeout"},"time":145395.192,"fullname":"parallel/test-npm-install","closingTestPoint":false}},{"testName":"parallel/test-fs-cp","timestamp":1750577483503,"status":"FAILED","jobName":"node-test-binary-windows-js-suites","config":"node-test-binary-windows-js-suites » 3,win2019-COMPILED_BY-vs2022_clang #34967","buildUrl":"https://ci.nodejs.org/job/node-test-binary-windows-js-suites/RUN_SUBSET=3,nodes=win2019-COMPILED_BY-vs2022_clang/34967/","buildNumber":34967,"builtOn":"test-rackspace-win2019_vs2019-x64-4","nodeVersion":"25.0.0","commitHash":"d4aec6cef735dde7344b40213bd50ab2a330e9ca","callStack":[{"upstreamBuild":71196,"upstreamProject":"node-test-commit-windows-fanned","upstreamUrl":"job/node-test-commit-windows-fanned/"},{"upstreamBuild":80791,"upstreamProject":"node-test-commit","upstreamUrl":"job/node-test-commit/"},{"upstreamBuild":67602,"upstreamProject":"node-test-pull-request","upstreamUrl":"job/node-test-pull-request/"},{"prId":"58788"}],"tap":{"ok":false,"name":"parallel/test-fs-cp","id":310,"buffered":false,"tapError":null,"skip":false,"todo":": Fix flaky test","previous":null,"plan":null,"diag":{"severity":"flaky","exitcode":3221226505,"stack":""},"time":443.008,"fullname":"parallel/test-fs-cp","closingTestPoint":false}},{"testName":"pummel/test-buffer-large-size-buffer-alloc-unsafe","timestamp":1750577483503,"status":"REGRESSION","jobName":"node-test-binary-windows-js-suites","config":"node-test-binary-windows-js-suites » 0,win11-COMPILED_BY-vs2022_clang #34967","buildUrl":"https://ci.nodejs.org/job/node-test-binary-windows-js-suites/RUN_SUBSET=0,nodes=win11-COMPILED_BY-vs2022_clang/34967/","buildNumber":34967,"builtOn":"test-azure_msft-win11_vs2022-x64-1","nodeVersion":"25.0.0","commitHash":"d4aec6cef735dde7344b40213bd50ab2a330e9ca","callStack":[{"upstreamBuild":71196,"upstreamProject":"node-test-commit-windows-fanned","upstreamUrl":"job/node-test-commit-windows-fanned/"},{"upstreamBuild":80791,"upstreamProject":"node-test-commit","upstreamUrl":"job/node-test-commit/"},{"upstreamBuild":67602,"upstreamProject":"node-test-pull-request","upstreamUrl":"job/node-test-pull-request/"},{"prId":"58788"}],"tap":{"ok":false,"name":"pummel/test-buffer-large-size-buffer-alloc-unsafe","id":1026,"buffered":false,"tapError":null,"skip":false,"todo":false,"previous":null,"plan":null,"diag":{"severity":"fail","exitcode":1,"stack":"c:\\workspace\\node-test-binary-windows-js-suites\\node\\test\\pummel\\test-buffer-large-size-buffer-alloc-unsafe.js:15\n    throw e;\n    ^\n\nAssertionError [ERR_ASSERTION]: Expected values to be strictly deep-equal:\n+ actual - expected\n\n+ Comparison {}\n- Comparison {\n-   code: 'ERR_STRING_TOO_LONG'\n- }\n\n    at Object.<anonymous> (c:\\workspace\\node-test-binary-windows-js-suites\\node\\test\\pummel\\test-buffer-large-size-buffer-alloc-unsafe.js:12:10)\n    at Module._compile (node:internal/modules/cjs/loader:1691:14)\n    at Object..js (node:internal/modules/cjs/loader:1823:10)\n    at Module.load (node:internal/modules/cjs/loader:1426:32)\n    at Module._load (node:internal/modules/cjs/loader:1249:12)\n    at TracingChannel.traceSync (node:diagnostics_channel:322:14)\n    at wrapModuleLoad (node:internal/modules/cjs/loader:235:24)\n    at Module.executeUserEntryPoint [as runMain] (node:internal/modules/run_main:152:5)\n    at node:internal/main/run_main_module:33:47 {\n  generatedMessage: true,\n  code: 'ERR_ASSERTION',\n  actual: RangeError: Array buffer allocation failed\n      at new ArrayBuffer (<anonymous>)\n      at new Uint8Array (<anonymous>)\n      at new FastBuffer (node:internal/buffer:968:5)\n      at createUnsafeBuffer (node:internal/buffer:1114:12)\n      at allocate (node:buffer:433:10)\n      at Buffer.allocUnsafe (node:buffer:408:10)\n      at assert.throws.code (c:\\workspace\\node-test-binary-windows-js-suites\\node\\test\\pummel\\test-buffer-large-size-buffer-alloc-unsafe.js:12:30)\n      at getActual (node:assert:505:5)\n      at ok.throws (node:assert:651:24)\n      at Object.<anonymous> (c:\\workspace\\node-test-binary-windows-js-suites\\node\\test\\pummel\\test-buffer-large-size-buffer-alloc-unsafe.js:12:10),\n  expected: { code: 'ERR_STRING_TOO_LONG' },\n  operator: 'throws'\n}\n\nNode.js v25.0.0-pre"},"time":145.011,"fullname":"pummel/test-buffer-large-size-buffer-alloc-unsafe","closingTestPoint":false}},{"testName":"parallel/test-fs-cp","timestamp":1750577483503,"status":"FAILED","jobName":"node-test-binary-windows-js-suites","config":"node-test-binary-windows-js-suites » 3,win11-COMPILED_BY-vs2022_clang #34967","buildUrl":"https://ci.nodejs.org/job/node-test-binary-windows-js-suites/RUN_SUBSET=3,nodes=win11-COMPILED_BY-vs2022_clang/34967/","buildNumber":34967,"builtOn":"test-azure_msft-win11_vs2022-x64-4","nodeVersion":"25.0.0","commitHash":"d4aec6cef735dde7344b40213bd50ab2a330e9ca","callStack":[{"upstreamBuild":71196,"upstreamProject":"node-test-commit-windows-fanned","upstreamUrl":"job/node-test-commit-windows-fanned/"},{"upstreamBuild":80791,"upstreamProject":"node-test-commit","upstreamUrl":"job/node-test-commit/"},{"upstreamBuild":67602,"upstreamProject":"node-test-pull-request","upstreamUrl":"job/node-test-pull-request/"},{"prId":"58788"}],"tap":{"ok":false,"name":"parallel/test-fs-cp","id":308,"buffered":false,"tapError":null,"skip":false,"todo":": Fix flaky test","previous":null,"plan":null,"diag":{"severity":"flaky","exitcode":3221226505,"stack":""},"time":263.006,"fullname":"parallel/test-fs-cp","closingTestPoint":false}}]}