{"failedTests":[{"testName":"parallel/test-runner-watch-mode","timestamp":1750586106355,"status":"FAILED","jobName":"node-test-binary-windows-js-suites","config":"node-test-binary-windows-js-suites Â» 3,win2022-COMPILED_BY-vs2022 #34972","buildUrl":"https://ci.nodejs.org/job/node-test-binary-windows-js-suites/RUN_SUBSET=3,nodes=win2022-COMPILED_BY-vs2022/34972/","buildNumber":34972,"builtOn":"test-rackspace-win2022_vs2022-x64-2","nodeVersion":"22.16.1","commitHash":"bd6743b43462863c98942d4e15d5c44667a94d60","callStack":[{"upstreamBuild":71204,"upstreamProject":"node-test-commit-windows-fanned","upstreamUrl":"job/node-test-commit-windows-fanned/"},{"upstreamBuild":80799,"upstreamProject":"node-test-commit","upstreamUrl":"job/node-test-commit/"},{"upstreamBuild":243,"upstreamProject":"node-daily-v22.x-staging","upstreamUrl":"job/node-daily-v22.x-staging/"}],"tap":{"ok":false,"name":"parallel/test-runner-watch-mode","id":810,"buffered":false,"tapError":null,"skip":false,"todo":": Fix flaky test","previous":null,"plan":null,"diag":{"severity":"flaky","exitcode":1,"stack":"Test failure: 'should support a watched test file rename'\nLocation: test\\parallel\\test-runner-watch-mode.mjs:187:7\nError: ENOENT: no such file or directory, rename 'C:\\workspace\\node-test-binary-windows-js-suites\\node\\test\\.tmp.731\\test.js' -> 'C:\\workspace\\node-test-binary-windows-js-suites\\node\\test\\.tmp.731\\test-renamed-test.js'\n    at renameSync (node:fs:1020:11)\n    at Timeout._onTimeout (file:///C:/workspace/node-test-binary-windows-js-suites/node/test/parallel/test-runner-watch-mode.mjs:93:40)\n    at listOnTimeout (node:internal/timers:588:17)\n    at process.processTimers (node:internal/timers:523:7) {\n  errno: -4058,\n  code: 'ENOENT',\n  syscall: 'rename',\n  path: 'C:\\\\workspace\\\\node-test-binary-windows-js-suites\\\\node\\\\test\\\\.tmp.731\\\\test.js',\n  dest: 'C:\\\\workspace\\\\node-test-binary-windows-js-suites\\\\node\\\\test\\\\.tmp.731\\\\test-renamed-test.js'\n}\n\nTest failure: 'should not throw when delete a watched test file'\nLocation: test\\parallel\\test-runner-watch-mode.mjs:191:7\nError: EBUSY: resource busy or locked, rmdir 'C:\\workspace\\node-test-binary-windows-js-suites\\node\\test\\.tmp.731'\n    at rmdirSync (node:fs:1201:11)\n    at _rmdirSync (node:internal/fs/rimraf:236:5)\n    at rimrafSync (node:internal/fs/rimraf:194:7)\n    at Object.rmSync (node:fs:1247:10)\n    at rmSync (C:\\workspace\\node-test-binary-windows-js-suites\\node\\test\\common\\tmpdir.js:31:8)\n    at Object.refresh (C:\\workspace\\node-test-binary-windows-js-suites\\node\\test\\common\\tmpdir.js:46:3)\n    at TestContext.refresh (file:///C:/workspace/node-test-binary-windows-js-suites/node/test/parallel/test-runner-watch-mode.mjs:31:10)\n    at TestHook.runInAsyncScope (node:async_hooks:214:14)\n    at TestHook.run (node:internal/test_runner/test:1047:25)\n    at TestHook.run (node:internal/test_runner/test:1354:18) {\n  errno: -4082,\n  code: 'EBUSY',\n  syscall: 'rmdir',\n  path: 'C:\\\\workspace\\\\node-test-binary-windows-js-suites\\\\node\\\\test\\\\.tmp.731'\n}\n\nTest failure: 'should run new tests when a new file is created in the watched directory'\nLocation: test\\parallel\\test-runner-watch-mode.mjs:195:7\nError: EBUSY: resource busy or locked, rmdir 'C:\\workspace\\node-test-binary-windows-js-suites\\node\\test\\.tmp.731'\n    at rmdirSync (node:fs:1201:11)\n    at _rmdirSync (node:internal/fs/rimraf:236:5)\n    at rimrafSync (node:internal/fs/rimraf:194:7)\n    at Object.rmSync (node:fs:1247:10)\n    at rmSync (C:\\workspace\\node-test-binary-windows-js-suites\\node\\test\\common\\tmpdir.js:31:8)\n    at Object.refresh (C:\\workspace\\node-test-binary-windows-js-suites\\node\\test\\common\\tmpdir.js:46:3)\n    at TestContext.refresh (file:///C:/workspace/node-test-binary-windows-js-suites/node/test/parallel/test-runner-watch-mode.mjs:31:10)\n    at TestHook.runInAsyncScope (node:async_hooks:214:14)\n    at TestHook.run (node:internal/test_runner/test:1047:25)\n    at TestHook.run (node:internal/test_runner/test:1354:18) {\n  errno: -4082,\n  code: 'EBUSY',\n  syscall: 'rmdir',\n  path: 'C:\\\\workspace\\\\node-test-binary-windows-js-suites\\\\node\\\\test\\\\.tmp.731'\n}\n\nTest failure: 'should run tests repeatedly'\nLocation: test\\parallel\\test-runner-watch-mode.mjs:171:7\nError: EBUSY: resource busy or locked, rmdir 'C:\\workspace\\node-test-binary-windows-js-suites\\node\\test\\.tmp.731'\n    at rmdirSync (node:fs:1201:11)\n    at _rmdirSync (node:internal/fs/rimraf:236:5)\n    at rimrafSync (node:internal/fs/rimraf:194:7)\n    at Object.rmSync (node:fs:1247:10)\n    at rmSync (C:\\workspace\\node-test-binary-windows-js-suites\\node\\test\\common\\tmpdir.js:31:8)\n    at Object.refresh (C:\\workspace\\node-test-binary-windows-js-suites\\node\\test\\common\\tmpdir.js:46:3)\n    at TestContext.refresh (file:///C:/workspace/node-test-binary-windows-js-suites/node/test/parallel/test-runner-watch-mode.mjs:31:10)\n    at TestHook.runInAsyncScope (node:async_hooks:214:14)\n    at TestHook.run (node:internal/test_runner/test:1047:25)\n    at TestHook.run (node:internal/test_runner/test:1354:18) {\n  errno: -4082,\n  code: 'EBUSY',\n  syscall: 'rmdir',\n  path: 'C:\\\\workspace\\\\node-test-binary-windows-js-suites\\\\node\\\\test\\\\.tmp.731'\n}\n\nTest failure: 'should run tests with dependency repeatedly'\nLocation: test\\parallel\\test-runner-watch-mode.mjs:175:7\nError: EBUSY: resource busy or locked, rmdir 'C:\\workspace\\node-test-binary-windows-js-suites\\node\\test\\.tmp.731'\n    at rmdirSync (node:fs:1201:11)\n    at _rmdirSync (node:internal/fs/rimraf:236:5)\n    at rimrafSync (node:internal/fs/rimraf:194:7)\n    at Object.rmSync (node:fs:1247:10)\n    at rmSync (C:\\workspace\\node-test-binary-windows-js-suites\\node\\test\\common\\tmpdir.js:31:8)\n    at Object.refresh (C:\\workspace\\node-test-binary-windows-js-suites\\node\\test\\common\\tmpdir.js:46:3)\n    at TestContext.refresh (file:///C:/workspace/node-test-binary-windows-js-suites/node/test/parallel/test-runner-watch-mode.mjs:31:10)\n    at TestHook.runInAsyncScope (node:async_hooks:214:14)\n    at TestHook.run (node:internal/test_runner/test:1047:25)\n    at TestHook.run (node:internal/test_runner/test:1354:18) {\n  errno: -4082,\n  code: 'EBUSY',\n  syscall: 'rmdir',\n  path: 'C:\\\\workspace\\\\node-test-binary-windows-js-suites\\\\node\\\\test\\\\.tmp.731'\n}\n\nTest failure: 'should run tests with ESM dependency'\nLocation: test\\parallel\\test-runner-watch-mode.mjs:179:7\nError: EBUSY: resource busy or locked, rmdir 'C:\\workspace\\node-test-binary-windows-js-suites\\node\\test\\.tmp.731'\n    at rmdirSync (node:fs:1201:11)\n    at _rmdirSync (node:internal/fs/rimraf:236:5)\n    at rimrafSync (node:internal/fs/rimraf:194:7)\n    at Object.rmSync (node:fs:1247:10)\n    at rmSync (C:\\workspace\\node-test-binary-windows-js-suites\\node\\test\\common\\tmpdir.js:31:8)\n    at Object.refresh (C:\\workspace\\node-test-binary-windows-js-suites\\node\\test\\common\\tmpdir.js:46:3)\n    at TestContext.refresh (file:///C:/workspace/node-test-binary-windows-js-suites/node/test/parallel/test-runner-watch-mode.mjs:31:10)\n    at TestHook.runInAsyncScope (node:async_hooks:214:14)\n    at TestHook.run (node:internal/test_runner/test:1047:25)\n    at TestHook.run (node:internal/test_runner/test:1354:18) {\n  errno: -4082,\n  code: 'EBUSY',\n  syscall: 'rmdir',\n  path: 'C:\\\\workspace\\\\node-test-binary-windows-js-suites\\\\node\\\\test\\\\.tmp.731'\n}\n\nTest failure: 'should support running tests without a file'\nLocation: test\\parallel\\test-runner-watch-mode.mjs:183:7\nError: EBUSY: resource busy or locked, rmdir 'C:\\workspace\\node-test-binary-windows-js-suites\\node\\test\\.tmp.731'\n    at rmdirSync (node:fs:1201:11)\n    at _rmdirSync (node:internal/fs/rimraf:236:5)\n    at rimrafSync (node:internal/fs/rimraf:194:7)\n    at Object.rmSync (node:fs:1247:10)\n    at rmSync (C:\\workspace\\node-test-binary-windows-js-suites\\node\\test\\common\\tmpdir.js:31:8)\n    at Object.refresh (C:\\workspace\\node-test-binary-windows-js-suites\\node\\test\\common\\tmpdir.js:46:3)\n    at TestContext.refresh (file:///C:/workspace/node-test-binary-windows-js-suites/node/test/parallel/test-runner-watch-mode.mjs:31:10)\n    at TestHook.runInAsyncScope (node:async_hooks:214:14)\n    at TestHook.run (node:internal/test_runner/test:1047:25)\n    at TestHook.run (node:internal/test_runner/test:1354:18) {\n  errno: -4082,\n  code: 'EBUSY',\n  syscall: 'rmdir',\n  path: 'C:\\\\workspace\\\\node-test-binary-windows-js-suites\\\\node\\\\test\\\\.tmp.731'\n}\n\nTest failure: 'should support a watched test file rename'\nLocation: test\\parallel\\test-runner-watch-mode.mjs:187:7\nError: EBUSY: resource busy or locked, rmdir 'C:\\workspace\\node-test-binary-windows-js-suites\\node\\test\\.tmp.731'\n    at rmdirSync (node:fs:1201:11)\n    at _rmdirSync (node:internal/fs/rimraf:236:5)\n    at rimrafSync (node:internal/fs/rimraf:194:7)\n    at Object.rmSync (node:fs:1247:10)\n    at rmSync (C:\\workspace\\node-test-binary-windows-js-suites\\node\\test\\common\\tmpdir.js:31:8)\n    at Object.refresh (C:\\workspace\\node-test-binary-windows-js-suites\\node\\test\\common\\tmpdir.js:46:3)\n    at TestContext.refresh (file:///C:/workspace/node-test-binary-windows-js-suites/node/test/parallel/test-runner-watch-mode.mjs:31:10)\n    at TestHook.runInAsyncScope (node:async_hooks:214:14)\n    at TestHook.run (node:internal/test_runner/test:1047:25)\n    at TestHook.run (node:internal/test_runner/test:1354:18) {\n  errno: -4082,\n  code: 'EBUSY',\n  syscall: 'rmdir',\n  path: 'C:\\\\workspace\\\\node-test-binary-windows-js-suites\\\\node\\\\test\\\\.tmp.731'\n}\n\nTest failure: 'should not throw when delete a watched test file'\nLocation: test\\parallel\\test-runner-watch-mode.mjs:191:7\nError: EBUSY: resource busy or locked, rmdir 'C:\\workspace\\node-test-binary-windows-js-suites\\node\\test\\.tmp.731'\n    at rmdirSync (node:fs:1201:11)\n    at _rmdirSync (node:internal/fs/rimraf:236:5)\n    at rimrafSync (node:internal/fs/rimraf:194:7)\n    at Object.rmSync (node:fs:1247:10)\n    at rmSync (C:\\workspace\\node-test-binary-windows-js-suites\\node\\test\\common\\tmpdir.js:31:8)\n    at Object.refresh (C:\\workspace\\node-test-binary-windows-js-suites\\node\\test\\common\\tmpdir.js:46:3)\n    at TestContext.refresh (file:///C:/workspace/node-test-binary-windows-js-suites/node/test/parallel/test-runner-watch-mode.mjs:31:10)\n    at TestHook.runInAsyncScope (node:async_hooks:214:14)\n    at TestHook.run (node:internal/test_runner/test:1047:25)\n    at TestHook.run (node:internal/test_runner/test:1354:18) {\n  errno: -4082,\n  code: 'EBUSY',\n  syscall: 'rmdir',\n  path: 'C:\\\\workspace\\\\node-test-binary-windows-js-suites\\\\node\\\\test\\\\.tmp.731'\n}\n\nTest failure: 'should run new tests when a new file is created in the watched directory'\nLocation: test\\parallel\\test-runner-watch-mode.mjs:195:7\nError: EBUSY: resource busy or locked, rmdir 'C:\\workspace\\node-test-binary-windows-js-suites\\node\\test\\.tmp.731'\n    at rmdirSync (node:fs:1201:11)\n    at _rmdirSync (node:internal/fs/rimraf:236:5)\n    at rimrafSync (node:internal/fs/rimraf:194:7)\n    at Object.rmSync (node:fs:1247:10)\n    at rmSync (C:\\workspace\\node-test-binary-windows-js-suites\\node\\test\\common\\tmpdir.js:31:8)\n    at Object.refresh (C:\\workspace\\node-test-binary-windows-js-suites\\node\\test\\common\\tmpdir.js:46:3)\n    at TestContext.refresh (file:///C:/workspace/node-test-binary-windows-js-suites/node/test/parallel/test-runner-watch-mode.mjs:31:10)\n    at TestHook.runInAsyncScope (node:async_hooks:214:14)\n    at TestHook.run (node:internal/test_runner/test:1047:25)\n    at TestHook.run (node:internal/test_runner/test:1354:18) {\n  errno: -4082,\n  code: 'EBUSY',\n  syscall: 'rmdir',\n  path: 'C:\\\\workspace\\\\node-test-binary-windows-js-suites\\\\node\\\\test\\\\.tmp.731'\n}"},"time":10772.17,"fullname":"parallel/test-runner-watch-mode","closingTestPoint":false}},{"testName":"parallel/test-fs-cp","timestamp":1750586106355,"status":"FAILED","jobName":"node-test-binary-windows-js-suites","config":"node-test-binary-windows-js-suites Â» 2,win11-COMPILED_BY-vs2022 #34972","buildUrl":"https://ci.nodejs.org/job/node-test-binary-windows-js-suites/RUN_SUBSET=2,nodes=win11-COMPILED_BY-vs2022/34972/","buildNumber":34972,"builtOn":"test-azure_msft-win11_vs2022-x64-2","nodeVersion":"22.16.1","commitHash":"bd6743b43462863c98942d4e15d5c44667a94d60","callStack":[{"upstreamBuild":71204,"upstreamProject":"node-test-commit-windows-fanned","upstreamUrl":"job/node-test-commit-windows-fanned/"},{"upstreamBuild":80799,"upstreamProject":"node-test-commit","upstreamUrl":"job/node-test-commit/"},{"upstreamBuild":243,"upstreamProject":"node-daily-v22.x-staging","upstreamUrl":"job/node-daily-v22.x-staging/"}],"tap":{"ok":false,"name":"parallel/test-fs-cp","id":309,"buffered":false,"tapError":null,"skip":false,"todo":": Fix flaky test","previous":null,"plan":null,"diag":{"severity":"flaky","exitcode":3221226505,"stack":""},"time":319.003,"fullname":"parallel/test-fs-cp","closingTestPoint":false}},{"testName":"parallel/test-config-file","timestamp":1750586106355,"status":"FAILED","jobName":"node-test-binary-windows-js-suites","config":"node-test-binary-windows-js-suites Â» 2,win2022-COMPILED_BY-vs2022 #34972","buildUrl":"https://ci.nodejs.org/job/node-test-binary-windows-js-suites/RUN_SUBSET=2,nodes=win2022-COMPILED_BY-vs2022/34972/","buildNumber":34972,"builtOn":"test-rackspace-win2022_vs2022-x64-5","nodeVersion":"22.16.1","commitHash":"bd6743b43462863c98942d4e15d5c44667a94d60","callStack":[{"upstreamBuild":71204,"upstreamProject":"node-test-commit-windows-fanned","upstreamUrl":"job/node-test-commit-windows-fanned/"},{"upstreamBuild":80799,"upstreamProject":"node-test-commit","upstreamUrl":"job/node-test-commit/"},{"upstreamBuild":243,"upstreamProject":"node-daily-v22.x-staging","upstreamUrl":"job/node-daily-v22.x-staging/"}],"tap":{"ok":false,"name":"parallel/test-config-file","id":235,"buffered":false,"tapError":null,"skip":false,"todo":false,"previous":null,"plan":null,"diag":{"severity":"fail","exitcode":1,"stack":"Test failure: '--inspect=true should be parsed correctly'\nLocation: test\\parallel\\test-config-file.js:237:1\nAssertionError [ERR_ASSERTION]: The input did not match the regular expression /^Debugger listening on (ws:\\/\\/[^\\s]+)/. Input:\n\n'Starting inspector on 127.0.0.1:9229 failed: address already in use\\r\\n'\n\n    at TestContext.<anonymous> (C:\\workspace\\node-test-binary-windows-js-suites\\node\\test\\parallel\\test-config-file.js:244:3)\n    at process.processTicksAndRejections (node:internal/process/task_queues:105:5)\n    at async Test.run (node:internal/test_runner/test:1054:7)\n    at async Test.processPendingSubtests (node:internal/test_runner/test:744:7) {\n  generatedMessage: true,\n  code: 'ERR_ASSERTION',\n  actual: 'Starting inspector on 127.0.0.1:9229 failed: address already in use\\r\\n',\n  expected: /^Debugger listening on (ws:\\/\\/[^\\s]+)/,\n  operator: 'match'\n}"},"time":4023.147,"fullname":"parallel/test-config-file","closingTestPoint":false}},{"testName":"parallel/test-fs-cp","timestamp":1750586106355,"status":"FAILED","jobName":"node-test-binary-windows-js-suites","config":"node-test-binary-windows-js-suites Â» 2,win2022-COMPILED_BY-vs2022 #34972","buildUrl":"https://ci.nodejs.org/job/node-test-binary-windows-js-suites/RUN_SUBSET=2,nodes=win2022-COMPILED_BY-vs2022/34972/","buildNumber":34972,"builtOn":"test-rackspace-win2022_vs2022-x64-5","nodeVersion":"22.16.1","commitHash":"bd6743b43462863c98942d4e15d5c44667a94d60","callStack":[{"upstreamBuild":71204,"upstreamProject":"node-test-commit-windows-fanned","upstreamUrl":"job/node-test-commit-windows-fanned/"},{"upstreamBuild":80799,"upstreamProject":"node-test-commit","upstreamUrl":"job/node-test-commit/"},{"upstreamBuild":243,"upstreamProject":"node-daily-v22.x-staging","upstreamUrl":"job/node-daily-v22.x-staging/"}],"tap":{"ok":false,"name":"parallel/test-fs-cp","id":310,"buffered":false,"tapError":null,"skip":false,"todo":": Fix flaky test","previous":null,"plan":null,"diag":{"severity":"flaky","exitcode":3221226505,"stack":""},"time":503.017,"fullname":"parallel/test-fs-cp","closingTestPoint":false}},{"testName":"parallel/test-runner-run-watch","timestamp":1750586106355,"status":"FAILED","jobName":"node-test-binary-windows-js-suites","config":"node-test-binary-windows-js-suites Â» 1,win10-COMPILED_BY-vs2022 #34972","buildUrl":"https://ci.nodejs.org/job/node-test-binary-windows-js-suites/RUN_SUBSET=1,nodes=win10-COMPILED_BY-vs2022/34972/","buildNumber":34972,"builtOn":"test-azure_msft-win10_vs2019-x64-1","nodeVersion":"22.16.1","commitHash":"bd6743b43462863c98942d4e15d5c44667a94d60","callStack":[{"upstreamBuild":71204,"upstreamProject":"node-test-commit-windows-fanned","upstreamUrl":"job/node-test-commit-windows-fanned/"},{"upstreamBuild":80799,"upstreamProject":"node-test-commit","upstreamUrl":"job/node-test-commit/"},{"upstreamBuild":243,"upstreamProject":"node-daily-v22.x-staging","upstreamUrl":"job/node-daily-v22.x-staging/"}],"tap":{"ok":false,"name":"parallel/test-runner-run-watch","id":742,"buffered":false,"tapError":null,"skip":false,"todo":": Fix flaky test","previous":null,"plan":null,"diag":{"severity":"flaky","exitcode":1,"stack":"Test failure: 'should support a watched test file rename'\nLocation: test\\parallel\\test-runner-run-watch.mjs:196:3\nError: ENOENT: no such file or directory, rename 'c:\\workspace\\node-test-binary-windows-js-suites\\node\\test\\.tmp.726\\test.js' -> 'c:\\workspace\\node-test-binary-windows-js-suites\\node\\test\\.tmp.726\\test-renamed-test.js'\n    at renameSync (node:fs:1020:11)\n    at Timeout._onTimeout (file:///c:/workspace/node-test-binary-windows-js-suites/node/test/parallel/test-runner-run-watch.mjs:92:40)\n    at listOnTimeout (node:internal/timers:588:17)\n    at process.processTimers (node:internal/timers:523:7) {\n  errno: -4058,\n  code: 'ENOENT',\n  syscall: 'rename',\n  path: 'c:\\\\workspace\\\\node-test-binary-windows-js-suites\\\\node\\\\test\\\\.tmp.726\\\\test.js',\n  dest: 'c:\\\\workspace\\\\node-test-binary-windows-js-suites\\\\node\\\\test\\\\.tmp.726\\\\test-renamed-test.js'\n}\n\nTest failure: 'should not throw when deleting a watched test file'\nLocation: test\\parallel\\test-runner-run-watch.mjs:200:3\nError: EBUSY: resource busy or locked, rmdir 'c:\\workspace\\node-test-binary-windows-js-suites\\node\\test\\.tmp.726'\n    at rmdirSync (node:fs:1201:11)\n    at _rmdirSync (node:internal/fs/rimraf:236:5)\n    at rimrafSync (node:internal/fs/rimraf:194:7)\n    at Object.rmSync (node:fs:1247:10)\n    at rmSync (c:\\workspace\\node-test-binary-windows-js-suites\\node\\test\\common\\tmpdir.js:31:8)\n    at Object.refresh (c:\\workspace\\node-test-binary-windows-js-suites\\node\\test\\common\\tmpdir.js:46:3)\n    at TestContext.refresh (file:///c:/workspace/node-test-binary-windows-js-suites/node/test/parallel/test-runner-run-watch.mjs:32:10)\n    at TestHook.runInAsyncScope (node:async_hooks:214:14)\n    at TestHook.run (node:internal/test_runner/test:1047:25)\n    at TestHook.run (node:internal/test_runner/test:1354:18) {\n  errno: -4082,\n  code: 'EBUSY',\n  syscall: 'rmdir',\n  path: 'c:\\\\workspace\\\\node-test-binary-windows-js-suites\\\\node\\\\test\\\\.tmp.726'\n}\n\nTest failure: 'should run tests with dependency repeatedly in a different cwd'\nLocation: test\\parallel\\test-runner-run-watch.mjs:204:3\nError: EBUSY: resource busy or locked, rmdir 'c:\\workspace\\node-test-binary-windows-js-suites\\node\\test\\.tmp.726'\n    at rmdirSync (node:fs:1201:11)\n    at _rmdirSync (node:internal/fs/rimraf:236:5)\n    at rimrafSync (node:internal/fs/rimraf:194:7)\n    at Object.rmSync (node:fs:1247:10)\n    at rmSync (c:\\workspace\\node-test-binary-windows-js-suites\\node\\test\\common\\tmpdir.js:31:8)\n    at Object.refresh (c:\\workspace\\node-test-binary-windows-js-suites\\node\\test\\common\\tmpdir.js:46:3)\n    at TestContext.refresh (file:///c:/workspace/node-test-binary-windows-js-suites/node/test/parallel/test-runner-run-watch.mjs:32:10)\n    at TestHook.runInAsyncScope (node:async_hooks:214:14)\n    at TestHook.run (node:internal/test_runner/test:1047:25)\n    at TestHook.run (node:internal/test_runner/test:1354:18) {\n  errno: -4082,\n  code: 'EBUSY',\n  syscall: 'rmdir',\n  path: 'c:\\\\workspace\\\\node-test-binary-windows-js-suites\\\\node\\\\test\\\\.tmp.726'\n}\n\nTest failure: 'should handle renames in a different cwd'\nLocation: test\\parallel\\test-runner-run-watch.mjs:213:3\nError: EBUSY: resource busy or locked, rmdir 'c:\\workspace\\node-test-binary-windows-js-suites\\node\\test\\.tmp.726'\n    at rmdirSync (node:fs:1201:11)\n    at _rmdirSync (node:internal/fs/rimraf:236:5)\n    at rimrafSync (node:internal/fs/rimraf:194:7)\n    at Object.rmSync (node:fs:1247:10)\n    at rmSync (c:\\workspace\\node-test-binary-windows-js-suites\\node\\test\\common\\tmpdir.js:31:8)\n    at Object.refresh (c:\\workspace\\node-test-binary-windows-js-suites\\node\\test\\common\\tmpdir.js:46:3)\n    at TestContext.refresh (file:///c:/workspace/node-test-binary-windows-js-suites/node/test/parallel/test-runner-run-watch.mjs:32:10)\n    at TestHook.runInAsyncScope (node:async_hooks:214:14)\n    at TestHook.run (node:internal/test_runner/test:1047:25)\n    at TestHook.run (node:internal/test_runner/test:1354:18) {\n  errno: -4082,\n  code: 'EBUSY',\n  syscall: 'rmdir',\n  path: 'c:\\\\workspace\\\\node-test-binary-windows-js-suites\\\\node\\\\test\\\\.tmp.726'\n}\n\nTest failure: 'should run new tests when a new file is created in the watched directory'\nLocation: test\\parallel\\test-runner-run-watch.mjs:222:3\nError: EBUSY: resource busy or locked, rmdir 'c:\\workspace\\node-test-binary-windows-js-suites\\node\\test\\.tmp.726'\n    at rmdirSync (node:fs:1201:11)\n    at _rmdirSync (node:internal/fs/rimraf:236:5)\n    at rimrafSync (node:internal/fs/rimraf:194:7)\n    at Object.rmSync (node:fs:1247:10)\n    at rmSync (c:\\workspace\\node-test-binary-windows-js-suites\\node\\test\\common\\tmpdir.js:31:8)\n    at Object.refresh (c:\\workspace\\node-test-binary-windows-js-suites\\node\\test\\common\\tmpdir.js:46:3)\n    at TestContext.refresh (file:///c:/workspace/node-test-binary-windows-js-suites/node/test/parallel/test-runner-run-watch.mjs:32:10)\n    at TestHook.runInAsyncScope (node:async_hooks:214:14)\n    at TestHook.run (node:internal/test_runner/test:1047:25)\n    at TestHook.run (node:internal/test_runner/test:1354:18) {\n  errno: -4082,\n  code: 'EBUSY',\n  syscall: 'rmdir',\n  path: 'c:\\\\workspace\\\\node-test-binary-windows-js-suites\\\\node\\\\test\\\\.tmp.726'\n}"},"time":20391.016,"fullname":"parallel/test-runner-run-watch","closingTestPoint":false}},{"testName":"parallel/test-async-context-frame","timestamp":1750586106355,"status":"FAILED","jobName":"node-test-binary-windows-js-suites","config":"node-test-binary-windows-js-suites Â» 3,win10-COMPILED_BY-vs2022 #34972","buildUrl":"https://ci.nodejs.org/job/node-test-binary-windows-js-suites/RUN_SUBSET=3,nodes=win10-COMPILED_BY-vs2022/34972/","buildNumber":34972,"builtOn":"test-azure_msft-win10_vs2019-x64-1","nodeVersion":"22.16.1","commitHash":"bd6743b43462863c98942d4e15d5c44667a94d60","callStack":[{"upstreamBuild":71204,"upstreamProject":"node-test-commit-windows-fanned","upstreamUrl":"job/node-test-commit-windows-fanned/"},{"upstreamBuild":80799,"upstreamProject":"node-test-commit","upstreamUrl":"job/node-test-commit/"},{"upstreamBuild":243,"upstreamProject":"node-daily-v22.x-staging","upstreamUrl":"job/node-daily-v22.x-staging/"}],"tap":{"ok":false,"name":"parallel/test-async-context-frame","id":295,"buffered":false,"tapError":null,"skip":false,"todo":": Fix flaky test","previous":null,"plan":null,"diag":{"severity":"fail","exitcode":1,"stack":"timeout"},"time":121148.657,"fullname":"parallel/test-async-context-frame","closingTestPoint":false}},{"testName":"parallel/test-runner-watch-mode","timestamp":1750586106355,"status":"FAILED","jobName":"node-test-binary-windows-js-suites","config":"node-test-binary-windows-js-suites Â» 3,win10-COMPILED_BY-vs2022 #34972","buildUrl":"https://ci.nodejs.org/job/node-test-binary-windows-js-suites/RUN_SUBSET=3,nodes=win10-COMPILED_BY-vs2022/34972/","buildNumber":34972,"builtOn":"test-azure_msft-win10_vs2019-x64-1","nodeVersion":"22.16.1","commitHash":"bd6743b43462863c98942d4e15d5c44667a94d60","callStack":[{"upstreamBuild":71204,"upstreamProject":"node-test-commit-windows-fanned","upstreamUrl":"job/node-test-commit-windows-fanned/"},{"upstreamBuild":80799,"upstreamProject":"node-test-commit","upstreamUrl":"job/node-test-commit/"},{"upstreamBuild":243,"upstreamProject":"node-daily-v22.x-staging","upstreamUrl":"job/node-daily-v22.x-staging/"}],"tap":{"ok":false,"name":"parallel/test-runner-watch-mode","id":752,"buffered":false,"tapError":null,"skip":false,"todo":": Fix flaky test","previous":null,"plan":null,"diag":{"severity":"flaky","exitcode":1,"stack":"Test failure: 'should run tests repeatedly'\nLocation: test\\parallel\\test-runner-watch-mode.mjs:171:7\nAssertionError [ERR_ASSERTION]: The input did not match the regular expression /tests 1/. Input:\n\n'â test has ran (9.3096ms)\\n' +\n  'â <anonymous> (1032.433ms)\\n' +\n  'â test has ran (9.4947ms)\\n' +\n  '\\n' +\n  'â failing tests:\\n' +\n  '\\n' +\n  'test at <anonymous>:1:1\\n' +\n  'â <anonymous> (1032.433ms)\\n' +\n  \"  'test failed'\\n\" +\n  'â¹ tests 3\\n' +\n  'â¹ suites 0\\n' +\n  'â¹ pass 2\\n' +\n  'â¹ fail 1\\n' +\n  'â¹ cancelled 0\\n' +\n  'â¹ skipped 0\\n' +\n  'â¹ todo 0\\n' +\n  'â¹ duration_ms 1557.7843\\n'\n\n    at testUpdate (file:///c:/workspace/node-test-binary-windows-js-suites/node/test/parallel/test-runner-watch-mode.mjs:80:14)\n    at process.processTicksAndRejections (node:internal/process/task_queues:105:5)\n    at async testWatch (file:///c:/workspace/node-test-binary-windows-js-suites/node/test/parallel/test-runner-watch-mode.mjs:161:26)\n    at async TestContext.<anonymous> (file:///c:/workspace/node-test-binary-windows-js-suites/node/test/parallel/test-runner-watch-mode.mjs:172:9)\n    at async Test.run (node:internal/test_runner/test:1054:7)\n    at async Promise.all (index 0)\n    at async Suite.run (node:internal/test_runner/test:1442:7)\n    at async Promise.all (index 0)\n    at async Suite.run (node:internal/test_runner/test:1442:7)\n    at async startSubtestAfterBootstrap (node:internal/test_runner/harness:296:3) {\n  generatedMessage: true,\n  code: 'ERR_ASSERTION',\n  actual: 'â test has ran (9.3096ms)\\n' +\n    'â <anonymous> (1032.433ms)\\n' +\n    'â test has ran (9.4947ms)\\n' +\n    '\\n' +\n    'â failing tests:\\n' +\n    '\\n' +\n    'test at <anonymous>:1:1\\n' +\n    'â <anonymous> (1032.433ms)\\n' +\n    \"  'test failed'\\n\" +\n    'â¹ tests 3\\n' +\n    '...',\n  expected: /tests 1/,\n  operator: 'match'\n}\n\nTest failure: 'should run tests with dependency repeatedly'\nLocation: test\\parallel\\test-runner-watch-mode.mjs:175:7\nAssertionError [ERR_ASSERTION]: The input did not match the regular expression /pass 1/. Input:\n\n'â <anonymous> (996.8132ms)\\n' +\n  'â test has ran (9.5848ms)\\n' +\n  '\\n' +\n  'â failing tests:\\n' +\n  '\\n' +\n  'test at <anonymous>:1:1\\n' +\n  'â <anonymous> (996.8132ms)\\n' +\n  \"  'test failed'\\n\" +\n  'â <anonymous> (981.2199ms)\\n' +\n  'â test has ran (9.4085ms)\\n' +\n  '\\n' +\n  'â failing tests:\\n' +\n  '\\n' +\n  'test at <anonymous>:1:1\\n' +\n  'â <anonymous> (981.2199ms)\\n' +\n  \"  'test failed'\\n\" +\n  'â test has ran (9.7278ms)\\n' +\n  'â test has ran (9.8423ms)\\n' +\n  'â <anonymous> (1004.304ms)\\n' +\n  'â test has ran (17.8618ms)\\n' +\n  '\\n' +\n  'â failing tests:\\n' +\n  '\\n' +\n  'test at <anonymous>:1:1\\n' +\n  'â <anonymous> (1004.304ms)\\n' +\n  \"  'test failed'\\n\" +\n  'â <anonymous> (1004.0965ms)\\n' +\n  'â test has ran (9.1535ms)\\n' +\n  '\\n' +\n  'â failing tests:\\n' +\n  '\\n' +\n  'test at <anonymous>:1:1\\n' +\n  'â <anonymous> (1004.0965ms)\\n' +\n  \"  'test failed'\\n\" +\n  'â¹ tests 10\\n' +\n  'â¹ suites 0\\n' +\n  'â¹ pass 6\\n' +\n  'â¹ fail 4\\n' +\n  'â¹ cancelled 0\\n' +\n  'â¹ skipped 0\\n' +\n  'â¹ todo 0\\n' +\n  'â¹ duration_ms 1392.6977\\n'\n\n    at testUpdate (file:///c:/workspace/node-test-binary-windows-js-suites/node/test/parallel/test-runner-watch-mode.mjs:81:14)\n    at process.processTicksAndRejections (node:internal/process/task_queues:105:5)\n    at async testWatch (file:///c:/workspace/node-test-binary-windows-js-suites/node/test/parallel/test-runner-watch-mode.mjs:161:26)\n    at async TestContext.<anonymous> (file:///c:/workspace/node-test-binary-windows-js-suites/node/test/parallel/test-runner-watch-mode.mjs:176:9)\n    at async Test.run (node:internal/test_runner/test:1054:7)\n    at async Suite.processPendingSubtests (node:internal/test_runner/test:744:7) {\n  generatedMessage: true,\n  code: 'ERR_ASSERTION',\n  actual: 'â <anonymous> (996.8132ms)\\n' +\n    'â test has ran (9.5848ms)\\n' +\n    '\\n' +\n    'â failing tests:\\n' +\n    '\\n' +\n    'test at <anonymous>:1:1\\n' +\n    'â <anonymous> (996.8132ms)\\n' +\n    \"  'test failed'\\n\" +\n    'â <anonymous> (981.2199ms)\\n' +\n    'â test has ran (9.4085ms)\\n' +\n    '...',\n  expected: /pass 1/,\n  operator: 'match'\n}\n\nTest failure: 'should run tests with ESM dependency'\nLocation: test\\parallel\\test-runner-watch-mode.mjs:179:7\nAssertionError [ERR_ASSERTION]: The input did not match the regular expression /tests 1/. Input:\n\n'â <anonymous> (1012.3572ms)\\n' +\n  'â test has ran (1.8169ms)\\n' +\n  'â <anonymous> (1045.6862ms)\\n' +\n  'â <anonymous> (1044.9299ms)\\n' +\n  'â <anonymous> (971.2722ms)\\n' +\n  'â test has ran (8.8107ms)\\n' +\n  '\\n' +\n  'â failing tests:\\n' +\n  '\\n' +\n  'test at <anonymous>:1:1\\n' +\n  'â <anonymous> (1012.3572ms)\\n' +\n  \"  'test failed'\\n\" +\n  '\\n' +\n  'test at <anonymous>:1:1\\n' +\n  'â <anonymous> (1045.6862ms)\\n' +\n  \"  'test failed'\\n\" +\n  '\\n' +\n  'test at <anonymous>:1:1\\n' +\n  'â <anonymous> (1044.9299ms)\\n' +\n  \"  'test failed'\\n\" +\n  '\\n' +\n  'test at <anonymous>:1:1\\n' +\n  'â <anonymous> (971.2722ms)\\n' +\n  \"  'test failed'\\n\" +\n  'â¹ tests 6\\n' +\n  'â¹ suites 0\\n' +\n  'â¹ pass 2\\n' +\n  'â¹ fail 4\\n' +\n  'â¹ cancelled 0\\n' +\n  'â¹ skipped 0\\n' +\n  'â¹ todo 0\\n' +\n  'â¹ duration_ms 1038.2928\\n'\n\n    at testUpdate (file:///c:/workspace/node-test-binary-windows-js-suites/node/test/parallel/test-runner-watch-mode.mjs:80:14)\n    at process.processTicksAndRejections (node:internal/process/task_queues:105:5)\n    at async testWatch (file:///c:/workspace/node-test-binary-windows-js-suites/node/test/parallel/test-runner-watch-mode.mjs:161:26)\n    at async TestContext.<anonymous> (file:///c:/workspace/node-test-binary-windows-js-suites/node/test/parallel/test-runner-watch-mode.mjs:180:9)\n    at async Test.run (node:internal/test_runner/test:1054:7)\n    at async Suite.processPendingSubtests (node:internal/test_runner/test:744:7) {\n  generatedMessage: true,\n  code: 'ERR_ASSERTION',\n  actual: 'â <anonymous> (1012.3572ms)\\n' +\n    'â test has ran (1.8169ms)\\n' +\n    'â <anonymous> (1045.6862ms)\\n' +\n    'â <anonymous> (1044.9299ms)\\n' +\n    'â <anonymous> (971.2722ms)\\n' +\n    'â test has ran (8.8107ms)\\n' +\n    '\\n' +\n    'â failing tests:\\n' +\n    '\\n' +\n    'test at <anonymous>:1:1\\n' +\n    '...',\n  expected: /tests 1/,\n  operator: 'match'\n}\n\nTest failure: 'should support running tests without a file'\nLocation: test\\parallel\\test-runner-watch-mode.mjs:183:7\nAssertionError [ERR_ASSERTION]: The input did not match the regular expression /tests 1/. Input:\n\n'â test has ran (8.817ms)\\n' +\n  'â <anonymous> (1093.6313ms)\\n' +\n  'â test has ran (39.677ms)\\n' +\n  '\\n' +\n  'â failing tests:\\n' +\n  '\\n' +\n  'test at <anonymous>:1:1\\n' +\n  'â <anonymous> (1093.6313ms)\\n' +\n  \"  'test failed'\\n\" +\n  'â test has ran (9.3041ms)\\n' +\n  'â¹ tests 4\\n' +\n  'â¹ suites 0\\n' +\n  'â¹ pass 3\\n' +\n  'â¹ fail 1\\n' +\n  'â¹ cancelled 0\\n' +\n  'â¹ skipped 0\\n' +\n  'â¹ todo 0\\n' +\n  'â¹ duration_ms 1092.2693\\n'\n\n    at testUpdate (file:///c:/workspace/node-test-binary-windows-js-suites/node/test/parallel/test-runner-watch-mode.mjs:80:14)\n    at process.processTicksAndRejections (node:internal/process/task_queues:105:5)\n    at async testWatch (file:///c:/workspace/node-test-binary-windows-js-suites/node/test/parallel/test-runner-watch-mode.mjs:161:26)\n    at async TestContext.<anonymous> (file:///c:/workspace/node-test-binary-windows-js-suites/node/test/parallel/test-runner-watch-mode.mjs:184:9)\n    at async Test.run (node:internal/test_runner/test:1054:7)\n    at async Suite.processPendingSubtests (node:internal/test_runner/test:744:7) {\n  generatedMessage: true,\n  code: 'ERR_ASSERTION',\n  actual: 'â test has ran (8.817ms)\\n' +\n    'â <anonymous> (1093.6313ms)\\n' +\n    'â test has ran (39.677ms)\\n' +\n    '\\n' +\n    'â failing tests:\\n' +\n    '\\n' +\n    'test at <anonymous>:1:1\\n' +\n    'â <anonymous> (1093.6313ms)\\n' +\n    \"  'test failed'\\n\" +\n    'â test has ran (9.3041ms)\\n' +\n    '...',\n  expected: /tests 1/,\n  operator: 'match'\n}\n\nTest failure: 'should support a watched test file rename'\nLocation: test\\parallel\\test-runner-watch-mode.mjs:187:7\nError: ENOENT: no such file or directory, rename 'c:\\workspace\\node-test-binary-windows-js-suites\\node\\test\\.tmp.731\\test.js' -> 'c:\\workspace\\node-test-binary-windows-js-suites\\node\\test\\.tmp.731\\test-renamed-test.js'\n    at renameSync (node:fs:1020:11)\n    at Timeout._onTimeout (file:///c:/workspace/node-test-binary-windows-js-suites/node/test/parallel/test-runner-watch-mode.mjs:93:40)\n    at listOnTimeout (node:internal/timers:588:17)\n    at process.processTimers (node:internal/timers:523:7) {\n  errno: -4058,\n  code: 'ENOENT',\n  syscall: 'rename',\n  path: 'c:\\\\workspace\\\\node-test-binary-windows-js-suites\\\\node\\\\test\\\\.tmp.731\\\\test.js',\n  dest: 'c:\\\\workspace\\\\node-test-binary-windows-js-suites\\\\node\\\\test\\\\.tmp.731\\\\test-renamed-test.js'\n}\n\nTest failure: 'should not throw when delete a watched test file'\nLocation: test\\parallel\\test-runner-watch-mode.mjs:191:7\nError: EBUSY: resource busy or locked, rmdir 'c:\\workspace\\node-test-binary-windows-js-suites\\node\\test\\.tmp.731'\n    at rmdirSync (node:fs:1201:11)\n    at _rmdirSync (node:internal/fs/rimraf:236:5)\n    at rimrafSync (node:internal/fs/rimraf:194:7)\n    at Object.rmSync (node:fs:1247:10)\n    at rmSync (c:\\workspace\\node-test-binary-windows-js-suites\\node\\test\\common\\tmpdir.js:31:8)\n    at Object.refresh (c:\\workspace\\node-test-binary-windows-js-suites\\node\\test\\common\\tmpdir.js:46:3)\n    at TestContext.refresh (file:///c:/workspace/node-test-binary-windows-js-suites/node/test/parallel/test-runner-watch-mode.mjs:31:10)\n    at TestHook.runInAsyncScope (node:async_hooks:214:14)\n    at TestHook.run (node:internal/test_runner/test:1047:25)\n    at TestHook.run (node:internal/test_runner/test:1354:18) {\n  errno: -4082,\n  code: 'EBUSY',\n  syscall: 'rmdir',\n  path: 'c:\\\\workspace\\\\node-test-binary-windows-js-suites\\\\node\\\\test\\\\.tmp.731'\n}\n\nTest failure: 'should run new tests when a new file is created in the watched directory'\nLocation: test\\parallel\\test-runner-watch-mode.mjs:195:7\nError: EBUSY: resource busy or locked, rmdir 'c:\\workspace\\node-test-binary-windows-js-suites\\node\\test\\.tmp.731'\n    at rmdirSync (node:fs:1201:11)\n    at _rmdirSync (node:internal/fs/rimraf:236:5)\n    at rimrafSync (node:internal/fs/rimraf:194:7)\n    at Object.rmSync (node:fs:1247:10)\n    at rmSync (c:\\workspace\\node-test-binary-windows-js-suites\\node\\test\\common\\tmpdir.js:31:8)\n    at Object.refresh (c:\\workspace\\node-test-binary-windows-js-suites\\node\\test\\common\\tmpdir.js:46:3)\n    at TestContext.refresh (file:///c:/workspace/node-test-binary-windows-js-suites/node/test/parallel/test-runner-watch-mode.mjs:31:10)\n    at TestHook.runInAsyncScope (node:async_hooks:214:14)\n    at TestHook.run (node:internal/test_runner/test:1047:25)\n    at TestHook.run (node:internal/test_runner/test:1354:18) {\n  errno: -4082,\n  code: 'EBUSY',\n  syscall: 'rmdir',\n  path: 'c:\\\\workspace\\\\node-test-binary-windows-js-suites\\\\node\\\\test\\\\.tmp.731'\n}\n\nTest failure: 'should run tests repeatedly'\nLocation: test\\parallel\\test-runner-watch-mode.mjs:171:7\nError: EBUSY: resource busy or locked, rmdir 'c:\\workspace\\node-test-binary-windows-js-suites\\node\\test\\.tmp.731'\n    at rmdirSync (node:fs:1201:11)\n    at _rmdirSync (node:internal/fs/rimraf:236:5)\n    at rimrafSync (node:internal/fs/rimraf:194:7)\n    at Object.rmSync (node:fs:1247:10)\n    at rmSync (c:\\workspace\\node-test-binary-windows-js-suites\\node\\test\\common\\tmpdir.js:31:8)\n    at Object.refresh (c:\\workspace\\node-test-binary-windows-js-suites\\node\\test\\common\\tmpdir.js:46:3)\n    at TestContext.refresh (file:///c:/workspace/node-test-binary-windows-js-suites/node/test/parallel/test-runner-watch-mode.mjs:31:10)\n    at TestHook.runInAsyncScope (node:async_hooks:214:14)\n    at TestHook.run (node:internal/test_runner/test:1047:25)\n    at TestHook.run (node:internal/test_runner/test:1354:18) {\n  errno: -4082,\n  code: 'EBUSY',\n  syscall: 'rmdir',\n  path: 'c:\\\\workspace\\\\node-test-binary-windows-js-suites\\\\node\\\\test\\\\.tmp.731'\n}\n\nTest failure: 'should run tests with dependency repeatedly'\nLocation: test\\parallel\\test-runner-watch-mode.mjs:175:7\nError: EBUSY: resource busy or locked, rmdir 'c:\\workspace\\node-test-binary-windows-js-suites\\node\\test\\.tmp.731'\n    at rmdirSync (node:fs:1201:11)\n    at _rmdirSync (node:internal/fs/rimraf:236:5)\n    at rimrafSync (node:internal/fs/rimraf:194:7)\n    at Object.rmSync (node:fs:1247:10)\n    at rmSync (c:\\workspace\\node-test-binary-windows-js-suites\\node\\test\\common\\tmpdir.js:31:8)\n    at Object.refresh (c:\\workspace\\node-test-binary-windows-js-suites\\node\\test\\common\\tmpdir.js:46:3)\n    at TestContext.refresh (file:///c:/workspace/node-test-binary-windows-js-suites/node/test/parallel/test-runner-watch-mode.mjs:31:10)\n    at TestHook.runInAsyncScope (node:async_hooks:214:14)\n    at TestHook.run (node:internal/test_runner/test:1047:25)\n    at TestHook.run (node:internal/test_runner/test:1354:18) {\n  errno: -4082,\n  code: 'EBUSY',\n  syscall: 'rmdir',\n  path: 'c:\\\\workspace\\\\node-test-binary-windows-js-suites\\\\node\\\\test\\\\.tmp.731'\n}\n\nTest failure: 'should run tests with ESM dependency'\nLocation: test\\parallel\\test-runner-watch-mode.mjs:179:7\nError: EBUSY: resource busy or locked, rmdir 'c:\\workspace\\node-test-binary-windows-js-suites\\node\\test\\.tmp.731'\n    at rmdirSync (node:fs:1201:11)\n    at _rmdirSync (node:internal/fs/rimraf:236:5)\n    at rimrafSync (node:internal/fs/rimraf:194:7)\n    at Object.rmSync (node:fs:1247:10)\n    at rmSync (c:\\workspace\\node-test-binary-windows-js-suites\\node\\test\\common\\tmpdir.js:31:8)\n    at Object.refresh (c:\\workspace\\node-test-binary-windows-js-suites\\node\\test\\common\\tmpdir.js:46:3)\n    at TestContext.refresh (file:///c:/workspace/node-test-binary-windows-js-suites/node/test/parallel/test-runner-watch-mode.mjs:31:10)\n    at TestHook.runInAsyncScope (node:async_hooks:214:14)\n    at TestHook.run (node:internal/test_runner/test:1047:25)\n    at TestHook.run (node:internal/test_runner/test:1354:18) {\n  errno: -4082,\n  code: 'EBUSY',\n  syscall: 'rmdir',\n  path: 'c:\\\\workspace\\\\node-test-binary-windows-js-suites\\\\node\\\\test\\\\.tmp.731'\n}\n\nTest failure: 'should support running tests without a file'\nLocation: test\\parallel\\test-runner-watch-mode.mjs:183:7\nError: EBUSY: resource busy or locked, rmdir 'c:\\workspace\\node-test-binary-windows-js-suites\\node\\test\\.tmp.731'\n    at rmdirSync (node:fs:1201:11)\n    at _rmdirSync (node:internal/fs/rimraf:236:5)\n    at rimrafSync (node:internal/fs/rimraf:194:7)\n    at Object.rmSync (node:fs:1247:10)\n    at rmSync (c:\\workspace\\node-test-binary-windows-js-suites\\node\\test\\common\\tmpdir.js:31:8)\n    at Object.refresh (c:\\workspace\\node-test-binary-windows-js-suites\\node\\test\\common\\tmpdir.js:46:3)\n    at TestContext.refresh (file:///c:/workspace/node-test-binary-windows-js-suites/node/test/parallel/test-runner-watch-mode.mjs:31:10)\n    at TestHook.runInAsyncScope (node:async_hooks:214:14)\n    at TestHook.run (node:internal/test_runner/test:1047:25)\n    at TestHook.run (node:internal/test_runner/test:1354:18) {\n  errno: -4082,\n  code: 'EBUSY',\n  syscall: 'rmdir',\n  path: 'c:\\\\workspace\\\\node-test-binary-windows-js-suites\\\\node\\\\test\\\\.tmp.731'\n}\n\nTest failure: 'should support a watched test file rename'\nLocation: test\\parallel\\test-runner-watch-mode.mjs:187:7\nError: EBUSY: resource busy or locked, rmdir 'c:\\workspace\\node-test-binary-windows-js-suites\\node\\test\\.tmp.731'\n    at rmdirSync (node:fs:1201:11)\n    at _rmdirSync (node:internal/fs/rimraf:236:5)\n    at rimrafSync (node:internal/fs/rimraf:194:7)\n    at Object.rmSync (node:fs:1247:10)\n    at rmSync (c:\\workspace\\node-test-binary-windows-js-suites\\node\\test\\common\\tmpdir.js:31:8)\n    at Object.refresh (c:\\workspace\\node-test-binary-windows-js-suites\\node\\test\\common\\tmpdir.js:46:3)\n    at TestContext.refresh (file:///c:/workspace/node-test-binary-windows-js-suites/node/test/parallel/test-runner-watch-mode.mjs:31:10)\n    at TestHook.runInAsyncScope (node:async_hooks:214:14)\n    at TestHook.run (node:internal/test_runner/test:1047:25)\n    at TestHook.run (node:internal/test_runner/test:1354:18) {\n  errno: -4082,\n  code: 'EBUSY',\n  syscall: 'rmdir',\n  path: 'c:\\\\workspace\\\\node-test-binary-windows-js-suites\\\\node\\\\test\\\\.tmp.731'\n}\n\nTest failure: 'should not throw when delete a watched test file'\nLocation: test\\parallel\\test-runner-watch-mode.mjs:191:7\nError: EBUSY: resource busy or locked, rmdir 'c:\\workspace\\node-test-binary-windows-js-suites\\node\\test\\.tmp.731'\n    at rmdirSync (node:fs:1201:11)\n    at _rmdirSync (node:internal/fs/rimraf:236:5)\n    at rimrafSync (node:internal/fs/rimraf:194:7)\n    at Object.rmSync (node:fs:1247:10)\n    at rmSync (c:\\workspace\\node-test-binary-windows-js-suites\\node\\test\\common\\tmpdir.js:31:8)\n    at Object.refresh (c:\\workspace\\node-test-binary-windows-js-suites\\node\\test\\common\\tmpdir.js:46:3)\n    at TestContext.refresh (file:///c:/workspace/node-test-binary-windows-js-suites/node/test/parallel/test-runner-watch-mode.mjs:31:10)\n    at TestHook.runInAsyncScope (node:async_hooks:214:14)\n    at TestHook.run (node:internal/test_runner/test:1047:25)\n    at TestHook.run (node:internal/test_runner/test:1354:18) {\n  errno: -4082,\n  code: 'EBUSY',\n  syscall: 'rmdir',\n  path: 'c:\\\\workspace\\\\node-test-binary-windows-js-suites\\\\node\\\\test\\\\.tmp.731'\n}\n\nTest failure: 'should run new tests when a new file is created in the watched directory'\nLocation: test\\parallel\\test-runner-watch-mode.mjs:195:7\nError: EBUSY: resource busy or locked, rmdir 'c:\\workspace\\node-test-binary-windows-js-suites\\node\\test\\.tmp.731'\n    at rmdirSync (node:fs:1201:11)\n    at _rmdirSync (node:internal/fs/rimraf:236:5)\n    at rimrafSync (node:internal/fs/rimraf:194:7)\n    at Object.rmSync (node:fs:1247:10)\n    at rmSync (c:\\workspace\\node-test-binary-windows-js-suites\\node\\test\\common\\tmpdir.js:31:8)\n    at Object.refresh (c:\\workspace\\node-test-binary-windows-js-suites\\node\\test\\common\\tmpdir.js:46:3)\n    at TestContext.refresh (file:///c:/workspace/node-test-binary-windows-js-suites/node/test/parallel/test-runner-watch-mode.mjs:31:10)\n    at TestHook.runInAsyncScope (node:async_hooks:214:14)\n    at TestHook.run (node:internal/test_runner/test:1047:25)\n    at TestHook.run (node:internal/test_runner/test:1354:18) {\n  errno: -4082,\n  code: 'EBUSY',\n  syscall: 'rmdir',\n  path: 'c:\\\\workspace\\\\node-test-binary-windows-js-suites\\\\node\\\\test\\\\.tmp.731'\n}"},"time":35168.268,"fullname":"parallel/test-runner-watch-mode","closingTestPoint":false}},{"testName":"parallel/test-fs-cp","timestamp":1750586106355,"status":"FAILED","jobName":"node-test-binary-windows-js-suites","config":"node-test-binary-windows-js-suites Â» 2,win2019-COMPILED_BY-vs2022 #34972","buildUrl":"https://ci.nodejs.org/job/node-test-binary-windows-js-suites/RUN_SUBSET=2,nodes=win2019-COMPILED_BY-vs2022/34972/","buildNumber":34972,"builtOn":"test-rackspace-win2019_vs2019-x64-4","nodeVersion":"22.16.1","commitHash":"bd6743b43462863c98942d4e15d5c44667a94d60","callStack":[{"upstreamBuild":71204,"upstreamProject":"node-test-commit-windows-fanned","upstreamUrl":"job/node-test-commit-windows-fanned/"},{"upstreamBuild":80799,"upstreamProject":"node-test-commit","upstreamUrl":"job/node-test-commit/"},{"upstreamBuild":243,"upstreamProject":"node-daily-v22.x-staging","upstreamUrl":"job/node-daily-v22.x-staging/"}],"tap":{"ok":false,"name":"parallel/test-fs-cp","id":310,"buffered":false,"tapError":null,"skip":false,"todo":": Fix flaky test","previous":null,"plan":null,"diag":{"severity":"flaky","exitcode":3221226505,"stack":""},"time":626.029,"fullname":"parallel/test-fs-cp","closingTestPoint":false}},{"testName":"parallel/test-runner-watch-mode","timestamp":1750586106355,"status":"FAILED","jobName":"node-test-binary-windows-js-suites","config":"node-test-binary-windows-js-suites Â» 3,win2019-COMPILED_BY-vs2022 #34972","buildUrl":"https://ci.nodejs.org/job/node-test-binary-windows-js-suites/RUN_SUBSET=3,nodes=win2019-COMPILED_BY-vs2022/34972/","buildNumber":34972,"builtOn":"test-rackspace-win2019_vs2019-x64-2","nodeVersion":"22.16.1","commitHash":"bd6743b43462863c98942d4e15d5c44667a94d60","callStack":[{"upstreamBuild":71204,"upstreamProject":"node-test-commit-windows-fanned","upstreamUrl":"job/node-test-commit-windows-fanned/"},{"upstreamBuild":80799,"upstreamProject":"node-test-commit","upstreamUrl":"job/node-test-commit/"},{"upstreamBuild":243,"upstreamProject":"node-daily-v22.x-staging","upstreamUrl":"job/node-daily-v22.x-staging/"}],"tap":{"ok":false,"name":"parallel/test-runner-watch-mode","id":1015,"buffered":false,"tapError":null,"skip":false,"todo":": Fix flaky test","previous":null,"plan":null,"diag":{"severity":"flaky","exitcode":1,"stack":"Test failure: 'should run tests with ESM dependency'\nLocation: test\\parallel\\test-runner-watch-mode.mjs:179:7\nAssertionError [ERR_ASSERTION]: The input did not match the regular expression /tests 1/. Input:\n\n'â <anonymous> (1077.2347ms)\\n' +\n  'â test has ran (2.585ms)\\n' +\n  '\\n' +\n  'â failing tests:\\n' +\n  '\\n' +\n  'test at <anonymous>:1:1\\n' +\n  'â <anonymous> (1077.2347ms)\\n' +\n  \"  'test failed'\\n\" +\n  'â¹ tests 2\\n' +\n  'â¹ suites 0\\n' +\n  'â¹ pass 1\\n' +\n  'â¹ fail 1\\n' +\n  'â¹ cancelled 0\\n' +\n  'â¹ skipped 0\\n' +\n  'â¹ todo 0\\n' +\n  'â¹ duration_ms 373.1721\\n'\n\n    at testUpdate (file:///C:/workspace/node-test-binary-windows-js-suites/node/test/parallel/test-runner-watch-mode.mjs:80:14)\n    at process.processTicksAndRejections (node:internal/process/task_queues:105:5)\n    at async testWatch (file:///C:/workspace/node-test-binary-windows-js-suites/node/test/parallel/test-runner-watch-mode.mjs:161:26)\n    at async TestContext.<anonymous> (file:///C:/workspace/node-test-binary-windows-js-suites/node/test/parallel/test-runner-watch-mode.mjs:180:9)\n    at async Test.run (node:internal/test_runner/test:1054:7)\n    at async Suite.processPendingSubtests (node:internal/test_runner/test:744:7) {\n  generatedMessage: true,\n  code: 'ERR_ASSERTION',\n  actual: 'â <anonymous> (1077.2347ms)\\n' +\n    'â test has ran (2.585ms)\\n' +\n    '\\n' +\n    'â failing tests:\\n' +\n    '\\n' +\n    'test at <anonymous>:1:1\\n' +\n    'â <anonymous> (1077.2347ms)\\n' +\n    \"  'test failed'\\n\" +\n    'â¹ tests 2\\n' +\n    'â¹ suites 0\\n' +\n    '...',\n  expected: /tests 1/,\n  operator: 'match'\n}\n\nTest failure: 'should run new tests when a new file is created in the watched directory'\nLocation: test\\parallel\\test-runner-watch-mode.mjs:195:7\nAssertionError [ERR_ASSERTION]: The input did not match the regular expression /tests 1/. Input:\n\n'â new-test-file.test.js (2.3563ms)\\n' +\n  'â test has ran (0.339ms)\\n' +\n  'â¹ tests 2\\n' +\n  'â¹ suites 0\\n' +\n  'â¹ pass 2\\n' +\n  'â¹ fail 0\\n' +\n  'â¹ cancelled 0\\n' +\n  'â¹ skipped 0\\n' +\n  'â¹ todo 0\\n' +\n  'â¹ duration_ms 273.1017\\n'\n\n    at testCreate (file:///C:/workspace/node-test-binary-windows-js-suites/node/test/parallel/test-runner-watch-mode.mjs:154:14)\n    at process.processTicksAndRejections (node:internal/process/task_queues:105:5)\n    at async testWatch (file:///C:/workspace/node-test-binary-windows-js-suites/node/test/parallel/test-runner-watch-mode.mjs:164:26)\n    at async TestContext.<anonymous> (file:///C:/workspace/node-test-binary-windows-js-suites/node/test/parallel/test-runner-watch-mode.mjs:200:9)\n    at async Test.run (node:internal/test_runner/test:1054:7)\n    at async Suite.processPendingSubtests (node:internal/test_runner/test:744:7) {\n  generatedMessage: true,\n  code: 'ERR_ASSERTION',\n  actual: 'â new-test-file.test.js (2.3563ms)\\n' +\n    'â test has ran (0.339ms)\\n' +\n    'â¹ tests 2\\n' +\n    'â¹ suites 0\\n' +\n    'â¹ pass 2\\n' +\n    'â¹ fail 0\\n' +\n    'â¹ cancelled 0\\n' +\n    'â¹ skipped 0\\n' +\n    'â¹ todo 0\\n' +\n    'â¹ duration_ms 273.1017\\n' +\n    '...',\n  expected: /tests 1/,\n  operator: 'match'\n}"},"time":28481.169,"fullname":"parallel/test-runner-watch-mode","closingTestPoint":false}},{"testName":"parallel/test-fs-cp","timestamp":1750586106355,"status":"FAILED","jobName":"node-test-binary-windows-js-suites","config":"node-test-binary-windows-js-suites Â» 2,win10-COMPILED_BY-vs2022 #34972","buildUrl":"https://ci.nodejs.org/job/node-test-binary-windows-js-suites/RUN_SUBSET=2,nodes=win10-COMPILED_BY-vs2022/34972/","buildNumber":34972,"builtOn":"test-azure_msft-win10_vs2019-x64-1","nodeVersion":"22.16.1","commitHash":"bd6743b43462863c98942d4e15d5c44667a94d60","callStack":[{"upstreamBuild":71204,"upstreamProject":"node-test-commit-windows-fanned","upstreamUrl":"job/node-test-commit-windows-fanned/"},{"upstreamBuild":80799,"upstreamProject":"node-test-commit","upstreamUrl":"job/node-test-commit/"},{"upstreamBuild":243,"upstreamProject":"node-daily-v22.x-staging","upstreamUrl":"job/node-daily-v22.x-staging/"}],"tap":{"ok":false,"name":"parallel/test-fs-cp","id":310,"buffered":false,"tapError":null,"skip":false,"todo":": Fix flaky test","previous":null,"plan":null,"diag":{"severity":"flaky","exitcode":3221226505,"stack":""},"time":2019.017,"fullname":"parallel/test-fs-cp","closingTestPoint":false}},{"testName":"parallel/test-fs-cp","timestamp":1750586106355,"status":"FAILED","jobName":"node-test-binary-windows-js-suites","config":"node-test-binary-windows-js-suites Â» 3,win11-arm64-COMPILED_BY-vs2022-arm64 #34972","buildUrl":"https://ci.nodejs.org/job/node-test-binary-windows-js-suites/RUN_SUBSET=3,nodes=win11-arm64-COMPILED_BY-vs2022-arm64/34972/","buildNumber":34972,"builtOn":"test-azure_msft-win11_vs2022-arm64-6","nodeVersion":"22.16.1","commitHash":"bd6743b43462863c98942d4e15d5c44667a94d60","callStack":[{"upstreamBuild":71204,"upstreamProject":"node-test-commit-windows-fanned","upstreamUrl":"job/node-test-commit-windows-fanned/"},{"upstreamBuild":80799,"upstreamProject":"node-test-commit","upstreamUrl":"job/node-test-commit/"},{"upstreamBuild":243,"upstreamProject":"node-daily-v22.x-staging","upstreamUrl":"job/node-daily-v22.x-staging/"}],"tap":{"ok":false,"name":"parallel/test-fs-cp","id":307,"buffered":false,"tapError":null,"skip":false,"todo":": Fix flaky test","previous":null,"plan":null,"diag":{"severity":"flaky","exitcode":3221226505,"stack":""},"time":662,"fullname":"parallel/test-fs-cp","closingTestPoint":false}},{"testName":"parallel/test-fs-cp","timestamp":1750586106355,"status":"FAILED","jobName":"node-test-binary-windows-js-suites","config":"node-test-binary-windows-js-suites Â» 2,win2016-COMPILED_BY-vs2022-x86 #34972","buildUrl":"https://ci.nodejs.org/job/node-test-binary-windows-js-suites/RUN_SUBSET=2,nodes=win2016-COMPILED_BY-vs2022-x86/34972/","buildNumber":34972,"builtOn":"test-rackspace-win2016_vs2015-x64-2","nodeVersion":"22.16.1","commitHash":"bd6743b43462863c98942d4e15d5c44667a94d60","callStack":[{"upstreamBuild":71204,"upstreamProject":"node-test-commit-windows-fanned","upstreamUrl":"job/node-test-commit-windows-fanned/"},{"upstreamBuild":80799,"upstreamProject":"node-test-commit","upstreamUrl":"job/node-test-commit/"},{"upstreamBuild":243,"upstreamProject":"node-daily-v22.x-staging","upstreamUrl":"job/node-daily-v22.x-staging/"}],"tap":{"ok":false,"name":"parallel/test-fs-cp","id":309,"buffered":false,"tapError":null,"skip":false,"todo":": Fix flaky test","previous":null,"plan":null,"diag":{"severity":"flaky","exitcode":3221226505,"stack":""},"time":482.041,"fullname":"parallel/test-fs-cp","closingTestPoint":false}},{"testName":"pummel/test-string-decoder-large-buffer","timestamp":1750586106355,"status":"FAILED","jobName":"node-test-binary-windows-js-suites","config":"node-test-binary-windows-js-suites Â» 1,win11-COMPILED_BY-vs2022 #34972","buildUrl":"https://ci.nodejs.org/job/node-test-binary-windows-js-suites/RUN_SUBSET=1,nodes=win11-COMPILED_BY-vs2022/34972/","buildNumber":34972,"builtOn":"test-azure_msft-win11_vs2022-x64-1","nodeVersion":"22.16.1","commitHash":"bd6743b43462863c98942d4e15d5c44667a94d60","callStack":[{"upstreamBuild":71204,"upstreamProject":"node-test-commit-windows-fanned","upstreamUrl":"job/node-test-commit-windows-fanned/"},{"upstreamBuild":80799,"upstreamProject":"node-test-commit","upstreamUrl":"job/node-test-commit/"},{"upstreamBuild":243,"upstreamProject":"node-daily-v22.x-staging","upstreamUrl":"job/node-daily-v22.x-staging/"}],"tap":{"ok":false,"name":"pummel/test-string-decoder-large-buffer","id":1028,"buffered":false,"tapError":null,"skip":false,"todo":false,"previous":null,"plan":null,"diag":{"severity":"fail","exitcode":1,"stack":"c:\\workspace\\node-test-binary-windows-js-suites\\node\\test\\pummel\\test-string-decoder-large-buffer.js:26\n    throw e;\n    ^\n\nRangeError: Array buffer allocation failed\n    at new ArrayBuffer (<anonymous>)\n    at new Uint8Array (<anonymous>)\n    at new FastBuffer (node:internal/buffer:961:5)\n    at createUnsafeBuffer (node:internal/buffer:1097:12)\n    at allocate (node:buffer:444:10)\n    at Function.allocUnsafe (node:buffer:409:10)\n    at Object.<anonymous> (c:\\workspace\\node-test-binary-windows-js-suites\\node\\test\\pummel\\test-string-decoder-large-buffer.js:21:22)\n    at Module._compile (node:internal/modules/cjs/loader:1730:14)\n    at Object..js (node:internal/modules/cjs/loader:1895:10)\n    at Module.load (node:internal/modules/cjs/loader:1465:32)\n\nNode.js v22.16.1-pre"},"time":170.598,"fullname":"pummel/test-string-decoder-large-buffer","closingTestPoint":false}}]}