{"failedTests":[{"testName":"parallel/test-fs-cp","timestamp":1750933271866,"status":"FAILED","jobName":"node-test-binary-windows-js-suites","config":"node-test-binary-windows-js-suites » 2,win11-COMPILED_BY-vs2022 #35038","buildUrl":"https://ci.nodejs.org/job/node-test-binary-windows-js-suites/RUN_SUBSET=2,nodes=win11-COMPILED_BY-vs2022/35038/","buildNumber":35038,"builtOn":"test-azure_msft-win11_vs2022-x64-2","nodeVersion":"22.17.1","commitHash":"833eb028da667f6141021e57de6812556414bdad","callStack":[{"upstreamBuild":71269,"upstreamProject":"node-test-commit-windows-fanned","upstreamUrl":"job/node-test-commit-windows-fanned/"},{"upstreamBuild":80864,"upstreamProject":"node-test-commit","upstreamUrl":"job/node-test-commit/"},{"upstreamBuild":247,"upstreamProject":"node-daily-v22.x-staging","upstreamUrl":"job/node-daily-v22.x-staging/"}],"tap":{"ok":false,"name":"parallel/test-fs-cp","id":310,"buffered":false,"tapError":null,"skip":false,"todo":": Fix flaky test","previous":null,"plan":null,"diag":{"severity":"flaky","exitcode":3221226505,"stack":""},"time":320,"fullname":"parallel/test-fs-cp","closingTestPoint":false}},{"testName":"parallel/test-config-file","timestamp":1750933271866,"status":"FAILED","jobName":"node-test-binary-windows-js-suites","config":"node-test-binary-windows-js-suites » 2,win2019-COMPILED_BY-vs2022 #35038","buildUrl":"https://ci.nodejs.org/job/node-test-binary-windows-js-suites/RUN_SUBSET=2,nodes=win2019-COMPILED_BY-vs2022/35038/","buildNumber":35038,"builtOn":"test-rackspace-win2019_vs2019-x64-4","nodeVersion":"22.17.1","commitHash":"833eb028da667f6141021e57de6812556414bdad","callStack":[{"upstreamBuild":71269,"upstreamProject":"node-test-commit-windows-fanned","upstreamUrl":"job/node-test-commit-windows-fanned/"},{"upstreamBuild":80864,"upstreamProject":"node-test-commit","upstreamUrl":"job/node-test-commit/"},{"upstreamBuild":247,"upstreamProject":"node-daily-v22.x-staging","upstreamUrl":"job/node-daily-v22.x-staging/"}],"tap":{"ok":false,"name":"parallel/test-config-file","id":232,"buffered":false,"tapError":null,"skip":false,"todo":false,"previous":null,"plan":null,"diag":{"severity":"fail","exitcode":1,"stack":"Test failure: '--inspect=true should be parsed correctly'\nLocation: test\\parallel\\test-config-file.js:237:1\nAssertionError [ERR_ASSERTION]: The input did not match the regular expression /^Debugger listening on (ws:\\/\\/[^\\s]+)/. Input:\n\n'Starting inspector on 127.0.0.1:9229 failed: address already in use\\r\\n'\n\n    at TestContext.<anonymous> (C:\\workspace\\node-test-binary-windows-js-suites\\node\\test\\parallel\\test-config-file.js:244:3)\n    at process.processTicksAndRejections (node:internal/process/task_queues:105:5)\n    at async Test.run (node:internal/test_runner/test:1054:7)\n    at async Test.processPendingSubtests (node:internal/test_runner/test:744:7) {\n  generatedMessage: true,\n  code: 'ERR_ASSERTION',\n  actual: 'Starting inspector on 127.0.0.1:9229 failed: address already in use\\r\\n',\n  expected: /^Debugger listening on (ws:\\/\\/[^\\s]+)/,\n  operator: 'match'\n}"},"time":4604.062,"fullname":"parallel/test-config-file","closingTestPoint":false}},{"testName":"parallel/test-fs-cp","timestamp":1750933271866,"status":"FAILED","jobName":"node-test-binary-windows-js-suites","config":"node-test-binary-windows-js-suites » 2,win2019-COMPILED_BY-vs2022 #35038","buildUrl":"https://ci.nodejs.org/job/node-test-binary-windows-js-suites/RUN_SUBSET=2,nodes=win2019-COMPILED_BY-vs2022/35038/","buildNumber":35038,"builtOn":"test-rackspace-win2019_vs2019-x64-4","nodeVersion":"22.17.1","commitHash":"833eb028da667f6141021e57de6812556414bdad","callStack":[{"upstreamBuild":71269,"upstreamProject":"node-test-commit-windows-fanned","upstreamUrl":"job/node-test-commit-windows-fanned/"},{"upstreamBuild":80864,"upstreamProject":"node-test-commit","upstreamUrl":"job/node-test-commit/"},{"upstreamBuild":247,"upstreamProject":"node-daily-v22.x-staging","upstreamUrl":"job/node-daily-v22.x-staging/"}],"tap":{"ok":false,"name":"parallel/test-fs-cp","id":309,"buffered":false,"tapError":null,"skip":false,"todo":": Fix flaky test","previous":null,"plan":null,"diag":{"severity":"flaky","exitcode":3221226505,"stack":""},"time":480.008,"fullname":"parallel/test-fs-cp","closingTestPoint":false}},{"testName":"pummel/test-string-decoder-large-buffer","timestamp":1750933271866,"status":"REGRESSION","jobName":"node-test-binary-windows-js-suites","config":"node-test-binary-windows-js-suites » 1,win11-COMPILED_BY-vs2022 #35038","buildUrl":"https://ci.nodejs.org/job/node-test-binary-windows-js-suites/RUN_SUBSET=1,nodes=win11-COMPILED_BY-vs2022/35038/","buildNumber":35038,"builtOn":"test-azure_msft-win11_vs2022-x64-1","nodeVersion":"22.17.1","commitHash":"833eb028da667f6141021e57de6812556414bdad","callStack":[{"upstreamBuild":71269,"upstreamProject":"node-test-commit-windows-fanned","upstreamUrl":"job/node-test-commit-windows-fanned/"},{"upstreamBuild":80864,"upstreamProject":"node-test-commit","upstreamUrl":"job/node-test-commit/"},{"upstreamBuild":247,"upstreamProject":"node-daily-v22.x-staging","upstreamUrl":"job/node-daily-v22.x-staging/"}],"tap":{"ok":false,"name":"pummel/test-string-decoder-large-buffer","id":1028,"buffered":false,"tapError":null,"skip":false,"todo":false,"previous":null,"plan":null,"diag":{"severity":"fail","exitcode":1,"stack":"c:\\workspace\\node-test-binary-windows-js-suites\\node\\test\\pummel\\test-string-decoder-large-buffer.js:26\n    throw e;\n    ^\n\nRangeError: Array buffer allocation failed\n    at new ArrayBuffer (<anonymous>)\n    at new Uint8Array (<anonymous>)\n    at new FastBuffer (node:internal/buffer:961:5)\n    at createUnsafeBuffer (node:internal/buffer:1097:12)\n    at allocate (node:buffer:444:10)\n    at Function.allocUnsafe (node:buffer:409:10)\n    at Object.<anonymous> (c:\\workspace\\node-test-binary-windows-js-suites\\node\\test\\pummel\\test-string-decoder-large-buffer.js:21:22)\n    at Module._compile (node:internal/modules/cjs/loader:1730:14)\n    at Object..js (node:internal/modules/cjs/loader:1895:10)\n    at Module.load (node:internal/modules/cjs/loader:1465:32)\n\nNode.js v22.17.1-pre"},"time":186.921,"fullname":"pummel/test-string-decoder-large-buffer","closingTestPoint":false}},{"testName":"parallel/test-config-file","timestamp":1750933271866,"status":"REGRESSION","jobName":"node-test-binary-windows-js-suites","config":"node-test-binary-windows-js-suites » 2,win2022-COMPILED_BY-vs2022 #35038","buildUrl":"https://ci.nodejs.org/job/node-test-binary-windows-js-suites/RUN_SUBSET=2,nodes=win2022-COMPILED_BY-vs2022/35038/","buildNumber":35038,"builtOn":"test-rackspace-win2022_vs2022-x64-3","nodeVersion":"22.17.1","commitHash":"833eb028da667f6141021e57de6812556414bdad","callStack":[{"upstreamBuild":71269,"upstreamProject":"node-test-commit-windows-fanned","upstreamUrl":"job/node-test-commit-windows-fanned/"},{"upstreamBuild":80864,"upstreamProject":"node-test-commit","upstreamUrl":"job/node-test-commit/"},{"upstreamBuild":247,"upstreamProject":"node-daily-v22.x-staging","upstreamUrl":"job/node-daily-v22.x-staging/"}],"tap":{"ok":false,"name":"parallel/test-config-file","id":228,"buffered":false,"tapError":null,"skip":false,"todo":false,"previous":null,"plan":null,"diag":{"severity":"fail","exitcode":1,"stack":"Test failure: '--inspect=true should be parsed correctly'\nLocation: test\\parallel\\test-config-file.js:237:1\nAssertionError [ERR_ASSERTION]: The input did not match the regular expression /^Debugger listening on (ws:\\/\\/[^\\s]+)/. Input:\n\n'Starting inspector on 127.0.0.1:9229 failed: address already in use\\r\\n'\n\n    at TestContext.<anonymous> (C:\\workspace\\node-test-binary-windows-js-suites\\node\\test\\parallel\\test-config-file.js:244:3)\n    at process.processTicksAndRejections (node:internal/process/task_queues:105:5)\n    at async Test.run (node:internal/test_runner/test:1054:7)\n    at async Test.processPendingSubtests (node:internal/test_runner/test:744:7) {\n  generatedMessage: true,\n  code: 'ERR_ASSERTION',\n  actual: 'Starting inspector on 127.0.0.1:9229 failed: address already in use\\r\\n',\n  expected: /^Debugger listening on (ws:\\/\\/[^\\s]+)/,\n  operator: 'match'\n}"},"time":3963.155,"fullname":"parallel/test-config-file","closingTestPoint":false}},{"testName":"parallel/test-fs-cp","timestamp":1750933271866,"status":"FAILED","jobName":"node-test-binary-windows-js-suites","config":"node-test-binary-windows-js-suites » 2,win2022-COMPILED_BY-vs2022 #35038","buildUrl":"https://ci.nodejs.org/job/node-test-binary-windows-js-suites/RUN_SUBSET=2,nodes=win2022-COMPILED_BY-vs2022/35038/","buildNumber":35038,"builtOn":"test-rackspace-win2022_vs2022-x64-3","nodeVersion":"22.17.1","commitHash":"833eb028da667f6141021e57de6812556414bdad","callStack":[{"upstreamBuild":71269,"upstreamProject":"node-test-commit-windows-fanned","upstreamUrl":"job/node-test-commit-windows-fanned/"},{"upstreamBuild":80864,"upstreamProject":"node-test-commit","upstreamUrl":"job/node-test-commit/"},{"upstreamBuild":247,"upstreamProject":"node-daily-v22.x-staging","upstreamUrl":"job/node-daily-v22.x-staging/"}],"tap":{"ok":false,"name":"parallel/test-fs-cp","id":311,"buffered":false,"tapError":null,"skip":false,"todo":": Fix flaky test","previous":null,"plan":null,"diag":{"severity":"flaky","exitcode":3221226505,"stack":""},"time":569.008,"fullname":"parallel/test-fs-cp","closingTestPoint":false}},{"testName":"parallel/test-fs-cp","timestamp":1750933271866,"status":"FAILED","jobName":"node-test-binary-windows-js-suites","config":"node-test-binary-windows-js-suites » 3,win11-arm64-COMPILED_BY-vs2022-arm64 #35038","buildUrl":"https://ci.nodejs.org/job/node-test-binary-windows-js-suites/RUN_SUBSET=3,nodes=win11-arm64-COMPILED_BY-vs2022-arm64/35038/","buildNumber":35038,"builtOn":"test-azure_msft-win11_vs2022-arm64-6","nodeVersion":"22.17.1","commitHash":"833eb028da667f6141021e57de6812556414bdad","callStack":[{"upstreamBuild":71269,"upstreamProject":"node-test-commit-windows-fanned","upstreamUrl":"job/node-test-commit-windows-fanned/"},{"upstreamBuild":80864,"upstreamProject":"node-test-commit","upstreamUrl":"job/node-test-commit/"},{"upstreamBuild":247,"upstreamProject":"node-daily-v22.x-staging","upstreamUrl":"job/node-daily-v22.x-staging/"}],"tap":{"ok":false,"name":"parallel/test-fs-cp","id":306,"buffered":false,"tapError":null,"skip":false,"todo":": Fix flaky test","previous":null,"plan":null,"diag":{"severity":"flaky","exitcode":3221226505,"stack":""},"time":451.998,"fullname":"parallel/test-fs-cp","closingTestPoint":false}},{"testName":"parallel/test-fs-cp","timestamp":1750933271866,"status":"FAILED","jobName":"node-test-binary-windows-js-suites","config":"node-test-binary-windows-js-suites » 2,win2016-COMPILED_BY-vs2022-x86 #35038","buildUrl":"https://ci.nodejs.org/job/node-test-binary-windows-js-suites/RUN_SUBSET=2,nodes=win2016-COMPILED_BY-vs2022-x86/35038/","buildNumber":35038,"builtOn":"test-rackspace-win2016_vs2015-x64-2","nodeVersion":"22.17.1","commitHash":"833eb028da667f6141021e57de6812556414bdad","callStack":[{"upstreamBuild":71269,"upstreamProject":"node-test-commit-windows-fanned","upstreamUrl":"job/node-test-commit-windows-fanned/"},{"upstreamBuild":80864,"upstreamProject":"node-test-commit","upstreamUrl":"job/node-test-commit/"},{"upstreamBuild":247,"upstreamProject":"node-daily-v22.x-staging","upstreamUrl":"job/node-daily-v22.x-staging/"}],"tap":{"ok":false,"name":"parallel/test-fs-cp","id":304,"buffered":false,"tapError":null,"skip":false,"todo":": Fix flaky test","previous":null,"plan":null,"diag":{"severity":"flaky","exitcode":3221226505,"stack":""},"time":314.007,"fullname":"parallel/test-fs-cp","closingTestPoint":false}},{"testName":"parallel/test-fs-cp","timestamp":1750933271866,"status":"FAILED","jobName":"node-test-binary-windows-js-suites","config":"node-test-binary-windows-js-suites » 2,win10-COMPILED_BY-vs2022 #35038","buildUrl":"https://ci.nodejs.org/job/node-test-binary-windows-js-suites/RUN_SUBSET=2,nodes=win10-COMPILED_BY-vs2022/35038/","buildNumber":35038,"builtOn":"test-azure_msft-win10_vs2019-x64-4","nodeVersion":"22.17.1","commitHash":"833eb028da667f6141021e57de6812556414bdad","callStack":[{"upstreamBuild":71269,"upstreamProject":"node-test-commit-windows-fanned","upstreamUrl":"job/node-test-commit-windows-fanned/"},{"upstreamBuild":80864,"upstreamProject":"node-test-commit","upstreamUrl":"job/node-test-commit/"},{"upstreamBuild":247,"upstreamProject":"node-daily-v22.x-staging","upstreamUrl":"job/node-daily-v22.x-staging/"}],"tap":{"ok":false,"name":"parallel/test-fs-cp","id":310,"buffered":false,"tapError":null,"skip":false,"todo":": Fix flaky test","previous":null,"plan":null,"diag":{"severity":"flaky","exitcode":3221226505,"stack":""},"time":252.012,"fullname":"parallel/test-fs-cp","closingTestPoint":false}}]}