{"failedTests":[{"testName":"wasi/test-wasi","timestamp":1753524712225,"status":"FAILED","jobName":"node-test-binary-windows-js-suites","config":"node-test-binary-windows-js-suites » 3,win2016-COMPILED_BY-vs2022-x86 #35750","buildUrl":"https://ci.nodejs.org/job/node-test-binary-windows-js-suites/RUN_SUBSET=3,nodes=win2016-COMPILED_BY-vs2022-x86/35750/","buildNumber":35750,"builtOn":"test-azure_msft-win2016_vs2017-x64-2","nodeVersion":"22.17.2","commitHash":"f981495bc419cd3d177350c5398997330bcf4f5a","callStack":[{"upstreamBuild":71993,"upstreamProject":"node-test-commit-windows-fanned","upstreamUrl":"job/node-test-commit-windows-fanned/"},{"upstreamBuild":81495,"upstreamProject":"node-test-commit","upstreamUrl":"job/node-test-commit/"}],"tap":{"ok":false,"name":"wasi/test-wasi","id":1017,"buffered":false,"tapError":null,"skip":false,"todo":false,"previous":null,"plan":null,"diag":{"severity":"fail","exitcode":1,"stack":"Testing with --turbo-fast-api-calls: clock_getres\nTesting with --no-turbo-fast-api-calls: clock_getres\nTesting with --turbo-fast-api-calls: getrusage\nTesting with --no-turbo-fast-api-calls: getrusage\nTesting with --turbo-fast-api-calls: cant_dotdot\nTesting with --no-turbo-fast-api-calls: cant_dotdot\nTesting with --turbo-fast-api-calls: fd_prestat_get_refresh\nTesting with --no-turbo-fast-api-calls: fd_prestat_get_refresh\nTesting with --turbo-fast-api-calls: ftruncate\nTesting with --no-turbo-fast-api-calls: ftruncate\nTesting with --turbo-fast-api-calls: getentropy\nTesting with --no-turbo-fast-api-calls: getentropy\nTesting with --turbo-fast-api-calls: gettimeofday\nTesting with --no-turbo-fast-api-calls: gettimeofday\nTesting with --turbo-fast-api-calls: main_args\nTesting with --no-turbo-fast-api-calls: main_args\nTesting with --turbo-fast-api-calls: notdir\nTesting with --no-turbo-fast-api-calls: notdir\nTesting with --turbo-fast-api-calls: preopen_populates\nTesting with --no-turbo-fast-api-calls: preopen_populates\nTesting with --turbo-fast-api-calls: stat\nTesting with --no-turbo-fast-api-calls: stat\nTesting with --turbo-fast-api-calls: sock\nTesting with --no-turbo-fast-api-calls: sock\nTesting with --turbo-fast-api-calls: write_file\nTesting with --no-turbo-fast-api-calls: write_file\nTesting with --turbo-fast-api-calls: --target=wasm32-wasip1-threads pthread\n[process 2540]: --- stderr ---\n(node:2540) ExperimentalWarning: WASI is an experimental feature and might change at any time\n(Use `node --trace-warnings ...` to show where the warning was created)\nfd_write(2, 69600, 2, 69596)\nAssertion failed: r == 0 (c/pthread.c: main: 17)\nCan't clean tmpdir: C:\\workspace\\node-test-binary-windows-js-suites\\node\\test\\.tmp.1016\nwasm://wasm/00020abe:1\n\n\nRuntimeError: unreachable\n    at wasm://wasm/00020abe:wasm-function[26]:0x892\n    at wasm://wasm/00020abe:wasm-function[27]:0x8da\n    at wasm://wasm/00020abe:wasm-function[13]:0x46a\n    at wasm://wasm/00020abe:wasm-function[11]:0x328\n    at WASI.start (node:wasi:138:7)\n    at C:\\workspace\\node-test-binary-windows-js-suites\\node\\test\\fixtures\\wasi-preview-1.js:191:20\n\nNode.js v22.17.2-pre\n\n[process 2540]: --- stdout ---\n\n[process 2540]: status = 1, signal = null\nC:\\workspace\\node-test-binary-windows-js-suites\\node\\test\\common\\child_process.js:98\n    throw error;\n    ^\n\nError: - process terminated with status 1, expected 0\n    at testWasiPreview1 (C:\\workspace\\node-test-binary-windows-js-suites\\node\\test\\common\\wasi.js:18:3)\n    at Object.<anonymous> (C:\\workspace\\node-test-binary-windows-js-suites\\node\\test\\wasi\\test-wasi.js:29:1)\n    at Module._compile (node:internal/modules/cjs/loader:1688:14)\n    at Object..js (node:internal/modules/cjs/loader:1820:10)\n    at Module.load (node:internal/modules/cjs/loader:1423:32)\n    at Function._load (node:internal/modules/cjs/loader:1246:12)\n    at TracingChannel.traceSync (node:diagnostics_channel:322:14)\n    at wrapModuleLoad (node:internal/modules/cjs/loader:235:24)\n    at Function.executeUserEntryPoint [as runMain] (node:internal/modules/run_main:171:5)\n    at node:internal/main/run_main_module:36:49 {\n  options: {\n    env: {\n      ALLUSERSPROFILE: 'C:\\\\ProgramData',\n      APPDATA: 'C:\\\\Users\\\\fpwclfxxnhfs\\\\AppData\\\\Roaming',\n      ARG: 'release',\n      BUILD_CAUSE: 'UPSTREAMTRIGGER',\n      BUILD_CAUSE_UPSTREAMTRIGGER: 'true',\n      BUILD_DISPLAY_NAME: '#35750',\n      BUILD_ID: '35750',\n      BUILD_NUMBER: '35750',\n      BUILD_TAG: 'jenkins-node-test-binary-windows-js-suites-RUN_SUBSET=3,nodes=win2016-COMPILED_BY-vs2022-x86-35750',\n      BUILD_URL: 'https://ci.nodejs.org/job/node-test-binary-windows-js-suites/RUN_SUBSET=3,nodes=win2016-COMPILED_BY-vs2022-x86/35750/',\n      CCTEST: '1',\n      CHOCOLATEYINSTALL: 'C:\\\\ProgramData\\\\chocolatey',\n      CHOCOLATEYLASTPATHUPDATE: '133852933447234423',\n      CI: 'true',\n      CI_DOC: 'doctool',\n      CI_JS_SUITES: 'default pummel',\n      CI_NATIVE_SUITES: 'addons js-native-api node-api benchmark',\n      CLASSPATH: '.;',\n      COMMIT_SHA_CHECK: '2b973a6bfd95b424333e7c69c84d805f916af0b3',\n      COMMONPROGRAMFILES: 'C:\\\\Program Files (x86)\\\\Common Files',\n      'COMMONPROGRAMFILES(X86)': 'C:\\\\Program Files (x86)\\\\Common Files',\n      COMMONPROGRAMW6432: 'C:\\\\Program Files\\\\Common Files',\n      COMMON_TEST_SUITES: 'default addons js-native-api node-api&set build_addons=1&set build_js_native_api_tests=1&set build_node_api_tests=1',\n      COMPILED_BY: 'vs2022-x86',\n      COMPUTERNAME: 'node-16-17-2',\n      COMSPEC: 'C:\\\\Windows\\\\system32\\\\cmd.exe',\n      CONFIG: 'Release',\n      CONFIGURE_FLAGS: ' --with-ltcg --dest-cpu=x64 --verbose',\n      DEBUG_HELPER: '1',\n      DIAGFILE: 'c:\\\\jenkins_diagnostics.txt',\n      DISTTYPE: 'release',\n      DISTTYPEDIR: 'release',\n      EXECUTOR_NUMBER: '0',\n      EXIT_CODE: '0',\n      FLAKY_TESTS: 'keep_retrying',\n      FULLVERSION: '22.17.2',\n      GITHUB_ORG: 'nodejs',\n      GIT_COMMIT: 'f981495bc419cd3d177350c5398997330bcf4f5a',\n      GIT_REF: 'refs/heads/jenkins-node-test-commit-windows-fanned-f981495bc419cd3d177350c5398997330bcf4f5a-bin-win-vs2022-x86',\n      GIT_REMOTE_REF: '2b973a6bfd95b424333e7c69c84d805f916af0b3',\n      GIT_REPO: 'binary_tmp@67.158.54.159:binary_tmp.git',\n      GIT_SSH_COMMAND: 'ssh -o UserKnownHostsFile=/dev/null -o StrictHostKeyChecking=no -i /c/workspace/node-test-binary-windows-js-suites@tmp/secretFiles/46f59a50-61d0-446b-9a36-e3b59d57ab82/ci-iojs-org-id_rsa-github',\n      HOMEDRIVE: 'C:',\n      HOMEPATH: '\\\\Users\\\\fpwclfxxnhfs',\n      HUDSON_COOKIE: 'edd6f205-1624-4786-a525-05080c936849',\n      HUDSON_HOME: '/var/lib/jenkins',\n      HUDSON_SERVER_COOKIE: '77c5c04cfa349d13',\n      HUDSON_URL: 'https://ci.nodejs.org/',\n      IGNORE_FLAKY_TESTS: 'true',\n      JAVA_HOME: 'C:\\\\Program Files\\\\Java\\\\jdk1.8.0_211',\n      JENKINS_HOME: '/var/lib/jenkins',\n      JENKINS_SERVER_COOKIE: '77c5c04cfa349d13',\n      JENKINS_TMP_KEY: 'C:\\\\workspace\\\\node-test-binary-windows-js-suites@tmp\\\\secretFiles\\\\46f59a50-61d0-446b-9a36-e3b59d57ab82\\\\ci-iojs-org-id_rsa-github',\n      JENKINS_URL: 'https://ci.nodejs.org/',\n      JOB_BASE_NAME: 'RUN_SUBSET=3,nodes=win2016-COMPILED_BY-vs2022-x86',\n      JOB_DISPLAY_URL: 'https://ci.nodejs.org/job/node-test-binary-windows-js-suites/RUN_SUBSET=3,nodes=win2016-COMPILED_BY-vs2022-x86/display/redirect',\n      JOB_NAME: 'node-test-binary-windows-js-suites/RUN_SUBSET=3,nodes=win2016-COMPILED_BY-vs2022-x86',\n      JOB_URL: 'https://ci.nodejs.org/job/node-test-binary-windows-js-suites/RUN_SUBSET=3,nodes=win2016-COMPILED_BY-vs2022-x86/',\n      JS_SUITES: 'default',\n      LOCALAPPDATA: 'C:\\\\Users\\\\fpwclfxxnhfs\\\\AppData\\\\Local',\n      LOGONSERVER: '\\\\\\\\node-16-17-2',\n      LTCG: '1',\n      NATIVE_SUITES: 'addons js-native-api node-api',\n      NOBUILD: '1',\n      NODEJS_MAJOR_VERSION: '22',\n      NODEJS_VERSION: '22.17.2',\n      NODES: 'win2016-COMPILED_BY-vs2022-x86',\n      NODE_EXE: 'Release\\\\node.exe',\n      NODE_GYP_EXE: '\"Release\\\\node.exe\" deps\\\\npm\\\\node_modules\\\\node-gyp\\\\bin\\\\node-gyp',\n      NODE_LABELS: 'win2016-COMPILED_BY-vs2022-x86 win2016-vs2017-COMPILED_BY-vs2022-x86 test-azure_msft-win2016_vs2017-x64-2 win2016-vs2017-COMPILED_BY-vs2019-x86 win2016 win2016-COMPILED_BY-vs2019-x86 win2016-vs2017 win2016-COMPILED_BY-vs2022_clang',\n      NODE_MAJOR_VERSION: '22',\n      NODE_NAME: 'test-azure_msft-win2016_vs2017-x64-2',\n      NODE_VERSION: '22.17.2',\n      NOPROJGEN: '1',\n      NO_CCTEST: '1',\n      NPM_EXE: '\"C:\\\\workspace\\\\node-test-binary-windows-js-suites\\\\node\\\\Release\\\\node.exe\" C:\\\\workspace\\\\node-test-binary-windows-js-suites\\\\node\\\\deps\\\\npm\\\\bin\\\\npm-cli.js',\n      NUMBER_OF_PROCESSORS: '4',\n      ORIGINALARCHITECTURE: 'AMD64',\n      ORIGINALUSERNAME: 'fpwclfxxnhfs',\n      OS: 'Windows_NT',\n      PATH: 'C:\\\\Program Files\\\\Eclipse Adoptium\\\\jdk-17.0.14.7-hotspot\\\\bin;C:\\\\Python311\\\\Scripts\\\\;C:\\\\Python311\\\\;C:\\\\Python310\\\\Scripts\\\\;C:\\\\Python310\\\\;C:\\\\Python27\\\\;C:\\\\Python27\\\\Scripts;C:\\\\Windows\\\\system32;C:\\\\Windows;C:\\\\Windows\\\\System32\\\\Wbem;C:\\\\Windows\\\\System32\\\\WindowsPowerShell\\\\v1.0\\\\;C:\\\\ProgramData\\\\chocolatey\\\\bin;C:\\\\Program Files\\\\Java\\\\jdk1.8.0_211\\\\bin;C:\\\\Program Files\\\\Git\\\\cmd;C:\\\\Program Files\\\\Git\\\\usr\\\\bin;C:\\\\Program Files\\\\Git\\\\mingw64\\\\bin;C:\\\\Program Files\\\\CMake\\\\bin;C:\\\\Users\\\\fpwclfxxnhfs\\\\AppData\\\\Local\\\\Microsoft\\\\WindowsApps;;C:\\\\Program Files\\\\NASM',\n      PATHEXT: '.COM;.EXE;.BAT;.CMD;.VBS;.VBE;.JS;.JSE;.WSF;.WSH;.MSC;.PY;.PYW',\n      PATH_HKCU: 'C:\\\\Users\\\\fpwclfxxnhfs\\\\AppData\\\\Local\\\\Microsoft\\\\WindowsApps;',\n      PATH_HKLM: 'C:\\\\Program Files\\\\Eclipse Adoptium\\\\jdk-17.0.14.7-hotspot\\\\bin;C:\\\\Python311\\\\Scripts\\\\;C:\\\\Python311\\\\;C:\\\\Python310\\\\Scripts\\\\;C:\\\\Python310\\\\;C:\\\\Python27\\\\;C:\\\\Python27\\\\Scripts;C:\\\\Windows\\\\system32;C:\\\\Windows;C:\\\\Windows\\\\System32\\\\Wbem;C:\\\\Windows\\\\System32\\\\WindowsPowerShell\\\\v1.0\\\\;C:\\\\ProgramData\\\\chocolatey\\\\bin;C:\\\\Program Files\\\\Java\\\\jdk1.8.0_211\\\\bin;C:\\\\Program Files\\\\Git\\\\cmd;C:\\\\Program Files\\\\Git\\\\usr\\\\bin;C:\\\\Program Files\\\\Git\\\\mingw64\\\\bin;C:\\\\Program Files\\\\CMake\\\\bin',\n      PROCESSOR_ARCHITECTURE: 'x86',\n      PROCESSOR_ARCHITEW6432: 'AMD64',\n      PROCESSOR_IDENTIFIER: 'Intel64 Family 6 Model 85 Stepping 7, GenuineIntel',\n      PROCESSOR_LEVEL: '6',\n      PROCESSOR_REVISION: '5507',\n      PROGRAMDATA: 'C:\\\\ProgramData',\n      PROGRAMFILES: 'C:\\\\Program Files (x86)',\n      'PROGRAMFILES(X86)': 'C:\\\\Program Files (x86)',\n      PROGRAMW6432: 'C:\\\\Program Files',\n      PROMPT: '> ',\n      PSMODULEPATH: 'C:\\\\Program Files\\\\WindowsPowerShell\\\\Modules;C:\\\\Windows\\\\system32\\\\WindowsPowerShell\\\\v1.0\\\\Modules',\n      PUBLIC: 'C:\\\\Users\\\\Public',\n      REPO_NAME: 'node',\n      ROOT_BUILD_CAUSE: 'MANUALTRIGGER,DEEPLYNESTEDCAUSES,NAGINATORCAUSE',\n      ROOT_BUILD_CAUSE_DEEPLYNESTEDCAUSES: 'true',\n      ROOT_BUILD_CAUSE_MANUALTRIGGER: 'true',\n      ROOT_BUILD_CAUSE_NAGINATORCAUSE: 'true',\n      RUN_ARTIFACTS_DISPLAY_URL: 'https://ci.nodejs.org/job/node-test-binary-windows-js-suites/RUN_SUBSET=3,nodes=win2016-COMPILED_BY-vs2022-x86/35750/display/redirect?page=artifacts',\n      RUN_CHANGES_DISPLAY_URL: 'https://ci.nodejs.org/job/node-test-binary-windows-js-suites/RUN_SUBSET=3,nodes=win2016-COMPILED_BY-vs2022-x86/35750/display/redirect?page=changes',\n      RUN_DISPLAY_URL: 'https://ci.nodejs.org/job/node-test-binary-windows-js-suites/RUN_SUBSET=3,nodes=win2016-COMPILED_BY-vs2022-x86/35750/display/redirect',\n      RUN_SUBSET: '3',\n      RUN_TESTS_DISPLAY_URL: 'https://ci.nodejs.org/job/node-test-binary-windows-js-suites/RUN_SUBSET=3,nodes=win2016-COMPILED_BY-vs2022-x86/35750/display/redirect?page=tests',\n      SCRIPTS_BRANCH: 'main',\n      SCRIPTS_REPO: 'nodejs/build',\n      SESSIONNAME: 'Console',\n      SYSTEMDRIVE: 'C:',\n      SYSTEMROOT: 'C:\\\\Windows',\n      TARGET: 'Build',\n      TARGET_ARCH: 'x64',\n      TARGET_NAME: 'node-v22.17.2-win-x64',\n      TEMP: 'C:\\\\Users\\\\fpwclfxxnhfs\\\\AppData\\\\Local\\\\Temp',\n      TEMP_BRANCH: 'jenkins-node-test-commit-windows-fanned-f981495bc419cd3d177350c5398997330bcf4f5a',\n      TEMP_PUSH_BRANCH: 'jenkins-node-test-commit-windows-fanned-f981495bc419cd3d177350c5398997330bcf4f5a',\n      TEMP_REPO: 'binary_tmp@67.158.54.159:binary_tmp.git',\n      TEMP_REPO_SERVER: '67.158.54.159',\n      TEST_ARGS: '--mode=release  --flaky-tests=dontcare --run=3,4 --measure-flakiness 9 -p tap --logfile test.tap default pummel',\n      TEST_CI_ARGS: '--run=3,4 --measure-flakiness 9',\n      TMP: 'C:\\\\Users\\\\fpwclfxxnhfs\\\\AppData\\\\Local\\\\Temp',\n      TS: 'Sat 07/26/2025 10:12:13.95',\n      USERDOMAIN: 'node-16-17-2',\n      USERDOMAIN_ROAMINGPROFILE: 'node-16-17-2',\n      USERNAME: 'fpwclfxxnhfs',\n      USERPROFILE: 'C:\\\\Users\\\\fpwclfxxnhfs',\n      VCBUILD_TARGET: 'test-ci-js',\n      WINDIR: 'C:\\\\Windows',\n      WIX: 'C:\\\\Program Files (x86)\\\\WiX Toolset v3.14\\\\',\n      WORKSPACE: 'C:\\\\workspace\\\\node-test-binary-windows-js-suites',\n      WORKSPACE_TMP: 'C:\\\\workspace\\\\node-test-binary-windows-js-suites@tmp',\n      TEST_SERIAL_ID: '1016',\n      TEST_THREAD_ID: '0',\n      TEST_PARALLEL: '1',\n      GITHUB_STEP_SUMMARY: '',\n      NODE_DEBUG_NATIVE: 'wasi',\n      NODE_PLATFORM: 'win32'\n    }\n  },\n  command: 'C:\\\\workspace\\\\node-test-binary-windows-js-suites\\\\node\\\\Release\\\\node.exe --turbo-fast-api-calls C:\\\\workspace\\\\node-test-binary-windows-js-suites\\\\node\\\\test\\\\fixtures\\\\wasi-preview-1.js --target=wasm32-wasip1-threads pthread'\n}\n\nNode.js v22.17.2-pre"},"time":3906.47,"fullname":"wasi/test-wasi","closingTestPoint":false}},{"testName":"parallel/test-fs-cp","timestamp":1753524712225,"status":"FAILED","jobName":"node-test-binary-windows-js-suites","config":"node-test-binary-windows-js-suites » 3,win11-arm64-COMPILED_BY-vs2022-arm64 #35750","buildUrl":"https://ci.nodejs.org/job/node-test-binary-windows-js-suites/RUN_SUBSET=3,nodes=win11-arm64-COMPILED_BY-vs2022-arm64/35750/","buildNumber":35750,"builtOn":"test-azure_msft-win11_vs2022-arm64-6","nodeVersion":"22.17.2","commitHash":"f981495bc419cd3d177350c5398997330bcf4f5a","callStack":[{"upstreamBuild":71993,"upstreamProject":"node-test-commit-windows-fanned","upstreamUrl":"job/node-test-commit-windows-fanned/"},{"upstreamBuild":81495,"upstreamProject":"node-test-commit","upstreamUrl":"job/node-test-commit/"}],"tap":{"ok":false,"name":"parallel/test-fs-cp","id":310,"buffered":false,"tapError":null,"skip":false,"todo":": Fix flaky test","previous":null,"plan":null,"diag":{"severity":"flaky","exitcode":3221226505,"stack":""},"time":423.015,"fullname":"parallel/test-fs-cp","closingTestPoint":false}},{"testName":"parallel/test-fs-cp","timestamp":1753524712225,"status":"FAILED","jobName":"node-test-binary-windows-js-suites","config":"node-test-binary-windows-js-suites » 2,win10-COMPILED_BY-vs2022 #35750","buildUrl":"https://ci.nodejs.org/job/node-test-binary-windows-js-suites/RUN_SUBSET=2,nodes=win10-COMPILED_BY-vs2022/35750/","buildNumber":35750,"builtOn":"test-azure_msft-win10_vs2019-x64-4","nodeVersion":"22.17.2","commitHash":"f981495bc419cd3d177350c5398997330bcf4f5a","callStack":[{"upstreamBuild":71993,"upstreamProject":"node-test-commit-windows-fanned","upstreamUrl":"job/node-test-commit-windows-fanned/"},{"upstreamBuild":81495,"upstreamProject":"node-test-commit","upstreamUrl":"job/node-test-commit/"}],"tap":{"ok":false,"name":"parallel/test-fs-cp","id":312,"buffered":false,"tapError":null,"skip":false,"todo":": Fix flaky test","previous":null,"plan":null,"diag":{"severity":"flaky","exitcode":3221226505,"stack":""},"time":240.01,"fullname":"parallel/test-fs-cp","closingTestPoint":false}},{"testName":"parallel/test-fs-cp","timestamp":1753524712225,"status":"FAILED","jobName":"node-test-binary-windows-js-suites","config":"node-test-binary-windows-js-suites » 2,win2022-COMPILED_BY-vs2022 #35750","buildUrl":"https://ci.nodejs.org/job/node-test-binary-windows-js-suites/RUN_SUBSET=2,nodes=win2022-COMPILED_BY-vs2022/35750/","buildNumber":35750,"builtOn":"test-rackspace-win2022_vs2022-x64-3","nodeVersion":"22.17.2","commitHash":"f981495bc419cd3d177350c5398997330bcf4f5a","callStack":[{"upstreamBuild":71993,"upstreamProject":"node-test-commit-windows-fanned","upstreamUrl":"job/node-test-commit-windows-fanned/"},{"upstreamBuild":81495,"upstreamProject":"node-test-commit","upstreamUrl":"job/node-test-commit/"}],"tap":{"ok":false,"name":"parallel/test-fs-cp","id":317,"buffered":false,"tapError":null,"skip":false,"todo":": Fix flaky test","previous":null,"plan":null,"diag":{"severity":"flaky","exitcode":3221226505,"stack":""},"time":623.02,"fullname":"parallel/test-fs-cp","closingTestPoint":false}},{"testName":"parallel/test-fs-cp","timestamp":1753524712225,"status":"FAILED","jobName":"node-test-binary-windows-js-suites","config":"node-test-binary-windows-js-suites » 2,win2019-COMPILED_BY-vs2022 #35750","buildUrl":"https://ci.nodejs.org/job/node-test-binary-windows-js-suites/RUN_SUBSET=2,nodes=win2019-COMPILED_BY-vs2022/35750/","buildNumber":35750,"builtOn":"test-rackspace-win2019_vs2019-x64-4","nodeVersion":"22.17.2","commitHash":"f981495bc419cd3d177350c5398997330bcf4f5a","callStack":[{"upstreamBuild":71993,"upstreamProject":"node-test-commit-windows-fanned","upstreamUrl":"job/node-test-commit-windows-fanned/"},{"upstreamBuild":81495,"upstreamProject":"node-test-commit","upstreamUrl":"job/node-test-commit/"}],"tap":{"ok":false,"name":"parallel/test-fs-cp","id":314,"buffered":false,"tapError":null,"skip":false,"todo":": Fix flaky test","previous":null,"plan":null,"diag":{"severity":"flaky","exitcode":3221226505,"stack":""},"time":394.006,"fullname":"parallel/test-fs-cp","closingTestPoint":false}},{"testName":"parallel/test-fs-cp","timestamp":1753524712225,"status":"FAILED","jobName":"node-test-binary-windows-js-suites","config":"node-test-binary-windows-js-suites » 2,win11-COMPILED_BY-vs2022 #35750","buildUrl":"https://ci.nodejs.org/job/node-test-binary-windows-js-suites/RUN_SUBSET=2,nodes=win11-COMPILED_BY-vs2022/35750/","buildNumber":35750,"builtOn":"test-azure_msft-win11_vs2022-x64-2","nodeVersion":"22.17.2","commitHash":"f981495bc419cd3d177350c5398997330bcf4f5a","callStack":[{"upstreamBuild":71993,"upstreamProject":"node-test-commit-windows-fanned","upstreamUrl":"job/node-test-commit-windows-fanned/"},{"upstreamBuild":81495,"upstreamProject":"node-test-commit","upstreamUrl":"job/node-test-commit/"}],"tap":{"ok":false,"name":"parallel/test-fs-cp","id":311,"buffered":false,"tapError":null,"skip":false,"todo":": Fix flaky test","previous":null,"plan":null,"diag":{"severity":"flaky","exitcode":3221226505,"stack":""},"time":306.009,"fullname":"parallel/test-fs-cp","closingTestPoint":false}},{"testName":"parallel/test-fs-cp","timestamp":1753524712225,"status":"FAILED","jobName":"node-test-binary-windows-js-suites","config":"node-test-binary-windows-js-suites » 2,win2016-COMPILED_BY-vs2022-x86 #35750","buildUrl":"https://ci.nodejs.org/job/node-test-binary-windows-js-suites/RUN_SUBSET=2,nodes=win2016-COMPILED_BY-vs2022-x86/35750/","buildNumber":35750,"builtOn":"test-rackspace-win2016_vs2015-x64-2","nodeVersion":"22.17.2","commitHash":"f981495bc419cd3d177350c5398997330bcf4f5a","callStack":[{"upstreamBuild":71993,"upstreamProject":"node-test-commit-windows-fanned","upstreamUrl":"job/node-test-commit-windows-fanned/"},{"upstreamBuild":81495,"upstreamProject":"node-test-commit","upstreamUrl":"job/node-test-commit/"}],"tap":{"ok":false,"name":"parallel/test-fs-cp","id":313,"buffered":false,"tapError":null,"skip":false,"todo":": Fix flaky test","previous":null,"plan":null,"diag":{"severity":"flaky","exitcode":3221226505,"stack":""},"time":317.008,"fullname":"parallel/test-fs-cp","closingTestPoint":false}}]}