{"failedTests":[{"testName":"parallel/test-fs-cp","timestamp":1753639950078,"status":"FAILED","jobName":"node-test-binary-windows-js-suites","config":"node-test-binary-windows-js-suites » 2,win2016-COMPILED_BY-vs2022-x86 #35796","buildUrl":"https://ci.nodejs.org/job/node-test-binary-windows-js-suites/RUN_SUBSET=2,nodes=win2016-COMPILED_BY-vs2022-x86/35796/","buildNumber":35796,"builtOn":"test-rackspace-win2016_vs2015-x64-2","nodeVersion":"22.17.2","commitHash":"f981495bc419cd3d177350c5398997330bcf4f5a","callStack":[{"upstreamBuild":72037,"upstreamProject":"node-test-commit-windows-fanned","upstreamUrl":"job/node-test-commit-windows-fanned/"},{"upstreamBuild":81495,"upstreamProject":"node-test-commit","upstreamUrl":"job/node-test-commit/"}],"tap":{"ok":false,"name":"parallel/test-fs-cp","id":309,"buffered":false,"tapError":null,"skip":false,"todo":": Fix flaky test","previous":null,"plan":null,"diag":{"severity":"flaky","exitcode":3221226505,"stack":""},"time":334,"fullname":"parallel/test-fs-cp","closingTestPoint":false}},{"testName":"parallel/test-fs-cp","timestamp":1753639950078,"status":"FAILED","jobName":"node-test-binary-windows-js-suites","config":"node-test-binary-windows-js-suites » 2,win11-COMPILED_BY-vs2022 #35796","buildUrl":"https://ci.nodejs.org/job/node-test-binary-windows-js-suites/RUN_SUBSET=2,nodes=win11-COMPILED_BY-vs2022/35796/","buildNumber":35796,"builtOn":"test-azure_msft-win11_vs2022-x64-2","nodeVersion":"22.17.2","commitHash":"f981495bc419cd3d177350c5398997330bcf4f5a","callStack":[{"upstreamBuild":72037,"upstreamProject":"node-test-commit-windows-fanned","upstreamUrl":"job/node-test-commit-windows-fanned/"},{"upstreamBuild":81495,"upstreamProject":"node-test-commit","upstreamUrl":"job/node-test-commit/"}],"tap":{"ok":false,"name":"parallel/test-fs-cp","id":314,"buffered":false,"tapError":null,"skip":false,"todo":": Fix flaky test","previous":null,"plan":null,"diag":{"severity":"flaky","exitcode":3221226505,"stack":""},"time":352.005,"fullname":"parallel/test-fs-cp","closingTestPoint":false}},{"testName":"parallel/test-fs-cp","timestamp":1753639950078,"status":"FAILED","jobName":"node-test-binary-windows-js-suites","config":"node-test-binary-windows-js-suites » 2,win2022-COMPILED_BY-vs2022 #35796","buildUrl":"https://ci.nodejs.org/job/node-test-binary-windows-js-suites/RUN_SUBSET=2,nodes=win2022-COMPILED_BY-vs2022/35796/","buildNumber":35796,"builtOn":"test-rackspace-win2022_vs2022-x64-3","nodeVersion":"22.17.2","commitHash":"f981495bc419cd3d177350c5398997330bcf4f5a","callStack":[{"upstreamBuild":72037,"upstreamProject":"node-test-commit-windows-fanned","upstreamUrl":"job/node-test-commit-windows-fanned/"},{"upstreamBuild":81495,"upstreamProject":"node-test-commit","upstreamUrl":"job/node-test-commit/"}],"tap":{"ok":false,"name":"parallel/test-fs-cp","id":316,"buffered":false,"tapError":null,"skip":false,"todo":": Fix flaky test","previous":null,"plan":null,"diag":{"severity":"flaky","exitcode":3221226505,"stack":""},"time":386.015,"fullname":"parallel/test-fs-cp","closingTestPoint":false}},{"testName":"parallel/test-fs-cp","timestamp":1753639950078,"status":"FAILED","jobName":"node-test-binary-windows-js-suites","config":"node-test-binary-windows-js-suites » 2,win2019-COMPILED_BY-vs2022 #35796","buildUrl":"https://ci.nodejs.org/job/node-test-binary-windows-js-suites/RUN_SUBSET=2,nodes=win2019-COMPILED_BY-vs2022/35796/","buildNumber":35796,"builtOn":"test-rackspace-win2019_vs2019-x64-4","nodeVersion":"22.17.2","commitHash":"f981495bc419cd3d177350c5398997330bcf4f5a","callStack":[{"upstreamBuild":72037,"upstreamProject":"node-test-commit-windows-fanned","upstreamUrl":"job/node-test-commit-windows-fanned/"},{"upstreamBuild":81495,"upstreamProject":"node-test-commit","upstreamUrl":"job/node-test-commit/"}],"tap":{"ok":false,"name":"parallel/test-fs-cp","id":315,"buffered":false,"tapError":null,"skip":false,"todo":": Fix flaky test","previous":null,"plan":null,"diag":{"severity":"flaky","exitcode":3221226505,"stack":""},"time":415.008,"fullname":"parallel/test-fs-cp","closingTestPoint":false}},{"testName":"parallel/test-async-context-frame","timestamp":1753639950078,"status":"FAILED","jobName":"node-test-binary-windows-js-suites","config":"node-test-binary-windows-js-suites » 0,win2019-COMPILED_BY-vs2022 #35796","buildUrl":"https://ci.nodejs.org/job/node-test-binary-windows-js-suites/RUN_SUBSET=0,nodes=win2019-COMPILED_BY-vs2022/35796/","buildNumber":35796,"builtOn":"test-rackspace-win2019_vs2019-x64-2","nodeVersion":"22.17.2","commitHash":"f981495bc419cd3d177350c5398997330bcf4f5a","callStack":[{"upstreamBuild":72037,"upstreamProject":"node-test-commit-windows-fanned","upstreamUrl":"job/node-test-commit-windows-fanned/"},{"upstreamBuild":81495,"upstreamProject":"node-test-commit","upstreamUrl":"job/node-test-commit/"}],"tap":{"ok":false,"name":"parallel/test-async-context-frame","id":538,"buffered":false,"tapError":null,"skip":false,"todo":": Fix flaky test","previous":null,"plan":null,"diag":{"severity":"flaky","exitcode":1,"stack":"Test failure: 'async-hooks\\test-async-local-storage-enable-disable.js'\nLocation: test\\parallel\\test-async-context-frame.mjs:49:5\nAssertionError [ERR_ASSERTION]: Test async-hooks\\test-async-local-storage-enable-disable.js failed with exit code 3221225477\n\n3221225477 !== 0\n\n    at TestContext.<anonymous> (file:///C:/workspace/node-test-binary-windows-js-suites/node/test/parallel/test-async-context-frame.mjs:61:7)\n    at process.processTicksAndRejections (node:internal/process/task_queues:105:5)\n    at async Test.run (node:internal/test_runner/test:1054:7)\n    at async Suite.processPendingSubtests (node:internal/test_runner/test:744:7) {\n  generatedMessage: false,\n  code: 'ERR_ASSERTION',\n  actual: 3221225477,\n  expected: 0,\n  operator: 'strictEqual'\n}\n\nTest failure: 'async-hooks\\test-async-local-storage-gcable.js'\nLocation: test\\parallel\\test-async-context-frame.mjs:49:5\nAssertionError [ERR_ASSERTION]: Test async-hooks\\test-async-local-storage-gcable.js failed with exit code 3221225477\n\n3221225477 !== 0\n\n    at TestContext.<anonymous> (file:///C:/workspace/node-test-binary-windows-js-suites/node/test/parallel/test-async-context-frame.mjs:61:7)\n    at process.processTicksAndRejections (node:internal/process/task_queues:105:5)\n    at async Test.run (node:internal/test_runner/test:1054:7)\n    at async Suite.processPendingSubtests (node:internal/test_runner/test:744:7) {\n  generatedMessage: false,\n  code: 'ERR_ASSERTION',\n  actual: 3221225477,\n  expected: 0,\n  operator: 'strictEqual'\n}"},"time":45709.053,"fullname":"parallel/test-async-context-frame","closingTestPoint":false}},{"testName":"parallel/test-fs-cp","timestamp":1753639950078,"status":"FAILED","jobName":"node-test-binary-windows-js-suites","config":"node-test-binary-windows-js-suites » 3,win11-arm64-COMPILED_BY-vs2022-arm64 #35796","buildUrl":"https://ci.nodejs.org/job/node-test-binary-windows-js-suites/RUN_SUBSET=3,nodes=win11-arm64-COMPILED_BY-vs2022-arm64/35796/","buildNumber":35796,"builtOn":"test-azure_msft-win11_vs2022-arm64-2","nodeVersion":"22.17.2","commitHash":"f981495bc419cd3d177350c5398997330bcf4f5a","callStack":[{"upstreamBuild":72037,"upstreamProject":"node-test-commit-windows-fanned","upstreamUrl":"job/node-test-commit-windows-fanned/"},{"upstreamBuild":81495,"upstreamProject":"node-test-commit","upstreamUrl":"job/node-test-commit/"}],"tap":{"ok":false,"name":"parallel/test-fs-cp","id":310,"buffered":false,"tapError":null,"skip":false,"todo":": Fix flaky test","previous":null,"plan":null,"diag":{"severity":"flaky","exitcode":3221226505,"stack":""},"time":468.995,"fullname":"parallel/test-fs-cp","closingTestPoint":false}},{"testName":"parallel/test-fs-cp","timestamp":1753639950078,"status":"FAILED","jobName":"node-test-binary-windows-js-suites","config":"node-test-binary-windows-js-suites » 2,win10-COMPILED_BY-vs2022 #35796","buildUrl":"https://ci.nodejs.org/job/node-test-binary-windows-js-suites/RUN_SUBSET=2,nodes=win10-COMPILED_BY-vs2022/35796/","buildNumber":35796,"builtOn":"test-azure_msft-win10_vs2019-x64-3","nodeVersion":"22.17.2","commitHash":"f981495bc419cd3d177350c5398997330bcf4f5a","callStack":[{"upstreamBuild":72037,"upstreamProject":"node-test-commit-windows-fanned","upstreamUrl":"job/node-test-commit-windows-fanned/"},{"upstreamBuild":81495,"upstreamProject":"node-test-commit","upstreamUrl":"job/node-test-commit/"}],"tap":{"ok":false,"name":"parallel/test-fs-cp","id":313,"buffered":false,"tapError":null,"skip":false,"todo":": Fix flaky test","previous":null,"plan":null,"diag":{"severity":"flaky","exitcode":3221226505,"stack":""},"time":397.027,"fullname":"parallel/test-fs-cp","closingTestPoint":false}}]}