{"failedTests":[{"testName":"parallel/test-fs-cp","timestamp":1754091434523,"status":"FAILED","jobName":"node-test-binary-windows-js-suites","config":"node-test-binary-windows-js-suites » 3,win11-arm64-COMPILED_BY-vs2022_clang-arm64 #35921","buildUrl":"https://ci.nodejs.org/job/node-test-binary-windows-js-suites/RUN_SUBSET=3,nodes=win11-arm64-COMPILED_BY-vs2022_clang-arm64/35921/","buildNumber":35921,"builtOn":"test-azure_msft-win11_vs2022-arm64-5","nodeVersion":"25.0.0","commitHash":"3bfea8f86f75a55d55a53ddf48bd47dc2755ab20","callStack":[{"upstreamBuild":72179,"upstreamProject":"node-test-commit-windows-fanned","upstreamUrl":"job/node-test-commit-windows-fanned/"},{"upstreamBuild":81713,"upstreamProject":"node-test-commit","upstreamUrl":"job/node-test-commit/"},{"upstreamBuild":68362,"upstreamProject":"node-test-pull-request","upstreamUrl":"job/node-test-pull-request/"},{"prId":"59286"}],"tap":{"ok":false,"name":"parallel/test-fs-cp","id":328,"buffered":false,"tapError":null,"skip":false,"todo":": Fix flaky test","previous":null,"plan":null,"diag":{"severity":"flaky","exitcode":3221226505,"stack":""},"time":424.994,"fullname":"parallel/test-fs-cp","closingTestPoint":false}},{"testName":"parallel/test-startup-empty-regexp-statics","timestamp":1754091434523,"status":"REGRESSION","jobName":"node-test-binary-windows-js-suites","config":"node-test-binary-windows-js-suites » 3,win11-arm64-COMPILED_BY-vs2022_clang-arm64 #35921","buildUrl":"https://ci.nodejs.org/job/node-test-binary-windows-js-suites/RUN_SUBSET=3,nodes=win11-arm64-COMPILED_BY-vs2022_clang-arm64/35921/","buildNumber":35921,"builtOn":"test-azure_msft-win11_vs2022-arm64-5","nodeVersion":"25.0.0","commitHash":"3bfea8f86f75a55d55a53ddf48bd47dc2755ab20","callStack":[{"upstreamBuild":72179,"upstreamProject":"node-test-commit-windows-fanned","upstreamUrl":"job/node-test-commit-windows-fanned/"},{"upstreamBuild":81713,"upstreamProject":"node-test-commit","upstreamUrl":"job/node-test-commit/"},{"upstreamBuild":68362,"upstreamProject":"node-test-pull-request","upstreamUrl":"job/node-test-pull-request/"},{"prId":"59286"}],"tap":{"ok":false,"name":"parallel/test-startup-empty-regexp-statics","id":778,"buffered":false,"tapError":null,"skip":false,"todo":false,"previous":null,"plan":null,"diag":{"severity":"fail","exitcode":1,"stack":"node:internal/modules/run_main:107\n    triggerUncaughtException(\n    ^\n\nAssertionError [ERR_ASSERTION]: Expected values to be strictly equal:\n+ actual - expected\n\n+ '\\\\\\\\.\\\\pipe\\\\\\\\node-test.4804.sock'\n- ''\n\n    at file:///d:/workspace/node-test-binary-windows-js-suites/node/test/parallel/test-startup-empty-regexp-statics.mjs:8:10\n    at ModuleJob.run (node:internal/modules/esm/module_job:371:25)\n    at async onImport.tracePromise.__proto__ (node:internal/modules/esm/loader:669:26)\n    at async asyncRunEntryPointWithESMLoader (node:internal/modules/run_main:101:5) {\n  generatedMessage: true,\n  code: 'ERR_ASSERTION',\n  actual: '\\\\\\\\.\\\\pipe\\\\\\\\node-test.4804.sock',\n  expected: '',\n  operator: 'strictEqual'\n}\n\nNode.js v25.0.0-pre"},"time":327.011,"fullname":"parallel/test-startup-empty-regexp-statics","closingTestPoint":false}},{"testName":"parallel/test-startup-empty-regexp-statics","timestamp":1754091434523,"status":"REGRESSION","jobName":"node-test-binary-windows-js-suites","config":"node-test-binary-windows-js-suites » 1,win2019-COMPILED_BY-vs2022_clang #35921","buildUrl":"https://ci.nodejs.org/job/node-test-binary-windows-js-suites/RUN_SUBSET=1,nodes=win2019-COMPILED_BY-vs2022_clang/35921/","buildNumber":35921,"builtOn":"test-rackspace-win2019_vs2019-x64-3","nodeVersion":"25.0.0","commitHash":"3bfea8f86f75a55d55a53ddf48bd47dc2755ab20","callStack":[{"upstreamBuild":72179,"upstreamProject":"node-test-commit-windows-fanned","upstreamUrl":"job/node-test-commit-windows-fanned/"},{"upstreamBuild":81713,"upstreamProject":"node-test-commit","upstreamUrl":"job/node-test-commit/"},{"upstreamBuild":68362,"upstreamProject":"node-test-pull-request","upstreamUrl":"job/node-test-pull-request/"},{"prId":"59286"}],"tap":{"ok":false,"name":"parallel/test-startup-empty-regexp-statics","id":774,"buffered":false,"tapError":null,"skip":false,"todo":false,"previous":null,"plan":null,"diag":{"severity":"fail","exitcode":1,"stack":"node:assert:92\n  throw new AssertionError(obj);\n  ^\n\nAssertionError [ERR_ASSERTION]: Expected values to be strictly equal:\n+ actual - expected\n\n+ '\\\\\\\\.\\\\pipe\\\\\\\\node-test.5316.sock'\n- ''\n\n    at Object.<anonymous> (C:\\workspace\\node-test-binary-windows-js-suites\\node\\test\\parallel\\test-startup-empty-regexp-statics.js:12:8)\n    at Module._compile (node:internal/modules/cjs/loader:1737:14)\n    at Object..js (node:internal/modules/cjs/loader:1870:10)\n    at Module.load (node:internal/modules/cjs/loader:1469:32)\n    at Module._load (node:internal/modules/cjs/loader:1289:12)\n    at TracingChannel.traceSync (node:diagnostics_channel:322:14)\n    at wrapModuleLoad (node:internal/modules/cjs/loader:238:24)\n    at Module.executeUserEntryPoint [as runMain] (node:internal/modules/run_main:154:5)\n    at node:internal/main/run_main_module:33:47 {\n  generatedMessage: true,\n  code: 'ERR_ASSERTION',\n  actual: '\\\\\\\\.\\\\pipe\\\\\\\\node-test.5316.sock',\n  expected: '',\n  operator: 'strictEqual'\n}\n\nNode.js v25.0.0-pre"},"time":196.008,"fullname":"parallel/test-startup-empty-regexp-statics","closingTestPoint":false}},{"testName":"parallel/test-startup-empty-regexp-statics","timestamp":1754091434523,"status":"REGRESSION","jobName":"node-test-binary-windows-js-suites","config":"node-test-binary-windows-js-suites » 1,win10-COMPILED_BY-vs2022_clang #35921","buildUrl":"https://ci.nodejs.org/job/node-test-binary-windows-js-suites/RUN_SUBSET=1,nodes=win10-COMPILED_BY-vs2022_clang/35921/","buildNumber":35921,"builtOn":"test-azure_msft-win10_vs2019-x64-3","nodeVersion":"25.0.0","commitHash":"3bfea8f86f75a55d55a53ddf48bd47dc2755ab20","callStack":[{"upstreamBuild":72179,"upstreamProject":"node-test-commit-windows-fanned","upstreamUrl":"job/node-test-commit-windows-fanned/"},{"upstreamBuild":81713,"upstreamProject":"node-test-commit","upstreamUrl":"job/node-test-commit/"},{"upstreamBuild":68362,"upstreamProject":"node-test-pull-request","upstreamUrl":"job/node-test-pull-request/"},{"prId":"59286"}],"tap":{"ok":false,"name":"parallel/test-startup-empty-regexp-statics","id":777,"buffered":false,"tapError":null,"skip":false,"todo":false,"previous":null,"plan":null,"diag":{"severity":"fail","exitcode":1,"stack":"node:assert:92\n  throw new AssertionError(obj);\n  ^\n\nAssertionError [ERR_ASSERTION]: Expected values to be strictly equal:\n+ actual - expected\n\n+ '\\\\\\\\.\\\\pipe\\\\\\\\node-test.7804.sock'\n- ''\n\n    at Object.<anonymous> (c:\\workspace\\node-test-binary-windows-js-suites\\node\\test\\parallel\\test-startup-empty-regexp-statics.js:12:8)\n    at Module._compile (node:internal/modules/cjs/loader:1737:14)\n    at Object..js (node:internal/modules/cjs/loader:1870:10)\n    at Module.load (node:internal/modules/cjs/loader:1469:32)\n    at Module._load (node:internal/modules/cjs/loader:1289:12)\n    at TracingChannel.traceSync (node:diagnostics_channel:322:14)\n    at wrapModuleLoad (node:internal/modules/cjs/loader:238:24)\n    at Module.executeUserEntryPoint [as runMain] (node:internal/modules/run_main:154:5)\n    at node:internal/main/run_main_module:33:47 {\n  generatedMessage: true,\n  code: 'ERR_ASSERTION',\n  actual: '\\\\\\\\.\\\\pipe\\\\\\\\node-test.7804.sock',\n  expected: '',\n  operator: 'strictEqual'\n}\n\nNode.js v25.0.0-pre"},"time":196.013,"fullname":"parallel/test-startup-empty-regexp-statics","closingTestPoint":false}},{"testName":"parallel/test-fs-cp","timestamp":1754091434523,"status":"FAILED","jobName":"node-test-binary-windows-js-suites","config":"node-test-binary-windows-js-suites » 2,win2019-COMPILED_BY-vs2022_clang #35921","buildUrl":"https://ci.nodejs.org/job/node-test-binary-windows-js-suites/RUN_SUBSET=2,nodes=win2019-COMPILED_BY-vs2022_clang/35921/","buildNumber":35921,"builtOn":"test-rackspace-win2019_vs2019-x64-4","nodeVersion":"25.0.0","commitHash":"3bfea8f86f75a55d55a53ddf48bd47dc2755ab20","callStack":[{"upstreamBuild":72179,"upstreamProject":"node-test-commit-windows-fanned","upstreamUrl":"job/node-test-commit-windows-fanned/"},{"upstreamBuild":81713,"upstreamProject":"node-test-commit","upstreamUrl":"job/node-test-commit/"},{"upstreamBuild":68362,"upstreamProject":"node-test-pull-request","upstreamUrl":"job/node-test-pull-request/"},{"prId":"59286"}],"tap":{"ok":false,"name":"parallel/test-fs-cp","id":329,"buffered":false,"tapError":null,"skip":false,"todo":": Fix flaky test","previous":null,"plan":null,"diag":{"severity":"flaky","exitcode":3221226505,"stack":""},"time":334.008,"fullname":"parallel/test-fs-cp","closingTestPoint":false}},{"testName":"parallel/test-startup-empty-regexp-statics","timestamp":1754091434523,"status":"REGRESSION","jobName":"node-test-binary-windows-js-suites","config":"node-test-binary-windows-js-suites » 2,win2019-COMPILED_BY-vs2022_clang #35921","buildUrl":"https://ci.nodejs.org/job/node-test-binary-windows-js-suites/RUN_SUBSET=2,nodes=win2019-COMPILED_BY-vs2022_clang/35921/","buildNumber":35921,"builtOn":"test-rackspace-win2019_vs2019-x64-4","nodeVersion":"25.0.0","commitHash":"3bfea8f86f75a55d55a53ddf48bd47dc2755ab20","callStack":[{"upstreamBuild":72179,"upstreamProject":"node-test-commit-windows-fanned","upstreamUrl":"job/node-test-commit-windows-fanned/"},{"upstreamBuild":81713,"upstreamProject":"node-test-commit","upstreamUrl":"job/node-test-commit/"},{"upstreamBuild":68362,"upstreamProject":"node-test-pull-request","upstreamUrl":"job/node-test-pull-request/"},{"prId":"59286"}],"tap":{"ok":false,"name":"parallel/test-startup-empty-regexp-statics","id":776,"buffered":false,"tapError":null,"skip":false,"todo":false,"previous":null,"plan":null,"diag":{"severity":"fail","exitcode":1,"stack":"node:internal/modules/run_main:107\n    triggerUncaughtException(\n    ^\n\nAssertionError [ERR_ASSERTION]: Expected values to be strictly equal:\n+ actual - expected\n\n+ '\\\\\\\\.\\\\pipe\\\\\\\\node-test.4196.sock'\n- ''\n\n    at file:///C:/workspace/node-test-binary-windows-js-suites/node/test/parallel/test-startup-empty-regexp-statics.mjs:8:10\n    at ModuleJob.run (node:internal/modules/esm/module_job:371:25)\n    at async onImport.tracePromise.__proto__ (node:internal/modules/esm/loader:669:26)\n    at async asyncRunEntryPointWithESMLoader (node:internal/modules/run_main:101:5) {\n  generatedMessage: true,\n  code: 'ERR_ASSERTION',\n  actual: '\\\\\\\\.\\\\pipe\\\\\\\\node-test.4196.sock',\n  expected: '',\n  operator: 'strictEqual'\n}\n\nNode.js v25.0.0-pre"},"time":364.006,"fullname":"parallel/test-startup-empty-regexp-statics","closingTestPoint":false}},{"testName":"parallel/test-startup-empty-regexp-statics","timestamp":1754091434523,"status":"REGRESSION","jobName":"node-test-binary-windows-js-suites","config":"node-test-binary-windows-js-suites » 1,win11-COMPILED_BY-vs2022_clang #35921","buildUrl":"https://ci.nodejs.org/job/node-test-binary-windows-js-suites/RUN_SUBSET=1,nodes=win11-COMPILED_BY-vs2022_clang/35921/","buildNumber":35921,"builtOn":"test-azure_msft-win11_vs2022-x64-4","nodeVersion":"25.0.0","commitHash":"3bfea8f86f75a55d55a53ddf48bd47dc2755ab20","callStack":[{"upstreamBuild":72179,"upstreamProject":"node-test-commit-windows-fanned","upstreamUrl":"job/node-test-commit-windows-fanned/"},{"upstreamBuild":81713,"upstreamProject":"node-test-commit","upstreamUrl":"job/node-test-commit/"},{"upstreamBuild":68362,"upstreamProject":"node-test-pull-request","upstreamUrl":"job/node-test-pull-request/"},{"prId":"59286"}],"tap":{"ok":false,"name":"parallel/test-startup-empty-regexp-statics","id":777,"buffered":false,"tapError":null,"skip":false,"todo":false,"previous":null,"plan":null,"diag":{"severity":"fail","exitcode":1,"stack":"node:assert:92\n  throw new AssertionError(obj);\n  ^\n\nAssertionError [ERR_ASSERTION]: Expected values to be strictly equal:\n+ actual - expected\n\n+ '\\\\\\\\.\\\\pipe\\\\\\\\node-test.8512.sock'\n- ''\n\n    at Object.<anonymous> (c:\\workspace\\node-test-binary-windows-js-suites\\node\\test\\parallel\\test-startup-empty-regexp-statics.js:12:8)\n    at Module._compile (node:internal/modules/cjs/loader:1737:14)\n    at Object..js (node:internal/modules/cjs/loader:1870:10)\n    at Module.load (node:internal/modules/cjs/loader:1469:32)\n    at Module._load (node:internal/modules/cjs/loader:1289:12)\n    at TracingChannel.traceSync (node:diagnostics_channel:322:14)\n    at wrapModuleLoad (node:internal/modules/cjs/loader:238:24)\n    at Module.executeUserEntryPoint [as runMain] (node:internal/modules/run_main:154:5)\n    at node:internal/main/run_main_module:33:47 {\n  generatedMessage: true,\n  code: 'ERR_ASSERTION',\n  actual: '\\\\\\\\.\\\\pipe\\\\\\\\node-test.8512.sock',\n  expected: '',\n  operator: 'strictEqual'\n}\n\nNode.js v25.0.0-pre"},"time":137.003,"fullname":"parallel/test-startup-empty-regexp-statics","closingTestPoint":false}},{"testName":"parallel/test-fs-cp","timestamp":1754091434523,"status":"FAILED","jobName":"node-test-binary-windows-js-suites","config":"node-test-binary-windows-js-suites » 2,win2022-COMPILED_BY-vs2022_clang #35921","buildUrl":"https://ci.nodejs.org/job/node-test-binary-windows-js-suites/RUN_SUBSET=2,nodes=win2022-COMPILED_BY-vs2022_clang/35921/","buildNumber":35921,"builtOn":"test-rackspace-win2022_vs2022-x64-3","nodeVersion":"25.0.0","commitHash":"3bfea8f86f75a55d55a53ddf48bd47dc2755ab20","callStack":[{"upstreamBuild":72179,"upstreamProject":"node-test-commit-windows-fanned","upstreamUrl":"job/node-test-commit-windows-fanned/"},{"upstreamBuild":81713,"upstreamProject":"node-test-commit","upstreamUrl":"job/node-test-commit/"},{"upstreamBuild":68362,"upstreamProject":"node-test-pull-request","upstreamUrl":"job/node-test-pull-request/"},{"prId":"59286"}],"tap":{"ok":false,"name":"parallel/test-fs-cp","id":331,"buffered":false,"tapError":null,"skip":false,"todo":": Fix flaky test","previous":null,"plan":null,"diag":{"severity":"flaky","exitcode":3221226505,"stack":""},"time":492.008,"fullname":"parallel/test-fs-cp","closingTestPoint":false}},{"testName":"parallel/test-startup-empty-regexp-statics","timestamp":1754091434523,"status":"REGRESSION","jobName":"node-test-binary-windows-js-suites","config":"node-test-binary-windows-js-suites » 2,win2022-COMPILED_BY-vs2022_clang #35921","buildUrl":"https://ci.nodejs.org/job/node-test-binary-windows-js-suites/RUN_SUBSET=2,nodes=win2022-COMPILED_BY-vs2022_clang/35921/","buildNumber":35921,"builtOn":"test-rackspace-win2022_vs2022-x64-3","nodeVersion":"25.0.0","commitHash":"3bfea8f86f75a55d55a53ddf48bd47dc2755ab20","callStack":[{"upstreamBuild":72179,"upstreamProject":"node-test-commit-windows-fanned","upstreamUrl":"job/node-test-commit-windows-fanned/"},{"upstreamBuild":81713,"upstreamProject":"node-test-commit","upstreamUrl":"job/node-test-commit/"},{"upstreamBuild":68362,"upstreamProject":"node-test-pull-request","upstreamUrl":"job/node-test-pull-request/"},{"prId":"59286"}],"tap":{"ok":false,"name":"parallel/test-startup-empty-regexp-statics","id":776,"buffered":false,"tapError":null,"skip":false,"todo":false,"previous":null,"plan":null,"diag":{"severity":"fail","exitcode":1,"stack":"node:internal/modules/run_main:107\n    triggerUncaughtException(\n    ^\n\nAssertionError [ERR_ASSERTION]: Expected values to be strictly equal:\n+ actual - expected\n\n+ '\\\\\\\\.\\\\pipe\\\\\\\\node-test.7056.sock'\n- ''\n\n    at file:///C:/workspace/node-test-binary-windows-js-suites/node/test/parallel/test-startup-empty-regexp-statics.mjs:8:10\n    at ModuleJob.run (node:internal/modules/esm/module_job:371:25)\n    at async onImport.tracePromise.__proto__ (node:internal/modules/esm/loader:669:26)\n    at async asyncRunEntryPointWithESMLoader (node:internal/modules/run_main:101:5) {\n  generatedMessage: true,\n  code: 'ERR_ASSERTION',\n  actual: '\\\\\\\\.\\\\pipe\\\\\\\\node-test.7056.sock',\n  expected: '',\n  operator: 'strictEqual'\n}\n\nNode.js v25.0.0-pre"},"time":270.01,"fullname":"parallel/test-startup-empty-regexp-statics","closingTestPoint":false}},{"testName":"sequential/test-tls-session-timeout","timestamp":1754091434523,"status":"REGRESSION","jobName":"node-test-binary-windows-js-suites","config":"node-test-binary-windows-js-suites » 2,win2022-COMPILED_BY-vs2022_clang #35921","buildUrl":"https://ci.nodejs.org/job/node-test-binary-windows-js-suites/RUN_SUBSET=2,nodes=win2022-COMPILED_BY-vs2022_clang/35921/","buildNumber":35921,"builtOn":"test-rackspace-win2022_vs2022-x64-3","nodeVersion":"25.0.0","commitHash":"3bfea8f86f75a55d55a53ddf48bd47dc2755ab20","callStack":[{"upstreamBuild":72179,"upstreamProject":"node-test-commit-windows-fanned","upstreamUrl":"job/node-test-commit-windows-fanned/"},{"upstreamBuild":81713,"upstreamProject":"node-test-commit","upstreamUrl":"job/node-test-commit/"},{"upstreamBuild":68362,"upstreamProject":"node-test-pull-request","upstreamUrl":"job/node-test-pull-request/"},{"prId":"59286"}],"tap":{"ok":false,"name":"sequential/test-tls-session-timeout","id":1095,"buffered":false,"tapError":null,"skip":false,"todo":false,"previous":null,"plan":null,"diag":{"severity":"fail","exitcode":1,"stack":"node:assert:92\n  throw new AssertionError(obj);\n  ^\n\nAssertionError [ERR_ASSERTION]: Expected values to be strictly equal:\n\n'New' !== 'Reused'\n\n    at C:\\workspace\\node-test-binary-windows-js-suites\\node\\test\\sequential\\test-tls-session-timeout.js:150:16\n    at ChildProcess.<anonymous> (C:\\workspace\\node-test-binary-windows-js-suites\\node\\test\\sequential\\test-tls-session-timeout.js:134:7)\n    at ChildProcess.emit (node:events:508:28)\n    at ChildProcess._handle.onexit (node:internal/child_process:293:12) {\n  generatedMessage: true,\n  code: 'ERR_ASSERTION',\n  actual: 'New',\n  expected: 'Reused',\n  operator: 'strictEqual'\n}\n\nNode.js v25.0.0-pre"},"time":492.038,"fullname":"sequential/test-tls-session-timeout","closingTestPoint":false}},{"testName":"parallel/test-startup-empty-regexp-statics","timestamp":1754091434523,"status":"REGRESSION","jobName":"node-test-binary-windows-js-suites","config":"node-test-binary-windows-js-suites » 2,win11-arm64-COMPILED_BY-vs2022_clang-arm64 #35921","buildUrl":"https://ci.nodejs.org/job/node-test-binary-windows-js-suites/RUN_SUBSET=2,nodes=win11-arm64-COMPILED_BY-vs2022_clang-arm64/35921/","buildNumber":35921,"builtOn":"test-azure_msft-win11_vs2022-arm64-1","nodeVersion":"25.0.0","commitHash":"3bfea8f86f75a55d55a53ddf48bd47dc2755ab20","callStack":[{"upstreamBuild":72179,"upstreamProject":"node-test-commit-windows-fanned","upstreamUrl":"job/node-test-commit-windows-fanned/"},{"upstreamBuild":81713,"upstreamProject":"node-test-commit","upstreamUrl":"job/node-test-commit/"},{"upstreamBuild":68362,"upstreamProject":"node-test-pull-request","upstreamUrl":"job/node-test-pull-request/"},{"prId":"59286"}],"tap":{"ok":false,"name":"parallel/test-startup-empty-regexp-statics","id":775,"buffered":false,"tapError":null,"skip":false,"todo":false,"previous":null,"plan":null,"diag":{"severity":"fail","exitcode":1,"stack":"node:assert:92\n  throw new AssertionError(obj);\n  ^\n\nAssertionError [ERR_ASSERTION]: Expected values to be strictly equal:\n+ actual - expected\n\n+ '\\\\\\\\.\\\\pipe\\\\\\\\node-test.13660.sock'\n- ''\n\n    at Object.<anonymous> (d:\\workspace\\node-test-binary-windows-js-suites\\node\\test\\parallel\\test-startup-empty-regexp-statics.js:12:8)\n    at Module._compile (node:internal/modules/cjs/loader:1737:14)\n    at Module._extensions..js (node:internal/modules/cjs/loader:1870:10)\n    at Module.load (node:internal/modules/cjs/loader:1469:32)\n    at Module._load (node:internal/modules/cjs/loader:1289:12)\n    at TracingChannel.traceSync (node:diagnostics_channel:322:14)\n    at wrapModuleLoad (node:internal/modules/cjs/loader:238:24)\n    at Module.executeUserEntryPoint [as runMain] (node:internal/modules/run_main:154:5)\n    at node:internal/main/run_main_module:33:47 {\n  generatedMessage: true,\n  code: 'ERR_ASSERTION',\n  actual: '\\\\\\\\.\\\\pipe\\\\\\\\node-test.13660.sock',\n  expected: '',\n  operator: 'strictEqual'\n}\n\nNode.js v25.0.0-pre"},"time":257.011,"fullname":"parallel/test-startup-empty-regexp-statics","closingTestPoint":false}},{"testName":"parallel/test-fs-cp","timestamp":1754091434523,"status":"FAILED","jobName":"node-test-binary-windows-js-suites","config":"node-test-binary-windows-js-suites » 2,win10-COMPILED_BY-vs2022_clang #35921","buildUrl":"https://ci.nodejs.org/job/node-test-binary-windows-js-suites/RUN_SUBSET=2,nodes=win10-COMPILED_BY-vs2022_clang/35921/","buildNumber":35921,"builtOn":"test-azure_msft-win10_vs2019-x64-2","nodeVersion":"25.0.0","commitHash":"3bfea8f86f75a55d55a53ddf48bd47dc2755ab20","callStack":[{"upstreamBuild":72179,"upstreamProject":"node-test-commit-windows-fanned","upstreamUrl":"job/node-test-commit-windows-fanned/"},{"upstreamBuild":81713,"upstreamProject":"node-test-commit","upstreamUrl":"job/node-test-commit/"},{"upstreamBuild":68362,"upstreamProject":"node-test-pull-request","upstreamUrl":"job/node-test-pull-request/"},{"prId":"59286"}],"tap":{"ok":false,"name":"parallel/test-fs-cp","id":328,"buffered":false,"tapError":null,"skip":false,"todo":": Fix flaky test","previous":null,"plan":null,"diag":{"severity":"flaky","exitcode":3221226505,"stack":""},"time":224.001,"fullname":"parallel/test-fs-cp","closingTestPoint":false}},{"testName":"parallel/test-startup-empty-regexp-statics","timestamp":1754091434523,"status":"REGRESSION","jobName":"node-test-binary-windows-js-suites","config":"node-test-binary-windows-js-suites » 2,win10-COMPILED_BY-vs2022_clang #35921","buildUrl":"https://ci.nodejs.org/job/node-test-binary-windows-js-suites/RUN_SUBSET=2,nodes=win10-COMPILED_BY-vs2022_clang/35921/","buildNumber":35921,"builtOn":"test-azure_msft-win10_vs2019-x64-2","nodeVersion":"25.0.0","commitHash":"3bfea8f86f75a55d55a53ddf48bd47dc2755ab20","callStack":[{"upstreamBuild":72179,"upstreamProject":"node-test-commit-windows-fanned","upstreamUrl":"job/node-test-commit-windows-fanned/"},{"upstreamBuild":81713,"upstreamProject":"node-test-commit","upstreamUrl":"job/node-test-commit/"},{"upstreamBuild":68362,"upstreamProject":"node-test-pull-request","upstreamUrl":"job/node-test-pull-request/"},{"prId":"59286"}],"tap":{"ok":false,"name":"parallel/test-startup-empty-regexp-statics","id":778,"buffered":false,"tapError":null,"skip":false,"todo":false,"previous":null,"plan":null,"diag":{"severity":"fail","exitcode":1,"stack":"node:internal/modules/run_main:107\n    triggerUncaughtException(\n    ^\n\nAssertionError [ERR_ASSERTION]: Expected values to be strictly equal:\n+ actual - expected\n\n+ '\\\\\\\\.\\\\pipe\\\\\\\\node-test.7600.sock'\n- ''\n\n    at file:///c:/workspace/node-test-binary-windows-js-suites/node/test/parallel/test-startup-empty-regexp-statics.mjs:8:10\n    at ModuleJob.run (node:internal/modules/esm/module_job:371:25)\n    at async onImport.tracePromise.__proto__ (node:internal/modules/esm/loader:669:26)\n    at async asyncRunEntryPointWithESMLoader (node:internal/modules/run_main:101:5) {\n  generatedMessage: true,\n  code: 'ERR_ASSERTION',\n  actual: '\\\\\\\\.\\\\pipe\\\\\\\\node-test.7600.sock',\n  expected: '',\n  operator: 'strictEqual'\n}\n\nNode.js v25.0.0-pre"},"time":144.999,"fullname":"parallel/test-startup-empty-regexp-statics","closingTestPoint":false}},{"testName":"parallel/test-startup-empty-regexp-statics","timestamp":1754091434523,"status":"REGRESSION","jobName":"node-test-binary-windows-js-suites","config":"node-test-binary-windows-js-suites » 1,win2022-COMPILED_BY-vs2022_clang #35921","buildUrl":"https://ci.nodejs.org/job/node-test-binary-windows-js-suites/RUN_SUBSET=1,nodes=win2022-COMPILED_BY-vs2022_clang/35921/","buildNumber":35921,"builtOn":"test-rackspace-win2022_vs2022-x64-6","nodeVersion":"25.0.0","commitHash":"3bfea8f86f75a55d55a53ddf48bd47dc2755ab20","callStack":[{"upstreamBuild":72179,"upstreamProject":"node-test-commit-windows-fanned","upstreamUrl":"job/node-test-commit-windows-fanned/"},{"upstreamBuild":81713,"upstreamProject":"node-test-commit","upstreamUrl":"job/node-test-commit/"},{"upstreamBuild":68362,"upstreamProject":"node-test-pull-request","upstreamUrl":"job/node-test-pull-request/"},{"prId":"59286"}],"tap":{"ok":false,"name":"parallel/test-startup-empty-regexp-statics","id":773,"buffered":false,"tapError":null,"skip":false,"todo":false,"previous":null,"plan":null,"diag":{"severity":"fail","exitcode":1,"stack":"node:assert:92\n  throw new AssertionError(obj);\n  ^\n\nAssertionError [ERR_ASSERTION]: Expected values to be strictly equal:\n+ actual - expected\n\n+ '\\\\\\\\.\\\\pipe\\\\\\\\node-test.5892.sock'\n- ''\n\n    at Object.<anonymous> (C:\\workspace\\node-test-binary-windows-js-suites\\node\\test\\parallel\\test-startup-empty-regexp-statics.js:12:8)\n    at Module._compile (node:internal/modules/cjs/loader:1737:14)\n    at Object..js (node:internal/modules/cjs/loader:1870:10)\n    at Module.load (node:internal/modules/cjs/loader:1469:32)\n    at Module._load (node:internal/modules/cjs/loader:1289:12)\n    at TracingChannel.traceSync (node:diagnostics_channel:322:14)\n    at wrapModuleLoad (node:internal/modules/cjs/loader:238:24)\n    at Module.executeUserEntryPoint [as runMain] (node:internal/modules/run_main:154:5)\n    at node:internal/main/run_main_module:33:47 {\n  generatedMessage: true,\n  code: 'ERR_ASSERTION',\n  actual: '\\\\\\\\.\\\\pipe\\\\\\\\node-test.5892.sock',\n  expected: '',\n  operator: 'strictEqual'\n}\n\nNode.js v25.0.0-pre"},"time":296.998,"fullname":"parallel/test-startup-empty-regexp-statics","closingTestPoint":false}},{"testName":"parallel/test-fs-cp","timestamp":1754091434523,"status":"FAILED","jobName":"node-test-binary-windows-js-suites","config":"node-test-binary-windows-js-suites » 2,win11-COMPILED_BY-vs2022_clang #35921","buildUrl":"https://ci.nodejs.org/job/node-test-binary-windows-js-suites/RUN_SUBSET=2,nodes=win11-COMPILED_BY-vs2022_clang/35921/","buildNumber":35921,"builtOn":"test-azure_msft-win11_vs2022-x64-3","nodeVersion":"25.0.0","commitHash":"3bfea8f86f75a55d55a53ddf48bd47dc2755ab20","callStack":[{"upstreamBuild":72179,"upstreamProject":"node-test-commit-windows-fanned","upstreamUrl":"job/node-test-commit-windows-fanned/"},{"upstreamBuild":81713,"upstreamProject":"node-test-commit","upstreamUrl":"job/node-test-commit/"},{"upstreamBuild":68362,"upstreamProject":"node-test-pull-request","upstreamUrl":"job/node-test-pull-request/"},{"prId":"59286"}],"tap":{"ok":false,"name":"parallel/test-fs-cp","id":328,"buffered":false,"tapError":null,"skip":false,"todo":": Fix flaky test","previous":null,"plan":null,"diag":{"severity":"flaky","exitcode":3221226505,"stack":""},"time":336.004,"fullname":"parallel/test-fs-cp","closingTestPoint":false}},{"testName":"parallel/test-startup-empty-regexp-statics","timestamp":1754091434523,"status":"REGRESSION","jobName":"node-test-binary-windows-js-suites","config":"node-test-binary-windows-js-suites » 2,win11-COMPILED_BY-vs2022_clang #35921","buildUrl":"https://ci.nodejs.org/job/node-test-binary-windows-js-suites/RUN_SUBSET=2,nodes=win11-COMPILED_BY-vs2022_clang/35921/","buildNumber":35921,"builtOn":"test-azure_msft-win11_vs2022-x64-3","nodeVersion":"25.0.0","commitHash":"3bfea8f86f75a55d55a53ddf48bd47dc2755ab20","callStack":[{"upstreamBuild":72179,"upstreamProject":"node-test-commit-windows-fanned","upstreamUrl":"job/node-test-commit-windows-fanned/"},{"upstreamBuild":81713,"upstreamProject":"node-test-commit","upstreamUrl":"job/node-test-commit/"},{"upstreamBuild":68362,"upstreamProject":"node-test-pull-request","upstreamUrl":"job/node-test-pull-request/"},{"prId":"59286"}],"tap":{"ok":false,"name":"parallel/test-startup-empty-regexp-statics","id":779,"buffered":false,"tapError":null,"skip":false,"todo":false,"previous":null,"plan":null,"diag":{"severity":"fail","exitcode":1,"stack":"node:internal/modules/run_main:107\n    triggerUncaughtException(\n    ^\n\nAssertionError [ERR_ASSERTION]: Expected values to be strictly equal:\n+ actual - expected\n\n+ '\\\\\\\\.\\\\pipe\\\\\\\\node-test.118496.sock'\n- ''\n\n    at file:///c:/workspace/node-test-binary-windows-js-suites/node/test/parallel/test-startup-empty-regexp-statics.mjs:8:10\n    at ModuleJob.run (node:internal/modules/esm/module_job:371:25)\n    at async onImport.tracePromise.__proto__ (node:internal/modules/esm/loader:669:26)\n    at async asyncRunEntryPointWithESMLoader (node:internal/modules/run_main:101:5) {\n  generatedMessage: true,\n  code: 'ERR_ASSERTION',\n  actual: '\\\\\\\\.\\\\pipe\\\\\\\\node-test.118496.sock',\n  expected: '',\n  operator: 'strictEqual'\n}\n\nNode.js v25.0.0-pre"},"time":205.004,"fullname":"parallel/test-startup-empty-regexp-statics","closingTestPoint":false}}]}