{"failedTests":[{"testName":"parallel/test-fs-cp-sync-resolve-relative-symlinks-default","timestamp":1755277152254,"status":"FAILED","jobName":"node-test-binary-windows-js-suites","config":"node-test-binary-windows-js-suites » 2,win11-arm64-COMPILED_BY-vs2022_clang-arm64 #36267","buildUrl":"https://ci.nodejs.org/job/node-test-binary-windows-js-suites/RUN_SUBSET=2,nodes=win11-arm64-COMPILED_BY-vs2022_clang-arm64/36267/","buildNumber":36267,"builtOn":"test-azure_msft-win11_vs2022-arm64-3","nodeVersion":"25.0.0","commitHash":"eff20f71b76b003dc7ce8580da39ed743f7b4124","callStack":[{"upstreamBuild":72532,"upstreamProject":"node-test-commit-windows-fanned","upstreamUrl":"job/node-test-commit-windows-fanned/"},{"upstreamBuild":82062,"upstreamProject":"node-test-commit","upstreamUrl":"job/node-test-commit/"},{"upstreamBuild":68660,"upstreamProject":"node-test-pull-request","upstreamUrl":"job/node-test-pull-request/"},{"prId":"59466"}],"tap":{"ok":false,"name":"parallel/test-fs-cp-sync-resolve-relative-symlinks-default","id":344,"buffered":false,"tapError":null,"skip":false,"todo":": Fix flaky test","previous":null,"plan":null,"diag":{"severity":"flaky","exitcode":1,"stack":"node:internal/modules/run_main:107\n    triggerUncaughtException(\n    ^\n\nAssertionError [ERR_ASSERTION]: Expected values to be strictly equal:\n+ actual - expected\n\n+ 'D:\\\\workspace\\\\node-test-binary-windows-js-suites\\\\node\\\\test\\\\.tmp.343\\\\copy_%1\\\\foo.js'\n- 'd:\\\\workspace\\\\node-test-binary-windows-js-suites\\\\node\\\\test\\\\.tmp.343\\\\copy_%1\\\\foo.js'\n\n    at file:///d:/workspace/node-test-binary-windows-js-suites/node/test/parallel/test-fs-cp-sync-resolve-relative-symlinks-default.mjs:21:8\n    at ModuleJob.run (node:internal/modules/esm/module_job:371:25)\n    at async onImport.tracePromise.__proto__ (node:internal/modules/esm/loader:671:26)\n    at async asyncRunEntryPointWithESMLoader (node:internal/modules/run_main:101:5) {\n  generatedMessage: true,\n  code: 'ERR_ASSERTION',\n  actual: 'D:\\\\workspace\\\\node-test-binary-windows-js-suites\\\\node\\\\test\\\\.tmp.343\\\\copy_%1\\\\foo.js',\n  expected: 'd:\\\\workspace\\\\node-test-binary-windows-js-suites\\\\node\\\\test\\\\.tmp.343\\\\copy_%1\\\\foo.js',\n  operator: 'strictEqual',\n  diff: 'simple'\n}\n\nNode.js v25.0.0-pre"},"time":324.001,"fullname":"parallel/test-fs-cp-sync-resolve-relative-symlinks-default","closingTestPoint":false}},{"testName":"parallel/test-fs-cp-sync-resolve-relative-symlinks-default","timestamp":1755277152254,"status":"FAILED","jobName":"node-test-binary-windows-js-suites","config":"node-test-binary-windows-js-suites » 1,win11-COMPILED_BY-vs2022_clang #36267","buildUrl":"https://ci.nodejs.org/job/node-test-binary-windows-js-suites/RUN_SUBSET=1,nodes=win11-COMPILED_BY-vs2022_clang/36267/","buildNumber":36267,"builtOn":"test-azure_msft-win11_vs2022-x64-4","nodeVersion":"25.0.0","commitHash":"eff20f71b76b003dc7ce8580da39ed743f7b4124","callStack":[{"upstreamBuild":72532,"upstreamProject":"node-test-commit-windows-fanned","upstreamUrl":"job/node-test-commit-windows-fanned/"},{"upstreamBuild":82062,"upstreamProject":"node-test-commit","upstreamUrl":"job/node-test-commit/"},{"upstreamBuild":68660,"upstreamProject":"node-test-pull-request","upstreamUrl":"job/node-test-pull-request/"},{"prId":"59466"}],"tap":{"ok":false,"name":"parallel/test-fs-cp-sync-resolve-relative-symlinks-default","id":342,"buffered":false,"tapError":null,"skip":false,"todo":": Fix flaky test","previous":null,"plan":null,"diag":{"severity":"flaky","exitcode":1,"stack":"node:internal/modules/run_main:107\n    triggerUncaughtException(\n    ^\n\nAssertionError [ERR_ASSERTION]: Expected values to be strictly equal:\n+ actual - expected\n\n+ 'C:\\\\workspace\\\\node-test-binary-windows-js-suites\\\\node\\\\test\\\\.tmp.342\\\\copy_%1\\\\foo.js'\n- 'c:\\\\workspace\\\\node-test-binary-windows-js-suites\\\\node\\\\test\\\\.tmp.342\\\\copy_%1\\\\foo.js'\n\n    at file:///c:/workspace/node-test-binary-windows-js-suites/node/test/parallel/test-fs-cp-sync-resolve-relative-symlinks-default.mjs:21:8\n    at ModuleJob.run (node:internal/modules/esm/module_job:371:25)\n    at async onImport.tracePromise.__proto__ (node:internal/modules/esm/loader:671:26)\n    at async asyncRunEntryPointWithESMLoader (node:internal/modules/run_main:101:5) {\n  generatedMessage: true,\n  code: 'ERR_ASSERTION',\n  actual: 'C:\\\\workspace\\\\node-test-binary-windows-js-suites\\\\node\\\\test\\\\.tmp.342\\\\copy_%1\\\\foo.js',\n  expected: 'c:\\\\workspace\\\\node-test-binary-windows-js-suites\\\\node\\\\test\\\\.tmp.342\\\\copy_%1\\\\foo.js',\n  operator: 'strictEqual',\n  diff: 'simple'\n}\n\nNode.js v25.0.0-pre"},"time":129.002,"fullname":"parallel/test-fs-cp-sync-resolve-relative-symlinks-default","closingTestPoint":false}},{"testName":"parallel/test-fs-cp-sync-copy-symlink-not-pointing-to-folder","timestamp":1755277152254,"status":"FAILED","jobName":"node-test-binary-windows-js-suites","config":"node-test-binary-windows-js-suites » 3,win11-arm64-COMPILED_BY-vs2022_clang-arm64 #36267","buildUrl":"https://ci.nodejs.org/job/node-test-binary-windows-js-suites/RUN_SUBSET=3,nodes=win11-arm64-COMPILED_BY-vs2022_clang-arm64/36267/","buildNumber":36267,"builtOn":"test-azure_msft-win11_vs2022-arm64-5","nodeVersion":"25.0.0","commitHash":"eff20f71b76b003dc7ce8580da39ed743f7b4124","callStack":[{"upstreamBuild":72532,"upstreamProject":"node-test-commit-windows-fanned","upstreamUrl":"job/node-test-commit-windows-fanned/"},{"upstreamBuild":82062,"upstreamProject":"node-test-commit","upstreamUrl":"job/node-test-commit/"},{"upstreamBuild":68660,"upstreamProject":"node-test-pull-request","upstreamUrl":"job/node-test-pull-request/"},{"prId":"59466"}],"tap":{"ok":false,"name":"parallel/test-fs-cp-sync-copy-symlink-not-pointing-to-folder","id":335,"buffered":false,"tapError":null,"skip":false,"todo":": Fix flaky test","previous":null,"plan":null,"diag":{"severity":"flaky","exitcode":1,"stack":"node:internal/modules/run_main:107\n    triggerUncaughtException(\n    ^\n\nAssertionError [ERR_ASSERTION]: Expected values to be strictly equal:\n+ actual - expected\n\n+ 'D:\\\\workspace\\\\node-test-binary-windows-js-suites\\\\node\\\\test\\\\.tmp.336\\\\copy_%1'\n- 'd:\\\\workspace\\\\node-test-binary-windows-js-suites\\\\node\\\\test\\\\.tmp.336\\\\copy_%1'\n\n    at file:///d:/workspace/node-test-binary-windows-js-suites/node/test/parallel/test-fs-cp-sync-copy-symlink-not-pointing-to-folder.mjs:19:8\n    at ModuleJob.run (node:internal/modules/esm/module_job:371:25)\n    at async onImport.tracePromise.__proto__ (node:internal/modules/esm/loader:671:26)\n    at async asyncRunEntryPointWithESMLoader (node:internal/modules/run_main:101:5) {\n  generatedMessage: true,\n  code: 'ERR_ASSERTION',\n  actual: 'D:\\\\workspace\\\\node-test-binary-windows-js-suites\\\\node\\\\test\\\\.tmp.336\\\\copy_%1',\n  expected: 'd:\\\\workspace\\\\node-test-binary-windows-js-suites\\\\node\\\\test\\\\.tmp.336\\\\copy_%1',\n  operator: 'strictEqual',\n  diff: 'simple'\n}\n\nNode.js v25.0.0-pre"},"time":265.996,"fullname":"parallel/test-fs-cp-sync-copy-symlink-not-pointing-to-folder","closingTestPoint":false}},{"testName":"parallel/test-fs-cp-sync-resolve-relative-symlinks-false","timestamp":1755277152254,"status":"FAILED","jobName":"node-test-binary-windows-js-suites","config":"node-test-binary-windows-js-suites » 3,win11-arm64-COMPILED_BY-vs2022_clang-arm64 #36267","buildUrl":"https://ci.nodejs.org/job/node-test-binary-windows-js-suites/RUN_SUBSET=3,nodes=win11-arm64-COMPILED_BY-vs2022_clang-arm64/36267/","buildNumber":36267,"builtOn":"test-azure_msft-win11_vs2022-arm64-5","nodeVersion":"25.0.0","commitHash":"eff20f71b76b003dc7ce8580da39ed743f7b4124","callStack":[{"upstreamBuild":72532,"upstreamProject":"node-test-commit-windows-fanned","upstreamUrl":"job/node-test-commit-windows-fanned/"},{"upstreamBuild":82062,"upstreamProject":"node-test-commit","upstreamUrl":"job/node-test-commit/"},{"upstreamBuild":68660,"upstreamProject":"node-test-pull-request","upstreamUrl":"job/node-test-pull-request/"},{"prId":"59466"}],"tap":{"ok":false,"name":"parallel/test-fs-cp-sync-resolve-relative-symlinks-false","id":342,"buffered":false,"tapError":null,"skip":false,"todo":": Fix flaky test","previous":null,"plan":null,"diag":{"severity":"flaky","exitcode":1,"stack":"node:internal/modules/run_main:107\n    triggerUncaughtException(\n    ^\n\nAssertionError [ERR_ASSERTION]: Expected values to be strictly equal:\n+ actual - expected\n\n+ 'D:\\\\workspace\\\\node-test-binary-windows-js-suites\\\\node\\\\test\\\\.tmp.342\\\\copy_%1\\\\foo.js'\n- 'd:\\\\workspace\\\\node-test-binary-windows-js-suites\\\\node\\\\test\\\\.tmp.342\\\\copy_%1\\\\foo.js'\n\n    at file:///d:/workspace/node-test-binary-windows-js-suites/node/test/parallel/test-fs-cp-sync-resolve-relative-symlinks-false.mjs:21:8\n    at ModuleJob.run (node:internal/modules/esm/module_job:371:25)\n    at async onImport.tracePromise.__proto__ (node:internal/modules/esm/loader:671:26)\n    at async asyncRunEntryPointWithESMLoader (node:internal/modules/run_main:101:5) {\n  generatedMessage: true,\n  code: 'ERR_ASSERTION',\n  actual: 'D:\\\\workspace\\\\node-test-binary-windows-js-suites\\\\node\\\\test\\\\.tmp.342\\\\copy_%1\\\\foo.js',\n  expected: 'd:\\\\workspace\\\\node-test-binary-windows-js-suites\\\\node\\\\test\\\\.tmp.342\\\\copy_%1\\\\foo.js',\n  operator: 'strictEqual',\n  diff: 'simple'\n}\n\nNode.js v25.0.0-pre"},"time":264.997,"fullname":"parallel/test-fs-cp-sync-resolve-relative-symlinks-false","closingTestPoint":false}},{"testName":"parallel/test-fs-cp-sync-symlink-points-to-dest-error","timestamp":1755277152254,"status":"FAILED","jobName":"node-test-binary-windows-js-suites","config":"node-test-binary-windows-js-suites » 3,win11-arm64-COMPILED_BY-vs2022_clang-arm64 #36267","buildUrl":"https://ci.nodejs.org/job/node-test-binary-windows-js-suites/RUN_SUBSET=3,nodes=win11-arm64-COMPILED_BY-vs2022_clang-arm64/36267/","buildNumber":36267,"builtOn":"test-azure_msft-win11_vs2022-arm64-5","nodeVersion":"25.0.0","commitHash":"eff20f71b76b003dc7ce8580da39ed743f7b4124","callStack":[{"upstreamBuild":72532,"upstreamProject":"node-test-commit-windows-fanned","upstreamUrl":"job/node-test-commit-windows-fanned/"},{"upstreamBuild":82062,"upstreamProject":"node-test-commit","upstreamUrl":"job/node-test-commit/"},{"upstreamBuild":68660,"upstreamProject":"node-test-pull-request","upstreamUrl":"job/node-test-pull-request/"},{"prId":"59466"}],"tap":{"ok":false,"name":"parallel/test-fs-cp-sync-symlink-points-to-dest-error","id":343,"buffered":false,"tapError":null,"skip":false,"todo":": Fix flaky test","previous":null,"plan":null,"diag":{"severity":"flaky","exitcode":1,"stack":"node:internal/modules/run_main:107\n    triggerUncaughtException(\n    ^\n\nAssertionError [ERR_ASSERTION]: Missing expected exception.\n    at file:///d:/workspace/node-test-binary-windows-js-suites/node/test/parallel/test-fs-cp-sync-symlink-points-to-dest-error.mjs:17:8\n    at ModuleJob.run (node:internal/modules/esm/module_job:371:25)\n    at async onImport.tracePromise.__proto__ (node:internal/modules/esm/loader:671:26)\n    at async asyncRunEntryPointWithESMLoader (node:internal/modules/run_main:101:5) {\n  generatedMessage: false,\n  code: 'ERR_ASSERTION',\n  actual: undefined,\n  expected: { code: 'ERR_FS_CP_EINVAL' },\n  operator: 'throws',\n  diff: 'simple'\n}\n\nNode.js v25.0.0-pre"},"time":262,"fullname":"parallel/test-fs-cp-sync-symlink-points-to-dest-error","closingTestPoint":false}},{"testName":"parallel/test-fs-cp-sync-unicode-folder-names","timestamp":1755277152254,"status":"FAILED","jobName":"node-test-binary-windows-js-suites","config":"node-test-binary-windows-js-suites » 3,win2022-COMPILED_BY-vs2022_clang #36267","buildUrl":"https://ci.nodejs.org/job/node-test-binary-windows-js-suites/RUN_SUBSET=3,nodes=win2022-COMPILED_BY-vs2022_clang/36267/","buildNumber":36267,"builtOn":"test-rackspace-win2022_vs2022-x64-6","nodeVersion":"25.0.0","commitHash":"eff20f71b76b003dc7ce8580da39ed743f7b4124","callStack":[{"upstreamBuild":72532,"upstreamProject":"node-test-commit-windows-fanned","upstreamUrl":"job/node-test-commit-windows-fanned/"},{"upstreamBuild":82062,"upstreamProject":"node-test-commit","upstreamUrl":"job/node-test-commit/"},{"upstreamBuild":68660,"upstreamProject":"node-test-pull-request","upstreamUrl":"job/node-test-pull-request/"},{"prId":"59466"}],"tap":{"ok":false,"name":"parallel/test-fs-cp-sync-unicode-folder-names","id":352,"buffered":false,"tapError":null,"skip":false,"todo":": Fix flaky test","previous":null,"plan":null,"diag":{"severity":"flaky","exitcode":3221226505,"stack":""},"time":480.98,"fullname":"parallel/test-fs-cp-sync-unicode-folder-names","closingTestPoint":false}},{"testName":"parallel/test-fs-cp-sync-error-on-exist","timestamp":1755277152254,"status":"FAILED","jobName":"node-test-binary-windows-js-suites","config":"node-test-binary-windows-js-suites » 0,win2019-COMPILED_BY-vs2022_clang #36267","buildUrl":"https://ci.nodejs.org/job/node-test-binary-windows-js-suites/RUN_SUBSET=0,nodes=win2019-COMPILED_BY-vs2022_clang/36267/","buildNumber":36267,"builtOn":"test-rackspace-win2019_vs2019-x64-1","nodeVersion":"25.0.0","commitHash":"eff20f71b76b003dc7ce8580da39ed743f7b4124","callStack":[{"upstreamBuild":72532,"upstreamProject":"node-test-commit-windows-fanned","upstreamUrl":"job/node-test-commit-windows-fanned/"},{"upstreamBuild":82062,"upstreamProject":"node-test-commit","upstreamUrl":"job/node-test-commit/"},{"upstreamBuild":68660,"upstreamProject":"node-test-pull-request","upstreamUrl":"job/node-test-pull-request/"},{"prId":"59466"}],"tap":{"ok":false,"name":"parallel/test-fs-cp-sync-error-on-exist","id":339,"buffered":false,"tapError":null,"skip":false,"todo":": Fix flaky test","previous":null,"plan":null,"diag":{"severity":"flaky","exitcode":1,"stack":"node:internal/modules/run_main:107\n    triggerUncaughtException(\n    ^\n\nAssertionError [ERR_ASSERTION]: Expected values to be strictly deep-equal:\n+ actual - expected\n\n  Comparison {\n+   code: ''\n-   code: 'ERR_FS_CP_EEXIST'\n  }\n\n    at file:///C:/workspace/node-test-binary-windows-js-suites/node/test/parallel/test-fs-cp-sync-error-on-exist.mjs:14:8\n    at ModuleJob.run (node:internal/modules/esm/module_job:371:25)\n    at async onImport.tracePromise.__proto__ (node:internal/modules/esm/loader:671:26)\n    at async asyncRunEntryPointWithESMLoader (node:internal/modules/run_main:101:5) {\n  generatedMessage: true,\n  code: 'ERR_ASSERTION',\n  actual: Error: , The file exists. '\\\\?\\C:\\workspace\\node-test-binary-windows-js-suites\\node\\test\\.tmp.339\\copy_%1\\a\\b'\n      at copyDir (node:internal/fs/cp/cp-sync:145:22)\n      at onDir (node:internal/fs/cp/cp-sync:137:10)\n      at getStats (node:internal/fs/cp/cp-sync:68:12)\n      at cpSyncFn (node:internal/fs/cp/cp-sync:58:10)\n      at cpSync (node:fs:3123:3)\n      at assert.throws.code (file:///C:/workspace/node-test-binary-windows-js-suites/node/test/parallel/test-fs-cp-sync-error-on-exist.mjs:15:9)\n      at getActual (node:assert:584:5)\n      at assert.throws (node:assert:732:24)\n      at file:///C:/workspace/node-test-binary-windows-js-suites/node/test/parallel/test-fs-cp-sync-error-on-exist.mjs:14:8\n      at ModuleJob.run (node:internal/modules/esm/module_job:371:25) {\n    errno: 80,\n    code: '',\n    path: '\\\\\\\\?\\\\C:\\\\workspace\\\\node-test-binary-windows-js-suites\\\\node\\\\test\\\\.tmp.339\\\\copy_%1\\\\a\\\\b',\n    syscall: 'cp'\n  },\n  expected: { code: 'ERR_FS_CP_EEXIST' },\n  operator: 'throws',\n  diff: 'simple'\n}\n\nNode.js v25.0.0-pre"},"time":277.025,"fullname":"parallel/test-fs-cp-sync-error-on-exist","closingTestPoint":false}},{"testName":"parallel/test-fs-cp-sync-copy-symlink-not-pointing-to-folder","timestamp":1755277152254,"status":"FAILED","jobName":"node-test-binary-windows-js-suites","config":"node-test-binary-windows-js-suites » 2,win11-COMPILED_BY-vs2022_clang #36267","buildUrl":"https://ci.nodejs.org/job/node-test-binary-windows-js-suites/RUN_SUBSET=2,nodes=win11-COMPILED_BY-vs2022_clang/36267/","buildNumber":36267,"builtOn":"test-azure_msft-win11_vs2022-x64-3","nodeVersion":"25.0.0","commitHash":"eff20f71b76b003dc7ce8580da39ed743f7b4124","callStack":[{"upstreamBuild":72532,"upstreamProject":"node-test-commit-windows-fanned","upstreamUrl":"job/node-test-commit-windows-fanned/"},{"upstreamBuild":82062,"upstreamProject":"node-test-commit","upstreamUrl":"job/node-test-commit/"},{"upstreamBuild":68660,"upstreamProject":"node-test-pull-request","upstreamUrl":"job/node-test-pull-request/"},{"prId":"59466"}],"tap":{"ok":false,"name":"parallel/test-fs-cp-sync-copy-symlink-not-pointing-to-folder","id":337,"buffered":false,"tapError":null,"skip":false,"todo":": Fix flaky test","previous":null,"plan":null,"diag":{"severity":"flaky","exitcode":1,"stack":"node:internal/modules/run_main:107\n    triggerUncaughtException(\n    ^\n\nAssertionError [ERR_ASSERTION]: Expected values to be strictly equal:\n+ actual - expected\n\n+ 'C:\\\\workspace\\\\node-test-binary-windows-js-suites\\\\node\\\\test\\\\.tmp.337\\\\copy_%1'\n- 'c:\\\\workspace\\\\node-test-binary-windows-js-suites\\\\node\\\\test\\\\.tmp.337\\\\copy_%1'\n\n    at file:///c:/workspace/node-test-binary-windows-js-suites/node/test/parallel/test-fs-cp-sync-copy-symlink-not-pointing-to-folder.mjs:19:8\n    at ModuleJob.run (node:internal/modules/esm/module_job:371:25)\n    at async onImport.tracePromise.__proto__ (node:internal/modules/esm/loader:671:26)\n    at async asyncRunEntryPointWithESMLoader (node:internal/modules/run_main:101:5) {\n  generatedMessage: true,\n  code: 'ERR_ASSERTION',\n  actual: 'C:\\\\workspace\\\\node-test-binary-windows-js-suites\\\\node\\\\test\\\\.tmp.337\\\\copy_%1',\n  expected: 'c:\\\\workspace\\\\node-test-binary-windows-js-suites\\\\node\\\\test\\\\.tmp.337\\\\copy_%1',\n  operator: 'strictEqual',\n  diff: 'simple'\n}\n\nNode.js v25.0.0-pre"},"time":206,"fullname":"parallel/test-fs-cp-sync-copy-symlink-not-pointing-to-folder","closingTestPoint":false}},{"testName":"parallel/test-fs-cp-sync-symlink-points-to-dest-error","timestamp":1755277152254,"status":"FAILED","jobName":"node-test-binary-windows-js-suites","config":"node-test-binary-windows-js-suites » 2,win11-COMPILED_BY-vs2022_clang #36267","buildUrl":"https://ci.nodejs.org/job/node-test-binary-windows-js-suites/RUN_SUBSET=2,nodes=win11-COMPILED_BY-vs2022_clang/36267/","buildNumber":36267,"builtOn":"test-azure_msft-win11_vs2022-x64-3","nodeVersion":"25.0.0","commitHash":"eff20f71b76b003dc7ce8580da39ed743f7b4124","callStack":[{"upstreamBuild":72532,"upstreamProject":"node-test-commit-windows-fanned","upstreamUrl":"job/node-test-commit-windows-fanned/"},{"upstreamBuild":82062,"upstreamProject":"node-test-commit","upstreamUrl":"job/node-test-commit/"},{"upstreamBuild":68660,"upstreamProject":"node-test-pull-request","upstreamUrl":"job/node-test-pull-request/"},{"prId":"59466"}],"tap":{"ok":false,"name":"parallel/test-fs-cp-sync-symlink-points-to-dest-error","id":343,"buffered":false,"tapError":null,"skip":false,"todo":": Fix flaky test","previous":null,"plan":null,"diag":{"severity":"flaky","exitcode":1,"stack":"node:internal/modules/run_main:107\n    triggerUncaughtException(\n    ^\n\nAssertionError [ERR_ASSERTION]: Missing expected exception.\n    at file:///c:/workspace/node-test-binary-windows-js-suites/node/test/parallel/test-fs-cp-sync-symlink-points-to-dest-error.mjs:17:8\n    at ModuleJob.run (node:internal/modules/esm/module_job:371:25)\n    at async onImport.tracePromise.__proto__ (node:internal/modules/esm/loader:671:26)\n    at async asyncRunEntryPointWithESMLoader (node:internal/modules/run_main:101:5) {\n  generatedMessage: false,\n  code: 'ERR_ASSERTION',\n  actual: undefined,\n  expected: { code: 'ERR_FS_CP_EINVAL' },\n  operator: 'throws',\n  diff: 'simple'\n}\n\nNode.js v25.0.0-pre"},"time":187.003,"fullname":"parallel/test-fs-cp-sync-symlink-points-to-dest-error","closingTestPoint":false}},{"testName":"parallel/test-fs-cp-sync-resolve-relative-symlinks-false","timestamp":1755277152254,"status":"FAILED","jobName":"node-test-binary-windows-js-suites","config":"node-test-binary-windows-js-suites » 2,win11-COMPILED_BY-vs2022_clang #36267","buildUrl":"https://ci.nodejs.org/job/node-test-binary-windows-js-suites/RUN_SUBSET=2,nodes=win11-COMPILED_BY-vs2022_clang/36267/","buildNumber":36267,"builtOn":"test-azure_msft-win11_vs2022-x64-3","nodeVersion":"25.0.0","commitHash":"eff20f71b76b003dc7ce8580da39ed743f7b4124","callStack":[{"upstreamBuild":72532,"upstreamProject":"node-test-commit-windows-fanned","upstreamUrl":"job/node-test-commit-windows-fanned/"},{"upstreamBuild":82062,"upstreamProject":"node-test-commit","upstreamUrl":"job/node-test-commit/"},{"upstreamBuild":68660,"upstreamProject":"node-test-pull-request","upstreamUrl":"job/node-test-pull-request/"},{"prId":"59466"}],"tap":{"ok":false,"name":"parallel/test-fs-cp-sync-resolve-relative-symlinks-false","id":344,"buffered":false,"tapError":null,"skip":false,"todo":": Fix flaky test","previous":null,"plan":null,"diag":{"severity":"flaky","exitcode":1,"stack":"node:internal/modules/run_main:107\n    triggerUncaughtException(\n    ^\n\nAssertionError [ERR_ASSERTION]: Expected values to be strictly equal:\n+ actual - expected\n\n+ 'C:\\\\workspace\\\\node-test-binary-windows-js-suites\\\\node\\\\test\\\\.tmp.343\\\\copy_%1\\\\foo.js'\n- 'c:\\\\workspace\\\\node-test-binary-windows-js-suites\\\\node\\\\test\\\\.tmp.343\\\\copy_%1\\\\foo.js'\n\n    at file:///c:/workspace/node-test-binary-windows-js-suites/node/test/parallel/test-fs-cp-sync-resolve-relative-symlinks-false.mjs:21:8\n    at ModuleJob.run (node:internal/modules/esm/module_job:371:25)\n    at async onImport.tracePromise.__proto__ (node:internal/modules/esm/loader:671:26)\n    at async asyncRunEntryPointWithESMLoader (node:internal/modules/run_main:101:5) {\n  generatedMessage: true,\n  code: 'ERR_ASSERTION',\n  actual: 'C:\\\\workspace\\\\node-test-binary-windows-js-suites\\\\node\\\\test\\\\.tmp.343\\\\copy_%1\\\\foo.js',\n  expected: 'c:\\\\workspace\\\\node-test-binary-windows-js-suites\\\\node\\\\test\\\\.tmp.343\\\\copy_%1\\\\foo.js',\n  operator: 'strictEqual',\n  diff: 'simple'\n}\n\nNode.js v25.0.0-pre"},"time":187.003,"fullname":"parallel/test-fs-cp-sync-resolve-relative-symlinks-false","closingTestPoint":false}},{"testName":"parallel/test-fs-cp-sync-unicode-folder-names","timestamp":1755277152254,"status":"FAILED","jobName":"node-test-binary-windows-js-suites","config":"node-test-binary-windows-js-suites » 3,win2019-COMPILED_BY-vs2022_clang #36267","buildUrl":"https://ci.nodejs.org/job/node-test-binary-windows-js-suites/RUN_SUBSET=3,nodes=win2019-COMPILED_BY-vs2022_clang/36267/","buildNumber":36267,"builtOn":"test-rackspace-win2019_vs2019-x64-4","nodeVersion":"25.0.0","commitHash":"eff20f71b76b003dc7ce8580da39ed743f7b4124","callStack":[{"upstreamBuild":72532,"upstreamProject":"node-test-commit-windows-fanned","upstreamUrl":"job/node-test-commit-windows-fanned/"},{"upstreamBuild":82062,"upstreamProject":"node-test-commit","upstreamUrl":"job/node-test-commit/"},{"upstreamBuild":68660,"upstreamProject":"node-test-pull-request","upstreamUrl":"job/node-test-pull-request/"},{"prId":"59466"}],"tap":{"ok":false,"name":"parallel/test-fs-cp-sync-unicode-folder-names","id":351,"buffered":false,"tapError":null,"skip":false,"todo":": Fix flaky test","previous":null,"plan":null,"diag":{"severity":"flaky","exitcode":3221226505,"stack":""},"time":582.014,"fullname":"parallel/test-fs-cp-sync-unicode-folder-names","closingTestPoint":false}},{"testName":"parallel/test-fs-cp-sync-error-on-exist","timestamp":1755277152254,"status":"FAILED","jobName":"node-test-binary-windows-js-suites","config":"node-test-binary-windows-js-suites » 0,win10-COMPILED_BY-vs2022_clang #36267","buildUrl":"https://ci.nodejs.org/job/node-test-binary-windows-js-suites/RUN_SUBSET=0,nodes=win10-COMPILED_BY-vs2022_clang/36267/","buildNumber":36267,"builtOn":"test-azure_msft-win10_vs2019-x64-1","nodeVersion":"25.0.0","commitHash":"eff20f71b76b003dc7ce8580da39ed743f7b4124","callStack":[{"upstreamBuild":72532,"upstreamProject":"node-test-commit-windows-fanned","upstreamUrl":"job/node-test-commit-windows-fanned/"},{"upstreamBuild":82062,"upstreamProject":"node-test-commit","upstreamUrl":"job/node-test-commit/"},{"upstreamBuild":68660,"upstreamProject":"node-test-pull-request","upstreamUrl":"job/node-test-pull-request/"},{"prId":"59466"}],"tap":{"ok":false,"name":"parallel/test-fs-cp-sync-error-on-exist","id":340,"buffered":false,"tapError":null,"skip":false,"todo":": Fix flaky test","previous":null,"plan":null,"diag":{"severity":"flaky","exitcode":1,"stack":"node:internal/modules/run_main:107\n    triggerUncaughtException(\n    ^\n\nAssertionError [ERR_ASSERTION]: Expected values to be strictly deep-equal:\n+ actual - expected\n\n  Comparison {\n+   code: ''\n-   code: 'ERR_FS_CP_EEXIST'\n  }\n\n    at file:///c:/workspace/node-test-binary-windows-js-suites/node/test/parallel/test-fs-cp-sync-error-on-exist.mjs:14:8\n    at ModuleJob.run (node:internal/modules/esm/module_job:371:25)\n    at async onImport.tracePromise.__proto__ (node:internal/modules/esm/loader:671:26)\n    at async asyncRunEntryPointWithESMLoader (node:internal/modules/run_main:101:5) {\n  generatedMessage: true,\n  code: 'ERR_ASSERTION',\n  actual: Error: , The file exists. '\\\\?\\c:\\workspace\\node-test-binary-windows-js-suites\\node\\test\\.tmp.339\\copy_%1\\a\\b'\n      at copyDir (node:internal/fs/cp/cp-sync:145:22)\n      at onDir (node:internal/fs/cp/cp-sync:137:10)\n      at getStats (node:internal/fs/cp/cp-sync:68:12)\n      at cpSyncFn (node:internal/fs/cp/cp-sync:58:10)\n      at cpSync (node:fs:3123:3)\n      at assert.throws.code (file:///c:/workspace/node-test-binary-windows-js-suites/node/test/parallel/test-fs-cp-sync-error-on-exist.mjs:15:9)\n      at getActual (node:assert:584:5)\n      at assert.throws (node:assert:732:24)\n      at file:///c:/workspace/node-test-binary-windows-js-suites/node/test/parallel/test-fs-cp-sync-error-on-exist.mjs:14:8\n      at ModuleJob.run (node:internal/modules/esm/module_job:371:25) {\n    errno: 80,\n    code: '',\n    path: '\\\\\\\\?\\\\c:\\\\workspace\\\\node-test-binary-windows-js-suites\\\\node\\\\test\\\\.tmp.339\\\\copy_%1\\\\a\\\\b',\n    syscall: 'cp'\n  },\n  expected: { code: 'ERR_FS_CP_EEXIST' },\n  operator: 'throws',\n  diff: 'simple'\n}\n\nNode.js v25.0.0-pre"},"time":1533.01,"fullname":"parallel/test-fs-cp-sync-error-on-exist","closingTestPoint":false}},{"testName":"parallel/test-without-async-context-frame","timestamp":1755277152254,"status":"FAILED","jobName":"node-test-binary-windows-js-suites","config":"node-test-binary-windows-js-suites » 0,win10-COMPILED_BY-vs2022_clang #36267","buildUrl":"https://ci.nodejs.org/job/node-test-binary-windows-js-suites/RUN_SUBSET=0,nodes=win10-COMPILED_BY-vs2022_clang/36267/","buildNumber":36267,"builtOn":"test-azure_msft-win10_vs2019-x64-1","nodeVersion":"25.0.0","commitHash":"eff20f71b76b003dc7ce8580da39ed743f7b4124","callStack":[{"upstreamBuild":72532,"upstreamProject":"node-test-commit-windows-fanned","upstreamUrl":"job/node-test-commit-windows-fanned/"},{"upstreamBuild":82062,"upstreamProject":"node-test-commit","upstreamUrl":"job/node-test-commit/"},{"upstreamBuild":68660,"upstreamProject":"node-test-pull-request","upstreamUrl":"job/node-test-pull-request/"},{"prId":"59466"}],"tap":{"ok":false,"name":"parallel/test-without-async-context-frame","id":1066,"buffered":false,"tapError":null,"skip":false,"todo":": Fix flaky test","previous":null,"plan":null,"diag":{"severity":"fail","exitcode":1,"stack":"timeout"},"time":120986.984,"fullname":"parallel/test-without-async-context-frame","closingTestPoint":false}},{"testName":"parallel/test-fs-cp-sync-resolve-relative-symlinks-default","timestamp":1755277152254,"status":"FAILED","jobName":"node-test-binary-windows-js-suites","config":"node-test-binary-windows-js-suites » 1,win10-COMPILED_BY-vs2022_clang #36267","buildUrl":"https://ci.nodejs.org/job/node-test-binary-windows-js-suites/RUN_SUBSET=1,nodes=win10-COMPILED_BY-vs2022_clang/36267/","buildNumber":36267,"builtOn":"test-azure_msft-win10_vs2019-x64-1","nodeVersion":"25.0.0","commitHash":"eff20f71b76b003dc7ce8580da39ed743f7b4124","callStack":[{"upstreamBuild":72532,"upstreamProject":"node-test-commit-windows-fanned","upstreamUrl":"job/node-test-commit-windows-fanned/"},{"upstreamBuild":82062,"upstreamProject":"node-test-commit","upstreamUrl":"job/node-test-commit/"},{"upstreamBuild":68660,"upstreamProject":"node-test-pull-request","upstreamUrl":"job/node-test-pull-request/"},{"prId":"59466"}],"tap":{"ok":false,"name":"parallel/test-fs-cp-sync-resolve-relative-symlinks-default","id":343,"buffered":false,"tapError":null,"skip":false,"todo":": Fix flaky test","previous":null,"plan":null,"diag":{"severity":"flaky","exitcode":1,"stack":"node:internal/modules/run_main:107\n    triggerUncaughtException(\n    ^\n\nAssertionError [ERR_ASSERTION]: Expected values to be strictly equal:\n+ actual - expected\n\n+ 'C:\\\\workspace\\\\node-test-binary-windows-js-suites\\\\node\\\\test\\\\.tmp.342\\\\copy_%1\\\\foo.js'\n- 'c:\\\\workspace\\\\node-test-binary-windows-js-suites\\\\node\\\\test\\\\.tmp.342\\\\copy_%1\\\\foo.js'\n\n    at file:///c:/workspace/node-test-binary-windows-js-suites/node/test/parallel/test-fs-cp-sync-resolve-relative-symlinks-default.mjs:21:8\n    at ModuleJob.run (node:internal/modules/esm/module_job:371:25)\n    at async onImport.tracePromise.__proto__ (node:internal/modules/esm/loader:671:26)\n    at async asyncRunEntryPointWithESMLoader (node:internal/modules/run_main:101:5) {\n  generatedMessage: true,\n  code: 'ERR_ASSERTION',\n  actual: 'C:\\\\workspace\\\\node-test-binary-windows-js-suites\\\\node\\\\test\\\\.tmp.342\\\\copy_%1\\\\foo.js',\n  expected: 'c:\\\\workspace\\\\node-test-binary-windows-js-suites\\\\node\\\\test\\\\.tmp.342\\\\copy_%1\\\\foo.js',\n  operator: 'strictEqual',\n  diff: 'simple'\n}\n\nNode.js v25.0.0-pre"},"time":1485.957,"fullname":"parallel/test-fs-cp-sync-resolve-relative-symlinks-default","closingTestPoint":false}},{"testName":"parallel/test-npm-install","timestamp":1755277152254,"status":"REGRESSION","jobName":"node-test-binary-windows-js-suites","config":"node-test-binary-windows-js-suites » 1,win10-COMPILED_BY-vs2022_clang #36267","buildUrl":"https://ci.nodejs.org/job/node-test-binary-windows-js-suites/RUN_SUBSET=1,nodes=win10-COMPILED_BY-vs2022_clang/36267/","buildNumber":36267,"builtOn":"test-azure_msft-win10_vs2019-x64-1","nodeVersion":"25.0.0","commitHash":"eff20f71b76b003dc7ce8580da39ed743f7b4124","callStack":[{"upstreamBuild":72532,"upstreamProject":"node-test-commit-windows-fanned","upstreamUrl":"job/node-test-commit-windows-fanned/"},{"upstreamBuild":82062,"upstreamProject":"node-test-commit","upstreamUrl":"job/node-test-commit/"},{"upstreamBuild":68660,"upstreamProject":"node-test-pull-request","upstreamUrl":"job/node-test-pull-request/"},{"prId":"59466"}],"tap":{"ok":false,"name":"parallel/test-npm-install","id":804,"buffered":false,"tapError":null,"skip":false,"todo":false,"previous":null,"plan":null,"diag":{"severity":"fail","exitcode":1,"stack":"timeout"},"time":122240.441,"fullname":"parallel/test-npm-install","closingTestPoint":false}},{"testName":"parallel/test-fs-cp-async-symlink-points-to-dest","timestamp":1755277152254,"status":"FAILED","jobName":"node-test-binary-windows-js-suites","config":"node-test-binary-windows-js-suites » 3,win10-COMPILED_BY-vs2022_clang #36267","buildUrl":"https://ci.nodejs.org/job/node-test-binary-windows-js-suites/RUN_SUBSET=3,nodes=win10-COMPILED_BY-vs2022_clang/36267/","buildNumber":36267,"builtOn":"test-azure_msft-win10_vs2019-x64-1","nodeVersion":"25.0.0","commitHash":"eff20f71b76b003dc7ce8580da39ed743f7b4124","callStack":[{"upstreamBuild":72532,"upstreamProject":"node-test-commit-windows-fanned","upstreamUrl":"job/node-test-commit-windows-fanned/"},{"upstreamBuild":82062,"upstreamProject":"node-test-commit","upstreamUrl":"job/node-test-commit/"},{"upstreamBuild":68660,"upstreamProject":"node-test-pull-request","upstreamUrl":"job/node-test-pull-request/"},{"prId":"59466"}],"tap":{"ok":false,"name":"parallel/test-fs-cp-async-symlink-points-to-dest","id":335,"buffered":false,"tapError":null,"skip":false,"todo":": Fix flaky test","previous":null,"plan":null,"diag":{"severity":"flaky","exitcode":1,"stack":"file:///c:/workspace/node-test-binary-windows-js-suites/node/test/parallel/test-fs-cp-async-symlink-points-to-dest.mjs:19\n  assert.strictEqual(err.code, 'ERR_FS_CP_EINVAL');\n                         ^\n\nTypeError: Cannot read properties of null (reading 'code')\n    at file:///c:/workspace/node-test-binary-windows-js-suites/node/test/parallel/test-fs-cp-async-symlink-points-to-dest.mjs:19:26\n    at c:\\workspace\\node-test-binary-windows-js-suites\\node\\test\\common\\index.js:437:15\n    at node:fs:180:23\n    at process.processTicksAndRejections (node:internal/process/task_queues:90:21)\n\nNode.js v25.0.0-pre"},"time":237.001,"fullname":"parallel/test-fs-cp-async-symlink-points-to-dest","closingTestPoint":false}},{"testName":"parallel/test-fs-cp-sync-unicode-folder-names","timestamp":1755277152254,"status":"FAILED","jobName":"node-test-binary-windows-js-suites","config":"node-test-binary-windows-js-suites » 3,win10-COMPILED_BY-vs2022_clang #36267","buildUrl":"https://ci.nodejs.org/job/node-test-binary-windows-js-suites/RUN_SUBSET=3,nodes=win10-COMPILED_BY-vs2022_clang/36267/","buildNumber":36267,"builtOn":"test-azure_msft-win10_vs2019-x64-1","nodeVersion":"25.0.0","commitHash":"eff20f71b76b003dc7ce8580da39ed743f7b4124","callStack":[{"upstreamBuild":72532,"upstreamProject":"node-test-commit-windows-fanned","upstreamUrl":"job/node-test-commit-windows-fanned/"},{"upstreamBuild":82062,"upstreamProject":"node-test-commit","upstreamUrl":"job/node-test-commit/"},{"upstreamBuild":68660,"upstreamProject":"node-test-pull-request","upstreamUrl":"job/node-test-pull-request/"},{"prId":"59466"}],"tap":{"ok":false,"name":"parallel/test-fs-cp-sync-unicode-folder-names","id":349,"buffered":false,"tapError":null,"skip":false,"todo":": Fix flaky test","previous":null,"plan":null,"diag":{"severity":"flaky","exitcode":3221226505,"stack":""},"time":520.011,"fullname":"parallel/test-fs-cp-sync-unicode-folder-names","closingTestPoint":false}},{"testName":"parallel/test-fs-cp-sync-copy-symlink-not-pointing-to-folder","timestamp":1755277152254,"status":"FAILED","jobName":"node-test-binary-windows-js-suites","config":"node-test-binary-windows-js-suites » 2,win10-COMPILED_BY-vs2022_clang #36267","buildUrl":"https://ci.nodejs.org/job/node-test-binary-windows-js-suites/RUN_SUBSET=2,nodes=win10-COMPILED_BY-vs2022_clang/36267/","buildNumber":36267,"builtOn":"test-azure_msft-win10_vs2019-x64-1","nodeVersion":"25.0.0","commitHash":"eff20f71b76b003dc7ce8580da39ed743f7b4124","callStack":[{"upstreamBuild":72532,"upstreamProject":"node-test-commit-windows-fanned","upstreamUrl":"job/node-test-commit-windows-fanned/"},{"upstreamBuild":82062,"upstreamProject":"node-test-commit","upstreamUrl":"job/node-test-commit/"},{"upstreamBuild":68660,"upstreamProject":"node-test-pull-request","upstreamUrl":"job/node-test-pull-request/"},{"prId":"59466"}],"tap":{"ok":false,"name":"parallel/test-fs-cp-sync-copy-symlink-not-pointing-to-folder","id":340,"buffered":false,"tapError":null,"skip":false,"todo":": Fix flaky test","previous":null,"plan":null,"diag":{"severity":"flaky","exitcode":1,"stack":"node:internal/modules/run_main:107\n    triggerUncaughtException(\n    ^\n\nAssertionError [ERR_ASSERTION]: Expected values to be strictly equal:\n+ actual - expected\n\n+ 'C:\\\\workspace\\\\node-test-binary-windows-js-suites\\\\node\\\\test\\\\.tmp.337\\\\copy_%1'\n- 'c:\\\\workspace\\\\node-test-binary-windows-js-suites\\\\node\\\\test\\\\.tmp.337\\\\copy_%1'\n\n    at file:///c:/workspace/node-test-binary-windows-js-suites/node/test/parallel/test-fs-cp-sync-copy-symlink-not-pointing-to-folder.mjs:19:8\n    at ModuleJob.run (node:internal/modules/esm/module_job:371:25)\n    at async onImport.tracePromise.__proto__ (node:internal/modules/esm/loader:671:26)\n    at async asyncRunEntryPointWithESMLoader (node:internal/modules/run_main:101:5) {\n  generatedMessage: true,\n  code: 'ERR_ASSERTION',\n  actual: 'C:\\\\workspace\\\\node-test-binary-windows-js-suites\\\\node\\\\test\\\\.tmp.337\\\\copy_%1',\n  expected: 'c:\\\\workspace\\\\node-test-binary-windows-js-suites\\\\node\\\\test\\\\.tmp.337\\\\copy_%1',\n  operator: 'strictEqual',\n  diff: 'simple'\n}\n\nNode.js v25.0.0-pre"},"time":1373.812,"fullname":"parallel/test-fs-cp-sync-copy-symlink-not-pointing-to-folder","closingTestPoint":false}},{"testName":"parallel/test-fs-cp-sync-resolve-relative-symlinks-false","timestamp":1755277152254,"status":"FAILED","jobName":"node-test-binary-windows-js-suites","config":"node-test-binary-windows-js-suites » 2,win10-COMPILED_BY-vs2022_clang #36267","buildUrl":"https://ci.nodejs.org/job/node-test-binary-windows-js-suites/RUN_SUBSET=2,nodes=win10-COMPILED_BY-vs2022_clang/36267/","buildNumber":36267,"builtOn":"test-azure_msft-win10_vs2019-x64-1","nodeVersion":"25.0.0","commitHash":"eff20f71b76b003dc7ce8580da39ed743f7b4124","callStack":[{"upstreamBuild":72532,"upstreamProject":"node-test-commit-windows-fanned","upstreamUrl":"job/node-test-commit-windows-fanned/"},{"upstreamBuild":82062,"upstreamProject":"node-test-commit","upstreamUrl":"job/node-test-commit/"},{"upstreamBuild":68660,"upstreamProject":"node-test-pull-request","upstreamUrl":"job/node-test-pull-request/"},{"prId":"59466"}],"tap":{"ok":false,"name":"parallel/test-fs-cp-sync-resolve-relative-symlinks-false","id":344,"buffered":false,"tapError":null,"skip":false,"todo":": Fix flaky test","previous":null,"plan":null,"diag":{"severity":"flaky","exitcode":1,"stack":"node:internal/modules/run_main:107\n    triggerUncaughtException(\n    ^\n\nAssertionError [ERR_ASSERTION]: Expected values to be strictly equal:\n+ actual - expected\n\n+ 'C:\\\\workspace\\\\node-test-binary-windows-js-suites\\\\node\\\\test\\\\.tmp.343\\\\copy_%1\\\\foo.js'\n- 'c:\\\\workspace\\\\node-test-binary-windows-js-suites\\\\node\\\\test\\\\.tmp.343\\\\copy_%1\\\\foo.js'\n\n    at file:///c:/workspace/node-test-binary-windows-js-suites/node/test/parallel/test-fs-cp-sync-resolve-relative-symlinks-false.mjs:21:8\n    at ModuleJob.run (node:internal/modules/esm/module_job:371:25)\n    at async onImport.tracePromise.__proto__ (node:internal/modules/esm/loader:671:26)\n    at async asyncRunEntryPointWithESMLoader (node:internal/modules/run_main:101:5) {\n  generatedMessage: true,\n  code: 'ERR_ASSERTION',\n  actual: 'C:\\\\workspace\\\\node-test-binary-windows-js-suites\\\\node\\\\test\\\\.tmp.343\\\\copy_%1\\\\foo.js',\n  expected: 'c:\\\\workspace\\\\node-test-binary-windows-js-suites\\\\node\\\\test\\\\.tmp.343\\\\copy_%1\\\\foo.js',\n  operator: 'strictEqual',\n  diff: 'simple'\n}\n\nNode.js v25.0.0-pre"},"time":1244.996,"fullname":"parallel/test-fs-cp-sync-resolve-relative-symlinks-false","closingTestPoint":false}},{"testName":"parallel/test-fs-cp-sync-symlink-points-to-dest-error","timestamp":1755277152254,"status":"FAILED","jobName":"node-test-binary-windows-js-suites","config":"node-test-binary-windows-js-suites » 2,win10-COMPILED_BY-vs2022_clang #36267","buildUrl":"https://ci.nodejs.org/job/node-test-binary-windows-js-suites/RUN_SUBSET=2,nodes=win10-COMPILED_BY-vs2022_clang/36267/","buildNumber":36267,"builtOn":"test-azure_msft-win10_vs2019-x64-1","nodeVersion":"25.0.0","commitHash":"eff20f71b76b003dc7ce8580da39ed743f7b4124","callStack":[{"upstreamBuild":72532,"upstreamProject":"node-test-commit-windows-fanned","upstreamUrl":"job/node-test-commit-windows-fanned/"},{"upstreamBuild":82062,"upstreamProject":"node-test-commit","upstreamUrl":"job/node-test-commit/"},{"upstreamBuild":68660,"upstreamProject":"node-test-pull-request","upstreamUrl":"job/node-test-pull-request/"},{"prId":"59466"}],"tap":{"ok":false,"name":"parallel/test-fs-cp-sync-symlink-points-to-dest-error","id":345,"buffered":false,"tapError":null,"skip":false,"todo":": Fix flaky test","previous":null,"plan":null,"diag":{"severity":"flaky","exitcode":1,"stack":"node:internal/modules/run_main:107\n    triggerUncaughtException(\n    ^\n\nAssertionError [ERR_ASSERTION]: Missing expected exception.\n    at file:///c:/workspace/node-test-binary-windows-js-suites/node/test/parallel/test-fs-cp-sync-symlink-points-to-dest-error.mjs:17:8\n    at ModuleJob.run (node:internal/modules/esm/module_job:371:25)\n    at async onImport.tracePromise.__proto__ (node:internal/modules/esm/loader:671:26)\n    at async asyncRunEntryPointWithESMLoader (node:internal/modules/run_main:101:5) {\n  generatedMessage: false,\n  code: 'ERR_ASSERTION',\n  actual: undefined,\n  expected: { code: 'ERR_FS_CP_EINVAL' },\n  operator: 'throws',\n  diff: 'simple'\n}\n\nNode.js v25.0.0-pre"},"time":1446.012,"fullname":"parallel/test-fs-cp-sync-symlink-points-to-dest-error","closingTestPoint":false}},{"testName":"parallel/test-runner-run-watch","timestamp":1755277152254,"status":"FAILED","jobName":"node-test-binary-windows-js-suites","config":"node-test-binary-windows-js-suites » 2,win10-COMPILED_BY-vs2022_clang #36267","buildUrl":"https://ci.nodejs.org/job/node-test-binary-windows-js-suites/RUN_SUBSET=2,nodes=win10-COMPILED_BY-vs2022_clang/36267/","buildNumber":36267,"builtOn":"test-azure_msft-win10_vs2019-x64-1","nodeVersion":"25.0.0","commitHash":"eff20f71b76b003dc7ce8580da39ed743f7b4124","callStack":[{"upstreamBuild":72532,"upstreamProject":"node-test-commit-windows-fanned","upstreamUrl":"job/node-test-commit-windows-fanned/"},{"upstreamBuild":82062,"upstreamProject":"node-test-commit","upstreamUrl":"job/node-test-commit/"},{"upstreamBuild":68660,"upstreamProject":"node-test-pull-request","upstreamUrl":"job/node-test-pull-request/"},{"prId":"59466"}],"tap":{"ok":false,"name":"parallel/test-runner-run-watch","id":858,"buffered":false,"tapError":null,"skip":false,"todo":": Fix flaky test","previous":null,"plan":null,"diag":{"severity":"flaky","exitcode":1,"stack":"Test failure: 'should run tests repeatedly'\nLocation: test\\parallel\\test-runner-run-watch.mjs:198:3\nAssertionError [ERR_ASSERTION]: The input did not match the regular expression /fail 0/. Input:\n\n'# Subtest: test.js\\n' +\n  'not ok 2 - test.js\\n' +\n  '  ---\\n' +\n  '  duration_ms: 1283.0482\\n' +\n  \"  type: 'test'\\n\" +\n  \"  location: 'c:\\\\\\\\workspace\\\\\\\\node-test-binary-windows-js-suites\\\\\\\\node\\\\\\\\test\\\\\\\\.tmp.777\\\\\\\\test.js:1:1'\\n\" +\n  \"  failureType: 'testCodeFailure'\\n\" +\n  '  exitCode: ~\\n' +\n  \"  signal: 'SIGTERM'\\n\" +\n  \"  error: 'test failed'\\n\" +\n  \"  code: 'ERR_TEST_FAILURE'\\n\" +\n  '  ...\\n' +\n  '# Subtest: test.js\\n' +\n  'not ok 3 - test.js\\n' +\n  '  ---\\n' +\n  '  duration_ms: 1013.8632\\n' +\n  \"  type: 'test'\\n\" +\n  \"  location: 'c:\\\\\\\\workspace\\\\\\\\node-test-binary-windows-js-suites\\\\\\\\node\\\\\\\\test\\\\\\\\.tmp.777\\\\\\\\test.js:1:1'\\n\" +\n  \"  failureType: 'testCodeFailure'\\n\" +\n  '  exitCode: ~\\n' +\n  \"  signal: 'SIGTERM'\\n\" +\n  \"  error: 'test failed'\\n\" +\n  \"  code: 'ERR_TEST_FAILURE'\\n\" +\n  '  ...\\n' +\n  '# Subtest: test.js\\n' +\n  'not ok 4 - test.js\\n' +\n  '  ---\\n' +\n  '  duration_ms: 1021.3084\\n' +\n  \"  type: 'test'\\n\" +\n  \"  location: 'c:\\\\\\\\workspace\\\\\\\\node-test-binary-windows-js-suites\\\\\\\\node\\\\\\\\test\\\\\\\\.tmp.777\\\\\\\\test.js:1:1'\\n\" +\n  \"  failureType: 'testCodeFailure'\\n\" +\n  '  exitCode: ~\\n' +\n  \"  signal: 'SIGTERM'\\n\" +\n  \"  error: 'test failed'\\n\" +\n  \"  code: 'ERR_TEST_FAILURE'\\n\" +\n  '  ...\\n' +\n  '# Subtest: test.js\\n' +\n  'not ok 5 - test.js\\n' +\n  '  ---\\n' +\n  '  duration_ms: 1047.8028\\n' +\n  \"  type: 'test'\\n\" +\n  \"  location: 'c:\\\\\\\\workspace\\\\\\\\node-test-binary-windows-js-suites\\\\\\\\node\\\\\\\\test\\\\\\\\.tmp.777\\\\\\\\test.js:1:1'\\n\" +\n  \"  failureType: 'testCodeFailure'\\n\" +\n  '  exitCode: ~\\n' +\n  \"  signal: 'SIGTERM'\\n\" +\n  \"  error: 'test failed'\\n\" +\n  \"  code: 'ERR_TEST_FAILURE'\\n\" +\n  '  ...\\n' +\n  '# Subtest: test.js\\n' +\n  'not ok 6 - test.js\\n' +\n  '  ---\\n' +\n  '  duration_ms: 1048.612\\n' +\n  \"  type: 'test'\\n\" +\n  \"  location: 'c:\\\\\\\\workspace\\\\\\\\node-test-binary-windows-js-suites\\\\\\\\node\\\\\\\\test\\\\\\\\.tmp.777\\\\\\\\test.js:1:1'\\n\" +\n  \"  failureType: 'testCodeFailure'\\n\" +\n  '  exitCode: ~\\n' +\n  \"  signal: 'SIGTERM'\\n\" +\n  \"  error: 'test failed'\\n\" +\n  \"  code: 'ERR_TEST_FAILURE'\\n\" +\n  '  ...\\n' +\n  '# Subtest: test.js\\n' +\n  'not ok 7 - test.js\\n' +\n  '  ---\\n' +\n  '  duration_ms: 1030.0326\\n' +\n  \"  type: 'test'\\n\" +\n  \"  location: 'c:\\\\\\\\workspace\\\\\\\\node-test-binary-windows-js-suites\\\\\\\\node\\\\\\\\test\\\\\\\\.tmp.777\\\\\\\\test.js:1:1'\\n\" +\n  \"  failureType: 'testCodeFailure'\\n\" +\n  '  exitCode: ~\\n' +\n  \"  signal: 'SIGTERM'\\n\" +\n  \"  error: 'test failed'\\n\" +\n  \"  code: 'ERR_TEST_FAILURE'\\n\" +\n  '  ...\\n' +\n  '# Subtest: test.js\\n' +\n  'not ok 8 - test.js\\n' +\n  '  ---\\n' +\n  '  duration_ms: 919.1389\\n' +\n  \"  type: 'test'\\n\" +\n  \"  location: 'c:\\\\\\\\workspace\\\\\\\\node-test-binary-windows-js-suites\\\\\\\\node\\\\\\\\test\\\\\\\\.tmp.777\\\\\\\\test.js:1:1'\\n\" +\n  \"  failureType: 'testCodeFailure'\\n\" +\n  '  exitCode: ~\\n' +\n  \"  signal: 'SIGTERM'\\n\" +\n  \"  error: 'test failed'\\n\" +\n  \"  code: 'ERR_TEST_FAILURE'\\n\" +\n  '  ...\\n' +\n  '# Subtest: test.js\\n' +\n  'not ok 9 - test.js\\n' +\n  '  ---\\n' +\n  '  duration_ms: 881.2498\\n' +\n  \"  type: 'test'\\n\" +\n  \"  location: 'c:\\\\\\\\workspace\\\\\\\\node-test-binary-windows-js-suites\\\\\\\\node\\\\\\\\test\\\\\\\\.tmp.777\\\\\\\\test.js:1:1'\\n\" +\n  \"  failureType: 'testCodeFailure'\\n\" +\n  '  exitCode: ~\\n' +\n  \"  signal: 'SIGTERM'\\n\" +\n  \"  error: 'test failed'\\n\" +\n  \"  code: 'ERR_TEST_FAILURE'\\n\" +\n  '  ...\\n' +\n  '# Subtest: test.js\\n' +\n  'not ok 10 - test.js\\n' +\n  '  ---\\n' +\n  '  duration_ms: 1039.8313\\n' +\n  \"  type: 'test'\\n\" +\n  \"  location: 'c:\\\\\\\\workspace\\\\\\\\node-test-binary-windows-js-suites\\\\\\\\node\\\\\\\\test\\\\\\\\.tmp.777\\\\\\\\test.js:1:1'\\n\" +\n  \"  failureType: 'testCodeFailure'\\n\" +\n  '  exitCode: ~\\n' +\n  \"  signal: 'SIGTERM'\\n\" +\n  \"  error: 'test failed'\\n\" +\n  \"  code: 'ERR_TEST_FAILURE'\\n\" +\n  '  ...\\n' +\n  '# Subtest: test.js\\n' +\n  'not ok 11 - test.js\\n' +\n  '  ---\\n' +\n  '  duration_ms: 816.6336\\n' +\n  \"  type: 'test'\\n\" +\n  \"  location: 'c:\\\\\\\\workspace\\\\\\\\node-test-binary-windows-js-suites\\\\\\\\node\\\\\\\\test\\\\\\\\.tmp.777\\\\\\\\test.js:1:1'\\n\" +\n  \"  failureType: 'testCodeFailure'\\n\" +\n  '  exitCode: ~\\n' +\n  \"  signal: 'SIGTERM'\\n\" +\n  \"  error: 'test failed'\\n\" +\n  \"  code: 'ERR_TEST_FAILURE'\\n\" +\n  '  ...\\n' +\n  '# Subtest: test.js\\n' +\n  'not ok 12 - test.js\\n' +\n  '  ---\\n' +\n  '  duration_ms: 1002.3406\\n' +\n  \"  type: 'test'\\n\" +\n  \"  location: 'c:\\\\\\\\workspace\\\\\\\\node-test-binary-windows-js-suites\\\\\\\\node\\\\\\\\test\\\\\\\\.tmp.777\\\\\\\\test.js:1:1'\\n\" +\n  \"  failureType: 'testCodeFailure'\\n\" +\n  '  exitCode: ~\\n' +\n  \"  signal: 'SIGTERM'\\n\" +\n  \"  error: 'test failed'\\n\" +\n  \"  code: 'ERR_TEST_FAILURE'\\n\" +\n  '  ...\\n' +\n  '# Subtest: test has ran\\n' +\n  'ok 12 - test has ran\\n' +\n  '  ---\\n' +\n  '  duration_ms: 9.4563\\n' +\n  \"  type: 'test'\\n\" +\n  '  ...\\n' +\n  '1..12\\n' +\n  '# tests 12\\n' +\n  '# suites 0\\n' +\n  '# pass 1\\n' +\n  '# fail 11\\n' +\n  '# cancelled 0\\n' +\n  '# skipped 0\\n' +\n  '# todo 0\\n' +\n  '# duration_ms 1020.2436\\n'\n\n    at testUpdate (file:///c:/workspace/node-test-binary-windows-js-suites/node/test/parallel/test-runner-run-watch.mjs:93:14)\n    at process.processTicksAndRejections (node:internal/process/task_queues:105:5)\n    at async testWatch (file:///c:/workspace/node-test-binary-windows-js-suites/node/test/parallel/test-runner-run-watch.mjs:187:26)\n    at async TestContext.<anonymous> (file:///c:/workspace/node-test-binary-windows-js-suites/node/test/parallel/test-runner-run-watch.mjs:199:5)\n    at async Test.run (node:internal/test_runner/test:1088:7)\n    at async Promise.all (index 0)\n    at async Suite.run (node:internal/test_runner/test:1485:7)\n    at async startSubtestAfterBootstrap (node:internal/test_runner/harness:332:3) {\n  generatedMessage: true,\n  code: 'ERR_ASSERTION',\n  actual: '# Subtest: test.js\\n' +\n    'not ok 2 - test.js\\n' +\n    '  ---\\n' +\n    '  duration_ms: 1283.0482\\n' +\n    \"  type: 'test'\\n\" +\n    \"  location: 'c:\\\\\\\\workspace\\\\\\\\node-test-binary-windows-js-suites\\\\\\\\node\\\\\\\\test\\\\\\\\.tmp.777\\\\\\\\test.js:1:1'\\n\" +\n    \"  failureType: 'testCodeFailure'\\n\" +\n    '  exitCode: ~\\n' +\n    \"  signal: 'SIGTERM'\\n\" +\n    \"  error: 'test failed'\\n\" +\n    '...',\n  expected: /fail 0/,\n  operator: 'match',\n  diff: 'simple'\n}"},"time":70490.658,"fullname":"parallel/test-runner-run-watch","closingTestPoint":false}},{"testName":"parallel/test-fs-cp-sync-error-on-exist","timestamp":1755277152254,"status":"FAILED","jobName":"node-test-binary-windows-js-suites","config":"node-test-binary-windows-js-suites » 0,win11-COMPILED_BY-vs2022_clang #36267","buildUrl":"https://ci.nodejs.org/job/node-test-binary-windows-js-suites/RUN_SUBSET=0,nodes=win11-COMPILED_BY-vs2022_clang/36267/","buildNumber":36267,"builtOn":"test-azure_msft-win11_vs2022-x64-1","nodeVersion":"25.0.0","commitHash":"eff20f71b76b003dc7ce8580da39ed743f7b4124","callStack":[{"upstreamBuild":72532,"upstreamProject":"node-test-commit-windows-fanned","upstreamUrl":"job/node-test-commit-windows-fanned/"},{"upstreamBuild":82062,"upstreamProject":"node-test-commit","upstreamUrl":"job/node-test-commit/"},{"upstreamBuild":68660,"upstreamProject":"node-test-pull-request","upstreamUrl":"job/node-test-pull-request/"},{"prId":"59466"}],"tap":{"ok":false,"name":"parallel/test-fs-cp-sync-error-on-exist","id":339,"buffered":false,"tapError":null,"skip":false,"todo":": Fix flaky test","previous":null,"plan":null,"diag":{"severity":"flaky","exitcode":1,"stack":"node:internal/modules/run_main:107\n    triggerUncaughtException(\n    ^\n\nAssertionError [ERR_ASSERTION]: Expected values to be strictly deep-equal:\n+ actual - expected\n\n  Comparison {\n+   code: ''\n-   code: 'ERR_FS_CP_EEXIST'\n  }\n\n    at file:///c:/workspace/node-test-binary-windows-js-suites/node/test/parallel/test-fs-cp-sync-error-on-exist.mjs:14:8\n    at ModuleJob.run (node:internal/modules/esm/module_job:371:25)\n    at async onImport.tracePromise.__proto__ (node:internal/modules/esm/loader:671:26)\n    at async asyncRunEntryPointWithESMLoader (node:internal/modules/run_main:101:5) {\n  generatedMessage: true,\n  code: 'ERR_ASSERTION',\n  actual: Error: , The file exists. '\\\\?\\c:\\workspace\\node-test-binary-windows-js-suites\\node\\test\\.tmp.339\\copy_%1\\a\\b'\n      at copyDir (node:internal/fs/cp/cp-sync:145:22)\n      at onDir (node:internal/fs/cp/cp-sync:137:10)\n      at getStats (node:internal/fs/cp/cp-sync:68:12)\n      at cpSyncFn (node:internal/fs/cp/cp-sync:58:10)\n      at cpSync (node:fs:3123:3)\n      at assert.throws.code (file:///c:/workspace/node-test-binary-windows-js-suites/node/test/parallel/test-fs-cp-sync-error-on-exist.mjs:15:9)\n      at getActual (node:assert:584:5)\n      at assert.throws (node:assert:732:24)\n      at file:///c:/workspace/node-test-binary-windows-js-suites/node/test/parallel/test-fs-cp-sync-error-on-exist.mjs:14:8\n      at ModuleJob.run (node:internal/modules/esm/module_job:371:25) {\n    errno: 80,\n    code: '',\n    path: '\\\\\\\\?\\\\c:\\\\workspace\\\\node-test-binary-windows-js-suites\\\\node\\\\test\\\\.tmp.339\\\\copy_%1\\\\a\\\\b',\n    syscall: 'cp'\n  },\n  expected: { code: 'ERR_FS_CP_EEXIST' },\n  operator: 'throws',\n  diff: 'simple'\n}\n\nNode.js v25.0.0-pre"},"time":248.021,"fullname":"parallel/test-fs-cp-sync-error-on-exist","closingTestPoint":false}},{"testName":"parallel/test-fs-cp-sync-symlink-points-to-dest-error","timestamp":1755277152254,"status":"FAILED","jobName":"node-test-binary-windows-js-suites","config":"node-test-binary-windows-js-suites » 2,win2019-COMPILED_BY-vs2022_clang #36267","buildUrl":"https://ci.nodejs.org/job/node-test-binary-windows-js-suites/RUN_SUBSET=2,nodes=win2019-COMPILED_BY-vs2022_clang/36267/","buildNumber":36267,"builtOn":"test-rackspace-win2019_vs2019-x64-3","nodeVersion":"25.0.0","commitHash":"eff20f71b76b003dc7ce8580da39ed743f7b4124","callStack":[{"upstreamBuild":72532,"upstreamProject":"node-test-commit-windows-fanned","upstreamUrl":"job/node-test-commit-windows-fanned/"},{"upstreamBuild":82062,"upstreamProject":"node-test-commit","upstreamUrl":"job/node-test-commit/"},{"upstreamBuild":68660,"upstreamProject":"node-test-pull-request","upstreamUrl":"job/node-test-pull-request/"},{"prId":"59466"}],"tap":{"ok":false,"name":"parallel/test-fs-cp-sync-symlink-points-to-dest-error","id":342,"buffered":false,"tapError":null,"skip":false,"todo":": Fix flaky test","previous":null,"plan":null,"diag":{"severity":"flaky","exitcode":1,"stack":"node:internal/modules/run_main:107\n    triggerUncaughtException(\n    ^\n\nAssertionError [ERR_ASSERTION]: Missing expected exception.\n    at file:///C:/workspace/node-test-binary-windows-js-suites/node/test/parallel/test-fs-cp-sync-symlink-points-to-dest-error.mjs:17:8\n    at ModuleJob.run (node:internal/modules/esm/module_job:371:25)\n    at async onImport.tracePromise.__proto__ (node:internal/modules/esm/loader:671:26)\n    at async asyncRunEntryPointWithESMLoader (node:internal/modules/run_main:101:5) {\n  generatedMessage: false,\n  code: 'ERR_ASSERTION',\n  actual: undefined,\n  expected: { code: 'ERR_FS_CP_EINVAL' },\n  operator: 'throws',\n  diff: 'simple'\n}\n\nNode.js v25.0.0-pre"},"time":255.004,"fullname":"parallel/test-fs-cp-sync-symlink-points-to-dest-error","closingTestPoint":false}},{"testName":"parallel/test-runner-run-watch","timestamp":1755277152254,"status":"FAILED","jobName":"node-test-binary-windows-js-suites","config":"node-test-binary-windows-js-suites » 2,win2019-COMPILED_BY-vs2022_clang #36267","buildUrl":"https://ci.nodejs.org/job/node-test-binary-windows-js-suites/RUN_SUBSET=2,nodes=win2019-COMPILED_BY-vs2022_clang/36267/","buildNumber":36267,"builtOn":"test-rackspace-win2019_vs2019-x64-3","nodeVersion":"25.0.0","commitHash":"eff20f71b76b003dc7ce8580da39ed743f7b4124","callStack":[{"upstreamBuild":72532,"upstreamProject":"node-test-commit-windows-fanned","upstreamUrl":"job/node-test-commit-windows-fanned/"},{"upstreamBuild":82062,"upstreamProject":"node-test-commit","upstreamUrl":"job/node-test-commit/"},{"upstreamBuild":68660,"upstreamProject":"node-test-pull-request","upstreamUrl":"job/node-test-pull-request/"},{"prId":"59466"}],"tap":{"ok":false,"name":"parallel/test-runner-run-watch","id":1076,"buffered":false,"tapError":null,"skip":false,"todo":": Fix flaky test","previous":null,"plan":null,"diag":{"severity":"flaky","exitcode":1,"stack":"Test failure: 'should run tests repeatedly'\nLocation: test\\parallel\\test-runner-run-watch.mjs:198:3\nAssertionError [ERR_ASSERTION]: The input did not match the regular expression /tests 1/. Input:\n\n'# Subtest: test has ran\\n' +\n  'ok 1 - test has ran\\n' +\n  '  ---\\n' +\n  '  duration_ms: 1.9579\\n' +\n  \"  type: 'test'\\n\" +\n  '  ...\\n' +\n  '# Subtest: test has ran\\n' +\n  'ok 2 - test has ran\\n' +\n  '  ---\\n' +\n  '  duration_ms: 1.8325\\n' +\n  \"  type: 'test'\\n\" +\n  '  ...\\n' +\n  '1..2\\n' +\n  '# tests 2\\n' +\n  '# suites 0\\n' +\n  '# pass 2\\n' +\n  '# fail 0\\n' +\n  '# cancelled 0\\n' +\n  '# skipped 0\\n' +\n  '# todo 0\\n' +\n  '# duration_ms 563.3535\\n'\n\n    at testUpdate (file:///C:/workspace/node-test-binary-windows-js-suites/node/test/parallel/test-runner-run-watch.mjs:91:14)\n    at process.processTicksAndRejections (node:internal/process/task_queues:105:5)\n    at async testWatch (file:///C:/workspace/node-test-binary-windows-js-suites/node/test/parallel/test-runner-run-watch.mjs:187:26)\n    at async TestContext.<anonymous> (file:///C:/workspace/node-test-binary-windows-js-suites/node/test/parallel/test-runner-run-watch.mjs:199:5)\n    at async Test.run (node:internal/test_runner/test:1088:7)\n    at async Promise.all (index 0)\n    at async Suite.run (node:internal/test_runner/test:1485:7)\n    at async startSubtestAfterBootstrap (node:internal/test_runner/harness:332:3) {\n  generatedMessage: true,\n  code: 'ERR_ASSERTION',\n  actual: '# Subtest: test has ran\\n' +\n    'ok 1 - test has ran\\n' +\n    '  ---\\n' +\n    '  duration_ms: 1.9579\\n' +\n    \"  type: 'test'\\n\" +\n    '  ...\\n' +\n    '# Subtest: test has ran\\n' +\n    'ok 2 - test has ran\\n' +\n    '  ---\\n' +\n    '  duration_ms: 1.8325\\n' +\n    '...',\n  expected: /tests 1/,\n  operator: 'match',\n  diff: 'simple'\n}"},"time":25085.201,"fullname":"parallel/test-runner-run-watch","closingTestPoint":false}},{"testName":"parallel/test-fs-cp-async-symlink-points-to-dest","timestamp":1755277152254,"status":"FAILED","jobName":"node-test-binary-windows-js-suites","config":"node-test-binary-windows-js-suites » 3,win11-COMPILED_BY-vs2022_clang #36267","buildUrl":"https://ci.nodejs.org/job/node-test-binary-windows-js-suites/RUN_SUBSET=3,nodes=win11-COMPILED_BY-vs2022_clang/36267/","buildNumber":36267,"builtOn":"test-azure_msft-win11_vs2022-x64-4","nodeVersion":"25.0.0","commitHash":"eff20f71b76b003dc7ce8580da39ed743f7b4124","callStack":[{"upstreamBuild":72532,"upstreamProject":"node-test-commit-windows-fanned","upstreamUrl":"job/node-test-commit-windows-fanned/"},{"upstreamBuild":82062,"upstreamProject":"node-test-commit","upstreamUrl":"job/node-test-commit/"},{"upstreamBuild":68660,"upstreamProject":"node-test-pull-request","upstreamUrl":"job/node-test-pull-request/"},{"prId":"59466"}],"tap":{"ok":false,"name":"parallel/test-fs-cp-async-symlink-points-to-dest","id":335,"buffered":false,"tapError":null,"skip":false,"todo":": Fix flaky test","previous":null,"plan":null,"diag":{"severity":"flaky","exitcode":1,"stack":"file:///c:/workspace/node-test-binary-windows-js-suites/node/test/parallel/test-fs-cp-async-symlink-points-to-dest.mjs:19\n  assert.strictEqual(err.code, 'ERR_FS_CP_EINVAL');\n                         ^\n\nTypeError: Cannot read properties of null (reading 'code')\n    at file:///c:/workspace/node-test-binary-windows-js-suites/node/test/parallel/test-fs-cp-async-symlink-points-to-dest.mjs:19:26\n    at c:\\workspace\\node-test-binary-windows-js-suites\\node\\test\\common\\index.js:437:15\n    at node:fs:180:23\n    at process.processTicksAndRejections (node:internal/process/task_queues:90:21)\n\nNode.js v25.0.0-pre"},"time":151,"fullname":"parallel/test-fs-cp-async-symlink-points-to-dest","closingTestPoint":false}},{"testName":"parallel/test-fs-cp-sync-unicode-folder-names","timestamp":1755277152254,"status":"FAILED","jobName":"node-test-binary-windows-js-suites","config":"node-test-binary-windows-js-suites » 3,win11-COMPILED_BY-vs2022_clang #36267","buildUrl":"https://ci.nodejs.org/job/node-test-binary-windows-js-suites/RUN_SUBSET=3,nodes=win11-COMPILED_BY-vs2022_clang/36267/","buildNumber":36267,"builtOn":"test-azure_msft-win11_vs2022-x64-4","nodeVersion":"25.0.0","commitHash":"eff20f71b76b003dc7ce8580da39ed743f7b4124","callStack":[{"upstreamBuild":72532,"upstreamProject":"node-test-commit-windows-fanned","upstreamUrl":"job/node-test-commit-windows-fanned/"},{"upstreamBuild":82062,"upstreamProject":"node-test-commit","upstreamUrl":"job/node-test-commit/"},{"upstreamBuild":68660,"upstreamProject":"node-test-pull-request","upstreamUrl":"job/node-test-pull-request/"},{"prId":"59466"}],"tap":{"ok":false,"name":"parallel/test-fs-cp-sync-unicode-folder-names","id":348,"buffered":false,"tapError":null,"skip":false,"todo":": Fix flaky test","previous":null,"plan":null,"diag":{"severity":"flaky","exitcode":3221226505,"stack":""},"time":335.011,"fullname":"parallel/test-fs-cp-sync-unicode-folder-names","closingTestPoint":false}},{"testName":"parallel/test-fs-cp-sync-error-on-exist","timestamp":1755277152254,"status":"FAILED","jobName":"node-test-binary-windows-js-suites","config":"node-test-binary-windows-js-suites » 0,win2022-COMPILED_BY-vs2022_clang #36267","buildUrl":"https://ci.nodejs.org/job/node-test-binary-windows-js-suites/RUN_SUBSET=0,nodes=win2022-COMPILED_BY-vs2022_clang/36267/","buildNumber":36267,"builtOn":"test-rackspace-win2022_vs2022-x64-6","nodeVersion":"25.0.0","commitHash":"eff20f71b76b003dc7ce8580da39ed743f7b4124","callStack":[{"upstreamBuild":72532,"upstreamProject":"node-test-commit-windows-fanned","upstreamUrl":"job/node-test-commit-windows-fanned/"},{"upstreamBuild":82062,"upstreamProject":"node-test-commit","upstreamUrl":"job/node-test-commit/"},{"upstreamBuild":68660,"upstreamProject":"node-test-pull-request","upstreamUrl":"job/node-test-pull-request/"},{"prId":"59466"}],"tap":{"ok":false,"name":"parallel/test-fs-cp-sync-error-on-exist","id":339,"buffered":false,"tapError":null,"skip":false,"todo":": Fix flaky test","previous":null,"plan":null,"diag":{"severity":"flaky","exitcode":1,"stack":"node:internal/modules/run_main:107\n    triggerUncaughtException(\n    ^\n\nAssertionError [ERR_ASSERTION]: Expected values to be strictly deep-equal:\n+ actual - expected\n\n  Comparison {\n+   code: ''\n-   code: 'ERR_FS_CP_EEXIST'\n  }\n\n    at file:///C:/workspace/node-test-binary-windows-js-suites/node/test/parallel/test-fs-cp-sync-error-on-exist.mjs:14:8\n    at ModuleJob.run (node:internal/modules/esm/module_job:371:25)\n    at async onImport.tracePromise.__proto__ (node:internal/modules/esm/loader:671:26)\n    at async asyncRunEntryPointWithESMLoader (node:internal/modules/run_main:101:5) {\n  generatedMessage: true,\n  code: 'ERR_ASSERTION',\n  actual: Error: , The file exists. '\\\\?\\C:\\workspace\\node-test-binary-windows-js-suites\\node\\test\\.tmp.339\\copy_%1\\a\\b'\n      at copyDir (node:internal/fs/cp/cp-sync:145:22)\n      at onDir (node:internal/fs/cp/cp-sync:137:10)\n      at getStats (node:internal/fs/cp/cp-sync:68:12)\n      at cpSyncFn (node:internal/fs/cp/cp-sync:58:10)\n      at cpSync (node:fs:3123:3)\n      at assert.throws.code (file:///C:/workspace/node-test-binary-windows-js-suites/node/test/parallel/test-fs-cp-sync-error-on-exist.mjs:15:9)\n      at getActual (node:assert:584:5)\n      at assert.throws (node:assert:732:24)\n      at file:///C:/workspace/node-test-binary-windows-js-suites/node/test/parallel/test-fs-cp-sync-error-on-exist.mjs:14:8\n      at ModuleJob.run (node:internal/modules/esm/module_job:371:25) {\n    errno: 80,\n    code: '',\n    path: '\\\\\\\\?\\\\C:\\\\workspace\\\\node-test-binary-windows-js-suites\\\\node\\\\test\\\\.tmp.339\\\\copy_%1\\\\a\\\\b',\n    syscall: 'cp'\n  },\n  expected: { code: 'ERR_FS_CP_EEXIST' },\n  operator: 'throws',\n  diff: 'simple'\n}\n\nNode.js v25.0.0-pre"},"time":260.984,"fullname":"parallel/test-fs-cp-sync-error-on-exist","closingTestPoint":false}},{"testName":"parallel/test-fs-cp-async-symlink-points-to-dest","timestamp":1755277152254,"status":"FAILED","jobName":"node-test-binary-windows-js-suites","config":"node-test-binary-windows-js-suites » 0,win11-arm64-COMPILED_BY-vs2022_clang-arm64 #36267","buildUrl":"https://ci.nodejs.org/job/node-test-binary-windows-js-suites/RUN_SUBSET=0,nodes=win11-arm64-COMPILED_BY-vs2022_clang-arm64/36267/","buildNumber":36267,"builtOn":"test-azure_msft-win11_vs2022-arm64-1","nodeVersion":"25.0.0","commitHash":"eff20f71b76b003dc7ce8580da39ed743f7b4124","callStack":[{"upstreamBuild":72532,"upstreamProject":"node-test-commit-windows-fanned","upstreamUrl":"job/node-test-commit-windows-fanned/"},{"upstreamBuild":82062,"upstreamProject":"node-test-commit","upstreamUrl":"job/node-test-commit/"},{"upstreamBuild":68660,"upstreamProject":"node-test-pull-request","upstreamUrl":"job/node-test-pull-request/"},{"prId":"59466"}],"tap":{"ok":false,"name":"parallel/test-fs-cp-async-symlink-points-to-dest","id":332,"buffered":false,"tapError":null,"skip":false,"todo":": Fix flaky test","previous":null,"plan":null,"diag":{"severity":"flaky","exitcode":1,"stack":"file:///d:/workspace/node-test-binary-windows-js-suites/node/test/parallel/test-fs-cp-async-symlink-points-to-dest.mjs:19\n  assert.strictEqual(err.code, 'ERR_FS_CP_EINVAL');\n                         ^\n\nTypeError: Cannot read properties of null (reading 'code')\n    at file:///d:/workspace/node-test-binary-windows-js-suites/node/test/parallel/test-fs-cp-async-symlink-points-to-dest.mjs:19:26\n    at d:\\workspace\\node-test-binary-windows-js-suites\\node\\test\\common\\index.js:437:15\n    at node:fs:180:23\n    at process.processTicksAndRejections (node:internal/process/task_queues:90:21)\n\nNode.js v25.0.0-pre"},"time":379.002,"fullname":"parallel/test-fs-cp-async-symlink-points-to-dest","closingTestPoint":false}},{"testName":"parallel/test-fs-cp-sync-unicode-folder-names","timestamp":1755277152254,"status":"FAILED","jobName":"node-test-binary-windows-js-suites","config":"node-test-binary-windows-js-suites » 0,win11-arm64-COMPILED_BY-vs2022_clang-arm64 #36267","buildUrl":"https://ci.nodejs.org/job/node-test-binary-windows-js-suites/RUN_SUBSET=0,nodes=win11-arm64-COMPILED_BY-vs2022_clang-arm64/36267/","buildNumber":36267,"builtOn":"test-azure_msft-win11_vs2022-arm64-1","nodeVersion":"25.0.0","commitHash":"eff20f71b76b003dc7ce8580da39ed743f7b4124","callStack":[{"upstreamBuild":72532,"upstreamProject":"node-test-commit-windows-fanned","upstreamUrl":"job/node-test-commit-windows-fanned/"},{"upstreamBuild":82062,"upstreamProject":"node-test-commit","upstreamUrl":"job/node-test-commit/"},{"upstreamBuild":68660,"upstreamProject":"node-test-pull-request","upstreamUrl":"job/node-test-pull-request/"},{"prId":"59466"}],"tap":{"ok":false,"name":"parallel/test-fs-cp-sync-unicode-folder-names","id":349,"buffered":false,"tapError":null,"skip":false,"todo":": Fix flaky test","previous":null,"plan":null,"diag":{"severity":"flaky","exitcode":3221226505,"stack":""},"time":614.005,"fullname":"parallel/test-fs-cp-sync-unicode-folder-names","closingTestPoint":false}},{"testName":"parallel/test-fs-cp-sync-symlink-points-to-dest-error","timestamp":1755277152254,"status":"FAILED","jobName":"node-test-binary-windows-js-suites","config":"node-test-binary-windows-js-suites » 2,win2022-COMPILED_BY-vs2022_clang #36267","buildUrl":"https://ci.nodejs.org/job/node-test-binary-windows-js-suites/RUN_SUBSET=2,nodes=win2022-COMPILED_BY-vs2022_clang/36267/","buildNumber":36267,"builtOn":"test-rackspace-win2022_vs2022-x64-4","nodeVersion":"25.0.0","commitHash":"eff20f71b76b003dc7ce8580da39ed743f7b4124","callStack":[{"upstreamBuild":72532,"upstreamProject":"node-test-commit-windows-fanned","upstreamUrl":"job/node-test-commit-windows-fanned/"},{"upstreamBuild":82062,"upstreamProject":"node-test-commit","upstreamUrl":"job/node-test-commit/"},{"upstreamBuild":68660,"upstreamProject":"node-test-pull-request","upstreamUrl":"job/node-test-pull-request/"},{"prId":"59466"}],"tap":{"ok":false,"name":"parallel/test-fs-cp-sync-symlink-points-to-dest-error","id":343,"buffered":false,"tapError":null,"skip":false,"todo":": Fix flaky test","previous":null,"plan":null,"diag":{"severity":"flaky","exitcode":1,"stack":"node:internal/modules/run_main:107\n    triggerUncaughtException(\n    ^\n\nAssertionError [ERR_ASSERTION]: Missing expected exception.\n    at file:///C:/workspace/node-test-binary-windows-js-suites/node/test/parallel/test-fs-cp-sync-symlink-points-to-dest-error.mjs:17:8\n    at ModuleJob.run (node:internal/modules/esm/module_job:371:25)\n    at async onImport.tracePromise.__proto__ (node:internal/modules/esm/loader:671:26)\n    at async asyncRunEntryPointWithESMLoader (node:internal/modules/run_main:101:5) {\n  generatedMessage: false,\n  code: 'ERR_ASSERTION',\n  actual: undefined,\n  expected: { code: 'ERR_FS_CP_EINVAL' },\n  operator: 'throws',\n  diff: 'simple'\n}\n\nNode.js v25.0.0-pre"},"time":252.981,"fullname":"parallel/test-fs-cp-sync-symlink-points-to-dest-error","closingTestPoint":false}},{"testName":"parallel/test-fs-cp-sync-error-on-exist","timestamp":1755277152254,"status":"FAILED","jobName":"node-test-binary-windows-js-suites","config":"node-test-binary-windows-js-suites » 1,win11-arm64-COMPILED_BY-vs2022_clang-arm64 #36267","buildUrl":"https://ci.nodejs.org/job/node-test-binary-windows-js-suites/RUN_SUBSET=1,nodes=win11-arm64-COMPILED_BY-vs2022_clang-arm64/36267/","buildNumber":36267,"builtOn":"test-azure_msft-win11_vs2022-arm64-4","nodeVersion":"25.0.0","commitHash":"eff20f71b76b003dc7ce8580da39ed743f7b4124","callStack":[{"upstreamBuild":72532,"upstreamProject":"node-test-commit-windows-fanned","upstreamUrl":"job/node-test-commit-windows-fanned/"},{"upstreamBuild":82062,"upstreamProject":"node-test-commit","upstreamUrl":"job/node-test-commit/"},{"upstreamBuild":68660,"upstreamProject":"node-test-pull-request","upstreamUrl":"job/node-test-pull-request/"},{"prId":"59466"}],"tap":{"ok":false,"name":"parallel/test-fs-cp-sync-error-on-exist","id":340,"buffered":false,"tapError":null,"skip":false,"todo":": Fix flaky test","previous":null,"plan":null,"diag":{"severity":"flaky","exitcode":1,"stack":"node:internal/modules/run_main:107\n    triggerUncaughtException(\n    ^\n\nAssertionError [ERR_ASSERTION]: Expected values to be strictly deep-equal:\n+ actual - expected\n\n  Comparison {\n+   code: ''\n-   code: 'ERR_FS_CP_EEXIST'\n  }\n\n    at file:///d:/workspace/node-test-binary-windows-js-suites/node/test/parallel/test-fs-cp-sync-error-on-exist.mjs:14:8\n    at ModuleJob.run (node:internal/modules/esm/module_job:371:25)\n    at async onImport.tracePromise.__proto__ (node:internal/modules/esm/loader:671:26)\n    at async asyncRunEntryPointWithESMLoader (node:internal/modules/run_main:101:5) {\n  generatedMessage: true,\n  code: 'ERR_ASSERTION',\n  actual: Error: , The file exists. '\\\\?\\d:\\workspace\\node-test-binary-windows-js-suites\\node\\test\\.tmp.338\\copy_%1\\a\\b'\n      at copyDir (node:internal/fs/cp/cp-sync:145:22)\n      at onDir (node:internal/fs/cp/cp-sync:137:10)\n      at getStats (node:internal/fs/cp/cp-sync:68:12)\n      at cpSyncFn (node:internal/fs/cp/cp-sync:58:10)\n      at cpSync (node:fs:3123:3)\n      at assert.throws.code (file:///d:/workspace/node-test-binary-windows-js-suites/node/test/parallel/test-fs-cp-sync-error-on-exist.mjs:15:9)\n      at getActual (node:assert:584:5)\n      at assert.throws (node:assert:732:24)\n      at file:///d:/workspace/node-test-binary-windows-js-suites/node/test/parallel/test-fs-cp-sync-error-on-exist.mjs:14:8\n      at ModuleJob.run (node:internal/modules/esm/module_job:371:25) {\n    errno: 80,\n    code: '',\n    path: '\\\\\\\\?\\\\d:\\\\workspace\\\\node-test-binary-windows-js-suites\\\\node\\\\test\\\\.tmp.338\\\\copy_%1\\\\a\\\\b',\n    syscall: 'cp'\n  },\n  expected: { code: 'ERR_FS_CP_EEXIST' },\n  operator: 'throws',\n  diff: 'simple'\n}\n\nNode.js v25.0.0-pre"},"time":314.001,"fullname":"parallel/test-fs-cp-sync-error-on-exist","closingTestPoint":false}}]}