{"failedTests":[{"testName":"parallel/test-fs-cp-sync-error-on-exist","timestamp":1755341951303,"status":"FAILED","jobName":"node-test-binary-windows-js-suites","config":"node-test-binary-windows-js-suites » 2,win2022-COMPILED_BY-vs2022_clang #36275","buildUrl":"https://ci.nodejs.org/job/node-test-binary-windows-js-suites/RUN_SUBSET=2,nodes=win2022-COMPILED_BY-vs2022_clang/36275/","buildNumber":36275,"builtOn":"test-rackspace-win2022_vs2022-x64-3","nodeVersion":"25.0.0","commitHash":"f73f1a07b963a2ce8afb8967206091b529f278dd","callStack":[{"upstreamBuild":72541,"upstreamProject":"node-test-commit-windows-fanned","upstreamUrl":"job/node-test-commit-windows-fanned/"},{"upstreamBuild":82071,"upstreamProject":"node-test-commit","upstreamUrl":"job/node-test-commit/"},{"upstreamBuild":68667,"upstreamProject":"node-test-pull-request","upstreamUrl":"job/node-test-pull-request/"},{"prId":"59490"}],"tap":{"ok":false,"name":"parallel/test-fs-cp-sync-error-on-exist","id":340,"buffered":false,"tapError":null,"skip":false,"todo":": Fix flaky test","previous":null,"plan":null,"diag":{"severity":"flaky","exitcode":1,"stack":"node:internal/modules/run_main:107\n    triggerUncaughtException(\n    ^\n\nAssertionError [ERR_ASSERTION]: Expected values to be strictly deep-equal:\n+ actual - expected\n\n  Comparison {\n+   code: ''\n-   code: 'ERR_FS_CP_EEXIST'\n  }\n\n    at file:///C:/workspace/node-test-binary-windows-js-suites/node/test/parallel/test-fs-cp-sync-error-on-exist.mjs:14:8\n    at ModuleJob.run (node:internal/modules/esm/module_job:371:25)\n    at async onImport.tracePromise.__proto__ (node:internal/modules/esm/loader:671:26)\n    at async asyncRunEntryPointWithESMLoader (node:internal/modules/run_main:101:5) {\n  generatedMessage: true,\n  code: 'ERR_ASSERTION',\n  actual: Error: , The file exists. '\\\\?\\C:\\workspace\\node-test-binary-windows-js-suites\\node\\test\\.tmp.340\\copy_%1\\a\\b'\n      at copyDir (node:internal/fs/cp/cp-sync:145:22)\n      at onDir (node:internal/fs/cp/cp-sync:137:10)\n      at getStats (node:internal/fs/cp/cp-sync:68:12)\n      at cpSyncFn (node:internal/fs/cp/cp-sync:58:10)\n      at cpSync (node:fs:3123:3)\n      at assert.throws.code (file:///C:/workspace/node-test-binary-windows-js-suites/node/test/parallel/test-fs-cp-sync-error-on-exist.mjs:15:9)\n      at getActual (node:assert:584:5)\n      at assert.throws (node:assert:732:24)\n      at file:///C:/workspace/node-test-binary-windows-js-suites/node/test/parallel/test-fs-cp-sync-error-on-exist.mjs:14:8\n      at ModuleJob.run (node:internal/modules/esm/module_job:371:25) {\n    errno: 80,\n    code: '',\n    path: '\\\\\\\\?\\\\C:\\\\workspace\\\\node-test-binary-windows-js-suites\\\\node\\\\test\\\\.tmp.340\\\\copy_%1\\\\a\\\\b',\n    syscall: 'cp'\n  },\n  expected: { code: 'ERR_FS_CP_EEXIST' },\n  operator: 'throws',\n  diff: 'simple'\n}\n\nNode.js v25.0.0-pre"},"time":255.033,"fullname":"parallel/test-fs-cp-sync-error-on-exist","closingTestPoint":false}},{"testName":"parallel/test-fs-cp-sync-symlink-points-to-dest-error","timestamp":1755341951303,"status":"FAILED","jobName":"node-test-binary-windows-js-suites","config":"node-test-binary-windows-js-suites » 0,win2022-COMPILED_BY-vs2022_clang #36275","buildUrl":"https://ci.nodejs.org/job/node-test-binary-windows-js-suites/RUN_SUBSET=0,nodes=win2022-COMPILED_BY-vs2022_clang/36275/","buildNumber":36275,"builtOn":"test-rackspace-win2022_vs2022-x64-4","nodeVersion":"25.0.0","commitHash":"f73f1a07b963a2ce8afb8967206091b529f278dd","callStack":[{"upstreamBuild":72541,"upstreamProject":"node-test-commit-windows-fanned","upstreamUrl":"job/node-test-commit-windows-fanned/"},{"upstreamBuild":82071,"upstreamProject":"node-test-commit","upstreamUrl":"job/node-test-commit/"},{"upstreamBuild":68667,"upstreamProject":"node-test-pull-request","upstreamUrl":"job/node-test-pull-request/"},{"prId":"59490"}],"tap":{"ok":false,"name":"parallel/test-fs-cp-sync-symlink-points-to-dest-error","id":344,"buffered":false,"tapError":null,"skip":false,"todo":": Fix flaky test","previous":null,"plan":null,"diag":{"severity":"flaky","exitcode":1,"stack":"node:internal/modules/run_main:107\n    triggerUncaughtException(\n    ^\n\nAssertionError [ERR_ASSERTION]: Missing expected exception.\n    at file:///C:/workspace/node-test-binary-windows-js-suites/node/test/parallel/test-fs-cp-sync-symlink-points-to-dest-error.mjs:17:8\n    at ModuleJob.run (node:internal/modules/esm/module_job:371:25)\n    at async onImport.tracePromise.__proto__ (node:internal/modules/esm/loader:671:26)\n    at async asyncRunEntryPointWithESMLoader (node:internal/modules/run_main:101:5) {\n  generatedMessage: false,\n  code: 'ERR_ASSERTION',\n  actual: undefined,\n  expected: { code: 'ERR_FS_CP_EINVAL' },\n  operator: 'throws',\n  diff: 'simple'\n}\n\nNode.js v25.0.0-pre"},"time":257.983,"fullname":"parallel/test-fs-cp-sync-symlink-points-to-dest-error","closingTestPoint":false}},{"testName":"parallel/test-fs-cp-sync-symlink-points-to-dest-error","timestamp":1755341951303,"status":"FAILED","jobName":"node-test-binary-windows-js-suites","config":"node-test-binary-windows-js-suites » 0,win2019-COMPILED_BY-vs2022_clang #36275","buildUrl":"https://ci.nodejs.org/job/node-test-binary-windows-js-suites/RUN_SUBSET=0,nodes=win2019-COMPILED_BY-vs2022_clang/36275/","buildNumber":36275,"builtOn":"test-rackspace-win2019_vs2019-x64-1","nodeVersion":"25.0.0","commitHash":"f73f1a07b963a2ce8afb8967206091b529f278dd","callStack":[{"upstreamBuild":72541,"upstreamProject":"node-test-commit-windows-fanned","upstreamUrl":"job/node-test-commit-windows-fanned/"},{"upstreamBuild":82071,"upstreamProject":"node-test-commit","upstreamUrl":"job/node-test-commit/"},{"upstreamBuild":68667,"upstreamProject":"node-test-pull-request","upstreamUrl":"job/node-test-pull-request/"},{"prId":"59490"}],"tap":{"ok":false,"name":"parallel/test-fs-cp-sync-symlink-points-to-dest-error","id":344,"buffered":false,"tapError":null,"skip":false,"todo":": Fix flaky test","previous":null,"plan":null,"diag":{"severity":"flaky","exitcode":1,"stack":"node:internal/modules/run_main:107\n    triggerUncaughtException(\n    ^\n\nAssertionError [ERR_ASSERTION]: Missing expected exception.\n    at file:///C:/workspace/node-test-binary-windows-js-suites/node/test/parallel/test-fs-cp-sync-symlink-points-to-dest-error.mjs:17:8\n    at ModuleJob.run (node:internal/modules/esm/module_job:371:25)\n    at async onImport.tracePromise.__proto__ (node:internal/modules/esm/loader:671:26)\n    at async asyncRunEntryPointWithESMLoader (node:internal/modules/run_main:101:5) {\n  generatedMessage: false,\n  code: 'ERR_ASSERTION',\n  actual: undefined,\n  expected: { code: 'ERR_FS_CP_EINVAL' },\n  operator: 'throws',\n  diff: 'simple'\n}\n\nNode.js v25.0.0-pre"},"time":231.039,"fullname":"parallel/test-fs-cp-sync-symlink-points-to-dest-error","closingTestPoint":false}},{"testName":"parallel/test-fs-cp-sync-error-on-exist","timestamp":1755341951303,"status":"FAILED","jobName":"node-test-binary-windows-js-suites","config":"node-test-binary-windows-js-suites » 3,win11-arm64-COMPILED_BY-vs2022_clang-arm64 #36275","buildUrl":"https://ci.nodejs.org/job/node-test-binary-windows-js-suites/RUN_SUBSET=3,nodes=win11-arm64-COMPILED_BY-vs2022_clang-arm64/36275/","buildNumber":36275,"builtOn":"test-azure_msft-win11_vs2022-arm64-5","nodeVersion":"25.0.0","commitHash":"f73f1a07b963a2ce8afb8967206091b529f278dd","callStack":[{"upstreamBuild":72541,"upstreamProject":"node-test-commit-windows-fanned","upstreamUrl":"job/node-test-commit-windows-fanned/"},{"upstreamBuild":82071,"upstreamProject":"node-test-commit","upstreamUrl":"job/node-test-commit/"},{"upstreamBuild":68667,"upstreamProject":"node-test-pull-request","upstreamUrl":"job/node-test-pull-request/"},{"prId":"59490"}],"tap":{"ok":false,"name":"parallel/test-fs-cp-sync-error-on-exist","id":339,"buffered":false,"tapError":null,"skip":false,"todo":": Fix flaky test","previous":null,"plan":null,"diag":{"severity":"flaky","exitcode":1,"stack":"node:internal/modules/run_main:107\n    triggerUncaughtException(\n    ^\n\nAssertionError [ERR_ASSERTION]: Expected values to be strictly deep-equal:\n+ actual - expected\n\n  Comparison {\n+   code: ''\n-   code: 'ERR_FS_CP_EEXIST'\n  }\n\n    at file:///d:/workspace/node-test-binary-windows-js-suites/node/test/parallel/test-fs-cp-sync-error-on-exist.mjs:14:8\n    at ModuleJob.run (node:internal/modules/esm/module_job:371:25)\n    at async onImport.tracePromise.__proto__ (node:internal/modules/esm/loader:671:26)\n    at async asyncRunEntryPointWithESMLoader (node:internal/modules/run_main:101:5) {\n  generatedMessage: true,\n  code: 'ERR_ASSERTION',\n  actual: Error: , The file exists. '\\\\?\\d:\\workspace\\node-test-binary-windows-js-suites\\node\\test\\.tmp.340\\copy_%1\\a\\b'\n      at copyDir (node:internal/fs/cp/cp-sync:145:22)\n      at onDir (node:internal/fs/cp/cp-sync:137:10)\n      at getStats (node:internal/fs/cp/cp-sync:68:12)\n      at cpSyncFn (node:internal/fs/cp/cp-sync:58:10)\n      at cpSync (node:fs:3123:3)\n      at assert.throws.code (file:///d:/workspace/node-test-binary-windows-js-suites/node/test/parallel/test-fs-cp-sync-error-on-exist.mjs:15:9)\n      at getActual (node:assert:584:5)\n      at assert.throws (node:assert:732:24)\n      at file:///d:/workspace/node-test-binary-windows-js-suites/node/test/parallel/test-fs-cp-sync-error-on-exist.mjs:14:8\n      at ModuleJob.run (node:internal/modules/esm/module_job:371:25) {\n    errno: 80,\n    code: '',\n    path: '\\\\\\\\?\\\\d:\\\\workspace\\\\node-test-binary-windows-js-suites\\\\node\\\\test\\\\.tmp.340\\\\copy_%1\\\\a\\\\b',\n    syscall: 'cp'\n  },\n  expected: { code: 'ERR_FS_CP_EEXIST' },\n  operator: 'throws',\n  diff: 'simple'\n}\n\nNode.js v25.0.0-pre"},"time":311.005,"fullname":"parallel/test-fs-cp-sync-error-on-exist","closingTestPoint":false}},{"testName":"parallel/test-fs-cp-async-symlink-points-to-dest","timestamp":1755341951303,"status":"FAILED","jobName":"node-test-binary-windows-js-suites","config":"node-test-binary-windows-js-suites » 2,win11-arm64-COMPILED_BY-vs2022_clang-arm64 #36275","buildUrl":"https://ci.nodejs.org/job/node-test-binary-windows-js-suites/RUN_SUBSET=2,nodes=win11-arm64-COMPILED_BY-vs2022_clang-arm64/36275/","buildNumber":36275,"builtOn":"test-azure_msft-win11_vs2022-arm64-1","nodeVersion":"25.0.0","commitHash":"f73f1a07b963a2ce8afb8967206091b529f278dd","callStack":[{"upstreamBuild":72541,"upstreamProject":"node-test-commit-windows-fanned","upstreamUrl":"job/node-test-commit-windows-fanned/"},{"upstreamBuild":82071,"upstreamProject":"node-test-commit","upstreamUrl":"job/node-test-commit/"},{"upstreamBuild":68667,"upstreamProject":"node-test-pull-request","upstreamUrl":"job/node-test-pull-request/"},{"prId":"59490"}],"tap":{"ok":false,"name":"parallel/test-fs-cp-async-symlink-points-to-dest","id":335,"buffered":false,"tapError":null,"skip":false,"todo":": Fix flaky test","previous":null,"plan":null,"diag":{"severity":"flaky","exitcode":1,"stack":"file:///d:/workspace/node-test-binary-windows-js-suites/node/test/parallel/test-fs-cp-async-symlink-points-to-dest.mjs:19\n  assert.strictEqual(err.code, 'ERR_FS_CP_EINVAL');\n                         ^\n\nTypeError: Cannot read properties of null (reading 'code')\n    at file:///d:/workspace/node-test-binary-windows-js-suites/node/test/parallel/test-fs-cp-async-symlink-points-to-dest.mjs:19:26\n    at d:\\workspace\\node-test-binary-windows-js-suites\\node\\test\\common\\index.js:437:15\n    at node:fs:180:23\n    at process.processTicksAndRejections (node:internal/process/task_queues:90:21)\n\nNode.js v25.0.0-pre"},"time":434.003,"fullname":"parallel/test-fs-cp-async-symlink-points-to-dest","closingTestPoint":false}},{"testName":"parallel/test-fs-cp-sync-unicode-folder-names","timestamp":1755341951303,"status":"FAILED","jobName":"node-test-binary-windows-js-suites","config":"node-test-binary-windows-js-suites » 2,win11-arm64-COMPILED_BY-vs2022_clang-arm64 #36275","buildUrl":"https://ci.nodejs.org/job/node-test-binary-windows-js-suites/RUN_SUBSET=2,nodes=win11-arm64-COMPILED_BY-vs2022_clang-arm64/36275/","buildNumber":36275,"builtOn":"test-azure_msft-win11_vs2022-arm64-1","nodeVersion":"25.0.0","commitHash":"f73f1a07b963a2ce8afb8967206091b529f278dd","callStack":[{"upstreamBuild":72541,"upstreamProject":"node-test-commit-windows-fanned","upstreamUrl":"job/node-test-commit-windows-fanned/"},{"upstreamBuild":82071,"upstreamProject":"node-test-commit","upstreamUrl":"job/node-test-commit/"},{"upstreamBuild":68667,"upstreamProject":"node-test-pull-request","upstreamUrl":"job/node-test-pull-request/"},{"prId":"59490"}],"tap":{"ok":false,"name":"parallel/test-fs-cp-sync-unicode-folder-names","id":349,"buffered":false,"tapError":null,"skip":false,"todo":": Fix flaky test","previous":null,"plan":null,"diag":{"severity":"flaky","exitcode":3221226505,"stack":""},"time":568.005,"fullname":"parallel/test-fs-cp-sync-unicode-folder-names","closingTestPoint":false}},{"testName":"parallel/test-fs-cp-sync-copy-symlink-not-pointing-to-folder","timestamp":1755341951303,"status":"FAILED","jobName":"node-test-binary-windows-js-suites","config":"node-test-binary-windows-js-suites » 0,win11-COMPILED_BY-vs2022_clang #36275","buildUrl":"https://ci.nodejs.org/job/node-test-binary-windows-js-suites/RUN_SUBSET=0,nodes=win11-COMPILED_BY-vs2022_clang/36275/","buildNumber":36275,"builtOn":"test-azure_msft-win11_vs2022-x64-3","nodeVersion":"25.0.0","commitHash":"f73f1a07b963a2ce8afb8967206091b529f278dd","callStack":[{"upstreamBuild":72541,"upstreamProject":"node-test-commit-windows-fanned","upstreamUrl":"job/node-test-commit-windows-fanned/"},{"upstreamBuild":82071,"upstreamProject":"node-test-commit","upstreamUrl":"job/node-test-commit/"},{"upstreamBuild":68667,"upstreamProject":"node-test-pull-request","upstreamUrl":"job/node-test-pull-request/"},{"prId":"59490"}],"tap":{"ok":false,"name":"parallel/test-fs-cp-sync-copy-symlink-not-pointing-to-folder","id":338,"buffered":false,"tapError":null,"skip":false,"todo":": Fix flaky test","previous":null,"plan":null,"diag":{"severity":"flaky","exitcode":1,"stack":"node:internal/modules/run_main:107\n    triggerUncaughtException(\n    ^\n\nAssertionError [ERR_ASSERTION]: Expected values to be strictly equal:\n+ actual - expected\n\n+ 'C:\\\\workspace\\\\node-test-binary-windows-js-suites\\\\node\\\\test\\\\.tmp.338\\\\copy_%1'\n- 'c:\\\\workspace\\\\node-test-binary-windows-js-suites\\\\node\\\\test\\\\.tmp.338\\\\copy_%1'\n\n    at file:///c:/workspace/node-test-binary-windows-js-suites/node/test/parallel/test-fs-cp-sync-copy-symlink-not-pointing-to-folder.mjs:19:8\n    at ModuleJob.run (node:internal/modules/esm/module_job:371:25)\n    at async onImport.tracePromise.__proto__ (node:internal/modules/esm/loader:671:26)\n    at async asyncRunEntryPointWithESMLoader (node:internal/modules/run_main:101:5) {\n  generatedMessage: true,\n  code: 'ERR_ASSERTION',\n  actual: 'C:\\\\workspace\\\\node-test-binary-windows-js-suites\\\\node\\\\test\\\\.tmp.338\\\\copy_%1',\n  expected: 'c:\\\\workspace\\\\node-test-binary-windows-js-suites\\\\node\\\\test\\\\.tmp.338\\\\copy_%1',\n  operator: 'strictEqual',\n  diff: 'simple'\n}\n\nNode.js v25.0.0-pre"},"time":194.004,"fullname":"parallel/test-fs-cp-sync-copy-symlink-not-pointing-to-folder","closingTestPoint":false}},{"testName":"parallel/test-fs-cp-sync-resolve-relative-symlinks-false","timestamp":1755341951303,"status":"FAILED","jobName":"node-test-binary-windows-js-suites","config":"node-test-binary-windows-js-suites » 0,win11-COMPILED_BY-vs2022_clang #36275","buildUrl":"https://ci.nodejs.org/job/node-test-binary-windows-js-suites/RUN_SUBSET=0,nodes=win11-COMPILED_BY-vs2022_clang/36275/","buildNumber":36275,"builtOn":"test-azure_msft-win11_vs2022-x64-3","nodeVersion":"25.0.0","commitHash":"f73f1a07b963a2ce8afb8967206091b529f278dd","callStack":[{"upstreamBuild":72541,"upstreamProject":"node-test-commit-windows-fanned","upstreamUrl":"job/node-test-commit-windows-fanned/"},{"upstreamBuild":82071,"upstreamProject":"node-test-commit","upstreamUrl":"job/node-test-commit/"},{"upstreamBuild":68667,"upstreamProject":"node-test-pull-request","upstreamUrl":"job/node-test-pull-request/"},{"prId":"59490"}],"tap":{"ok":false,"name":"parallel/test-fs-cp-sync-resolve-relative-symlinks-false","id":344,"buffered":false,"tapError":null,"skip":false,"todo":": Fix flaky test","previous":null,"plan":null,"diag":{"severity":"flaky","exitcode":1,"stack":"node:internal/modules/run_main:107\n    triggerUncaughtException(\n    ^\n\nAssertionError [ERR_ASSERTION]: Expected values to be strictly equal:\n+ actual - expected\n\n+ 'C:\\\\workspace\\\\node-test-binary-windows-js-suites\\\\node\\\\test\\\\.tmp.344\\\\copy_%1\\\\foo.js'\n- 'c:\\\\workspace\\\\node-test-binary-windows-js-suites\\\\node\\\\test\\\\.tmp.344\\\\copy_%1\\\\foo.js'\n\n    at file:///c:/workspace/node-test-binary-windows-js-suites/node/test/parallel/test-fs-cp-sync-resolve-relative-symlinks-false.mjs:21:8\n    at ModuleJob.run (node:internal/modules/esm/module_job:371:25)\n    at async onImport.tracePromise.__proto__ (node:internal/modules/esm/loader:671:26)\n    at async asyncRunEntryPointWithESMLoader (node:internal/modules/run_main:101:5) {\n  generatedMessage: true,\n  code: 'ERR_ASSERTION',\n  actual: 'C:\\\\workspace\\\\node-test-binary-windows-js-suites\\\\node\\\\test\\\\.tmp.344\\\\copy_%1\\\\foo.js',\n  expected: 'c:\\\\workspace\\\\node-test-binary-windows-js-suites\\\\node\\\\test\\\\.tmp.344\\\\copy_%1\\\\foo.js',\n  operator: 'strictEqual',\n  diff: 'simple'\n}\n\nNode.js v25.0.0-pre"},"time":159.003,"fullname":"parallel/test-fs-cp-sync-resolve-relative-symlinks-false","closingTestPoint":false}},{"testName":"parallel/test-fs-cp-sync-symlink-points-to-dest-error","timestamp":1755341951303,"status":"FAILED","jobName":"node-test-binary-windows-js-suites","config":"node-test-binary-windows-js-suites » 0,win11-COMPILED_BY-vs2022_clang #36275","buildUrl":"https://ci.nodejs.org/job/node-test-binary-windows-js-suites/RUN_SUBSET=0,nodes=win11-COMPILED_BY-vs2022_clang/36275/","buildNumber":36275,"builtOn":"test-azure_msft-win11_vs2022-x64-3","nodeVersion":"25.0.0","commitHash":"f73f1a07b963a2ce8afb8967206091b529f278dd","callStack":[{"upstreamBuild":72541,"upstreamProject":"node-test-commit-windows-fanned","upstreamUrl":"job/node-test-commit-windows-fanned/"},{"upstreamBuild":82071,"upstreamProject":"node-test-commit","upstreamUrl":"job/node-test-commit/"},{"upstreamBuild":68667,"upstreamProject":"node-test-pull-request","upstreamUrl":"job/node-test-pull-request/"},{"prId":"59490"}],"tap":{"ok":false,"name":"parallel/test-fs-cp-sync-symlink-points-to-dest-error","id":345,"buffered":false,"tapError":null,"skip":false,"todo":": Fix flaky test","previous":null,"plan":null,"diag":{"severity":"flaky","exitcode":1,"stack":"node:internal/modules/run_main:107\n    triggerUncaughtException(\n    ^\n\nAssertionError [ERR_ASSERTION]: Missing expected exception.\n    at file:///c:/workspace/node-test-binary-windows-js-suites/node/test/parallel/test-fs-cp-sync-symlink-points-to-dest-error.mjs:17:8\n    at ModuleJob.run (node:internal/modules/esm/module_job:371:25)\n    at async onImport.tracePromise.__proto__ (node:internal/modules/esm/loader:671:26)\n    at async asyncRunEntryPointWithESMLoader (node:internal/modules/run_main:101:5) {\n  generatedMessage: false,\n  code: 'ERR_ASSERTION',\n  actual: undefined,\n  expected: { code: 'ERR_FS_CP_EINVAL' },\n  operator: 'throws',\n  diff: 'simple'\n}\n\nNode.js v25.0.0-pre"},"time":160.005,"fullname":"parallel/test-fs-cp-sync-symlink-points-to-dest-error","closingTestPoint":false}},{"testName":"parallel/test-fs-cp-sync-error-on-exist","timestamp":1755341951303,"status":"FAILED","jobName":"node-test-binary-windows-js-suites","config":"node-test-binary-windows-js-suites » 2,win11-COMPILED_BY-vs2022_clang #36275","buildUrl":"https://ci.nodejs.org/job/node-test-binary-windows-js-suites/RUN_SUBSET=2,nodes=win11-COMPILED_BY-vs2022_clang/36275/","buildNumber":36275,"builtOn":"test-azure_msft-win11_vs2022-x64-4","nodeVersion":"25.0.0","commitHash":"f73f1a07b963a2ce8afb8967206091b529f278dd","callStack":[{"upstreamBuild":72541,"upstreamProject":"node-test-commit-windows-fanned","upstreamUrl":"job/node-test-commit-windows-fanned/"},{"upstreamBuild":82071,"upstreamProject":"node-test-commit","upstreamUrl":"job/node-test-commit/"},{"upstreamBuild":68667,"upstreamProject":"node-test-pull-request","upstreamUrl":"job/node-test-pull-request/"},{"prId":"59490"}],"tap":{"ok":false,"name":"parallel/test-fs-cp-sync-error-on-exist","id":340,"buffered":false,"tapError":null,"skip":false,"todo":": Fix flaky test","previous":null,"plan":null,"diag":{"severity":"flaky","exitcode":1,"stack":"node:internal/modules/run_main:107\n    triggerUncaughtException(\n    ^\n\nAssertionError [ERR_ASSERTION]: Expected values to be strictly deep-equal:\n+ actual - expected\n\n  Comparison {\n+   code: ''\n-   code: 'ERR_FS_CP_EEXIST'\n  }\n\n    at file:///c:/workspace/node-test-binary-windows-js-suites/node/test/parallel/test-fs-cp-sync-error-on-exist.mjs:14:8\n    at ModuleJob.run (node:internal/modules/esm/module_job:371:25)\n    at async onImport.tracePromise.__proto__ (node:internal/modules/esm/loader:671:26)\n    at async asyncRunEntryPointWithESMLoader (node:internal/modules/run_main:101:5) {\n  generatedMessage: true,\n  code: 'ERR_ASSERTION',\n  actual: Error: , The file exists. '\\\\?\\c:\\workspace\\node-test-binary-windows-js-suites\\node\\test\\.tmp.340\\copy_%1\\a\\b'\n      at copyDir (node:internal/fs/cp/cp-sync:145:22)\n      at onDir (node:internal/fs/cp/cp-sync:137:10)\n      at getStats (node:internal/fs/cp/cp-sync:68:12)\n      at cpSyncFn (node:internal/fs/cp/cp-sync:58:10)\n      at cpSync (node:fs:3123:3)\n      at assert.throws.code (file:///c:/workspace/node-test-binary-windows-js-suites/node/test/parallel/test-fs-cp-sync-error-on-exist.mjs:15:9)\n      at getActual (node:assert:584:5)\n      at assert.throws (node:assert:732:24)\n      at file:///c:/workspace/node-test-binary-windows-js-suites/node/test/parallel/test-fs-cp-sync-error-on-exist.mjs:14:8\n      at ModuleJob.run (node:internal/modules/esm/module_job:371:25) {\n    errno: 80,\n    code: '',\n    path: '\\\\\\\\?\\\\c:\\\\workspace\\\\node-test-binary-windows-js-suites\\\\node\\\\test\\\\.tmp.340\\\\copy_%1\\\\a\\\\b',\n    syscall: 'cp'\n  },\n  expected: { code: 'ERR_FS_CP_EEXIST' },\n  operator: 'throws',\n  diff: 'simple'\n}\n\nNode.js v25.0.0-pre"},"time":168.002,"fullname":"parallel/test-fs-cp-sync-error-on-exist","closingTestPoint":false}},{"testName":"parallel/test-fs-cp-async-symlink-points-to-dest","timestamp":1755341951303,"status":"FAILED","jobName":"node-test-binary-windows-js-suites","config":"node-test-binary-windows-js-suites » 1,win11-COMPILED_BY-vs2022_clang #36275","buildUrl":"https://ci.nodejs.org/job/node-test-binary-windows-js-suites/RUN_SUBSET=1,nodes=win11-COMPILED_BY-vs2022_clang/36275/","buildNumber":36275,"builtOn":"test-azure_msft-win11_vs2022-x64-1","nodeVersion":"25.0.0","commitHash":"f73f1a07b963a2ce8afb8967206091b529f278dd","callStack":[{"upstreamBuild":72541,"upstreamProject":"node-test-commit-windows-fanned","upstreamUrl":"job/node-test-commit-windows-fanned/"},{"upstreamBuild":82071,"upstreamProject":"node-test-commit","upstreamUrl":"job/node-test-commit/"},{"upstreamBuild":68667,"upstreamProject":"node-test-pull-request","upstreamUrl":"job/node-test-pull-request/"},{"prId":"59490"}],"tap":{"ok":false,"name":"parallel/test-fs-cp-async-symlink-points-to-dest","id":334,"buffered":false,"tapError":null,"skip":false,"todo":": Fix flaky test","previous":null,"plan":null,"diag":{"severity":"flaky","exitcode":1,"stack":"file:///c:/workspace/node-test-binary-windows-js-suites/node/test/parallel/test-fs-cp-async-symlink-points-to-dest.mjs:19\n  assert.strictEqual(err.code, 'ERR_FS_CP_EINVAL');\n                         ^\n\nTypeError: Cannot read properties of null (reading 'code')\n    at file:///c:/workspace/node-test-binary-windows-js-suites/node/test/parallel/test-fs-cp-async-symlink-points-to-dest.mjs:19:26\n    at c:\\workspace\\node-test-binary-windows-js-suites\\node\\test\\common\\index.js:437:15\n    at node:fs:180:23\n    at process.processTicksAndRejections (node:internal/process/task_queues:90:21)\n\nNode.js v25.0.0-pre"},"time":297.02,"fullname":"parallel/test-fs-cp-async-symlink-points-to-dest","closingTestPoint":false}},{"testName":"parallel/test-fs-cp-sync-unicode-folder-names","timestamp":1755341951303,"status":"FAILED","jobName":"node-test-binary-windows-js-suites","config":"node-test-binary-windows-js-suites » 1,win11-COMPILED_BY-vs2022_clang #36275","buildUrl":"https://ci.nodejs.org/job/node-test-binary-windows-js-suites/RUN_SUBSET=1,nodes=win11-COMPILED_BY-vs2022_clang/36275/","buildNumber":36275,"builtOn":"test-azure_msft-win11_vs2022-x64-1","nodeVersion":"25.0.0","commitHash":"f73f1a07b963a2ce8afb8967206091b529f278dd","callStack":[{"upstreamBuild":72541,"upstreamProject":"node-test-commit-windows-fanned","upstreamUrl":"job/node-test-commit-windows-fanned/"},{"upstreamBuild":82071,"upstreamProject":"node-test-commit","upstreamUrl":"job/node-test-commit/"},{"upstreamBuild":68667,"upstreamProject":"node-test-pull-request","upstreamUrl":"job/node-test-pull-request/"},{"prId":"59490"}],"tap":{"ok":false,"name":"parallel/test-fs-cp-sync-unicode-folder-names","id":347,"buffered":false,"tapError":null,"skip":false,"todo":": Fix flaky test","previous":null,"plan":null,"diag":{"severity":"flaky","exitcode":3221226505,"stack":""},"time":431.031,"fullname":"parallel/test-fs-cp-sync-unicode-folder-names","closingTestPoint":false}},{"testName":"parallel/test-fs-cp-sync-resolve-relative-symlinks-default","timestamp":1755341951303,"status":"FAILED","jobName":"node-test-binary-windows-js-suites","config":"node-test-binary-windows-js-suites » 3,win11-COMPILED_BY-vs2022_clang #36275","buildUrl":"https://ci.nodejs.org/job/node-test-binary-windows-js-suites/RUN_SUBSET=3,nodes=win11-COMPILED_BY-vs2022_clang/36275/","buildNumber":36275,"builtOn":"test-azure_msft-win11_vs2022-x64-4","nodeVersion":"25.0.0","commitHash":"f73f1a07b963a2ce8afb8967206091b529f278dd","callStack":[{"upstreamBuild":72541,"upstreamProject":"node-test-commit-windows-fanned","upstreamUrl":"job/node-test-commit-windows-fanned/"},{"upstreamBuild":82071,"upstreamProject":"node-test-commit","upstreamUrl":"job/node-test-commit/"},{"upstreamBuild":68667,"upstreamProject":"node-test-pull-request","upstreamUrl":"job/node-test-pull-request/"},{"prId":"59490"}],"tap":{"ok":false,"name":"parallel/test-fs-cp-sync-resolve-relative-symlinks-default","id":343,"buffered":false,"tapError":null,"skip":false,"todo":": Fix flaky test","previous":null,"plan":null,"diag":{"severity":"flaky","exitcode":1,"stack":"node:internal/modules/run_main:107\n    triggerUncaughtException(\n    ^\n\nAssertionError [ERR_ASSERTION]: Expected values to be strictly equal:\n+ actual - expected\n\n+ 'C:\\\\workspace\\\\node-test-binary-windows-js-suites\\\\node\\\\test\\\\.tmp.343\\\\copy_%1\\\\foo.js'\n- 'c:\\\\workspace\\\\node-test-binary-windows-js-suites\\\\node\\\\test\\\\.tmp.343\\\\copy_%1\\\\foo.js'\n\n    at file:///c:/workspace/node-test-binary-windows-js-suites/node/test/parallel/test-fs-cp-sync-resolve-relative-symlinks-default.mjs:21:8\n    at ModuleJob.run (node:internal/modules/esm/module_job:371:25)\n    at async onImport.tracePromise.__proto__ (node:internal/modules/esm/loader:671:26)\n    at async asyncRunEntryPointWithESMLoader (node:internal/modules/run_main:101:5) {\n  generatedMessage: true,\n  code: 'ERR_ASSERTION',\n  actual: 'C:\\\\workspace\\\\node-test-binary-windows-js-suites\\\\node\\\\test\\\\.tmp.343\\\\copy_%1\\\\foo.js',\n  expected: 'c:\\\\workspace\\\\node-test-binary-windows-js-suites\\\\node\\\\test\\\\.tmp.343\\\\copy_%1\\\\foo.js',\n  operator: 'strictEqual',\n  diff: 'simple'\n}\n\nNode.js v25.0.0-pre"},"time":168.005,"fullname":"parallel/test-fs-cp-sync-resolve-relative-symlinks-default","closingTestPoint":false}},{"testName":"parallel/test-fs-cp-sync-resolve-relative-symlinks-default","timestamp":1755341951303,"status":"FAILED","jobName":"node-test-binary-windows-js-suites","config":"node-test-binary-windows-js-suites » 0,win11-arm64-COMPILED_BY-vs2022_clang-arm64 #36275","buildUrl":"https://ci.nodejs.org/job/node-test-binary-windows-js-suites/RUN_SUBSET=0,nodes=win11-arm64-COMPILED_BY-vs2022_clang-arm64/36275/","buildNumber":36275,"builtOn":"test-azure_msft-win11_vs2022-arm64-6","nodeVersion":"25.0.0","commitHash":"f73f1a07b963a2ce8afb8967206091b529f278dd","callStack":[{"upstreamBuild":72541,"upstreamProject":"node-test-commit-windows-fanned","upstreamUrl":"job/node-test-commit-windows-fanned/"},{"upstreamBuild":82071,"upstreamProject":"node-test-commit","upstreamUrl":"job/node-test-commit/"},{"upstreamBuild":68667,"upstreamProject":"node-test-pull-request","upstreamUrl":"job/node-test-pull-request/"},{"prId":"59490"}],"tap":{"ok":false,"name":"parallel/test-fs-cp-sync-resolve-relative-symlinks-default","id":344,"buffered":false,"tapError":null,"skip":false,"todo":": Fix flaky test","previous":null,"plan":null,"diag":{"severity":"flaky","exitcode":1,"stack":"node:internal/modules/run_main:107\n    triggerUncaughtException(\n    ^\n\nAssertionError [ERR_ASSERTION]: Expected values to be strictly equal:\n+ actual - expected\n\n+ 'D:\\\\workspace\\\\node-test-binary-windows-js-suites\\\\node\\\\test\\\\.tmp.342\\\\copy_%1\\\\foo.js'\n- 'd:\\\\workspace\\\\node-test-binary-windows-js-suites\\\\node\\\\test\\\\.tmp.342\\\\copy_%1\\\\foo.js'\n\n    at file:///d:/workspace/node-test-binary-windows-js-suites/node/test/parallel/test-fs-cp-sync-resolve-relative-symlinks-default.mjs:21:8\n    at ModuleJob.run (node:internal/modules/esm/module_job:371:25)\n    at async onImport.tracePromise.__proto__ (node:internal/modules/esm/loader:671:26)\n    at async asyncRunEntryPointWithESMLoader (node:internal/modules/run_main:101:5) {\n  generatedMessage: true,\n  code: 'ERR_ASSERTION',\n  actual: 'D:\\\\workspace\\\\node-test-binary-windows-js-suites\\\\node\\\\test\\\\.tmp.342\\\\copy_%1\\\\foo.js',\n  expected: 'd:\\\\workspace\\\\node-test-binary-windows-js-suites\\\\node\\\\test\\\\.tmp.342\\\\copy_%1\\\\foo.js',\n  operator: 'strictEqual',\n  diff: 'simple'\n}\n\nNode.js v25.0.0-pre"},"time":312.998,"fullname":"parallel/test-fs-cp-sync-resolve-relative-symlinks-default","closingTestPoint":false}},{"testName":"parallel/test-fs-cp-sync-error-on-exist","timestamp":1755341951303,"status":"FAILED","jobName":"node-test-binary-windows-js-suites","config":"node-test-binary-windows-js-suites » 2,win2019-COMPILED_BY-vs2022_clang #36275","buildUrl":"https://ci.nodejs.org/job/node-test-binary-windows-js-suites/RUN_SUBSET=2,nodes=win2019-COMPILED_BY-vs2022_clang/36275/","buildNumber":36275,"builtOn":"test-rackspace-win2019_vs2019-x64-3","nodeVersion":"25.0.0","commitHash":"f73f1a07b963a2ce8afb8967206091b529f278dd","callStack":[{"upstreamBuild":72541,"upstreamProject":"node-test-commit-windows-fanned","upstreamUrl":"job/node-test-commit-windows-fanned/"},{"upstreamBuild":82071,"upstreamProject":"node-test-commit","upstreamUrl":"job/node-test-commit/"},{"upstreamBuild":68667,"upstreamProject":"node-test-pull-request","upstreamUrl":"job/node-test-pull-request/"},{"prId":"59490"}],"tap":{"ok":false,"name":"parallel/test-fs-cp-sync-error-on-exist","id":340,"buffered":false,"tapError":null,"skip":false,"todo":": Fix flaky test","previous":null,"plan":null,"diag":{"severity":"flaky","exitcode":1,"stack":"node:internal/modules/run_main:107\n    triggerUncaughtException(\n    ^\n\nAssertionError [ERR_ASSERTION]: Expected values to be strictly deep-equal:\n+ actual - expected\n\n  Comparison {\n+   code: ''\n-   code: 'ERR_FS_CP_EEXIST'\n  }\n\n    at file:///C:/workspace/node-test-binary-windows-js-suites/node/test/parallel/test-fs-cp-sync-error-on-exist.mjs:14:8\n    at ModuleJob.run (node:internal/modules/esm/module_job:371:25)\n    at async onImport.tracePromise.__proto__ (node:internal/modules/esm/loader:671:26)\n    at async asyncRunEntryPointWithESMLoader (node:internal/modules/run_main:101:5) {\n  generatedMessage: true,\n  code: 'ERR_ASSERTION',\n  actual: Error: , The file exists. '\\\\?\\C:\\workspace\\node-test-binary-windows-js-suites\\node\\test\\.tmp.340\\copy_%1\\a\\b'\n      at copyDir (node:internal/fs/cp/cp-sync:145:22)\n      at onDir (node:internal/fs/cp/cp-sync:137:10)\n      at getStats (node:internal/fs/cp/cp-sync:68:12)\n      at cpSyncFn (node:internal/fs/cp/cp-sync:58:10)\n      at cpSync (node:fs:3123:3)\n      at assert.throws.code (file:///C:/workspace/node-test-binary-windows-js-suites/node/test/parallel/test-fs-cp-sync-error-on-exist.mjs:15:9)\n      at getActual (node:assert:584:5)\n      at assert.throws (node:assert:732:24)\n      at file:///C:/workspace/node-test-binary-windows-js-suites/node/test/parallel/test-fs-cp-sync-error-on-exist.mjs:14:8\n      at ModuleJob.run (node:internal/modules/esm/module_job:371:25) {\n    errno: 80,\n    code: '',\n    path: '\\\\\\\\?\\\\C:\\\\workspace\\\\node-test-binary-windows-js-suites\\\\node\\\\test\\\\.tmp.340\\\\copy_%1\\\\a\\\\b',\n    syscall: 'cp'\n  },\n  expected: { code: 'ERR_FS_CP_EEXIST' },\n  operator: 'throws',\n  diff: 'simple'\n}\n\nNode.js v25.0.0-pre"},"time":250.004,"fullname":"parallel/test-fs-cp-sync-error-on-exist","closingTestPoint":false}},{"testName":"parallel/test-fs-cp-sync-error-on-exist","timestamp":1755341951303,"status":"FAILED","jobName":"node-test-binary-windows-js-suites","config":"node-test-binary-windows-js-suites » 2,win10-COMPILED_BY-vs2022_clang #36275","buildUrl":"https://ci.nodejs.org/job/node-test-binary-windows-js-suites/RUN_SUBSET=2,nodes=win10-COMPILED_BY-vs2022_clang/36275/","buildNumber":36275,"builtOn":"test-azure_msft-win10_vs2019-x64-1","nodeVersion":"25.0.0","commitHash":"f73f1a07b963a2ce8afb8967206091b529f278dd","callStack":[{"upstreamBuild":72541,"upstreamProject":"node-test-commit-windows-fanned","upstreamUrl":"job/node-test-commit-windows-fanned/"},{"upstreamBuild":82071,"upstreamProject":"node-test-commit","upstreamUrl":"job/node-test-commit/"},{"upstreamBuild":68667,"upstreamProject":"node-test-pull-request","upstreamUrl":"job/node-test-pull-request/"},{"prId":"59490"}],"tap":{"ok":false,"name":"parallel/test-fs-cp-sync-error-on-exist","id":341,"buffered":false,"tapError":null,"skip":false,"todo":": Fix flaky test","previous":null,"plan":null,"diag":{"severity":"flaky","exitcode":1,"stack":"node:internal/modules/run_main:107\n    triggerUncaughtException(\n    ^\n\nAssertionError [ERR_ASSERTION]: Expected values to be strictly deep-equal:\n+ actual - expected\n\n  Comparison {\n+   code: ''\n-   code: 'ERR_FS_CP_EEXIST'\n  }\n\n    at file:///c:/workspace/node-test-binary-windows-js-suites/node/test/parallel/test-fs-cp-sync-error-on-exist.mjs:14:8\n    at ModuleJob.run (node:internal/modules/esm/module_job:371:25)\n    at async onImport.tracePromise.__proto__ (node:internal/modules/esm/loader:671:26)\n    at async asyncRunEntryPointWithESMLoader (node:internal/modules/run_main:101:5) {\n  generatedMessage: true,\n  code: 'ERR_ASSERTION',\n  actual: Error: , The file exists. '\\\\?\\c:\\workspace\\node-test-binary-windows-js-suites\\node\\test\\.tmp.340\\copy_%1\\a\\b'\n      at copyDir (node:internal/fs/cp/cp-sync:145:22)\n      at onDir (node:internal/fs/cp/cp-sync:137:10)\n      at getStats (node:internal/fs/cp/cp-sync:68:12)\n      at cpSyncFn (node:internal/fs/cp/cp-sync:58:10)\n      at cpSync (node:fs:3123:3)\n      at assert.throws.code (file:///c:/workspace/node-test-binary-windows-js-suites/node/test/parallel/test-fs-cp-sync-error-on-exist.mjs:15:9)\n      at getActual (node:assert:584:5)\n      at assert.throws (node:assert:732:24)\n      at file:///c:/workspace/node-test-binary-windows-js-suites/node/test/parallel/test-fs-cp-sync-error-on-exist.mjs:14:8\n      at ModuleJob.run (node:internal/modules/esm/module_job:371:25) {\n    errno: 80,\n    code: '',\n    path: '\\\\\\\\?\\\\c:\\\\workspace\\\\node-test-binary-windows-js-suites\\\\node\\\\test\\\\.tmp.340\\\\copy_%1\\\\a\\\\b',\n    syscall: 'cp'\n  },\n  expected: { code: 'ERR_FS_CP_EEXIST' },\n  operator: 'throws',\n  diff: 'simple'\n}\n\nNode.js v25.0.0-pre"},"time":1607.011,"fullname":"parallel/test-fs-cp-sync-error-on-exist","closingTestPoint":false}},{"testName":"parallel/test-fs-cp-async-symlink-points-to-dest","timestamp":1755341951303,"status":"FAILED","jobName":"node-test-binary-windows-js-suites","config":"node-test-binary-windows-js-suites » 1,win10-COMPILED_BY-vs2022_clang #36275","buildUrl":"https://ci.nodejs.org/job/node-test-binary-windows-js-suites/RUN_SUBSET=1,nodes=win10-COMPILED_BY-vs2022_clang/36275/","buildNumber":36275,"builtOn":"test-azure_msft-win10_vs2019-x64-1","nodeVersion":"25.0.0","commitHash":"f73f1a07b963a2ce8afb8967206091b529f278dd","callStack":[{"upstreamBuild":72541,"upstreamProject":"node-test-commit-windows-fanned","upstreamUrl":"job/node-test-commit-windows-fanned/"},{"upstreamBuild":82071,"upstreamProject":"node-test-commit","upstreamUrl":"job/node-test-commit/"},{"upstreamBuild":68667,"upstreamProject":"node-test-pull-request","upstreamUrl":"job/node-test-pull-request/"},{"prId":"59490"}],"tap":{"ok":false,"name":"parallel/test-fs-cp-async-symlink-points-to-dest","id":334,"buffered":false,"tapError":null,"skip":false,"todo":": Fix flaky test","previous":null,"plan":null,"diag":{"severity":"flaky","exitcode":1,"stack":"file:///c:/workspace/node-test-binary-windows-js-suites/node/test/parallel/test-fs-cp-async-symlink-points-to-dest.mjs:19\n  assert.strictEqual(err.code, 'ERR_FS_CP_EINVAL');\n                         ^\n\nTypeError: Cannot read properties of null (reading 'code')\n    at file:///c:/workspace/node-test-binary-windows-js-suites/node/test/parallel/test-fs-cp-async-symlink-points-to-dest.mjs:19:26\n    at c:\\workspace\\node-test-binary-windows-js-suites\\node\\test\\common\\index.js:437:15\n    at node:fs:180:23\n    at process.processTicksAndRejections (node:internal/process/task_queues:90:21)\n\nNode.js v25.0.0-pre"},"time":1281.006,"fullname":"parallel/test-fs-cp-async-symlink-points-to-dest","closingTestPoint":false}},{"testName":"parallel/test-fs-cp-sync-unicode-folder-names","timestamp":1755341951303,"status":"FAILED","jobName":"node-test-binary-windows-js-suites","config":"node-test-binary-windows-js-suites » 1,win10-COMPILED_BY-vs2022_clang #36275","buildUrl":"https://ci.nodejs.org/job/node-test-binary-windows-js-suites/RUN_SUBSET=1,nodes=win10-COMPILED_BY-vs2022_clang/36275/","buildNumber":36275,"builtOn":"test-azure_msft-win10_vs2019-x64-1","nodeVersion":"25.0.0","commitHash":"f73f1a07b963a2ce8afb8967206091b529f278dd","callStack":[{"upstreamBuild":72541,"upstreamProject":"node-test-commit-windows-fanned","upstreamUrl":"job/node-test-commit-windows-fanned/"},{"upstreamBuild":82071,"upstreamProject":"node-test-commit","upstreamUrl":"job/node-test-commit/"},{"upstreamBuild":68667,"upstreamProject":"node-test-pull-request","upstreamUrl":"job/node-test-pull-request/"},{"prId":"59490"}],"tap":{"ok":false,"name":"parallel/test-fs-cp-sync-unicode-folder-names","id":346,"buffered":false,"tapError":null,"skip":false,"todo":": Fix flaky test","previous":null,"plan":null,"diag":{"severity":"flaky","exitcode":3221226505,"stack":""},"time":2087.014,"fullname":"parallel/test-fs-cp-sync-unicode-folder-names","closingTestPoint":false}},{"testName":"parallel/test-runner-run-watch","timestamp":1755341951303,"status":"FAILED","jobName":"node-test-binary-windows-js-suites","config":"node-test-binary-windows-js-suites » 1,win10-COMPILED_BY-vs2022_clang #36275","buildUrl":"https://ci.nodejs.org/job/node-test-binary-windows-js-suites/RUN_SUBSET=1,nodes=win10-COMPILED_BY-vs2022_clang/36275/","buildNumber":36275,"builtOn":"test-azure_msft-win10_vs2019-x64-1","nodeVersion":"25.0.0","commitHash":"f73f1a07b963a2ce8afb8967206091b529f278dd","callStack":[{"upstreamBuild":72541,"upstreamProject":"node-test-commit-windows-fanned","upstreamUrl":"job/node-test-commit-windows-fanned/"},{"upstreamBuild":82071,"upstreamProject":"node-test-commit","upstreamUrl":"job/node-test-commit/"},{"upstreamBuild":68667,"upstreamProject":"node-test-pull-request","upstreamUrl":"job/node-test-pull-request/"},{"prId":"59490"}],"tap":{"ok":false,"name":"parallel/test-runner-run-watch","id":853,"buffered":false,"tapError":null,"skip":false,"todo":": Fix flaky test","previous":null,"plan":null,"diag":{"severity":"flaky","exitcode":1,"stack":"Test failure: 'should run tests with dependency repeatedly'\nLocation: test\\parallel\\test-runner-run-watch.mjs:202:3\nAssertionError [ERR_ASSERTION]: The input did not match the regular expression /tests 1/. Input:\n\n'# Subtest: test.js\\n' +\n  'not ok 2 - test.js\\n' +\n  '  ---\\n' +\n  '  duration_ms: 1089.6623\\n' +\n  \"  type: 'test'\\n\" +\n  \"  location: 'c:\\\\\\\\workspace\\\\\\\\node-test-binary-windows-js-suites\\\\\\\\node\\\\\\\\test\\\\\\\\.tmp.777\\\\\\\\test.js:1:1'\\n\" +\n  \"  failureType: 'testCodeFailure'\\n\" +\n  '  exitCode: ~\\n' +\n  \"  signal: 'SIGTERM'\\n\" +\n  \"  error: 'test failed'\\n\" +\n  \"  code: 'ERR_TEST_FAILURE'\\n\" +\n  '  ...\\n' +\n  '# Subtest: test has ran\\n' +\n  'ok 2 - test has ran\\n' +\n  '  ---\\n' +\n  '  duration_ms: 1.5291\\n' +\n  \"  type: 'test'\\n\" +\n  '  ...\\n' +\n  '1..2\\n' +\n  '# tests 2\\n' +\n  '# suites 0\\n' +\n  '# pass 1\\n' +\n  '# fail 1\\n' +\n  '# cancelled 0\\n' +\n  '# skipped 0\\n' +\n  '# todo 0\\n' +\n  '# duration_ms 1846.7431\\n'\n\n    at testUpdate (file:///c:/workspace/node-test-binary-windows-js-suites/node/test/parallel/test-runner-run-watch.mjs:91:14)\n    at process.processTicksAndRejections (node:internal/process/task_queues:105:5)\n    at async testWatch (file:///c:/workspace/node-test-binary-windows-js-suites/node/test/parallel/test-runner-run-watch.mjs:187:26)\n    at async TestContext.<anonymous> (file:///c:/workspace/node-test-binary-windows-js-suites/node/test/parallel/test-runner-run-watch.mjs:203:5)\n    at async Test.run (node:internal/test_runner/test:1088:7)\n    at async Suite.processPendingSubtests (node:internal/test_runner/test:763:7) {\n  generatedMessage: true,\n  code: 'ERR_ASSERTION',\n  actual: '# Subtest: test.js\\n' +\n    'not ok 2 - test.js\\n' +\n    '  ---\\n' +\n    '  duration_ms: 1089.6623\\n' +\n    \"  type: 'test'\\n\" +\n    \"  location: 'c:\\\\\\\\workspace\\\\\\\\node-test-binary-windows-js-suites\\\\\\\\node\\\\\\\\test\\\\\\\\.tmp.777\\\\\\\\test.js:1:1'\\n\" +\n    \"  failureType: 'testCodeFailure'\\n\" +\n    '  exitCode: ~\\n' +\n    \"  signal: 'SIGTERM'\\n\" +\n    \"  error: 'test failed'\\n\" +\n    '...',\n  expected: /tests 1/,\n  operator: 'match',\n  diff: 'simple'\n}\n\nTest failure: 'should run tests with ESM dependency'\nLocation: test\\parallel\\test-runner-run-watch.mjs:206:3\nAssertionError [ERR_ASSERTION]: The input did not match the regular expression /tests 1/. Input:\n\n'# Subtest: test has ran\\n' +\n  'ok 1 - test has ran\\n' +\n  '  ---\\n' +\n  '  duration_ms: 25.1524\\n' +\n  \"  type: 'test'\\n\" +\n  '  ...\\n' +\n  '# Subtest: test has ran\\n' +\n  'ok 2 - test has ran\\n' +\n  '  ---\\n' +\n  '  duration_ms: 1.3489\\n' +\n  \"  type: 'test'\\n\" +\n  '  ...\\n' +\n  '1..2\\n' +\n  '# tests 2\\n' +\n  '# suites 0\\n' +\n  '# pass 2\\n' +\n  '# fail 0\\n' +\n  '# cancelled 0\\n' +\n  '# skipped 0\\n' +\n  '# todo 0\\n' +\n  '# duration_ms 1001.8442\\n'\n\n    at testUpdate (file:///c:/workspace/node-test-binary-windows-js-suites/node/test/parallel/test-runner-run-watch.mjs:91:14)\n    at process.processTicksAndRejections (node:internal/process/task_queues:105:5)\n    at async testWatch (file:///c:/workspace/node-test-binary-windows-js-suites/node/test/parallel/test-runner-run-watch.mjs:187:26)\n    at async TestContext.<anonymous> (file:///c:/workspace/node-test-binary-windows-js-suites/node/test/parallel/test-runner-run-watch.mjs:207:5)\n    at async Test.run (node:internal/test_runner/test:1088:7)\n    at async Suite.processPendingSubtests (node:internal/test_runner/test:763:7) {\n  generatedMessage: true,\n  code: 'ERR_ASSERTION',\n  actual: '# Subtest: test has ran\\n' +\n    'ok 1 - test has ran\\n' +\n    '  ---\\n' +\n    '  duration_ms: 25.1524\\n' +\n    \"  type: 'test'\\n\" +\n    '  ...\\n' +\n    '# Subtest: test has ran\\n' +\n    'ok 2 - test has ran\\n' +\n    '  ---\\n' +\n    '  duration_ms: 1.3489\\n' +\n    '...',\n  expected: /tests 1/,\n  operator: 'match',\n  diff: 'simple'\n}\n\nTest failure: 'should support running tests without a file'\nLocation: test\\parallel\\test-runner-run-watch.mjs:210:3\nAssertionError [ERR_ASSERTION]: The input did not match the regular expression /tests 1/. Input:\n\n'# Subtest: test.js\\n' +\n  'not ok 2 - test.js\\n' +\n  '  ---\\n' +\n  '  duration_ms: 1019.849\\n' +\n  \"  type: 'test'\\n\" +\n  \"  location: 'c:\\\\\\\\workspace\\\\\\\\node-test-binary-windows-js-suites\\\\\\\\node\\\\\\\\test\\\\\\\\.tmp.777\\\\\\\\test.js:1:1'\\n\" +\n  \"  failureType: 'testCodeFailure'\\n\" +\n  '  exitCode: ~\\n' +\n  \"  signal: 'SIGTERM'\\n\" +\n  \"  error: 'test failed'\\n\" +\n  \"  code: 'ERR_TEST_FAILURE'\\n\" +\n  '  ...\\n' +\n  '# Subtest: test.js\\n' +\n  'not ok 3 - test.js\\n' +\n  '  ---\\n' +\n  '  duration_ms: 1031.8304\\n' +\n  \"  type: 'test'\\n\" +\n  \"  location: 'c:\\\\\\\\workspace\\\\\\\\node-test-binary-windows-js-suites\\\\\\\\node\\\\\\\\test\\\\\\\\.tmp.777\\\\\\\\test.js:1:1'\\n\" +\n  \"  failureType: 'testCodeFailure'\\n\" +\n  '  exitCode: ~\\n' +\n  \"  signal: 'SIGTERM'\\n\" +\n  \"  error: 'test failed'\\n\" +\n  \"  code: 'ERR_TEST_FAILURE'\\n\" +\n  '  ...\\n' +\n  '# Subtest: test.js\\n' +\n  'not ok 4 - test.js\\n' +\n  '  ---\\n' +\n  '  duration_ms: 1042.1917\\n' +\n  \"  type: 'test'\\n\" +\n  \"  location: 'c:\\\\\\\\workspace\\\\\\\\node-test-binary-windows-js-suites\\\\\\\\node\\\\\\\\test\\\\\\\\.tmp.777\\\\\\\\test.js:1:1'\\n\" +\n  \"  failureType: 'testCodeFailure'\\n\" +\n  '  exitCode: ~\\n' +\n  \"  signal: 'SIGTERM'\\n\" +\n  \"  error: 'test failed'\\n\" +\n  \"  code: 'ERR_TEST_FAILURE'\\n\" +\n  '  ...\\n' +\n  '# Subtest: test has ran\\n' +\n  'ok 4 - test has ran\\n' +\n  '  ---\\n' +\n  '  duration_ms: 9.0864\\n' +\n  \"  type: 'test'\\n\" +\n  '  ...\\n' +\n  '# Subtest: test has ran\\n' +\n  'ok 5 - test has ran\\n' +\n  '  ---\\n' +\n  '  duration_ms: 1.4794\\n' +\n  \"  type: 'test'\\n\" +\n  '  ...\\n' +\n  '1..5\\n' +\n  '# tests 5\\n' +\n  '# suites 0\\n' +\n  '# pass 2\\n' +\n  '# fail 3\\n' +\n  '# cancelled 0\\n' +\n  '# skipped 0\\n' +\n  '# todo 0\\n' +\n  '# duration_ms 852.0685\\n'\n\n    at testUpdate (file:///c:/workspace/node-test-binary-windows-js-suites/node/test/parallel/test-runner-run-watch.mjs:91:14)\n    at process.processTicksAndRejections (node:internal/process/task_queues:105:5)\n    at async testWatch (file:///c:/workspace/node-test-binary-windows-js-suites/node/test/parallel/test-runner-run-watch.mjs:187:26)\n    at async TestContext.<anonymous> (file:///c:/workspace/node-test-binary-windows-js-suites/node/test/parallel/test-runner-run-watch.mjs:211:5)\n    at async Test.run (node:internal/test_runner/test:1088:7)\n    at async Suite.processPendingSubtests (node:internal/test_runner/test:763:7) {\n  generatedMessage: true,\n  code: 'ERR_ASSERTION',\n  actual: '# Subtest: test.js\\n' +\n    'not ok 2 - test.js\\n' +\n    '  ---\\n' +\n    '  duration_ms: 1019.849\\n' +\n    \"  type: 'test'\\n\" +\n    \"  location: 'c:\\\\\\\\workspace\\\\\\\\node-test-binary-windows-js-suites\\\\\\\\node\\\\\\\\test\\\\\\\\.tmp.777\\\\\\\\test.js:1:1'\\n\" +\n    \"  failureType: 'testCodeFailure'\\n\" +\n    '  exitCode: ~\\n' +\n    \"  signal: 'SIGTERM'\\n\" +\n    \"  error: 'test failed'\\n\" +\n    '...',\n  expected: /tests 1/,\n  operator: 'match',\n  diff: 'simple'\n}\n\nTest failure: 'should recalculate the run duration on a watch restart'\nLocation: test\\parallel\\test-runner-run-watch.mjs:251:3\nAssertionError [ERR_ASSERTION]: The input did not match the regular expression /tests 1/. Input:\n\n'# Subtest: test has ran\\n' +\n  'ok 1 - test has ran\\n' +\n  '  ---\\n' +\n  '  duration_ms: 1.3548\\n' +\n  \"  type: 'test'\\n\" +\n  '  ...\\n' +\n  '# Subtest: test.js\\n' +\n  'not ok 2 - test.js\\n' +\n  '  ---\\n' +\n  '  duration_ms: 1097.5628\\n' +\n  \"  type: 'test'\\n\" +\n  \"  location: 'c:\\\\\\\\workspace\\\\\\\\node-test-binary-windows-js-suites\\\\\\\\node\\\\\\\\test\\\\\\\\.tmp.777\\\\\\\\test.js:1:1'\\n\" +\n  \"  failureType: 'testCodeFailure'\\n\" +\n  '  exitCode: ~\\n' +\n  \"  signal: 'SIGTERM'\\n\" +\n  \"  error: 'test failed'\\n\" +\n  \"  code: 'ERR_TEST_FAILURE'\\n\" +\n  '  ...\\n' +\n  '# Subtest: test.js\\n' +\n  'not ok 3 - test.js\\n' +\n  '  ---\\n' +\n  '  duration_ms: 991.4534\\n' +\n  \"  type: 'test'\\n\" +\n  \"  location: 'c:\\\\\\\\workspace\\\\\\\\node-test-binary-windows-js-suites\\\\\\\\node\\\\\\\\test\\\\\\\\.tmp.777\\\\\\\\test.js:1:1'\\n\" +\n  \"  failureType: 'testCodeFailure'\\n\" +\n  '  exitCode: ~\\n' +\n  \"  signal: 'SIGTERM'\\n\" +\n  \"  error: 'test failed'\\n\" +\n  \"  code: 'ERR_TEST_FAILURE'\\n\" +\n  '  ...\\n' +\n  '# Subtest: test has ran\\n' +\n  'ok 4 - test has ran\\n' +\n  '  ---\\n' +\n  '  duration_ms: 9.0371\\n' +\n  \"  type: 'test'\\n\" +\n  '  ...\\n' +\n  '1..4\\n' +\n  '# tests 4\\n' +\n  '# suites 0\\n' +\n  '# pass 2\\n' +\n  '# fail 2\\n' +\n  '# cancelled 0\\n' +\n  '# skipped 0\\n' +\n  '# todo 0\\n' +\n  '# duration_ms 940.9072\\n'\n\n    at testUpdate (file:///c:/workspace/node-test-binary-windows-js-suites/node/test/parallel/test-runner-run-watch.mjs:91:14)\n    at process.processTicksAndRejections (node:internal/process/task_queues:105:5)\n    at async testWatch (file:///c:/workspace/node-test-binary-windows-js-suites/node/test/parallel/test-runner-run-watch.mjs:187:26)\n    at async TestContext.<anonymous> (file:///c:/workspace/node-test-binary-windows-js-suites/node/test/parallel/test-runner-run-watch.mjs:252:22)\n    at async Test.run (node:internal/test_runner/test:1088:7)\n    at async Suite.processPendingSubtests (node:internal/test_runner/test:763:7) {\n  generatedMessage: true,\n  code: 'ERR_ASSERTION',\n  actual: '# Subtest: test has ran\\n' +\n    'ok 1 - test has ran\\n' +\n    '  ---\\n' +\n    '  duration_ms: 1.3548\\n' +\n    \"  type: 'test'\\n\" +\n    '  ...\\n' +\n    '# Subtest: test.js\\n' +\n    'not ok 2 - test.js\\n' +\n    '  ---\\n' +\n    '  duration_ms: 1097.5628\\n' +\n    '...',\n  expected: /tests 1/,\n  operator: 'match',\n  diff: 'simple'\n}"},"time":72290.573,"fullname":"parallel/test-runner-run-watch","closingTestPoint":false}},{"testName":"parallel/test-fs-cp-sync-unicode-folder-names","timestamp":1755341951303,"status":"FAILED","jobName":"node-test-binary-windows-js-suites","config":"node-test-binary-windows-js-suites » 1,win2019-COMPILED_BY-vs2022_clang #36275","buildUrl":"https://ci.nodejs.org/job/node-test-binary-windows-js-suites/RUN_SUBSET=1,nodes=win2019-COMPILED_BY-vs2022_clang/36275/","buildNumber":36275,"builtOn":"test-rackspace-win2019_vs2019-x64-3","nodeVersion":"25.0.0","commitHash":"f73f1a07b963a2ce8afb8967206091b529f278dd","callStack":[{"upstreamBuild":72541,"upstreamProject":"node-test-commit-windows-fanned","upstreamUrl":"job/node-test-commit-windows-fanned/"},{"upstreamBuild":82071,"upstreamProject":"node-test-commit","upstreamUrl":"job/node-test-commit/"},{"upstreamBuild":68667,"upstreamProject":"node-test-pull-request","upstreamUrl":"job/node-test-pull-request/"},{"prId":"59490"}],"tap":{"ok":false,"name":"parallel/test-fs-cp-sync-unicode-folder-names","id":348,"buffered":false,"tapError":null,"skip":false,"todo":": Fix flaky test","previous":null,"plan":null,"diag":{"severity":"flaky","exitcode":3221226505,"stack":""},"time":406.003,"fullname":"parallel/test-fs-cp-sync-unicode-folder-names","closingTestPoint":false}},{"testName":"parallel/test-fs-cp-sync-unicode-folder-names","timestamp":1755341951303,"status":"FAILED","jobName":"node-test-binary-windows-js-suites","config":"node-test-binary-windows-js-suites » 1,win2022-COMPILED_BY-vs2022_clang #36275","buildUrl":"https://ci.nodejs.org/job/node-test-binary-windows-js-suites/RUN_SUBSET=1,nodes=win2022-COMPILED_BY-vs2022_clang/36275/","buildNumber":36275,"builtOn":"test-rackspace-win2022_vs2022-x64-6","nodeVersion":"25.0.0","commitHash":"f73f1a07b963a2ce8afb8967206091b529f278dd","callStack":[{"upstreamBuild":72541,"upstreamProject":"node-test-commit-windows-fanned","upstreamUrl":"job/node-test-commit-windows-fanned/"},{"upstreamBuild":82071,"upstreamProject":"node-test-commit","upstreamUrl":"job/node-test-commit/"},{"upstreamBuild":68667,"upstreamProject":"node-test-pull-request","upstreamUrl":"job/node-test-pull-request/"},{"prId":"59490"}],"tap":{"ok":false,"name":"parallel/test-fs-cp-sync-unicode-folder-names","id":349,"buffered":false,"tapError":null,"skip":false,"todo":": Fix flaky test","previous":null,"plan":null,"diag":{"severity":"flaky","exitcode":3221226505,"stack":""},"time":314.983,"fullname":"parallel/test-fs-cp-sync-unicode-folder-names","closingTestPoint":false}},{"testName":"parallel/test-fs-cp-sync-copy-symlink-not-pointing-to-folder","timestamp":1755341951303,"status":"FAILED","jobName":"node-test-binary-windows-js-suites","config":"node-test-binary-windows-js-suites » 1,win11-arm64-COMPILED_BY-vs2022_clang-arm64 #36275","buildUrl":"https://ci.nodejs.org/job/node-test-binary-windows-js-suites/RUN_SUBSET=1,nodes=win11-arm64-COMPILED_BY-vs2022_clang-arm64/36275/","buildNumber":36275,"builtOn":"test-azure_msft-win11_vs2022-arm64-4","nodeVersion":"25.0.0","commitHash":"f73f1a07b963a2ce8afb8967206091b529f278dd","callStack":[{"upstreamBuild":72541,"upstreamProject":"node-test-commit-windows-fanned","upstreamUrl":"job/node-test-commit-windows-fanned/"},{"upstreamBuild":82071,"upstreamProject":"node-test-commit","upstreamUrl":"job/node-test-commit/"},{"upstreamBuild":68667,"upstreamProject":"node-test-pull-request","upstreamUrl":"job/node-test-pull-request/"},{"prId":"59490"}],"tap":{"ok":false,"name":"parallel/test-fs-cp-sync-copy-symlink-not-pointing-to-folder","id":336,"buffered":false,"tapError":null,"skip":false,"todo":": Fix flaky test","previous":null,"plan":null,"diag":{"severity":"flaky","exitcode":1,"stack":"node:internal/modules/run_main:107\n    triggerUncaughtException(\n    ^\n\nAssertionError [ERR_ASSERTION]: Expected values to be strictly equal:\n+ actual - expected\n\n+ 'D:\\\\workspace\\\\node-test-binary-windows-js-suites\\\\node\\\\test\\\\.tmp.336\\\\copy_%1'\n- 'd:\\\\workspace\\\\node-test-binary-windows-js-suites\\\\node\\\\test\\\\.tmp.336\\\\copy_%1'\n\n    at file:///d:/workspace/node-test-binary-windows-js-suites/node/test/parallel/test-fs-cp-sync-copy-symlink-not-pointing-to-folder.mjs:19:8\n    at ModuleJob.run (node:internal/modules/esm/module_job:371:25)\n    at async onImport.tracePromise.__proto__ (node:internal/modules/esm/loader:671:26)\n    at async asyncRunEntryPointWithESMLoader (node:internal/modules/run_main:101:5) {\n  generatedMessage: true,\n  code: 'ERR_ASSERTION',\n  actual: 'D:\\\\workspace\\\\node-test-binary-windows-js-suites\\\\node\\\\test\\\\.tmp.336\\\\copy_%1',\n  expected: 'd:\\\\workspace\\\\node-test-binary-windows-js-suites\\\\node\\\\test\\\\.tmp.336\\\\copy_%1',\n  operator: 'strictEqual',\n  diff: 'simple'\n}\n\nNode.js v25.0.0-pre"},"time":265.998,"fullname":"parallel/test-fs-cp-sync-copy-symlink-not-pointing-to-folder","closingTestPoint":false}},{"testName":"parallel/test-fs-cp-sync-resolve-relative-symlinks-false","timestamp":1755341951303,"status":"FAILED","jobName":"node-test-binary-windows-js-suites","config":"node-test-binary-windows-js-suites » 1,win11-arm64-COMPILED_BY-vs2022_clang-arm64 #36275","buildUrl":"https://ci.nodejs.org/job/node-test-binary-windows-js-suites/RUN_SUBSET=1,nodes=win11-arm64-COMPILED_BY-vs2022_clang-arm64/36275/","buildNumber":36275,"builtOn":"test-azure_msft-win11_vs2022-arm64-4","nodeVersion":"25.0.0","commitHash":"f73f1a07b963a2ce8afb8967206091b529f278dd","callStack":[{"upstreamBuild":72541,"upstreamProject":"node-test-commit-windows-fanned","upstreamUrl":"job/node-test-commit-windows-fanned/"},{"upstreamBuild":82071,"upstreamProject":"node-test-commit","upstreamUrl":"job/node-test-commit/"},{"upstreamBuild":68667,"upstreamProject":"node-test-pull-request","upstreamUrl":"job/node-test-pull-request/"},{"prId":"59490"}],"tap":{"ok":false,"name":"parallel/test-fs-cp-sync-resolve-relative-symlinks-false","id":341,"buffered":false,"tapError":null,"skip":false,"todo":": Fix flaky test","previous":null,"plan":null,"diag":{"severity":"flaky","exitcode":1,"stack":"node:internal/modules/run_main:107\n    triggerUncaughtException(\n    ^\n\nAssertionError [ERR_ASSERTION]: Expected values to be strictly equal:\n+ actual - expected\n\n+ 'D:\\\\workspace\\\\node-test-binary-windows-js-suites\\\\node\\\\test\\\\.tmp.342\\\\copy_%1\\\\foo.js'\n- 'd:\\\\workspace\\\\node-test-binary-windows-js-suites\\\\node\\\\test\\\\.tmp.342\\\\copy_%1\\\\foo.js'\n\n    at file:///d:/workspace/node-test-binary-windows-js-suites/node/test/parallel/test-fs-cp-sync-resolve-relative-symlinks-false.mjs:21:8\n    at ModuleJob.run (node:internal/modules/esm/module_job:371:25)\n    at async onImport.tracePromise.__proto__ (node:internal/modules/esm/loader:671:26)\n    at async asyncRunEntryPointWithESMLoader (node:internal/modules/run_main:101:5) {\n  generatedMessage: true,\n  code: 'ERR_ASSERTION',\n  actual: 'D:\\\\workspace\\\\node-test-binary-windows-js-suites\\\\node\\\\test\\\\.tmp.342\\\\copy_%1\\\\foo.js',\n  expected: 'd:\\\\workspace\\\\node-test-binary-windows-js-suites\\\\node\\\\test\\\\.tmp.342\\\\copy_%1\\\\foo.js',\n  operator: 'strictEqual',\n  diff: 'simple'\n}\n\nNode.js v25.0.0-pre"},"time":284.001,"fullname":"parallel/test-fs-cp-sync-resolve-relative-symlinks-false","closingTestPoint":false}},{"testName":"parallel/test-fs-cp-sync-symlink-points-to-dest-error","timestamp":1755341951303,"status":"FAILED","jobName":"node-test-binary-windows-js-suites","config":"node-test-binary-windows-js-suites » 1,win11-arm64-COMPILED_BY-vs2022_clang-arm64 #36275","buildUrl":"https://ci.nodejs.org/job/node-test-binary-windows-js-suites/RUN_SUBSET=1,nodes=win11-arm64-COMPILED_BY-vs2022_clang-arm64/36275/","buildNumber":36275,"builtOn":"test-azure_msft-win11_vs2022-arm64-4","nodeVersion":"25.0.0","commitHash":"f73f1a07b963a2ce8afb8967206091b529f278dd","callStack":[{"upstreamBuild":72541,"upstreamProject":"node-test-commit-windows-fanned","upstreamUrl":"job/node-test-commit-windows-fanned/"},{"upstreamBuild":82071,"upstreamProject":"node-test-commit","upstreamUrl":"job/node-test-commit/"},{"upstreamBuild":68667,"upstreamProject":"node-test-pull-request","upstreamUrl":"job/node-test-pull-request/"},{"prId":"59490"}],"tap":{"ok":false,"name":"parallel/test-fs-cp-sync-symlink-points-to-dest-error","id":342,"buffered":false,"tapError":null,"skip":false,"todo":": Fix flaky test","previous":null,"plan":null,"diag":{"severity":"flaky","exitcode":1,"stack":"node:internal/modules/run_main:107\n    triggerUncaughtException(\n    ^\n\nAssertionError [ERR_ASSERTION]: Missing expected exception.\n    at file:///d:/workspace/node-test-binary-windows-js-suites/node/test/parallel/test-fs-cp-sync-symlink-points-to-dest-error.mjs:17:8\n    at ModuleJob.run (node:internal/modules/esm/module_job:371:25)\n    at async onImport.tracePromise.__proto__ (node:internal/modules/esm/loader:671:26)\n    at async asyncRunEntryPointWithESMLoader (node:internal/modules/run_main:101:5) {\n  generatedMessage: false,\n  code: 'ERR_ASSERTION',\n  actual: undefined,\n  expected: { code: 'ERR_FS_CP_EINVAL' },\n  operator: 'throws',\n  diff: 'simple'\n}\n\nNode.js v25.0.0-pre"},"time":262,"fullname":"parallel/test-fs-cp-sync-symlink-points-to-dest-error","closingTestPoint":false}},{"testName":"parallel/test-fs-cp-sync-copy-symlink-not-pointing-to-folder","timestamp":1755341951303,"status":"FAILED","jobName":"node-test-binary-windows-js-suites","config":"node-test-binary-windows-js-suites » 0,win10-COMPILED_BY-vs2022_clang #36275","buildUrl":"https://ci.nodejs.org/job/node-test-binary-windows-js-suites/RUN_SUBSET=0,nodes=win10-COMPILED_BY-vs2022_clang/36275/","buildNumber":36275,"builtOn":"test-azure_msft-win10_vs2019-x64-1","nodeVersion":"25.0.0","commitHash":"f73f1a07b963a2ce8afb8967206091b529f278dd","callStack":[{"upstreamBuild":72541,"upstreamProject":"node-test-commit-windows-fanned","upstreamUrl":"job/node-test-commit-windows-fanned/"},{"upstreamBuild":82071,"upstreamProject":"node-test-commit","upstreamUrl":"job/node-test-commit/"},{"upstreamBuild":68667,"upstreamProject":"node-test-pull-request","upstreamUrl":"job/node-test-pull-request/"},{"prId":"59490"}],"tap":{"ok":false,"name":"parallel/test-fs-cp-sync-copy-symlink-not-pointing-to-folder","id":340,"buffered":false,"tapError":null,"skip":false,"todo":": Fix flaky test","previous":null,"plan":null,"diag":{"severity":"flaky","exitcode":1,"stack":"node:internal/modules/run_main:107\n    triggerUncaughtException(\n    ^\n\nAssertionError [ERR_ASSERTION]: Expected values to be strictly equal:\n+ actual - expected\n\n+ 'C:\\\\workspace\\\\node-test-binary-windows-js-suites\\\\node\\\\test\\\\.tmp.338\\\\copy_%1'\n- 'c:\\\\workspace\\\\node-test-binary-windows-js-suites\\\\node\\\\test\\\\.tmp.338\\\\copy_%1'\n\n    at file:///c:/workspace/node-test-binary-windows-js-suites/node/test/parallel/test-fs-cp-sync-copy-symlink-not-pointing-to-folder.mjs:19:8\n    at ModuleJob.run (node:internal/modules/esm/module_job:371:25)\n    at async onImport.tracePromise.__proto__ (node:internal/modules/esm/loader:671:26)\n    at async asyncRunEntryPointWithESMLoader (node:internal/modules/run_main:101:5) {\n  generatedMessage: true,\n  code: 'ERR_ASSERTION',\n  actual: 'C:\\\\workspace\\\\node-test-binary-windows-js-suites\\\\node\\\\test\\\\.tmp.338\\\\copy_%1',\n  expected: 'c:\\\\workspace\\\\node-test-binary-windows-js-suites\\\\node\\\\test\\\\.tmp.338\\\\copy_%1',\n  operator: 'strictEqual',\n  diff: 'simple'\n}\n\nNode.js v25.0.0-pre"},"time":1406.028,"fullname":"parallel/test-fs-cp-sync-copy-symlink-not-pointing-to-folder","closingTestPoint":false}},{"testName":"parallel/test-fs-cp-sync-resolve-relative-symlinks-false","timestamp":1755341951303,"status":"FAILED","jobName":"node-test-binary-windows-js-suites","config":"node-test-binary-windows-js-suites » 0,win10-COMPILED_BY-vs2022_clang #36275","buildUrl":"https://ci.nodejs.org/job/node-test-binary-windows-js-suites/RUN_SUBSET=0,nodes=win10-COMPILED_BY-vs2022_clang/36275/","buildNumber":36275,"builtOn":"test-azure_msft-win10_vs2019-x64-1","nodeVersion":"25.0.0","commitHash":"f73f1a07b963a2ce8afb8967206091b529f278dd","callStack":[{"upstreamBuild":72541,"upstreamProject":"node-test-commit-windows-fanned","upstreamUrl":"job/node-test-commit-windows-fanned/"},{"upstreamBuild":82071,"upstreamProject":"node-test-commit","upstreamUrl":"job/node-test-commit/"},{"upstreamBuild":68667,"upstreamProject":"node-test-pull-request","upstreamUrl":"job/node-test-pull-request/"},{"prId":"59490"}],"tap":{"ok":false,"name":"parallel/test-fs-cp-sync-resolve-relative-symlinks-false","id":345,"buffered":false,"tapError":null,"skip":false,"todo":": Fix flaky test","previous":null,"plan":null,"diag":{"severity":"flaky","exitcode":1,"stack":"node:internal/modules/run_main:107\n    triggerUncaughtException(\n    ^\n\nAssertionError [ERR_ASSERTION]: Expected values to be strictly equal:\n+ actual - expected\n\n+ 'C:\\\\workspace\\\\node-test-binary-windows-js-suites\\\\node\\\\test\\\\.tmp.344\\\\copy_%1\\\\foo.js'\n- 'c:\\\\workspace\\\\node-test-binary-windows-js-suites\\\\node\\\\test\\\\.tmp.344\\\\copy_%1\\\\foo.js'\n\n    at file:///c:/workspace/node-test-binary-windows-js-suites/node/test/parallel/test-fs-cp-sync-resolve-relative-symlinks-false.mjs:21:8\n    at ModuleJob.run (node:internal/modules/esm/module_job:371:25)\n    at async onImport.tracePromise.__proto__ (node:internal/modules/esm/loader:671:26)\n    at async asyncRunEntryPointWithESMLoader (node:internal/modules/run_main:101:5) {\n  generatedMessage: true,\n  code: 'ERR_ASSERTION',\n  actual: 'C:\\\\workspace\\\\node-test-binary-windows-js-suites\\\\node\\\\test\\\\.tmp.344\\\\copy_%1\\\\foo.js',\n  expected: 'c:\\\\workspace\\\\node-test-binary-windows-js-suites\\\\node\\\\test\\\\.tmp.344\\\\copy_%1\\\\foo.js',\n  operator: 'strictEqual',\n  diff: 'simple'\n}\n\nNode.js v25.0.0-pre"},"time":1463.014,"fullname":"parallel/test-fs-cp-sync-resolve-relative-symlinks-false","closingTestPoint":false}},{"testName":"parallel/test-fs-cp-sync-symlink-points-to-dest-error","timestamp":1755341951303,"status":"FAILED","jobName":"node-test-binary-windows-js-suites","config":"node-test-binary-windows-js-suites » 0,win10-COMPILED_BY-vs2022_clang #36275","buildUrl":"https://ci.nodejs.org/job/node-test-binary-windows-js-suites/RUN_SUBSET=0,nodes=win10-COMPILED_BY-vs2022_clang/36275/","buildNumber":36275,"builtOn":"test-azure_msft-win10_vs2019-x64-1","nodeVersion":"25.0.0","commitHash":"f73f1a07b963a2ce8afb8967206091b529f278dd","callStack":[{"upstreamBuild":72541,"upstreamProject":"node-test-commit-windows-fanned","upstreamUrl":"job/node-test-commit-windows-fanned/"},{"upstreamBuild":82071,"upstreamProject":"node-test-commit","upstreamUrl":"job/node-test-commit/"},{"upstreamBuild":68667,"upstreamProject":"node-test-pull-request","upstreamUrl":"job/node-test-pull-request/"},{"prId":"59490"}],"tap":{"ok":false,"name":"parallel/test-fs-cp-sync-symlink-points-to-dest-error","id":346,"buffered":false,"tapError":null,"skip":false,"todo":": Fix flaky test","previous":null,"plan":null,"diag":{"severity":"flaky","exitcode":1,"stack":"node:internal/modules/run_main:107\n    triggerUncaughtException(\n    ^\n\nAssertionError [ERR_ASSERTION]: Missing expected exception.\n    at file:///c:/workspace/node-test-binary-windows-js-suites/node/test/parallel/test-fs-cp-sync-symlink-points-to-dest-error.mjs:17:8\n    at ModuleJob.run (node:internal/modules/esm/module_job:371:25)\n    at async onImport.tracePromise.__proto__ (node:internal/modules/esm/loader:671:26)\n    at async asyncRunEntryPointWithESMLoader (node:internal/modules/run_main:101:5) {\n  generatedMessage: false,\n  code: 'ERR_ASSERTION',\n  actual: undefined,\n  expected: { code: 'ERR_FS_CP_EINVAL' },\n  operator: 'throws',\n  diff: 'simple'\n}\n\nNode.js v25.0.0-pre"},"time":1587.027,"fullname":"parallel/test-fs-cp-sync-symlink-points-to-dest-error","closingTestPoint":false}},{"testName":"parallel/test-fs-cp-sync-resolve-relative-symlinks-default","timestamp":1755341951303,"status":"FAILED","jobName":"node-test-binary-windows-js-suites","config":"node-test-binary-windows-js-suites » 3,win10-COMPILED_BY-vs2022_clang #36275","buildUrl":"https://ci.nodejs.org/job/node-test-binary-windows-js-suites/RUN_SUBSET=3,nodes=win10-COMPILED_BY-vs2022_clang/36275/","buildNumber":36275,"builtOn":"test-azure_msft-win10_vs2019-x64-1","nodeVersion":"25.0.0","commitHash":"f73f1a07b963a2ce8afb8967206091b529f278dd","callStack":[{"upstreamBuild":72541,"upstreamProject":"node-test-commit-windows-fanned","upstreamUrl":"job/node-test-commit-windows-fanned/"},{"upstreamBuild":82071,"upstreamProject":"node-test-commit","upstreamUrl":"job/node-test-commit/"},{"upstreamBuild":68667,"upstreamProject":"node-test-pull-request","upstreamUrl":"job/node-test-pull-request/"},{"prId":"59490"}],"tap":{"ok":false,"name":"parallel/test-fs-cp-sync-resolve-relative-symlinks-default","id":344,"buffered":false,"tapError":null,"skip":false,"todo":": Fix flaky test","previous":null,"plan":null,"diag":{"severity":"flaky","exitcode":1,"stack":"node:internal/modules/run_main:107\n    triggerUncaughtException(\n    ^\n\nAssertionError [ERR_ASSERTION]: Expected values to be strictly equal:\n+ actual - expected\n\n+ 'C:\\\\workspace\\\\node-test-binary-windows-js-suites\\\\node\\\\test\\\\.tmp.343\\\\copy_%1\\\\foo.js'\n- 'c:\\\\workspace\\\\node-test-binary-windows-js-suites\\\\node\\\\test\\\\.tmp.343\\\\copy_%1\\\\foo.js'\n\n    at file:///c:/workspace/node-test-binary-windows-js-suites/node/test/parallel/test-fs-cp-sync-resolve-relative-symlinks-default.mjs:21:8\n    at ModuleJob.run (node:internal/modules/esm/module_job:371:25)\n    at async onImport.tracePromise.__proto__ (node:internal/modules/esm/loader:671:26)\n    at async asyncRunEntryPointWithESMLoader (node:internal/modules/run_main:101:5) {\n  generatedMessage: true,\n  code: 'ERR_ASSERTION',\n  actual: 'C:\\\\workspace\\\\node-test-binary-windows-js-suites\\\\node\\\\test\\\\.tmp.343\\\\copy_%1\\\\foo.js',\n  expected: 'c:\\\\workspace\\\\node-test-binary-windows-js-suites\\\\node\\\\test\\\\.tmp.343\\\\copy_%1\\\\foo.js',\n  operator: 'strictEqual',\n  diff: 'simple'\n}\n\nNode.js v25.0.0-pre"},"time":338.003,"fullname":"parallel/test-fs-cp-sync-resolve-relative-symlinks-default","closingTestPoint":false}}]}