{"failedTests":[{"testName":"parallel/test-fs-cp-sync-error-on-exist","timestamp":1755616266367,"status":"FAILED","jobName":"node-test-binary-windows-js-suites","config":"node-test-binary-windows-js-suites » 0,win11-COMPILED_BY-vs2022_clang #36357","buildUrl":"https://ci.nodejs.org/job/node-test-binary-windows-js-suites/RUN_SUBSET=0,nodes=win11-COMPILED_BY-vs2022_clang/36357/","buildNumber":36357,"builtOn":"test-azure_msft-win11_vs2022-x64-2","nodeVersion":"25.0.0","commitHash":"820e9de6a70e167d165dd6d42592c4a411c220f3","callStack":[{"upstreamBuild":72624,"upstreamProject":"node-test-commit-windows-fanned","upstreamUrl":"job/node-test-commit-windows-fanned/"},{"upstreamBuild":82155,"upstreamProject":"node-test-commit","upstreamUrl":"job/node-test-commit/"},{"upstreamBuild":68741,"upstreamProject":"node-test-pull-request","upstreamUrl":"job/node-test-pull-request/"},{"prId":"59538"}],"tap":{"ok":false,"name":"parallel/test-fs-cp-sync-error-on-exist","id":341,"buffered":false,"tapError":null,"skip":false,"todo":": Fix flaky test","previous":null,"plan":null,"diag":{"severity":"flaky","exitcode":1,"stack":"node:internal/modules/run_main:107\n    triggerUncaughtException(\n    ^\n\nAssertionError [ERR_ASSERTION]: Expected values to be strictly deep-equal:\n+ actual - expected\n\n  Comparison {\n+   code: ''\n-   code: 'ERR_FS_CP_EEXIST'\n  }\n\n    at file:///c:/workspace/node-test-binary-windows-js-suites/node/test/parallel/test-fs-cp-sync-error-on-exist.mjs:14:8\n    at ModuleJob.run (node:internal/modules/esm/module_job:371:25)\n    at async onImport.tracePromise.__proto__ (node:internal/modules/esm/loader:671:26)\n    at async asyncRunEntryPointWithESMLoader (node:internal/modules/run_main:101:5) {\n  generatedMessage: true,\n  code: 'ERR_ASSERTION',\n  actual: Error: , The file exists. '\\\\?\\c:\\workspace\\node-test-binary-windows-js-suites\\node\\test\\.tmp.341\\copy_%1\\a\\b'\n      at copyDir (node:internal/fs/cp/cp-sync:145:22)\n      at onDir (node:internal/fs/cp/cp-sync:137:10)\n      at getStats (node:internal/fs/cp/cp-sync:68:12)\n      at cpSyncFn (node:internal/fs/cp/cp-sync:58:10)\n      at cpSync (node:fs:3123:3)\n      at assert.throws.code (file:///c:/workspace/node-test-binary-windows-js-suites/node/test/parallel/test-fs-cp-sync-error-on-exist.mjs:15:9)\n      at getActual (node:assert:584:5)\n      at assert.throws (node:assert:732:24)\n      at file:///c:/workspace/node-test-binary-windows-js-suites/node/test/parallel/test-fs-cp-sync-error-on-exist.mjs:14:8\n      at ModuleJob.run (node:internal/modules/esm/module_job:371:25) {\n    errno: 80,\n    code: '',\n    path: '\\\\\\\\?\\\\c:\\\\workspace\\\\node-test-binary-windows-js-suites\\\\node\\\\test\\\\.tmp.341\\\\copy_%1\\\\a\\\\b',\n    syscall: 'cp'\n  },\n  expected: { code: 'ERR_FS_CP_EEXIST' },\n  operator: 'throws',\n  diff: 'simple'\n}\n\nNode.js v25.0.0-pre"},"time":175.004,"fullname":"parallel/test-fs-cp-sync-error-on-exist","closingTestPoint":false}},{"testName":"parallel/test-fs-cp-async-symlink-points-to-dest","timestamp":1755616266367,"status":"FAILED","jobName":"node-test-binary-windows-js-suites","config":"node-test-binary-windows-js-suites » 0,win11-arm64-COMPILED_BY-vs2022_clang-arm64 #36357","buildUrl":"https://ci.nodejs.org/job/node-test-binary-windows-js-suites/RUN_SUBSET=0,nodes=win11-arm64-COMPILED_BY-vs2022_clang-arm64/36357/","buildNumber":36357,"builtOn":"test-azure_msft-win11_vs2022-arm64-1","nodeVersion":"25.0.0","commitHash":"820e9de6a70e167d165dd6d42592c4a411c220f3","callStack":[{"upstreamBuild":72624,"upstreamProject":"node-test-commit-windows-fanned","upstreamUrl":"job/node-test-commit-windows-fanned/"},{"upstreamBuild":82155,"upstreamProject":"node-test-commit","upstreamUrl":"job/node-test-commit/"},{"upstreamBuild":68741,"upstreamProject":"node-test-pull-request","upstreamUrl":"job/node-test-pull-request/"},{"prId":"59538"}],"tap":{"ok":false,"name":"parallel/test-fs-cp-async-symlink-points-to-dest","id":335,"buffered":false,"tapError":null,"skip":false,"todo":": Fix flaky test","previous":null,"plan":null,"diag":{"severity":"flaky","exitcode":1,"stack":"file:///d:/workspace/node-test-binary-windows-js-suites/node/test/parallel/test-fs-cp-async-symlink-points-to-dest.mjs:19\n  assert.strictEqual(err.code, 'ERR_FS_CP_EINVAL');\n                         ^\n\nTypeError: Cannot read properties of null (reading 'code')\n    at file:///d:/workspace/node-test-binary-windows-js-suites/node/test/parallel/test-fs-cp-async-symlink-points-to-dest.mjs:19:26\n    at d:\\workspace\\node-test-binary-windows-js-suites\\node\\test\\common\\index.js:437:15\n    at node:fs:180:23\n    at process.processTicksAndRejections (node:internal/process/task_queues:90:21)\n\nNode.js v25.0.0-pre"},"time":346.997,"fullname":"parallel/test-fs-cp-async-symlink-points-to-dest","closingTestPoint":false}},{"testName":"parallel/test-fs-cp-sync-unicode-folder-names","timestamp":1755616266367,"status":"FAILED","jobName":"node-test-binary-windows-js-suites","config":"node-test-binary-windows-js-suites » 0,win11-arm64-COMPILED_BY-vs2022_clang-arm64 #36357","buildUrl":"https://ci.nodejs.org/job/node-test-binary-windows-js-suites/RUN_SUBSET=0,nodes=win11-arm64-COMPILED_BY-vs2022_clang-arm64/36357/","buildNumber":36357,"builtOn":"test-azure_msft-win11_vs2022-arm64-1","nodeVersion":"25.0.0","commitHash":"820e9de6a70e167d165dd6d42592c4a411c220f3","callStack":[{"upstreamBuild":72624,"upstreamProject":"node-test-commit-windows-fanned","upstreamUrl":"job/node-test-commit-windows-fanned/"},{"upstreamBuild":82155,"upstreamProject":"node-test-commit","upstreamUrl":"job/node-test-commit/"},{"upstreamBuild":68741,"upstreamProject":"node-test-pull-request","upstreamUrl":"job/node-test-pull-request/"},{"prId":"59538"}],"tap":{"ok":false,"name":"parallel/test-fs-cp-sync-unicode-folder-names","id":348,"buffered":false,"tapError":null,"skip":false,"todo":": Fix flaky test","previous":null,"plan":null,"diag":{"severity":"flaky","exitcode":3221226505,"stack":""},"time":524.007,"fullname":"parallel/test-fs-cp-sync-unicode-folder-names","closingTestPoint":false}},{"testName":"parallel/test-fs-cp-async-symlink-points-to-dest","timestamp":1755616266367,"status":"FAILED","jobName":"node-test-binary-windows-js-suites","config":"node-test-binary-windows-js-suites » 3,win11-COMPILED_BY-vs2022_clang #36357","buildUrl":"https://ci.nodejs.org/job/node-test-binary-windows-js-suites/RUN_SUBSET=3,nodes=win11-COMPILED_BY-vs2022_clang/36357/","buildNumber":36357,"builtOn":"test-azure_msft-win11_vs2022-x64-4","nodeVersion":"25.0.0","commitHash":"820e9de6a70e167d165dd6d42592c4a411c220f3","callStack":[{"upstreamBuild":72624,"upstreamProject":"node-test-commit-windows-fanned","upstreamUrl":"job/node-test-commit-windows-fanned/"},{"upstreamBuild":82155,"upstreamProject":"node-test-commit","upstreamUrl":"job/node-test-commit/"},{"upstreamBuild":68741,"upstreamProject":"node-test-pull-request","upstreamUrl":"job/node-test-pull-request/"},{"prId":"59538"}],"tap":{"ok":false,"name":"parallel/test-fs-cp-async-symlink-points-to-dest","id":334,"buffered":false,"tapError":null,"skip":false,"todo":": Fix flaky test","previous":null,"plan":null,"diag":{"severity":"flaky","exitcode":1,"stack":"file:///c:/workspace/node-test-binary-windows-js-suites/node/test/parallel/test-fs-cp-async-symlink-points-to-dest.mjs:19\n  assert.strictEqual(err.code, 'ERR_FS_CP_EINVAL');\n                         ^\n\nTypeError: Cannot read properties of null (reading 'code')\n    at file:///c:/workspace/node-test-binary-windows-js-suites/node/test/parallel/test-fs-cp-async-symlink-points-to-dest.mjs:19:26\n    at c:\\workspace\\node-test-binary-windows-js-suites\\node\\test\\common\\index.js:437:15\n    at node:fs:180:23\n    at process.processTicksAndRejections (node:internal/process/task_queues:90:21)\n\nNode.js v25.0.0-pre"},"time":177.004,"fullname":"parallel/test-fs-cp-async-symlink-points-to-dest","closingTestPoint":false}},{"testName":"parallel/test-fs-cp-sync-unicode-folder-names","timestamp":1755616266367,"status":"FAILED","jobName":"node-test-binary-windows-js-suites","config":"node-test-binary-windows-js-suites » 3,win11-COMPILED_BY-vs2022_clang #36357","buildUrl":"https://ci.nodejs.org/job/node-test-binary-windows-js-suites/RUN_SUBSET=3,nodes=win11-COMPILED_BY-vs2022_clang/36357/","buildNumber":36357,"builtOn":"test-azure_msft-win11_vs2022-x64-4","nodeVersion":"25.0.0","commitHash":"820e9de6a70e167d165dd6d42592c4a411c220f3","callStack":[{"upstreamBuild":72624,"upstreamProject":"node-test-commit-windows-fanned","upstreamUrl":"job/node-test-commit-windows-fanned/"},{"upstreamBuild":82155,"upstreamProject":"node-test-commit","upstreamUrl":"job/node-test-commit/"},{"upstreamBuild":68741,"upstreamProject":"node-test-pull-request","upstreamUrl":"job/node-test-pull-request/"},{"prId":"59538"}],"tap":{"ok":false,"name":"parallel/test-fs-cp-sync-unicode-folder-names","id":348,"buffered":false,"tapError":null,"skip":false,"todo":": Fix flaky test","previous":null,"plan":null,"diag":{"severity":"flaky","exitcode":3221226505,"stack":""},"time":305.008,"fullname":"parallel/test-fs-cp-sync-unicode-folder-names","closingTestPoint":false}},{"testName":"parallel/test-fs-cp-sync-error-on-exist","timestamp":1755616266367,"status":"FAILED","jobName":"node-test-binary-windows-js-suites","config":"node-test-binary-windows-js-suites » 0,win2019-COMPILED_BY-vs2022_clang #36357","buildUrl":"https://ci.nodejs.org/job/node-test-binary-windows-js-suites/RUN_SUBSET=0,nodes=win2019-COMPILED_BY-vs2022_clang/36357/","buildNumber":36357,"builtOn":"test-rackspace-win2019_vs2019-x64-4","nodeVersion":"25.0.0","commitHash":"820e9de6a70e167d165dd6d42592c4a411c220f3","callStack":[{"upstreamBuild":72624,"upstreamProject":"node-test-commit-windows-fanned","upstreamUrl":"job/node-test-commit-windows-fanned/"},{"upstreamBuild":82155,"upstreamProject":"node-test-commit","upstreamUrl":"job/node-test-commit/"},{"upstreamBuild":68741,"upstreamProject":"node-test-pull-request","upstreamUrl":"job/node-test-pull-request/"},{"prId":"59538"}],"tap":{"ok":false,"name":"parallel/test-fs-cp-sync-error-on-exist","id":340,"buffered":false,"tapError":null,"skip":false,"todo":": Fix flaky test","previous":null,"plan":null,"diag":{"severity":"flaky","exitcode":1,"stack":"node:internal/modules/run_main:107\n    triggerUncaughtException(\n    ^\n\nAssertionError [ERR_ASSERTION]: Expected values to be strictly deep-equal:\n+ actual - expected\n\n  Comparison {\n+   code: ''\n-   code: 'ERR_FS_CP_EEXIST'\n  }\n\n    at file:///C:/workspace/node-test-binary-windows-js-suites/node/test/parallel/test-fs-cp-sync-error-on-exist.mjs:14:8\n    at ModuleJob.run (node:internal/modules/esm/module_job:371:25)\n    at async onImport.tracePromise.__proto__ (node:internal/modules/esm/loader:671:26)\n    at async asyncRunEntryPointWithESMLoader (node:internal/modules/run_main:101:5) {\n  generatedMessage: true,\n  code: 'ERR_ASSERTION',\n  actual: Error: , The file exists. '\\\\?\\C:\\workspace\\node-test-binary-windows-js-suites\\node\\test\\.tmp.341\\copy_%1\\a\\b'\n      at copyDir (node:internal/fs/cp/cp-sync:145:22)\n      at onDir (node:internal/fs/cp/cp-sync:137:10)\n      at getStats (node:internal/fs/cp/cp-sync:68:12)\n      at cpSyncFn (node:internal/fs/cp/cp-sync:58:10)\n      at cpSync (node:fs:3123:3)\n      at assert.throws.code (file:///C:/workspace/node-test-binary-windows-js-suites/node/test/parallel/test-fs-cp-sync-error-on-exist.mjs:15:9)\n      at getActual (node:assert:584:5)\n      at assert.throws (node:assert:732:24)\n      at file:///C:/workspace/node-test-binary-windows-js-suites/node/test/parallel/test-fs-cp-sync-error-on-exist.mjs:14:8\n      at ModuleJob.run (node:internal/modules/esm/module_job:371:25) {\n    errno: 80,\n    code: '',\n    path: '\\\\\\\\?\\\\C:\\\\workspace\\\\node-test-binary-windows-js-suites\\\\node\\\\test\\\\.tmp.341\\\\copy_%1\\\\a\\\\b',\n    syscall: 'cp'\n  },\n  expected: { code: 'ERR_FS_CP_EEXIST' },\n  operator: 'throws',\n  diff: 'simple'\n}\n\nNode.js v25.0.0-pre"},"time":294,"fullname":"parallel/test-fs-cp-sync-error-on-exist","closingTestPoint":false}},{"testName":"parallel/test-fs-cp-sync-symlink-points-to-dest-error","timestamp":1755616266367,"status":"FAILED","jobName":"node-test-binary-windows-js-suites","config":"node-test-binary-windows-js-suites » 2,win11-COMPILED_BY-vs2022_clang #36357","buildUrl":"https://ci.nodejs.org/job/node-test-binary-windows-js-suites/RUN_SUBSET=2,nodes=win11-COMPILED_BY-vs2022_clang/36357/","buildNumber":36357,"builtOn":"test-azure_msft-win11_vs2022-x64-1","nodeVersion":"25.0.0","commitHash":"820e9de6a70e167d165dd6d42592c4a411c220f3","callStack":[{"upstreamBuild":72624,"upstreamProject":"node-test-commit-windows-fanned","upstreamUrl":"job/node-test-commit-windows-fanned/"},{"upstreamBuild":82155,"upstreamProject":"node-test-commit","upstreamUrl":"job/node-test-commit/"},{"upstreamBuild":68741,"upstreamProject":"node-test-pull-request","upstreamUrl":"job/node-test-pull-request/"},{"prId":"59538"}],"tap":{"ok":false,"name":"parallel/test-fs-cp-sync-symlink-points-to-dest-error","id":345,"buffered":false,"tapError":null,"skip":false,"todo":": Fix flaky test","previous":null,"plan":null,"diag":{"severity":"flaky","exitcode":1,"stack":"node:internal/modules/run_main:107\n    triggerUncaughtException(\n    ^\n\nAssertionError [ERR_ASSERTION]: Missing expected exception.\n    at file:///c:/workspace/node-test-binary-windows-js-suites/node/test/parallel/test-fs-cp-sync-symlink-points-to-dest-error.mjs:17:8\n    at ModuleJob.run (node:internal/modules/esm/module_job:371:25)\n    at async onImport.tracePromise.__proto__ (node:internal/modules/esm/loader:671:26)\n    at async asyncRunEntryPointWithESMLoader (node:internal/modules/run_main:101:5) {\n  generatedMessage: false,\n  code: 'ERR_ASSERTION',\n  actual: undefined,\n  expected: { code: 'ERR_FS_CP_EINVAL' },\n  operator: 'throws',\n  diff: 'simple'\n}\n\nNode.js v25.0.0-pre"},"time":216.013,"fullname":"parallel/test-fs-cp-sync-symlink-points-to-dest-error","closingTestPoint":false}},{"testName":"parallel/test-fs-cp-sync-symlink-points-to-dest-error","timestamp":1755616266367,"status":"FAILED","jobName":"node-test-binary-windows-js-suites","config":"node-test-binary-windows-js-suites » 2,win2022-COMPILED_BY-vs2022_clang #36357","buildUrl":"https://ci.nodejs.org/job/node-test-binary-windows-js-suites/RUN_SUBSET=2,nodes=win2022-COMPILED_BY-vs2022_clang/36357/","buildNumber":36357,"builtOn":"test-rackspace-win2022_vs2022-x64-2","nodeVersion":"25.0.0","commitHash":"820e9de6a70e167d165dd6d42592c4a411c220f3","callStack":[{"upstreamBuild":72624,"upstreamProject":"node-test-commit-windows-fanned","upstreamUrl":"job/node-test-commit-windows-fanned/"},{"upstreamBuild":82155,"upstreamProject":"node-test-commit","upstreamUrl":"job/node-test-commit/"},{"upstreamBuild":68741,"upstreamProject":"node-test-pull-request","upstreamUrl":"job/node-test-pull-request/"},{"prId":"59538"}],"tap":{"ok":false,"name":"parallel/test-fs-cp-sync-symlink-points-to-dest-error","id":344,"buffered":false,"tapError":null,"skip":false,"todo":": Fix flaky test","previous":null,"plan":null,"diag":{"severity":"flaky","exitcode":1,"stack":"node:internal/modules/run_main:107\n    triggerUncaughtException(\n    ^\n\nAssertionError [ERR_ASSERTION]: Missing expected exception.\n    at file:///C:/workspace/node-test-binary-windows-js-suites/node/test/parallel/test-fs-cp-sync-symlink-points-to-dest-error.mjs:17:8\n    at ModuleJob.run (node:internal/modules/esm/module_job:371:25)\n    at async onImport.tracePromise.__proto__ (node:internal/modules/esm/loader:671:26)\n    at async asyncRunEntryPointWithESMLoader (node:internal/modules/run_main:101:5) {\n  generatedMessage: false,\n  code: 'ERR_ASSERTION',\n  actual: undefined,\n  expected: { code: 'ERR_FS_CP_EINVAL' },\n  operator: 'throws',\n  diff: 'simple'\n}\n\nNode.js v25.0.0-pre"},"time":236.432,"fullname":"parallel/test-fs-cp-sync-symlink-points-to-dest-error","closingTestPoint":false}},{"testName":"parallel/test-fs-cp-sync-symlink-points-to-dest-error","timestamp":1755616266367,"status":"FAILED","jobName":"node-test-binary-windows-js-suites","config":"node-test-binary-windows-js-suites » 3,win11-arm64-COMPILED_BY-vs2022_clang-arm64 #36357","buildUrl":"https://ci.nodejs.org/job/node-test-binary-windows-js-suites/RUN_SUBSET=3,nodes=win11-arm64-COMPILED_BY-vs2022_clang-arm64/36357/","buildNumber":36357,"builtOn":"test-azure_msft-win11_vs2022-arm64-5","nodeVersion":"25.0.0","commitHash":"820e9de6a70e167d165dd6d42592c4a411c220f3","callStack":[{"upstreamBuild":72624,"upstreamProject":"node-test-commit-windows-fanned","upstreamUrl":"job/node-test-commit-windows-fanned/"},{"upstreamBuild":82155,"upstreamProject":"node-test-commit","upstreamUrl":"job/node-test-commit/"},{"upstreamBuild":68741,"upstreamProject":"node-test-pull-request","upstreamUrl":"job/node-test-pull-request/"},{"prId":"59538"}],"tap":{"ok":false,"name":"parallel/test-fs-cp-sync-symlink-points-to-dest-error","id":345,"buffered":false,"tapError":null,"skip":false,"todo":": Fix flaky test","previous":null,"plan":null,"diag":{"severity":"flaky","exitcode":1,"stack":"node:internal/modules/run_main:107\n    triggerUncaughtException(\n    ^\n\nAssertionError [ERR_ASSERTION]: Missing expected exception.\n    at file:///d:/workspace/node-test-binary-windows-js-suites/node/test/parallel/test-fs-cp-sync-symlink-points-to-dest-error.mjs:17:8\n    at ModuleJob.run (node:internal/modules/esm/module_job:371:25)\n    at async onImport.tracePromise.__proto__ (node:internal/modules/esm/loader:671:26)\n    at async asyncRunEntryPointWithESMLoader (node:internal/modules/run_main:101:5) {\n  generatedMessage: false,\n  code: 'ERR_ASSERTION',\n  actual: undefined,\n  expected: { code: 'ERR_FS_CP_EINVAL' },\n  operator: 'throws',\n  diff: 'simple'\n}\n\nNode.js v25.0.0-pre"},"time":265.994,"fullname":"parallel/test-fs-cp-sync-symlink-points-to-dest-error","closingTestPoint":false}},{"testName":"parallel/test-fs-cp-sync-symlink-points-to-dest-error","timestamp":1755616266367,"status":"FAILED","jobName":"node-test-binary-windows-js-suites","config":"node-test-binary-windows-js-suites » 2,win10-COMPILED_BY-vs2022_clang #36357","buildUrl":"https://ci.nodejs.org/job/node-test-binary-windows-js-suites/RUN_SUBSET=2,nodes=win10-COMPILED_BY-vs2022_clang/36357/","buildNumber":36357,"builtOn":"test-azure_msft-win10_vs2019-x64-4","nodeVersion":"25.0.0","commitHash":"820e9de6a70e167d165dd6d42592c4a411c220f3","callStack":[{"upstreamBuild":72624,"upstreamProject":"node-test-commit-windows-fanned","upstreamUrl":"job/node-test-commit-windows-fanned/"},{"upstreamBuild":82155,"upstreamProject":"node-test-commit","upstreamUrl":"job/node-test-commit/"},{"upstreamBuild":68741,"upstreamProject":"node-test-pull-request","upstreamUrl":"job/node-test-pull-request/"},{"prId":"59538"}],"tap":{"ok":false,"name":"parallel/test-fs-cp-sync-symlink-points-to-dest-error","id":345,"buffered":false,"tapError":null,"skip":false,"todo":": Fix flaky test","previous":null,"plan":null,"diag":{"severity":"flaky","exitcode":1,"stack":"node:internal/modules/run_main:107\n    triggerUncaughtException(\n    ^\n\nAssertionError [ERR_ASSERTION]: Missing expected exception.\n    at file:///c:/workspace/node-test-binary-windows-js-suites/node/test/parallel/test-fs-cp-sync-symlink-points-to-dest-error.mjs:17:8\n    at ModuleJob.run (node:internal/modules/esm/module_job:371:25)\n    at async onImport.tracePromise.__proto__ (node:internal/modules/esm/loader:671:26)\n    at async asyncRunEntryPointWithESMLoader (node:internal/modules/run_main:101:5) {\n  generatedMessage: false,\n  code: 'ERR_ASSERTION',\n  actual: undefined,\n  expected: { code: 'ERR_FS_CP_EINVAL' },\n  operator: 'throws',\n  diff: 'simple'\n}\n\nNode.js v25.0.0-pre"},"time":129.003,"fullname":"parallel/test-fs-cp-sync-symlink-points-to-dest-error","closingTestPoint":false}},{"testName":"parallel/test-fs-cp-sync-unicode-folder-names","timestamp":1755616266367,"status":"FAILED","jobName":"node-test-binary-windows-js-suites","config":"node-test-binary-windows-js-suites » 3,win2019-COMPILED_BY-vs2022_clang #36357","buildUrl":"https://ci.nodejs.org/job/node-test-binary-windows-js-suites/RUN_SUBSET=3,nodes=win2019-COMPILED_BY-vs2022_clang/36357/","buildNumber":36357,"builtOn":"test-rackspace-win2019_vs2019-x64-3","nodeVersion":"25.0.0","commitHash":"820e9de6a70e167d165dd6d42592c4a411c220f3","callStack":[{"upstreamBuild":72624,"upstreamProject":"node-test-commit-windows-fanned","upstreamUrl":"job/node-test-commit-windows-fanned/"},{"upstreamBuild":82155,"upstreamProject":"node-test-commit","upstreamUrl":"job/node-test-commit/"},{"upstreamBuild":68741,"upstreamProject":"node-test-pull-request","upstreamUrl":"job/node-test-pull-request/"},{"prId":"59538"}],"tap":{"ok":false,"name":"parallel/test-fs-cp-sync-unicode-folder-names","id":349,"buffered":false,"tapError":null,"skip":false,"todo":": Fix flaky test","previous":null,"plan":null,"diag":{"severity":"flaky","exitcode":3221226505,"stack":""},"time":429.984,"fullname":"parallel/test-fs-cp-sync-unicode-folder-names","closingTestPoint":false}},{"testName":"parallel/test-fs-cp-sync-unicode-folder-names","timestamp":1755616266367,"status":"FAILED","jobName":"node-test-binary-windows-js-suites","config":"node-test-binary-windows-js-suites » 3,win2022-COMPILED_BY-vs2022_clang #36357","buildUrl":"https://ci.nodejs.org/job/node-test-binary-windows-js-suites/RUN_SUBSET=3,nodes=win2022-COMPILED_BY-vs2022_clang/36357/","buildNumber":36357,"builtOn":"test-rackspace-win2022_vs2022-x64-6","nodeVersion":"25.0.0","commitHash":"820e9de6a70e167d165dd6d42592c4a411c220f3","callStack":[{"upstreamBuild":72624,"upstreamProject":"node-test-commit-windows-fanned","upstreamUrl":"job/node-test-commit-windows-fanned/"},{"upstreamBuild":82155,"upstreamProject":"node-test-commit","upstreamUrl":"job/node-test-commit/"},{"upstreamBuild":68741,"upstreamProject":"node-test-pull-request","upstreamUrl":"job/node-test-pull-request/"},{"prId":"59538"}],"tap":{"ok":false,"name":"parallel/test-fs-cp-sync-unicode-folder-names","id":347,"buffered":false,"tapError":null,"skip":false,"todo":": Fix flaky test","previous":null,"plan":null,"diag":{"severity":"flaky","exitcode":3221226505,"stack":""},"time":377.997,"fullname":"parallel/test-fs-cp-sync-unicode-folder-names","closingTestPoint":false}},{"testName":"parallel/test-fs-cp-async-symlink-points-to-dest","timestamp":1755616266367,"status":"FAILED","jobName":"node-test-binary-windows-js-suites","config":"node-test-binary-windows-js-suites » 3,win10-COMPILED_BY-vs2022_clang #36357","buildUrl":"https://ci.nodejs.org/job/node-test-binary-windows-js-suites/RUN_SUBSET=3,nodes=win10-COMPILED_BY-vs2022_clang/36357/","buildNumber":36357,"builtOn":"test-azure_msft-win10_vs2019-x64-2","nodeVersion":"25.0.0","commitHash":"820e9de6a70e167d165dd6d42592c4a411c220f3","callStack":[{"upstreamBuild":72624,"upstreamProject":"node-test-commit-windows-fanned","upstreamUrl":"job/node-test-commit-windows-fanned/"},{"upstreamBuild":82155,"upstreamProject":"node-test-commit","upstreamUrl":"job/node-test-commit/"},{"upstreamBuild":68741,"upstreamProject":"node-test-pull-request","upstreamUrl":"job/node-test-pull-request/"},{"prId":"59538"}],"tap":{"ok":false,"name":"parallel/test-fs-cp-async-symlink-points-to-dest","id":335,"buffered":false,"tapError":null,"skip":false,"todo":": Fix flaky test","previous":null,"plan":null,"diag":{"severity":"flaky","exitcode":1,"stack":"file:///c:/workspace/node-test-binary-windows-js-suites/node/test/parallel/test-fs-cp-async-symlink-points-to-dest.mjs:19\n  assert.strictEqual(err.code, 'ERR_FS_CP_EINVAL');\n                         ^\n\nTypeError: Cannot read properties of null (reading 'code')\n    at file:///c:/workspace/node-test-binary-windows-js-suites/node/test/parallel/test-fs-cp-async-symlink-points-to-dest.mjs:19:26\n    at c:\\workspace\\node-test-binary-windows-js-suites\\node\\test\\common\\index.js:437:15\n    at node:fs:180:23\n    at process.processTicksAndRejections (node:internal/process/task_queues:90:21)\n\nNode.js v25.0.0-pre"},"time":168.999,"fullname":"parallel/test-fs-cp-async-symlink-points-to-dest","closingTestPoint":false}},{"testName":"parallel/test-fs-cp-sync-unicode-folder-names","timestamp":1755616266367,"status":"FAILED","jobName":"node-test-binary-windows-js-suites","config":"node-test-binary-windows-js-suites » 3,win10-COMPILED_BY-vs2022_clang #36357","buildUrl":"https://ci.nodejs.org/job/node-test-binary-windows-js-suites/RUN_SUBSET=3,nodes=win10-COMPILED_BY-vs2022_clang/36357/","buildNumber":36357,"builtOn":"test-azure_msft-win10_vs2019-x64-2","nodeVersion":"25.0.0","commitHash":"820e9de6a70e167d165dd6d42592c4a411c220f3","callStack":[{"upstreamBuild":72624,"upstreamProject":"node-test-commit-windows-fanned","upstreamUrl":"job/node-test-commit-windows-fanned/"},{"upstreamBuild":82155,"upstreamProject":"node-test-commit","upstreamUrl":"job/node-test-commit/"},{"upstreamBuild":68741,"upstreamProject":"node-test-pull-request","upstreamUrl":"job/node-test-pull-request/"},{"prId":"59538"}],"tap":{"ok":false,"name":"parallel/test-fs-cp-sync-unicode-folder-names","id":348,"buffered":false,"tapError":null,"skip":false,"todo":": Fix flaky test","previous":null,"plan":null,"diag":{"severity":"flaky","exitcode":3221226505,"stack":""},"time":332.002,"fullname":"parallel/test-fs-cp-sync-unicode-folder-names","closingTestPoint":false}},{"testName":"parallel/test-inspector-network-fetch","timestamp":1755616266367,"status":"REGRESSION","jobName":"node-test-binary-windows-js-suites","config":"node-test-binary-windows-js-suites » 2,win11-arm64-COMPILED_BY-vs2022_clang-arm64 #36357","buildUrl":"https://ci.nodejs.org/job/node-test-binary-windows-js-suites/RUN_SUBSET=2,nodes=win11-arm64-COMPILED_BY-vs2022_clang-arm64/36357/","buildNumber":36357,"builtOn":"test-azure_msft-win11_vs2022-arm64-4","nodeVersion":"25.0.0","commitHash":"820e9de6a70e167d165dd6d42592c4a411c220f3","callStack":[{"upstreamBuild":72624,"upstreamProject":"node-test-commit-windows-fanned","upstreamUrl":"job/node-test-commit-windows-fanned/"},{"upstreamBuild":82155,"upstreamProject":"node-test-commit","upstreamUrl":"job/node-test-commit/"},{"upstreamBuild":68741,"upstreamProject":"node-test-pull-request","upstreamUrl":"job/node-test-pull-request/"},{"prId":"59538"}],"tap":{"ok":false,"name":"parallel/test-inspector-network-fetch","id":596,"buffered":false,"tapError":null,"skip":false,"todo":false,"previous":null,"plan":null,"diag":{"severity":"fail","exitcode":3221226505,"stack":"Debugger listening on ws://127.0.0.1:63722/2ccc0c9f-fbe6-4115-8981-b891dd8c074f\nFor help, see: https://nodejs.org/en/docs/inspector\nnode:internal/deps/undici/undici:15422\n      Error.captureStackTrace(err);\n            ^\n\nTypeError: fetch failed\n    at node:internal/deps/undici/undici:15422:13\n    at process.processTicksAndRejections (node:internal/process/task_queues:105:5)\n    at async testRequest (d:\\workspace\\node-test-binary-windows-js-suites\\node\\test\\parallel\\test-inspector-network-fetch.js:153:3)\n    at async testNetworkInspection (d:\\workspace\\node-test-binary-windows-js-suites\\node\\test\\parallel\\test-inspector-network-fetch.js:198:3)\n    at async Server.<anonymous> (d:\\workspace\\node-test-binary-windows-js-suites\\node\\test\\parallel\\test-inspector-network-fetch.js:212:7) {\n  [cause]: [Error: FC0A0000:error:0A0000C6:SSL routines:tls_get_more_records:packet length too long:openssl\\ssl\\record\\methods\\tls_common.c:663:\n  ] {\n    library: 'SSL routines',\n    reason: 'packet length too long',\n    code: 'ERR_SSL_PACKET_LENGTH_TOO_LONG'\n  }\n}\n\nNode.js v25.0.0-pre\nAssertion failed: !(handle->flags & UV_HANDLE_CLOSING), file src\\win\\async.c, line 76"},"time":670.998,"fullname":"parallel/test-inspector-network-fetch","closingTestPoint":false}},{"testName":"parallel/test-fs-cp-sync-error-on-exist","timestamp":1755616266367,"status":"FAILED","jobName":"node-test-binary-windows-js-suites","config":"node-test-binary-windows-js-suites » 1,win11-arm64-COMPILED_BY-vs2022_clang-arm64 #36357","buildUrl":"https://ci.nodejs.org/job/node-test-binary-windows-js-suites/RUN_SUBSET=1,nodes=win11-arm64-COMPILED_BY-vs2022_clang-arm64/36357/","buildNumber":36357,"builtOn":"test-azure_msft-win11_vs2022-arm64-6","nodeVersion":"25.0.0","commitHash":"820e9de6a70e167d165dd6d42592c4a411c220f3","callStack":[{"upstreamBuild":72624,"upstreamProject":"node-test-commit-windows-fanned","upstreamUrl":"job/node-test-commit-windows-fanned/"},{"upstreamBuild":82155,"upstreamProject":"node-test-commit","upstreamUrl":"job/node-test-commit/"},{"upstreamBuild":68741,"upstreamProject":"node-test-pull-request","upstreamUrl":"job/node-test-pull-request/"},{"prId":"59538"}],"tap":{"ok":false,"name":"parallel/test-fs-cp-sync-error-on-exist","id":339,"buffered":false,"tapError":null,"skip":false,"todo":": Fix flaky test","previous":null,"plan":null,"diag":{"severity":"flaky","exitcode":1,"stack":"node:internal/modules/run_main:107\n    triggerUncaughtException(\n    ^\n\nAssertionError [ERR_ASSERTION]: Expected values to be strictly deep-equal:\n+ actual - expected\n\n  Comparison {\n+   code: ''\n-   code: 'ERR_FS_CP_EEXIST'\n  }\n\n    at file:///d:/workspace/node-test-binary-windows-js-suites/node/test/parallel/test-fs-cp-sync-error-on-exist.mjs:14:8\n    at ModuleJob.run (node:internal/modules/esm/module_job:371:25)\n    at async onImport.tracePromise.__proto__ (node:internal/modules/esm/loader:671:26)\n    at async asyncRunEntryPointWithESMLoader (node:internal/modules/run_main:101:5) {\n  generatedMessage: true,\n  code: 'ERR_ASSERTION',\n  actual: Error: , The file exists. '\\\\?\\d:\\workspace\\node-test-binary-windows-js-suites\\node\\test\\.tmp.339\\copy_%1\\a\\b'\n      at copyDir (node:internal/fs/cp/cp-sync:145:22)\n      at onDir (node:internal/fs/cp/cp-sync:137:10)\n      at getStats (node:internal/fs/cp/cp-sync:68:12)\n      at cpSyncFn (node:internal/fs/cp/cp-sync:58:10)\n      at cpSync (node:fs:3123:3)\n      at assert.throws.code (file:///d:/workspace/node-test-binary-windows-js-suites/node/test/parallel/test-fs-cp-sync-error-on-exist.mjs:15:9)\n      at getActual (node:assert:584:5)\n      at assert.throws (node:assert:732:24)\n      at file:///d:/workspace/node-test-binary-windows-js-suites/node/test/parallel/test-fs-cp-sync-error-on-exist.mjs:14:8\n      at ModuleJob.run (node:internal/modules/esm/module_job:371:25) {\n    errno: 80,\n    code: '',\n    path: '\\\\\\\\?\\\\d:\\\\workspace\\\\node-test-binary-windows-js-suites\\\\node\\\\test\\\\.tmp.339\\\\copy_%1\\\\a\\\\b',\n    syscall: 'cp'\n  },\n  expected: { code: 'ERR_FS_CP_EEXIST' },\n  operator: 'throws',\n  diff: 'simple'\n}\n\nNode.js v25.0.0-pre"},"time":293.005,"fullname":"parallel/test-fs-cp-sync-error-on-exist","closingTestPoint":false}},{"testName":"parallel/test-fs-cp-sync-symlink-points-to-dest-error","timestamp":1755616266367,"status":"FAILED","jobName":"node-test-binary-windows-js-suites","config":"node-test-binary-windows-js-suites » 2,win2019-COMPILED_BY-vs2022_clang #36357","buildUrl":"https://ci.nodejs.org/job/node-test-binary-windows-js-suites/RUN_SUBSET=2,nodes=win2019-COMPILED_BY-vs2022_clang/36357/","buildNumber":36357,"builtOn":"test-rackspace-win2019_vs2019-x64-2","nodeVersion":"25.0.0","commitHash":"820e9de6a70e167d165dd6d42592c4a411c220f3","callStack":[{"upstreamBuild":72624,"upstreamProject":"node-test-commit-windows-fanned","upstreamUrl":"job/node-test-commit-windows-fanned/"},{"upstreamBuild":82155,"upstreamProject":"node-test-commit","upstreamUrl":"job/node-test-commit/"},{"upstreamBuild":68741,"upstreamProject":"node-test-pull-request","upstreamUrl":"job/node-test-pull-request/"},{"prId":"59538"}],"tap":{"ok":false,"name":"parallel/test-fs-cp-sync-symlink-points-to-dest-error","id":344,"buffered":false,"tapError":null,"skip":false,"todo":": Fix flaky test","previous":null,"plan":null,"diag":{"severity":"flaky","exitcode":1,"stack":"node:internal/modules/run_main:107\n    triggerUncaughtException(\n    ^\n\nAssertionError [ERR_ASSERTION]: Missing expected exception.\n    at file:///C:/workspace/node-test-binary-windows-js-suites/node/test/parallel/test-fs-cp-sync-symlink-points-to-dest-error.mjs:17:8\n    at ModuleJob.run (node:internal/modules/esm/module_job:371:25)\n    at async onImport.tracePromise.__proto__ (node:internal/modules/esm/loader:671:26)\n    at async asyncRunEntryPointWithESMLoader (node:internal/modules/run_main:101:5) {\n  generatedMessage: false,\n  code: 'ERR_ASSERTION',\n  actual: undefined,\n  expected: { code: 'ERR_FS_CP_EINVAL' },\n  operator: 'throws',\n  diff: 'simple'\n}\n\nNode.js v25.0.0-pre"},"time":233.005,"fullname":"parallel/test-fs-cp-sync-symlink-points-to-dest-error","closingTestPoint":false}},{"testName":"parallel/test-fs-cp-sync-error-on-exist","timestamp":1755616266367,"status":"FAILED","jobName":"node-test-binary-windows-js-suites","config":"node-test-binary-windows-js-suites » 0,win10-COMPILED_BY-vs2022_clang #36357","buildUrl":"https://ci.nodejs.org/job/node-test-binary-windows-js-suites/RUN_SUBSET=0,nodes=win10-COMPILED_BY-vs2022_clang/36357/","buildNumber":36357,"builtOn":"test-azure_msft-win10_vs2019-x64-1","nodeVersion":"25.0.0","commitHash":"820e9de6a70e167d165dd6d42592c4a411c220f3","callStack":[{"upstreamBuild":72624,"upstreamProject":"node-test-commit-windows-fanned","upstreamUrl":"job/node-test-commit-windows-fanned/"},{"upstreamBuild":82155,"upstreamProject":"node-test-commit","upstreamUrl":"job/node-test-commit/"},{"upstreamBuild":68741,"upstreamProject":"node-test-pull-request","upstreamUrl":"job/node-test-pull-request/"},{"prId":"59538"}],"tap":{"ok":false,"name":"parallel/test-fs-cp-sync-error-on-exist","id":340,"buffered":false,"tapError":null,"skip":false,"todo":": Fix flaky test","previous":null,"plan":null,"diag":{"severity":"flaky","exitcode":1,"stack":"node:internal/modules/run_main:107\n    triggerUncaughtException(\n    ^\n\nAssertionError [ERR_ASSERTION]: Expected values to be strictly deep-equal:\n+ actual - expected\n\n  Comparison {\n+   code: ''\n-   code: 'ERR_FS_CP_EEXIST'\n  }\n\n    at file:///c:/workspace/node-test-binary-windows-js-suites/node/test/parallel/test-fs-cp-sync-error-on-exist.mjs:14:8\n    at ModuleJob.run (node:internal/modules/esm/module_job:371:25)\n    at async onImport.tracePromise.__proto__ (node:internal/modules/esm/loader:671:26)\n    at async asyncRunEntryPointWithESMLoader (node:internal/modules/run_main:101:5) {\n  generatedMessage: true,\n  code: 'ERR_ASSERTION',\n  actual: Error: , The file exists. '\\\\?\\c:\\workspace\\node-test-binary-windows-js-suites\\node\\test\\.tmp.341\\copy_%1\\a\\b'\n      at copyDir (node:internal/fs/cp/cp-sync:145:22)\n      at onDir (node:internal/fs/cp/cp-sync:137:10)\n      at getStats (node:internal/fs/cp/cp-sync:68:12)\n      at cpSyncFn (node:internal/fs/cp/cp-sync:58:10)\n      at cpSync (node:fs:3123:3)\n      at assert.throws.code (file:///c:/workspace/node-test-binary-windows-js-suites/node/test/parallel/test-fs-cp-sync-error-on-exist.mjs:15:9)\n      at getActual (node:assert:584:5)\n      at assert.throws (node:assert:732:24)\n      at file:///c:/workspace/node-test-binary-windows-js-suites/node/test/parallel/test-fs-cp-sync-error-on-exist.mjs:14:8\n      at ModuleJob.run (node:internal/modules/esm/module_job:371:25) {\n    errno: 80,\n    code: '',\n    path: '\\\\\\\\?\\\\c:\\\\workspace\\\\node-test-binary-windows-js-suites\\\\node\\\\test\\\\.tmp.341\\\\copy_%1\\\\a\\\\b',\n    syscall: 'cp'\n  },\n  expected: { code: 'ERR_FS_CP_EEXIST' },\n  operator: 'throws',\n  diff: 'simple'\n}\n\nNode.js v25.0.0-pre"},"time":204.003,"fullname":"parallel/test-fs-cp-sync-error-on-exist","closingTestPoint":false}},{"testName":"parallel/test-fs-cp-sync-error-on-exist","timestamp":1755616266367,"status":"FAILED","jobName":"node-test-binary-windows-js-suites","config":"node-test-binary-windows-js-suites » 0,win2022-COMPILED_BY-vs2022_clang #36357","buildUrl":"https://ci.nodejs.org/job/node-test-binary-windows-js-suites/RUN_SUBSET=0,nodes=win2022-COMPILED_BY-vs2022_clang/36357/","buildNumber":36357,"builtOn":"test-rackspace-win2022_vs2022-x64-1","nodeVersion":"25.0.0","commitHash":"820e9de6a70e167d165dd6d42592c4a411c220f3","callStack":[{"upstreamBuild":72624,"upstreamProject":"node-test-commit-windows-fanned","upstreamUrl":"job/node-test-commit-windows-fanned/"},{"upstreamBuild":82155,"upstreamProject":"node-test-commit","upstreamUrl":"job/node-test-commit/"},{"upstreamBuild":68741,"upstreamProject":"node-test-pull-request","upstreamUrl":"job/node-test-pull-request/"},{"prId":"59538"}],"tap":{"ok":false,"name":"parallel/test-fs-cp-sync-error-on-exist","id":341,"buffered":false,"tapError":null,"skip":false,"todo":": Fix flaky test","previous":null,"plan":null,"diag":{"severity":"flaky","exitcode":1,"stack":"node:internal/modules/run_main:107\n    triggerUncaughtException(\n    ^\n\nAssertionError [ERR_ASSERTION]: Expected values to be strictly deep-equal:\n+ actual - expected\n\n  Comparison {\n+   code: ''\n-   code: 'ERR_FS_CP_EEXIST'\n  }\n\n    at file:///C:/workspace/node-test-binary-windows-js-suites/node/test/parallel/test-fs-cp-sync-error-on-exist.mjs:14:8\n    at ModuleJob.run (node:internal/modules/esm/module_job:371:25)\n    at async onImport.tracePromise.__proto__ (node:internal/modules/esm/loader:671:26)\n    at async asyncRunEntryPointWithESMLoader (node:internal/modules/run_main:101:5) {\n  generatedMessage: true,\n  code: 'ERR_ASSERTION',\n  actual: Error: , The file exists. '\\\\?\\C:\\workspace\\node-test-binary-windows-js-suites\\node\\test\\.tmp.341\\copy_%1\\a\\b'\n      at copyDir (node:internal/fs/cp/cp-sync:145:22)\n      at onDir (node:internal/fs/cp/cp-sync:137:10)\n      at getStats (node:internal/fs/cp/cp-sync:68:12)\n      at cpSyncFn (node:internal/fs/cp/cp-sync:58:10)\n      at cpSync (node:fs:3123:3)\n      at assert.throws.code (file:///C:/workspace/node-test-binary-windows-js-suites/node/test/parallel/test-fs-cp-sync-error-on-exist.mjs:15:9)\n      at getActual (node:assert:584:5)\n      at assert.throws (node:assert:732:24)\n      at file:///C:/workspace/node-test-binary-windows-js-suites/node/test/parallel/test-fs-cp-sync-error-on-exist.mjs:14:8\n      at ModuleJob.run (node:internal/modules/esm/module_job:371:25) {\n    errno: 80,\n    code: '',\n    path: '\\\\\\\\?\\\\C:\\\\workspace\\\\node-test-binary-windows-js-suites\\\\node\\\\test\\\\.tmp.341\\\\copy_%1\\\\a\\\\b',\n    syscall: 'cp'\n  },\n  expected: { code: 'ERR_FS_CP_EEXIST' },\n  operator: 'throws',\n  diff: 'simple'\n}\n\nNode.js v25.0.0-pre"},"time":309.015,"fullname":"parallel/test-fs-cp-sync-error-on-exist","closingTestPoint":false}}]}