{"failedTests":[{"testName":"parallel/test-fs-cp-sync-error-on-exist","timestamp":1755644823244,"status":"FAILED","jobName":"node-test-binary-windows-js-suites","config":"node-test-binary-windows-js-suites » 2,win11-COMPILED_BY-vs2022_clang #36375","buildUrl":"https://ci.nodejs.org/job/node-test-binary-windows-js-suites/RUN_SUBSET=2,nodes=win11-COMPILED_BY-vs2022_clang/36375/","buildNumber":36375,"builtOn":"test-azure_msft-win11_vs2022-x64-4","nodeVersion":"25.0.0","commitHash":"4df82be40a166197abab0c7768326e97423ad110","callStack":[{"upstreamBuild":72643,"upstreamProject":"node-test-commit-windows-fanned","upstreamUrl":"job/node-test-commit-windows-fanned/"},{"upstreamBuild":82174,"upstreamProject":"node-test-commit","upstreamUrl":"job/node-test-commit/"},{"upstreamBuild":68760,"upstreamProject":"node-test-pull-request","upstreamUrl":"job/node-test-pull-request/"},{"prId":"59455"}],"tap":{"ok":false,"name":"parallel/test-fs-cp-sync-error-on-exist","id":340,"buffered":false,"tapError":null,"skip":false,"todo":": Fix flaky test","previous":null,"plan":null,"diag":{"severity":"flaky","exitcode":1,"stack":"node:internal/modules/run_main:107\n    triggerUncaughtException(\n    ^\n\nAssertionError [ERR_ASSERTION]: Expected values to be strictly deep-equal:\n+ actual - expected\n\n  Comparison {\n+   code: ''\n-   code: 'ERR_FS_CP_EEXIST'\n  }\n\n    at file:///c:/workspace/node-test-binary-windows-js-suites/node/test/parallel/test-fs-cp-sync-error-on-exist.mjs:14:8\n    at ModuleJob.run (node:internal/modules/esm/module_job:371:25)\n    at async onImport.tracePromise.__proto__ (node:internal/modules/esm/loader:671:26)\n    at async asyncRunEntryPointWithESMLoader (node:internal/modules/run_main:101:5) {\n  generatedMessage: true,\n  code: 'ERR_ASSERTION',\n  actual: Error: , The file exists. '\\\\?\\c:\\workspace\\node-test-binary-windows-js-suites\\node\\test\\.tmp.341\\copy_%1\\a\\b'\n      at copyDir (node:internal/fs/cp/cp-sync:145:22)\n      at onDir (node:internal/fs/cp/cp-sync:137:10)\n      at getStats (node:internal/fs/cp/cp-sync:68:12)\n      at cpSyncFn (node:internal/fs/cp/cp-sync:58:10)\n      at cpSync (node:fs:3123:3)\n      at assert.throws.code (file:///c:/workspace/node-test-binary-windows-js-suites/node/test/parallel/test-fs-cp-sync-error-on-exist.mjs:15:9)\n      at getActual (node:assert:584:5)\n      at assert.throws (node:assert:732:24)\n      at file:///c:/workspace/node-test-binary-windows-js-suites/node/test/parallel/test-fs-cp-sync-error-on-exist.mjs:14:8\n      at ModuleJob.run (node:internal/modules/esm/module_job:371:25) {\n    errno: 80,\n    code: '',\n    path: '\\\\\\\\?\\\\c:\\\\workspace\\\\node-test-binary-windows-js-suites\\\\node\\\\test\\\\.tmp.341\\\\copy_%1\\\\a\\\\b',\n    syscall: 'cp'\n  },\n  expected: { code: 'ERR_FS_CP_EEXIST' },\n  operator: 'throws',\n  diff: 'simple'\n}\n\nNode.js v25.0.0-pre"},"time":145.004,"fullname":"parallel/test-fs-cp-sync-error-on-exist","closingTestPoint":false}},{"testName":"parallel/test-fs-cp-async-symlink-points-to-dest","timestamp":1755644823244,"status":"FAILED","jobName":"node-test-binary-windows-js-suites","config":"node-test-binary-windows-js-suites » 1,win11-COMPILED_BY-vs2022_clang #36375","buildUrl":"https://ci.nodejs.org/job/node-test-binary-windows-js-suites/RUN_SUBSET=1,nodes=win11-COMPILED_BY-vs2022_clang/36375/","buildNumber":36375,"builtOn":"test-azure_msft-win11_vs2022-x64-3","nodeVersion":"25.0.0","commitHash":"4df82be40a166197abab0c7768326e97423ad110","callStack":[{"upstreamBuild":72643,"upstreamProject":"node-test-commit-windows-fanned","upstreamUrl":"job/node-test-commit-windows-fanned/"},{"upstreamBuild":82174,"upstreamProject":"node-test-commit","upstreamUrl":"job/node-test-commit/"},{"upstreamBuild":68760,"upstreamProject":"node-test-pull-request","upstreamUrl":"job/node-test-pull-request/"},{"prId":"59455"}],"tap":{"ok":false,"name":"parallel/test-fs-cp-async-symlink-points-to-dest","id":335,"buffered":false,"tapError":null,"skip":false,"todo":": Fix flaky test","previous":null,"plan":null,"diag":{"severity":"flaky","exitcode":1,"stack":"file:///c:/workspace/node-test-binary-windows-js-suites/node/test/parallel/test-fs-cp-async-symlink-points-to-dest.mjs:19\n  assert.strictEqual(err.code, 'ERR_FS_CP_EINVAL');\n                         ^\n\nTypeError: Cannot read properties of null (reading 'code')\n    at file:///c:/workspace/node-test-binary-windows-js-suites/node/test/parallel/test-fs-cp-async-symlink-points-to-dest.mjs:19:26\n    at c:\\workspace\\node-test-binary-windows-js-suites\\node\\test\\common\\index.js:437:15\n    at node:fs:180:23\n    at process.processTicksAndRejections (node:internal/process/task_queues:90:21)\n\nNode.js v25.0.0-pre"},"time":235.003,"fullname":"parallel/test-fs-cp-async-symlink-points-to-dest","closingTestPoint":false}},{"testName":"parallel/test-fs-cp-sync-unicode-folder-names","timestamp":1755644823244,"status":"FAILED","jobName":"node-test-binary-windows-js-suites","config":"node-test-binary-windows-js-suites » 1,win11-COMPILED_BY-vs2022_clang #36375","buildUrl":"https://ci.nodejs.org/job/node-test-binary-windows-js-suites/RUN_SUBSET=1,nodes=win11-COMPILED_BY-vs2022_clang/36375/","buildNumber":36375,"builtOn":"test-azure_msft-win11_vs2022-x64-3","nodeVersion":"25.0.0","commitHash":"4df82be40a166197abab0c7768326e97423ad110","callStack":[{"upstreamBuild":72643,"upstreamProject":"node-test-commit-windows-fanned","upstreamUrl":"job/node-test-commit-windows-fanned/"},{"upstreamBuild":82174,"upstreamProject":"node-test-commit","upstreamUrl":"job/node-test-commit/"},{"upstreamBuild":68760,"upstreamProject":"node-test-pull-request","upstreamUrl":"job/node-test-pull-request/"},{"prId":"59455"}],"tap":{"ok":false,"name":"parallel/test-fs-cp-sync-unicode-folder-names","id":349,"buffered":false,"tapError":null,"skip":false,"todo":": Fix flaky test","previous":null,"plan":null,"diag":{"severity":"flaky","exitcode":3221226505,"stack":""},"time":447.01,"fullname":"parallel/test-fs-cp-sync-unicode-folder-names","closingTestPoint":false}},{"testName":"parallel/test-fs-cp-sync-symlink-points-to-dest-error","timestamp":1755644823244,"status":"FAILED","jobName":"node-test-binary-windows-js-suites","config":"node-test-binary-windows-js-suites » 0,win2022-COMPILED_BY-vs2022_clang #36375","buildUrl":"https://ci.nodejs.org/job/node-test-binary-windows-js-suites/RUN_SUBSET=0,nodes=win2022-COMPILED_BY-vs2022_clang/36375/","buildNumber":36375,"builtOn":"test-rackspace-win2022_vs2022-x64-4","nodeVersion":"25.0.0","commitHash":"4df82be40a166197abab0c7768326e97423ad110","callStack":[{"upstreamBuild":72643,"upstreamProject":"node-test-commit-windows-fanned","upstreamUrl":"job/node-test-commit-windows-fanned/"},{"upstreamBuild":82174,"upstreamProject":"node-test-commit","upstreamUrl":"job/node-test-commit/"},{"upstreamBuild":68760,"upstreamProject":"node-test-pull-request","upstreamUrl":"job/node-test-pull-request/"},{"prId":"59455"}],"tap":{"ok":false,"name":"parallel/test-fs-cp-sync-symlink-points-to-dest-error","id":347,"buffered":false,"tapError":null,"skip":false,"todo":": Fix flaky test","previous":null,"plan":null,"diag":{"severity":"flaky","exitcode":1,"stack":"node:internal/modules/run_main:107\n    triggerUncaughtException(\n    ^\n\nAssertionError [ERR_ASSERTION]: Missing expected exception.\n    at file:///C:/workspace/node-test-binary-windows-js-suites/node/test/parallel/test-fs-cp-sync-symlink-points-to-dest-error.mjs:17:8\n    at ModuleJob.run (node:internal/modules/esm/module_job:371:25)\n    at async onImport.tracePromise.__proto__ (node:internal/modules/esm/loader:671:26)\n    at async asyncRunEntryPointWithESMLoader (node:internal/modules/run_main:101:5) {\n  generatedMessage: false,\n  code: 'ERR_ASSERTION',\n  actual: undefined,\n  expected: { code: 'ERR_FS_CP_EINVAL' },\n  operator: 'throws',\n  diff: 'simple'\n}\n\nNode.js v25.0.0-pre"},"time":307.982,"fullname":"parallel/test-fs-cp-sync-symlink-points-to-dest-error","closingTestPoint":false}},{"testName":"parallel/test-fs-cp-async-symlink-points-to-dest","timestamp":1755644823244,"status":"FAILED","jobName":"node-test-binary-windows-js-suites","config":"node-test-binary-windows-js-suites » 1,win10-COMPILED_BY-vs2022_clang #36375","buildUrl":"https://ci.nodejs.org/job/node-test-binary-windows-js-suites/RUN_SUBSET=1,nodes=win10-COMPILED_BY-vs2022_clang/36375/","buildNumber":36375,"builtOn":"test-azure_msft-win10_vs2019-x64-3","nodeVersion":"25.0.0","commitHash":"4df82be40a166197abab0c7768326e97423ad110","callStack":[{"upstreamBuild":72643,"upstreamProject":"node-test-commit-windows-fanned","upstreamUrl":"job/node-test-commit-windows-fanned/"},{"upstreamBuild":82174,"upstreamProject":"node-test-commit","upstreamUrl":"job/node-test-commit/"},{"upstreamBuild":68760,"upstreamProject":"node-test-pull-request","upstreamUrl":"job/node-test-pull-request/"},{"prId":"59455"}],"tap":{"ok":false,"name":"parallel/test-fs-cp-async-symlink-points-to-dest","id":335,"buffered":false,"tapError":null,"skip":false,"todo":": Fix flaky test","previous":null,"plan":null,"diag":{"severity":"flaky","exitcode":1,"stack":"file:///c:/workspace/node-test-binary-windows-js-suites/node/test/parallel/test-fs-cp-async-symlink-points-to-dest.mjs:19\n  assert.strictEqual(err.code, 'ERR_FS_CP_EINVAL');\n                         ^\n\nTypeError: Cannot read properties of null (reading 'code')\n    at file:///c:/workspace/node-test-binary-windows-js-suites/node/test/parallel/test-fs-cp-async-symlink-points-to-dest.mjs:19:26\n    at c:\\workspace\\node-test-binary-windows-js-suites\\node\\test\\common\\index.js:437:15\n    at node:fs:180:23\n    at process.processTicksAndRejections (node:internal/process/task_queues:90:21)\n\nNode.js v25.0.0-pre"},"time":252.018,"fullname":"parallel/test-fs-cp-async-symlink-points-to-dest","closingTestPoint":false}},{"testName":"parallel/test-fs-cp-sync-unicode-folder-names","timestamp":1755644823244,"status":"FAILED","jobName":"node-test-binary-windows-js-suites","config":"node-test-binary-windows-js-suites » 1,win10-COMPILED_BY-vs2022_clang #36375","buildUrl":"https://ci.nodejs.org/job/node-test-binary-windows-js-suites/RUN_SUBSET=1,nodes=win10-COMPILED_BY-vs2022_clang/36375/","buildNumber":36375,"builtOn":"test-azure_msft-win10_vs2019-x64-3","nodeVersion":"25.0.0","commitHash":"4df82be40a166197abab0c7768326e97423ad110","callStack":[{"upstreamBuild":72643,"upstreamProject":"node-test-commit-windows-fanned","upstreamUrl":"job/node-test-commit-windows-fanned/"},{"upstreamBuild":82174,"upstreamProject":"node-test-commit","upstreamUrl":"job/node-test-commit/"},{"upstreamBuild":68760,"upstreamProject":"node-test-pull-request","upstreamUrl":"job/node-test-pull-request/"},{"prId":"59455"}],"tap":{"ok":false,"name":"parallel/test-fs-cp-sync-unicode-folder-names","id":346,"buffered":false,"tapError":null,"skip":false,"todo":": Fix flaky test","previous":null,"plan":null,"diag":{"severity":"flaky","exitcode":3221226505,"stack":""},"time":311.026,"fullname":"parallel/test-fs-cp-sync-unicode-folder-names","closingTestPoint":false}},{"testName":"parallel/test-fs-cp-sync-symlink-points-to-dest-error","timestamp":1755644823244,"status":"FAILED","jobName":"node-test-binary-windows-js-suites","config":"node-test-binary-windows-js-suites » 0,win10-COMPILED_BY-vs2022_clang #36375","buildUrl":"https://ci.nodejs.org/job/node-test-binary-windows-js-suites/RUN_SUBSET=0,nodes=win10-COMPILED_BY-vs2022_clang/36375/","buildNumber":36375,"builtOn":"test-azure_msft-win10_vs2019-x64-1","nodeVersion":"25.0.0","commitHash":"4df82be40a166197abab0c7768326e97423ad110","callStack":[{"upstreamBuild":72643,"upstreamProject":"node-test-commit-windows-fanned","upstreamUrl":"job/node-test-commit-windows-fanned/"},{"upstreamBuild":82174,"upstreamProject":"node-test-commit","upstreamUrl":"job/node-test-commit/"},{"upstreamBuild":68760,"upstreamProject":"node-test-pull-request","upstreamUrl":"job/node-test-pull-request/"},{"prId":"59455"}],"tap":{"ok":false,"name":"parallel/test-fs-cp-sync-symlink-points-to-dest-error","id":346,"buffered":false,"tapError":null,"skip":false,"todo":": Fix flaky test","previous":null,"plan":null,"diag":{"severity":"flaky","exitcode":1,"stack":"node:internal/modules/run_main:107\n    triggerUncaughtException(\n    ^\n\nAssertionError [ERR_ASSERTION]: Missing expected exception.\n    at file:///c:/workspace/node-test-binary-windows-js-suites/node/test/parallel/test-fs-cp-sync-symlink-points-to-dest-error.mjs:17:8\n    at ModuleJob.run (node:internal/modules/esm/module_job:371:25)\n    at async onImport.tracePromise.__proto__ (node:internal/modules/esm/loader:671:26)\n    at async asyncRunEntryPointWithESMLoader (node:internal/modules/run_main:101:5) {\n  generatedMessage: false,\n  code: 'ERR_ASSERTION',\n  actual: undefined,\n  expected: { code: 'ERR_FS_CP_EINVAL' },\n  operator: 'throws',\n  diff: 'simple'\n}\n\nNode.js v25.0.0-pre"},"time":218.001,"fullname":"parallel/test-fs-cp-sync-symlink-points-to-dest-error","closingTestPoint":false}},{"testName":"parallel/test-fs-cp-sync-error-on-exist","timestamp":1755644823244,"status":"FAILED","jobName":"node-test-binary-windows-js-suites","config":"node-test-binary-windows-js-suites » 2,win2019-COMPILED_BY-vs2022_clang #36375","buildUrl":"https://ci.nodejs.org/job/node-test-binary-windows-js-suites/RUN_SUBSET=2,nodes=win2019-COMPILED_BY-vs2022_clang/36375/","buildNumber":36375,"builtOn":"test-rackspace-win2019_vs2019-x64-2","nodeVersion":"25.0.0","commitHash":"4df82be40a166197abab0c7768326e97423ad110","callStack":[{"upstreamBuild":72643,"upstreamProject":"node-test-commit-windows-fanned","upstreamUrl":"job/node-test-commit-windows-fanned/"},{"upstreamBuild":82174,"upstreamProject":"node-test-commit","upstreamUrl":"job/node-test-commit/"},{"upstreamBuild":68760,"upstreamProject":"node-test-pull-request","upstreamUrl":"job/node-test-pull-request/"},{"prId":"59455"}],"tap":{"ok":false,"name":"parallel/test-fs-cp-sync-error-on-exist","id":341,"buffered":false,"tapError":null,"skip":false,"todo":": Fix flaky test","previous":null,"plan":null,"diag":{"severity":"flaky","exitcode":1,"stack":"node:internal/modules/run_main:107\n    triggerUncaughtException(\n    ^\n\nAssertionError [ERR_ASSERTION]: Expected values to be strictly deep-equal:\n+ actual - expected\n\n  Comparison {\n+   code: ''\n-   code: 'ERR_FS_CP_EEXIST'\n  }\n\n    at file:///C:/workspace/node-test-binary-windows-js-suites/node/test/parallel/test-fs-cp-sync-error-on-exist.mjs:14:8\n    at ModuleJob.run (node:internal/modules/esm/module_job:371:25)\n    at async onImport.tracePromise.__proto__ (node:internal/modules/esm/loader:671:26)\n    at async asyncRunEntryPointWithESMLoader (node:internal/modules/run_main:101:5) {\n  generatedMessage: true,\n  code: 'ERR_ASSERTION',\n  actual: Error: , The file exists. '\\\\?\\C:\\workspace\\node-test-binary-windows-js-suites\\node\\test\\.tmp.341\\copy_%1\\a\\b'\n      at copyDir (node:internal/fs/cp/cp-sync:145:22)\n      at onDir (node:internal/fs/cp/cp-sync:137:10)\n      at getStats (node:internal/fs/cp/cp-sync:68:12)\n      at cpSyncFn (node:internal/fs/cp/cp-sync:58:10)\n      at cpSync (node:fs:3123:3)\n      at assert.throws.code (file:///C:/workspace/node-test-binary-windows-js-suites/node/test/parallel/test-fs-cp-sync-error-on-exist.mjs:15:9)\n      at getActual (node:assert:584:5)\n      at assert.throws (node:assert:732:24)\n      at file:///C:/workspace/node-test-binary-windows-js-suites/node/test/parallel/test-fs-cp-sync-error-on-exist.mjs:14:8\n      at ModuleJob.run (node:internal/modules/esm/module_job:371:25) {\n    errno: 80,\n    code: '',\n    path: '\\\\\\\\?\\\\C:\\\\workspace\\\\node-test-binary-windows-js-suites\\\\node\\\\test\\\\.tmp.341\\\\copy_%1\\\\a\\\\b',\n    syscall: 'cp'\n  },\n  expected: { code: 'ERR_FS_CP_EEXIST' },\n  operator: 'throws',\n  diff: 'simple'\n}\n\nNode.js v25.0.0-pre"},"time":434.987,"fullname":"parallel/test-fs-cp-sync-error-on-exist","closingTestPoint":false}},{"testName":"parallel/test-fs-cp-sync-error-on-exist","timestamp":1755644823244,"status":"FAILED","jobName":"node-test-binary-windows-js-suites","config":"node-test-binary-windows-js-suites » 2,win10-COMPILED_BY-vs2022_clang #36375","buildUrl":"https://ci.nodejs.org/job/node-test-binary-windows-js-suites/RUN_SUBSET=2,nodes=win10-COMPILED_BY-vs2022_clang/36375/","buildNumber":36375,"builtOn":"test-azure_msft-win10_vs2019-x64-2","nodeVersion":"25.0.0","commitHash":"4df82be40a166197abab0c7768326e97423ad110","callStack":[{"upstreamBuild":72643,"upstreamProject":"node-test-commit-windows-fanned","upstreamUrl":"job/node-test-commit-windows-fanned/"},{"upstreamBuild":82174,"upstreamProject":"node-test-commit","upstreamUrl":"job/node-test-commit/"},{"upstreamBuild":68760,"upstreamProject":"node-test-pull-request","upstreamUrl":"job/node-test-pull-request/"},{"prId":"59455"}],"tap":{"ok":false,"name":"parallel/test-fs-cp-sync-error-on-exist","id":341,"buffered":false,"tapError":null,"skip":false,"todo":": Fix flaky test","previous":null,"plan":null,"diag":{"severity":"flaky","exitcode":1,"stack":"node:internal/modules/run_main:107\n    triggerUncaughtException(\n    ^\n\nAssertionError [ERR_ASSERTION]: Expected values to be strictly deep-equal:\n+ actual - expected\n\n  Comparison {\n+   code: ''\n-   code: 'ERR_FS_CP_EEXIST'\n  }\n\n    at file:///c:/workspace/node-test-binary-windows-js-suites/node/test/parallel/test-fs-cp-sync-error-on-exist.mjs:14:8\n    at ModuleJob.run (node:internal/modules/esm/module_job:371:25)\n    at async onImport.tracePromise.__proto__ (node:internal/modules/esm/loader:671:26)\n    at async asyncRunEntryPointWithESMLoader (node:internal/modules/run_main:101:5) {\n  generatedMessage: true,\n  code: 'ERR_ASSERTION',\n  actual: Error: , The file exists. '\\\\?\\c:\\workspace\\node-test-binary-windows-js-suites\\node\\test\\.tmp.341\\copy_%1\\a\\b'\n      at copyDir (node:internal/fs/cp/cp-sync:145:22)\n      at onDir (node:internal/fs/cp/cp-sync:137:10)\n      at getStats (node:internal/fs/cp/cp-sync:68:12)\n      at cpSyncFn (node:internal/fs/cp/cp-sync:58:10)\n      at cpSync (node:fs:3123:3)\n      at assert.throws.code (file:///c:/workspace/node-test-binary-windows-js-suites/node/test/parallel/test-fs-cp-sync-error-on-exist.mjs:15:9)\n      at getActual (node:assert:584:5)\n      at assert.throws (node:assert:732:24)\n      at file:///c:/workspace/node-test-binary-windows-js-suites/node/test/parallel/test-fs-cp-sync-error-on-exist.mjs:14:8\n      at ModuleJob.run (node:internal/modules/esm/module_job:371:25) {\n    errno: 80,\n    code: '',\n    path: '\\\\\\\\?\\\\c:\\\\workspace\\\\node-test-binary-windows-js-suites\\\\node\\\\test\\\\.tmp.341\\\\copy_%1\\\\a\\\\b',\n    syscall: 'cp'\n  },\n  expected: { code: 'ERR_FS_CP_EEXIST' },\n  operator: 'throws',\n  diff: 'simple'\n}\n\nNode.js v25.0.0-pre"},"time":145.001,"fullname":"parallel/test-fs-cp-sync-error-on-exist","closingTestPoint":false}},{"testName":"parallel/test-fs-cp-sync-unicode-folder-names","timestamp":1755644823244,"status":"FAILED","jobName":"node-test-binary-windows-js-suites","config":"node-test-binary-windows-js-suites » 1,win2022-COMPILED_BY-vs2022_clang #36375","buildUrl":"https://ci.nodejs.org/job/node-test-binary-windows-js-suites/RUN_SUBSET=1,nodes=win2022-COMPILED_BY-vs2022_clang/36375/","buildNumber":36375,"builtOn":"test-rackspace-win2022_vs2022-x64-5","nodeVersion":"25.0.0","commitHash":"4df82be40a166197abab0c7768326e97423ad110","callStack":[{"upstreamBuild":72643,"upstreamProject":"node-test-commit-windows-fanned","upstreamUrl":"job/node-test-commit-windows-fanned/"},{"upstreamBuild":82174,"upstreamProject":"node-test-commit","upstreamUrl":"job/node-test-commit/"},{"upstreamBuild":68760,"upstreamProject":"node-test-pull-request","upstreamUrl":"job/node-test-pull-request/"},{"prId":"59455"}],"tap":{"ok":false,"name":"parallel/test-fs-cp-sync-unicode-folder-names","id":353,"buffered":false,"tapError":null,"skip":false,"todo":": Fix flaky test","previous":null,"plan":null,"diag":{"severity":"flaky","exitcode":3221226505,"stack":""},"time":595.022,"fullname":"parallel/test-fs-cp-sync-unicode-folder-names","closingTestPoint":false}},{"testName":"parallel/test-runner-run-watch","timestamp":1755644823244,"status":"FAILED","jobName":"node-test-binary-windows-js-suites","config":"node-test-binary-windows-js-suites » 3,win2019-COMPILED_BY-vs2022_clang #36375","buildUrl":"https://ci.nodejs.org/job/node-test-binary-windows-js-suites/RUN_SUBSET=3,nodes=win2019-COMPILED_BY-vs2022_clang/36375/","buildNumber":36375,"builtOn":"test-rackspace-win2019_vs2019-x64-4","nodeVersion":"25.0.0","commitHash":"4df82be40a166197abab0c7768326e97423ad110","callStack":[{"upstreamBuild":72643,"upstreamProject":"node-test-commit-windows-fanned","upstreamUrl":"job/node-test-commit-windows-fanned/"},{"upstreamBuild":82174,"upstreamProject":"node-test-commit","upstreamUrl":"job/node-test-commit/"},{"upstreamBuild":68760,"upstreamProject":"node-test-pull-request","upstreamUrl":"job/node-test-pull-request/"},{"prId":"59455"}],"tap":{"ok":false,"name":"parallel/test-runner-run-watch","id":1019,"buffered":false,"tapError":null,"skip":false,"todo":": Fix flaky test","previous":null,"plan":null,"diag":{"severity":"flaky","exitcode":1,"stack":"Test failure: 'should run tests repeatedly'\nLocation: test\\parallel\\test-runner-run-watch.mjs:198:3\nAssertionError [ERR_ASSERTION]: The input did not match the regular expression /tests 1/. Input:\n\n'# Subtest: test.js\\n' +\n  'not ok 2 - test.js\\n' +\n  '  ---\\n' +\n  '  duration_ms: 1377.7536\\n' +\n  \"  type: 'test'\\n\" +\n  \"  location: 'C:\\\\\\\\workspace\\\\\\\\node-test-binary-windows-js-suites\\\\\\\\node\\\\\\\\test\\\\\\\\.tmp.779\\\\\\\\test.js:1:1'\\n\" +\n  \"  failureType: 'testCodeFailure'\\n\" +\n  '  exitCode: ~\\n' +\n  \"  signal: 'SIGTERM'\\n\" +\n  \"  error: 'test failed'\\n\" +\n  \"  code: 'ERR_TEST_FAILURE'\\n\" +\n  '  ...\\n' +\n  '# Subtest: test has ran\\n' +\n  'ok 2 - test has ran\\n' +\n  '  ---\\n' +\n  '  duration_ms: 2.297\\n' +\n  \"  type: 'test'\\n\" +\n  '  ...\\n' +\n  '1..2\\n' +\n  '# tests 2\\n' +\n  '# suites 0\\n' +\n  '# pass 1\\n' +\n  '# fail 1\\n' +\n  '# cancelled 0\\n' +\n  '# skipped 0\\n' +\n  '# todo 0\\n' +\n  '# duration_ms 744.1833\\n'\n\n    at testUpdate (file:///C:/workspace/node-test-binary-windows-js-suites/node/test/parallel/test-runner-run-watch.mjs:91:14)\n    at process.processTicksAndRejections (node:internal/process/task_queues:105:5)\n    at async testWatch (file:///C:/workspace/node-test-binary-windows-js-suites/node/test/parallel/test-runner-run-watch.mjs:187:26)\n    at async TestContext.<anonymous> (file:///C:/workspace/node-test-binary-windows-js-suites/node/test/parallel/test-runner-run-watch.mjs:199:5)\n    at async Test.run (node:internal/test_runner/test:1113:7)\n    at async Promise.all (index 0)\n    at async Suite.run (node:internal/test_runner/test:1516:7)\n    at async startSubtestAfterBootstrap (node:internal/test_runner/harness:358:3) {\n  generatedMessage: true,\n  code: 'ERR_ASSERTION',\n  actual: '# Subtest: test.js\\n' +\n    'not ok 2 - test.js\\n' +\n    '  ---\\n' +\n    '  duration_ms: 1377.7536\\n' +\n    \"  type: 'test'\\n\" +\n    \"  location: 'C:\\\\\\\\workspace\\\\\\\\node-test-binary-windows-js-suites\\\\\\\\node\\\\\\\\test\\\\\\\\.tmp.779\\\\\\\\test.js:1:1'\\n\" +\n    \"  failureType: 'testCodeFailure'\\n\" +\n    '  exitCode: ~\\n' +\n    \"  signal: 'SIGTERM'\\n\" +\n    \"  error: 'test failed'\\n\" +\n    '...',\n  expected: /tests 1/,\n  operator: 'match',\n  diff: 'simple'\n}"},"time":27384.46,"fullname":"parallel/test-runner-run-watch","closingTestPoint":false}},{"testName":"parallel/test-fs-cp-async-symlink-points-to-dest","timestamp":1755644823244,"status":"FAILED","jobName":"node-test-binary-windows-js-suites","config":"node-test-binary-windows-js-suites » 2,win11-arm64-COMPILED_BY-vs2022_clang-arm64 #36375","buildUrl":"https://ci.nodejs.org/job/node-test-binary-windows-js-suites/RUN_SUBSET=2,nodes=win11-arm64-COMPILED_BY-vs2022_clang-arm64/36375/","buildNumber":36375,"builtOn":"test-azure_msft-win11_vs2022-arm64-3","nodeVersion":"25.0.0","commitHash":"4df82be40a166197abab0c7768326e97423ad110","callStack":[{"upstreamBuild":72643,"upstreamProject":"node-test-commit-windows-fanned","upstreamUrl":"job/node-test-commit-windows-fanned/"},{"upstreamBuild":82174,"upstreamProject":"node-test-commit","upstreamUrl":"job/node-test-commit/"},{"upstreamBuild":68760,"upstreamProject":"node-test-pull-request","upstreamUrl":"job/node-test-pull-request/"},{"prId":"59455"}],"tap":{"ok":false,"name":"parallel/test-fs-cp-async-symlink-points-to-dest","id":334,"buffered":false,"tapError":null,"skip":false,"todo":": Fix flaky test","previous":null,"plan":null,"diag":{"severity":"flaky","exitcode":1,"stack":"file:///d:/workspace/node-test-binary-windows-js-suites/node/test/parallel/test-fs-cp-async-symlink-points-to-dest.mjs:19\n  assert.strictEqual(err.code, 'ERR_FS_CP_EINVAL');\n                         ^\n\nTypeError: Cannot read properties of null (reading 'code')\n    at file:///d:/workspace/node-test-binary-windows-js-suites/node/test/parallel/test-fs-cp-async-symlink-points-to-dest.mjs:19:26\n    at d:\\workspace\\node-test-binary-windows-js-suites\\node\\test\\common\\index.js:437:15\n    at node:fs:180:23\n    at process.processTicksAndRejections (node:internal/process/task_queues:90:21)\n\nNode.js v25.0.0-pre"},"time":307.992,"fullname":"parallel/test-fs-cp-async-symlink-points-to-dest","closingTestPoint":false}},{"testName":"parallel/test-fs-cp-sync-unicode-folder-names","timestamp":1755644823244,"status":"FAILED","jobName":"node-test-binary-windows-js-suites","config":"node-test-binary-windows-js-suites » 2,win11-arm64-COMPILED_BY-vs2022_clang-arm64 #36375","buildUrl":"https://ci.nodejs.org/job/node-test-binary-windows-js-suites/RUN_SUBSET=2,nodes=win11-arm64-COMPILED_BY-vs2022_clang-arm64/36375/","buildNumber":36375,"builtOn":"test-azure_msft-win11_vs2022-arm64-3","nodeVersion":"25.0.0","commitHash":"4df82be40a166197abab0c7768326e97423ad110","callStack":[{"upstreamBuild":72643,"upstreamProject":"node-test-commit-windows-fanned","upstreamUrl":"job/node-test-commit-windows-fanned/"},{"upstreamBuild":82174,"upstreamProject":"node-test-commit","upstreamUrl":"job/node-test-commit/"},{"upstreamBuild":68760,"upstreamProject":"node-test-pull-request","upstreamUrl":"job/node-test-pull-request/"},{"prId":"59455"}],"tap":{"ok":false,"name":"parallel/test-fs-cp-sync-unicode-folder-names","id":347,"buffered":false,"tapError":null,"skip":false,"todo":": Fix flaky test","previous":null,"plan":null,"diag":{"severity":"flaky","exitcode":3221226505,"stack":""},"time":461.488,"fullname":"parallel/test-fs-cp-sync-unicode-folder-names","closingTestPoint":false}},{"testName":"parallel/test-fs-cp-sync-symlink-points-to-dest-error","timestamp":1755644823244,"status":"FAILED","jobName":"node-test-binary-windows-js-suites","config":"node-test-binary-windows-js-suites » 0,win2019-COMPILED_BY-vs2022_clang #36375","buildUrl":"https://ci.nodejs.org/job/node-test-binary-windows-js-suites/RUN_SUBSET=0,nodes=win2019-COMPILED_BY-vs2022_clang/36375/","buildNumber":36375,"builtOn":"test-rackspace-win2019_vs2019-x64-1","nodeVersion":"25.0.0","commitHash":"4df82be40a166197abab0c7768326e97423ad110","callStack":[{"upstreamBuild":72643,"upstreamProject":"node-test-commit-windows-fanned","upstreamUrl":"job/node-test-commit-windows-fanned/"},{"upstreamBuild":82174,"upstreamProject":"node-test-commit","upstreamUrl":"job/node-test-commit/"},{"upstreamBuild":68760,"upstreamProject":"node-test-pull-request","upstreamUrl":"job/node-test-pull-request/"},{"prId":"59455"}],"tap":{"ok":false,"name":"parallel/test-fs-cp-sync-symlink-points-to-dest-error","id":345,"buffered":false,"tapError":null,"skip":false,"todo":": Fix flaky test","previous":null,"plan":null,"diag":{"severity":"flaky","exitcode":1,"stack":"node:internal/modules/run_main:107\n    triggerUncaughtException(\n    ^\n\nAssertionError [ERR_ASSERTION]: Missing expected exception.\n    at file:///C:/workspace/node-test-binary-windows-js-suites/node/test/parallel/test-fs-cp-sync-symlink-points-to-dest-error.mjs:17:8\n    at ModuleJob.run (node:internal/modules/esm/module_job:371:25)\n    at async onImport.tracePromise.__proto__ (node:internal/modules/esm/loader:671:26)\n    at async asyncRunEntryPointWithESMLoader (node:internal/modules/run_main:101:5) {\n  generatedMessage: false,\n  code: 'ERR_ASSERTION',\n  actual: undefined,\n  expected: { code: 'ERR_FS_CP_EINVAL' },\n  operator: 'throws',\n  diff: 'simple'\n}\n\nNode.js v25.0.0-pre"},"time":253.004,"fullname":"parallel/test-fs-cp-sync-symlink-points-to-dest-error","closingTestPoint":false}},{"testName":"parallel/test-fs-cp-sync-error-on-exist","timestamp":1755644823244,"status":"FAILED","jobName":"node-test-binary-windows-js-suites","config":"node-test-binary-windows-js-suites » 3,win11-arm64-COMPILED_BY-vs2022_clang-arm64 #36375","buildUrl":"https://ci.nodejs.org/job/node-test-binary-windows-js-suites/RUN_SUBSET=3,nodes=win11-arm64-COMPILED_BY-vs2022_clang-arm64/36375/","buildNumber":36375,"builtOn":"test-azure_msft-win11_vs2022-arm64-5","nodeVersion":"25.0.0","commitHash":"4df82be40a166197abab0c7768326e97423ad110","callStack":[{"upstreamBuild":72643,"upstreamProject":"node-test-commit-windows-fanned","upstreamUrl":"job/node-test-commit-windows-fanned/"},{"upstreamBuild":82174,"upstreamProject":"node-test-commit","upstreamUrl":"job/node-test-commit/"},{"upstreamBuild":68760,"upstreamProject":"node-test-pull-request","upstreamUrl":"job/node-test-pull-request/"},{"prId":"59455"}],"tap":{"ok":false,"name":"parallel/test-fs-cp-sync-error-on-exist","id":342,"buffered":false,"tapError":null,"skip":false,"todo":": Fix flaky test","previous":null,"plan":null,"diag":{"severity":"flaky","exitcode":1,"stack":"node:internal/modules/run_main:107\n    triggerUncaughtException(\n    ^\n\nAssertionError [ERR_ASSERTION]: Expected values to be strictly deep-equal:\n+ actual - expected\n\n  Comparison {\n+   code: ''\n-   code: 'ERR_FS_CP_EEXIST'\n  }\n\n    at file:///d:/workspace/node-test-binary-windows-js-suites/node/test/parallel/test-fs-cp-sync-error-on-exist.mjs:14:8\n    at ModuleJob.run (node:internal/modules/esm/module_job:371:25)\n    at async onImport.tracePromise.__proto__ (node:internal/modules/esm/loader:671:26)\n    at async asyncRunEntryPointWithESMLoader (node:internal/modules/run_main:101:5) {\n  generatedMessage: true,\n  code: 'ERR_ASSERTION',\n  actual: Error: , The file exists. '\\\\?\\d:\\workspace\\node-test-binary-windows-js-suites\\node\\test\\.tmp.341\\copy_%1\\a\\b'\n      at copyDir (node:internal/fs/cp/cp-sync:145:22)\n      at onDir (node:internal/fs/cp/cp-sync:137:10)\n      at getStats (node:internal/fs/cp/cp-sync:68:12)\n      at cpSyncFn (node:internal/fs/cp/cp-sync:58:10)\n      at cpSync (node:fs:3123:3)\n      at assert.throws.code (file:///d:/workspace/node-test-binary-windows-js-suites/node/test/parallel/test-fs-cp-sync-error-on-exist.mjs:15:9)\n      at getActual (node:assert:584:5)\n      at assert.throws (node:assert:732:24)\n      at file:///d:/workspace/node-test-binary-windows-js-suites/node/test/parallel/test-fs-cp-sync-error-on-exist.mjs:14:8\n      at ModuleJob.run (node:internal/modules/esm/module_job:371:25) {\n    errno: 80,\n    code: '',\n    path: '\\\\\\\\?\\\\d:\\\\workspace\\\\node-test-binary-windows-js-suites\\\\node\\\\test\\\\.tmp.341\\\\copy_%1\\\\a\\\\b',\n    syscall: 'cp'\n  },\n  expected: { code: 'ERR_FS_CP_EEXIST' },\n  operator: 'throws',\n  diff: 'simple'\n}\n\nNode.js v25.0.0-pre"},"time":313.284,"fullname":"parallel/test-fs-cp-sync-error-on-exist","closingTestPoint":false}},{"testName":"parallel/test-fs-cp-sync-symlink-points-to-dest-error","timestamp":1755644823244,"status":"FAILED","jobName":"node-test-binary-windows-js-suites","config":"node-test-binary-windows-js-suites » 0,win11-COMPILED_BY-vs2022_clang #36375","buildUrl":"https://ci.nodejs.org/job/node-test-binary-windows-js-suites/RUN_SUBSET=0,nodes=win11-COMPILED_BY-vs2022_clang/36375/","buildNumber":36375,"builtOn":"test-azure_msft-win11_vs2022-x64-2","nodeVersion":"25.0.0","commitHash":"4df82be40a166197abab0c7768326e97423ad110","callStack":[{"upstreamBuild":72643,"upstreamProject":"node-test-commit-windows-fanned","upstreamUrl":"job/node-test-commit-windows-fanned/"},{"upstreamBuild":82174,"upstreamProject":"node-test-commit","upstreamUrl":"job/node-test-commit/"},{"upstreamBuild":68760,"upstreamProject":"node-test-pull-request","upstreamUrl":"job/node-test-pull-request/"},{"prId":"59455"}],"tap":{"ok":false,"name":"parallel/test-fs-cp-sync-symlink-points-to-dest-error","id":345,"buffered":false,"tapError":null,"skip":false,"todo":": Fix flaky test","previous":null,"plan":null,"diag":{"severity":"flaky","exitcode":1,"stack":"node:internal/modules/run_main:107\n    triggerUncaughtException(\n    ^\n\nAssertionError [ERR_ASSERTION]: Missing expected exception.\n    at file:///c:/workspace/node-test-binary-windows-js-suites/node/test/parallel/test-fs-cp-sync-symlink-points-to-dest-error.mjs:17:8\n    at ModuleJob.run (node:internal/modules/esm/module_job:371:25)\n    at async onImport.tracePromise.__proto__ (node:internal/modules/esm/loader:671:26)\n    at async asyncRunEntryPointWithESMLoader (node:internal/modules/run_main:101:5) {\n  generatedMessage: false,\n  code: 'ERR_ASSERTION',\n  actual: undefined,\n  expected: { code: 'ERR_FS_CP_EINVAL' },\n  operator: 'throws',\n  diff: 'simple'\n}\n\nNode.js v25.0.0-pre"},"time":127.002,"fullname":"parallel/test-fs-cp-sync-symlink-points-to-dest-error","closingTestPoint":false}},{"testName":"parallel/test-fs-cp-sync-unicode-folder-names","timestamp":1755644823244,"status":"FAILED","jobName":"node-test-binary-windows-js-suites","config":"node-test-binary-windows-js-suites » 1,win2019-COMPILED_BY-vs2022_clang #36375","buildUrl":"https://ci.nodejs.org/job/node-test-binary-windows-js-suites/RUN_SUBSET=1,nodes=win2019-COMPILED_BY-vs2022_clang/36375/","buildNumber":36375,"builtOn":"test-rackspace-win2019_vs2019-x64-3","nodeVersion":"25.0.0","commitHash":"4df82be40a166197abab0c7768326e97423ad110","callStack":[{"upstreamBuild":72643,"upstreamProject":"node-test-commit-windows-fanned","upstreamUrl":"job/node-test-commit-windows-fanned/"},{"upstreamBuild":82174,"upstreamProject":"node-test-commit","upstreamUrl":"job/node-test-commit/"},{"upstreamBuild":68760,"upstreamProject":"node-test-pull-request","upstreamUrl":"job/node-test-pull-request/"},{"prId":"59455"}],"tap":{"ok":false,"name":"parallel/test-fs-cp-sync-unicode-folder-names","id":347,"buffered":false,"tapError":null,"skip":false,"todo":": Fix flaky test","previous":null,"plan":null,"diag":{"severity":"flaky","exitcode":3221226505,"stack":""},"time":328.03,"fullname":"parallel/test-fs-cp-sync-unicode-folder-names","closingTestPoint":false}},{"testName":"parallel/test-fs-cp-sync-symlink-points-to-dest-error","timestamp":1755644823244,"status":"FAILED","jobName":"node-test-binary-windows-js-suites","config":"node-test-binary-windows-js-suites » 1,win11-arm64-COMPILED_BY-vs2022_clang-arm64 #36375","buildUrl":"https://ci.nodejs.org/job/node-test-binary-windows-js-suites/RUN_SUBSET=1,nodes=win11-arm64-COMPILED_BY-vs2022_clang-arm64/36375/","buildNumber":36375,"builtOn":"test-azure_msft-win11_vs2022-arm64-4","nodeVersion":"25.0.0","commitHash":"4df82be40a166197abab0c7768326e97423ad110","callStack":[{"upstreamBuild":72643,"upstreamProject":"node-test-commit-windows-fanned","upstreamUrl":"job/node-test-commit-windows-fanned/"},{"upstreamBuild":82174,"upstreamProject":"node-test-commit","upstreamUrl":"job/node-test-commit/"},{"upstreamBuild":68760,"upstreamProject":"node-test-pull-request","upstreamUrl":"job/node-test-pull-request/"},{"prId":"59455"}],"tap":{"ok":false,"name":"parallel/test-fs-cp-sync-symlink-points-to-dest-error","id":343,"buffered":false,"tapError":null,"skip":false,"todo":": Fix flaky test","previous":null,"plan":null,"diag":{"severity":"flaky","exitcode":1,"stack":"node:internal/modules/run_main:107\n    triggerUncaughtException(\n    ^\n\nAssertionError [ERR_ASSERTION]: Missing expected exception.\n    at file:///d:/workspace/node-test-binary-windows-js-suites/node/test/parallel/test-fs-cp-sync-symlink-points-to-dest-error.mjs:17:8\n    at ModuleJob.run (node:internal/modules/esm/module_job:371:25)\n    at async onImport.tracePromise.__proto__ (node:internal/modules/esm/loader:671:26)\n    at async asyncRunEntryPointWithESMLoader (node:internal/modules/run_main:101:5) {\n  generatedMessage: false,\n  code: 'ERR_ASSERTION',\n  actual: undefined,\n  expected: { code: 'ERR_FS_CP_EINVAL' },\n  operator: 'throws',\n  diff: 'simple'\n}\n\nNode.js v25.0.0-pre"},"time":237.998,"fullname":"parallel/test-fs-cp-sync-symlink-points-to-dest-error","closingTestPoint":false}},{"testName":"parallel/test-fs-cp-sync-error-on-exist","timestamp":1755644823244,"status":"FAILED","jobName":"node-test-binary-windows-js-suites","config":"node-test-binary-windows-js-suites » 2,win2022-COMPILED_BY-vs2022_clang #36375","buildUrl":"https://ci.nodejs.org/job/node-test-binary-windows-js-suites/RUN_SUBSET=2,nodes=win2022-COMPILED_BY-vs2022_clang/36375/","buildNumber":36375,"builtOn":"test-rackspace-win2022_vs2022-x64-3","nodeVersion":"25.0.0","commitHash":"4df82be40a166197abab0c7768326e97423ad110","callStack":[{"upstreamBuild":72643,"upstreamProject":"node-test-commit-windows-fanned","upstreamUrl":"job/node-test-commit-windows-fanned/"},{"upstreamBuild":82174,"upstreamProject":"node-test-commit","upstreamUrl":"job/node-test-commit/"},{"upstreamBuild":68760,"upstreamProject":"node-test-pull-request","upstreamUrl":"job/node-test-pull-request/"},{"prId":"59455"}],"tap":{"ok":false,"name":"parallel/test-fs-cp-sync-error-on-exist","id":340,"buffered":false,"tapError":null,"skip":false,"todo":": Fix flaky test","previous":null,"plan":null,"diag":{"severity":"flaky","exitcode":1,"stack":"node:internal/modules/run_main:107\n    triggerUncaughtException(\n    ^\n\nAssertionError [ERR_ASSERTION]: Expected values to be strictly deep-equal:\n+ actual - expected\n\n  Comparison {\n+   code: ''\n-   code: 'ERR_FS_CP_EEXIST'\n  }\n\n    at file:///C:/workspace/node-test-binary-windows-js-suites/node/test/parallel/test-fs-cp-sync-error-on-exist.mjs:14:8\n    at ModuleJob.run (node:internal/modules/esm/module_job:371:25)\n    at async onImport.tracePromise.__proto__ (node:internal/modules/esm/loader:671:26)\n    at async asyncRunEntryPointWithESMLoader (node:internal/modules/run_main:101:5) {\n  generatedMessage: true,\n  code: 'ERR_ASSERTION',\n  actual: Error: , The file exists. '\\\\?\\C:\\workspace\\node-test-binary-windows-js-suites\\node\\test\\.tmp.341\\copy_%1\\a\\b'\n      at copyDir (node:internal/fs/cp/cp-sync:145:22)\n      at onDir (node:internal/fs/cp/cp-sync:137:10)\n      at getStats (node:internal/fs/cp/cp-sync:68:12)\n      at cpSyncFn (node:internal/fs/cp/cp-sync:58:10)\n      at cpSync (node:fs:3123:3)\n      at assert.throws.code (file:///C:/workspace/node-test-binary-windows-js-suites/node/test/parallel/test-fs-cp-sync-error-on-exist.mjs:15:9)\n      at getActual (node:assert:584:5)\n      at assert.throws (node:assert:732:24)\n      at file:///C:/workspace/node-test-binary-windows-js-suites/node/test/parallel/test-fs-cp-sync-error-on-exist.mjs:14:8\n      at ModuleJob.run (node:internal/modules/esm/module_job:371:25) {\n    errno: 80,\n    code: '',\n    path: '\\\\\\\\?\\\\C:\\\\workspace\\\\node-test-binary-windows-js-suites\\\\node\\\\test\\\\.tmp.341\\\\copy_%1\\\\a\\\\b',\n    syscall: 'cp'\n  },\n  expected: { code: 'ERR_FS_CP_EEXIST' },\n  operator: 'throws',\n  diff: 'simple'\n}\n\nNode.js v25.0.0-pre"},"time":250.007,"fullname":"parallel/test-fs-cp-sync-error-on-exist","closingTestPoint":false}}]}