{"failedTests":[{"testName":"parallel/test-fastutf8stream-flush-mocks","timestamp":1755804347459,"status":"FAILED","jobName":"node-test-binary-windows-js-suites","config":"node-test-binary-windows-js-suites » 1,win2016-COMPILED_BY-vs2022-x86 #36419","buildUrl":"https://ci.nodejs.org/job/node-test-binary-windows-js-suites/RUN_SUBSET=1,nodes=win2016-COMPILED_BY-vs2022-x86/36419/","buildNumber":36419,"builtOn":"test-rackspace-win2016_vs2015-x64-1","nodeVersion":"22.18.1","commitHash":"6f42a729355d74db9ddb61690764f2a26c1a3332","callStack":[{"upstreamBuild":72689,"upstreamProject":"node-test-commit-windows-fanned","upstreamUrl":"job/node-test-commit-windows-fanned/"},{"upstreamBuild":82220,"upstreamProject":"node-test-commit","upstreamUrl":"job/node-test-commit/"},{"upstreamBuild":68800,"upstreamProject":"node-test-pull-request","upstreamUrl":"job/node-test-pull-request/"},{"prId":"59179"}],"tap":{"ok":false,"name":"parallel/test-fastutf8stream-flush-mocks","id":318,"buffered":false,"tapError":null,"skip":false,"todo":false,"previous":null,"plan":null,"diag":{"severity":"fail","exitcode":1,"stack":"Can't clean tmpdir: C:\\workspace\\node-test-binary-windows-js-suites\\node\\test\\.tmp.302\nFiles blocking: [\n  'fastutf8stream-1484-1755804411248-0.log',\n  'fastutf8stream-1484-1755804411257-2.log'\n]\n\nC:\\workspace\\node-test-binary-windows-js-suites\\node\\test\\common\\tmpdir.js:80\n    throw e;\n    ^\n\nError: ENOTEMPTY: directory not empty, rmdir 'C:\\workspace\\node-test-binary-windows-js-suites\\node\\test\\.tmp.302'\n    at Object.rmdirSync (node:fs:1206:11)\n    at _rmdirSync (node:internal/fs/rimraf:261:21)\n    at rimrafSync (node:internal/fs/rimraf:194:7)\n    at Object.rmSync (node:fs:1252:10)\n    at rmSync (C:\\workspace\\node-test-binary-windows-js-suites\\node\\test\\common\\tmpdir.js:31:8)\n    at onexit (C:\\workspace\\node-test-binary-windows-js-suites\\node\\test\\common\\tmpdir.js:65:5)\n    at process.<anonymous> (C:\\workspace\\node-test-binary-windows-js-suites\\node\\test\\common\\tmpdir.js:54:14)\n    at process.emit (node:events:531:35) {\n  errno: -4051,\n  code: 'ENOTEMPTY',\n  syscall: 'rmdir',\n  path: 'C:\\\\workspace\\\\node-test-binary-windows-js-suites\\\\node\\\\test\\\\.tmp.302'\n}\n\nNode.js v22.18.1-pre"},"time":889.003,"fullname":"parallel/test-fastutf8stream-flush-mocks","closingTestPoint":false}},{"testName":"parallel/test-max-old-space-size-percentage","timestamp":1755804347459,"status":"FAILED","jobName":"node-test-binary-windows-js-suites","config":"node-test-binary-windows-js-suites » 1,win2016-COMPILED_BY-vs2022-x86 #36419","buildUrl":"https://ci.nodejs.org/job/node-test-binary-windows-js-suites/RUN_SUBSET=1,nodes=win2016-COMPILED_BY-vs2022-x86/36419/","buildNumber":36419,"builtOn":"test-rackspace-win2016_vs2015-x64-1","nodeVersion":"22.18.1","commitHash":"6f42a729355d74db9ddb61690764f2a26c1a3332","callStack":[{"upstreamBuild":72689,"upstreamProject":"node-test-commit-windows-fanned","upstreamUrl":"job/node-test-commit-windows-fanned/"},{"upstreamBuild":82220,"upstreamProject":"node-test-commit","upstreamUrl":"job/node-test-commit/"},{"upstreamBuild":68800,"upstreamProject":"node-test-pull-request","upstreamUrl":"job/node-test-pull-request/"},{"prId":"59179"}],"tap":{"ok":false,"name":"parallel/test-max-old-space-size-percentage","id":631,"buffered":false,"tapError":null,"skip":false,"todo":false,"previous":null,"plan":null,"diag":{"severity":"fail","exitcode":1,"stack":"node:internal/assert/utils:273\n    throw err;\n    ^\n\nAssertionError [ERR_ASSERTION]: 50% heap size should be roughly half of 100% (got 1.11, expected ~0.5)\n    at Object.<anonymous> (C:\\workspace\\node-test-binary-windows-js-suites\\node\\test\\parallel\\test-max-old-space-size-percentage.js:101:1)\n    at Module._compile (node:internal/modules/cjs/loader:1706:14)\n    at Object..js (node:internal/modules/cjs/loader:1839:10)\n    at Module.load (node:internal/modules/cjs/loader:1441:32)\n    at Function._load (node:internal/modules/cjs/loader:1263:12)\n    at TracingChannel.traceSync (node:diagnostics_channel:322:14)\n    at wrapModuleLoad (node:internal/modules/cjs/loader:237:24)\n    at Function.executeUserEntryPoint [as runMain] (node:internal/modules/run_main:171:5)\n    at node:internal/main/run_main_module:36:49 {\n  generatedMessage: false,\n  code: 'ERR_ASSERTION',\n  actual: false,\n  expected: true,\n  operator: '==',\n  diff: 'simple'\n}\n\nNode.js v22.18.1-pre"},"time":3004.982,"fullname":"parallel/test-max-old-space-size-percentage","closingTestPoint":false}},{"testName":"parallel/test-fs-cp","timestamp":1755804347459,"status":"FAILED","jobName":"node-test-binary-windows-js-suites","config":"node-test-binary-windows-js-suites » 2,win11-COMPILED_BY-vs2022 #36419","buildUrl":"https://ci.nodejs.org/job/node-test-binary-windows-js-suites/RUN_SUBSET=2,nodes=win11-COMPILED_BY-vs2022/36419/","buildNumber":36419,"builtOn":"test-azure_msft-win11_vs2022-x64-2","nodeVersion":"22.18.1","commitHash":"6f42a729355d74db9ddb61690764f2a26c1a3332","callStack":[{"upstreamBuild":72689,"upstreamProject":"node-test-commit-windows-fanned","upstreamUrl":"job/node-test-commit-windows-fanned/"},{"upstreamBuild":82220,"upstreamProject":"node-test-commit","upstreamUrl":"job/node-test-commit/"},{"upstreamBuild":68800,"upstreamProject":"node-test-pull-request","upstreamUrl":"job/node-test-pull-request/"},{"prId":"59179"}],"tap":{"ok":false,"name":"parallel/test-fs-cp","id":317,"buffered":false,"tapError":null,"skip":false,"todo":": Fix flaky test","previous":null,"plan":null,"diag":{"severity":"flaky","exitcode":3221226505,"stack":""},"time":382.005,"fullname":"parallel/test-fs-cp","closingTestPoint":false}},{"testName":"parallel/test-fs-cp","timestamp":1755804347459,"status":"FAILED","jobName":"node-test-binary-windows-js-suites","config":"node-test-binary-windows-js-suites » 2,win10-COMPILED_BY-vs2022 #36419","buildUrl":"https://ci.nodejs.org/job/node-test-binary-windows-js-suites/RUN_SUBSET=2,nodes=win10-COMPILED_BY-vs2022/36419/","buildNumber":36419,"builtOn":"test-azure_msft-win10_vs2019-x64-4","nodeVersion":"22.18.1","commitHash":"6f42a729355d74db9ddb61690764f2a26c1a3332","callStack":[{"upstreamBuild":72689,"upstreamProject":"node-test-commit-windows-fanned","upstreamUrl":"job/node-test-commit-windows-fanned/"},{"upstreamBuild":82220,"upstreamProject":"node-test-commit","upstreamUrl":"job/node-test-commit/"},{"upstreamBuild":68800,"upstreamProject":"node-test-pull-request","upstreamUrl":"job/node-test-pull-request/"},{"prId":"59179"}],"tap":{"ok":false,"name":"parallel/test-fs-cp","id":316,"buffered":false,"tapError":null,"skip":false,"todo":": Fix flaky test","previous":null,"plan":null,"diag":{"severity":"flaky","exitcode":3221226505,"stack":""},"time":256.012,"fullname":"parallel/test-fs-cp","closingTestPoint":false}},{"testName":"parallel/test-fs-cp","timestamp":1755804347459,"status":"FAILED","jobName":"node-test-binary-windows-js-suites","config":"node-test-binary-windows-js-suites » 3,win11-arm64-COMPILED_BY-vs2022-arm64 #36419","buildUrl":"https://ci.nodejs.org/job/node-test-binary-windows-js-suites/RUN_SUBSET=3,nodes=win11-arm64-COMPILED_BY-vs2022-arm64/36419/","buildNumber":36419,"builtOn":"test-azure_msft-win11_vs2022-arm64-4","nodeVersion":"22.18.1","commitHash":"6f42a729355d74db9ddb61690764f2a26c1a3332","callStack":[{"upstreamBuild":72689,"upstreamProject":"node-test-commit-windows-fanned","upstreamUrl":"job/node-test-commit-windows-fanned/"},{"upstreamBuild":82220,"upstreamProject":"node-test-commit","upstreamUrl":"job/node-test-commit/"},{"upstreamBuild":68800,"upstreamProject":"node-test-pull-request","upstreamUrl":"job/node-test-pull-request/"},{"prId":"59179"}],"tap":{"ok":false,"name":"parallel/test-fs-cp","id":317,"buffered":false,"tapError":null,"skip":false,"todo":": Fix flaky test","previous":null,"plan":null,"diag":{"severity":"flaky","exitcode":3221226505,"stack":""},"time":465.984,"fullname":"parallel/test-fs-cp","closingTestPoint":false}},{"testName":"parallel/test-fs-cp","timestamp":1755804347459,"status":"FAILED","jobName":"node-test-binary-windows-js-suites","config":"node-test-binary-windows-js-suites » 2,win2016-COMPILED_BY-vs2022-x86 #36419","buildUrl":"https://ci.nodejs.org/job/node-test-binary-windows-js-suites/RUN_SUBSET=2,nodes=win2016-COMPILED_BY-vs2022-x86/36419/","buildNumber":36419,"builtOn":"test-rackspace-win2016_vs2015-x64-2","nodeVersion":"22.18.1","commitHash":"6f42a729355d74db9ddb61690764f2a26c1a3332","callStack":[{"upstreamBuild":72689,"upstreamProject":"node-test-commit-windows-fanned","upstreamUrl":"job/node-test-commit-windows-fanned/"},{"upstreamBuild":82220,"upstreamProject":"node-test-commit","upstreamUrl":"job/node-test-commit/"},{"upstreamBuild":68800,"upstreamProject":"node-test-pull-request","upstreamUrl":"job/node-test-pull-request/"},{"prId":"59179"}],"tap":{"ok":false,"name":"parallel/test-fs-cp","id":316,"buffered":false,"tapError":null,"skip":false,"todo":": Fix flaky test","previous":null,"plan":null,"diag":{"severity":"flaky","exitcode":3221226505,"stack":""},"time":311.001,"fullname":"parallel/test-fs-cp","closingTestPoint":false}},{"testName":"parallel/test-fastutf8stream-sync","timestamp":1755804347459,"status":"FAILED","jobName":"node-test-binary-windows-js-suites","config":"node-test-binary-windows-js-suites » 2,win2016-COMPILED_BY-vs2022-x86 #36419","buildUrl":"https://ci.nodejs.org/job/node-test-binary-windows-js-suites/RUN_SUBSET=2,nodes=win2016-COMPILED_BY-vs2022-x86/36419/","buildNumber":36419,"builtOn":"test-rackspace-win2016_vs2015-x64-2","nodeVersion":"22.18.1","commitHash":"6f42a729355d74db9ddb61690764f2a26c1a3332","callStack":[{"upstreamBuild":72689,"upstreamProject":"node-test-commit-windows-fanned","upstreamUrl":"job/node-test-commit-windows-fanned/"},{"upstreamBuild":82220,"upstreamProject":"node-test-commit","upstreamUrl":"job/node-test-commit/"},{"upstreamBuild":68800,"upstreamProject":"node-test-pull-request","upstreamUrl":"job/node-test-pull-request/"},{"prId":"59179"}],"tap":{"ok":false,"name":"parallel/test-fastutf8stream-sync","id":317,"buffered":false,"tapError":null,"skip":false,"todo":false,"previous":null,"plan":null,"diag":{"severity":"fail","exitcode":1,"stack":"Can't clean tmpdir: C:\\workspace\\node-test-binary-windows-js-suites\\node\\test\\.tmp.304\nFiles blocking: [\n  'fastutf8stream-7036-1755804415040-2.log',\n  'fastutf8stream-7036-1755804415078-7.log'\n]\n\nC:\\workspace\\node-test-binary-windows-js-suites\\node\\test\\common\\tmpdir.js:80\n    throw e;\n    ^\n\nError: ENOTEMPTY: directory not empty, rmdir 'C:\\workspace\\node-test-binary-windows-js-suites\\node\\test\\.tmp.304'\n    at Object.rmdirSync (node:fs:1206:11)\n    at _rmdirSync (node:internal/fs/rimraf:261:21)\n    at rimrafSync (node:internal/fs/rimraf:194:7)\n    at Object.rmSync (node:fs:1252:10)\n    at rmSync (C:\\workspace\\node-test-binary-windows-js-suites\\node\\test\\common\\tmpdir.js:31:8)\n    at onexit (C:\\workspace\\node-test-binary-windows-js-suites\\node\\test\\common\\tmpdir.js:65:5)\n    at process.<anonymous> (C:\\workspace\\node-test-binary-windows-js-suites\\node\\test\\common\\tmpdir.js:54:14)\n    at process.emit (node:events:531:35) {\n  errno: -4051,\n  code: 'ENOTEMPTY',\n  syscall: 'rmdir',\n  path: 'C:\\\\workspace\\\\node-test-binary-windows-js-suites\\\\node\\\\test\\\\.tmp.304'\n}\n\nNode.js v22.18.1-pre"},"time":1024.017,"fullname":"parallel/test-fastutf8stream-sync","closingTestPoint":false}},{"testName":"parallel/test-fs-cp","timestamp":1755804347459,"status":"FAILED","jobName":"node-test-binary-windows-js-suites","config":"node-test-binary-windows-js-suites » 2,win2019-COMPILED_BY-vs2022 #36419","buildUrl":"https://ci.nodejs.org/job/node-test-binary-windows-js-suites/RUN_SUBSET=2,nodes=win2019-COMPILED_BY-vs2022/36419/","buildNumber":36419,"builtOn":"test-rackspace-win2019_vs2019-x64-4","nodeVersion":"22.18.1","commitHash":"6f42a729355d74db9ddb61690764f2a26c1a3332","callStack":[{"upstreamBuild":72689,"upstreamProject":"node-test-commit-windows-fanned","upstreamUrl":"job/node-test-commit-windows-fanned/"},{"upstreamBuild":82220,"upstreamProject":"node-test-commit","upstreamUrl":"job/node-test-commit/"},{"upstreamBuild":68800,"upstreamProject":"node-test-pull-request","upstreamUrl":"job/node-test-pull-request/"},{"prId":"59179"}],"tap":{"ok":false,"name":"parallel/test-fs-cp","id":314,"buffered":false,"tapError":null,"skip":false,"todo":": Fix flaky test","previous":null,"plan":null,"diag":{"severity":"flaky","exitcode":3221226505,"stack":""},"time":433.012,"fullname":"parallel/test-fs-cp","closingTestPoint":false}},{"testName":"parallel/test-fs-cp","timestamp":1755804347459,"status":"FAILED","jobName":"node-test-binary-windows-js-suites","config":"node-test-binary-windows-js-suites » 2,win2022-COMPILED_BY-vs2022 #36419","buildUrl":"https://ci.nodejs.org/job/node-test-binary-windows-js-suites/RUN_SUBSET=2,nodes=win2022-COMPILED_BY-vs2022/36419/","buildNumber":36419,"builtOn":"test-rackspace-win2022_vs2022-x64-3","nodeVersion":"22.18.1","commitHash":"6f42a729355d74db9ddb61690764f2a26c1a3332","callStack":[{"upstreamBuild":72689,"upstreamProject":"node-test-commit-windows-fanned","upstreamUrl":"job/node-test-commit-windows-fanned/"},{"upstreamBuild":82220,"upstreamProject":"node-test-commit","upstreamUrl":"job/node-test-commit/"},{"upstreamBuild":68800,"upstreamProject":"node-test-pull-request","upstreamUrl":"job/node-test-pull-request/"},{"prId":"59179"}],"tap":{"ok":false,"name":"parallel/test-fs-cp","id":320,"buffered":false,"tapError":null,"skip":false,"todo":": Fix flaky test","previous":null,"plan":null,"diag":{"severity":"flaky","exitcode":3221226505,"stack":""},"time":505.025,"fullname":"parallel/test-fs-cp","closingTestPoint":false}}]}