{"failedTests":[{"testName":"parallel/test-fs-cp","timestamp":1755806799412,"status":"FAILED","jobName":"node-test-binary-windows-js-suites","config":"node-test-binary-windows-js-suites » 2,win10-COMPILED_BY-vs2022 #36420","buildUrl":"https://ci.nodejs.org/job/node-test-binary-windows-js-suites/RUN_SUBSET=2,nodes=win10-COMPILED_BY-vs2022/36420/","buildNumber":36420,"builtOn":"test-azure_msft-win10_vs2019-x64-4","nodeVersion":"22.18.1","commitHash":"6f42a729355d74db9ddb61690764f2a26c1a3332","callStack":[{"upstreamBuild":72690,"upstreamProject":"node-test-commit-windows-fanned","upstreamUrl":"job/node-test-commit-windows-fanned/"},{"upstreamBuild":82221,"upstreamProject":"node-test-commit","upstreamUrl":"job/node-test-commit/"},{"upstreamBuild":68801,"upstreamProject":"node-test-pull-request","upstreamUrl":"job/node-test-pull-request/"},{"prId":"59179"}],"tap":{"ok":false,"name":"parallel/test-fs-cp","id":315,"buffered":false,"tapError":null,"skip":false,"todo":": Fix flaky test","previous":null,"plan":null,"diag":{"severity":"flaky","exitcode":3221226505,"stack":""},"time":227.008,"fullname":"parallel/test-fs-cp","closingTestPoint":false}},{"testName":"parallel/test-fs-cp","timestamp":1755806799412,"status":"FAILED","jobName":"node-test-binary-windows-js-suites","config":"node-test-binary-windows-js-suites » 3,win11-arm64-COMPILED_BY-vs2022-arm64 #36420","buildUrl":"https://ci.nodejs.org/job/node-test-binary-windows-js-suites/RUN_SUBSET=3,nodes=win11-arm64-COMPILED_BY-vs2022-arm64/36420/","buildNumber":36420,"builtOn":"test-azure_msft-win11_vs2022-arm64-1","nodeVersion":"22.18.1","commitHash":"6f42a729355d74db9ddb61690764f2a26c1a3332","callStack":[{"upstreamBuild":72690,"upstreamProject":"node-test-commit-windows-fanned","upstreamUrl":"job/node-test-commit-windows-fanned/"},{"upstreamBuild":82221,"upstreamProject":"node-test-commit","upstreamUrl":"job/node-test-commit/"},{"upstreamBuild":68801,"upstreamProject":"node-test-pull-request","upstreamUrl":"job/node-test-pull-request/"},{"prId":"59179"}],"tap":{"ok":false,"name":"parallel/test-fs-cp","id":319,"buffered":false,"tapError":null,"skip":false,"todo":": Fix flaky test","previous":null,"plan":null,"diag":{"severity":"flaky","exitcode":3221226505,"stack":""},"time":460.001,"fullname":"parallel/test-fs-cp","closingTestPoint":false}},{"testName":"parallel/test-fs-cp","timestamp":1755806799412,"status":"FAILED","jobName":"node-test-binary-windows-js-suites","config":"node-test-binary-windows-js-suites » 2,win11-COMPILED_BY-vs2022 #36420","buildUrl":"https://ci.nodejs.org/job/node-test-binary-windows-js-suites/RUN_SUBSET=2,nodes=win11-COMPILED_BY-vs2022/36420/","buildNumber":36420,"builtOn":"test-azure_msft-win11_vs2022-x64-2","nodeVersion":"22.18.1","commitHash":"6f42a729355d74db9ddb61690764f2a26c1a3332","callStack":[{"upstreamBuild":72690,"upstreamProject":"node-test-commit-windows-fanned","upstreamUrl":"job/node-test-commit-windows-fanned/"},{"upstreamBuild":82221,"upstreamProject":"node-test-commit","upstreamUrl":"job/node-test-commit/"},{"upstreamBuild":68801,"upstreamProject":"node-test-pull-request","upstreamUrl":"job/node-test-pull-request/"},{"prId":"59179"}],"tap":{"ok":false,"name":"parallel/test-fs-cp","id":315,"buffered":false,"tapError":null,"skip":false,"todo":": Fix flaky test","previous":null,"plan":null,"diag":{"severity":"flaky","exitcode":3221226505,"stack":""},"time":286.994,"fullname":"parallel/test-fs-cp","closingTestPoint":false}},{"testName":"parallel/test-runner-watch-mode","timestamp":1755806799412,"status":"FAILED","jobName":"node-test-binary-windows-js-suites","config":"node-test-binary-windows-js-suites » 0,win2019-COMPILED_BY-vs2022 #36420","buildUrl":"https://ci.nodejs.org/job/node-test-binary-windows-js-suites/RUN_SUBSET=0,nodes=win2019-COMPILED_BY-vs2022/36420/","buildNumber":36420,"builtOn":"test-rackspace-win2019_vs2019-x64-1","nodeVersion":"22.18.1","commitHash":"6f42a729355d74db9ddb61690764f2a26c1a3332","callStack":[{"upstreamBuild":72690,"upstreamProject":"node-test-commit-windows-fanned","upstreamUrl":"job/node-test-commit-windows-fanned/"},{"upstreamBuild":82221,"upstreamProject":"node-test-commit","upstreamUrl":"job/node-test-commit/"},{"upstreamBuild":68801,"upstreamProject":"node-test-pull-request","upstreamUrl":"job/node-test-pull-request/"},{"prId":"59179"}],"tap":{"ok":false,"name":"parallel/test-runner-watch-mode","id":812,"buffered":false,"tapError":null,"skip":false,"todo":": Fix flaky test","previous":null,"plan":null,"diag":{"severity":"flaky","exitcode":1,"stack":"Test failure: 'should support a watched test file rename'\nLocation: test\\parallel\\test-runner-watch-mode.mjs:187:7\nError: ENOENT: no such file or directory, rename 'C:\\workspace\\node-test-binary-windows-js-suites\\node\\test\\.tmp.743\\test.js' -> 'C:\\workspace\\node-test-binary-windows-js-suites\\node\\test\\.tmp.743\\test-renamed-test.js'\n    at renameSync (node:fs:1025:11)\n    at Timeout._onTimeout (file:///C:/workspace/node-test-binary-windows-js-suites/node/test/parallel/test-runner-watch-mode.mjs:93:40)\n    at listOnTimeout (node:internal/timers:588:17)\n    at process.processTimers (node:internal/timers:523:7) {\n  errno: -4058,\n  code: 'ENOENT',\n  syscall: 'rename',\n  path: 'C:\\\\workspace\\\\node-test-binary-windows-js-suites\\\\node\\\\test\\\\.tmp.743\\\\test.js',\n  dest: 'C:\\\\workspace\\\\node-test-binary-windows-js-suites\\\\node\\\\test\\\\.tmp.743\\\\test-renamed-test.js'\n}\n\nTest failure: 'should not throw when delete a watched test file'\nLocation: test\\parallel\\test-runner-watch-mode.mjs:191:7\nError: EBUSY: resource busy or locked, rmdir 'C:\\workspace\\node-test-binary-windows-js-suites\\node\\test\\.tmp.743'\n    at rmdirSync (node:fs:1206:11)\n    at _rmdirSync (node:internal/fs/rimraf:236:5)\n    at rimrafSync (node:internal/fs/rimraf:194:7)\n    at Object.rmSync (node:fs:1252:10)\n    at rmSync (C:\\workspace\\node-test-binary-windows-js-suites\\node\\test\\common\\tmpdir.js:31:8)\n    at Object.refresh (C:\\workspace\\node-test-binary-windows-js-suites\\node\\test\\common\\tmpdir.js:46:3)\n    at TestContext.refresh (file:///C:/workspace/node-test-binary-windows-js-suites/node/test/parallel/test-runner-watch-mode.mjs:31:10)\n    at TestHook.runInAsyncScope (node:async_hooks:214:14)\n    at TestHook.run (node:internal/test_runner/test:1047:25)\n    at TestHook.run (node:internal/test_runner/test:1354:18) {\n  errno: -4082,\n  code: 'EBUSY',\n  syscall: 'rmdir',\n  path: 'C:\\\\workspace\\\\node-test-binary-windows-js-suites\\\\node\\\\test\\\\.tmp.743'\n}\n\nTest failure: 'should run new tests when a new file is created in the watched directory'\nLocation: test\\parallel\\test-runner-watch-mode.mjs:195:7\nError: EBUSY: resource busy or locked, rmdir 'C:\\workspace\\node-test-binary-windows-js-suites\\node\\test\\.tmp.743'\n    at rmdirSync (node:fs:1206:11)\n    at _rmdirSync (node:internal/fs/rimraf:236:5)\n    at rimrafSync (node:internal/fs/rimraf:194:7)\n    at Object.rmSync (node:fs:1252:10)\n    at rmSync (C:\\workspace\\node-test-binary-windows-js-suites\\node\\test\\common\\tmpdir.js:31:8)\n    at Object.refresh (C:\\workspace\\node-test-binary-windows-js-suites\\node\\test\\common\\tmpdir.js:46:3)\n    at TestContext.refresh (file:///C:/workspace/node-test-binary-windows-js-suites/node/test/parallel/test-runner-watch-mode.mjs:31:10)\n    at TestHook.runInAsyncScope (node:async_hooks:214:14)\n    at TestHook.run (node:internal/test_runner/test:1047:25)\n    at TestHook.run (node:internal/test_runner/test:1354:18) {\n  errno: -4082,\n  code: 'EBUSY',\n  syscall: 'rmdir',\n  path: 'C:\\\\workspace\\\\node-test-binary-windows-js-suites\\\\node\\\\test\\\\.tmp.743'\n}\n\nTest failure: 'should run tests repeatedly'\nLocation: test\\parallel\\test-runner-watch-mode.mjs:171:7\nError: EBUSY: resource busy or locked, rmdir 'C:\\workspace\\node-test-binary-windows-js-suites\\node\\test\\.tmp.743'\n    at rmdirSync (node:fs:1206:11)\n    at _rmdirSync (node:internal/fs/rimraf:236:5)\n    at rimrafSync (node:internal/fs/rimraf:194:7)\n    at Object.rmSync (node:fs:1252:10)\n    at rmSync (C:\\workspace\\node-test-binary-windows-js-suites\\node\\test\\common\\tmpdir.js:31:8)\n    at Object.refresh (C:\\workspace\\node-test-binary-windows-js-suites\\node\\test\\common\\tmpdir.js:46:3)\n    at TestContext.refresh (file:///C:/workspace/node-test-binary-windows-js-suites/node/test/parallel/test-runner-watch-mode.mjs:31:10)\n    at TestHook.runInAsyncScope (node:async_hooks:214:14)\n    at TestHook.run (node:internal/test_runner/test:1047:25)\n    at TestHook.run (node:internal/test_runner/test:1354:18) {\n  errno: -4082,\n  code: 'EBUSY',\n  syscall: 'rmdir',\n  path: 'C:\\\\workspace\\\\node-test-binary-windows-js-suites\\\\node\\\\test\\\\.tmp.743'\n}\n\nTest failure: 'should run tests with dependency repeatedly'\nLocation: test\\parallel\\test-runner-watch-mode.mjs:175:7\nError: EBUSY: resource busy or locked, rmdir 'C:\\workspace\\node-test-binary-windows-js-suites\\node\\test\\.tmp.743'\n    at rmdirSync (node:fs:1206:11)\n    at _rmdirSync (node:internal/fs/rimraf:236:5)\n    at rimrafSync (node:internal/fs/rimraf:194:7)\n    at Object.rmSync (node:fs:1252:10)\n    at rmSync (C:\\workspace\\node-test-binary-windows-js-suites\\node\\test\\common\\tmpdir.js:31:8)\n    at Object.refresh (C:\\workspace\\node-test-binary-windows-js-suites\\node\\test\\common\\tmpdir.js:46:3)\n    at TestContext.refresh (file:///C:/workspace/node-test-binary-windows-js-suites/node/test/parallel/test-runner-watch-mode.mjs:31:10)\n    at TestHook.runInAsyncScope (node:async_hooks:214:14)\n    at TestHook.run (node:internal/test_runner/test:1047:25)\n    at TestHook.run (node:internal/test_runner/test:1354:18) {\n  errno: -4082,\n  code: 'EBUSY',\n  syscall: 'rmdir',\n  path: 'C:\\\\workspace\\\\node-test-binary-windows-js-suites\\\\node\\\\test\\\\.tmp.743'\n}\n\nTest failure: 'should run tests with ESM dependency'\nLocation: test\\parallel\\test-runner-watch-mode.mjs:179:7\nError: EBUSY: resource busy or locked, rmdir 'C:\\workspace\\node-test-binary-windows-js-suites\\node\\test\\.tmp.743'\n    at rmdirSync (node:fs:1206:11)\n    at _rmdirSync (node:internal/fs/rimraf:236:5)\n    at rimrafSync (node:internal/fs/rimraf:194:7)\n    at Object.rmSync (node:fs:1252:10)\n    at rmSync (C:\\workspace\\node-test-binary-windows-js-suites\\node\\test\\common\\tmpdir.js:31:8)\n    at Object.refresh (C:\\workspace\\node-test-binary-windows-js-suites\\node\\test\\common\\tmpdir.js:46:3)\n    at TestContext.refresh (file:///C:/workspace/node-test-binary-windows-js-suites/node/test/parallel/test-runner-watch-mode.mjs:31:10)\n    at TestHook.runInAsyncScope (node:async_hooks:214:14)\n    at TestHook.run (node:internal/test_runner/test:1047:25)\n    at TestHook.run (node:internal/test_runner/test:1354:18) {\n  errno: -4082,\n  code: 'EBUSY',\n  syscall: 'rmdir',\n  path: 'C:\\\\workspace\\\\node-test-binary-windows-js-suites\\\\node\\\\test\\\\.tmp.743'\n}\n\nTest failure: 'should support running tests without a file'\nLocation: test\\parallel\\test-runner-watch-mode.mjs:183:7\nError: EBUSY: resource busy or locked, rmdir 'C:\\workspace\\node-test-binary-windows-js-suites\\node\\test\\.tmp.743'\n    at rmdirSync (node:fs:1206:11)\n    at _rmdirSync (node:internal/fs/rimraf:236:5)\n    at rimrafSync (node:internal/fs/rimraf:194:7)\n    at Object.rmSync (node:fs:1252:10)\n    at rmSync (C:\\workspace\\node-test-binary-windows-js-suites\\node\\test\\common\\tmpdir.js:31:8)\n    at Object.refresh (C:\\workspace\\node-test-binary-windows-js-suites\\node\\test\\common\\tmpdir.js:46:3)\n    at TestContext.refresh (file:///C:/workspace/node-test-binary-windows-js-suites/node/test/parallel/test-runner-watch-mode.mjs:31:10)\n    at TestHook.runInAsyncScope (node:async_hooks:214:14)\n    at TestHook.run (node:internal/test_runner/test:1047:25)\n    at TestHook.run (node:internal/test_runner/test:1354:18) {\n  errno: -4082,\n  code: 'EBUSY',\n  syscall: 'rmdir',\n  path: 'C:\\\\workspace\\\\node-test-binary-windows-js-suites\\\\node\\\\test\\\\.tmp.743'\n}\n\nTest failure: 'should support a watched test file rename'\nLocation: test\\parallel\\test-runner-watch-mode.mjs:187:7\nError: EBUSY: resource busy or locked, rmdir 'C:\\workspace\\node-test-binary-windows-js-suites\\node\\test\\.tmp.743'\n    at rmdirSync (node:fs:1206:11)\n    at _rmdirSync (node:internal/fs/rimraf:236:5)\n    at rimrafSync (node:internal/fs/rimraf:194:7)\n    at Object.rmSync (node:fs:1252:10)\n    at rmSync (C:\\workspace\\node-test-binary-windows-js-suites\\node\\test\\common\\tmpdir.js:31:8)\n    at Object.refresh (C:\\workspace\\node-test-binary-windows-js-suites\\node\\test\\common\\tmpdir.js:46:3)\n    at TestContext.refresh (file:///C:/workspace/node-test-binary-windows-js-suites/node/test/parallel/test-runner-watch-mode.mjs:31:10)\n    at TestHook.runInAsyncScope (node:async_hooks:214:14)\n    at TestHook.run (node:internal/test_runner/test:1047:25)\n    at TestHook.run (node:internal/test_runner/test:1354:18) {\n  errno: -4082,\n  code: 'EBUSY',\n  syscall: 'rmdir',\n  path: 'C:\\\\workspace\\\\node-test-binary-windows-js-suites\\\\node\\\\test\\\\.tmp.743'\n}\n\nTest failure: 'should not throw when delete a watched test file'\nLocation: test\\parallel\\test-runner-watch-mode.mjs:191:7\nError: EBUSY: resource busy or locked, rmdir 'C:\\workspace\\node-test-binary-windows-js-suites\\node\\test\\.tmp.743'\n    at rmdirSync (node:fs:1206:11)\n    at _rmdirSync (node:internal/fs/rimraf:236:5)\n    at rimrafSync (node:internal/fs/rimraf:194:7)\n    at Object.rmSync (node:fs:1252:10)\n    at rmSync (C:\\workspace\\node-test-binary-windows-js-suites\\node\\test\\common\\tmpdir.js:31:8)\n    at Object.refresh (C:\\workspace\\node-test-binary-windows-js-suites\\node\\test\\common\\tmpdir.js:46:3)\n    at TestContext.refresh (file:///C:/workspace/node-test-binary-windows-js-suites/node/test/parallel/test-runner-watch-mode.mjs:31:10)\n    at TestHook.runInAsyncScope (node:async_hooks:214:14)\n    at TestHook.run (node:internal/test_runner/test:1047:25)\n    at TestHook.run (node:internal/test_runner/test:1354:18) {\n  errno: -4082,\n  code: 'EBUSY',\n  syscall: 'rmdir',\n  path: 'C:\\\\workspace\\\\node-test-binary-windows-js-suites\\\\node\\\\test\\\\.tmp.743'\n}\n\nTest failure: 'should run new tests when a new file is created in the watched directory'\nLocation: test\\parallel\\test-runner-watch-mode.mjs:195:7\nError: EBUSY: resource busy or locked, rmdir 'C:\\workspace\\node-test-binary-windows-js-suites\\node\\test\\.tmp.743'\n    at rmdirSync (node:fs:1206:11)\n    at _rmdirSync (node:internal/fs/rimraf:236:5)\n    at rimrafSync (node:internal/fs/rimraf:194:7)\n    at Object.rmSync (node:fs:1252:10)\n    at rmSync (C:\\workspace\\node-test-binary-windows-js-suites\\node\\test\\common\\tmpdir.js:31:8)\n    at Object.refresh (C:\\workspace\\node-test-binary-windows-js-suites\\node\\test\\common\\tmpdir.js:46:3)\n    at TestContext.refresh (file:///C:/workspace/node-test-binary-windows-js-suites/node/test/parallel/test-runner-watch-mode.mjs:31:10)\n    at TestHook.runInAsyncScope (node:async_hooks:214:14)\n    at TestHook.run (node:internal/test_runner/test:1047:25)\n    at TestHook.run (node:internal/test_runner/test:1354:18) {\n  errno: -4082,\n  code: 'EBUSY',\n  syscall: 'rmdir',\n  path: 'C:\\\\workspace\\\\node-test-binary-windows-js-suites\\\\node\\\\test\\\\.tmp.743'\n}"},"time":10876.866,"fullname":"parallel/test-runner-watch-mode","closingTestPoint":false}},{"testName":"parallel/test-fs-cp","timestamp":1755806799412,"status":"FAILED","jobName":"node-test-binary-windows-js-suites","config":"node-test-binary-windows-js-suites » 2,win2016-COMPILED_BY-vs2022-x86 #36420","buildUrl":"https://ci.nodejs.org/job/node-test-binary-windows-js-suites/RUN_SUBSET=2,nodes=win2016-COMPILED_BY-vs2022-x86/36420/","buildNumber":36420,"builtOn":"test-rackspace-win2016_vs2015-x64-2","nodeVersion":"22.18.1","commitHash":"6f42a729355d74db9ddb61690764f2a26c1a3332","callStack":[{"upstreamBuild":72690,"upstreamProject":"node-test-commit-windows-fanned","upstreamUrl":"job/node-test-commit-windows-fanned/"},{"upstreamBuild":82221,"upstreamProject":"node-test-commit","upstreamUrl":"job/node-test-commit/"},{"upstreamBuild":68801,"upstreamProject":"node-test-pull-request","upstreamUrl":"job/node-test-pull-request/"},{"prId":"59179"}],"tap":{"ok":false,"name":"parallel/test-fs-cp","id":315,"buffered":false,"tapError":null,"skip":false,"todo":": Fix flaky test","previous":null,"plan":null,"diag":{"severity":"flaky","exitcode":3221226505,"stack":""},"time":332.004,"fullname":"parallel/test-fs-cp","closingTestPoint":false}},{"testName":"parallel/test-fastutf8stream-sync","timestamp":1755806799412,"status":"FAILED","jobName":"node-test-binary-windows-js-suites","config":"node-test-binary-windows-js-suites » 2,win2016-COMPILED_BY-vs2022-x86 #36420","buildUrl":"https://ci.nodejs.org/job/node-test-binary-windows-js-suites/RUN_SUBSET=2,nodes=win2016-COMPILED_BY-vs2022-x86/36420/","buildNumber":36420,"builtOn":"test-rackspace-win2016_vs2015-x64-2","nodeVersion":"22.18.1","commitHash":"6f42a729355d74db9ddb61690764f2a26c1a3332","callStack":[{"upstreamBuild":72690,"upstreamProject":"node-test-commit-windows-fanned","upstreamUrl":"job/node-test-commit-windows-fanned/"},{"upstreamBuild":82221,"upstreamProject":"node-test-commit","upstreamUrl":"job/node-test-commit/"},{"upstreamBuild":68801,"upstreamProject":"node-test-pull-request","upstreamUrl":"job/node-test-pull-request/"},{"prId":"59179"}],"tap":{"ok":false,"name":"parallel/test-fastutf8stream-sync","id":316,"buffered":false,"tapError":null,"skip":false,"todo":false,"previous":null,"plan":null,"diag":{"severity":"fail","exitcode":1,"stack":"Can't clean tmpdir: C:\\workspace\\node-test-binary-windows-js-suites\\node\\test\\.tmp.304\nFiles blocking: [\n  'fastutf8stream-9000-1755806859154-2.log',\n  'fastutf8stream-9000-1755806859196-7.log'\n]\n\nC:\\workspace\\node-test-binary-windows-js-suites\\node\\test\\common\\tmpdir.js:80\n    throw e;\n    ^\n\nError: ENOTEMPTY: directory not empty, rmdir 'C:\\workspace\\node-test-binary-windows-js-suites\\node\\test\\.tmp.304'\n    at Object.rmdirSync (node:fs:1206:11)\n    at _rmdirSync (node:internal/fs/rimraf:261:21)\n    at rimrafSync (node:internal/fs/rimraf:194:7)\n    at Object.rmSync (node:fs:1252:10)\n    at rmSync (C:\\workspace\\node-test-binary-windows-js-suites\\node\\test\\common\\tmpdir.js:31:8)\n    at onexit (C:\\workspace\\node-test-binary-windows-js-suites\\node\\test\\common\\tmpdir.js:65:5)\n    at process.<anonymous> (C:\\workspace\\node-test-binary-windows-js-suites\\node\\test\\common\\tmpdir.js:54:14)\n    at process.emit (node:events:531:35) {\n  errno: -4051,\n  code: 'ENOTEMPTY',\n  syscall: 'rmdir',\n  path: 'C:\\\\workspace\\\\node-test-binary-windows-js-suites\\\\node\\\\test\\\\.tmp.304'\n}\n\nNode.js v22.18.1-pre"},"time":1010.022,"fullname":"parallel/test-fastutf8stream-sync","closingTestPoint":false}},{"testName":"parallel/test-fs-cp","timestamp":1755806799412,"status":"FAILED","jobName":"node-test-binary-windows-js-suites","config":"node-test-binary-windows-js-suites » 2,win2019-COMPILED_BY-vs2022 #36420","buildUrl":"https://ci.nodejs.org/job/node-test-binary-windows-js-suites/RUN_SUBSET=2,nodes=win2019-COMPILED_BY-vs2022/36420/","buildNumber":36420,"builtOn":"test-rackspace-win2019_vs2019-x64-4","nodeVersion":"22.18.1","commitHash":"6f42a729355d74db9ddb61690764f2a26c1a3332","callStack":[{"upstreamBuild":72690,"upstreamProject":"node-test-commit-windows-fanned","upstreamUrl":"job/node-test-commit-windows-fanned/"},{"upstreamBuild":82221,"upstreamProject":"node-test-commit","upstreamUrl":"job/node-test-commit/"},{"upstreamBuild":68801,"upstreamProject":"node-test-pull-request","upstreamUrl":"job/node-test-pull-request/"},{"prId":"59179"}],"tap":{"ok":false,"name":"parallel/test-fs-cp","id":313,"buffered":false,"tapError":null,"skip":false,"todo":": Fix flaky test","previous":null,"plan":null,"diag":{"severity":"flaky","exitcode":3221226505,"stack":""},"time":403.003,"fullname":"parallel/test-fs-cp","closingTestPoint":false}},{"testName":"parallel/test-fs-cp","timestamp":1755806799412,"status":"FAILED","jobName":"node-test-binary-windows-js-suites","config":"node-test-binary-windows-js-suites » 2,win2022-COMPILED_BY-vs2022 #36420","buildUrl":"https://ci.nodejs.org/job/node-test-binary-windows-js-suites/RUN_SUBSET=2,nodes=win2022-COMPILED_BY-vs2022/36420/","buildNumber":36420,"builtOn":"test-rackspace-win2022_vs2022-x64-3","nodeVersion":"22.18.1","commitHash":"6f42a729355d74db9ddb61690764f2a26c1a3332","callStack":[{"upstreamBuild":72690,"upstreamProject":"node-test-commit-windows-fanned","upstreamUrl":"job/node-test-commit-windows-fanned/"},{"upstreamBuild":82221,"upstreamProject":"node-test-commit","upstreamUrl":"job/node-test-commit/"},{"upstreamBuild":68801,"upstreamProject":"node-test-pull-request","upstreamUrl":"job/node-test-pull-request/"},{"prId":"59179"}],"tap":{"ok":false,"name":"parallel/test-fs-cp","id":318,"buffered":false,"tapError":null,"skip":false,"todo":": Fix flaky test","previous":null,"plan":null,"diag":{"severity":"flaky","exitcode":3221226505,"stack":""},"time":380.006,"fullname":"parallel/test-fs-cp","closingTestPoint":false}},{"testName":"parallel/test-fastutf8stream-flush-mocks","timestamp":1755806799412,"status":"FAILED","jobName":"node-test-binary-windows-js-suites","config":"node-test-binary-windows-js-suites » 1,win2016-COMPILED_BY-vs2022-x86 #36420","buildUrl":"https://ci.nodejs.org/job/node-test-binary-windows-js-suites/RUN_SUBSET=1,nodes=win2016-COMPILED_BY-vs2022-x86/36420/","buildNumber":36420,"builtOn":"test-azure_msft-win2016_vs2017-x64-1","nodeVersion":"22.18.1","commitHash":"6f42a729355d74db9ddb61690764f2a26c1a3332","callStack":[{"upstreamBuild":72690,"upstreamProject":"node-test-commit-windows-fanned","upstreamUrl":"job/node-test-commit-windows-fanned/"},{"upstreamBuild":82221,"upstreamProject":"node-test-commit","upstreamUrl":"job/node-test-commit/"},{"upstreamBuild":68801,"upstreamProject":"node-test-pull-request","upstreamUrl":"job/node-test-pull-request/"},{"prId":"59179"}],"tap":{"ok":false,"name":"parallel/test-fastutf8stream-flush-mocks","id":311,"buffered":false,"tapError":null,"skip":false,"todo":false,"previous":null,"plan":null,"diag":{"severity":"fail","exitcode":1,"stack":"Can't clean tmpdir: C:\\workspace\\node-test-binary-windows-js-suites\\node\\test\\.tmp.302\nFiles blocking: [\n  'fastutf8stream-756-1755806848761-0.log',\n  'fastutf8stream-756-1755806848765-2.log'\n]\n\nC:\\workspace\\node-test-binary-windows-js-suites\\node\\test\\common\\tmpdir.js:80\n    throw e;\n    ^\n\nError: ENOTEMPTY: directory not empty, rmdir 'C:\\workspace\\node-test-binary-windows-js-suites\\node\\test\\.tmp.302'\n    at Object.rmdirSync (node:fs:1206:11)\n    at _rmdirSync (node:internal/fs/rimraf:261:21)\n    at rimrafSync (node:internal/fs/rimraf:194:7)\n    at Object.rmSync (node:fs:1252:10)\n    at rmSync (C:\\workspace\\node-test-binary-windows-js-suites\\node\\test\\common\\tmpdir.js:31:8)\n    at onexit (C:\\workspace\\node-test-binary-windows-js-suites\\node\\test\\common\\tmpdir.js:65:5)\n    at process.<anonymous> (C:\\workspace\\node-test-binary-windows-js-suites\\node\\test\\common\\tmpdir.js:54:14)\n    at process.emit (node:events:531:35) {\n  errno: -4051,\n  code: 'ENOTEMPTY',\n  syscall: 'rmdir',\n  path: 'C:\\\\workspace\\\\node-test-binary-windows-js-suites\\\\node\\\\test\\\\.tmp.302'\n}\n\nNode.js v22.18.1-pre"},"time":882.007,"fullname":"parallel/test-fastutf8stream-flush-mocks","closingTestPoint":false}},{"testName":"parallel/test-max-old-space-size-percentage","timestamp":1755806799412,"status":"FAILED","jobName":"node-test-binary-windows-js-suites","config":"node-test-binary-windows-js-suites » 1,win2016-COMPILED_BY-vs2022-x86 #36420","buildUrl":"https://ci.nodejs.org/job/node-test-binary-windows-js-suites/RUN_SUBSET=1,nodes=win2016-COMPILED_BY-vs2022-x86/36420/","buildNumber":36420,"builtOn":"test-azure_msft-win2016_vs2017-x64-1","nodeVersion":"22.18.1","commitHash":"6f42a729355d74db9ddb61690764f2a26c1a3332","callStack":[{"upstreamBuild":72690,"upstreamProject":"node-test-commit-windows-fanned","upstreamUrl":"job/node-test-commit-windows-fanned/"},{"upstreamBuild":82221,"upstreamProject":"node-test-commit","upstreamUrl":"job/node-test-commit/"},{"upstreamBuild":68801,"upstreamProject":"node-test-pull-request","upstreamUrl":"job/node-test-pull-request/"},{"prId":"59179"}],"tap":{"ok":false,"name":"parallel/test-max-old-space-size-percentage","id":613,"buffered":false,"tapError":null,"skip":false,"todo":false,"previous":null,"plan":null,"diag":{"severity":"fail","exitcode":1,"stack":"node:internal/assert/utils:273\n    throw err;\n    ^\n\nAssertionError [ERR_ASSERTION]: 50% heap size should be roughly half of 100% (got 1.05, expected ~0.5)\n    at Object.<anonymous> (C:\\workspace\\node-test-binary-windows-js-suites\\node\\test\\parallel\\test-max-old-space-size-percentage.js:101:1)\n    at Module._compile (node:internal/modules/cjs/loader:1706:14)\n    at Object..js (node:internal/modules/cjs/loader:1839:10)\n    at Module.load (node:internal/modules/cjs/loader:1441:32)\n    at Function._load (node:internal/modules/cjs/loader:1263:12)\n    at TracingChannel.traceSync (node:diagnostics_channel:322:14)\n    at wrapModuleLoad (node:internal/modules/cjs/loader:237:24)\n    at Function.executeUserEntryPoint [as runMain] (node:internal/modules/run_main:171:5)\n    at node:internal/main/run_main_module:36:49 {\n  generatedMessage: false,\n  code: 'ERR_ASSERTION',\n  actual: false,\n  expected: true,\n  operator: '==',\n  diff: 'simple'\n}\n\nNode.js v22.18.1-pre"},"time":1988.549,"fullname":"parallel/test-max-old-space-size-percentage","closingTestPoint":false}}]}