{"failedTests":[{"testName":"parallel/test-fs-cp-sync-symlink-points-to-dest-error","timestamp":1755849237974,"status":"FAILED","jobName":"node-test-binary-windows-js-suites","config":"node-test-binary-windows-js-suites » 1,win2019-COMPILED_BY-vs2022_clang #36434","buildUrl":"https://ci.nodejs.org/job/node-test-binary-windows-js-suites/RUN_SUBSET=1,nodes=win2019-COMPILED_BY-vs2022_clang/36434/","buildNumber":36434,"builtOn":"test-rackspace-win2019_vs2019-x64-3","nodeVersion":"25.0.0","commitHash":"dbaa7de1494384115e3980b1338333d8707198c7","callStack":[{"upstreamBuild":72704,"upstreamProject":"node-test-commit-windows-fanned","upstreamUrl":"job/node-test-commit-windows-fanned/"},{"upstreamBuild":82234,"upstreamProject":"node-test-commit","upstreamUrl":"job/node-test-commit/"},{"upstreamBuild":68812,"upstreamProject":"node-test-pull-request","upstreamUrl":"job/node-test-pull-request/"},{"prId":"59547"}],"tap":{"ok":false,"name":"parallel/test-fs-cp-sync-symlink-points-to-dest-error","id":342,"buffered":false,"tapError":null,"skip":false,"todo":": Fix flaky test","previous":null,"plan":null,"diag":{"severity":"flaky","exitcode":1,"stack":"node:internal/modules/run_main:107\n    triggerUncaughtException(\n    ^\n\nAssertionError [ERR_ASSERTION]: Missing expected exception.\n    at file:///C:/workspace/node-test-binary-windows-js-suites/node/test/parallel/test-fs-cp-sync-symlink-points-to-dest-error.mjs:17:8\n    at ModuleJob.run (node:internal/modules/esm/module_job:371:25)\n    at async onImport.tracePromise.__proto__ (node:internal/modules/esm/loader:683:26)\n    at async asyncRunEntryPointWithESMLoader (node:internal/modules/run_main:101:5) {\n  generatedMessage: false,\n  code: 'ERR_ASSERTION',\n  actual: undefined,\n  expected: { code: 'ERR_FS_CP_EINVAL' },\n  operator: 'throws',\n  diff: 'simple'\n}\n\nNode.js v25.0.0-pre"},"time":181.999,"fullname":"parallel/test-fs-cp-sync-symlink-points-to-dest-error","closingTestPoint":false}},{"testName":"parallel/test-fs-cp-sync-error-on-exist","timestamp":1755849237974,"status":"FAILED","jobName":"node-test-binary-windows-js-suites","config":"node-test-binary-windows-js-suites » 3,win10-COMPILED_BY-vs2022_clang #36434","buildUrl":"https://ci.nodejs.org/job/node-test-binary-windows-js-suites/RUN_SUBSET=3,nodes=win10-COMPILED_BY-vs2022_clang/36434/","buildNumber":36434,"builtOn":"test-azure_msft-win10_vs2019-x64-3","nodeVersion":"25.0.0","commitHash":"dbaa7de1494384115e3980b1338333d8707198c7","callStack":[{"upstreamBuild":72704,"upstreamProject":"node-test-commit-windows-fanned","upstreamUrl":"job/node-test-commit-windows-fanned/"},{"upstreamBuild":82234,"upstreamProject":"node-test-commit","upstreamUrl":"job/node-test-commit/"},{"upstreamBuild":68812,"upstreamProject":"node-test-pull-request","upstreamUrl":"job/node-test-pull-request/"},{"prId":"59547"}],"tap":{"ok":false,"name":"parallel/test-fs-cp-sync-error-on-exist","id":341,"buffered":false,"tapError":null,"skip":false,"todo":": Fix flaky test","previous":null,"plan":null,"diag":{"severity":"flaky","exitcode":1,"stack":"node:internal/modules/run_main:107\n    triggerUncaughtException(\n    ^\n\nAssertionError [ERR_ASSERTION]: Expected values to be strictly deep-equal:\n+ actual - expected\n\n  Comparison {\n+   code: ''\n-   code: 'ERR_FS_CP_EEXIST'\n  }\n\n    at file:///c:/workspace/node-test-binary-windows-js-suites/node/test/parallel/test-fs-cp-sync-error-on-exist.mjs:14:8\n    at ModuleJob.run (node:internal/modules/esm/module_job:371:25)\n    at async onImport.tracePromise.__proto__ (node:internal/modules/esm/loader:683:26)\n    at async asyncRunEntryPointWithESMLoader (node:internal/modules/run_main:101:5) {\n  generatedMessage: true,\n  code: 'ERR_ASSERTION',\n  actual: Error: , The file exists. '\\\\?\\c:\\workspace\\node-test-binary-windows-js-suites\\node\\test\\.tmp.341\\copy_%1\\a\\b'\n      at copyDir (node:internal/fs/cp/cp-sync:145:22)\n      at onDir (node:internal/fs/cp/cp-sync:137:10)\n      at getStats (node:internal/fs/cp/cp-sync:68:12)\n      at cpSyncFn (node:internal/fs/cp/cp-sync:58:10)\n      at cpSync (node:fs:3123:3)\n      at assert.throws.code (file:///c:/workspace/node-test-binary-windows-js-suites/node/test/parallel/test-fs-cp-sync-error-on-exist.mjs:15:9)\n      at getActual (node:assert:584:5)\n      at assert.throws (node:assert:732:24)\n      at file:///c:/workspace/node-test-binary-windows-js-suites/node/test/parallel/test-fs-cp-sync-error-on-exist.mjs:14:8\n      at ModuleJob.run (node:internal/modules/esm/module_job:371:25) {\n    errno: 80,\n    code: '',\n    path: '\\\\\\\\?\\\\c:\\\\workspace\\\\node-test-binary-windows-js-suites\\\\node\\\\test\\\\.tmp.341\\\\copy_%1\\\\a\\\\b',\n    syscall: 'cp'\n  },\n  expected: { code: 'ERR_FS_CP_EEXIST' },\n  operator: 'throws',\n  diff: 'simple'\n}\n\nNode.js v25.0.0-pre"},"time":173.014,"fullname":"parallel/test-fs-cp-sync-error-on-exist","closingTestPoint":false}},{"testName":"parallel/test-fs-cp-sync-unicode-folder-names","timestamp":1755849237974,"status":"FAILED","jobName":"node-test-binary-windows-js-suites","config":"node-test-binary-windows-js-suites » 2,win2022-COMPILED_BY-vs2022_clang #36434","buildUrl":"https://ci.nodejs.org/job/node-test-binary-windows-js-suites/RUN_SUBSET=2,nodes=win2022-COMPILED_BY-vs2022_clang/36434/","buildNumber":36434,"builtOn":"test-rackspace-win2022_vs2022-x64-3","nodeVersion":"25.0.0","commitHash":"dbaa7de1494384115e3980b1338333d8707198c7","callStack":[{"upstreamBuild":72704,"upstreamProject":"node-test-commit-windows-fanned","upstreamUrl":"job/node-test-commit-windows-fanned/"},{"upstreamBuild":82234,"upstreamProject":"node-test-commit","upstreamUrl":"job/node-test-commit/"},{"upstreamBuild":68812,"upstreamProject":"node-test-pull-request","upstreamUrl":"job/node-test-pull-request/"},{"prId":"59547"}],"tap":{"ok":false,"name":"parallel/test-fs-cp-sync-unicode-folder-names","id":351,"buffered":false,"tapError":null,"skip":false,"todo":": Fix flaky test","previous":null,"plan":null,"diag":{"severity":"flaky","exitcode":3221226505,"stack":""},"time":397.01,"fullname":"parallel/test-fs-cp-sync-unicode-folder-names","closingTestPoint":false}},{"testName":"parallel/test-fs-cp-async-symlink-points-to-dest","timestamp":1755849237974,"status":"FAILED","jobName":"node-test-binary-windows-js-suites","config":"node-test-binary-windows-js-suites » 2,win11-COMPILED_BY-vs2022_clang #36434","buildUrl":"https://ci.nodejs.org/job/node-test-binary-windows-js-suites/RUN_SUBSET=2,nodes=win11-COMPILED_BY-vs2022_clang/36434/","buildNumber":36434,"builtOn":"test-azure_msft-win11_vs2022-x64-4","nodeVersion":"25.0.0","commitHash":"dbaa7de1494384115e3980b1338333d8707198c7","callStack":[{"upstreamBuild":72704,"upstreamProject":"node-test-commit-windows-fanned","upstreamUrl":"job/node-test-commit-windows-fanned/"},{"upstreamBuild":82234,"upstreamProject":"node-test-commit","upstreamUrl":"job/node-test-commit/"},{"upstreamBuild":68812,"upstreamProject":"node-test-pull-request","upstreamUrl":"job/node-test-pull-request/"},{"prId":"59547"}],"tap":{"ok":false,"name":"parallel/test-fs-cp-async-symlink-points-to-dest","id":337,"buffered":false,"tapError":null,"skip":false,"todo":": Fix flaky test","previous":null,"plan":null,"diag":{"severity":"flaky","exitcode":1,"stack":"file:///c:/workspace/node-test-binary-windows-js-suites/node/test/parallel/test-fs-cp-async-symlink-points-to-dest.mjs:19\n  assert.strictEqual(err.code, 'ERR_FS_CP_EINVAL');\n                         ^\n\nTypeError: Cannot read properties of null (reading 'code')\n    at file:///c:/workspace/node-test-binary-windows-js-suites/node/test/parallel/test-fs-cp-async-symlink-points-to-dest.mjs:19:26\n    at c:\\workspace\\node-test-binary-windows-js-suites\\node\\test\\common\\index.js:468:15\n    at node:fs:180:23\n    at process.processTicksAndRejections (node:internal/process/task_queues:90:21)\n\nNode.js v25.0.0-pre"},"time":161.004,"fullname":"parallel/test-fs-cp-async-symlink-points-to-dest","closingTestPoint":false}},{"testName":"parallel/test-fs-cp-sync-unicode-folder-names","timestamp":1755849237974,"status":"FAILED","jobName":"node-test-binary-windows-js-suites","config":"node-test-binary-windows-js-suites » 2,win11-COMPILED_BY-vs2022_clang #36434","buildUrl":"https://ci.nodejs.org/job/node-test-binary-windows-js-suites/RUN_SUBSET=2,nodes=win11-COMPILED_BY-vs2022_clang/36434/","buildNumber":36434,"builtOn":"test-azure_msft-win11_vs2022-x64-4","nodeVersion":"25.0.0","commitHash":"dbaa7de1494384115e3980b1338333d8707198c7","callStack":[{"upstreamBuild":72704,"upstreamProject":"node-test-commit-windows-fanned","upstreamUrl":"job/node-test-commit-windows-fanned/"},{"upstreamBuild":82234,"upstreamProject":"node-test-commit","upstreamUrl":"job/node-test-commit/"},{"upstreamBuild":68812,"upstreamProject":"node-test-pull-request","upstreamUrl":"job/node-test-pull-request/"},{"prId":"59547"}],"tap":{"ok":false,"name":"parallel/test-fs-cp-sync-unicode-folder-names","id":348,"buffered":false,"tapError":null,"skip":false,"todo":": Fix flaky test","previous":null,"plan":null,"diag":{"severity":"flaky","exitcode":3221226505,"stack":""},"time":287.012,"fullname":"parallel/test-fs-cp-sync-unicode-folder-names","closingTestPoint":false}},{"testName":"parallel/test-fs-cp-sync-unicode-folder-names","timestamp":1755849237974,"status":"FAILED","jobName":"node-test-binary-windows-js-suites","config":"node-test-binary-windows-js-suites » 2,win2019-COMPILED_BY-vs2022_clang #36434","buildUrl":"https://ci.nodejs.org/job/node-test-binary-windows-js-suites/RUN_SUBSET=2,nodes=win2019-COMPILED_BY-vs2022_clang/36434/","buildNumber":36434,"builtOn":"test-rackspace-win2019_vs2019-x64-2","nodeVersion":"25.0.0","commitHash":"dbaa7de1494384115e3980b1338333d8707198c7","callStack":[{"upstreamBuild":72704,"upstreamProject":"node-test-commit-windows-fanned","upstreamUrl":"job/node-test-commit-windows-fanned/"},{"upstreamBuild":82234,"upstreamProject":"node-test-commit","upstreamUrl":"job/node-test-commit/"},{"upstreamBuild":68812,"upstreamProject":"node-test-pull-request","upstreamUrl":"job/node-test-pull-request/"},{"prId":"59547"}],"tap":{"ok":false,"name":"parallel/test-fs-cp-sync-unicode-folder-names","id":349,"buffered":false,"tapError":null,"skip":false,"todo":": Fix flaky test","previous":null,"plan":null,"diag":{"severity":"flaky","exitcode":3221226505,"stack":""},"time":380.024,"fullname":"parallel/test-fs-cp-sync-unicode-folder-names","closingTestPoint":false}},{"testName":"parallel/test-fs-cp-sync-symlink-points-to-dest-error","timestamp":1755849237974,"status":"FAILED","jobName":"node-test-binary-windows-js-suites","config":"node-test-binary-windows-js-suites » 1,win2022-COMPILED_BY-vs2022_clang #36434","buildUrl":"https://ci.nodejs.org/job/node-test-binary-windows-js-suites/RUN_SUBSET=1,nodes=win2022-COMPILED_BY-vs2022_clang/36434/","buildNumber":36434,"builtOn":"test-rackspace-win2022_vs2022-x64-5","nodeVersion":"25.0.0","commitHash":"dbaa7de1494384115e3980b1338333d8707198c7","callStack":[{"upstreamBuild":72704,"upstreamProject":"node-test-commit-windows-fanned","upstreamUrl":"job/node-test-commit-windows-fanned/"},{"upstreamBuild":82234,"upstreamProject":"node-test-commit","upstreamUrl":"job/node-test-commit/"},{"upstreamBuild":68812,"upstreamProject":"node-test-pull-request","upstreamUrl":"job/node-test-pull-request/"},{"prId":"59547"}],"tap":{"ok":false,"name":"parallel/test-fs-cp-sync-symlink-points-to-dest-error","id":345,"buffered":false,"tapError":null,"skip":false,"todo":": Fix flaky test","previous":null,"plan":null,"diag":{"severity":"flaky","exitcode":1,"stack":"node:internal/modules/run_main:107\n    triggerUncaughtException(\n    ^\n\nAssertionError [ERR_ASSERTION]: Missing expected exception.\n    at file:///C:/workspace/node-test-binary-windows-js-suites/node/test/parallel/test-fs-cp-sync-symlink-points-to-dest-error.mjs:17:8\n    at ModuleJob.run (node:internal/modules/esm/module_job:371:25)\n    at async onImport.tracePromise.__proto__ (node:internal/modules/esm/loader:683:26)\n    at async asyncRunEntryPointWithESMLoader (node:internal/modules/run_main:101:5) {\n  generatedMessage: false,\n  code: 'ERR_ASSERTION',\n  actual: undefined,\n  expected: { code: 'ERR_FS_CP_EINVAL' },\n  operator: 'throws',\n  diff: 'simple'\n}\n\nNode.js v25.0.0-pre"},"time":208.007,"fullname":"parallel/test-fs-cp-sync-symlink-points-to-dest-error","closingTestPoint":false}},{"testName":"parallel/test-fs-cp-sync-error-on-exist","timestamp":1755849237974,"status":"FAILED","jobName":"node-test-binary-windows-js-suites","config":"node-test-binary-windows-js-suites » 3,win2022-COMPILED_BY-vs2022_clang #36434","buildUrl":"https://ci.nodejs.org/job/node-test-binary-windows-js-suites/RUN_SUBSET=3,nodes=win2022-COMPILED_BY-vs2022_clang/36434/","buildNumber":36434,"builtOn":"test-rackspace-win2022_vs2022-x64-2","nodeVersion":"25.0.0","commitHash":"dbaa7de1494384115e3980b1338333d8707198c7","callStack":[{"upstreamBuild":72704,"upstreamProject":"node-test-commit-windows-fanned","upstreamUrl":"job/node-test-commit-windows-fanned/"},{"upstreamBuild":82234,"upstreamProject":"node-test-commit","upstreamUrl":"job/node-test-commit/"},{"upstreamBuild":68812,"upstreamProject":"node-test-pull-request","upstreamUrl":"job/node-test-pull-request/"},{"prId":"59547"}],"tap":{"ok":false,"name":"parallel/test-fs-cp-sync-error-on-exist","id":341,"buffered":false,"tapError":null,"skip":false,"todo":": Fix flaky test","previous":null,"plan":null,"diag":{"severity":"flaky","exitcode":1,"stack":"node:internal/modules/run_main:107\n    triggerUncaughtException(\n    ^\n\nAssertionError [ERR_ASSERTION]: Expected values to be strictly deep-equal:\n+ actual - expected\n\n  Comparison {\n+   code: ''\n-   code: 'ERR_FS_CP_EEXIST'\n  }\n\n    at file:///C:/workspace/node-test-binary-windows-js-suites/node/test/parallel/test-fs-cp-sync-error-on-exist.mjs:14:8\n    at ModuleJob.run (node:internal/modules/esm/module_job:371:25)\n    at async onImport.tracePromise.__proto__ (node:internal/modules/esm/loader:683:26)\n    at async asyncRunEntryPointWithESMLoader (node:internal/modules/run_main:101:5) {\n  generatedMessage: true,\n  code: 'ERR_ASSERTION',\n  actual: Error: , The file exists. '\\\\?\\C:\\workspace\\node-test-binary-windows-js-suites\\node\\test\\.tmp.341\\copy_%1\\a\\b'\n      at copyDir (node:internal/fs/cp/cp-sync:145:22)\n      at onDir (node:internal/fs/cp/cp-sync:137:10)\n      at getStats (node:internal/fs/cp/cp-sync:68:12)\n      at cpSyncFn (node:internal/fs/cp/cp-sync:58:10)\n      at cpSync (node:fs:3123:3)\n      at assert.throws.code (file:///C:/workspace/node-test-binary-windows-js-suites/node/test/parallel/test-fs-cp-sync-error-on-exist.mjs:15:9)\n      at getActual (node:assert:584:5)\n      at assert.throws (node:assert:732:24)\n      at file:///C:/workspace/node-test-binary-windows-js-suites/node/test/parallel/test-fs-cp-sync-error-on-exist.mjs:14:8\n      at ModuleJob.run (node:internal/modules/esm/module_job:371:25) {\n    errno: 80,\n    code: '',\n    path: '\\\\\\\\?\\\\C:\\\\workspace\\\\node-test-binary-windows-js-suites\\\\node\\\\test\\\\.tmp.341\\\\copy_%1\\\\a\\\\b',\n    syscall: 'cp'\n  },\n  expected: { code: 'ERR_FS_CP_EEXIST' },\n  operator: 'throws',\n  diff: 'simple'\n}\n\nNode.js v25.0.0-pre"},"time":262.025,"fullname":"parallel/test-fs-cp-sync-error-on-exist","closingTestPoint":false}},{"testName":"parallel/test-fs-cp-sync-symlink-points-to-dest-error","timestamp":1755849237974,"status":"FAILED","jobName":"node-test-binary-windows-js-suites","config":"node-test-binary-windows-js-suites » 1,win11-COMPILED_BY-vs2022_clang #36434","buildUrl":"https://ci.nodejs.org/job/node-test-binary-windows-js-suites/RUN_SUBSET=1,nodes=win11-COMPILED_BY-vs2022_clang/36434/","buildNumber":36434,"builtOn":"test-azure_msft-win11_vs2022-x64-2","nodeVersion":"25.0.0","commitHash":"dbaa7de1494384115e3980b1338333d8707198c7","callStack":[{"upstreamBuild":72704,"upstreamProject":"node-test-commit-windows-fanned","upstreamUrl":"job/node-test-commit-windows-fanned/"},{"upstreamBuild":82234,"upstreamProject":"node-test-commit","upstreamUrl":"job/node-test-commit/"},{"upstreamBuild":68812,"upstreamProject":"node-test-pull-request","upstreamUrl":"job/node-test-pull-request/"},{"prId":"59547"}],"tap":{"ok":false,"name":"parallel/test-fs-cp-sync-symlink-points-to-dest-error","id":345,"buffered":false,"tapError":null,"skip":false,"todo":": Fix flaky test","previous":null,"plan":null,"diag":{"severity":"flaky","exitcode":1,"stack":"node:internal/modules/run_main:107\n    triggerUncaughtException(\n    ^\n\nAssertionError [ERR_ASSERTION]: Missing expected exception.\n    at file:///c:/workspace/node-test-binary-windows-js-suites/node/test/parallel/test-fs-cp-sync-symlink-points-to-dest-error.mjs:17:8\n    at ModuleJob.run (node:internal/modules/esm/module_job:371:25)\n    at async onImport.tracePromise.__proto__ (node:internal/modules/esm/loader:683:26)\n    at async asyncRunEntryPointWithESMLoader (node:internal/modules/run_main:101:5) {\n  generatedMessage: false,\n  code: 'ERR_ASSERTION',\n  actual: undefined,\n  expected: { code: 'ERR_FS_CP_EINVAL' },\n  operator: 'throws',\n  diff: 'simple'\n}\n\nNode.js v25.0.0-pre"},"time":186.004,"fullname":"parallel/test-fs-cp-sync-symlink-points-to-dest-error","closingTestPoint":false}},{"testName":"parallel/test-fs-cp-sync-error-on-exist","timestamp":1755849237974,"status":"FAILED","jobName":"node-test-binary-windows-js-suites","config":"node-test-binary-windows-js-suites » 3,win11-COMPILED_BY-vs2022_clang #36434","buildUrl":"https://ci.nodejs.org/job/node-test-binary-windows-js-suites/RUN_SUBSET=3,nodes=win11-COMPILED_BY-vs2022_clang/36434/","buildNumber":36434,"builtOn":"test-azure_msft-win11_vs2022-x64-1","nodeVersion":"25.0.0","commitHash":"dbaa7de1494384115e3980b1338333d8707198c7","callStack":[{"upstreamBuild":72704,"upstreamProject":"node-test-commit-windows-fanned","upstreamUrl":"job/node-test-commit-windows-fanned/"},{"upstreamBuild":82234,"upstreamProject":"node-test-commit","upstreamUrl":"job/node-test-commit/"},{"upstreamBuild":68812,"upstreamProject":"node-test-pull-request","upstreamUrl":"job/node-test-pull-request/"},{"prId":"59547"}],"tap":{"ok":false,"name":"parallel/test-fs-cp-sync-error-on-exist","id":341,"buffered":false,"tapError":null,"skip":false,"todo":": Fix flaky test","previous":null,"plan":null,"diag":{"severity":"flaky","exitcode":1,"stack":"node:internal/modules/run_main:107\n    triggerUncaughtException(\n    ^\n\nAssertionError [ERR_ASSERTION]: Expected values to be strictly deep-equal:\n+ actual - expected\n\n  Comparison {\n+   code: ''\n-   code: 'ERR_FS_CP_EEXIST'\n  }\n\n    at file:///c:/workspace/node-test-binary-windows-js-suites/node/test/parallel/test-fs-cp-sync-error-on-exist.mjs:14:8\n    at ModuleJob.run (node:internal/modules/esm/module_job:371:25)\n    at async onImport.tracePromise.__proto__ (node:internal/modules/esm/loader:683:26)\n    at async asyncRunEntryPointWithESMLoader (node:internal/modules/run_main:101:5) {\n  generatedMessage: true,\n  code: 'ERR_ASSERTION',\n  actual: Error: , The file exists. '\\\\?\\c:\\workspace\\node-test-binary-windows-js-suites\\node\\test\\.tmp.341\\copy_%1\\a\\b'\n      at copyDir (node:internal/fs/cp/cp-sync:145:22)\n      at onDir (node:internal/fs/cp/cp-sync:137:10)\n      at getStats (node:internal/fs/cp/cp-sync:68:12)\n      at cpSyncFn (node:internal/fs/cp/cp-sync:58:10)\n      at cpSync (node:fs:3123:3)\n      at assert.throws.code (file:///c:/workspace/node-test-binary-windows-js-suites/node/test/parallel/test-fs-cp-sync-error-on-exist.mjs:15:9)\n      at getActual (node:assert:584:5)\n      at assert.throws (node:assert:732:24)\n      at file:///c:/workspace/node-test-binary-windows-js-suites/node/test/parallel/test-fs-cp-sync-error-on-exist.mjs:14:8\n      at ModuleJob.run (node:internal/modules/esm/module_job:371:25) {\n    errno: 80,\n    code: '',\n    path: '\\\\\\\\?\\\\c:\\\\workspace\\\\node-test-binary-windows-js-suites\\\\node\\\\test\\\\.tmp.341\\\\copy_%1\\\\a\\\\b',\n    syscall: 'cp'\n  },\n  expected: { code: 'ERR_FS_CP_EEXIST' },\n  operator: 'throws',\n  diff: 'simple'\n}\n\nNode.js v25.0.0-pre"},"time":172.011,"fullname":"parallel/test-fs-cp-sync-error-on-exist","closingTestPoint":false}},{"testName":"parallel/test-fs-cp-sync-symlink-points-to-dest-error","timestamp":1755849237974,"status":"FAILED","jobName":"node-test-binary-windows-js-suites","config":"node-test-binary-windows-js-suites » 2,win11-arm64-COMPILED_BY-vs2022_clang-arm64 #36434","buildUrl":"https://ci.nodejs.org/job/node-test-binary-windows-js-suites/RUN_SUBSET=2,nodes=win11-arm64-COMPILED_BY-vs2022_clang-arm64/36434/","buildNumber":36434,"builtOn":"test-azure_msft-win11_vs2022-arm64-3","nodeVersion":"25.0.0","commitHash":"dbaa7de1494384115e3980b1338333d8707198c7","callStack":[{"upstreamBuild":72704,"upstreamProject":"node-test-commit-windows-fanned","upstreamUrl":"job/node-test-commit-windows-fanned/"},{"upstreamBuild":82234,"upstreamProject":"node-test-commit","upstreamUrl":"job/node-test-commit/"},{"upstreamBuild":68812,"upstreamProject":"node-test-pull-request","upstreamUrl":"job/node-test-pull-request/"},{"prId":"59547"}],"tap":{"ok":false,"name":"parallel/test-fs-cp-sync-symlink-points-to-dest-error","id":344,"buffered":false,"tapError":null,"skip":false,"todo":": Fix flaky test","previous":null,"plan":null,"diag":{"severity":"flaky","exitcode":1,"stack":"node:internal/modules/run_main:107\n    triggerUncaughtException(\n    ^\n\nAssertionError [ERR_ASSERTION]: Missing expected exception.\n    at file:///d:/workspace/node-test-binary-windows-js-suites/node/test/parallel/test-fs-cp-sync-symlink-points-to-dest-error.mjs:17:8\n    at ModuleJob.run (node:internal/modules/esm/module_job:371:25)\n    at async onImport.tracePromise.__proto__ (node:internal/modules/esm/loader:683:26)\n    at async asyncRunEntryPointWithESMLoader (node:internal/modules/run_main:101:5) {\n  generatedMessage: false,\n  code: 'ERR_ASSERTION',\n  actual: undefined,\n  expected: { code: 'ERR_FS_CP_EINVAL' },\n  operator: 'throws',\n  diff: 'simple'\n}\n\nNode.js v25.0.0-pre"},"time":297.002,"fullname":"parallel/test-fs-cp-sync-symlink-points-to-dest-error","closingTestPoint":false}},{"testName":"parallel/test-fs-cp-sync-symlink-points-to-dest-error","timestamp":1755849237974,"status":"FAILED","jobName":"node-test-binary-windows-js-suites","config":"node-test-binary-windows-js-suites » 1,win10-COMPILED_BY-vs2022_clang #36434","buildUrl":"https://ci.nodejs.org/job/node-test-binary-windows-js-suites/RUN_SUBSET=1,nodes=win10-COMPILED_BY-vs2022_clang/36434/","buildNumber":36434,"builtOn":"test-azure_msft-win10_vs2019-x64-2","nodeVersion":"25.0.0","commitHash":"dbaa7de1494384115e3980b1338333d8707198c7","callStack":[{"upstreamBuild":72704,"upstreamProject":"node-test-commit-windows-fanned","upstreamUrl":"job/node-test-commit-windows-fanned/"},{"upstreamBuild":82234,"upstreamProject":"node-test-commit","upstreamUrl":"job/node-test-commit/"},{"upstreamBuild":68812,"upstreamProject":"node-test-pull-request","upstreamUrl":"job/node-test-pull-request/"},{"prId":"59547"}],"tap":{"ok":false,"name":"parallel/test-fs-cp-sync-symlink-points-to-dest-error","id":345,"buffered":false,"tapError":null,"skip":false,"todo":": Fix flaky test","previous":null,"plan":null,"diag":{"severity":"flaky","exitcode":1,"stack":"node:internal/modules/run_main:107\n    triggerUncaughtException(\n    ^\n\nAssertionError [ERR_ASSERTION]: Missing expected exception.\n    at file:///c:/workspace/node-test-binary-windows-js-suites/node/test/parallel/test-fs-cp-sync-symlink-points-to-dest-error.mjs:17:8\n    at ModuleJob.run (node:internal/modules/esm/module_job:371:25)\n    at async onImport.tracePromise.__proto__ (node:internal/modules/esm/loader:683:26)\n    at async asyncRunEntryPointWithESMLoader (node:internal/modules/run_main:101:5) {\n  generatedMessage: false,\n  code: 'ERR_ASSERTION',\n  actual: undefined,\n  expected: { code: 'ERR_FS_CP_EINVAL' },\n  operator: 'throws',\n  diff: 'simple'\n}\n\nNode.js v25.0.0-pre"},"time":150.002,"fullname":"parallel/test-fs-cp-sync-symlink-points-to-dest-error","closingTestPoint":false}},{"testName":"parallel/test-fs-cp-async-symlink-points-to-dest","timestamp":1755849237974,"status":"FAILED","jobName":"node-test-binary-windows-js-suites","config":"node-test-binary-windows-js-suites » 3,win11-arm64-COMPILED_BY-vs2022_clang-arm64 #36434","buildUrl":"https://ci.nodejs.org/job/node-test-binary-windows-js-suites/RUN_SUBSET=3,nodes=win11-arm64-COMPILED_BY-vs2022_clang-arm64/36434/","buildNumber":36434,"builtOn":"test-azure_msft-win11_vs2022-arm64-5","nodeVersion":"25.0.0","commitHash":"dbaa7de1494384115e3980b1338333d8707198c7","callStack":[{"upstreamBuild":72704,"upstreamProject":"node-test-commit-windows-fanned","upstreamUrl":"job/node-test-commit-windows-fanned/"},{"upstreamBuild":82234,"upstreamProject":"node-test-commit","upstreamUrl":"job/node-test-commit/"},{"upstreamBuild":68812,"upstreamProject":"node-test-pull-request","upstreamUrl":"job/node-test-pull-request/"},{"prId":"59547"}],"tap":{"ok":false,"name":"parallel/test-fs-cp-async-symlink-points-to-dest","id":336,"buffered":false,"tapError":null,"skip":false,"todo":": Fix flaky test","previous":null,"plan":null,"diag":{"severity":"flaky","exitcode":1,"stack":"file:///d:/workspace/node-test-binary-windows-js-suites/node/test/parallel/test-fs-cp-async-symlink-points-to-dest.mjs:19\n  assert.strictEqual(err.code, 'ERR_FS_CP_EINVAL');\n                         ^\n\nTypeError: Cannot read properties of null (reading 'code')\n    at file:///d:/workspace/node-test-binary-windows-js-suites/node/test/parallel/test-fs-cp-async-symlink-points-to-dest.mjs:19:26\n    at d:\\workspace\\node-test-binary-windows-js-suites\\node\\test\\common\\index.js:468:15\n    at node:fs:180:23\n    at process.processTicksAndRejections (node:internal/process/task_queues:90:21)\n\nNode.js v25.0.0-pre"},"time":373.002,"fullname":"parallel/test-fs-cp-async-symlink-points-to-dest","closingTestPoint":false}},{"testName":"parallel/test-fs-cp-sync-unicode-folder-names","timestamp":1755849237974,"status":"FAILED","jobName":"node-test-binary-windows-js-suites","config":"node-test-binary-windows-js-suites » 3,win11-arm64-COMPILED_BY-vs2022_clang-arm64 #36434","buildUrl":"https://ci.nodejs.org/job/node-test-binary-windows-js-suites/RUN_SUBSET=3,nodes=win11-arm64-COMPILED_BY-vs2022_clang-arm64/36434/","buildNumber":36434,"builtOn":"test-azure_msft-win11_vs2022-arm64-5","nodeVersion":"25.0.0","commitHash":"dbaa7de1494384115e3980b1338333d8707198c7","callStack":[{"upstreamBuild":72704,"upstreamProject":"node-test-commit-windows-fanned","upstreamUrl":"job/node-test-commit-windows-fanned/"},{"upstreamBuild":82234,"upstreamProject":"node-test-commit","upstreamUrl":"job/node-test-commit/"},{"upstreamBuild":68812,"upstreamProject":"node-test-pull-request","upstreamUrl":"job/node-test-pull-request/"},{"prId":"59547"}],"tap":{"ok":false,"name":"parallel/test-fs-cp-sync-unicode-folder-names","id":352,"buffered":false,"tapError":null,"skip":false,"todo":": Fix flaky test","previous":null,"plan":null,"diag":{"severity":"flaky","exitcode":3221226505,"stack":""},"time":510.995,"fullname":"parallel/test-fs-cp-sync-unicode-folder-names","closingTestPoint":false}},{"testName":"parallel/test-fs-cp-sync-error-on-exist","timestamp":1755849237974,"status":"FAILED","jobName":"node-test-binary-windows-js-suites","config":"node-test-binary-windows-js-suites » 0,win11-arm64-COMPILED_BY-vs2022_clang-arm64 #36434","buildUrl":"https://ci.nodejs.org/job/node-test-binary-windows-js-suites/RUN_SUBSET=0,nodes=win11-arm64-COMPILED_BY-vs2022_clang-arm64/36434/","buildNumber":36434,"builtOn":"test-azure_msft-win11_vs2022-arm64-1","nodeVersion":"25.0.0","commitHash":"dbaa7de1494384115e3980b1338333d8707198c7","callStack":[{"upstreamBuild":72704,"upstreamProject":"node-test-commit-windows-fanned","upstreamUrl":"job/node-test-commit-windows-fanned/"},{"upstreamBuild":82234,"upstreamProject":"node-test-commit","upstreamUrl":"job/node-test-commit/"},{"upstreamBuild":68812,"upstreamProject":"node-test-pull-request","upstreamUrl":"job/node-test-pull-request/"},{"prId":"59547"}],"tap":{"ok":false,"name":"parallel/test-fs-cp-sync-error-on-exist","id":341,"buffered":false,"tapError":null,"skip":false,"todo":": Fix flaky test","previous":null,"plan":null,"diag":{"severity":"flaky","exitcode":1,"stack":"node:internal/modules/run_main:107\n    triggerUncaughtException(\n    ^\n\nAssertionError [ERR_ASSERTION]: Expected values to be strictly deep-equal:\n+ actual - expected\n\n  Comparison {\n+   code: ''\n-   code: 'ERR_FS_CP_EEXIST'\n  }\n\n    at file:///d:/workspace/node-test-binary-windows-js-suites/node/test/parallel/test-fs-cp-sync-error-on-exist.mjs:14:8\n    at ModuleJob.run (node:internal/modules/esm/module_job:371:25)\n    at async onImport.tracePromise.__proto__ (node:internal/modules/esm/loader:683:26)\n    at async asyncRunEntryPointWithESMLoader (node:internal/modules/run_main:101:5) {\n  generatedMessage: true,\n  code: 'ERR_ASSERTION',\n  actual: Error: , The file exists. '\\\\?\\d:\\workspace\\node-test-binary-windows-js-suites\\node\\test\\.tmp.340\\copy_%1\\a\\b'\n      at copyDir (node:internal/fs/cp/cp-sync:145:22)\n      at onDir (node:internal/fs/cp/cp-sync:137:10)\n      at getStats (node:internal/fs/cp/cp-sync:68:12)\n      at cpSyncFn (node:internal/fs/cp/cp-sync:58:10)\n      at cpSync (node:fs:3123:3)\n      at assert.throws.code (file:///d:/workspace/node-test-binary-windows-js-suites/node/test/parallel/test-fs-cp-sync-error-on-exist.mjs:15:9)\n      at getActual (node:assert:584:5)\n      at assert.throws (node:assert:732:24)\n      at file:///d:/workspace/node-test-binary-windows-js-suites/node/test/parallel/test-fs-cp-sync-error-on-exist.mjs:14:8\n      at ModuleJob.run (node:internal/modules/esm/module_job:371:25) {\n    errno: 80,\n    code: '',\n    path: '\\\\\\\\?\\\\d:\\\\workspace\\\\node-test-binary-windows-js-suites\\\\node\\\\test\\\\.tmp.340\\\\copy_%1\\\\a\\\\b',\n    syscall: 'cp'\n  },\n  expected: { code: 'ERR_FS_CP_EEXIST' },\n  operator: 'throws',\n  diff: 'simple'\n}\n\nNode.js v25.0.0-pre"},"time":282.995,"fullname":"parallel/test-fs-cp-sync-error-on-exist","closingTestPoint":false}},{"testName":"parallel/test-fs-cp-sync-error-on-exist","timestamp":1755849237974,"status":"FAILED","jobName":"node-test-binary-windows-js-suites","config":"node-test-binary-windows-js-suites » 3,win2019-COMPILED_BY-vs2022_clang #36434","buildUrl":"https://ci.nodejs.org/job/node-test-binary-windows-js-suites/RUN_SUBSET=3,nodes=win2019-COMPILED_BY-vs2022_clang/36434/","buildNumber":36434,"builtOn":"test-rackspace-win2019_vs2019-x64-4","nodeVersion":"25.0.0","commitHash":"dbaa7de1494384115e3980b1338333d8707198c7","callStack":[{"upstreamBuild":72704,"upstreamProject":"node-test-commit-windows-fanned","upstreamUrl":"job/node-test-commit-windows-fanned/"},{"upstreamBuild":82234,"upstreamProject":"node-test-commit","upstreamUrl":"job/node-test-commit/"},{"upstreamBuild":68812,"upstreamProject":"node-test-pull-request","upstreamUrl":"job/node-test-pull-request/"},{"prId":"59547"}],"tap":{"ok":false,"name":"parallel/test-fs-cp-sync-error-on-exist","id":340,"buffered":false,"tapError":null,"skip":false,"todo":": Fix flaky test","previous":null,"plan":null,"diag":{"severity":"flaky","exitcode":1,"stack":"node:internal/modules/run_main:107\n    triggerUncaughtException(\n    ^\n\nAssertionError [ERR_ASSERTION]: Expected values to be strictly deep-equal:\n+ actual - expected\n\n  Comparison {\n+   code: ''\n-   code: 'ERR_FS_CP_EEXIST'\n  }\n\n    at file:///C:/workspace/node-test-binary-windows-js-suites/node/test/parallel/test-fs-cp-sync-error-on-exist.mjs:14:8\n    at ModuleJob.run (node:internal/modules/esm/module_job:371:25)\n    at async onImport.tracePromise.__proto__ (node:internal/modules/esm/loader:683:26)\n    at async asyncRunEntryPointWithESMLoader (node:internal/modules/run_main:101:5) {\n  generatedMessage: true,\n  code: 'ERR_ASSERTION',\n  actual: Error: , The file exists. '\\\\?\\C:\\workspace\\node-test-binary-windows-js-suites\\node\\test\\.tmp.341\\copy_%1\\a\\b'\n      at copyDir (node:internal/fs/cp/cp-sync:145:22)\n      at onDir (node:internal/fs/cp/cp-sync:137:10)\n      at getStats (node:internal/fs/cp/cp-sync:68:12)\n      at cpSyncFn (node:internal/fs/cp/cp-sync:58:10)\n      at cpSync (node:fs:3123:3)\n      at assert.throws.code (file:///C:/workspace/node-test-binary-windows-js-suites/node/test/parallel/test-fs-cp-sync-error-on-exist.mjs:15:9)\n      at getActual (node:assert:584:5)\n      at assert.throws (node:assert:732:24)\n      at file:///C:/workspace/node-test-binary-windows-js-suites/node/test/parallel/test-fs-cp-sync-error-on-exist.mjs:14:8\n      at ModuleJob.run (node:internal/modules/esm/module_job:371:25) {\n    errno: 80,\n    code: '',\n    path: '\\\\\\\\?\\\\C:\\\\workspace\\\\node-test-binary-windows-js-suites\\\\node\\\\test\\\\.tmp.341\\\\copy_%1\\\\a\\\\b',\n    syscall: 'cp'\n  },\n  expected: { code: 'ERR_FS_CP_EEXIST' },\n  operator: 'throws',\n  diff: 'simple'\n}\n\nNode.js v25.0.0-pre"},"time":329.012,"fullname":"parallel/test-fs-cp-sync-error-on-exist","closingTestPoint":false}},{"testName":"parallel/test-fs-cp-async-symlink-points-to-dest","timestamp":1755849237974,"status":"FAILED","jobName":"node-test-binary-windows-js-suites","config":"node-test-binary-windows-js-suites » 2,win10-COMPILED_BY-vs2022_clang #36434","buildUrl":"https://ci.nodejs.org/job/node-test-binary-windows-js-suites/RUN_SUBSET=2,nodes=win10-COMPILED_BY-vs2022_clang/36434/","buildNumber":36434,"builtOn":"test-azure_msft-win10_vs2019-x64-4","nodeVersion":"25.0.0","commitHash":"dbaa7de1494384115e3980b1338333d8707198c7","callStack":[{"upstreamBuild":72704,"upstreamProject":"node-test-commit-windows-fanned","upstreamUrl":"job/node-test-commit-windows-fanned/"},{"upstreamBuild":82234,"upstreamProject":"node-test-commit","upstreamUrl":"job/node-test-commit/"},{"upstreamBuild":68812,"upstreamProject":"node-test-pull-request","upstreamUrl":"job/node-test-pull-request/"},{"prId":"59547"}],"tap":{"ok":false,"name":"parallel/test-fs-cp-async-symlink-points-to-dest","id":336,"buffered":false,"tapError":null,"skip":false,"todo":": Fix flaky test","previous":null,"plan":null,"diag":{"severity":"flaky","exitcode":1,"stack":"file:///c:/workspace/node-test-binary-windows-js-suites/node/test/parallel/test-fs-cp-async-symlink-points-to-dest.mjs:19\n  assert.strictEqual(err.code, 'ERR_FS_CP_EINVAL');\n                         ^\n\nTypeError: Cannot read properties of null (reading 'code')\n    at file:///c:/workspace/node-test-binary-windows-js-suites/node/test/parallel/test-fs-cp-async-symlink-points-to-dest.mjs:19:26\n    at c:\\workspace\\node-test-binary-windows-js-suites\\node\\test\\common\\index.js:468:15\n    at node:fs:180:23\n    at process.processTicksAndRejections (node:internal/process/task_queues:90:21)\n\nNode.js v25.0.0-pre"},"time":151.004,"fullname":"parallel/test-fs-cp-async-symlink-points-to-dest","closingTestPoint":false}},{"testName":"parallel/test-fs-cp-sync-unicode-folder-names","timestamp":1755849237974,"status":"FAILED","jobName":"node-test-binary-windows-js-suites","config":"node-test-binary-windows-js-suites » 2,win10-COMPILED_BY-vs2022_clang #36434","buildUrl":"https://ci.nodejs.org/job/node-test-binary-windows-js-suites/RUN_SUBSET=2,nodes=win10-COMPILED_BY-vs2022_clang/36434/","buildNumber":36434,"builtOn":"test-azure_msft-win10_vs2019-x64-4","nodeVersion":"25.0.0","commitHash":"dbaa7de1494384115e3980b1338333d8707198c7","callStack":[{"upstreamBuild":72704,"upstreamProject":"node-test-commit-windows-fanned","upstreamUrl":"job/node-test-commit-windows-fanned/"},{"upstreamBuild":82234,"upstreamProject":"node-test-commit","upstreamUrl":"job/node-test-commit/"},{"upstreamBuild":68812,"upstreamProject":"node-test-pull-request","upstreamUrl":"job/node-test-pull-request/"},{"prId":"59547"}],"tap":{"ok":false,"name":"parallel/test-fs-cp-sync-unicode-folder-names","id":350,"buffered":false,"tapError":null,"skip":false,"todo":": Fix flaky test","previous":null,"plan":null,"diag":{"severity":"flaky","exitcode":3221226505,"stack":""},"time":317.01,"fullname":"parallel/test-fs-cp-sync-unicode-folder-names","closingTestPoint":false}}]}