{"failedTests":[{"testName":"es-module/test-esm-loader-chaining","timestamp":1756818958037,"status":"REGRESSION","jobName":"node-test-binary-windows-js-suites","config":"node-test-binary-windows-js-suites Â» 1,win2019-COMPILED_BY-vs2022_clang #36654","buildUrl":"https://ci.nodejs.org/job/node-test-binary-windows-js-suites/RUN_SUBSET=1,nodes=win2019-COMPILED_BY-vs2022_clang/36654/","buildNumber":36654,"builtOn":"test-rackspace-win2019_vs2019-x64-3","nodeVersion":"25.0.0","commitHash":"3d145677942e42461a44282e47dac2ecfcd8c620","callStack":[{"upstreamBuild":72931,"upstreamProject":"node-test-commit-windows-fanned","upstreamUrl":"job/node-test-commit-windows-fanned/"}],"tap":{"ok":false,"name":"es-module/test-esm-loader-chaining","id":129,"buffered":false,"tapError":null,"skip":false,"todo":false,"previous":null,"plan":null,"diag":{"severity":"fail","exitcode":1,"stack":"Test failure: 'should result in proper output from multiple changes in resolve hooks'\nLocation: test\\es-module\\test-esm-loader-chaining.mjs:56:3\nAssertionError [ERR_ASSERTION]: Expected values to be strictly equal:\n+ actual - expected\n\n+ 'node:internal/url:1487\\r\\n' +\n+   \"    throw new ERR_INVALID_FILE_URL_PATH('must be absolute', url);\\r\\n\" +\n+   '          ^\\r\\n' +\n+   '\\r\\n' +\n+   'TypeError [ERR_INVALID_FILE_URL_PATH]: File URL path must be absolute\\r\\n' +\n+   '    at getPathFromURLWin32 (node:internal/url:1487:11)\\r\\n' +\n+   '    at fileURLToPath (node:internal/url:1611:35)\\r\\n' +\n+   '    at urlToFilename (node:internal/modules/helpers:303:12)\\r\\n' +\n+   '    at Object.cjsEmplaceModuleCacheEntryForURL (node:internal/modules/esm/translators:370:20)\\r\\n' +\n+   '    at #translate (node:internal/modules/esm/loader:571:47)\\r\\n' +\n+   '    at afterLoad (node:internal/modules/esm/loader:625:29) {\\r\\n' +\n+   \"  code: 'ERR_INVALID_FILE_URL_PATH',\\r\\n\" +\n+   '  input: file:///foo.mjs\\r\\n' +\n+   '}\\r\\n' +\n+   '\\r\\n' +\n+   'Node.js v25.0.0-pre\\r\\n'\n- ''\n\n    at TestContext.<anonymous> (file:///C:/workspace/node-test-binary-windows-js-suites/node/test/es-module/test-esm-loader-chaining.mjs:73:12)\n    at process.processTicksAndRejections (node:internal/process/task_queues:105:5)\n    at async Test.run (node:internal/test_runner/test:1113:7)\n    at async Suite.processPendingSubtests (node:internal/test_runner/test:788:7) {\n  generatedMessage: true,\n  code: 'ERR_ASSERTION',\n  actual: 'node:internal/url:1487\\r\\n' +\n    \"    throw new ERR_INVALID_FILE_URL_PATH('must be absolute', url);\\r\\n\" +\n    '          ^\\r\\n' +\n    '\\r\\n' +\n    'TypeError [ERR_INVALID_FILE_URL_PATH]: File URL path must be absolute\\r\\n' +\n    '    at getPathFromURLWin32 (node:internal/url:1487:11)\\r\\n' +\n    '    at fileURLToPath (node:internal/url:1611:35)\\r\\n' +\n    '    at urlToFilename (node:internal/modules/helpers:303:12)\\r\\n' +\n    '    at Object.cjsEmplaceModuleCacheEntryForURL (node:internal/modules/esm/translators:370:20)\\r\\n' +\n    '    at #translate (node:internal/modules/esm/loader:571:47)\\r\\n' +\n    '...',\n  expected: '',\n  operator: 'strictEqual',\n  diff: 'simple'\n}\n\nTest failure: 'should respect modified context within resolve chain'\nLocation: test\\es-module\\test-esm-loader-chaining.mjs:79:3\nAssertionError [ERR_ASSERTION]: Expected values to be strictly equal:\n+ actual - expected\n\n+ 'node:internal/url:1487\\r\\n' +\n+   \"    throw new ERR_INVALID_FILE_URL_PATH('must be absolute', url);\\r\\n\" +\n+   '          ^\\r\\n' +\n+   '\\r\\n' +\n+   'TypeError [ERR_INVALID_FILE_URL_PATH]: File URL path must be absolute\\r\\n' +\n+   '    at getPathFromURLWin32 (node:internal/url:1487:11)\\r\\n' +\n+   '    at fileURLToPath (node:internal/url:1611:35)\\r\\n' +\n+   '    at urlToFilename (node:internal/modules/helpers:303:12)\\r\\n' +\n+   '    at Object.cjsEmplaceModuleCacheEntryForURL (node:internal/modules/esm/translators:370:20)\\r\\n' +\n+   '    at #translate (node:internal/modules/esm/loader:571:47)\\r\\n' +\n+   '    at afterLoad (node:internal/modules/esm/loader:625:29) {\\r\\n' +\n+   \"  code: 'ERR_INVALID_FILE_URL_PATH',\\r\\n\" +\n+   '  input: file:///42.mjs\\r\\n' +\n+   '}\\r\\n' +\n+   '\\r\\n' +\n+   'Node.js v25.0.0-pre\\r\\n'\n- ''\n\n    at TestContext.<anonymous> (file:///C:/workspace/node-test-binary-windows-js-suites/node/test/es-module/test-esm-loader-chaining.mjs:98:12)\n    at process.processTicksAndRejections (node:internal/process/task_queues:105:5)\n    at async Test.run (node:internal/test_runner/test:1113:7)\n    at async Suite.processPendingSubtests (node:internal/test_runner/test:788:7) {\n  generatedMessage: true,\n  code: 'ERR_ASSERTION',\n  actual: 'node:internal/url:1487\\r\\n' +\n    \"    throw new ERR_INVALID_FILE_URL_PATH('must be absolute', url);\\r\\n\" +\n    '          ^\\r\\n' +\n    '\\r\\n' +\n    'TypeError [ERR_INVALID_FILE_URL_PATH]: File URL path must be absolute\\r\\n' +\n    '    at getPathFromURLWin32 (node:internal/url:1487:11)\\r\\n' +\n    '    at fileURLToPath (node:internal/url:1611:35)\\r\\n' +\n    '    at urlToFilename (node:internal/modules/helpers:303:12)\\r\\n' +\n    '    at Object.cjsEmplaceModuleCacheEntryForURL (node:internal/modules/esm/translators:370:20)\\r\\n' +\n    '    at #translate (node:internal/modules/esm/loader:571:47)\\r\\n' +\n    '...',\n  expected: '',\n  operator: 'strictEqual',\n  diff: 'simple'\n}\n\nTest failure: 'should result in proper output from multiple changes in resolve hooks'\nLocation: test\\es-module\\test-esm-loader-chaining.mjs:125:3\nAssertionError [ERR_ASSERTION]: Expected values to be strictly equal:\n+ actual - expected\n\n+ 'node:internal/url:1487\\r\\n' +\n+   \"    throw new ERR_INVALID_FILE_URL_PATH('must be absolute', url);\\r\\n\" +\n+   '          ^\\r\\n' +\n+   '\\r\\n' +\n+   'TypeError [ERR_INVALID_FILE_URL_PATH]: File URL path must be absolute\\r\\n' +\n+   '    at getPathFromURLWin32 (node:internal/url:1487:11)\\r\\n' +\n+   '    at fileURLToPath (node:internal/url:1611:35)\\r\\n' +\n+   '    at urlToFilename (node:internal/modules/helpers:303:12)\\r\\n' +\n+   '    at Object.cjsEmplaceModuleCacheEntryForURL (node:internal/modules/esm/translators:370:20)\\r\\n' +\n+   '    at #translate (node:internal/modules/esm/loader:571:47)\\r\\n' +\n+   '    at afterLoad (node:internal/modules/esm/loader:625:29) {\\r\\n' +\n+   \"  code: 'ERR_INVALID_FILE_URL_PATH',\\r\\n\" +\n+   '  input: file:///42.mjs\\r\\n' +\n+   '}\\r\\n' +\n+   '\\r\\n' +\n+   'Node.js v25.0.0-pre\\r\\n'\n- ''\n\n    at TestContext.<anonymous> (file:///C:/workspace/node-test-binary-windows-js-suites/node/test/es-module/test-esm-loader-chaining.mjs:142:12)\n    at process.processTicksAndRejections (node:internal/process/task_queues:105:5)\n    at async Test.run (node:internal/test_runner/test:1113:7)\n    at async Suite.processPendingSubtests (node:internal/test_runner/test:788:7) {\n  generatedMessage: true,\n  code: 'ERR_ASSERTION',\n  actual: 'node:internal/url:1487\\r\\n' +\n    \"    throw new ERR_INVALID_FILE_URL_PATH('must be absolute', url);\\r\\n\" +\n    '          ^\\r\\n' +\n    '\\r\\n' +\n    'TypeError [ERR_INVALID_FILE_URL_PATH]: File URL path must be absolute\\r\\n' +\n    '    at getPathFromURLWin32 (node:internal/url:1487:11)\\r\\n' +\n    '    at fileURLToPath (node:internal/url:1611:35)\\r\\n' +\n    '    at urlToFilename (node:internal/modules/helpers:303:12)\\r\\n' +\n    '    at Object.cjsEmplaceModuleCacheEntryForURL (node:internal/modules/esm/translators:370:20)\\r\\n' +\n    '    at #translate (node:internal/modules/esm/loader:571:47)\\r\\n' +\n    '...',\n  expected: '',\n  operator: 'strictEqual',\n  diff: 'simple'\n}\n\nTest failure: 'should provide the correct \"next\" fn when multiple calls to next within same loader'\nLocation: test\\es-module\\test-esm-loader-chaining.mjs:148:3\nAssertionError [ERR_ASSERTION]: Expected values to be strictly equal:\n+ actual - expected\n\n+ 'node:internal/url:1487\\r\\n' +\n+   \"    throw new ERR_INVALID_FILE_URL_PATH('must be absolute', url);\\r\\n\" +\n+   '          ^\\r\\n' +\n+   '\\r\\n' +\n+   'TypeError [ERR_INVALID_FILE_URL_PATH]: File URL path must be absolute\\r\\n' +\n+   '    at getPathFromURLWin32 (node:internal/url:1487:11)\\r\\n' +\n+   '    at fileURLToPath (node:internal/url:1611:35)\\r\\n' +\n+   '    at urlToFilename (node:internal/modules/helpers:303:12)\\r\\n' +\n+   '    at Object.cjsEmplaceModuleCacheEntryForURL (node:internal/modules/esm/translators:370:20)\\r\\n' +\n+   '    at #translate (node:internal/modules/esm/loader:571:47)\\r\\n' +\n+   '    at afterLoad (node:internal/modules/esm/loader:625:29) {\\r\\n' +\n+   \"  code: 'ERR_INVALID_FILE_URL_PATH',\\r\\n\" +\n+   '  input: file:///foo.mjs\\r\\n' +\n+   '}\\r\\n' +\n+   '\\r\\n' +\n+   'Node.js v25.0.0-pre\\r\\n'\n- ''\n\n    at TestContext.<anonymous> (file:///C:/workspace/node-test-binary-windows-js-suites/node/test/es-module/test-esm-loader-chaining.mjs:167:12)\n    at process.processTicksAndRejections (node:internal/process/task_queues:105:5)\n    at async Test.run (node:internal/test_runner/test:1113:7)\n    at async Suite.processPendingSubtests (node:internal/test_runner/test:788:7) {\n  generatedMessage: true,\n  code: 'ERR_ASSERTION',\n  actual: 'node:internal/url:1487\\r\\n' +\n    \"    throw new ERR_INVALID_FILE_URL_PATH('must be absolute', url);\\r\\n\" +\n    '          ^\\r\\n' +\n    '\\r\\n' +\n    'TypeError [ERR_INVALID_FILE_URL_PATH]: File URL path must be absolute\\r\\n' +\n    '    at getPathFromURLWin32 (node:internal/url:1487:11)\\r\\n' +\n    '    at fileURLToPath (node:internal/url:1611:35)\\r\\n' +\n    '    at urlToFilename (node:internal/modules/helpers:303:12)\\r\\n' +\n    '    at Object.cjsEmplaceModuleCacheEntryForURL (node:internal/modules/esm/translators:370:20)\\r\\n' +\n    '    at #translate (node:internal/modules/esm/loader:571:47)\\r\\n' +\n    '...',\n  expected: '',\n  operator: 'strictEqual',\n  diff: 'simple'\n}\n\nTest failure: 'should use the correct `name` for next<HookName>'s function'\nLocation: test\\es-module\\test-esm-loader-chaining.mjs:172:3\nAssertionError [ERR_ASSERTION]: Expected values to be strictly equal:\n+ actual - expected\n\n+ 'node:internal/url:1487\\r\\n' +\n+   \"    throw new ERR_INVALID_FILE_URL_PATH('must be absolute', url);\\r\\n\" +\n+   '          ^\\r\\n' +\n+   '\\r\\n' +\n+   'TypeError [ERR_INVALID_FILE_URL_PATH]: File URL path must be absolute\\r\\n' +\n+   '    at getPathFromURLWin32 (node:internal/url:1487:11)\\r\\n' +\n+   '    at fileURLToPath (node:internal/url:1611:35)\\r\\n' +\n+   '    at urlToFilename (node:internal/modules/helpers:303:12)\\r\\n' +\n+   '    at Object.cjsEmplaceModuleCacheEntryForURL (node:internal/modules/esm/translators:370:20)\\r\\n' +\n+   '    at #translate (node:internal/modules/esm/loader:571:47)\\r\\n' +\n+   '    at afterLoad (node:internal/modules/esm/loader:625:29) {\\r\\n' +\n+   \"  code: 'ERR_INVALID_FILE_URL_PATH',\\r\\n\" +\n+   '  input: file:///42.mjs\\r\\n' +\n+   '}\\r\\n' +\n+   '\\r\\n' +\n+   'Node.js v25.0.0-pre\\r\\n'\n- ''\n\n    at TestContext.<anonymous> (file:///C:/workspace/node-test-binary-windows-js-suites/node/test/es-module/test-esm-loader-chaining.mjs:187:12)\n    at process.processTicksAndRejections (node:internal/process/task_queues:105:5)\n    at async Test.run (node:internal/test_runner/test:1113:7)\n    at async Suite.processPendingSubtests (node:internal/test_runner/test:788:7) {\n  generatedMessage: true,\n  code: 'ERR_ASSERTION',\n  actual: 'node:internal/url:1487\\r\\n' +\n    \"    throw new ERR_INVALID_FILE_URL_PATH('must be absolute', url);\\r\\n\" +\n    '          ^\\r\\n' +\n    '\\r\\n' +\n    'TypeError [ERR_INVALID_FILE_URL_PATH]: File URL path must be absolute\\r\\n' +\n    '    at getPathFromURLWin32 (node:internal/url:1487:11)\\r\\n' +\n    '    at fileURLToPath (node:internal/url:1611:35)\\r\\n' +\n    '    at urlToFilename (node:internal/modules/helpers:303:12)\\r\\n' +\n    '    at Object.cjsEmplaceModuleCacheEntryForURL (node:internal/modules/esm/translators:370:20)\\r\\n' +\n    '    at #translate (node:internal/modules/esm/loader:571:47)\\r\\n' +\n    '...',\n  expected: '',\n  operator: 'strictEqual',\n  diff: 'simple'\n}\n\nTest failure: 'should NOT throw when nested load hook signaled a short circuit'\nLocation: test\\es-module\\test-esm-loader-chaining.mjs:233:3\nAssertionError [ERR_ASSERTION]: Expected values to be strictly equal:\n+ actual - expected\n\n+ 'node:internal/url:1487\\r\\n' +\n+   \"    throw new ERR_INVALID_FILE_URL_PATH('must be absolute', url);\\r\\n\" +\n+   '          ^\\r\\n' +\n+   '\\r\\n' +\n+   'TypeError [ERR_INVALID_FILE_URL_PATH]: File URL path must be absolute\\r\\n' +\n+   '    at getPathFromURLWin32 (node:internal/url:1487:11)\\r\\n' +\n+   '    at fileURLToPath (node:internal/url:1611:35)\\r\\n' +\n+   '    at urlToFilename (node:internal/modules/helpers:303:12)\\r\\n' +\n+   '    at Object.cjsEmplaceModuleCacheEntryForURL (node:internal/modules/esm/translators:370:20)\\r\\n' +\n+   '    at #translate (node:internal/modules/esm/loader:571:47)\\r\\n' +\n+   '    at afterLoad (node:internal/modules/esm/loader:625:29) {\\r\\n' +\n+   \"  code: 'ERR_INVALID_FILE_URL_PATH',\\r\\n\" +\n+   '  input: file:///42.mjs\\r\\n' +\n+   '}\\r\\n' +\n+   '\\r\\n' +\n+   'Node.js v25.0.0-pre\\r\\n'\n- ''\n\n    at TestContext.<anonymous> (file:///C:/workspace/node-test-binary-windows-js-suites/node/test/es-module/test-esm-loader-chaining.mjs:250:12)\n    at process.processTicksAndRejections (node:internal/process/task_queues:105:5)\n    at async Test.run (node:internal/test_runner/test:1113:7)\n    at async Suite.processPendingSubtests (node:internal/test_runner/test:788:7) {\n  generatedMessage: true,\n  code: 'ERR_ASSERTION',\n  actual: 'node:internal/url:1487\\r\\n' +\n    \"    throw new ERR_INVALID_FILE_URL_PATH('must be absolute', url);\\r\\n\" +\n    '          ^\\r\\n' +\n    '\\r\\n' +\n    'TypeError [ERR_INVALID_FILE_URL_PATH]: File URL path must be absolute\\r\\n' +\n    '    at getPathFromURLWin32 (node:internal/url:1487:11)\\r\\n' +\n    '    at fileURLToPath (node:internal/url:1611:35)\\r\\n' +\n    '    at urlToFilename (node:internal/modules/helpers:303:12)\\r\\n' +\n    '    at Object.cjsEmplaceModuleCacheEntryForURL (node:internal/modules/esm/translators:370:20)\\r\\n' +\n    '    at #translate (node:internal/modules/esm/loader:571:47)\\r\\n' +\n    '...',\n  expected: '',\n  operator: 'strictEqual',\n  diff: 'simple'\n}"},"time":6219.052,"fullname":"es-module/test-esm-loader-chaining","closingTestPoint":false}},{"testName":"es-module/test-esm-loader-programmatically","timestamp":1756818958037,"status":"REGRESSION","jobName":"node-test-binary-windows-js-suites","config":"node-test-binary-windows-js-suites Â» 2,win2022-COMPILED_BY-vs2022_clang #36654","buildUrl":"https://ci.nodejs.org/job/node-test-binary-windows-js-suites/RUN_SUBSET=2,nodes=win2022-COMPILED_BY-vs2022_clang/36654/","buildNumber":36654,"builtOn":"test-rackspace-win2022_vs2022-x64-3","nodeVersion":"25.0.0","commitHash":"3d145677942e42461a44282e47dac2ecfcd8c620","callStack":[{"upstreamBuild":72931,"upstreamProject":"node-test-commit-windows-fanned","upstreamUrl":"job/node-test-commit-windows-fanned/"}],"tap":{"ok":false,"name":"es-module/test-esm-loader-programmatically","id":96,"buffered":false,"tapError":null,"skip":false,"todo":false,"previous":null,"plan":null,"diag":{"severity":"fail","exitcode":1,"stack":"Test failure: 'works with only a dummy CLI argument'\nLocation: test\\es-module\\test-esm-loader-programmatically.mjs:24:3\nAssertionError [ERR_ASSERTION]: Expected values to be strictly equal:\n+ actual - expected\n\n+ '\\r\\n' +\n+   'node:internal/modules/run_main:107\\r\\n' +\n+   '    triggerUncaughtException(\\r\\n' +\n+   '    ^\\r\\n' +\n+   'TypeError [ERR_INVALID_FILE_URL_PATH]: File URL path must be absolute\\r\\n' +\n+   '    at getPathFromURLWin32 (node:internal/url:1487:11)\\r\\n' +\n+   '    at fileURLToPath (node:internal/url:1611:35)\\r\\n' +\n+   '    at urlToFilename (node:internal/modules/helpers:303:12)\\r\\n' +\n+   '    at #translate (node:internal/modules/esm/loader:569:30)\\r\\n' +\n+   '    at afterLoad (node:internal/modules/esm/loader:625:29)\\r\\n' +\n+   '    at async #link (node:internal/modules/esm/module_job:180:19) {\\r\\n' +\n+   \"  code: 'ERR_INVALID_FILE_URL_PATH',\\r\\n\" +\n+   '  input: {}\\r\\n' +\n+   '}\\r\\n' +\n+   '\\r\\n' +\n+   'Node.js v25.0.0-pre\\r\\n'\n- ''\n\n    at TestContext.<anonymous> (file:///C:/workspace/node-test-binary-windows-js-suites/node/test/es-module/test-esm-loader-programmatically.mjs:37:12)\n    at process.processTicksAndRejections (node:internal/process/task_queues:105:5)\n    at async Test.run (node:internal/test_runner/test:1113:7)\n    at async Promise.all (index 0)\n    at async Suite.run (node:internal/test_runner/test:1516:7)\n    at async startSubtestAfterBootstrap (node:internal/test_runner/harness:358:3) {\n  generatedMessage: true,\n  code: 'ERR_ASSERTION',\n  actual: '\\r\\n' +\n    'node:internal/modules/run_main:107\\r\\n' +\n    '    triggerUncaughtException(\\r\\n' +\n    '    ^\\r\\n' +\n    'TypeError [ERR_INVALID_FILE_URL_PATH]: File URL path must be absolute\\r\\n' +\n    '    at getPathFromURLWin32 (node:internal/url:1487:11)\\r\\n' +\n    '    at fileURLToPath (node:internal/url:1611:35)\\r\\n' +\n    '    at urlToFilename (node:internal/modules/helpers:303:12)\\r\\n' +\n    '    at #translate (node:internal/modules/esm/loader:569:30)\\r\\n' +\n    '    at afterLoad (node:internal/modules/esm/loader:625:29)\\r\\n' +\n    '...',\n  expected: '',\n  operator: 'strictEqual',\n  diff: 'simple'\n}\n\nTest failure: 'programmatically registered loaders are appended to an existing chaining'\nLocation: test\\es-module\\test-esm-loader-programmatically.mjs:76:3\nAssertionError [ERR_ASSERTION]: Expected values to be strictly equal:\n+ actual - expected\n\n+ '\\r\\n' +\n+   'node:internal/modules/run_main:107\\r\\n' +\n+   '    triggerUncaughtException(\\r\\n' +\n+   '    ^\\r\\n' +\n+   'TypeError [ERR_INVALID_FILE_URL_PATH]: File URL path must be absolute\\r\\n' +\n+   '    at getPathFromURLWin32 (node:internal/url:1487:11)\\r\\n' +\n+   '    at fileURLToPath (node:internal/url:1611:35)\\r\\n' +\n+   '    at urlToFilename (node:internal/modules/helpers:303:12)\\r\\n' +\n+   '    at #translate (node:internal/modules/esm/loader:569:30)\\r\\n' +\n+   '    at afterLoad (node:internal/modules/esm/loader:625:29)\\r\\n' +\n+   '    at async #link (node:internal/modules/esm/module_job:180:19) {\\r\\n' +\n+   \"  code: 'ERR_INVALID_FILE_URL_PATH',\\r\\n\" +\n+   '  input: {}\\r\\n' +\n+   '}\\r\\n' +\n+   '\\r\\n' +\n+   'Node.js v25.0.0-pre\\r\\n'\n- ''\n\n    at TestContext.<anonymous> (file:///C:/workspace/node-test-binary-windows-js-suites/node/test/es-module/test-esm-loader-programmatically.mjs:87:12)\n    at process.processTicksAndRejections (node:internal/process/task_queues:105:5)\n    at async Test.run (node:internal/test_runner/test:1113:7)\n    at async Suite.processPendingSubtests (node:internal/test_runner/test:788:7) {\n  generatedMessage: true,\n  code: 'ERR_ASSERTION',\n  actual: '\\r\\n' +\n    'node:internal/modules/run_main:107\\r\\n' +\n    '    triggerUncaughtException(\\r\\n' +\n    '    ^\\r\\n' +\n    'TypeError [ERR_INVALID_FILE_URL_PATH]: File URL path must be absolute\\r\\n' +\n    '    at getPathFromURLWin32 (node:internal/url:1487:11)\\r\\n' +\n    '    at fileURLToPath (node:internal/url:1611:35)\\r\\n' +\n    '    at urlToFilename (node:internal/modules/helpers:303:12)\\r\\n' +\n    '    at #translate (node:internal/modules/esm/loader:569:30)\\r\\n' +\n    '    at afterLoad (node:internal/modules/esm/loader:625:29)\\r\\n' +\n    '...',\n  expected: '',\n  operator: 'strictEqual',\n  diff: 'simple'\n}\n\nTest failure: 'works registering the same loaders more them once'\nLocation: test\\es-module\\test-esm-loader-programmatically.mjs:147:3\nAssertionError [ERR_ASSERTION]: Expected values to be strictly equal:\n+ actual - expected\n\n+ '\\r\\n' +\n+   'node:internal/modules/run_main:107\\r\\n' +\n+   '    triggerUncaughtException(\\r\\n' +\n+   '    ^\\r\\n' +\n+   'TypeError [ERR_INVALID_FILE_URL_PATH]: File URL path must be absolute\\r\\n' +\n+   '    at getPathFromURLWin32 (node:internal/url:1487:11)\\r\\n' +\n+   '    at fileURLToPath (node:internal/url:1611:35)\\r\\n' +\n+   '    at urlToFilename (node:internal/modules/helpers:303:12)\\r\\n' +\n+   '    at #translate (node:internal/modules/esm/loader:569:30)\\r\\n' +\n+   '    at afterLoad (node:internal/modules/esm/loader:625:29)\\r\\n' +\n+   '    at async #link (node:internal/modules/esm/module_job:180:19) {\\r\\n' +\n+   \"  code: 'ERR_INVALID_FILE_URL_PATH',\\r\\n\" +\n+   '  input: {}\\r\\n' +\n+   '}\\r\\n' +\n+   '\\r\\n' +\n+   'Node.js v25.0.0-pre\\r\\n'\n- ''\n\n    at TestContext.<anonymous> (file:///C:/workspace/node-test-binary-windows-js-suites/node/test/es-module/test-esm-loader-programmatically.mjs:159:12)\n    at process.processTicksAndRejections (node:internal/process/task_queues:105:5)\n    at async Test.run (node:internal/test_runner/test:1113:7)\n    at async Suite.processPendingSubtests (node:internal/test_runner/test:788:7) {\n  generatedMessage: true,\n  code: 'ERR_ASSERTION',\n  actual: '\\r\\n' +\n    'node:internal/modules/run_main:107\\r\\n' +\n    '    triggerUncaughtException(\\r\\n' +\n    '    ^\\r\\n' +\n    'TypeError [ERR_INVALID_FILE_URL_PATH]: File URL path must be absolute\\r\\n' +\n    '    at getPathFromURLWin32 (node:internal/url:1487:11)\\r\\n' +\n    '    at fileURLToPath (node:internal/url:1611:35)\\r\\n' +\n    '    at urlToFilename (node:internal/modules/helpers:303:12)\\r\\n' +\n    '    at #translate (node:internal/modules/esm/loader:569:30)\\r\\n' +\n    '    at afterLoad (node:internal/modules/esm/loader:625:29)\\r\\n' +\n    '...',\n  expected: '',\n  operator: 'strictEqual',\n  diff: 'simple'\n}\n\nTest failure: 'works without a CLI flag'\nLocation: test\\es-module\\test-esm-loader-programmatically.mjs:200:3\nAssertionError [ERR_ASSERTION]: Expected values to be strictly equal:\n+ actual - expected\n\n+ '\\r\\n' +\n+   'node:internal/modules/run_main:107\\r\\n' +\n+   '    triggerUncaughtException(\\r\\n' +\n+   '    ^\\r\\n' +\n+   'TypeError [ERR_INVALID_FILE_URL_PATH]: File URL path must be absolute\\r\\n' +\n+   '    at getPathFromURLWin32 (node:internal/url:1487:11)\\r\\n' +\n+   '    at fileURLToPath (node:internal/url:1611:35)\\r\\n' +\n+   '    at urlToFilename (node:internal/modules/helpers:303:12)\\r\\n' +\n+   '    at #translate (node:internal/modules/esm/loader:569:30)\\r\\n' +\n+   '    at afterLoad (node:internal/modules/esm/loader:625:29)\\r\\n' +\n+   '    at async #link (node:internal/modules/esm/module_job:180:19) {\\r\\n' +\n+   \"  code: 'ERR_INVALID_FILE_URL_PATH',\\r\\n\" +\n+   '  input: {}\\r\\n' +\n+   '}\\r\\n' +\n+   '\\r\\n' +\n+   'Node.js v25.0.0-pre\\r\\n'\n- ''\n\n    at TestContext.<anonymous> (file:///C:/workspace/node-test-binary-windows-js-suites/node/test/es-module/test-esm-loader-programmatically.mjs:210:12)\n    at process.processTicksAndRejections (node:internal/process/task_queues:105:5)\n    at async Test.run (node:internal/test_runner/test:1113:7)\n    at async Suite.processPendingSubtests (node:internal/test_runner/test:788:7) {\n  generatedMessage: true,\n  code: 'ERR_ASSERTION',\n  actual: '\\r\\n' +\n    'node:internal/modules/run_main:107\\r\\n' +\n    '    triggerUncaughtException(\\r\\n' +\n    '    ^\\r\\n' +\n    'TypeError [ERR_INVALID_FILE_URL_PATH]: File URL path must be absolute\\r\\n' +\n    '    at getPathFromURLWin32 (node:internal/url:1487:11)\\r\\n' +\n    '    at fileURLToPath (node:internal/url:1611:35)\\r\\n' +\n    '    at urlToFilename (node:internal/modules/helpers:303:12)\\r\\n' +\n    '    at #translate (node:internal/modules/esm/loader:569:30)\\r\\n' +\n    '    at afterLoad (node:internal/modules/esm/loader:625:29)\\r\\n' +\n    '...',\n  expected: '',\n  operator: 'strictEqual',\n  diff: 'simple'\n}\n\nTest failure: 'does not work with a loader that got syntax errors'\nLocation: test\\es-module\\test-esm-loader-programmatically.mjs:237:3\nAssertionError [ERR_ASSERTION]: The input did not match the regular expression /SyntaxError/. Input:\n\n'\\r\\n' +\n  'node:internal/modules/run_main:107\\r\\n' +\n  '    triggerUncaughtException(\\r\\n' +\n  '    ^\\r\\n' +\n  'TypeError [ERR_INVALID_FILE_URL_PATH]: File URL path must be absolute\\r\\n' +\n  '    at getPathFromURLWin32 (node:internal/url:1487:11)\\r\\n' +\n  '    at fileURLToPath (node:internal/url:1611:35)\\r\\n' +\n  '    at urlToFilename (node:internal/modules/helpers:303:12)\\r\\n' +\n  '    at #translate (node:internal/modules/esm/loader:569:30)\\r\\n' +\n  '    at afterLoad (node:internal/modules/esm/loader:625:29)\\r\\n' +\n  '    at async #link (node:internal/modules/esm/module_job:180:19) {\\r\\n' +\n  \"  code: 'ERR_INVALID_FILE_URL_PATH',\\r\\n\" +\n  '  input: {}\\r\\n' +\n  '}\\r\\n' +\n  '\\r\\n' +\n  'Node.js v25.0.0-pre\\r\\n'\n\n    at TestContext.<anonymous> (file:///C:/workspace/node-test-binary-windows-js-suites/node/test/es-module/test-esm-loader-programmatically.mjs:249:12)\n    at process.processTicksAndRejections (node:internal/process/task_queues:105:5)\n    at async Test.run (node:internal/test_runner/test:1113:7)\n    at async Suite.processPendingSubtests (node:internal/test_runner/test:788:7) {\n  generatedMessage: true,\n  code: 'ERR_ASSERTION',\n  actual: '\\r\\n' +\n    'node:internal/modules/run_main:107\\r\\n' +\n    '    triggerUncaughtException(\\r\\n' +\n    '    ^\\r\\n' +\n    'TypeError [ERR_INVALID_FILE_URL_PATH]: File URL path must be absolute\\r\\n' +\n    '    at getPathFromURLWin32 (node:internal/url:1487:11)\\r\\n' +\n    '    at fileURLToPath (node:internal/url:1611:35)\\r\\n' +\n    '    at urlToFilename (node:internal/modules/helpers:303:12)\\r\\n' +\n    '    at #translate (node:internal/modules/esm/loader:569:30)\\r\\n' +\n    '    at afterLoad (node:internal/modules/esm/loader:625:29)\\r\\n' +\n    '...',\n  expected: /SyntaxError/,\n  operator: 'match',\n  diff: 'simple'\n}"},"time":3097.1,"fullname":"es-module/test-esm-loader-programmatically","closingTestPoint":false}},{"testName":"parallel/test-shadow-realm-custom-loaders","timestamp":1756818958037,"status":"REGRESSION","jobName":"node-test-binary-windows-js-suites","config":"node-test-binary-windows-js-suites Â» 3,win2019-COMPILED_BY-vs2022_clang #36654","buildUrl":"https://ci.nodejs.org/job/node-test-binary-windows-js-suites/RUN_SUBSET=3,nodes=win2019-COMPILED_BY-vs2022_clang/36654/","buildNumber":36654,"builtOn":"test-rackspace-win2019_vs2019-x64-4","nodeVersion":"25.0.0","commitHash":"3d145677942e42461a44282e47dac2ecfcd8c620","callStack":[{"upstreamBuild":72931,"upstreamProject":"node-test-commit-windows-fanned","upstreamUrl":"job/node-test-commit-windows-fanned/"}],"tap":{"ok":false,"name":"parallel/test-shadow-realm-custom-loaders","id":783,"buffered":false,"tapError":null,"skip":false,"todo":false,"previous":null,"plan":null,"diag":{"severity":"fail","exitcode":1,"stack":"node:internal/process/promises:332\n    triggerUncaughtException(err, true /* fromPromise */);\n    ^\n\nAssertionError [ERR_ASSERTION]: Expected values to be strictly equal:\n+ actual - expected\n\n+ 'node:internal/url:1487\\r\\n' +\n+   \"    throw new ERR_INVALID_FILE_URL_PATH('must be absolute', url);\\r\\n\" +\n+   '          ^\\r\\n' +\n+   '\\r\\n' +\n+   'TypeError [ERR_INVALID_FILE_URL_PATH]: File URL path must be absolute\\r\\n' +\n+   '    at getPathFromURLWin32 (node:internal/url:1487:11)\\r\\n' +\n+   '    at fileURLToPath (node:internal/url:1611:35)\\r\\n' +\n+   '    at urlToFilename (node:internal/modules/helpers:303:12)\\r\\n' +\n+   '    at Object.cjsEmplaceModuleCacheEntryForURL (node:internal/modules/esm/translators:370:20)\\r\\n' +\n+   '    at #translate (node:internal/modules/esm/loader:571:47)\\r\\n' +\n+   '    at afterLoad (node:internal/modules/esm/loader:625:29)\\r\\n' +\n+   '    at async #link (node:internal/modules/esm/module_job:180:19) {\\r\\n' +\n+   \"  code: 'ERR_INVALID_FILE_URL_PATH',\\r\\n\" +\n+   '  input: file:///42.mjs\\r\\n' +\n+   '}\\r\\n' +\n+   '\\r\\n' +\n+   'Node.js v25.0.0-pre\\r\\n'\n- ''\n\n    at main (C:\\workspace\\node-test-binary-windows-js-suites\\node\\test\\parallel\\test-shadow-realm-custom-loaders.js:22:10)\n    at process.processTicksAndRejections (node:internal/process/task_queues:105:5) {\n  generatedMessage: true,\n  code: 'ERR_ASSERTION',\n  actual: 'node:internal/url:1487\\r\\n' +\n    \"    throw new ERR_INVALID_FILE_URL_PATH('must be absolute', url);\\r\\n\" +\n    '          ^\\r\\n' +\n    '\\r\\n' +\n    'TypeError [ERR_INVALID_FILE_URL_PATH]: File URL path must be absolute\\r\\n' +\n    '    at getPathFromURLWin32 (node:internal/url:1487:11)\\r\\n' +\n    '    at fileURLToPath (node:internal/url:1611:35)\\r\\n' +\n    '    at urlToFilename (node:internal/modules/helpers:303:12)\\r\\n' +\n    '    at Object.cjsEmplaceModuleCacheEntryForURL (node:internal/modules/esm/translators:370:20)\\r\\n' +\n    '    at #translate (node:internal/modules/esm/loader:571:47)\\r\\n' +\n    '    at afterLoad (node:internal/modules/esm/loader:625:29)\\r\\n' +\n    '    at async #link (node:internal/modules/esm/module_job:180:19) {\\r\\n' +\n    \"  code: 'ERR_INVALID_FILE_URL_PATH',\\r\\n\" +\n    '  input: file:///42.mjs\\r\\n' +\n    '}\\r\\n' +\n    '\\r\\n' +\n    'Node.js v25.0.0-pre\\r\\n',\n  expected: '',\n  operator: 'strictEqual',\n  diff: 'simple'\n}\n\nNode.js v25.0.0-pre"},"time":1061.037,"fullname":"parallel/test-shadow-realm-custom-loaders","closingTestPoint":false}},{"testName":"es-module/test-esm-loader-programmatically","timestamp":1756818958037,"status":"REGRESSION","jobName":"node-test-binary-windows-js-suites","config":"node-test-binary-windows-js-suites Â» 2,win10-COMPILED_BY-vs2022_clang #36654","buildUrl":"https://ci.nodejs.org/job/node-test-binary-windows-js-suites/RUN_SUBSET=2,nodes=win10-COMPILED_BY-vs2022_clang/36654/","buildNumber":36654,"builtOn":"test-azure_msft-win10_vs2019-x64-2","nodeVersion":"25.0.0","commitHash":"3d145677942e42461a44282e47dac2ecfcd8c620","callStack":[{"upstreamBuild":72931,"upstreamProject":"node-test-commit-windows-fanned","upstreamUrl":"job/node-test-commit-windows-fanned/"}],"tap":{"ok":false,"name":"es-module/test-esm-loader-programmatically","id":77,"buffered":false,"tapError":null,"skip":false,"todo":false,"previous":null,"plan":null,"diag":{"severity":"fail","exitcode":1,"stack":"Test failure: 'works with only a dummy CLI argument'\nLocation: test\\es-module\\test-esm-loader-programmatically.mjs:24:3\nAssertionError [ERR_ASSERTION]: Expected values to be strictly equal:\n+ actual - expected\n\n+ '\\r\\n' +\n+   'node:internal/modules/run_main:107\\r\\n' +\n+   '    triggerUncaughtException(\\r\\n' +\n+   '    ^\\r\\n' +\n+   'TypeError [ERR_INVALID_FILE_URL_PATH]: File URL path must be absolute\\r\\n' +\n+   '    at getPathFromURLWin32 (node:internal/url:1487:11)\\r\\n' +\n+   '    at fileURLToPath (node:internal/url:1611:35)\\r\\n' +\n+   '    at urlToFilename (node:internal/modules/helpers:303:12)\\r\\n' +\n+   '    at #translate (node:internal/modules/esm/loader:569:30)\\r\\n' +\n+   '    at afterLoad (node:internal/modules/esm/loader:625:29)\\r\\n' +\n+   '    at async #link (node:internal/modules/esm/module_job:180:19) {\\r\\n' +\n+   \"  code: 'ERR_INVALID_FILE_URL_PATH',\\r\\n\" +\n+   '  input: {}\\r\\n' +\n+   '}\\r\\n' +\n+   '\\r\\n' +\n+   'Node.js v25.0.0-pre\\r\\n'\n- ''\n\n    at TestContext.<anonymous> (file:///c:/workspace/node-test-binary-windows-js-suites/node/test/es-module/test-esm-loader-programmatically.mjs:37:12)\n    at process.processTicksAndRejections (node:internal/process/task_queues:105:5)\n    at async Test.run (node:internal/test_runner/test:1113:7)\n    at async Promise.all (index 0)\n    at async Suite.run (node:internal/test_runner/test:1516:7)\n    at async startSubtestAfterBootstrap (node:internal/test_runner/harness:358:3) {\n  generatedMessage: true,\n  code: 'ERR_ASSERTION',\n  actual: '\\r\\n' +\n    'node:internal/modules/run_main:107\\r\\n' +\n    '    triggerUncaughtException(\\r\\n' +\n    '    ^\\r\\n' +\n    'TypeError [ERR_INVALID_FILE_URL_PATH]: File URL path must be absolute\\r\\n' +\n    '    at getPathFromURLWin32 (node:internal/url:1487:11)\\r\\n' +\n    '    at fileURLToPath (node:internal/url:1611:35)\\r\\n' +\n    '    at urlToFilename (node:internal/modules/helpers:303:12)\\r\\n' +\n    '    at #translate (node:internal/modules/esm/loader:569:30)\\r\\n' +\n    '    at afterLoad (node:internal/modules/esm/loader:625:29)\\r\\n' +\n    '...',\n  expected: '',\n  operator: 'strictEqual',\n  diff: 'simple'\n}\n\nTest failure: 'programmatically registered loaders are appended to an existing chaining'\nLocation: test\\es-module\\test-esm-loader-programmatically.mjs:76:3\nAssertionError [ERR_ASSERTION]: Expected values to be strictly equal:\n+ actual - expected\n\n+ '\\r\\n' +\n+   'node:internal/modules/run_main:107\\r\\n' +\n+   '    triggerUncaughtException(\\r\\n' +\n+   '    ^\\r\\n' +\n+   'TypeError [ERR_INVALID_FILE_URL_PATH]: File URL path must be absolute\\r\\n' +\n+   '    at getPathFromURLWin32 (node:internal/url:1487:11)\\r\\n' +\n+   '    at fileURLToPath (node:internal/url:1611:35)\\r\\n' +\n+   '    at urlToFilename (node:internal/modules/helpers:303:12)\\r\\n' +\n+   '    at #translate (node:internal/modules/esm/loader:569:30)\\r\\n' +\n+   '    at afterLoad (node:internal/modules/esm/loader:625:29)\\r\\n' +\n+   '    at async #link (node:internal/modules/esm/module_job:180:19) {\\r\\n' +\n+   \"  code: 'ERR_INVALID_FILE_URL_PATH',\\r\\n\" +\n+   '  input: {}\\r\\n' +\n+   '}\\r\\n' +\n+   '\\r\\n' +\n+   'Node.js v25.0.0-pre\\r\\n'\n- ''\n\n    at TestContext.<anonymous> (file:///c:/workspace/node-test-binary-windows-js-suites/node/test/es-module/test-esm-loader-programmatically.mjs:87:12)\n    at process.processTicksAndRejections (node:internal/process/task_queues:105:5)\n    at async Test.run (node:internal/test_runner/test:1113:7)\n    at async Suite.processPendingSubtests (node:internal/test_runner/test:788:7) {\n  generatedMessage: true,\n  code: 'ERR_ASSERTION',\n  actual: '\\r\\n' +\n    'node:internal/modules/run_main:107\\r\\n' +\n    '    triggerUncaughtException(\\r\\n' +\n    '    ^\\r\\n' +\n    'TypeError [ERR_INVALID_FILE_URL_PATH]: File URL path must be absolute\\r\\n' +\n    '    at getPathFromURLWin32 (node:internal/url:1487:11)\\r\\n' +\n    '    at fileURLToPath (node:internal/url:1611:35)\\r\\n' +\n    '    at urlToFilename (node:internal/modules/helpers:303:12)\\r\\n' +\n    '    at #translate (node:internal/modules/esm/loader:569:30)\\r\\n' +\n    '    at afterLoad (node:internal/modules/esm/loader:625:29)\\r\\n' +\n    '...',\n  expected: '',\n  operator: 'strictEqual',\n  diff: 'simple'\n}\n\nTest failure: 'works registering the same loaders more them once'\nLocation: test\\es-module\\test-esm-loader-programmatically.mjs:147:3\nAssertionError [ERR_ASSERTION]: Expected values to be strictly equal:\n+ actual - expected\n\n+ '\\r\\n' +\n+   'node:internal/modules/run_main:107\\r\\n' +\n+   '    triggerUncaughtException(\\r\\n' +\n+   '    ^\\r\\n' +\n+   'TypeError [ERR_INVALID_FILE_URL_PATH]: File URL path must be absolute\\r\\n' +\n+   '    at getPathFromURLWin32 (node:internal/url:1487:11)\\r\\n' +\n+   '    at fileURLToPath (node:internal/url:1611:35)\\r\\n' +\n+   '    at urlToFilename (node:internal/modules/helpers:303:12)\\r\\n' +\n+   '    at #translate (node:internal/modules/esm/loader:569:30)\\r\\n' +\n+   '    at afterLoad (node:internal/modules/esm/loader:625:29)\\r\\n' +\n+   '    at async #link (node:internal/modules/esm/module_job:180:19) {\\r\\n' +\n+   \"  code: 'ERR_INVALID_FILE_URL_PATH',\\r\\n\" +\n+   '  input: {}\\r\\n' +\n+   '}\\r\\n' +\n+   '\\r\\n' +\n+   'Node.js v25.0.0-pre\\r\\n'\n- ''\n\n    at TestContext.<anonymous> (file:///c:/workspace/node-test-binary-windows-js-suites/node/test/es-module/test-esm-loader-programmatically.mjs:159:12)\n    at process.processTicksAndRejections (node:internal/process/task_queues:105:5)\n    at async Test.run (node:internal/test_runner/test:1113:7)\n    at async Suite.processPendingSubtests (node:internal/test_runner/test:788:7) {\n  generatedMessage: true,\n  code: 'ERR_ASSERTION',\n  actual: '\\r\\n' +\n    'node:internal/modules/run_main:107\\r\\n' +\n    '    triggerUncaughtException(\\r\\n' +\n    '    ^\\r\\n' +\n    'TypeError [ERR_INVALID_FILE_URL_PATH]: File URL path must be absolute\\r\\n' +\n    '    at getPathFromURLWin32 (node:internal/url:1487:11)\\r\\n' +\n    '    at fileURLToPath (node:internal/url:1611:35)\\r\\n' +\n    '    at urlToFilename (node:internal/modules/helpers:303:12)\\r\\n' +\n    '    at #translate (node:internal/modules/esm/loader:569:30)\\r\\n' +\n    '    at afterLoad (node:internal/modules/esm/loader:625:29)\\r\\n' +\n    '...',\n  expected: '',\n  operator: 'strictEqual',\n  diff: 'simple'\n}\n\nTest failure: 'works without a CLI flag'\nLocation: test\\es-module\\test-esm-loader-programmatically.mjs:200:3\nAssertionError [ERR_ASSERTION]: Expected values to be strictly equal:\n+ actual - expected\n\n+ '\\r\\n' +\n+   'node:internal/modules/run_main:107\\r\\n' +\n+   '    triggerUncaughtException(\\r\\n' +\n+   '    ^\\r\\n' +\n+   'TypeError [ERR_INVALID_FILE_URL_PATH]: File URL path must be absolute\\r\\n' +\n+   '    at getPathFromURLWin32 (node:internal/url:1487:11)\\r\\n' +\n+   '    at fileURLToPath (node:internal/url:1611:35)\\r\\n' +\n+   '    at urlToFilename (node:internal/modules/helpers:303:12)\\r\\n' +\n+   '    at #translate (node:internal/modules/esm/loader:569:30)\\r\\n' +\n+   '    at afterLoad (node:internal/modules/esm/loader:625:29)\\r\\n' +\n+   '    at async #link (node:internal/modules/esm/module_job:180:19) {\\r\\n' +\n+   \"  code: 'ERR_INVALID_FILE_URL_PATH',\\r\\n\" +\n+   '  input: {}\\r\\n' +\n+   '}\\r\\n' +\n+   '\\r\\n' +\n+   'Node.js v25.0.0-pre\\r\\n'\n- ''\n\n    at TestContext.<anonymous> (file:///c:/workspace/node-test-binary-windows-js-suites/node/test/es-module/test-esm-loader-programmatically.mjs:210:12)\n    at process.processTicksAndRejections (node:internal/process/task_queues:105:5)\n    at async Test.run (node:internal/test_runner/test:1113:7)\n    at async Suite.processPendingSubtests (node:internal/test_runner/test:788:7) {\n  generatedMessage: true,\n  code: 'ERR_ASSERTION',\n  actual: '\\r\\n' +\n    'node:internal/modules/run_main:107\\r\\n' +\n    '    triggerUncaughtException(\\r\\n' +\n    '    ^\\r\\n' +\n    'TypeError [ERR_INVALID_FILE_URL_PATH]: File URL path must be absolute\\r\\n' +\n    '    at getPathFromURLWin32 (node:internal/url:1487:11)\\r\\n' +\n    '    at fileURLToPath (node:internal/url:1611:35)\\r\\n' +\n    '    at urlToFilename (node:internal/modules/helpers:303:12)\\r\\n' +\n    '    at #translate (node:internal/modules/esm/loader:569:30)\\r\\n' +\n    '    at afterLoad (node:internal/modules/esm/loader:625:29)\\r\\n' +\n    '...',\n  expected: '',\n  operator: 'strictEqual',\n  diff: 'simple'\n}\n\nTest failure: 'does not work with a loader that got syntax errors'\nLocation: test\\es-module\\test-esm-loader-programmatically.mjs:237:3\nAssertionError [ERR_ASSERTION]: The input did not match the regular expression /SyntaxError/. Input:\n\n'\\r\\n' +\n  'node:internal/modules/run_main:107\\r\\n' +\n  '    triggerUncaughtException(\\r\\n' +\n  '    ^\\r\\n' +\n  'TypeError [ERR_INVALID_FILE_URL_PATH]: File URL path must be absolute\\r\\n' +\n  '    at getPathFromURLWin32 (node:internal/url:1487:11)\\r\\n' +\n  '    at fileURLToPath (node:internal/url:1611:35)\\r\\n' +\n  '    at urlToFilename (node:internal/modules/helpers:303:12)\\r\\n' +\n  '    at #translate (node:internal/modules/esm/loader:569:30)\\r\\n' +\n  '    at afterLoad (node:internal/modules/esm/loader:625:29)\\r\\n' +\n  '    at async #link (node:internal/modules/esm/module_job:180:19) {\\r\\n' +\n  \"  code: 'ERR_INVALID_FILE_URL_PATH',\\r\\n\" +\n  '  input: {}\\r\\n' +\n  '}\\r\\n' +\n  '\\r\\n' +\n  'Node.js v25.0.0-pre\\r\\n'\n\n    at TestContext.<anonymous> (file:///c:/workspace/node-test-binary-windows-js-suites/node/test/es-module/test-esm-loader-programmatically.mjs:249:12)\n    at process.processTicksAndRejections (node:internal/process/task_queues:105:5)\n    at async Test.run (node:internal/test_runner/test:1113:7)\n    at async Suite.processPendingSubtests (node:internal/test_runner/test:788:7) {\n  generatedMessage: true,\n  code: 'ERR_ASSERTION',\n  actual: '\\r\\n' +\n    'node:internal/modules/run_main:107\\r\\n' +\n    '    triggerUncaughtException(\\r\\n' +\n    '    ^\\r\\n' +\n    'TypeError [ERR_INVALID_FILE_URL_PATH]: File URL path must be absolute\\r\\n' +\n    '    at getPathFromURLWin32 (node:internal/url:1487:11)\\r\\n' +\n    '    at fileURLToPath (node:internal/url:1611:35)\\r\\n' +\n    '    at urlToFilename (node:internal/modules/helpers:303:12)\\r\\n' +\n    '    at #translate (node:internal/modules/esm/loader:569:30)\\r\\n' +\n    '    at afterLoad (node:internal/modules/esm/loader:625:29)\\r\\n' +\n    '...',\n  expected: /SyntaxError/,\n  operator: 'match',\n  diff: 'simple'\n}"},"time":1814.005,"fullname":"es-module/test-esm-loader-programmatically","closingTestPoint":false}},{"testName":"es-module/test-esm-loader-chaining","timestamp":1756818958037,"status":"REGRESSION","jobName":"node-test-binary-windows-js-suites","config":"node-test-binary-windows-js-suites Â» 1,win11-COMPILED_BY-vs2022_clang #36654","buildUrl":"https://ci.nodejs.org/job/node-test-binary-windows-js-suites/RUN_SUBSET=1,nodes=win11-COMPILED_BY-vs2022_clang/36654/","buildNumber":36654,"builtOn":"test-azure_msft-win11_vs2022-x64-4","nodeVersion":"25.0.0","commitHash":"3d145677942e42461a44282e47dac2ecfcd8c620","callStack":[{"upstreamBuild":72931,"upstreamProject":"node-test-commit-windows-fanned","upstreamUrl":"job/node-test-commit-windows-fanned/"}],"tap":{"ok":false,"name":"es-module/test-esm-loader-chaining","id":80,"buffered":false,"tapError":null,"skip":false,"todo":false,"previous":null,"plan":null,"diag":{"severity":"fail","exitcode":1,"stack":"Test failure: 'should result in proper output from multiple changes in resolve hooks'\nLocation: test\\es-module\\test-esm-loader-chaining.mjs:56:3\nAssertionError [ERR_ASSERTION]: Expected values to be strictly equal:\n+ actual - expected\n\n+ 'node:internal/url:1487\\r\\n' +\n+   \"    throw new ERR_INVALID_FILE_URL_PATH('must be absolute', url);\\r\\n\" +\n+   '          ^\\r\\n' +\n+   '\\r\\n' +\n+   'TypeError [ERR_INVALID_FILE_URL_PATH]: File URL path must be absolute\\r\\n' +\n+   '    at getPathFromURLWin32 (node:internal/url:1487:11)\\r\\n' +\n+   '    at fileURLToPath (node:internal/url:1611:35)\\r\\n' +\n+   '    at urlToFilename (node:internal/modules/helpers:303:12)\\r\\n' +\n+   '    at Object.cjsEmplaceModuleCacheEntryForURL (node:internal/modules/esm/translators:370:20)\\r\\n' +\n+   '    at #translate (node:internal/modules/esm/loader:571:47)\\r\\n' +\n+   '    at afterLoad (node:internal/modules/esm/loader:625:29) {\\r\\n' +\n+   \"  code: 'ERR_INVALID_FILE_URL_PATH',\\r\\n\" +\n+   '  input: file:///foo.mjs\\r\\n' +\n+   '}\\r\\n' +\n+   '\\r\\n' +\n+   'Node.js v25.0.0-pre\\r\\n'\n- ''\n\n    at TestContext.<anonymous> (file:///c:/workspace/node-test-binary-windows-js-suites/node/test/es-module/test-esm-loader-chaining.mjs:73:12)\n    at process.processTicksAndRejections (node:internal/process/task_queues:105:5)\n    at async Test.run (node:internal/test_runner/test:1113:7)\n    at async Suite.processPendingSubtests (node:internal/test_runner/test:788:7) {\n  generatedMessage: true,\n  code: 'ERR_ASSERTION',\n  actual: 'node:internal/url:1487\\r\\n' +\n    \"    throw new ERR_INVALID_FILE_URL_PATH('must be absolute', url);\\r\\n\" +\n    '          ^\\r\\n' +\n    '\\r\\n' +\n    'TypeError [ERR_INVALID_FILE_URL_PATH]: File URL path must be absolute\\r\\n' +\n    '    at getPathFromURLWin32 (node:internal/url:1487:11)\\r\\n' +\n    '    at fileURLToPath (node:internal/url:1611:35)\\r\\n' +\n    '    at urlToFilename (node:internal/modules/helpers:303:12)\\r\\n' +\n    '    at Object.cjsEmplaceModuleCacheEntryForURL (node:internal/modules/esm/translators:370:20)\\r\\n' +\n    '    at #translate (node:internal/modules/esm/loader:571:47)\\r\\n' +\n    '...',\n  expected: '',\n  operator: 'strictEqual',\n  diff: 'simple'\n}\n\nTest failure: 'should respect modified context within resolve chain'\nLocation: test\\es-module\\test-esm-loader-chaining.mjs:79:3\nAssertionError [ERR_ASSERTION]: Expected values to be strictly equal:\n+ actual - expected\n\n+ 'node:internal/url:1487\\r\\n' +\n+   \"    throw new ERR_INVALID_FILE_URL_PATH('must be absolute', url);\\r\\n\" +\n+   '          ^\\r\\n' +\n+   '\\r\\n' +\n+   'TypeError [ERR_INVALID_FILE_URL_PATH]: File URL path must be absolute\\r\\n' +\n+   '    at getPathFromURLWin32 (node:internal/url:1487:11)\\r\\n' +\n+   '    at fileURLToPath (node:internal/url:1611:35)\\r\\n' +\n+   '    at urlToFilename (node:internal/modules/helpers:303:12)\\r\\n' +\n+   '    at Object.cjsEmplaceModuleCacheEntryForURL (node:internal/modules/esm/translators:370:20)\\r\\n' +\n+   '    at #translate (node:internal/modules/esm/loader:571:47)\\r\\n' +\n+   '    at afterLoad (node:internal/modules/esm/loader:625:29) {\\r\\n' +\n+   \"  code: 'ERR_INVALID_FILE_URL_PATH',\\r\\n\" +\n+   '  input: file:///42.mjs\\r\\n' +\n+   '}\\r\\n' +\n+   '\\r\\n' +\n+   'Node.js v25.0.0-pre\\r\\n'\n- ''\n\n    at TestContext.<anonymous> (file:///c:/workspace/node-test-binary-windows-js-suites/node/test/es-module/test-esm-loader-chaining.mjs:98:12)\n    at process.processTicksAndRejections (node:internal/process/task_queues:105:5)\n    at async Test.run (node:internal/test_runner/test:1113:7)\n    at async Suite.processPendingSubtests (node:internal/test_runner/test:788:7) {\n  generatedMessage: true,\n  code: 'ERR_ASSERTION',\n  actual: 'node:internal/url:1487\\r\\n' +\n    \"    throw new ERR_INVALID_FILE_URL_PATH('must be absolute', url);\\r\\n\" +\n    '          ^\\r\\n' +\n    '\\r\\n' +\n    'TypeError [ERR_INVALID_FILE_URL_PATH]: File URL path must be absolute\\r\\n' +\n    '    at getPathFromURLWin32 (node:internal/url:1487:11)\\r\\n' +\n    '    at fileURLToPath (node:internal/url:1611:35)\\r\\n' +\n    '    at urlToFilename (node:internal/modules/helpers:303:12)\\r\\n' +\n    '    at Object.cjsEmplaceModuleCacheEntryForURL (node:internal/modules/esm/translators:370:20)\\r\\n' +\n    '    at #translate (node:internal/modules/esm/loader:571:47)\\r\\n' +\n    '...',\n  expected: '',\n  operator: 'strictEqual',\n  diff: 'simple'\n}\n\nTest failure: 'should result in proper output from multiple changes in resolve hooks'\nLocation: test\\es-module\\test-esm-loader-chaining.mjs:125:3\nAssertionError [ERR_ASSERTION]: Expected values to be strictly equal:\n+ actual - expected\n\n+ 'node:internal/url:1487\\r\\n' +\n+   \"    throw new ERR_INVALID_FILE_URL_PATH('must be absolute', url);\\r\\n\" +\n+   '          ^\\r\\n' +\n+   '\\r\\n' +\n+   'TypeError [ERR_INVALID_FILE_URL_PATH]: File URL path must be absolute\\r\\n' +\n+   '    at getPathFromURLWin32 (node:internal/url:1487:11)\\r\\n' +\n+   '    at fileURLToPath (node:internal/url:1611:35)\\r\\n' +\n+   '    at urlToFilename (node:internal/modules/helpers:303:12)\\r\\n' +\n+   '    at Object.cjsEmplaceModuleCacheEntryForURL (node:internal/modules/esm/translators:370:20)\\r\\n' +\n+   '    at #translate (node:internal/modules/esm/loader:571:47)\\r\\n' +\n+   '    at afterLoad (node:internal/modules/esm/loader:625:29) {\\r\\n' +\n+   \"  code: 'ERR_INVALID_FILE_URL_PATH',\\r\\n\" +\n+   '  input: file:///42.mjs\\r\\n' +\n+   '}\\r\\n' +\n+   '\\r\\n' +\n+   'Node.js v25.0.0-pre\\r\\n'\n- ''\n\n    at TestContext.<anonymous> (file:///c:/workspace/node-test-binary-windows-js-suites/node/test/es-module/test-esm-loader-chaining.mjs:142:12)\n    at process.processTicksAndRejections (node:internal/process/task_queues:105:5)\n    at async Test.run (node:internal/test_runner/test:1113:7)\n    at async Suite.processPendingSubtests (node:internal/test_runner/test:788:7) {\n  generatedMessage: true,\n  code: 'ERR_ASSERTION',\n  actual: 'node:internal/url:1487\\r\\n' +\n    \"    throw new ERR_INVALID_FILE_URL_PATH('must be absolute', url);\\r\\n\" +\n    '          ^\\r\\n' +\n    '\\r\\n' +\n    'TypeError [ERR_INVALID_FILE_URL_PATH]: File URL path must be absolute\\r\\n' +\n    '    at getPathFromURLWin32 (node:internal/url:1487:11)\\r\\n' +\n    '    at fileURLToPath (node:internal/url:1611:35)\\r\\n' +\n    '    at urlToFilename (node:internal/modules/helpers:303:12)\\r\\n' +\n    '    at Object.cjsEmplaceModuleCacheEntryForURL (node:internal/modules/esm/translators:370:20)\\r\\n' +\n    '    at #translate (node:internal/modules/esm/loader:571:47)\\r\\n' +\n    '...',\n  expected: '',\n  operator: 'strictEqual',\n  diff: 'simple'\n}\n\nTest failure: 'should provide the correct \"next\" fn when multiple calls to next within same loader'\nLocation: test\\es-module\\test-esm-loader-chaining.mjs:148:3\nAssertionError [ERR_ASSERTION]: Expected values to be strictly equal:\n+ actual - expected\n\n+ 'node:internal/url:1487\\r\\n' +\n+   \"    throw new ERR_INVALID_FILE_URL_PATH('must be absolute', url);\\r\\n\" +\n+   '          ^\\r\\n' +\n+   '\\r\\n' +\n+   'TypeError [ERR_INVALID_FILE_URL_PATH]: File URL path must be absolute\\r\\n' +\n+   '    at getPathFromURLWin32 (node:internal/url:1487:11)\\r\\n' +\n+   '    at fileURLToPath (node:internal/url:1611:35)\\r\\n' +\n+   '    at urlToFilename (node:internal/modules/helpers:303:12)\\r\\n' +\n+   '    at Object.cjsEmplaceModuleCacheEntryForURL (node:internal/modules/esm/translators:370:20)\\r\\n' +\n+   '    at #translate (node:internal/modules/esm/loader:571:47)\\r\\n' +\n+   '    at afterLoad (node:internal/modules/esm/loader:625:29) {\\r\\n' +\n+   \"  code: 'ERR_INVALID_FILE_URL_PATH',\\r\\n\" +\n+   '  input: file:///foo.mjs\\r\\n' +\n+   '}\\r\\n' +\n+   '\\r\\n' +\n+   'Node.js v25.0.0-pre\\r\\n'\n- ''\n\n    at TestContext.<anonymous> (file:///c:/workspace/node-test-binary-windows-js-suites/node/test/es-module/test-esm-loader-chaining.mjs:167:12)\n    at process.processTicksAndRejections (node:internal/process/task_queues:105:5)\n    at async Test.run (node:internal/test_runner/test:1113:7)\n    at async Suite.processPendingSubtests (node:internal/test_runner/test:788:7) {\n  generatedMessage: true,\n  code: 'ERR_ASSERTION',\n  actual: 'node:internal/url:1487\\r\\n' +\n    \"    throw new ERR_INVALID_FILE_URL_PATH('must be absolute', url);\\r\\n\" +\n    '          ^\\r\\n' +\n    '\\r\\n' +\n    'TypeError [ERR_INVALID_FILE_URL_PATH]: File URL path must be absolute\\r\\n' +\n    '    at getPathFromURLWin32 (node:internal/url:1487:11)\\r\\n' +\n    '    at fileURLToPath (node:internal/url:1611:35)\\r\\n' +\n    '    at urlToFilename (node:internal/modules/helpers:303:12)\\r\\n' +\n    '    at Object.cjsEmplaceModuleCacheEntryForURL (node:internal/modules/esm/translators:370:20)\\r\\n' +\n    '    at #translate (node:internal/modules/esm/loader:571:47)\\r\\n' +\n    '...',\n  expected: '',\n  operator: 'strictEqual',\n  diff: 'simple'\n}\n\nTest failure: 'should use the correct `name` for next<HookName>'s function'\nLocation: test\\es-module\\test-esm-loader-chaining.mjs:172:3\nAssertionError [ERR_ASSERTION]: Expected values to be strictly equal:\n+ actual - expected\n\n+ 'node:internal/url:1487\\r\\n' +\n+   \"    throw new ERR_INVALID_FILE_URL_PATH('must be absolute', url);\\r\\n\" +\n+   '          ^\\r\\n' +\n+   '\\r\\n' +\n+   'TypeError [ERR_INVALID_FILE_URL_PATH]: File URL path must be absolute\\r\\n' +\n+   '    at getPathFromURLWin32 (node:internal/url:1487:11)\\r\\n' +\n+   '    at fileURLToPath (node:internal/url:1611:35)\\r\\n' +\n+   '    at urlToFilename (node:internal/modules/helpers:303:12)\\r\\n' +\n+   '    at Object.cjsEmplaceModuleCacheEntryForURL (node:internal/modules/esm/translators:370:20)\\r\\n' +\n+   '    at #translate (node:internal/modules/esm/loader:571:47)\\r\\n' +\n+   '    at afterLoad (node:internal/modules/esm/loader:625:29) {\\r\\n' +\n+   \"  code: 'ERR_INVALID_FILE_URL_PATH',\\r\\n\" +\n+   '  input: file:///42.mjs\\r\\n' +\n+   '}\\r\\n' +\n+   '\\r\\n' +\n+   'Node.js v25.0.0-pre\\r\\n'\n- ''\n\n    at TestContext.<anonymous> (file:///c:/workspace/node-test-binary-windows-js-suites/node/test/es-module/test-esm-loader-chaining.mjs:187:12)\n    at process.processTicksAndRejections (node:internal/process/task_queues:105:5)\n    at async Test.run (node:internal/test_runner/test:1113:7)\n    at async Suite.processPendingSubtests (node:internal/test_runner/test:788:7) {\n  generatedMessage: true,\n  code: 'ERR_ASSERTION',\n  actual: 'node:internal/url:1487\\r\\n' +\n    \"    throw new ERR_INVALID_FILE_URL_PATH('must be absolute', url);\\r\\n\" +\n    '          ^\\r\\n' +\n    '\\r\\n' +\n    'TypeError [ERR_INVALID_FILE_URL_PATH]: File URL path must be absolute\\r\\n' +\n    '    at getPathFromURLWin32 (node:internal/url:1487:11)\\r\\n' +\n    '    at fileURLToPath (node:internal/url:1611:35)\\r\\n' +\n    '    at urlToFilename (node:internal/modules/helpers:303:12)\\r\\n' +\n    '    at Object.cjsEmplaceModuleCacheEntryForURL (node:internal/modules/esm/translators:370:20)\\r\\n' +\n    '    at #translate (node:internal/modules/esm/loader:571:47)\\r\\n' +\n    '...',\n  expected: '',\n  operator: 'strictEqual',\n  diff: 'simple'\n}\n\nTest failure: 'should NOT throw when nested load hook signaled a short circuit'\nLocation: test\\es-module\\test-esm-loader-chaining.mjs:233:3\nAssertionError [ERR_ASSERTION]: Expected values to be strictly equal:\n+ actual - expected\n\n+ 'node:internal/url:1487\\r\\n' +\n+   \"    throw new ERR_INVALID_FILE_URL_PATH('must be absolute', url);\\r\\n\" +\n+   '          ^\\r\\n' +\n+   '\\r\\n' +\n+   'TypeError [ERR_INVALID_FILE_URL_PATH]: File URL path must be absolute\\r\\n' +\n+   '    at getPathFromURLWin32 (node:internal/url:1487:11)\\r\\n' +\n+   '    at fileURLToPath (node:internal/url:1611:35)\\r\\n' +\n+   '    at urlToFilename (node:internal/modules/helpers:303:12)\\r\\n' +\n+   '    at Object.cjsEmplaceModuleCacheEntryForURL (node:internal/modules/esm/translators:370:20)\\r\\n' +\n+   '    at #translate (node:internal/modules/esm/loader:571:47)\\r\\n' +\n+   '    at afterLoad (node:internal/modules/esm/loader:625:29) {\\r\\n' +\n+   \"  code: 'ERR_INVALID_FILE_URL_PATH',\\r\\n\" +\n+   '  input: file:///42.mjs\\r\\n' +\n+   '}\\r\\n' +\n+   '\\r\\n' +\n+   'Node.js v25.0.0-pre\\r\\n'\n- ''\n\n    at TestContext.<anonymous> (file:///c:/workspace/node-test-binary-windows-js-suites/node/test/es-module/test-esm-loader-chaining.mjs:250:12)\n    at process.processTicksAndRejections (node:internal/process/task_queues:105:5)\n    at async Test.run (node:internal/test_runner/test:1113:7)\n    at async Suite.processPendingSubtests (node:internal/test_runner/test:788:7) {\n  generatedMessage: true,\n  code: 'ERR_ASSERTION',\n  actual: 'node:internal/url:1487\\r\\n' +\n    \"    throw new ERR_INVALID_FILE_URL_PATH('must be absolute', url);\\r\\n\" +\n    '          ^\\r\\n' +\n    '\\r\\n' +\n    'TypeError [ERR_INVALID_FILE_URL_PATH]: File URL path must be absolute\\r\\n' +\n    '    at getPathFromURLWin32 (node:internal/url:1487:11)\\r\\n' +\n    '    at fileURLToPath (node:internal/url:1611:35)\\r\\n' +\n    '    at urlToFilename (node:internal/modules/helpers:303:12)\\r\\n' +\n    '    at Object.cjsEmplaceModuleCacheEntryForURL (node:internal/modules/esm/translators:370:20)\\r\\n' +\n    '    at #translate (node:internal/modules/esm/loader:571:47)\\r\\n' +\n    '...',\n  expected: '',\n  operator: 'strictEqual',\n  diff: 'simple'\n}"},"time":3854.103,"fullname":"es-module/test-esm-loader-chaining","closingTestPoint":false}},{"testName":"es-module/test-esm-loader-chaining","timestamp":1756818958037,"status":"REGRESSION","jobName":"node-test-binary-windows-js-suites","config":"node-test-binary-windows-js-suites Â» 1,win11-arm64-COMPILED_BY-vs2022_clang-arm64 #36654","buildUrl":"https://ci.nodejs.org/job/node-test-binary-windows-js-suites/RUN_SUBSET=1,nodes=win11-arm64-COMPILED_BY-vs2022_clang-arm64/36654/","buildNumber":36654,"builtOn":"test-azure_msft-win11_vs2022-arm64-4","nodeVersion":"25.0.0","commitHash":"3d145677942e42461a44282e47dac2ecfcd8c620","callStack":[{"upstreamBuild":72931,"upstreamProject":"node-test-commit-windows-fanned","upstreamUrl":"job/node-test-commit-windows-fanned/"}],"tap":{"ok":false,"name":"es-module/test-esm-loader-chaining","id":137,"buffered":false,"tapError":null,"skip":false,"todo":false,"previous":null,"plan":null,"diag":{"severity":"fail","exitcode":1,"stack":"Test failure: 'should result in proper output from multiple changes in resolve hooks'\nLocation: test\\es-module\\test-esm-loader-chaining.mjs:56:3\nAssertionError [ERR_ASSERTION]: Expected values to be strictly equal:\n+ actual - expected\n\n+ 'node:internal/url:1487\\r\\n' +\n+   \"    throw new ERR_INVALID_FILE_URL_PATH('must be absolute', url);\\r\\n\" +\n+   '          ^\\r\\n' +\n+   '\\r\\n' +\n+   'TypeError [ERR_INVALID_FILE_URL_PATH]: File URL path must be absolute\\r\\n' +\n+   '    at getPathFromURLWin32 (node:internal/url:1487:11)\\r\\n' +\n+   '    at fileURLToPath (node:internal/url:1611:35)\\r\\n' +\n+   '    at urlToFilename (node:internal/modules/helpers:303:12)\\r\\n' +\n+   '    at Object.cjsEmplaceModuleCacheEntryForURL (node:internal/modules/esm/translators:370:20)\\r\\n' +\n+   '    at #translate (node:internal/modules/esm/loader:571:47)\\r\\n' +\n+   '    at afterLoad (node:internal/modules/esm/loader:625:29) {\\r\\n' +\n+   \"  code: 'ERR_INVALID_FILE_URL_PATH',\\r\\n\" +\n+   '  input: file:///foo.mjs\\r\\n' +\n+   '}\\r\\n' +\n+   '\\r\\n' +\n+   'Node.js v25.0.0-pre\\r\\n'\n- ''\n\n    at TestContext.<anonymous> (file:///d:/workspace/node-test-binary-windows-js-suites/node/test/es-module/test-esm-loader-chaining.mjs:73:12)\n    at process.processTicksAndRejections (node:internal/process/task_queues:105:5)\n    at async Test.run (node:internal/test_runner/test:1113:7)\n    at async Suite.processPendingSubtests (node:internal/test_runner/test:788:7) {\n  generatedMessage: true,\n  code: 'ERR_ASSERTION',\n  actual: 'node:internal/url:1487\\r\\n' +\n    \"    throw new ERR_INVALID_FILE_URL_PATH('must be absolute', url);\\r\\n\" +\n    '          ^\\r\\n' +\n    '\\r\\n' +\n    'TypeError [ERR_INVALID_FILE_URL_PATH]: File URL path must be absolute\\r\\n' +\n    '    at getPathFromURLWin32 (node:internal/url:1487:11)\\r\\n' +\n    '    at fileURLToPath (node:internal/url:1611:35)\\r\\n' +\n    '    at urlToFilename (node:internal/modules/helpers:303:12)\\r\\n' +\n    '    at Object.cjsEmplaceModuleCacheEntryForURL (node:internal/modules/esm/translators:370:20)\\r\\n' +\n    '    at #translate (node:internal/modules/esm/loader:571:47)\\r\\n' +\n    '...',\n  expected: '',\n  operator: 'strictEqual',\n  diff: 'simple'\n}\n\nTest failure: 'should respect modified context within resolve chain'\nLocation: test\\es-module\\test-esm-loader-chaining.mjs:79:3\nAssertionError [ERR_ASSERTION]: Expected values to be strictly equal:\n+ actual - expected\n\n+ 'node:internal/url:1487\\r\\n' +\n+   \"    throw new ERR_INVALID_FILE_URL_PATH('must be absolute', url);\\r\\n\" +\n+   '          ^\\r\\n' +\n+   '\\r\\n' +\n+   'TypeError [ERR_INVALID_FILE_URL_PATH]: File URL path must be absolute\\r\\n' +\n+   '    at getPathFromURLWin32 (node:internal/url:1487:11)\\r\\n' +\n+   '    at fileURLToPath (node:internal/url:1611:35)\\r\\n' +\n+   '    at urlToFilename (node:internal/modules/helpers:303:12)\\r\\n' +\n+   '    at Object.cjsEmplaceModuleCacheEntryForURL (node:internal/modules/esm/translators:370:20)\\r\\n' +\n+   '    at #translate (node:internal/modules/esm/loader:571:47)\\r\\n' +\n+   '    at afterLoad (node:internal/modules/esm/loader:625:29) {\\r\\n' +\n+   \"  code: 'ERR_INVALID_FILE_URL_PATH',\\r\\n\" +\n+   '  input: file:///42.mjs\\r\\n' +\n+   '}\\r\\n' +\n+   '\\r\\n' +\n+   'Node.js v25.0.0-pre\\r\\n'\n- ''\n\n    at TestContext.<anonymous> (file:///d:/workspace/node-test-binary-windows-js-suites/node/test/es-module/test-esm-loader-chaining.mjs:98:12)\n    at process.processTicksAndRejections (node:internal/process/task_queues:105:5)\n    at async Test.run (node:internal/test_runner/test:1113:7)\n    at async Suite.processPendingSubtests (node:internal/test_runner/test:788:7) {\n  generatedMessage: true,\n  code: 'ERR_ASSERTION',\n  actual: 'node:internal/url:1487\\r\\n' +\n    \"    throw new ERR_INVALID_FILE_URL_PATH('must be absolute', url);\\r\\n\" +\n    '          ^\\r\\n' +\n    '\\r\\n' +\n    'TypeError [ERR_INVALID_FILE_URL_PATH]: File URL path must be absolute\\r\\n' +\n    '    at getPathFromURLWin32 (node:internal/url:1487:11)\\r\\n' +\n    '    at fileURLToPath (node:internal/url:1611:35)\\r\\n' +\n    '    at urlToFilename (node:internal/modules/helpers:303:12)\\r\\n' +\n    '    at Object.cjsEmplaceModuleCacheEntryForURL (node:internal/modules/esm/translators:370:20)\\r\\n' +\n    '    at #translate (node:internal/modules/esm/loader:571:47)\\r\\n' +\n    '...',\n  expected: '',\n  operator: 'strictEqual',\n  diff: 'simple'\n}\n\nTest failure: 'should result in proper output from multiple changes in resolve hooks'\nLocation: test\\es-module\\test-esm-loader-chaining.mjs:125:3\nAssertionError [ERR_ASSERTION]: Expected values to be strictly equal:\n+ actual - expected\n\n+ 'node:internal/url:1487\\r\\n' +\n+   \"    throw new ERR_INVALID_FILE_URL_PATH('must be absolute', url);\\r\\n\" +\n+   '          ^\\r\\n' +\n+   '\\r\\n' +\n+   'TypeError [ERR_INVALID_FILE_URL_PATH]: File URL path must be absolute\\r\\n' +\n+   '    at getPathFromURLWin32 (node:internal/url:1487:11)\\r\\n' +\n+   '    at fileURLToPath (node:internal/url:1611:35)\\r\\n' +\n+   '    at urlToFilename (node:internal/modules/helpers:303:12)\\r\\n' +\n+   '    at Object.cjsEmplaceModuleCacheEntryForURL (node:internal/modules/esm/translators:370:20)\\r\\n' +\n+   '    at #translate (node:internal/modules/esm/loader:571:47)\\r\\n' +\n+   '    at afterLoad (node:internal/modules/esm/loader:625:29) {\\r\\n' +\n+   \"  code: 'ERR_INVALID_FILE_URL_PATH',\\r\\n\" +\n+   '  input: file:///42.mjs\\r\\n' +\n+   '}\\r\\n' +\n+   '\\r\\n' +\n+   'Node.js v25.0.0-pre\\r\\n'\n- ''\n\n    at TestContext.<anonymous> (file:///d:/workspace/node-test-binary-windows-js-suites/node/test/es-module/test-esm-loader-chaining.mjs:142:12)\n    at process.processTicksAndRejections (node:internal/process/task_queues:105:5)\n    at async Test.run (node:internal/test_runner/test:1113:7)\n    at async Suite.processPendingSubtests (node:internal/test_runner/test:788:7) {\n  generatedMessage: true,\n  code: 'ERR_ASSERTION',\n  actual: 'node:internal/url:1487\\r\\n' +\n    \"    throw new ERR_INVALID_FILE_URL_PATH('must be absolute', url);\\r\\n\" +\n    '          ^\\r\\n' +\n    '\\r\\n' +\n    'TypeError [ERR_INVALID_FILE_URL_PATH]: File URL path must be absolute\\r\\n' +\n    '    at getPathFromURLWin32 (node:internal/url:1487:11)\\r\\n' +\n    '    at fileURLToPath (node:internal/url:1611:35)\\r\\n' +\n    '    at urlToFilename (node:internal/modules/helpers:303:12)\\r\\n' +\n    '    at Object.cjsEmplaceModuleCacheEntryForURL (node:internal/modules/esm/translators:370:20)\\r\\n' +\n    '    at #translate (node:internal/modules/esm/loader:571:47)\\r\\n' +\n    '...',\n  expected: '',\n  operator: 'strictEqual',\n  diff: 'simple'\n}\n\nTest failure: 'should provide the correct \"next\" fn when multiple calls to next within same loader'\nLocation: test\\es-module\\test-esm-loader-chaining.mjs:148:3\nAssertionError [ERR_ASSERTION]: Expected values to be strictly equal:\n+ actual - expected\n\n+ 'node:internal/url:1487\\r\\n' +\n+   \"    throw new ERR_INVALID_FILE_URL_PATH('must be absolute', url);\\r\\n\" +\n+   '          ^\\r\\n' +\n+   '\\r\\n' +\n+   'TypeError [ERR_INVALID_FILE_URL_PATH]: File URL path must be absolute\\r\\n' +\n+   '    at getPathFromURLWin32 (node:internal/url:1487:11)\\r\\n' +\n+   '    at fileURLToPath (node:internal/url:1611:35)\\r\\n' +\n+   '    at urlToFilename (node:internal/modules/helpers:303:12)\\r\\n' +\n+   '    at Object.cjsEmplaceModuleCacheEntryForURL (node:internal/modules/esm/translators:370:20)\\r\\n' +\n+   '    at #translate (node:internal/modules/esm/loader:571:47)\\r\\n' +\n+   '    at afterLoad (node:internal/modules/esm/loader:625:29) {\\r\\n' +\n+   \"  code: 'ERR_INVALID_FILE_URL_PATH',\\r\\n\" +\n+   '  input: file:///foo.mjs\\r\\n' +\n+   '}\\r\\n' +\n+   '\\r\\n' +\n+   'Node.js v25.0.0-pre\\r\\n'\n- ''\n\n    at TestContext.<anonymous> (file:///d:/workspace/node-test-binary-windows-js-suites/node/test/es-module/test-esm-loader-chaining.mjs:167:12)\n    at process.processTicksAndRejections (node:internal/process/task_queues:105:5)\n    at async Test.run (node:internal/test_runner/test:1113:7)\n    at async Suite.processPendingSubtests (node:internal/test_runner/test:788:7) {\n  generatedMessage: true,\n  code: 'ERR_ASSERTION',\n  actual: 'node:internal/url:1487\\r\\n' +\n    \"    throw new ERR_INVALID_FILE_URL_PATH('must be absolute', url);\\r\\n\" +\n    '          ^\\r\\n' +\n    '\\r\\n' +\n    'TypeError [ERR_INVALID_FILE_URL_PATH]: File URL path must be absolute\\r\\n' +\n    '    at getPathFromURLWin32 (node:internal/url:1487:11)\\r\\n' +\n    '    at fileURLToPath (node:internal/url:1611:35)\\r\\n' +\n    '    at urlToFilename (node:internal/modules/helpers:303:12)\\r\\n' +\n    '    at Object.cjsEmplaceModuleCacheEntryForURL (node:internal/modules/esm/translators:370:20)\\r\\n' +\n    '    at #translate (node:internal/modules/esm/loader:571:47)\\r\\n' +\n    '...',\n  expected: '',\n  operator: 'strictEqual',\n  diff: 'simple'\n}\n\nTest failure: 'should use the correct `name` for next<HookName>'s function'\nLocation: test\\es-module\\test-esm-loader-chaining.mjs:172:3\nAssertionError [ERR_ASSERTION]: Expected values to be strictly equal:\n+ actual - expected\n\n+ 'node:internal/url:1487\\r\\n' +\n+   \"    throw new ERR_INVALID_FILE_URL_PATH('must be absolute', url);\\r\\n\" +\n+   '          ^\\r\\n' +\n+   '\\r\\n' +\n+   'TypeError [ERR_INVALID_FILE_URL_PATH]: File URL path must be absolute\\r\\n' +\n+   '    at getPathFromURLWin32 (node:internal/url:1487:11)\\r\\n' +\n+   '    at fileURLToPath (node:internal/url:1611:35)\\r\\n' +\n+   '    at urlToFilename (node:internal/modules/helpers:303:12)\\r\\n' +\n+   '    at Object.cjsEmplaceModuleCacheEntryForURL (node:internal/modules/esm/translators:370:20)\\r\\n' +\n+   '    at #translate (node:internal/modules/esm/loader:571:47)\\r\\n' +\n+   '    at afterLoad (node:internal/modules/esm/loader:625:29) {\\r\\n' +\n+   \"  code: 'ERR_INVALID_FILE_URL_PATH',\\r\\n\" +\n+   '  input: file:///42.mjs\\r\\n' +\n+   '}\\r\\n' +\n+   '\\r\\n' +\n+   'Node.js v25.0.0-pre\\r\\n'\n- ''\n\n    at TestContext.<anonymous> (file:///d:/workspace/node-test-binary-windows-js-suites/node/test/es-module/test-esm-loader-chaining.mjs:187:12)\n    at process.processTicksAndRejections (node:internal/process/task_queues:105:5)\n    at async Test.run (node:internal/test_runner/test:1113:7)\n    at async Suite.processPendingSubtests (node:internal/test_runner/test:788:7) {\n  generatedMessage: true,\n  code: 'ERR_ASSERTION',\n  actual: 'node:internal/url:1487\\r\\n' +\n    \"    throw new ERR_INVALID_FILE_URL_PATH('must be absolute', url);\\r\\n\" +\n    '          ^\\r\\n' +\n    '\\r\\n' +\n    'TypeError [ERR_INVALID_FILE_URL_PATH]: File URL path must be absolute\\r\\n' +\n    '    at getPathFromURLWin32 (node:internal/url:1487:11)\\r\\n' +\n    '    at fileURLToPath (node:internal/url:1611:35)\\r\\n' +\n    '    at urlToFilename (node:internal/modules/helpers:303:12)\\r\\n' +\n    '    at Object.cjsEmplaceModuleCacheEntryForURL (node:internal/modules/esm/translators:370:20)\\r\\n' +\n    '    at #translate (node:internal/modules/esm/loader:571:47)\\r\\n' +\n    '...',\n  expected: '',\n  operator: 'strictEqual',\n  diff: 'simple'\n}\n\nTest failure: 'should NOT throw when nested load hook signaled a short circuit'\nLocation: test\\es-module\\test-esm-loader-chaining.mjs:233:3\nAssertionError [ERR_ASSERTION]: Expected values to be strictly equal:\n+ actual - expected\n\n+ 'node:internal/url:1487\\r\\n' +\n+   \"    throw new ERR_INVALID_FILE_URL_PATH('must be absolute', url);\\r\\n\" +\n+   '          ^\\r\\n' +\n+   '\\r\\n' +\n+   'TypeError [ERR_INVALID_FILE_URL_PATH]: File URL path must be absolute\\r\\n' +\n+   '    at getPathFromURLWin32 (node:internal/url:1487:11)\\r\\n' +\n+   '    at fileURLToPath (node:internal/url:1611:35)\\r\\n' +\n+   '    at urlToFilename (node:internal/modules/helpers:303:12)\\r\\n' +\n+   '    at Object.cjsEmplaceModuleCacheEntryForURL (node:internal/modules/esm/translators:370:20)\\r\\n' +\n+   '    at #translate (node:internal/modules/esm/loader:571:47)\\r\\n' +\n+   '    at afterLoad (node:internal/modules/esm/loader:625:29) {\\r\\n' +\n+   \"  code: 'ERR_INVALID_FILE_URL_PATH',\\r\\n\" +\n+   '  input: file:///42.mjs\\r\\n' +\n+   '}\\r\\n' +\n+   '\\r\\n' +\n+   'Node.js v25.0.0-pre\\r\\n'\n- ''\n\n    at TestContext.<anonymous> (file:///d:/workspace/node-test-binary-windows-js-suites/node/test/es-module/test-esm-loader-chaining.mjs:250:12)\n    at process.processTicksAndRejections (node:internal/process/task_queues:105:5)\n    at async Test.run (node:internal/test_runner/test:1113:7)\n    at async Suite.processPendingSubtests (node:internal/test_runner/test:788:7) {\n  generatedMessage: true,\n  code: 'ERR_ASSERTION',\n  actual: 'node:internal/url:1487\\r\\n' +\n    \"    throw new ERR_INVALID_FILE_URL_PATH('must be absolute', url);\\r\\n\" +\n    '          ^\\r\\n' +\n    '\\r\\n' +\n    'TypeError [ERR_INVALID_FILE_URL_PATH]: File URL path must be absolute\\r\\n' +\n    '    at getPathFromURLWin32 (node:internal/url:1487:11)\\r\\n' +\n    '    at fileURLToPath (node:internal/url:1611:35)\\r\\n' +\n    '    at urlToFilename (node:internal/modules/helpers:303:12)\\r\\n' +\n    '    at Object.cjsEmplaceModuleCacheEntryForURL (node:internal/modules/esm/translators:370:20)\\r\\n' +\n    '    at #translate (node:internal/modules/esm/loader:571:47)\\r\\n' +\n    '...',\n  expected: '',\n  operator: 'strictEqual',\n  diff: 'simple'\n}"},"time":6220.988,"fullname":"es-module/test-esm-loader-chaining","closingTestPoint":false}},{"testName":"es-module/test-esm-loader-chaining","timestamp":1756818958037,"status":"REGRESSION","jobName":"node-test-binary-windows-js-suites","config":"node-test-binary-windows-js-suites Â» 1,win2022-COMPILED_BY-vs2022_clang #36654","buildUrl":"https://ci.nodejs.org/job/node-test-binary-windows-js-suites/RUN_SUBSET=1,nodes=win2022-COMPILED_BY-vs2022_clang/36654/","buildNumber":36654,"builtOn":"test-rackspace-win2022_vs2022-x64-6","nodeVersion":"25.0.0","commitHash":"3d145677942e42461a44282e47dac2ecfcd8c620","callStack":[{"upstreamBuild":72931,"upstreamProject":"node-test-commit-windows-fanned","upstreamUrl":"job/node-test-commit-windows-fanned/"}],"tap":{"ok":false,"name":"es-module/test-esm-loader-chaining","id":110,"buffered":false,"tapError":null,"skip":false,"todo":false,"previous":null,"plan":null,"diag":{"severity":"fail","exitcode":1,"stack":"Test failure: 'should result in proper output from multiple changes in resolve hooks'\nLocation: test\\es-module\\test-esm-loader-chaining.mjs:56:3\nAssertionError [ERR_ASSERTION]: Expected values to be strictly equal:\n+ actual - expected\n\n+ 'node:internal/url:1487\\r\\n' +\n+   \"    throw new ERR_INVALID_FILE_URL_PATH('must be absolute', url);\\r\\n\" +\n+   '          ^\\r\\n' +\n+   '\\r\\n' +\n+   'TypeError [ERR_INVALID_FILE_URL_PATH]: File URL path must be absolute\\r\\n' +\n+   '    at getPathFromURLWin32 (node:internal/url:1487:11)\\r\\n' +\n+   '    at fileURLToPath (node:internal/url:1611:35)\\r\\n' +\n+   '    at urlToFilename (node:internal/modules/helpers:303:12)\\r\\n' +\n+   '    at Object.cjsEmplaceModuleCacheEntryForURL (node:internal/modules/esm/translators:370:20)\\r\\n' +\n+   '    at #translate (node:internal/modules/esm/loader:571:47)\\r\\n' +\n+   '    at afterLoad (node:internal/modules/esm/loader:625:29) {\\r\\n' +\n+   \"  code: 'ERR_INVALID_FILE_URL_PATH',\\r\\n\" +\n+   '  input: file:///foo.mjs\\r\\n' +\n+   '}\\r\\n' +\n+   '\\r\\n' +\n+   'Node.js v25.0.0-pre\\r\\n'\n- ''\n\n    at TestContext.<anonymous> (file:///C:/workspace/node-test-binary-windows-js-suites/node/test/es-module/test-esm-loader-chaining.mjs:73:12)\n    at process.processTicksAndRejections (node:internal/process/task_queues:105:5)\n    at async Test.run (node:internal/test_runner/test:1113:7)\n    at async Suite.processPendingSubtests (node:internal/test_runner/test:788:7) {\n  generatedMessage: true,\n  code: 'ERR_ASSERTION',\n  actual: 'node:internal/url:1487\\r\\n' +\n    \"    throw new ERR_INVALID_FILE_URL_PATH('must be absolute', url);\\r\\n\" +\n    '          ^\\r\\n' +\n    '\\r\\n' +\n    'TypeError [ERR_INVALID_FILE_URL_PATH]: File URL path must be absolute\\r\\n' +\n    '    at getPathFromURLWin32 (node:internal/url:1487:11)\\r\\n' +\n    '    at fileURLToPath (node:internal/url:1611:35)\\r\\n' +\n    '    at urlToFilename (node:internal/modules/helpers:303:12)\\r\\n' +\n    '    at Object.cjsEmplaceModuleCacheEntryForURL (node:internal/modules/esm/translators:370:20)\\r\\n' +\n    '    at #translate (node:internal/modules/esm/loader:571:47)\\r\\n' +\n    '...',\n  expected: '',\n  operator: 'strictEqual',\n  diff: 'simple'\n}\n\nTest failure: 'should respect modified context within resolve chain'\nLocation: test\\es-module\\test-esm-loader-chaining.mjs:79:3\nAssertionError [ERR_ASSERTION]: Expected values to be strictly equal:\n+ actual - expected\n\n+ 'node:internal/url:1487\\r\\n' +\n+   \"    throw new ERR_INVALID_FILE_URL_PATH('must be absolute', url);\\r\\n\" +\n+   '          ^\\r\\n' +\n+   '\\r\\n' +\n+   'TypeError [ERR_INVALID_FILE_URL_PATH]: File URL path must be absolute\\r\\n' +\n+   '    at getPathFromURLWin32 (node:internal/url:1487:11)\\r\\n' +\n+   '    at fileURLToPath (node:internal/url:1611:35)\\r\\n' +\n+   '    at urlToFilename (node:internal/modules/helpers:303:12)\\r\\n' +\n+   '    at Object.cjsEmplaceModuleCacheEntryForURL (node:internal/modules/esm/translators:370:20)\\r\\n' +\n+   '    at #translate (node:internal/modules/esm/loader:571:47)\\r\\n' +\n+   '    at afterLoad (node:internal/modules/esm/loader:625:29) {\\r\\n' +\n+   \"  code: 'ERR_INVALID_FILE_URL_PATH',\\r\\n\" +\n+   '  input: file:///42.mjs\\r\\n' +\n+   '}\\r\\n' +\n+   '\\r\\n' +\n+   'Node.js v25.0.0-pre\\r\\n'\n- ''\n\n    at TestContext.<anonymous> (file:///C:/workspace/node-test-binary-windows-js-suites/node/test/es-module/test-esm-loader-chaining.mjs:98:12)\n    at process.processTicksAndRejections (node:internal/process/task_queues:105:5)\n    at async Test.run (node:internal/test_runner/test:1113:7)\n    at async Suite.processPendingSubtests (node:internal/test_runner/test:788:7) {\n  generatedMessage: true,\n  code: 'ERR_ASSERTION',\n  actual: 'node:internal/url:1487\\r\\n' +\n    \"    throw new ERR_INVALID_FILE_URL_PATH('must be absolute', url);\\r\\n\" +\n    '          ^\\r\\n' +\n    '\\r\\n' +\n    'TypeError [ERR_INVALID_FILE_URL_PATH]: File URL path must be absolute\\r\\n' +\n    '    at getPathFromURLWin32 (node:internal/url:1487:11)\\r\\n' +\n    '    at fileURLToPath (node:internal/url:1611:35)\\r\\n' +\n    '    at urlToFilename (node:internal/modules/helpers:303:12)\\r\\n' +\n    '    at Object.cjsEmplaceModuleCacheEntryForURL (node:internal/modules/esm/translators:370:20)\\r\\n' +\n    '    at #translate (node:internal/modules/esm/loader:571:47)\\r\\n' +\n    '...',\n  expected: '',\n  operator: 'strictEqual',\n  diff: 'simple'\n}\n\nTest failure: 'should result in proper output from multiple changes in resolve hooks'\nLocation: test\\es-module\\test-esm-loader-chaining.mjs:125:3\nAssertionError [ERR_ASSERTION]: Expected values to be strictly equal:\n+ actual - expected\n\n+ 'node:internal/url:1487\\r\\n' +\n+   \"    throw new ERR_INVALID_FILE_URL_PATH('must be absolute', url);\\r\\n\" +\n+   '          ^\\r\\n' +\n+   '\\r\\n' +\n+   'TypeError [ERR_INVALID_FILE_URL_PATH]: File URL path must be absolute\\r\\n' +\n+   '    at getPathFromURLWin32 (node:internal/url:1487:11)\\r\\n' +\n+   '    at fileURLToPath (node:internal/url:1611:35)\\r\\n' +\n+   '    at urlToFilename (node:internal/modules/helpers:303:12)\\r\\n' +\n+   '    at Object.cjsEmplaceModuleCacheEntryForURL (node:internal/modules/esm/translators:370:20)\\r\\n' +\n+   '    at #translate (node:internal/modules/esm/loader:571:47)\\r\\n' +\n+   '    at afterLoad (node:internal/modules/esm/loader:625:29) {\\r\\n' +\n+   \"  code: 'ERR_INVALID_FILE_URL_PATH',\\r\\n\" +\n+   '  input: file:///42.mjs\\r\\n' +\n+   '}\\r\\n' +\n+   '\\r\\n' +\n+   'Node.js v25.0.0-pre\\r\\n'\n- ''\n\n    at TestContext.<anonymous> (file:///C:/workspace/node-test-binary-windows-js-suites/node/test/es-module/test-esm-loader-chaining.mjs:142:12)\n    at process.processTicksAndRejections (node:internal/process/task_queues:105:5)\n    at async Test.run (node:internal/test_runner/test:1113:7)\n    at async Suite.processPendingSubtests (node:internal/test_runner/test:788:7) {\n  generatedMessage: true,\n  code: 'ERR_ASSERTION',\n  actual: 'node:internal/url:1487\\r\\n' +\n    \"    throw new ERR_INVALID_FILE_URL_PATH('must be absolute', url);\\r\\n\" +\n    '          ^\\r\\n' +\n    '\\r\\n' +\n    'TypeError [ERR_INVALID_FILE_URL_PATH]: File URL path must be absolute\\r\\n' +\n    '    at getPathFromURLWin32 (node:internal/url:1487:11)\\r\\n' +\n    '    at fileURLToPath (node:internal/url:1611:35)\\r\\n' +\n    '    at urlToFilename (node:internal/modules/helpers:303:12)\\r\\n' +\n    '    at Object.cjsEmplaceModuleCacheEntryForURL (node:internal/modules/esm/translators:370:20)\\r\\n' +\n    '    at #translate (node:internal/modules/esm/loader:571:47)\\r\\n' +\n    '...',\n  expected: '',\n  operator: 'strictEqual',\n  diff: 'simple'\n}\n\nTest failure: 'should provide the correct \"next\" fn when multiple calls to next within same loader'\nLocation: test\\es-module\\test-esm-loader-chaining.mjs:148:3\nAssertionError [ERR_ASSERTION]: Expected values to be strictly equal:\n+ actual - expected\n\n+ 'node:internal/url:1487\\r\\n' +\n+   \"    throw new ERR_INVALID_FILE_URL_PATH('must be absolute', url);\\r\\n\" +\n+   '          ^\\r\\n' +\n+   '\\r\\n' +\n+   'TypeError [ERR_INVALID_FILE_URL_PATH]: File URL path must be absolute\\r\\n' +\n+   '    at getPathFromURLWin32 (node:internal/url:1487:11)\\r\\n' +\n+   '    at fileURLToPath (node:internal/url:1611:35)\\r\\n' +\n+   '    at urlToFilename (node:internal/modules/helpers:303:12)\\r\\n' +\n+   '    at Object.cjsEmplaceModuleCacheEntryForURL (node:internal/modules/esm/translators:370:20)\\r\\n' +\n+   '    at #translate (node:internal/modules/esm/loader:571:47)\\r\\n' +\n+   '    at afterLoad (node:internal/modules/esm/loader:625:29) {\\r\\n' +\n+   \"  code: 'ERR_INVALID_FILE_URL_PATH',\\r\\n\" +\n+   '  input: file:///foo.mjs\\r\\n' +\n+   '}\\r\\n' +\n+   '\\r\\n' +\n+   'Node.js v25.0.0-pre\\r\\n'\n- ''\n\n    at TestContext.<anonymous> (file:///C:/workspace/node-test-binary-windows-js-suites/node/test/es-module/test-esm-loader-chaining.mjs:167:12)\n    at process.processTicksAndRejections (node:internal/process/task_queues:105:5)\n    at async Test.run (node:internal/test_runner/test:1113:7)\n    at async Suite.processPendingSubtests (node:internal/test_runner/test:788:7) {\n  generatedMessage: true,\n  code: 'ERR_ASSERTION',\n  actual: 'node:internal/url:1487\\r\\n' +\n    \"    throw new ERR_INVALID_FILE_URL_PATH('must be absolute', url);\\r\\n\" +\n    '          ^\\r\\n' +\n    '\\r\\n' +\n    'TypeError [ERR_INVALID_FILE_URL_PATH]: File URL path must be absolute\\r\\n' +\n    '    at getPathFromURLWin32 (node:internal/url:1487:11)\\r\\n' +\n    '    at fileURLToPath (node:internal/url:1611:35)\\r\\n' +\n    '    at urlToFilename (node:internal/modules/helpers:303:12)\\r\\n' +\n    '    at Object.cjsEmplaceModuleCacheEntryForURL (node:internal/modules/esm/translators:370:20)\\r\\n' +\n    '    at #translate (node:internal/modules/esm/loader:571:47)\\r\\n' +\n    '...',\n  expected: '',\n  operator: 'strictEqual',\n  diff: 'simple'\n}\n\nTest failure: 'should use the correct `name` for next<HookName>'s function'\nLocation: test\\es-module\\test-esm-loader-chaining.mjs:172:3\nAssertionError [ERR_ASSERTION]: Expected values to be strictly equal:\n+ actual - expected\n\n+ 'node:internal/url:1487\\r\\n' +\n+   \"    throw new ERR_INVALID_FILE_URL_PATH('must be absolute', url);\\r\\n\" +\n+   '          ^\\r\\n' +\n+   '\\r\\n' +\n+   'TypeError [ERR_INVALID_FILE_URL_PATH]: File URL path must be absolute\\r\\n' +\n+   '    at getPathFromURLWin32 (node:internal/url:1487:11)\\r\\n' +\n+   '    at fileURLToPath (node:internal/url:1611:35)\\r\\n' +\n+   '    at urlToFilename (node:internal/modules/helpers:303:12)\\r\\n' +\n+   '    at Object.cjsEmplaceModuleCacheEntryForURL (node:internal/modules/esm/translators:370:20)\\r\\n' +\n+   '    at #translate (node:internal/modules/esm/loader:571:47)\\r\\n' +\n+   '    at afterLoad (node:internal/modules/esm/loader:625:29) {\\r\\n' +\n+   \"  code: 'ERR_INVALID_FILE_URL_PATH',\\r\\n\" +\n+   '  input: file:///42.mjs\\r\\n' +\n+   '}\\r\\n' +\n+   '\\r\\n' +\n+   'Node.js v25.0.0-pre\\r\\n'\n- ''\n\n    at TestContext.<anonymous> (file:///C:/workspace/node-test-binary-windows-js-suites/node/test/es-module/test-esm-loader-chaining.mjs:187:12)\n    at process.processTicksAndRejections (node:internal/process/task_queues:105:5)\n    at async Test.run (node:internal/test_runner/test:1113:7)\n    at async Suite.processPendingSubtests (node:internal/test_runner/test:788:7) {\n  generatedMessage: true,\n  code: 'ERR_ASSERTION',\n  actual: 'node:internal/url:1487\\r\\n' +\n    \"    throw new ERR_INVALID_FILE_URL_PATH('must be absolute', url);\\r\\n\" +\n    '          ^\\r\\n' +\n    '\\r\\n' +\n    'TypeError [ERR_INVALID_FILE_URL_PATH]: File URL path must be absolute\\r\\n' +\n    '    at getPathFromURLWin32 (node:internal/url:1487:11)\\r\\n' +\n    '    at fileURLToPath (node:internal/url:1611:35)\\r\\n' +\n    '    at urlToFilename (node:internal/modules/helpers:303:12)\\r\\n' +\n    '    at Object.cjsEmplaceModuleCacheEntryForURL (node:internal/modules/esm/translators:370:20)\\r\\n' +\n    '    at #translate (node:internal/modules/esm/loader:571:47)\\r\\n' +\n    '...',\n  expected: '',\n  operator: 'strictEqual',\n  diff: 'simple'\n}\n\nTest failure: 'should NOT throw when nested load hook signaled a short circuit'\nLocation: test\\es-module\\test-esm-loader-chaining.mjs:233:3\nAssertionError [ERR_ASSERTION]: Expected values to be strictly equal:\n+ actual - expected\n\n+ 'node:internal/url:1487\\r\\n' +\n+   \"    throw new ERR_INVALID_FILE_URL_PATH('must be absolute', url);\\r\\n\" +\n+   '          ^\\r\\n' +\n+   '\\r\\n' +\n+   'TypeError [ERR_INVALID_FILE_URL_PATH]: File URL path must be absolute\\r\\n' +\n+   '    at getPathFromURLWin32 (node:internal/url:1487:11)\\r\\n' +\n+   '    at fileURLToPath (node:internal/url:1611:35)\\r\\n' +\n+   '    at urlToFilename (node:internal/modules/helpers:303:12)\\r\\n' +\n+   '    at Object.cjsEmplaceModuleCacheEntryForURL (node:internal/modules/esm/translators:370:20)\\r\\n' +\n+   '    at #translate (node:internal/modules/esm/loader:571:47)\\r\\n' +\n+   '    at afterLoad (node:internal/modules/esm/loader:625:29) {\\r\\n' +\n+   \"  code: 'ERR_INVALID_FILE_URL_PATH',\\r\\n\" +\n+   '  input: file:///42.mjs\\r\\n' +\n+   '}\\r\\n' +\n+   '\\r\\n' +\n+   'Node.js v25.0.0-pre\\r\\n'\n- ''\n\n    at TestContext.<anonymous> (file:///C:/workspace/node-test-binary-windows-js-suites/node/test/es-module/test-esm-loader-chaining.mjs:250:12)\n    at process.processTicksAndRejections (node:internal/process/task_queues:105:5)\n    at async Test.run (node:internal/test_runner/test:1113:7)\n    at async Suite.processPendingSubtests (node:internal/test_runner/test:788:7) {\n  generatedMessage: true,\n  code: 'ERR_ASSERTION',\n  actual: 'node:internal/url:1487\\r\\n' +\n    \"    throw new ERR_INVALID_FILE_URL_PATH('must be absolute', url);\\r\\n\" +\n    '          ^\\r\\n' +\n    '\\r\\n' +\n    'TypeError [ERR_INVALID_FILE_URL_PATH]: File URL path must be absolute\\r\\n' +\n    '    at getPathFromURLWin32 (node:internal/url:1487:11)\\r\\n' +\n    '    at fileURLToPath (node:internal/url:1611:35)\\r\\n' +\n    '    at urlToFilename (node:internal/modules/helpers:303:12)\\r\\n' +\n    '    at Object.cjsEmplaceModuleCacheEntryForURL (node:internal/modules/esm/translators:370:20)\\r\\n' +\n    '    at #translate (node:internal/modules/esm/loader:571:47)\\r\\n' +\n    '...',\n  expected: '',\n  operator: 'strictEqual',\n  diff: 'simple'\n}"},"time":6233.084,"fullname":"es-module/test-esm-loader-chaining","closingTestPoint":false}},{"testName":"parallel/test-shadow-realm-custom-loaders","timestamp":1756818958037,"status":"REGRESSION","jobName":"node-test-binary-windows-js-suites","config":"node-test-binary-windows-js-suites Â» 0,win11-arm64-COMPILED_BY-vs2022_clang-arm64 #36654","buildUrl":"https://ci.nodejs.org/job/node-test-binary-windows-js-suites/RUN_SUBSET=0,nodes=win11-arm64-COMPILED_BY-vs2022_clang-arm64/36654/","buildNumber":36654,"builtOn":"test-azure_msft-win11_vs2022-arm64-1","nodeVersion":"25.0.0","commitHash":"3d145677942e42461a44282e47dac2ecfcd8c620","callStack":[{"upstreamBuild":72931,"upstreamProject":"node-test-commit-windows-fanned","upstreamUrl":"job/node-test-commit-windows-fanned/"}],"tap":{"ok":false,"name":"parallel/test-shadow-realm-custom-loaders","id":783,"buffered":false,"tapError":null,"skip":false,"todo":false,"previous":null,"plan":null,"diag":{"severity":"fail","exitcode":1,"stack":"node:internal/process/promises:332\n    triggerUncaughtException(err, true /* fromPromise */);\n    ^\n\nAssertionError [ERR_ASSERTION]: Expected values to be strictly equal:\n+ actual - expected\n\n+ 'node:internal/url:1487\\r\\n' +\n+   \"    throw new ERR_INVALID_FILE_URL_PATH('must be absolute', url);\\r\\n\" +\n+   '          ^\\r\\n' +\n+   '\\r\\n' +\n+   'TypeError [ERR_INVALID_FILE_URL_PATH]: File URL path must be absolute\\r\\n' +\n+   '    at getPathFromURLWin32 (node:internal/url:1487:11)\\r\\n' +\n+   '    at fileURLToPath (node:internal/url:1611:35)\\r\\n' +\n+   '    at urlToFilename (node:internal/modules/helpers:303:12)\\r\\n' +\n+   '    at Object.cjsEmplaceModuleCacheEntryForURL (node:internal/modules/esm/translators:370:20)\\r\\n' +\n+   '    at #translate (node:internal/modules/esm/loader:571:47)\\r\\n' +\n+   '    at afterLoad (node:internal/modules/esm/loader:625:29)\\r\\n' +\n+   '    at async #link (node:internal/modules/esm/module_job:180:19) {\\r\\n' +\n+   \"  code: 'ERR_INVALID_FILE_URL_PATH',\\r\\n\" +\n+   '  input: file:///42.mjs\\r\\n' +\n+   '}\\r\\n' +\n+   '\\r\\n' +\n+   'Node.js v25.0.0-pre\\r\\n'\n- ''\n\n    at main (d:\\workspace\\node-test-binary-windows-js-suites\\node\\test\\parallel\\test-shadow-realm-custom-loaders.js:22:10)\n    at process.processTicksAndRejections (node:internal/process/task_queues:105:5) {\n  generatedMessage: true,\n  code: 'ERR_ASSERTION',\n  actual: 'node:internal/url:1487\\r\\n' +\n    \"    throw new ERR_INVALID_FILE_URL_PATH('must be absolute', url);\\r\\n\" +\n    '          ^\\r\\n' +\n    '\\r\\n' +\n    'TypeError [ERR_INVALID_FILE_URL_PATH]: File URL path must be absolute\\r\\n' +\n    '    at getPathFromURLWin32 (node:internal/url:1487:11)\\r\\n' +\n    '    at fileURLToPath (node:internal/url:1611:35)\\r\\n' +\n    '    at urlToFilename (node:internal/modules/helpers:303:12)\\r\\n' +\n    '    at Object.cjsEmplaceModuleCacheEntryForURL (node:internal/modules/esm/translators:370:20)\\r\\n' +\n    '    at #translate (node:internal/modules/esm/loader:571:47)\\r\\n' +\n    '    at afterLoad (node:internal/modules/esm/loader:625:29)\\r\\n' +\n    '    at async #link (node:internal/modules/esm/module_job:180:19) {\\r\\n' +\n    \"  code: 'ERR_INVALID_FILE_URL_PATH',\\r\\n\" +\n    '  input: file:///42.mjs\\r\\n' +\n    '}\\r\\n' +\n    '\\r\\n' +\n    'Node.js v25.0.0-pre\\r\\n',\n  expected: '',\n  operator: 'strictEqual',\n  diff: 'simple'\n}\n\nNode.js v25.0.0-pre"},"time":774,"fullname":"parallel/test-shadow-realm-custom-loaders","closingTestPoint":false}},{"testName":"es-module/test-esm-loader-programmatically","timestamp":1756818958037,"status":"REGRESSION","jobName":"node-test-binary-windows-js-suites","config":"node-test-binary-windows-js-suites Â» 2,win11-arm64-COMPILED_BY-vs2022_clang-arm64 #36654","buildUrl":"https://ci.nodejs.org/job/node-test-binary-windows-js-suites/RUN_SUBSET=2,nodes=win11-arm64-COMPILED_BY-vs2022_clang-arm64/36654/","buildNumber":36654,"builtOn":"test-azure_msft-win11_vs2022-arm64-2","nodeVersion":"25.0.0","commitHash":"3d145677942e42461a44282e47dac2ecfcd8c620","callStack":[{"upstreamBuild":72931,"upstreamProject":"node-test-commit-windows-fanned","upstreamUrl":"job/node-test-commit-windows-fanned/"}],"tap":{"ok":false,"name":"es-module/test-esm-loader-programmatically","id":94,"buffered":false,"tapError":null,"skip":false,"todo":false,"previous":null,"plan":null,"diag":{"severity":"fail","exitcode":1,"stack":"Test failure: 'works with only a dummy CLI argument'\nLocation: test\\es-module\\test-esm-loader-programmatically.mjs:24:3\nAssertionError [ERR_ASSERTION]: Expected values to be strictly equal:\n+ actual - expected\n\n+ '\\r\\n' +\n+   'node:internal/modules/run_main:107\\r\\n' +\n+   '    triggerUncaughtException(\\r\\n' +\n+   '    ^\\r\\n' +\n+   'TypeError [ERR_INVALID_FILE_URL_PATH]: File URL path must be absolute\\r\\n' +\n+   '    at getPathFromURLWin32 (node:internal/url:1487:11)\\r\\n' +\n+   '    at fileURLToPath (node:internal/url:1611:35)\\r\\n' +\n+   '    at urlToFilename (node:internal/modules/helpers:303:12)\\r\\n' +\n+   '    at #translate (node:internal/modules/esm/loader:569:30)\\r\\n' +\n+   '    at afterLoad (node:internal/modules/esm/loader:625:29)\\r\\n' +\n+   '    at async #link (node:internal/modules/esm/module_job:180:19) {\\r\\n' +\n+   \"  code: 'ERR_INVALID_FILE_URL_PATH',\\r\\n\" +\n+   '  input: {}\\r\\n' +\n+   '}\\r\\n' +\n+   '\\r\\n' +\n+   'Node.js v25.0.0-pre\\r\\n'\n- ''\n\n    at TestContext.<anonymous> (file:///d:/workspace/node-test-binary-windows-js-suites/node/test/es-module/test-esm-loader-programmatically.mjs:37:12)\n    at process.processTicksAndRejections (node:internal/process/task_queues:105:5)\n    at async Test.run (node:internal/test_runner/test:1113:7)\n    at async Promise.all (index 0)\n    at async Suite.run (node:internal/test_runner/test:1516:7)\n    at async startSubtestAfterBootstrap (node:internal/test_runner/harness:358:3) {\n  generatedMessage: true,\n  code: 'ERR_ASSERTION',\n  actual: '\\r\\n' +\n    'node:internal/modules/run_main:107\\r\\n' +\n    '    triggerUncaughtException(\\r\\n' +\n    '    ^\\r\\n' +\n    'TypeError [ERR_INVALID_FILE_URL_PATH]: File URL path must be absolute\\r\\n' +\n    '    at getPathFromURLWin32 (node:internal/url:1487:11)\\r\\n' +\n    '    at fileURLToPath (node:internal/url:1611:35)\\r\\n' +\n    '    at urlToFilename (node:internal/modules/helpers:303:12)\\r\\n' +\n    '    at #translate (node:internal/modules/esm/loader:569:30)\\r\\n' +\n    '    at afterLoad (node:internal/modules/esm/loader:625:29)\\r\\n' +\n    '...',\n  expected: '',\n  operator: 'strictEqual',\n  diff: 'simple'\n}\n\nTest failure: 'programmatically registered loaders are appended to an existing chaining'\nLocation: test\\es-module\\test-esm-loader-programmatically.mjs:76:3\nAssertionError [ERR_ASSERTION]: Expected values to be strictly equal:\n+ actual - expected\n\n+ '\\r\\n' +\n+   'node:internal/modules/run_main:107\\r\\n' +\n+   '    triggerUncaughtException(\\r\\n' +\n+   '    ^\\r\\n' +\n+   'TypeError [ERR_INVALID_FILE_URL_PATH]: File URL path must be absolute\\r\\n' +\n+   '    at getPathFromURLWin32 (node:internal/url:1487:11)\\r\\n' +\n+   '    at fileURLToPath (node:internal/url:1611:35)\\r\\n' +\n+   '    at urlToFilename (node:internal/modules/helpers:303:12)\\r\\n' +\n+   '    at #translate (node:internal/modules/esm/loader:569:30)\\r\\n' +\n+   '    at afterLoad (node:internal/modules/esm/loader:625:29)\\r\\n' +\n+   '    at async #link (node:internal/modules/esm/module_job:180:19) {\\r\\n' +\n+   \"  code: 'ERR_INVALID_FILE_URL_PATH',\\r\\n\" +\n+   '  input: {}\\r\\n' +\n+   '}\\r\\n' +\n+   '\\r\\n' +\n+   'Node.js v25.0.0-pre\\r\\n'\n- ''\n\n    at TestContext.<anonymous> (file:///d:/workspace/node-test-binary-windows-js-suites/node/test/es-module/test-esm-loader-programmatically.mjs:87:12)\n    at process.processTicksAndRejections (node:internal/process/task_queues:105:5)\n    at async Test.run (node:internal/test_runner/test:1113:7)\n    at async Suite.processPendingSubtests (node:internal/test_runner/test:788:7) {\n  generatedMessage: true,\n  code: 'ERR_ASSERTION',\n  actual: '\\r\\n' +\n    'node:internal/modules/run_main:107\\r\\n' +\n    '    triggerUncaughtException(\\r\\n' +\n    '    ^\\r\\n' +\n    'TypeError [ERR_INVALID_FILE_URL_PATH]: File URL path must be absolute\\r\\n' +\n    '    at getPathFromURLWin32 (node:internal/url:1487:11)\\r\\n' +\n    '    at fileURLToPath (node:internal/url:1611:35)\\r\\n' +\n    '    at urlToFilename (node:internal/modules/helpers:303:12)\\r\\n' +\n    '    at #translate (node:internal/modules/esm/loader:569:30)\\r\\n' +\n    '    at afterLoad (node:internal/modules/esm/loader:625:29)\\r\\n' +\n    '...',\n  expected: '',\n  operator: 'strictEqual',\n  diff: 'simple'\n}\n\nTest failure: 'works registering the same loaders more them once'\nLocation: test\\es-module\\test-esm-loader-programmatically.mjs:147:3\nAssertionError [ERR_ASSERTION]: Expected values to be strictly equal:\n+ actual - expected\n\n+ '\\r\\n' +\n+   'node:internal/modules/run_main:107\\r\\n' +\n+   '    triggerUncaughtException(\\r\\n' +\n+   '    ^\\r\\n' +\n+   'TypeError [ERR_INVALID_FILE_URL_PATH]: File URL path must be absolute\\r\\n' +\n+   '    at getPathFromURLWin32 (node:internal/url:1487:11)\\r\\n' +\n+   '    at fileURLToPath (node:internal/url:1611:35)\\r\\n' +\n+   '    at urlToFilename (node:internal/modules/helpers:303:12)\\r\\n' +\n+   '    at #translate (node:internal/modules/esm/loader:569:30)\\r\\n' +\n+   '    at afterLoad (node:internal/modules/esm/loader:625:29)\\r\\n' +\n+   '    at async #link (node:internal/modules/esm/module_job:180:19) {\\r\\n' +\n+   \"  code: 'ERR_INVALID_FILE_URL_PATH',\\r\\n\" +\n+   '  input: {}\\r\\n' +\n+   '}\\r\\n' +\n+   '\\r\\n' +\n+   'Node.js v25.0.0-pre\\r\\n'\n- ''\n\n    at TestContext.<anonymous> (file:///d:/workspace/node-test-binary-windows-js-suites/node/test/es-module/test-esm-loader-programmatically.mjs:159:12)\n    at process.processTicksAndRejections (node:internal/process/task_queues:105:5)\n    at async Test.run (node:internal/test_runner/test:1113:7)\n    at async Suite.processPendingSubtests (node:internal/test_runner/test:788:7) {\n  generatedMessage: true,\n  code: 'ERR_ASSERTION',\n  actual: '\\r\\n' +\n    'node:internal/modules/run_main:107\\r\\n' +\n    '    triggerUncaughtException(\\r\\n' +\n    '    ^\\r\\n' +\n    'TypeError [ERR_INVALID_FILE_URL_PATH]: File URL path must be absolute\\r\\n' +\n    '    at getPathFromURLWin32 (node:internal/url:1487:11)\\r\\n' +\n    '    at fileURLToPath (node:internal/url:1611:35)\\r\\n' +\n    '    at urlToFilename (node:internal/modules/helpers:303:12)\\r\\n' +\n    '    at #translate (node:internal/modules/esm/loader:569:30)\\r\\n' +\n    '    at afterLoad (node:internal/modules/esm/loader:625:29)\\r\\n' +\n    '...',\n  expected: '',\n  operator: 'strictEqual',\n  diff: 'simple'\n}\n\nTest failure: 'works without a CLI flag'\nLocation: test\\es-module\\test-esm-loader-programmatically.mjs:200:3\nAssertionError [ERR_ASSERTION]: Expected values to be strictly equal:\n+ actual - expected\n\n+ '\\r\\n' +\n+   'node:internal/modules/run_main:107\\r\\n' +\n+   '    triggerUncaughtException(\\r\\n' +\n+   '    ^\\r\\n' +\n+   'TypeError [ERR_INVALID_FILE_URL_PATH]: File URL path must be absolute\\r\\n' +\n+   '    at getPathFromURLWin32 (node:internal/url:1487:11)\\r\\n' +\n+   '    at fileURLToPath (node:internal/url:1611:35)\\r\\n' +\n+   '    at urlToFilename (node:internal/modules/helpers:303:12)\\r\\n' +\n+   '    at #translate (node:internal/modules/esm/loader:569:30)\\r\\n' +\n+   '    at afterLoad (node:internal/modules/esm/loader:625:29)\\r\\n' +\n+   '    at async #link (node:internal/modules/esm/module_job:180:19) {\\r\\n' +\n+   \"  code: 'ERR_INVALID_FILE_URL_PATH',\\r\\n\" +\n+   '  input: {}\\r\\n' +\n+   '}\\r\\n' +\n+   '\\r\\n' +\n+   'Node.js v25.0.0-pre\\r\\n'\n- ''\n\n    at TestContext.<anonymous> (file:///d:/workspace/node-test-binary-windows-js-suites/node/test/es-module/test-esm-loader-programmatically.mjs:210:12)\n    at process.processTicksAndRejections (node:internal/process/task_queues:105:5)\n    at async Test.run (node:internal/test_runner/test:1113:7)\n    at async Suite.processPendingSubtests (node:internal/test_runner/test:788:7) {\n  generatedMessage: true,\n  code: 'ERR_ASSERTION',\n  actual: '\\r\\n' +\n    'node:internal/modules/run_main:107\\r\\n' +\n    '    triggerUncaughtException(\\r\\n' +\n    '    ^\\r\\n' +\n    'TypeError [ERR_INVALID_FILE_URL_PATH]: File URL path must be absolute\\r\\n' +\n    '    at getPathFromURLWin32 (node:internal/url:1487:11)\\r\\n' +\n    '    at fileURLToPath (node:internal/url:1611:35)\\r\\n' +\n    '    at urlToFilename (node:internal/modules/helpers:303:12)\\r\\n' +\n    '    at #translate (node:internal/modules/esm/loader:569:30)\\r\\n' +\n    '    at afterLoad (node:internal/modules/esm/loader:625:29)\\r\\n' +\n    '...',\n  expected: '',\n  operator: 'strictEqual',\n  diff: 'simple'\n}\n\nTest failure: 'does not work with a loader that got syntax errors'\nLocation: test\\es-module\\test-esm-loader-programmatically.mjs:237:3\nAssertionError [ERR_ASSERTION]: The input did not match the regular expression /SyntaxError/. Input:\n\n'\\r\\n' +\n  'node:internal/modules/run_main:107\\r\\n' +\n  '    triggerUncaughtException(\\r\\n' +\n  '    ^\\r\\n' +\n  'TypeError [ERR_INVALID_FILE_URL_PATH]: File URL path must be absolute\\r\\n' +\n  '    at getPathFromURLWin32 (node:internal/url:1487:11)\\r\\n' +\n  '    at fileURLToPath (node:internal/url:1611:35)\\r\\n' +\n  '    at urlToFilename (node:internal/modules/helpers:303:12)\\r\\n' +\n  '    at #translate (node:internal/modules/esm/loader:569:30)\\r\\n' +\n  '    at afterLoad (node:internal/modules/esm/loader:625:29)\\r\\n' +\n  '    at async #link (node:internal/modules/esm/module_job:180:19) {\\r\\n' +\n  \"  code: 'ERR_INVALID_FILE_URL_PATH',\\r\\n\" +\n  '  input: {}\\r\\n' +\n  '}\\r\\n' +\n  '\\r\\n' +\n  'Node.js v25.0.0-pre\\r\\n'\n\n    at TestContext.<anonymous> (file:///d:/workspace/node-test-binary-windows-js-suites/node/test/es-module/test-esm-loader-programmatically.mjs:249:12)\n    at process.processTicksAndRejections (node:internal/process/task_queues:105:5)\n    at async Test.run (node:internal/test_runner/test:1113:7)\n    at async Suite.processPendingSubtests (node:internal/test_runner/test:788:7) {\n  generatedMessage: true,\n  code: 'ERR_ASSERTION',\n  actual: '\\r\\n' +\n    'node:internal/modules/run_main:107\\r\\n' +\n    '    triggerUncaughtException(\\r\\n' +\n    '    ^\\r\\n' +\n    'TypeError [ERR_INVALID_FILE_URL_PATH]: File URL path must be absolute\\r\\n' +\n    '    at getPathFromURLWin32 (node:internal/url:1487:11)\\r\\n' +\n    '    at fileURLToPath (node:internal/url:1611:35)\\r\\n' +\n    '    at urlToFilename (node:internal/modules/helpers:303:12)\\r\\n' +\n    '    at #translate (node:internal/modules/esm/loader:569:30)\\r\\n' +\n    '    at afterLoad (node:internal/modules/esm/loader:625:29)\\r\\n' +\n    '...',\n  expected: /SyntaxError/,\n  operator: 'match',\n  diff: 'simple'\n}"},"time":3178.004,"fullname":"es-module/test-esm-loader-programmatically","closingTestPoint":false}},{"testName":"es-module/test-esm-loader-chaining","timestamp":1756818958037,"status":"REGRESSION","jobName":"node-test-binary-windows-js-suites","config":"node-test-binary-windows-js-suites Â» 1,win10-COMPILED_BY-vs2022_clang #36654","buildUrl":"https://ci.nodejs.org/job/node-test-binary-windows-js-suites/RUN_SUBSET=1,nodes=win10-COMPILED_BY-vs2022_clang/36654/","buildNumber":36654,"builtOn":"test-azure_msft-win10_vs2019-x64-4","nodeVersion":"25.0.0","commitHash":"3d145677942e42461a44282e47dac2ecfcd8c620","callStack":[{"upstreamBuild":72931,"upstreamProject":"node-test-commit-windows-fanned","upstreamUrl":"job/node-test-commit-windows-fanned/"}],"tap":{"ok":false,"name":"es-module/test-esm-loader-chaining","id":80,"buffered":false,"tapError":null,"skip":false,"todo":false,"previous":null,"plan":null,"diag":{"severity":"fail","exitcode":1,"stack":"Test failure: 'should result in proper output from multiple changes in resolve hooks'\nLocation: test\\es-module\\test-esm-loader-chaining.mjs:56:3\nAssertionError [ERR_ASSERTION]: Expected values to be strictly equal:\n+ actual - expected\n\n+ 'node:internal/url:1487\\r\\n' +\n+   \"    throw new ERR_INVALID_FILE_URL_PATH('must be absolute', url);\\r\\n\" +\n+   '          ^\\r\\n' +\n+   '\\r\\n' +\n+   'TypeError [ERR_INVALID_FILE_URL_PATH]: File URL path must be absolute\\r\\n' +\n+   '    at getPathFromURLWin32 (node:internal/url:1487:11)\\r\\n' +\n+   '    at fileURLToPath (node:internal/url:1611:35)\\r\\n' +\n+   '    at urlToFilename (node:internal/modules/helpers:303:12)\\r\\n' +\n+   '    at Object.cjsEmplaceModuleCacheEntryForURL (node:internal/modules/esm/translators:370:20)\\r\\n' +\n+   '    at #translate (node:internal/modules/esm/loader:571:47)\\r\\n' +\n+   '    at afterLoad (node:internal/modules/esm/loader:625:29) {\\r\\n' +\n+   \"  code: 'ERR_INVALID_FILE_URL_PATH',\\r\\n\" +\n+   '  input: file:///foo.mjs\\r\\n' +\n+   '}\\r\\n' +\n+   '\\r\\n' +\n+   'Node.js v25.0.0-pre\\r\\n'\n- ''\n\n    at TestContext.<anonymous> (file:///c:/workspace/node-test-binary-windows-js-suites/node/test/es-module/test-esm-loader-chaining.mjs:73:12)\n    at process.processTicksAndRejections (node:internal/process/task_queues:105:5)\n    at async Test.run (node:internal/test_runner/test:1113:7)\n    at async Suite.processPendingSubtests (node:internal/test_runner/test:788:7) {\n  generatedMessage: true,\n  code: 'ERR_ASSERTION',\n  actual: 'node:internal/url:1487\\r\\n' +\n    \"    throw new ERR_INVALID_FILE_URL_PATH('must be absolute', url);\\r\\n\" +\n    '          ^\\r\\n' +\n    '\\r\\n' +\n    'TypeError [ERR_INVALID_FILE_URL_PATH]: File URL path must be absolute\\r\\n' +\n    '    at getPathFromURLWin32 (node:internal/url:1487:11)\\r\\n' +\n    '    at fileURLToPath (node:internal/url:1611:35)\\r\\n' +\n    '    at urlToFilename (node:internal/modules/helpers:303:12)\\r\\n' +\n    '    at Object.cjsEmplaceModuleCacheEntryForURL (node:internal/modules/esm/translators:370:20)\\r\\n' +\n    '    at #translate (node:internal/modules/esm/loader:571:47)\\r\\n' +\n    '...',\n  expected: '',\n  operator: 'strictEqual',\n  diff: 'simple'\n}\n\nTest failure: 'should respect modified context within resolve chain'\nLocation: test\\es-module\\test-esm-loader-chaining.mjs:79:3\nAssertionError [ERR_ASSERTION]: Expected values to be strictly equal:\n+ actual - expected\n\n+ 'node:internal/url:1487\\r\\n' +\n+   \"    throw new ERR_INVALID_FILE_URL_PATH('must be absolute', url);\\r\\n\" +\n+   '          ^\\r\\n' +\n+   '\\r\\n' +\n+   'TypeError [ERR_INVALID_FILE_URL_PATH]: File URL path must be absolute\\r\\n' +\n+   '    at getPathFromURLWin32 (node:internal/url:1487:11)\\r\\n' +\n+   '    at fileURLToPath (node:internal/url:1611:35)\\r\\n' +\n+   '    at urlToFilename (node:internal/modules/helpers:303:12)\\r\\n' +\n+   '    at Object.cjsEmplaceModuleCacheEntryForURL (node:internal/modules/esm/translators:370:20)\\r\\n' +\n+   '    at #translate (node:internal/modules/esm/loader:571:47)\\r\\n' +\n+   '    at afterLoad (node:internal/modules/esm/loader:625:29) {\\r\\n' +\n+   \"  code: 'ERR_INVALID_FILE_URL_PATH',\\r\\n\" +\n+   '  input: file:///42.mjs\\r\\n' +\n+   '}\\r\\n' +\n+   '\\r\\n' +\n+   'Node.js v25.0.0-pre\\r\\n'\n- ''\n\n    at TestContext.<anonymous> (file:///c:/workspace/node-test-binary-windows-js-suites/node/test/es-module/test-esm-loader-chaining.mjs:98:12)\n    at process.processTicksAndRejections (node:internal/process/task_queues:105:5)\n    at async Test.run (node:internal/test_runner/test:1113:7)\n    at async Suite.processPendingSubtests (node:internal/test_runner/test:788:7) {\n  generatedMessage: true,\n  code: 'ERR_ASSERTION',\n  actual: 'node:internal/url:1487\\r\\n' +\n    \"    throw new ERR_INVALID_FILE_URL_PATH('must be absolute', url);\\r\\n\" +\n    '          ^\\r\\n' +\n    '\\r\\n' +\n    'TypeError [ERR_INVALID_FILE_URL_PATH]: File URL path must be absolute\\r\\n' +\n    '    at getPathFromURLWin32 (node:internal/url:1487:11)\\r\\n' +\n    '    at fileURLToPath (node:internal/url:1611:35)\\r\\n' +\n    '    at urlToFilename (node:internal/modules/helpers:303:12)\\r\\n' +\n    '    at Object.cjsEmplaceModuleCacheEntryForURL (node:internal/modules/esm/translators:370:20)\\r\\n' +\n    '    at #translate (node:internal/modules/esm/loader:571:47)\\r\\n' +\n    '...',\n  expected: '',\n  operator: 'strictEqual',\n  diff: 'simple'\n}\n\nTest failure: 'should result in proper output from multiple changes in resolve hooks'\nLocation: test\\es-module\\test-esm-loader-chaining.mjs:125:3\nAssertionError [ERR_ASSERTION]: Expected values to be strictly equal:\n+ actual - expected\n\n+ 'node:internal/url:1487\\r\\n' +\n+   \"    throw new ERR_INVALID_FILE_URL_PATH('must be absolute', url);\\r\\n\" +\n+   '          ^\\r\\n' +\n+   '\\r\\n' +\n+   'TypeError [ERR_INVALID_FILE_URL_PATH]: File URL path must be absolute\\r\\n' +\n+   '    at getPathFromURLWin32 (node:internal/url:1487:11)\\r\\n' +\n+   '    at fileURLToPath (node:internal/url:1611:35)\\r\\n' +\n+   '    at urlToFilename (node:internal/modules/helpers:303:12)\\r\\n' +\n+   '    at Object.cjsEmplaceModuleCacheEntryForURL (node:internal/modules/esm/translators:370:20)\\r\\n' +\n+   '    at #translate (node:internal/modules/esm/loader:571:47)\\r\\n' +\n+   '    at afterLoad (node:internal/modules/esm/loader:625:29) {\\r\\n' +\n+   \"  code: 'ERR_INVALID_FILE_URL_PATH',\\r\\n\" +\n+   '  input: file:///42.mjs\\r\\n' +\n+   '}\\r\\n' +\n+   '\\r\\n' +\n+   'Node.js v25.0.0-pre\\r\\n'\n- ''\n\n    at TestContext.<anonymous> (file:///c:/workspace/node-test-binary-windows-js-suites/node/test/es-module/test-esm-loader-chaining.mjs:142:12)\n    at process.processTicksAndRejections (node:internal/process/task_queues:105:5)\n    at async Test.run (node:internal/test_runner/test:1113:7)\n    at async Suite.processPendingSubtests (node:internal/test_runner/test:788:7) {\n  generatedMessage: true,\n  code: 'ERR_ASSERTION',\n  actual: 'node:internal/url:1487\\r\\n' +\n    \"    throw new ERR_INVALID_FILE_URL_PATH('must be absolute', url);\\r\\n\" +\n    '          ^\\r\\n' +\n    '\\r\\n' +\n    'TypeError [ERR_INVALID_FILE_URL_PATH]: File URL path must be absolute\\r\\n' +\n    '    at getPathFromURLWin32 (node:internal/url:1487:11)\\r\\n' +\n    '    at fileURLToPath (node:internal/url:1611:35)\\r\\n' +\n    '    at urlToFilename (node:internal/modules/helpers:303:12)\\r\\n' +\n    '    at Object.cjsEmplaceModuleCacheEntryForURL (node:internal/modules/esm/translators:370:20)\\r\\n' +\n    '    at #translate (node:internal/modules/esm/loader:571:47)\\r\\n' +\n    '...',\n  expected: '',\n  operator: 'strictEqual',\n  diff: 'simple'\n}\n\nTest failure: 'should provide the correct \"next\" fn when multiple calls to next within same loader'\nLocation: test\\es-module\\test-esm-loader-chaining.mjs:148:3\nAssertionError [ERR_ASSERTION]: Expected values to be strictly equal:\n+ actual - expected\n\n+ 'node:internal/url:1487\\r\\n' +\n+   \"    throw new ERR_INVALID_FILE_URL_PATH('must be absolute', url);\\r\\n\" +\n+   '          ^\\r\\n' +\n+   '\\r\\n' +\n+   'TypeError [ERR_INVALID_FILE_URL_PATH]: File URL path must be absolute\\r\\n' +\n+   '    at getPathFromURLWin32 (node:internal/url:1487:11)\\r\\n' +\n+   '    at fileURLToPath (node:internal/url:1611:35)\\r\\n' +\n+   '    at urlToFilename (node:internal/modules/helpers:303:12)\\r\\n' +\n+   '    at Object.cjsEmplaceModuleCacheEntryForURL (node:internal/modules/esm/translators:370:20)\\r\\n' +\n+   '    at #translate (node:internal/modules/esm/loader:571:47)\\r\\n' +\n+   '    at afterLoad (node:internal/modules/esm/loader:625:29) {\\r\\n' +\n+   \"  code: 'ERR_INVALID_FILE_URL_PATH',\\r\\n\" +\n+   '  input: file:///foo.mjs\\r\\n' +\n+   '}\\r\\n' +\n+   '\\r\\n' +\n+   'Node.js v25.0.0-pre\\r\\n'\n- ''\n\n    at TestContext.<anonymous> (file:///c:/workspace/node-test-binary-windows-js-suites/node/test/es-module/test-esm-loader-chaining.mjs:167:12)\n    at process.processTicksAndRejections (node:internal/process/task_queues:105:5)\n    at async Test.run (node:internal/test_runner/test:1113:7)\n    at async Suite.processPendingSubtests (node:internal/test_runner/test:788:7) {\n  generatedMessage: true,\n  code: 'ERR_ASSERTION',\n  actual: 'node:internal/url:1487\\r\\n' +\n    \"    throw new ERR_INVALID_FILE_URL_PATH('must be absolute', url);\\r\\n\" +\n    '          ^\\r\\n' +\n    '\\r\\n' +\n    'TypeError [ERR_INVALID_FILE_URL_PATH]: File URL path must be absolute\\r\\n' +\n    '    at getPathFromURLWin32 (node:internal/url:1487:11)\\r\\n' +\n    '    at fileURLToPath (node:internal/url:1611:35)\\r\\n' +\n    '    at urlToFilename (node:internal/modules/helpers:303:12)\\r\\n' +\n    '    at Object.cjsEmplaceModuleCacheEntryForURL (node:internal/modules/esm/translators:370:20)\\r\\n' +\n    '    at #translate (node:internal/modules/esm/loader:571:47)\\r\\n' +\n    '...',\n  expected: '',\n  operator: 'strictEqual',\n  diff: 'simple'\n}\n\nTest failure: 'should use the correct `name` for next<HookName>'s function'\nLocation: test\\es-module\\test-esm-loader-chaining.mjs:172:3\nAssertionError [ERR_ASSERTION]: Expected values to be strictly equal:\n+ actual - expected\n\n+ 'node:internal/url:1487\\r\\n' +\n+   \"    throw new ERR_INVALID_FILE_URL_PATH('must be absolute', url);\\r\\n\" +\n+   '          ^\\r\\n' +\n+   '\\r\\n' +\n+   'TypeError [ERR_INVALID_FILE_URL_PATH]: File URL path must be absolute\\r\\n' +\n+   '    at getPathFromURLWin32 (node:internal/url:1487:11)\\r\\n' +\n+   '    at fileURLToPath (node:internal/url:1611:35)\\r\\n' +\n+   '    at urlToFilename (node:internal/modules/helpers:303:12)\\r\\n' +\n+   '    at Object.cjsEmplaceModuleCacheEntryForURL (node:internal/modules/esm/translators:370:20)\\r\\n' +\n+   '    at #translate (node:internal/modules/esm/loader:571:47)\\r\\n' +\n+   '    at afterLoad (node:internal/modules/esm/loader:625:29) {\\r\\n' +\n+   \"  code: 'ERR_INVALID_FILE_URL_PATH',\\r\\n\" +\n+   '  input: file:///42.mjs\\r\\n' +\n+   '}\\r\\n' +\n+   '\\r\\n' +\n+   'Node.js v25.0.0-pre\\r\\n'\n- ''\n\n    at TestContext.<anonymous> (file:///c:/workspace/node-test-binary-windows-js-suites/node/test/es-module/test-esm-loader-chaining.mjs:187:12)\n    at process.processTicksAndRejections (node:internal/process/task_queues:105:5)\n    at async Test.run (node:internal/test_runner/test:1113:7)\n    at async Suite.processPendingSubtests (node:internal/test_runner/test:788:7) {\n  generatedMessage: true,\n  code: 'ERR_ASSERTION',\n  actual: 'node:internal/url:1487\\r\\n' +\n    \"    throw new ERR_INVALID_FILE_URL_PATH('must be absolute', url);\\r\\n\" +\n    '          ^\\r\\n' +\n    '\\r\\n' +\n    'TypeError [ERR_INVALID_FILE_URL_PATH]: File URL path must be absolute\\r\\n' +\n    '    at getPathFromURLWin32 (node:internal/url:1487:11)\\r\\n' +\n    '    at fileURLToPath (node:internal/url:1611:35)\\r\\n' +\n    '    at urlToFilename (node:internal/modules/helpers:303:12)\\r\\n' +\n    '    at Object.cjsEmplaceModuleCacheEntryForURL (node:internal/modules/esm/translators:370:20)\\r\\n' +\n    '    at #translate (node:internal/modules/esm/loader:571:47)\\r\\n' +\n    '...',\n  expected: '',\n  operator: 'strictEqual',\n  diff: 'simple'\n}\n\nTest failure: 'should NOT throw when nested load hook signaled a short circuit'\nLocation: test\\es-module\\test-esm-loader-chaining.mjs:233:3\nAssertionError [ERR_ASSERTION]: Expected values to be strictly equal:\n+ actual - expected\n\n+ 'node:internal/url:1487\\r\\n' +\n+   \"    throw new ERR_INVALID_FILE_URL_PATH('must be absolute', url);\\r\\n\" +\n+   '          ^\\r\\n' +\n+   '\\r\\n' +\n+   'TypeError [ERR_INVALID_FILE_URL_PATH]: File URL path must be absolute\\r\\n' +\n+   '    at getPathFromURLWin32 (node:internal/url:1487:11)\\r\\n' +\n+   '    at fileURLToPath (node:internal/url:1611:35)\\r\\n' +\n+   '    at urlToFilename (node:internal/modules/helpers:303:12)\\r\\n' +\n+   '    at Object.cjsEmplaceModuleCacheEntryForURL (node:internal/modules/esm/translators:370:20)\\r\\n' +\n+   '    at #translate (node:internal/modules/esm/loader:571:47)\\r\\n' +\n+   '    at afterLoad (node:internal/modules/esm/loader:625:29) {\\r\\n' +\n+   \"  code: 'ERR_INVALID_FILE_URL_PATH',\\r\\n\" +\n+   '  input: file:///42.mjs\\r\\n' +\n+   '}\\r\\n' +\n+   '\\r\\n' +\n+   'Node.js v25.0.0-pre\\r\\n'\n- ''\n\n    at TestContext.<anonymous> (file:///c:/workspace/node-test-binary-windows-js-suites/node/test/es-module/test-esm-loader-chaining.mjs:250:12)\n    at process.processTicksAndRejections (node:internal/process/task_queues:105:5)\n    at async Test.run (node:internal/test_runner/test:1113:7)\n    at async Suite.processPendingSubtests (node:internal/test_runner/test:788:7) {\n  generatedMessage: true,\n  code: 'ERR_ASSERTION',\n  actual: 'node:internal/url:1487\\r\\n' +\n    \"    throw new ERR_INVALID_FILE_URL_PATH('must be absolute', url);\\r\\n\" +\n    '          ^\\r\\n' +\n    '\\r\\n' +\n    'TypeError [ERR_INVALID_FILE_URL_PATH]: File URL path must be absolute\\r\\n' +\n    '    at getPathFromURLWin32 (node:internal/url:1487:11)\\r\\n' +\n    '    at fileURLToPath (node:internal/url:1611:35)\\r\\n' +\n    '    at urlToFilename (node:internal/modules/helpers:303:12)\\r\\n' +\n    '    at Object.cjsEmplaceModuleCacheEntryForURL (node:internal/modules/esm/translators:370:20)\\r\\n' +\n    '    at #translate (node:internal/modules/esm/loader:571:47)\\r\\n' +\n    '...',\n  expected: '',\n  operator: 'strictEqual',\n  diff: 'simple'\n}"},"time":3608.129,"fullname":"es-module/test-esm-loader-chaining","closingTestPoint":false}},{"testName":"parallel/test-shadow-realm-custom-loaders","timestamp":1756818958037,"status":"REGRESSION","jobName":"node-test-binary-windows-js-suites","config":"node-test-binary-windows-js-suites Â» 3,win11-COMPILED_BY-vs2022_clang #36654","buildUrl":"https://ci.nodejs.org/job/node-test-binary-windows-js-suites/RUN_SUBSET=3,nodes=win11-COMPILED_BY-vs2022_clang/36654/","buildNumber":36654,"builtOn":"test-azure_msft-win11_vs2022-x64-1","nodeVersion":"25.0.0","commitHash":"3d145677942e42461a44282e47dac2ecfcd8c620","callStack":[{"upstreamBuild":72931,"upstreamProject":"node-test-commit-windows-fanned","upstreamUrl":"job/node-test-commit-windows-fanned/"}],"tap":{"ok":false,"name":"parallel/test-shadow-realm-custom-loaders","id":784,"buffered":false,"tapError":null,"skip":false,"todo":false,"previous":null,"plan":null,"diag":{"severity":"fail","exitcode":1,"stack":"node:internal/process/promises:332\n    triggerUncaughtException(err, true /* fromPromise */);\n    ^\n\nAssertionError [ERR_ASSERTION]: Expected values to be strictly equal:\n+ actual - expected\n\n+ 'node:internal/url:1487\\r\\n' +\n+   \"    throw new ERR_INVALID_FILE_URL_PATH('must be absolute', url);\\r\\n\" +\n+   '          ^\\r\\n' +\n+   '\\r\\n' +\n+   'TypeError [ERR_INVALID_FILE_URL_PATH]: File URL path must be absolute\\r\\n' +\n+   '    at getPathFromURLWin32 (node:internal/url:1487:11)\\r\\n' +\n+   '    at fileURLToPath (node:internal/url:1611:35)\\r\\n' +\n+   '    at urlToFilename (node:internal/modules/helpers:303:12)\\r\\n' +\n+   '    at Object.cjsEmplaceModuleCacheEntryForURL (node:internal/modules/esm/translators:370:20)\\r\\n' +\n+   '    at #translate (node:internal/modules/esm/loader:571:47)\\r\\n' +\n+   '    at afterLoad (node:internal/modules/esm/loader:625:29)\\r\\n' +\n+   '    at async #link (node:internal/modules/esm/module_job:180:19) {\\r\\n' +\n+   \"  code: 'ERR_INVALID_FILE_URL_PATH',\\r\\n\" +\n+   '  input: file:///42.mjs\\r\\n' +\n+   '}\\r\\n' +\n+   '\\r\\n' +\n+   'Node.js v25.0.0-pre\\r\\n'\n- ''\n\n    at main (c:\\workspace\\node-test-binary-windows-js-suites\\node\\test\\parallel\\test-shadow-realm-custom-loaders.js:22:10)\n    at process.processTicksAndRejections (node:internal/process/task_queues:105:5) {\n  generatedMessage: true,\n  code: 'ERR_ASSERTION',\n  actual: 'node:internal/url:1487\\r\\n' +\n    \"    throw new ERR_INVALID_FILE_URL_PATH('must be absolute', url);\\r\\n\" +\n    '          ^\\r\\n' +\n    '\\r\\n' +\n    'TypeError [ERR_INVALID_FILE_URL_PATH]: File URL path must be absolute\\r\\n' +\n    '    at getPathFromURLWin32 (node:internal/url:1487:11)\\r\\n' +\n    '    at fileURLToPath (node:internal/url:1611:35)\\r\\n' +\n    '    at urlToFilename (node:internal/modules/helpers:303:12)\\r\\n' +\n    '    at Object.cjsEmplaceModuleCacheEntryForURL (node:internal/modules/esm/translators:370:20)\\r\\n' +\n    '    at #translate (node:internal/modules/esm/loader:571:47)\\r\\n' +\n    '    at afterLoad (node:internal/modules/esm/loader:625:29)\\r\\n' +\n    '    at async #link (node:internal/modules/esm/module_job:180:19) {\\r\\n' +\n    \"  code: 'ERR_INVALID_FILE_URL_PATH',\\r\\n\" +\n    '  input: file:///42.mjs\\r\\n' +\n    '}\\r\\n' +\n    '\\r\\n' +\n    'Node.js v25.0.0-pre\\r\\n',\n  expected: '',\n  operator: 'strictEqual',\n  diff: 'simple'\n}\n\nNode.js v25.0.0-pre"},"time":474.081,"fullname":"parallel/test-shadow-realm-custom-loaders","closingTestPoint":false}},{"testName":"parallel/test-shadow-realm-custom-loaders","timestamp":1756818958037,"status":"REGRESSION","jobName":"node-test-binary-windows-js-suites","config":"node-test-binary-windows-js-suites Â» 3,win2022-COMPILED_BY-vs2022_clang #36654","buildUrl":"https://ci.nodejs.org/job/node-test-binary-windows-js-suites/RUN_SUBSET=3,nodes=win2022-COMPILED_BY-vs2022_clang/36654/","buildNumber":36654,"builtOn":"test-rackspace-win2022_vs2022-x64-2","nodeVersion":"25.0.0","commitHash":"3d145677942e42461a44282e47dac2ecfcd8c620","callStack":[{"upstreamBuild":72931,"upstreamProject":"node-test-commit-windows-fanned","upstreamUrl":"job/node-test-commit-windows-fanned/"}],"tap":{"ok":false,"name":"parallel/test-shadow-realm-custom-loaders","id":782,"buffered":false,"tapError":null,"skip":false,"todo":false,"previous":null,"plan":null,"diag":{"severity":"fail","exitcode":1,"stack":"node:internal/process/promises:332\n    triggerUncaughtException(err, true /* fromPromise */);\n    ^\n\nAssertionError [ERR_ASSERTION]: Expected values to be strictly equal:\n+ actual - expected\n\n+ 'node:internal/url:1487\\r\\n' +\n+   \"    throw new ERR_INVALID_FILE_URL_PATH('must be absolute', url);\\r\\n\" +\n+   '          ^\\r\\n' +\n+   '\\r\\n' +\n+   'TypeError [ERR_INVALID_FILE_URL_PATH]: File URL path must be absolute\\r\\n' +\n+   '    at getPathFromURLWin32 (node:internal/url:1487:11)\\r\\n' +\n+   '    at fileURLToPath (node:internal/url:1611:35)\\r\\n' +\n+   '    at urlToFilename (node:internal/modules/helpers:303:12)\\r\\n' +\n+   '    at Object.cjsEmplaceModuleCacheEntryForURL (node:internal/modules/esm/translators:370:20)\\r\\n' +\n+   '    at #translate (node:internal/modules/esm/loader:571:47)\\r\\n' +\n+   '    at afterLoad (node:internal/modules/esm/loader:625:29)\\r\\n' +\n+   '    at async #link (node:internal/modules/esm/module_job:180:19) {\\r\\n' +\n+   \"  code: 'ERR_INVALID_FILE_URL_PATH',\\r\\n\" +\n+   '  input: file:///42.mjs\\r\\n' +\n+   '}\\r\\n' +\n+   '\\r\\n' +\n+   'Node.js v25.0.0-pre\\r\\n'\n- ''\n\n    at main (C:\\workspace\\node-test-binary-windows-js-suites\\node\\test\\parallel\\test-shadow-realm-custom-loaders.js:22:10)\n    at process.processTicksAndRejections (node:internal/process/task_queues:105:5) {\n  generatedMessage: true,\n  code: 'ERR_ASSERTION',\n  actual: 'node:internal/url:1487\\r\\n' +\n    \"    throw new ERR_INVALID_FILE_URL_PATH('must be absolute', url);\\r\\n\" +\n    '          ^\\r\\n' +\n    '\\r\\n' +\n    'TypeError [ERR_INVALID_FILE_URL_PATH]: File URL path must be absolute\\r\\n' +\n    '    at getPathFromURLWin32 (node:internal/url:1487:11)\\r\\n' +\n    '    at fileURLToPath (node:internal/url:1611:35)\\r\\n' +\n    '    at urlToFilename (node:internal/modules/helpers:303:12)\\r\\n' +\n    '    at Object.cjsEmplaceModuleCacheEntryForURL (node:internal/modules/esm/translators:370:20)\\r\\n' +\n    '    at #translate (node:internal/modules/esm/loader:571:47)\\r\\n' +\n    '    at afterLoad (node:internal/modules/esm/loader:625:29)\\r\\n' +\n    '    at async #link (node:internal/modules/esm/module_job:180:19) {\\r\\n' +\n    \"  code: 'ERR_INVALID_FILE_URL_PATH',\\r\\n\" +\n    '  input: file:///42.mjs\\r\\n' +\n    '}\\r\\n' +\n    '\\r\\n' +\n    'Node.js v25.0.0-pre\\r\\n',\n  expected: '',\n  operator: 'strictEqual',\n  diff: 'simple'\n}\n\nNode.js v25.0.0-pre"},"time":1908.046,"fullname":"parallel/test-shadow-realm-custom-loaders","closingTestPoint":false}},{"testName":"parallel/test-shadow-realm-custom-loaders","timestamp":1756818958037,"status":"REGRESSION","jobName":"node-test-binary-windows-js-suites","config":"node-test-binary-windows-js-suites Â» 3,win10-COMPILED_BY-vs2022_clang #36654","buildUrl":"https://ci.nodejs.org/job/node-test-binary-windows-js-suites/RUN_SUBSET=3,nodes=win10-COMPILED_BY-vs2022_clang/36654/","buildNumber":36654,"builtOn":"test-azure_msft-win10_vs2019-x64-2","nodeVersion":"25.0.0","commitHash":"3d145677942e42461a44282e47dac2ecfcd8c620","callStack":[{"upstreamBuild":72931,"upstreamProject":"node-test-commit-windows-fanned","upstreamUrl":"job/node-test-commit-windows-fanned/"}],"tap":{"ok":false,"name":"parallel/test-shadow-realm-custom-loaders","id":784,"buffered":false,"tapError":null,"skip":false,"todo":false,"previous":null,"plan":null,"diag":{"severity":"fail","exitcode":1,"stack":"node:internal/process/promises:332\n    triggerUncaughtException(err, true /* fromPromise */);\n    ^\n\nAssertionError [ERR_ASSERTION]: Expected values to be strictly equal:\n+ actual - expected\n\n+ 'node:internal/url:1487\\r\\n' +\n+   \"    throw new ERR_INVALID_FILE_URL_PATH('must be absolute', url);\\r\\n\" +\n+   '          ^\\r\\n' +\n+   '\\r\\n' +\n+   'TypeError [ERR_INVALID_FILE_URL_PATH]: File URL path must be absolute\\r\\n' +\n+   '    at getPathFromURLWin32 (node:internal/url:1487:11)\\r\\n' +\n+   '    at fileURLToPath (node:internal/url:1611:35)\\r\\n' +\n+   '    at urlToFilename (node:internal/modules/helpers:303:12)\\r\\n' +\n+   '    at Object.cjsEmplaceModuleCacheEntryForURL (node:internal/modules/esm/translators:370:20)\\r\\n' +\n+   '    at #translate (node:internal/modules/esm/loader:571:47)\\r\\n' +\n+   '    at afterLoad (node:internal/modules/esm/loader:625:29)\\r\\n' +\n+   '    at async #link (node:internal/modules/esm/module_job:180:19) {\\r\\n' +\n+   \"  code: 'ERR_INVALID_FILE_URL_PATH',\\r\\n\" +\n+   '  input: file:///42.mjs\\r\\n' +\n+   '}\\r\\n' +\n+   '\\r\\n' +\n+   'Node.js v25.0.0-pre\\r\\n'\n- ''\n\n    at main (c:\\workspace\\node-test-binary-windows-js-suites\\node\\test\\parallel\\test-shadow-realm-custom-loaders.js:22:10)\n    at process.processTicksAndRejections (node:internal/process/task_queues:105:5) {\n  generatedMessage: true,\n  code: 'ERR_ASSERTION',\n  actual: 'node:internal/url:1487\\r\\n' +\n    \"    throw new ERR_INVALID_FILE_URL_PATH('must be absolute', url);\\r\\n\" +\n    '          ^\\r\\n' +\n    '\\r\\n' +\n    'TypeError [ERR_INVALID_FILE_URL_PATH]: File URL path must be absolute\\r\\n' +\n    '    at getPathFromURLWin32 (node:internal/url:1487:11)\\r\\n' +\n    '    at fileURLToPath (node:internal/url:1611:35)\\r\\n' +\n    '    at urlToFilename (node:internal/modules/helpers:303:12)\\r\\n' +\n    '    at Object.cjsEmplaceModuleCacheEntryForURL (node:internal/modules/esm/translators:370:20)\\r\\n' +\n    '    at #translate (node:internal/modules/esm/loader:571:47)\\r\\n' +\n    '    at afterLoad (node:internal/modules/esm/loader:625:29)\\r\\n' +\n    '    at async #link (node:internal/modules/esm/module_job:180:19) {\\r\\n' +\n    \"  code: 'ERR_INVALID_FILE_URL_PATH',\\r\\n\" +\n    '  input: file:///42.mjs\\r\\n' +\n    '}\\r\\n' +\n    '\\r\\n' +\n    'Node.js v25.0.0-pre\\r\\n',\n  expected: '',\n  operator: 'strictEqual',\n  diff: 'simple'\n}\n\nNode.js v25.0.0-pre"},"time":492.003,"fullname":"parallel/test-shadow-realm-custom-loaders","closingTestPoint":false}},{"testName":"es-module/test-esm-loader-programmatically","timestamp":1756818958037,"status":"REGRESSION","jobName":"node-test-binary-windows-js-suites","config":"node-test-binary-windows-js-suites Â» 2,win2019-COMPILED_BY-vs2022_clang #36654","buildUrl":"https://ci.nodejs.org/job/node-test-binary-windows-js-suites/RUN_SUBSET=2,nodes=win2019-COMPILED_BY-vs2022_clang/36654/","buildNumber":36654,"builtOn":"test-rackspace-win2019_vs2019-x64-3","nodeVersion":"25.0.0","commitHash":"3d145677942e42461a44282e47dac2ecfcd8c620","callStack":[{"upstreamBuild":72931,"upstreamProject":"node-test-commit-windows-fanned","upstreamUrl":"job/node-test-commit-windows-fanned/"}],"tap":{"ok":false,"name":"es-module/test-esm-loader-programmatically","id":96,"buffered":false,"tapError":null,"skip":false,"todo":false,"previous":null,"plan":null,"diag":{"severity":"fail","exitcode":1,"stack":"Test failure: 'works with only a dummy CLI argument'\nLocation: test\\es-module\\test-esm-loader-programmatically.mjs:24:3\nAssertionError [ERR_ASSERTION]: Expected values to be strictly equal:\n+ actual - expected\n\n+ '\\r\\n' +\n+   'node:internal/modules/run_main:107\\r\\n' +\n+   '    triggerUncaughtException(\\r\\n' +\n+   '    ^\\r\\n' +\n+   'TypeError [ERR_INVALID_FILE_URL_PATH]: File URL path must be absolute\\r\\n' +\n+   '    at getPathFromURLWin32 (node:internal/url:1487:11)\\r\\n' +\n+   '    at fileURLToPath (node:internal/url:1611:35)\\r\\n' +\n+   '    at urlToFilename (node:internal/modules/helpers:303:12)\\r\\n' +\n+   '    at #translate (node:internal/modules/esm/loader:569:30)\\r\\n' +\n+   '    at afterLoad (node:internal/modules/esm/loader:625:29)\\r\\n' +\n+   '    at async #link (node:internal/modules/esm/module_job:180:19) {\\r\\n' +\n+   \"  code: 'ERR_INVALID_FILE_URL_PATH',\\r\\n\" +\n+   '  input: {}\\r\\n' +\n+   '}\\r\\n' +\n+   '\\r\\n' +\n+   'Node.js v25.0.0-pre\\r\\n'\n- ''\n\n    at TestContext.<anonymous> (file:///C:/workspace/node-test-binary-windows-js-suites/node/test/es-module/test-esm-loader-programmatically.mjs:37:12)\n    at process.processTicksAndRejections (node:internal/process/task_queues:105:5)\n    at async Test.run (node:internal/test_runner/test:1113:7)\n    at async Promise.all (index 0)\n    at async Suite.run (node:internal/test_runner/test:1516:7)\n    at async startSubtestAfterBootstrap (node:internal/test_runner/harness:358:3) {\n  generatedMessage: true,\n  code: 'ERR_ASSERTION',\n  actual: '\\r\\n' +\n    'node:internal/modules/run_main:107\\r\\n' +\n    '    triggerUncaughtException(\\r\\n' +\n    '    ^\\r\\n' +\n    'TypeError [ERR_INVALID_FILE_URL_PATH]: File URL path must be absolute\\r\\n' +\n    '    at getPathFromURLWin32 (node:internal/url:1487:11)\\r\\n' +\n    '    at fileURLToPath (node:internal/url:1611:35)\\r\\n' +\n    '    at urlToFilename (node:internal/modules/helpers:303:12)\\r\\n' +\n    '    at #translate (node:internal/modules/esm/loader:569:30)\\r\\n' +\n    '    at afterLoad (node:internal/modules/esm/loader:625:29)\\r\\n' +\n    '...',\n  expected: '',\n  operator: 'strictEqual',\n  diff: 'simple'\n}\n\nTest failure: 'programmatically registered loaders are appended to an existing chaining'\nLocation: test\\es-module\\test-esm-loader-programmatically.mjs:76:3\nAssertionError [ERR_ASSERTION]: Expected values to be strictly equal:\n+ actual - expected\n\n+ '\\r\\n' +\n+   'node:internal/modules/run_main:107\\r\\n' +\n+   '    triggerUncaughtException(\\r\\n' +\n+   '    ^\\r\\n' +\n+   'TypeError [ERR_INVALID_FILE_URL_PATH]: File URL path must be absolute\\r\\n' +\n+   '    at getPathFromURLWin32 (node:internal/url:1487:11)\\r\\n' +\n+   '    at fileURLToPath (node:internal/url:1611:35)\\r\\n' +\n+   '    at urlToFilename (node:internal/modules/helpers:303:12)\\r\\n' +\n+   '    at #translate (node:internal/modules/esm/loader:569:30)\\r\\n' +\n+   '    at afterLoad (node:internal/modules/esm/loader:625:29)\\r\\n' +\n+   '    at async #link (node:internal/modules/esm/module_job:180:19) {\\r\\n' +\n+   \"  code: 'ERR_INVALID_FILE_URL_PATH',\\r\\n\" +\n+   '  input: {}\\r\\n' +\n+   '}\\r\\n' +\n+   '\\r\\n' +\n+   'Node.js v25.0.0-pre\\r\\n'\n- ''\n\n    at TestContext.<anonymous> (file:///C:/workspace/node-test-binary-windows-js-suites/node/test/es-module/test-esm-loader-programmatically.mjs:87:12)\n    at process.processTicksAndRejections (node:internal/process/task_queues:105:5)\n    at async Test.run (node:internal/test_runner/test:1113:7)\n    at async Suite.processPendingSubtests (node:internal/test_runner/test:788:7) {\n  generatedMessage: true,\n  code: 'ERR_ASSERTION',\n  actual: '\\r\\n' +\n    'node:internal/modules/run_main:107\\r\\n' +\n    '    triggerUncaughtException(\\r\\n' +\n    '    ^\\r\\n' +\n    'TypeError [ERR_INVALID_FILE_URL_PATH]: File URL path must be absolute\\r\\n' +\n    '    at getPathFromURLWin32 (node:internal/url:1487:11)\\r\\n' +\n    '    at fileURLToPath (node:internal/url:1611:35)\\r\\n' +\n    '    at urlToFilename (node:internal/modules/helpers:303:12)\\r\\n' +\n    '    at #translate (node:internal/modules/esm/loader:569:30)\\r\\n' +\n    '    at afterLoad (node:internal/modules/esm/loader:625:29)\\r\\n' +\n    '...',\n  expected: '',\n  operator: 'strictEqual',\n  diff: 'simple'\n}\n\nTest failure: 'works registering the same loaders more them once'\nLocation: test\\es-module\\test-esm-loader-programmatically.mjs:147:3\nAssertionError [ERR_ASSERTION]: Expected values to be strictly equal:\n+ actual - expected\n\n+ '\\r\\n' +\n+   'node:internal/modules/run_main:107\\r\\n' +\n+   '    triggerUncaughtException(\\r\\n' +\n+   '    ^\\r\\n' +\n+   'TypeError [ERR_INVALID_FILE_URL_PATH]: File URL path must be absolute\\r\\n' +\n+   '    at getPathFromURLWin32 (node:internal/url:1487:11)\\r\\n' +\n+   '    at fileURLToPath (node:internal/url:1611:35)\\r\\n' +\n+   '    at urlToFilename (node:internal/modules/helpers:303:12)\\r\\n' +\n+   '    at #translate (node:internal/modules/esm/loader:569:30)\\r\\n' +\n+   '    at afterLoad (node:internal/modules/esm/loader:625:29)\\r\\n' +\n+   '    at async #link (node:internal/modules/esm/module_job:180:19) {\\r\\n' +\n+   \"  code: 'ERR_INVALID_FILE_URL_PATH',\\r\\n\" +\n+   '  input: {}\\r\\n' +\n+   '}\\r\\n' +\n+   '\\r\\n' +\n+   'Node.js v25.0.0-pre\\r\\n'\n- ''\n\n    at TestContext.<anonymous> (file:///C:/workspace/node-test-binary-windows-js-suites/node/test/es-module/test-esm-loader-programmatically.mjs:159:12)\n    at process.processTicksAndRejections (node:internal/process/task_queues:105:5)\n    at async Test.run (node:internal/test_runner/test:1113:7)\n    at async Suite.processPendingSubtests (node:internal/test_runner/test:788:7) {\n  generatedMessage: true,\n  code: 'ERR_ASSERTION',\n  actual: '\\r\\n' +\n    'node:internal/modules/run_main:107\\r\\n' +\n    '    triggerUncaughtException(\\r\\n' +\n    '    ^\\r\\n' +\n    'TypeError [ERR_INVALID_FILE_URL_PATH]: File URL path must be absolute\\r\\n' +\n    '    at getPathFromURLWin32 (node:internal/url:1487:11)\\r\\n' +\n    '    at fileURLToPath (node:internal/url:1611:35)\\r\\n' +\n    '    at urlToFilename (node:internal/modules/helpers:303:12)\\r\\n' +\n    '    at #translate (node:internal/modules/esm/loader:569:30)\\r\\n' +\n    '    at afterLoad (node:internal/modules/esm/loader:625:29)\\r\\n' +\n    '...',\n  expected: '',\n  operator: 'strictEqual',\n  diff: 'simple'\n}\n\nTest failure: 'works without a CLI flag'\nLocation: test\\es-module\\test-esm-loader-programmatically.mjs:200:3\nAssertionError [ERR_ASSERTION]: Expected values to be strictly equal:\n+ actual - expected\n\n+ '\\r\\n' +\n+   'node:internal/modules/run_main:107\\r\\n' +\n+   '    triggerUncaughtException(\\r\\n' +\n+   '    ^\\r\\n' +\n+   'TypeError [ERR_INVALID_FILE_URL_PATH]: File URL path must be absolute\\r\\n' +\n+   '    at getPathFromURLWin32 (node:internal/url:1487:11)\\r\\n' +\n+   '    at fileURLToPath (node:internal/url:1611:35)\\r\\n' +\n+   '    at urlToFilename (node:internal/modules/helpers:303:12)\\r\\n' +\n+   '    at #translate (node:internal/modules/esm/loader:569:30)\\r\\n' +\n+   '    at afterLoad (node:internal/modules/esm/loader:625:29)\\r\\n' +\n+   '    at async #link (node:internal/modules/esm/module_job:180:19) {\\r\\n' +\n+   \"  code: 'ERR_INVALID_FILE_URL_PATH',\\r\\n\" +\n+   '  input: {}\\r\\n' +\n+   '}\\r\\n' +\n+   '\\r\\n' +\n+   'Node.js v25.0.0-pre\\r\\n'\n- ''\n\n    at TestContext.<anonymous> (file:///C:/workspace/node-test-binary-windows-js-suites/node/test/es-module/test-esm-loader-programmatically.mjs:210:12)\n    at process.processTicksAndRejections (node:internal/process/task_queues:105:5)\n    at async Test.run (node:internal/test_runner/test:1113:7)\n    at async Suite.processPendingSubtests (node:internal/test_runner/test:788:7) {\n  generatedMessage: true,\n  code: 'ERR_ASSERTION',\n  actual: '\\r\\n' +\n    'node:internal/modules/run_main:107\\r\\n' +\n    '    triggerUncaughtException(\\r\\n' +\n    '    ^\\r\\n' +\n    'TypeError [ERR_INVALID_FILE_URL_PATH]: File URL path must be absolute\\r\\n' +\n    '    at getPathFromURLWin32 (node:internal/url:1487:11)\\r\\n' +\n    '    at fileURLToPath (node:internal/url:1611:35)\\r\\n' +\n    '    at urlToFilename (node:internal/modules/helpers:303:12)\\r\\n' +\n    '    at #translate (node:internal/modules/esm/loader:569:30)\\r\\n' +\n    '    at afterLoad (node:internal/modules/esm/loader:625:29)\\r\\n' +\n    '...',\n  expected: '',\n  operator: 'strictEqual',\n  diff: 'simple'\n}\n\nTest failure: 'does not work with a loader that got syntax errors'\nLocation: test\\es-module\\test-esm-loader-programmatically.mjs:237:3\nAssertionError [ERR_ASSERTION]: The input did not match the regular expression /SyntaxError/. Input:\n\n'\\r\\n' +\n  'node:internal/modules/run_main:107\\r\\n' +\n  '    triggerUncaughtException(\\r\\n' +\n  '    ^\\r\\n' +\n  'TypeError [ERR_INVALID_FILE_URL_PATH]: File URL path must be absolute\\r\\n' +\n  '    at getPathFromURLWin32 (node:internal/url:1487:11)\\r\\n' +\n  '    at fileURLToPath (node:internal/url:1611:35)\\r\\n' +\n  '    at urlToFilename (node:internal/modules/helpers:303:12)\\r\\n' +\n  '    at #translate (node:internal/modules/esm/loader:569:30)\\r\\n' +\n  '    at afterLoad (node:internal/modules/esm/loader:625:29)\\r\\n' +\n  '    at async #link (node:internal/modules/esm/module_job:180:19) {\\r\\n' +\n  \"  code: 'ERR_INVALID_FILE_URL_PATH',\\r\\n\" +\n  '  input: {}\\r\\n' +\n  '}\\r\\n' +\n  '\\r\\n' +\n  'Node.js v25.0.0-pre\\r\\n'\n\n    at TestContext.<anonymous> (file:///C:/workspace/node-test-binary-windows-js-suites/node/test/es-module/test-esm-loader-programmatically.mjs:249:12)\n    at process.processTicksAndRejections (node:internal/process/task_queues:105:5)\n    at async Test.run (node:internal/test_runner/test:1113:7)\n    at async Suite.processPendingSubtests (node:internal/test_runner/test:788:7) {\n  generatedMessage: true,\n  code: 'ERR_ASSERTION',\n  actual: '\\r\\n' +\n    'node:internal/modules/run_main:107\\r\\n' +\n    '    triggerUncaughtException(\\r\\n' +\n    '    ^\\r\\n' +\n    'TypeError [ERR_INVALID_FILE_URL_PATH]: File URL path must be absolute\\r\\n' +\n    '    at getPathFromURLWin32 (node:internal/url:1487:11)\\r\\n' +\n    '    at fileURLToPath (node:internal/url:1611:35)\\r\\n' +\n    '    at urlToFilename (node:internal/modules/helpers:303:12)\\r\\n' +\n    '    at #translate (node:internal/modules/esm/loader:569:30)\\r\\n' +\n    '    at afterLoad (node:internal/modules/esm/loader:625:29)\\r\\n' +\n    '...',\n  expected: /SyntaxError/,\n  operator: 'match',\n  diff: 'simple'\n}"},"time":2938.025,"fullname":"es-module/test-esm-loader-programmatically","closingTestPoint":false}},{"testName":"es-module/test-esm-loader-programmatically","timestamp":1756818958037,"status":"REGRESSION","jobName":"node-test-binary-windows-js-suites","config":"node-test-binary-windows-js-suites Â» 2,win11-COMPILED_BY-vs2022_clang #36654","buildUrl":"https://ci.nodejs.org/job/node-test-binary-windows-js-suites/RUN_SUBSET=2,nodes=win11-COMPILED_BY-vs2022_clang/36654/","buildNumber":36654,"builtOn":"test-azure_msft-win11_vs2022-x64-4","nodeVersion":"25.0.0","commitHash":"3d145677942e42461a44282e47dac2ecfcd8c620","callStack":[{"upstreamBuild":72931,"upstreamProject":"node-test-commit-windows-fanned","upstreamUrl":"job/node-test-commit-windows-fanned/"}],"tap":{"ok":false,"name":"es-module/test-esm-loader-programmatically","id":71,"buffered":false,"tapError":null,"skip":false,"todo":false,"previous":null,"plan":null,"diag":{"severity":"fail","exitcode":1,"stack":"Test failure: 'works with only a dummy CLI argument'\nLocation: test\\es-module\\test-esm-loader-programmatically.mjs:24:3\nAssertionError [ERR_ASSERTION]: Expected values to be strictly equal:\n+ actual - expected\n\n+ '\\r\\n' +\n+   'node:internal/modules/run_main:107\\r\\n' +\n+   '    triggerUncaughtException(\\r\\n' +\n+   '    ^\\r\\n' +\n+   'TypeError [ERR_INVALID_FILE_URL_PATH]: File URL path must be absolute\\r\\n' +\n+   '    at getPathFromURLWin32 (node:internal/url:1487:11)\\r\\n' +\n+   '    at fileURLToPath (node:internal/url:1611:35)\\r\\n' +\n+   '    at urlToFilename (node:internal/modules/helpers:303:12)\\r\\n' +\n+   '    at #translate (node:internal/modules/esm/loader:569:30)\\r\\n' +\n+   '    at afterLoad (node:internal/modules/esm/loader:625:29)\\r\\n' +\n+   '    at async #link (node:internal/modules/esm/module_job:180:19) {\\r\\n' +\n+   \"  code: 'ERR_INVALID_FILE_URL_PATH',\\r\\n\" +\n+   '  input: {}\\r\\n' +\n+   '}\\r\\n' +\n+   '\\r\\n' +\n+   'Node.js v25.0.0-pre\\r\\n'\n- ''\n\n    at TestContext.<anonymous> (file:///c:/workspace/node-test-binary-windows-js-suites/node/test/es-module/test-esm-loader-programmatically.mjs:37:12)\n    at process.processTicksAndRejections (node:internal/process/task_queues:105:5)\n    at async Test.run (node:internal/test_runner/test:1113:7)\n    at async Promise.all (index 0)\n    at async Suite.run (node:internal/test_runner/test:1516:7)\n    at async startSubtestAfterBootstrap (node:internal/test_runner/harness:358:3) {\n  generatedMessage: true,\n  code: 'ERR_ASSERTION',\n  actual: '\\r\\n' +\n    'node:internal/modules/run_main:107\\r\\n' +\n    '    triggerUncaughtException(\\r\\n' +\n    '    ^\\r\\n' +\n    'TypeError [ERR_INVALID_FILE_URL_PATH]: File URL path must be absolute\\r\\n' +\n    '    at getPathFromURLWin32 (node:internal/url:1487:11)\\r\\n' +\n    '    at fileURLToPath (node:internal/url:1611:35)\\r\\n' +\n    '    at urlToFilename (node:internal/modules/helpers:303:12)\\r\\n' +\n    '    at #translate (node:internal/modules/esm/loader:569:30)\\r\\n' +\n    '    at afterLoad (node:internal/modules/esm/loader:625:29)\\r\\n' +\n    '...',\n  expected: '',\n  operator: 'strictEqual',\n  diff: 'simple'\n}\n\nTest failure: 'programmatically registered loaders are appended to an existing chaining'\nLocation: test\\es-module\\test-esm-loader-programmatically.mjs:76:3\nAssertionError [ERR_ASSERTION]: Expected values to be strictly equal:\n+ actual - expected\n\n+ '\\r\\n' +\n+   'node:internal/modules/run_main:107\\r\\n' +\n+   '    triggerUncaughtException(\\r\\n' +\n+   '    ^\\r\\n' +\n+   'TypeError [ERR_INVALID_FILE_URL_PATH]: File URL path must be absolute\\r\\n' +\n+   '    at getPathFromURLWin32 (node:internal/url:1487:11)\\r\\n' +\n+   '    at fileURLToPath (node:internal/url:1611:35)\\r\\n' +\n+   '    at urlToFilename (node:internal/modules/helpers:303:12)\\r\\n' +\n+   '    at #translate (node:internal/modules/esm/loader:569:30)\\r\\n' +\n+   '    at afterLoad (node:internal/modules/esm/loader:625:29)\\r\\n' +\n+   '    at async #link (node:internal/modules/esm/module_job:180:19) {\\r\\n' +\n+   \"  code: 'ERR_INVALID_FILE_URL_PATH',\\r\\n\" +\n+   '  input: {}\\r\\n' +\n+   '}\\r\\n' +\n+   '\\r\\n' +\n+   'Node.js v25.0.0-pre\\r\\n'\n- ''\n\n    at TestContext.<anonymous> (file:///c:/workspace/node-test-binary-windows-js-suites/node/test/es-module/test-esm-loader-programmatically.mjs:87:12)\n    at process.processTicksAndRejections (node:internal/process/task_queues:105:5)\n    at async Test.run (node:internal/test_runner/test:1113:7)\n    at async Suite.processPendingSubtests (node:internal/test_runner/test:788:7) {\n  generatedMessage: true,\n  code: 'ERR_ASSERTION',\n  actual: '\\r\\n' +\n    'node:internal/modules/run_main:107\\r\\n' +\n    '    triggerUncaughtException(\\r\\n' +\n    '    ^\\r\\n' +\n    'TypeError [ERR_INVALID_FILE_URL_PATH]: File URL path must be absolute\\r\\n' +\n    '    at getPathFromURLWin32 (node:internal/url:1487:11)\\r\\n' +\n    '    at fileURLToPath (node:internal/url:1611:35)\\r\\n' +\n    '    at urlToFilename (node:internal/modules/helpers:303:12)\\r\\n' +\n    '    at #translate (node:internal/modules/esm/loader:569:30)\\r\\n' +\n    '    at afterLoad (node:internal/modules/esm/loader:625:29)\\r\\n' +\n    '...',\n  expected: '',\n  operator: 'strictEqual',\n  diff: 'simple'\n}\n\nTest failure: 'works registering the same loaders more them once'\nLocation: test\\es-module\\test-esm-loader-programmatically.mjs:147:3\nAssertionError [ERR_ASSERTION]: Expected values to be strictly equal:\n+ actual - expected\n\n+ '\\r\\n' +\n+   'node:internal/modules/run_main:107\\r\\n' +\n+   '    triggerUncaughtException(\\r\\n' +\n+   '    ^\\r\\n' +\n+   'TypeError [ERR_INVALID_FILE_URL_PATH]: File URL path must be absolute\\r\\n' +\n+   '    at getPathFromURLWin32 (node:internal/url:1487:11)\\r\\n' +\n+   '    at fileURLToPath (node:internal/url:1611:35)\\r\\n' +\n+   '    at urlToFilename (node:internal/modules/helpers:303:12)\\r\\n' +\n+   '    at #translate (node:internal/modules/esm/loader:569:30)\\r\\n' +\n+   '    at afterLoad (node:internal/modules/esm/loader:625:29)\\r\\n' +\n+   '    at async #link (node:internal/modules/esm/module_job:180:19) {\\r\\n' +\n+   \"  code: 'ERR_INVALID_FILE_URL_PATH',\\r\\n\" +\n+   '  input: {}\\r\\n' +\n+   '}\\r\\n' +\n+   '\\r\\n' +\n+   'Node.js v25.0.0-pre\\r\\n'\n- ''\n\n    at TestContext.<anonymous> (file:///c:/workspace/node-test-binary-windows-js-suites/node/test/es-module/test-esm-loader-programmatically.mjs:159:12)\n    at process.processTicksAndRejections (node:internal/process/task_queues:105:5)\n    at async Test.run (node:internal/test_runner/test:1113:7)\n    at async Suite.processPendingSubtests (node:internal/test_runner/test:788:7) {\n  generatedMessage: true,\n  code: 'ERR_ASSERTION',\n  actual: '\\r\\n' +\n    'node:internal/modules/run_main:107\\r\\n' +\n    '    triggerUncaughtException(\\r\\n' +\n    '    ^\\r\\n' +\n    'TypeError [ERR_INVALID_FILE_URL_PATH]: File URL path must be absolute\\r\\n' +\n    '    at getPathFromURLWin32 (node:internal/url:1487:11)\\r\\n' +\n    '    at fileURLToPath (node:internal/url:1611:35)\\r\\n' +\n    '    at urlToFilename (node:internal/modules/helpers:303:12)\\r\\n' +\n    '    at #translate (node:internal/modules/esm/loader:569:30)\\r\\n' +\n    '    at afterLoad (node:internal/modules/esm/loader:625:29)\\r\\n' +\n    '...',\n  expected: '',\n  operator: 'strictEqual',\n  diff: 'simple'\n}\n\nTest failure: 'works without a CLI flag'\nLocation: test\\es-module\\test-esm-loader-programmatically.mjs:200:3\nAssertionError [ERR_ASSERTION]: Expected values to be strictly equal:\n+ actual - expected\n\n+ '\\r\\n' +\n+   'node:internal/modules/run_main:107\\r\\n' +\n+   '    triggerUncaughtException(\\r\\n' +\n+   '    ^\\r\\n' +\n+   'TypeError [ERR_INVALID_FILE_URL_PATH]: File URL path must be absolute\\r\\n' +\n+   '    at getPathFromURLWin32 (node:internal/url:1487:11)\\r\\n' +\n+   '    at fileURLToPath (node:internal/url:1611:35)\\r\\n' +\n+   '    at urlToFilename (node:internal/modules/helpers:303:12)\\r\\n' +\n+   '    at #translate (node:internal/modules/esm/loader:569:30)\\r\\n' +\n+   '    at afterLoad (node:internal/modules/esm/loader:625:29)\\r\\n' +\n+   '    at async #link (node:internal/modules/esm/module_job:180:19) {\\r\\n' +\n+   \"  code: 'ERR_INVALID_FILE_URL_PATH',\\r\\n\" +\n+   '  input: {}\\r\\n' +\n+   '}\\r\\n' +\n+   '\\r\\n' +\n+   'Node.js v25.0.0-pre\\r\\n'\n- ''\n\n    at TestContext.<anonymous> (file:///c:/workspace/node-test-binary-windows-js-suites/node/test/es-module/test-esm-loader-programmatically.mjs:210:12)\n    at process.processTicksAndRejections (node:internal/process/task_queues:105:5)\n    at async Test.run (node:internal/test_runner/test:1113:7)\n    at async Suite.processPendingSubtests (node:internal/test_runner/test:788:7) {\n  generatedMessage: true,\n  code: 'ERR_ASSERTION',\n  actual: '\\r\\n' +\n    'node:internal/modules/run_main:107\\r\\n' +\n    '    triggerUncaughtException(\\r\\n' +\n    '    ^\\r\\n' +\n    'TypeError [ERR_INVALID_FILE_URL_PATH]: File URL path must be absolute\\r\\n' +\n    '    at getPathFromURLWin32 (node:internal/url:1487:11)\\r\\n' +\n    '    at fileURLToPath (node:internal/url:1611:35)\\r\\n' +\n    '    at urlToFilename (node:internal/modules/helpers:303:12)\\r\\n' +\n    '    at #translate (node:internal/modules/esm/loader:569:30)\\r\\n' +\n    '    at afterLoad (node:internal/modules/esm/loader:625:29)\\r\\n' +\n    '...',\n  expected: '',\n  operator: 'strictEqual',\n  diff: 'simple'\n}\n\nTest failure: 'does not work with a loader that got syntax errors'\nLocation: test\\es-module\\test-esm-loader-programmatically.mjs:237:3\nAssertionError [ERR_ASSERTION]: The input did not match the regular expression /SyntaxError/. Input:\n\n'\\r\\n' +\n  'node:internal/modules/run_main:107\\r\\n' +\n  '    triggerUncaughtException(\\r\\n' +\n  '    ^\\r\\n' +\n  'TypeError [ERR_INVALID_FILE_URL_PATH]: File URL path must be absolute\\r\\n' +\n  '    at getPathFromURLWin32 (node:internal/url:1487:11)\\r\\n' +\n  '    at fileURLToPath (node:internal/url:1611:35)\\r\\n' +\n  '    at urlToFilename (node:internal/modules/helpers:303:12)\\r\\n' +\n  '    at #translate (node:internal/modules/esm/loader:569:30)\\r\\n' +\n  '    at afterLoad (node:internal/modules/esm/loader:625:29)\\r\\n' +\n  '    at async #link (node:internal/modules/esm/module_job:180:19) {\\r\\n' +\n  \"  code: 'ERR_INVALID_FILE_URL_PATH',\\r\\n\" +\n  '  input: {}\\r\\n' +\n  '}\\r\\n' +\n  '\\r\\n' +\n  'Node.js v25.0.0-pre\\r\\n'\n\n    at TestContext.<anonymous> (file:///c:/workspace/node-test-binary-windows-js-suites/node/test/es-module/test-esm-loader-programmatically.mjs:249:12)\n    at process.processTicksAndRejections (node:internal/process/task_queues:105:5)\n    at async Test.run (node:internal/test_runner/test:1113:7)\n    at async Suite.processPendingSubtests (node:internal/test_runner/test:788:7) {\n  generatedMessage: true,\n  code: 'ERR_ASSERTION',\n  actual: '\\r\\n' +\n    'node:internal/modules/run_main:107\\r\\n' +\n    '    triggerUncaughtException(\\r\\n' +\n    '    ^\\r\\n' +\n    'TypeError [ERR_INVALID_FILE_URL_PATH]: File URL path must be absolute\\r\\n' +\n    '    at getPathFromURLWin32 (node:internal/url:1487:11)\\r\\n' +\n    '    at fileURLToPath (node:internal/url:1611:35)\\r\\n' +\n    '    at urlToFilename (node:internal/modules/helpers:303:12)\\r\\n' +\n    '    at #translate (node:internal/modules/esm/loader:569:30)\\r\\n' +\n    '    at afterLoad (node:internal/modules/esm/loader:625:29)\\r\\n' +\n    '...',\n  expected: /SyntaxError/,\n  operator: 'match',\n  diff: 'simple'\n}"},"time":2061.054,"fullname":"es-module/test-esm-loader-programmatically","closingTestPoint":false}}]}