{"failedTests":[{"testName":"sequential/test-worker-prof","timestamp":1757193692785,"status":"REGRESSION","jobName":"node-test-binary-windows-js-suites","config":"node-test-binary-windows-js-suites » 0,win10-COMPILED_BY-vs2022_clang #36725","buildUrl":"https://ci.nodejs.org/job/node-test-binary-windows-js-suites/RUN_SUBSET=0,nodes=win10-COMPILED_BY-vs2022_clang/36725/","buildNumber":36725,"builtOn":"test-azure_msft-win10_vs2019-x64-4","nodeVersion":"25.0.0","commitHash":"6bb55c4c9366e94acd9d83367506ba557193f48a","callStack":[{"upstreamBuild":73005,"upstreamProject":"node-test-commit-windows-fanned","upstreamUrl":"job/node-test-commit-windows-fanned/"},{"upstreamBuild":82585,"upstreamProject":"node-test-commit","upstreamUrl":"job/node-test-commit/"}],"tap":{"ok":false,"name":"sequential/test-worker-prof","id":1134,"buffered":false,"tapError":null,"skip":false,"todo":false,"previous":null,"plan":null,"diag":{"severity":"fail","exitcode":1,"stack":"files found in working directory before worker starts [ 'isolate-000001810A680000-9612-v8.log' ]\nparent prof file: isolate-000001810A680000-9612-v8.log\nparent posted 28446 messages\nfiles found in working directory before worker exits [\n  'isolate-000001810A680000-9612-v8.log',\n  'isolate-00000181243BE000-9612-v8.log'\n]\nworker prof file: isolate-00000181243BE000-9612-v8.log\n\nworker ticks 27\nparent ticks 13\nnode:internal/assert/utils:273\n    throw err;\n    ^\n\nAssertionError [ERR_ASSERTION]: parent ticks <= 15:\ntick,0x7ff6cc555300,175114,0,0x0,0,0x18124f404be,0x18124f40287,0x3dad64ecd2,0x18124f4058f,0x18124f40287,0x3dad64d684,0x18124f4058f,0x18124f40287,0x54d40bddc3,0x54d40be5f7,0x3dad64bdd0,0x3dad64bc90,0x18124f4058f,0x18124f40287,0x3dad64b9ed,0x18124f4058f,0x18124f40287,0x3dad64b1e7,0x18124f4058f,0x249bb184c4c,0x54d409bb10,0x1f8b0045d86,0x1f8b0045fa2,0x54d4080f90,0x1f8b0042793,0x1f8b0046e82,0x54d409be38,0x3dad649a19,0x1f8b004787f,0x1f8b0048142,0x1f8b0046d0f,0x1f8b0046064,0x54d4080f90,0x1f8b0042793,0x1f8b0046e82,0x54d409be38,0x3dad648336,0x1f8b004787f,0x1f8b0048142,0x1f8b0046d0f,0x1f8b0046064,0x54d4080f90,0x1f8b0042793,0x1f8b00506af,0x3dad646530\ntick,0x7ff6cce0b032,191096,0,0x0,0,0x7ff6cce154f0,0x3dad65de53,0x18124f4058f,0x18124f40287,0x3dad65c9e8,0x18124f4058f,0x18124f40287,0x3dad65bd44,0x18124f4058f,0x249bb184c4c,0x54d409bb10,0x1f8b0045d86,0x1f8b0045fa2,0x54d4080f90,0x1f8b0042793,0x1f8b0046e82,0x54d409be38,0x3dad649a6a,0x1f8b004787f,0x1f8b0048142,0x1f8b0046d0f,0x1f8b0046064,0x54d4080f90,0x1f8b0042793,0x1f8b0046e82,0x54d409be38,0x3dad648336,0x1f8b004787f,0x1f8b0048142,0x1f8b0046d0f,0x1f8b0046064,0x54d4080f90,0x1f8b0042793,0x1f8b00506af,0x3dad646530\ntick,0x7ff6cd0b2869,207130,0,0x0,2,0x7ff6ccaf8100,0x3dad649e27,0x1f8b004787f,0x1f8b0048142,0x1f8b0046d0f,0x1f8b0046064,0x54d4080f90,0x1f8b0042793,0x1f8b0046e82,0x54d409be38,0x3dad648336,0x1f8b004787f,0x1f8b0048142,0x1f8b0046d0f,0x1f8b0046064,0x54d4080f90,0x1f8b0042793,0x1f8b00506af,0x3dad646530\ntick,0x18144cc21c6,570470,0,0x0,0\ntick,0x18124f89f30,678134,0,0x0,0,0x18124f52673,0x18124f8b342\ntick,0x7ff6ccef7c8d,850553,0,0x0,5\ntick,0x7ff841490944,974905,0,0x0,0,0x18124f8a16e,0x18124f53ee0,0x18124f89f22,0x18124f8ba66,0x18124f8b342\ntick,0x7ff841490944,1054826,0,0x0,0,0x18124f8a16e,0x18124f53ee0,0x18124f89f22,0x18124f8ba66,0x18124f8b342\ntick,0x7ff841490944,1227670,0,0x0,0,0x18124f8c3f0,0x18124f8c669,0x18124f8ba66,0x18124f8b342\ntick,0x7ff841490944,1306320,0,0x0,0,0x18124f8c3f0,0x18124f8c669,0x18124f8ba66,0x18124f8b342\ntick,0x7ff841490944,1322421,0,0x0,0,0x18124f8c3f0,0x18124f8c669,0x18124f8ba66,0x18124f8b342\ntick,0x7ff841490944,1461415,0,0x0,0,0x18124f8c3f0,0x18124f8c669,0x18124f8ba66,0x18124f8b342\ntick,0x7ff841490944,1491999,0,0x0,0,0x18124f8c3f0,0x18124f8c669,0x18124f8ba66,0x18124f8b342\n    at Object.<anonymous> (c:\\workspace\\node-test-binary-windows-js-suites\\node\\test\\sequential\\test-worker-prof.js:82:3)\n    at Module._compile (node:internal/modules/cjs/loader:1737:14)\n    at Object..js (node:internal/modules/cjs/loader:1870:10)\n    at Module.load (node:internal/modules/cjs/loader:1469:32)\n    at Module._load (node:internal/modules/cjs/loader:1289:12)\n    at TracingChannel.traceSync (node:diagnostics_channel:322:14)\n    at wrapModuleLoad (node:internal/modules/cjs/loader:238:24)\n    at Module.executeUserEntryPoint [as runMain] (node:internal/modules/run_main:154:5)\n    at node:internal/main/run_main_module:33:47 {\n  generatedMessage: false,\n  code: 'ERR_ASSERTION',\n  actual: false,\n  expected: true,\n  operator: '==',\n  diff: 'simple'\n}\n\nNode.js v25.0.0-pre"},"time":1906.985,"fullname":"sequential/test-worker-prof","closingTestPoint":false}},{"testName":"parallel/test-runner-run-watch","timestamp":1757193692785,"status":"FAILED","jobName":"node-test-binary-windows-js-suites","config":"node-test-binary-windows-js-suites » 0,win2019-COMPILED_BY-vs2022_clang #36725","buildUrl":"https://ci.nodejs.org/job/node-test-binary-windows-js-suites/RUN_SUBSET=0,nodes=win2019-COMPILED_BY-vs2022_clang/36725/","buildNumber":36725,"builtOn":"test-rackspace-win2019_vs2019-x64-1","nodeVersion":"25.0.0","commitHash":"6bb55c4c9366e94acd9d83367506ba557193f48a","callStack":[{"upstreamBuild":73005,"upstreamProject":"node-test-commit-windows-fanned","upstreamUrl":"job/node-test-commit-windows-fanned/"},{"upstreamBuild":82585,"upstreamProject":"node-test-commit","upstreamUrl":"job/node-test-commit/"}],"tap":{"ok":false,"name":"parallel/test-runner-run-watch","id":902,"buffered":false,"tapError":null,"skip":false,"todo":": Fix flaky test","previous":null,"plan":null,"diag":{"severity":"flaky","exitcode":1,"stack":"Test failure: 'should run tests repeatedly'\nLocation: test\\parallel\\test-runner-run-watch.mjs:198:3\nAssertionError [ERR_ASSERTION]: The input did not match the regular expression /tests 1/. Input:\n\n'# Subtest: test.js\\n' +\n  'not ok 2 - test.js\\n' +\n  '  ---\\n' +\n  '  duration_ms: 1321.3507\\n' +\n  \"  type: 'test'\\n\" +\n  \"  location: 'C:\\\\\\\\workspace\\\\\\\\node-test-binary-windows-js-suites\\\\\\\\node\\\\\\\\test\\\\\\\\.tmp.781\\\\\\\\test.js:1:1'\\n\" +\n  \"  failureType: 'testCodeFailure'\\n\" +\n  '  exitCode: ~\\n' +\n  \"  signal: 'SIGTERM'\\n\" +\n  \"  error: 'test failed'\\n\" +\n  \"  code: 'ERR_TEST_FAILURE'\\n\" +\n  '  ...\\n' +\n  '# Subtest: test has ran\\n' +\n  'ok 2 - test has ran\\n' +\n  '  ---\\n' +\n  '  duration_ms: 2.3283\\n' +\n  \"  type: 'test'\\n\" +\n  '  ...\\n' +\n  '1..2\\n' +\n  '# tests 2\\n' +\n  '# suites 0\\n' +\n  '# pass 1\\n' +\n  '# fail 1\\n' +\n  '# cancelled 0\\n' +\n  '# skipped 0\\n' +\n  '# todo 0\\n' +\n  '# duration_ms 1308.263\\n'\n\n    at testUpdate (file:///C:/workspace/node-test-binary-windows-js-suites/node/test/parallel/test-runner-run-watch.mjs:91:14)\n    at process.processTicksAndRejections (node:internal/process/task_queues:105:5)\n    at async testWatch (file:///C:/workspace/node-test-binary-windows-js-suites/node/test/parallel/test-runner-run-watch.mjs:187:26)\n    at async TestContext.<anonymous> (file:///C:/workspace/node-test-binary-windows-js-suites/node/test/parallel/test-runner-run-watch.mjs:199:5)\n    at async Test.run (node:internal/test_runner/test:1113:7)\n    at async Promise.all (index 0)\n    at async Suite.run (node:internal/test_runner/test:1516:7)\n    at async startSubtestAfterBootstrap (node:internal/test_runner/harness:358:3) {\n  generatedMessage: true,\n  code: 'ERR_ASSERTION',\n  actual: '# Subtest: test.js\\n' +\n    'not ok 2 - test.js\\n' +\n    '  ---\\n' +\n    '  duration_ms: 1321.3507\\n' +\n    \"  type: 'test'\\n\" +\n    \"  location: 'C:\\\\\\\\workspace\\\\\\\\node-test-binary-windows-js-suites\\\\\\\\node\\\\\\\\test\\\\\\\\.tmp.781\\\\\\\\test.js:1:1'\\n\" +\n    \"  failureType: 'testCodeFailure'\\n\" +\n    '  exitCode: ~\\n' +\n    \"  signal: 'SIGTERM'\\n\" +\n    \"  error: 'test failed'\\n\" +\n    '...',\n  expected: /tests 1/,\n  operator: 'match',\n  diff: 'simple'\n}"},"time":29426.473,"fullname":"parallel/test-runner-run-watch","closingTestPoint":false}},{"testName":"sequential/test-worker-prof","timestamp":1757193692785,"status":"REGRESSION","jobName":"node-test-binary-windows-js-suites","config":"node-test-binary-windows-js-suites » 0,win11-COMPILED_BY-vs2022_clang #36725","buildUrl":"https://ci.nodejs.org/job/node-test-binary-windows-js-suites/RUN_SUBSET=0,nodes=win11-COMPILED_BY-vs2022_clang/36725/","buildNumber":36725,"builtOn":"test-azure_msft-win11_vs2022-x64-3","nodeVersion":"25.0.0","commitHash":"6bb55c4c9366e94acd9d83367506ba557193f48a","callStack":[{"upstreamBuild":73005,"upstreamProject":"node-test-commit-windows-fanned","upstreamUrl":"job/node-test-commit-windows-fanned/"},{"upstreamBuild":82585,"upstreamProject":"node-test-commit","upstreamUrl":"job/node-test-commit/"}],"tap":{"ok":false,"name":"sequential/test-worker-prof","id":1134,"buffered":false,"tapError":null,"skip":false,"todo":false,"previous":null,"plan":null,"diag":{"severity":"fail","exitcode":1,"stack":"files found in working directory before worker starts [ 'isolate-00000287CCE66000-50772-v8.log' ]\nparent prof file: isolate-00000287CCE66000-50772-v8.log\nparent posted 20128 messages\nfiles found in working directory before worker exits [\n  'isolate-00000287CCE66000-50772-v8.log',\n  'isolate-00000287E6CBA000-50772-v8.log'\n]\nworker prof file: isolate-00000287E6CBA000-50772-v8.log\n\nworker ticks 14\nparent ticks 14\nnode:internal/assert/utils:273\n    throw err;\n    ^\n\nAssertionError [ERR_ASSERTION]: worker ticks <= 15:\ntick,0x7ff6e7f8257c,42665,0,0x0,0,0x7ff6e83a6d70,0x287a004065a,0x57dde887d7,0x287bfe957e7,0x57dde8563e\ntick,0x7ff6e818a55a,74745,0,0x0,0,0x57dde8b890,0x57dde8b737,0x57dde91a4e\ntick,0x7ffa11f626ac,90758,0,0x0,2,0x287a008297e,0x287a0082607,0x57dde92cab,0x57dde8b8b1,0x57dde8b737,0x57dde91a4e\ntick,0x7ff6e7eb7d12,106693,0,0x0,2,0x287a008297e,0x287a0082607,0x57dde9b830,0x57dde91aab\ntick,0x7ff6e7faddc0,138671,0,0x0,0,0x7ff6e81554f0,0x57dde91eb5\ntick,0x7ff6e7ef683f,154671,0,0x0,2,0x287a008297e,0x287a0082607,0x57ddea818f,0x287a0082a4f,0x287a0082607,0x57ddea6203,0x287a0082a4f,0x287a0082607,0x57dde91f32\ntick,0x7ff6e7a05d05,170673,0,0x0,2,0x287a008297e,0x287a0082607,0x57ddeac896,0x287a0082a4f,0x287a0082607,0x57dde9218c\ntick,0x7ff6e7a05d2d,186699,0,0x0,2,0x287a008297e,0x287a0082607,0x57ddeae9c3,0x287a0082a4f,0x287a0082607,0x57ddeac896,0x287a0082a4f,0x287a0082607,0x57dde9218c\ntick,0x7ff6e7f3c671,202695,0,0x0,3,0x287a008297e,0x287a0082607,0x57ddeb377a\ntick,0x7ffa11eada80,250774,0,0x0,3,0x7ff6e7e38100,0x276ee2cb7be,0x276ee2cb70a,0x276ee2c9f4d,0x276ee2c9e50,0x276ee2c8d61\ntick,0x7ffa11e085b3,298675,0,0x0,3,0x7ff6e7e38100,0x276ee2e1779,0x276ee2e1214,0x276ee2e0fe2,0x276ee2e0d83,0x276ee2e06a4,0x276ee2e02c0,0x276ee2df97b,0x276ee2df7b2,0x276ee2df6a8,0x276ee2dd67f,0x287bfdd014d,0x276ee2df614,0x276ee2df557,0x276ee2df4b8,0x276ee2de8ec,0x276ee2de743,0x276ee2dafc8,0x276ee2cfeeb,0x276ee2cf360,0x57dde8a47c\ntick,0x287bfdc2940,313893,0,0x0,0\ntick,0x7ff6e8237bb0,706691,0,0x0,5\ntick,0x287bfdcad44,738666,0,0x0,0,0x287a00c0442\n    at Object.<anonymous> (c:\\workspace\\node-test-binary-windows-js-suites\\node\\test\\sequential\\test-worker-prof.js:81:3)\n    at Module._compile (node:internal/modules/cjs/loader:1737:14)\n    at Object..js (node:internal/modules/cjs/loader:1870:10)\n    at Module.load (node:internal/modules/cjs/loader:1469:32)\n    at Module._load (node:internal/modules/cjs/loader:1289:12)\n    at TracingChannel.traceSync (node:diagnostics_channel:322:14)\n    at wrapModuleLoad (node:internal/modules/cjs/loader:238:24)\n    at Module.executeUserEntryPoint [as runMain] (node:internal/modules/run_main:154:5)\n    at node:internal/main/run_main_module:33:47 {\n  generatedMessage: false,\n  code: 'ERR_ASSERTION',\n  actual: false,\n  expected: true,\n  operator: '==',\n  diff: 'simple'\n}\n\nNode.js v25.0.0-pre"},"time":2049.33,"fullname":"sequential/test-worker-prof","closingTestPoint":false}},{"testName":"sequential/test-worker-prof","timestamp":1757193692785,"status":"REGRESSION","jobName":"node-test-binary-windows-js-suites","config":"node-test-binary-windows-js-suites » 1,win11-arm64-COMPILED_BY-vs2022_clang-arm64 #36725","buildUrl":"https://ci.nodejs.org/job/node-test-binary-windows-js-suites/RUN_SUBSET=1,nodes=win11-arm64-COMPILED_BY-vs2022_clang-arm64/36725/","buildNumber":36725,"builtOn":"test-azure_msft-win11_vs2022-arm64-4","nodeVersion":"25.0.0","commitHash":"6bb55c4c9366e94acd9d83367506ba557193f48a","callStack":[{"upstreamBuild":73005,"upstreamProject":"node-test-commit-windows-fanned","upstreamUrl":"job/node-test-commit-windows-fanned/"},{"upstreamBuild":82585,"upstreamProject":"node-test-commit","upstreamUrl":"job/node-test-commit/"}],"tap":{"ok":false,"name":"sequential/test-worker-prof","id":1133,"buffered":false,"tapError":null,"skip":false,"todo":false,"previous":null,"plan":null,"diag":{"severity":"fail","exitcode":1,"stack":"files found in working directory before worker starts [ 'isolate-0000020F77814000-7920-v8.log' ]\nparent prof file: isolate-0000020F77814000-7920-v8.log\nparent posted 33525 messages\nfiles found in working directory before worker exits [\n  'isolate-0000020F00DA8000-7920-v8.log',\n  'isolate-0000020F77814000-7920-v8.log'\n]\nworker prof file: isolate-0000020F00DA8000-7920-v8.log\n\nworker ticks 13\nparent ticks 29\nnode:internal/assert/utils:273\n    throw err;\n    ^\n\nAssertionError [ERR_ASSERTION]: worker ticks <= 15:\ntick,0x7ff778f11adc,81759,0,0x0,0,0x7ff77a1d0bd4,0xba7a6d2d9d,0x20f12044b90,0x20f120446d4,0xba7a6cd7db,0xba7a6c6a41,0xba7a6c68c7,0xba7a6cc4b6\ntick,0x7ffd77e4fa74,145726,0,0x0,1\ntick,0x7ff7792f822c,241716,0,0x0,2,0x11dfc1da08b,0x11dfc1d9ec2,0x11dfc1d9db8,0x11dfc1d7d8f,0x7ff77a152fb8,0x11dfc1d9d24,0x11dfc1d9c67,0x11dfc1d9bc8,0x11dfc1d8ffc,0x11dfc1d8e53,0x11dfc1d56d8,0x11dfc1ca5fb,0x11dfc1c9a70,0xba7a6c560c\ntick,0x7ffd77e50e74,257720,0,0x0,0,0x11dfc1ddee1,0x20f12084f40,0xba7a6c560c\ntick,0x7ff77a145c64,305725,0,0x0,0,0x20f12088368\ntick,0x7ffd77e50e74,592739,0,0x0,0,0x20f12088158,0x20f1204d7ac,0x20f12088368\ntick,0x7ffd77e8ab00,656735,0,0x0,0,0x20f12088158,0x20f1204d7ac,0x20f12088368\ntick,0x7ff779162544,688729,0,0x0,5\ntick,0x7ffd77e50e74,720712,0,0x0,0,0x20f12088158,0x20f1204d7ac,0x20f12088368\ntick,0x7ffd77e50e74,752721,0,0x0,0,0x20f1204dfac,0x20f1204d7ac,0x20f12088368\ntick,0x7ff779071934,1072722,0,0x0,0,0x20f1204df1c,0x20f1204d7ac,0x20f12088368\ntick,0x7ff7798d86d4,1088718,0,0x0,0,0x20f1204dfac,0x20f1204d7ac,0x20f12088368\ntick,0x7ffd77e50e74,1184717,0,0x0,0,0x20f1204dfac,0x20f1204d7ac,0x20f1204e188\n    at Object.<anonymous> (d:\\workspace\\node-test-binary-windows-js-suites\\node\\test\\sequential\\test-worker-prof.js:81:3)\n    at Module._compile (node:internal/modules/cjs/loader:1737:14)\n    at Module._extensions..js (node:internal/modules/cjs/loader:1870:10)\n    at Module.load (node:internal/modules/cjs/loader:1469:32)\n    at Module._load (node:internal/modules/cjs/loader:1289:12)\n    at TracingChannel.traceSync (node:diagnostics_channel:322:14)\n    at wrapModuleLoad (node:internal/modules/cjs/loader:238:24)\n    at Module.executeUserEntryPoint [as runMain] (node:internal/modules/run_main:154:5)\n    at node:internal/main/run_main_module:33:47 {\n  generatedMessage: false,\n  code: 'ERR_ASSERTION',\n  actual: false,\n  expected: true,\n  operator: '==',\n  diff: 'simple'\n}\n\nNode.js v25.0.0-pre"},"time":2194.569,"fullname":"sequential/test-worker-prof","closingTestPoint":false}}]}