{"failedTests":[{"testName":"parallel/test-runner-run-watch","timestamp":1758114189814,"status":"FAILED","jobName":"node-test-binary-windows-js-suites","config":"node-test-binary-windows-js-suites » 3,win2022-COMPILED_BY-vs2022_clang #36886","buildUrl":"https://ci.nodejs.org/job/node-test-binary-windows-js-suites/RUN_SUBSET=3,nodes=win2022-COMPILED_BY-vs2022_clang/36886/","buildNumber":36886,"builtOn":"test-rackspace-win2022_vs2022-x64-2","nodeVersion":"25.0.0","commitHash":"096f459aa8b3d4ba354d2a18d4f2df742f9e5ec1","callStack":[{"upstreamBuild":73172,"upstreamProject":"node-test-commit-windows-fanned","upstreamUrl":"job/node-test-commit-windows-fanned/"},{"upstreamBuild":82793,"upstreamProject":"node-test-commit","upstreamUrl":"job/node-test-commit/"},{"upstreamBuild":69266,"upstreamProject":"node-test-pull-request","upstreamUrl":"job/node-test-pull-request/"},{"prId":"59742"}],"tap":{"ok":false,"name":"parallel/test-runner-run-watch","id":918,"buffered":false,"tapError":null,"skip":false,"todo":": Fix flaky test","previous":null,"plan":null,"diag":{"severity":"flaky","exitcode":1,"stack":"Test failure: 'should run tests repeatedly'\nLocation: test\\parallel\\test-runner-run-watch.mjs:198:3\nAssertionError [ERR_ASSERTION]: The input did not match the regular expression /tests 1/. Input:\n\n'# Subtest: test has ran\\n' +\n  'ok 1 - test has ran\\n' +\n  '  ---\\n' +\n  '  duration_ms: 2.0823\\n' +\n  \"  type: 'test'\\n\" +\n  '  ...\\n' +\n  '# Subtest: test has ran\\n' +\n  'ok 2 - test has ran\\n' +\n  '  ---\\n' +\n  '  duration_ms: 1.8058\\n' +\n  \"  type: 'test'\\n\" +\n  '  ...\\n' +\n  '1..2\\n' +\n  '# tests 2\\n' +\n  '# suites 0\\n' +\n  '# pass 2\\n' +\n  '# fail 0\\n' +\n  '# cancelled 0\\n' +\n  '# skipped 0\\n' +\n  '# todo 0\\n' +\n  '# duration_ms 414.9226\\n'\n\n    at testUpdate (file:///C:/workspace/node-test-binary-windows-js-suites/node/test/parallel/test-runner-run-watch.mjs:91:14)\n    at process.processTicksAndRejections (node:internal/process/task_queues:105:5)\n    at async testWatch (file:///C:/workspace/node-test-binary-windows-js-suites/node/test/parallel/test-runner-run-watch.mjs:187:26)\n    at async TestContext.<anonymous> (file:///C:/workspace/node-test-binary-windows-js-suites/node/test/parallel/test-runner-run-watch.mjs:199:5)\n    at async Test.run (node:internal/test_runner/test:1113:7)\n    at async Promise.all (index 0)\n    at async Suite.run (node:internal/test_runner/test:1516:7)\n    at async startSubtestAfterBootstrap (node:internal/test_runner/harness:358:3) {\n  generatedMessage: true,\n  code: 'ERR_ASSERTION',\n  actual: '# Subtest: test has ran\\n' +\n    'ok 1 - test has ran\\n' +\n    '  ---\\n' +\n    '  duration_ms: 2.0823\\n' +\n    \"  type: 'test'\\n\" +\n    '  ...\\n' +\n    '# Subtest: test has ran\\n' +\n    'ok 2 - test has ran\\n' +\n    '  ---\\n' +\n    '  duration_ms: 1.8058\\n' +\n    '...',\n  expected: /tests 1/,\n  operator: 'match',\n  diff: 'simple'\n}"},"time":26166.446,"fullname":"parallel/test-runner-run-watch","closingTestPoint":false}},{"testName":"parallel/test-runner-run-watch","timestamp":1758114189814,"status":"FAILED","jobName":"node-test-binary-windows-js-suites","config":"node-test-binary-windows-js-suites » 0,win11-arm64-COMPILED_BY-vs2022_clang-arm64 #36886","buildUrl":"https://ci.nodejs.org/job/node-test-binary-windows-js-suites/RUN_SUBSET=0,nodes=win11-arm64-COMPILED_BY-vs2022_clang-arm64/36886/","buildNumber":36886,"builtOn":"test-azure_msft-win11_vs2022-arm64-1","nodeVersion":"25.0.0","commitHash":"096f459aa8b3d4ba354d2a18d4f2df742f9e5ec1","callStack":[{"upstreamBuild":73172,"upstreamProject":"node-test-commit-windows-fanned","upstreamUrl":"job/node-test-commit-windows-fanned/"},{"upstreamBuild":82793,"upstreamProject":"node-test-commit","upstreamUrl":"job/node-test-commit/"},{"upstreamBuild":69266,"upstreamProject":"node-test-pull-request","upstreamUrl":"job/node-test-pull-request/"},{"prId":"59742"}],"tap":{"ok":false,"name":"parallel/test-runner-run-watch","id":877,"buffered":false,"tapError":null,"skip":false,"todo":": Fix flaky test","previous":null,"plan":null,"diag":{"severity":"flaky","exitcode":1,"stack":"Test failure: 'should run tests repeatedly'\nLocation: test\\parallel\\test-runner-run-watch.mjs:198:3\nAssertionError [ERR_ASSERTION]: The input did not match the regular expression /tests 1/. Input:\n\n'# Subtest: test.js\\n' +\n  'not ok 2 - test.js\\n' +\n  '  ---\\n' +\n  '  duration_ms: 997.4625\\n' +\n  \"  type: 'test'\\n\" +\n  \"  location: 'd:\\\\\\\\workspace\\\\\\\\node-test-binary-windows-js-suites\\\\\\\\node\\\\\\\\test\\\\\\\\.tmp.782\\\\\\\\test.js:1:1'\\n\" +\n  \"  failureType: 'testCodeFailure'\\n\" +\n  '  exitCode: ~\\n' +\n  \"  signal: 'SIGTERM'\\n\" +\n  \"  error: 'test failed'\\n\" +\n  \"  code: 'ERR_TEST_FAILURE'\\n\" +\n  '  ...\\n' +\n  '# Subtest: test has ran\\n' +\n  'ok 2 - test has ran\\n' +\n  '  ---\\n' +\n  '  duration_ms: 3.5618\\n' +\n  \"  type: 'test'\\n\" +\n  '  ...\\n' +\n  '1..2\\n' +\n  '# tests 2\\n' +\n  '# suites 0\\n' +\n  '# pass 1\\n' +\n  '# fail 1\\n' +\n  '# cancelled 0\\n' +\n  '# skipped 0\\n' +\n  '# todo 0\\n' +\n  '# duration_ms 303.7504\\n'\n\n    at testUpdate (file:///d:/workspace/node-test-binary-windows-js-suites/node/test/parallel/test-runner-run-watch.mjs:91:14)\n    at process.processTicksAndRejections (node:internal/process/task_queues:105:5)\n    at async testWatch (file:///d:/workspace/node-test-binary-windows-js-suites/node/test/parallel/test-runner-run-watch.mjs:187:26)\n    at async TestContext.<anonymous> (file:///d:/workspace/node-test-binary-windows-js-suites/node/test/parallel/test-runner-run-watch.mjs:199:5)\n    at async Test.run (node:internal/test_runner/test:1113:7)\n    at async Promise.all (index 0)\n    at async Suite.run (node:internal/test_runner/test:1516:7)\n    at async startSubtestAfterBootstrap (node:internal/test_runner/harness:358:3) {\n  generatedMessage: true,\n  code: 'ERR_ASSERTION',\n  actual: '# Subtest: test.js\\n' +\n    'not ok 2 - test.js\\n' +\n    '  ---\\n' +\n    '  duration_ms: 997.4625\\n' +\n    \"  type: 'test'\\n\" +\n    \"  location: 'd:\\\\\\\\workspace\\\\\\\\node-test-binary-windows-js-suites\\\\\\\\node\\\\\\\\test\\\\\\\\.tmp.782\\\\\\\\test.js:1:1'\\n\" +\n    \"  failureType: 'testCodeFailure'\\n\" +\n    '  exitCode: ~\\n' +\n    \"  signal: 'SIGTERM'\\n\" +\n    \"  error: 'test failed'\\n\" +\n    '...',\n  expected: /tests 1/,\n  operator: 'match',\n  diff: 'simple'\n}"},"time":28004.851,"fullname":"parallel/test-runner-run-watch","closingTestPoint":false}},{"testName":"parallel/test-runner-run-watch","timestamp":1758114189814,"status":"FAILED","jobName":"node-test-binary-windows-js-suites","config":"node-test-binary-windows-js-suites » 3,win2019-COMPILED_BY-vs2022_clang #36886","buildUrl":"https://ci.nodejs.org/job/node-test-binary-windows-js-suites/RUN_SUBSET=3,nodes=win2019-COMPILED_BY-vs2022_clang/36886/","buildNumber":36886,"builtOn":"test-rackspace-win2019_vs2019-x64-4","nodeVersion":"25.0.0","commitHash":"096f459aa8b3d4ba354d2a18d4f2df742f9e5ec1","callStack":[{"upstreamBuild":73172,"upstreamProject":"node-test-commit-windows-fanned","upstreamUrl":"job/node-test-commit-windows-fanned/"},{"upstreamBuild":82793,"upstreamProject":"node-test-commit","upstreamUrl":"job/node-test-commit/"},{"upstreamBuild":69266,"upstreamProject":"node-test-pull-request","upstreamUrl":"job/node-test-pull-request/"},{"prId":"59742"}],"tap":{"ok":false,"name":"parallel/test-runner-run-watch","id":864,"buffered":false,"tapError":null,"skip":false,"todo":": Fix flaky test","previous":null,"plan":null,"diag":{"severity":"flaky","exitcode":1,"stack":"Test failure: 'should run tests with dependency repeatedly'\nLocation: test\\parallel\\test-runner-run-watch.mjs:202:3\nAssertionError [ERR_ASSERTION]: The input did not match the regular expression /tests 1/. Input:\n\n'# Subtest: test has ran\\n' +\n  'ok 1 - test has ran\\n' +\n  '  ---\\n' +\n  '  duration_ms: 3.1103\\n' +\n  \"  type: 'test'\\n\" +\n  '  ...\\n' +\n  '# Subtest: test.js\\n' +\n  'not ok 2 - test.js\\n' +\n  '  ---\\n' +\n  '  duration_ms: 1063.642\\n' +\n  \"  type: 'test'\\n\" +\n  \"  location: 'C:\\\\\\\\workspace\\\\\\\\node-test-binary-windows-js-suites\\\\\\\\node\\\\\\\\test\\\\\\\\.tmp.782\\\\\\\\test.js:1:1'\\n\" +\n  \"  failureType: 'testCodeFailure'\\n\" +\n  '  exitCode: ~\\n' +\n  \"  signal: 'SIGTERM'\\n\" +\n  \"  error: 'test failed'\\n\" +\n  \"  code: 'ERR_TEST_FAILURE'\\n\" +\n  '  ...\\n' +\n  '# Subtest: test has ran\\n' +\n  'ok 3 - test has ran\\n' +\n  '  ---\\n' +\n  '  duration_ms: 1.9742\\n' +\n  \"  type: 'test'\\n\" +\n  '  ...\\n' +\n  '1..3\\n' +\n  '# tests 3\\n' +\n  '# suites 0\\n' +\n  '# pass 2\\n' +\n  '# fail 1\\n' +\n  '# cancelled 0\\n' +\n  '# skipped 0\\n' +\n  '# todo 0\\n' +\n  '# duration_ms 426.0584\\n'\n\n    at testUpdate (file:///C:/workspace/node-test-binary-windows-js-suites/node/test/parallel/test-runner-run-watch.mjs:91:14)\n    at process.processTicksAndRejections (node:internal/process/task_queues:105:5)\n    at async testWatch (file:///C:/workspace/node-test-binary-windows-js-suites/node/test/parallel/test-runner-run-watch.mjs:187:26)\n    at async TestContext.<anonymous> (file:///C:/workspace/node-test-binary-windows-js-suites/node/test/parallel/test-runner-run-watch.mjs:203:5)\n    at async Test.run (node:internal/test_runner/test:1113:7)\n    at async Suite.processPendingSubtests (node:internal/test_runner/test:788:7) {\n  generatedMessage: true,\n  code: 'ERR_ASSERTION',\n  actual: '# Subtest: test has ran\\n' +\n    'ok 1 - test has ran\\n' +\n    '  ---\\n' +\n    '  duration_ms: 3.1103\\n' +\n    \"  type: 'test'\\n\" +\n    '  ...\\n' +\n    '# Subtest: test.js\\n' +\n    'not ok 2 - test.js\\n' +\n    '  ---\\n' +\n    '  duration_ms: 1063.642\\n' +\n    '...',\n  expected: /tests 1/,\n  operator: 'match',\n  diff: 'simple'\n}"},"time":28540.497,"fullname":"parallel/test-runner-run-watch","closingTestPoint":false}}]}