{"failedTests":[{"testName":"parallel/test-compile-cache-api-options-portable-env","timestamp":1758651972057,"status":"FAILED","jobName":"node-test-binary-windows-js-suites","config":"node-test-binary-windows-js-suites » 0,win10-COMPILED_BY-vs2022_clang #36959","buildUrl":"https://ci.nodejs.org/job/node-test-binary-windows-js-suites/RUN_SUBSET=0,nodes=win10-COMPILED_BY-vs2022_clang/36959/","buildNumber":36959,"builtOn":"test-azure_msft-win10_vs2019-x64-1","nodeVersion":"25.0.0","commitHash":"39325cfce8677493ea84c5472c6f4affa05b7b21","callStack":[{"upstreamBuild":73252,"upstreamProject":"node-test-commit-windows-fanned","upstreamUrl":"job/node-test-commit-windows-fanned/"},{"upstreamBuild":82884,"upstreamProject":"node-test-commit","upstreamUrl":"job/node-test-commit/"},{"upstreamBuild":69339,"upstreamProject":"node-test-pull-request","upstreamUrl":"job/node-test-pull-request/"},{"prId":"59931"}],"tap":{"ok":false,"name":"parallel/test-compile-cache-api-options-portable-env","id":190,"buffered":false,"tapError":null,"skip":false,"todo":false,"previous":null,"plan":null,"diag":{"severity":"fail","exitcode":1,"stack":"[compile cache] resolved path build/.compile_cache + v25.0.0-pre-x64-13c694a9 -> c:\\workspace\\node-test-binary-windows-js-suites\\node\\test\\.tmp.190\\build\\.compile_cache\\v25.0.0-pre-x64-13c694a9\n[compile cache] creating cache directory c:\\workspace\\node-test-binary-windows-js-suites\\node\\test\\.tmp.190\\build\\.compile_cache\\v25.0.0-pre-x64-13c694a9...success\n[compile cache] using relative path ..\\..\\empty.js from c:\\workspace\\node-test-binary-windows-js-suites\\node\\test\\.tmp.190\\build\\.compile_cache\\v25.0.0-pre-x64-13c694a9\n[compile cache] reading cache from c:\\workspace\\node-test-binary-windows-js-suites\\node\\test\\.tmp.190\\build\\.compile_cache\\v25.0.0-pre-x64-13c694a9\\b73db4c4 for CommonJS c:\\workspace\\node-test-binary-windows-js-suites\\node\\test\\.tmp.190\\build\\empty.js... no such file or directory\n[compile cache] V8 code cache for CommonJS c:\\workspace\\node-test-binary-windows-js-suites\\node\\test\\.tmp.190\\build\\empty.js was not initialized, initializing the in-memory entry\n[compile cache] Creating temporary file for cache of c:\\workspace\\node-test-binary-windows-js-suites\\node\\test\\.tmp.190\\build\\empty.js (CommonJS)... -> c:\\workspace\\node-test-binary-windows-js-suites\\node\\test\\.tmp.190\\build\\.compile_cache\\v25.0.0-pre-x64-13c694a9\\b73db4c4.G3ASMW\n[compile cache] writing cache for CommonJS c:\\workspace\\node-test-binary-windows-js-suites\\node\\test\\.tmp.190\\build\\empty.js to temporary file c:\\workspace\\node-test-binary-windows-js-suites\\node\\test\\.tmp.190\\build\\.compile_cache\\v25.0.0-pre-x64-13c694a9\\b73db4c4.G3ASMW [2329926578 0 712 0 448601259]...success\n[compile cache] Renaming c:\\workspace\\node-test-binary-windows-js-suites\\node\\test\\.tmp.190\\build\\.compile_cache\\v25.0.0-pre-x64-13c694a9\\b73db4c4.G3ASMW to c:\\workspace\\node-test-binary-windows-js-suites\\node\\test\\.tmp.190\\build\\.compile_cache\\v25.0.0-pre-x64-13c694a9\\b73db4c4...success\n[compile cache] Clear deserialized cache.\n\ndir before enableCompileCache: undefined\noptions: { directory: 'build/.compile_cache' }\nCompile cache enabled. c:\\workspace\\node-test-binary-windows-js-suites\\node\\test\\.tmp.190\\build\\.compile_cache\ndir after enableCompileCache: c:\\workspace\\node-test-binary-windows-js-suites\\node\\test\\.tmp.190\\build\\.compile_cache\\v25.0.0-pre-x64-13c694a9\n\n[process 13364]: --- stderr ---\n[compile cache] resolved path build/.compile_cache + v25.0.0-pre-x64-13c694a9 -> c:\\workspace\\node-test-binary-windows-js-suites\\node\\test\\.tmp.190\\build\\.compile_cache\\v25.0.0-pre-x64-13c694a9\n[compile cache] creating cache directory c:\\workspace\\node-test-binary-windows-js-suites\\node\\test\\.tmp.190\\build\\.compile_cache\\v25.0.0-pre-x64-13c694a9...success\n[compile cache] using relative path ..\\..\\empty.js from c:\\workspace\\node-test-binary-windows-js-suites\\node\\test\\.tmp.190\\build\\.compile_cache\\v25.0.0-pre-x64-13c694a9\n[compile cache] reading cache from c:\\workspace\\node-test-binary-windows-js-suites\\node\\test\\.tmp.190\\build\\.compile_cache\\v25.0.0-pre-x64-13c694a9\\b73db4c4 for CommonJS c:\\workspace\\node-test-binary-windows-js-suites\\node\\test\\.tmp.190\\build\\empty.js... no such file or directory\n[compile cache] V8 code cache for CommonJS c:\\workspace\\node-test-binary-windows-js-suites\\node\\test\\.tmp.190\\build\\empty.js was not initialized, initializing the in-memory entry\n[compile cache] Creating temporary file for cache of c:\\workspace\\node-test-binary-windows-js-suites\\node\\test\\.tmp.190\\build\\empty.js (CommonJS)... -> c:\\workspace\\node-test-binary-windows-js-suites\\node\\test\\.tmp.190\\build\\.compile_cache\\v25.0.0-pre-x64-13c694a9\\b73db4c4.G3ASMW\n[compile cache] writing cache for CommonJS c:\\workspace\\node-test-binary-windows-js-suites\\node\\test\\.tmp.190\\build\\empty.js to temporary file c:\\workspace\\node-test-binary-windows-js-suites\\node\\test\\.tmp.190\\build\\.compile_cache\\v25.0.0-pre-x64-13c694a9\\b73db4c4.G3ASMW [2329926578 0 712 0 448601259]...success\n[compile cache] Renaming c:\\workspace\\node-test-binary-windows-js-suites\\node\\test\\.tmp.190\\build\\.compile_cache\\v25.0.0-pre-x64-13c694a9\\b73db4c4.G3ASMW to c:\\workspace\\node-test-binary-windows-js-suites\\node\\test\\.tmp.190\\build\\.compile_cache\\v25.0.0-pre-x64-13c694a9\\b73db4c4...success\n[compile cache] Clear deserialized cache.\n\n[process 13364]: --- stdout ---\ndir before enableCompileCache: undefined\noptions: { directory: 'build/.compile_cache' }\nCompile cache enabled. c:\\workspace\\node-test-binary-windows-js-suites\\node\\test\\.tmp.190\\build\\.compile_cache\ndir after enableCompileCache: c:\\workspace\\node-test-binary-windows-js-suites\\node\\test\\.tmp.190\\build\\.compile_cache\\v25.0.0-pre-x64-13c694a9\n\n[process 13364]: status = 0, signal = null\nc:\\workspace\\node-test-binary-windows-js-suites\\node\\test\\common\\child_process.js:98\n    throw error;\n    ^\n\nError: - stderr did not match expectation, checker throws:\nAssertionError [ERR_ASSERTION]: The input did not match the regular expression /reading cache from .*build\\/\\.compile_cache.* for CommonJS .*empty\\.js/. Input:\n\n'[compile cache] resolved path build/.compile_cache + v25.0.0-pre-x64-13c694a9 -> c:\\\\workspace\\\\node-test-binary-windows-js-suites\\\\node\\\\test\\\\.tmp.190\\\\build\\\\.compile_cache\\\\v25.0.0-pre-x64-13c694a9\\r\\n' +\n  '[compile cache] creating cache directory c:\\\\workspace\\\\node-test-binary-windows-js-suites\\\\node\\\\test\\\\.tmp.190\\\\build\\\\.compile_cache\\\\v25.0.0-pre-x64-13c694a9...success\\r\\n' +\n  '[compile cache] using relative path ..\\\\..\\\\empty.js from c:\\\\workspace\\\\node-test-binary-windows-js-suites\\\\node\\\\test\\\\.tmp.190\\\\build\\\\.compile_cache\\\\v25.0.0-pre-x64-13c694a9\\r\\n' +\n  '[compile cache] reading cache from c:\\\\workspace\\\\node-test-binary-windows-js-suites\\\\node\\\\test\\\\.tmp.190\\\\build\\\\.compile_cache\\\\v25.0.0-pre-x64-13c694a9\\\\b73db4c4 for CommonJS c:\\\\workspace\\\\node-test-binary-windows-js-suites\\\\node\\\\test\\\\.tmp.190\\\\build\\\\empty.js... no such file or directory\\r\\n' +\n  '[compile cache] V8 code cache for CommonJS c:\\\\workspace\\\\node-test-binary-windows-js-suites\\\\node\\\\test\\\\.tmp.190\\\\build\\\\empty.js was not initialized, initializing the in-memory entry\\r\\n' +\n  '[compile cache] Creating temporary file for cache of c:\\\\workspace\\\\node-test-binary-windows-js-suites\\\\node\\\\test\\\\.tmp.190\\\\build\\\\empty.js (CommonJS)... -> c:\\\\workspace\\\\node-test-binary-windows-js-suites\\\\node\\\\test\\\\.tmp.190\\\\build\\\\.compile_cache\\\\v25.0.0-pre-x64-13c694a9\\\\b73db4c4.G3ASMW\\r\\n' +\n  '[compile cache] writing cache for CommonJS c:\\\\workspace\\\\node-test-binary-windows-js-suites\\\\node\\\\test\\\\.tmp.190\\\\build\\\\empty.js to temporary file c:\\\\workspace\\\\node-test-binary-windows-js-suites\\\\node\\\\test\\\\.tmp.190\\\\build\\\\.compile_cache\\\\v25.0.0-pre-x64-13c694a9\\\\b73db4c4.G3ASMW [2329926578 0 712 0 448601259]...success\\r\\n' +\n  '[compile cache] Renaming c:\\\\workspace\\\\node-test-binary-windows-js-suites\\\\node\\\\test\\\\.tmp.190\\\\build\\\\.compile_cache\\\\v25.0.0-pre-x64-13c694a9\\\\b73db4c4.G3ASMW to c:\\\\workspace\\\\node-test-binary-windows-js-suites\\\\node\\\\test\\\\.tmp.190\\\\build\\\\.compile_cache\\\\v25.0.0-pre-x64-13c694a9\\\\b73db4c4...success\\r\\n' +\n  '[compile cache] Clear deserialized cache.\\r\\n'\n\n    at stderr (c:\\workspace\\node-test-binary-windows-js-suites\\node\\test\\parallel\\test-compile-cache-api-options-portable-env.js:48:14)\n    at checkOutput (c:\\workspace\\node-test-binary-windows-js-suites\\node\\test\\common\\child_process.js:52:7)\n    at expectSyncExit (c:\\workspace\\node-test-binary-windows-js-suites\\node\\test\\common\\child_process.js:108:32)\n    at spawnSyncAndAssert (c:\\workspace\\node-test-binary-windows-js-suites\\node\\test\\common\\child_process.js:141:10)\n    at Object.<anonymous> (c:\\workspace\\node-test-binary-windows-js-suites\\node\\test\\parallel\\test-compile-cache-api-options-portable-env.js:26:1)\n    at Module._compile (node:internal/modules/cjs/loader:1759:14)\n    at Object..js (node:internal/modules/cjs/loader:1892:10)\n    at Module.load (node:internal/modules/cjs/loader:1479:32)\n    at Module._load (node:internal/modules/cjs/loader:1298:12)\n    at TracingChannel.traceSync (node:diagnostics_channel:328:14) {\n  generatedMessage: true,\n  code: 'ERR_ASSERTION',\n  actual: 'pre-x64-13c694a9\\r\\n' +\n    '[compile cache] reading cache from c:\\\\workspace\\\\node-test-binary-windows-js-suites\\\\node\\\\test\\\\.tmp.190\\\\build\\\\.compile_cache\\\\v25.0.0-pre-x64-13c694a9\\\\b73db4c4 for CommonJS c:\\\\workspace\\\\node-test-binary-windows-js-suites\\\\node\\\\test\\\\.tmp.190\\\\build\\\\empty.js... no such file or directory\\r\\n' +\n    '[compile cache] V8 code cache for CommonJS c:\\\\workspace\\\\node-test-binary-windows-js-suites\\\\node\\\\test\\\\.tmp.190\\\\build\\\\empty.js was not initialized, initializing the in-memory entry\\r\\n' +\n    '[compile cache] Creating temporary file for cache of c:\\\\workspace\\\\node-test-binary-windows-js-suites\\\\node\\\\test\\\\.tmp.190\\\\build\\\\empty.js (CommonJS)... -> c:\\\\workspace\\\\node-test-binary-windows-js-suites\\\\node\\\\test\\\\.tmp.190\\\\build\\\\.compile_cache\\\\v25.0.0-pre-x64-13c694a9\\\\b73db4c4.G3ASMW\\r\\n' +\n    '[compile cache] writing cache for CommonJS c:\\\\workspace\\\\node-test-binary-windows-js-suites\\\\node\\\\test\\\\.tmp.190\\\\build\\\\empty.js to temporary file c:\\\\workspace\\\\node-test-binary-windows-js-suites\\\\node\\\\test\\\\.tmp.190\\\\build\\\\.compile_cache\\\\v25.0.0-pre-x64-13c694a9\\\\b73db4c4.G3ASMW [2329926578 0 712 0 448601259]...success\\r\\n' +\n    '[compile cache] Renaming c:\\\\workspace\\\\node-test-binary-windows-js-suites\\\\node\\\\test\\\\.tmp.190\\\\build\\\\.compile_cache\\\\v25.0.0-pre-x64-13c694a9\\\\b73db4c4.G3ASMW to c:\\\\workspace\\\\node-test-binary-windows-js-suites\\\\node\\\\test\\\\.tmp.190\\\\build\\\\.compile_cache\\\\v25.0.0-pre-x64-13c694a9\\\\b73db4c4...success\\r\\n' +\n    '[compile cache] Clear deserialized cache.\\r\\n' +\n    '...',\n  expected: /reading cache from .*build\\/\\.compile_cache.* for CommonJS .*empty\\.js/,\n  operator: 'match',\n  diff: 'simple'\n}\n- stdout did not match expectation, checker throws:\nAssertionError [ERR_ASSERTION]: The input did not match the regular expression /dir after enableCompileCache: .*build\\/\\.compile_cache/. Input:\n\n'dir before enableCompileCache: undefined\\n' +\n  \"options: { directory: 'build/.compile_cache' }\\n\" +\n  'Compile cache enabled. c:\\\\workspace\\\\node-test-binary-windows-js-suites\\\\node\\\\test\\\\.tmp.190\\\\build\\\\.compile_cache\\n' +\n  'dir after enableCompileCache: c:\\\\workspace\\\\node-test-binary-windows-js-suites\\\\node\\\\test\\\\.tmp.190\\\\build\\\\.compile_cache\\\\v25.0.0-pre-x64-13c694a9\\n'\n\n    at stdout (c:\\workspace\\node-test-binary-windows-js-suites\\node\\test\\parallel\\test-compile-cache-api-options-portable-env.js:43:14)\n    at checkOutput (c:\\workspace\\node-test-binary-windows-js-suites\\node\\test\\common\\child_process.js:52:7)\n    at expectSyncExit (c:\\workspace\\node-test-binary-windows-js-suites\\node\\test\\common\\child_process.js:115:32)\n    at spawnSyncAndAssert (c:\\workspace\\node-test-binary-windows-js-suites\\node\\test\\common\\child_process.js:141:10)\n    at Object.<anonymous> (c:\\workspace\\node-test-binary-windows-js-suites\\node\\test\\parallel\\test-compile-cache-api-options-portable-env.js:26:1)\n    at Module._compile (node:internal/modules/cjs/loader:1759:14)\n    at Object..js (node:internal/modules/cjs/loader:1892:10)\n    at Module.load (node:internal/modules/cjs/loader:1479:32)\n    at Module._load (node:internal/modules/cjs/loader:1298:12)\n    at TracingChannel.traceSync (node:diagnostics_channel:328:14) {\n  generatedMessage: true,\n  code: 'ERR_ASSERTION',\n  actual: 'dir before enableCompileCache: undefined\\n' +\n    \"options: { directory: 'build/.compile_cache' }\\n\" +\n    'Compile cache enabled. c:\\\\workspace\\\\node-test-binary-windows-js-suites\\\\node\\\\test\\\\.tmp.190\\\\build\\\\.compile_cache\\n' +\n    'dir after enableCompileCache: c:\\\\workspace\\\\node-test-binary-windows-js-suites\\\\node\\\\test\\\\.tmp.190\\\\build\\\\.compile_cache\\\\v25.0.0-pre-x64-13c694a9\\n',\n  expected: /dir after enableCompileCache: .*build\\/\\.compile_cache/,\n  operator: 'match',\n  diff: 'simple'\n}\n    at Object.<anonymous> (c:\\workspace\\node-test-binary-windows-js-suites\\node\\test\\parallel\\test-compile-cache-api-options-portable-env.js:26:1)\n    at Module._compile (node:internal/modules/cjs/loader:1759:14)\n    at Object..js (node:internal/modules/cjs/loader:1892:10)\n    at Module.load (node:internal/modules/cjs/loader:1479:32)\n    at Module._load (node:internal/modules/cjs/loader:1298:12)\n    at TracingChannel.traceSync (node:diagnostics_channel:328:14)\n    at wrapModuleLoad (node:internal/modules/cjs/loader:244:24)\n    at Module.executeUserEntryPoint [as runMain] (node:internal/modules/run_main:154:5)\n    at node:internal/main/run_main_module:33:47 {\n  options: {\n    env: {\n      ALLUSERSPROFILE: 'C:\\\\ProgramData',\n      APPDATA: 'C:\\\\Users\\\\leahbhfwhnae\\\\AppData\\\\Roaming',\n      ARG: 'release',\n      BUILDPULSE_ACCESS_KEY_ID: 'AKIA3SYVRUSEX4HUYA5N',\n      BUILDPULSE_ACCOUNT_ID: '9998547',\n      BUILDPULSE_REPOSITORY_ID: '751405414',\n      BUILDPULSE_SECRET_ACCESS_KEY: 'WFaCuGHhF1aGC+U0S4DVmqDbT7n31rYWL5AJCmEh',\n      BUILD_CAUSE: 'UPSTREAMTRIGGER',\n      BUILD_CAUSE_UPSTREAMTRIGGER: 'true',\n      BUILD_DISPLAY_NAME: '#36959',\n      BUILD_ID: '36959',\n      BUILD_NUMBER: '36959',\n      BUILD_TAG: 'jenkins-node-test-binary-windows-js-suites-RUN_SUBSET=0,nodes=win10-COMPILED_BY-vs2022_clang-36959',\n      BUILD_URL: 'https://ci.nodejs.org/job/node-test-binary-windows-js-suites/RUN_SUBSET=0,nodes=win10-COMPILED_BY-vs2022_clang/36959/',\n      CCTEST: '1',\n      CHOCOLATEYINSTALL: 'C:\\\\ProgramData\\\\chocolatey',\n      CHOCOLATEYLASTPATHUPDATE: '134014464519463187',\n      CI: 'true',\n      CI_DOC: 'doctool',\n      CI_JS_SUITES: 'default pummel',\n      CI_NATIVE_SUITES: 'addons js-native-api node-api benchmark',\n      CLANG_CL: '1',\n      COMMIT_SHA_CHECK: '39325cf',\n      COMMONPROGRAMFILES: 'C:\\\\Program Files\\\\Common Files',\n      'COMMONPROGRAMFILES(X86)': 'C:\\\\Program Files (x86)\\\\Common Files',\n      COMMONPROGRAMW6432: 'C:\\\\Program Files\\\\Common Files',\n      COMMON_TEST_SUITES: 'default addons js-native-api node-api&set build_addons=1&set build_js_native_api_tests=1&set build_node_api_tests=1',\n      COMPILED_BY: 'vs2022_clang',\n      COMPUTERNAME: 'node-10-19-1',\n      COMSPEC: 'C:\\\\Windows\\\\system32\\\\cmd.exe',\n      CONFIG: 'Release',\n      CONFIGURE_FLAGS: ' --with-ltcg --dest-cpu=x64 --verbose',\n      DEBUG_HELPER: '1',\n      DIAGFILE: 'c:\\\\jenkins_diagnostics.txt',\n      DISTTYPE: 'release',\n      DISTTYPEDIR: 'release',\n      DRIVERDATA: 'C:\\\\Windows\\\\System32\\\\Drivers\\\\DriverData',\n      EXECUTOR_NUMBER: '0',\n      EXIT_CODE: '0',\n      FLAKY_TESTS: 'keep_retrying',\n      FPS_BROWSER_APP_PROFILE_STRING: 'Internet Explorer',\n      FPS_BROWSER_USER_PROFILE_STRING: 'Default',\n      FULLVERSION: '25.0.0',\n      GITHUB_ORG: 'nodejs',\n      GIT_COMMIT: '39325cfce8677493ea84c5472c6f4affa05b7b21',\n      GIT_REF: 'refs/heads/jenkins-node-test-commit-windows-fanned-39325cfce8677493ea84c5472c6f4affa05b7b21-bin-win-vs2022_clang',\n      GIT_REMOTE_REF: 'refs/pull/59931/head',\n      GIT_REPO: 'binary_tmp@67.158.54.159:binary_tmp.git',\n      GIT_SSH_COMMAND: 'ssh -o UserKnownHostsFile=/dev/null -o StrictHostKeyChecking=no -i /c/workspace/node-test-binary-windows-js-suites@tmp/secretFiles/100fe0aa-0ed2-49f4-a1bf-92f136acbb06/ci-iojs-org-id_rsa-github',\n      HOMEDRIVE: 'C:',\n      HOMEPATH: '\\\\Users\\\\leahbhfwhnae',\n      HUDSON_COOKIE: 'f7b87c07-18a0-431a-b9c5-975eeaaed13b',\n      HUDSON_HOME: '/var/lib/jenkins',\n      HUDSON_SERVER_COOKIE: '77c5c04cfa349d13',\n      HUDSON_URL: 'https://ci.nodejs.org/',\n      IGNORE_FLAKY_TESTS: 'true',\n      JENKINS_HOME: '/var/lib/jenkins',\n      JENKINS_SERVER_COOKIE: '77c5c04cfa349d13',\n      JENKINS_TMP_KEY: 'c:\\\\workspace\\\\node-test-binary-windows-js-suites@tmp\\\\secretFiles\\\\100fe0aa-0ed2-49f4-a1bf-92f136acbb06\\\\ci-iojs-org-id_rsa-github',\n      JENKINS_URL: 'https://ci.nodejs.org/',\n      JOB_BASE_NAME: 'RUN_SUBSET=0,nodes=win10-COMPILED_BY-vs2022_clang',\n      JOB_DISPLAY_URL: 'https://ci.nodejs.org/job/node-test-binary-windows-js-suites/RUN_SUBSET=0,nodes=win10-COMPILED_BY-vs2022_clang/display/redirect',\n      JOB_NAME: 'node-test-binary-windows-js-suites/RUN_SUBSET=0,nodes=win10-COMPILED_BY-vs2022_clang',\n      JOB_URL: 'https://ci.nodejs.org/job/node-test-binary-windows-js-suites/RUN_SUBSET=0,nodes=win10-COMPILED_BY-vs2022_clang/',\n      JS_SUITES: 'default',\n      LOCALAPPDATA: 'C:\\\\Users\\\\leahbhfwhnae\\\\AppData\\\\Local',\n      LOGONSERVER: '\\\\\\\\node-10-19-1',\n      LTCG: '1',\n      NATIVE_SUITES: 'addons js-native-api node-api',\n      NOBUILD: '1',\n      NODEJS_MAJOR_VERSION: '25',\n      NODEJS_VERSION: '25.0.0',\n      NODES: 'win10-COMPILED_BY-vs2022_clang',\n      NODE_EXE: 'Release\\\\node.exe',\n      NODE_GYP_EXE: '\"Release\\\\node.exe\" deps\\\\npm\\\\node_modules\\\\node-gyp\\\\bin\\\\node-gyp',\n      NODE_LABELS: 'win10-vs2019 win10-vs2019-COMPILED_BY-vs2022 win10 win10-COMPILED_BY-vs2019 win10-vs2019-COMPILED_BY-vs2019 win10-COMPILED_BY-vs2022 win10-COMPILED_BY-vs2022_clang win10-vs2019-COMPILED_BY-vs2022_clang test-azure_msft-win10_vs2019-x64-1',\n      NODE_MAJOR_VERSION: '25',\n      NODE_NAME: 'test-azure_msft-win10_vs2019-x64-1',\n      NODE_VERSION: '25.0.0',\n      NOPROJGEN: '1',\n      NO_CCTEST: '1',\n      NPM_EXE: '\"c:\\\\workspace\\\\node-test-binary-windows-js-suites\\\\node\\\\Release\\\\node.exe\" c:\\\\workspace\\\\node-test-binary-windows-js-suites\\\\node\\\\deps\\\\npm\\\\bin\\\\npm-cli.js',\n      NUMBER_OF_PROCESSORS: '4',\n      ONEDRIVE: 'C:\\\\Users\\\\leahbhfwhnae\\\\OneDrive',\n      ORIGINALARCHITECTURE: 'AMD64',\n      ORIGINALUSERNAME: 'leahbhfwhnae',\n      OS: 'Windows_NT',\n      PATH: 'C:\\\\Program Files\\\\Eclipse Adoptium\\\\jdk-17.0.14.7-hotspot\\\\bin;C:\\\\Python310\\\\Scripts\\\\;C:\\\\Python310\\\\;C:\\\\Windows\\\\system32;C:\\\\Windows;C:\\\\Windows\\\\System32\\\\Wbem;C:\\\\Windows\\\\System32\\\\WindowsPowerShell\\\\v1.0\\\\;C:\\\\Windows\\\\System32\\\\OpenSSH\\\\;C:\\\\ProgramData\\\\chocolatey\\\\bin;C:\\\\Program Files\\\\dotnet\\\\;C:\\\\Program Files\\\\Git\\\\cmd;C:\\\\Program Files\\\\Git\\\\usr\\\\bin;C:\\\\Program Files\\\\CMake\\\\bin;C:\\\\Users\\\\leahbhfwhnae\\\\AppData\\\\Local\\\\Microsoft\\\\WindowsApps;C:\\\\Users\\\\leahbhfwhnae\\\\.dotnet\\\\tools;C:\\\\Program Files\\\\NASM',\n      PATHEXT: '.COM;.EXE;.BAT;.CMD;.VBS;.VBE;.JS;.JSE;.WSF;.WSH;.MSC;.PY;.PYW',\n      PATH_HKCU: 'C:\\\\Users\\\\leahbhfwhnae\\\\AppData\\\\Local\\\\Microsoft\\\\WindowsApps;C:\\\\Users\\\\leahbhfwhnae\\\\.dotnet\\\\tools',\n      PATH_HKLM: 'C:\\\\Program Files\\\\Eclipse Adoptium\\\\jdk-17.0.14.7-hotspot\\\\bin;C:\\\\Python310\\\\Scripts\\\\;C:\\\\Python310\\\\;C:\\\\Windows\\\\system32;C:\\\\Windows;C:\\\\Windows\\\\System32\\\\Wbem;C:\\\\Windows\\\\System32\\\\WindowsPowerShell\\\\v1.0\\\\;C:\\\\Windows\\\\System32\\\\OpenSSH\\\\;C:\\\\ProgramData\\\\chocolatey\\\\bin;C:\\\\Program Files\\\\dotnet\\\\;C:\\\\Program Files\\\\Git\\\\cmd;C:\\\\Program Files\\\\Git\\\\usr\\\\bin;C:\\\\Program Files\\\\CMake\\\\bin',\n      PROCESSOR_ARCHITECTURE: 'AMD64',\n      PROCESSOR_IDENTIFIER: 'Intel64 Family 6 Model 79 Stepping 1, GenuineIntel',\n      PROCESSOR_LEVEL: '6',\n      PROCESSOR_REVISION: '4f01',\n      PROGRAMDATA: 'C:\\\\ProgramData',\n      PROGRAMFILES: 'C:\\\\Program Files',\n      'PROGRAMFILES(X86)': 'C:\\\\Program Files (x86)',\n      PROGRAMW6432: 'C:\\\\Program Files',\n      PROMPT: '> ',\n      PR_LINK: 'Testing <a href=https://github.com/nodejs/node/pull/59931>59931</a>',\n      PSMODULEPATH: 'C:\\\\Program Files\\\\WindowsPowerShell\\\\Modules;C:\\\\Windows\\\\system32\\\\WindowsPowerShell\\\\v1.0\\\\Modules',\n      PUBLIC: 'C:\\\\Users\\\\Public',\n      REBASE_ONTO: 'd2ff9daf589af059cacd58972640c8dbc6c7ba88',\n      REPO_NAME: 'node',\n      ROOT_BUILD_CAUSE: 'MANUALTRIGGER',\n      ROOT_BUILD_CAUSE_MANUALTRIGGER: 'true',\n      RUN_ARTIFACTS_DISPLAY_URL: 'https://ci.nodejs.org/job/node-test-binary-windows-js-suites/RUN_SUBSET=0,nodes=win10-COMPILED_BY-vs2022_clang/36959/display/redirect?page=artifacts',\n      RUN_CHANGES_DISPLAY_URL: 'https://ci.nodejs.org/job/node-test-binary-windows-js-suites/RUN_SUBSET=0,nodes=win10-COMPILED_BY-vs2022_clang/36959/display/redirect?page=changes',\n      RUN_DISPLAY_URL: 'https://ci.nodejs.org/job/node-test-binary-windows-js-suites/RUN_SUBSET=0,nodes=win10-COMPILED_BY-vs2022_clang/36959/display/redirect',\n      RUN_SUBSET: '0',\n      RUN_TESTS_DISPLAY_URL: 'https://ci.nodejs.org/job/node-test-binary-windows-js-suites/RUN_SUBSET=0,nodes=win10-COMPILED_BY-vs2022_clang/36959/display/redirect?page=tests',\n      SCRIPTS_BRANCH: 'main',\n      SCRIPTS_REPO: 'nodejs/build',\n      SESSIONNAME: 'Console',\n      SYSTEMDRIVE: 'C:',\n      SYSTEMROOT: 'C:\\\\Windows',\n      TARGET: 'Build',\n      TARGET_ARCH: 'x64',\n      TARGET_NAME: 'node-v25.0.0-win-x64',\n      TEMP: 'C:\\\\Users\\\\leahbhfwhnae\\\\AppData\\\\Local\\\\Temp',\n      TEMP_BRANCH: 'jenkins-node-test-commit-windows-fanned-39325cfce8677493ea84c5472c6f4affa05b7b21',\n      TEMP_PUSH_BRANCH: 'jenkins-node-test-commit-windows-fanned-39325cfce8677493ea84c5472c6f4affa05b7b21',\n      TEMP_REPO: 'binary_tmp@67.158.54.159:binary_tmp.git',\n      TEMP_REPO_SERVER: '67.158.54.159',\n      TEST_ARGS: '--mode=release  --flaky-tests=dontcare --run=0,4 --measure-flakiness 9 -p tap --logfile test.tap default pummel',\n      TEST_CI_ARGS: '--run=0,4 --measure-flakiness 9',\n      TMP: 'C:\\\\Users\\\\leahbhfwhnae\\\\AppData\\\\Local\\\\Temp',\n      TS: 'Tue 09/23/2025 18:30:29.05',\n      USERDOMAIN: 'node-10-19-1',\n      USERDOMAIN_ROAMINGPROFILE: 'node-10-19-1',\n      USERNAME: 'leahbhfwhnae',\n      USERPROFILE: 'C:\\\\Users\\\\leahbhfwhnae',\n      VCBUILD_TARGET: 'test-ci-js',\n      WINDIR: 'C:\\\\Windows',\n      WORKSPACE: 'c:\\\\workspace\\\\node-test-binary-windows-js-suites',\n      WORKSPACE_TMP: 'c:\\\\workspace\\\\node-test-binary-windows-js-suites@tmp',\n      TEST_SERIAL_ID: '190',\n      TEST_THREAD_ID: '1',\n      TEST_PARALLEL: '1',\n      GITHUB_STEP_SUMMARY: '',\n      NODE_SKIP_FLAG_CHECK: 'true',\n      NODE_DEBUG_NATIVE: 'COMPILE_CACHE',\n      NODE_COMPILE_CACHE_PORTABLE: '1',\n      NODE_TEST_COMPILE_CACHE_OPTIONS: '{\"directory\":\"build/.compile_cache\"}'\n    },\n    cwd: 'c:\\\\workspace\\\\node-test-binary-windows-js-suites\\\\node\\\\test\\\\.tmp.190'\n  },\n  command: 'c:\\\\workspace\\\\node-test-binary-windows-js-suites\\\\node\\\\Release\\\\node.exe -r c:\\\\workspace\\\\node-test-binary-windows-js-suites\\\\node\\\\test\\\\fixtures\\\\compile-cache-wrapper-options.js c:\\\\workspace\\\\node-test-binary-windows-js-suites\\\\node\\\\test\\\\.tmp.190\\\\build\\\\empty.js'\n}\n\nNode.js v25.0.0-pre"},"time":586.005,"fullname":"parallel/test-compile-cache-api-options-portable-env","closingTestPoint":false}},{"testName":"parallel/test-compile-cache-api-options-portable-env","timestamp":1758651972057,"status":"FAILED","jobName":"node-test-binary-windows-js-suites","config":"node-test-binary-windows-js-suites » 3,win11-arm64-COMPILED_BY-vs2022_clang-arm64 #36959","buildUrl":"https://ci.nodejs.org/job/node-test-binary-windows-js-suites/RUN_SUBSET=3,nodes=win11-arm64-COMPILED_BY-vs2022_clang-arm64/36959/","buildNumber":36959,"builtOn":"test-azure_msft-win11_vs2022-arm64-5","nodeVersion":"25.0.0","commitHash":"39325cfce8677493ea84c5472c6f4affa05b7b21","callStack":[{"upstreamBuild":73252,"upstreamProject":"node-test-commit-windows-fanned","upstreamUrl":"job/node-test-commit-windows-fanned/"},{"upstreamBuild":82884,"upstreamProject":"node-test-commit","upstreamUrl":"job/node-test-commit/"},{"upstreamBuild":69339,"upstreamProject":"node-test-pull-request","upstreamUrl":"job/node-test-pull-request/"},{"prId":"59931"}],"tap":{"ok":false,"name":"parallel/test-compile-cache-api-options-portable-env","id":190,"buffered":false,"tapError":null,"skip":false,"todo":false,"previous":null,"plan":null,"diag":{"severity":"fail","exitcode":1,"stack":"[compile cache] resolved path build/.compile_cache + v25.0.0-pre-arm64-13c694a9 -> d:\\workspace\\node-test-binary-windows-js-suites\\node\\test\\.tmp.190\\build\\.compile_cache\\v25.0.0-pre-arm64-13c694a9\n[compile cache] creating cache directory d:\\workspace\\node-test-binary-windows-js-suites\\node\\test\\.tmp.190\\build\\.compile_cache\\v25.0.0-pre-arm64-13c694a9...success\n[compile cache] using relative path ..\\..\\empty.js from d:\\workspace\\node-test-binary-windows-js-suites\\node\\test\\.tmp.190\\build\\.compile_cache\\v25.0.0-pre-arm64-13c694a9\n[compile cache] reading cache from d:\\workspace\\node-test-binary-windows-js-suites\\node\\test\\.tmp.190\\build\\.compile_cache\\v25.0.0-pre-arm64-13c694a9\\b73db4c4 for CommonJS d:\\workspace\\node-test-binary-windows-js-suites\\node\\test\\.tmp.190\\build\\empty.js... no such file or directory\n[compile cache] V8 code cache for CommonJS d:\\workspace\\node-test-binary-windows-js-suites\\node\\test\\.tmp.190\\build\\empty.js was not initialized, initializing the in-memory entry\n[compile cache] Creating temporary file for cache of d:\\workspace\\node-test-binary-windows-js-suites\\node\\test\\.tmp.190\\build\\empty.js (CommonJS)... -> d:\\workspace\\node-test-binary-windows-js-suites\\node\\test\\.tmp.190\\build\\.compile_cache\\v25.0.0-pre-arm64-13c694a9\\b73db4c4.yqxxmg\n[compile cache] writing cache for CommonJS d:\\workspace\\node-test-binary-windows-js-suites\\node\\test\\.tmp.190\\build\\empty.js to temporary file d:\\workspace\\node-test-binary-windows-js-suites\\node\\test\\.tmp.190\\build\\.compile_cache\\v25.0.0-pre-arm64-13c694a9\\b73db4c4.yqxxmg [2329926578 0 712 0 2655790076]...success\n[compile cache] Renaming d:\\workspace\\node-test-binary-windows-js-suites\\node\\test\\.tmp.190\\build\\.compile_cache\\v25.0.0-pre-arm64-13c694a9\\b73db4c4.yqxxmg to d:\\workspace\\node-test-binary-windows-js-suites\\node\\test\\.tmp.190\\build\\.compile_cache\\v25.0.0-pre-arm64-13c694a9\\b73db4c4...success\n[compile cache] Clear deserialized cache.\n\ndir before enableCompileCache: undefined\noptions: { directory: 'build/.compile_cache' }\nCompile cache enabled. d:\\workspace\\node-test-binary-windows-js-suites\\node\\test\\.tmp.190\\build\\.compile_cache\ndir after enableCompileCache: d:\\workspace\\node-test-binary-windows-js-suites\\node\\test\\.tmp.190\\build\\.compile_cache\\v25.0.0-pre-arm64-13c694a9\n\n[process 7272]: --- stderr ---\n[compile cache] resolved path build/.compile_cache + v25.0.0-pre-arm64-13c694a9 -> d:\\workspace\\node-test-binary-windows-js-suites\\node\\test\\.tmp.190\\build\\.compile_cache\\v25.0.0-pre-arm64-13c694a9\n[compile cache] creating cache directory d:\\workspace\\node-test-binary-windows-js-suites\\node\\test\\.tmp.190\\build\\.compile_cache\\v25.0.0-pre-arm64-13c694a9...success\n[compile cache] using relative path ..\\..\\empty.js from d:\\workspace\\node-test-binary-windows-js-suites\\node\\test\\.tmp.190\\build\\.compile_cache\\v25.0.0-pre-arm64-13c694a9\n[compile cache] reading cache from d:\\workspace\\node-test-binary-windows-js-suites\\node\\test\\.tmp.190\\build\\.compile_cache\\v25.0.0-pre-arm64-13c694a9\\b73db4c4 for CommonJS d:\\workspace\\node-test-binary-windows-js-suites\\node\\test\\.tmp.190\\build\\empty.js... no such file or directory\n[compile cache] V8 code cache for CommonJS d:\\workspace\\node-test-binary-windows-js-suites\\node\\test\\.tmp.190\\build\\empty.js was not initialized, initializing the in-memory entry\n[compile cache] Creating temporary file for cache of d:\\workspace\\node-test-binary-windows-js-suites\\node\\test\\.tmp.190\\build\\empty.js (CommonJS)... -> d:\\workspace\\node-test-binary-windows-js-suites\\node\\test\\.tmp.190\\build\\.compile_cache\\v25.0.0-pre-arm64-13c694a9\\b73db4c4.yqxxmg\n[compile cache] writing cache for CommonJS d:\\workspace\\node-test-binary-windows-js-suites\\node\\test\\.tmp.190\\build\\empty.js to temporary file d:\\workspace\\node-test-binary-windows-js-suites\\node\\test\\.tmp.190\\build\\.compile_cache\\v25.0.0-pre-arm64-13c694a9\\b73db4c4.yqxxmg [2329926578 0 712 0 2655790076]...success\n[compile cache] Renaming d:\\workspace\\node-test-binary-windows-js-suites\\node\\test\\.tmp.190\\build\\.compile_cache\\v25.0.0-pre-arm64-13c694a9\\b73db4c4.yqxxmg to d:\\workspace\\node-test-binary-windows-js-suites\\node\\test\\.tmp.190\\build\\.compile_cache\\v25.0.0-pre-arm64-13c694a9\\b73db4c4...success\n[compile cache] Clear deserialized cache.\n\n[process 7272]: --- stdout ---\ndir before enableCompileCache: undefined\noptions: { directory: 'build/.compile_cache' }\nCompile cache enabled. d:\\workspace\\node-test-binary-windows-js-suites\\node\\test\\.tmp.190\\build\\.compile_cache\ndir after enableCompileCache: d:\\workspace\\node-test-binary-windows-js-suites\\node\\test\\.tmp.190\\build\\.compile_cache\\v25.0.0-pre-arm64-13c694a9\n\n[process 7272]: status = 0, signal = null\nd:\\workspace\\node-test-binary-windows-js-suites\\node\\test\\common\\child_process.js:98\n    throw error;\n    ^\n\nError: - stderr did not match expectation, checker throws:\nAssertionError [ERR_ASSERTION]: The input did not match the regular expression /reading cache from .*build\\/\\.compile_cache.* for CommonJS .*empty\\.js/. Input:\n\n'[compile cache] resolved path build/.compile_cache + v25.0.0-pre-arm64-13c694a9 -> d:\\\\workspace\\\\node-test-binary-windows-js-suites\\\\node\\\\test\\\\.tmp.190\\\\build\\\\.compile_cache\\\\v25.0.0-pre-arm64-13c694a9\\r\\n' +\n  '[compile cache] creating cache directory d:\\\\workspace\\\\node-test-binary-windows-js-suites\\\\node\\\\test\\\\.tmp.190\\\\build\\\\.compile_cache\\\\v25.0.0-pre-arm64-13c694a9...success\\r\\n' +\n  '[compile cache] using relative path ..\\\\..\\\\empty.js from d:\\\\workspace\\\\node-test-binary-windows-js-suites\\\\node\\\\test\\\\.tmp.190\\\\build\\\\.compile_cache\\\\v25.0.0-pre-arm64-13c694a9\\r\\n' +\n  '[compile cache] reading cache from d:\\\\workspace\\\\node-test-binary-windows-js-suites\\\\node\\\\test\\\\.tmp.190\\\\build\\\\.compile_cache\\\\v25.0.0-pre-arm64-13c694a9\\\\b73db4c4 for CommonJS d:\\\\workspace\\\\node-test-binary-windows-js-suites\\\\node\\\\test\\\\.tmp.190\\\\build\\\\empty.js... no such file or directory\\r\\n' +\n  '[compile cache] V8 code cache for CommonJS d:\\\\workspace\\\\node-test-binary-windows-js-suites\\\\node\\\\test\\\\.tmp.190\\\\build\\\\empty.js was not initialized, initializing the in-memory entry\\r\\n' +\n  '[compile cache] Creating temporary file for cache of d:\\\\workspace\\\\node-test-binary-windows-js-suites\\\\node\\\\test\\\\.tmp.190\\\\build\\\\empty.js (CommonJS)... -> d:\\\\workspace\\\\node-test-binary-windows-js-suites\\\\node\\\\test\\\\.tmp.190\\\\build\\\\.compile_cache\\\\v25.0.0-pre-arm64-13c694a9\\\\b73db4c4.yqxxmg\\r\\n' +\n  '[compile cache] writing cache for CommonJS d:\\\\workspace\\\\node-test-binary-windows-js-suites\\\\node\\\\test\\\\.tmp.190\\\\build\\\\empty.js to temporary file d:\\\\workspace\\\\node-test-binary-windows-js-suites\\\\node\\\\test\\\\.tmp.190\\\\build\\\\.compile_cache\\\\v25.0.0-pre-arm64-13c694a9\\\\b73db4c4.yqxxmg [2329926578 0 712 0 2655790076]...success\\r\\n' +\n  '[compile cache] Renaming d:\\\\workspace\\\\node-test-binary-windows-js-suites\\\\node\\\\test\\\\.tmp.190\\\\build\\\\.compile_cache\\\\v25.0.0-pre-arm64-13c694a9\\\\b73db4c4.yqxxmg to d:\\\\workspace\\\\node-test-binary-windows-js-suites\\\\node\\\\test\\\\.tmp.190\\\\build\\\\.compile_cache\\\\v25.0.0-pre-arm64-13c694a9\\\\b73db4c4...success\\r\\n' +\n  '[compile cache] Clear deserialized cache.\\r\\n'\n\n    at stderr (d:\\workspace\\node-test-binary-windows-js-suites\\node\\test\\parallel\\test-compile-cache-api-options-portable-env.js:48:14)\n    at checkOutput (d:\\workspace\\node-test-binary-windows-js-suites\\node\\test\\common\\child_process.js:52:7)\n    at expectSyncExit (d:\\workspace\\node-test-binary-windows-js-suites\\node\\test\\common\\child_process.js:108:32)\n    at spawnSyncAndAssert (d:\\workspace\\node-test-binary-windows-js-suites\\node\\test\\common\\child_process.js:141:10)\n    at Object.<anonymous> (d:\\workspace\\node-test-binary-windows-js-suites\\node\\test\\parallel\\test-compile-cache-api-options-portable-env.js:26:1)\n    at Module._compile (node:internal/modules/cjs/loader:1759:14)\n    at Module._extensions..js (node:internal/modules/cjs/loader:1892:10)\n    at Module.load (node:internal/modules/cjs/loader:1479:32)\n    at Module._load (node:internal/modules/cjs/loader:1298:12)\n    at TracingChannel.traceSync (node:diagnostics_channel:328:14) {\n  generatedMessage: true,\n  code: 'ERR_ASSERTION',\n  actual: '5.0.0-pre-arm64-13c694a9\\r\\n' +\n    '[compile cache] reading cache from d:\\\\workspace\\\\node-test-binary-windows-js-suites\\\\node\\\\test\\\\.tmp.190\\\\build\\\\.compile_cache\\\\v25.0.0-pre-arm64-13c694a9\\\\b73db4c4 for CommonJS d:\\\\workspace\\\\node-test-binary-windows-js-suites\\\\node\\\\test\\\\.tmp.190\\\\build\\\\empty.js... no such file or directory\\r\\n' +\n    '[compile cache] V8 code cache for CommonJS d:\\\\workspace\\\\node-test-binary-windows-js-suites\\\\node\\\\test\\\\.tmp.190\\\\build\\\\empty.js was not initialized, initializing the in-memory entry\\r\\n' +\n    '[compile cache] Creating temporary file for cache of d:\\\\workspace\\\\node-test-binary-windows-js-suites\\\\node\\\\test\\\\.tmp.190\\\\build\\\\empty.js (CommonJS)... -> d:\\\\workspace\\\\node-test-binary-windows-js-suites\\\\node\\\\test\\\\.tmp.190\\\\build\\\\.compile_cache\\\\v25.0.0-pre-arm64-13c694a9\\\\b73db4c4.yqxxmg\\r\\n' +\n    '[compile cache] writing cache for CommonJS d:\\\\workspace\\\\node-test-binary-windows-js-suites\\\\node\\\\test\\\\.tmp.190\\\\build\\\\empty.js to temporary file d:\\\\workspace\\\\node-test-binary-windows-js-suites\\\\node\\\\test\\\\.tmp.190\\\\build\\\\.compile_cache\\\\v25.0.0-pre-arm64-13c694a9\\\\b73db4c4.yqxxmg [2329926578 0 712 0 2655790076]...success\\r\\n' +\n    '[compile cache] Renaming d:\\\\workspace\\\\node-test-binary-windows-js-suites\\\\node\\\\test\\\\.tmp.190\\\\build\\\\.compile_cache\\\\v25.0.0-pre-arm64-13c694a9\\\\b73db4c4.yqxxmg to d:\\\\workspace\\\\node-test-binary-windows-js-suites\\\\node\\\\test\\\\.tmp.190\\\\build\\\\.compile_cache\\\\v25.0.0-pre-arm64-13c694a9\\\\b73db4c4...success\\r\\n' +\n    '[compile cache] Clear deserialized cache.\\r\\n' +\n    '...',\n  expected: /reading cache from .*build\\/\\.compile_cache.* for CommonJS .*empty\\.js/,\n  operator: 'match',\n  diff: 'simple'\n}\n- stdout did not match expectation, checker throws:\nAssertionError [ERR_ASSERTION]: The input did not match the regular expression /dir after enableCompileCache: .*build\\/\\.compile_cache/. Input:\n\n'dir before enableCompileCache: undefined\\n' +\n  \"options: { directory: 'build/.compile_cache' }\\n\" +\n  'Compile cache enabled. d:\\\\workspace\\\\node-test-binary-windows-js-suites\\\\node\\\\test\\\\.tmp.190\\\\build\\\\.compile_cache\\n' +\n  'dir after enableCompileCache: d:\\\\workspace\\\\node-test-binary-windows-js-suites\\\\node\\\\test\\\\.tmp.190\\\\build\\\\.compile_cache\\\\v25.0.0-pre-arm64-13c694a9\\n'\n\n    at stdout (d:\\workspace\\node-test-binary-windows-js-suites\\node\\test\\parallel\\test-compile-cache-api-options-portable-env.js:43:14)\n    at checkOutput (d:\\workspace\\node-test-binary-windows-js-suites\\node\\test\\common\\child_process.js:52:7)\n    at expectSyncExit (d:\\workspace\\node-test-binary-windows-js-suites\\node\\test\\common\\child_process.js:115:32)\n    at spawnSyncAndAssert (d:\\workspace\\node-test-binary-windows-js-suites\\node\\test\\common\\child_process.js:141:10)\n    at Object.<anonymous> (d:\\workspace\\node-test-binary-windows-js-suites\\node\\test\\parallel\\test-compile-cache-api-options-portable-env.js:26:1)\n    at Module._compile (node:internal/modules/cjs/loader:1759:14)\n    at Module._extensions..js (node:internal/modules/cjs/loader:1892:10)\n    at Module.load (node:internal/modules/cjs/loader:1479:32)\n    at Module._load (node:internal/modules/cjs/loader:1298:12)\n    at TracingChannel.traceSync (node:diagnostics_channel:328:14) {\n  generatedMessage: true,\n  code: 'ERR_ASSERTION',\n  actual: 'dir before enableCompileCache: undefined\\n' +\n    \"options: { directory: 'build/.compile_cache' }\\n\" +\n    'Compile cache enabled. d:\\\\workspace\\\\node-test-binary-windows-js-suites\\\\node\\\\test\\\\.tmp.190\\\\build\\\\.compile_cache\\n' +\n    'dir after enableCompileCache: d:\\\\workspace\\\\node-test-binary-windows-js-suites\\\\node\\\\test\\\\.tmp.190\\\\build\\\\.compile_cache\\\\v25.0.0-pre-arm64-13c694a9\\n',\n  expected: /dir after enableCompileCache: .*build\\/\\.compile_cache/,\n  operator: 'match',\n  diff: 'simple'\n}\n    at Object.<anonymous> (d:\\workspace\\node-test-binary-windows-js-suites\\node\\test\\parallel\\test-compile-cache-api-options-portable-env.js:26:1)\n    at Module._compile (node:internal/modules/cjs/loader:1759:14)\n    at Module._extensions..js (node:internal/modules/cjs/loader:1892:10)\n    at Module.load (node:internal/modules/cjs/loader:1479:32)\n    at Module._load (node:internal/modules/cjs/loader:1298:12)\n    at TracingChannel.traceSync (node:diagnostics_channel:328:14)\n    at wrapModuleLoad (node:internal/modules/cjs/loader:244:24)\n    at Module.executeUserEntryPoint [as runMain] (node:internal/modules/run_main:154:5)\n    at node:internal/main/run_main_module:33:47 {\n  options: {\n    env: {\n      ALLUSERSPROFILE: 'C:\\\\ProgramData',\n      APPDATA: 'C:\\\\Users\\\\atmttfjmokss\\\\AppData\\\\Roaming',\n      ARG: 'release',\n      BUILD_CAUSE: 'UPSTREAMTRIGGER',\n      BUILD_CAUSE_UPSTREAMTRIGGER: 'true',\n      BUILD_DISPLAY_NAME: '#36959',\n      BUILD_ID: '36959',\n      BUILD_NUMBER: '36959',\n      BUILD_TAG: 'jenkins-node-test-binary-windows-js-suites-RUN_SUBSET=3,nodes=win11-arm64-COMPILED_BY-vs2022_clang-arm64-36959',\n      BUILD_URL: 'https://ci.nodejs.org/job/node-test-binary-windows-js-suites/RUN_SUBSET=3,nodes=win11-arm64-COMPILED_BY-vs2022_clang-arm64/36959/',\n      CCTEST: '1',\n      CHOCOLATEYINSTALL: 'C:\\\\ProgramData\\\\chocolatey',\n      CHOCOLATEYLASTPATHUPDATE: '133852069111064265',\n      CI: 'true',\n      CI_DOC: 'doctool',\n      CI_JS_SUITES: 'default pummel',\n      CI_NATIVE_SUITES: 'addons js-native-api node-api benchmark',\n      CLANG_CL: '1',\n      COMMIT_SHA_CHECK: '39325cf',\n      COMMONPROGRAMFILES: 'C:\\\\Program Files\\\\Common Files',\n      'COMMONPROGRAMFILES(ARM)': 'C:\\\\Program Files (Arm)\\\\Common Files',\n      'COMMONPROGRAMFILES(X86)': 'C:\\\\Program Files (x86)\\\\Common Files',\n      COMMONPROGRAMW6432: 'C:\\\\Program Files\\\\Common Files',\n      COMMON_TEST_SUITES: 'default addons js-native-api node-api&set build_addons=1&set build_js_native_api_tests=1&set build_node_api_tests=1',\n      COMPILED_BY: 'vs2022_clang-arm64',\n      COMPUTERNAME: 'arm64-11-19-5',\n      COMSPEC: 'C:\\\\Windows\\\\system32\\\\cmd.exe',\n      CONFIG: 'Release',\n      CONFIGURE_FLAGS: ' --with-ltcg --dest-cpu=x64 --verbose',\n      DEBUG_HELPER: '1',\n      DIAGFILE: 'c:\\\\jenkins_diagnostics.txt',\n      DISTTYPE: 'release',\n      DISTTYPEDIR: 'release',\n      DRIVERDATA: 'C:\\\\Windows\\\\System32\\\\Drivers\\\\DriverData',\n      EFC_4248: '1',\n      EXECUTOR_NUMBER: '0',\n      EXIT_CODE: '0',\n      FLAKY_TESTS: 'keep_retrying',\n      FPS_BROWSER_APP_PROFILE_STRING: 'Internet Explorer',\n      FPS_BROWSER_USER_PROFILE_STRING: 'Default',\n      FULLVERSION: '25.0.0',\n      GITHUB_ORG: 'nodejs',\n      GIT_COMMIT: '39325cfce8677493ea84c5472c6f4affa05b7b21',\n      GIT_REF: 'refs/heads/jenkins-node-test-commit-windows-fanned-39325cfce8677493ea84c5472c6f4affa05b7b21-bin-win-vs2022_clang-arm64',\n      GIT_REMOTE_REF: 'refs/pull/59931/head',\n      GIT_REPO: 'binary_tmp@67.158.54.159:binary_tmp.git',\n      GIT_SSH_COMMAND: 'ssh -o UserKnownHostsFile=/dev/null -o StrictHostKeyChecking=no -i /d/workspace/node-test-binary-windows-js-suites@tmp/secretFiles/a012b654-36f7-4191-85d3-fd661da02a3c/ci-iojs-org-id_rsa-github',\n      HOMEDRIVE: 'C:',\n      HOMEPATH: '\\\\Users\\\\atmttfjmokss',\n      HUDSON_COOKIE: '45f268f1-d506-4563-b429-89fbedf6cc53',\n      HUDSON_HOME: '/var/lib/jenkins',\n      HUDSON_SERVER_COOKIE: '77c5c04cfa349d13',\n      HUDSON_URL: 'https://ci.nodejs.org/',\n      IGNORE_FLAKY_TESTS: 'true',\n      JENKINS_HOME: '/var/lib/jenkins',\n      JENKINS_SERVER_COOKIE: '77c5c04cfa349d13',\n      JENKINS_TMP_KEY: 'd:\\\\workspace\\\\node-test-binary-windows-js-suites@tmp\\\\secretFiles\\\\a012b654-36f7-4191-85d3-fd661da02a3c\\\\ci-iojs-org-id_rsa-github',\n      JENKINS_URL: 'https://ci.nodejs.org/',\n      JOB_BASE_NAME: 'RUN_SUBSET=3,nodes=win11-arm64-COMPILED_BY-vs2022_clang-arm64',\n      JOB_DISPLAY_URL: 'https://ci.nodejs.org/job/node-test-binary-windows-js-suites/RUN_SUBSET=3,nodes=win11-arm64-COMPILED_BY-vs2022_clang-arm64/display/redirect',\n      JOB_NAME: 'node-test-binary-windows-js-suites/RUN_SUBSET=3,nodes=win11-arm64-COMPILED_BY-vs2022_clang-arm64',\n      JOB_URL: 'https://ci.nodejs.org/job/node-test-binary-windows-js-suites/RUN_SUBSET=3,nodes=win11-arm64-COMPILED_BY-vs2022_clang-arm64/',\n      JS_SUITES: 'default',\n      LOCALAPPDATA: 'C:\\\\Users\\\\atmttfjmokss\\\\AppData\\\\Local',\n      LOGONSERVER: '\\\\\\\\arm64-11-19-5',\n      LTCG: '1',\n      NATIVE_SUITES: 'addons js-native-api node-api',\n      NOBUILD: '1',\n      NODEJS_MAJOR_VERSION: '25',\n      NODEJS_VERSION: '25.0.0',\n      NODES: 'win11-arm64-COMPILED_BY-vs2022_clang-arm64',\n      NODE_EXE: 'Release\\\\node.exe',\n      NODE_GYP_EXE: '\"Release\\\\node.exe\" deps\\\\npm\\\\node_modules\\\\node-gyp\\\\bin\\\\node-gyp',\n      NODE_LABELS: 'win11-arm64-COMPILED_BY-vs2019-arm64 win11-arm64-COMPILED_BY-vs2022_clang-arm64 win11-vs2022-arm64 win11-vs2022-arm64-COMPILED_BY-vs2022-arm64 test-azure_msft-win11_vs2022-arm64-5 win11-arm64-COMPILED_BY-vs2022-arm64 win11-vs2022_clang-arm64 win11-vs2022-arm64-COMPILED_BY-vs2019-arm64 win11-vs2022-arm64-COMPILED_BY-vs2022_clang-arm64 win11-arm64',\n      NODE_MAJOR_VERSION: '25',\n      NODE_NAME: 'test-azure_msft-win11_vs2022-arm64-5',\n      NODE_VERSION: '25.0.0',\n      NOPROJGEN: '1',\n      NO_CCTEST: '1',\n      NPM_EXE: '\"d:\\\\workspace\\\\node-test-binary-windows-js-suites\\\\node\\\\Release\\\\node.exe\" d:\\\\workspace\\\\node-test-binary-windows-js-suites\\\\node\\\\deps\\\\npm\\\\bin\\\\npm-cli.js',\n      NUMBER_OF_PROCESSORS: '8',\n      ONEDRIVE: 'C:\\\\Users\\\\atmttfjmokss\\\\OneDrive',\n      ORIGINALARCHITECTURE: 'ARM64',\n      ORIGINALUSERNAME: 'atmttfjmokss',\n      OS: 'Windows_NT',\n      PATH: 'C:\\\\Program Files\\\\Eclipse Adoptium\\\\jdk-17.0.14.7-hotspot\\\\bin;C:\\\\Python310\\\\Scripts\\\\;C:\\\\Python310\\\\;C:\\\\Windows\\\\system32;C:\\\\Windows;C:\\\\Windows\\\\System32\\\\Wbem;C:\\\\Windows\\\\System32\\\\WindowsPowerShell\\\\v1.0\\\\;C:\\\\Windows\\\\System32\\\\OpenSSH\\\\;C:\\\\ProgramData\\\\chocolatey\\\\bin;C:\\\\Program Files\\\\Git\\\\cmd;C:\\\\Program Files\\\\Git\\\\usr\\\\bin;C:\\\\Program Files\\\\CMake\\\\bin;C:\\\\Program Files\\\\dotnet\\\\;C:\\\\Users\\\\atmttfjmokss\\\\AppData\\\\Local\\\\Microsoft\\\\WindowsApps;C:\\\\Users\\\\atmttfjmokss\\\\.dotnet\\\\tools;C:\\\\Program Files\\\\NASM',\n      PATHEXT: '.COM;.EXE;.BAT;.CMD;.VBS;.VBE;.JS;.JSE;.WSF;.WSH;.MSC;.PY;.PYW',\n      PATH_HKCU: 'C:\\\\Users\\\\atmttfjmokss\\\\AppData\\\\Local\\\\Microsoft\\\\WindowsApps;C:\\\\Users\\\\atmttfjmokss\\\\.dotnet\\\\tools',\n      PATH_HKLM: 'C:\\\\Program Files\\\\Eclipse Adoptium\\\\jdk-17.0.14.7-hotspot\\\\bin;C:\\\\Python310\\\\Scripts\\\\;C:\\\\Python310\\\\;C:\\\\Windows\\\\system32;C:\\\\Windows;C:\\\\Windows\\\\System32\\\\Wbem;C:\\\\Windows\\\\System32\\\\WindowsPowerShell\\\\v1.0\\\\;C:\\\\Windows\\\\System32\\\\OpenSSH\\\\;C:\\\\ProgramData\\\\chocolatey\\\\bin;C:\\\\Program Files\\\\Git\\\\cmd;C:\\\\Program Files\\\\Git\\\\usr\\\\bin;C:\\\\Program Files\\\\CMake\\\\bin;C:\\\\Program Files\\\\dotnet\\\\',\n      PROCESSOR_ARCHITECTURE: 'ARM64',\n      PROCESSOR_IDENTIFIER: 'ARMv8 (64-bit) Family 8 Model D0C Revision 301, Ampere(R)',\n      PROCESSOR_LEVEL: '3340',\n      PROCESSOR_REVISION: '0301',\n      PROGRAMDATA: 'C:\\\\ProgramData',\n      PROGRAMFILES: 'C:\\\\Program Files',\n      'PROGRAMFILES(ARM)': 'C:\\\\Program Files (Arm)',\n      'PROGRAMFILES(X86)': 'C:\\\\Program Files (x86)',\n      PROGRAMW6432: 'C:\\\\Program Files',\n      PROMPT: '> ',\n      PR_LINK: 'Testing <a href=https://github.com/nodejs/node/pull/59931>59931</a>',\n      PSMODULEPATH: 'C:\\\\Program Files\\\\WindowsPowerShell\\\\Modules;C:\\\\Windows\\\\system32\\\\WindowsPowerShell\\\\v1.0\\\\Modules',\n      PUBLIC: 'C:\\\\Users\\\\Public',\n      REBASE_ONTO: 'd2ff9daf589af059cacd58972640c8dbc6c7ba88',\n      REPO_NAME: 'node',\n      ROOT_BUILD_CAUSE: 'MANUALTRIGGER',\n      ROOT_BUILD_CAUSE_MANUALTRIGGER: 'true',\n      RUN_ARTIFACTS_DISPLAY_URL: 'https://ci.nodejs.org/job/node-test-binary-windows-js-suites/RUN_SUBSET=3,nodes=win11-arm64-COMPILED_BY-vs2022_clang-arm64/36959/display/redirect?page=artifacts',\n      RUN_CHANGES_DISPLAY_URL: 'https://ci.nodejs.org/job/node-test-binary-windows-js-suites/RUN_SUBSET=3,nodes=win11-arm64-COMPILED_BY-vs2022_clang-arm64/36959/display/redirect?page=changes',\n      RUN_DISPLAY_URL: 'https://ci.nodejs.org/job/node-test-binary-windows-js-suites/RUN_SUBSET=3,nodes=win11-arm64-COMPILED_BY-vs2022_clang-arm64/36959/display/redirect',\n      RUN_SUBSET: '3',\n      RUN_TESTS_DISPLAY_URL: 'https://ci.nodejs.org/job/node-test-binary-windows-js-suites/RUN_SUBSET=3,nodes=win11-arm64-COMPILED_BY-vs2022_clang-arm64/36959/display/redirect?page=tests',\n      SCRIPTS_BRANCH: 'main',\n      SCRIPTS_REPO: 'nodejs/build',\n      SESSIONNAME: 'Console',\n      SYSTEMDRIVE: 'C:',\n      SYSTEMROOT: 'C:\\\\Windows',\n      TARGET: 'Build',\n      TARGET_ARCH: 'x64',\n      TARGET_NAME: 'node-v25.0.0-win-x64',\n      TEMP: 'C:\\\\Users\\\\atmttfjmokss\\\\AppData\\\\Local\\\\Temp',\n      TEMP_BRANCH: 'jenkins-node-test-commit-windows-fanned-39325cfce8677493ea84c5472c6f4affa05b7b21',\n      TEMP_PUSH_BRANCH: 'jenkins-node-test-commit-windows-fanned-39325cfce8677493ea84c5472c6f4affa05b7b21',\n      TEMP_REPO: 'binary_tmp@67.158.54.159:binary_tmp.git',\n      TEMP_REPO_SERVER: '67.158.54.159',\n      TEST_ARGS: '--mode=release  --flaky-tests=dontcare --run=3,4 --measure-flakiness 9 -p tap --logfile test.tap default pummel',\n      TEST_CI_ARGS: '--run=3,4 --measure-flakiness 9',\n      TMP: 'C:\\\\Users\\\\atmttfjmokss\\\\AppData\\\\Local\\\\Temp',\n      TS: 'Tue 09/23/2025 18:27:52.41',\n      USERDOMAIN: 'arm64-11-19-5',\n      USERDOMAIN_ROAMINGPROFILE: 'arm64-11-19-5',\n      USERNAME: 'atmttfjmokss',\n      USERPROFILE: 'C:\\\\Users\\\\atmttfjmokss',\n      VCBUILD_TARGET: 'test-ci-js',\n      WINDIR: 'C:\\\\Windows',\n      WIX: 'C:\\\\Program Files (x86)\\\\WiX Toolset v3.14\\\\',\n      WORKSPACE: 'd:\\\\workspace\\\\node-test-binary-windows-js-suites',\n      WORKSPACE_TMP: 'd:\\\\workspace\\\\node-test-binary-windows-js-suites@tmp',\n      TEST_SERIAL_ID: '190',\n      TEST_THREAD_ID: '0',\n      TEST_PARALLEL: '1',\n      GITHUB_STEP_SUMMARY: '',\n      NODE_SKIP_FLAG_CHECK: 'true',\n      NODE_DEBUG_NATIVE: 'COMPILE_CACHE',\n      NODE_COMPILE_CACHE_PORTABLE: '1',\n      NODE_TEST_COMPILE_CACHE_OPTIONS: '{\"directory\":\"build/.compile_cache\"}'\n    },\n    cwd: 'd:\\\\workspace\\\\node-test-binary-windows-js-suites\\\\node\\\\test\\\\.tmp.190'\n  },\n  command: 'd:\\\\workspace\\\\node-test-binary-windows-js-suites\\\\node\\\\Release\\\\node.exe -r d:\\\\workspace\\\\node-test-binary-windows-js-suites\\\\node\\\\test\\\\fixtures\\\\compile-cache-wrapper-options.js d:\\\\workspace\\\\node-test-binary-windows-js-suites\\\\node\\\\test\\\\.tmp.190\\\\build\\\\empty.js'\n}\n\nNode.js v25.0.0-pre"},"time":679.834,"fullname":"parallel/test-compile-cache-api-options-portable-env","closingTestPoint":false}},{"testName":"parallel/test-compile-cache-api-options-portable-env","timestamp":1758651972057,"status":"FAILED","jobName":"node-test-binary-windows-js-suites","config":"node-test-binary-windows-js-suites » 0,win11-COMPILED_BY-vs2022_clang #36959","buildUrl":"https://ci.nodejs.org/job/node-test-binary-windows-js-suites/RUN_SUBSET=0,nodes=win11-COMPILED_BY-vs2022_clang/36959/","buildNumber":36959,"builtOn":"test-azure_msft-win11_vs2022-x64-3","nodeVersion":"25.0.0","commitHash":"39325cfce8677493ea84c5472c6f4affa05b7b21","callStack":[{"upstreamBuild":73252,"upstreamProject":"node-test-commit-windows-fanned","upstreamUrl":"job/node-test-commit-windows-fanned/"},{"upstreamBuild":82884,"upstreamProject":"node-test-commit","upstreamUrl":"job/node-test-commit/"},{"upstreamBuild":69339,"upstreamProject":"node-test-pull-request","upstreamUrl":"job/node-test-pull-request/"},{"prId":"59931"}],"tap":{"ok":false,"name":"parallel/test-compile-cache-api-options-portable-env","id":190,"buffered":false,"tapError":null,"skip":false,"todo":false,"previous":null,"plan":null,"diag":{"severity":"fail","exitcode":1,"stack":"[compile cache] resolved path build/.compile_cache + v25.0.0-pre-x64-13c694a9 -> c:\\workspace\\node-test-binary-windows-js-suites\\node\\test\\.tmp.190\\build\\.compile_cache\\v25.0.0-pre-x64-13c694a9\n[compile cache] creating cache directory c:\\workspace\\node-test-binary-windows-js-suites\\node\\test\\.tmp.190\\build\\.compile_cache\\v25.0.0-pre-x64-13c694a9...success\n[compile cache] using relative path ..\\..\\empty.js from c:\\workspace\\node-test-binary-windows-js-suites\\node\\test\\.tmp.190\\build\\.compile_cache\\v25.0.0-pre-x64-13c694a9\n[compile cache] reading cache from c:\\workspace\\node-test-binary-windows-js-suites\\node\\test\\.tmp.190\\build\\.compile_cache\\v25.0.0-pre-x64-13c694a9\\b73db4c4 for CommonJS c:\\workspace\\node-test-binary-windows-js-suites\\node\\test\\.tmp.190\\build\\empty.js... no such file or directory\n[compile cache] V8 code cache for CommonJS c:\\workspace\\node-test-binary-windows-js-suites\\node\\test\\.tmp.190\\build\\empty.js was not initialized, initializing the in-memory entry\n[compile cache] Creating temporary file for cache of c:\\workspace\\node-test-binary-windows-js-suites\\node\\test\\.tmp.190\\build\\empty.js (CommonJS)... -> c:\\workspace\\node-test-binary-windows-js-suites\\node\\test\\.tmp.190\\build\\.compile_cache\\v25.0.0-pre-x64-13c694a9\\b73db4c4.tHYQeU\n[compile cache] writing cache for CommonJS c:\\workspace\\node-test-binary-windows-js-suites\\node\\test\\.tmp.190\\build\\empty.js to temporary file c:\\workspace\\node-test-binary-windows-js-suites\\node\\test\\.tmp.190\\build\\.compile_cache\\v25.0.0-pre-x64-13c694a9\\b73db4c4.tHYQeU [2329926578 0 712 0 1763030916]...success\n[compile cache] Renaming c:\\workspace\\node-test-binary-windows-js-suites\\node\\test\\.tmp.190\\build\\.compile_cache\\v25.0.0-pre-x64-13c694a9\\b73db4c4.tHYQeU to c:\\workspace\\node-test-binary-windows-js-suites\\node\\test\\.tmp.190\\build\\.compile_cache\\v25.0.0-pre-x64-13c694a9\\b73db4c4...success\n[compile cache] Clear deserialized cache.\n\ndir before enableCompileCache: undefined\noptions: { directory: 'build/.compile_cache' }\nCompile cache enabled. c:\\workspace\\node-test-binary-windows-js-suites\\node\\test\\.tmp.190\\build\\.compile_cache\ndir after enableCompileCache: c:\\workspace\\node-test-binary-windows-js-suites\\node\\test\\.tmp.190\\build\\.compile_cache\\v25.0.0-pre-x64-13c694a9\n\n[process 13492]: --- stderr ---\n[compile cache] resolved path build/.compile_cache + v25.0.0-pre-x64-13c694a9 -> c:\\workspace\\node-test-binary-windows-js-suites\\node\\test\\.tmp.190\\build\\.compile_cache\\v25.0.0-pre-x64-13c694a9\n[compile cache] creating cache directory c:\\workspace\\node-test-binary-windows-js-suites\\node\\test\\.tmp.190\\build\\.compile_cache\\v25.0.0-pre-x64-13c694a9...success\n[compile cache] using relative path ..\\..\\empty.js from c:\\workspace\\node-test-binary-windows-js-suites\\node\\test\\.tmp.190\\build\\.compile_cache\\v25.0.0-pre-x64-13c694a9\n[compile cache] reading cache from c:\\workspace\\node-test-binary-windows-js-suites\\node\\test\\.tmp.190\\build\\.compile_cache\\v25.0.0-pre-x64-13c694a9\\b73db4c4 for CommonJS c:\\workspace\\node-test-binary-windows-js-suites\\node\\test\\.tmp.190\\build\\empty.js... no such file or directory\n[compile cache] V8 code cache for CommonJS c:\\workspace\\node-test-binary-windows-js-suites\\node\\test\\.tmp.190\\build\\empty.js was not initialized, initializing the in-memory entry\n[compile cache] Creating temporary file for cache of c:\\workspace\\node-test-binary-windows-js-suites\\node\\test\\.tmp.190\\build\\empty.js (CommonJS)... -> c:\\workspace\\node-test-binary-windows-js-suites\\node\\test\\.tmp.190\\build\\.compile_cache\\v25.0.0-pre-x64-13c694a9\\b73db4c4.tHYQeU\n[compile cache] writing cache for CommonJS c:\\workspace\\node-test-binary-windows-js-suites\\node\\test\\.tmp.190\\build\\empty.js to temporary file c:\\workspace\\node-test-binary-windows-js-suites\\node\\test\\.tmp.190\\build\\.compile_cache\\v25.0.0-pre-x64-13c694a9\\b73db4c4.tHYQeU [2329926578 0 712 0 1763030916]...success\n[compile cache] Renaming c:\\workspace\\node-test-binary-windows-js-suites\\node\\test\\.tmp.190\\build\\.compile_cache\\v25.0.0-pre-x64-13c694a9\\b73db4c4.tHYQeU to c:\\workspace\\node-test-binary-windows-js-suites\\node\\test\\.tmp.190\\build\\.compile_cache\\v25.0.0-pre-x64-13c694a9\\b73db4c4...success\n[compile cache] Clear deserialized cache.\n\n[process 13492]: --- stdout ---\ndir before enableCompileCache: undefined\noptions: { directory: 'build/.compile_cache' }\nCompile cache enabled. c:\\workspace\\node-test-binary-windows-js-suites\\node\\test\\.tmp.190\\build\\.compile_cache\ndir after enableCompileCache: c:\\workspace\\node-test-binary-windows-js-suites\\node\\test\\.tmp.190\\build\\.compile_cache\\v25.0.0-pre-x64-13c694a9\n\n[process 13492]: status = 0, signal = null\nc:\\workspace\\node-test-binary-windows-js-suites\\node\\test\\common\\child_process.js:98\n    throw error;\n    ^\n\nError: - stderr did not match expectation, checker throws:\nAssertionError [ERR_ASSERTION]: The input did not match the regular expression /reading cache from .*build\\/\\.compile_cache.* for CommonJS .*empty\\.js/. Input:\n\n'[compile cache] resolved path build/.compile_cache + v25.0.0-pre-x64-13c694a9 -> c:\\\\workspace\\\\node-test-binary-windows-js-suites\\\\node\\\\test\\\\.tmp.190\\\\build\\\\.compile_cache\\\\v25.0.0-pre-x64-13c694a9\\r\\n' +\n  '[compile cache] creating cache directory c:\\\\workspace\\\\node-test-binary-windows-js-suites\\\\node\\\\test\\\\.tmp.190\\\\build\\\\.compile_cache\\\\v25.0.0-pre-x64-13c694a9...success\\r\\n' +\n  '[compile cache] using relative path ..\\\\..\\\\empty.js from c:\\\\workspace\\\\node-test-binary-windows-js-suites\\\\node\\\\test\\\\.tmp.190\\\\build\\\\.compile_cache\\\\v25.0.0-pre-x64-13c694a9\\r\\n' +\n  '[compile cache] reading cache from c:\\\\workspace\\\\node-test-binary-windows-js-suites\\\\node\\\\test\\\\.tmp.190\\\\build\\\\.compile_cache\\\\v25.0.0-pre-x64-13c694a9\\\\b73db4c4 for CommonJS c:\\\\workspace\\\\node-test-binary-windows-js-suites\\\\node\\\\test\\\\.tmp.190\\\\build\\\\empty.js... no such file or directory\\r\\n' +\n  '[compile cache] V8 code cache for CommonJS c:\\\\workspace\\\\node-test-binary-windows-js-suites\\\\node\\\\test\\\\.tmp.190\\\\build\\\\empty.js was not initialized, initializing the in-memory entry\\r\\n' +\n  '[compile cache] Creating temporary file for cache of c:\\\\workspace\\\\node-test-binary-windows-js-suites\\\\node\\\\test\\\\.tmp.190\\\\build\\\\empty.js (CommonJS)... -> c:\\\\workspace\\\\node-test-binary-windows-js-suites\\\\node\\\\test\\\\.tmp.190\\\\build\\\\.compile_cache\\\\v25.0.0-pre-x64-13c694a9\\\\b73db4c4.tHYQeU\\r\\n' +\n  '[compile cache] writing cache for CommonJS c:\\\\workspace\\\\node-test-binary-windows-js-suites\\\\node\\\\test\\\\.tmp.190\\\\build\\\\empty.js to temporary file c:\\\\workspace\\\\node-test-binary-windows-js-suites\\\\node\\\\test\\\\.tmp.190\\\\build\\\\.compile_cache\\\\v25.0.0-pre-x64-13c694a9\\\\b73db4c4.tHYQeU [2329926578 0 712 0 1763030916]...success\\r\\n' +\n  '[compile cache] Renaming c:\\\\workspace\\\\node-test-binary-windows-js-suites\\\\node\\\\test\\\\.tmp.190\\\\build\\\\.compile_cache\\\\v25.0.0-pre-x64-13c694a9\\\\b73db4c4.tHYQeU to c:\\\\workspace\\\\node-test-binary-windows-js-suites\\\\node\\\\test\\\\.tmp.190\\\\build\\\\.compile_cache\\\\v25.0.0-pre-x64-13c694a9\\\\b73db4c4...success\\r\\n' +\n  '[compile cache] Clear deserialized cache.\\r\\n'\n\n    at stderr (c:\\workspace\\node-test-binary-windows-js-suites\\node\\test\\parallel\\test-compile-cache-api-options-portable-env.js:48:14)\n    at checkOutput (c:\\workspace\\node-test-binary-windows-js-suites\\node\\test\\common\\child_process.js:52:7)\n    at expectSyncExit (c:\\workspace\\node-test-binary-windows-js-suites\\node\\test\\common\\child_process.js:108:32)\n    at spawnSyncAndAssert (c:\\workspace\\node-test-binary-windows-js-suites\\node\\test\\common\\child_process.js:141:10)\n    at Object.<anonymous> (c:\\workspace\\node-test-binary-windows-js-suites\\node\\test\\parallel\\test-compile-cache-api-options-portable-env.js:26:1)\n    at Module._compile (node:internal/modules/cjs/loader:1759:14)\n    at Object..js (node:internal/modules/cjs/loader:1892:10)\n    at Module.load (node:internal/modules/cjs/loader:1479:32)\n    at Module._load (node:internal/modules/cjs/loader:1298:12)\n    at TracingChannel.traceSync (node:diagnostics_channel:328:14) {\n  generatedMessage: true,\n  code: 'ERR_ASSERTION',\n  actual: 'pre-x64-13c694a9\\r\\n' +\n    '[compile cache] reading cache from c:\\\\workspace\\\\node-test-binary-windows-js-suites\\\\node\\\\test\\\\.tmp.190\\\\build\\\\.compile_cache\\\\v25.0.0-pre-x64-13c694a9\\\\b73db4c4 for CommonJS c:\\\\workspace\\\\node-test-binary-windows-js-suites\\\\node\\\\test\\\\.tmp.190\\\\build\\\\empty.js... no such file or directory\\r\\n' +\n    '[compile cache] V8 code cache for CommonJS c:\\\\workspace\\\\node-test-binary-windows-js-suites\\\\node\\\\test\\\\.tmp.190\\\\build\\\\empty.js was not initialized, initializing the in-memory entry\\r\\n' +\n    '[compile cache] Creating temporary file for cache of c:\\\\workspace\\\\node-test-binary-windows-js-suites\\\\node\\\\test\\\\.tmp.190\\\\build\\\\empty.js (CommonJS)... -> c:\\\\workspace\\\\node-test-binary-windows-js-suites\\\\node\\\\test\\\\.tmp.190\\\\build\\\\.compile_cache\\\\v25.0.0-pre-x64-13c694a9\\\\b73db4c4.tHYQeU\\r\\n' +\n    '[compile cache] writing cache for CommonJS c:\\\\workspace\\\\node-test-binary-windows-js-suites\\\\node\\\\test\\\\.tmp.190\\\\build\\\\empty.js to temporary file c:\\\\workspace\\\\node-test-binary-windows-js-suites\\\\node\\\\test\\\\.tmp.190\\\\build\\\\.compile_cache\\\\v25.0.0-pre-x64-13c694a9\\\\b73db4c4.tHYQeU [2329926578 0 712 0 1763030916]...success\\r\\n' +\n    '[compile cache] Renaming c:\\\\workspace\\\\node-test-binary-windows-js-suites\\\\node\\\\test\\\\.tmp.190\\\\build\\\\.compile_cache\\\\v25.0.0-pre-x64-13c694a9\\\\b73db4c4.tHYQeU to c:\\\\workspace\\\\node-test-binary-windows-js-suites\\\\node\\\\test\\\\.tmp.190\\\\build\\\\.compile_cache\\\\v25.0.0-pre-x64-13c694a9\\\\b73db4c4...success\\r\\n' +\n    '[compile cache] Clear deserialized cache.\\r\\n' +\n    '...',\n  expected: /reading cache from .*build\\/\\.compile_cache.* for CommonJS .*empty\\.js/,\n  operator: 'match',\n  diff: 'simple'\n}\n- stdout did not match expectation, checker throws:\nAssertionError [ERR_ASSERTION]: The input did not match the regular expression /dir after enableCompileCache: .*build\\/\\.compile_cache/. Input:\n\n'dir before enableCompileCache: undefined\\n' +\n  \"options: { directory: 'build/.compile_cache' }\\n\" +\n  'Compile cache enabled. c:\\\\workspace\\\\node-test-binary-windows-js-suites\\\\node\\\\test\\\\.tmp.190\\\\build\\\\.compile_cache\\n' +\n  'dir after enableCompileCache: c:\\\\workspace\\\\node-test-binary-windows-js-suites\\\\node\\\\test\\\\.tmp.190\\\\build\\\\.compile_cache\\\\v25.0.0-pre-x64-13c694a9\\n'\n\n    at stdout (c:\\workspace\\node-test-binary-windows-js-suites\\node\\test\\parallel\\test-compile-cache-api-options-portable-env.js:43:14)\n    at checkOutput (c:\\workspace\\node-test-binary-windows-js-suites\\node\\test\\common\\child_process.js:52:7)\n    at expectSyncExit (c:\\workspace\\node-test-binary-windows-js-suites\\node\\test\\common\\child_process.js:115:32)\n    at spawnSyncAndAssert (c:\\workspace\\node-test-binary-windows-js-suites\\node\\test\\common\\child_process.js:141:10)\n    at Object.<anonymous> (c:\\workspace\\node-test-binary-windows-js-suites\\node\\test\\parallel\\test-compile-cache-api-options-portable-env.js:26:1)\n    at Module._compile (node:internal/modules/cjs/loader:1759:14)\n    at Object..js (node:internal/modules/cjs/loader:1892:10)\n    at Module.load (node:internal/modules/cjs/loader:1479:32)\n    at Module._load (node:internal/modules/cjs/loader:1298:12)\n    at TracingChannel.traceSync (node:diagnostics_channel:328:14) {\n  generatedMessage: true,\n  code: 'ERR_ASSERTION',\n  actual: 'dir before enableCompileCache: undefined\\n' +\n    \"options: { directory: 'build/.compile_cache' }\\n\" +\n    'Compile cache enabled. c:\\\\workspace\\\\node-test-binary-windows-js-suites\\\\node\\\\test\\\\.tmp.190\\\\build\\\\.compile_cache\\n' +\n    'dir after enableCompileCache: c:\\\\workspace\\\\node-test-binary-windows-js-suites\\\\node\\\\test\\\\.tmp.190\\\\build\\\\.compile_cache\\\\v25.0.0-pre-x64-13c694a9\\n',\n  expected: /dir after enableCompileCache: .*build\\/\\.compile_cache/,\n  operator: 'match',\n  diff: 'simple'\n}\n    at Object.<anonymous> (c:\\workspace\\node-test-binary-windows-js-suites\\node\\test\\parallel\\test-compile-cache-api-options-portable-env.js:26:1)\n    at Module._compile (node:internal/modules/cjs/loader:1759:14)\n    at Object..js (node:internal/modules/cjs/loader:1892:10)\n    at Module.load (node:internal/modules/cjs/loader:1479:32)\n    at Module._load (node:internal/modules/cjs/loader:1298:12)\n    at TracingChannel.traceSync (node:diagnostics_channel:328:14)\n    at wrapModuleLoad (node:internal/modules/cjs/loader:244:24)\n    at Module.executeUserEntryPoint [as runMain] (node:internal/modules/run_main:154:5)\n    at node:internal/main/run_main_module:33:47 {\n  options: {\n    env: {\n      ALLUSERSPROFILE: 'C:\\\\ProgramData',\n      APPDATA: 'C:\\\\Users\\\\yqvksktbsxfq\\\\AppData\\\\Roaming',\n      ARG: 'release',\n      BUILDPULSE_ACCESS_KEY_ID: 'AKIA3SYVRUSEX4HUYA5N',\n      BUILDPULSE_ACCOUNT_ID: '9998547',\n      BUILDPULSE_REPOSITORY_ID: '751405414',\n      BUILDPULSE_SECRET_ACCESS_KEY: 'WFaCuGHhF1aGC+U0S4DVmqDbT7n31rYWL5AJCmEh',\n      BUILD_CAUSE: 'UPSTREAMTRIGGER',\n      BUILD_CAUSE_UPSTREAMTRIGGER: 'true',\n      BUILD_DISPLAY_NAME: '#36959',\n      BUILD_ID: '36959',\n      BUILD_NUMBER: '36959',\n      BUILD_TAG: 'jenkins-node-test-binary-windows-js-suites-RUN_SUBSET=0,nodes=win11-COMPILED_BY-vs2022_clang-36959',\n      BUILD_URL: 'https://ci.nodejs.org/job/node-test-binary-windows-js-suites/RUN_SUBSET=0,nodes=win11-COMPILED_BY-vs2022_clang/36959/',\n      CCTEST: '1',\n      CHOCOLATEYINSTALL: 'C:\\\\ProgramData\\\\chocolatey',\n      CHOCOLATEYLASTPATHUPDATE: '133852068546954476',\n      CI: 'true',\n      CI_DOC: 'doctool',\n      CI_JS_SUITES: 'default pummel',\n      CI_NATIVE_SUITES: 'addons js-native-api node-api benchmark',\n      CLANG_CL: '1',\n      COMMIT_SHA_CHECK: '39325cf',\n      COMMONPROGRAMFILES: 'C:\\\\Program Files\\\\Common Files',\n      'COMMONPROGRAMFILES(X86)': 'C:\\\\Program Files (x86)\\\\Common Files',\n      COMMONPROGRAMW6432: 'C:\\\\Program Files\\\\Common Files',\n      COMMON_TEST_SUITES: 'default addons js-native-api node-api&set build_addons=1&set build_js_native_api_tests=1&set build_node_api_tests=1',\n      COMPILED_BY: 'vs2022_clang',\n      COMPUTERNAME: 'node-11-22-3',\n      COMSPEC: 'C:\\\\WINDOWS\\\\system32\\\\cmd.exe',\n      CONFIG: 'Release',\n      CONFIGURE_FLAGS: ' --with-ltcg --dest-cpu=x64 --verbose',\n      DEBUG_HELPER: '1',\n      DIAGFILE: 'c:\\\\jenkins_diagnostics.txt',\n      DISTTYPE: 'release',\n      DISTTYPEDIR: 'release',\n      DRIVERDATA: 'C:\\\\Windows\\\\System32\\\\Drivers\\\\DriverData',\n      EFC_6488: '1',\n      EXECUTOR_NUMBER: '0',\n      EXIT_CODE: '0',\n      FLAKY_TESTS: 'keep_retrying',\n      FPS_BROWSER_APP_PROFILE_STRING: 'Internet Explorer',\n      FPS_BROWSER_USER_PROFILE_STRING: 'Default',\n      FULLVERSION: '25.0.0',\n      GITHUB_ORG: 'nodejs',\n      GIT_COMMIT: '39325cfce8677493ea84c5472c6f4affa05b7b21',\n      GIT_REF: 'refs/heads/jenkins-node-test-commit-windows-fanned-39325cfce8677493ea84c5472c6f4affa05b7b21-bin-win-vs2022_clang',\n      GIT_REMOTE_REF: 'refs/pull/59931/head',\n      GIT_REPO: 'binary_tmp@67.158.54.159:binary_tmp.git',\n      GIT_SSH_COMMAND: 'ssh -o UserKnownHostsFile=/dev/null -o StrictHostKeyChecking=no -i /c/workspace/node-test-binary-windows-js-suites@tmp/secretFiles/dd46d693-2217-4611-8846-9b03cdafbff2/ci-iojs-org-id_rsa-github',\n      HOMEDRIVE: 'C:',\n      HOMEPATH: '\\\\Users\\\\yqvksktbsxfq',\n      HUDSON_COOKIE: '612916e2-5869-43ae-a0bb-be757f4da503',\n      HUDSON_HOME: '/var/lib/jenkins',\n      HUDSON_SERVER_COOKIE: '77c5c04cfa349d13',\n      HUDSON_URL: 'https://ci.nodejs.org/',\n      IGNORE_FLAKY_TESTS: 'true',\n      JENKINS_HOME: '/var/lib/jenkins',\n      JENKINS_SERVER_COOKIE: '77c5c04cfa349d13',\n      JENKINS_TMP_KEY: 'c:\\\\workspace\\\\node-test-binary-windows-js-suites@tmp\\\\secretFiles\\\\dd46d693-2217-4611-8846-9b03cdafbff2\\\\ci-iojs-org-id_rsa-github',\n      JENKINS_URL: 'https://ci.nodejs.org/',\n      JOB_BASE_NAME: 'RUN_SUBSET=0,nodes=win11-COMPILED_BY-vs2022_clang',\n      JOB_DISPLAY_URL: 'https://ci.nodejs.org/job/node-test-binary-windows-js-suites/RUN_SUBSET=0,nodes=win11-COMPILED_BY-vs2022_clang/display/redirect',\n      JOB_NAME: 'node-test-binary-windows-js-suites/RUN_SUBSET=0,nodes=win11-COMPILED_BY-vs2022_clang',\n      JOB_URL: 'https://ci.nodejs.org/job/node-test-binary-windows-js-suites/RUN_SUBSET=0,nodes=win11-COMPILED_BY-vs2022_clang/',\n      JS_SUITES: 'default',\n      LOCALAPPDATA: 'C:\\\\Users\\\\yqvksktbsxfq\\\\AppData\\\\Local',\n      LOGONSERVER: '\\\\\\\\node-11-22-3',\n      LTCG: '1',\n      NATIVE_SUITES: 'addons js-native-api node-api',\n      NOBUILD: '1',\n      NODEJS_MAJOR_VERSION: '25',\n      NODEJS_VERSION: '25.0.0',\n      NODES: 'win11-COMPILED_BY-vs2022_clang',\n      NODE_EXE: 'Release\\\\node.exe',\n      NODE_GYP_EXE: '\"Release\\\\node.exe\" deps\\\\npm\\\\node_modules\\\\node-gyp\\\\bin\\\\node-gyp',\n      NODE_LABELS: 'win11-vs2022-COMPILED_BY-vs2019 win11 win11-COMPILED_BY-vs2022_clang win11-COMPILED_BY-vs2019 win11-vs2022-COMPILED_BY-vs2022 test-azure_msft-win11_vs2022-x64-3 win11-vs2022-COMPILED_BY-vs2022_clang win11-COMPILED_BY-vs2022 win11-vs2022',\n      NODE_MAJOR_VERSION: '25',\n      NODE_NAME: 'test-azure_msft-win11_vs2022-x64-3',\n      NODE_VERSION: '25.0.0',\n      NOPROJGEN: '1',\n      NO_CCTEST: '1',\n      NPM_EXE: '\"c:\\\\workspace\\\\node-test-binary-windows-js-suites\\\\node\\\\Release\\\\node.exe\" c:\\\\workspace\\\\node-test-binary-windows-js-suites\\\\node\\\\deps\\\\npm\\\\bin\\\\npm-cli.js',\n      NUMBER_OF_PROCESSORS: '4',\n      ONEDRIVE: 'C:\\\\Users\\\\yqvksktbsxfq\\\\OneDrive',\n      ORIGINALARCHITECTURE: 'AMD64',\n      ORIGINALUSERNAME: 'yqvksktbsxfq',\n      OS: 'Windows_NT',\n      PATH: 'C:\\\\Program Files\\\\Eclipse Adoptium\\\\jdk-17.0.14.7-hotspot\\\\bin;C:\\\\Python310\\\\Scripts\\\\;C:\\\\Python310\\\\;C:\\\\WINDOWS\\\\system32;C:\\\\WINDOWS;C:\\\\WINDOWS\\\\System32\\\\Wbem;C:\\\\WINDOWS\\\\System32\\\\WindowsPowerShell\\\\v1.0\\\\;C:\\\\WINDOWS\\\\System32\\\\OpenSSH\\\\;C:\\\\ProgramData\\\\chocolatey\\\\bin;C:\\\\Program Files (x86)\\\\Windows Kits\\\\10\\\\Windows Performance Toolkit\\\\;C:\\\\Program Files\\\\Git\\\\cmd;C:\\\\Program Files\\\\Git\\\\usr\\\\bin;C:\\\\Program Files\\\\dotnet\\\\;C:\\\\Program Files\\\\CMake\\\\bin;C:\\\\Users\\\\yqvksktbsxfq\\\\AppData\\\\Local\\\\Microsoft\\\\WindowsApps;C:\\\\Users\\\\yqvksktbsxfq\\\\.dotnet\\\\tools;C:\\\\Program Files\\\\NASM',\n      PATHEXT: '.COM;.EXE;.BAT;.CMD;.VBS;.VBE;.JS;.JSE;.WSF;.WSH;.MSC;.PY;.PYW',\n      PATH_HKCU: 'C:\\\\Users\\\\yqvksktbsxfq\\\\AppData\\\\Local\\\\Microsoft\\\\WindowsApps;C:\\\\Users\\\\yqvksktbsxfq\\\\.dotnet\\\\tools',\n      PATH_HKLM: 'C:\\\\Program Files\\\\Eclipse Adoptium\\\\jdk-17.0.14.7-hotspot\\\\bin;C:\\\\Python310\\\\Scripts\\\\;C:\\\\Python310\\\\;C:\\\\WINDOWS\\\\system32;C:\\\\WINDOWS;C:\\\\WINDOWS\\\\System32\\\\Wbem;C:\\\\WINDOWS\\\\System32\\\\WindowsPowerShell\\\\v1.0\\\\;C:\\\\WINDOWS\\\\System32\\\\OpenSSH\\\\;C:\\\\ProgramData\\\\chocolatey\\\\bin;C:\\\\Program Files (x86)\\\\Windows Kits\\\\10\\\\Windows Performance Toolkit\\\\;C:\\\\Program Files\\\\Git\\\\cmd;C:\\\\Program Files\\\\Git\\\\usr\\\\bin;C:\\\\Program Files\\\\dotnet\\\\;C:\\\\Program Files\\\\CMake\\\\bin',\n      PROCESSOR_ARCHITECTURE: 'AMD64',\n      PROCESSOR_IDENTIFIER: 'Intel64 Family 6 Model 85 Stepping 4, GenuineIntel',\n      PROCESSOR_LEVEL: '6',\n      PROCESSOR_REVISION: '5504',\n      PROGRAMDATA: 'C:\\\\ProgramData',\n      PROGRAMFILES: 'C:\\\\Program Files',\n      'PROGRAMFILES(X86)': 'C:\\\\Program Files (x86)',\n      PROGRAMW6432: 'C:\\\\Program Files',\n      PROMPT: '> ',\n      PR_LINK: 'Testing <a href=https://github.com/nodejs/node/pull/59931>59931</a>',\n      PSMODULEPATH: 'C:\\\\Program Files\\\\WindowsPowerShell\\\\Modules;C:\\\\WINDOWS\\\\system32\\\\WindowsPowerShell\\\\v1.0\\\\Modules',\n      PUBLIC: 'C:\\\\Users\\\\Public',\n      REBASE_ONTO: 'd2ff9daf589af059cacd58972640c8dbc6c7ba88',\n      REPO_NAME: 'node',\n      ROOT_BUILD_CAUSE: 'MANUALTRIGGER',\n      ROOT_BUILD_CAUSE_MANUALTRIGGER: 'true',\n      RUN_ARTIFACTS_DISPLAY_URL: 'https://ci.nodejs.org/job/node-test-binary-windows-js-suites/RUN_SUBSET=0,nodes=win11-COMPILED_BY-vs2022_clang/36959/display/redirect?page=artifacts',\n      RUN_CHANGES_DISPLAY_URL: 'https://ci.nodejs.org/job/node-test-binary-windows-js-suites/RUN_SUBSET=0,nodes=win11-COMPILED_BY-vs2022_clang/36959/display/redirect?page=changes',\n      RUN_DISPLAY_URL: 'https://ci.nodejs.org/job/node-test-binary-windows-js-suites/RUN_SUBSET=0,nodes=win11-COMPILED_BY-vs2022_clang/36959/display/redirect',\n      RUN_SUBSET: '0',\n      RUN_TESTS_DISPLAY_URL: 'https://ci.nodejs.org/job/node-test-binary-windows-js-suites/RUN_SUBSET=0,nodes=win11-COMPILED_BY-vs2022_clang/36959/display/redirect?page=tests',\n      SCRIPTS_BRANCH: 'main',\n      SCRIPTS_REPO: 'nodejs/build',\n      SESSIONNAME: 'Console',\n      SYSTEMDRIVE: 'C:',\n      SYSTEMROOT: 'C:\\\\WINDOWS',\n      TARGET: 'Build',\n      TARGET_ARCH: 'x64',\n      TARGET_NAME: 'node-v25.0.0-win-x64',\n      TEMP: 'C:\\\\Users\\\\yqvksktbsxfq\\\\AppData\\\\Local\\\\Temp',\n      TEMP_BRANCH: 'jenkins-node-test-commit-windows-fanned-39325cfce8677493ea84c5472c6f4affa05b7b21',\n      TEMP_PUSH_BRANCH: 'jenkins-node-test-commit-windows-fanned-39325cfce8677493ea84c5472c6f4affa05b7b21',\n      TEMP_REPO: 'binary_tmp@67.158.54.159:binary_tmp.git',\n      TEMP_REPO_SERVER: '67.158.54.159',\n      TEST_ARGS: '--mode=release  --flaky-tests=dontcare --run=0,4 --measure-flakiness 9 -p tap --logfile test.tap default pummel',\n      TEST_CI_ARGS: '--run=0,4 --measure-flakiness 9',\n      TMP: 'C:\\\\Users\\\\yqvksktbsxfq\\\\AppData\\\\Local\\\\Temp',\n      TS: 'Tue 09/23/2025 18:27:29.16',\n      USERDOMAIN: 'node-11-22-3',\n      USERDOMAIN_ROAMINGPROFILE: 'node-11-22-3',\n      USERNAME: 'yqvksktbsxfq',\n      USERPROFILE: 'C:\\\\Users\\\\yqvksktbsxfq',\n      VCBUILD_TARGET: 'test-ci-js',\n      WINDIR: 'C:\\\\WINDOWS',\n      WIX: 'C:\\\\Program Files (x86)\\\\WiX Toolset v3.14\\\\',\n      WORKSPACE: 'c:\\\\workspace\\\\node-test-binary-windows-js-suites',\n      WORKSPACE_TMP: 'c:\\\\workspace\\\\node-test-binary-windows-js-suites@tmp',\n      TEST_SERIAL_ID: '190',\n      TEST_THREAD_ID: '0',\n      TEST_PARALLEL: '1',\n      GITHUB_STEP_SUMMARY: '',\n      NODE_SKIP_FLAG_CHECK: 'true',\n      NODE_DEBUG_NATIVE: 'COMPILE_CACHE',\n      NODE_COMPILE_CACHE_PORTABLE: '1',\n      NODE_TEST_COMPILE_CACHE_OPTIONS: '{\"directory\":\"build/.compile_cache\"}'\n    },\n    cwd: 'c:\\\\workspace\\\\node-test-binary-windows-js-suites\\\\node\\\\test\\\\.tmp.190'\n  },\n  command: 'c:\\\\workspace\\\\node-test-binary-windows-js-suites\\\\node\\\\Release\\\\node.exe -r c:\\\\workspace\\\\node-test-binary-windows-js-suites\\\\node\\\\test\\\\fixtures\\\\compile-cache-wrapper-options.js c:\\\\workspace\\\\node-test-binary-windows-js-suites\\\\node\\\\test\\\\.tmp.190\\\\build\\\\empty.js'\n}\n\nNode.js v25.0.0-pre"},"time":467.009,"fullname":"parallel/test-compile-cache-api-options-portable-env","closingTestPoint":false}},{"testName":"parallel/test-compile-cache-api-options-portable-env","timestamp":1758651972057,"status":"FAILED","jobName":"node-test-binary-windows-js-suites","config":"node-test-binary-windows-js-suites » 0,win2019-COMPILED_BY-vs2022_clang #36959","buildUrl":"https://ci.nodejs.org/job/node-test-binary-windows-js-suites/RUN_SUBSET=0,nodes=win2019-COMPILED_BY-vs2022_clang/36959/","buildNumber":36959,"builtOn":"test-rackspace-win2019_vs2019-x64-1","nodeVersion":"25.0.0","commitHash":"39325cfce8677493ea84c5472c6f4affa05b7b21","callStack":[{"upstreamBuild":73252,"upstreamProject":"node-test-commit-windows-fanned","upstreamUrl":"job/node-test-commit-windows-fanned/"},{"upstreamBuild":82884,"upstreamProject":"node-test-commit","upstreamUrl":"job/node-test-commit/"},{"upstreamBuild":69339,"upstreamProject":"node-test-pull-request","upstreamUrl":"job/node-test-pull-request/"},{"prId":"59931"}],"tap":{"ok":false,"name":"parallel/test-compile-cache-api-options-portable-env","id":190,"buffered":false,"tapError":null,"skip":false,"todo":false,"previous":null,"plan":null,"diag":{"severity":"fail","exitcode":1,"stack":"[compile cache] resolved path build/.compile_cache + v25.0.0-pre-x64-13c694a9 -> C:\\workspace\\node-test-binary-windows-js-suites\\node\\test\\.tmp.190\\build\\.compile_cache\\v25.0.0-pre-x64-13c694a9\n[compile cache] creating cache directory C:\\workspace\\node-test-binary-windows-js-suites\\node\\test\\.tmp.190\\build\\.compile_cache\\v25.0.0-pre-x64-13c694a9...success\n[compile cache] using relative path ..\\..\\empty.js from C:\\workspace\\node-test-binary-windows-js-suites\\node\\test\\.tmp.190\\build\\.compile_cache\\v25.0.0-pre-x64-13c694a9\n[compile cache] reading cache from C:\\workspace\\node-test-binary-windows-js-suites\\node\\test\\.tmp.190\\build\\.compile_cache\\v25.0.0-pre-x64-13c694a9\\b73db4c4 for CommonJS C:\\workspace\\node-test-binary-windows-js-suites\\node\\test\\.tmp.190\\build\\empty.js... no such file or directory\n[compile cache] V8 code cache for CommonJS C:\\workspace\\node-test-binary-windows-js-suites\\node\\test\\.tmp.190\\build\\empty.js was not initialized, initializing the in-memory entry\n[compile cache] Creating temporary file for cache of C:\\workspace\\node-test-binary-windows-js-suites\\node\\test\\.tmp.190\\build\\empty.js (CommonJS)... -> C:\\workspace\\node-test-binary-windows-js-suites\\node\\test\\.tmp.190\\build\\.compile_cache\\v25.0.0-pre-x64-13c694a9\\b73db4c4.l0tzs5\n[compile cache] writing cache for CommonJS C:\\workspace\\node-test-binary-windows-js-suites\\node\\test\\.tmp.190\\build\\empty.js to temporary file C:\\workspace\\node-test-binary-windows-js-suites\\node\\test\\.tmp.190\\build\\.compile_cache\\v25.0.0-pre-x64-13c694a9\\b73db4c4.l0tzs5 [2329926578 0 712 0 1141485249]...success\n[compile cache] Renaming C:\\workspace\\node-test-binary-windows-js-suites\\node\\test\\.tmp.190\\build\\.compile_cache\\v25.0.0-pre-x64-13c694a9\\b73db4c4.l0tzs5 to C:\\workspace\\node-test-binary-windows-js-suites\\node\\test\\.tmp.190\\build\\.compile_cache\\v25.0.0-pre-x64-13c694a9\\b73db4c4...success\n[compile cache] Clear deserialized cache.\n\ndir before enableCompileCache: undefined\noptions: { directory: 'build/.compile_cache' }\nCompile cache enabled. C:\\workspace\\node-test-binary-windows-js-suites\\node\\test\\.tmp.190\\build\\.compile_cache\ndir after enableCompileCache: C:\\workspace\\node-test-binary-windows-js-suites\\node\\test\\.tmp.190\\build\\.compile_cache\\v25.0.0-pre-x64-13c694a9\n\n[process 8476]: --- stderr ---\n[compile cache] resolved path build/.compile_cache + v25.0.0-pre-x64-13c694a9 -> C:\\workspace\\node-test-binary-windows-js-suites\\node\\test\\.tmp.190\\build\\.compile_cache\\v25.0.0-pre-x64-13c694a9\n[compile cache] creating cache directory C:\\workspace\\node-test-binary-windows-js-suites\\node\\test\\.tmp.190\\build\\.compile_cache\\v25.0.0-pre-x64-13c694a9...success\n[compile cache] using relative path ..\\..\\empty.js from C:\\workspace\\node-test-binary-windows-js-suites\\node\\test\\.tmp.190\\build\\.compile_cache\\v25.0.0-pre-x64-13c694a9\n[compile cache] reading cache from C:\\workspace\\node-test-binary-windows-js-suites\\node\\test\\.tmp.190\\build\\.compile_cache\\v25.0.0-pre-x64-13c694a9\\b73db4c4 for CommonJS C:\\workspace\\node-test-binary-windows-js-suites\\node\\test\\.tmp.190\\build\\empty.js... no such file or directory\n[compile cache] V8 code cache for CommonJS C:\\workspace\\node-test-binary-windows-js-suites\\node\\test\\.tmp.190\\build\\empty.js was not initialized, initializing the in-memory entry\n[compile cache] Creating temporary file for cache of C:\\workspace\\node-test-binary-windows-js-suites\\node\\test\\.tmp.190\\build\\empty.js (CommonJS)... -> C:\\workspace\\node-test-binary-windows-js-suites\\node\\test\\.tmp.190\\build\\.compile_cache\\v25.0.0-pre-x64-13c694a9\\b73db4c4.l0tzs5\n[compile cache] writing cache for CommonJS C:\\workspace\\node-test-binary-windows-js-suites\\node\\test\\.tmp.190\\build\\empty.js to temporary file C:\\workspace\\node-test-binary-windows-js-suites\\node\\test\\.tmp.190\\build\\.compile_cache\\v25.0.0-pre-x64-13c694a9\\b73db4c4.l0tzs5 [2329926578 0 712 0 1141485249]...success\n[compile cache] Renaming C:\\workspace\\node-test-binary-windows-js-suites\\node\\test\\.tmp.190\\build\\.compile_cache\\v25.0.0-pre-x64-13c694a9\\b73db4c4.l0tzs5 to C:\\workspace\\node-test-binary-windows-js-suites\\node\\test\\.tmp.190\\build\\.compile_cache\\v25.0.0-pre-x64-13c694a9\\b73db4c4...success\n[compile cache] Clear deserialized cache.\n\n[process 8476]: --- stdout ---\ndir before enableCompileCache: undefined\noptions: { directory: 'build/.compile_cache' }\nCompile cache enabled. C:\\workspace\\node-test-binary-windows-js-suites\\node\\test\\.tmp.190\\build\\.compile_cache\ndir after enableCompileCache: C:\\workspace\\node-test-binary-windows-js-suites\\node\\test\\.tmp.190\\build\\.compile_cache\\v25.0.0-pre-x64-13c694a9\n\n[process 8476]: status = 0, signal = null\nC:\\workspace\\node-test-binary-windows-js-suites\\node\\test\\common\\child_process.js:98\n    throw error;\n    ^\n\nError: - stderr did not match expectation, checker throws:\nAssertionError [ERR_ASSERTION]: The input did not match the regular expression /reading cache from .*build\\/\\.compile_cache.* for CommonJS .*empty\\.js/. Input:\n\n'[compile cache] resolved path build/.compile_cache + v25.0.0-pre-x64-13c694a9 -> C:\\\\workspace\\\\node-test-binary-windows-js-suites\\\\node\\\\test\\\\.tmp.190\\\\build\\\\.compile_cache\\\\v25.0.0-pre-x64-13c694a9\\r\\n' +\n  '[compile cache] creating cache directory C:\\\\workspace\\\\node-test-binary-windows-js-suites\\\\node\\\\test\\\\.tmp.190\\\\build\\\\.compile_cache\\\\v25.0.0-pre-x64-13c694a9...success\\r\\n' +\n  '[compile cache] using relative path ..\\\\..\\\\empty.js from C:\\\\workspace\\\\node-test-binary-windows-js-suites\\\\node\\\\test\\\\.tmp.190\\\\build\\\\.compile_cache\\\\v25.0.0-pre-x64-13c694a9\\r\\n' +\n  '[compile cache] reading cache from C:\\\\workspace\\\\node-test-binary-windows-js-suites\\\\node\\\\test\\\\.tmp.190\\\\build\\\\.compile_cache\\\\v25.0.0-pre-x64-13c694a9\\\\b73db4c4 for CommonJS C:\\\\workspace\\\\node-test-binary-windows-js-suites\\\\node\\\\test\\\\.tmp.190\\\\build\\\\empty.js... no such file or directory\\r\\n' +\n  '[compile cache] V8 code cache for CommonJS C:\\\\workspace\\\\node-test-binary-windows-js-suites\\\\node\\\\test\\\\.tmp.190\\\\build\\\\empty.js was not initialized, initializing the in-memory entry\\r\\n' +\n  '[compile cache] Creating temporary file for cache of C:\\\\workspace\\\\node-test-binary-windows-js-suites\\\\node\\\\test\\\\.tmp.190\\\\build\\\\empty.js (CommonJS)... -> C:\\\\workspace\\\\node-test-binary-windows-js-suites\\\\node\\\\test\\\\.tmp.190\\\\build\\\\.compile_cache\\\\v25.0.0-pre-x64-13c694a9\\\\b73db4c4.l0tzs5\\r\\n' +\n  '[compile cache] writing cache for CommonJS C:\\\\workspace\\\\node-test-binary-windows-js-suites\\\\node\\\\test\\\\.tmp.190\\\\build\\\\empty.js to temporary file C:\\\\workspace\\\\node-test-binary-windows-js-suites\\\\node\\\\test\\\\.tmp.190\\\\build\\\\.compile_cache\\\\v25.0.0-pre-x64-13c694a9\\\\b73db4c4.l0tzs5 [2329926578 0 712 0 1141485249]...success\\r\\n' +\n  '[compile cache] Renaming C:\\\\workspace\\\\node-test-binary-windows-js-suites\\\\node\\\\test\\\\.tmp.190\\\\build\\\\.compile_cache\\\\v25.0.0-pre-x64-13c694a9\\\\b73db4c4.l0tzs5 to C:\\\\workspace\\\\node-test-binary-windows-js-suites\\\\node\\\\test\\\\.tmp.190\\\\build\\\\.compile_cache\\\\v25.0.0-pre-x64-13c694a9\\\\b73db4c4...success\\r\\n' +\n  '[compile cache] Clear deserialized cache.\\r\\n'\n\n    at stderr (C:\\workspace\\node-test-binary-windows-js-suites\\node\\test\\parallel\\test-compile-cache-api-options-portable-env.js:48:14)\n    at checkOutput (C:\\workspace\\node-test-binary-windows-js-suites\\node\\test\\common\\child_process.js:52:7)\n    at expectSyncExit (C:\\workspace\\node-test-binary-windows-js-suites\\node\\test\\common\\child_process.js:108:32)\n    at spawnSyncAndAssert (C:\\workspace\\node-test-binary-windows-js-suites\\node\\test\\common\\child_process.js:141:10)\n    at Object.<anonymous> (C:\\workspace\\node-test-binary-windows-js-suites\\node\\test\\parallel\\test-compile-cache-api-options-portable-env.js:26:1)\n    at Module._compile (node:internal/modules/cjs/loader:1759:14)\n    at Object..js (node:internal/modules/cjs/loader:1892:10)\n    at Module.load (node:internal/modules/cjs/loader:1479:32)\n    at Module._load (node:internal/modules/cjs/loader:1298:12)\n    at TracingChannel.traceSync (node:diagnostics_channel:328:14) {\n  generatedMessage: true,\n  code: 'ERR_ASSERTION',\n  actual: 'pre-x64-13c694a9\\r\\n' +\n    '[compile cache] reading cache from C:\\\\workspace\\\\node-test-binary-windows-js-suites\\\\node\\\\test\\\\.tmp.190\\\\build\\\\.compile_cache\\\\v25.0.0-pre-x64-13c694a9\\\\b73db4c4 for CommonJS C:\\\\workspace\\\\node-test-binary-windows-js-suites\\\\node\\\\test\\\\.tmp.190\\\\build\\\\empty.js... no such file or directory\\r\\n' +\n    '[compile cache] V8 code cache for CommonJS C:\\\\workspace\\\\node-test-binary-windows-js-suites\\\\node\\\\test\\\\.tmp.190\\\\build\\\\empty.js was not initialized, initializing the in-memory entry\\r\\n' +\n    '[compile cache] Creating temporary file for cache of C:\\\\workspace\\\\node-test-binary-windows-js-suites\\\\node\\\\test\\\\.tmp.190\\\\build\\\\empty.js (CommonJS)... -> C:\\\\workspace\\\\node-test-binary-windows-js-suites\\\\node\\\\test\\\\.tmp.190\\\\build\\\\.compile_cache\\\\v25.0.0-pre-x64-13c694a9\\\\b73db4c4.l0tzs5\\r\\n' +\n    '[compile cache] writing cache for CommonJS C:\\\\workspace\\\\node-test-binary-windows-js-suites\\\\node\\\\test\\\\.tmp.190\\\\build\\\\empty.js to temporary file C:\\\\workspace\\\\node-test-binary-windows-js-suites\\\\node\\\\test\\\\.tmp.190\\\\build\\\\.compile_cache\\\\v25.0.0-pre-x64-13c694a9\\\\b73db4c4.l0tzs5 [2329926578 0 712 0 1141485249]...success\\r\\n' +\n    '[compile cache] Renaming C:\\\\workspace\\\\node-test-binary-windows-js-suites\\\\node\\\\test\\\\.tmp.190\\\\build\\\\.compile_cache\\\\v25.0.0-pre-x64-13c694a9\\\\b73db4c4.l0tzs5 to C:\\\\workspace\\\\node-test-binary-windows-js-suites\\\\node\\\\test\\\\.tmp.190\\\\build\\\\.compile_cache\\\\v25.0.0-pre-x64-13c694a9\\\\b73db4c4...success\\r\\n' +\n    '[compile cache] Clear deserialized cache.\\r\\n' +\n    '...',\n  expected: /reading cache from .*build\\/\\.compile_cache.* for CommonJS .*empty\\.js/,\n  operator: 'match',\n  diff: 'simple'\n}\n- stdout did not match expectation, checker throws:\nAssertionError [ERR_ASSERTION]: The input did not match the regular expression /dir after enableCompileCache: .*build\\/\\.compile_cache/. Input:\n\n'dir before enableCompileCache: undefined\\n' +\n  \"options: { directory: 'build/.compile_cache' }\\n\" +\n  'Compile cache enabled. C:\\\\workspace\\\\node-test-binary-windows-js-suites\\\\node\\\\test\\\\.tmp.190\\\\build\\\\.compile_cache\\n' +\n  'dir after enableCompileCache: C:\\\\workspace\\\\node-test-binary-windows-js-suites\\\\node\\\\test\\\\.tmp.190\\\\build\\\\.compile_cache\\\\v25.0.0-pre-x64-13c694a9\\n'\n\n    at stdout (C:\\workspace\\node-test-binary-windows-js-suites\\node\\test\\parallel\\test-compile-cache-api-options-portable-env.js:43:14)\n    at checkOutput (C:\\workspace\\node-test-binary-windows-js-suites\\node\\test\\common\\child_process.js:52:7)\n    at expectSyncExit (C:\\workspace\\node-test-binary-windows-js-suites\\node\\test\\common\\child_process.js:115:32)\n    at spawnSyncAndAssert (C:\\workspace\\node-test-binary-windows-js-suites\\node\\test\\common\\child_process.js:141:10)\n    at Object.<anonymous> (C:\\workspace\\node-test-binary-windows-js-suites\\node\\test\\parallel\\test-compile-cache-api-options-portable-env.js:26:1)\n    at Module._compile (node:internal/modules/cjs/loader:1759:14)\n    at Object..js (node:internal/modules/cjs/loader:1892:10)\n    at Module.load (node:internal/modules/cjs/loader:1479:32)\n    at Module._load (node:internal/modules/cjs/loader:1298:12)\n    at TracingChannel.traceSync (node:diagnostics_channel:328:14) {\n  generatedMessage: true,\n  code: 'ERR_ASSERTION',\n  actual: 'dir before enableCompileCache: undefined\\n' +\n    \"options: { directory: 'build/.compile_cache' }\\n\" +\n    'Compile cache enabled. C:\\\\workspace\\\\node-test-binary-windows-js-suites\\\\node\\\\test\\\\.tmp.190\\\\build\\\\.compile_cache\\n' +\n    'dir after enableCompileCache: C:\\\\workspace\\\\node-test-binary-windows-js-suites\\\\node\\\\test\\\\.tmp.190\\\\build\\\\.compile_cache\\\\v25.0.0-pre-x64-13c694a9\\n',\n  expected: /dir after enableCompileCache: .*build\\/\\.compile_cache/,\n  operator: 'match',\n  diff: 'simple'\n}\n    at Object.<anonymous> (C:\\workspace\\node-test-binary-windows-js-suites\\node\\test\\parallel\\test-compile-cache-api-options-portable-env.js:26:1)\n    at Module._compile (node:internal/modules/cjs/loader:1759:14)\n    at Object..js (node:internal/modules/cjs/loader:1892:10)\n    at Module.load (node:internal/modules/cjs/loader:1479:32)\n    at Module._load (node:internal/modules/cjs/loader:1298:12)\n    at TracingChannel.traceSync (node:diagnostics_channel:328:14)\n    at wrapModuleLoad (node:internal/modules/cjs/loader:244:24)\n    at Module.executeUserEntryPoint [as runMain] (node:internal/modules/run_main:154:5)\n    at node:internal/main/run_main_module:33:47 {\n  options: {\n    env: {\n      ALLUSERSPROFILE: 'C:\\\\ProgramData',\n      APPDATA: 'C:\\\\Users\\\\Administrator\\\\AppData\\\\Roaming',\n      ARG: 'release',\n      BUILD_CAUSE: 'UPSTREAMTRIGGER',\n      BUILD_CAUSE_UPSTREAMTRIGGER: 'true',\n      BUILD_DISPLAY_NAME: '#36959',\n      BUILD_ID: '36959',\n      BUILD_NUMBER: '36959',\n      BUILD_TAG: 'jenkins-node-test-binary-windows-js-suites-RUN_SUBSET=0,nodes=win2019-COMPILED_BY-vs2022_clang-36959',\n      BUILD_URL: 'https://ci.nodejs.org/job/node-test-binary-windows-js-suites/RUN_SUBSET=0,nodes=win2019-COMPILED_BY-vs2022_clang/36959/',\n      CCTEST: '1',\n      CHOCOLATEYINSTALL: 'C:\\\\ProgramData\\\\chocolatey',\n      CHOCOLATEYLASTPATHUPDATE: '134015328538875486',\n      CI: 'true',\n      CI_DOC: 'doctool',\n      CI_JS_SUITES: 'default pummel',\n      CI_NATIVE_SUITES: 'addons js-native-api node-api benchmark',\n      CLANG_CL: '1',\n      COMMIT_SHA_CHECK: '39325cf',\n      COMMONPROGRAMFILES: 'C:\\\\Program Files\\\\Common Files',\n      'COMMONPROGRAMFILES(X86)': 'C:\\\\Program Files (x86)\\\\Common Files',\n      COMMONPROGRAMW6432: 'C:\\\\Program Files\\\\Common Files',\n      COMMON_TEST_SUITES: 'default addons js-native-api node-api&set build_addons=1&set build_js_native_api_tests=1&set build_node_api_tests=1',\n      COMPILED_BY: 'vs2022_clang',\n      COMPUTERNAME: 'T-WIN2019-VS201',\n      COMSPEC: 'C:\\\\windows\\\\system32\\\\cmd.exe',\n      CONFIG: 'Release',\n      CONFIGURE_FLAGS: ' --with-ltcg --dest-cpu=x64 --verbose',\n      DEBUG_HELPER: '1',\n      DIAGFILE: 'c:\\\\jenkins_diagnostics.txt',\n      DISTTYPE: 'release',\n      DISTTYPEDIR: 'release',\n      DRIVERDATA: 'C:\\\\Windows\\\\System32\\\\Drivers\\\\DriverData',\n      EXECUTOR_NUMBER: '0',\n      EXIT_CODE: '0',\n      FLAKY_TESTS: 'keep_retrying',\n      FULLVERSION: '25.0.0',\n      GITHUB_ORG: 'nodejs',\n      GIT_COMMIT: '39325cfce8677493ea84c5472c6f4affa05b7b21',\n      GIT_REF: 'refs/heads/jenkins-node-test-commit-windows-fanned-39325cfce8677493ea84c5472c6f4affa05b7b21-bin-win-vs2022_clang',\n      GIT_REMOTE_REF: 'refs/pull/59931/head',\n      GIT_REPO: 'binary_tmp@67.158.54.159:binary_tmp.git',\n      GIT_SSH_COMMAND: 'ssh -o UserKnownHostsFile=/dev/null -o StrictHostKeyChecking=no -i /c/workspace/node-test-binary-windows-js-suites@tmp/secretFiles/df55a75c-ece5-4b22-892c-4edb1d0600b5/ci-iojs-org-id_rsa-github',\n      HOMEDRIVE: 'C:',\n      HOMEPATH: '\\\\Users\\\\Administrator',\n      HUDSON_COOKIE: 'cc83e0e0-98a3-487b-91cc-5108abc98391',\n      HUDSON_HOME: '/var/lib/jenkins',\n      HUDSON_SERVER_COOKIE: '77c5c04cfa349d13',\n      HUDSON_URL: 'https://ci.nodejs.org/',\n      IGNORE_FLAKY_TESTS: 'true',\n      JENKINS_HOME: '/var/lib/jenkins',\n      JENKINS_SERVER_COOKIE: '77c5c04cfa349d13',\n      JENKINS_TMP_KEY: 'C:\\\\workspace\\\\node-test-binary-windows-js-suites@tmp\\\\secretFiles\\\\df55a75c-ece5-4b22-892c-4edb1d0600b5\\\\ci-iojs-org-id_rsa-github',\n      JENKINS_URL: 'https://ci.nodejs.org/',\n      JOB_BASE_NAME: 'RUN_SUBSET=0,nodes=win2019-COMPILED_BY-vs2022_clang',\n      JOB_DISPLAY_URL: 'https://ci.nodejs.org/job/node-test-binary-windows-js-suites/RUN_SUBSET=0,nodes=win2019-COMPILED_BY-vs2022_clang/display/redirect',\n      JOB_NAME: 'node-test-binary-windows-js-suites/RUN_SUBSET=0,nodes=win2019-COMPILED_BY-vs2022_clang',\n      JOB_URL: 'https://ci.nodejs.org/job/node-test-binary-windows-js-suites/RUN_SUBSET=0,nodes=win2019-COMPILED_BY-vs2022_clang/',\n      JS_SUITES: 'default',\n      LOCALAPPDATA: 'C:\\\\Users\\\\Administrator\\\\AppData\\\\Local',\n      LOGONSERVER: '\\\\\\\\T-WIN2019-VS201',\n      LTCG: '1',\n      NATIVE_SUITES: 'addons js-native-api node-api',\n      NOBUILD: '1',\n      NODEJS_MAJOR_VERSION: '25',\n      NODEJS_VERSION: '25.0.0',\n      NODES: 'win2019-COMPILED_BY-vs2022_clang',\n      NODE_EXE: 'Release\\\\node.exe',\n      NODE_GYP_EXE: '\"Release\\\\node.exe\" deps\\\\npm\\\\node_modules\\\\node-gyp\\\\bin\\\\node-gyp',\n      NODE_LABELS: 'win2019-vs2019-COMPILED_BY-vs2019 win2019-vs2019-COMPILED_BY-vs2022_clang win-vs2019-arm64 win-vs2019 win2019-COMPILED_BY-vs2019 win2019 win2019-vs2019 win2019-vs2019-COMPILED_BY-vs2022 win2019-COMPILED_BY-vs2022_clang win2019-COMPILED_BY-vs2022 test-rackspace-win2019_vs2019-x64-1 win-vs2019-x86',\n      NODE_MAJOR_VERSION: '25',\n      NODE_NAME: 'test-rackspace-win2019_vs2019-x64-1',\n      NODE_VERSION: '25.0.0',\n      NOPROJGEN: '1',\n      NO_CCTEST: '1',\n      NPM_EXE: '\"C:\\\\workspace\\\\node-test-binary-windows-js-suites\\\\node\\\\Release\\\\node.exe\" C:\\\\workspace\\\\node-test-binary-windows-js-suites\\\\node\\\\deps\\\\npm\\\\bin\\\\npm-cli.js',\n      NUMBER_OF_PROCESSORS: '8',\n      ORIGINALARCHITECTURE: 'AMD64',\n      ORIGINALUSERNAME: 'fgnyxyneshmt',\n      OS: 'Windows_NT',\n      PATH: 'C:\\\\Program Files\\\\Eclipse Adoptium\\\\jdk-17.0.14.7-hotspot\\\\bin;C:\\\\Python310\\\\Scripts\\\\;C:\\\\Python310\\\\;C:\\\\windows\\\\system32;C:\\\\windows;C:\\\\windows\\\\System32\\\\Wbem;C:\\\\windows\\\\System32\\\\WindowsPowerShell\\\\v1.0\\\\;C:\\\\windows\\\\System32\\\\OpenSSH\\\\;C:\\\\ProgramData\\\\chocolatey\\\\bin;C:\\\\Program Files\\\\dotnet\\\\;C:\\\\Program Files\\\\Git\\\\cmd;C:\\\\Program Files\\\\Git\\\\usr\\\\bin;C:\\\\Program Files\\\\CMake\\\\bin;C:\\\\Users\\\\Administrator\\\\AppData\\\\Local\\\\Microsoft\\\\WindowsApps;C:\\\\Users\\\\Administrator\\\\.dotnet\\\\tools;C:\\\\Program Files\\\\NASM',\n      PATHEXT: '.COM;.EXE;.BAT;.CMD;.VBS;.VBE;.JS;.JSE;.WSF;.WSH;.MSC;.PY;.PYW',\n      PATH_HKCU: 'C:\\\\Users\\\\Administrator\\\\AppData\\\\Local\\\\Microsoft\\\\WindowsApps;C:\\\\Users\\\\Administrator\\\\.dotnet\\\\tools',\n      PATH_HKLM: 'C:\\\\Program Files\\\\Eclipse Adoptium\\\\jdk-17.0.14.7-hotspot\\\\bin;C:\\\\Python310\\\\Scripts\\\\;C:\\\\Python310\\\\;C:\\\\windows\\\\system32;C:\\\\windows;C:\\\\windows\\\\System32\\\\Wbem;C:\\\\windows\\\\System32\\\\WindowsPowerShell\\\\v1.0\\\\;C:\\\\windows\\\\System32\\\\OpenSSH\\\\;C:\\\\ProgramData\\\\chocolatey\\\\bin;C:\\\\Program Files\\\\dotnet\\\\;C:\\\\Program Files\\\\Git\\\\cmd;C:\\\\Program Files\\\\Git\\\\usr\\\\bin;C:\\\\Program Files\\\\CMake\\\\bin',\n      PROCESSOR_ARCHITECTURE: 'AMD64',\n      PROCESSOR_IDENTIFIER: 'Intel64 Family 6 Model 45 Stepping 7, GenuineIntel',\n      PROCESSOR_LEVEL: '6',\n      PROCESSOR_REVISION: '2d07',\n      PROGRAMDATA: 'C:\\\\ProgramData',\n      PROGRAMFILES: 'C:\\\\Program Files',\n      'PROGRAMFILES(X86)': 'C:\\\\Program Files (x86)',\n      PROGRAMW6432: 'C:\\\\Program Files',\n      PROMPT: '> ',\n      PR_LINK: 'Testing <a href=https://github.com/nodejs/node/pull/59931>59931</a>',\n      PSMODULEPATH: 'C:\\\\Program Files\\\\WindowsPowerShell\\\\Modules;C:\\\\windows\\\\system32\\\\WindowsPowerShell\\\\v1.0\\\\Modules',\n      PUBLIC: 'C:\\\\Users\\\\Public',\n      REBASE_ONTO: 'd2ff9daf589af059cacd58972640c8dbc6c7ba88',\n      REPO_NAME: 'node',\n      ROOT_BUILD_CAUSE: 'MANUALTRIGGER',\n      ROOT_BUILD_CAUSE_MANUALTRIGGER: 'true',\n      RUN_ARTIFACTS_DISPLAY_URL: 'https://ci.nodejs.org/job/node-test-binary-windows-js-suites/RUN_SUBSET=0,nodes=win2019-COMPILED_BY-vs2022_clang/36959/display/redirect?page=artifacts',\n      RUN_CHANGES_DISPLAY_URL: 'https://ci.nodejs.org/job/node-test-binary-windows-js-suites/RUN_SUBSET=0,nodes=win2019-COMPILED_BY-vs2022_clang/36959/display/redirect?page=changes',\n      RUN_DISPLAY_URL: 'https://ci.nodejs.org/job/node-test-binary-windows-js-suites/RUN_SUBSET=0,nodes=win2019-COMPILED_BY-vs2022_clang/36959/display/redirect',\n      RUN_SUBSET: '0',\n      RUN_TESTS_DISPLAY_URL: 'https://ci.nodejs.org/job/node-test-binary-windows-js-suites/RUN_SUBSET=0,nodes=win2019-COMPILED_BY-vs2022_clang/36959/display/redirect?page=tests',\n      SCRIPTS_BRANCH: 'main',\n      SCRIPTS_REPO: 'nodejs/build',\n      SESSIONNAME: 'Console',\n      SYSTEMDRIVE: 'C:',\n      SYSTEMROOT: 'C:\\\\windows',\n      TARGET: 'Build',\n      TARGET_ARCH: 'x64',\n      TARGET_NAME: 'node-v25.0.0-win-x64',\n      TEMP: 'C:\\\\Users\\\\Administrator\\\\AppData\\\\Local\\\\Temp',\n      TEMP_BRANCH: 'jenkins-node-test-commit-windows-fanned-39325cfce8677493ea84c5472c6f4affa05b7b21',\n      TEMP_PUSH_BRANCH: 'jenkins-node-test-commit-windows-fanned-39325cfce8677493ea84c5472c6f4affa05b7b21',\n      TEMP_REPO: 'binary_tmp@67.158.54.159:binary_tmp.git',\n      TEMP_REPO_SERVER: '67.158.54.159',\n      TEST_ARGS: '--mode=release  --flaky-tests=dontcare --run=0,4 --measure-flakiness 9 -p tap --logfile test.tap default pummel',\n      TEST_CI_ARGS: '--run=0,4 --measure-flakiness 9',\n      TMP: 'C:\\\\Users\\\\Administrator\\\\AppData\\\\Local\\\\Temp',\n      TS: 'Tue 09/23/2025 18:28:09.45',\n      USERDOMAIN: 'T-WIN2019-VS201',\n      USERDOMAIN_ROAMINGPROFILE: 'T-WIN2019-VS201',\n      USERNAME: 'fgnyxyneshmt',\n      USERPROFILE: 'C:\\\\Users\\\\Administrator',\n      VCBUILD_TARGET: 'test-ci-js',\n      WINDIR: 'C:\\\\windows',\n      WIX: 'C:\\\\Program Files (x86)\\\\WiX Toolset v3.14\\\\',\n      WORKSPACE: 'C:\\\\workspace\\\\node-test-binary-windows-js-suites',\n      WORKSPACE_TMP: 'C:\\\\workspace\\\\node-test-binary-windows-js-suites@tmp',\n      TEST_SERIAL_ID: '190',\n      TEST_THREAD_ID: '1',\n      TEST_PARALLEL: '1',\n      GITHUB_STEP_SUMMARY: '',\n      NODE_SKIP_FLAG_CHECK: 'true',\n      NODE_DEBUG_NATIVE: 'COMPILE_CACHE',\n      NODE_COMPILE_CACHE_PORTABLE: '1',\n      NODE_TEST_COMPILE_CACHE_OPTIONS: '{\"directory\":\"build/.compile_cache\"}'\n    },\n    cwd: 'C:\\\\workspace\\\\node-test-binary-windows-js-suites\\\\node\\\\test\\\\.tmp.190'\n  },\n  command: 'C:\\\\workspace\\\\node-test-binary-windows-js-suites\\\\node\\\\Release\\\\node.exe -r C:\\\\workspace\\\\node-test-binary-windows-js-suites\\\\node\\\\test\\\\fixtures\\\\compile-cache-wrapper-options.js C:\\\\workspace\\\\node-test-binary-windows-js-suites\\\\node\\\\test\\\\.tmp.190\\\\build\\\\empty.js'\n}\n\nNode.js v25.0.0-pre"},"time":822.029,"fullname":"parallel/test-compile-cache-api-options-portable-env","closingTestPoint":false}},{"testName":"parallel/test-compile-cache-api-options-portable-env","timestamp":1758651972057,"status":"FAILED","jobName":"node-test-binary-windows-js-suites","config":"node-test-binary-windows-js-suites » 0,win2022-COMPILED_BY-vs2022_clang #36959","buildUrl":"https://ci.nodejs.org/job/node-test-binary-windows-js-suites/RUN_SUBSET=0,nodes=win2022-COMPILED_BY-vs2022_clang/36959/","buildNumber":36959,"builtOn":"test-rackspace-win2022_vs2022-x64-4","nodeVersion":"25.0.0","commitHash":"39325cfce8677493ea84c5472c6f4affa05b7b21","callStack":[{"upstreamBuild":73252,"upstreamProject":"node-test-commit-windows-fanned","upstreamUrl":"job/node-test-commit-windows-fanned/"},{"upstreamBuild":82884,"upstreamProject":"node-test-commit","upstreamUrl":"job/node-test-commit/"},{"upstreamBuild":69339,"upstreamProject":"node-test-pull-request","upstreamUrl":"job/node-test-pull-request/"},{"prId":"59931"}],"tap":{"ok":false,"name":"parallel/test-compile-cache-api-options-portable-env","id":189,"buffered":false,"tapError":null,"skip":false,"todo":false,"previous":null,"plan":null,"diag":{"severity":"fail","exitcode":1,"stack":"[compile cache] resolved path build/.compile_cache + v25.0.0-pre-x64-13c694a9 -> C:\\workspace\\node-test-binary-windows-js-suites\\node\\test\\.tmp.190\\build\\.compile_cache\\v25.0.0-pre-x64-13c694a9\n[compile cache] creating cache directory C:\\workspace\\node-test-binary-windows-js-suites\\node\\test\\.tmp.190\\build\\.compile_cache\\v25.0.0-pre-x64-13c694a9...success\n[compile cache] using relative path ..\\..\\empty.js from C:\\workspace\\node-test-binary-windows-js-suites\\node\\test\\.tmp.190\\build\\.compile_cache\\v25.0.0-pre-x64-13c694a9\n[compile cache] reading cache from C:\\workspace\\node-test-binary-windows-js-suites\\node\\test\\.tmp.190\\build\\.compile_cache\\v25.0.0-pre-x64-13c694a9\\b73db4c4 for CommonJS C:\\workspace\\node-test-binary-windows-js-suites\\node\\test\\.tmp.190\\build\\empty.js... no such file or directory\n[compile cache] V8 code cache for CommonJS C:\\workspace\\node-test-binary-windows-js-suites\\node\\test\\.tmp.190\\build\\empty.js was not initialized, initializing the in-memory entry\n[compile cache] Creating temporary file for cache of C:\\workspace\\node-test-binary-windows-js-suites\\node\\test\\.tmp.190\\build\\empty.js (CommonJS)... -> C:\\workspace\\node-test-binary-windows-js-suites\\node\\test\\.tmp.190\\build\\.compile_cache\\v25.0.0-pre-x64-13c694a9\\b73db4c4.QiYNYx\n[compile cache] writing cache for CommonJS C:\\workspace\\node-test-binary-windows-js-suites\\node\\test\\.tmp.190\\build\\empty.js to temporary file C:\\workspace\\node-test-binary-windows-js-suites\\node\\test\\.tmp.190\\build\\.compile_cache\\v25.0.0-pre-x64-13c694a9\\b73db4c4.QiYNYx [2329926578 0 712 0 2876990526]...success\n[compile cache] Renaming C:\\workspace\\node-test-binary-windows-js-suites\\node\\test\\.tmp.190\\build\\.compile_cache\\v25.0.0-pre-x64-13c694a9\\b73db4c4.QiYNYx to C:\\workspace\\node-test-binary-windows-js-suites\\node\\test\\.tmp.190\\build\\.compile_cache\\v25.0.0-pre-x64-13c694a9\\b73db4c4...success\n[compile cache] Clear deserialized cache.\n\ndir before enableCompileCache: undefined\noptions: { directory: 'build/.compile_cache' }\nCompile cache enabled. C:\\workspace\\node-test-binary-windows-js-suites\\node\\test\\.tmp.190\\build\\.compile_cache\ndir after enableCompileCache: C:\\workspace\\node-test-binary-windows-js-suites\\node\\test\\.tmp.190\\build\\.compile_cache\\v25.0.0-pre-x64-13c694a9\n\n[process 5104]: --- stderr ---\n[compile cache] resolved path build/.compile_cache + v25.0.0-pre-x64-13c694a9 -> C:\\workspace\\node-test-binary-windows-js-suites\\node\\test\\.tmp.190\\build\\.compile_cache\\v25.0.0-pre-x64-13c694a9\n[compile cache] creating cache directory C:\\workspace\\node-test-binary-windows-js-suites\\node\\test\\.tmp.190\\build\\.compile_cache\\v25.0.0-pre-x64-13c694a9...success\n[compile cache] using relative path ..\\..\\empty.js from C:\\workspace\\node-test-binary-windows-js-suites\\node\\test\\.tmp.190\\build\\.compile_cache\\v25.0.0-pre-x64-13c694a9\n[compile cache] reading cache from C:\\workspace\\node-test-binary-windows-js-suites\\node\\test\\.tmp.190\\build\\.compile_cache\\v25.0.0-pre-x64-13c694a9\\b73db4c4 for CommonJS C:\\workspace\\node-test-binary-windows-js-suites\\node\\test\\.tmp.190\\build\\empty.js... no such file or directory\n[compile cache] V8 code cache for CommonJS C:\\workspace\\node-test-binary-windows-js-suites\\node\\test\\.tmp.190\\build\\empty.js was not initialized, initializing the in-memory entry\n[compile cache] Creating temporary file for cache of C:\\workspace\\node-test-binary-windows-js-suites\\node\\test\\.tmp.190\\build\\empty.js (CommonJS)... -> C:\\workspace\\node-test-binary-windows-js-suites\\node\\test\\.tmp.190\\build\\.compile_cache\\v25.0.0-pre-x64-13c694a9\\b73db4c4.QiYNYx\n[compile cache] writing cache for CommonJS C:\\workspace\\node-test-binary-windows-js-suites\\node\\test\\.tmp.190\\build\\empty.js to temporary file C:\\workspace\\node-test-binary-windows-js-suites\\node\\test\\.tmp.190\\build\\.compile_cache\\v25.0.0-pre-x64-13c694a9\\b73db4c4.QiYNYx [2329926578 0 712 0 2876990526]...success\n[compile cache] Renaming C:\\workspace\\node-test-binary-windows-js-suites\\node\\test\\.tmp.190\\build\\.compile_cache\\v25.0.0-pre-x64-13c694a9\\b73db4c4.QiYNYx to C:\\workspace\\node-test-binary-windows-js-suites\\node\\test\\.tmp.190\\build\\.compile_cache\\v25.0.0-pre-x64-13c694a9\\b73db4c4...success\n[compile cache] Clear deserialized cache.\n\n[process 5104]: --- stdout ---\ndir before enableCompileCache: undefined\noptions: { directory: 'build/.compile_cache' }\nCompile cache enabled. C:\\workspace\\node-test-binary-windows-js-suites\\node\\test\\.tmp.190\\build\\.compile_cache\ndir after enableCompileCache: C:\\workspace\\node-test-binary-windows-js-suites\\node\\test\\.tmp.190\\build\\.compile_cache\\v25.0.0-pre-x64-13c694a9\n\n[process 5104]: status = 0, signal = null\nC:\\workspace\\node-test-binary-windows-js-suites\\node\\test\\common\\child_process.js:98\n    throw error;\n    ^\n\nError: - stderr did not match expectation, checker throws:\nAssertionError [ERR_ASSERTION]: The input did not match the regular expression /reading cache from .*build\\/\\.compile_cache.* for CommonJS .*empty\\.js/. Input:\n\n'[compile cache] resolved path build/.compile_cache + v25.0.0-pre-x64-13c694a9 -> C:\\\\workspace\\\\node-test-binary-windows-js-suites\\\\node\\\\test\\\\.tmp.190\\\\build\\\\.compile_cache\\\\v25.0.0-pre-x64-13c694a9\\r\\n' +\n  '[compile cache] creating cache directory C:\\\\workspace\\\\node-test-binary-windows-js-suites\\\\node\\\\test\\\\.tmp.190\\\\build\\\\.compile_cache\\\\v25.0.0-pre-x64-13c694a9...success\\r\\n' +\n  '[compile cache] using relative path ..\\\\..\\\\empty.js from C:\\\\workspace\\\\node-test-binary-windows-js-suites\\\\node\\\\test\\\\.tmp.190\\\\build\\\\.compile_cache\\\\v25.0.0-pre-x64-13c694a9\\r\\n' +\n  '[compile cache] reading cache from C:\\\\workspace\\\\node-test-binary-windows-js-suites\\\\node\\\\test\\\\.tmp.190\\\\build\\\\.compile_cache\\\\v25.0.0-pre-x64-13c694a9\\\\b73db4c4 for CommonJS C:\\\\workspace\\\\node-test-binary-windows-js-suites\\\\node\\\\test\\\\.tmp.190\\\\build\\\\empty.js... no such file or directory\\r\\n' +\n  '[compile cache] V8 code cache for CommonJS C:\\\\workspace\\\\node-test-binary-windows-js-suites\\\\node\\\\test\\\\.tmp.190\\\\build\\\\empty.js was not initialized, initializing the in-memory entry\\r\\n' +\n  '[compile cache] Creating temporary file for cache of C:\\\\workspace\\\\node-test-binary-windows-js-suites\\\\node\\\\test\\\\.tmp.190\\\\build\\\\empty.js (CommonJS)... -> C:\\\\workspace\\\\node-test-binary-windows-js-suites\\\\node\\\\test\\\\.tmp.190\\\\build\\\\.compile_cache\\\\v25.0.0-pre-x64-13c694a9\\\\b73db4c4.QiYNYx\\r\\n' +\n  '[compile cache] writing cache for CommonJS C:\\\\workspace\\\\node-test-binary-windows-js-suites\\\\node\\\\test\\\\.tmp.190\\\\build\\\\empty.js to temporary file C:\\\\workspace\\\\node-test-binary-windows-js-suites\\\\node\\\\test\\\\.tmp.190\\\\build\\\\.compile_cache\\\\v25.0.0-pre-x64-13c694a9\\\\b73db4c4.QiYNYx [2329926578 0 712 0 2876990526]...success\\r\\n' +\n  '[compile cache] Renaming C:\\\\workspace\\\\node-test-binary-windows-js-suites\\\\node\\\\test\\\\.tmp.190\\\\build\\\\.compile_cache\\\\v25.0.0-pre-x64-13c694a9\\\\b73db4c4.QiYNYx to C:\\\\workspace\\\\node-test-binary-windows-js-suites\\\\node\\\\test\\\\.tmp.190\\\\build\\\\.compile_cache\\\\v25.0.0-pre-x64-13c694a9\\\\b73db4c4...success\\r\\n' +\n  '[compile cache] Clear deserialized cache.\\r\\n'\n\n    at stderr (C:\\workspace\\node-test-binary-windows-js-suites\\node\\test\\parallel\\test-compile-cache-api-options-portable-env.js:48:14)\n    at checkOutput (C:\\workspace\\node-test-binary-windows-js-suites\\node\\test\\common\\child_process.js:52:7)\n    at expectSyncExit (C:\\workspace\\node-test-binary-windows-js-suites\\node\\test\\common\\child_process.js:108:32)\n    at spawnSyncAndAssert (C:\\workspace\\node-test-binary-windows-js-suites\\node\\test\\common\\child_process.js:141:10)\n    at Object.<anonymous> (C:\\workspace\\node-test-binary-windows-js-suites\\node\\test\\parallel\\test-compile-cache-api-options-portable-env.js:26:1)\n    at Module._compile (node:internal/modules/cjs/loader:1759:14)\n    at Object..js (node:internal/modules/cjs/loader:1892:10)\n    at Module.load (node:internal/modules/cjs/loader:1479:32)\n    at Module._load (node:internal/modules/cjs/loader:1298:12)\n    at TracingChannel.traceSync (node:diagnostics_channel:328:14) {\n  generatedMessage: true,\n  code: 'ERR_ASSERTION',\n  actual: 'pre-x64-13c694a9\\r\\n' +\n    '[compile cache] reading cache from C:\\\\workspace\\\\node-test-binary-windows-js-suites\\\\node\\\\test\\\\.tmp.190\\\\build\\\\.compile_cache\\\\v25.0.0-pre-x64-13c694a9\\\\b73db4c4 for CommonJS C:\\\\workspace\\\\node-test-binary-windows-js-suites\\\\node\\\\test\\\\.tmp.190\\\\build\\\\empty.js... no such file or directory\\r\\n' +\n    '[compile cache] V8 code cache for CommonJS C:\\\\workspace\\\\node-test-binary-windows-js-suites\\\\node\\\\test\\\\.tmp.190\\\\build\\\\empty.js was not initialized, initializing the in-memory entry\\r\\n' +\n    '[compile cache] Creating temporary file for cache of C:\\\\workspace\\\\node-test-binary-windows-js-suites\\\\node\\\\test\\\\.tmp.190\\\\build\\\\empty.js (CommonJS)... -> C:\\\\workspace\\\\node-test-binary-windows-js-suites\\\\node\\\\test\\\\.tmp.190\\\\build\\\\.compile_cache\\\\v25.0.0-pre-x64-13c694a9\\\\b73db4c4.QiYNYx\\r\\n' +\n    '[compile cache] writing cache for CommonJS C:\\\\workspace\\\\node-test-binary-windows-js-suites\\\\node\\\\test\\\\.tmp.190\\\\build\\\\empty.js to temporary file C:\\\\workspace\\\\node-test-binary-windows-js-suites\\\\node\\\\test\\\\.tmp.190\\\\build\\\\.compile_cache\\\\v25.0.0-pre-x64-13c694a9\\\\b73db4c4.QiYNYx [2329926578 0 712 0 2876990526]...success\\r\\n' +\n    '[compile cache] Renaming C:\\\\workspace\\\\node-test-binary-windows-js-suites\\\\node\\\\test\\\\.tmp.190\\\\build\\\\.compile_cache\\\\v25.0.0-pre-x64-13c694a9\\\\b73db4c4.QiYNYx to C:\\\\workspace\\\\node-test-binary-windows-js-suites\\\\node\\\\test\\\\.tmp.190\\\\build\\\\.compile_cache\\\\v25.0.0-pre-x64-13c694a9\\\\b73db4c4...success\\r\\n' +\n    '[compile cache] Clear deserialized cache.\\r\\n' +\n    '...',\n  expected: /reading cache from .*build\\/\\.compile_cache.* for CommonJS .*empty\\.js/,\n  operator: 'match',\n  diff: 'simple'\n}\n- stdout did not match expectation, checker throws:\nAssertionError [ERR_ASSERTION]: The input did not match the regular expression /dir after enableCompileCache: .*build\\/\\.compile_cache/. Input:\n\n'dir before enableCompileCache: undefined\\n' +\n  \"options: { directory: 'build/.compile_cache' }\\n\" +\n  'Compile cache enabled. C:\\\\workspace\\\\node-test-binary-windows-js-suites\\\\node\\\\test\\\\.tmp.190\\\\build\\\\.compile_cache\\n' +\n  'dir after enableCompileCache: C:\\\\workspace\\\\node-test-binary-windows-js-suites\\\\node\\\\test\\\\.tmp.190\\\\build\\\\.compile_cache\\\\v25.0.0-pre-x64-13c694a9\\n'\n\n    at stdout (C:\\workspace\\node-test-binary-windows-js-suites\\node\\test\\parallel\\test-compile-cache-api-options-portable-env.js:43:14)\n    at checkOutput (C:\\workspace\\node-test-binary-windows-js-suites\\node\\test\\common\\child_process.js:52:7)\n    at expectSyncExit (C:\\workspace\\node-test-binary-windows-js-suites\\node\\test\\common\\child_process.js:115:32)\n    at spawnSyncAndAssert (C:\\workspace\\node-test-binary-windows-js-suites\\node\\test\\common\\child_process.js:141:10)\n    at Object.<anonymous> (C:\\workspace\\node-test-binary-windows-js-suites\\node\\test\\parallel\\test-compile-cache-api-options-portable-env.js:26:1)\n    at Module._compile (node:internal/modules/cjs/loader:1759:14)\n    at Object..js (node:internal/modules/cjs/loader:1892:10)\n    at Module.load (node:internal/modules/cjs/loader:1479:32)\n    at Module._load (node:internal/modules/cjs/loader:1298:12)\n    at TracingChannel.traceSync (node:diagnostics_channel:328:14) {\n  generatedMessage: true,\n  code: 'ERR_ASSERTION',\n  actual: 'dir before enableCompileCache: undefined\\n' +\n    \"options: { directory: 'build/.compile_cache' }\\n\" +\n    'Compile cache enabled. C:\\\\workspace\\\\node-test-binary-windows-js-suites\\\\node\\\\test\\\\.tmp.190\\\\build\\\\.compile_cache\\n' +\n    'dir after enableCompileCache: C:\\\\workspace\\\\node-test-binary-windows-js-suites\\\\node\\\\test\\\\.tmp.190\\\\build\\\\.compile_cache\\\\v25.0.0-pre-x64-13c694a9\\n',\n  expected: /dir after enableCompileCache: .*build\\/\\.compile_cache/,\n  operator: 'match',\n  diff: 'simple'\n}\n    at Object.<anonymous> (C:\\workspace\\node-test-binary-windows-js-suites\\node\\test\\parallel\\test-compile-cache-api-options-portable-env.js:26:1)\n    at Module._compile (node:internal/modules/cjs/loader:1759:14)\n    at Object..js (node:internal/modules/cjs/loader:1892:10)\n    at Module.load (node:internal/modules/cjs/loader:1479:32)\n    at Module._load (node:internal/modules/cjs/loader:1298:12)\n    at TracingChannel.traceSync (node:diagnostics_channel:328:14)\n    at wrapModuleLoad (node:internal/modules/cjs/loader:244:24)\n    at Module.executeUserEntryPoint [as runMain] (node:internal/modules/run_main:154:5)\n    at node:internal/main/run_main_module:33:47 {\n  options: {\n    env: {\n      ALLUSERSPROFILE: 'C:\\\\ProgramData',\n      APPDATA: 'C:\\\\Users\\\\Administrator\\\\AppData\\\\Roaming',\n      ARG: 'release',\n      BUILD_CAUSE: 'UPSTREAMTRIGGER',\n      BUILD_CAUSE_UPSTREAMTRIGGER: 'true',\n      BUILD_DISPLAY_NAME: '#36959',\n      BUILD_ID: '36959',\n      BUILD_NUMBER: '36959',\n      BUILD_TAG: 'jenkins-node-test-binary-windows-js-suites-RUN_SUBSET=0,nodes=win2022-COMPILED_BY-vs2022_clang-36959',\n      BUILD_URL: 'https://ci.nodejs.org/job/node-test-binary-windows-js-suites/RUN_SUBSET=0,nodes=win2022-COMPILED_BY-vs2022_clang/36959/',\n      CCACHE_DIR: 'C:\\\\ccache\\\\cache',\n      CCTEST: '1',\n      CHOCOLATEYINSTALL: 'C:\\\\ProgramData\\\\chocolatey',\n      CHOCOLATEYLASTPATHUPDATE: '134015328462328563',\n      CI: 'true',\n      CI_DOC: 'doctool',\n      CI_JS_SUITES: 'default pummel',\n      CI_NATIVE_SUITES: 'addons js-native-api node-api benchmark',\n      CLANG_CL: '1',\n      COMMIT_SHA_CHECK: '39325cf',\n      COMMONPROGRAMFILES: 'C:\\\\Program Files\\\\Common Files',\n      'COMMONPROGRAMFILES(X86)': 'C:\\\\Program Files (x86)\\\\Common Files',\n      COMMONPROGRAMW6432: 'C:\\\\Program Files\\\\Common Files',\n      COMMON_TEST_SUITES: 'default addons js-native-api node-api&set build_addons=1&set build_js_native_api_tests=1&set build_node_api_tests=1',\n      COMPILED_BY: 'vs2022_clang',\n      COMPUTERNAME: 'T-WIN2022-VS202',\n      COMSPEC: 'C:\\\\windows\\\\system32\\\\cmd.exe',\n      CONFIG: 'Release',\n      CONFIGURE_FLAGS: ' --with-ltcg --dest-cpu=x64 --verbose',\n      DEBUG_HELPER: '1',\n      DIAGFILE: 'c:\\\\jenkins_diagnostics.txt',\n      DISTTYPE: 'release',\n      DISTTYPEDIR: 'release',\n      DRIVERDATA: 'C:\\\\Windows\\\\System32\\\\Drivers\\\\DriverData',\n      EXECUTOR_NUMBER: '0',\n      EXIT_CODE: '0',\n      FLAKY_TESTS: 'keep_retrying',\n      FULLVERSION: '25.0.0',\n      GITHUB_ORG: 'nodejs',\n      GIT_COMMIT: '39325cfce8677493ea84c5472c6f4affa05b7b21',\n      GIT_REF: 'refs/heads/jenkins-node-test-commit-windows-fanned-39325cfce8677493ea84c5472c6f4affa05b7b21-bin-win-vs2022_clang',\n      GIT_REMOTE_REF: 'refs/pull/59931/head',\n      GIT_REPO: 'binary_tmp@67.158.54.159:binary_tmp.git',\n      GIT_SSH_COMMAND: 'ssh -o UserKnownHostsFile=/dev/null -o StrictHostKeyChecking=no -i /c/workspace/node-test-binary-windows-js-suites@tmp/secretFiles/e754fa73-23a8-4d92-88ae-52b6825a576d/ci-iojs-org-id_rsa-github',\n      HOMEDRIVE: 'C:',\n      HOMEPATH: '\\\\Users\\\\Administrator',\n      HUDSON_COOKIE: '1ffd0fa7-cf1f-4472-bb11-9a764b2c5c54',\n      HUDSON_HOME: '/var/lib/jenkins',\n      HUDSON_SERVER_COOKIE: '77c5c04cfa349d13',\n      HUDSON_URL: 'https://ci.nodejs.org/',\n      IGNORE_FLAKY_TESTS: 'true',\n      JENKINS_HOME: '/var/lib/jenkins',\n      JENKINS_SERVER_COOKIE: '77c5c04cfa349d13',\n      JENKINS_TMP_KEY: 'C:\\\\workspace\\\\node-test-binary-windows-js-suites@tmp\\\\secretFiles\\\\e754fa73-23a8-4d92-88ae-52b6825a576d\\\\ci-iojs-org-id_rsa-github',\n      JENKINS_URL: 'https://ci.nodejs.org/',\n      JOB_BASE_NAME: 'RUN_SUBSET=0,nodes=win2022-COMPILED_BY-vs2022_clang',\n      JOB_DISPLAY_URL: 'https://ci.nodejs.org/job/node-test-binary-windows-js-suites/RUN_SUBSET=0,nodes=win2022-COMPILED_BY-vs2022_clang/display/redirect',\n      JOB_NAME: 'node-test-binary-windows-js-suites/RUN_SUBSET=0,nodes=win2022-COMPILED_BY-vs2022_clang',\n      JOB_URL: 'https://ci.nodejs.org/job/node-test-binary-windows-js-suites/RUN_SUBSET=0,nodes=win2022-COMPILED_BY-vs2022_clang/',\n      JS_SUITES: 'default',\n      LOCALAPPDATA: 'C:\\\\Users\\\\Administrator\\\\AppData\\\\Local',\n      LOGONSERVER: '\\\\\\\\T-WIN2022-VS202',\n      LTCG: '1',\n      NATIVE_SUITES: 'addons js-native-api node-api',\n      NOBUILD: '1',\n      NODEJS_MAJOR_VERSION: '25',\n      NODEJS_VERSION: '25.0.0',\n      NODES: 'win2022-COMPILED_BY-vs2022_clang',\n      NODE_EXE: 'Release\\\\node.exe',\n      NODE_GYP_EXE: '\"Release\\\\node.exe\" deps\\\\npm\\\\node_modules\\\\node-gyp\\\\bin\\\\node-gyp',\n      NODE_LABELS: 'win2022-COMPILED_BY-vs2022_clang win2022-vs2022_clang win2022-COMPILED_BY-vs2022 win-vs2022-arm64 win2022 win2022-COMPILED_BY-vs2019 win-vs2022-x86 win-vs2022_clang-arm64 win2022-vs2022-COMPILED_BY-vs2022 test-rackspace-win2022_vs2022-x64-4 win-vs2022 win2022-vs2022 win2022-vs2022-COMPILED_BY-vs2019 win2022-vs2022-COMPILED_BY-vs2022_clang win-vs2022_clang',\n      NODE_MAJOR_VERSION: '25',\n      NODE_NAME: 'test-rackspace-win2022_vs2022-x64-4',\n      NODE_VERSION: '25.0.0',\n      NOPROJGEN: '1',\n      NO_CCTEST: '1',\n      NPM_EXE: '\"C:\\\\workspace\\\\node-test-binary-windows-js-suites\\\\node\\\\Release\\\\node.exe\" C:\\\\workspace\\\\node-test-binary-windows-js-suites\\\\node\\\\deps\\\\npm\\\\bin\\\\npm-cli.js',\n      NUMBER_OF_PROCESSORS: '8',\n      ORIGINALARCHITECTURE: 'AMD64',\n      ORIGINALUSERNAME: 'uqejdhjuvkao',\n      OS: 'Windows_NT',\n      PATH: 'C:\\\\Program Files\\\\Eclipse Adoptium\\\\jdk-17.0.14.7-hotspot\\\\bin;C:\\\\Python310\\\\Scripts\\\\;C:\\\\Python310\\\\;C:\\\\windows\\\\system32;C:\\\\windows;C:\\\\windows\\\\System32\\\\Wbem;C:\\\\windows\\\\System32\\\\WindowsPowerShell\\\\v1.0\\\\;C:\\\\windows\\\\System32\\\\OpenSSH\\\\;C:\\\\ProgramData\\\\chocolatey\\\\bin;C:\\\\Program Files\\\\Git\\\\cmd;C:\\\\Program Files\\\\Git\\\\usr\\\\bin;C:\\\\Program Files\\\\dotnet\\\\;C:\\\\Program Files\\\\CMake\\\\bin;C:\\\\Users\\\\Administrator\\\\AppData\\\\Local\\\\Microsoft\\\\WindowsApps;C:\\\\Users\\\\Administrator\\\\.dotnet\\\\tools;C:\\\\Program Files\\\\NASM',\n      PATHEXT: '.COM;.EXE;.BAT;.CMD;.VBS;.VBE;.JS;.JSE;.WSF;.WSH;.MSC;.PY;.PYW',\n      PATH_HKCU: 'C:\\\\Users\\\\Administrator\\\\AppData\\\\Local\\\\Microsoft\\\\WindowsApps;C:\\\\Users\\\\Administrator\\\\.dotnet\\\\tools',\n      PATH_HKLM: 'C:\\\\Program Files\\\\Eclipse Adoptium\\\\jdk-17.0.14.7-hotspot\\\\bin;C:\\\\Python310\\\\Scripts\\\\;C:\\\\Python310\\\\;C:\\\\windows\\\\system32;C:\\\\windows;C:\\\\windows\\\\System32\\\\Wbem;C:\\\\windows\\\\System32\\\\WindowsPowerShell\\\\v1.0\\\\;C:\\\\windows\\\\System32\\\\OpenSSH\\\\;C:\\\\ProgramData\\\\chocolatey\\\\bin;C:\\\\Program Files\\\\Git\\\\cmd;C:\\\\Program Files\\\\Git\\\\usr\\\\bin;C:\\\\Program Files\\\\dotnet\\\\;C:\\\\Program Files\\\\CMake\\\\bin',\n      PROCESSOR_ARCHITECTURE: 'AMD64',\n      PROCESSOR_IDENTIFIER: 'Intel64 Family 6 Model 45 Stepping 7, GenuineIntel',\n      PROCESSOR_LEVEL: '6',\n      PROCESSOR_REVISION: '2d07',\n      PROGRAMDATA: 'C:\\\\ProgramData',\n      PROGRAMFILES: 'C:\\\\Program Files',\n      'PROGRAMFILES(X86)': 'C:\\\\Program Files (x86)',\n      PROGRAMW6432: 'C:\\\\Program Files',\n      PROMPT: '> ',\n      PR_LINK: 'Testing <a href=https://github.com/nodejs/node/pull/59931>59931</a>',\n      PSMODULEPATH: 'C:\\\\Program Files\\\\WindowsPowerShell\\\\Modules;C:\\\\windows\\\\system32\\\\WindowsPowerShell\\\\v1.0\\\\Modules',\n      PUBLIC: 'C:\\\\Users\\\\Public',\n      REBASE_ONTO: 'd2ff9daf589af059cacd58972640c8dbc6c7ba88',\n      REPO_NAME: 'node',\n      ROOT_BUILD_CAUSE: 'MANUALTRIGGER',\n      ROOT_BUILD_CAUSE_MANUALTRIGGER: 'true',\n      RUN_ARTIFACTS_DISPLAY_URL: 'https://ci.nodejs.org/job/node-test-binary-windows-js-suites/RUN_SUBSET=0,nodes=win2022-COMPILED_BY-vs2022_clang/36959/display/redirect?page=artifacts',\n      RUN_CHANGES_DISPLAY_URL: 'https://ci.nodejs.org/job/node-test-binary-windows-js-suites/RUN_SUBSET=0,nodes=win2022-COMPILED_BY-vs2022_clang/36959/display/redirect?page=changes',\n      RUN_DISPLAY_URL: 'https://ci.nodejs.org/job/node-test-binary-windows-js-suites/RUN_SUBSET=0,nodes=win2022-COMPILED_BY-vs2022_clang/36959/display/redirect',\n      RUN_SUBSET: '0',\n      RUN_TESTS_DISPLAY_URL: 'https://ci.nodejs.org/job/node-test-binary-windows-js-suites/RUN_SUBSET=0,nodes=win2022-COMPILED_BY-vs2022_clang/36959/display/redirect?page=tests',\n      SCRIPTS_BRANCH: 'main',\n      SCRIPTS_REPO: 'nodejs/build',\n      SESSIONNAME: 'Console',\n      SYSTEMDRIVE: 'C:',\n      SYSTEMROOT: 'C:\\\\windows',\n      TARGET: 'Build',\n      TARGET_ARCH: 'x64',\n      TARGET_NAME: 'node-v25.0.0-win-x64',\n      TEMP: 'C:\\\\Users\\\\Administrator\\\\AppData\\\\Local\\\\Temp',\n      TEMP_BRANCH: 'jenkins-node-test-commit-windows-fanned-39325cfce8677493ea84c5472c6f4affa05b7b21',\n      TEMP_PUSH_BRANCH: 'jenkins-node-test-commit-windows-fanned-39325cfce8677493ea84c5472c6f4affa05b7b21',\n      TEMP_REPO: 'binary_tmp@67.158.54.159:binary_tmp.git',\n      TEMP_REPO_SERVER: '67.158.54.159',\n      TEST_ARGS: '--mode=release  --flaky-tests=dontcare --run=0,4 --measure-flakiness 9 -p tap --logfile test.tap default pummel',\n      TEST_CI_ARGS: '--run=0,4 --measure-flakiness 9',\n      TMP: 'C:\\\\Users\\\\Administrator\\\\AppData\\\\Local\\\\Temp',\n      TS: 'Tue 09/23/2025 18:27:22.36',\n      USERDOMAIN: 'T-WIN2022-VS202',\n      USERDOMAIN_ROAMINGPROFILE: 'T-WIN2022-VS202',\n      USERNAME: 'uqejdhjuvkao',\n      USERPROFILE: 'C:\\\\Users\\\\Administrator',\n      VCBUILD_TARGET: 'test-ci-js',\n      WINDIR: 'C:\\\\windows',\n      WIX: 'C:\\\\Program Files (x86)\\\\WiX Toolset v3.14\\\\',\n      WORKSPACE: 'C:\\\\workspace\\\\node-test-binary-windows-js-suites',\n      WORKSPACE_TMP: 'C:\\\\workspace\\\\node-test-binary-windows-js-suites@tmp',\n      TEST_SERIAL_ID: '190',\n      TEST_THREAD_ID: '2',\n      TEST_PARALLEL: '1',\n      GITHUB_STEP_SUMMARY: '',\n      NODE_SKIP_FLAG_CHECK: 'true',\n      NODE_DEBUG_NATIVE: 'COMPILE_CACHE',\n      NODE_COMPILE_CACHE_PORTABLE: '1',\n      NODE_TEST_COMPILE_CACHE_OPTIONS: '{\"directory\":\"build/.compile_cache\"}'\n    },\n    cwd: 'C:\\\\workspace\\\\node-test-binary-windows-js-suites\\\\node\\\\test\\\\.tmp.190'\n  },\n  command: 'C:\\\\workspace\\\\node-test-binary-windows-js-suites\\\\node\\\\Release\\\\node.exe -r C:\\\\workspace\\\\node-test-binary-windows-js-suites\\\\node\\\\test\\\\fixtures\\\\compile-cache-wrapper-options.js C:\\\\workspace\\\\node-test-binary-windows-js-suites\\\\node\\\\test\\\\.tmp.190\\\\build\\\\empty.js'\n}\n\nNode.js v25.0.0-pre"},"time":708.991,"fullname":"parallel/test-compile-cache-api-options-portable-env","closingTestPoint":false}},{"testName":"parallel/test-runner-run-watch","timestamp":1758651972057,"status":"FAILED","jobName":"node-test-binary-windows-js-suites","config":"node-test-binary-windows-js-suites » 2,win2022-COMPILED_BY-vs2022_clang #36959","buildUrl":"https://ci.nodejs.org/job/node-test-binary-windows-js-suites/RUN_SUBSET=2,nodes=win2022-COMPILED_BY-vs2022_clang/36959/","buildNumber":36959,"builtOn":"test-rackspace-win2022_vs2022-x64-3","nodeVersion":"25.0.0","commitHash":"39325cfce8677493ea84c5472c6f4affa05b7b21","callStack":[{"upstreamBuild":73252,"upstreamProject":"node-test-commit-windows-fanned","upstreamUrl":"job/node-test-commit-windows-fanned/"},{"upstreamBuild":82884,"upstreamProject":"node-test-commit","upstreamUrl":"job/node-test-commit/"},{"upstreamBuild":69339,"upstreamProject":"node-test-pull-request","upstreamUrl":"job/node-test-pull-request/"},{"prId":"59931"}],"tap":{"ok":false,"name":"parallel/test-runner-run-watch","id":910,"buffered":false,"tapError":null,"skip":false,"todo":": Fix flaky test","previous":null,"plan":null,"diag":{"severity":"flaky","exitcode":1,"stack":"Test failure: 'should recalculate the run duration on a watch restart'\nLocation: test\\parallel\\test-runner-run-watch.mjs:251:3\nAssertionError [ERR_ASSERTION]: The input did not match the regular expression /tests 1/. Input:\n\n'# Subtest: test has ran\\n' +\n  'ok 1 - test has ran\\n' +\n  '  ---\\n' +\n  '  duration_ms: 2.153\\n' +\n  \"  type: 'test'\\n\" +\n  '  ...\\n' +\n  '# Subtest: test has ran\\n' +\n  'ok 2 - test has ran\\n' +\n  '  ---\\n' +\n  '  duration_ms: 1.9151\\n' +\n  \"  type: 'test'\\n\" +\n  '  ...\\n' +\n  '1..2\\n' +\n  '# tests 2\\n' +\n  '# suites 0\\n' +\n  '# pass 2\\n' +\n  '# fail 0\\n' +\n  '# cancelled 0\\n' +\n  '# skipped 0\\n' +\n  '# todo 0\\n' +\n  '# duration_ms 384.5103\\n'\n\n    at testUpdate (file:///C:/workspace/node-test-binary-windows-js-suites/node/test/parallel/test-runner-run-watch.mjs:91:14)\n    at process.processTicksAndRejections (node:internal/process/task_queues:105:5)\n    at async testWatch (file:///C:/workspace/node-test-binary-windows-js-suites/node/test/parallel/test-runner-run-watch.mjs:187:26)\n    at async TestContext.<anonymous> (file:///C:/workspace/node-test-binary-windows-js-suites/node/test/parallel/test-runner-run-watch.mjs:252:22)\n    at async Test.run (node:internal/test_runner/test:1113:7)\n    at async Suite.processPendingSubtests (node:internal/test_runner/test:788:7) {\n  generatedMessage: true,\n  code: 'ERR_ASSERTION',\n  actual: '# Subtest: test has ran\\n' +\n    'ok 1 - test has ran\\n' +\n    '  ---\\n' +\n    '  duration_ms: 2.153\\n' +\n    \"  type: 'test'\\n\" +\n    '  ...\\n' +\n    '# Subtest: test has ran\\n' +\n    'ok 2 - test has ran\\n' +\n    '  ---\\n' +\n    '  duration_ms: 1.9151\\n' +\n    '...',\n  expected: /tests 1/,\n  operator: 'match',\n  diff: 'simple'\n}"},"time":25164.921,"fullname":"parallel/test-runner-run-watch","closingTestPoint":false}}]}