{"failedTests":[{"testName":"sequential/test-worker-prof","timestamp":1760031892279,"status":"FAILED","jobName":"node-test-binary-windows-js-suites","config":"node-test-binary-windows-js-suites Â» 1,win10-COMPILED_BY-vs2022_clang #37193","buildUrl":"https://ci.nodejs.org/job/node-test-binary-windows-js-suites/RUN_SUBSET=1,nodes=win10-COMPILED_BY-vs2022_clang/37193/","buildNumber":37193,"builtOn":"test-azure_msft-win10_vs2019-x64-3","nodeVersion":"25.0.0","commitHash":"875aff9384bd0062cda388dc09b0b520123064c7","callStack":[{"upstreamBuild":73498,"upstreamProject":"node-test-commit-windows-fanned","upstreamUrl":"job/node-test-commit-windows-fanned/"},{"upstreamBuild":83254,"upstreamProject":"node-test-commit","upstreamUrl":"job/node-test-commit/"},{"upstreamBuild":69648,"upstreamProject":"node-test-pull-request","upstreamUrl":"job/node-test-pull-request/"},{"prId":"60061"}],"tap":{"ok":false,"name":"sequential/test-worker-prof","id":1143,"buffered":false,"tapError":null,"skip":false,"todo":false,"previous":null,"plan":null,"diag":{"severity":"fail","exitcode":1,"stack":"files found in working directory before worker starts [ 'isolate-0000017A7E018000-8016-v8.log' ]\nparent prof file: isolate-0000017A7E018000-8016-v8.log\nparent posted 36266 messages\nfiles found in working directory before worker exits [\n  'isolate-0000017A18457000-8016-v8.log',\n  'isolate-0000017A7E018000-8016-v8.log'\n]\nworker prof file: isolate-0000017A18457000-8016-v8.log\n\nworker ticks 12\nparent ticks 32\nnode:internal/assert/utils:77\n    throw err;\n    ^\n\nAssertionError [ERR_ASSERTION]: worker ticks <= 15:\ntick,0x7ff657c36ddb,93521,0,0x0,3,0x7ff65623fcd0,0x17a58e4ed78,0x160f0499cbd,0x17a39042a4f,0x17a39042607,0x160f04938f3,0x160f048c4b1,0x160f048c337,0x160f0492679\ntick,0x7ff6562bff7a,109427,0,0x0,2,0x17a3904297e,0x17a39042607,0x160f049f0cd,0x17a39042a4f,0x17a39042607,0x160f049db70,0x160f04926dc\ntick,0x7ff6562d7f8a,141397,0,0x0,2,0x17a3904297e,0x17a39042607,0x160f04a6e5b,0x17a39042a4f,0x17a39042607,0x160f0492b73\ntick,0x7ff6563763b0,237435,0,0x0,5,0xb93660b153,0xb93660ac9d,0xb93660abc0,0xb936609ad1\ntick,0x7ffaced70944,365477,0,0x0,0,0x17a39048ef3,0x17a390471d9,0x17a39049082\ntick,0x7ffaced70944,621428,0,0x0,0,0x17a39048ef3,0x17a390471d9,0x17a39049082\ntick,0x7ffaced70944,1117472,0,0x0,0,0x17a3900c957,0x17a3900c087,0x17a39049082\ntick,0x7ff65634d530,1277416,0,0x0,5\ntick,0x7ff6563186af,1293410,0,0x0,5,0x17a3900c957,0x17a3900c087,0x17a39049082\ntick,0x7ffaced70944,1389493,0,0x0,0,0x17a3900c957,0x17a3900c087,0x17a39049082\ntick,0x17a3900bba1,1405499,0,0x0,0,0x17a39049082\ntick,0x17a3900bba1,1437498,0,0x0,0,0x17a39049082\n    at Object.<anonymous> (c:\\workspace\\node-test-binary-windows-js-suites\\node\\test\\sequential\\test-worker-prof.js:81:3)\n    at Module._compile (node:internal/modules/cjs/loader:1759:14)\n    at Object..js (node:internal/modules/cjs/loader:1892:10)\n    at Module.load (node:internal/modules/cjs/loader:1479:32)\n    at Module._load (node:internal/modules/cjs/loader:1298:12)\n    at TracingChannel.traceSync (node:diagnostics_channel:328:14)\n    at wrapModuleLoad (node:internal/modules/cjs/loader:244:24)\n    at Module.executeUserEntryPoint [as runMain] (node:internal/modules/run_main:154:5)\n    at node:internal/main/run_main_module:33:47 {\n  generatedMessage: false,\n  code: 'ERR_ASSERTION',\n  actual: false,\n  expected: true,\n  operator: '==',\n  diff: 'simple'\n}\n\nNode.js v25.0.0-pre"},"time":2510.259,"fullname":"sequential/test-worker-prof","closingTestPoint":false}}]}