{"failedTests":[{"testName":"parallel/test-async-context-frame","timestamp":1760349508894,"status":"FAILED","jobName":"node-test-binary-windows-js-suites","config":"node-test-binary-windows-js-suites Â» 3,win2019-COMPILED_BY-vs2022 #37248","buildUrl":"https://ci.nodejs.org/job/node-test-binary-windows-js-suites/RUN_SUBSET=3,nodes=win2019-COMPILED_BY-vs2022/37248/","buildNumber":37248,"builtOn":"test-rackspace-win2019_vs2019-x64-1","nodeVersion":"22.20.1","commitHash":"7067d79fb3eedf684329b7d48537dfcf90a03fb2","callStack":[{"upstreamBuild":73554,"upstreamProject":"node-test-commit-windows-fanned","upstreamUrl":"job/node-test-commit-windows-fanned/"},{"upstreamBuild":83321,"upstreamProject":"node-test-commit","upstreamUrl":"job/node-test-commit/"},{"upstreamBuild":356,"upstreamProject":"node-daily-v22.x-staging","upstreamUrl":"job/node-daily-v22.x-staging/"}],"tap":{"ok":false,"name":"parallel/test-async-context-frame","id":583,"buffered":false,"tapError":null,"skip":false,"todo":": Fix flaky test","previous":null,"plan":null,"diag":{"severity":"flaky","exitcode":1,"stack":"Test failure: 'async-hooks\\test-async-local-storage-enter-with.js'\nLocation: test\\parallel\\test-async-context-frame.mjs:49:5\nAssertionError [ERR_ASSERTION]: Test async-hooks\\test-async-local-storage-enter-with.js failed with exit code 3221225477\n\n3221225477 !== 0\n\n    at TestContext.<anonymous> (file:///C:/workspace/node-test-binary-windows-js-suites/node/test/parallel/test-async-context-frame.mjs:61:7)\n    at process.processTicksAndRejections (node:internal/process/task_queues:105:5)\n    at async Test.run (node:internal/test_runner/test:1054:7)\n    at async Suite.processPendingSubtests (node:internal/test_runner/test:744:7) {\n  generatedMessage: false,\n  code: 'ERR_ASSERTION',\n  actual: 3221225477,\n  expected: 0,\n  operator: 'strictEqual',\n  diff: 'simple'\n}"},"time":49816.038,"fullname":"parallel/test-async-context-frame","closingTestPoint":false}}]}