{"failedTests":[{"testName":"parallel/test-runner-run-watch","timestamp":1760460966712,"status":"FAILED","jobName":"node-test-binary-windows-js-suites","config":"node-test-binary-windows-js-suites » 2,win2019-COMPILED_BY-vs2022_clang #37264","buildUrl":"https://ci.nodejs.org/job/node-test-binary-windows-js-suites/RUN_SUBSET=2,nodes=win2019-COMPILED_BY-vs2022_clang/37264/","buildNumber":37264,"builtOn":"test-rackspace-win2019_vs2019-x64-2","nodeVersion":"25.0.0","commitHash":"a344fff9d64dc6e13b34c63efd4c7b1f67ec428c","callStack":[{"upstreamBuild":73573,"upstreamProject":"node-test-commit-windows-fanned","upstreamUrl":"job/node-test-commit-windows-fanned/"},{"upstreamBuild":83348,"upstreamProject":"node-test-commit","upstreamUrl":"job/node-test-commit/"},{"upstreamBuild":69727,"upstreamProject":"node-test-pull-request","upstreamUrl":"job/node-test-pull-request/"},{"prId":"60256"}],"tap":{"ok":false,"name":"parallel/test-runner-run-watch","id":862,"buffered":false,"tapError":null,"skip":false,"todo":": Fix flaky test","previous":null,"plan":null,"diag":{"severity":"flaky","exitcode":1,"stack":"Test failure: 'should run tests with dependency repeatedly'\nLocation: test\\parallel\\test-runner-run-watch.mjs:202:3\nAssertionError [ERR_ASSERTION]: The input did not match the regular expression /tests 1/. Input:\n\n'# Subtest: test.js\\n' +\n  'not ok 2 - test.js\\n' +\n  '  ---\\n' +\n  '  duration_ms: 1222.1044\\n' +\n  \"  type: 'test'\\n\" +\n  \"  location: 'C:\\\\\\\\workspace\\\\\\\\node-test-binary-windows-js-suites\\\\\\\\node\\\\\\\\test\\\\\\\\.tmp.789\\\\\\\\test.js:1:1'\\n\" +\n  \"  failureType: 'testCodeFailure'\\n\" +\n  '  exitCode: ~\\n' +\n  \"  signal: 'SIGTERM'\\n\" +\n  \"  error: 'test failed'\\n\" +\n  \"  code: 'ERR_TEST_FAILURE'\\n\" +\n  '  ...\\n' +\n  '# Subtest: test has ran\\n' +\n  'ok 2 - test has ran\\n' +\n  '  ---\\n' +\n  '  duration_ms: 2.1629\\n' +\n  \"  type: 'test'\\n\" +\n  '  ...\\n' +\n  '1..2\\n' +\n  '# tests 2\\n' +\n  '# suites 0\\n' +\n  '# pass 1\\n' +\n  '# fail 1\\n' +\n  '# cancelled 0\\n' +\n  '# skipped 0\\n' +\n  '# todo 0\\n' +\n  '# duration_ms 556.6608\\n'\n\n    at testUpdate (file:///C:/workspace/node-test-binary-windows-js-suites/node/test/parallel/test-runner-run-watch.mjs:91:14)\n    at process.processTicksAndRejections (node:internal/process/task_queues:103:5)\n    at async testWatch (file:///C:/workspace/node-test-binary-windows-js-suites/node/test/parallel/test-runner-run-watch.mjs:187:26)\n    at async TestContext.<anonymous> (file:///C:/workspace/node-test-binary-windows-js-suites/node/test/parallel/test-runner-run-watch.mjs:203:5)\n    at async Test.run (node:internal/test_runner/test:1113:7)\n    at async Suite.processPendingSubtests (node:internal/test_runner/test:788:7) {\n  generatedMessage: true,\n  code: 'ERR_ASSERTION',\n  actual: '# Subtest: test.js\\n' +\n    'not ok 2 - test.js\\n' +\n    '  ---\\n' +\n    '  duration_ms: 1222.1044\\n' +\n    \"  type: 'test'\\n\" +\n    \"  location: 'C:\\\\\\\\workspace\\\\\\\\node-test-binary-windows-js-suites\\\\\\\\node\\\\\\\\test\\\\\\\\.tmp.789\\\\\\\\test.js:1:1'\\n\" +\n    \"  failureType: 'testCodeFailure'\\n\" +\n    '  exitCode: ~\\n' +\n    \"  signal: 'SIGTERM'\\n\" +\n    \"  error: 'test failed'\\n\" +\n    '...',\n  expected: /tests 1/,\n  operator: 'match',\n  diff: 'simple'\n}"},"time":29231.225,"fullname":"parallel/test-runner-run-watch","closingTestPoint":false}},{"testName":"wpt/test-wasm-webapi","timestamp":1760460966712,"status":"FAILED","jobName":"node-test-binary-windows-js-suites","config":"node-test-binary-windows-js-suites » 3,win11-arm64-COMPILED_BY-vs2022_clang-arm64 #37264","buildUrl":"https://ci.nodejs.org/job/node-test-binary-windows-js-suites/RUN_SUBSET=3,nodes=win11-arm64-COMPILED_BY-vs2022_clang-arm64/37264/","buildNumber":37264,"builtOn":"test-azure_msft-win11_vs2022-arm64-5","nodeVersion":"25.0.0","commitHash":"a344fff9d64dc6e13b34c63efd4c7b1f67ec428c","callStack":[{"upstreamBuild":73573,"upstreamProject":"node-test-commit-windows-fanned","upstreamUrl":"job/node-test-commit-windows-fanned/"},{"upstreamBuild":83348,"upstreamProject":"node-test-commit","upstreamUrl":"job/node-test-commit/"},{"upstreamBuild":69727,"upstreamProject":"node-test-pull-request","upstreamUrl":"job/node-test-pull-request/"},{"prId":"60256"}],"tap":{"ok":false,"name":"wpt/test-wasm-webapi","id":1149,"buffered":false,"tapError":null,"skip":false,"todo":false,"previous":null,"plan":null,"diag":{"severity":"crashed","exitcode":3221225477,"stack":"[SKIPPED] abort.any.js: WPTRunner does not support fetch()\n[SKIPPED] contenttype.any.js: WPTRunner does not support fetch()\n[SKIPPED] historical.any.js: indexedDB is not defined\n[SKIPPED] idlharness.any.js: not configured\n[SKIPPED] instantiateStreaming-bad-imports.any.js: Flaky on ARM with V8 >= 11.2\n[SKIPPED] origin.sub.any.js: CORS not implemented\n[SKIPPED] status.any.js: WPTRunner does not support fetch()\n[PASS] compileStreaming\n[PASS] instantiateStreaming\n[PASS] compileStreaming: no body\n[PASS] compileStreaming: no body in a promise\n[PASS] compileStreaming: undefined\n[PASS] compileStreaming: undefined in a promise\n[PASS] compileStreaming: null\n[PASS] compileStreaming: null in a promise\n[PASS] compileStreaming: true\n[PASS] compileStreaming: true in a promise\n[PASS] compileStreaming: \"test\"\n[PASS] compileStreaming: \"test\" in a promise\n[PASS] compileStreaming: symbol \"Symbol()\"\n[PASS] compileStreaming: symbol \"Symbol()\" in a promise\n[PASS] compileStreaming: 0\n[PASS] compileStreaming: 0 in a promise\n[PASS] compileStreaming: 0.1\n[PASS] compileStreaming: 0.1 in a promise\n[PASS] compileStreaming: NaN\n[PASS] compileStreaming: NaN in a promise\n[PASS] compileStreaming: Empty object\n[PASS] compileStreaming: Empty object in a promise\n[PASS] compileStreaming: Response interface object\n[PASS] compileStreaming after consumption\n[PASS] compileStreaming before consumption\n[PASS] compileStreaming: Response interface object in a promise\n[PASS] compileStreaming: Response interface prototype object\n[PASS] compileStreaming: Response interface prototype object in a promise\n[PASS] instantiateStreaming: undefined\n[PASS] instantiateStreaming: undefined in a promise\n[PASS] Invalid code (0x0000): compileStreaming\n[PASS] Invalid code (0xCAFE): compileStreaming\n[PASS] Invalid code (0x0000): instantiateStreaming\n[PASS] instantiateStreaming: null\n[PASS] instantiateStreaming: null in a promise\n[PASS] instantiateStreaming: true\n[PASS] instantiateStreaming: true in a promise\n[PASS] instantiateStreaming after consumption\n[PASS] instantiateStreaming before consumption\n[PASS] instantiateStreaming: \"test\"\n[PASS] instantiateStreaming: \"test\" in a promise\n[PASS] instantiateStreaming: symbol \"Symbol()\"\n[PASS] instantiateStreaming: symbol \"Symbol()\" in a promise\n[PASS] instantiateStreaming: 0\n[PASS] Invalid code (0xCAFE): instantiateStreaming\n[PASS] instantiateStreaming: 0 in a promise\n[PASS] instantiateStreaming: 0.1\n[PASS] compileStreaming with Content-Type set late\n[PASS] compileStreaming: empty body\n[PASS] Empty module without imports argument\n[PASS] compileStreaming: empty body in a promise\n[PASS] instantiateStreaming: no body\n[PASS] Empty module with undefined imports argument\n[PASS] instantiateStreaming: no body in a promise\n[PASS] instantiateStreaming: empty body\n[PASS] instantiateStreaming: empty body in a promise\n[PASS] instantiateStreaming: 0.1 in a promise\n[PASS] instantiateStreaming: NaN\n[PASS] instantiateStreaming: NaN in a promise\n[PASS] instantiateStreaming: Empty object\n[PASS] instantiateStreaming: Empty object in a promise\n[PASS] instantiateStreaming: Response interface object\n[PASS] instantiateStreaming: Response interface object in a promise\n[PASS] instantiateStreaming: Response interface prototype object\n[PASS] instantiateStreaming: Response interface prototype object in a promise\n[PASS] Empty module with empty imports argument\n[PASS] getter order for imports object\n[PASS] imports\n[PASS] compileStreaming with Content-Type removed late\n[PASS] instantiateStreaming with Content-Type set late\n[PASS] instantiateStreaming with Content-Type removed late\n[PASS] imports with empty module names\n[PASS] imports with empty names\n[PASS] exports with empty name: function\n[PASS] exports with empty name: table\n[PASS] exports with empty name: global\n[PASS] No imports\n[PASS] exports and imports\n[PASS] i64 exports and imports\n[PASS] import with i32-returning function\n[PASS] import with function that takes and returns i32\n[PASS] import with i64-returning function\n[PASS] import with function that takes and returns i64\n[PASS] import with i32-taking function\n[PASS] import with i64-taking function\n[PASS] export i64-returning function\n[PASS] i32 mutable WebAssembly.Global import\n[PASS] i64 mutable WebAssembly.Global import\n[PASS] Multiple i64 arguments\n[PASS] stray argument\n[PASS] Synchronous options handling"},"time":391.5,"fullname":"wpt/test-wasm-webapi","closingTestPoint":false}}]}