{"failedTests":[{"testName":"sequential/test-worker-prof","timestamp":1760567286863,"status":"FAILED","jobName":"node-test-binary-windows-js-suites","config":"node-test-binary-windows-js-suites Â» 1,win10-COMPILED_BY-vs2022_clang #37282","buildUrl":"https://ci.nodejs.org/job/node-test-binary-windows-js-suites/RUN_SUBSET=1,nodes=win10-COMPILED_BY-vs2022_clang/37282/","buildNumber":37282,"builtOn":"test-azure_msft-win10_vs2019-x64-2","nodeVersion":"25.0.0","commitHash":"f14e663c3ab113c9723438f5da12e7297a2665f6","callStack":[{"upstreamBuild":73592,"upstreamProject":"node-test-commit-windows-fanned","upstreamUrl":"job/node-test-commit-windows-fanned/"},{"upstreamBuild":83374,"upstreamProject":"node-test-commit","upstreamUrl":"job/node-test-commit/"},{"upstreamBuild":69750,"upstreamProject":"node-test-pull-request","upstreamUrl":"job/node-test-pull-request/"},{"prId":"60250"}],"tap":{"ok":false,"name":"sequential/test-worker-prof","id":1145,"buffered":false,"tapError":null,"skip":false,"todo":false,"previous":null,"plan":null,"diag":{"severity":"fail","exitcode":1,"stack":"files found in working directory before worker starts [ 'isolate-000002B106646000-6644-v8.log' ]\nparent prof file: isolate-000002B106646000-6644-v8.log\nparent posted 47027 messages\nfiles found in working directory before worker exits [\n  'isolate-000002B106646000-6644-v8.log',\n  'isolate-000002B11FBDF000-6644-v8.log'\n]\nworker prof file: isolate-000002B11FBDF000-6644-v8.log\n\nworker ticks 49\nparent ticks 11\nnode:internal/assert/utils:77\n    throw err;\n    ^\n\nAssertionError [ERR_ASSERTION]: parent ticks <= 15:\ntick,0x7ff61c8db340,124951,0,0x0,0,0x7ff61ca2cc10,0x148f668ad25,0x2f64d745807,0x2f64d746edb,0x2f64d7460ca,0x2f64d745e3b,0x2f64d74684c,0x148f6681330,0x2f64d7430b3,0x2f64d7477fa,0x148f66b06b8,0x741ec892a6,0x2f64d748277,0x2f64d748b52,0x2f64d747687,0x2f64d7469c9,0x148f6681330,0x2f64d7430b3,0x2f64d75155f,0x741ec87490\ntick,0x7ff61c881e0a,189066,0,0x0,0,0x7ff61c704ad0,0x741ec9e3b4,0x2b12078058f,0x2b120780287,0x741ec9daa5,0x2b12078058f,0x2b120780287,0x741ec9cdbc,0x2b12078058f,0x134eb384d5c,0x148f66b0390,0x2f64d7466cb,0x2f64d7468fa,0x148f6681330,0x2f64d7430b3,0x2f64d7477fa,0x148f66b06b8,0x741ec8a9f2,0x2f64d748277,0x2f64d748b52,0x2f64d747687,0x2f64d7469c9,0x148f6681330,0x2f64d7430b3,0x2f64d7477fa,0x148f66b06b8,0x741ec892a6,0x2f64d748277,0x2f64d748b52,0x2f64d747687,0x2f64d7469c9,0x148f6681330,0x2f64d7430b3,0x2f64d75155f,0x741ec87490\ntick,0x7ff61cc25738,253053,0,0x0,1\ntick,0x7ff61c9eb18e,285395,0,0x0,3\ntick,0x7ff61ca4d64d,525013,0,0x0,1\ntick,0x2b140507498,844998,0,0x0,0,0x2b12079536e,0x2b120794aa0,0x2b120795122,0x2b120792f21,0x2b120796402\ntick,0x7ff8417d09f4,893131,0,0x0,0,0x2b12079536e,0x2b120794aa0,0x2b120795122,0x2b120796c31,0x2b120796402\ntick,0x7ff8417d09f4,1005136,0,0x0,0,0x2b12079536e,0x2b120794aa0,0x2b120795122,0x2b120796c31,0x2b120796402\ntick,0x7ff8417d09f4,1149202,0,0x0,0,0x2b120797730,0x2b1207979a9,0x2b120796c31,0x2b120796402\ntick,0x2b140561c88,1325031,0,0x0,0,0x2b120796c31,0x2b120796402\ntick,0x7ff8417d09f4,1709118,0,0x0,0,0x2b120797730,0x2b1207979a9,0x2b120796c31,0x2b120797bb3\n    at Object.<anonymous> (c:\\workspace\\node-test-binary-windows-js-suites\\node\\test\\sequential\\test-worker-prof.js:82:3)\n    at Module._compile (node:internal/modules/cjs/loader:1760:14)\n    at Object..js (node:internal/modules/cjs/loader:1892:10)\n    at Module.load (node:internal/modules/cjs/loader:1480:32)\n    at Module._load (node:internal/modules/cjs/loader:1299:12)\n    at TracingChannel.traceSync (node:diagnostics_channel:328:14)\n    at wrapModuleLoad (node:internal/modules/cjs/loader:245:24)\n    at Module.executeUserEntryPoint [as runMain] (node:internal/modules/run_main:154:5)\n    at node:internal/main/run_main_module:33:47 {\n  generatedMessage: false,\n  code: 'ERR_ASSERTION',\n  actual: false,\n  expected: true,\n  operator: '==',\n  diff: 'simple'\n}\n\nNode.js v25.0.0-pre"},"time":2376.726,"fullname":"sequential/test-worker-prof","closingTestPoint":false}}]}