{"failedTests":[{"testName":"sequential/test-worker-prof","timestamp":1760660436888,"status":"FAILED","jobName":"node-test-binary-windows-js-suites","config":"node-test-binary-windows-js-suites » 1,win11-COMPILED_BY-vs2022_clang #37304","buildUrl":"https://ci.nodejs.org/job/node-test-binary-windows-js-suites/RUN_SUBSET=1,nodes=win11-COMPILED_BY-vs2022_clang/37304/","buildNumber":37304,"builtOn":"test-azure_msft-win11_vs2022-x64-3","nodeVersion":"26.0.0","commitHash":"ec710da44b041aca06a73bd1bccc8483800b5029","callStack":[{"upstreamBuild":73614,"upstreamProject":"node-test-commit-windows-fanned","upstreamUrl":"job/node-test-commit-windows-fanned/"},{"upstreamBuild":83397,"upstreamProject":"node-test-commit","upstreamUrl":"job/node-test-commit/"},{"upstreamBuild":69770,"upstreamProject":"node-test-pull-request","upstreamUrl":"job/node-test-pull-request/"},{"prId":"60254"}],"tap":{"ok":false,"name":"sequential/test-worker-prof","id":1145,"buffered":false,"tapError":null,"skip":false,"todo":false,"previous":null,"plan":null,"diag":{"severity":"fail","exitcode":1,"stack":"files found in working directory before worker starts [ 'isolate-000001EFA7B16000-4480-v8.log' ]\nparent prof file: isolate-000001EFA7B16000-4480-v8.log\nparent posted 32904 messages\nfiles found in working directory before worker exits [\n  'isolate-000001EFA7B16000-4480-v8.log',\n  'isolate-000001EFC1949000-4480-v8.log'\n]\nworker prof file: isolate-000001EFC1949000-4480-v8.log\n\nworker ticks 25\nparent ticks 14\nnode:internal/assert/utils:77\n    throw err;\n    ^\n\nAssertionError [ERR_ASSERTION]: parent ticks <= 15:\ntick,0x7ff729b0d501,246198,0,0x0,0,0x1efc24404be,0x1efc2440287,0x31b6c71db4f,0x1efc244058f,0x1efc2440287,0x31b6c71cdbc,0x1efc244058f,0x2a5c5f04d5c,0x1e5c07f0390,0x18e100066cb,0x18e100068fa,0x1e5c07c1330,0x18e100030b3,0x18e100077fa,0x1e5c07f06b8,0x31b6c70a9f2,0x18e10008277,0x18e10008b52,0x18e10007687,0x18e100069c9,0x1e5c07c1330,0x18e100030b3,0x18e100077fa,0x1e5c07f06b8,0x31b6c7092a6,0x18e10008277,0x18e10008b52,0x18e10007687,0x18e100069c9,0x1e5c07c1330,0x18e100030b3,0x18e1001155f,0x31b6c707490\ntick,0x7ff7299d3687,278147,0,0x0,0,0x7ff7299d08d0,0x31b6c72684c,0x1efc244058f,0x1efc2440287,0x31b6c724a53,0x1efc244058f,0x1efc2440287,0x2a5c5f17bb2,0x1efe227b4fa,0x31b6c7241b6,0x1efe22957e7,0x31b6c70affc,0x18e10008277,0x18e10008b52,0x18e10007687,0x18e100069c9,0x1e5c07c1330,0x18e100030b3,0x18e100077fa,0x1e5c07f06b8,0x31b6c7092a6,0x18e10008277,0x18e10008b52,0x18e10007687,0x18e100069c9,0x1e5c07c1330,0x18e100030b3,0x18e1001155f,0x31b6c707490\ntick,0x7ff729ace18a,310150,0,0x0,3,0x7ff7299e1ca0,0x1efe22ae98c,0x31b6c73002d,0x1efc244058f,0x1efc2440287,0x31b6c72f643,0x1efc244058f,0x1efc2440287,0x7ff7292c5f00,0x31b6c7241b6,0x1efe22957e7,0x31b6c70affc,0x18e10008277,0x18e10008b52,0x18e10007687,0x18e100069c9,0x1e5c07c1330,0x18e100030b3,0x18e100077fa,0x1e5c07f06b8,0x31b6c7092a6,0x18e10008277,0x18e10008b52,0x18e10007687,0x18e100069c9,0x1e5c07c1330,0x18e100030b3,0x18e1001155f,0x31b6c707490\ntick,0x7ff729b2b540,326112,0,0x0,0,0x7ff7299d4b30,0x31b6c73318c,0x1efc244058f,0x1efc2440287,0x31b6c7320de,0x1efc244058f,0x1efc2440287,0x31b6c731184,0x1efc244058f,0x1efc2440287,0x2a5c5f17bb2,0x1efe227b4fa,0x31b6c70b01d,0x18e10008277,0x18e10008b52,0x18e10007687,0x18e100069c9,0x1e5c07c1330,0x18e100030b3,0x18e100077fa,0x1e5c07f06b8,0x31b6c7092a6,0x18e10008277,0x18e10008b52,0x18e10007687,0x18e100069c9,0x1e5c07c1330,0x18e100030b3,0x18e1001155f,0x31b6c707490\ntick,0x7ff729df4f49,694131,0,0x0,5\ntick,0x1efe222c8bb,902188,0,0x0,0\ntick,0x7ff729398eff,982176,0,0x0,0,0x1efc245536e,0x1efc2454aa0,0x1efc2455122,0x1efc2452f21,0x1efc2456402\ntick,0x7ff729df4faa,1078118,0,0x0,5\ntick,0x7ffbc3765244,1702135,0,0x0,0,0x1efc245783f,0x1efc2457aad,0x1efc2456cc7,0x1efc2456402\ntick,0x7ffbc361d67b,1750198,0,0x0,0,0x1efc245783f,0x1efc2457aad,0x1efc2456cc7,0x1efc2456402\ntick,0x7ffbc3765244,1878136,0,0x0,0,0x1efc245783f,0x1efc2457aad,0x1efc2456cc7,0x1efc2456402\ntick,0x7ff729e584d2,1894116,0,0x0,0\ntick,0x7ffbc3765244,2022150,0,0x0,0,0x1efc245783f,0x1efc2457aad,0x1efc2456cc7,0x1efc2456402\ntick,0x7ffbc3765244,2038258,0,0x0,0,0x1efc245783f,0x1efc2457aad,0x1efc2456cc7,0x1efc2456402\n    at Object.<anonymous> (c:\\workspace\\node-test-binary-windows-js-suites\\node\\test\\sequential\\test-worker-prof.js:82:3)\n    at Module._compile (node:internal/modules/cjs/loader:1760:14)\n    at Object..js (node:internal/modules/cjs/loader:1892:10)\n    at Module.load (node:internal/modules/cjs/loader:1480:32)\n    at Module._load (node:internal/modules/cjs/loader:1299:12)\n    at TracingChannel.traceSync (node:diagnostics_channel:328:14)\n    at wrapModuleLoad (node:internal/modules/cjs/loader:245:24)\n    at Module.executeUserEntryPoint [as runMain] (node:internal/modules/run_main:154:5)\n    at node:internal/main/run_main_module:33:47 {\n  generatedMessage: false,\n  code: 'ERR_ASSERTION',\n  actual: false,\n  expected: true,\n  operator: '==',\n  diff: 'simple'\n}\n\nNode.js v26.0.0-pre"},"time":2645.727,"fullname":"sequential/test-worker-prof","closingTestPoint":false}},{"testName":"sequential/test-worker-prof","timestamp":1760660436888,"status":"FAILED","jobName":"node-test-binary-windows-js-suites","config":"node-test-binary-windows-js-suites » 1,win10-COMPILED_BY-vs2022_clang #37304","buildUrl":"https://ci.nodejs.org/job/node-test-binary-windows-js-suites/RUN_SUBSET=1,nodes=win10-COMPILED_BY-vs2022_clang/37304/","buildNumber":37304,"builtOn":"test-azure_msft-win10_vs2019-x64-2","nodeVersion":"26.0.0","commitHash":"ec710da44b041aca06a73bd1bccc8483800b5029","callStack":[{"upstreamBuild":73614,"upstreamProject":"node-test-commit-windows-fanned","upstreamUrl":"job/node-test-commit-windows-fanned/"},{"upstreamBuild":83397,"upstreamProject":"node-test-commit","upstreamUrl":"job/node-test-commit/"},{"upstreamBuild":69770,"upstreamProject":"node-test-pull-request","upstreamUrl":"job/node-test-pull-request/"},{"prId":"60254"}],"tap":{"ok":false,"name":"sequential/test-worker-prof","id":1145,"buffered":false,"tapError":null,"skip":false,"todo":false,"previous":null,"plan":null,"diag":{"severity":"fail","exitcode":1,"stack":"files found in working directory before worker starts [ 'isolate-0000027C6D6B6000-9784-v8.log' ]\nparent prof file: isolate-0000027C6D6B6000-9784-v8.log\nparent posted 44214 messages\nfiles found in working directory before worker exits [\n  'isolate-0000027C6D6B6000-9784-v8.log',\n  'isolate-0000027C7ECD0000-9784-v8.log'\n]\nworker prof file: isolate-0000027C7ECD0000-9784-v8.log\n\nworker ticks 15\nparent ticks 35\nnode:internal/assert/utils:77\n    throw err;\n    ^\n\nAssertionError [ERR_ASSERTION]: worker ticks <= 15:\ntick,0x7ff79b849a90,62995,0,0x0,0,0x26f4ad8c197,0x26f4ad96cfa,0x26f4ad8c971,0x26f4ad8c7f7,0x26f4ad9589f,0x26f4ad8c971,0x26f4ad8c7f7,0x26f4ad93d7d,0x26f4ad8c971,0x26f4ad8c7f7,0x26f4ad92b39\ntick,0x7ff79c0ae2c0,78846,0,0x0,3,0x7ff79bfb0310,0x26f4ad93eaf,0x26f4ad8c971,0x26f4ad8c7f7,0x26f4ad92b39\ntick,0x7ff8417d11ca,111329,0,0x0,2,0x27c2808297e,0x27c28082607,0x26f4ada72db,0x27c28082a4f,0x27c28082607,0x26f4ad93033\ntick,0x7ff79c058cfb,126341,0,0x0,2,0x27c2808297e,0x27c28082607,0x26f4adad009,0x27c28082a4f,0x27c28082607,0x26f4ad931f4\ntick,0x7ff79c0b8575,142232,0,0x0,2,0x27c2808297e,0x27c28082607,0x26f4adaf105,0x27c28082a4f,0x27c28082607,0x26f4adad009,0x27c28082a4f,0x27c28082607,0x26f4ad931f4\ntick,0x7ff79c0ae185,206233,0,0x0,3,0x7ff79bfc1ca0,0x10469716d1c,0x10469713b38,0x10469713a15,0x10469710b7d,0x1046971017c,0x26f4ad8b53c\ntick,0x27c47e2c854,254227,0,0x0,0,0x26f4ad8b551\ntick,0x27c28086894,444786,0,0x0,0,0x27c28089182\ntick,0x7ff8417d09f4,602057,0,0x0,0,0x27c28088ff3,0x27c280872d9,0x27c28089182\ntick,0x7ff79b9792a7,839136,0,0x0,0,0x27c2804c797,0x27c2804bef1,0x27c28089182\ntick,0x7ff84175479e,1010685,0,0x0,0,0x27c2804c797,0x27c2804bef1,0x27c28089182\ntick,0x7ff84175b8a4,1248045,0,0x0,0,0x27c2804c797,0x27c2804bef1,0x27c28089182\ntick,0x7ff79c524a66,1279991,0,0x0,0\ntick,0x7ff79c3c8440,1310894,0,0x0,5\ntick,0x7ff79cd174e0,1374445,0,0x0,0,0x7ff79bfc1b90,0x27c2804c6ec,0x27c2804bef1,0x27c2804c933\n    at Object.<anonymous> (c:\\workspace\\node-test-binary-windows-js-suites\\node\\test\\sequential\\test-worker-prof.js:81:3)\n    at Module._compile (node:internal/modules/cjs/loader:1760:14)\n    at Object..js (node:internal/modules/cjs/loader:1892:10)\n    at Module.load (node:internal/modules/cjs/loader:1480:32)\n    at Module._load (node:internal/modules/cjs/loader:1299:12)\n    at TracingChannel.traceSync (node:diagnostics_channel:328:14)\n    at wrapModuleLoad (node:internal/modules/cjs/loader:245:24)\n    at Module.executeUserEntryPoint [as runMain] (node:internal/modules/run_main:154:5)\n    at node:internal/main/run_main_module:33:47 {\n  generatedMessage: false,\n  code: 'ERR_ASSERTION',\n  actual: false,\n  expected: true,\n  operator: '==',\n  diff: 'simple'\n}\n\nNode.js v26.0.0-pre"},"time":2363.887,"fullname":"sequential/test-worker-prof","closingTestPoint":false}}]}