{"failedTests":[{"testName":"async-hooks/test-http-agent-handle-reuse-parallel","timestamp":1760710950313,"status":"FAILED","jobName":"node-test-binary-windows-js-suites","config":"node-test-binary-windows-js-suites » 2,win11-arm64-COMPILED_BY-vs2022_clang-arm64 #37311","buildUrl":"https://ci.nodejs.org/job/node-test-binary-windows-js-suites/RUN_SUBSET=2,nodes=win11-arm64-COMPILED_BY-vs2022_clang-arm64/37311/","buildNumber":37311,"builtOn":"test-azure_msft-win11_vs2022-arm64-5","nodeVersion":"25.0.0","commitHash":"ffcb94ce646afb5e06f545b97d959307772d2bb5","callStack":[{"upstreamBuild":73622,"upstreamProject":"node-test-commit-windows-fanned","upstreamUrl":"job/node-test-commit-windows-fanned/"},{"upstreamBuild":83410,"upstreamProject":"node-test-commit","upstreamUrl":"job/node-test-commit/"},{"upstreamBuild":69780,"upstreamProject":"node-test-pull-request","upstreamUrl":"job/node-test-pull-request/"},{"prId":"60266"}],"tap":{"ok":false,"name":"async-hooks/test-http-agent-handle-reuse-parallel","id":13,"buffered":false,"tapError":null,"skip":false,"todo":false,"previous":null,"plan":null,"diag":{"severity":"fail","exitcode":3221226505,"stack":""},"time":474,"fullname":"async-hooks/test-http-agent-handle-reuse-parallel","closingTestPoint":false}},{"testName":"sequential/test-worker-prof","timestamp":1760710950313,"status":"FAILED","jobName":"node-test-binary-windows-js-suites","config":"node-test-binary-windows-js-suites » 1,win10-COMPILED_BY-vs2022_clang #37311","buildUrl":"https://ci.nodejs.org/job/node-test-binary-windows-js-suites/RUN_SUBSET=1,nodes=win10-COMPILED_BY-vs2022_clang/37311/","buildNumber":37311,"builtOn":"test-azure_msft-win10_vs2019-x64-4","nodeVersion":"25.0.0","commitHash":"ffcb94ce646afb5e06f545b97d959307772d2bb5","callStack":[{"upstreamBuild":73622,"upstreamProject":"node-test-commit-windows-fanned","upstreamUrl":"job/node-test-commit-windows-fanned/"},{"upstreamBuild":83410,"upstreamProject":"node-test-commit","upstreamUrl":"job/node-test-commit/"},{"upstreamBuild":69780,"upstreamProject":"node-test-pull-request","upstreamUrl":"job/node-test-pull-request/"},{"prId":"60266"}],"tap":{"ok":false,"name":"sequential/test-worker-prof","id":1145,"buffered":false,"tapError":null,"skip":false,"todo":false,"previous":null,"plan":null,"diag":{"severity":"fail","exitcode":1,"stack":"files found in working directory before worker starts [ 'isolate-000002387F62A000-4964-v8.log' ]\nparent prof file: isolate-000002387F62A000-4964-v8.log\nparent posted 44880 messages\nfiles found in working directory before worker exits [\n  'isolate-0000023818BE3000-4964-v8.log',\n  'isolate-000002387F62A000-4964-v8.log'\n]\nworker prof file: isolate-0000023818BE3000-4964-v8.log\n\nworker ticks 32\nparent ticks 12\nnode:internal/assert/utils:77\n    throw err;\n    ^\n\nAssertionError [ERR_ASSERTION]: parent ticks <= 15:\ntick,0x7ff7deec1b37,126705,0,0x0,0,0x7ff7df2f5240,0x14764fd80b6,0x2649663056e,0x2906c7481b6,0x2906c748b52,0x2906c747687,0x2906c7469c9,0x26496601330,0x2906c7430b3,0x2906c75155f,0x2ace5307490\ntick,0x7ff7df33ff1b,159019,0,0x0,2,0x238198004be,0x23819800287,0x2ace5310484,0x2381980058f,0x23819800287,0x2ace530f9c5,0x2381980058f,0x23819800287,0x2ace530e644,0x2381980058f,0x23819800287,0x2649663e893,0x2649663f0c7,0x2ace530cd90,0x2ace530cc50,0x2381980058f,0x23819800287,0x2ace530c9ad,0x2381980058f,0x23819800287,0x2ace530c1a7,0x2381980058f,0x14764fc4d5c,0x26496630390,0x2906c7466cb,0x2906c7468fa,0x26496601330,0x2906c7430b3,0x2906c7477fa,0x264966306b8,0x2ace530a9a1,0x2906c748277,0x2906c748b52,0x2906c747687,0x2906c7469c9,0x26496601330,0x2906c7430b3,0x2906c7477fa,0x264966306b8,0x2ace53092a6,0x2906c748277,0x2906c748b52,0x2906c747687,0x2906c7469c9,0x26496601330,0x2906c7430b3,0x2906c75155f,0x2ace5307490\ntick,0x7ff7df0591a8,206702,0,0x0,3,0x238198004be,0x23819800287,0x2ace5321ffb,0x2381980058f,0x23819800287,0x2ace5321325,0x2381980058f,0x14764fc4d5c,0x26496630390,0x2906c7466cb,0x2906c7468fa,0x26496601330,0x2906c7430b3,0x2906c7477fa,0x264966306b8,0x2ace5320855,0x2906c748277,0x2906c748b52,0x2906c747687,0x2906c7469c9,0x26496601330,0x2906c7430b3,0x2906c7477fa,0x264966306b8,0x2ace530aa05,0x2906c748277,0x2906c748b52,0x2906c747687,0x2906c7469c9,0x26496601330,0x2906c7430b3,0x2906c7477fa,0x264966306b8,0x2ace53092a6,0x2906c748277,0x2906c748b52,0x2906c747687,0x2906c7469c9,0x26496601330,0x2906c7430b3,0x2906c75155f,0x2ace5307490\ntick,0x7ff7e0778ca7,222686,0,0x0,2,0x238198004be,0x23819800287,0x7ff7de665f00,0x2ace53241b6,0x238396557e7,0x2ace530affc,0x2906c748277,0x2906c748b52,0x2906c747687,0x2906c7469c9,0x26496601330,0x2906c7430b3,0x2906c7477fa,0x264966306b8,0x2ace53092a6,0x2906c748277,0x2906c748b52,0x2906c747687,0x2906c7469c9,0x26496601330,0x2906c7430b3,0x2906c75155f,0x2ace5307490\ntick,0x7ff7dee16be2,238765,0,0x0,2,0x238198004be,0x23819800287,0x7ff7de665f00,0x2ace53241b6,0x238396557e7,0x2ace530affc,0x2906c748277,0x2906c748b52,0x2906c747687,0x2906c7469c9,0x26496601330,0x2906c7430b3,0x2906c7477fa,0x264966306b8,0x2ace53092a6,0x2906c748277,0x2906c748b52,0x2906c747687,0x2906c7469c9,0x26496601330,0x2906c7430b3,0x2906c75155f,0x2ace5307490\ntick,0x23839741f40,523446,0,0x0,0,0x26496637ca8,0x238198115d9,0x14764fc3c44\ntick,0x7ffad57b09f4,651443,0,0x0,0,0x2381981536e,0x23819814aa0,0x23819815122,0x23819812f21,0x23819816402\ntick,0x2383958214c,731456,0,0x0,0,0x23819814aa0,0x23819815122,0x23819812f21,0x23819816402\ntick,0x7ff7df194e3f,1017449,0,0x0,5\ntick,0x7ff7de4418e0,1113544,0,0x0,0,0x23819817730,0x2381981752b,0x23819815122,0x23819816c31,0x23819816402\ntick,0x7ffad57b09f4,1305444,0,0x0,0,0x23819817730,0x238198179a9,0x23819816c31,0x23819816402\ntick,0x7ff7df1f8470,1417438,0,0x0,0\n    at Object.<anonymous> (c:\\workspace\\node-test-binary-windows-js-suites\\node\\test\\sequential\\test-worker-prof.js:82:3)\n    at Module._compile (node:internal/modules/cjs/loader:1760:14)\n    at Object..js (node:internal/modules/cjs/loader:1892:10)\n    at Module.load (node:internal/modules/cjs/loader:1480:32)\n    at Module._load (node:internal/modules/cjs/loader:1299:12)\n    at TracingChannel.traceSync (node:diagnostics_channel:328:14)\n    at wrapModuleLoad (node:internal/modules/cjs/loader:245:24)\n    at Module.executeUserEntryPoint [as runMain] (node:internal/modules/run_main:154:5)\n    at node:internal/main/run_main_module:33:47 {\n  generatedMessage: false,\n  code: 'ERR_ASSERTION',\n  actual: false,\n  expected: true,\n  operator: '==',\n  diff: 'simple'\n}\n\nNode.js v26.0.0-pre"},"time":2382.072,"fullname":"sequential/test-worker-prof","closingTestPoint":false}},{"testName":"parallel/test-runner-run-watch","timestamp":1760710950313,"status":"FAILED","jobName":"node-test-binary-windows-js-suites","config":"node-test-binary-windows-js-suites » 2,win2019-COMPILED_BY-vs2022_clang #37311","buildUrl":"https://ci.nodejs.org/job/node-test-binary-windows-js-suites/RUN_SUBSET=2,nodes=win2019-COMPILED_BY-vs2022_clang/37311/","buildNumber":37311,"builtOn":"test-rackspace-win2019_vs2019-x64-3","nodeVersion":"25.0.0","commitHash":"ffcb94ce646afb5e06f545b97d959307772d2bb5","callStack":[{"upstreamBuild":73622,"upstreamProject":"node-test-commit-windows-fanned","upstreamUrl":"job/node-test-commit-windows-fanned/"},{"upstreamBuild":83410,"upstreamProject":"node-test-commit","upstreamUrl":"job/node-test-commit/"},{"upstreamBuild":69780,"upstreamProject":"node-test-pull-request","upstreamUrl":"job/node-test-pull-request/"},{"prId":"60266"}],"tap":{"ok":false,"name":"parallel/test-runner-run-watch","id":920,"buffered":false,"tapError":null,"skip":false,"todo":": Fix flaky test","previous":null,"plan":null,"diag":{"severity":"flaky","exitcode":1,"stack":"Test failure: 'should run tests repeatedly'\nLocation: test\\parallel\\test-runner-run-watch.mjs:198:3\nAssertionError [ERR_ASSERTION]: The input did not match the regular expression /tests 1/. Input:\n\n'# Subtest: test has ran\\n' +\n  'ok 1 - test has ran\\n' +\n  '  ---\\n' +\n  '  duration_ms: 1.8809\\n' +\n  \"  type: 'test'\\n\" +\n  '  ...\\n' +\n  '# Subtest: test has ran\\n' +\n  'ok 2 - test has ran\\n' +\n  '  ---\\n' +\n  '  duration_ms: 1.9966\\n' +\n  \"  type: 'test'\\n\" +\n  '  ...\\n' +\n  '1..2\\n' +\n  '# tests 2\\n' +\n  '# suites 0\\n' +\n  '# pass 2\\n' +\n  '# fail 0\\n' +\n  '# cancelled 0\\n' +\n  '# skipped 0\\n' +\n  '# todo 0\\n' +\n  '# duration_ms 299.2949\\n'\n\n    at testUpdate (file:///C:/workspace/node-test-binary-windows-js-suites/node/test/parallel/test-runner-run-watch.mjs:91:14)\n    at process.processTicksAndRejections (node:internal/process/task_queues:103:5)\n    at async testWatch (file:///C:/workspace/node-test-binary-windows-js-suites/node/test/parallel/test-runner-run-watch.mjs:187:26)\n    at async TestContext.<anonymous> (file:///C:/workspace/node-test-binary-windows-js-suites/node/test/parallel/test-runner-run-watch.mjs:199:5)\n    at async Test.run (node:internal/test_runner/test:1113:7)\n    at async Promise.all (index 0)\n    at async Suite.run (node:internal/test_runner/test:1518:7)\n    at async startSubtestAfterBootstrap (node:internal/test_runner/harness:358:3) {\n  generatedMessage: true,\n  code: 'ERR_ASSERTION',\n  actual: '# Subtest: test has ran\\n' +\n    'ok 1 - test has ran\\n' +\n    '  ---\\n' +\n    '  duration_ms: 1.8809\\n' +\n    \"  type: 'test'\\n\" +\n    '  ...\\n' +\n    '# Subtest: test has ran\\n' +\n    'ok 2 - test has ran\\n' +\n    '  ---\\n' +\n    '  duration_ms: 1.9966\\n' +\n    '...',\n  expected: /tests 1/,\n  operator: 'match',\n  diff: 'simple'\n}"},"time":25211.207,"fullname":"parallel/test-runner-run-watch","closingTestPoint":false}}]}