{"failedTests":[{"testName":"parallel/test-runner-run-watch","timestamp":1760971590945,"status":"FAILED","jobName":"node-test-binary-windows-js-suites","config":"node-test-binary-windows-js-suites Â» 1,win2022-COMPILED_BY-vs2022_clang #37351","buildUrl":"https://ci.nodejs.org/job/node-test-binary-windows-js-suites/RUN_SUBSET=1,nodes=win2022-COMPILED_BY-vs2022_clang/37351/","buildNumber":37351,"builtOn":"test-rackspace-win2022_vs2022-x64-5","nodeVersion":"26.0.0","commitHash":"d83756fa93746f240acc9046697f4b87ff2174e1","callStack":[{"upstreamBuild":73661,"upstreamProject":"node-test-commit-windows-fanned","upstreamUrl":"job/node-test-commit-windows-fanned/"},{"upstreamBuild":83470,"upstreamProject":"node-test-commit","upstreamUrl":"job/node-test-commit/"},{"upstreamBuild":69830,"upstreamProject":"node-test-pull-request","upstreamUrl":"job/node-test-pull-request/"},{"prId":"60326"}],"tap":{"ok":false,"name":"parallel/test-runner-run-watch","id":1042,"buffered":false,"tapError":null,"skip":false,"todo":": Fix flaky test","previous":null,"plan":null,"diag":{"severity":"flaky","exitcode":1,"stack":"Test failure: 'should run tests repeatedly'\nLocation: test\\parallel\\test-runner-run-watch.mjs:198:3\nAssertionError [ERR_ASSERTION]: The input did not match the regular expression /tests 1/. Input:\n\n'# Subtest: test has ran\\n' +\n  'ok 1 - test has ran\\n' +\n  '  ---\\n' +\n  '  duration_ms: 2.9177\\n' +\n  \"  type: 'test'\\n\" +\n  '  ...\\n' +\n  '# Subtest: test has ran\\n' +\n  'ok 2 - test has ran\\n' +\n  '  ---\\n' +\n  '  duration_ms: 3.2767\\n' +\n  \"  type: 'test'\\n\" +\n  '  ...\\n' +\n  '1..2\\n' +\n  '# tests 2\\n' +\n  '# suites 0\\n' +\n  '# pass 2\\n' +\n  '# fail 0\\n' +\n  '# cancelled 0\\n' +\n  '# skipped 0\\n' +\n  '# todo 0\\n' +\n  '# duration_ms 302.8544\\n'\n\n    at testUpdate (file:///C:/workspace/node-test-binary-windows-js-suites/node/test/parallel/test-runner-run-watch.mjs:91:14)\n    at process.processTicksAndRejections (node:internal/process/task_queues:103:5)\n    at async testWatch (file:///C:/workspace/node-test-binary-windows-js-suites/node/test/parallel/test-runner-run-watch.mjs:187:26)\n    at async TestContext.<anonymous> (file:///C:/workspace/node-test-binary-windows-js-suites/node/test/parallel/test-runner-run-watch.mjs:199:5)\n    at async Test.run (node:internal/test_runner/test:1113:7)\n    at async Promise.all (index 0)\n    at async Suite.run (node:internal/test_runner/test:1518:7)\n    at async startSubtestAfterBootstrap (node:internal/test_runner/harness:358:3) {\n  generatedMessage: true,\n  code: 'ERR_ASSERTION',\n  actual: '# Subtest: test has ran\\n' +\n    'ok 1 - test has ran\\n' +\n    '  ---\\n' +\n    '  duration_ms: 2.9177\\n' +\n    \"  type: 'test'\\n\" +\n    '  ...\\n' +\n    '# Subtest: test has ran\\n' +\n    'ok 2 - test has ran\\n' +\n    '  ---\\n' +\n    '  duration_ms: 3.2767\\n' +\n    '...',\n  expected: /tests 1/,\n  operator: 'match',\n  diff: 'simple'\n}"},"time":28342.027,"fullname":"parallel/test-runner-run-watch","closingTestPoint":false}}]}