{"failedTests":[{"testName":"sequential/test-worker-prof","timestamp":1761497889508,"status":"FAILED","jobName":"node-test-binary-windows-js-suites","config":"node-test-binary-windows-js-suites Â» 1,win10-COMPILED_BY-vs2022_clang #37414","buildUrl":"https://ci.nodejs.org/job/node-test-binary-windows-js-suites/RUN_SUBSET=1,nodes=win10-COMPILED_BY-vs2022_clang/37414/","buildNumber":37414,"builtOn":"test-azure_msft-win10_vs2019-x64-2","nodeVersion":"26.0.0","commitHash":"3303b215a62ce12dc3b0bc2ae78e6f8d68e74f0b","callStack":[{"upstreamBuild":73727,"upstreamProject":"node-test-commit-windows-fanned","upstreamUrl":"job/node-test-commit-windows-fanned/"},{"upstreamBuild":83550,"upstreamProject":"node-test-commit","upstreamUrl":"job/node-test-commit/"},{"upstreamBuild":69890,"upstreamProject":"node-test-pull-request","upstreamUrl":"job/node-test-pull-request/"},{"prId":"60419"}],"tap":{"ok":false,"name":"sequential/test-worker-prof","id":1163,"buffered":false,"tapError":null,"skip":false,"todo":false,"previous":null,"plan":null,"diag":{"severity":"fail","exitcode":1,"stack":"files found in working directory before worker starts [ 'isolate-0000011CC0C6B000-8212-v8.log' ]\nparent prof file: isolate-0000011CC0C6B000-8212-v8.log\nparent posted 45931 messages\nfiles found in working directory before worker exits [\n  'isolate-0000011CC0C6B000-8212-v8.log',\n  'isolate-0000011CDA1F5000-8212-v8.log'\n]\nworker prof file: isolate-0000011CDA1F5000-8212-v8.log\n\nworker ticks 9\nparent ticks 32\nnode:internal/assert/utils:146\n  throw error;\n  ^\n\nAssertionError [ERR_ASSERTION]: worker ticks <= 10:\ntick,0x7ff7559135c1,48894,0,0x0,2,0x7ff7558fca90,0x36f94a51c6b,0x36f94a51912,0x36f94a4f165,0x36f94a4cb21,0x36f94a4c9a7,0x36f94a4c835,0x36f94a4c0d4\ntick,0x7ff75597d1b7,96916,0,0x0,2,0x11c8008297e,0x11c80082607,0x36f94a635c3,0x11c80082a4f,0x11c80082607,0x36f94a52e2e\ntick,0x7ff75597ce90,145043,0,0x0,2,0x11c8008297e,0x11c80082607,0x36f94a75007,0x11c80082a4f,0x11c80082607,0x36f94a74de6,0x36f94a74ba3\ntick,0x11c9fdc1e63,208914,0,0x0,0,0x11c80082a4f,0x11c80082607,0x24d7553b88,0x24d7550ccb,0x24d75502e4,0x36f94a4b6ec\ntick,0x7ff754fa8b90,513043,0,0x0,0,0x7ff7558fc980,0x11c800c020d,0x11c800871b8,0x11c800c0442\ntick,0x7ff8417d09f4,1041025,0,0x0,0,0x11c8004c897,0x11c8004bff1,0x11c800c0442\ntick,0x7ff755a8a9c8,1201014,0,0x0,5\ntick,0x7ff8417d09f4,1600894,0,0x0,0,0x11c8004c897,0x11c8004bff1,0x11c8004ca33\ntick,0x7ff755ec206d,1664884,0,0x0,5\n    at Object.<anonymous> (c:\\workspace\\node-test-binary-windows-js-suites\\node\\test\\sequential\\test-worker-prof.js:81:3)\n    at Module._compile (node:internal/modules/cjs/loader:1760:14)\n    at Object..js (node:internal/modules/cjs/loader:1892:10)\n    at Module.load (node:internal/modules/cjs/loader:1480:32)\n    at Module._load (node:internal/modules/cjs/loader:1299:12)\n    at TracingChannel.traceSync (node:diagnostics_channel:328:14)\n    at wrapModuleLoad (node:internal/modules/cjs/loader:245:24)\n    at Module.executeUserEntryPoint [as runMain] (node:internal/modules/run_main:154:5)\n    at node:internal/main/run_main_module:33:47 {\n  generatedMessage: false,\n  code: 'ERR_ASSERTION',\n  actual: false,\n  expected: true,\n  operator: '==',\n  diff: 'simple'\n}\n\nNode.js v26.0.0-pre"},"time":2412.752,"fullname":"sequential/test-worker-prof","closingTestPoint":false}}]}