{"failedTests":[{"testName":"sequential/test-worker-prof","timestamp":1761765321054,"status":"FAILED","jobName":"node-test-binary-windows-js-suites","config":"node-test-binary-windows-js-suites Â» 3,win10-COMPILED_BY-vs2022_clang #37460","buildUrl":"https://ci.nodejs.org/job/node-test-binary-windows-js-suites/RUN_SUBSET=3,nodes=win10-COMPILED_BY-vs2022_clang/37460/","buildNumber":37460,"builtOn":"test-azure_msft-win10_vs2019-x64-3","nodeVersion":"26.0.0","commitHash":"59841cb78e3d21c130fb995135749a982638378b","callStack":[{"upstreamBuild":73775,"upstreamProject":"node-test-commit-windows-fanned","upstreamUrl":"job/node-test-commit-windows-fanned/"},{"upstreamBuild":83624,"upstreamProject":"node-test-commit","upstreamUrl":"job/node-test-commit/"},{"upstreamBuild":69951,"upstreamProject":"node-test-pull-request","upstreamUrl":"job/node-test-pull-request/"},{"prId":"60479"}],"tap":{"ok":false,"name":"sequential/test-worker-prof","id":1167,"buffered":false,"tapError":null,"skip":false,"todo":false,"previous":null,"plan":null,"diag":{"severity":"fail","exitcode":1,"stack":"files found in working directory before worker starts [ 'isolate-000002CF0EFDE000-5360-v8.log' ]\nparent prof file: isolate-000002CF0EFDE000-5360-v8.log\nparent posted 35670 messages\nfiles found in working directory before worker exits [\n  'isolate-000002CF0EFDE000-5360-v8.log',\n  'isolate-000002CF284F8000-5360-v8.log'\n]\nworker prof file: isolate-000002CF284F8000-5360-v8.log\n\nworker ticks 10\nparent ticks 20\nnode:internal/assert/utils:146\n  throw error;\n  ^\n\nAssertionError [ERR_ASSERTION]: worker ticks <= 10:\ntick,0x7ff646b470ab,42863,0,0x0,0,0x7ff6469ed440,0x2cf68fc28d8,0x2124a68a219,0x2124a689927,0x2cf68f55567,0x2124a686654\ntick,0x7ff646f91f78,138867,0,0x0,2,0x2cf4914297e,0x2cf49142607,0x2124a6a73fb,0x2cf49142a4f,0x2cf49142607,0x2124a6930c3\ntick,0x7ff646a7dcdd,186875,0,0x0,2,0x2cf4914297e,0x2cf49142607,0x2124a6b4d5c,0x2124a6b4b03\ntick,0x7ff646af1523,234865,0,0x0,5,0x1a2a780bb9d,0x1a2a780bb03,0x1a2a780ba65,0x1a2a780b23b,0x1a2a780ac72,0x1a2a780ab80,0x1a2a7809ab6\ntick,0x7ff646a87405,250888,0,0x0,2,0x2cf4914297e,0x2cf49142607,0x1a2a7813b20,0x1a2a7810c63,0x1a2a781027c,0x2124a68b5cc\ntick,0x7ff91e8309f4,330838,0,0x0,0,0x2cf49148eb3,0x2cf491471b8,0x2124a68b5cc\ntick,0x7ff646dedd0f,362844,0,0x0,5\ntick,0x7ff64697dec1,794937,0,0x0,0,0x2cf49148eb3,0x2cf4910c087,0x2cf49149042\ntick,0x7ff91e8309f4,1193841,0,0x0,0,0x2cf4910c957,0x2cf4910c087,0x2cf49149042\ntick,0x2cf68eec5f1,1449844,0,0x0,0\n    at Object.<anonymous> (c:\\workspace\\node-test-binary-windows-js-suites\\node\\test\\sequential\\test-worker-prof.js:81:3)\n    at Module._compile (node:internal/modules/cjs/loader:1760:14)\n    at Object..js (node:internal/modules/cjs/loader:1892:10)\n    at Module.load (node:internal/modules/cjs/loader:1480:32)\n    at Module._load (node:internal/modules/cjs/loader:1299:12)\n    at TracingChannel.traceSync (node:diagnostics_channel:328:14)\n    at wrapModuleLoad (node:internal/modules/cjs/loader:245:24)\n    at Module.executeUserEntryPoint [as runMain] (node:internal/modules/run_main:154:5)\n    at node:internal/main/run_main_module:33:47 {\n  generatedMessage: false,\n  code: 'ERR_ASSERTION',\n  actual: false,\n  expected: true,\n  operator: '==',\n  diff: 'simple'\n}\n\nNode.js v26.0.0-pre"},"time":2501.455,"fullname":"sequential/test-worker-prof","closingTestPoint":false}}]}