{"failedTests":[{"testName":"sequential/test-worker-prof","timestamp":1762075393534,"status":"FAILED","jobName":"node-test-binary-windows-js-suites","config":"node-test-binary-windows-js-suites Â» 1,win10-COMPILED_BY-vs2022_clang #37503","buildUrl":"https://ci.nodejs.org/job/node-test-binary-windows-js-suites/RUN_SUBSET=1,nodes=win10-COMPILED_BY-vs2022_clang/37503/","buildNumber":37503,"builtOn":"test-azure_msft-win10_vs2019-x64-4","nodeVersion":"26.0.0","commitHash":"3ff23e0271c6d7fbe74813a8f8081eeb6bc79cf1","callStack":[{"upstreamBuild":73821,"upstreamProject":"node-test-commit-windows-fanned","upstreamUrl":"job/node-test-commit-windows-fanned/"},{"upstreamBuild":83689,"upstreamProject":"node-test-commit","upstreamUrl":"job/node-test-commit/"},{"upstreamBuild":70001,"upstreamProject":"node-test-pull-request","upstreamUrl":"job/node-test-pull-request/"},{"prId":"60542"}],"tap":{"ok":false,"name":"sequential/test-worker-prof","id":1169,"buffered":false,"tapError":null,"skip":false,"todo":false,"previous":null,"plan":null,"diag":{"severity":"fail","exitcode":1,"stack":"files found in working directory before worker starts [ 'isolate-0000021AEC4FA000-428-v8.log' ]\nparent prof file: isolate-0000021AEC4FA000-428-v8.log\nparent posted 45545 messages\nfiles found in working directory before worker exits [\n  'isolate-0000021AEC4FA000-428-v8.log',\n  'isolate-0000021AFDA17000-428-v8.log'\n]\nworker prof file: isolate-0000021AFDA17000-428-v8.log\n\nworker ticks 52\nparent ticks 10\nnode:internal/assert/utils:146\n  throw error;\n  ^\n\nAssertionError [ERR_ASSERTION]: parent ticks <= 10:\ntick,0x7ff621594fa5,194823,0,0x0,5,0x21a880404be,0x21a88040287,0x204bb49de87,0x21a8804058f,0x21a88040287,0x204bb49d0f4,0x21a8804058f,0x881b604d5c,0x2b4ade70520,0x28be9406863,0x28be9406a92,0x2b4ade41408,0x28be940324b,0x28be9407992,0x2b4ade70848,0x204bb48aaf8,0x28be940840f,0x28be9408cea,0x28be940781f,0x28be9406b61,0x2b4ade41408,0x28be940324b,0x28be9407992,0x2b4ade70848,0x204bb489386,0x28be940840f,0x28be9408cea,0x28be940781f,0x28be9406b61,0x2b4ade41408,0x28be940324b,0x28be940deb7,0x204bb487580\ntick,0x7ff621a341ee,259084,0,0x0,2,0x21a880404be,0x21a88040287,0x204bb4b1538,0x21a8804058f,0x21a88040287,0x881b617bca,0x21aa7e7b3ba,0x204bb48b158,0x28be940840f,0x28be9408cea,0x28be940781f,0x28be9406b61,0x2b4ade41408,0x28be940324b,0x28be9407992,0x2b4ade70848,0x204bb489386,0x28be940840f,0x28be9408cea,0x28be940781f,0x28be9406b61,0x2b4ade41408,0x28be940324b,0x28be940deb7,0x204bb487580\ntick,0x21aa7e2c5c0,610164,0,0x0,0\ntick,0x7ff6219eb343,1026288,0,0x0,0\ntick,0x7ffad57ae394,1138248,0,0x0,0,0x21a88057570,0x21a880577e9,0x21a88056a71,0x21a88056242\ntick,0x7ffad57b09f4,1186274,0,0x0,0,0x21a88057570,0x21a880577e9,0x21a88056a71,0x21a88056242\ntick,0x7ffad57b09f4,1618149,0,0x0,0,0x21a88057570,0x21a880577e9,0x21a88056a71,0x21a880579f3\ntick,0x7ffad57b09f4,1634302,0,0x0,0,0x21a88057570,0x21a880577e9,0x21a88056a71,0x21a880579f3\ntick,0x7ffad57b09f4,1778270,0,0x0,0,0x21a88057570,0x21a880577e9,0x21a88056a71,0x21a880579f3\ntick,0x7ffad57b09f4,1810163,0,0x0,0,0x21a88057570,0x21a880577e9,0x21a88056a71,0x21a880579f3\n    at Object.<anonymous> (c:\\workspace\\node-test-binary-windows-js-suites\\node\\test\\sequential\\test-worker-prof.js:82:3)\n    at Module._compile (node:internal/modules/cjs/loader:1760:14)\n    at Object..js (node:internal/modules/cjs/loader:1892:10)\n    at Module.load (node:internal/modules/cjs/loader:1480:32)\n    at Module._load (node:internal/modules/cjs/loader:1299:12)\n    at TracingChannel.traceSync (node:diagnostics_channel:328:14)\n    at wrapModuleLoad (node:internal/modules/cjs/loader:245:24)\n    at Module.executeUserEntryPoint [as runMain] (node:internal/modules/run_main:154:5)\n    at node:internal/main/run_main_module:33:47 {\n  generatedMessage: false,\n  code: 'ERR_ASSERTION',\n  actual: false,\n  expected: true,\n  operator: '==',\n  diff: 'simple'\n}\n\nNode.js v26.0.0-pre"},"time":2386.085,"fullname":"sequential/test-worker-prof","closingTestPoint":false}}]}