{"failedTests":[{"testName":"parallel/test-inspector-exit-worker-in-wait-for-connection","timestamp":1762178754387,"status":"FAILED","jobName":"node-test-binary-windows-js-suites","config":"node-test-binary-windows-js-suites » 2,win11-arm64-COMPILED_BY-vs2022_clang-arm64 #37518","buildUrl":"https://ci.nodejs.org/job/node-test-binary-windows-js-suites/RUN_SUBSET=2,nodes=win11-arm64-COMPILED_BY-vs2022_clang-arm64/37518/","buildNumber":37518,"builtOn":"test-azure_msft-win11_vs2022-arm64-5","nodeVersion":"26.0.0","commitHash":"94cc2b6ce1125f42dccd430c90802533ced2350b","callStack":[{"upstreamBuild":73837,"upstreamProject":"node-test-commit-windows-fanned","upstreamUrl":"job/node-test-commit-windows-fanned/"},{"upstreamBuild":83719,"upstreamProject":"node-test-commit","upstreamUrl":"job/node-test-commit/"},{"upstreamBuild":70023,"upstreamProject":"node-test-pull-request","upstreamUrl":"job/node-test-pull-request/"},{"prId":"59030"}],"tap":{"ok":false,"name":"parallel/test-inspector-exit-worker-in-wait-for-connection","id":781,"buffered":false,"tapError":null,"skip":false,"todo":false,"previous":null,"plan":null,"diag":{"severity":"crashed","exitcode":3221225477,"stack":"Debugger listening on ws://127.0.0.1:63398/4d2fa851-f14c-4b29-b59e-d3e47025bcf2\nFor help, see: https://nodejs.org/en/docs/inspector"},"time":15439.953,"fullname":"parallel/test-inspector-exit-worker-in-wait-for-connection","closingTestPoint":false}},{"testName":"sequential/test-worker-prof","timestamp":1762178754387,"status":"FAILED","jobName":"node-test-binary-windows-js-suites","config":"node-test-binary-windows-js-suites » 3,win11-arm64-COMPILED_BY-vs2022_clang-arm64 #37518","buildUrl":"https://ci.nodejs.org/job/node-test-binary-windows-js-suites/RUN_SUBSET=3,nodes=win11-arm64-COMPILED_BY-vs2022_clang-arm64/37518/","buildNumber":37518,"builtOn":"test-azure_msft-win11_vs2022-arm64-3","nodeVersion":"26.0.0","commitHash":"94cc2b6ce1125f42dccd430c90802533ced2350b","callStack":[{"upstreamBuild":73837,"upstreamProject":"node-test-commit-windows-fanned","upstreamUrl":"job/node-test-commit-windows-fanned/"},{"upstreamBuild":83719,"upstreamProject":"node-test-commit","upstreamUrl":"job/node-test-commit/"},{"upstreamBuild":70023,"upstreamProject":"node-test-pull-request","upstreamUrl":"job/node-test-pull-request/"},{"prId":"59030"}],"tap":{"ok":false,"name":"sequential/test-worker-prof","id":1168,"buffered":false,"tapError":null,"skip":false,"todo":false,"previous":null,"plan":null,"diag":{"severity":"fail","exitcode":1,"stack":"files found in working directory before worker starts [ 'isolate-0000023746007000-24404-v8.log' ]\nparent prof file: isolate-0000023746007000-24404-v8.log\nparent posted 35867 messages\nfiles found in working directory before worker exits [\n  'isolate-0000023746007000-24404-v8.log',\n  'isolate-000002375EDA9000-24404-v8.log'\n]\nworker prof file: isolate-000002375EDA9000-24404-v8.log\n\nworker ticks 7\nparent ticks 57\nnode:internal/assert/utils:146\n  throw error;\n  ^\n\nAssertionError [ERR_ASSERTION]: worker ticks <= 10:\ntick,0x7ffa749b4a58,118025,0,0x0,5,0x23700044ac4,0x237000446d4,0x1114beccb73\ntick,0x7ffa748f0e74,869463,0,0x0,0,0x237000c0314,0x2370004e3ec,0x237000c0528\ntick,0x7ffa748f0e74,885440,0,0x0,0,0x237000c0314,0x2370004e3ec,0x237000c0528\ntick,0x7ffa748f0e74,981440,0,0x0,0,0x237000c0314,0x2370004e3ec,0x237000c0528\ntick,0x7ffa748f0e74,1109433,0,0x0,0,0x2370004ed48,0x2370004e3ec,0x237000c0528\ntick,0x7ff61bef71ac,1397472,0,0x0,0\ntick,0x7ff61be8eb60,1605478,0,0x0,5\n    at Object.<anonymous> (d:\\workspace\\node-test-binary-windows-js-suites\\node\\test\\sequential\\test-worker-prof.js:81:3)\n    at Module._compile (node:internal/modules/cjs/loader:1760:14)\n    at Module._extensions..js (node:internal/modules/cjs/loader:1892:10)\n    at Module.load (node:internal/modules/cjs/loader:1480:32)\n    at Module._load (node:internal/modules/cjs/loader:1299:12)\n    at TracingChannel.traceSync (node:diagnostics_channel:328:14)\n    at wrapModuleLoad (node:internal/modules/cjs/loader:245:24)\n    at Module.executeUserEntryPoint [as runMain] (node:internal/modules/run_main:154:5)\n    at node:internal/main/run_main_module:33:47 {\n  generatedMessage: false,\n  code: 'ERR_ASSERTION',\n  actual: false,\n  expected: true,\n  operator: '==',\n  diff: 'simple'\n}\n\nNode.js v26.0.0-pre"},"time":2750.503,"fullname":"sequential/test-worker-prof","closingTestPoint":false}}]}