{"failedTests":[{"testName":"sequential/test-worker-prof","timestamp":1762158564844,"status":"FAILED","jobName":"node-test-binary-windows-js-suites","config":"node-test-binary-windows-js-suites » 1,win10-COMPILED_BY-vs2022_clang #37514","buildUrl":"https://ci.nodejs.org/job/node-test-binary-windows-js-suites/RUN_SUBSET=1,nodes=win10-COMPILED_BY-vs2022_clang/37514/","buildNumber":37514,"builtOn":"test-azure_msft-win10_vs2019-x64-2","nodeVersion":"26.0.0","commitHash":"72c0fdf125314145e6ddef3543965ee63227542f","callStack":[{"upstreamBuild":73832,"upstreamProject":"node-test-commit-windows-fanned","upstreamUrl":"job/node-test-commit-windows-fanned/"},{"upstreamBuild":83709,"upstreamProject":"node-test-commit","upstreamUrl":"job/node-test-commit/"},{"upstreamBuild":3954,"upstreamProject":"node-daily-master","upstreamUrl":"job/node-daily-master/"}],"tap":{"ok":false,"name":"sequential/test-worker-prof","id":1169,"buffered":false,"tapError":null,"skip":false,"todo":false,"previous":null,"plan":null,"diag":{"severity":"fail","exitcode":1,"stack":"files found in working directory before worker starts [ 'isolate-0000022855B1A000-3208-v8.log' ]\nparent prof file: isolate-0000022855B1A000-3208-v8.log\nparent posted 42544 messages\nfiles found in working directory before worker exits [\n  'isolate-0000022855B1A000-3208-v8.log',\n  'isolate-000002286F04F000-3208-v8.log'\n]\nworker prof file: isolate-000002286F04F000-3208-v8.log\n\nworker ticks 9\nparent ticks 52\nnode:internal/assert/utils:146\n  throw error;\n  ^\n\nAssertionError [ERR_ASSERTION]: worker ticks <= 10:\ntick,0x7ff6bf082750,149273,0,0x0,2,0x2282008297e,0x22820082607,0x2dbb4af4c4a\ntick,0x2283fdc2144,229263,0,0x0,0,0x22820085eaf,0x2dbb4acb68c\ntick,0x7ff84175b7da,245267,0,0x0,0,0x20a06ce4b09,0x228200871b8,0x2dbb4acb68c\ntick,0x7ff6bf79eab0,325009,0,0x0,1\ntick,0x7ff8417d09f4,564520,0,0x0,0,0x228200c02b3,0x228200871b8,0x228200c0442\ntick,0x7ff8417d09f4,868646,0,0x0,0,0x2282004c897,0x2282004bff1,0x228200c0442\ntick,0x7ff8417d09f4,916633,0,0x0,0,0x2282004c897,0x2282004bff1,0x228200c0442\ntick,0x7ff8417d09f4,1028551,0,0x0,0,0x2282004c897,0x2282004bff1,0x228200c0442\ntick,0x7ff841751781,1299533,0,0x0,0,0x2282004c897,0x2282004bff1,0x228200c0442\n    at Object.<anonymous> (c:\\workspace\\node-test-binary-windows-js-suites\\node\\test\\sequential\\test-worker-prof.js:81:3)\n    at Module._compile (node:internal/modules/cjs/loader:1760:14)\n    at Object..js (node:internal/modules/cjs/loader:1892:10)\n    at Module.load (node:internal/modules/cjs/loader:1480:32)\n    at Module._load (node:internal/modules/cjs/loader:1299:12)\n    at TracingChannel.traceSync (node:diagnostics_channel:328:14)\n    at wrapModuleLoad (node:internal/modules/cjs/loader:245:24)\n    at Module.executeUserEntryPoint [as runMain] (node:internal/modules/run_main:154:5)\n    at node:internal/main/run_main_module:33:47 {\n  generatedMessage: false,\n  code: 'ERR_ASSERTION',\n  actual: false,\n  expected: true,\n  operator: '==',\n  diff: 'simple'\n}\n\nNode.js v26.0.0-pre"},"time":2389.49,"fullname":"sequential/test-worker-prof","closingTestPoint":false}},{"testName":"wpt/test-wasm-webapi","timestamp":1762158564844,"status":"FAILED","jobName":"node-test-binary-windows-js-suites","config":"node-test-binary-windows-js-suites » 1,win11-arm64-COMPILED_BY-vs2022_clang-arm64 #37514","buildUrl":"https://ci.nodejs.org/job/node-test-binary-windows-js-suites/RUN_SUBSET=1,nodes=win11-arm64-COMPILED_BY-vs2022_clang-arm64/37514/","buildNumber":37514,"builtOn":"test-azure_msft-win11_vs2022-arm64-2","nodeVersion":"26.0.0","commitHash":"72c0fdf125314145e6ddef3543965ee63227542f","callStack":[{"upstreamBuild":73832,"upstreamProject":"node-test-commit-windows-fanned","upstreamUrl":"job/node-test-commit-windows-fanned/"},{"upstreamBuild":83709,"upstreamProject":"node-test-commit","upstreamUrl":"job/node-test-commit/"},{"upstreamBuild":3954,"upstreamProject":"node-daily-master","upstreamUrl":"job/node-daily-master/"}],"tap":{"ok":false,"name":"wpt/test-wasm-webapi","id":1174,"buffered":false,"tapError":null,"skip":false,"todo":false,"previous":null,"plan":null,"diag":{"severity":"crashed","exitcode":3221225477,"stack":"[SKIPPED] abort.any.js: WPTRunner does not support fetch()\n[SKIPPED] contenttype.any.js: WPTRunner does not support fetch()\n[SKIPPED] historical.any.js: indexedDB is not defined\n[SKIPPED] idlharness.any.js: not configured\n[SKIPPED] instantiateStreaming-bad-imports.any.js: Flaky on ARM with V8 >= 11.2\n[SKIPPED] origin.sub.any.js: CORS not implemented\n[SKIPPED] status.any.js: WPTRunner does not support fetch()\n[PASS] compileStreaming\n[PASS] instantiateStreaming\n[PASS] compileStreaming: no body\n[PASS] compileStreaming: no body in a promise\n[PASS] compileStreaming after consumption\n[PASS] compileStreaming before consumption\n[PASS] instantiateStreaming after consumption\n[PASS] instantiateStreaming before consumption\n[PASS] compileStreaming: empty body\n[PASS] compileStreaming: empty body in a promise\n[PASS] instantiateStreaming: no body\n[PASS] instantiateStreaming: no body in a promise\n[PASS] instantiateStreaming: empty body\n[PASS] instantiateStreaming: empty body in a promise\n[PASS] compileStreaming: undefined\n[PASS] compileStreaming: undefined in a promise\n[PASS] compileStreaming: null\n[PASS] compileStreaming: null in a promise\n[PASS] compileStreaming: true\n[PASS] compileStreaming: true in a promise\n[PASS] compileStreaming: \"test\"\n[PASS] compileStreaming: \"test\" in a promise\n[PASS] compileStreaming: symbol \"Symbol()\"\n[PASS] compileStreaming: symbol \"Symbol()\" in a promise\n[PASS] compileStreaming: 0\n[PASS] compileStreaming: 0 in a promise\n[PASS] compileStreaming: 0.1\n[PASS] compileStreaming: 0.1 in a promise\n[PASS] compileStreaming: NaN\n[PASS] compileStreaming: NaN in a promise\n[PASS] compileStreaming: Empty object\n[PASS] compileStreaming: Empty object in a promise\n[PASS] compileStreaming: Response interface object\n[PASS] compileStreaming: Response interface object in a promise\n[PASS] compileStreaming: Response interface prototype object\n[PASS] compileStreaming: Response interface prototype object in a promise\n[PASS] instantiateStreaming: undefined\n[PASS] instantiateStreaming: undefined in a promise\n[PASS] instantiateStreaming: null\n[PASS] instantiateStreaming: null in a promise\n[PASS] instantiateStreaming: true\n[PASS] Empty module without imports argument\n[PASS] instantiateStreaming: true in a promise\n[PASS] instantiateStreaming: \"test\"\n[PASS] Empty module with undefined imports argument\n[PASS] instantiateStreaming: \"test\" in a promise\n[PASS] instantiateStreaming: symbol \"Symbol()\"\n[PASS] instantiateStreaming: symbol \"Symbol()\" in a promise\n[PASS] instantiateStreaming: 0\n[PASS] instantiateStreaming: 0 in a promise\n[PASS] Empty module with empty imports argument\n[PASS] instantiateStreaming: 0.1\n[PASS] instantiateStreaming: 0.1 in a promise\n[PASS] instantiateStreaming: NaN\n[PASS] instantiateStreaming: NaN in a promise\n[PASS] instantiateStreaming: Empty object\n[PASS] instantiateStreaming: Empty object in a promise\n[PASS] instantiateStreaming: Response interface object\n[PASS] instantiateStreaming: Response interface object in a promise\n[PASS] instantiateStreaming: Response interface prototype object\n[PASS] instantiateStreaming: Response interface prototype object in a promise\n[PASS] getter order for imports object\n[PASS] imports\n[PASS] Invalid code (0x0000): compileStreaming\n[PASS] Invalid code (0xCAFE): compileStreaming\n[PASS] Invalid code (0x0000): instantiateStreaming\n[PASS] imports with empty module names\n[PASS] Invalid code (0xCAFE): instantiateStreaming\n[PASS] imports with empty names\n[PASS] exports with empty name: function\n[PASS] exports with empty name: table\n[PASS] compileStreaming with Content-Type set late\n[PASS] exports with empty name: global\n[PASS] compileStreaming with Content-Type removed late\n[PASS] No imports\n[PASS] instantiateStreaming with Content-Type set late\n[PASS] instantiateStreaming with Content-Type removed late\n[PASS] exports and imports\n[PASS] i64 exports and imports\n[PASS] import with i32-returning function\n[PASS] import with function that takes and returns i32\n[PASS] import with i64-returning function\n[PASS] import with function that takes and returns i64\n[PASS] import with i32-taking function\n[PASS] import with i64-taking function\n[PASS] export i64-returning function\n[PASS] i32 mutable WebAssembly.Global import\n[PASS] i64 mutable WebAssembly.Global import\n[PASS] Multiple i64 arguments\n[PASS] stray argument\n[PASS] Synchronous options handling"},"time":870.091,"fullname":"wpt/test-wasm-webapi","closingTestPoint":false}}]}