{"failedTests":[{"testName":"parallel/test-fs-symlink-dir-junction","timestamp":1762374853596,"status":"FAILED","jobName":"node-test-binary-windows-js-suites","config":"node-test-binary-windows-js-suites » 1,win2019-COMPILED_BY-vs2019 #37550","buildUrl":"https://ci.nodejs.org/job/node-test-binary-windows-js-suites/RUN_SUBSET=1,nodes=win2019-COMPILED_BY-vs2019/37550/","buildNumber":37550,"builtOn":"test-rackspace-win2019_vs2019-x64-4","nodeVersion":"20.19.6","commitHash":"4a50b37f3bcbcc25288f30cf7cee42364f8ea808","callStack":[{"upstreamBuild":73868,"upstreamProject":"node-test-commit-windows-fanned","upstreamUrl":"job/node-test-commit-windows-fanned/"},{"upstreamBuild":83766,"upstreamProject":"node-test-commit","upstreamUrl":"job/node-test-commit/"},{"upstreamBuild":70062,"upstreamProject":"node-test-pull-request","upstreamUrl":"job/node-test-pull-request/"},{"prId":"60579"}],"tap":{"ok":false,"name":"parallel/test-fs-symlink-dir-junction","id":311,"buffered":false,"tapError":null,"skip":false,"todo":false,"previous":null,"plan":null,"diag":{"severity":"fail","exitcode":1,"stack":"node:assert:90\n  throw new AssertionError(obj);\n  ^\n\nAssertionError [ERR_ASSERTION]: Expected values to be strictly equal:\n+ actual - expected\n\n+ 'C:\\\\workspace\\\\node-test-binary-windows-js-suites\\\\node\\\\test\\\\fixtures\\\\cycles'\n- 'C:\\\\workspace\\\\node-test-binary-windows-js-suites\\\\node\\\\test\\\\fixtures\\\\cycles\\\\'\n    at C:\\workspace\\node-test-binary-windows-js-suites\\node\\test\\parallel\\test-fs-symlink-dir-junction.js:41:14\n    at C:\\workspace\\node-test-binary-windows-js-suites\\node\\test\\common\\index.js:439:17\n    at C:\\workspace\\node-test-binary-windows-js-suites\\node\\test\\common\\index.js:474:15\n    at FSReqCallback.oncomplete (node:fs:188:23) {\n  generatedMessage: true,\n  code: 'ERR_ASSERTION',\n  actual: 'C:\\\\workspace\\\\node-test-binary-windows-js-suites\\\\node\\\\test\\\\fixtures\\\\cycles',\n  expected: 'C:\\\\workspace\\\\node-test-binary-windows-js-suites\\\\node\\\\test\\\\fixtures\\\\cycles\\\\',\n  operator: 'strictEqual'\n}\n\nNode.js v20.19.6-pre"},"time":284.011,"fullname":"parallel/test-fs-symlink-dir-junction","closingTestPoint":false}},{"testName":"parallel/test-fs-symlink-dir-junction","timestamp":1762374853596,"status":"FAILED","jobName":"node-test-binary-windows-js-suites","config":"node-test-binary-windows-js-suites » 1,win10-COMPILED_BY-vs2019 #37550","buildUrl":"https://ci.nodejs.org/job/node-test-binary-windows-js-suites/RUN_SUBSET=1,nodes=win10-COMPILED_BY-vs2019/37550/","buildNumber":37550,"builtOn":"test-azure_msft-win10_vs2019-x64-2","nodeVersion":"20.19.6","commitHash":"4a50b37f3bcbcc25288f30cf7cee42364f8ea808","callStack":[{"upstreamBuild":73868,"upstreamProject":"node-test-commit-windows-fanned","upstreamUrl":"job/node-test-commit-windows-fanned/"},{"upstreamBuild":83766,"upstreamProject":"node-test-commit","upstreamUrl":"job/node-test-commit/"},{"upstreamBuild":70062,"upstreamProject":"node-test-pull-request","upstreamUrl":"job/node-test-pull-request/"},{"prId":"60579"}],"tap":{"ok":false,"name":"parallel/test-fs-symlink-dir-junction","id":315,"buffered":false,"tapError":null,"skip":false,"todo":false,"previous":null,"plan":null,"diag":{"severity":"fail","exitcode":1,"stack":"node:assert:90\n  throw new AssertionError(obj);\n  ^\n\nAssertionError [ERR_ASSERTION]: Expected values to be strictly equal:\n+ actual - expected\n\n+ 'c:\\\\workspace\\\\node-test-binary-windows-js-suites\\\\node\\\\test\\\\fixtures\\\\cycles'\n- 'c:\\\\workspace\\\\node-test-binary-windows-js-suites\\\\node\\\\test\\\\fixtures\\\\cycles\\\\'\n    at c:\\workspace\\node-test-binary-windows-js-suites\\node\\test\\parallel\\test-fs-symlink-dir-junction.js:41:14\n    at c:\\workspace\\node-test-binary-windows-js-suites\\node\\test\\common\\index.js:439:17\n    at c:\\workspace\\node-test-binary-windows-js-suites\\node\\test\\common\\index.js:474:15\n    at FSReqCallback.oncomplete (node:fs:188:23) {\n  generatedMessage: true,\n  code: 'ERR_ASSERTION',\n  actual: 'c:\\\\workspace\\\\node-test-binary-windows-js-suites\\\\node\\\\test\\\\fixtures\\\\cycles',\n  expected: 'c:\\\\workspace\\\\node-test-binary-windows-js-suites\\\\node\\\\test\\\\fixtures\\\\cycles\\\\',\n  operator: 'strictEqual'\n}\n\nNode.js v20.19.6-pre"},"time":139.002,"fullname":"parallel/test-fs-symlink-dir-junction","closingTestPoint":false}},{"testName":"parallel/test-fs-symlink-dir-junction","timestamp":1762374853596,"status":"FAILED","jobName":"node-test-binary-windows-js-suites","config":"node-test-binary-windows-js-suites » 1,win2016-COMPILED_BY-vs2019-x86 #37550","buildUrl":"https://ci.nodejs.org/job/node-test-binary-windows-js-suites/RUN_SUBSET=1,nodes=win2016-COMPILED_BY-vs2019-x86/37550/","buildNumber":37550,"builtOn":"test-rackspace-win2016_vs2015-x64-1","nodeVersion":"20.19.6","commitHash":"4a50b37f3bcbcc25288f30cf7cee42364f8ea808","callStack":[{"upstreamBuild":73868,"upstreamProject":"node-test-commit-windows-fanned","upstreamUrl":"job/node-test-commit-windows-fanned/"},{"upstreamBuild":83766,"upstreamProject":"node-test-commit","upstreamUrl":"job/node-test-commit/"},{"upstreamBuild":70062,"upstreamProject":"node-test-pull-request","upstreamUrl":"job/node-test-pull-request/"},{"prId":"60579"}],"tap":{"ok":false,"name":"parallel/test-fs-symlink-dir-junction","id":314,"buffered":false,"tapError":null,"skip":false,"todo":false,"previous":null,"plan":null,"diag":{"severity":"fail","exitcode":1,"stack":"node:assert:90\n  throw new AssertionError(obj);\n  ^\n\nAssertionError [ERR_ASSERTION]: Expected values to be strictly equal:\n+ actual - expected\n\n+ 'C:\\\\workspace\\\\node-test-binary-windows-js-suites\\\\node\\\\test\\\\fixtures\\\\cycles'\n- 'C:\\\\workspace\\\\node-test-binary-windows-js-suites\\\\node\\\\test\\\\fixtures\\\\cycles\\\\'\n    at C:\\workspace\\node-test-binary-windows-js-suites\\node\\test\\parallel\\test-fs-symlink-dir-junction.js:41:14\n    at C:\\workspace\\node-test-binary-windows-js-suites\\node\\test\\common\\index.js:439:17\n    at C:\\workspace\\node-test-binary-windows-js-suites\\node\\test\\common\\index.js:474:15\n    at FSReqCallback.oncomplete (node:fs:188:23) {\n  generatedMessage: true,\n  code: 'ERR_ASSERTION',\n  actual: 'C:\\\\workspace\\\\node-test-binary-windows-js-suites\\\\node\\\\test\\\\fixtures\\\\cycles',\n  expected: 'C:\\\\workspace\\\\node-test-binary-windows-js-suites\\\\node\\\\test\\\\fixtures\\\\cycles\\\\',\n  operator: 'strictEqual'\n}\n\nNode.js v20.19.6-pre"},"time":236,"fullname":"parallel/test-fs-symlink-dir-junction","closingTestPoint":false}},{"testName":"parallel/test-fs-symlink-dir-junction","timestamp":1762374853596,"status":"FAILED","jobName":"node-test-binary-windows-js-suites","config":"node-test-binary-windows-js-suites » 1,win11-COMPILED_BY-vs2019 #37550","buildUrl":"https://ci.nodejs.org/job/node-test-binary-windows-js-suites/RUN_SUBSET=1,nodes=win11-COMPILED_BY-vs2019/37550/","buildNumber":37550,"builtOn":"test-azure_msft-win11_vs2022-x64-4","nodeVersion":"20.19.6","commitHash":"4a50b37f3bcbcc25288f30cf7cee42364f8ea808","callStack":[{"upstreamBuild":73868,"upstreamProject":"node-test-commit-windows-fanned","upstreamUrl":"job/node-test-commit-windows-fanned/"},{"upstreamBuild":83766,"upstreamProject":"node-test-commit","upstreamUrl":"job/node-test-commit/"},{"upstreamBuild":70062,"upstreamProject":"node-test-pull-request","upstreamUrl":"job/node-test-pull-request/"},{"prId":"60579"}],"tap":{"ok":false,"name":"parallel/test-fs-symlink-dir-junction","id":315,"buffered":false,"tapError":null,"skip":false,"todo":false,"previous":null,"plan":null,"diag":{"severity":"fail","exitcode":1,"stack":"node:assert:90\n  throw new AssertionError(obj);\n  ^\n\nAssertionError [ERR_ASSERTION]: Expected values to be strictly equal:\n+ actual - expected\n\n+ 'c:\\\\workspace\\\\node-test-binary-windows-js-suites\\\\node\\\\test\\\\fixtures\\\\cycles'\n- 'c:\\\\workspace\\\\node-test-binary-windows-js-suites\\\\node\\\\test\\\\fixtures\\\\cycles\\\\'\n    at c:\\workspace\\node-test-binary-windows-js-suites\\node\\test\\parallel\\test-fs-symlink-dir-junction.js:41:14\n    at c:\\workspace\\node-test-binary-windows-js-suites\\node\\test\\common\\index.js:439:17\n    at c:\\workspace\\node-test-binary-windows-js-suites\\node\\test\\common\\index.js:474:15\n    at FSReqCallback.oncomplete (node:fs:188:23) {\n  generatedMessage: true,\n  code: 'ERR_ASSERTION',\n  actual: 'c:\\\\workspace\\\\node-test-binary-windows-js-suites\\\\node\\\\test\\\\fixtures\\\\cycles',\n  expected: 'c:\\\\workspace\\\\node-test-binary-windows-js-suites\\\\node\\\\test\\\\fixtures\\\\cycles\\\\',\n  operator: 'strictEqual'\n}\n\nNode.js v20.19.6-pre"},"time":154,"fullname":"parallel/test-fs-symlink-dir-junction","closingTestPoint":false}},{"testName":"parallel/test-fs-symlink-dir-junction","timestamp":1762374853596,"status":"FAILED","jobName":"node-test-binary-windows-js-suites","config":"node-test-binary-windows-js-suites » 1,win2022-COMPILED_BY-vs2019 #37550","buildUrl":"https://ci.nodejs.org/job/node-test-binary-windows-js-suites/RUN_SUBSET=1,nodes=win2022-COMPILED_BY-vs2019/37550/","buildNumber":37550,"builtOn":"test-rackspace-win2022_vs2022-x64-1","nodeVersion":"20.19.6","commitHash":"4a50b37f3bcbcc25288f30cf7cee42364f8ea808","callStack":[{"upstreamBuild":73868,"upstreamProject":"node-test-commit-windows-fanned","upstreamUrl":"job/node-test-commit-windows-fanned/"},{"upstreamBuild":83766,"upstreamProject":"node-test-commit","upstreamUrl":"job/node-test-commit/"},{"upstreamBuild":70062,"upstreamProject":"node-test-pull-request","upstreamUrl":"job/node-test-pull-request/"},{"prId":"60579"}],"tap":{"ok":false,"name":"parallel/test-fs-symlink-dir-junction","id":316,"buffered":false,"tapError":null,"skip":false,"todo":false,"previous":null,"plan":null,"diag":{"severity":"fail","exitcode":1,"stack":"node:assert:90\n  throw new AssertionError(obj);\n  ^\n\nAssertionError [ERR_ASSERTION]: Expected values to be strictly equal:\n+ actual - expected\n\n+ 'C:\\\\workspace\\\\node-test-binary-windows-js-suites\\\\node\\\\test\\\\fixtures\\\\cycles'\n- 'C:\\\\workspace\\\\node-test-binary-windows-js-suites\\\\node\\\\test\\\\fixtures\\\\cycles\\\\'\n    at C:\\workspace\\node-test-binary-windows-js-suites\\node\\test\\parallel\\test-fs-symlink-dir-junction.js:41:14\n    at C:\\workspace\\node-test-binary-windows-js-suites\\node\\test\\common\\index.js:439:17\n    at C:\\workspace\\node-test-binary-windows-js-suites\\node\\test\\common\\index.js:474:15\n    at FSReqCallback.oncomplete (node:fs:188:23) {\n  generatedMessage: true,\n  code: 'ERR_ASSERTION',\n  actual: 'C:\\\\workspace\\\\node-test-binary-windows-js-suites\\\\node\\\\test\\\\fixtures\\\\cycles',\n  expected: 'C:\\\\workspace\\\\node-test-binary-windows-js-suites\\\\node\\\\test\\\\fixtures\\\\cycles\\\\',\n  operator: 'strictEqual'\n}\n\nNode.js v20.19.6-pre"},"time":262.005,"fullname":"parallel/test-fs-symlink-dir-junction","closingTestPoint":false}},{"testName":"parallel/test-fs-symlink-dir-junction","timestamp":1762374853596,"status":"FAILED","jobName":"node-test-binary-windows-js-suites","config":"node-test-binary-windows-js-suites » 2,win11-arm64-COMPILED_BY-vs2019-arm64 #37550","buildUrl":"https://ci.nodejs.org/job/node-test-binary-windows-js-suites/RUN_SUBSET=2,nodes=win11-arm64-COMPILED_BY-vs2019-arm64/37550/","buildNumber":37550,"builtOn":"test-azure_msft-win11_vs2022-arm64-6","nodeVersion":"20.19.6","commitHash":"4a50b37f3bcbcc25288f30cf7cee42364f8ea808","callStack":[{"upstreamBuild":73868,"upstreamProject":"node-test-commit-windows-fanned","upstreamUrl":"job/node-test-commit-windows-fanned/"},{"upstreamBuild":83766,"upstreamProject":"node-test-commit","upstreamUrl":"job/node-test-commit/"},{"upstreamBuild":70062,"upstreamProject":"node-test-pull-request","upstreamUrl":"job/node-test-pull-request/"},{"prId":"60579"}],"tap":{"ok":false,"name":"parallel/test-fs-symlink-dir-junction","id":314,"buffered":false,"tapError":null,"skip":false,"todo":false,"previous":null,"plan":null,"diag":{"severity":"fail","exitcode":1,"stack":"node:assert:90\n  throw new AssertionError(obj);\n  ^\n\nAssertionError [ERR_ASSERTION]: Expected values to be strictly equal:\n+ actual - expected\n\n+ 'd:\\\\workspace\\\\node-test-binary-windows-js-suites\\\\node\\\\test\\\\fixtures\\\\cycles'\n- 'd:\\\\workspace\\\\node-test-binary-windows-js-suites\\\\node\\\\test\\\\fixtures\\\\cycles\\\\'\n    at d:\\workspace\\node-test-binary-windows-js-suites\\node\\test\\parallel\\test-fs-symlink-dir-junction.js:41:14\n    at d:\\workspace\\node-test-binary-windows-js-suites\\node\\test\\common\\index.js:439:17\n    at d:\\workspace\\node-test-binary-windows-js-suites\\node\\test\\common\\index.js:474:15\n    at FSReqCallback.oncomplete (node:fs:188:23) {\n  generatedMessage: true,\n  code: 'ERR_ASSERTION',\n  actual: 'd:\\\\workspace\\\\node-test-binary-windows-js-suites\\\\node\\\\test\\\\fixtures\\\\cycles',\n  expected: 'd:\\\\workspace\\\\node-test-binary-windows-js-suites\\\\node\\\\test\\\\fixtures\\\\cycles\\\\',\n  operator: 'strictEqual'\n}\n\nNode.js v20.19.6-pre"},"time":266.003,"fullname":"parallel/test-fs-symlink-dir-junction","closingTestPoint":false}}]}