{"failedTests":[{"testName":"parallel/test-inspector-network-fetch","timestamp":1762863354845,"status":"FAILED","jobName":"node-test-binary-windows-js-suites","config":"node-test-binary-windows-js-suites Â» 2,win2022-COMPILED_BY-vs2022 #37623","buildUrl":"https://ci.nodejs.org/job/node-test-binary-windows-js-suites/RUN_SUBSET=2,nodes=win2022-COMPILED_BY-vs2022/37623/","buildNumber":37623,"builtOn":"test-rackspace-win2022_vs2022-x64-6","nodeVersion":"22.21.2","commitHash":"e7d742ae0b28738e78349d016950ed7798bd4626","callStack":[{"upstreamBuild":73943,"upstreamProject":"node-test-commit-windows-fanned","upstreamUrl":"job/node-test-commit-windows-fanned/"},{"upstreamBuild":83867,"upstreamProject":"node-test-commit","upstreamUrl":"job/node-test-commit/"},{"upstreamBuild":385,"upstreamProject":"node-daily-v22.x-staging","upstreamUrl":"job/node-daily-v22.x-staging/"}],"tap":{"ok":false,"name":"parallel/test-inspector-network-fetch","id":592,"buffered":false,"tapError":null,"skip":false,"todo":": Fix flaky test","previous":null,"plan":null,"diag":{"severity":"flaky","exitcode":1,"stack":"Debugger listening on ws://127.0.0.1:54719/768deae8-86ca-4ba0-b63f-511b8ae3d479\nFor help, see: https://nodejs.org/en/docs/inspector\n(node:8716) [UNDICI-EHPA] Warning: EnvHttpProxyAgent is experimental, expect them to change at any time.\n(Use `node --trace-warnings ...` to show where the warning was created)\n(node:8716) [ERR_ASSERTION] AssertionError [ERR_ASSERTION]: Expected values to be strictly equal:\n\n400 !== 200\n\nnode:internal/deps/undici/undici:14900\n      Error.captureStackTrace(err);\n            ^\n\nTypeError: fetch failed\n    at node:internal/deps/undici/undici:14900:13\n    at process.processTicksAndRejections (node:internal/process/task_queues:105:5) {\n  [cause]: [Error: 241C0000:error:0A0000C6:SSL routines:tls_get_more_records:packet length too long:C:\\workspace\\node-compile-windows\\node\\deps\\openssl\\openssl\\ssl\\record\\methods\\tls_common.c:663:\n  ] {\n    library: 'SSL routines',\n    reason: 'packet length too long',\n    code: 'ERR_SSL_PACKET_LENGTH_TOO_LONG'\n  }\n}\n\nNode.js v22.21.2-pre"},"time":429.016,"fullname":"parallel/test-inspector-network-fetch","closingTestPoint":false}}]}