{"failedTests":[{"testName":"parallel/test-repl-programmatic-history","timestamp":1763482889290,"status":"FAILED","jobName":"node-test-binary-windows-js-suites","config":"node-test-binary-windows-js-suites » 2,win11-arm64-COMPILED_BY-vs2022_clang-arm64 #37704","buildUrl":"https://ci.nodejs.org/job/node-test-binary-windows-js-suites/RUN_SUBSET=2,nodes=win11-arm64-COMPILED_BY-vs2022_clang-arm64/37704/","buildNumber":37704,"builtOn":"test-azure_msft-win11_vs2022-arm64-5","nodeVersion":"26.0.0","commitHash":"095eb1d7e78e3c9c7fd888a71247503ce0378243","callStack":[{"upstreamBuild":74029,"upstreamProject":"node-test-commit-windows-fanned","upstreamUrl":"job/node-test-commit-windows-fanned/"},{"upstreamBuild":83983,"upstreamProject":"node-test-commit","upstreamUrl":"job/node-test-commit/"},{"upstreamBuild":70228,"upstreamProject":"node-test-pull-request","upstreamUrl":"job/node-test-pull-request/"},{"prId":"60763"}],"tap":{"ok":false,"name":"parallel/test-repl-programmatic-history","id":769,"buffered":false,"tapError":null,"skip":false,"todo":false,"previous":null,"plan":null,"diag":{"severity":"fail","exitcode":1,"stack":"Mismatched <anonymous> function calls. Expected exactly 1, actual 0.\n    at mustCall (d:\\workspace\\node-test-binary-windows-js-suites\\node\\test\\common\\index.js:451:10)\n    at Proxy.mustSucceed (d:\\workspace\\node-test-binary-windows-js-suites\\node\\test\\common\\index.js:455:10)\n    at before (d:\\workspace\\node-test-binary-windows-js-suites\\node\\test\\parallel\\test-repl-programmatic-history.js:137:66)\n    at before (d:\\workspace\\node-test-binary-windows-js-suites\\node\\test\\common\\index.js:493:15)\n    at Immediate.runTest (d:\\workspace\\node-test-binary-windows-js-suites\\node\\test\\parallel\\test-repl-programmatic-history.js:207:15)\n    at Immediate.runTest [as _onImmediate] (d:\\workspace\\node-test-binary-windows-js-suites\\node\\test\\common\\index.js:493:15)\n    at process.processImmediate (node:internal/timers:506:21)\n    at process.topLevelDomainCallback (node:domain:161:15)\n    at process.callbackTrampoline (node:internal/async_hooks:128:24)"},"time":672.001,"fullname":"parallel/test-repl-programmatic-history","closingTestPoint":false}},{"testName":"parallel/test-repl-persistent-history","timestamp":1763482889290,"status":"FAILED","jobName":"node-test-binary-windows-js-suites","config":"node-test-binary-windows-js-suites » 3,win10-COMPILED_BY-vs2022_clang #37704","buildUrl":"https://ci.nodejs.org/job/node-test-binary-windows-js-suites/RUN_SUBSET=3,nodes=win10-COMPILED_BY-vs2022_clang/37704/","buildNumber":37704,"builtOn":"test-azure_msft-win10_vs2019-x64-1","nodeVersion":"26.0.0","commitHash":"095eb1d7e78e3c9c7fd888a71247503ce0378243","callStack":[{"upstreamBuild":74029,"upstreamProject":"node-test-commit-windows-fanned","upstreamUrl":"job/node-test-commit-windows-fanned/"},{"upstreamBuild":83983,"upstreamProject":"node-test-commit","upstreamUrl":"job/node-test-commit/"},{"upstreamBuild":70228,"upstreamProject":"node-test-pull-request","upstreamUrl":"job/node-test-pull-request/"},{"prId":"60763"}],"tap":{"ok":false,"name":"parallel/test-repl-persistent-history","id":769,"buffered":false,"tapError":null,"skip":false,"todo":false,"previous":null,"plan":null,"diag":{"severity":"fail","exitcode":1,"stack":"Mismatched <anonymous> function calls. Expected exactly 1, actual 0.\n    at mustCall (c:\\workspace\\node-test-binary-windows-js-suites\\node\\test\\common\\index.js:451:10)\n    at Proxy.mustSucceed (c:\\workspace\\node-test-binary-windows-js-suites\\node\\test\\common\\index.js:455:10)\n    at before (c:\\workspace\\node-test-binary-windows-js-suites\\node\\test\\parallel\\test-repl-persistent-history.js:143:66)\n    at before (c:\\workspace\\node-test-binary-windows-js-suites\\node\\test\\common\\index.js:493:15)\n    at Immediate.runTest (c:\\workspace\\node-test-binary-windows-js-suites\\node\\test\\parallel\\test-repl-persistent-history.js:212:15)\n    at Immediate.runTest [as _onImmediate] (c:\\workspace\\node-test-binary-windows-js-suites\\node\\test\\common\\index.js:493:15)\n    at process.processImmediate (node:internal/timers:506:21)\n    at process.topLevelDomainCallback (node:domain:161:15)\n    at process.callbackTrampoline (node:internal/async_hooks:128:24)"},"time":447.947,"fullname":"parallel/test-repl-persistent-history","closingTestPoint":false}},{"testName":"parallel/test-repl-programmatic-history-setup-history","timestamp":1763482889290,"status":"FAILED","jobName":"node-test-binary-windows-js-suites","config":"node-test-binary-windows-js-suites » 0,win11-COMPILED_BY-vs2022_clang #37704","buildUrl":"https://ci.nodejs.org/job/node-test-binary-windows-js-suites/RUN_SUBSET=0,nodes=win11-COMPILED_BY-vs2022_clang/37704/","buildNumber":37704,"builtOn":"test-azure_msft-win11_vs2022-x64-2","nodeVersion":"26.0.0","commitHash":"095eb1d7e78e3c9c7fd888a71247503ce0378243","callStack":[{"upstreamBuild":74029,"upstreamProject":"node-test-commit-windows-fanned","upstreamUrl":"job/node-test-commit-windows-fanned/"},{"upstreamBuild":83983,"upstreamProject":"node-test-commit","upstreamUrl":"job/node-test-commit/"},{"upstreamBuild":70228,"upstreamProject":"node-test-pull-request","upstreamUrl":"job/node-test-pull-request/"},{"prId":"60763"}],"tap":{"ok":false,"name":"parallel/test-repl-programmatic-history-setup-history","id":770,"buffered":false,"tapError":null,"skip":false,"todo":false,"previous":null,"plan":null,"diag":{"severity":"fail","exitcode":1,"stack":"Mismatched <anonymous> function calls. Expected exactly 1, actual 0.\n    at mustCall (c:\\workspace\\node-test-binary-windows-js-suites\\node\\test\\common\\index.js:451:10)\n    at Proxy.mustSucceed (c:\\workspace\\node-test-binary-windows-js-suites\\node\\test\\common\\index.js:455:10)\n    at before (c:\\workspace\\node-test-binary-windows-js-suites\\node\\test\\parallel\\test-repl-programmatic-history-setup-history.js:144:66)\n    at before (c:\\workspace\\node-test-binary-windows-js-suites\\node\\test\\common\\index.js:493:15)\n    at Immediate.runTest (c:\\workspace\\node-test-binary-windows-js-suites\\node\\test\\parallel\\test-repl-programmatic-history-setup-history.js:216:15)\n    at Immediate.runTest [as _onImmediate] (c:\\workspace\\node-test-binary-windows-js-suites\\node\\test\\common\\index.js:493:15)\n    at process.processImmediate (node:internal/timers:506:21)\n    at process.topLevelDomainCallback (node:domain:161:15)\n    at process.callbackTrampoline (node:internal/async_hooks:128:24)"},"time":347.004,"fullname":"parallel/test-repl-programmatic-history-setup-history","closingTestPoint":false}},{"testName":"parallel/test-repl-programmatic-history-setup-history","timestamp":1763482889290,"status":"FAILED","jobName":"node-test-binary-windows-js-suites","config":"node-test-binary-windows-js-suites » 0,win2022-COMPILED_BY-vs2022_clang #37704","buildUrl":"https://ci.nodejs.org/job/node-test-binary-windows-js-suites/RUN_SUBSET=0,nodes=win2022-COMPILED_BY-vs2022_clang/37704/","buildNumber":37704,"builtOn":"test-rackspace-win2022_vs2022-x64-3","nodeVersion":"26.0.0","commitHash":"095eb1d7e78e3c9c7fd888a71247503ce0378243","callStack":[{"upstreamBuild":74029,"upstreamProject":"node-test-commit-windows-fanned","upstreamUrl":"job/node-test-commit-windows-fanned/"},{"upstreamBuild":83983,"upstreamProject":"node-test-commit","upstreamUrl":"job/node-test-commit/"},{"upstreamBuild":70228,"upstreamProject":"node-test-pull-request","upstreamUrl":"job/node-test-pull-request/"},{"prId":"60763"}],"tap":{"ok":false,"name":"parallel/test-repl-programmatic-history-setup-history","id":770,"buffered":false,"tapError":null,"skip":false,"todo":false,"previous":null,"plan":null,"diag":{"severity":"fail","exitcode":1,"stack":"Mismatched <anonymous> function calls. Expected exactly 1, actual 0.\n    at mustCall (C:\\workspace\\node-test-binary-windows-js-suites\\node\\test\\common\\index.js:451:10)\n    at Proxy.mustSucceed (C:\\workspace\\node-test-binary-windows-js-suites\\node\\test\\common\\index.js:455:10)\n    at before (C:\\workspace\\node-test-binary-windows-js-suites\\node\\test\\parallel\\test-repl-programmatic-history-setup-history.js:144:66)\n    at before (C:\\workspace\\node-test-binary-windows-js-suites\\node\\test\\common\\index.js:493:15)\n    at Immediate.runTest (C:\\workspace\\node-test-binary-windows-js-suites\\node\\test\\parallel\\test-repl-programmatic-history-setup-history.js:216:15)\n    at Immediate.runTest [as _onImmediate] (C:\\workspace\\node-test-binary-windows-js-suites\\node\\test\\common\\index.js:493:15)\n    at process.processImmediate (node:internal/timers:506:21)\n    at process.topLevelDomainCallback (node:domain:161:15)\n    at process.callbackTrampoline (node:internal/async_hooks:128:24)"},"time":611.018,"fullname":"parallel/test-repl-programmatic-history-setup-history","closingTestPoint":false}},{"testName":"parallel/test-repl-programmatic-history","timestamp":1763482889290,"status":"FAILED","jobName":"node-test-binary-windows-js-suites","config":"node-test-binary-windows-js-suites » 1,win2019-COMPILED_BY-vs2022_clang #37704","buildUrl":"https://ci.nodejs.org/job/node-test-binary-windows-js-suites/RUN_SUBSET=1,nodes=win2019-COMPILED_BY-vs2022_clang/37704/","buildNumber":37704,"builtOn":"test-rackspace-win2019_vs2019-x64-3","nodeVersion":"26.0.0","commitHash":"095eb1d7e78e3c9c7fd888a71247503ce0378243","callStack":[{"upstreamBuild":74029,"upstreamProject":"node-test-commit-windows-fanned","upstreamUrl":"job/node-test-commit-windows-fanned/"},{"upstreamBuild":83983,"upstreamProject":"node-test-commit","upstreamUrl":"job/node-test-commit/"},{"upstreamBuild":70228,"upstreamProject":"node-test-pull-request","upstreamUrl":"job/node-test-pull-request/"},{"prId":"60763"}],"tap":{"ok":false,"name":"parallel/test-repl-programmatic-history","id":770,"buffered":false,"tapError":null,"skip":false,"todo":false,"previous":null,"plan":null,"diag":{"severity":"fail","exitcode":1,"stack":"Mismatched <anonymous> function calls. Expected exactly 1, actual 0.\n    at mustCall (C:\\workspace\\node-test-binary-windows-js-suites\\node\\test\\common\\index.js:451:10)\n    at Proxy.mustSucceed (C:\\workspace\\node-test-binary-windows-js-suites\\node\\test\\common\\index.js:455:10)\n    at before (C:\\workspace\\node-test-binary-windows-js-suites\\node\\test\\parallel\\test-repl-programmatic-history.js:137:66)\n    at before (C:\\workspace\\node-test-binary-windows-js-suites\\node\\test\\common\\index.js:493:15)\n    at Immediate.runTest (C:\\workspace\\node-test-binary-windows-js-suites\\node\\test\\parallel\\test-repl-programmatic-history.js:207:15)\n    at Immediate.runTest [as _onImmediate] (C:\\workspace\\node-test-binary-windows-js-suites\\node\\test\\common\\index.js:493:15)\n    at process.processImmediate (node:internal/timers:506:21)\n    at process.topLevelDomainCallback (node:domain:161:15)\n    at process.callbackTrampoline (node:internal/async_hooks:128:24)"},"time":744.006,"fullname":"parallel/test-repl-programmatic-history","closingTestPoint":false}},{"testName":"parallel/test-repl-programmatic-history-setup-history","timestamp":1763482889290,"status":"FAILED","jobName":"node-test-binary-windows-js-suites","config":"node-test-binary-windows-js-suites » 0,win10-COMPILED_BY-vs2022_clang #37704","buildUrl":"https://ci.nodejs.org/job/node-test-binary-windows-js-suites/RUN_SUBSET=0,nodes=win10-COMPILED_BY-vs2022_clang/37704/","buildNumber":37704,"builtOn":"test-azure_msft-win10_vs2019-x64-1","nodeVersion":"26.0.0","commitHash":"095eb1d7e78e3c9c7fd888a71247503ce0378243","callStack":[{"upstreamBuild":74029,"upstreamProject":"node-test-commit-windows-fanned","upstreamUrl":"job/node-test-commit-windows-fanned/"},{"upstreamBuild":83983,"upstreamProject":"node-test-commit","upstreamUrl":"job/node-test-commit/"},{"upstreamBuild":70228,"upstreamProject":"node-test-pull-request","upstreamUrl":"job/node-test-pull-request/"},{"prId":"60763"}],"tap":{"ok":false,"name":"parallel/test-repl-programmatic-history-setup-history","id":771,"buffered":false,"tapError":null,"skip":false,"todo":false,"previous":null,"plan":null,"diag":{"severity":"fail","exitcode":1,"stack":"Mismatched <anonymous> function calls. Expected exactly 1, actual 0.\n    at mustCall (c:\\workspace\\node-test-binary-windows-js-suites\\node\\test\\common\\index.js:451:10)\n    at Proxy.mustSucceed (c:\\workspace\\node-test-binary-windows-js-suites\\node\\test\\common\\index.js:455:10)\n    at before (c:\\workspace\\node-test-binary-windows-js-suites\\node\\test\\parallel\\test-repl-programmatic-history-setup-history.js:144:66)\n    at before (c:\\workspace\\node-test-binary-windows-js-suites\\node\\test\\common\\index.js:493:15)\n    at Immediate.runTest (c:\\workspace\\node-test-binary-windows-js-suites\\node\\test\\parallel\\test-repl-programmatic-history-setup-history.js:216:15)\n    at Immediate.runTest [as _onImmediate] (c:\\workspace\\node-test-binary-windows-js-suites\\node\\test\\common\\index.js:493:15)\n    at process.processImmediate (node:internal/timers:506:21)\n    at process.topLevelDomainCallback (node:domain:161:15)\n    at process.callbackTrampoline (node:internal/async_hooks:128:24)"},"time":502.002,"fullname":"parallel/test-repl-programmatic-history-setup-history","closingTestPoint":false}},{"testName":"parallel/test-repl-programmatic-history","timestamp":1763482889290,"status":"FAILED","jobName":"node-test-binary-windows-js-suites","config":"node-test-binary-windows-js-suites » 1,win2022-COMPILED_BY-vs2022_clang #37704","buildUrl":"https://ci.nodejs.org/job/node-test-binary-windows-js-suites/RUN_SUBSET=1,nodes=win2022-COMPILED_BY-vs2022_clang/37704/","buildNumber":37704,"builtOn":"test-rackspace-win2022_vs2022-x64-4","nodeVersion":"26.0.0","commitHash":"095eb1d7e78e3c9c7fd888a71247503ce0378243","callStack":[{"upstreamBuild":74029,"upstreamProject":"node-test-commit-windows-fanned","upstreamUrl":"job/node-test-commit-windows-fanned/"},{"upstreamBuild":83983,"upstreamProject":"node-test-commit","upstreamUrl":"job/node-test-commit/"},{"upstreamBuild":70228,"upstreamProject":"node-test-pull-request","upstreamUrl":"job/node-test-pull-request/"},{"prId":"60763"}],"tap":{"ok":false,"name":"parallel/test-repl-programmatic-history","id":770,"buffered":false,"tapError":null,"skip":false,"todo":false,"previous":null,"plan":null,"diag":{"severity":"fail","exitcode":1,"stack":"Mismatched <anonymous> function calls. Expected exactly 1, actual 0.\n    at mustCall (C:\\workspace\\node-test-binary-windows-js-suites\\node\\test\\common\\index.js:451:10)\n    at Proxy.mustSucceed (C:\\workspace\\node-test-binary-windows-js-suites\\node\\test\\common\\index.js:455:10)\n    at before (C:\\workspace\\node-test-binary-windows-js-suites\\node\\test\\parallel\\test-repl-programmatic-history.js:137:66)\n    at before (C:\\workspace\\node-test-binary-windows-js-suites\\node\\test\\common\\index.js:493:15)\n    at Immediate.runTest (C:\\workspace\\node-test-binary-windows-js-suites\\node\\test\\parallel\\test-repl-programmatic-history.js:207:15)\n    at Immediate.runTest [as _onImmediate] (C:\\workspace\\node-test-binary-windows-js-suites\\node\\test\\common\\index.js:493:15)\n    at process.processImmediate (node:internal/timers:506:21)\n    at process.topLevelDomainCallback (node:domain:161:15)\n    at process.callbackTrampoline (node:internal/async_hooks:128:24)"},"time":968.014,"fullname":"parallel/test-repl-programmatic-history","closingTestPoint":false}},{"testName":"parallel/test-repl-programmatic-history","timestamp":1763482889290,"status":"FAILED","jobName":"node-test-binary-windows-js-suites","config":"node-test-binary-windows-js-suites » 1,win11-COMPILED_BY-vs2022_clang #37704","buildUrl":"https://ci.nodejs.org/job/node-test-binary-windows-js-suites/RUN_SUBSET=1,nodes=win11-COMPILED_BY-vs2022_clang/37704/","buildNumber":37704,"builtOn":"test-azure_msft-win11_vs2022-x64-3","nodeVersion":"26.0.0","commitHash":"095eb1d7e78e3c9c7fd888a71247503ce0378243","callStack":[{"upstreamBuild":74029,"upstreamProject":"node-test-commit-windows-fanned","upstreamUrl":"job/node-test-commit-windows-fanned/"},{"upstreamBuild":83983,"upstreamProject":"node-test-commit","upstreamUrl":"job/node-test-commit/"},{"upstreamBuild":70228,"upstreamProject":"node-test-pull-request","upstreamUrl":"job/node-test-pull-request/"},{"prId":"60763"}],"tap":{"ok":false,"name":"parallel/test-repl-programmatic-history","id":769,"buffered":false,"tapError":null,"skip":false,"todo":false,"previous":null,"plan":null,"diag":{"severity":"fail","exitcode":1,"stack":"Mismatched <anonymous> function calls. Expected exactly 1, actual 0.\n    at mustCall (c:\\workspace\\node-test-binary-windows-js-suites\\node\\test\\common\\index.js:451:10)\n    at Proxy.mustSucceed (c:\\workspace\\node-test-binary-windows-js-suites\\node\\test\\common\\index.js:455:10)\n    at before (c:\\workspace\\node-test-binary-windows-js-suites\\node\\test\\parallel\\test-repl-programmatic-history.js:137:66)\n    at before (c:\\workspace\\node-test-binary-windows-js-suites\\node\\test\\common\\index.js:493:15)\n    at Immediate.runTest (c:\\workspace\\node-test-binary-windows-js-suites\\node\\test\\parallel\\test-repl-programmatic-history.js:207:15)\n    at Immediate.runTest [as _onImmediate] (c:\\workspace\\node-test-binary-windows-js-suites\\node\\test\\common\\index.js:493:15)\n    at process.processImmediate (node:internal/timers:506:21)\n    at process.topLevelDomainCallback (node:domain:161:15)\n    at process.callbackTrampoline (node:internal/async_hooks:128:24)"},"time":457.005,"fullname":"parallel/test-repl-programmatic-history","closingTestPoint":false}},{"testName":"parallel/test-repl-persistent-history","timestamp":1763482889290,"status":"FAILED","jobName":"node-test-binary-windows-js-suites","config":"node-test-binary-windows-js-suites » 3,win2019-COMPILED_BY-vs2022_clang #37704","buildUrl":"https://ci.nodejs.org/job/node-test-binary-windows-js-suites/RUN_SUBSET=3,nodes=win2019-COMPILED_BY-vs2022_clang/37704/","buildNumber":37704,"builtOn":"test-rackspace-win2019_vs2019-x64-4","nodeVersion":"26.0.0","commitHash":"095eb1d7e78e3c9c7fd888a71247503ce0378243","callStack":[{"upstreamBuild":74029,"upstreamProject":"node-test-commit-windows-fanned","upstreamUrl":"job/node-test-commit-windows-fanned/"},{"upstreamBuild":83983,"upstreamProject":"node-test-commit","upstreamUrl":"job/node-test-commit/"},{"upstreamBuild":70228,"upstreamProject":"node-test-pull-request","upstreamUrl":"job/node-test-pull-request/"},{"prId":"60763"}],"tap":{"ok":false,"name":"parallel/test-repl-persistent-history","id":770,"buffered":false,"tapError":null,"skip":false,"todo":false,"previous":null,"plan":null,"diag":{"severity":"fail","exitcode":1,"stack":"Mismatched <anonymous> function calls. Expected exactly 1, actual 0.\n    at mustCall (C:\\workspace\\node-test-binary-windows-js-suites\\node\\test\\common\\index.js:451:10)\n    at Proxy.mustSucceed (C:\\workspace\\node-test-binary-windows-js-suites\\node\\test\\common\\index.js:455:10)\n    at before (C:\\workspace\\node-test-binary-windows-js-suites\\node\\test\\parallel\\test-repl-persistent-history.js:143:66)\n    at before (C:\\workspace\\node-test-binary-windows-js-suites\\node\\test\\common\\index.js:493:15)\n    at Immediate.runTest (C:\\workspace\\node-test-binary-windows-js-suites\\node\\test\\parallel\\test-repl-persistent-history.js:212:15)\n    at Immediate.runTest [as _onImmediate] (C:\\workspace\\node-test-binary-windows-js-suites\\node\\test\\common\\index.js:493:15)\n    at process.processImmediate (node:internal/timers:506:21)\n    at process.topLevelDomainCallback (node:domain:161:15)\n    at process.callbackTrampoline (node:internal/async_hooks:128:24)"},"time":594.014,"fullname":"parallel/test-repl-persistent-history","closingTestPoint":false}},{"testName":"parallel/test-repl-persistent-history","timestamp":1763482889290,"status":"FAILED","jobName":"node-test-binary-windows-js-suites","config":"node-test-binary-windows-js-suites » 0,win11-arm64-COMPILED_BY-vs2022_clang-arm64 #37704","buildUrl":"https://ci.nodejs.org/job/node-test-binary-windows-js-suites/RUN_SUBSET=0,nodes=win11-arm64-COMPILED_BY-vs2022_clang-arm64/37704/","buildNumber":37704,"builtOn":"test-azure_msft-win11_vs2022-arm64-1","nodeVersion":"26.0.0","commitHash":"095eb1d7e78e3c9c7fd888a71247503ce0378243","callStack":[{"upstreamBuild":74029,"upstreamProject":"node-test-commit-windows-fanned","upstreamUrl":"job/node-test-commit-windows-fanned/"},{"upstreamBuild":83983,"upstreamProject":"node-test-commit","upstreamUrl":"job/node-test-commit/"},{"upstreamBuild":70228,"upstreamProject":"node-test-pull-request","upstreamUrl":"job/node-test-pull-request/"},{"prId":"60763"}],"tap":{"ok":false,"name":"parallel/test-repl-persistent-history","id":768,"buffered":false,"tapError":null,"skip":false,"todo":false,"previous":null,"plan":null,"diag":{"severity":"fail","exitcode":1,"stack":"Mismatched <anonymous> function calls. Expected exactly 1, actual 0.\n    at mustCall (d:\\workspace\\node-test-binary-windows-js-suites\\node\\test\\common\\index.js:451:10)\n    at Proxy.mustSucceed (d:\\workspace\\node-test-binary-windows-js-suites\\node\\test\\common\\index.js:455:10)\n    at before (d:\\workspace\\node-test-binary-windows-js-suites\\node\\test\\parallel\\test-repl-persistent-history.js:143:66)\n    at before (d:\\workspace\\node-test-binary-windows-js-suites\\node\\test\\common\\index.js:493:15)\n    at Immediate.runTest (d:\\workspace\\node-test-binary-windows-js-suites\\node\\test\\parallel\\test-repl-persistent-history.js:212:15)\n    at Immediate.runTest [as _onImmediate] (d:\\workspace\\node-test-binary-windows-js-suites\\node\\test\\common\\index.js:493:15)\n    at process.processImmediate (node:internal/timers:506:21)\n    at process.topLevelDomainCallback (node:domain:161:15)\n    at process.callbackTrampoline (node:internal/async_hooks:128:24)"},"time":510.004,"fullname":"parallel/test-repl-persistent-history","closingTestPoint":false}},{"testName":"parallel/test-repl-programmatic-history-setup-history","timestamp":1763482889290,"status":"FAILED","jobName":"node-test-binary-windows-js-suites","config":"node-test-binary-windows-js-suites » 0,win2019-COMPILED_BY-vs2022_clang #37704","buildUrl":"https://ci.nodejs.org/job/node-test-binary-windows-js-suites/RUN_SUBSET=0,nodes=win2019-COMPILED_BY-vs2022_clang/37704/","buildNumber":37704,"builtOn":"test-rackspace-win2019_vs2019-x64-4","nodeVersion":"26.0.0","commitHash":"095eb1d7e78e3c9c7fd888a71247503ce0378243","callStack":[{"upstreamBuild":74029,"upstreamProject":"node-test-commit-windows-fanned","upstreamUrl":"job/node-test-commit-windows-fanned/"},{"upstreamBuild":83983,"upstreamProject":"node-test-commit","upstreamUrl":"job/node-test-commit/"},{"upstreamBuild":70228,"upstreamProject":"node-test-pull-request","upstreamUrl":"job/node-test-pull-request/"},{"prId":"60763"}],"tap":{"ok":false,"name":"parallel/test-repl-programmatic-history-setup-history","id":772,"buffered":false,"tapError":null,"skip":false,"todo":false,"previous":null,"plan":null,"diag":{"severity":"fail","exitcode":1,"stack":"Mismatched <anonymous> function calls. Expected exactly 1, actual 0.\n    at mustCall (C:\\workspace\\node-test-binary-windows-js-suites\\node\\test\\common\\index.js:451:10)\n    at Proxy.mustSucceed (C:\\workspace\\node-test-binary-windows-js-suites\\node\\test\\common\\index.js:455:10)\n    at before (C:\\workspace\\node-test-binary-windows-js-suites\\node\\test\\parallel\\test-repl-programmatic-history-setup-history.js:144:66)\n    at before (C:\\workspace\\node-test-binary-windows-js-suites\\node\\test\\common\\index.js:493:15)\n    at Immediate.runTest (C:\\workspace\\node-test-binary-windows-js-suites\\node\\test\\parallel\\test-repl-programmatic-history-setup-history.js:216:15)\n    at Immediate.runTest [as _onImmediate] (C:\\workspace\\node-test-binary-windows-js-suites\\node\\test\\common\\index.js:493:15)\n    at process.processImmediate (node:internal/timers:506:21)\n    at process.topLevelDomainCallback (node:domain:161:15)\n    at process.callbackTrampoline (node:internal/async_hooks:128:24)"},"time":763.044,"fullname":"parallel/test-repl-programmatic-history-setup-history","closingTestPoint":false}},{"testName":"parallel/test-repl-programmatic-history-setup-history","timestamp":1763482889290,"status":"FAILED","jobName":"node-test-binary-windows-js-suites","config":"node-test-binary-windows-js-suites » 1,win11-arm64-COMPILED_BY-vs2022_clang-arm64 #37704","buildUrl":"https://ci.nodejs.org/job/node-test-binary-windows-js-suites/RUN_SUBSET=1,nodes=win11-arm64-COMPILED_BY-vs2022_clang-arm64/37704/","buildNumber":37704,"builtOn":"test-azure_msft-win11_vs2022-arm64-2","nodeVersion":"26.0.0","commitHash":"095eb1d7e78e3c9c7fd888a71247503ce0378243","callStack":[{"upstreamBuild":74029,"upstreamProject":"node-test-commit-windows-fanned","upstreamUrl":"job/node-test-commit-windows-fanned/"},{"upstreamBuild":83983,"upstreamProject":"node-test-commit","upstreamUrl":"job/node-test-commit/"},{"upstreamBuild":70228,"upstreamProject":"node-test-pull-request","upstreamUrl":"job/node-test-pull-request/"},{"prId":"60763"}],"tap":{"ok":false,"name":"parallel/test-repl-programmatic-history-setup-history","id":769,"buffered":false,"tapError":null,"skip":false,"todo":false,"previous":null,"plan":null,"diag":{"severity":"fail","exitcode":1,"stack":"Mismatched <anonymous> function calls. Expected exactly 1, actual 0.\n    at mustCall (d:\\workspace\\node-test-binary-windows-js-suites\\node\\test\\common\\index.js:451:10)\n    at Proxy.mustSucceed (d:\\workspace\\node-test-binary-windows-js-suites\\node\\test\\common\\index.js:455:10)\n    at before (d:\\workspace\\node-test-binary-windows-js-suites\\node\\test\\parallel\\test-repl-programmatic-history-setup-history.js:144:66)\n    at before (d:\\workspace\\node-test-binary-windows-js-suites\\node\\test\\common\\index.js:493:15)\n    at Immediate.runTest (d:\\workspace\\node-test-binary-windows-js-suites\\node\\test\\parallel\\test-repl-programmatic-history-setup-history.js:216:15)\n    at Immediate.runTest [as _onImmediate] (d:\\workspace\\node-test-binary-windows-js-suites\\node\\test\\common\\index.js:493:15)\n    at process.processImmediate (node:internal/timers:506:21)\n    at process.topLevelDomainCallback (node:domain:161:15)\n    at process.callbackTrampoline (node:internal/async_hooks:128:24)"},"time":597.004,"fullname":"parallel/test-repl-programmatic-history-setup-history","closingTestPoint":false}},{"testName":"parallel/test-repl-persistent-history","timestamp":1763482889290,"status":"FAILED","jobName":"node-test-binary-windows-js-suites","config":"node-test-binary-windows-js-suites » 3,win11-COMPILED_BY-vs2022_clang #37704","buildUrl":"https://ci.nodejs.org/job/node-test-binary-windows-js-suites/RUN_SUBSET=3,nodes=win11-COMPILED_BY-vs2022_clang/37704/","buildNumber":37704,"builtOn":"test-azure_msft-win11_vs2022-x64-2","nodeVersion":"26.0.0","commitHash":"095eb1d7e78e3c9c7fd888a71247503ce0378243","callStack":[{"upstreamBuild":74029,"upstreamProject":"node-test-commit-windows-fanned","upstreamUrl":"job/node-test-commit-windows-fanned/"},{"upstreamBuild":83983,"upstreamProject":"node-test-commit","upstreamUrl":"job/node-test-commit/"},{"upstreamBuild":70228,"upstreamProject":"node-test-pull-request","upstreamUrl":"job/node-test-pull-request/"},{"prId":"60763"}],"tap":{"ok":false,"name":"parallel/test-repl-persistent-history","id":769,"buffered":false,"tapError":null,"skip":false,"todo":false,"previous":null,"plan":null,"diag":{"severity":"fail","exitcode":1,"stack":"Mismatched <anonymous> function calls. Expected exactly 1, actual 0.\n    at mustCall (c:\\workspace\\node-test-binary-windows-js-suites\\node\\test\\common\\index.js:451:10)\n    at Proxy.mustSucceed (c:\\workspace\\node-test-binary-windows-js-suites\\node\\test\\common\\index.js:455:10)\n    at before (c:\\workspace\\node-test-binary-windows-js-suites\\node\\test\\parallel\\test-repl-persistent-history.js:143:66)\n    at before (c:\\workspace\\node-test-binary-windows-js-suites\\node\\test\\common\\index.js:493:15)\n    at Immediate.runTest (c:\\workspace\\node-test-binary-windows-js-suites\\node\\test\\parallel\\test-repl-persistent-history.js:212:15)\n    at Immediate.runTest [as _onImmediate] (c:\\workspace\\node-test-binary-windows-js-suites\\node\\test\\common\\index.js:493:15)\n    at process.processImmediate (node:internal/timers:506:21)\n    at process.topLevelDomainCallback (node:domain:161:15)\n    at process.callbackTrampoline (node:internal/async_hooks:128:24)"},"time":396.008,"fullname":"parallel/test-repl-persistent-history","closingTestPoint":false}},{"testName":"parallel/test-repl-programmatic-history","timestamp":1763482889290,"status":"FAILED","jobName":"node-test-binary-windows-js-suites","config":"node-test-binary-windows-js-suites » 1,win10-COMPILED_BY-vs2022_clang #37704","buildUrl":"https://ci.nodejs.org/job/node-test-binary-windows-js-suites/RUN_SUBSET=1,nodes=win10-COMPILED_BY-vs2022_clang/37704/","buildNumber":37704,"builtOn":"test-azure_msft-win10_vs2019-x64-1","nodeVersion":"26.0.0","commitHash":"095eb1d7e78e3c9c7fd888a71247503ce0378243","callStack":[{"upstreamBuild":74029,"upstreamProject":"node-test-commit-windows-fanned","upstreamUrl":"job/node-test-commit-windows-fanned/"},{"upstreamBuild":83983,"upstreamProject":"node-test-commit","upstreamUrl":"job/node-test-commit/"},{"upstreamBuild":70228,"upstreamProject":"node-test-pull-request","upstreamUrl":"job/node-test-pull-request/"},{"prId":"60763"}],"tap":{"ok":false,"name":"parallel/test-repl-programmatic-history","id":769,"buffered":false,"tapError":null,"skip":false,"todo":false,"previous":null,"plan":null,"diag":{"severity":"fail","exitcode":1,"stack":"Mismatched <anonymous> function calls. Expected exactly 1, actual 0.\n    at mustCall (c:\\workspace\\node-test-binary-windows-js-suites\\node\\test\\common\\index.js:451:10)\n    at Proxy.mustSucceed (c:\\workspace\\node-test-binary-windows-js-suites\\node\\test\\common\\index.js:455:10)\n    at before (c:\\workspace\\node-test-binary-windows-js-suites\\node\\test\\parallel\\test-repl-programmatic-history.js:137:66)\n    at before (c:\\workspace\\node-test-binary-windows-js-suites\\node\\test\\common\\index.js:493:15)\n    at Immediate.runTest (c:\\workspace\\node-test-binary-windows-js-suites\\node\\test\\parallel\\test-repl-programmatic-history.js:207:15)\n    at Immediate.runTest [as _onImmediate] (c:\\workspace\\node-test-binary-windows-js-suites\\node\\test\\common\\index.js:493:15)\n    at process.processImmediate (node:internal/timers:506:21)\n    at process.topLevelDomainCallback (node:domain:161:15)\n    at process.callbackTrampoline (node:internal/async_hooks:128:24)"},"time":470,"fullname":"parallel/test-repl-programmatic-history","closingTestPoint":false}},{"testName":"parallel/test-repl-persistent-history","timestamp":1763482889290,"status":"FAILED","jobName":"node-test-binary-windows-js-suites","config":"node-test-binary-windows-js-suites » 3,win2022-COMPILED_BY-vs2022_clang #37704","buildUrl":"https://ci.nodejs.org/job/node-test-binary-windows-js-suites/RUN_SUBSET=3,nodes=win2022-COMPILED_BY-vs2022_clang/37704/","buildNumber":37704,"builtOn":"test-rackspace-win2022_vs2022-x64-3","nodeVersion":"26.0.0","commitHash":"095eb1d7e78e3c9c7fd888a71247503ce0378243","callStack":[{"upstreamBuild":74029,"upstreamProject":"node-test-commit-windows-fanned","upstreamUrl":"job/node-test-commit-windows-fanned/"},{"upstreamBuild":83983,"upstreamProject":"node-test-commit","upstreamUrl":"job/node-test-commit/"},{"upstreamBuild":70228,"upstreamProject":"node-test-pull-request","upstreamUrl":"job/node-test-pull-request/"},{"prId":"60763"}],"tap":{"ok":false,"name":"parallel/test-repl-persistent-history","id":774,"buffered":false,"tapError":null,"skip":false,"todo":false,"previous":null,"plan":null,"diag":{"severity":"fail","exitcode":1,"stack":"Mismatched <anonymous> function calls. Expected exactly 1, actual 0.\n    at mustCall (C:\\workspace\\node-test-binary-windows-js-suites\\node\\test\\common\\index.js:451:10)\n    at Proxy.mustSucceed (C:\\workspace\\node-test-binary-windows-js-suites\\node\\test\\common\\index.js:455:10)\n    at before (C:\\workspace\\node-test-binary-windows-js-suites\\node\\test\\parallel\\test-repl-persistent-history.js:143:66)\n    at before (C:\\workspace\\node-test-binary-windows-js-suites\\node\\test\\common\\index.js:493:15)\n    at Immediate.runTest (C:\\workspace\\node-test-binary-windows-js-suites\\node\\test\\parallel\\test-repl-persistent-history.js:212:15)\n    at Immediate.runTest [as _onImmediate] (C:\\workspace\\node-test-binary-windows-js-suites\\node\\test\\common\\index.js:493:15)\n    at process.processImmediate (node:internal/timers:506:21)\n    at process.topLevelDomainCallback (node:domain:161:15)\n    at process.callbackTrampoline (node:internal/async_hooks:128:24)"},"time":534.017,"fullname":"parallel/test-repl-persistent-history","closingTestPoint":false}}]}