{"failedTests":[{"testName":"sequential/test-without-async-context-frame","timestamp":1764509259200,"status":"FAILED","jobName":"node-test-binary-windows-js-suites","config":"node-test-binary-windows-js-suites Â» 2,win11-arm64-COMPILED_BY-vs2022_clang-arm64 #37821","buildUrl":"https://ci.nodejs.org/job/node-test-binary-windows-js-suites/RUN_SUBSET=2,nodes=win11-arm64-COMPILED_BY-vs2022_clang-arm64/37821/","buildNumber":37821,"builtOn":"test-azure_msft-win11_vs2022-arm64-5","nodeVersion":"26.0.0","commitHash":"ba1082afcdd129b0ab1d55b82737003655870690","callStack":[{"upstreamBuild":74152,"upstreamProject":"node-test-commit-windows-fanned","upstreamUrl":"job/node-test-commit-windows-fanned/"},{"upstreamBuild":84154,"upstreamProject":"node-test-commit","upstreamUrl":"job/node-test-commit/"},{"upstreamBuild":70350,"upstreamProject":"node-test-pull-request","upstreamUrl":"job/node-test-pull-request/"},{"prId":"60899"}],"tap":{"ok":false,"name":"sequential/test-without-async-context-frame","id":1182,"buffered":false,"tapError":null,"skip":false,"todo":false,"previous":null,"plan":null,"diag":{"severity":"fail","exitcode":1,"stack":"Skipping pseudo-tty tests, as pseudo terminals are not available on Windows.\n\n\n[00:00|%   0|+   0|-   0]: release test-async-local-storage-args\n                                                                \n[00:00|%   0|+   0|-   0]: release test-async-local-storage-async-await\n                                                                       \n[00:00|%   0|+   0|-   0]: release test-async-local-storage-async-functions\n                                                                           \n[00:00|%   0|+   0|-   0]: release test-async-local-storage-bind\n                                                                \n[00:00|%   0|+   0|-   0]: release test-async-local-storage-contexts\n                                                                    \n[00:00|%   0|+   0|-   0]: release test-async-local-storage-deep-stack\n                                                                      \n[00:00|%   0|+   0|-   0]: release test-async-local-storage-dgram\n                                                                 \n[00:00|%   0|+   0|-   0]: release test-async-local-storage-enable-disable\n                                                                          \n[00:00|%   3|+   1|-   0]: release test-async-local-storage-enter-with\n                                                                      \n[00:00|%   7|+   2|-   0]: release test-async-local-storage-enter-with\n                                                                      \n[00:00|%  11|+   3|-   0]: release test-async-local-storage-errors\n                                                                  \n[00:00|%  14|+   4|-   0]: release test-async-local-storage-exit-does-not-l...\n                                                                              \n[00:00|%  22|+   6|-   0]: release test-async-local-storage-gcable\n                                                                  \n[00:00|%  25|+   7|-   0]: release test-async-local-storage-http\n                                                                \n[00:00|%  25|+   7|-   0]: release test-async-local-storage-http-agent\n                                                                      \n[00:00|%  29|+   8|-   0]: release test-async-local-storage-http-agent\n                                                                      \n[00:00|%  33|+   9|-   0]: release test-async-local-storage-http-multiclien...\n                                                                              \n[00:00|%  37|+  10|-   0]: release test-async-local-storage-isolation\n                                                                     \n[00:00|%  40|+  11|-   0]: release test-async-local-storage-misc-stores\n                                                                       \n[00:00|%  44|+  12|-   0]: release test-async-local-storage-nested\n                                                                  \n[00:00|%  48|+  13|-   0]: release test-async-local-storage-no-mix-contexts\n                                                                           \n[00:00|%  51|+  14|-   0]: release test-async-local-storage-promises\n                                                                    \n[00:00|%  55|+  15|-   0]: release test-async-local-storage-snapshot\n                                                                    \n[00:00|%  59|+  16|-   0]: release test-async-local-storage-socket\n                                                                  \n[00:00|%  62|+  17|-   0]: release test-async-local-storage-stream-finished\n                                                                           \n[00:00|%  66|+  18|-   0]: release test-async-local-storage-thenable\n                                                                    \n[00:00|%  70|+  19|-   0]: release test-async-local-storage-tlssocket\n                                                                     \n=== release test-async-local-storage-tlssocket ===\nPath: async-hooks/test-async-local-storage-tlssocket\nCommand: d:\\workspace\\node-test-binary-windows-js-suites\\node\\Release\\node.exe --no-async-context-frame d:\\workspace\\node-test-binary-windows-js-suites\\node\\test\\async-hooks\\test-async-local-storage-tlssocket.js\n\n\n\n                                                                     \n[00:01|% 100|+  26|-   1]: Done\n\nFailed tests:\nd:\\workspace\\node-test-binary-windows-js-suites\\node\\Release\\node.exe --no-async-context-frame d:\\workspace\\node-test-binary-windows-js-suites\\node\\test\\async-hooks\\test-async-local-storage-tlssocket.js\nnode:internal/modules/run_main:107\n    triggerUncaughtException(\n    ^\n\nAssertionError [ERR_ASSERTION]: Expected values to be strictly equal:\n\n1 !== 0\n\n    at file:///d:/workspace/node-test-binary-windows-js-suites/node/test/sequential/test-without-async-context-frame.mjs:24:8\n    at process.processTicksAndRejections (node:internal/process/task_queues:103:5) {\n  generatedMessage: true,\n  code: 'ERR_ASSERTION',\n  actual: 1,\n  expected: 0,\n  operator: 'strictEqual',\n  diff: 'simple'\n}\n\nNode.js v26.0.0-pre"},"time":2944.3,"fullname":"sequential/test-without-async-context-frame","closingTestPoint":false}}]}