{"failedTests":[{"testName":"js-tests.junit.xml/[empty]","timestamp":1764851352352,"status":"FAILED","jobName":"node-test-binary-windows-js-suites","config":"node-test-binary-windows-js-suites » 1,win2022-COMPILED_BY-vs2019 #37855","buildUrl":"https://ci.nodejs.org/job/node-test-binary-windows-js-suites/RUN_SUBSET=1,nodes=win2022-COMPILED_BY-vs2019/37855/","buildNumber":37855,"builtOn":"test-rackspace-win2022_vs2022-x64-1","nodeVersion":"20.19.7","commitHash":"e79ac45c5d4d11af078e3d06fde7bf35b8bd215e","callStack":[{"upstreamBuild":74191,"upstreamProject":"node-test-commit-windows-fanned","upstreamUrl":"job/node-test-commit-windows-fanned/"},{"upstreamBuild":84204,"upstreamProject":"node-test-commit","upstreamUrl":"job/node-test-commit/"},{"upstreamBuild":762,"upstreamProject":"node-daily-v20.x-staging","upstreamUrl":"job/node-daily-v20.x-staging/"}],"tap":null},{"testName":"parallel/test-child-process-advanced-serialization-splitted-length-field","timestamp":1764851352352,"status":"FAILED","jobName":"node-test-binary-windows-js-suites","config":"node-test-binary-windows-js-suites » 0,win2019-COMPILED_BY-vs2019 #37855","buildUrl":"https://ci.nodejs.org/job/node-test-binary-windows-js-suites/RUN_SUBSET=0,nodes=win2019-COMPILED_BY-vs2019/37855/","buildNumber":37855,"builtOn":"test-rackspace-win2019_vs2019-x64-1","nodeVersion":"20.19.7","commitHash":"e79ac45c5d4d11af078e3d06fde7bf35b8bd215e","callStack":[{"upstreamBuild":74191,"upstreamProject":"node-test-commit-windows-fanned","upstreamUrl":"job/node-test-commit-windows-fanned/"},{"upstreamBuild":84204,"upstreamProject":"node-test-commit","upstreamUrl":"job/node-test-commit/"},{"upstreamBuild":762,"upstreamProject":"node-daily-v20.x-staging","upstreamUrl":"job/node-daily-v20.x-staging/"}],"tap":{"ok":false,"name":"parallel/test-child-process-advanced-serialization-splitted-length-field","id":108,"buffered":false,"tapError":null,"skip":false,"todo":false,"previous":null,"plan":null,"diag":{"severity":"fail","exitcode":134,"stack":"\n<--- Last few GCs --->\n\n\n<--- JS stacktrace --->\n\nFATAL ERROR: Committing semi space failed. Allocation failed - JavaScript heap out of memory\n----- Native stack trace -----\n\n 1: 00007FF6262EB66B node::SetCppgcReference+19867\n 2: 00007FF62625A6E8 v8::base::CPU::num_virtual_address_bits+92856\n 3: 00007FF626CD3E21 v8::Isolate::ReportExternalAllocationLimitReached+65\n 4: 00007FF626CBD578 v8::Function::Experimental_IsNopFunction+1336\n 5: 00007FF626B1EF60 v8::Platform::SystemClockTimeMillis+659328\n 6: 00007FF626AD6D63 v8::Platform::SystemClockTimeMillis+363907\n 7: 00007FF626B28610 v8::Platform::SystemClockTimeMillis+697904\n 8: 00007FF626B1BC80 v8::Platform::SystemClockTimeMillis+646304\n 9: 00007FF626B312EA v8::Platform::SystemClockTimeMillis+733962\n10: 00007FF626B3B0E4 v8::Platform::SystemClockTimeMillis+774404\n11: 00007FF626B497C1 v8::Platform::SystemClockTimeMillis+833505\n12: 00007FF626C8E2FC v8::SharedValueConveyor::SharedValueConveyor+432636\n13: 00007FF626C8D8C9 v8::SharedValueConveyor::SharedValueConveyor+430025\n14: 00007FF626C29B42 v8::SharedValueConveyor::SharedValueConveyor+21058\n15: 00007FF626C28F5E v8::SharedValueConveyor::SharedValueConveyor+18014\n16: 00007FF626C98108 v8::SharedValueConveyor::SharedValueConveyor+473096\n17: 00007FF626B74594 v8::Locker::IsLocked+2868\n18: 00007FF626800669 v8::CodeEvent::GetFunctionName+115529\n19: 00007FF626800EA9 v8::CodeEvent::GetFunctionName+117641\n20: 00007FF626D7ED5E v8::PropertyDescriptor::writable+650878\n21: 00007FF626E5AC9A v8::PropertyDescriptor::writable+1551802\n22: 00007FF626CF0300 v8::PropertyDescriptor::writable+66592\n23: 00007FF626CF0300 v8::PropertyDescriptor::writable+66592\n24: 00007FF626CF0300 v8::PropertyDescriptor::writable+66592\n25: 00007FF626CF0300 v8::PropertyDescriptor::writable+66592\n26: 00007FF626CF0300 v8::PropertyDescriptor::writable+66592\n27: 00007FF626CF0300 v8::PropertyDescriptor::writable+66592\n28: 00007FF626CEE6C0 v8::PropertyDescriptor::writable+59360\n29: 00007FF626CEE2BB v8::PropertyDescriptor::writable+58331\n30: 00007FF626B9F288 v8::FixedArray::Length+3928\n31: 00007FF626B9EB83 v8::FixedArray::Length+2131\n32: 00007FF626CB30AB v8::Function::Call+571\n33: 00007FF626279F7A node::OnFatalError+129114\n34: 00007FF6261D1056 node::TriggerNodeReport+23830\n35: 00007FF62629DCDB node::Start+2011\n36: 00007FF62631F0A5 node::LoadEnvironment+245\n37: 00007FF62620519A DH_get0_priv_key+153338\n38: 00007FF62629E85D node::Start+4957\n39: 00007FF62629D530 node::Start+48\n40: 00007FF62604D89C AES_cbc_encrypt+151244\n41: 00007FF6274F62FC inflateValidate+19196\n42: 00007FFF95037AC4 BaseThreadInitThunk+20\n43: 00007FFF9593A8C1 RtlUserThreadStart+33"},"time":423.003,"fullname":"parallel/test-child-process-advanced-serialization-splitted-length-field","closingTestPoint":false}}]}