{"failedTests":[{"testName":"parallel/test-permission-fs-symlink","timestamp":1765555939276,"status":"FAILED","jobName":"node-test-binary-windows-js-suites","config":"node-test-binary-windows-js-suites » 0,win2022-COMPILED_BY-vs2022_clang #37950","buildUrl":"https://ci.nodejs.org/job/node-test-binary-windows-js-suites/RUN_SUBSET=0,nodes=win2022-COMPILED_BY-vs2022_clang/37950/","buildNumber":37950,"builtOn":"test-rackspace-win2022_vs2022-x64-1","nodeVersion":"26.0.0","commitHash":"065ad26593129d5eee274519dacc5a7b208d2c07","callStack":[{"upstreamBuild":74291,"upstreamProject":"node-test-commit-windows-fanned","upstreamUrl":"job/node-test-commit-windows-fanned/"},{"upstreamBuild":84346,"upstreamProject":"node-test-commit","upstreamUrl":"job/node-test-commit/"},{"upstreamBuild":70499,"upstreamProject":"node-test-pull-request","upstreamUrl":"job/node-test-pull-request/"},{"prId":"760"}],"tap":{"ok":false,"name":"parallel/test-permission-fs-symlink","id":703,"buffered":false,"tapError":null,"skip":false,"todo":false,"previous":null,"plan":null,"diag":{"severity":"fail","exitcode":1,"stack":"node:internal/assert/utils:146\n  throw error;\n  ^\n\nAssertionError [ERR_ASSERTION]: node:fs:555\n\n  return binding.open(\n\n                 ^\n\n\n\nError: ENOENT: no such file or directory, open 'C:\\workspace\\node-test-binary-windows-js-suites\\node\\test\\.tmp.705\\allowed-folder\\deep1\\deep2\\deep3\\protected-file.md'\n\n    at Object.openSync (node:fs:555:18)\n\n    at Object.readFileSync (node:fs:439:35)\n\n    at Object.<anonymous> (C:\\workspace\\node-test-binary-windows-js-suites\\node\\test\\fixtures\\permission\\fs-symlink.js:38:25)\n\n    at Module._compile (node:internal/modules/cjs/loader:1760:14)\n\n    at Object..js (node:internal/modules/cjs/loader:1891:10)\n\n    at Module.load (node:internal/modules/cjs/loader:1480:32)\n\n    at Module._load (node:internal/modules/cjs/loader:1299:12)\n\n    at TracingChannel.traceSync (node:diagnostics_channel:328:14)\n\n    at wrapModuleLoad (node:internal/modules/cjs/loader:245:24)\n\n    at Module.executeUserEntryPoint [as runMain] (node:internal/modules/run_main:154:5) {\n\n  errno: -4058,\n\n  code: 'ENOENT',\n\n  syscall: 'open',\n\n  path: 'C:\\\\workspace\\\\node-test-binary-windows-js-suites\\\\node\\\\test\\\\.tmp.705\\\\allowed-folder\\\\deep1\\\\deep2\\\\deep3\\\\protected-file.md'\n\n}\n\n\n\nNode.js v26.0.0-pre\n\n\n\n1 !== 0\n\n    at Object.<anonymous> (C:\\workspace\\node-test-binary-windows-js-suites\\node\\test\\parallel\\test-permission-fs-symlink.js:73:10)\n    at Module._compile (node:internal/modules/cjs/loader:1760:14)\n    at Object..js (node:internal/modules/cjs/loader:1891:10)\n    at Module.load (node:internal/modules/cjs/loader:1480:32)\n    at Module._load (node:internal/modules/cjs/loader:1299:12)\n    at TracingChannel.traceSync (node:diagnostics_channel:328:14)\n    at wrapModuleLoad (node:internal/modules/cjs/loader:245:24)\n    at Module.executeUserEntryPoint [as runMain] (node:internal/modules/run_main:154:5)\n    at node:internal/main/run_main_module:33:47 {\n  generatedMessage: false,\n  code: 'ERR_ASSERTION',\n  actual: 1,\n  expected: 0,\n  operator: 'strictEqual',\n  diff: 'simple'\n}\n\nNode.js v26.0.0-pre"},"time":949.048,"fullname":"parallel/test-permission-fs-symlink","closingTestPoint":false}},{"testName":"parallel/test-permission-fs-symlink-relative","timestamp":1765555939276,"status":"FAILED","jobName":"node-test-binary-windows-js-suites","config":"node-test-binary-windows-js-suites » 2,win10-COMPILED_BY-vs2022_clang #37950","buildUrl":"https://ci.nodejs.org/job/node-test-binary-windows-js-suites/RUN_SUBSET=2,nodes=win10-COMPILED_BY-vs2022_clang/37950/","buildNumber":37950,"builtOn":"test-azure_msft-win10_vs2019-x64-4","nodeVersion":"26.0.0","commitHash":"065ad26593129d5eee274519dacc5a7b208d2c07","callStack":[{"upstreamBuild":74291,"upstreamProject":"node-test-commit-windows-fanned","upstreamUrl":"job/node-test-commit-windows-fanned/"},{"upstreamBuild":84346,"upstreamProject":"node-test-commit","upstreamUrl":"job/node-test-commit/"},{"upstreamBuild":70499,"upstreamProject":"node-test-pull-request","upstreamUrl":"job/node-test-pull-request/"},{"prId":"760"}],"tap":{"ok":false,"name":"parallel/test-permission-fs-symlink-relative","id":703,"buffered":false,"tapError":null,"skip":false,"todo":false,"previous":null,"plan":null,"diag":{"severity":"fail","exitcode":1,"stack":"node:assert:456\n      throw err;\n      ^\n\nAssertionError [ERR_ASSERTION]: Expected values to be strictly deep-equal:\n+ actual - expected\n\n  Comparison {\n    code: 'ERR_ACCESS_DENIED',\n+   message: 'Access to this API has been restricted. Use --allow-fs-read to manage permissions.'\n-   message: /symlink API requires full fs\\.read and fs\\.write permissions/\n  }\n\n    at Object.<anonymous> (c:\\workspace\\node-test-binary-windows-js-suites\\node\\test\\parallel\\test-permission-fs-symlink-relative.js:24:14)\n    at Module._compile (node:internal/modules/cjs/loader:1760:14)\n    at Object..js (node:internal/modules/cjs/loader:1891:10)\n    at Module.load (node:internal/modules/cjs/loader:1480:32)\n    at Module._load (node:internal/modules/cjs/loader:1299:12)\n    at TracingChannel.traceSync (node:diagnostics_channel:328:14)\n    at wrapModuleLoad (node:internal/modules/cjs/loader:245:24)\n    at Module.executeUserEntryPoint [as runMain] (node:internal/modules/run_main:154:5)\n    at node:internal/main/run_main_module:33:47 {\n  generatedMessage: true,\n  code: 'ERR_ASSERTION',\n  actual: Error: Access to this API has been restricted. Use --allow-fs-read to manage permissions.\n      at statSync (node:fs:1701:25)\n      at symlinkSync (node:fs:1829:9)\n      at c:\\workspace\\node-test-binary-windows-js-suites\\node\\test\\parallel\\test-permission-fs-symlink-relative.js:24:27\n      at getActual (node:assert:580:5)\n      at assert.throws (node:assert:728:24)\n      at Object.<anonymous> (c:\\workspace\\node-test-binary-windows-js-suites\\node\\test\\parallel\\test-permission-fs-symlink-relative.js:24:14)\n      at Module._compile (node:internal/modules/cjs/loader:1760:14)\n      at Object..js (node:internal/modules/cjs/loader:1891:10)\n      at Module.load (node:internal/modules/cjs/loader:1480:32)\n      at Module._load (node:internal/modules/cjs/loader:1299:12) {\n    code: 'ERR_ACCESS_DENIED',\n    permission: 'FileSystemRead',\n    resource: '\\\\\\\\?\\\\C:\\\\workspace\\\\node-test-binary-windows-js-suites\\\\node\\\\test\\\\parallel\\\\drive-relative'\n  },\n  expected: {\n    code: 'ERR_ACCESS_DENIED',\n    message: /symlink API requires full fs\\.read and fs\\.write permissions/\n  },\n  operator: 'throws',\n  diff: 'simple'\n}\n\nNode.js v26.0.0-pre"},"time":163.007,"fullname":"parallel/test-permission-fs-symlink-relative","closingTestPoint":false}},{"testName":"parallel/test-permission-fs-symlink-relative","timestamp":1765555939276,"status":"FAILED","jobName":"node-test-binary-windows-js-suites","config":"node-test-binary-windows-js-suites » 2,win11-COMPILED_BY-vs2022_clang #37950","buildUrl":"https://ci.nodejs.org/job/node-test-binary-windows-js-suites/RUN_SUBSET=2,nodes=win11-COMPILED_BY-vs2022_clang/37950/","buildNumber":37950,"builtOn":"test-azure_msft-win11_vs2022-x64-4","nodeVersion":"26.0.0","commitHash":"065ad26593129d5eee274519dacc5a7b208d2c07","callStack":[{"upstreamBuild":74291,"upstreamProject":"node-test-commit-windows-fanned","upstreamUrl":"job/node-test-commit-windows-fanned/"},{"upstreamBuild":84346,"upstreamProject":"node-test-commit","upstreamUrl":"job/node-test-commit/"},{"upstreamBuild":70499,"upstreamProject":"node-test-pull-request","upstreamUrl":"job/node-test-pull-request/"},{"prId":"760"}],"tap":{"ok":false,"name":"parallel/test-permission-fs-symlink-relative","id":704,"buffered":false,"tapError":null,"skip":false,"todo":false,"previous":null,"plan":null,"diag":{"severity":"fail","exitcode":1,"stack":"node:assert:456\n      throw err;\n      ^\n\nAssertionError [ERR_ASSERTION]: Expected values to be strictly deep-equal:\n+ actual - expected\n\n  Comparison {\n    code: 'ERR_ACCESS_DENIED',\n+   message: 'Access to this API has been restricted. Use --allow-fs-read to manage permissions.'\n-   message: /symlink API requires full fs\\.read and fs\\.write permissions/\n  }\n\n    at Object.<anonymous> (c:\\workspace\\node-test-binary-windows-js-suites\\node\\test\\parallel\\test-permission-fs-symlink-relative.js:24:14)\n    at Module._compile (node:internal/modules/cjs/loader:1760:14)\n    at Object..js (node:internal/modules/cjs/loader:1891:10)\n    at Module.load (node:internal/modules/cjs/loader:1480:32)\n    at Module._load (node:internal/modules/cjs/loader:1299:12)\n    at TracingChannel.traceSync (node:diagnostics_channel:328:14)\n    at wrapModuleLoad (node:internal/modules/cjs/loader:245:24)\n    at Module.executeUserEntryPoint [as runMain] (node:internal/modules/run_main:154:5)\n    at node:internal/main/run_main_module:33:47 {\n  generatedMessage: true,\n  code: 'ERR_ASSERTION',\n  actual: Error: Access to this API has been restricted. Use --allow-fs-read to manage permissions.\n      at statSync (node:fs:1701:25)\n      at symlinkSync (node:fs:1829:9)\n      at c:\\workspace\\node-test-binary-windows-js-suites\\node\\test\\parallel\\test-permission-fs-symlink-relative.js:24:27\n      at getActual (node:assert:580:5)\n      at assert.throws (node:assert:728:24)\n      at Object.<anonymous> (c:\\workspace\\node-test-binary-windows-js-suites\\node\\test\\parallel\\test-permission-fs-symlink-relative.js:24:14)\n      at Module._compile (node:internal/modules/cjs/loader:1760:14)\n      at Object..js (node:internal/modules/cjs/loader:1891:10)\n      at Module.load (node:internal/modules/cjs/loader:1480:32)\n      at Module._load (node:internal/modules/cjs/loader:1299:12) {\n    code: 'ERR_ACCESS_DENIED',\n    permission: 'FileSystemRead',\n    resource: '\\\\\\\\?\\\\C:\\\\workspace\\\\node-test-binary-windows-js-suites\\\\node\\\\test\\\\parallel\\\\drive-relative'\n  },\n  expected: {\n    code: 'ERR_ACCESS_DENIED',\n    message: /symlink API requires full fs\\.read and fs\\.write permissions/\n  },\n  operator: 'throws',\n  diff: 'simple'\n}\n\nNode.js v26.0.0-pre"},"time":179.998,"fullname":"parallel/test-permission-fs-symlink-relative","closingTestPoint":false}},{"testName":"parallel/test-permission-fs-symlink","timestamp":1765555939276,"status":"FAILED","jobName":"node-test-binary-windows-js-suites","config":"node-test-binary-windows-js-suites » 1,win11-arm64-COMPILED_BY-vs2022_clang-arm64 #37950","buildUrl":"https://ci.nodejs.org/job/node-test-binary-windows-js-suites/RUN_SUBSET=1,nodes=win11-arm64-COMPILED_BY-vs2022_clang-arm64/37950/","buildNumber":37950,"builtOn":"test-azure_msft-win11_vs2022-arm64-3","nodeVersion":"26.0.0","commitHash":"065ad26593129d5eee274519dacc5a7b208d2c07","callStack":[{"upstreamBuild":74291,"upstreamProject":"node-test-commit-windows-fanned","upstreamUrl":"job/node-test-commit-windows-fanned/"},{"upstreamBuild":84346,"upstreamProject":"node-test-commit","upstreamUrl":"job/node-test-commit/"},{"upstreamBuild":70499,"upstreamProject":"node-test-pull-request","upstreamUrl":"job/node-test-pull-request/"},{"prId":"760"}],"tap":{"ok":false,"name":"parallel/test-permission-fs-symlink","id":699,"buffered":false,"tapError":null,"skip":false,"todo":false,"previous":null,"plan":null,"diag":{"severity":"fail","exitcode":1,"stack":"node:internal/assert/utils:146\n  throw error;\n  ^\n\nAssertionError [ERR_ASSERTION]: node:fs:555\n\n  return binding.open(\n\n                 ^\n\n\n\nError: ENOENT: no such file or directory, open 'd:\\workspace\\node-test-binary-windows-js-suites\\node\\test\\.tmp.703\\allowed-folder\\deep1\\deep2\\deep3\\protected-file.md'\n\n    at Object.openSync (node:fs:555:18)\n\n    at Object.readFileSync (node:fs:439:35)\n\n    at Object.<anonymous> (d:\\workspace\\node-test-binary-windows-js-suites\\node\\test\\fixtures\\permission\\fs-symlink.js:38:25)\n\n    at Module._compile (node:internal/modules/cjs/loader:1760:14)\n\n    at Module._extensions..js (node:internal/modules/cjs/loader:1891:10)\n\n    at Module.load (node:internal/modules/cjs/loader:1480:32)\n\n    at Module._load (node:internal/modules/cjs/loader:1299:12)\n\n    at TracingChannel.traceSync (node:diagnostics_channel:328:14)\n\n    at wrapModuleLoad (node:internal/modules/cjs/loader:245:24)\n\n    at Module.executeUserEntryPoint [as runMain] (node:internal/modules/run_main:154:5) {\n\n  errno: -4058,\n\n  code: 'ENOENT',\n\n  syscall: 'open',\n\n  path: 'd:\\\\workspace\\\\node-test-binary-windows-js-suites\\\\node\\\\test\\\\.tmp.703\\\\allowed-folder\\\\deep1\\\\deep2\\\\deep3\\\\protected-file.md'\n\n}\n\n\n\nNode.js v26.0.0-pre\n\n\n\n1 !== 0\n\n    at Object.<anonymous> (d:\\workspace\\node-test-binary-windows-js-suites\\node\\test\\parallel\\test-permission-fs-symlink.js:73:10)\n    at Module._compile (node:internal/modules/cjs/loader:1760:14)\n    at Module._extensions..js (node:internal/modules/cjs/loader:1891:10)\n    at Module.load (node:internal/modules/cjs/loader:1480:32)\n    at Module._load (node:internal/modules/cjs/loader:1299:12)\n    at TracingChannel.traceSync (node:diagnostics_channel:328:14)\n    at wrapModuleLoad (node:internal/modules/cjs/loader:245:24)\n    at Module.executeUserEntryPoint [as runMain] (node:internal/modules/run_main:154:5)\n    at node:internal/main/run_main_module:33:47 {\n  generatedMessage: false,\n  code: 'ERR_ASSERTION',\n  actual: 1,\n  expected: 0,\n  operator: 'strictEqual',\n  diff: 'simple'\n}\n\nNode.js v26.0.0-pre"},"time":715.65,"fullname":"parallel/test-permission-fs-symlink","closingTestPoint":false}},{"testName":"parallel/test-permission-fs-symlink-relative","timestamp":1765555939276,"status":"FAILED","jobName":"node-test-binary-windows-js-suites","config":"node-test-binary-windows-js-suites » 3,win11-arm64-COMPILED_BY-vs2022_clang-arm64 #37950","buildUrl":"https://ci.nodejs.org/job/node-test-binary-windows-js-suites/RUN_SUBSET=3,nodes=win11-arm64-COMPILED_BY-vs2022_clang-arm64/37950/","buildNumber":37950,"builtOn":"test-azure_msft-win11_vs2022-arm64-5","nodeVersion":"26.0.0","commitHash":"065ad26593129d5eee274519dacc5a7b208d2c07","callStack":[{"upstreamBuild":74291,"upstreamProject":"node-test-commit-windows-fanned","upstreamUrl":"job/node-test-commit-windows-fanned/"},{"upstreamBuild":84346,"upstreamProject":"node-test-commit","upstreamUrl":"job/node-test-commit/"},{"upstreamBuild":70499,"upstreamProject":"node-test-pull-request","upstreamUrl":"job/node-test-pull-request/"},{"prId":"760"}],"tap":{"ok":false,"name":"parallel/test-permission-fs-symlink-relative","id":698,"buffered":false,"tapError":null,"skip":false,"todo":false,"previous":null,"plan":null,"diag":{"severity":"fail","exitcode":1,"stack":"node:assert:456\n      throw err;\n      ^\n\nAssertionError [ERR_ASSERTION]: Expected values to be strictly deep-equal:\n+ actual - expected\n\n  Comparison {\n    code: 'ERR_ACCESS_DENIED',\n+   message: 'Access to this API has been restricted. Use --allow-fs-read to manage permissions.'\n-   message: /symlink API requires full fs\\.read and fs\\.write permissions/\n  }\n\n    at Object.<anonymous> (d:\\workspace\\node-test-binary-windows-js-suites\\node\\test\\parallel\\test-permission-fs-symlink-relative.js:24:14)\n    at Module._compile (node:internal/modules/cjs/loader:1760:14)\n    at Module._extensions..js (node:internal/modules/cjs/loader:1891:10)\n    at Module.load (node:internal/modules/cjs/loader:1480:32)\n    at Module._load (node:internal/modules/cjs/loader:1299:12)\n    at TracingChannel.traceSync (node:diagnostics_channel:328:14)\n    at wrapModuleLoad (node:internal/modules/cjs/loader:245:24)\n    at Module.executeUserEntryPoint [as runMain] (node:internal/modules/run_main:154:5)\n    at node:internal/main/run_main_module:33:47 {\n  generatedMessage: true,\n  code: 'ERR_ASSERTION',\n  actual: Error: Access to this API has been restricted. Use --allow-fs-read to manage permissions.\n      at statSync (node:fs:1701:25)\n      at symlinkSync (node:fs:1829:9)\n      at d:\\workspace\\node-test-binary-windows-js-suites\\node\\test\\parallel\\test-permission-fs-symlink-relative.js:24:27\n      at getActual (node:assert:580:5)\n      at assert.throws (node:assert:728:24)\n      at Object.<anonymous> (d:\\workspace\\node-test-binary-windows-js-suites\\node\\test\\parallel\\test-permission-fs-symlink-relative.js:24:14)\n      at Module._compile (node:internal/modules/cjs/loader:1760:14)\n      at Module._extensions..js (node:internal/modules/cjs/loader:1891:10)\n      at Module.load (node:internal/modules/cjs/loader:1480:32)\n      at Module._load (node:internal/modules/cjs/loader:1299:12) {\n    code: 'ERR_ACCESS_DENIED',\n    permission: 'FileSystemRead',\n    resource: '\\\\\\\\?\\\\C:\\\\drive-relative'\n  },\n  expected: {\n    code: 'ERR_ACCESS_DENIED',\n    message: /symlink API requires full fs\\.read and fs\\.write permissions/\n  },\n  operator: 'throws',\n  diff: 'simple'\n}\n\nNode.js v26.0.0-pre"},"time":401.005,"fullname":"parallel/test-permission-fs-symlink-relative","closingTestPoint":false}},{"testName":"parallel/test-permission-fs-symlink","timestamp":1765555939276,"status":"FAILED","jobName":"node-test-binary-windows-js-suites","config":"node-test-binary-windows-js-suites » 0,win10-COMPILED_BY-vs2022_clang #37950","buildUrl":"https://ci.nodejs.org/job/node-test-binary-windows-js-suites/RUN_SUBSET=0,nodes=win10-COMPILED_BY-vs2022_clang/37950/","buildNumber":37950,"builtOn":"test-azure_msft-win10_vs2019-x64-3","nodeVersion":"26.0.0","commitHash":"065ad26593129d5eee274519dacc5a7b208d2c07","callStack":[{"upstreamBuild":74291,"upstreamProject":"node-test-commit-windows-fanned","upstreamUrl":"job/node-test-commit-windows-fanned/"},{"upstreamBuild":84346,"upstreamProject":"node-test-commit","upstreamUrl":"job/node-test-commit/"},{"upstreamBuild":70499,"upstreamProject":"node-test-pull-request","upstreamUrl":"job/node-test-pull-request/"},{"prId":"760"}],"tap":{"ok":false,"name":"parallel/test-permission-fs-symlink","id":704,"buffered":false,"tapError":null,"skip":false,"todo":false,"previous":null,"plan":null,"diag":{"severity":"fail","exitcode":1,"stack":"node:internal/assert/utils:146\n  throw error;\n  ^\n\nAssertionError [ERR_ASSERTION]: node:fs:555\n\n  return binding.open(\n\n                 ^\n\n\n\nError: ENOENT: no such file or directory, open 'c:\\workspace\\node-test-binary-windows-js-suites\\node\\test\\.tmp.705\\allowed-folder\\deep1\\deep2\\deep3\\protected-file.md'\n\n    at Object.openSync (node:fs:555:18)\n\n    at Object.readFileSync (node:fs:439:35)\n\n    at Object.<anonymous> (c:\\workspace\\node-test-binary-windows-js-suites\\node\\test\\fixtures\\permission\\fs-symlink.js:38:25)\n\n    at Module._compile (node:internal/modules/cjs/loader:1760:14)\n\n    at Object..js (node:internal/modules/cjs/loader:1891:10)\n\n    at Module.load (node:internal/modules/cjs/loader:1480:32)\n\n    at Module._load (node:internal/modules/cjs/loader:1299:12)\n\n    at TracingChannel.traceSync (node:diagnostics_channel:328:14)\n\n    at wrapModuleLoad (node:internal/modules/cjs/loader:245:24)\n\n    at Module.executeUserEntryPoint [as runMain] (node:internal/modules/run_main:154:5) {\n\n  errno: -4058,\n\n  code: 'ENOENT',\n\n  syscall: 'open',\n\n  path: 'c:\\\\workspace\\\\node-test-binary-windows-js-suites\\\\node\\\\test\\\\.tmp.705\\\\allowed-folder\\\\deep1\\\\deep2\\\\deep3\\\\protected-file.md'\n\n}\n\n\n\nNode.js v26.0.0-pre\n\n\n\n1 !== 0\n\n    at Object.<anonymous> (c:\\workspace\\node-test-binary-windows-js-suites\\node\\test\\parallel\\test-permission-fs-symlink.js:73:10)\n    at Module._compile (node:internal/modules/cjs/loader:1760:14)\n    at Object..js (node:internal/modules/cjs/loader:1891:10)\n    at Module.load (node:internal/modules/cjs/loader:1480:32)\n    at Module._load (node:internal/modules/cjs/loader:1299:12)\n    at TracingChannel.traceSync (node:diagnostics_channel:328:14)\n    at wrapModuleLoad (node:internal/modules/cjs/loader:245:24)\n    at Module.executeUserEntryPoint [as runMain] (node:internal/modules/run_main:154:5)\n    at node:internal/main/run_main_module:33:47 {\n  generatedMessage: false,\n  code: 'ERR_ASSERTION',\n  actual: 1,\n  expected: 0,\n  operator: 'strictEqual',\n  diff: 'simple'\n}\n\nNode.js v26.0.0-pre"},"time":503.944,"fullname":"parallel/test-permission-fs-symlink","closingTestPoint":false}},{"testName":"parallel/test-permission-fs-symlink","timestamp":1765555939276,"status":"FAILED","jobName":"node-test-binary-windows-js-suites","config":"node-test-binary-windows-js-suites » 0,win2019-COMPILED_BY-vs2022_clang #37950","buildUrl":"https://ci.nodejs.org/job/node-test-binary-windows-js-suites/RUN_SUBSET=0,nodes=win2019-COMPILED_BY-vs2022_clang/37950/","buildNumber":37950,"builtOn":"test-rackspace-win2019_vs2019-x64-1","nodeVersion":"26.0.0","commitHash":"065ad26593129d5eee274519dacc5a7b208d2c07","callStack":[{"upstreamBuild":74291,"upstreamProject":"node-test-commit-windows-fanned","upstreamUrl":"job/node-test-commit-windows-fanned/"},{"upstreamBuild":84346,"upstreamProject":"node-test-commit","upstreamUrl":"job/node-test-commit/"},{"upstreamBuild":70499,"upstreamProject":"node-test-pull-request","upstreamUrl":"job/node-test-pull-request/"},{"prId":"760"}],"tap":{"ok":false,"name":"parallel/test-permission-fs-symlink","id":703,"buffered":false,"tapError":null,"skip":false,"todo":false,"previous":null,"plan":null,"diag":{"severity":"fail","exitcode":1,"stack":"node:internal/assert/utils:146\n  throw error;\n  ^\n\nAssertionError [ERR_ASSERTION]: node:fs:555\n\n  return binding.open(\n\n                 ^\n\n\n\nError: ENOENT: no such file or directory, open 'C:\\workspace\\node-test-binary-windows-js-suites\\node\\test\\.tmp.705\\allowed-folder\\deep1\\deep2\\deep3\\protected-file.md'\n\n    at Object.openSync (node:fs:555:18)\n\n    at Object.readFileSync (node:fs:439:35)\n\n    at Object.<anonymous> (C:\\workspace\\node-test-binary-windows-js-suites\\node\\test\\fixtures\\permission\\fs-symlink.js:38:25)\n\n    at Module._compile (node:internal/modules/cjs/loader:1760:14)\n\n    at Object..js (node:internal/modules/cjs/loader:1891:10)\n\n    at Module.load (node:internal/modules/cjs/loader:1480:32)\n\n    at Module._load (node:internal/modules/cjs/loader:1299:12)\n\n    at TracingChannel.traceSync (node:diagnostics_channel:328:14)\n\n    at wrapModuleLoad (node:internal/modules/cjs/loader:245:24)\n\n    at Module.executeUserEntryPoint [as runMain] (node:internal/modules/run_main:154:5) {\n\n  errno: -4058,\n\n  code: 'ENOENT',\n\n  syscall: 'open',\n\n  path: 'C:\\\\workspace\\\\node-test-binary-windows-js-suites\\\\node\\\\test\\\\.tmp.705\\\\allowed-folder\\\\deep1\\\\deep2\\\\deep3\\\\protected-file.md'\n\n}\n\n\n\nNode.js v26.0.0-pre\n\n\n\n1 !== 0\n\n    at Object.<anonymous> (C:\\workspace\\node-test-binary-windows-js-suites\\node\\test\\parallel\\test-permission-fs-symlink.js:73:10)\n    at Module._compile (node:internal/modules/cjs/loader:1760:14)\n    at Object..js (node:internal/modules/cjs/loader:1891:10)\n    at Module.load (node:internal/modules/cjs/loader:1480:32)\n    at Module._load (node:internal/modules/cjs/loader:1299:12)\n    at TracingChannel.traceSync (node:diagnostics_channel:328:14)\n    at wrapModuleLoad (node:internal/modules/cjs/loader:245:24)\n    at Module.executeUserEntryPoint [as runMain] (node:internal/modules/run_main:154:5)\n    at node:internal/main/run_main_module:33:47 {\n  generatedMessage: false,\n  code: 'ERR_ASSERTION',\n  actual: 1,\n  expected: 0,\n  operator: 'strictEqual',\n  diff: 'simple'\n}\n\nNode.js v26.0.0-pre"},"time":802.028,"fullname":"parallel/test-permission-fs-symlink","closingTestPoint":false}},{"testName":"parallel/test-permission-fs-symlink","timestamp":1765555939276,"status":"FAILED","jobName":"node-test-binary-windows-js-suites","config":"node-test-binary-windows-js-suites » 0,win11-COMPILED_BY-vs2022_clang #37950","buildUrl":"https://ci.nodejs.org/job/node-test-binary-windows-js-suites/RUN_SUBSET=0,nodes=win11-COMPILED_BY-vs2022_clang/37950/","buildNumber":37950,"builtOn":"test-azure_msft-win11_vs2022-x64-3","nodeVersion":"26.0.0","commitHash":"065ad26593129d5eee274519dacc5a7b208d2c07","callStack":[{"upstreamBuild":74291,"upstreamProject":"node-test-commit-windows-fanned","upstreamUrl":"job/node-test-commit-windows-fanned/"},{"upstreamBuild":84346,"upstreamProject":"node-test-commit","upstreamUrl":"job/node-test-commit/"},{"upstreamBuild":70499,"upstreamProject":"node-test-pull-request","upstreamUrl":"job/node-test-pull-request/"},{"prId":"760"}],"tap":{"ok":false,"name":"parallel/test-permission-fs-symlink","id":704,"buffered":false,"tapError":null,"skip":false,"todo":false,"previous":null,"plan":null,"diag":{"severity":"fail","exitcode":1,"stack":"node:internal/assert/utils:146\n  throw error;\n  ^\n\nAssertionError [ERR_ASSERTION]: node:fs:555\n\n  return binding.open(\n\n                 ^\n\n\n\nError: ENOENT: no such file or directory, open 'c:\\workspace\\node-test-binary-windows-js-suites\\node\\test\\.tmp.705\\allowed-folder\\deep1\\deep2\\deep3\\protected-file.md'\n\n    at Object.openSync (node:fs:555:18)\n\n    at Object.readFileSync (node:fs:439:35)\n\n    at Object.<anonymous> (c:\\workspace\\node-test-binary-windows-js-suites\\node\\test\\fixtures\\permission\\fs-symlink.js:38:25)\n\n    at Module._compile (node:internal/modules/cjs/loader:1760:14)\n\n    at Object..js (node:internal/modules/cjs/loader:1891:10)\n\n    at Module.load (node:internal/modules/cjs/loader:1480:32)\n\n    at Module._load (node:internal/modules/cjs/loader:1299:12)\n\n    at TracingChannel.traceSync (node:diagnostics_channel:328:14)\n\n    at wrapModuleLoad (node:internal/modules/cjs/loader:245:24)\n\n    at Module.executeUserEntryPoint [as runMain] (node:internal/modules/run_main:154:5) {\n\n  errno: -4058,\n\n  code: 'ENOENT',\n\n  syscall: 'open',\n\n  path: 'c:\\\\workspace\\\\node-test-binary-windows-js-suites\\\\node\\\\test\\\\.tmp.705\\\\allowed-folder\\\\deep1\\\\deep2\\\\deep3\\\\protected-file.md'\n\n}\n\n\n\nNode.js v26.0.0-pre\n\n\n\n1 !== 0\n\n    at Object.<anonymous> (c:\\workspace\\node-test-binary-windows-js-suites\\node\\test\\parallel\\test-permission-fs-symlink.js:73:10)\n    at Module._compile (node:internal/modules/cjs/loader:1760:14)\n    at Object..js (node:internal/modules/cjs/loader:1891:10)\n    at Module.load (node:internal/modules/cjs/loader:1480:32)\n    at Module._load (node:internal/modules/cjs/loader:1299:12)\n    at TracingChannel.traceSync (node:diagnostics_channel:328:14)\n    at wrapModuleLoad (node:internal/modules/cjs/loader:245:24)\n    at Module.executeUserEntryPoint [as runMain] (node:internal/modules/run_main:154:5)\n    at node:internal/main/run_main_module:33:47 {\n  generatedMessage: false,\n  code: 'ERR_ASSERTION',\n  actual: 1,\n  expected: 0,\n  operator: 'strictEqual',\n  diff: 'simple'\n}\n\nNode.js v26.0.0-pre"},"time":510.007,"fullname":"parallel/test-permission-fs-symlink","closingTestPoint":false}}]}