{"failedTests":[{"testName":"parallel/test-runner-watch-mode","timestamp":1765794288260,"status":"FAILED","jobName":"node-test-binary-windows-js-suites","config":"node-test-binary-windows-js-suites » 1,win2019-COMPILED_BY-vs2022 #37961","buildUrl":"https://ci.nodejs.org/job/node-test-binary-windows-js-suites/RUN_SUBSET=1,nodes=win2019-COMPILED_BY-vs2022/37961/","buildNumber":37961,"builtOn":"test-rackspace-win2019_vs2019-x64-1","nodeVersion":"22.21.2","commitHash":"d8ad487bb602e5317ac3dc8f6cfff47447079808","callStack":[{"upstreamBuild":74302,"upstreamProject":"node-test-commit-windows-fanned","upstreamUrl":"job/node-test-commit-windows-fanned/"},{"upstreamBuild":84357,"upstreamProject":"node-test-commit","upstreamUrl":"job/node-test-commit/"},{"upstreamBuild":419,"upstreamProject":"node-daily-v22.x-staging","upstreamUrl":"job/node-daily-v22.x-staging/"}],"tap":{"ok":false,"name":"parallel/test-runner-watch-mode","id":915,"buffered":false,"tapError":null,"skip":false,"todo":": Fix flaky test","previous":null,"plan":null,"diag":{"severity":"flaky","exitcode":1,"stack":"Test failure: 'should run new tests when a new file is created in the watched directory'\nLocation: test\\parallel\\test-runner-watch-mode.mjs:195:7\nAssertionError [ERR_ASSERTION]: The input did not match the regular expression /tests 1/. Input:\n\n'✔ new-test-file.test.js (2.0365ms)\\n' +\n  '✔ test has ran (0.2455ms)\\n' +\n  'ℹ tests 2\\n' +\n  'ℹ suites 0\\n' +\n  'ℹ pass 2\\n' +\n  'ℹ fail 0\\n' +\n  'ℹ cancelled 0\\n' +\n  'ℹ skipped 0\\n' +\n  'ℹ todo 0\\n' +\n  'ℹ duration_ms 285.351\\n'\n\n    at testCreate (file:///C:/workspace/node-test-binary-windows-js-suites/node/test/parallel/test-runner-watch-mode.mjs:154:14)\n    at process.processTicksAndRejections (node:internal/process/task_queues:105:5)\n    at async testWatch (file:///C:/workspace/node-test-binary-windows-js-suites/node/test/parallel/test-runner-watch-mode.mjs:164:26)\n    at async TestContext.<anonymous> (file:///C:/workspace/node-test-binary-windows-js-suites/node/test/parallel/test-runner-watch-mode.mjs:200:9)\n    at async Test.run (node:internal/test_runner/test:1054:7)\n    at async Suite.processPendingSubtests (node:internal/test_runner/test:744:7) {\n  generatedMessage: true,\n  code: 'ERR_ASSERTION',\n  actual: '✔ new-test-file.test.js (2.0365ms)\\n' +\n    '✔ test has ran (0.2455ms)\\n' +\n    'ℹ tests 2\\n' +\n    'ℹ suites 0\\n' +\n    'ℹ pass 2\\n' +\n    'ℹ fail 0\\n' +\n    'ℹ cancelled 0\\n' +\n    'ℹ skipped 0\\n' +\n    'ℹ todo 0\\n' +\n    'ℹ duration_ms 285.351\\n' +\n    '...',\n  expected: /tests 1/,\n  operator: 'match',\n  diff: 'simple'\n}\n\nTest failure: 'should support running tests without a file'\nLocation: test\\parallel\\test-runner-watch-mode.mjs:183:7\nAssertionError [ERR_ASSERTION]: The input did not match the regular expression /tests 1/. Input:\n\n'✖ test.js (1050.8709ms)\\n' +\n  '✔ test has ran (3.5475ms)\\n' +\n  'ℹ tests 2\\n' +\n  'ℹ suites 0\\n' +\n  'ℹ pass 1\\n' +\n  'ℹ fail 1\\n' +\n  'ℹ cancelled 0\\n' +\n  'ℹ skipped 0\\n' +\n  'ℹ todo 0\\n' +\n  'ℹ duration_ms 354.3912\\n' +\n  '\\n' +\n  '✖ failing tests:\\n' +\n  '\\n' +\n  'test at test.js:1:1\\n' +\n  '✖ test.js (1050.8709ms)\\n' +\n  \"  'test failed'\\n\"\n\n    at testUpdate (file:///C:/workspace/node-test-binary-windows-js-suites/node/test/parallel/test-runner-watch-mode.mjs:80:14)\n    at process.processTicksAndRejections (node:internal/process/task_queues:105:5)\n    at async testWatch (file:///C:/workspace/node-test-binary-windows-js-suites/node/test/parallel/test-runner-watch-mode.mjs:161:26)\n    at async TestContext.<anonymous> (file:///C:/workspace/node-test-binary-windows-js-suites/node/test/parallel/test-runner-watch-mode.mjs:184:9)\n    at async Test.run (node:internal/test_runner/test:1054:7)\n    at async Suite.processPendingSubtests (node:internal/test_runner/test:744:7) {\n  generatedMessage: true,\n  code: 'ERR_ASSERTION',\n  actual: '✖ test.js (1050.8709ms)\\n' +\n    '✔ test has ran (3.5475ms)\\n' +\n    'ℹ tests 2\\n' +\n    'ℹ suites 0\\n' +\n    'ℹ pass 1\\n' +\n    'ℹ fail 1\\n' +\n    'ℹ cancelled 0\\n' +\n    'ℹ skipped 0\\n' +\n    'ℹ todo 0\\n' +\n    'ℹ duration_ms 354.3912\\n' +\n    '...',\n  expected: /tests 1/,\n  operator: 'match',\n  diff: 'simple'\n}"},"time":30013.739,"fullname":"parallel/test-runner-watch-mode","closingTestPoint":false}},{"testName":"parallel/test-runner-watch-mode","timestamp":1765794288260,"status":"FAILED","jobName":"node-test-binary-windows-js-suites","config":"node-test-binary-windows-js-suites » 1,win2016-COMPILED_BY-vs2022-x86 #37961","buildUrl":"https://ci.nodejs.org/job/node-test-binary-windows-js-suites/RUN_SUBSET=1,nodes=win2016-COMPILED_BY-vs2022-x86/37961/","buildNumber":37961,"builtOn":"test-rackspace-win2016_vs2015-x64-2","nodeVersion":"22.21.2","commitHash":"d8ad487bb602e5317ac3dc8f6cfff47447079808","callStack":[{"upstreamBuild":74302,"upstreamProject":"node-test-commit-windows-fanned","upstreamUrl":"job/node-test-commit-windows-fanned/"},{"upstreamBuild":84357,"upstreamProject":"node-test-commit","upstreamUrl":"job/node-test-commit/"},{"upstreamBuild":419,"upstreamProject":"node-daily-v22.x-staging","upstreamUrl":"job/node-daily-v22.x-staging/"}],"tap":{"ok":false,"name":"parallel/test-runner-watch-mode","id":906,"buffered":false,"tapError":null,"skip":false,"todo":": Fix flaky test","previous":null,"plan":null,"diag":{"severity":"flaky","exitcode":1,"stack":"Test failure: 'should run new tests when a new file is created in the watched directory'\nLocation: test\\parallel\\test-runner-watch-mode.mjs:195:7\nAssertionError [ERR_ASSERTION]: The input did not match the regular expression /tests 1/. Input:\n\n'✔ new-test-file.test.js (2.0695ms)\\n' +\n  '✔ test has ran (0.3244ms)\\n' +\n  'ℹ tests 2\\n' +\n  'ℹ suites 0\\n' +\n  'ℹ pass 2\\n' +\n  'ℹ fail 0\\n' +\n  'ℹ cancelled 0\\n' +\n  'ℹ skipped 0\\n' +\n  'ℹ todo 0\\n' +\n  'ℹ duration_ms 281.0902\\n'\n\n    at testCreate (file:///C:/workspace/node-test-binary-windows-js-suites/node/test/parallel/test-runner-watch-mode.mjs:154:14)\n    at process.processTicksAndRejections (node:internal/process/task_queues:105:5)\n    at async testWatch (file:///C:/workspace/node-test-binary-windows-js-suites/node/test/parallel/test-runner-watch-mode.mjs:164:26)\n    at async TestContext.<anonymous> (file:///C:/workspace/node-test-binary-windows-js-suites/node/test/parallel/test-runner-watch-mode.mjs:200:9)\n    at async Test.run (node:internal/test_runner/test:1054:7)\n    at async Suite.processPendingSubtests (node:internal/test_runner/test:744:7) {\n  generatedMessage: true,\n  code: 'ERR_ASSERTION',\n  actual: '✔ new-test-file.test.js (2.0695ms)\\n' +\n    '✔ test has ran (0.3244ms)\\n' +\n    'ℹ tests 2\\n' +\n    'ℹ suites 0\\n' +\n    'ℹ pass 2\\n' +\n    'ℹ fail 0\\n' +\n    'ℹ cancelled 0\\n' +\n    'ℹ skipped 0\\n' +\n    'ℹ todo 0\\n' +\n    'ℹ duration_ms 281.0902\\n' +\n    '...',\n  expected: /tests 1/,\n  operator: 'match',\n  diff: 'simple'\n}\n\nTest failure: 'should run tests with dependency repeatedly'\nLocation: test\\parallel\\test-runner-watch-mode.mjs:175:7\nAssertionError [ERR_ASSERTION]: The input did not match the regular expression /tests 1/. Input:\n\n'✖ C:\\\\workspace\\\\node-test-binary-windows-js-suites\\\\node\\\\test\\\\.tmp.772\\\\test.js (1080.6923ms)\\n' +\n  '✔ test has ran (11.5514ms)\\n' +\n  'ℹ tests 2\\n' +\n  'ℹ suites 0\\n' +\n  'ℹ pass 1\\n' +\n  'ℹ fail 1\\n' +\n  'ℹ cancelled 0\\n' +\n  'ℹ skipped 0\\n' +\n  'ℹ todo 0\\n' +\n  'ℹ duration_ms 243.2491\\n' +\n  '\\n' +\n  '✖ failing tests:\\n' +\n  '\\n' +\n  'test at test.js:1:1\\n' +\n  '✖ C:\\\\workspace\\\\node-test-binary-windows-js-suites\\\\node\\\\test\\\\.tmp.772\\\\test.js (1080.6923ms)\\n' +\n  \"  'test failed'\\n\"\n\n    at testUpdate (file:///C:/workspace/node-test-binary-windows-js-suites/node/test/parallel/test-runner-watch-mode.mjs:80:14)\n    at process.processTicksAndRejections (node:internal/process/task_queues:105:5)\n    at async testWatch (file:///C:/workspace/node-test-binary-windows-js-suites/node/test/parallel/test-runner-watch-mode.mjs:161:26)\n    at async TestContext.<anonymous> (file:///C:/workspace/node-test-binary-windows-js-suites/node/test/parallel/test-runner-watch-mode.mjs:176:9)\n    at async Test.run (node:internal/test_runner/test:1054:7)\n    at async Suite.processPendingSubtests (node:internal/test_runner/test:744:7) {\n  generatedMessage: true,\n  code: 'ERR_ASSERTION',\n  actual: '✖ C:\\\\workspace\\\\node-test-binary-windows-js-suites\\\\node\\\\test\\\\.tmp.772\\\\test.js (1080.6923ms)\\n' +\n    '✔ test has ran (11.5514ms)\\n' +\n    'ℹ tests 2\\n' +\n    'ℹ suites 0\\n' +\n    'ℹ pass 1\\n' +\n    'ℹ fail 1\\n' +\n    'ℹ cancelled 0\\n' +\n    'ℹ skipped 0\\n' +\n    'ℹ todo 0\\n' +\n    'ℹ duration_ms 243.2491\\n' +\n    '...',\n  expected: /tests 1/,\n  operator: 'match',\n  diff: 'simple'\n}"},"time":30624.503,"fullname":"parallel/test-runner-watch-mode","closingTestPoint":false}}]}