{"failedTests":[{"testName":"parallel/test-permission-fs-symlink-relative","timestamp":1765978800772,"status":"FAILED","jobName":"node-test-binary-windows-js-suites","config":"node-test-binary-windows-js-suites » 2,win10-COMPILED_BY-vs2022_clang #37975","buildUrl":"https://ci.nodejs.org/job/node-test-binary-windows-js-suites/RUN_SUBSET=2,nodes=win10-COMPILED_BY-vs2022_clang/37975/","buildNumber":37975,"builtOn":"test-azure_msft-win10_vs2019-x64-4","nodeVersion":"26.0.0","commitHash":"4cd2c2c27cb7f7dbdc57195ee3b4fd3a2bddb6c1","callStack":[{"upstreamBuild":74318,"upstreamProject":"node-test-commit-windows-fanned","upstreamUrl":"job/node-test-commit-windows-fanned/"},{"upstreamBuild":84373,"upstreamProject":"node-test-commit","upstreamUrl":"job/node-test-commit/"},{"upstreamBuild":70507,"upstreamProject":"node-test-pull-request","upstreamUrl":"job/node-test-pull-request/"},{"prId":"760"}],"tap":{"ok":false,"name":"parallel/test-permission-fs-symlink-relative","id":703,"buffered":false,"tapError":null,"skip":false,"todo":false,"previous":null,"plan":null,"diag":{"severity":"fail","exitcode":1,"stack":"node:assert:456\n      throw err;\n      ^\n\nAssertionError [ERR_ASSERTION]: Expected values to be strictly deep-equal:\n+ actual - expected\n\n  Comparison {\n    code: 'ERR_ACCESS_DENIED',\n+   message: 'Access to this API has been restricted. Use --allow-fs-read to manage permissions.'\n-   message: /symlink API requires full fs\\.read and fs\\.write permissions/\n  }\n\n    at Object.<anonymous> (c:\\workspace\\node-test-binary-windows-js-suites\\node\\test\\parallel\\test-permission-fs-symlink-relative.js:24:14)\n    at Module._compile (node:internal/modules/cjs/loader:1760:14)\n    at Object..js (node:internal/modules/cjs/loader:1891:10)\n    at Module.load (node:internal/modules/cjs/loader:1480:32)\n    at Module._load (node:internal/modules/cjs/loader:1299:12)\n    at TracingChannel.traceSync (node:diagnostics_channel:328:14)\n    at wrapModuleLoad (node:internal/modules/cjs/loader:245:24)\n    at Module.executeUserEntryPoint [as runMain] (node:internal/modules/run_main:154:5)\n    at node:internal/main/run_main_module:33:47 {\n  generatedMessage: true,\n  code: 'ERR_ASSERTION',\n  actual: Error: Access to this API has been restricted. Use --allow-fs-read to manage permissions.\n      at statSync (node:fs:1701:25)\n      at symlinkSync (node:fs:1829:9)\n      at c:\\workspace\\node-test-binary-windows-js-suites\\node\\test\\parallel\\test-permission-fs-symlink-relative.js:24:27\n      at getActual (node:assert:580:5)\n      at assert.throws (node:assert:728:24)\n      at Object.<anonymous> (c:\\workspace\\node-test-binary-windows-js-suites\\node\\test\\parallel\\test-permission-fs-symlink-relative.js:24:14)\n      at Module._compile (node:internal/modules/cjs/loader:1760:14)\n      at Object..js (node:internal/modules/cjs/loader:1891:10)\n      at Module.load (node:internal/modules/cjs/loader:1480:32)\n      at Module._load (node:internal/modules/cjs/loader:1299:12) {\n    code: 'ERR_ACCESS_DENIED',\n    permission: 'FileSystemRead',\n    resource: '\\\\\\\\?\\\\C:\\\\workspace\\\\node-test-binary-windows-js-suites\\\\node\\\\test\\\\parallel\\\\drive-relative'\n  },\n  expected: {\n    code: 'ERR_ACCESS_DENIED',\n    message: /symlink API requires full fs\\.read and fs\\.write permissions/\n  },\n  operator: 'throws',\n  diff: 'simple'\n}\n\nNode.js v26.0.0-pre"},"time":176.006,"fullname":"parallel/test-permission-fs-symlink-relative","closingTestPoint":false}},{"testName":"parallel/test-permission-fs-symlink-relative","timestamp":1765978800772,"status":"FAILED","jobName":"node-test-binary-windows-js-suites","config":"node-test-binary-windows-js-suites » 2,win11-COMPILED_BY-vs2022_clang #37975","buildUrl":"https://ci.nodejs.org/job/node-test-binary-windows-js-suites/RUN_SUBSET=2,nodes=win11-COMPILED_BY-vs2022_clang/37975/","buildNumber":37975,"builtOn":"test-azure_msft-win11_vs2022-x64-4","nodeVersion":"26.0.0","commitHash":"4cd2c2c27cb7f7dbdc57195ee3b4fd3a2bddb6c1","callStack":[{"upstreamBuild":74318,"upstreamProject":"node-test-commit-windows-fanned","upstreamUrl":"job/node-test-commit-windows-fanned/"},{"upstreamBuild":84373,"upstreamProject":"node-test-commit","upstreamUrl":"job/node-test-commit/"},{"upstreamBuild":70507,"upstreamProject":"node-test-pull-request","upstreamUrl":"job/node-test-pull-request/"},{"prId":"760"}],"tap":{"ok":false,"name":"parallel/test-permission-fs-symlink-relative","id":703,"buffered":false,"tapError":null,"skip":false,"todo":false,"previous":null,"plan":null,"diag":{"severity":"fail","exitcode":1,"stack":"node:assert:456\n      throw err;\n      ^\n\nAssertionError [ERR_ASSERTION]: Expected values to be strictly deep-equal:\n+ actual - expected\n\n  Comparison {\n    code: 'ERR_ACCESS_DENIED',\n+   message: 'Access to this API has been restricted. Use --allow-fs-read to manage permissions.'\n-   message: /symlink API requires full fs\\.read and fs\\.write permissions/\n  }\n\n    at Object.<anonymous> (c:\\workspace\\node-test-binary-windows-js-suites\\node\\test\\parallel\\test-permission-fs-symlink-relative.js:24:14)\n    at Module._compile (node:internal/modules/cjs/loader:1760:14)\n    at Object..js (node:internal/modules/cjs/loader:1891:10)\n    at Module.load (node:internal/modules/cjs/loader:1480:32)\n    at Module._load (node:internal/modules/cjs/loader:1299:12)\n    at TracingChannel.traceSync (node:diagnostics_channel:328:14)\n    at wrapModuleLoad (node:internal/modules/cjs/loader:245:24)\n    at Module.executeUserEntryPoint [as runMain] (node:internal/modules/run_main:154:5)\n    at node:internal/main/run_main_module:33:47 {\n  generatedMessage: true,\n  code: 'ERR_ASSERTION',\n  actual: Error: Access to this API has been restricted. Use --allow-fs-read to manage permissions.\n      at statSync (node:fs:1701:25)\n      at symlinkSync (node:fs:1829:9)\n      at c:\\workspace\\node-test-binary-windows-js-suites\\node\\test\\parallel\\test-permission-fs-symlink-relative.js:24:27\n      at getActual (node:assert:580:5)\n      at assert.throws (node:assert:728:24)\n      at Object.<anonymous> (c:\\workspace\\node-test-binary-windows-js-suites\\node\\test\\parallel\\test-permission-fs-symlink-relative.js:24:14)\n      at Module._compile (node:internal/modules/cjs/loader:1760:14)\n      at Object..js (node:internal/modules/cjs/loader:1891:10)\n      at Module.load (node:internal/modules/cjs/loader:1480:32)\n      at Module._load (node:internal/modules/cjs/loader:1299:12) {\n    code: 'ERR_ACCESS_DENIED',\n    permission: 'FileSystemRead',\n    resource: '\\\\\\\\?\\\\C:\\\\workspace\\\\node-test-binary-windows-js-suites\\\\node\\\\test\\\\parallel\\\\drive-relative'\n  },\n  expected: {\n    code: 'ERR_ACCESS_DENIED',\n    message: /symlink API requires full fs\\.read and fs\\.write permissions/\n  },\n  operator: 'throws',\n  diff: 'simple'\n}\n\nNode.js v26.0.0-pre"},"time":160.999,"fullname":"parallel/test-permission-fs-symlink-relative","closingTestPoint":false}},{"testName":"parallel/test-permission-fs-symlink-relative","timestamp":1765978800772,"status":"FAILED","jobName":"node-test-binary-windows-js-suites","config":"node-test-binary-windows-js-suites » 3,win11-arm64-COMPILED_BY-vs2022_clang-arm64 #37975","buildUrl":"https://ci.nodejs.org/job/node-test-binary-windows-js-suites/RUN_SUBSET=3,nodes=win11-arm64-COMPILED_BY-vs2022_clang-arm64/37975/","buildNumber":37975,"builtOn":"test-azure_msft-win11_vs2022-arm64-2","nodeVersion":"26.0.0","commitHash":"4cd2c2c27cb7f7dbdc57195ee3b4fd3a2bddb6c1","callStack":[{"upstreamBuild":74318,"upstreamProject":"node-test-commit-windows-fanned","upstreamUrl":"job/node-test-commit-windows-fanned/"},{"upstreamBuild":84373,"upstreamProject":"node-test-commit","upstreamUrl":"job/node-test-commit/"},{"upstreamBuild":70507,"upstreamProject":"node-test-pull-request","upstreamUrl":"job/node-test-pull-request/"},{"prId":"760"}],"tap":{"ok":false,"name":"parallel/test-permission-fs-symlink-relative","id":700,"buffered":false,"tapError":null,"skip":false,"todo":false,"previous":null,"plan":null,"diag":{"severity":"fail","exitcode":1,"stack":"node:assert:456\n      throw err;\n      ^\n\nAssertionError [ERR_ASSERTION]: Expected values to be strictly deep-equal:\n+ actual - expected\n\n  Comparison {\n    code: 'ERR_ACCESS_DENIED',\n+   message: 'Access to this API has been restricted. Use --allow-fs-read to manage permissions.'\n-   message: /symlink API requires full fs\\.read and fs\\.write permissions/\n  }\n\n    at Object.<anonymous> (d:\\workspace\\node-test-binary-windows-js-suites\\node\\test\\parallel\\test-permission-fs-symlink-relative.js:24:14)\n    at Module._compile (node:internal/modules/cjs/loader:1760:14)\n    at Module._extensions..js (node:internal/modules/cjs/loader:1891:10)\n    at Module.load (node:internal/modules/cjs/loader:1480:32)\n    at Module._load (node:internal/modules/cjs/loader:1299:12)\n    at TracingChannel.traceSync (node:diagnostics_channel:328:14)\n    at wrapModuleLoad (node:internal/modules/cjs/loader:245:24)\n    at Module.executeUserEntryPoint [as runMain] (node:internal/modules/run_main:154:5)\n    at node:internal/main/run_main_module:33:47 {\n  generatedMessage: true,\n  code: 'ERR_ASSERTION',\n  actual: Error: Access to this API has been restricted. Use --allow-fs-read to manage permissions.\n      at statSync (node:fs:1701:25)\n      at symlinkSync (node:fs:1829:9)\n      at d:\\workspace\\node-test-binary-windows-js-suites\\node\\test\\parallel\\test-permission-fs-symlink-relative.js:24:27\n      at getActual (node:assert:580:5)\n      at assert.throws (node:assert:728:24)\n      at Object.<anonymous> (d:\\workspace\\node-test-binary-windows-js-suites\\node\\test\\parallel\\test-permission-fs-symlink-relative.js:24:14)\n      at Module._compile (node:internal/modules/cjs/loader:1760:14)\n      at Module._extensions..js (node:internal/modules/cjs/loader:1891:10)\n      at Module.load (node:internal/modules/cjs/loader:1480:32)\n      at Module._load (node:internal/modules/cjs/loader:1299:12) {\n    code: 'ERR_ACCESS_DENIED',\n    permission: 'FileSystemRead',\n    resource: '\\\\\\\\?\\\\C:\\\\drive-relative'\n  },\n  expected: {\n    code: 'ERR_ACCESS_DENIED',\n    message: /symlink API requires full fs\\.read and fs\\.write permissions/\n  },\n  operator: 'throws',\n  diff: 'simple'\n}\n\nNode.js v26.0.0-pre"},"time":401.005,"fullname":"parallel/test-permission-fs-symlink-relative","closingTestPoint":false}}]}