{"failedTests":[{"testName":"parallel/test-http-sync-write-error-during-continue","timestamp":1766151479916,"status":"FAILED","jobName":"node-test-binary-windows-js-suites","config":"node-test-binary-windows-js-suites » 1,win11-arm64-COMPILED_BY-vs2022_clang-arm64 #37987","buildUrl":"https://ci.nodejs.org/job/node-test-binary-windows-js-suites/RUN_SUBSET=1,nodes=win11-arm64-COMPILED_BY-vs2022_clang-arm64/37987/","buildNumber":37987,"builtOn":"test-azure_msft-win11_vs2022-arm64-2","nodeVersion":"26.0.0","commitHash":"45bc784214cc4ce737527419049108ceec16f99f","callStack":[{"upstreamBuild":74330,"upstreamProject":"node-test-commit-windows-fanned","upstreamUrl":"job/node-test-commit-windows-fanned/"},{"upstreamBuild":84384,"upstreamProject":"node-test-commit","upstreamUrl":"job/node-test-commit/"},{"upstreamBuild":70509,"upstreamProject":"node-test-pull-request","upstreamUrl":"job/node-test-pull-request/"},{"prId":"61098"}],"tap":{"ok":false,"name":"parallel/test-http-sync-write-error-during-continue","id":507,"buffered":false,"tapError":null,"skip":false,"todo":false,"previous":null,"plan":null,"diag":{"severity":"fail","exitcode":1,"stack":"node:events:486\n      throw er; // Unhandled 'error' event\n      ^\n\nError: sometimes the code just doesn’t work\n    at DuplexSide.<anonymous> (d:\\workspace\\node-test-binary-windows-js-suites\\node\\test\\parallel\\test-http-sync-write-error-during-continue.js:46:26)\n    at DuplexSide._write (d:\\workspace\\node-test-binary-windows-js-suites\\node\\test\\common\\index.js:506:15)\n    at doWrite (node:internal/streams/writable:596:12)\n    at clearBuffer (node:internal/streams/writable:781:7)\n    at Writable.uncork (node:internal/streams/writable:529:7)\n    at ClientRequest.end (node:_http_outgoing:1090:19)\n    at ClientRequest.<anonymous> (d:\\workspace\\node-test-binary-windows-js-suites\\node\\test\\parallel\\test-http-sync-write-error-during-continue.js:49:9)\n    at ClientRequest.<anonymous> (d:\\workspace\\node-test-binary-windows-js-suites\\node\\test\\common\\index.js:506:15)\n    at ClientRequest.emit (node:events:508:20)\n    at HTTPParser.parserOnIncomingClient [as onIncoming] (node:_http_client:723:11)\nEmitted 'error' event on DuplexSide instance at:\n    at emitErrorNT (node:internal/streams/destroy:170:8)\n    at emitErrorCloseNT (node:internal/streams/destroy:129:3)\n    at process.processTicksAndRejections (node:internal/process/task_queues:89:21)\n\nNode.js v26.0.0-pre"},"time":276.999,"fullname":"parallel/test-http-sync-write-error-during-continue","closingTestPoint":false}},{"testName":"parallel/test-http-sync-write-error-during-continue","timestamp":1766151479916,"status":"FAILED","jobName":"node-test-binary-windows-js-suites","config":"node-test-binary-windows-js-suites » 0,win2019-COMPILED_BY-vs2022_clang #37987","buildUrl":"https://ci.nodejs.org/job/node-test-binary-windows-js-suites/RUN_SUBSET=0,nodes=win2019-COMPILED_BY-vs2022_clang/37987/","buildNumber":37987,"builtOn":"test-rackspace-win2019_vs2019-x64-2","nodeVersion":"26.0.0","commitHash":"45bc784214cc4ce737527419049108ceec16f99f","callStack":[{"upstreamBuild":74330,"upstreamProject":"node-test-commit-windows-fanned","upstreamUrl":"job/node-test-commit-windows-fanned/"},{"upstreamBuild":84384,"upstreamProject":"node-test-commit","upstreamUrl":"job/node-test-commit/"},{"upstreamBuild":70509,"upstreamProject":"node-test-pull-request","upstreamUrl":"job/node-test-pull-request/"},{"prId":"61098"}],"tap":{"ok":false,"name":"parallel/test-http-sync-write-error-during-continue","id":509,"buffered":false,"tapError":null,"skip":false,"todo":false,"previous":null,"plan":null,"diag":{"severity":"fail","exitcode":1,"stack":"node:events:486\n      throw er; // Unhandled 'error' event\n      ^\n\nError: sometimes the code just doesn’t work\n    at DuplexSide.<anonymous> (C:\\workspace\\node-test-binary-windows-js-suites\\node\\test\\parallel\\test-http-sync-write-error-during-continue.js:46:26)\n    at DuplexSide._write (C:\\workspace\\node-test-binary-windows-js-suites\\node\\test\\common\\index.js:506:15)\n    at doWrite (node:internal/streams/writable:596:12)\n    at clearBuffer (node:internal/streams/writable:781:7)\n    at Writable.uncork (node:internal/streams/writable:529:7)\n    at ClientRequest.end (node:_http_outgoing:1090:19)\n    at ClientRequest.<anonymous> (C:\\workspace\\node-test-binary-windows-js-suites\\node\\test\\parallel\\test-http-sync-write-error-during-continue.js:49:9)\n    at ClientRequest.<anonymous> (C:\\workspace\\node-test-binary-windows-js-suites\\node\\test\\common\\index.js:506:15)\n    at ClientRequest.emit (node:events:508:20)\n    at HTTPParser.parserOnIncomingClient [as onIncoming] (node:_http_client:723:11)\nEmitted 'error' event on DuplexSide instance at:\n    at emitErrorNT (node:internal/streams/destroy:170:8)\n    at emitErrorCloseNT (node:internal/streams/destroy:129:3)\n    at process.processTicksAndRejections (node:internal/process/task_queues:89:21)\n\nNode.js v26.0.0-pre"},"time":332.018,"fullname":"parallel/test-http-sync-write-error-during-continue","closingTestPoint":false}},{"testName":"parallel/test-http-sync-write-error-during-continue","timestamp":1766151479916,"status":"FAILED","jobName":"node-test-binary-windows-js-suites","config":"node-test-binary-windows-js-suites » 0,win2022-COMPILED_BY-vs2022_clang #37987","buildUrl":"https://ci.nodejs.org/job/node-test-binary-windows-js-suites/RUN_SUBSET=0,nodes=win2022-COMPILED_BY-vs2022_clang/37987/","buildNumber":37987,"builtOn":"test-rackspace-win2022_vs2022-x64-4","nodeVersion":"26.0.0","commitHash":"45bc784214cc4ce737527419049108ceec16f99f","callStack":[{"upstreamBuild":74330,"upstreamProject":"node-test-commit-windows-fanned","upstreamUrl":"job/node-test-commit-windows-fanned/"},{"upstreamBuild":84384,"upstreamProject":"node-test-commit","upstreamUrl":"job/node-test-commit/"},{"upstreamBuild":70509,"upstreamProject":"node-test-pull-request","upstreamUrl":"job/node-test-pull-request/"},{"prId":"61098"}],"tap":{"ok":false,"name":"parallel/test-http-sync-write-error-during-continue","id":509,"buffered":false,"tapError":null,"skip":false,"todo":false,"previous":null,"plan":null,"diag":{"severity":"fail","exitcode":1,"stack":"node:events:486\n      throw er; // Unhandled 'error' event\n      ^\n\nError: sometimes the code just doesn’t work\n    at DuplexSide.<anonymous> (C:\\workspace\\node-test-binary-windows-js-suites\\node\\test\\parallel\\test-http-sync-write-error-during-continue.js:46:26)\n    at DuplexSide._write (C:\\workspace\\node-test-binary-windows-js-suites\\node\\test\\common\\index.js:506:15)\n    at doWrite (node:internal/streams/writable:596:12)\n    at clearBuffer (node:internal/streams/writable:781:7)\n    at Writable.uncork (node:internal/streams/writable:529:7)\n    at ClientRequest.end (node:_http_outgoing:1090:19)\n    at ClientRequest.<anonymous> (C:\\workspace\\node-test-binary-windows-js-suites\\node\\test\\parallel\\test-http-sync-write-error-during-continue.js:49:9)\n    at ClientRequest.<anonymous> (C:\\workspace\\node-test-binary-windows-js-suites\\node\\test\\common\\index.js:506:15)\n    at ClientRequest.emit (node:events:508:20)\n    at HTTPParser.parserOnIncomingClient [as onIncoming] (node:_http_client:723:11)\nEmitted 'error' event on DuplexSide instance at:\n    at emitErrorNT (node:internal/streams/destroy:170:8)\n    at emitErrorCloseNT (node:internal/streams/destroy:129:3)\n    at process.processTicksAndRejections (node:internal/process/task_queues:89:21)\n\nNode.js v26.0.0-pre"},"time":277.993,"fullname":"parallel/test-http-sync-write-error-during-continue","closingTestPoint":false}},{"testName":"parallel/test-http-sync-write-error-during-continue","timestamp":1766151479916,"status":"FAILED","jobName":"node-test-binary-windows-js-suites","config":"node-test-binary-windows-js-suites » 0,win10-COMPILED_BY-vs2022_clang #37987","buildUrl":"https://ci.nodejs.org/job/node-test-binary-windows-js-suites/RUN_SUBSET=0,nodes=win10-COMPILED_BY-vs2022_clang/37987/","buildNumber":37987,"builtOn":"test-azure_msft-win10_vs2019-x64-1","nodeVersion":"26.0.0","commitHash":"45bc784214cc4ce737527419049108ceec16f99f","callStack":[{"upstreamBuild":74330,"upstreamProject":"node-test-commit-windows-fanned","upstreamUrl":"job/node-test-commit-windows-fanned/"},{"upstreamBuild":84384,"upstreamProject":"node-test-commit","upstreamUrl":"job/node-test-commit/"},{"upstreamBuild":70509,"upstreamProject":"node-test-pull-request","upstreamUrl":"job/node-test-pull-request/"},{"prId":"61098"}],"tap":{"ok":false,"name":"parallel/test-http-sync-write-error-during-continue","id":513,"buffered":false,"tapError":null,"skip":false,"todo":false,"previous":null,"plan":null,"diag":{"severity":"fail","exitcode":1,"stack":"node:events:486\n      throw er; // Unhandled 'error' event\n      ^\n\nError: sometimes the code just doesn’t work\n    at DuplexSide.<anonymous> (c:\\workspace\\node-test-binary-windows-js-suites\\node\\test\\parallel\\test-http-sync-write-error-during-continue.js:46:26)\n    at DuplexSide._write (c:\\workspace\\node-test-binary-windows-js-suites\\node\\test\\common\\index.js:506:15)\n    at doWrite (node:internal/streams/writable:596:12)\n    at clearBuffer (node:internal/streams/writable:781:7)\n    at Writable.uncork (node:internal/streams/writable:529:7)\n    at ClientRequest.end (node:_http_outgoing:1090:19)\n    at ClientRequest.<anonymous> (c:\\workspace\\node-test-binary-windows-js-suites\\node\\test\\parallel\\test-http-sync-write-error-during-continue.js:49:9)\n    at ClientRequest.<anonymous> (c:\\workspace\\node-test-binary-windows-js-suites\\node\\test\\common\\index.js:506:15)\n    at ClientRequest.emit (node:events:508:20)\n    at HTTPParser.parserOnIncomingClient [as onIncoming] (node:_http_client:723:11)\nEmitted 'error' event on DuplexSide instance at:\n    at emitErrorNT (node:internal/streams/destroy:170:8)\n    at emitErrorCloseNT (node:internal/streams/destroy:129:3)\n    at process.processTicksAndRejections (node:internal/process/task_queues:89:21)\n\nNode.js v26.0.0-pre"},"time":263.001,"fullname":"parallel/test-http-sync-write-error-during-continue","closingTestPoint":false}},{"testName":"parallel/test-http-sync-write-error-during-continue","timestamp":1766151479916,"status":"FAILED","jobName":"node-test-binary-windows-js-suites","config":"node-test-binary-windows-js-suites » 0,win11-COMPILED_BY-vs2022_clang #37987","buildUrl":"https://ci.nodejs.org/job/node-test-binary-windows-js-suites/RUN_SUBSET=0,nodes=win11-COMPILED_BY-vs2022_clang/37987/","buildNumber":37987,"builtOn":"test-azure_msft-win11_vs2022-x64-1","nodeVersion":"26.0.0","commitHash":"45bc784214cc4ce737527419049108ceec16f99f","callStack":[{"upstreamBuild":74330,"upstreamProject":"node-test-commit-windows-fanned","upstreamUrl":"job/node-test-commit-windows-fanned/"},{"upstreamBuild":84384,"upstreamProject":"node-test-commit","upstreamUrl":"job/node-test-commit/"},{"upstreamBuild":70509,"upstreamProject":"node-test-pull-request","upstreamUrl":"job/node-test-pull-request/"},{"prId":"61098"}],"tap":{"ok":false,"name":"parallel/test-http-sync-write-error-during-continue","id":513,"buffered":false,"tapError":null,"skip":false,"todo":false,"previous":null,"plan":null,"diag":{"severity":"fail","exitcode":1,"stack":"node:events:486\n      throw er; // Unhandled 'error' event\n      ^\n\nError: sometimes the code just doesn’t work\n    at DuplexSide.<anonymous> (c:\\workspace\\node-test-binary-windows-js-suites\\node\\test\\parallel\\test-http-sync-write-error-during-continue.js:46:26)\n    at DuplexSide._write (c:\\workspace\\node-test-binary-windows-js-suites\\node\\test\\common\\index.js:506:15)\n    at doWrite (node:internal/streams/writable:596:12)\n    at clearBuffer (node:internal/streams/writable:781:7)\n    at Writable.uncork (node:internal/streams/writable:529:7)\n    at ClientRequest.end (node:_http_outgoing:1090:19)\n    at ClientRequest.<anonymous> (c:\\workspace\\node-test-binary-windows-js-suites\\node\\test\\parallel\\test-http-sync-write-error-during-continue.js:49:9)\n    at ClientRequest.<anonymous> (c:\\workspace\\node-test-binary-windows-js-suites\\node\\test\\common\\index.js:506:15)\n    at ClientRequest.emit (node:events:508:20)\n    at HTTPParser.parserOnIncomingClient [as onIncoming] (node:_http_client:723:11)\nEmitted 'error' event on DuplexSide instance at:\n    at emitErrorNT (node:internal/streams/destroy:170:8)\n    at emitErrorCloseNT (node:internal/streams/destroy:129:3)\n    at process.processTicksAndRejections (node:internal/process/task_queues:89:21)\n\nNode.js v26.0.0-pre"},"time":235.016,"fullname":"parallel/test-http-sync-write-error-during-continue","closingTestPoint":false}}]}