{"failedTests":[{"testName":"parallel/test-http2-client-setLocalWindowSize","timestamp":1766165444870,"status":"FAILED","jobName":"node-test-binary-windows-js-suites","config":"node-test-binary-windows-js-suites » 0,win2022-COMPILED_BY-vs2022_clang #37997","buildUrl":"https://ci.nodejs.org/job/node-test-binary-windows-js-suites/RUN_SUBSET=0,nodes=win2022-COMPILED_BY-vs2022_clang/37997/","buildNumber":37997,"builtOn":"test-rackspace-win2022_vs2022-x64-4","nodeVersion":"26.0.0","commitHash":"bb77aed216b9b22f50538ea828e211b7b70ca63f","callStack":[{"upstreamBuild":74341,"upstreamProject":"node-test-commit-windows-fanned","upstreamUrl":"job/node-test-commit-windows-fanned/"},{"upstreamBuild":84397,"upstreamProject":"node-test-commit","upstreamUrl":"job/node-test-commit/"},{"upstreamBuild":70522,"upstreamProject":"node-test-pull-request","upstreamUrl":"job/node-test-pull-request/"},{"prId":"61036"}],"tap":{"ok":false,"name":"parallel/test-http2-client-setLocalWindowSize","id":528,"buffered":false,"tapError":null,"skip":false,"todo":false,"previous":null,"plan":null,"diag":{"severity":"fail","exitcode":1,"stack":"node:internal/assert/utils:146\n  throw error;\n  ^\n\nAssertionError [ERR_ASSERTION]: Expected values to be strictly equal:\n\n65535 !== 262144\n\n    at ClientHttp2Session.<anonymous> (C:\\workspace\\node-test-binary-windows-js-suites\\node\\test\\parallel\\test-http2-client-setLocalWindowSize.js:81:14)\n    at ClientHttp2Session.<anonymous> (C:\\workspace\\node-test-binary-windows-js-suites\\node\\test\\common\\index.js:506:15)\n    at ClientHttp2Session.emit (node:events:508:20)\n    at emit (node:internal/http2/core:342:3)\n    at process.processTicksAndRejections (node:internal/process/task_queues:91:21) {\n  generatedMessage: true,\n  code: 'ERR_ASSERTION',\n  actual: 65535,\n  expected: 262144,\n  operator: 'strictEqual',\n  diff: 'simple'\n}\n\nNode.js v26.0.0-pre"},"time":374.022,"fullname":"parallel/test-http2-client-setLocalWindowSize","closingTestPoint":false}},{"testName":"parallel/test-http2-server-setLocalWindowSize","timestamp":1766165444870,"status":"FAILED","jobName":"node-test-binary-windows-js-suites","config":"node-test-binary-windows-js-suites » 1,win10-COMPILED_BY-vs2022_clang #37997","buildUrl":"https://ci.nodejs.org/job/node-test-binary-windows-js-suites/RUN_SUBSET=1,nodes=win10-COMPILED_BY-vs2022_clang/37997/","buildNumber":37997,"builtOn":"test-azure_msft-win10_vs2019-x64-1","nodeVersion":"26.0.0","commitHash":"bb77aed216b9b22f50538ea828e211b7b70ca63f","callStack":[{"upstreamBuild":74341,"upstreamProject":"node-test-commit-windows-fanned","upstreamUrl":"job/node-test-commit-windows-fanned/"},{"upstreamBuild":84397,"upstreamProject":"node-test-commit","upstreamUrl":"job/node-test-commit/"},{"upstreamBuild":70522,"upstreamProject":"node-test-pull-request","upstreamUrl":"job/node-test-pull-request/"},{"prId":"61036"}],"tap":{"ok":false,"name":"parallel/test-http2-server-setLocalWindowSize","id":579,"buffered":false,"tapError":null,"skip":false,"todo":false,"previous":null,"plan":null,"diag":{"severity":"fail","exitcode":1,"stack":"node:internal/assert/utils:146\n  throw error;\n  ^\n\nAssertionError [ERR_ASSERTION]: Expected values to be strictly equal:\n\n65535 !== 262144\n\n    at Http2Server.<anonymous> (c:\\workspace\\node-test-binary-windows-js-suites\\node\\test\\parallel\\test-http2-server-setLocalWindowSize.js:22:10)\n    at Http2Server.<anonymous> (c:\\workspace\\node-test-binary-windows-js-suites\\node\\test\\common\\index.js:506:15)\n    at Http2Server.emit (node:events:508:20)\n    at Http2Server.connectionListener (node:internal/http2/core:3309:8)\n    at Http2Server.emit (node:events:508:20)\n    at TCP.onconnection (node:net:2302:8) {\n  generatedMessage: true,\n  code: 'ERR_ASSERTION',\n  actual: 65535,\n  expected: 262144,\n  operator: 'strictEqual',\n  diff: 'simple'\n}\n\nNode.js v26.0.0-pre"},"time":355.997,"fullname":"parallel/test-http2-server-setLocalWindowSize","closingTestPoint":false}},{"testName":"parallel/test-http2-client-setLocalWindowSize","timestamp":1766165444870,"status":"FAILED","jobName":"node-test-binary-windows-js-suites","config":"node-test-binary-windows-js-suites » 0,win11-COMPILED_BY-vs2022_clang #37997","buildUrl":"https://ci.nodejs.org/job/node-test-binary-windows-js-suites/RUN_SUBSET=0,nodes=win11-COMPILED_BY-vs2022_clang/37997/","buildNumber":37997,"builtOn":"test-azure_msft-win11_vs2022-x64-3","nodeVersion":"26.0.0","commitHash":"bb77aed216b9b22f50538ea828e211b7b70ca63f","callStack":[{"upstreamBuild":74341,"upstreamProject":"node-test-commit-windows-fanned","upstreamUrl":"job/node-test-commit-windows-fanned/"},{"upstreamBuild":84397,"upstreamProject":"node-test-commit","upstreamUrl":"job/node-test-commit/"},{"upstreamBuild":70522,"upstreamProject":"node-test-pull-request","upstreamUrl":"job/node-test-pull-request/"},{"prId":"61036"}],"tap":{"ok":false,"name":"parallel/test-http2-client-setLocalWindowSize","id":531,"buffered":false,"tapError":null,"skip":false,"todo":false,"previous":null,"plan":null,"diag":{"severity":"fail","exitcode":1,"stack":"node:internal/assert/utils:146\n  throw error;\n  ^\n\nAssertionError [ERR_ASSERTION]: Expected values to be strictly equal:\n\n65535 !== 262144\n\n    at ClientHttp2Session.<anonymous> (c:\\workspace\\node-test-binary-windows-js-suites\\node\\test\\parallel\\test-http2-client-setLocalWindowSize.js:81:14)\n    at ClientHttp2Session.<anonymous> (c:\\workspace\\node-test-binary-windows-js-suites\\node\\test\\common\\index.js:506:15)\n    at ClientHttp2Session.emit (node:events:508:20)\n    at emit (node:internal/http2/core:342:3)\n    at process.processTicksAndRejections (node:internal/process/task_queues:91:21) {\n  generatedMessage: true,\n  code: 'ERR_ASSERTION',\n  actual: 65535,\n  expected: 262144,\n  operator: 'strictEqual',\n  diff: 'simple'\n}\n\nNode.js v26.0.0-pre"},"time":239.006,"fullname":"parallel/test-http2-client-setLocalWindowSize","closingTestPoint":false}},{"testName":"parallel/test-http2-server-setLocalWindowSize","timestamp":1766165444870,"status":"FAILED","jobName":"node-test-binary-windows-js-suites","config":"node-test-binary-windows-js-suites » 1,win2022-COMPILED_BY-vs2022_clang #37997","buildUrl":"https://ci.nodejs.org/job/node-test-binary-windows-js-suites/RUN_SUBSET=1,nodes=win2022-COMPILED_BY-vs2022_clang/37997/","buildNumber":37997,"builtOn":"test-rackspace-win2022_vs2022-x64-6","nodeVersion":"26.0.0","commitHash":"bb77aed216b9b22f50538ea828e211b7b70ca63f","callStack":[{"upstreamBuild":74341,"upstreamProject":"node-test-commit-windows-fanned","upstreamUrl":"job/node-test-commit-windows-fanned/"},{"upstreamBuild":84397,"upstreamProject":"node-test-commit","upstreamUrl":"job/node-test-commit/"},{"upstreamBuild":70522,"upstreamProject":"node-test-pull-request","upstreamUrl":"job/node-test-pull-request/"},{"prId":"61036"}],"tap":{"ok":false,"name":"parallel/test-http2-server-setLocalWindowSize","id":578,"buffered":false,"tapError":null,"skip":false,"todo":false,"previous":null,"plan":null,"diag":{"severity":"fail","exitcode":1,"stack":"node:internal/assert/utils:146\n  throw error;\n  ^\n\nAssertionError [ERR_ASSERTION]: Expected values to be strictly equal:\n\n65535 !== 262144\n\n    at Http2Server.<anonymous> (C:\\workspace\\node-test-binary-windows-js-suites\\node\\test\\parallel\\test-http2-server-setLocalWindowSize.js:22:10)\n    at Http2Server.<anonymous> (C:\\workspace\\node-test-binary-windows-js-suites\\node\\test\\common\\index.js:506:15)\n    at Http2Server.emit (node:events:508:20)\n    at Http2Server.connectionListener (node:internal/http2/core:3309:8)\n    at Http2Server.emit (node:events:508:20)\n    at TCP.onconnection (node:net:2302:8) {\n  generatedMessage: true,\n  code: 'ERR_ASSERTION',\n  actual: 65535,\n  expected: 262144,\n  operator: 'strictEqual',\n  diff: 'simple'\n}\n\nNode.js v26.0.0-pre"},"time":361.003,"fullname":"parallel/test-http2-server-setLocalWindowSize","closingTestPoint":false}},{"testName":"parallel/test-http2-padding-aligned","timestamp":1766165444870,"status":"FAILED","jobName":"node-test-binary-windows-js-suites","config":"node-test-binary-windows-js-suites » 3,win10-COMPILED_BY-vs2022_clang #37997","buildUrl":"https://ci.nodejs.org/job/node-test-binary-windows-js-suites/RUN_SUBSET=3,nodes=win10-COMPILED_BY-vs2022_clang/37997/","buildNumber":37997,"builtOn":"test-azure_msft-win10_vs2019-x64-2","nodeVersion":"26.0.0","commitHash":"bb77aed216b9b22f50538ea828e211b7b70ca63f","callStack":[{"upstreamBuild":74341,"upstreamProject":"node-test-commit-windows-fanned","upstreamUrl":"job/node-test-commit-windows-fanned/"},{"upstreamBuild":84397,"upstreamProject":"node-test-commit","upstreamUrl":"job/node-test-commit/"},{"upstreamBuild":70522,"upstreamProject":"node-test-pull-request","upstreamUrl":"job/node-test-pull-request/"},{"prId":"61036"}],"tap":{"ok":false,"name":"parallel/test-http2-padding-aligned","id":563,"buffered":false,"tapError":null,"skip":false,"todo":false,"previous":null,"plan":null,"diag":{"severity":"fail","exitcode":1,"stack":"node:internal/assert/utils:146\n  throw error;\n  ^\n\nAssertionError [ERR_ASSERTION]: Expected values to be strictly equal:\n\n13 !== 9\n\n    at DuplexSide.<anonymous> (c:\\workspace\\node-test-binary-windows-js-suites\\node\\test\\parallel\\test-http2-padding-aligned.js:45:12)\n    at DuplexSide.<anonymous> (c:\\workspace\\node-test-binary-windows-js-suites\\node\\test\\common\\index.js:506:15)\n    at DuplexSide.emit (node:events:520:22)\n    at Readable.read (node:internal/streams/readable:781:10)\n    at flow (node:internal/streams/readable:1286:53)\n    at resume_ (node:internal/streams/readable:1265:3)\n    at processTicksAndRejections (node:internal/process/task_queues:89:21)\n    at runNextTicks (node:internal/process/task_queues:68:3)\n    at process.processImmediate (node:internal/timers:472:9) {\n  generatedMessage: true,\n  code: 'ERR_ASSERTION',\n  actual: 13,\n  expected: 9,\n  operator: 'strictEqual',\n  diff: 'simple'\n}\n\nNode.js v26.0.0-pre"},"time":202.003,"fullname":"parallel/test-http2-padding-aligned","closingTestPoint":false}},{"testName":"parallel/test-http2-client-setLocalWindowSize","timestamp":1766165444870,"status":"FAILED","jobName":"node-test-binary-windows-js-suites","config":"node-test-binary-windows-js-suites » 0,win10-COMPILED_BY-vs2022_clang #37997","buildUrl":"https://ci.nodejs.org/job/node-test-binary-windows-js-suites/RUN_SUBSET=0,nodes=win10-COMPILED_BY-vs2022_clang/37997/","buildNumber":37997,"builtOn":"test-azure_msft-win10_vs2019-x64-4","nodeVersion":"26.0.0","commitHash":"bb77aed216b9b22f50538ea828e211b7b70ca63f","callStack":[{"upstreamBuild":74341,"upstreamProject":"node-test-commit-windows-fanned","upstreamUrl":"job/node-test-commit-windows-fanned/"},{"upstreamBuild":84397,"upstreamProject":"node-test-commit","upstreamUrl":"job/node-test-commit/"},{"upstreamBuild":70522,"upstreamProject":"node-test-pull-request","upstreamUrl":"job/node-test-pull-request/"},{"prId":"61036"}],"tap":{"ok":false,"name":"parallel/test-http2-client-setLocalWindowSize","id":531,"buffered":false,"tapError":null,"skip":false,"todo":false,"previous":null,"plan":null,"diag":{"severity":"fail","exitcode":1,"stack":"node:internal/assert/utils:146\n  throw error;\n  ^\n\nAssertionError [ERR_ASSERTION]: Expected values to be strictly equal:\n\n65535 !== 262144\n\n    at ClientHttp2Session.<anonymous> (c:\\workspace\\node-test-binary-windows-js-suites\\node\\test\\parallel\\test-http2-client-setLocalWindowSize.js:81:14)\n    at ClientHttp2Session.<anonymous> (c:\\workspace\\node-test-binary-windows-js-suites\\node\\test\\common\\index.js:506:15)\n    at ClientHttp2Session.emit (node:events:508:20)\n    at emit (node:internal/http2/core:342:3)\n    at process.processTicksAndRejections (node:internal/process/task_queues:91:21) {\n  generatedMessage: true,\n  code: 'ERR_ASSERTION',\n  actual: 65535,\n  expected: 262144,\n  operator: 'strictEqual',\n  diff: 'simple'\n}\n\nNode.js v26.0.0-pre"},"time":192.008,"fullname":"parallel/test-http2-client-setLocalWindowSize","closingTestPoint":false}},{"testName":"parallel/test-http2-perf_hooks","timestamp":1766165444870,"status":"FAILED","jobName":"node-test-binary-windows-js-suites","config":"node-test-binary-windows-js-suites » 0,win10-COMPILED_BY-vs2022_clang #37997","buildUrl":"https://ci.nodejs.org/job/node-test-binary-windows-js-suites/RUN_SUBSET=0,nodes=win10-COMPILED_BY-vs2022_clang/37997/","buildNumber":37997,"builtOn":"test-azure_msft-win10_vs2019-x64-4","nodeVersion":"26.0.0","commitHash":"bb77aed216b9b22f50538ea828e211b7b70ca63f","callStack":[{"upstreamBuild":74341,"upstreamProject":"node-test-commit-windows-fanned","upstreamUrl":"job/node-test-commit-windows-fanned/"},{"upstreamBuild":84397,"upstreamProject":"node-test-commit","upstreamUrl":"job/node-test-commit/"},{"upstreamBuild":70522,"upstreamProject":"node-test-pull-request","upstreamUrl":"job/node-test-pull-request/"},{"prId":"61036"}],"tap":{"ok":false,"name":"parallel/test-http2-perf_hooks","id":563,"buffered":false,"tapError":null,"skip":false,"todo":false,"previous":null,"plan":null,"diag":{"severity":"fail","exitcode":1,"stack":"node:internal/assert/utils:146\n  throw error;\n  ^\n\nAssertionError [ERR_ASSERTION]: Expected values to be strictly equal:\n\n8 !== 7\n\n    at PerformanceObserver.<anonymous> (c:\\workspace\\node-test-binary-windows-js-suites\\node\\test\\parallel\\test-http2-perf_hooks.js:34:18)\n    at PerformanceObserver.<anonymous> (c:\\workspace\\node-test-binary-windows-js-suites\\node\\test\\common\\index.js:506:15)\n    at [kDispatch] (node:internal/perf/observe:347:19)\n    at Immediate._onImmediate (node:internal/perf/observe:123:25)\n    at process.processImmediate (node:internal/timers:504:21) {\n  generatedMessage: true,\n  code: 'ERR_ASSERTION',\n  actual: 8,\n  expected: 7,\n  operator: 'strictEqual',\n  diff: 'simple'\n}\n\nNode.js v26.0.0-pre"},"time":201.009,"fullname":"parallel/test-http2-perf_hooks","closingTestPoint":false}},{"testName":"parallel/test-http2-getpackedsettings","timestamp":1766165444870,"status":"FAILED","jobName":"node-test-binary-windows-js-suites","config":"node-test-binary-windows-js-suites » 2,win11-COMPILED_BY-vs2022_clang #37997","buildUrl":"https://ci.nodejs.org/job/node-test-binary-windows-js-suites/RUN_SUBSET=2,nodes=win11-COMPILED_BY-vs2022_clang/37997/","buildNumber":37997,"builtOn":"test-azure_msft-win11_vs2022-x64-4","nodeVersion":"26.0.0","commitHash":"bb77aed216b9b22f50538ea828e211b7b70ca63f","callStack":[{"upstreamBuild":74341,"upstreamProject":"node-test-commit-windows-fanned","upstreamUrl":"job/node-test-commit-windows-fanned/"},{"upstreamBuild":84397,"upstreamProject":"node-test-commit","upstreamUrl":"job/node-test-commit/"},{"upstreamBuild":70522,"upstreamProject":"node-test-pull-request","upstreamUrl":"job/node-test-pull-request/"},{"prId":"61036"}],"tap":{"ok":false,"name":"parallel/test-http2-getpackedsettings","id":551,"buffered":false,"tapError":null,"skip":false,"todo":false,"previous":null,"plan":null,"diag":{"severity":"fail","exitcode":1,"stack":"node:internal/assert/utils:146\n  throw error;\n  ^\n\nAssertionError [ERR_ASSERTION]: Expected values to be strictly deep-equal:\n+ actual - expected\n... Skipped lines\n\n  Buffer(42) [Uint8Array] [\n    0,\n    1,\n    0,\n    0,\n...\n    0,\n+   4,\n    0,\n-   255,\n-   255,\n    0,\n+   0,\n    5,\n    0,\n    0,\n+   128,\n-   64,\n    0,\n    0,\n    6,\n    0,\n    0,\n\n    at Object.<anonymous> (c:\\workspace\\node-test-binary-windows-js-suites\\node\\test\\parallel\\test-http2-getpackedsettings.js:17:8)\n    at Module._compile (node:internal/modules/cjs/loader:1759:14)\n    at Object..js (node:internal/modules/cjs/loader:1890:10)\n    at Module.load (node:internal/modules/cjs/loader:1480:32)\n    at Module._load (node:internal/modules/cjs/loader:1299:12)\n    at TracingChannel.traceSync (node:diagnostics_channel:328:14)\n    at wrapModuleLoad (node:internal/modules/cjs/loader:245:24)\n    at Module.executeUserEntryPoint [as runMain] (node:internal/modules/run_main:154:5)\n    at node:internal/main/run_main_module:33:47 {\n  generatedMessage: true,\n  code: 'ERR_ASSERTION',\n  actual: Buffer(42) [Uint8Array] [\n    0, 1, 0, 0,  16,   0,   0,   2,   0, 0,\n    0, 1, 0, 3, 255, 255, 255, 255,   0, 4,\n    0, 4, 0, 0,   0,   5,   0,   0, 128, 0,\n    0, 6, 0, 0, 255, 255,   0,   8,   0, 0,\n    0, 0\n  ],\n  expected: Buffer(42) [Uint8Array] [\n    0, 1,   0,   0,  16,   0,   0,   2,  0, 0,\n    0, 1,   0,   3, 255, 255, 255, 255,  0, 4,\n    0, 0, 255, 255,   0,   5,   0,   0, 64, 0,\n    0, 6,   0,   0, 255, 255,   0,   8,  0, 0,\n    0, 0\n  ],\n  operator: 'deepStrictEqual',\n  diff: 'simple'\n}\n\nNode.js v26.0.0-pre"},"time":173.999,"fullname":"parallel/test-http2-getpackedsettings","closingTestPoint":false}},{"testName":"parallel/test-http2-pack-end-stream-flag","timestamp":1766165444870,"status":"FAILED","jobName":"node-test-binary-windows-js-suites","config":"node-test-binary-windows-js-suites » 2,win11-COMPILED_BY-vs2022_clang #37997","buildUrl":"https://ci.nodejs.org/job/node-test-binary-windows-js-suites/RUN_SUBSET=2,nodes=win11-COMPILED_BY-vs2022_clang/37997/","buildNumber":37997,"builtOn":"test-azure_msft-win11_vs2022-x64-4","nodeVersion":"26.0.0","commitHash":"bb77aed216b9b22f50538ea828e211b7b70ca63f","callStack":[{"upstreamBuild":74341,"upstreamProject":"node-test-commit-windows-fanned","upstreamUrl":"job/node-test-commit-windows-fanned/"},{"upstreamBuild":84397,"upstreamProject":"node-test-commit","upstreamUrl":"job/node-test-commit/"},{"upstreamBuild":70522,"upstreamProject":"node-test-pull-request","upstreamUrl":"job/node-test-pull-request/"},{"prId":"61036"}],"tap":{"ok":false,"name":"parallel/test-http2-pack-end-stream-flag","id":563,"buffered":false,"tapError":null,"skip":false,"todo":false,"previous":null,"plan":null,"diag":{"severity":"fail","exitcode":1,"stack":"node:internal/assert/utils:146\n  throw error;\n  ^\n\nAssertionError [ERR_ASSERTION]: Expected values to be strictly equal:\n\n5 !== 4\n\n    at PerformanceObserver.<anonymous> (c:\\workspace\\node-test-binary-windows-js-suites\\node\\test\\parallel\\test-http2-pack-end-stream-flag.js:40:16)\n    at PerformanceObserver.<anonymous> (c:\\workspace\\node-test-binary-windows-js-suites\\node\\test\\common\\index.js:506:15)\n    at [kDispatch] (node:internal/perf/observe:347:19)\n    at Immediate._onImmediate (node:internal/perf/observe:123:25)\n    at process.processImmediate (node:internal/timers:504:21) {\n  generatedMessage: true,\n  code: 'ERR_ASSERTION',\n  actual: 5,\n  expected: 4,\n  operator: 'strictEqual',\n  diff: 'simple'\n}\n\nNode.js v26.0.0-pre"},"time":280.998,"fullname":"parallel/test-http2-pack-end-stream-flag","closingTestPoint":false}},{"testName":"parallel/test-http2-getpackedsettings","timestamp":1766165444870,"status":"FAILED","jobName":"node-test-binary-windows-js-suites","config":"node-test-binary-windows-js-suites » 2,win2022-COMPILED_BY-vs2022_clang #37997","buildUrl":"https://ci.nodejs.org/job/node-test-binary-windows-js-suites/RUN_SUBSET=2,nodes=win2022-COMPILED_BY-vs2022_clang/37997/","buildNumber":37997,"builtOn":"test-rackspace-win2022_vs2022-x64-2","nodeVersion":"26.0.0","commitHash":"bb77aed216b9b22f50538ea828e211b7b70ca63f","callStack":[{"upstreamBuild":74341,"upstreamProject":"node-test-commit-windows-fanned","upstreamUrl":"job/node-test-commit-windows-fanned/"},{"upstreamBuild":84397,"upstreamProject":"node-test-commit","upstreamUrl":"job/node-test-commit/"},{"upstreamBuild":70522,"upstreamProject":"node-test-pull-request","upstreamUrl":"job/node-test-pull-request/"},{"prId":"61036"}],"tap":{"ok":false,"name":"parallel/test-http2-getpackedsettings","id":549,"buffered":false,"tapError":null,"skip":false,"todo":false,"previous":null,"plan":null,"diag":{"severity":"fail","exitcode":1,"stack":"node:internal/assert/utils:146\n  throw error;\n  ^\n\nAssertionError [ERR_ASSERTION]: Expected values to be strictly deep-equal:\n+ actual - expected\n... Skipped lines\n\n  Buffer(42) [Uint8Array] [\n    0,\n    1,\n    0,\n    0,\n...\n    0,\n+   4,\n    0,\n-   255,\n-   255,\n    0,\n+   0,\n    5,\n    0,\n    0,\n+   128,\n-   64,\n    0,\n    0,\n    6,\n    0,\n    0,\n\n    at Object.<anonymous> (C:\\workspace\\node-test-binary-windows-js-suites\\node\\test\\parallel\\test-http2-getpackedsettings.js:17:8)\n    at Module._compile (node:internal/modules/cjs/loader:1759:14)\n    at Object..js (node:internal/modules/cjs/loader:1890:10)\n    at Module.load (node:internal/modules/cjs/loader:1480:32)\n    at Module._load (node:internal/modules/cjs/loader:1299:12)\n    at TracingChannel.traceSync (node:diagnostics_channel:328:14)\n    at wrapModuleLoad (node:internal/modules/cjs/loader:245:24)\n    at Module.executeUserEntryPoint [as runMain] (node:internal/modules/run_main:154:5)\n    at node:internal/main/run_main_module:33:47 {\n  generatedMessage: true,\n  code: 'ERR_ASSERTION',\n  actual: Buffer(42) [Uint8Array] [\n    0, 1, 0, 0,  16,   0,   0,   2,   0, 0,\n    0, 1, 0, 3, 255, 255, 255, 255,   0, 4,\n    0, 4, 0, 0,   0,   5,   0,   0, 128, 0,\n    0, 6, 0, 0, 255, 255,   0,   8,   0, 0,\n    0, 0\n  ],\n  expected: Buffer(42) [Uint8Array] [\n    0, 1,   0,   0,  16,   0,   0,   2,  0, 0,\n    0, 1,   0,   3, 255, 255, 255, 255,  0, 4,\n    0, 0, 255, 255,   0,   5,   0,   0, 64, 0,\n    0, 6,   0,   0, 255, 255,   0,   8,  0, 0,\n    0, 0\n  ],\n  operator: 'deepStrictEqual',\n  diff: 'simple'\n}\n\nNode.js v26.0.0-pre"},"time":343.01,"fullname":"parallel/test-http2-getpackedsettings","closingTestPoint":false}},{"testName":"parallel/test-http2-pack-end-stream-flag","timestamp":1766165444870,"status":"FAILED","jobName":"node-test-binary-windows-js-suites","config":"node-test-binary-windows-js-suites » 2,win2022-COMPILED_BY-vs2022_clang #37997","buildUrl":"https://ci.nodejs.org/job/node-test-binary-windows-js-suites/RUN_SUBSET=2,nodes=win2022-COMPILED_BY-vs2022_clang/37997/","buildNumber":37997,"builtOn":"test-rackspace-win2022_vs2022-x64-2","nodeVersion":"26.0.0","commitHash":"bb77aed216b9b22f50538ea828e211b7b70ca63f","callStack":[{"upstreamBuild":74341,"upstreamProject":"node-test-commit-windows-fanned","upstreamUrl":"job/node-test-commit-windows-fanned/"},{"upstreamBuild":84397,"upstreamProject":"node-test-commit","upstreamUrl":"job/node-test-commit/"},{"upstreamBuild":70522,"upstreamProject":"node-test-pull-request","upstreamUrl":"job/node-test-pull-request/"},{"prId":"61036"}],"tap":{"ok":false,"name":"parallel/test-http2-pack-end-stream-flag","id":563,"buffered":false,"tapError":null,"skip":false,"todo":false,"previous":null,"plan":null,"diag":{"severity":"fail","exitcode":1,"stack":"node:internal/assert/utils:146\n  throw error;\n  ^\n\nAssertionError [ERR_ASSERTION]: Expected values to be strictly equal:\n\n5 !== 4\n\n    at PerformanceObserver.<anonymous> (C:\\workspace\\node-test-binary-windows-js-suites\\node\\test\\parallel\\test-http2-pack-end-stream-flag.js:40:16)\n    at PerformanceObserver.<anonymous> (C:\\workspace\\node-test-binary-windows-js-suites\\node\\test\\common\\index.js:506:15)\n    at [kDispatch] (node:internal/perf/observe:347:19)\n    at Immediate._onImmediate (node:internal/perf/observe:123:25)\n    at process.processImmediate (node:internal/timers:504:21) {\n  generatedMessage: true,\n  code: 'ERR_ASSERTION',\n  actual: 5,\n  expected: 4,\n  operator: 'strictEqual',\n  diff: 'simple'\n}\n\nNode.js v26.0.0-pre"},"time":619.999,"fullname":"parallel/test-http2-pack-end-stream-flag","closingTestPoint":false}},{"testName":"parallel/test-http2-server-setLocalWindowSize","timestamp":1766165444870,"status":"FAILED","jobName":"node-test-binary-windows-js-suites","config":"node-test-binary-windows-js-suites » 1,win2019-COMPILED_BY-vs2022_clang #37997","buildUrl":"https://ci.nodejs.org/job/node-test-binary-windows-js-suites/RUN_SUBSET=1,nodes=win2019-COMPILED_BY-vs2022_clang/37997/","buildNumber":37997,"builtOn":"test-rackspace-win2019_vs2019-x64-2","nodeVersion":"26.0.0","commitHash":"bb77aed216b9b22f50538ea828e211b7b70ca63f","callStack":[{"upstreamBuild":74341,"upstreamProject":"node-test-commit-windows-fanned","upstreamUrl":"job/node-test-commit-windows-fanned/"},{"upstreamBuild":84397,"upstreamProject":"node-test-commit","upstreamUrl":"job/node-test-commit/"},{"upstreamBuild":70522,"upstreamProject":"node-test-pull-request","upstreamUrl":"job/node-test-pull-request/"},{"prId":"61036"}],"tap":{"ok":false,"name":"parallel/test-http2-server-setLocalWindowSize","id":579,"buffered":false,"tapError":null,"skip":false,"todo":false,"previous":null,"plan":null,"diag":{"severity":"fail","exitcode":1,"stack":"node:internal/assert/utils:146\n  throw error;\n  ^\n\nAssertionError [ERR_ASSERTION]: Expected values to be strictly equal:\n\n65535 !== 262144\n\n    at Http2Server.<anonymous> (C:\\workspace\\node-test-binary-windows-js-suites\\node\\test\\parallel\\test-http2-server-setLocalWindowSize.js:22:10)\n    at Http2Server.<anonymous> (C:\\workspace\\node-test-binary-windows-js-suites\\node\\test\\common\\index.js:506:15)\n    at Http2Server.emit (node:events:508:20)\n    at Http2Server.connectionListener (node:internal/http2/core:3309:8)\n    at Http2Server.emit (node:events:508:20)\n    at TCP.onconnection (node:net:2302:8) {\n  generatedMessage: true,\n  code: 'ERR_ASSERTION',\n  actual: 65535,\n  expected: 262144,\n  operator: 'strictEqual',\n  diff: 'simple'\n}\n\nNode.js v26.0.0-pre"},"time":417.005,"fullname":"parallel/test-http2-server-setLocalWindowSize","closingTestPoint":false}},{"testName":"parallel/test-http2-padding-aligned","timestamp":1766165444870,"status":"FAILED","jobName":"node-test-binary-windows-js-suites","config":"node-test-binary-windows-js-suites » 3,win2022-COMPILED_BY-vs2022_clang #37997","buildUrl":"https://ci.nodejs.org/job/node-test-binary-windows-js-suites/RUN_SUBSET=3,nodes=win2022-COMPILED_BY-vs2022_clang/37997/","buildNumber":37997,"builtOn":"test-rackspace-win2022_vs2022-x64-6","nodeVersion":"26.0.0","commitHash":"bb77aed216b9b22f50538ea828e211b7b70ca63f","callStack":[{"upstreamBuild":74341,"upstreamProject":"node-test-commit-windows-fanned","upstreamUrl":"job/node-test-commit-windows-fanned/"},{"upstreamBuild":84397,"upstreamProject":"node-test-commit","upstreamUrl":"job/node-test-commit/"},{"upstreamBuild":70522,"upstreamProject":"node-test-pull-request","upstreamUrl":"job/node-test-pull-request/"},{"prId":"61036"}],"tap":{"ok":false,"name":"parallel/test-http2-padding-aligned","id":561,"buffered":false,"tapError":null,"skip":false,"todo":false,"previous":null,"plan":null,"diag":{"severity":"fail","exitcode":1,"stack":"node:internal/assert/utils:146\n  throw error;\n  ^\n\nAssertionError [ERR_ASSERTION]: Expected values to be strictly equal:\n\n13 !== 9\n\n    at DuplexSide.<anonymous> (C:\\workspace\\node-test-binary-windows-js-suites\\node\\test\\parallel\\test-http2-padding-aligned.js:45:12)\n    at DuplexSide.<anonymous> (C:\\workspace\\node-test-binary-windows-js-suites\\node\\test\\common\\index.js:506:15)\n    at DuplexSide.emit (node:events:520:22)\n    at Readable.read (node:internal/streams/readable:781:10)\n    at flow (node:internal/streams/readable:1286:53)\n    at resume_ (node:internal/streams/readable:1265:3)\n    at processTicksAndRejections (node:internal/process/task_queues:89:21)\n    at runNextTicks (node:internal/process/task_queues:68:3)\n    at process.processImmediate (node:internal/timers:472:9) {\n  generatedMessage: true,\n  code: 'ERR_ASSERTION',\n  actual: 13,\n  expected: 9,\n  operator: 'strictEqual',\n  diff: 'simple'\n}\n\nNode.js v26.0.0-pre"},"time":301.941,"fullname":"parallel/test-http2-padding-aligned","closingTestPoint":false}},{"testName":"parallel/test-http2-getpackedsettings","timestamp":1766165444870,"status":"FAILED","jobName":"node-test-binary-windows-js-suites","config":"node-test-binary-windows-js-suites » 2,win10-COMPILED_BY-vs2022_clang #37997","buildUrl":"https://ci.nodejs.org/job/node-test-binary-windows-js-suites/RUN_SUBSET=2,nodes=win10-COMPILED_BY-vs2022_clang/37997/","buildNumber":37997,"builtOn":"test-azure_msft-win10_vs2019-x64-2","nodeVersion":"26.0.0","commitHash":"bb77aed216b9b22f50538ea828e211b7b70ca63f","callStack":[{"upstreamBuild":74341,"upstreamProject":"node-test-commit-windows-fanned","upstreamUrl":"job/node-test-commit-windows-fanned/"},{"upstreamBuild":84397,"upstreamProject":"node-test-commit","upstreamUrl":"job/node-test-commit/"},{"upstreamBuild":70522,"upstreamProject":"node-test-pull-request","upstreamUrl":"job/node-test-pull-request/"},{"prId":"61036"}],"tap":{"ok":false,"name":"parallel/test-http2-getpackedsettings","id":551,"buffered":false,"tapError":null,"skip":false,"todo":false,"previous":null,"plan":null,"diag":{"severity":"fail","exitcode":1,"stack":"node:internal/assert/utils:146\n  throw error;\n  ^\n\nAssertionError [ERR_ASSERTION]: Expected values to be strictly deep-equal:\n+ actual - expected\n... Skipped lines\n\n  Buffer(42) [Uint8Array] [\n    0,\n    1,\n    0,\n    0,\n...\n    0,\n+   4,\n    0,\n-   255,\n-   255,\n    0,\n+   0,\n    5,\n    0,\n    0,\n+   128,\n-   64,\n    0,\n    0,\n    6,\n    0,\n    0,\n\n    at Object.<anonymous> (c:\\workspace\\node-test-binary-windows-js-suites\\node\\test\\parallel\\test-http2-getpackedsettings.js:17:8)\n    at Module._compile (node:internal/modules/cjs/loader:1759:14)\n    at Object..js (node:internal/modules/cjs/loader:1890:10)\n    at Module.load (node:internal/modules/cjs/loader:1480:32)\n    at Module._load (node:internal/modules/cjs/loader:1299:12)\n    at TracingChannel.traceSync (node:diagnostics_channel:328:14)\n    at wrapModuleLoad (node:internal/modules/cjs/loader:245:24)\n    at Module.executeUserEntryPoint [as runMain] (node:internal/modules/run_main:154:5)\n    at node:internal/main/run_main_module:33:47 {\n  generatedMessage: true,\n  code: 'ERR_ASSERTION',\n  actual: Buffer(42) [Uint8Array] [\n    0, 1, 0, 0,  16,   0,   0,   2,   0, 0,\n    0, 1, 0, 3, 255, 255, 255, 255,   0, 4,\n    0, 4, 0, 0,   0,   5,   0,   0, 128, 0,\n    0, 6, 0, 0, 255, 255,   0,   8,   0, 0,\n    0, 0\n  ],\n  expected: Buffer(42) [Uint8Array] [\n    0, 1,   0,   0,  16,   0,   0,   2,  0, 0,\n    0, 1,   0,   3, 255, 255, 255, 255,  0, 4,\n    0, 0, 255, 255,   0,   5,   0,   0, 64, 0,\n    0, 6,   0,   0, 255, 255,   0,   8,  0, 0,\n    0, 0\n  ],\n  operator: 'deepStrictEqual',\n  diff: 'simple'\n}\n\nNode.js v26.0.0-pre"},"time":158.004,"fullname":"parallel/test-http2-getpackedsettings","closingTestPoint":false}},{"testName":"parallel/test-http2-pack-end-stream-flag","timestamp":1766165444870,"status":"FAILED","jobName":"node-test-binary-windows-js-suites","config":"node-test-binary-windows-js-suites » 2,win10-COMPILED_BY-vs2022_clang #37997","buildUrl":"https://ci.nodejs.org/job/node-test-binary-windows-js-suites/RUN_SUBSET=2,nodes=win10-COMPILED_BY-vs2022_clang/37997/","buildNumber":37997,"builtOn":"test-azure_msft-win10_vs2019-x64-2","nodeVersion":"26.0.0","commitHash":"bb77aed216b9b22f50538ea828e211b7b70ca63f","callStack":[{"upstreamBuild":74341,"upstreamProject":"node-test-commit-windows-fanned","upstreamUrl":"job/node-test-commit-windows-fanned/"},{"upstreamBuild":84397,"upstreamProject":"node-test-commit","upstreamUrl":"job/node-test-commit/"},{"upstreamBuild":70522,"upstreamProject":"node-test-pull-request","upstreamUrl":"job/node-test-pull-request/"},{"prId":"61036"}],"tap":{"ok":false,"name":"parallel/test-http2-pack-end-stream-flag","id":562,"buffered":false,"tapError":null,"skip":false,"todo":false,"previous":null,"plan":null,"diag":{"severity":"fail","exitcode":1,"stack":"node:internal/assert/utils:146\n  throw error;\n  ^\n\nAssertionError [ERR_ASSERTION]: Expected values to be strictly equal:\n\n5 !== 4\n\n    at PerformanceObserver.<anonymous> (c:\\workspace\\node-test-binary-windows-js-suites\\node\\test\\parallel\\test-http2-pack-end-stream-flag.js:40:16)\n    at PerformanceObserver.<anonymous> (c:\\workspace\\node-test-binary-windows-js-suites\\node\\test\\common\\index.js:506:15)\n    at [kDispatch] (node:internal/perf/observe:347:19)\n    at Immediate._onImmediate (node:internal/perf/observe:123:25)\n    at process.processImmediate (node:internal/timers:504:21) {\n  generatedMessage: true,\n  code: 'ERR_ASSERTION',\n  actual: 5,\n  expected: 4,\n  operator: 'strictEqual',\n  diff: 'simple'\n}\n\nNode.js v26.0.0-pre"},"time":188.003,"fullname":"parallel/test-http2-pack-end-stream-flag","closingTestPoint":false}},{"testName":"parallel/test-http2-getpackedsettings","timestamp":1766165444870,"status":"FAILED","jobName":"node-test-binary-windows-js-suites","config":"node-test-binary-windows-js-suites » 2,win2019-COMPILED_BY-vs2022_clang #37997","buildUrl":"https://ci.nodejs.org/job/node-test-binary-windows-js-suites/RUN_SUBSET=2,nodes=win2019-COMPILED_BY-vs2022_clang/37997/","buildNumber":37997,"builtOn":"test-rackspace-win2019_vs2019-x64-3","nodeVersion":"26.0.0","commitHash":"bb77aed216b9b22f50538ea828e211b7b70ca63f","callStack":[{"upstreamBuild":74341,"upstreamProject":"node-test-commit-windows-fanned","upstreamUrl":"job/node-test-commit-windows-fanned/"},{"upstreamBuild":84397,"upstreamProject":"node-test-commit","upstreamUrl":"job/node-test-commit/"},{"upstreamBuild":70522,"upstreamProject":"node-test-pull-request","upstreamUrl":"job/node-test-pull-request/"},{"prId":"61036"}],"tap":{"ok":false,"name":"parallel/test-http2-getpackedsettings","id":550,"buffered":false,"tapError":null,"skip":false,"todo":false,"previous":null,"plan":null,"diag":{"severity":"fail","exitcode":1,"stack":"node:internal/assert/utils:146\n  throw error;\n  ^\n\nAssertionError [ERR_ASSERTION]: Expected values to be strictly deep-equal:\n+ actual - expected\n... Skipped lines\n\n  Buffer(42) [Uint8Array] [\n    0,\n    1,\n    0,\n    0,\n...\n    0,\n+   4,\n    0,\n-   255,\n-   255,\n    0,\n+   0,\n    5,\n    0,\n    0,\n+   128,\n-   64,\n    0,\n    0,\n    6,\n    0,\n    0,\n\n    at Object.<anonymous> (C:\\workspace\\node-test-binary-windows-js-suites\\node\\test\\parallel\\test-http2-getpackedsettings.js:17:8)\n    at Module._compile (node:internal/modules/cjs/loader:1759:14)\n    at Object..js (node:internal/modules/cjs/loader:1890:10)\n    at Module.load (node:internal/modules/cjs/loader:1480:32)\n    at Module._load (node:internal/modules/cjs/loader:1299:12)\n    at TracingChannel.traceSync (node:diagnostics_channel:328:14)\n    at wrapModuleLoad (node:internal/modules/cjs/loader:245:24)\n    at Module.executeUserEntryPoint [as runMain] (node:internal/modules/run_main:154:5)\n    at node:internal/main/run_main_module:33:47 {\n  generatedMessage: true,\n  code: 'ERR_ASSERTION',\n  actual: Buffer(42) [Uint8Array] [\n    0, 1, 0, 0,  16,   0,   0,   2,   0, 0,\n    0, 1, 0, 3, 255, 255, 255, 255,   0, 4,\n    0, 4, 0, 0,   0,   5,   0,   0, 128, 0,\n    0, 6, 0, 0, 255, 255,   0,   8,   0, 0,\n    0, 0\n  ],\n  expected: Buffer(42) [Uint8Array] [\n    0, 1,   0,   0,  16,   0,   0,   2,  0, 0,\n    0, 1,   0,   3, 255, 255, 255, 255,  0, 4,\n    0, 0, 255, 255,   0,   5,   0,   0, 64, 0,\n    0, 6,   0,   0, 255, 255,   0,   8,  0, 0,\n    0, 0\n  ],\n  operator: 'deepStrictEqual',\n  diff: 'simple'\n}\n\nNode.js v26.0.0-pre"},"time":315.005,"fullname":"parallel/test-http2-getpackedsettings","closingTestPoint":false}},{"testName":"parallel/test-http2-pack-end-stream-flag","timestamp":1766165444870,"status":"FAILED","jobName":"node-test-binary-windows-js-suites","config":"node-test-binary-windows-js-suites » 2,win2019-COMPILED_BY-vs2022_clang #37997","buildUrl":"https://ci.nodejs.org/job/node-test-binary-windows-js-suites/RUN_SUBSET=2,nodes=win2019-COMPILED_BY-vs2022_clang/37997/","buildNumber":37997,"builtOn":"test-rackspace-win2019_vs2019-x64-3","nodeVersion":"26.0.0","commitHash":"bb77aed216b9b22f50538ea828e211b7b70ca63f","callStack":[{"upstreamBuild":74341,"upstreamProject":"node-test-commit-windows-fanned","upstreamUrl":"job/node-test-commit-windows-fanned/"},{"upstreamBuild":84397,"upstreamProject":"node-test-commit","upstreamUrl":"job/node-test-commit/"},{"upstreamBuild":70522,"upstreamProject":"node-test-pull-request","upstreamUrl":"job/node-test-pull-request/"},{"prId":"61036"}],"tap":{"ok":false,"name":"parallel/test-http2-pack-end-stream-flag","id":560,"buffered":false,"tapError":null,"skip":false,"todo":false,"previous":null,"plan":null,"diag":{"severity":"fail","exitcode":1,"stack":"node:internal/assert/utils:146\n  throw error;\n  ^\n\nAssertionError [ERR_ASSERTION]: Expected values to be strictly equal:\n\n5 !== 4\n\n    at PerformanceObserver.<anonymous> (C:\\workspace\\node-test-binary-windows-js-suites\\node\\test\\parallel\\test-http2-pack-end-stream-flag.js:40:16)\n    at PerformanceObserver.<anonymous> (C:\\workspace\\node-test-binary-windows-js-suites\\node\\test\\common\\index.js:506:15)\n    at [kDispatch] (node:internal/perf/observe:347:19)\n    at Immediate._onImmediate (node:internal/perf/observe:123:25)\n    at process.processImmediate (node:internal/timers:504:21) {\n  generatedMessage: true,\n  code: 'ERR_ASSERTION',\n  actual: 5,\n  expected: 4,\n  operator: 'strictEqual',\n  diff: 'simple'\n}\n\nNode.js v26.0.0-pre"},"time":427.991,"fullname":"parallel/test-http2-pack-end-stream-flag","closingTestPoint":false}},{"testName":"parallel/test-http2-padding-aligned","timestamp":1766165444870,"status":"FAILED","jobName":"node-test-binary-windows-js-suites","config":"node-test-binary-windows-js-suites » 0,win11-arm64-COMPILED_BY-vs2022_clang-arm64 #37997","buildUrl":"https://ci.nodejs.org/job/node-test-binary-windows-js-suites/RUN_SUBSET=0,nodes=win11-arm64-COMPILED_BY-vs2022_clang-arm64/37997/","buildNumber":37997,"builtOn":"test-azure_msft-win11_vs2022-arm64-1","nodeVersion":"26.0.0","commitHash":"bb77aed216b9b22f50538ea828e211b7b70ca63f","callStack":[{"upstreamBuild":74341,"upstreamProject":"node-test-commit-windows-fanned","upstreamUrl":"job/node-test-commit-windows-fanned/"},{"upstreamBuild":84397,"upstreamProject":"node-test-commit","upstreamUrl":"job/node-test-commit/"},{"upstreamBuild":70522,"upstreamProject":"node-test-pull-request","upstreamUrl":"job/node-test-pull-request/"},{"prId":"61036"}],"tap":{"ok":false,"name":"parallel/test-http2-padding-aligned","id":559,"buffered":false,"tapError":null,"skip":false,"todo":false,"previous":null,"plan":null,"diag":{"severity":"fail","exitcode":1,"stack":"node:internal/assert/utils:146\n  throw error;\n  ^\n\nAssertionError [ERR_ASSERTION]: Expected values to be strictly equal:\n\n13 !== 9\n\n    at DuplexSide.<anonymous> (d:\\workspace\\node-test-binary-windows-js-suites\\node\\test\\parallel\\test-http2-padding-aligned.js:45:12)\n    at DuplexSide.<anonymous> (d:\\workspace\\node-test-binary-windows-js-suites\\node\\test\\common\\index.js:506:15)\n    at DuplexSide.emit (node:events:520:22)\n    at Readable.read (node:internal/streams/readable:781:10)\n    at flow (node:internal/streams/readable:1286:53)\n    at resume_ (node:internal/streams/readable:1265:3)\n    at processTicksAndRejections (node:internal/process/task_queues:89:21)\n    at runNextTicks (node:internal/process/task_queues:68:3)\n    at process.processImmediate (node:internal/timers:472:9) {\n  generatedMessage: true,\n  code: 'ERR_ASSERTION',\n  actual: 13,\n  expected: 9,\n  operator: 'strictEqual',\n  diff: 'simple'\n}\n\nNode.js v26.0.0-pre"},"time":325.994,"fullname":"parallel/test-http2-padding-aligned","closingTestPoint":false}},{"testName":"parallel/test-http2-client-setLocalWindowSize","timestamp":1766165444870,"status":"FAILED","jobName":"node-test-binary-windows-js-suites","config":"node-test-binary-windows-js-suites » 1,win11-arm64-COMPILED_BY-vs2022_clang-arm64 #37997","buildUrl":"https://ci.nodejs.org/job/node-test-binary-windows-js-suites/RUN_SUBSET=1,nodes=win11-arm64-COMPILED_BY-vs2022_clang-arm64/37997/","buildNumber":37997,"builtOn":"test-azure_msft-win11_vs2022-arm64-3","nodeVersion":"26.0.0","commitHash":"bb77aed216b9b22f50538ea828e211b7b70ca63f","callStack":[{"upstreamBuild":74341,"upstreamProject":"node-test-commit-windows-fanned","upstreamUrl":"job/node-test-commit-windows-fanned/"},{"upstreamBuild":84397,"upstreamProject":"node-test-commit","upstreamUrl":"job/node-test-commit/"},{"upstreamBuild":70522,"upstreamProject":"node-test-pull-request","upstreamUrl":"job/node-test-pull-request/"},{"prId":"61036"}],"tap":{"ok":false,"name":"parallel/test-http2-client-setLocalWindowSize","id":526,"buffered":false,"tapError":null,"skip":false,"todo":false,"previous":null,"plan":null,"diag":{"severity":"fail","exitcode":1,"stack":"node:internal/assert/utils:146\n  throw error;\n  ^\n\nAssertionError [ERR_ASSERTION]: Expected values to be strictly equal:\n\n65535 !== 262144\n\n    at ClientHttp2Session.<anonymous> (d:\\workspace\\node-test-binary-windows-js-suites\\node\\test\\parallel\\test-http2-client-setLocalWindowSize.js:81:14)\n    at ClientHttp2Session.<anonymous> (d:\\workspace\\node-test-binary-windows-js-suites\\node\\test\\common\\index.js:506:15)\n    at ClientHttp2Session.emit (node:events:508:20)\n    at emit (node:internal/http2/core:342:3)\n    at process.processTicksAndRejections (node:internal/process/task_queues:91:21) {\n  generatedMessage: true,\n  code: 'ERR_ASSERTION',\n  actual: 65535,\n  expected: 262144,\n  operator: 'strictEqual',\n  diff: 'simple'\n}\n\nNode.js v26.0.0-pre"},"time":295.997,"fullname":"parallel/test-http2-client-setLocalWindowSize","closingTestPoint":false}},{"testName":"parallel/test-http2-getpackedsettings","timestamp":1766165444870,"status":"FAILED","jobName":"node-test-binary-windows-js-suites","config":"node-test-binary-windows-js-suites » 3,win11-arm64-COMPILED_BY-vs2022_clang-arm64 #37997","buildUrl":"https://ci.nodejs.org/job/node-test-binary-windows-js-suites/RUN_SUBSET=3,nodes=win11-arm64-COMPILED_BY-vs2022_clang-arm64/37997/","buildNumber":37997,"builtOn":"test-azure_msft-win11_vs2022-arm64-5","nodeVersion":"26.0.0","commitHash":"bb77aed216b9b22f50538ea828e211b7b70ca63f","callStack":[{"upstreamBuild":74341,"upstreamProject":"node-test-commit-windows-fanned","upstreamUrl":"job/node-test-commit-windows-fanned/"},{"upstreamBuild":84397,"upstreamProject":"node-test-commit","upstreamUrl":"job/node-test-commit/"},{"upstreamBuild":70522,"upstreamProject":"node-test-pull-request","upstreamUrl":"job/node-test-pull-request/"},{"prId":"61036"}],"tap":{"ok":false,"name":"parallel/test-http2-getpackedsettings","id":549,"buffered":false,"tapError":null,"skip":false,"todo":false,"previous":null,"plan":null,"diag":{"severity":"fail","exitcode":1,"stack":"node:internal/assert/utils:146\n  throw error;\n  ^\n\nAssertionError [ERR_ASSERTION]: Expected values to be strictly deep-equal:\n+ actual - expected\n... Skipped lines\n\n  Buffer(42) [Uint8Array] [\n    0,\n    1,\n    0,\n    0,\n...\n    0,\n+   4,\n    0,\n-   255,\n-   255,\n    0,\n+   0,\n    5,\n    0,\n    0,\n+   128,\n-   64,\n    0,\n    0,\n    6,\n    0,\n    0,\n\n    at Object.<anonymous> (d:\\workspace\\node-test-binary-windows-js-suites\\node\\test\\parallel\\test-http2-getpackedsettings.js:17:8)\n    at Module._compile (node:internal/modules/cjs/loader:1759:14)\n    at Module._extensions..js (node:internal/modules/cjs/loader:1890:10)\n    at Module.load (node:internal/modules/cjs/loader:1480:32)\n    at Module._load (node:internal/modules/cjs/loader:1299:12)\n    at TracingChannel.traceSync (node:diagnostics_channel:328:14)\n    at wrapModuleLoad (node:internal/modules/cjs/loader:245:24)\n    at Module.executeUserEntryPoint [as runMain] (node:internal/modules/run_main:154:5)\n    at node:internal/main/run_main_module:33:47 {\n  generatedMessage: true,\n  code: 'ERR_ASSERTION',\n  actual: Buffer(42) [Uint8Array] [\n    0, 1, 0, 0,  16,   0,   0,   2,   0, 0,\n    0, 1, 0, 3, 255, 255, 255, 255,   0, 4,\n    0, 4, 0, 0,   0,   5,   0,   0, 128, 0,\n    0, 6, 0, 0, 255, 255,   0,   8,   0, 0,\n    0, 0\n  ],\n  expected: Buffer(42) [Uint8Array] [\n    0, 1,   0,   0,  16,   0,   0,   2,  0, 0,\n    0, 1,   0,   3, 255, 255, 255, 255,  0, 4,\n    0, 0, 255, 255,   0,   5,   0,   0, 64, 0,\n    0, 6,   0,   0, 255, 255,   0,   8,  0, 0,\n    0, 0\n  ],\n  operator: 'deepStrictEqual',\n  diff: 'simple'\n}\n\nNode.js v26.0.0-pre"},"time":280.008,"fullname":"parallel/test-http2-getpackedsettings","closingTestPoint":false}},{"testName":"parallel/test-http2-pack-end-stream-flag","timestamp":1766165444870,"status":"FAILED","jobName":"node-test-binary-windows-js-suites","config":"node-test-binary-windows-js-suites » 3,win11-arm64-COMPILED_BY-vs2022_clang-arm64 #37997","buildUrl":"https://ci.nodejs.org/job/node-test-binary-windows-js-suites/RUN_SUBSET=3,nodes=win11-arm64-COMPILED_BY-vs2022_clang-arm64/37997/","buildNumber":37997,"builtOn":"test-azure_msft-win11_vs2022-arm64-5","nodeVersion":"26.0.0","commitHash":"bb77aed216b9b22f50538ea828e211b7b70ca63f","callStack":[{"upstreamBuild":74341,"upstreamProject":"node-test-commit-windows-fanned","upstreamUrl":"job/node-test-commit-windows-fanned/"},{"upstreamBuild":84397,"upstreamProject":"node-test-commit","upstreamUrl":"job/node-test-commit/"},{"upstreamBuild":70522,"upstreamProject":"node-test-pull-request","upstreamUrl":"job/node-test-pull-request/"},{"prId":"61036"}],"tap":{"ok":false,"name":"parallel/test-http2-pack-end-stream-flag","id":560,"buffered":false,"tapError":null,"skip":false,"todo":false,"previous":null,"plan":null,"diag":{"severity":"fail","exitcode":1,"stack":"node:internal/assert/utils:146\n  throw error;\n  ^\n\nAssertionError [ERR_ASSERTION]: Expected values to be strictly equal:\n\n5 !== 4\n\n    at PerformanceObserver.<anonymous> (d:\\workspace\\node-test-binary-windows-js-suites\\node\\test\\parallel\\test-http2-pack-end-stream-flag.js:40:16)\n    at PerformanceObserver.<anonymous> (d:\\workspace\\node-test-binary-windows-js-suites\\node\\test\\common\\index.js:506:15)\n    at [kDispatch] (node:internal/perf/observe:347:19)\n    at Immediate._onImmediate (node:internal/perf/observe:123:25)\n    at process.processImmediate (node:internal/timers:504:21) {\n  generatedMessage: true,\n  code: 'ERR_ASSERTION',\n  actual: 5,\n  expected: 4,\n  operator: 'strictEqual',\n  diff: 'simple'\n}\n\nNode.js v26.0.0-pre"},"time":337.739,"fullname":"parallel/test-http2-pack-end-stream-flag","closingTestPoint":false}},{"testName":"parallel/test-http2-padding-aligned","timestamp":1766165444870,"status":"FAILED","jobName":"node-test-binary-windows-js-suites","config":"node-test-binary-windows-js-suites » 3,win11-COMPILED_BY-vs2022_clang #37997","buildUrl":"https://ci.nodejs.org/job/node-test-binary-windows-js-suites/RUN_SUBSET=3,nodes=win11-COMPILED_BY-vs2022_clang/37997/","buildNumber":37997,"builtOn":"test-azure_msft-win11_vs2022-x64-2","nodeVersion":"26.0.0","commitHash":"bb77aed216b9b22f50538ea828e211b7b70ca63f","callStack":[{"upstreamBuild":74341,"upstreamProject":"node-test-commit-windows-fanned","upstreamUrl":"job/node-test-commit-windows-fanned/"},{"upstreamBuild":84397,"upstreamProject":"node-test-commit","upstreamUrl":"job/node-test-commit/"},{"upstreamBuild":70522,"upstreamProject":"node-test-pull-request","upstreamUrl":"job/node-test-pull-request/"},{"prId":"61036"}],"tap":{"ok":false,"name":"parallel/test-http2-padding-aligned","id":563,"buffered":false,"tapError":null,"skip":false,"todo":false,"previous":null,"plan":null,"diag":{"severity":"fail","exitcode":1,"stack":"node:internal/assert/utils:146\n  throw error;\n  ^\n\nAssertionError [ERR_ASSERTION]: Expected values to be strictly equal:\n\n13 !== 9\n\n    at DuplexSide.<anonymous> (c:\\workspace\\node-test-binary-windows-js-suites\\node\\test\\parallel\\test-http2-padding-aligned.js:45:12)\n    at DuplexSide.<anonymous> (c:\\workspace\\node-test-binary-windows-js-suites\\node\\test\\common\\index.js:506:15)\n    at DuplexSide.emit (node:events:520:22)\n    at Readable.read (node:internal/streams/readable:781:10)\n    at flow (node:internal/streams/readable:1286:53)\n    at resume_ (node:internal/streams/readable:1265:3)\n    at processTicksAndRejections (node:internal/process/task_queues:89:21)\n    at runNextTicks (node:internal/process/task_queues:68:3)\n    at process.processImmediate (node:internal/timers:472:9) {\n  generatedMessage: true,\n  code: 'ERR_ASSERTION',\n  actual: 13,\n  expected: 9,\n  operator: 'strictEqual',\n  diff: 'simple'\n}\n\nNode.js v26.0.0-pre"},"time":205.002,"fullname":"parallel/test-http2-padding-aligned","closingTestPoint":false}},{"testName":"parallel/test-http2-padding-aligned","timestamp":1766165444870,"status":"FAILED","jobName":"node-test-binary-windows-js-suites","config":"node-test-binary-windows-js-suites » 3,win2019-COMPILED_BY-vs2022_clang #37997","buildUrl":"https://ci.nodejs.org/job/node-test-binary-windows-js-suites/RUN_SUBSET=3,nodes=win2019-COMPILED_BY-vs2022_clang/37997/","buildNumber":37997,"builtOn":"test-rackspace-win2019_vs2019-x64-4","nodeVersion":"26.0.0","commitHash":"bb77aed216b9b22f50538ea828e211b7b70ca63f","callStack":[{"upstreamBuild":74341,"upstreamProject":"node-test-commit-windows-fanned","upstreamUrl":"job/node-test-commit-windows-fanned/"},{"upstreamBuild":84397,"upstreamProject":"node-test-commit","upstreamUrl":"job/node-test-commit/"},{"upstreamBuild":70522,"upstreamProject":"node-test-pull-request","upstreamUrl":"job/node-test-pull-request/"},{"prId":"61036"}],"tap":{"ok":false,"name":"parallel/test-http2-padding-aligned","id":561,"buffered":false,"tapError":null,"skip":false,"todo":false,"previous":null,"plan":null,"diag":{"severity":"fail","exitcode":1,"stack":"node:internal/assert/utils:146\n  throw error;\n  ^\n\nAssertionError [ERR_ASSERTION]: Expected values to be strictly equal:\n\n13 !== 9\n\n    at DuplexSide.<anonymous> (C:\\workspace\\node-test-binary-windows-js-suites\\node\\test\\parallel\\test-http2-padding-aligned.js:45:12)\n    at DuplexSide.<anonymous> (C:\\workspace\\node-test-binary-windows-js-suites\\node\\test\\common\\index.js:506:15)\n    at DuplexSide.emit (node:events:520:22)\n    at Readable.read (node:internal/streams/readable:781:10)\n    at flow (node:internal/streams/readable:1286:53)\n    at resume_ (node:internal/streams/readable:1265:3)\n    at processTicksAndRejections (node:internal/process/task_queues:89:21)\n    at runNextTicks (node:internal/process/task_queues:68:3)\n    at process.processImmediate (node:internal/timers:472:9) {\n  generatedMessage: true,\n  code: 'ERR_ASSERTION',\n  actual: 13,\n  expected: 9,\n  operator: 'strictEqual',\n  diff: 'simple'\n}\n\nNode.js v26.0.0-pre"},"time":373,"fullname":"parallel/test-http2-padding-aligned","closingTestPoint":false}},{"testName":"parallel/test-http2-client-setLocalWindowSize","timestamp":1766165444870,"status":"FAILED","jobName":"node-test-binary-windows-js-suites","config":"node-test-binary-windows-js-suites » 0,win2019-COMPILED_BY-vs2022_clang #37997","buildUrl":"https://ci.nodejs.org/job/node-test-binary-windows-js-suites/RUN_SUBSET=0,nodes=win2019-COMPILED_BY-vs2022_clang/37997/","buildNumber":37997,"builtOn":"test-rackspace-win2019_vs2019-x64-2","nodeVersion":"26.0.0","commitHash":"bb77aed216b9b22f50538ea828e211b7b70ca63f","callStack":[{"upstreamBuild":74341,"upstreamProject":"node-test-commit-windows-fanned","upstreamUrl":"job/node-test-commit-windows-fanned/"},{"upstreamBuild":84397,"upstreamProject":"node-test-commit","upstreamUrl":"job/node-test-commit/"},{"upstreamBuild":70522,"upstreamProject":"node-test-pull-request","upstreamUrl":"job/node-test-pull-request/"},{"prId":"61036"}],"tap":{"ok":false,"name":"parallel/test-http2-client-setLocalWindowSize","id":528,"buffered":false,"tapError":null,"skip":false,"todo":false,"previous":null,"plan":null,"diag":{"severity":"fail","exitcode":1,"stack":"node:internal/assert/utils:146\n  throw error;\n  ^\n\nAssertionError [ERR_ASSERTION]: Expected values to be strictly equal:\n\n65535 !== 262144\n\n    at ClientHttp2Session.<anonymous> (C:\\workspace\\node-test-binary-windows-js-suites\\node\\test\\parallel\\test-http2-client-setLocalWindowSize.js:81:14)\n    at ClientHttp2Session.<anonymous> (C:\\workspace\\node-test-binary-windows-js-suites\\node\\test\\common\\index.js:506:15)\n    at ClientHttp2Session.emit (node:events:508:20)\n    at emit (node:internal/http2/core:342:3)\n    at process.processTicksAndRejections (node:internal/process/task_queues:91:21) {\n  generatedMessage: true,\n  code: 'ERR_ASSERTION',\n  actual: 65535,\n  expected: 262144,\n  operator: 'strictEqual',\n  diff: 'simple'\n}\n\nNode.js v26.0.0-pre"},"time":383.014,"fullname":"parallel/test-http2-client-setLocalWindowSize","closingTestPoint":false}},{"testName":"parallel/test-http2-perf_hooks","timestamp":1766165444870,"status":"FAILED","jobName":"node-test-binary-windows-js-suites","config":"node-test-binary-windows-js-suites » 0,win2019-COMPILED_BY-vs2022_clang #37997","buildUrl":"https://ci.nodejs.org/job/node-test-binary-windows-js-suites/RUN_SUBSET=0,nodes=win2019-COMPILED_BY-vs2022_clang/37997/","buildNumber":37997,"builtOn":"test-rackspace-win2019_vs2019-x64-2","nodeVersion":"26.0.0","commitHash":"bb77aed216b9b22f50538ea828e211b7b70ca63f","callStack":[{"upstreamBuild":74341,"upstreamProject":"node-test-commit-windows-fanned","upstreamUrl":"job/node-test-commit-windows-fanned/"},{"upstreamBuild":84397,"upstreamProject":"node-test-commit","upstreamUrl":"job/node-test-commit/"},{"upstreamBuild":70522,"upstreamProject":"node-test-pull-request","upstreamUrl":"job/node-test-pull-request/"},{"prId":"61036"}],"tap":{"ok":false,"name":"parallel/test-http2-perf_hooks","id":563,"buffered":false,"tapError":null,"skip":false,"todo":false,"previous":null,"plan":null,"diag":{"severity":"fail","exitcode":1,"stack":"node:internal/assert/utils:146\n  throw error;\n  ^\n\nAssertionError [ERR_ASSERTION]: Expected values to be strictly equal:\n\n8 !== 7\n\n    at PerformanceObserver.<anonymous> (C:\\workspace\\node-test-binary-windows-js-suites\\node\\test\\parallel\\test-http2-perf_hooks.js:34:18)\n    at PerformanceObserver.<anonymous> (C:\\workspace\\node-test-binary-windows-js-suites\\node\\test\\common\\index.js:506:15)\n    at [kDispatch] (node:internal/perf/observe:347:19)\n    at Immediate._onImmediate (node:internal/perf/observe:123:25)\n    at process.processImmediate (node:internal/timers:504:21) {\n  generatedMessage: true,\n  code: 'ERR_ASSERTION',\n  actual: 8,\n  expected: 7,\n  operator: 'strictEqual',\n  diff: 'simple'\n}\n\nNode.js v26.0.0-pre"},"time":472.007,"fullname":"parallel/test-http2-perf_hooks","closingTestPoint":false}},{"testName":"parallel/test-http2-server-setLocalWindowSize","timestamp":1766165444870,"status":"FAILED","jobName":"node-test-binary-windows-js-suites","config":"node-test-binary-windows-js-suites » 2,win11-arm64-COMPILED_BY-vs2022_clang-arm64 #37997","buildUrl":"https://ci.nodejs.org/job/node-test-binary-windows-js-suites/RUN_SUBSET=2,nodes=win11-arm64-COMPILED_BY-vs2022_clang-arm64/37997/","buildNumber":37997,"builtOn":"test-azure_msft-win11_vs2022-arm64-2","nodeVersion":"26.0.0","commitHash":"bb77aed216b9b22f50538ea828e211b7b70ca63f","callStack":[{"upstreamBuild":74341,"upstreamProject":"node-test-commit-windows-fanned","upstreamUrl":"job/node-test-commit-windows-fanned/"},{"upstreamBuild":84397,"upstreamProject":"node-test-commit","upstreamUrl":"job/node-test-commit/"},{"upstreamBuild":70522,"upstreamProject":"node-test-pull-request","upstreamUrl":"job/node-test-pull-request/"},{"prId":"61036"}],"tap":{"ok":false,"name":"parallel/test-http2-server-setLocalWindowSize","id":579,"buffered":false,"tapError":null,"skip":false,"todo":false,"previous":null,"plan":null,"diag":{"severity":"fail","exitcode":1,"stack":"node:internal/assert/utils:146\n  throw error;\n  ^\n\nAssertionError [ERR_ASSERTION]: Expected values to be strictly equal:\n\n65535 !== 262144\n\n    at Http2Server.<anonymous> (d:\\workspace\\node-test-binary-windows-js-suites\\node\\test\\parallel\\test-http2-server-setLocalWindowSize.js:22:10)\n    at Http2Server.<anonymous> (d:\\workspace\\node-test-binary-windows-js-suites\\node\\test\\common\\index.js:506:15)\n    at Http2Server.emit (node:events:508:20)\n    at Http2Server.connectionListener (node:internal/http2/core:3309:8)\n    at Http2Server.emit (node:events:508:20)\n    at TCP.onconnection (node:net:2302:8) {\n  generatedMessage: true,\n  code: 'ERR_ASSERTION',\n  actual: 65535,\n  expected: 262144,\n  operator: 'strictEqual',\n  diff: 'simple'\n}\n\nNode.js v26.0.0-pre"},"time":340.995,"fullname":"parallel/test-http2-server-setLocalWindowSize","closingTestPoint":false}},{"testName":"parallel/test-http2-server-setLocalWindowSize","timestamp":1766165444870,"status":"FAILED","jobName":"node-test-binary-windows-js-suites","config":"node-test-binary-windows-js-suites » 1,win11-COMPILED_BY-vs2022_clang #37997","buildUrl":"https://ci.nodejs.org/job/node-test-binary-windows-js-suites/RUN_SUBSET=1,nodes=win11-COMPILED_BY-vs2022_clang/37997/","buildNumber":37997,"builtOn":"test-azure_msft-win11_vs2022-x64-4","nodeVersion":"26.0.0","commitHash":"bb77aed216b9b22f50538ea828e211b7b70ca63f","callStack":[{"upstreamBuild":74341,"upstreamProject":"node-test-commit-windows-fanned","upstreamUrl":"job/node-test-commit-windows-fanned/"},{"upstreamBuild":84397,"upstreamProject":"node-test-commit","upstreamUrl":"job/node-test-commit/"},{"upstreamBuild":70522,"upstreamProject":"node-test-pull-request","upstreamUrl":"job/node-test-pull-request/"},{"prId":"61036"}],"tap":{"ok":false,"name":"parallel/test-http2-server-setLocalWindowSize","id":579,"buffered":false,"tapError":null,"skip":false,"todo":false,"previous":null,"plan":null,"diag":{"severity":"fail","exitcode":1,"stack":"node:internal/assert/utils:146\n  throw error;\n  ^\n\nAssertionError [ERR_ASSERTION]: Expected values to be strictly equal:\n\n65535 !== 262144\n\n    at Http2Server.<anonymous> (c:\\workspace\\node-test-binary-windows-js-suites\\node\\test\\parallel\\test-http2-server-setLocalWindowSize.js:22:10)\n    at Http2Server.<anonymous> (c:\\workspace\\node-test-binary-windows-js-suites\\node\\test\\common\\index.js:506:15)\n    at Http2Server.emit (node:events:508:20)\n    at Http2Server.connectionListener (node:internal/http2/core:3309:8)\n    at Http2Server.emit (node:events:508:20)\n    at TCP.onconnection (node:net:2302:8) {\n  generatedMessage: true,\n  code: 'ERR_ASSERTION',\n  actual: 65535,\n  expected: 262144,\n  operator: 'strictEqual',\n  diff: 'simple'\n}\n\nNode.js v26.0.0-pre"},"time":250.996,"fullname":"parallel/test-http2-server-setLocalWindowSize","closingTestPoint":false}}]}