{"failedTests":[{"testName":"parallel/test-permission-fs-symlink-relative","timestamp":1767103056291,"status":"FAILED","jobName":"node-test-binary-windows-js-suites","config":"node-test-binary-windows-js-suites » 3,win10-COMPILED_BY-vs2022_clang #38120","buildUrl":"https://ci.nodejs.org/job/node-test-binary-windows-js-suites/RUN_SUBSET=3,nodes=win10-COMPILED_BY-vs2022_clang/38120/","buildNumber":38120,"builtOn":"test-azure_msft-win10_vs2019-x64-3","nodeVersion":"26.0.0","commitHash":"4c3f7995aec87c9ccf59092120c62db49f2ca4e8","callStack":[{"upstreamBuild":74466,"upstreamProject":"node-test-commit-windows-fanned","upstreamUrl":"job/node-test-commit-windows-fanned/"},{"upstreamBuild":84547,"upstreamProject":"node-test-commit","upstreamUrl":"job/node-test-commit/"},{"upstreamBuild":70632,"upstreamProject":"node-test-pull-request","upstreamUrl":"job/node-test-pull-request/"},{"prId":"760"}],"tap":{"ok":false,"name":"parallel/test-permission-fs-symlink-relative","id":707,"buffered":false,"tapError":null,"skip":false,"todo":false,"previous":null,"plan":null,"diag":{"severity":"fail","exitcode":1,"stack":"node:internal/modules/package_json_reader:116\n  const parsed = modulesBinding.readPackageJSON(\n                                ^\n\nError: Access to this API has been restricted. Use --allow-fs-read to manage permissions.\n    at Object.read (node:internal/modules/package_json_reader:116:33)\n    at _readPackage (node:internal/modules/cjs/loader:489:55)\n    at tryPackage (node:internal/modules/cjs/loader:510:36)\n    at Module._findPath (node:internal/modules/cjs/loader:792:18)\n    at Module._resolveFilename (node:internal/modules/cjs/loader:1405:27)\n    at defaultResolveImpl (node:internal/modules/cjs/loader:1058:19)\n    at resolveForCJSWithHooks (node:internal/modules/cjs/loader:1063:22)\n    at Module._load (node:internal/modules/cjs/loader:1226:37)\n    at TracingChannel.traceSync (node:diagnostics_channel:328:14)\n    at wrapModuleLoad (node:internal/modules/cjs/loader:245:24) {\n  code: 'ERR_ACCESS_DENIED',\n  permission: 'FileSystemRead',\n  resource: 'c:\\\\workspace\\\\node-test-binary-windows-js-suites\\\\node\\\\test\\\\common\\\\package.json'\n}\n\nNode.js v26.0.0-pre"},"time":149.028,"fullname":"parallel/test-permission-fs-symlink-relative","closingTestPoint":false}},{"testName":"parallel/test-permission-fs-symlink-relative","timestamp":1767103056291,"status":"FAILED","jobName":"node-test-binary-windows-js-suites","config":"node-test-binary-windows-js-suites » 3,win2022-COMPILED_BY-vs2022_clang #38120","buildUrl":"https://ci.nodejs.org/job/node-test-binary-windows-js-suites/RUN_SUBSET=3,nodes=win2022-COMPILED_BY-vs2022_clang/38120/","buildNumber":38120,"builtOn":"test-rackspace-win2022_vs2022-x64-4","nodeVersion":"26.0.0","commitHash":"4c3f7995aec87c9ccf59092120c62db49f2ca4e8","callStack":[{"upstreamBuild":74466,"upstreamProject":"node-test-commit-windows-fanned","upstreamUrl":"job/node-test-commit-windows-fanned/"},{"upstreamBuild":84547,"upstreamProject":"node-test-commit","upstreamUrl":"job/node-test-commit/"},{"upstreamBuild":70632,"upstreamProject":"node-test-pull-request","upstreamUrl":"job/node-test-pull-request/"},{"prId":"760"}],"tap":{"ok":false,"name":"parallel/test-permission-fs-symlink-relative","id":704,"buffered":false,"tapError":null,"skip":false,"todo":false,"previous":null,"plan":null,"diag":{"severity":"fail","exitcode":1,"stack":"node:internal/modules/package_json_reader:116\n  const parsed = modulesBinding.readPackageJSON(\n                                ^\n\nError: Access to this API has been restricted. Use --allow-fs-read to manage permissions.\n    at Object.read (node:internal/modules/package_json_reader:116:33)\n    at _readPackage (node:internal/modules/cjs/loader:489:55)\n    at tryPackage (node:internal/modules/cjs/loader:510:36)\n    at Module._findPath (node:internal/modules/cjs/loader:792:18)\n    at Module._resolveFilename (node:internal/modules/cjs/loader:1405:27)\n    at defaultResolveImpl (node:internal/modules/cjs/loader:1058:19)\n    at resolveForCJSWithHooks (node:internal/modules/cjs/loader:1063:22)\n    at Module._load (node:internal/modules/cjs/loader:1226:37)\n    at TracingChannel.traceSync (node:diagnostics_channel:328:14)\n    at wrapModuleLoad (node:internal/modules/cjs/loader:245:24) {\n  code: 'ERR_ACCESS_DENIED',\n  permission: 'FileSystemRead',\n  resource: 'C:\\\\workspace\\\\node-test-binary-windows-js-suites\\\\node\\\\test\\\\common\\\\package.json'\n}\n\nNode.js v26.0.0-pre"},"time":417.004,"fullname":"parallel/test-permission-fs-symlink-relative","closingTestPoint":false}},{"testName":"parallel/test-permission-fs-symlink-relative","timestamp":1767103056291,"status":"FAILED","jobName":"node-test-binary-windows-js-suites","config":"node-test-binary-windows-js-suites » 3,win2019-COMPILED_BY-vs2022_clang #38120","buildUrl":"https://ci.nodejs.org/job/node-test-binary-windows-js-suites/RUN_SUBSET=3,nodes=win2019-COMPILED_BY-vs2022_clang/38120/","buildNumber":38120,"builtOn":"test-rackspace-win2019_vs2019-x64-4","nodeVersion":"26.0.0","commitHash":"4c3f7995aec87c9ccf59092120c62db49f2ca4e8","callStack":[{"upstreamBuild":74466,"upstreamProject":"node-test-commit-windows-fanned","upstreamUrl":"job/node-test-commit-windows-fanned/"},{"upstreamBuild":84547,"upstreamProject":"node-test-commit","upstreamUrl":"job/node-test-commit/"},{"upstreamBuild":70632,"upstreamProject":"node-test-pull-request","upstreamUrl":"job/node-test-pull-request/"},{"prId":"760"}],"tap":{"ok":false,"name":"parallel/test-permission-fs-symlink-relative","id":705,"buffered":false,"tapError":null,"skip":false,"todo":false,"previous":null,"plan":null,"diag":{"severity":"fail","exitcode":1,"stack":"node:internal/modules/package_json_reader:116\n  const parsed = modulesBinding.readPackageJSON(\n                                ^\n\nError: Access to this API has been restricted. Use --allow-fs-read to manage permissions.\n    at Object.read (node:internal/modules/package_json_reader:116:33)\n    at _readPackage (node:internal/modules/cjs/loader:489:55)\n    at tryPackage (node:internal/modules/cjs/loader:510:36)\n    at Module._findPath (node:internal/modules/cjs/loader:792:18)\n    at Module._resolveFilename (node:internal/modules/cjs/loader:1405:27)\n    at defaultResolveImpl (node:internal/modules/cjs/loader:1058:19)\n    at resolveForCJSWithHooks (node:internal/modules/cjs/loader:1063:22)\n    at Module._load (node:internal/modules/cjs/loader:1226:37)\n    at TracingChannel.traceSync (node:diagnostics_channel:328:14)\n    at wrapModuleLoad (node:internal/modules/cjs/loader:245:24) {\n  code: 'ERR_ACCESS_DENIED',\n  permission: 'FileSystemRead',\n  resource: 'C:\\\\workspace\\\\node-test-binary-windows-js-suites\\\\node\\\\test\\\\common\\\\package.json'\n}\n\nNode.js v26.0.0-pre"},"time":365.981,"fullname":"parallel/test-permission-fs-symlink-relative","closingTestPoint":false}},{"testName":"parallel/test-permission-fs-symlink-relative","timestamp":1767103056291,"status":"FAILED","jobName":"node-test-binary-windows-js-suites","config":"node-test-binary-windows-js-suites » 0,win11-arm64-COMPILED_BY-vs2022_clang-arm64 #38120","buildUrl":"https://ci.nodejs.org/job/node-test-binary-windows-js-suites/RUN_SUBSET=0,nodes=win11-arm64-COMPILED_BY-vs2022_clang-arm64/38120/","buildNumber":38120,"builtOn":"test-azure_msft-win11_vs2022-arm64-1","nodeVersion":"26.0.0","commitHash":"4c3f7995aec87c9ccf59092120c62db49f2ca4e8","callStack":[{"upstreamBuild":74466,"upstreamProject":"node-test-commit-windows-fanned","upstreamUrl":"job/node-test-commit-windows-fanned/"},{"upstreamBuild":84547,"upstreamProject":"node-test-commit","upstreamUrl":"job/node-test-commit/"},{"upstreamBuild":70632,"upstreamProject":"node-test-pull-request","upstreamUrl":"job/node-test-pull-request/"},{"prId":"760"}],"tap":{"ok":false,"name":"parallel/test-permission-fs-symlink-relative","id":702,"buffered":false,"tapError":null,"skip":false,"todo":false,"previous":null,"plan":null,"diag":{"severity":"fail","exitcode":1,"stack":"node:internal/modules/package_json_reader:116\n  const parsed = modulesBinding.readPackageJSON(\n                                ^\n\nError: Access to this API has been restricted. Use --allow-fs-read to manage permissions.\n    at Object.read (node:internal/modules/package_json_reader:116:33)\n    at _readPackage (node:internal/modules/cjs/loader:489:55)\n    at tryPackage (node:internal/modules/cjs/loader:510:36)\n    at Module._findPath (node:internal/modules/cjs/loader:792:18)\n    at Module._resolveFilename (node:internal/modules/cjs/loader:1405:27)\n    at defaultResolveImpl (node:internal/modules/cjs/loader:1058:19)\n    at resolveForCJSWithHooks (node:internal/modules/cjs/loader:1063:22)\n    at Module._load (node:internal/modules/cjs/loader:1226:37)\n    at TracingChannel.traceSync (node:diagnostics_channel:328:14)\n    at wrapModuleLoad (node:internal/modules/cjs/loader:245:24) {\n  code: 'ERR_ACCESS_DENIED',\n  permission: 'FileSystemRead',\n  resource: 'd:\\\\workspace\\\\node-test-binary-windows-js-suites\\\\node\\\\test\\\\common\\\\package.json'\n}\n\nNode.js v26.0.0-pre"},"time":297.993,"fullname":"parallel/test-permission-fs-symlink-relative","closingTestPoint":false}},{"testName":"parallel/test-permission-fs-symlink-relative","timestamp":1767103056291,"status":"FAILED","jobName":"node-test-binary-windows-js-suites","config":"node-test-binary-windows-js-suites » 3,win11-COMPILED_BY-vs2022_clang #38120","buildUrl":"https://ci.nodejs.org/job/node-test-binary-windows-js-suites/RUN_SUBSET=3,nodes=win11-COMPILED_BY-vs2022_clang/38120/","buildNumber":38120,"builtOn":"test-azure_msft-win11_vs2022-x64-3","nodeVersion":"26.0.0","commitHash":"4c3f7995aec87c9ccf59092120c62db49f2ca4e8","callStack":[{"upstreamBuild":74466,"upstreamProject":"node-test-commit-windows-fanned","upstreamUrl":"job/node-test-commit-windows-fanned/"},{"upstreamBuild":84547,"upstreamProject":"node-test-commit","upstreamUrl":"job/node-test-commit/"},{"upstreamBuild":70632,"upstreamProject":"node-test-pull-request","upstreamUrl":"job/node-test-pull-request/"},{"prId":"760"}],"tap":{"ok":false,"name":"parallel/test-permission-fs-symlink-relative","id":707,"buffered":false,"tapError":null,"skip":false,"todo":false,"previous":null,"plan":null,"diag":{"severity":"fail","exitcode":1,"stack":"node:internal/modules/package_json_reader:116\n  const parsed = modulesBinding.readPackageJSON(\n                                ^\n\nError: Access to this API has been restricted. Use --allow-fs-read to manage permissions.\n    at Object.read (node:internal/modules/package_json_reader:116:33)\n    at _readPackage (node:internal/modules/cjs/loader:489:55)\n    at tryPackage (node:internal/modules/cjs/loader:510:36)\n    at Module._findPath (node:internal/modules/cjs/loader:792:18)\n    at Module._resolveFilename (node:internal/modules/cjs/loader:1405:27)\n    at defaultResolveImpl (node:internal/modules/cjs/loader:1058:19)\n    at resolveForCJSWithHooks (node:internal/modules/cjs/loader:1063:22)\n    at Module._load (node:internal/modules/cjs/loader:1226:37)\n    at TracingChannel.traceSync (node:diagnostics_channel:328:14)\n    at wrapModuleLoad (node:internal/modules/cjs/loader:245:24) {\n  code: 'ERR_ACCESS_DENIED',\n  permission: 'FileSystemRead',\n  resource: 'c:\\\\workspace\\\\node-test-binary-windows-js-suites\\\\node\\\\test\\\\common\\\\package.json'\n}\n\nNode.js v26.0.0-pre"},"time":166.002,"fullname":"parallel/test-permission-fs-symlink-relative","closingTestPoint":false}},{"testName":"async-hooks/test-writewrap","timestamp":1767103056291,"status":"FAILED","jobName":"node-test-binary-windows-js-suites","config":"node-test-binary-windows-js-suites » 1,win11-arm64-COMPILED_BY-vs2022_clang-arm64 #38120","buildUrl":"https://ci.nodejs.org/job/node-test-binary-windows-js-suites/RUN_SUBSET=1,nodes=win11-arm64-COMPILED_BY-vs2022_clang-arm64/38120/","buildNumber":38120,"builtOn":"test-azure_msft-win11_vs2022-arm64-3","nodeVersion":"26.0.0","commitHash":"4c3f7995aec87c9ccf59092120c62db49f2ca4e8","callStack":[{"upstreamBuild":74466,"upstreamProject":"node-test-commit-windows-fanned","upstreamUrl":"job/node-test-commit-windows-fanned/"},{"upstreamBuild":84547,"upstreamProject":"node-test-commit","upstreamUrl":"job/node-test-commit/"},{"upstreamBuild":70632,"upstreamProject":"node-test-pull-request","upstreamUrl":"job/node-test-pull-request/"},{"prId":"760"}],"tap":{"ok":false,"name":"async-hooks/test-writewrap","id":21,"buffered":false,"tapError":null,"skip":false,"todo":false,"previous":null,"plan":null,"diag":{"severity":"fail","exitcode":3221226505,"stack":""},"time":463.995,"fullname":"async-hooks/test-writewrap","closingTestPoint":false}}]}