{"failedTests":[{"testName":"parallel/test-fs-realpath","timestamp":1767124910258,"status":"FAILED","jobName":"node-test-binary-windows-js-suites","config":"node-test-binary-windows-js-suites » 3,win11-COMPILED_BY-vs2022_clang #38126","buildUrl":"https://ci.nodejs.org/job/node-test-binary-windows-js-suites/RUN_SUBSET=3,nodes=win11-COMPILED_BY-vs2022_clang/38126/","buildNumber":38126,"builtOn":"test-azure_msft-win11_vs2022-x64-3","nodeVersion":"26.0.0","commitHash":"e2b21667b263c6f59dd9d8a18d13e54c88dce3a0","callStack":[{"upstreamBuild":74472,"upstreamProject":"node-test-commit-windows-fanned","upstreamUrl":"job/node-test-commit-windows-fanned/"},{"upstreamBuild":84555,"upstreamProject":"node-test-commit","upstreamUrl":"job/node-test-commit/"},{"upstreamBuild":70640,"upstreamProject":"node-test-pull-request","upstreamUrl":"job/node-test-pull-request/"},{"prId":"61194"}],"tap":{"ok":false,"name":"parallel/test-fs-realpath","id":398,"buffered":false,"tapError":null,"skip":false,"todo":false,"previous":null,"plan":null,"diag":{"severity":"fail","exitcode":1,"stack":"test_simple_error_callback\ntest_simple_error_callback\ntest_simple_error_cb_with_null_options\ntest_simple_error_cb_with_null_options\ntest_simple_relative_symlink\nfs.symlinkSync(\"../.tmp.397/cycles/root.js\", \"c:\\\\workspace\\\\node-test-binary-windows-js-suites\\\\node\\\\test\\\\.tmp.397/symlink\", \"file\")\ntest_simple_relative_symlink\nfs.symlinkSync(\"../.tmp.397/cycles/root.js\", \"c:\\\\workspace\\\\node-test-binary-windows-js-suites\\\\node\\\\test\\\\.tmp.397/symlink\", \"file\")\ntest_simple_absolute_symlink\nusing type=dir\ntest_simple_absolute_symlink\nusing type=dir\ntest_deep_relative_file_symlink\ntest_deep_relative_file_symlink\ntest_deep_relative_dir_symlink\ntest_deep_relative_dir_symlink\ntest_cyclic_link_protection\ntest_cyclic_link_protection\ntest_cyclic_link_overprotection\ntest_cyclic_link_overprotection\ntest_relative_input_cwd\nfs.symlinkSync(\"../cycles/realpath-3b\", \"test\\\\.tmp.397\\\\cycles\\\\realpath-3a\", \"dir\")\nfs.symlinkSync(\"../cycles/realpath-3c\", \"c:\\\\workspace\\\\node-test-binary-windows-js-suites\\\\node\\\\test\\\\.tmp.397/cycles/realpath-3b\", \"dir\")\nfs.symlinkSync(\"root.js\", \"c:\\\\workspace\\\\node-test-binary-windows-js-suites\\\\node\\\\test\\\\.tmp.397/cycles/realpath-3c\", \"file\")\nstart tests\nfs.symlinkSync(\"c:\\\\workspace\\\\node-test-binary-windows-js-suites\\\\node\\\\test\\\\fixtures\\\\nested-index\\\\one\", \"c:\\\\workspace\\\\node-test-binary-windows-js-suites\\\\node\\\\test\\\\.tmp.397/symlink\", \"dir\")\nfs.symlinkSync(\"c:\\\\workspace\\\\node-test-binary-windows-js-suites\\\\node\\\\test\\\\fixtures\\\\nested-index\\\\one\", \"c:\\\\workspace\\\\node-test-binary-windows-js-suites\\\\node\\\\test\\\\.tmp.397/symlink\", \"dir\")\nfn=\"test\\\\.tmp.397\\\\cycles\\\\realpath-3a\"\nfn=\"c:\\\\workspace\\\\node-test-binary-windows-js-suites\\\\node\\\\test\\\\.tmp.397/cycles/realpath-3b\"\nfn=\"c:\\\\workspace\\\\node-test-binary-windows-js-suites\\\\node\\\\test\\\\.tmp.397/cycles/realpath-3c\"\nnode:internal/assert/utils:146\n  throw error;\n  ^\n\nAssertionError [ERR_ASSERTION]: Expected values to be strictly equal:\n\n38 !== 17\n\n    at process.<anonymous> (c:\\workspace\\node-test-binary-windows-js-suites\\node\\test\\parallel\\test-fs-realpath.js:653:10)\n    at process.emit (node:events:520:22) {\n  generatedMessage: true,\n  code: 'ERR_ASSERTION',\n  actual: 38,\n  expected: 17,\n  operator: 'strictEqual',\n  diff: 'simple'\n}\n\nNode.js v26.0.0-pre"},"time":393.004,"fullname":"parallel/test-fs-realpath","closingTestPoint":false}},{"testName":"parallel/test-fs-realpath","timestamp":1767124910258,"status":"FAILED","jobName":"node-test-binary-windows-js-suites","config":"node-test-binary-windows-js-suites » 3,win10-COMPILED_BY-vs2022_clang #38126","buildUrl":"https://ci.nodejs.org/job/node-test-binary-windows-js-suites/RUN_SUBSET=3,nodes=win10-COMPILED_BY-vs2022_clang/38126/","buildNumber":38126,"builtOn":"test-azure_msft-win10_vs2019-x64-3","nodeVersion":"26.0.0","commitHash":"e2b21667b263c6f59dd9d8a18d13e54c88dce3a0","callStack":[{"upstreamBuild":74472,"upstreamProject":"node-test-commit-windows-fanned","upstreamUrl":"job/node-test-commit-windows-fanned/"},{"upstreamBuild":84555,"upstreamProject":"node-test-commit","upstreamUrl":"job/node-test-commit/"},{"upstreamBuild":70640,"upstreamProject":"node-test-pull-request","upstreamUrl":"job/node-test-pull-request/"},{"prId":"61194"}],"tap":{"ok":false,"name":"parallel/test-fs-realpath","id":399,"buffered":false,"tapError":null,"skip":false,"todo":false,"previous":null,"plan":null,"diag":{"severity":"fail","exitcode":1,"stack":"test_simple_error_callback\ntest_simple_error_callback\ntest_simple_error_cb_with_null_options\ntest_simple_error_cb_with_null_options\ntest_simple_relative_symlink\nfs.symlinkSync(\"../.tmp.397/cycles/root.js\", \"c:\\\\workspace\\\\node-test-binary-windows-js-suites\\\\node\\\\test\\\\.tmp.397/symlink\", \"file\")\ntest_simple_relative_symlink\nfs.symlinkSync(\"../.tmp.397/cycles/root.js\", \"c:\\\\workspace\\\\node-test-binary-windows-js-suites\\\\node\\\\test\\\\.tmp.397/symlink\", \"file\")\ntest_simple_absolute_symlink\nusing type=dir\ntest_simple_absolute_symlink\nusing type=dir\ntest_deep_relative_file_symlink\ntest_deep_relative_file_symlink\ntest_deep_relative_dir_symlink\ntest_deep_relative_dir_symlink\ntest_cyclic_link_protection\ntest_cyclic_link_protection\ntest_cyclic_link_overprotection\ntest_cyclic_link_overprotection\ntest_relative_input_cwd\nfs.symlinkSync(\"../cycles/realpath-3b\", \"test\\\\.tmp.397\\\\cycles\\\\realpath-3a\", \"dir\")\nfs.symlinkSync(\"../cycles/realpath-3c\", \"c:\\\\workspace\\\\node-test-binary-windows-js-suites\\\\node\\\\test\\\\.tmp.397/cycles/realpath-3b\", \"dir\")\nfs.symlinkSync(\"root.js\", \"c:\\\\workspace\\\\node-test-binary-windows-js-suites\\\\node\\\\test\\\\.tmp.397/cycles/realpath-3c\", \"file\")\nstart tests\nfs.symlinkSync(\"c:\\\\workspace\\\\node-test-binary-windows-js-suites\\\\node\\\\test\\\\fixtures\\\\nested-index\\\\one\", \"c:\\\\workspace\\\\node-test-binary-windows-js-suites\\\\node\\\\test\\\\.tmp.397/symlink\", \"dir\")\nfs.symlinkSync(\"c:\\\\workspace\\\\node-test-binary-windows-js-suites\\\\node\\\\test\\\\fixtures\\\\nested-index\\\\one\", \"c:\\\\workspace\\\\node-test-binary-windows-js-suites\\\\node\\\\test\\\\.tmp.397/symlink\", \"dir\")\nfn=\"test\\\\.tmp.397\\\\cycles\\\\realpath-3a\"\nfn=\"c:\\\\workspace\\\\node-test-binary-windows-js-suites\\\\node\\\\test\\\\.tmp.397/cycles/realpath-3b\"\nfn=\"c:\\\\workspace\\\\node-test-binary-windows-js-suites\\\\node\\\\test\\\\.tmp.397/cycles/realpath-3c\"\nnode:internal/assert/utils:146\n  throw error;\n  ^\n\nAssertionError [ERR_ASSERTION]: Expected values to be strictly equal:\n\n38 !== 17\n\n    at process.<anonymous> (c:\\workspace\\node-test-binary-windows-js-suites\\node\\test\\parallel\\test-fs-realpath.js:653:10)\n    at process.emit (node:events:520:22) {\n  generatedMessage: true,\n  code: 'ERR_ASSERTION',\n  actual: 38,\n  expected: 17,\n  operator: 'strictEqual',\n  diff: 'simple'\n}\n\nNode.js v26.0.0-pre"},"time":378.027,"fullname":"parallel/test-fs-realpath","closingTestPoint":false}},{"testName":"parallel/test-fs-realpath","timestamp":1767124910258,"status":"FAILED","jobName":"node-test-binary-windows-js-suites","config":"node-test-binary-windows-js-suites » 3,win2022-COMPILED_BY-vs2022_clang #38126","buildUrl":"https://ci.nodejs.org/job/node-test-binary-windows-js-suites/RUN_SUBSET=3,nodes=win2022-COMPILED_BY-vs2022_clang/38126/","buildNumber":38126,"builtOn":"test-rackspace-win2022_vs2022-x64-4","nodeVersion":"26.0.0","commitHash":"e2b21667b263c6f59dd9d8a18d13e54c88dce3a0","callStack":[{"upstreamBuild":74472,"upstreamProject":"node-test-commit-windows-fanned","upstreamUrl":"job/node-test-commit-windows-fanned/"},{"upstreamBuild":84555,"upstreamProject":"node-test-commit","upstreamUrl":"job/node-test-commit/"},{"upstreamBuild":70640,"upstreamProject":"node-test-pull-request","upstreamUrl":"job/node-test-pull-request/"},{"prId":"61194"}],"tap":{"ok":false,"name":"parallel/test-fs-realpath","id":402,"buffered":false,"tapError":null,"skip":false,"todo":false,"previous":null,"plan":null,"diag":{"severity":"fail","exitcode":1,"stack":"test_simple_error_callback\ntest_simple_error_callback\ntest_simple_error_cb_with_null_options\ntest_simple_error_cb_with_null_options\ntest_simple_relative_symlink\nfs.symlinkSync(\"../.tmp.397/cycles/root.js\", \"C:\\\\workspace\\\\node-test-binary-windows-js-suites\\\\node\\\\test\\\\.tmp.397/symlink\", \"file\")\ntest_simple_relative_symlink\nfs.symlinkSync(\"../.tmp.397/cycles/root.js\", \"C:\\\\workspace\\\\node-test-binary-windows-js-suites\\\\node\\\\test\\\\.tmp.397/symlink\", \"file\")\ntest_simple_absolute_symlink\nusing type=dir\ntest_simple_absolute_symlink\nusing type=dir\ntest_deep_relative_file_symlink\ntest_deep_relative_file_symlink\ntest_deep_relative_dir_symlink\ntest_deep_relative_dir_symlink\ntest_cyclic_link_protection\ntest_cyclic_link_protection\ntest_cyclic_link_overprotection\ntest_cyclic_link_overprotection\ntest_relative_input_cwd\nfs.symlinkSync(\"../cycles/realpath-3b\", \"test\\\\.tmp.397\\\\cycles\\\\realpath-3a\", \"dir\")\nfs.symlinkSync(\"../cycles/realpath-3c\", \"C:\\\\workspace\\\\node-test-binary-windows-js-suites\\\\node\\\\test\\\\.tmp.397/cycles/realpath-3b\", \"dir\")\nfs.symlinkSync(\"root.js\", \"C:\\\\workspace\\\\node-test-binary-windows-js-suites\\\\node\\\\test\\\\.tmp.397/cycles/realpath-3c\", \"file\")\nstart tests\nfs.symlinkSync(\"C:\\\\workspace\\\\node-test-binary-windows-js-suites\\\\node\\\\test\\\\fixtures\\\\nested-index\\\\one\", \"C:\\\\workspace\\\\node-test-binary-windows-js-suites\\\\node\\\\test\\\\.tmp.397/symlink\", \"dir\")\nfs.symlinkSync(\"C:\\\\workspace\\\\node-test-binary-windows-js-suites\\\\node\\\\test\\\\fixtures\\\\nested-index\\\\one\", \"C:\\\\workspace\\\\node-test-binary-windows-js-suites\\\\node\\\\test\\\\.tmp.397/symlink\", \"dir\")\nfn=\"test\\\\.tmp.397\\\\cycles\\\\realpath-3a\"\nfn=\"C:\\\\workspace\\\\node-test-binary-windows-js-suites\\\\node\\\\test\\\\.tmp.397/cycles/realpath-3b\"\nfn=\"C:\\\\workspace\\\\node-test-binary-windows-js-suites\\\\node\\\\test\\\\.tmp.397/cycles/realpath-3c\"\nnode:internal/assert/utils:146\n  throw error;\n  ^\n\nAssertionError [ERR_ASSERTION]: Expected values to be strictly equal:\n\n38 !== 17\n\n    at process.<anonymous> (C:\\workspace\\node-test-binary-windows-js-suites\\node\\test\\parallel\\test-fs-realpath.js:653:10)\n    at process.emit (node:events:520:22) {\n  generatedMessage: true,\n  code: 'ERR_ASSERTION',\n  actual: 38,\n  expected: 17,\n  operator: 'strictEqual',\n  diff: 'simple'\n}\n\nNode.js v26.0.0-pre"},"time":895.04,"fullname":"parallel/test-fs-realpath","closingTestPoint":false}},{"testName":"parallel/test-fs-realpath","timestamp":1767124910258,"status":"FAILED","jobName":"node-test-binary-windows-js-suites","config":"node-test-binary-windows-js-suites » 0,win11-arm64-COMPILED_BY-vs2022_clang-arm64 #38126","buildUrl":"https://ci.nodejs.org/job/node-test-binary-windows-js-suites/RUN_SUBSET=0,nodes=win11-arm64-COMPILED_BY-vs2022_clang-arm64/38126/","buildNumber":38126,"builtOn":"test-azure_msft-win11_vs2022-arm64-1","nodeVersion":"26.0.0","commitHash":"e2b21667b263c6f59dd9d8a18d13e54c88dce3a0","callStack":[{"upstreamBuild":74472,"upstreamProject":"node-test-commit-windows-fanned","upstreamUrl":"job/node-test-commit-windows-fanned/"},{"upstreamBuild":84555,"upstreamProject":"node-test-commit","upstreamUrl":"job/node-test-commit/"},{"upstreamBuild":70640,"upstreamProject":"node-test-pull-request","upstreamUrl":"job/node-test-pull-request/"},{"prId":"61194"}],"tap":{"ok":false,"name":"parallel/test-fs-realpath","id":399,"buffered":false,"tapError":null,"skip":false,"todo":false,"previous":null,"plan":null,"diag":{"severity":"fail","exitcode":1,"stack":"test_simple_error_callback\ntest_simple_error_callback\ntest_simple_error_cb_with_null_options\ntest_simple_error_cb_with_null_options\ntest_simple_relative_symlink\nfs.symlinkSync(\"../.tmp.395/cycles/root.js\", \"d:\\\\workspace\\\\node-test-binary-windows-js-suites\\\\node\\\\test\\\\.tmp.395/symlink\", \"file\")\ntest_simple_relative_symlink\nfs.symlinkSync(\"../.tmp.395/cycles/root.js\", \"d:\\\\workspace\\\\node-test-binary-windows-js-suites\\\\node\\\\test\\\\.tmp.395/symlink\", \"file\")\ntest_simple_absolute_symlink\nusing type=dir\ntest_simple_absolute_symlink\nusing type=dir\ntest_deep_relative_file_symlink\ntest_deep_relative_file_symlink\ntest_deep_relative_dir_symlink\ntest_deep_relative_dir_symlink\ntest_cyclic_link_protection\ntest_cyclic_link_protection\ntest_cyclic_link_overprotection\ntest_cyclic_link_overprotection\ntest_relative_input_cwd\nfs.symlinkSync(\"../cycles/realpath-3b\", \"test\\\\.tmp.395\\\\cycles\\\\realpath-3a\", \"dir\")\nfs.symlinkSync(\"../cycles/realpath-3c\", \"d:\\\\workspace\\\\node-test-binary-windows-js-suites\\\\node\\\\test\\\\.tmp.395/cycles/realpath-3b\", \"dir\")\nfs.symlinkSync(\"root.js\", \"d:\\\\workspace\\\\node-test-binary-windows-js-suites\\\\node\\\\test\\\\.tmp.395/cycles/realpath-3c\", \"file\")\nstart tests\nfs.symlinkSync(\"d:\\\\workspace\\\\node-test-binary-windows-js-suites\\\\node\\\\test\\\\fixtures\\\\nested-index\\\\one\", \"d:\\\\workspace\\\\node-test-binary-windows-js-suites\\\\node\\\\test\\\\.tmp.395/symlink\", \"dir\")\nfs.symlinkSync(\"d:\\\\workspace\\\\node-test-binary-windows-js-suites\\\\node\\\\test\\\\fixtures\\\\nested-index\\\\one\", \"d:\\\\workspace\\\\node-test-binary-windows-js-suites\\\\node\\\\test\\\\.tmp.395/symlink\", \"dir\")\nfn=\"test\\\\.tmp.395\\\\cycles\\\\realpath-3a\"\nfn=\"d:\\\\workspace\\\\node-test-binary-windows-js-suites\\\\node\\\\test\\\\.tmp.395/cycles/realpath-3b\"\nfn=\"d:\\\\workspace\\\\node-test-binary-windows-js-suites\\\\node\\\\test\\\\.tmp.395/cycles/realpath-3c\"\nnode:internal/assert/utils:146\n  throw error;\n  ^\n\nAssertionError [ERR_ASSERTION]: Expected values to be strictly equal:\n\n38 !== 17\n\n    at process.<anonymous> (d:\\workspace\\node-test-binary-windows-js-suites\\node\\test\\parallel\\test-fs-realpath.js:653:10)\n    at process.emit (node:events:520:22) {\n  generatedMessage: true,\n  code: 'ERR_ASSERTION',\n  actual: 38,\n  expected: 17,\n  operator: 'strictEqual',\n  diff: 'simple'\n}\n\nNode.js v26.0.0-pre"},"time":537.998,"fullname":"parallel/test-fs-realpath","closingTestPoint":false}},{"testName":"parallel/test-fs-realpath","timestamp":1767124910258,"status":"FAILED","jobName":"node-test-binary-windows-js-suites","config":"node-test-binary-windows-js-suites » 3,win2019-COMPILED_BY-vs2022_clang #38126","buildUrl":"https://ci.nodejs.org/job/node-test-binary-windows-js-suites/RUN_SUBSET=3,nodes=win2019-COMPILED_BY-vs2022_clang/38126/","buildNumber":38126,"builtOn":"test-rackspace-win2019_vs2019-x64-3","nodeVersion":"26.0.0","commitHash":"e2b21667b263c6f59dd9d8a18d13e54c88dce3a0","callStack":[{"upstreamBuild":74472,"upstreamProject":"node-test-commit-windows-fanned","upstreamUrl":"job/node-test-commit-windows-fanned/"},{"upstreamBuild":84555,"upstreamProject":"node-test-commit","upstreamUrl":"job/node-test-commit/"},{"upstreamBuild":70640,"upstreamProject":"node-test-pull-request","upstreamUrl":"job/node-test-pull-request/"},{"prId":"61194"}],"tap":{"ok":false,"name":"parallel/test-fs-realpath","id":402,"buffered":false,"tapError":null,"skip":false,"todo":false,"previous":null,"plan":null,"diag":{"severity":"fail","exitcode":1,"stack":"test_simple_error_callback\ntest_simple_error_callback\ntest_simple_error_cb_with_null_options\ntest_simple_error_cb_with_null_options\ntest_simple_relative_symlink\nfs.symlinkSync(\"../.tmp.397/cycles/root.js\", \"C:\\\\workspace\\\\node-test-binary-windows-js-suites\\\\node\\\\test\\\\.tmp.397/symlink\", \"file\")\ntest_simple_relative_symlink\nfs.symlinkSync(\"../.tmp.397/cycles/root.js\", \"C:\\\\workspace\\\\node-test-binary-windows-js-suites\\\\node\\\\test\\\\.tmp.397/symlink\", \"file\")\ntest_simple_absolute_symlink\nusing type=dir\ntest_simple_absolute_symlink\nusing type=dir\ntest_deep_relative_file_symlink\ntest_deep_relative_file_symlink\ntest_deep_relative_dir_symlink\ntest_deep_relative_dir_symlink\ntest_cyclic_link_protection\ntest_cyclic_link_protection\ntest_cyclic_link_overprotection\ntest_cyclic_link_overprotection\ntest_relative_input_cwd\nfs.symlinkSync(\"../cycles/realpath-3b\", \"test\\\\.tmp.397\\\\cycles\\\\realpath-3a\", \"dir\")\nfs.symlinkSync(\"../cycles/realpath-3c\", \"C:\\\\workspace\\\\node-test-binary-windows-js-suites\\\\node\\\\test\\\\.tmp.397/cycles/realpath-3b\", \"dir\")\nfs.symlinkSync(\"root.js\", \"C:\\\\workspace\\\\node-test-binary-windows-js-suites\\\\node\\\\test\\\\.tmp.397/cycles/realpath-3c\", \"file\")\nstart tests\nfs.symlinkSync(\"C:\\\\workspace\\\\node-test-binary-windows-js-suites\\\\node\\\\test\\\\fixtures\\\\nested-index\\\\one\", \"C:\\\\workspace\\\\node-test-binary-windows-js-suites\\\\node\\\\test\\\\.tmp.397/symlink\", \"dir\")\nfs.symlinkSync(\"C:\\\\workspace\\\\node-test-binary-windows-js-suites\\\\node\\\\test\\\\fixtures\\\\nested-index\\\\one\", \"C:\\\\workspace\\\\node-test-binary-windows-js-suites\\\\node\\\\test\\\\.tmp.397/symlink\", \"dir\")\nfn=\"test\\\\.tmp.397\\\\cycles\\\\realpath-3a\"\nfn=\"C:\\\\workspace\\\\node-test-binary-windows-js-suites\\\\node\\\\test\\\\.tmp.397/cycles/realpath-3b\"\nfn=\"C:\\\\workspace\\\\node-test-binary-windows-js-suites\\\\node\\\\test\\\\.tmp.397/cycles/realpath-3c\"\nnode:internal/assert/utils:146\n  throw error;\n  ^\n\nAssertionError [ERR_ASSERTION]: Expected values to be strictly equal:\n\n38 !== 17\n\n    at process.<anonymous> (C:\\workspace\\node-test-binary-windows-js-suites\\node\\test\\parallel\\test-fs-realpath.js:653:10)\n    at process.emit (node:events:520:22) {\n  generatedMessage: true,\n  code: 'ERR_ASSERTION',\n  actual: 38,\n  expected: 17,\n  operator: 'strictEqual',\n  diff: 'simple'\n}\n\nNode.js v26.0.0-pre"},"time":664.008,"fullname":"parallel/test-fs-realpath","closingTestPoint":false}}]}