{"failedTests":[{"testName":"pummel/test-heapdump-fs-promise","timestamp":1767545414967,"status":"FAILED","jobName":"node-test-binary-windows-js-suites","config":"node-test-binary-windows-js-suites » 1,win11-arm64-COMPILED_BY-vs2022_clang-arm64 #38177","buildUrl":"https://ci.nodejs.org/job/node-test-binary-windows-js-suites/RUN_SUBSET=1,nodes=win11-arm64-COMPILED_BY-vs2022_clang-arm64/38177/","buildNumber":38177,"builtOn":"test-azure_msft-win11_vs2022-arm64-3","nodeVersion":"26.0.0","commitHash":"ed9afc46fe24cd41bf126ab146913e779d3d7795","callStack":[{"upstreamBuild":74526,"upstreamProject":"node-test-commit-windows-fanned","upstreamUrl":"job/node-test-commit-windows-fanned/"},{"upstreamBuild":84615,"upstreamProject":"node-test-commit","upstreamUrl":"job/node-test-commit/"},{"upstreamBuild":70668,"upstreamProject":"node-test-pull-request","upstreamUrl":"job/node-test-pull-request/"},{"prId":"60441"}],"tap":{"ok":false,"name":"pummel/test-heapdump-fs-promise","id":1154,"buffered":false,"tapError":null,"skip":false,"todo":false,"previous":null,"plan":null,"diag":{"severity":"fail","exitcode":1,"stack":"d:\\workspace\\node-test-binary-windows-js-suites\\node\\test\\common\\heap.js:25\n  const meta = dump.snapshot.meta;\n                    ^\n\nTypeError: Cannot read properties of null (reading 'snapshot')\n    at createJSHeapSnapshot (d:\\workspace\\node-test-binary-windows-js-suites\\node\\test\\common\\heap.js:25:21)\n    at validateByRetainingPath (d:\\workspace\\node-test-binary-windows-js-suites\\node\\test\\common\\heap.js:334:17)\n    at Object.<anonymous> (d:\\workspace\\node-test-binary-windows-js-suites\\node\\test\\pummel\\test-heapdump-fs-promise.js:12:17)\n    at Module._compile (node:internal/modules/cjs/loader:1803:14)\n    at Module._extensions..js (node:internal/modules/cjs/loader:1934:10)\n    at Module.load (node:internal/modules/cjs/loader:1524:32)\n    at Module._load (node:internal/modules/cjs/loader:1326:12)\n    at TracingChannel.traceSync (node:diagnostics_channel:328:14)\n    at wrapModuleLoad (node:internal/modules/cjs/loader:245:24)\n    at Module.executeUserEntryPoint [as runMain] (node:internal/modules/run_main:154:5)\n\nNode.js v26.0.0-pre"},"time":593.005,"fullname":"pummel/test-heapdump-fs-promise","closingTestPoint":false}},{"testName":"pummel/test-heapdump-tls","timestamp":1767545414967,"status":"FAILED","jobName":"node-test-binary-windows-js-suites","config":"node-test-binary-windows-js-suites » 1,win11-arm64-COMPILED_BY-vs2022_clang-arm64 #38177","buildUrl":"https://ci.nodejs.org/job/node-test-binary-windows-js-suites/RUN_SUBSET=1,nodes=win11-arm64-COMPILED_BY-vs2022_clang-arm64/38177/","buildNumber":38177,"builtOn":"test-azure_msft-win11_vs2022-arm64-3","nodeVersion":"26.0.0","commitHash":"ed9afc46fe24cd41bf126ab146913e779d3d7795","callStack":[{"upstreamBuild":74526,"upstreamProject":"node-test-commit-windows-fanned","upstreamUrl":"job/node-test-commit-windows-fanned/"},{"upstreamBuild":84615,"upstreamProject":"node-test-commit","upstreamUrl":"job/node-test-commit/"},{"upstreamBuild":70668,"upstreamProject":"node-test-pull-request","upstreamUrl":"job/node-test-pull-request/"},{"prId":"60441"}],"tap":{"ok":false,"name":"pummel/test-heapdump-tls","id":1155,"buffered":false,"tapError":null,"skip":false,"todo":false,"previous":null,"plan":null,"diag":{"severity":"fail","exitcode":1,"stack":"d:\\workspace\\node-test-binary-windows-js-suites\\node\\test\\common\\heap.js:25\n  const meta = dump.snapshot.meta;\n                    ^\n\nTypeError: Cannot read properties of null (reading 'snapshot')\n    at createJSHeapSnapshot (d:\\workspace\\node-test-binary-windows-js-suites\\node\\test\\common\\heap.js:25:21)\n    at validateByRetainingPath (d:\\workspace\\node-test-binary-windows-js-suites\\node\\test\\common\\heap.js:334:17)\n    at Object.<anonymous> (d:\\workspace\\node-test-binary-windows-js-suites\\node\\test\\pummel\\test-heapdump-tls.js:15:17)\n    at Module._compile (node:internal/modules/cjs/loader:1803:14)\n    at Module._extensions..js (node:internal/modules/cjs/loader:1934:10)\n    at Module.load (node:internal/modules/cjs/loader:1524:32)\n    at Module._load (node:internal/modules/cjs/loader:1326:12)\n    at TracingChannel.traceSync (node:diagnostics_channel:328:14)\n    at wrapModuleLoad (node:internal/modules/cjs/loader:245:24)\n    at Module.executeUserEntryPoint [as runMain] (node:internal/modules/run_main:154:5)\n\nNode.js v26.0.0-pre"},"time":602.63,"fullname":"pummel/test-heapdump-tls","closingTestPoint":false}},{"testName":"pummel/test-heapdump-zlib","timestamp":1767545414967,"status":"FAILED","jobName":"node-test-binary-windows-js-suites","config":"node-test-binary-windows-js-suites » 1,win11-arm64-COMPILED_BY-vs2022_clang-arm64 #38177","buildUrl":"https://ci.nodejs.org/job/node-test-binary-windows-js-suites/RUN_SUBSET=1,nodes=win11-arm64-COMPILED_BY-vs2022_clang-arm64/38177/","buildNumber":38177,"builtOn":"test-azure_msft-win11_vs2022-arm64-3","nodeVersion":"26.0.0","commitHash":"ed9afc46fe24cd41bf126ab146913e779d3d7795","callStack":[{"upstreamBuild":74526,"upstreamProject":"node-test-commit-windows-fanned","upstreamUrl":"job/node-test-commit-windows-fanned/"},{"upstreamBuild":84615,"upstreamProject":"node-test-commit","upstreamUrl":"job/node-test-commit/"},{"upstreamBuild":70668,"upstreamProject":"node-test-pull-request","upstreamUrl":"job/node-test-pull-request/"},{"prId":"60441"}],"tap":{"ok":false,"name":"pummel/test-heapdump-zlib","id":1156,"buffered":false,"tapError":null,"skip":false,"todo":false,"previous":null,"plan":null,"diag":{"severity":"fail","exitcode":1,"stack":"d:\\workspace\\node-test-binary-windows-js-suites\\node\\test\\common\\heap.js:25\n  const meta = dump.snapshot.meta;\n                    ^\n\nTypeError: Cannot read properties of null (reading 'snapshot')\n    at createJSHeapSnapshot (d:\\workspace\\node-test-binary-windows-js-suites\\node\\test\\common\\heap.js:25:21)\n    at validateByRetainingPath (d:\\workspace\\node-test-binary-windows-js-suites\\node\\test\\common\\heap.js:334:17)\n    at Object.<anonymous> (d:\\workspace\\node-test-binary-windows-js-suites\\node\\test\\pummel\\test-heapdump-zlib.js:11:17)\n    at Module._compile (node:internal/modules/cjs/loader:1803:14)\n    at Module._extensions..js (node:internal/modules/cjs/loader:1934:10)\n    at Module.load (node:internal/modules/cjs/loader:1524:32)\n    at Module._load (node:internal/modules/cjs/loader:1326:12)\n    at TracingChannel.traceSync (node:diagnostics_channel:328:14)\n    at wrapModuleLoad (node:internal/modules/cjs/loader:245:24)\n    at Module.executeUserEntryPoint [as runMain] (node:internal/modules/run_main:154:5)\n\nNode.js v26.0.0-pre"},"time":562.282,"fullname":"pummel/test-heapdump-zlib","closingTestPoint":false}},{"testName":"pummel/test-worker-take-heapsnapshot","timestamp":1767545414967,"status":"FAILED","jobName":"node-test-binary-windows-js-suites","config":"node-test-binary-windows-js-suites » 1,win11-arm64-COMPILED_BY-vs2022_clang-arm64 #38177","buildUrl":"https://ci.nodejs.org/job/node-test-binary-windows-js-suites/RUN_SUBSET=1,nodes=win11-arm64-COMPILED_BY-vs2022_clang-arm64/38177/","buildNumber":38177,"builtOn":"test-azure_msft-win11_vs2022-arm64-3","nodeVersion":"26.0.0","commitHash":"ed9afc46fe24cd41bf126ab146913e779d3d7795","callStack":[{"upstreamBuild":74526,"upstreamProject":"node-test-commit-windows-fanned","upstreamUrl":"job/node-test-commit-windows-fanned/"},{"upstreamBuild":84615,"upstreamProject":"node-test-commit","upstreamUrl":"job/node-test-commit/"},{"upstreamBuild":70668,"upstreamProject":"node-test-pull-request","upstreamUrl":"job/node-test-pull-request/"},{"prId":"60441"}],"tap":{"ok":false,"name":"pummel/test-worker-take-heapsnapshot","id":1164,"buffered":false,"tapError":null,"skip":false,"todo":false,"previous":null,"plan":null,"diag":{"severity":"fail","exitcode":1,"stack":"d:\\workspace\\node-test-binary-windows-js-suites\\node\\test\\common\\heap.js:25\n  const meta = dump.snapshot.meta;\n                    ^\n\nTypeError: Cannot read properties of null (reading 'snapshot')\n    at createJSHeapSnapshot (d:\\workspace\\node-test-binary-windows-js-suites\\node\\test\\common\\heap.js:25:21)\n    at new State (d:\\workspace\\node-test-binary-windows-js-suites\\node\\test\\common\\heap.js:114:21)\n    at recordState (d:\\workspace\\node-test-binary-windows-js-suites\\node\\test\\common\\heap.js:213:10)\n    at d:\\workspace\\node-test-binary-windows-js-suites\\node\\test\\pummel\\test-worker-take-heapsnapshot.js:13:20\n\nNode.js v26.0.0-pre"},"time":512.769,"fullname":"pummel/test-worker-take-heapsnapshot","closingTestPoint":false}},{"testName":"sequential/test-worker-heapsnapshot-options","timestamp":1767545414967,"status":"FAILED","jobName":"node-test-binary-windows-js-suites","config":"node-test-binary-windows-js-suites » 1,win11-arm64-COMPILED_BY-vs2022_clang-arm64 #38177","buildUrl":"https://ci.nodejs.org/job/node-test-binary-windows-js-suites/RUN_SUBSET=1,nodes=win11-arm64-COMPILED_BY-vs2022_clang-arm64/38177/","buildNumber":38177,"builtOn":"test-azure_msft-win11_vs2022-arm64-3","nodeVersion":"26.0.0","commitHash":"ed9afc46fe24cd41bf126ab146913e779d3d7795","callStack":[{"upstreamBuild":74526,"upstreamProject":"node-test-commit-windows-fanned","upstreamUrl":"job/node-test-commit-windows-fanned/"},{"upstreamBuild":84615,"upstreamProject":"node-test-commit","upstreamUrl":"job/node-test-commit/"},{"upstreamBuild":70668,"upstreamProject":"node-test-pull-request","upstreamUrl":"job/node-test-pull-request/"},{"prId":"60441"}],"tap":{"ok":false,"name":"sequential/test-worker-heapsnapshot-options","id":1193,"buffered":false,"tapError":null,"skip":false,"todo":false,"previous":null,"plan":null,"diag":{"severity":"fail","exitcode":1,"stack":"d:\\workspace\\node-test-binary-windows-js-suites\\node\\test\\common\\heap.js:25\n  const meta = dump.snapshot.meta;\n                    ^\n\nTypeError: Cannot read properties of null (reading 'snapshot')\n    at createJSHeapSnapshot (d:\\workspace\\node-test-binary-windows-js-suites\\node\\test\\common\\heap.js:25:21)\n    at new State (d:\\workspace\\node-test-binary-windows-js-suites\\node\\test\\common\\heap.js:114:21)\n    at recordState (d:\\workspace\\node-test-binary-windows-js-suites\\node\\test\\common\\heap.js:213:10)\n    at d:\\workspace\\node-test-binary-windows-js-suites\\node\\test\\sequential\\test-worker-heapsnapshot-options.js:16:22\n\nNode.js v26.0.0-pre"},"time":526.1,"fullname":"sequential/test-worker-heapsnapshot-options","closingTestPoint":false}},{"testName":"pummel/test-heapdump-http2","timestamp":1767545414967,"status":"FAILED","jobName":"node-test-binary-windows-js-suites","config":"node-test-binary-windows-js-suites » 2,win11-arm64-COMPILED_BY-vs2022_clang-arm64 #38177","buildUrl":"https://ci.nodejs.org/job/node-test-binary-windows-js-suites/RUN_SUBSET=2,nodes=win11-arm64-COMPILED_BY-vs2022_clang-arm64/38177/","buildNumber":38177,"builtOn":"test-azure_msft-win11_vs2022-arm64-5","nodeVersion":"26.0.0","commitHash":"ed9afc46fe24cd41bf126ab146913e779d3d7795","callStack":[{"upstreamBuild":74526,"upstreamProject":"node-test-commit-windows-fanned","upstreamUrl":"job/node-test-commit-windows-fanned/"},{"upstreamBuild":84615,"upstreamProject":"node-test-commit","upstreamUrl":"job/node-test-commit/"},{"upstreamBuild":70668,"upstreamProject":"node-test-pull-request","upstreamUrl":"job/node-test-pull-request/"},{"prId":"60441"}],"tap":{"ok":false,"name":"pummel/test-heapdump-http2","id":1154,"buffered":false,"tapError":null,"skip":false,"todo":false,"previous":null,"plan":null,"diag":{"severity":"fail","exitcode":1,"stack":"d:\\workspace\\node-test-binary-windows-js-suites\\node\\test\\common\\heap.js:25\n  const meta = dump.snapshot.meta;\n                    ^\n\nTypeError: Cannot read properties of null (reading 'snapshot')\n    at createJSHeapSnapshot (d:\\workspace\\node-test-binary-windows-js-suites\\node\\test\\common\\heap.js:25:21)\n    at validateByRetainingPath (d:\\workspace\\node-test-binary-windows-js-suites\\node\\test\\common\\heap.js:334:17)\n    at Object.<anonymous> (d:\\workspace\\node-test-binary-windows-js-suites\\node\\test\\pummel\\test-heapdump-http2.js:15:20)\n    at Module._compile (node:internal/modules/cjs/loader:1803:14)\n    at Module._extensions..js (node:internal/modules/cjs/loader:1934:10)\n    at Module.load (node:internal/modules/cjs/loader:1524:32)\n    at Module._load (node:internal/modules/cjs/loader:1326:12)\n    at TracingChannel.traceSync (node:diagnostics_channel:328:14)\n    at wrapModuleLoad (node:internal/modules/cjs/loader:245:24)\n    at Module.executeUserEntryPoint [as runMain] (node:internal/modules/run_main:154:5)\n\nNode.js v26.0.0-pre"},"time":728.001,"fullname":"pummel/test-heapdump-http2","closingTestPoint":false}},{"testName":"pummel/test-heapdump-urlpattern","timestamp":1767545414967,"status":"FAILED","jobName":"node-test-binary-windows-js-suites","config":"node-test-binary-windows-js-suites » 2,win11-arm64-COMPILED_BY-vs2022_clang-arm64 #38177","buildUrl":"https://ci.nodejs.org/job/node-test-binary-windows-js-suites/RUN_SUBSET=2,nodes=win11-arm64-COMPILED_BY-vs2022_clang-arm64/38177/","buildNumber":38177,"builtOn":"test-azure_msft-win11_vs2022-arm64-5","nodeVersion":"26.0.0","commitHash":"ed9afc46fe24cd41bf126ab146913e779d3d7795","callStack":[{"upstreamBuild":74526,"upstreamProject":"node-test-commit-windows-fanned","upstreamUrl":"job/node-test-commit-windows-fanned/"},{"upstreamBuild":84615,"upstreamProject":"node-test-commit","upstreamUrl":"job/node-test-commit/"},{"upstreamBuild":70668,"upstreamProject":"node-test-pull-request","upstreamUrl":"job/node-test-pull-request/"},{"prId":"60441"}],"tap":{"ok":false,"name":"pummel/test-heapdump-urlpattern","id":1155,"buffered":false,"tapError":null,"skip":false,"todo":false,"previous":null,"plan":null,"diag":{"severity":"fail","exitcode":1,"stack":"d:\\workspace\\node-test-binary-windows-js-suites\\node\\test\\common\\heap.js:25\n  const meta = dump.snapshot.meta;\n                    ^\n\nTypeError: Cannot read properties of null (reading 'snapshot')\n    at createJSHeapSnapshot (d:\\workspace\\node-test-binary-windows-js-suites\\node\\test\\common\\heap.js:25:21)\n    at validateByRetainingPath (d:\\workspace\\node-test-binary-windows-js-suites\\node\\test\\common\\heap.js:334:17)\n    at Object.<anonymous> (d:\\workspace\\node-test-binary-windows-js-suites\\node\\test\\pummel\\test-heapdump-urlpattern.js:10:17)\n    at Module._compile (node:internal/modules/cjs/loader:1803:14)\n    at Module._extensions..js (node:internal/modules/cjs/loader:1934:10)\n    at Module.load (node:internal/modules/cjs/loader:1524:32)\n    at Module._load (node:internal/modules/cjs/loader:1326:12)\n    at TracingChannel.traceSync (node:diagnostics_channel:328:14)\n    at wrapModuleLoad (node:internal/modules/cjs/loader:245:24)\n    at Module.executeUserEntryPoint [as runMain] (node:internal/modules/run_main:154:5)\n\nNode.js v26.0.0-pre"},"time":585.003,"fullname":"pummel/test-heapdump-urlpattern","closingTestPoint":false}},{"testName":"pummel/test-heapdump-dns","timestamp":1767545414967,"status":"FAILED","jobName":"node-test-binary-windows-js-suites","config":"node-test-binary-windows-js-suites » 3,win11-arm64-COMPILED_BY-vs2022_clang-arm64 #38177","buildUrl":"https://ci.nodejs.org/job/node-test-binary-windows-js-suites/RUN_SUBSET=3,nodes=win11-arm64-COMPILED_BY-vs2022_clang-arm64/38177/","buildNumber":38177,"builtOn":"test-azure_msft-win11_vs2022-arm64-2","nodeVersion":"26.0.0","commitHash":"ed9afc46fe24cd41bf126ab146913e779d3d7795","callStack":[{"upstreamBuild":74526,"upstreamProject":"node-test-commit-windows-fanned","upstreamUrl":"job/node-test-commit-windows-fanned/"},{"upstreamBuild":84615,"upstreamProject":"node-test-commit","upstreamUrl":"job/node-test-commit/"},{"upstreamBuild":70668,"upstreamProject":"node-test-pull-request","upstreamUrl":"job/node-test-pull-request/"},{"prId":"60441"}],"tap":{"ok":false,"name":"pummel/test-heapdump-dns","id":1153,"buffered":false,"tapError":null,"skip":false,"todo":false,"previous":null,"plan":null,"diag":{"severity":"fail","exitcode":1,"stack":"d:\\workspace\\node-test-binary-windows-js-suites\\node\\test\\common\\heap.js:25\n  const meta = dump.snapshot.meta;\n                    ^\n\nTypeError: Cannot read properties of null (reading 'snapshot')\n    at createJSHeapSnapshot (d:\\workspace\\node-test-binary-windows-js-suites\\node\\test\\common\\heap.js:25:21)\n    at validateByRetainingPath (d:\\workspace\\node-test-binary-windows-js-suites\\node\\test\\common\\heap.js:334:17)\n    at Object.<anonymous> (d:\\workspace\\node-test-binary-windows-js-suites\\node\\test\\pummel\\test-heapdump-dns.js:10:17)\n    at Module._compile (node:internal/modules/cjs/loader:1803:14)\n    at Module._extensions..js (node:internal/modules/cjs/loader:1934:10)\n    at Module.load (node:internal/modules/cjs/loader:1524:32)\n    at Module._load (node:internal/modules/cjs/loader:1326:12)\n    at TracingChannel.traceSync (node:diagnostics_channel:328:14)\n    at wrapModuleLoad (node:internal/modules/cjs/loader:245:24)\n    at Module.executeUserEntryPoint [as runMain] (node:internal/modules/run_main:154:5)\n\nNode.js v26.0.0-pre"},"time":531.559,"fullname":"pummel/test-heapdump-dns","closingTestPoint":false}},{"testName":"pummel/test-heapdump-inspector","timestamp":1767545414967,"status":"FAILED","jobName":"node-test-binary-windows-js-suites","config":"node-test-binary-windows-js-suites » 3,win11-arm64-COMPILED_BY-vs2022_clang-arm64 #38177","buildUrl":"https://ci.nodejs.org/job/node-test-binary-windows-js-suites/RUN_SUBSET=3,nodes=win11-arm64-COMPILED_BY-vs2022_clang-arm64/38177/","buildNumber":38177,"builtOn":"test-azure_msft-win11_vs2022-arm64-2","nodeVersion":"26.0.0","commitHash":"ed9afc46fe24cd41bf126ab146913e779d3d7795","callStack":[{"upstreamBuild":74526,"upstreamProject":"node-test-commit-windows-fanned","upstreamUrl":"job/node-test-commit-windows-fanned/"},{"upstreamBuild":84615,"upstreamProject":"node-test-commit","upstreamUrl":"job/node-test-commit/"},{"upstreamBuild":70668,"upstreamProject":"node-test-pull-request","upstreamUrl":"job/node-test-pull-request/"},{"prId":"60441"}],"tap":{"ok":false,"name":"pummel/test-heapdump-inspector","id":1154,"buffered":false,"tapError":null,"skip":false,"todo":false,"previous":null,"plan":null,"diag":{"severity":"fail","exitcode":1,"stack":"d:\\workspace\\node-test-binary-windows-js-suites\\node\\test\\common\\heap.js:25\n  const meta = dump.snapshot.meta;\n                    ^\n\nTypeError: Cannot read properties of null (reading 'snapshot')\n    at createJSHeapSnapshot (d:\\workspace\\node-test-binary-windows-js-suites\\node\\test\\common\\heap.js:25:21)\n    at validateByRetainingPath (d:\\workspace\\node-test-binary-windows-js-suites\\node\\test\\common\\heap.js:334:17)\n    at Object.<anonymous> (d:\\workspace\\node-test-binary-windows-js-suites\\node\\test\\pummel\\test-heapdump-inspector.js:13:17)\n    at Module._compile (node:internal/modules/cjs/loader:1803:14)\n    at Module._extensions..js (node:internal/modules/cjs/loader:1934:10)\n    at Module.load (node:internal/modules/cjs/loader:1524:32)\n    at Module._load (node:internal/modules/cjs/loader:1326:12)\n    at TracingChannel.traceSync (node:diagnostics_channel:328:14)\n    at wrapModuleLoad (node:internal/modules/cjs/loader:245:24)\n    at Module.executeUserEntryPoint [as runMain] (node:internal/modules/run_main:154:5)\n\nNode.js v26.0.0-pre"},"time":510.794,"fullname":"pummel/test-heapdump-inspector","closingTestPoint":false}},{"testName":"pummel/test-heapdump-vm-script","timestamp":1767545414967,"status":"FAILED","jobName":"node-test-binary-windows-js-suites","config":"node-test-binary-windows-js-suites » 3,win11-arm64-COMPILED_BY-vs2022_clang-arm64 #38177","buildUrl":"https://ci.nodejs.org/job/node-test-binary-windows-js-suites/RUN_SUBSET=3,nodes=win11-arm64-COMPILED_BY-vs2022_clang-arm64/38177/","buildNumber":38177,"builtOn":"test-azure_msft-win11_vs2022-arm64-2","nodeVersion":"26.0.0","commitHash":"ed9afc46fe24cd41bf126ab146913e779d3d7795","callStack":[{"upstreamBuild":74526,"upstreamProject":"node-test-commit-windows-fanned","upstreamUrl":"job/node-test-commit-windows-fanned/"},{"upstreamBuild":84615,"upstreamProject":"node-test-commit","upstreamUrl":"job/node-test-commit/"},{"upstreamBuild":70668,"upstreamProject":"node-test-pull-request","upstreamUrl":"job/node-test-pull-request/"},{"prId":"60441"}],"tap":{"ok":false,"name":"pummel/test-heapdump-vm-script","id":1155,"buffered":false,"tapError":null,"skip":false,"todo":false,"previous":null,"plan":null,"diag":{"severity":"fail","exitcode":1,"stack":"d:\\workspace\\node-test-binary-windows-js-suites\\node\\test\\common\\heap.js:25\n  const meta = dump.snapshot.meta;\n                    ^\n\nTypeError: Cannot read properties of null (reading 'snapshot')\n    at createJSHeapSnapshot (d:\\workspace\\node-test-binary-windows-js-suites\\node\\test\\common\\heap.js:25:21)\n    at validateByRetainingPath (d:\\workspace\\node-test-binary-windows-js-suites\\node\\test\\common\\heap.js:334:17)\n    at Object.<anonymous> (d:\\workspace\\node-test-binary-windows-js-suites\\node\\test\\pummel\\test-heapdump-vm-script.js:7:1)\n    at Module._compile (node:internal/modules/cjs/loader:1803:14)\n    at Module._extensions..js (node:internal/modules/cjs/loader:1934:10)\n    at Module.load (node:internal/modules/cjs/loader:1524:32)\n    at Module._load (node:internal/modules/cjs/loader:1326:12)\n    at TracingChannel.traceSync (node:diagnostics_channel:328:14)\n    at wrapModuleLoad (node:internal/modules/cjs/loader:245:24)\n    at Module.executeUserEntryPoint [as runMain] (node:internal/modules/run_main:154:5)\n\nNode.js v26.0.0-pre"},"time":527.731,"fullname":"pummel/test-heapdump-vm-script","closingTestPoint":false}},{"testName":"pummel/test-heapdump-env","timestamp":1767545414967,"status":"FAILED","jobName":"node-test-binary-windows-js-suites","config":"node-test-binary-windows-js-suites » 3,win11-COMPILED_BY-vs2022_clang #38177","buildUrl":"https://ci.nodejs.org/job/node-test-binary-windows-js-suites/RUN_SUBSET=3,nodes=win11-COMPILED_BY-vs2022_clang/38177/","buildNumber":38177,"builtOn":"test-azure_msft-win11_vs2022-x64-3","nodeVersion":"26.0.0","commitHash":"ed9afc46fe24cd41bf126ab146913e779d3d7795","callStack":[{"upstreamBuild":74526,"upstreamProject":"node-test-commit-windows-fanned","upstreamUrl":"job/node-test-commit-windows-fanned/"},{"upstreamBuild":84615,"upstreamProject":"node-test-commit","upstreamUrl":"job/node-test-commit/"},{"upstreamBuild":70668,"upstreamProject":"node-test-pull-request","upstreamUrl":"job/node-test-pull-request/"},{"prId":"60441"}],"tap":{"ok":false,"name":"pummel/test-heapdump-env","id":1154,"buffered":false,"tapError":null,"skip":false,"todo":false,"previous":null,"plan":null,"diag":{"severity":"fail","exitcode":1,"stack":"c:\\workspace\\node-test-binary-windows-js-suites\\node\\test\\common\\heap.js:25\n  const meta = dump.snapshot.meta;\n                    ^\n\nTypeError: Cannot read properties of null (reading 'snapshot')\n    at createJSHeapSnapshot (c:\\workspace\\node-test-binary-windows-js-suites\\node\\test\\common\\heap.js:25:21)\n    at Object.<anonymous> (c:\\workspace\\node-test-binary-windows-js-suites\\node\\test\\pummel\\test-heapdump-env.js:10:15)\n    at Module._compile (node:internal/modules/cjs/loader:1803:14)\n    at Object..js (node:internal/modules/cjs/loader:1934:10)\n    at Module.load (node:internal/modules/cjs/loader:1524:32)\n    at Module._load (node:internal/modules/cjs/loader:1326:12)\n    at TracingChannel.traceSync (node:diagnostics_channel:328:14)\n    at wrapModuleLoad (node:internal/modules/cjs/loader:245:24)\n    at Module.executeUserEntryPoint [as runMain] (node:internal/modules/run_main:154:5)\n    at node:internal/main/run_main_module:33:47\n\nNode.js v26.0.0-pre"},"time":576.252,"fullname":"pummel/test-heapdump-env","closingTestPoint":false}},{"testName":"pummel/test-heapdump-shadow-realm","timestamp":1767545414967,"status":"FAILED","jobName":"node-test-binary-windows-js-suites","config":"node-test-binary-windows-js-suites » 3,win11-COMPILED_BY-vs2022_clang #38177","buildUrl":"https://ci.nodejs.org/job/node-test-binary-windows-js-suites/RUN_SUBSET=3,nodes=win11-COMPILED_BY-vs2022_clang/38177/","buildNumber":38177,"builtOn":"test-azure_msft-win11_vs2022-x64-3","nodeVersion":"26.0.0","commitHash":"ed9afc46fe24cd41bf126ab146913e779d3d7795","callStack":[{"upstreamBuild":74526,"upstreamProject":"node-test-commit-windows-fanned","upstreamUrl":"job/node-test-commit-windows-fanned/"},{"upstreamBuild":84615,"upstreamProject":"node-test-commit","upstreamUrl":"job/node-test-commit/"},{"upstreamBuild":70668,"upstreamProject":"node-test-pull-request","upstreamUrl":"job/node-test-pull-request/"},{"prId":"60441"}],"tap":{"ok":false,"name":"pummel/test-heapdump-shadow-realm","id":1155,"buffered":false,"tapError":null,"skip":false,"todo":false,"previous":null,"plan":null,"diag":{"severity":"fail","exitcode":1,"stack":"c:\\workspace\\node-test-binary-windows-js-suites\\node\\test\\common\\heap.js:25\n  const meta = dump.snapshot.meta;\n                    ^\n\nTypeError: Cannot read properties of null (reading 'snapshot')\n    at createJSHeapSnapshot (c:\\workspace\\node-test-binary-windows-js-suites\\node\\test\\common\\heap.js:25:21)\n    at validateByRetainingPath (c:\\workspace\\node-test-binary-windows-js-suites\\node\\test\\common\\heap.js:334:17)\n    at Object.<anonymous> (c:\\workspace\\node-test-binary-windows-js-suites\\node\\test\\pummel\\test-heapdump-shadow-realm.js:11:17)\n    at Module._compile (node:internal/modules/cjs/loader:1803:14)\n    at Object..js (node:internal/modules/cjs/loader:1934:10)\n    at Module.load (node:internal/modules/cjs/loader:1524:32)\n    at Module._load (node:internal/modules/cjs/loader:1326:12)\n    at TracingChannel.traceSync (node:diagnostics_channel:328:14)\n    at wrapModuleLoad (node:internal/modules/cjs/loader:245:24)\n    at Module.executeUserEntryPoint [as runMain] (node:internal/modules/run_main:154:5)\n\nNode.js v26.0.0-pre"},"time":546.96,"fullname":"pummel/test-heapdump-shadow-realm","closingTestPoint":false}},{"testName":"pummel/test-heapdump-worker","timestamp":1767545414967,"status":"FAILED","jobName":"node-test-binary-windows-js-suites","config":"node-test-binary-windows-js-suites » 3,win11-COMPILED_BY-vs2022_clang #38177","buildUrl":"https://ci.nodejs.org/job/node-test-binary-windows-js-suites/RUN_SUBSET=3,nodes=win11-COMPILED_BY-vs2022_clang/38177/","buildNumber":38177,"builtOn":"test-azure_msft-win11_vs2022-x64-3","nodeVersion":"26.0.0","commitHash":"ed9afc46fe24cd41bf126ab146913e779d3d7795","callStack":[{"upstreamBuild":74526,"upstreamProject":"node-test-commit-windows-fanned","upstreamUrl":"job/node-test-commit-windows-fanned/"},{"upstreamBuild":84615,"upstreamProject":"node-test-commit","upstreamUrl":"job/node-test-commit/"},{"upstreamBuild":70668,"upstreamProject":"node-test-pull-request","upstreamUrl":"job/node-test-pull-request/"},{"prId":"60441"}],"tap":{"ok":false,"name":"pummel/test-heapdump-worker","id":1156,"buffered":false,"tapError":null,"skip":false,"todo":false,"previous":null,"plan":null,"diag":{"severity":"fail","exitcode":1,"stack":"c:\\workspace\\node-test-binary-windows-js-suites\\node\\test\\common\\heap.js:25\n  const meta = dump.snapshot.meta;\n                    ^\n\nTypeError: Cannot read properties of null (reading 'snapshot')\n    at createJSHeapSnapshot (c:\\workspace\\node-test-binary-windows-js-suites\\node\\test\\common\\heap.js:25:21)\n    at validateByRetainingPath (c:\\workspace\\node-test-binary-windows-js-suites\\node\\test\\common\\heap.js:334:17)\n    at Object.<anonymous> (c:\\workspace\\node-test-binary-windows-js-suites\\node\\test\\pummel\\test-heapdump-worker.js:12:17)\n    at Module._compile (node:internal/modules/cjs/loader:1803:14)\n    at Object..js (node:internal/modules/cjs/loader:1934:10)\n    at Module.load (node:internal/modules/cjs/loader:1524:32)\n    at Module._load (node:internal/modules/cjs/loader:1326:12)\n    at TracingChannel.traceSync (node:diagnostics_channel:328:14)\n    at wrapModuleLoad (node:internal/modules/cjs/loader:245:24)\n    at Module.executeUserEntryPoint [as runMain] (node:internal/modules/run_main:154:5)\n\nNode.js v26.0.0-pre"},"time":480.319,"fullname":"pummel/test-heapdump-worker","closingTestPoint":false}},{"testName":"sequential/test-get-heapsnapshot-options","timestamp":1767545414967,"status":"FAILED","jobName":"node-test-binary-windows-js-suites","config":"node-test-binary-windows-js-suites » 3,win11-COMPILED_BY-vs2022_clang #38177","buildUrl":"https://ci.nodejs.org/job/node-test-binary-windows-js-suites/RUN_SUBSET=3,nodes=win11-COMPILED_BY-vs2022_clang/38177/","buildNumber":38177,"builtOn":"test-azure_msft-win11_vs2022-x64-3","nodeVersion":"26.0.0","commitHash":"ed9afc46fe24cd41bf126ab146913e779d3d7795","callStack":[{"upstreamBuild":74526,"upstreamProject":"node-test-commit-windows-fanned","upstreamUrl":"job/node-test-commit-windows-fanned/"},{"upstreamBuild":84615,"upstreamProject":"node-test-commit","upstreamUrl":"job/node-test-commit/"},{"upstreamBuild":70668,"upstreamProject":"node-test-pull-request","upstreamUrl":"job/node-test-pull-request/"},{"prId":"60441"}],"tap":{"ok":false,"name":"sequential/test-get-heapsnapshot-options","id":1176,"buffered":false,"tapError":null,"skip":false,"todo":false,"previous":null,"plan":null,"diag":{"severity":"fail","exitcode":1,"stack":"[STDERR] c:\\workspace\\node-test-binary-windows-js-suites\\node\\test\\common\\heap.js:25\n  const meta = dump.snapshot.meta;\n                    ^\n\nTypeError: Cannot read properties of null (reading 'snapshot')\n    at createJSHeapSnapshot (c:\\workspace\\node-test-binary-windows-js-suites\\node\\test\\common\\heap.js:25:21)\n    at new State (c:\\workspace\\node-test-binary-windows-js-suites\\node\\test\\common\\heap.js:114:21)\n    at recordState (c:\\workspace\\node-test-binary-windows-js-suites\\node\\test\\common\\heap.js:213:10)\n    at Object.<anonymous> (c:\\workspace\\node-test-binary-windows-js-suites\\node\\test\\sequential\\test-get-heapsnapshot-options.js:14:20)\n    at Module._compile (node:internal/modules/cjs/loader:1803:14)\n    at Object..js (node:internal/modules/cjs/loader:1934:10)\n    at Module.load (node:internal/modules/cjs/loader:1524:32)\n    at Module._load (node:internal/modules/cjs/loader:1326:12)\n    at TracingChannel.traceSync (node:diagnostics_channel:328:14)\n    at wrapModuleLoad (node:internal/modules/cjs/loader:245:24)\n\nNode.js v26.0.0-pre\n\n[STDOUT] \nnode:internal/assert/utils:146\n  throw error;\n  ^\n\nAssertionError [ERR_ASSERTION]: Expected values to be strictly equal:\n\n1 !== 0\n\n    at Object.<anonymous> (c:\\workspace\\node-test-binary-windows-js-suites\\node\\test\\sequential\\test-get-heapsnapshot-options.js:38:10)\n    at Module._compile (node:internal/modules/cjs/loader:1803:14)\n    at Object..js (node:internal/modules/cjs/loader:1934:10)\n    at Module.load (node:internal/modules/cjs/loader:1524:32)\n    at Module._load (node:internal/modules/cjs/loader:1326:12)\n    at TracingChannel.traceSync (node:diagnostics_channel:328:14)\n    at wrapModuleLoad (node:internal/modules/cjs/loader:245:24)\n    at Module.executeUserEntryPoint [as runMain] (node:internal/modules/run_main:154:5)\n    at node:internal/main/run_main_module:33:47 {\n  generatedMessage: true,\n  code: 'ERR_ASSERTION',\n  actual: 1,\n  expected: 0,\n  operator: 'strictEqual',\n  diff: 'simple'\n}\n\nNode.js v26.0.0-pre"},"time":700.111,"fullname":"sequential/test-get-heapsnapshot-options","closingTestPoint":false}},{"testName":"pummel/test-heapdump-fs-promise","timestamp":1767545414967,"status":"FAILED","jobName":"node-test-binary-windows-js-suites","config":"node-test-binary-windows-js-suites » 0,win10-COMPILED_BY-vs2022_clang #38177","buildUrl":"https://ci.nodejs.org/job/node-test-binary-windows-js-suites/RUN_SUBSET=0,nodes=win10-COMPILED_BY-vs2022_clang/38177/","buildNumber":38177,"builtOn":"test-azure_msft-win10_vs2019-x64-3","nodeVersion":"26.0.0","commitHash":"ed9afc46fe24cd41bf126ab146913e779d3d7795","callStack":[{"upstreamBuild":74526,"upstreamProject":"node-test-commit-windows-fanned","upstreamUrl":"job/node-test-commit-windows-fanned/"},{"upstreamBuild":84615,"upstreamProject":"node-test-commit","upstreamUrl":"job/node-test-commit/"},{"upstreamBuild":70668,"upstreamProject":"node-test-pull-request","upstreamUrl":"job/node-test-pull-request/"},{"prId":"60441"}],"tap":{"ok":false,"name":"pummel/test-heapdump-fs-promise","id":1155,"buffered":false,"tapError":null,"skip":false,"todo":false,"previous":null,"plan":null,"diag":{"severity":"fail","exitcode":1,"stack":"c:\\workspace\\node-test-binary-windows-js-suites\\node\\test\\common\\heap.js:25\n  const meta = dump.snapshot.meta;\n                    ^\n\nTypeError: Cannot read properties of null (reading 'snapshot')\n    at createJSHeapSnapshot (c:\\workspace\\node-test-binary-windows-js-suites\\node\\test\\common\\heap.js:25:21)\n    at validateByRetainingPath (c:\\workspace\\node-test-binary-windows-js-suites\\node\\test\\common\\heap.js:334:17)\n    at Object.<anonymous> (c:\\workspace\\node-test-binary-windows-js-suites\\node\\test\\pummel\\test-heapdump-fs-promise.js:12:17)\n    at Module._compile (node:internal/modules/cjs/loader:1803:14)\n    at Object..js (node:internal/modules/cjs/loader:1934:10)\n    at Module.load (node:internal/modules/cjs/loader:1524:32)\n    at Module._load (node:internal/modules/cjs/loader:1326:12)\n    at TracingChannel.traceSync (node:diagnostics_channel:328:14)\n    at wrapModuleLoad (node:internal/modules/cjs/loader:245:24)\n    at Module.executeUserEntryPoint [as runMain] (node:internal/modules/run_main:154:5)\n\nNode.js v26.0.0-pre"},"time":583.039,"fullname":"pummel/test-heapdump-fs-promise","closingTestPoint":false}},{"testName":"pummel/test-heapdump-tls","timestamp":1767545414967,"status":"FAILED","jobName":"node-test-binary-windows-js-suites","config":"node-test-binary-windows-js-suites » 0,win10-COMPILED_BY-vs2022_clang #38177","buildUrl":"https://ci.nodejs.org/job/node-test-binary-windows-js-suites/RUN_SUBSET=0,nodes=win10-COMPILED_BY-vs2022_clang/38177/","buildNumber":38177,"builtOn":"test-azure_msft-win10_vs2019-x64-3","nodeVersion":"26.0.0","commitHash":"ed9afc46fe24cd41bf126ab146913e779d3d7795","callStack":[{"upstreamBuild":74526,"upstreamProject":"node-test-commit-windows-fanned","upstreamUrl":"job/node-test-commit-windows-fanned/"},{"upstreamBuild":84615,"upstreamProject":"node-test-commit","upstreamUrl":"job/node-test-commit/"},{"upstreamBuild":70668,"upstreamProject":"node-test-pull-request","upstreamUrl":"job/node-test-pull-request/"},{"prId":"60441"}],"tap":{"ok":false,"name":"pummel/test-heapdump-tls","id":1156,"buffered":false,"tapError":null,"skip":false,"todo":false,"previous":null,"plan":null,"diag":{"severity":"fail","exitcode":1,"stack":"c:\\workspace\\node-test-binary-windows-js-suites\\node\\test\\common\\heap.js:25\n  const meta = dump.snapshot.meta;\n                    ^\n\nTypeError: Cannot read properties of null (reading 'snapshot')\n    at createJSHeapSnapshot (c:\\workspace\\node-test-binary-windows-js-suites\\node\\test\\common\\heap.js:25:21)\n    at validateByRetainingPath (c:\\workspace\\node-test-binary-windows-js-suites\\node\\test\\common\\heap.js:334:17)\n    at Object.<anonymous> (c:\\workspace\\node-test-binary-windows-js-suites\\node\\test\\pummel\\test-heapdump-tls.js:15:17)\n    at Module._compile (node:internal/modules/cjs/loader:1803:14)\n    at Object..js (node:internal/modules/cjs/loader:1934:10)\n    at Module.load (node:internal/modules/cjs/loader:1524:32)\n    at Module._load (node:internal/modules/cjs/loader:1326:12)\n    at TracingChannel.traceSync (node:diagnostics_channel:328:14)\n    at wrapModuleLoad (node:internal/modules/cjs/loader:245:24)\n    at Module.executeUserEntryPoint [as runMain] (node:internal/modules/run_main:154:5)\n\nNode.js v26.0.0-pre"},"time":527.036,"fullname":"pummel/test-heapdump-tls","closingTestPoint":false}},{"testName":"pummel/test-heapdump-zlib","timestamp":1767545414967,"status":"FAILED","jobName":"node-test-binary-windows-js-suites","config":"node-test-binary-windows-js-suites » 0,win10-COMPILED_BY-vs2022_clang #38177","buildUrl":"https://ci.nodejs.org/job/node-test-binary-windows-js-suites/RUN_SUBSET=0,nodes=win10-COMPILED_BY-vs2022_clang/38177/","buildNumber":38177,"builtOn":"test-azure_msft-win10_vs2019-x64-3","nodeVersion":"26.0.0","commitHash":"ed9afc46fe24cd41bf126ab146913e779d3d7795","callStack":[{"upstreamBuild":74526,"upstreamProject":"node-test-commit-windows-fanned","upstreamUrl":"job/node-test-commit-windows-fanned/"},{"upstreamBuild":84615,"upstreamProject":"node-test-commit","upstreamUrl":"job/node-test-commit/"},{"upstreamBuild":70668,"upstreamProject":"node-test-pull-request","upstreamUrl":"job/node-test-pull-request/"},{"prId":"60441"}],"tap":{"ok":false,"name":"pummel/test-heapdump-zlib","id":1157,"buffered":false,"tapError":null,"skip":false,"todo":false,"previous":null,"plan":null,"diag":{"severity":"fail","exitcode":1,"stack":"c:\\workspace\\node-test-binary-windows-js-suites\\node\\test\\common\\heap.js:25\n  const meta = dump.snapshot.meta;\n                    ^\n\nTypeError: Cannot read properties of null (reading 'snapshot')\n    at createJSHeapSnapshot (c:\\workspace\\node-test-binary-windows-js-suites\\node\\test\\common\\heap.js:25:21)\n    at validateByRetainingPath (c:\\workspace\\node-test-binary-windows-js-suites\\node\\test\\common\\heap.js:334:17)\n    at Object.<anonymous> (c:\\workspace\\node-test-binary-windows-js-suites\\node\\test\\pummel\\test-heapdump-zlib.js:11:17)\n    at Module._compile (node:internal/modules/cjs/loader:1803:14)\n    at Object..js (node:internal/modules/cjs/loader:1934:10)\n    at Module.load (node:internal/modules/cjs/loader:1524:32)\n    at Module._load (node:internal/modules/cjs/loader:1326:12)\n    at TracingChannel.traceSync (node:diagnostics_channel:328:14)\n    at wrapModuleLoad (node:internal/modules/cjs/loader:245:24)\n    at Module.executeUserEntryPoint [as runMain] (node:internal/modules/run_main:154:5)\n\nNode.js v26.0.0-pre"},"time":485.033,"fullname":"pummel/test-heapdump-zlib","closingTestPoint":false}},{"testName":"pummel/test-worker-take-heapsnapshot","timestamp":1767545414967,"status":"FAILED","jobName":"node-test-binary-windows-js-suites","config":"node-test-binary-windows-js-suites » 0,win10-COMPILED_BY-vs2022_clang #38177","buildUrl":"https://ci.nodejs.org/job/node-test-binary-windows-js-suites/RUN_SUBSET=0,nodes=win10-COMPILED_BY-vs2022_clang/38177/","buildNumber":38177,"builtOn":"test-azure_msft-win10_vs2019-x64-3","nodeVersion":"26.0.0","commitHash":"ed9afc46fe24cd41bf126ab146913e779d3d7795","callStack":[{"upstreamBuild":74526,"upstreamProject":"node-test-commit-windows-fanned","upstreamUrl":"job/node-test-commit-windows-fanned/"},{"upstreamBuild":84615,"upstreamProject":"node-test-commit","upstreamUrl":"job/node-test-commit/"},{"upstreamBuild":70668,"upstreamProject":"node-test-pull-request","upstreamUrl":"job/node-test-pull-request/"},{"prId":"60441"}],"tap":{"ok":false,"name":"pummel/test-worker-take-heapsnapshot","id":1165,"buffered":false,"tapError":null,"skip":false,"todo":false,"previous":null,"plan":null,"diag":{"severity":"fail","exitcode":1,"stack":"c:\\workspace\\node-test-binary-windows-js-suites\\node\\test\\common\\heap.js:25\n  const meta = dump.snapshot.meta;\n                    ^\n\nTypeError: Cannot read properties of null (reading 'snapshot')\n    at createJSHeapSnapshot (c:\\workspace\\node-test-binary-windows-js-suites\\node\\test\\common\\heap.js:25:21)\n    at new State (c:\\workspace\\node-test-binary-windows-js-suites\\node\\test\\common\\heap.js:114:21)\n    at recordState (c:\\workspace\\node-test-binary-windows-js-suites\\node\\test\\common\\heap.js:213:10)\n    at c:\\workspace\\node-test-binary-windows-js-suites\\node\\test\\pummel\\test-worker-take-heapsnapshot.js:13:20\n\nNode.js v26.0.0-pre"},"time":547.04,"fullname":"pummel/test-worker-take-heapsnapshot","closingTestPoint":false}},{"testName":"sequential/test-worker-heapsnapshot-options","timestamp":1767545414967,"status":"FAILED","jobName":"node-test-binary-windows-js-suites","config":"node-test-binary-windows-js-suites » 0,win10-COMPILED_BY-vs2022_clang #38177","buildUrl":"https://ci.nodejs.org/job/node-test-binary-windows-js-suites/RUN_SUBSET=0,nodes=win10-COMPILED_BY-vs2022_clang/38177/","buildNumber":38177,"builtOn":"test-azure_msft-win10_vs2019-x64-3","nodeVersion":"26.0.0","commitHash":"ed9afc46fe24cd41bf126ab146913e779d3d7795","callStack":[{"upstreamBuild":74526,"upstreamProject":"node-test-commit-windows-fanned","upstreamUrl":"job/node-test-commit-windows-fanned/"},{"upstreamBuild":84615,"upstreamProject":"node-test-commit","upstreamUrl":"job/node-test-commit/"},{"upstreamBuild":70668,"upstreamProject":"node-test-pull-request","upstreamUrl":"job/node-test-pull-request/"},{"prId":"60441"}],"tap":{"ok":false,"name":"sequential/test-worker-heapsnapshot-options","id":1194,"buffered":false,"tapError":null,"skip":false,"todo":false,"previous":null,"plan":null,"diag":{"severity":"fail","exitcode":1,"stack":"c:\\workspace\\node-test-binary-windows-js-suites\\node\\test\\common\\heap.js:25\n  const meta = dump.snapshot.meta;\n                    ^\n\nTypeError: Cannot read properties of null (reading 'snapshot')\n    at createJSHeapSnapshot (c:\\workspace\\node-test-binary-windows-js-suites\\node\\test\\common\\heap.js:25:21)\n    at new State (c:\\workspace\\node-test-binary-windows-js-suites\\node\\test\\common\\heap.js:114:21)\n    at recordState (c:\\workspace\\node-test-binary-windows-js-suites\\node\\test\\common\\heap.js:213:10)\n    at c:\\workspace\\node-test-binary-windows-js-suites\\node\\test\\sequential\\test-worker-heapsnapshot-options.js:16:22\n\nNode.js v26.0.0-pre"},"time":555.039,"fullname":"sequential/test-worker-heapsnapshot-options","closingTestPoint":false}},{"testName":"pummel/test-heapdump-env","timestamp":1767545414967,"status":"FAILED","jobName":"node-test-binary-windows-js-suites","config":"node-test-binary-windows-js-suites » 3,win2022-COMPILED_BY-vs2022_clang #38177","buildUrl":"https://ci.nodejs.org/job/node-test-binary-windows-js-suites/RUN_SUBSET=3,nodes=win2022-COMPILED_BY-vs2022_clang/38177/","buildNumber":38177,"builtOn":"test-rackspace-win2022_vs2022-x64-6","nodeVersion":"26.0.0","commitHash":"ed9afc46fe24cd41bf126ab146913e779d3d7795","callStack":[{"upstreamBuild":74526,"upstreamProject":"node-test-commit-windows-fanned","upstreamUrl":"job/node-test-commit-windows-fanned/"},{"upstreamBuild":84615,"upstreamProject":"node-test-commit","upstreamUrl":"job/node-test-commit/"},{"upstreamBuild":70668,"upstreamProject":"node-test-pull-request","upstreamUrl":"job/node-test-pull-request/"},{"prId":"60441"}],"tap":{"ok":false,"name":"pummel/test-heapdump-env","id":1154,"buffered":false,"tapError":null,"skip":false,"todo":false,"previous":null,"plan":null,"diag":{"severity":"fail","exitcode":1,"stack":"C:\\workspace\\node-test-binary-windows-js-suites\\node\\test\\common\\heap.js:25\n  const meta = dump.snapshot.meta;\n                    ^\n\nTypeError: Cannot read properties of null (reading 'snapshot')\n    at createJSHeapSnapshot (C:\\workspace\\node-test-binary-windows-js-suites\\node\\test\\common\\heap.js:25:21)\n    at Object.<anonymous> (C:\\workspace\\node-test-binary-windows-js-suites\\node\\test\\pummel\\test-heapdump-env.js:10:15)\n    at Module._compile (node:internal/modules/cjs/loader:1803:14)\n    at Object..js (node:internal/modules/cjs/loader:1934:10)\n    at Module.load (node:internal/modules/cjs/loader:1524:32)\n    at Module._load (node:internal/modules/cjs/loader:1326:12)\n    at TracingChannel.traceSync (node:diagnostics_channel:328:14)\n    at wrapModuleLoad (node:internal/modules/cjs/loader:245:24)\n    at Module.executeUserEntryPoint [as runMain] (node:internal/modules/run_main:154:5)\n    at node:internal/main/run_main_module:33:47\n\nNode.js v26.0.0-pre"},"time":694.001,"fullname":"pummel/test-heapdump-env","closingTestPoint":false}},{"testName":"pummel/test-heapdump-shadow-realm","timestamp":1767545414967,"status":"FAILED","jobName":"node-test-binary-windows-js-suites","config":"node-test-binary-windows-js-suites » 3,win2022-COMPILED_BY-vs2022_clang #38177","buildUrl":"https://ci.nodejs.org/job/node-test-binary-windows-js-suites/RUN_SUBSET=3,nodes=win2022-COMPILED_BY-vs2022_clang/38177/","buildNumber":38177,"builtOn":"test-rackspace-win2022_vs2022-x64-6","nodeVersion":"26.0.0","commitHash":"ed9afc46fe24cd41bf126ab146913e779d3d7795","callStack":[{"upstreamBuild":74526,"upstreamProject":"node-test-commit-windows-fanned","upstreamUrl":"job/node-test-commit-windows-fanned/"},{"upstreamBuild":84615,"upstreamProject":"node-test-commit","upstreamUrl":"job/node-test-commit/"},{"upstreamBuild":70668,"upstreamProject":"node-test-pull-request","upstreamUrl":"job/node-test-pull-request/"},{"prId":"60441"}],"tap":{"ok":false,"name":"pummel/test-heapdump-shadow-realm","id":1155,"buffered":false,"tapError":null,"skip":false,"todo":false,"previous":null,"plan":null,"diag":{"severity":"fail","exitcode":1,"stack":"C:\\workspace\\node-test-binary-windows-js-suites\\node\\test\\common\\heap.js:25\n  const meta = dump.snapshot.meta;\n                    ^\n\nTypeError: Cannot read properties of null (reading 'snapshot')\n    at createJSHeapSnapshot (C:\\workspace\\node-test-binary-windows-js-suites\\node\\test\\common\\heap.js:25:21)\n    at validateByRetainingPath (C:\\workspace\\node-test-binary-windows-js-suites\\node\\test\\common\\heap.js:334:17)\n    at Object.<anonymous> (C:\\workspace\\node-test-binary-windows-js-suites\\node\\test\\pummel\\test-heapdump-shadow-realm.js:11:17)\n    at Module._compile (node:internal/modules/cjs/loader:1803:14)\n    at Object..js (node:internal/modules/cjs/loader:1934:10)\n    at Module.load (node:internal/modules/cjs/loader:1524:32)\n    at Module._load (node:internal/modules/cjs/loader:1326:12)\n    at TracingChannel.traceSync (node:diagnostics_channel:328:14)\n    at wrapModuleLoad (node:internal/modules/cjs/loader:245:24)\n    at Module.executeUserEntryPoint [as runMain] (node:internal/modules/run_main:154:5)\n\nNode.js v26.0.0-pre"},"time":795.012,"fullname":"pummel/test-heapdump-shadow-realm","closingTestPoint":false}},{"testName":"pummel/test-heapdump-worker","timestamp":1767545414967,"status":"FAILED","jobName":"node-test-binary-windows-js-suites","config":"node-test-binary-windows-js-suites » 3,win2022-COMPILED_BY-vs2022_clang #38177","buildUrl":"https://ci.nodejs.org/job/node-test-binary-windows-js-suites/RUN_SUBSET=3,nodes=win2022-COMPILED_BY-vs2022_clang/38177/","buildNumber":38177,"builtOn":"test-rackspace-win2022_vs2022-x64-6","nodeVersion":"26.0.0","commitHash":"ed9afc46fe24cd41bf126ab146913e779d3d7795","callStack":[{"upstreamBuild":74526,"upstreamProject":"node-test-commit-windows-fanned","upstreamUrl":"job/node-test-commit-windows-fanned/"},{"upstreamBuild":84615,"upstreamProject":"node-test-commit","upstreamUrl":"job/node-test-commit/"},{"upstreamBuild":70668,"upstreamProject":"node-test-pull-request","upstreamUrl":"job/node-test-pull-request/"},{"prId":"60441"}],"tap":{"ok":false,"name":"pummel/test-heapdump-worker","id":1156,"buffered":false,"tapError":null,"skip":false,"todo":false,"previous":null,"plan":null,"diag":{"severity":"fail","exitcode":1,"stack":"C:\\workspace\\node-test-binary-windows-js-suites\\node\\test\\common\\heap.js:25\n  const meta = dump.snapshot.meta;\n                    ^\n\nTypeError: Cannot read properties of null (reading 'snapshot')\n    at createJSHeapSnapshot (C:\\workspace\\node-test-binary-windows-js-suites\\node\\test\\common\\heap.js:25:21)\n    at validateByRetainingPath (C:\\workspace\\node-test-binary-windows-js-suites\\node\\test\\common\\heap.js:334:17)\n    at Object.<anonymous> (C:\\workspace\\node-test-binary-windows-js-suites\\node\\test\\pummel\\test-heapdump-worker.js:12:17)\n    at Module._compile (node:internal/modules/cjs/loader:1803:14)\n    at Object..js (node:internal/modules/cjs/loader:1934:10)\n    at Module.load (node:internal/modules/cjs/loader:1524:32)\n    at Module._load (node:internal/modules/cjs/loader:1326:12)\n    at TracingChannel.traceSync (node:diagnostics_channel:328:14)\n    at wrapModuleLoad (node:internal/modules/cjs/loader:245:24)\n    at Module.executeUserEntryPoint [as runMain] (node:internal/modules/run_main:154:5)\n\nNode.js v26.0.0-pre"},"time":694.005,"fullname":"pummel/test-heapdump-worker","closingTestPoint":false}},{"testName":"sequential/test-get-heapsnapshot-options","timestamp":1767545414967,"status":"FAILED","jobName":"node-test-binary-windows-js-suites","config":"node-test-binary-windows-js-suites » 3,win2022-COMPILED_BY-vs2022_clang #38177","buildUrl":"https://ci.nodejs.org/job/node-test-binary-windows-js-suites/RUN_SUBSET=3,nodes=win2022-COMPILED_BY-vs2022_clang/38177/","buildNumber":38177,"builtOn":"test-rackspace-win2022_vs2022-x64-6","nodeVersion":"26.0.0","commitHash":"ed9afc46fe24cd41bf126ab146913e779d3d7795","callStack":[{"upstreamBuild":74526,"upstreamProject":"node-test-commit-windows-fanned","upstreamUrl":"job/node-test-commit-windows-fanned/"},{"upstreamBuild":84615,"upstreamProject":"node-test-commit","upstreamUrl":"job/node-test-commit/"},{"upstreamBuild":70668,"upstreamProject":"node-test-pull-request","upstreamUrl":"job/node-test-pull-request/"},{"prId":"60441"}],"tap":{"ok":false,"name":"sequential/test-get-heapsnapshot-options","id":1176,"buffered":false,"tapError":null,"skip":false,"todo":false,"previous":null,"plan":null,"diag":{"severity":"fail","exitcode":1,"stack":"[STDERR] C:\\workspace\\node-test-binary-windows-js-suites\\node\\test\\common\\heap.js:25\n  const meta = dump.snapshot.meta;\n                    ^\n\nTypeError: Cannot read properties of null (reading 'snapshot')\n    at createJSHeapSnapshot (C:\\workspace\\node-test-binary-windows-js-suites\\node\\test\\common\\heap.js:25:21)\n    at new State (C:\\workspace\\node-test-binary-windows-js-suites\\node\\test\\common\\heap.js:114:21)\n    at recordState (C:\\workspace\\node-test-binary-windows-js-suites\\node\\test\\common\\heap.js:213:10)\n    at Object.<anonymous> (C:\\workspace\\node-test-binary-windows-js-suites\\node\\test\\sequential\\test-get-heapsnapshot-options.js:14:20)\n    at Module._compile (node:internal/modules/cjs/loader:1803:14)\n    at Object..js (node:internal/modules/cjs/loader:1934:10)\n    at Module.load (node:internal/modules/cjs/loader:1524:32)\n    at Module._load (node:internal/modules/cjs/loader:1326:12)\n    at TracingChannel.traceSync (node:diagnostics_channel:328:14)\n    at wrapModuleLoad (node:internal/modules/cjs/loader:245:24)\n\nNode.js v26.0.0-pre\n\n[STDOUT] \nnode:internal/assert/utils:146\n  throw error;\n  ^\n\nAssertionError [ERR_ASSERTION]: Expected values to be strictly equal:\n\n1 !== 0\n\n    at Object.<anonymous> (C:\\workspace\\node-test-binary-windows-js-suites\\node\\test\\sequential\\test-get-heapsnapshot-options.js:38:10)\n    at Module._compile (node:internal/modules/cjs/loader:1803:14)\n    at Object..js (node:internal/modules/cjs/loader:1934:10)\n    at Module.load (node:internal/modules/cjs/loader:1524:32)\n    at Module._load (node:internal/modules/cjs/loader:1326:12)\n    at TracingChannel.traceSync (node:diagnostics_channel:328:14)\n    at wrapModuleLoad (node:internal/modules/cjs/loader:245:24)\n    at Module.executeUserEntryPoint [as runMain] (node:internal/modules/run_main:154:5)\n    at node:internal/main/run_main_module:33:47 {\n  generatedMessage: true,\n  code: 'ERR_ASSERTION',\n  actual: 1,\n  expected: 0,\n  operator: 'strictEqual',\n  diff: 'simple'\n}\n\nNode.js v26.0.0-pre"},"time":903.031,"fullname":"sequential/test-get-heapsnapshot-options","closingTestPoint":false}},{"testName":"pummel/test-heapdump-dns","timestamp":1767545414967,"status":"FAILED","jobName":"node-test-binary-windows-js-suites","config":"node-test-binary-windows-js-suites » 2,win10-COMPILED_BY-vs2022_clang #38177","buildUrl":"https://ci.nodejs.org/job/node-test-binary-windows-js-suites/RUN_SUBSET=2,nodes=win10-COMPILED_BY-vs2022_clang/38177/","buildNumber":38177,"builtOn":"test-azure_msft-win10_vs2019-x64-2","nodeVersion":"26.0.0","commitHash":"ed9afc46fe24cd41bf126ab146913e779d3d7795","callStack":[{"upstreamBuild":74526,"upstreamProject":"node-test-commit-windows-fanned","upstreamUrl":"job/node-test-commit-windows-fanned/"},{"upstreamBuild":84615,"upstreamProject":"node-test-commit","upstreamUrl":"job/node-test-commit/"},{"upstreamBuild":70668,"upstreamProject":"node-test-pull-request","upstreamUrl":"job/node-test-pull-request/"},{"prId":"60441"}],"tap":{"ok":false,"name":"pummel/test-heapdump-dns","id":1154,"buffered":false,"tapError":null,"skip":false,"todo":false,"previous":null,"plan":null,"diag":{"severity":"fail","exitcode":1,"stack":"c:\\workspace\\node-test-binary-windows-js-suites\\node\\test\\common\\heap.js:25\n  const meta = dump.snapshot.meta;\n                    ^\n\nTypeError: Cannot read properties of null (reading 'snapshot')\n    at createJSHeapSnapshot (c:\\workspace\\node-test-binary-windows-js-suites\\node\\test\\common\\heap.js:25:21)\n    at validateByRetainingPath (c:\\workspace\\node-test-binary-windows-js-suites\\node\\test\\common\\heap.js:334:17)\n    at Object.<anonymous> (c:\\workspace\\node-test-binary-windows-js-suites\\node\\test\\pummel\\test-heapdump-dns.js:10:17)\n    at Module._compile (node:internal/modules/cjs/loader:1803:14)\n    at Object..js (node:internal/modules/cjs/loader:1934:10)\n    at Module.load (node:internal/modules/cjs/loader:1524:32)\n    at Module._load (node:internal/modules/cjs/loader:1326:12)\n    at TracingChannel.traceSync (node:diagnostics_channel:328:14)\n    at wrapModuleLoad (node:internal/modules/cjs/loader:245:24)\n    at Module.executeUserEntryPoint [as runMain] (node:internal/modules/run_main:154:5)\n\nNode.js v26.0.0-pre"},"time":383.231,"fullname":"pummel/test-heapdump-dns","closingTestPoint":false}},{"testName":"pummel/test-heapdump-inspector","timestamp":1767545414967,"status":"FAILED","jobName":"node-test-binary-windows-js-suites","config":"node-test-binary-windows-js-suites » 2,win10-COMPILED_BY-vs2022_clang #38177","buildUrl":"https://ci.nodejs.org/job/node-test-binary-windows-js-suites/RUN_SUBSET=2,nodes=win10-COMPILED_BY-vs2022_clang/38177/","buildNumber":38177,"builtOn":"test-azure_msft-win10_vs2019-x64-2","nodeVersion":"26.0.0","commitHash":"ed9afc46fe24cd41bf126ab146913e779d3d7795","callStack":[{"upstreamBuild":74526,"upstreamProject":"node-test-commit-windows-fanned","upstreamUrl":"job/node-test-commit-windows-fanned/"},{"upstreamBuild":84615,"upstreamProject":"node-test-commit","upstreamUrl":"job/node-test-commit/"},{"upstreamBuild":70668,"upstreamProject":"node-test-pull-request","upstreamUrl":"job/node-test-pull-request/"},{"prId":"60441"}],"tap":{"ok":false,"name":"pummel/test-heapdump-inspector","id":1155,"buffered":false,"tapError":null,"skip":false,"todo":false,"previous":null,"plan":null,"diag":{"severity":"fail","exitcode":1,"stack":"c:\\workspace\\node-test-binary-windows-js-suites\\node\\test\\common\\heap.js:25\n  const meta = dump.snapshot.meta;\n                    ^\n\nTypeError: Cannot read properties of null (reading 'snapshot')\n    at createJSHeapSnapshot (c:\\workspace\\node-test-binary-windows-js-suites\\node\\test\\common\\heap.js:25:21)\n    at validateByRetainingPath (c:\\workspace\\node-test-binary-windows-js-suites\\node\\test\\common\\heap.js:334:17)\n    at Object.<anonymous> (c:\\workspace\\node-test-binary-windows-js-suites\\node\\test\\pummel\\test-heapdump-inspector.js:13:17)\n    at Module._compile (node:internal/modules/cjs/loader:1803:14)\n    at Object..js (node:internal/modules/cjs/loader:1934:10)\n    at Module.load (node:internal/modules/cjs/loader:1524:32)\n    at Module._load (node:internal/modules/cjs/loader:1326:12)\n    at TracingChannel.traceSync (node:diagnostics_channel:328:14)\n    at wrapModuleLoad (node:internal/modules/cjs/loader:245:24)\n    at Module.executeUserEntryPoint [as runMain] (node:internal/modules/run_main:154:5)\n\nNode.js v26.0.0-pre"},"time":350.001,"fullname":"pummel/test-heapdump-inspector","closingTestPoint":false}},{"testName":"pummel/test-heapdump-vm-script","timestamp":1767545414967,"status":"FAILED","jobName":"node-test-binary-windows-js-suites","config":"node-test-binary-windows-js-suites » 2,win10-COMPILED_BY-vs2022_clang #38177","buildUrl":"https://ci.nodejs.org/job/node-test-binary-windows-js-suites/RUN_SUBSET=2,nodes=win10-COMPILED_BY-vs2022_clang/38177/","buildNumber":38177,"builtOn":"test-azure_msft-win10_vs2019-x64-2","nodeVersion":"26.0.0","commitHash":"ed9afc46fe24cd41bf126ab146913e779d3d7795","callStack":[{"upstreamBuild":74526,"upstreamProject":"node-test-commit-windows-fanned","upstreamUrl":"job/node-test-commit-windows-fanned/"},{"upstreamBuild":84615,"upstreamProject":"node-test-commit","upstreamUrl":"job/node-test-commit/"},{"upstreamBuild":70668,"upstreamProject":"node-test-pull-request","upstreamUrl":"job/node-test-pull-request/"},{"prId":"60441"}],"tap":{"ok":false,"name":"pummel/test-heapdump-vm-script","id":1156,"buffered":false,"tapError":null,"skip":false,"todo":false,"previous":null,"plan":null,"diag":{"severity":"fail","exitcode":1,"stack":"c:\\workspace\\node-test-binary-windows-js-suites\\node\\test\\common\\heap.js:25\n  const meta = dump.snapshot.meta;\n                    ^\n\nTypeError: Cannot read properties of null (reading 'snapshot')\n    at createJSHeapSnapshot (c:\\workspace\\node-test-binary-windows-js-suites\\node\\test\\common\\heap.js:25:21)\n    at validateByRetainingPath (c:\\workspace\\node-test-binary-windows-js-suites\\node\\test\\common\\heap.js:334:17)\n    at Object.<anonymous> (c:\\workspace\\node-test-binary-windows-js-suites\\node\\test\\pummel\\test-heapdump-vm-script.js:7:1)\n    at Module._compile (node:internal/modules/cjs/loader:1803:14)\n    at Object..js (node:internal/modules/cjs/loader:1934:10)\n    at Module.load (node:internal/modules/cjs/loader:1524:32)\n    at Module._load (node:internal/modules/cjs/loader:1326:12)\n    at TracingChannel.traceSync (node:diagnostics_channel:328:14)\n    at wrapModuleLoad (node:internal/modules/cjs/loader:245:24)\n    at Module.executeUserEntryPoint [as runMain] (node:internal/modules/run_main:154:5)\n\nNode.js v26.0.0-pre"},"time":347.467,"fullname":"pummel/test-heapdump-vm-script","closingTestPoint":false}},{"testName":"pummel/test-heapdump-dns","timestamp":1767545414967,"status":"FAILED","jobName":"node-test-binary-windows-js-suites","config":"node-test-binary-windows-js-suites » 2,win2022-COMPILED_BY-vs2022_clang #38177","buildUrl":"https://ci.nodejs.org/job/node-test-binary-windows-js-suites/RUN_SUBSET=2,nodes=win2022-COMPILED_BY-vs2022_clang/38177/","buildNumber":38177,"builtOn":"test-rackspace-win2022_vs2022-x64-1","nodeVersion":"26.0.0","commitHash":"ed9afc46fe24cd41bf126ab146913e779d3d7795","callStack":[{"upstreamBuild":74526,"upstreamProject":"node-test-commit-windows-fanned","upstreamUrl":"job/node-test-commit-windows-fanned/"},{"upstreamBuild":84615,"upstreamProject":"node-test-commit","upstreamUrl":"job/node-test-commit/"},{"upstreamBuild":70668,"upstreamProject":"node-test-pull-request","upstreamUrl":"job/node-test-pull-request/"},{"prId":"60441"}],"tap":{"ok":false,"name":"pummel/test-heapdump-dns","id":1154,"buffered":false,"tapError":null,"skip":false,"todo":false,"previous":null,"plan":null,"diag":{"severity":"fail","exitcode":1,"stack":"C:\\workspace\\node-test-binary-windows-js-suites\\node\\test\\common\\heap.js:25\n  const meta = dump.snapshot.meta;\n                    ^\n\nTypeError: Cannot read properties of null (reading 'snapshot')\n    at createJSHeapSnapshot (C:\\workspace\\node-test-binary-windows-js-suites\\node\\test\\common\\heap.js:25:21)\n    at validateByRetainingPath (C:\\workspace\\node-test-binary-windows-js-suites\\node\\test\\common\\heap.js:334:17)\n    at Object.<anonymous> (C:\\workspace\\node-test-binary-windows-js-suites\\node\\test\\pummel\\test-heapdump-dns.js:10:17)\n    at Module._compile (node:internal/modules/cjs/loader:1803:14)\n    at Object..js (node:internal/modules/cjs/loader:1934:10)\n    at Module.load (node:internal/modules/cjs/loader:1524:32)\n    at Module._load (node:internal/modules/cjs/loader:1326:12)\n    at TracingChannel.traceSync (node:diagnostics_channel:328:14)\n    at wrapModuleLoad (node:internal/modules/cjs/loader:245:24)\n    at Module.executeUserEntryPoint [as runMain] (node:internal/modules/run_main:154:5)\n\nNode.js v26.0.0-pre"},"time":904.984,"fullname":"pummel/test-heapdump-dns","closingTestPoint":false}},{"testName":"pummel/test-heapdump-inspector","timestamp":1767545414967,"status":"FAILED","jobName":"node-test-binary-windows-js-suites","config":"node-test-binary-windows-js-suites » 2,win2022-COMPILED_BY-vs2022_clang #38177","buildUrl":"https://ci.nodejs.org/job/node-test-binary-windows-js-suites/RUN_SUBSET=2,nodes=win2022-COMPILED_BY-vs2022_clang/38177/","buildNumber":38177,"builtOn":"test-rackspace-win2022_vs2022-x64-1","nodeVersion":"26.0.0","commitHash":"ed9afc46fe24cd41bf126ab146913e779d3d7795","callStack":[{"upstreamBuild":74526,"upstreamProject":"node-test-commit-windows-fanned","upstreamUrl":"job/node-test-commit-windows-fanned/"},{"upstreamBuild":84615,"upstreamProject":"node-test-commit","upstreamUrl":"job/node-test-commit/"},{"upstreamBuild":70668,"upstreamProject":"node-test-pull-request","upstreamUrl":"job/node-test-pull-request/"},{"prId":"60441"}],"tap":{"ok":false,"name":"pummel/test-heapdump-inspector","id":1155,"buffered":false,"tapError":null,"skip":false,"todo":false,"previous":null,"plan":null,"diag":{"severity":"fail","exitcode":1,"stack":"C:\\workspace\\node-test-binary-windows-js-suites\\node\\test\\common\\heap.js:25\n  const meta = dump.snapshot.meta;\n                    ^\n\nTypeError: Cannot read properties of null (reading 'snapshot')\n    at createJSHeapSnapshot (C:\\workspace\\node-test-binary-windows-js-suites\\node\\test\\common\\heap.js:25:21)\n    at validateByRetainingPath (C:\\workspace\\node-test-binary-windows-js-suites\\node\\test\\common\\heap.js:334:17)\n    at Object.<anonymous> (C:\\workspace\\node-test-binary-windows-js-suites\\node\\test\\pummel\\test-heapdump-inspector.js:13:17)\n    at Module._compile (node:internal/modules/cjs/loader:1803:14)\n    at Object..js (node:internal/modules/cjs/loader:1934:10)\n    at Module.load (node:internal/modules/cjs/loader:1524:32)\n    at Module._load (node:internal/modules/cjs/loader:1326:12)\n    at TracingChannel.traceSync (node:diagnostics_channel:328:14)\n    at wrapModuleLoad (node:internal/modules/cjs/loader:245:24)\n    at Module.executeUserEntryPoint [as runMain] (node:internal/modules/run_main:154:5)\n\nNode.js v26.0.0-pre"},"time":805.001,"fullname":"pummel/test-heapdump-inspector","closingTestPoint":false}},{"testName":"pummel/test-heapdump-vm-script","timestamp":1767545414967,"status":"FAILED","jobName":"node-test-binary-windows-js-suites","config":"node-test-binary-windows-js-suites » 2,win2022-COMPILED_BY-vs2022_clang #38177","buildUrl":"https://ci.nodejs.org/job/node-test-binary-windows-js-suites/RUN_SUBSET=2,nodes=win2022-COMPILED_BY-vs2022_clang/38177/","buildNumber":38177,"builtOn":"test-rackspace-win2022_vs2022-x64-1","nodeVersion":"26.0.0","commitHash":"ed9afc46fe24cd41bf126ab146913e779d3d7795","callStack":[{"upstreamBuild":74526,"upstreamProject":"node-test-commit-windows-fanned","upstreamUrl":"job/node-test-commit-windows-fanned/"},{"upstreamBuild":84615,"upstreamProject":"node-test-commit","upstreamUrl":"job/node-test-commit/"},{"upstreamBuild":70668,"upstreamProject":"node-test-pull-request","upstreamUrl":"job/node-test-pull-request/"},{"prId":"60441"}],"tap":{"ok":false,"name":"pummel/test-heapdump-vm-script","id":1156,"buffered":false,"tapError":null,"skip":false,"todo":false,"previous":null,"plan":null,"diag":{"severity":"fail","exitcode":1,"stack":"C:\\workspace\\node-test-binary-windows-js-suites\\node\\test\\common\\heap.js:25\n  const meta = dump.snapshot.meta;\n                    ^\n\nTypeError: Cannot read properties of null (reading 'snapshot')\n    at createJSHeapSnapshot (C:\\workspace\\node-test-binary-windows-js-suites\\node\\test\\common\\heap.js:25:21)\n    at validateByRetainingPath (C:\\workspace\\node-test-binary-windows-js-suites\\node\\test\\common\\heap.js:334:17)\n    at Object.<anonymous> (C:\\workspace\\node-test-binary-windows-js-suites\\node\\test\\pummel\\test-heapdump-vm-script.js:7:1)\n    at Module._compile (node:internal/modules/cjs/loader:1803:14)\n    at Object..js (node:internal/modules/cjs/loader:1934:10)\n    at Module.load (node:internal/modules/cjs/loader:1524:32)\n    at Module._load (node:internal/modules/cjs/loader:1326:12)\n    at TracingChannel.traceSync (node:diagnostics_channel:328:14)\n    at wrapModuleLoad (node:internal/modules/cjs/loader:245:24)\n    at Module.executeUserEntryPoint [as runMain] (node:internal/modules/run_main:154:5)\n\nNode.js v26.0.0-pre"},"time":689.996,"fullname":"pummel/test-heapdump-vm-script","closingTestPoint":false}},{"testName":"pummel/test-heapdump-http2","timestamp":1767545414967,"status":"FAILED","jobName":"node-test-binary-windows-js-suites","config":"node-test-binary-windows-js-suites » 1,win10-COMPILED_BY-vs2022_clang #38177","buildUrl":"https://ci.nodejs.org/job/node-test-binary-windows-js-suites/RUN_SUBSET=1,nodes=win10-COMPILED_BY-vs2022_clang/38177/","buildNumber":38177,"builtOn":"test-azure_msft-win10_vs2019-x64-1","nodeVersion":"26.0.0","commitHash":"ed9afc46fe24cd41bf126ab146913e779d3d7795","callStack":[{"upstreamBuild":74526,"upstreamProject":"node-test-commit-windows-fanned","upstreamUrl":"job/node-test-commit-windows-fanned/"},{"upstreamBuild":84615,"upstreamProject":"node-test-commit","upstreamUrl":"job/node-test-commit/"},{"upstreamBuild":70668,"upstreamProject":"node-test-pull-request","upstreamUrl":"job/node-test-pull-request/"},{"prId":"60441"}],"tap":{"ok":false,"name":"pummel/test-heapdump-http2","id":1155,"buffered":false,"tapError":null,"skip":false,"todo":false,"previous":null,"plan":null,"diag":{"severity":"fail","exitcode":1,"stack":"c:\\workspace\\node-test-binary-windows-js-suites\\node\\test\\common\\heap.js:25\n  const meta = dump.snapshot.meta;\n                    ^\n\nTypeError: Cannot read properties of null (reading 'snapshot')\n    at createJSHeapSnapshot (c:\\workspace\\node-test-binary-windows-js-suites\\node\\test\\common\\heap.js:25:21)\n    at validateByRetainingPath (c:\\workspace\\node-test-binary-windows-js-suites\\node\\test\\common\\heap.js:334:17)\n    at Object.<anonymous> (c:\\workspace\\node-test-binary-windows-js-suites\\node\\test\\pummel\\test-heapdump-http2.js:15:20)\n    at Module._compile (node:internal/modules/cjs/loader:1803:14)\n    at Object..js (node:internal/modules/cjs/loader:1934:10)\n    at Module.load (node:internal/modules/cjs/loader:1524:32)\n    at Module._load (node:internal/modules/cjs/loader:1326:12)\n    at TracingChannel.traceSync (node:diagnostics_channel:328:14)\n    at wrapModuleLoad (node:internal/modules/cjs/loader:245:24)\n    at Module.executeUserEntryPoint [as runMain] (node:internal/modules/run_main:154:5)\n\nNode.js v26.0.0-pre"},"time":697.001,"fullname":"pummel/test-heapdump-http2","closingTestPoint":false}},{"testName":"pummel/test-heapdump-urlpattern","timestamp":1767545414967,"status":"FAILED","jobName":"node-test-binary-windows-js-suites","config":"node-test-binary-windows-js-suites » 1,win10-COMPILED_BY-vs2022_clang #38177","buildUrl":"https://ci.nodejs.org/job/node-test-binary-windows-js-suites/RUN_SUBSET=1,nodes=win10-COMPILED_BY-vs2022_clang/38177/","buildNumber":38177,"builtOn":"test-azure_msft-win10_vs2019-x64-1","nodeVersion":"26.0.0","commitHash":"ed9afc46fe24cd41bf126ab146913e779d3d7795","callStack":[{"upstreamBuild":74526,"upstreamProject":"node-test-commit-windows-fanned","upstreamUrl":"job/node-test-commit-windows-fanned/"},{"upstreamBuild":84615,"upstreamProject":"node-test-commit","upstreamUrl":"job/node-test-commit/"},{"upstreamBuild":70668,"upstreamProject":"node-test-pull-request","upstreamUrl":"job/node-test-pull-request/"},{"prId":"60441"}],"tap":{"ok":false,"name":"pummel/test-heapdump-urlpattern","id":1156,"buffered":false,"tapError":null,"skip":false,"todo":false,"previous":null,"plan":null,"diag":{"severity":"fail","exitcode":1,"stack":"c:\\workspace\\node-test-binary-windows-js-suites\\node\\test\\common\\heap.js:25\n  const meta = dump.snapshot.meta;\n                    ^\n\nTypeError: Cannot read properties of null (reading 'snapshot')\n    at createJSHeapSnapshot (c:\\workspace\\node-test-binary-windows-js-suites\\node\\test\\common\\heap.js:25:21)\n    at validateByRetainingPath (c:\\workspace\\node-test-binary-windows-js-suites\\node\\test\\common\\heap.js:334:17)\n    at Object.<anonymous> (c:\\workspace\\node-test-binary-windows-js-suites\\node\\test\\pummel\\test-heapdump-urlpattern.js:10:17)\n    at Module._compile (node:internal/modules/cjs/loader:1803:14)\n    at Object..js (node:internal/modules/cjs/loader:1934:10)\n    at Module.load (node:internal/modules/cjs/loader:1524:32)\n    at Module._load (node:internal/modules/cjs/loader:1326:12)\n    at TracingChannel.traceSync (node:diagnostics_channel:328:14)\n    at wrapModuleLoad (node:internal/modules/cjs/loader:245:24)\n    at Module.executeUserEntryPoint [as runMain] (node:internal/modules/run_main:154:5)\n\nNode.js v26.0.0-pre"},"time":583.009,"fullname":"pummel/test-heapdump-urlpattern","closingTestPoint":false}},{"testName":"pummel/test-heapdump-dns","timestamp":1767545414967,"status":"FAILED","jobName":"node-test-binary-windows-js-suites","config":"node-test-binary-windows-js-suites » 2,win11-COMPILED_BY-vs2022_clang #38177","buildUrl":"https://ci.nodejs.org/job/node-test-binary-windows-js-suites/RUN_SUBSET=2,nodes=win11-COMPILED_BY-vs2022_clang/38177/","buildNumber":38177,"builtOn":"test-azure_msft-win11_vs2022-x64-4","nodeVersion":"26.0.0","commitHash":"ed9afc46fe24cd41bf126ab146913e779d3d7795","callStack":[{"upstreamBuild":74526,"upstreamProject":"node-test-commit-windows-fanned","upstreamUrl":"job/node-test-commit-windows-fanned/"},{"upstreamBuild":84615,"upstreamProject":"node-test-commit","upstreamUrl":"job/node-test-commit/"},{"upstreamBuild":70668,"upstreamProject":"node-test-pull-request","upstreamUrl":"job/node-test-pull-request/"},{"prId":"60441"}],"tap":{"ok":false,"name":"pummel/test-heapdump-dns","id":1154,"buffered":false,"tapError":null,"skip":false,"todo":false,"previous":null,"plan":null,"diag":{"severity":"fail","exitcode":1,"stack":"c:\\workspace\\node-test-binary-windows-js-suites\\node\\test\\common\\heap.js:25\n  const meta = dump.snapshot.meta;\n                    ^\n\nTypeError: Cannot read properties of null (reading 'snapshot')\n    at createJSHeapSnapshot (c:\\workspace\\node-test-binary-windows-js-suites\\node\\test\\common\\heap.js:25:21)\n    at validateByRetainingPath (c:\\workspace\\node-test-binary-windows-js-suites\\node\\test\\common\\heap.js:334:17)\n    at Object.<anonymous> (c:\\workspace\\node-test-binary-windows-js-suites\\node\\test\\pummel\\test-heapdump-dns.js:10:17)\n    at Module._compile (node:internal/modules/cjs/loader:1803:14)\n    at Object..js (node:internal/modules/cjs/loader:1934:10)\n    at Module.load (node:internal/modules/cjs/loader:1524:32)\n    at Module._load (node:internal/modules/cjs/loader:1326:12)\n    at TracingChannel.traceSync (node:diagnostics_channel:328:14)\n    at wrapModuleLoad (node:internal/modules/cjs/loader:245:24)\n    at Module.executeUserEntryPoint [as runMain] (node:internal/modules/run_main:154:5)\n\nNode.js v26.0.0-pre"},"time":388.014,"fullname":"pummel/test-heapdump-dns","closingTestPoint":false}},{"testName":"pummel/test-heapdump-inspector","timestamp":1767545414967,"status":"FAILED","jobName":"node-test-binary-windows-js-suites","config":"node-test-binary-windows-js-suites » 2,win11-COMPILED_BY-vs2022_clang #38177","buildUrl":"https://ci.nodejs.org/job/node-test-binary-windows-js-suites/RUN_SUBSET=2,nodes=win11-COMPILED_BY-vs2022_clang/38177/","buildNumber":38177,"builtOn":"test-azure_msft-win11_vs2022-x64-4","nodeVersion":"26.0.0","commitHash":"ed9afc46fe24cd41bf126ab146913e779d3d7795","callStack":[{"upstreamBuild":74526,"upstreamProject":"node-test-commit-windows-fanned","upstreamUrl":"job/node-test-commit-windows-fanned/"},{"upstreamBuild":84615,"upstreamProject":"node-test-commit","upstreamUrl":"job/node-test-commit/"},{"upstreamBuild":70668,"upstreamProject":"node-test-pull-request","upstreamUrl":"job/node-test-pull-request/"},{"prId":"60441"}],"tap":{"ok":false,"name":"pummel/test-heapdump-inspector","id":1155,"buffered":false,"tapError":null,"skip":false,"todo":false,"previous":null,"plan":null,"diag":{"severity":"fail","exitcode":1,"stack":"c:\\workspace\\node-test-binary-windows-js-suites\\node\\test\\common\\heap.js:25\n  const meta = dump.snapshot.meta;\n                    ^\n\nTypeError: Cannot read properties of null (reading 'snapshot')\n    at createJSHeapSnapshot (c:\\workspace\\node-test-binary-windows-js-suites\\node\\test\\common\\heap.js:25:21)\n    at validateByRetainingPath (c:\\workspace\\node-test-binary-windows-js-suites\\node\\test\\common\\heap.js:334:17)\n    at Object.<anonymous> (c:\\workspace\\node-test-binary-windows-js-suites\\node\\test\\pummel\\test-heapdump-inspector.js:13:17)\n    at Module._compile (node:internal/modules/cjs/loader:1803:14)\n    at Object..js (node:internal/modules/cjs/loader:1934:10)\n    at Module.load (node:internal/modules/cjs/loader:1524:32)\n    at Module._load (node:internal/modules/cjs/loader:1326:12)\n    at TracingChannel.traceSync (node:diagnostics_channel:328:14)\n    at wrapModuleLoad (node:internal/modules/cjs/loader:245:24)\n    at Module.executeUserEntryPoint [as runMain] (node:internal/modules/run_main:154:5)\n\nNode.js v26.0.0-pre"},"time":366.413,"fullname":"pummel/test-heapdump-inspector","closingTestPoint":false}},{"testName":"pummel/test-heapdump-vm-script","timestamp":1767545414967,"status":"FAILED","jobName":"node-test-binary-windows-js-suites","config":"node-test-binary-windows-js-suites » 2,win11-COMPILED_BY-vs2022_clang #38177","buildUrl":"https://ci.nodejs.org/job/node-test-binary-windows-js-suites/RUN_SUBSET=2,nodes=win11-COMPILED_BY-vs2022_clang/38177/","buildNumber":38177,"builtOn":"test-azure_msft-win11_vs2022-x64-4","nodeVersion":"26.0.0","commitHash":"ed9afc46fe24cd41bf126ab146913e779d3d7795","callStack":[{"upstreamBuild":74526,"upstreamProject":"node-test-commit-windows-fanned","upstreamUrl":"job/node-test-commit-windows-fanned/"},{"upstreamBuild":84615,"upstreamProject":"node-test-commit","upstreamUrl":"job/node-test-commit/"},{"upstreamBuild":70668,"upstreamProject":"node-test-pull-request","upstreamUrl":"job/node-test-pull-request/"},{"prId":"60441"}],"tap":{"ok":false,"name":"pummel/test-heapdump-vm-script","id":1156,"buffered":false,"tapError":null,"skip":false,"todo":false,"previous":null,"plan":null,"diag":{"severity":"fail","exitcode":1,"stack":"c:\\workspace\\node-test-binary-windows-js-suites\\node\\test\\common\\heap.js:25\n  const meta = dump.snapshot.meta;\n                    ^\n\nTypeError: Cannot read properties of null (reading 'snapshot')\n    at createJSHeapSnapshot (c:\\workspace\\node-test-binary-windows-js-suites\\node\\test\\common\\heap.js:25:21)\n    at validateByRetainingPath (c:\\workspace\\node-test-binary-windows-js-suites\\node\\test\\common\\heap.js:334:17)\n    at Object.<anonymous> (c:\\workspace\\node-test-binary-windows-js-suites\\node\\test\\pummel\\test-heapdump-vm-script.js:7:1)\n    at Module._compile (node:internal/modules/cjs/loader:1803:14)\n    at Object..js (node:internal/modules/cjs/loader:1934:10)\n    at Module.load (node:internal/modules/cjs/loader:1524:32)\n    at Module._load (node:internal/modules/cjs/loader:1326:12)\n    at TracingChannel.traceSync (node:diagnostics_channel:328:14)\n    at wrapModuleLoad (node:internal/modules/cjs/loader:245:24)\n    at Module.executeUserEntryPoint [as runMain] (node:internal/modules/run_main:154:5)\n\nNode.js v26.0.0-pre"},"time":366.579,"fullname":"pummel/test-heapdump-vm-script","closingTestPoint":false}},{"testName":"pummel/test-heapdump-env","timestamp":1767545414967,"status":"FAILED","jobName":"node-test-binary-windows-js-suites","config":"node-test-binary-windows-js-suites » 3,win2019-COMPILED_BY-vs2022_clang #38177","buildUrl":"https://ci.nodejs.org/job/node-test-binary-windows-js-suites/RUN_SUBSET=3,nodes=win2019-COMPILED_BY-vs2022_clang/38177/","buildNumber":38177,"builtOn":"test-rackspace-win2019_vs2019-x64-3","nodeVersion":"26.0.0","commitHash":"ed9afc46fe24cd41bf126ab146913e779d3d7795","callStack":[{"upstreamBuild":74526,"upstreamProject":"node-test-commit-windows-fanned","upstreamUrl":"job/node-test-commit-windows-fanned/"},{"upstreamBuild":84615,"upstreamProject":"node-test-commit","upstreamUrl":"job/node-test-commit/"},{"upstreamBuild":70668,"upstreamProject":"node-test-pull-request","upstreamUrl":"job/node-test-pull-request/"},{"prId":"60441"}],"tap":{"ok":false,"name":"pummel/test-heapdump-env","id":1154,"buffered":false,"tapError":null,"skip":false,"todo":false,"previous":null,"plan":null,"diag":{"severity":"fail","exitcode":1,"stack":"C:\\workspace\\node-test-binary-windows-js-suites\\node\\test\\common\\heap.js:25\n  const meta = dump.snapshot.meta;\n                    ^\n\nTypeError: Cannot read properties of null (reading 'snapshot')\n    at createJSHeapSnapshot (C:\\workspace\\node-test-binary-windows-js-suites\\node\\test\\common\\heap.js:25:21)\n    at Object.<anonymous> (C:\\workspace\\node-test-binary-windows-js-suites\\node\\test\\pummel\\test-heapdump-env.js:10:15)\n    at Module._compile (node:internal/modules/cjs/loader:1803:14)\n    at Object..js (node:internal/modules/cjs/loader:1934:10)\n    at Module.load (node:internal/modules/cjs/loader:1524:32)\n    at Module._load (node:internal/modules/cjs/loader:1326:12)\n    at TracingChannel.traceSync (node:diagnostics_channel:328:14)\n    at wrapModuleLoad (node:internal/modules/cjs/loader:245:24)\n    at Module.executeUserEntryPoint [as runMain] (node:internal/modules/run_main:154:5)\n    at node:internal/main/run_main_module:33:47\n\nNode.js v26.0.0-pre"},"time":808.006,"fullname":"pummel/test-heapdump-env","closingTestPoint":false}},{"testName":"pummel/test-heapdump-shadow-realm","timestamp":1767545414967,"status":"FAILED","jobName":"node-test-binary-windows-js-suites","config":"node-test-binary-windows-js-suites » 3,win2019-COMPILED_BY-vs2022_clang #38177","buildUrl":"https://ci.nodejs.org/job/node-test-binary-windows-js-suites/RUN_SUBSET=3,nodes=win2019-COMPILED_BY-vs2022_clang/38177/","buildNumber":38177,"builtOn":"test-rackspace-win2019_vs2019-x64-3","nodeVersion":"26.0.0","commitHash":"ed9afc46fe24cd41bf126ab146913e779d3d7795","callStack":[{"upstreamBuild":74526,"upstreamProject":"node-test-commit-windows-fanned","upstreamUrl":"job/node-test-commit-windows-fanned/"},{"upstreamBuild":84615,"upstreamProject":"node-test-commit","upstreamUrl":"job/node-test-commit/"},{"upstreamBuild":70668,"upstreamProject":"node-test-pull-request","upstreamUrl":"job/node-test-pull-request/"},{"prId":"60441"}],"tap":{"ok":false,"name":"pummel/test-heapdump-shadow-realm","id":1155,"buffered":false,"tapError":null,"skip":false,"todo":false,"previous":null,"plan":null,"diag":{"severity":"fail","exitcode":1,"stack":"C:\\workspace\\node-test-binary-windows-js-suites\\node\\test\\common\\heap.js:25\n  const meta = dump.snapshot.meta;\n                    ^\n\nTypeError: Cannot read properties of null (reading 'snapshot')\n    at createJSHeapSnapshot (C:\\workspace\\node-test-binary-windows-js-suites\\node\\test\\common\\heap.js:25:21)\n    at validateByRetainingPath (C:\\workspace\\node-test-binary-windows-js-suites\\node\\test\\common\\heap.js:334:17)\n    at Object.<anonymous> (C:\\workspace\\node-test-binary-windows-js-suites\\node\\test\\pummel\\test-heapdump-shadow-realm.js:11:17)\n    at Module._compile (node:internal/modules/cjs/loader:1803:14)\n    at Object..js (node:internal/modules/cjs/loader:1934:10)\n    at Module.load (node:internal/modules/cjs/loader:1524:32)\n    at Module._load (node:internal/modules/cjs/loader:1326:12)\n    at TracingChannel.traceSync (node:diagnostics_channel:328:14)\n    at wrapModuleLoad (node:internal/modules/cjs/loader:245:24)\n    at Module.executeUserEntryPoint [as runMain] (node:internal/modules/run_main:154:5)\n\nNode.js v26.0.0-pre"},"time":804.018,"fullname":"pummel/test-heapdump-shadow-realm","closingTestPoint":false}},{"testName":"pummel/test-heapdump-worker","timestamp":1767545414967,"status":"FAILED","jobName":"node-test-binary-windows-js-suites","config":"node-test-binary-windows-js-suites » 3,win2019-COMPILED_BY-vs2022_clang #38177","buildUrl":"https://ci.nodejs.org/job/node-test-binary-windows-js-suites/RUN_SUBSET=3,nodes=win2019-COMPILED_BY-vs2022_clang/38177/","buildNumber":38177,"builtOn":"test-rackspace-win2019_vs2019-x64-3","nodeVersion":"26.0.0","commitHash":"ed9afc46fe24cd41bf126ab146913e779d3d7795","callStack":[{"upstreamBuild":74526,"upstreamProject":"node-test-commit-windows-fanned","upstreamUrl":"job/node-test-commit-windows-fanned/"},{"upstreamBuild":84615,"upstreamProject":"node-test-commit","upstreamUrl":"job/node-test-commit/"},{"upstreamBuild":70668,"upstreamProject":"node-test-pull-request","upstreamUrl":"job/node-test-pull-request/"},{"prId":"60441"}],"tap":{"ok":false,"name":"pummel/test-heapdump-worker","id":1156,"buffered":false,"tapError":null,"skip":false,"todo":false,"previous":null,"plan":null,"diag":{"severity":"fail","exitcode":1,"stack":"C:\\workspace\\node-test-binary-windows-js-suites\\node\\test\\common\\heap.js:25\n  const meta = dump.snapshot.meta;\n                    ^\n\nTypeError: Cannot read properties of null (reading 'snapshot')\n    at createJSHeapSnapshot (C:\\workspace\\node-test-binary-windows-js-suites\\node\\test\\common\\heap.js:25:21)\n    at validateByRetainingPath (C:\\workspace\\node-test-binary-windows-js-suites\\node\\test\\common\\heap.js:334:17)\n    at Object.<anonymous> (C:\\workspace\\node-test-binary-windows-js-suites\\node\\test\\pummel\\test-heapdump-worker.js:12:17)\n    at Module._compile (node:internal/modules/cjs/loader:1803:14)\n    at Object..js (node:internal/modules/cjs/loader:1934:10)\n    at Module.load (node:internal/modules/cjs/loader:1524:32)\n    at Module._load (node:internal/modules/cjs/loader:1326:12)\n    at TracingChannel.traceSync (node:diagnostics_channel:328:14)\n    at wrapModuleLoad (node:internal/modules/cjs/loader:245:24)\n    at Module.executeUserEntryPoint [as runMain] (node:internal/modules/run_main:154:5)\n\nNode.js v26.0.0-pre"},"time":702.937,"fullname":"pummel/test-heapdump-worker","closingTestPoint":false}},{"testName":"sequential/test-get-heapsnapshot-options","timestamp":1767545414967,"status":"FAILED","jobName":"node-test-binary-windows-js-suites","config":"node-test-binary-windows-js-suites » 3,win2019-COMPILED_BY-vs2022_clang #38177","buildUrl":"https://ci.nodejs.org/job/node-test-binary-windows-js-suites/RUN_SUBSET=3,nodes=win2019-COMPILED_BY-vs2022_clang/38177/","buildNumber":38177,"builtOn":"test-rackspace-win2019_vs2019-x64-3","nodeVersion":"26.0.0","commitHash":"ed9afc46fe24cd41bf126ab146913e779d3d7795","callStack":[{"upstreamBuild":74526,"upstreamProject":"node-test-commit-windows-fanned","upstreamUrl":"job/node-test-commit-windows-fanned/"},{"upstreamBuild":84615,"upstreamProject":"node-test-commit","upstreamUrl":"job/node-test-commit/"},{"upstreamBuild":70668,"upstreamProject":"node-test-pull-request","upstreamUrl":"job/node-test-pull-request/"},{"prId":"60441"}],"tap":{"ok":false,"name":"sequential/test-get-heapsnapshot-options","id":1176,"buffered":false,"tapError":null,"skip":false,"todo":false,"previous":null,"plan":null,"diag":{"severity":"fail","exitcode":1,"stack":"[STDERR] C:\\workspace\\node-test-binary-windows-js-suites\\node\\test\\common\\heap.js:25\n  const meta = dump.snapshot.meta;\n                    ^\n\nTypeError: Cannot read properties of null (reading 'snapshot')\n    at createJSHeapSnapshot (C:\\workspace\\node-test-binary-windows-js-suites\\node\\test\\common\\heap.js:25:21)\n    at new State (C:\\workspace\\node-test-binary-windows-js-suites\\node\\test\\common\\heap.js:114:21)\n    at recordState (C:\\workspace\\node-test-binary-windows-js-suites\\node\\test\\common\\heap.js:213:10)\n    at Object.<anonymous> (C:\\workspace\\node-test-binary-windows-js-suites\\node\\test\\sequential\\test-get-heapsnapshot-options.js:14:20)\n    at Module._compile (node:internal/modules/cjs/loader:1803:14)\n    at Object..js (node:internal/modules/cjs/loader:1934:10)\n    at Module.load (node:internal/modules/cjs/loader:1524:32)\n    at Module._load (node:internal/modules/cjs/loader:1326:12)\n    at TracingChannel.traceSync (node:diagnostics_channel:328:14)\n    at wrapModuleLoad (node:internal/modules/cjs/loader:245:24)\n\nNode.js v26.0.0-pre\n\n[STDOUT] \nnode:internal/assert/utils:146\n  throw error;\n  ^\n\nAssertionError [ERR_ASSERTION]: Expected values to be strictly equal:\n\n1 !== 0\n\n    at Object.<anonymous> (C:\\workspace\\node-test-binary-windows-js-suites\\node\\test\\sequential\\test-get-heapsnapshot-options.js:38:10)\n    at Module._compile (node:internal/modules/cjs/loader:1803:14)\n    at Object..js (node:internal/modules/cjs/loader:1934:10)\n    at Module.load (node:internal/modules/cjs/loader:1524:32)\n    at Module._load (node:internal/modules/cjs/loader:1326:12)\n    at TracingChannel.traceSync (node:diagnostics_channel:328:14)\n    at wrapModuleLoad (node:internal/modules/cjs/loader:245:24)\n    at Module.executeUserEntryPoint [as runMain] (node:internal/modules/run_main:154:5)\n    at node:internal/main/run_main_module:33:47 {\n  generatedMessage: true,\n  code: 'ERR_ASSERTION',\n  actual: 1,\n  expected: 0,\n  operator: 'strictEqual',\n  diff: 'simple'\n}\n\nNode.js v26.0.0-pre"},"time":924.001,"fullname":"sequential/test-get-heapsnapshot-options","closingTestPoint":false}},{"testName":"pummel/test-heapdump-env","timestamp":1767545414967,"status":"FAILED","jobName":"node-test-binary-windows-js-suites","config":"node-test-binary-windows-js-suites » 3,win10-COMPILED_BY-vs2022_clang #38177","buildUrl":"https://ci.nodejs.org/job/node-test-binary-windows-js-suites/RUN_SUBSET=3,nodes=win10-COMPILED_BY-vs2022_clang/38177/","buildNumber":38177,"builtOn":"test-azure_msft-win10_vs2019-x64-2","nodeVersion":"26.0.0","commitHash":"ed9afc46fe24cd41bf126ab146913e779d3d7795","callStack":[{"upstreamBuild":74526,"upstreamProject":"node-test-commit-windows-fanned","upstreamUrl":"job/node-test-commit-windows-fanned/"},{"upstreamBuild":84615,"upstreamProject":"node-test-commit","upstreamUrl":"job/node-test-commit/"},{"upstreamBuild":70668,"upstreamProject":"node-test-pull-request","upstreamUrl":"job/node-test-pull-request/"},{"prId":"60441"}],"tap":{"ok":false,"name":"pummel/test-heapdump-env","id":1154,"buffered":false,"tapError":null,"skip":false,"todo":false,"previous":null,"plan":null,"diag":{"severity":"fail","exitcode":1,"stack":"c:\\workspace\\node-test-binary-windows-js-suites\\node\\test\\common\\heap.js:25\n  const meta = dump.snapshot.meta;\n                    ^\n\nTypeError: Cannot read properties of null (reading 'snapshot')\n    at createJSHeapSnapshot (c:\\workspace\\node-test-binary-windows-js-suites\\node\\test\\common\\heap.js:25:21)\n    at Object.<anonymous> (c:\\workspace\\node-test-binary-windows-js-suites\\node\\test\\pummel\\test-heapdump-env.js:10:15)\n    at Module._compile (node:internal/modules/cjs/loader:1803:14)\n    at Object..js (node:internal/modules/cjs/loader:1934:10)\n    at Module.load (node:internal/modules/cjs/loader:1524:32)\n    at Module._load (node:internal/modules/cjs/loader:1326:12)\n    at TracingChannel.traceSync (node:diagnostics_channel:328:14)\n    at wrapModuleLoad (node:internal/modules/cjs/loader:245:24)\n    at Module.executeUserEntryPoint [as runMain] (node:internal/modules/run_main:154:5)\n    at node:internal/main/run_main_module:33:47\n\nNode.js v26.0.0-pre"},"time":351.971,"fullname":"pummel/test-heapdump-env","closingTestPoint":false}},{"testName":"pummel/test-heapdump-shadow-realm","timestamp":1767545414967,"status":"FAILED","jobName":"node-test-binary-windows-js-suites","config":"node-test-binary-windows-js-suites » 3,win10-COMPILED_BY-vs2022_clang #38177","buildUrl":"https://ci.nodejs.org/job/node-test-binary-windows-js-suites/RUN_SUBSET=3,nodes=win10-COMPILED_BY-vs2022_clang/38177/","buildNumber":38177,"builtOn":"test-azure_msft-win10_vs2019-x64-2","nodeVersion":"26.0.0","commitHash":"ed9afc46fe24cd41bf126ab146913e779d3d7795","callStack":[{"upstreamBuild":74526,"upstreamProject":"node-test-commit-windows-fanned","upstreamUrl":"job/node-test-commit-windows-fanned/"},{"upstreamBuild":84615,"upstreamProject":"node-test-commit","upstreamUrl":"job/node-test-commit/"},{"upstreamBuild":70668,"upstreamProject":"node-test-pull-request","upstreamUrl":"job/node-test-pull-request/"},{"prId":"60441"}],"tap":{"ok":false,"name":"pummel/test-heapdump-shadow-realm","id":1155,"buffered":false,"tapError":null,"skip":false,"todo":false,"previous":null,"plan":null,"diag":{"severity":"fail","exitcode":1,"stack":"c:\\workspace\\node-test-binary-windows-js-suites\\node\\test\\common\\heap.js:25\n  const meta = dump.snapshot.meta;\n                    ^\n\nTypeError: Cannot read properties of null (reading 'snapshot')\n    at createJSHeapSnapshot (c:\\workspace\\node-test-binary-windows-js-suites\\node\\test\\common\\heap.js:25:21)\n    at validateByRetainingPath (c:\\workspace\\node-test-binary-windows-js-suites\\node\\test\\common\\heap.js:334:17)\n    at Object.<anonymous> (c:\\workspace\\node-test-binary-windows-js-suites\\node\\test\\pummel\\test-heapdump-shadow-realm.js:11:17)\n    at Module._compile (node:internal/modules/cjs/loader:1803:14)\n    at Object..js (node:internal/modules/cjs/loader:1934:10)\n    at Module.load (node:internal/modules/cjs/loader:1524:32)\n    at Module._load (node:internal/modules/cjs/loader:1326:12)\n    at TracingChannel.traceSync (node:diagnostics_channel:328:14)\n    at wrapModuleLoad (node:internal/modules/cjs/loader:245:24)\n    at Module.executeUserEntryPoint [as runMain] (node:internal/modules/run_main:154:5)\n\nNode.js v26.0.0-pre"},"time":382.784,"fullname":"pummel/test-heapdump-shadow-realm","closingTestPoint":false}},{"testName":"pummel/test-heapdump-worker","timestamp":1767545414967,"status":"FAILED","jobName":"node-test-binary-windows-js-suites","config":"node-test-binary-windows-js-suites » 3,win10-COMPILED_BY-vs2022_clang #38177","buildUrl":"https://ci.nodejs.org/job/node-test-binary-windows-js-suites/RUN_SUBSET=3,nodes=win10-COMPILED_BY-vs2022_clang/38177/","buildNumber":38177,"builtOn":"test-azure_msft-win10_vs2019-x64-2","nodeVersion":"26.0.0","commitHash":"ed9afc46fe24cd41bf126ab146913e779d3d7795","callStack":[{"upstreamBuild":74526,"upstreamProject":"node-test-commit-windows-fanned","upstreamUrl":"job/node-test-commit-windows-fanned/"},{"upstreamBuild":84615,"upstreamProject":"node-test-commit","upstreamUrl":"job/node-test-commit/"},{"upstreamBuild":70668,"upstreamProject":"node-test-pull-request","upstreamUrl":"job/node-test-pull-request/"},{"prId":"60441"}],"tap":{"ok":false,"name":"pummel/test-heapdump-worker","id":1156,"buffered":false,"tapError":null,"skip":false,"todo":false,"previous":null,"plan":null,"diag":{"severity":"fail","exitcode":1,"stack":"c:\\workspace\\node-test-binary-windows-js-suites\\node\\test\\common\\heap.js:25\n  const meta = dump.snapshot.meta;\n                    ^\n\nTypeError: Cannot read properties of null (reading 'snapshot')\n    at createJSHeapSnapshot (c:\\workspace\\node-test-binary-windows-js-suites\\node\\test\\common\\heap.js:25:21)\n    at validateByRetainingPath (c:\\workspace\\node-test-binary-windows-js-suites\\node\\test\\common\\heap.js:334:17)\n    at Object.<anonymous> (c:\\workspace\\node-test-binary-windows-js-suites\\node\\test\\pummel\\test-heapdump-worker.js:12:17)\n    at Module._compile (node:internal/modules/cjs/loader:1803:14)\n    at Object..js (node:internal/modules/cjs/loader:1934:10)\n    at Module.load (node:internal/modules/cjs/loader:1524:32)\n    at Module._load (node:internal/modules/cjs/loader:1326:12)\n    at TracingChannel.traceSync (node:diagnostics_channel:328:14)\n    at wrapModuleLoad (node:internal/modules/cjs/loader:245:24)\n    at Module.executeUserEntryPoint [as runMain] (node:internal/modules/run_main:154:5)\n\nNode.js v26.0.0-pre"},"time":368.155,"fullname":"pummel/test-heapdump-worker","closingTestPoint":false}},{"testName":"sequential/test-get-heapsnapshot-options","timestamp":1767545414967,"status":"FAILED","jobName":"node-test-binary-windows-js-suites","config":"node-test-binary-windows-js-suites » 3,win10-COMPILED_BY-vs2022_clang #38177","buildUrl":"https://ci.nodejs.org/job/node-test-binary-windows-js-suites/RUN_SUBSET=3,nodes=win10-COMPILED_BY-vs2022_clang/38177/","buildNumber":38177,"builtOn":"test-azure_msft-win10_vs2019-x64-2","nodeVersion":"26.0.0","commitHash":"ed9afc46fe24cd41bf126ab146913e779d3d7795","callStack":[{"upstreamBuild":74526,"upstreamProject":"node-test-commit-windows-fanned","upstreamUrl":"job/node-test-commit-windows-fanned/"},{"upstreamBuild":84615,"upstreamProject":"node-test-commit","upstreamUrl":"job/node-test-commit/"},{"upstreamBuild":70668,"upstreamProject":"node-test-pull-request","upstreamUrl":"job/node-test-pull-request/"},{"prId":"60441"}],"tap":{"ok":false,"name":"sequential/test-get-heapsnapshot-options","id":1176,"buffered":false,"tapError":null,"skip":false,"todo":false,"previous":null,"plan":null,"diag":{"severity":"fail","exitcode":1,"stack":"[STDERR] c:\\workspace\\node-test-binary-windows-js-suites\\node\\test\\common\\heap.js:25\n  const meta = dump.snapshot.meta;\n                    ^\n\nTypeError: Cannot read properties of null (reading 'snapshot')\n    at createJSHeapSnapshot (c:\\workspace\\node-test-binary-windows-js-suites\\node\\test\\common\\heap.js:25:21)\n    at new State (c:\\workspace\\node-test-binary-windows-js-suites\\node\\test\\common\\heap.js:114:21)\n    at recordState (c:\\workspace\\node-test-binary-windows-js-suites\\node\\test\\common\\heap.js:213:10)\n    at Object.<anonymous> (c:\\workspace\\node-test-binary-windows-js-suites\\node\\test\\sequential\\test-get-heapsnapshot-options.js:14:20)\n    at Module._compile (node:internal/modules/cjs/loader:1803:14)\n    at Object..js (node:internal/modules/cjs/loader:1934:10)\n    at Module.load (node:internal/modules/cjs/loader:1524:32)\n    at Module._load (node:internal/modules/cjs/loader:1326:12)\n    at TracingChannel.traceSync (node:diagnostics_channel:328:14)\n    at wrapModuleLoad (node:internal/modules/cjs/loader:245:24)\n\nNode.js v26.0.0-pre\n\n[STDOUT] \nnode:internal/assert/utils:146\n  throw error;\n  ^\n\nAssertionError [ERR_ASSERTION]: Expected values to be strictly equal:\n\n1 !== 0\n\n    at Object.<anonymous> (c:\\workspace\\node-test-binary-windows-js-suites\\node\\test\\sequential\\test-get-heapsnapshot-options.js:38:10)\n    at Module._compile (node:internal/modules/cjs/loader:1803:14)\n    at Object..js (node:internal/modules/cjs/loader:1934:10)\n    at Module.load (node:internal/modules/cjs/loader:1524:32)\n    at Module._load (node:internal/modules/cjs/loader:1326:12)\n    at TracingChannel.traceSync (node:diagnostics_channel:328:14)\n    at wrapModuleLoad (node:internal/modules/cjs/loader:245:24)\n    at Module.executeUserEntryPoint [as runMain] (node:internal/modules/run_main:154:5)\n    at node:internal/main/run_main_module:33:47 {\n  generatedMessage: true,\n  code: 'ERR_ASSERTION',\n  actual: 1,\n  expected: 0,\n  operator: 'strictEqual',\n  diff: 'simple'\n}\n\nNode.js v26.0.0-pre"},"time":489.005,"fullname":"sequential/test-get-heapsnapshot-options","closingTestPoint":false}},{"testName":"pummel/test-heapdump-fs-promise","timestamp":1767545414967,"status":"FAILED","jobName":"node-test-binary-windows-js-suites","config":"node-test-binary-windows-js-suites » 0,win2022-COMPILED_BY-vs2022_clang #38177","buildUrl":"https://ci.nodejs.org/job/node-test-binary-windows-js-suites/RUN_SUBSET=0,nodes=win2022-COMPILED_BY-vs2022_clang/38177/","buildNumber":38177,"builtOn":"test-rackspace-win2022_vs2022-x64-2","nodeVersion":"26.0.0","commitHash":"ed9afc46fe24cd41bf126ab146913e779d3d7795","callStack":[{"upstreamBuild":74526,"upstreamProject":"node-test-commit-windows-fanned","upstreamUrl":"job/node-test-commit-windows-fanned/"},{"upstreamBuild":84615,"upstreamProject":"node-test-commit","upstreamUrl":"job/node-test-commit/"},{"upstreamBuild":70668,"upstreamProject":"node-test-pull-request","upstreamUrl":"job/node-test-pull-request/"},{"prId":"60441"}],"tap":{"ok":false,"name":"pummel/test-heapdump-fs-promise","id":1150,"buffered":false,"tapError":null,"skip":false,"todo":false,"previous":null,"plan":null,"diag":{"severity":"fail","exitcode":1,"stack":"C:\\workspace\\node-test-binary-windows-js-suites\\node\\test\\common\\heap.js:25\n  const meta = dump.snapshot.meta;\n                    ^\n\nTypeError: Cannot read properties of null (reading 'snapshot')\n    at createJSHeapSnapshot (C:\\workspace\\node-test-binary-windows-js-suites\\node\\test\\common\\heap.js:25:21)\n    at validateByRetainingPath (C:\\workspace\\node-test-binary-windows-js-suites\\node\\test\\common\\heap.js:334:17)\n    at Object.<anonymous> (C:\\workspace\\node-test-binary-windows-js-suites\\node\\test\\pummel\\test-heapdump-fs-promise.js:12:17)\n    at Module._compile (node:internal/modules/cjs/loader:1803:14)\n    at Object..js (node:internal/modules/cjs/loader:1934:10)\n    at Module.load (node:internal/modules/cjs/loader:1524:32)\n    at Module._load (node:internal/modules/cjs/loader:1326:12)\n    at TracingChannel.traceSync (node:diagnostics_channel:328:14)\n    at wrapModuleLoad (node:internal/modules/cjs/loader:245:24)\n    at Module.executeUserEntryPoint [as runMain] (node:internal/modules/run_main:154:5)\n\nNode.js v26.0.0-pre"},"time":798.988,"fullname":"pummel/test-heapdump-fs-promise","closingTestPoint":false}},{"testName":"pummel/test-heapdump-tls","timestamp":1767545414967,"status":"FAILED","jobName":"node-test-binary-windows-js-suites","config":"node-test-binary-windows-js-suites » 0,win2022-COMPILED_BY-vs2022_clang #38177","buildUrl":"https://ci.nodejs.org/job/node-test-binary-windows-js-suites/RUN_SUBSET=0,nodes=win2022-COMPILED_BY-vs2022_clang/38177/","buildNumber":38177,"builtOn":"test-rackspace-win2022_vs2022-x64-2","nodeVersion":"26.0.0","commitHash":"ed9afc46fe24cd41bf126ab146913e779d3d7795","callStack":[{"upstreamBuild":74526,"upstreamProject":"node-test-commit-windows-fanned","upstreamUrl":"job/node-test-commit-windows-fanned/"},{"upstreamBuild":84615,"upstreamProject":"node-test-commit","upstreamUrl":"job/node-test-commit/"},{"upstreamBuild":70668,"upstreamProject":"node-test-pull-request","upstreamUrl":"job/node-test-pull-request/"},{"prId":"60441"}],"tap":{"ok":false,"name":"pummel/test-heapdump-tls","id":1151,"buffered":false,"tapError":null,"skip":false,"todo":false,"previous":null,"plan":null,"diag":{"severity":"fail","exitcode":1,"stack":"C:\\workspace\\node-test-binary-windows-js-suites\\node\\test\\common\\heap.js:25\n  const meta = dump.snapshot.meta;\n                    ^\n\nTypeError: Cannot read properties of null (reading 'snapshot')\n    at createJSHeapSnapshot (C:\\workspace\\node-test-binary-windows-js-suites\\node\\test\\common\\heap.js:25:21)\n    at validateByRetainingPath (C:\\workspace\\node-test-binary-windows-js-suites\\node\\test\\common\\heap.js:334:17)\n    at Object.<anonymous> (C:\\workspace\\node-test-binary-windows-js-suites\\node\\test\\pummel\\test-heapdump-tls.js:15:17)\n    at Module._compile (node:internal/modules/cjs/loader:1803:14)\n    at Object..js (node:internal/modules/cjs/loader:1934:10)\n    at Module.load (node:internal/modules/cjs/loader:1524:32)\n    at Module._load (node:internal/modules/cjs/loader:1326:12)\n    at TracingChannel.traceSync (node:diagnostics_channel:328:14)\n    at wrapModuleLoad (node:internal/modules/cjs/loader:245:24)\n    at Module.executeUserEntryPoint [as runMain] (node:internal/modules/run_main:154:5)\n\nNode.js v26.0.0-pre"},"time":708.028,"fullname":"pummel/test-heapdump-tls","closingTestPoint":false}},{"testName":"pummel/test-heapdump-zlib","timestamp":1767545414967,"status":"FAILED","jobName":"node-test-binary-windows-js-suites","config":"node-test-binary-windows-js-suites » 0,win2022-COMPILED_BY-vs2022_clang #38177","buildUrl":"https://ci.nodejs.org/job/node-test-binary-windows-js-suites/RUN_SUBSET=0,nodes=win2022-COMPILED_BY-vs2022_clang/38177/","buildNumber":38177,"builtOn":"test-rackspace-win2022_vs2022-x64-2","nodeVersion":"26.0.0","commitHash":"ed9afc46fe24cd41bf126ab146913e779d3d7795","callStack":[{"upstreamBuild":74526,"upstreamProject":"node-test-commit-windows-fanned","upstreamUrl":"job/node-test-commit-windows-fanned/"},{"upstreamBuild":84615,"upstreamProject":"node-test-commit","upstreamUrl":"job/node-test-commit/"},{"upstreamBuild":70668,"upstreamProject":"node-test-pull-request","upstreamUrl":"job/node-test-pull-request/"},{"prId":"60441"}],"tap":{"ok":false,"name":"pummel/test-heapdump-zlib","id":1155,"buffered":false,"tapError":null,"skip":false,"todo":false,"previous":null,"plan":null,"diag":{"severity":"fail","exitcode":1,"stack":"C:\\workspace\\node-test-binary-windows-js-suites\\node\\test\\common\\heap.js:25\n  const meta = dump.snapshot.meta;\n                    ^\n\nTypeError: Cannot read properties of null (reading 'snapshot')\n    at createJSHeapSnapshot (C:\\workspace\\node-test-binary-windows-js-suites\\node\\test\\common\\heap.js:25:21)\n    at validateByRetainingPath (C:\\workspace\\node-test-binary-windows-js-suites\\node\\test\\common\\heap.js:334:17)\n    at Object.<anonymous> (C:\\workspace\\node-test-binary-windows-js-suites\\node\\test\\pummel\\test-heapdump-zlib.js:11:17)\n    at Module._compile (node:internal/modules/cjs/loader:1803:14)\n    at Object..js (node:internal/modules/cjs/loader:1934:10)\n    at Module.load (node:internal/modules/cjs/loader:1524:32)\n    at Module._load (node:internal/modules/cjs/loader:1326:12)\n    at TracingChannel.traceSync (node:diagnostics_channel:328:14)\n    at wrapModuleLoad (node:internal/modules/cjs/loader:245:24)\n    at Module.executeUserEntryPoint [as runMain] (node:internal/modules/run_main:154:5)\n\nNode.js v26.0.0-pre"},"time":788.01,"fullname":"pummel/test-heapdump-zlib","closingTestPoint":false}},{"testName":"pummel/test-worker-take-heapsnapshot","timestamp":1767545414967,"status":"FAILED","jobName":"node-test-binary-windows-js-suites","config":"node-test-binary-windows-js-suites » 0,win2022-COMPILED_BY-vs2022_clang #38177","buildUrl":"https://ci.nodejs.org/job/node-test-binary-windows-js-suites/RUN_SUBSET=0,nodes=win2022-COMPILED_BY-vs2022_clang/38177/","buildNumber":38177,"builtOn":"test-rackspace-win2022_vs2022-x64-2","nodeVersion":"26.0.0","commitHash":"ed9afc46fe24cd41bf126ab146913e779d3d7795","callStack":[{"upstreamBuild":74526,"upstreamProject":"node-test-commit-windows-fanned","upstreamUrl":"job/node-test-commit-windows-fanned/"},{"upstreamBuild":84615,"upstreamProject":"node-test-commit","upstreamUrl":"job/node-test-commit/"},{"upstreamBuild":70668,"upstreamProject":"node-test-pull-request","upstreamUrl":"job/node-test-pull-request/"},{"prId":"60441"}],"tap":{"ok":false,"name":"pummel/test-worker-take-heapsnapshot","id":1165,"buffered":false,"tapError":null,"skip":false,"todo":false,"previous":null,"plan":null,"diag":{"severity":"fail","exitcode":1,"stack":"C:\\workspace\\node-test-binary-windows-js-suites\\node\\test\\common\\heap.js:25\n  const meta = dump.snapshot.meta;\n                    ^\n\nTypeError: Cannot read properties of null (reading 'snapshot')\n    at createJSHeapSnapshot (C:\\workspace\\node-test-binary-windows-js-suites\\node\\test\\common\\heap.js:25:21)\n    at new State (C:\\workspace\\node-test-binary-windows-js-suites\\node\\test\\common\\heap.js:114:21)\n    at recordState (C:\\workspace\\node-test-binary-windows-js-suites\\node\\test\\common\\heap.js:213:10)\n    at C:\\workspace\\node-test-binary-windows-js-suites\\node\\test\\pummel\\test-worker-take-heapsnapshot.js:13:20\n\nNode.js v26.0.0-pre"},"time":796.008,"fullname":"pummel/test-worker-take-heapsnapshot","closingTestPoint":false}},{"testName":"sequential/test-worker-heapsnapshot-options","timestamp":1767545414967,"status":"FAILED","jobName":"node-test-binary-windows-js-suites","config":"node-test-binary-windows-js-suites » 0,win2022-COMPILED_BY-vs2022_clang #38177","buildUrl":"https://ci.nodejs.org/job/node-test-binary-windows-js-suites/RUN_SUBSET=0,nodes=win2022-COMPILED_BY-vs2022_clang/38177/","buildNumber":38177,"builtOn":"test-rackspace-win2022_vs2022-x64-2","nodeVersion":"26.0.0","commitHash":"ed9afc46fe24cd41bf126ab146913e779d3d7795","callStack":[{"upstreamBuild":74526,"upstreamProject":"node-test-commit-windows-fanned","upstreamUrl":"job/node-test-commit-windows-fanned/"},{"upstreamBuild":84615,"upstreamProject":"node-test-commit","upstreamUrl":"job/node-test-commit/"},{"upstreamBuild":70668,"upstreamProject":"node-test-pull-request","upstreamUrl":"job/node-test-pull-request/"},{"prId":"60441"}],"tap":{"ok":false,"name":"sequential/test-worker-heapsnapshot-options","id":1194,"buffered":false,"tapError":null,"skip":false,"todo":false,"previous":null,"plan":null,"diag":{"severity":"fail","exitcode":1,"stack":"C:\\workspace\\node-test-binary-windows-js-suites\\node\\test\\common\\heap.js:25\n  const meta = dump.snapshot.meta;\n                    ^\n\nTypeError: Cannot read properties of null (reading 'snapshot')\n    at createJSHeapSnapshot (C:\\workspace\\node-test-binary-windows-js-suites\\node\\test\\common\\heap.js:25:21)\n    at new State (C:\\workspace\\node-test-binary-windows-js-suites\\node\\test\\common\\heap.js:114:21)\n    at recordState (C:\\workspace\\node-test-binary-windows-js-suites\\node\\test\\common\\heap.js:213:10)\n    at C:\\workspace\\node-test-binary-windows-js-suites\\node\\test\\sequential\\test-worker-heapsnapshot-options.js:16:22\n\nNode.js v26.0.0-pre"},"time":784.007,"fullname":"sequential/test-worker-heapsnapshot-options","closingTestPoint":false}},{"testName":"pummel/test-heapdump-dns","timestamp":1767545414967,"status":"FAILED","jobName":"node-test-binary-windows-js-suites","config":"node-test-binary-windows-js-suites » 2,win2019-COMPILED_BY-vs2022_clang #38177","buildUrl":"https://ci.nodejs.org/job/node-test-binary-windows-js-suites/RUN_SUBSET=2,nodes=win2019-COMPILED_BY-vs2022_clang/38177/","buildNumber":38177,"builtOn":"test-rackspace-win2019_vs2019-x64-4","nodeVersion":"26.0.0","commitHash":"ed9afc46fe24cd41bf126ab146913e779d3d7795","callStack":[{"upstreamBuild":74526,"upstreamProject":"node-test-commit-windows-fanned","upstreamUrl":"job/node-test-commit-windows-fanned/"},{"upstreamBuild":84615,"upstreamProject":"node-test-commit","upstreamUrl":"job/node-test-commit/"},{"upstreamBuild":70668,"upstreamProject":"node-test-pull-request","upstreamUrl":"job/node-test-pull-request/"},{"prId":"60441"}],"tap":{"ok":false,"name":"pummel/test-heapdump-dns","id":1154,"buffered":false,"tapError":null,"skip":false,"todo":false,"previous":null,"plan":null,"diag":{"severity":"fail","exitcode":1,"stack":"C:\\workspace\\node-test-binary-windows-js-suites\\node\\test\\common\\heap.js:25\n  const meta = dump.snapshot.meta;\n                    ^\n\nTypeError: Cannot read properties of null (reading 'snapshot')\n    at createJSHeapSnapshot (C:\\workspace\\node-test-binary-windows-js-suites\\node\\test\\common\\heap.js:25:21)\n    at validateByRetainingPath (C:\\workspace\\node-test-binary-windows-js-suites\\node\\test\\common\\heap.js:334:17)\n    at Object.<anonymous> (C:\\workspace\\node-test-binary-windows-js-suites\\node\\test\\pummel\\test-heapdump-dns.js:10:17)\n    at Module._compile (node:internal/modules/cjs/loader:1803:14)\n    at Object..js (node:internal/modules/cjs/loader:1934:10)\n    at Module.load (node:internal/modules/cjs/loader:1524:32)\n    at Module._load (node:internal/modules/cjs/loader:1326:12)\n    at TracingChannel.traceSync (node:diagnostics_channel:328:14)\n    at wrapModuleLoad (node:internal/modules/cjs/loader:245:24)\n    at Module.executeUserEntryPoint [as runMain] (node:internal/modules/run_main:154:5)\n\nNode.js v26.0.0-pre"},"time":804.002,"fullname":"pummel/test-heapdump-dns","closingTestPoint":false}},{"testName":"pummel/test-heapdump-inspector","timestamp":1767545414967,"status":"FAILED","jobName":"node-test-binary-windows-js-suites","config":"node-test-binary-windows-js-suites » 2,win2019-COMPILED_BY-vs2022_clang #38177","buildUrl":"https://ci.nodejs.org/job/node-test-binary-windows-js-suites/RUN_SUBSET=2,nodes=win2019-COMPILED_BY-vs2022_clang/38177/","buildNumber":38177,"builtOn":"test-rackspace-win2019_vs2019-x64-4","nodeVersion":"26.0.0","commitHash":"ed9afc46fe24cd41bf126ab146913e779d3d7795","callStack":[{"upstreamBuild":74526,"upstreamProject":"node-test-commit-windows-fanned","upstreamUrl":"job/node-test-commit-windows-fanned/"},{"upstreamBuild":84615,"upstreamProject":"node-test-commit","upstreamUrl":"job/node-test-commit/"},{"upstreamBuild":70668,"upstreamProject":"node-test-pull-request","upstreamUrl":"job/node-test-pull-request/"},{"prId":"60441"}],"tap":{"ok":false,"name":"pummel/test-heapdump-inspector","id":1155,"buffered":false,"tapError":null,"skip":false,"todo":false,"previous":null,"plan":null,"diag":{"severity":"fail","exitcode":1,"stack":"C:\\workspace\\node-test-binary-windows-js-suites\\node\\test\\common\\heap.js:25\n  const meta = dump.snapshot.meta;\n                    ^\n\nTypeError: Cannot read properties of null (reading 'snapshot')\n    at createJSHeapSnapshot (C:\\workspace\\node-test-binary-windows-js-suites\\node\\test\\common\\heap.js:25:21)\n    at validateByRetainingPath (C:\\workspace\\node-test-binary-windows-js-suites\\node\\test\\common\\heap.js:334:17)\n    at Object.<anonymous> (C:\\workspace\\node-test-binary-windows-js-suites\\node\\test\\pummel\\test-heapdump-inspector.js:13:17)\n    at Module._compile (node:internal/modules/cjs/loader:1803:14)\n    at Object..js (node:internal/modules/cjs/loader:1934:10)\n    at Module.load (node:internal/modules/cjs/loader:1524:32)\n    at Module._load (node:internal/modules/cjs/loader:1326:12)\n    at TracingChannel.traceSync (node:diagnostics_channel:328:14)\n    at wrapModuleLoad (node:internal/modules/cjs/loader:245:24)\n    at Module.executeUserEntryPoint [as runMain] (node:internal/modules/run_main:154:5)\n\nNode.js v26.0.0-pre"},"time":706,"fullname":"pummel/test-heapdump-inspector","closingTestPoint":false}},{"testName":"pummel/test-heapdump-vm-script","timestamp":1767545414967,"status":"FAILED","jobName":"node-test-binary-windows-js-suites","config":"node-test-binary-windows-js-suites » 2,win2019-COMPILED_BY-vs2022_clang #38177","buildUrl":"https://ci.nodejs.org/job/node-test-binary-windows-js-suites/RUN_SUBSET=2,nodes=win2019-COMPILED_BY-vs2022_clang/38177/","buildNumber":38177,"builtOn":"test-rackspace-win2019_vs2019-x64-4","nodeVersion":"26.0.0","commitHash":"ed9afc46fe24cd41bf126ab146913e779d3d7795","callStack":[{"upstreamBuild":74526,"upstreamProject":"node-test-commit-windows-fanned","upstreamUrl":"job/node-test-commit-windows-fanned/"},{"upstreamBuild":84615,"upstreamProject":"node-test-commit","upstreamUrl":"job/node-test-commit/"},{"upstreamBuild":70668,"upstreamProject":"node-test-pull-request","upstreamUrl":"job/node-test-pull-request/"},{"prId":"60441"}],"tap":{"ok":false,"name":"pummel/test-heapdump-vm-script","id":1156,"buffered":false,"tapError":null,"skip":false,"todo":false,"previous":null,"plan":null,"diag":{"severity":"fail","exitcode":1,"stack":"C:\\workspace\\node-test-binary-windows-js-suites\\node\\test\\common\\heap.js:25\n  const meta = dump.snapshot.meta;\n                    ^\n\nTypeError: Cannot read properties of null (reading 'snapshot')\n    at createJSHeapSnapshot (C:\\workspace\\node-test-binary-windows-js-suites\\node\\test\\common\\heap.js:25:21)\n    at validateByRetainingPath (C:\\workspace\\node-test-binary-windows-js-suites\\node\\test\\common\\heap.js:334:17)\n    at Object.<anonymous> (C:\\workspace\\node-test-binary-windows-js-suites\\node\\test\\pummel\\test-heapdump-vm-script.js:7:1)\n    at Module._compile (node:internal/modules/cjs/loader:1803:14)\n    at Object..js (node:internal/modules/cjs/loader:1934:10)\n    at Module.load (node:internal/modules/cjs/loader:1524:32)\n    at Module._load (node:internal/modules/cjs/loader:1326:12)\n    at TracingChannel.traceSync (node:diagnostics_channel:328:14)\n    at wrapModuleLoad (node:internal/modules/cjs/loader:245:24)\n    at Module.executeUserEntryPoint [as runMain] (node:internal/modules/run_main:154:5)\n\nNode.js v26.0.0-pre"},"time":806.994,"fullname":"pummel/test-heapdump-vm-script","closingTestPoint":false}},{"testName":"pummel/test-heapdump-http2","timestamp":1767545414967,"status":"FAILED","jobName":"node-test-binary-windows-js-suites","config":"node-test-binary-windows-js-suites » 1,win2019-COMPILED_BY-vs2022_clang #38177","buildUrl":"https://ci.nodejs.org/job/node-test-binary-windows-js-suites/RUN_SUBSET=1,nodes=win2019-COMPILED_BY-vs2022_clang/38177/","buildNumber":38177,"builtOn":"test-rackspace-win2019_vs2019-x64-2","nodeVersion":"26.0.0","commitHash":"ed9afc46fe24cd41bf126ab146913e779d3d7795","callStack":[{"upstreamBuild":74526,"upstreamProject":"node-test-commit-windows-fanned","upstreamUrl":"job/node-test-commit-windows-fanned/"},{"upstreamBuild":84615,"upstreamProject":"node-test-commit","upstreamUrl":"job/node-test-commit/"},{"upstreamBuild":70668,"upstreamProject":"node-test-pull-request","upstreamUrl":"job/node-test-pull-request/"},{"prId":"60441"}],"tap":{"ok":false,"name":"pummel/test-heapdump-http2","id":1155,"buffered":false,"tapError":null,"skip":false,"todo":false,"previous":null,"plan":null,"diag":{"severity":"fail","exitcode":1,"stack":"C:\\workspace\\node-test-binary-windows-js-suites\\node\\test\\common\\heap.js:25\n  const meta = dump.snapshot.meta;\n                    ^\n\nTypeError: Cannot read properties of null (reading 'snapshot')\n    at createJSHeapSnapshot (C:\\workspace\\node-test-binary-windows-js-suites\\node\\test\\common\\heap.js:25:21)\n    at validateByRetainingPath (C:\\workspace\\node-test-binary-windows-js-suites\\node\\test\\common\\heap.js:334:17)\n    at Object.<anonymous> (C:\\workspace\\node-test-binary-windows-js-suites\\node\\test\\pummel\\test-heapdump-http2.js:15:20)\n    at Module._compile (node:internal/modules/cjs/loader:1803:14)\n    at Object..js (node:internal/modules/cjs/loader:1934:10)\n    at Module.load (node:internal/modules/cjs/loader:1524:32)\n    at Module._load (node:internal/modules/cjs/loader:1326:12)\n    at TracingChannel.traceSync (node:diagnostics_channel:328:14)\n    at wrapModuleLoad (node:internal/modules/cjs/loader:245:24)\n    at Module.executeUserEntryPoint [as runMain] (node:internal/modules/run_main:154:5)\n\nNode.js v26.0.0-pre"},"time":921.009,"fullname":"pummel/test-heapdump-http2","closingTestPoint":false}},{"testName":"pummel/test-heapdump-urlpattern","timestamp":1767545414967,"status":"FAILED","jobName":"node-test-binary-windows-js-suites","config":"node-test-binary-windows-js-suites » 1,win2019-COMPILED_BY-vs2022_clang #38177","buildUrl":"https://ci.nodejs.org/job/node-test-binary-windows-js-suites/RUN_SUBSET=1,nodes=win2019-COMPILED_BY-vs2022_clang/38177/","buildNumber":38177,"builtOn":"test-rackspace-win2019_vs2019-x64-2","nodeVersion":"26.0.0","commitHash":"ed9afc46fe24cd41bf126ab146913e779d3d7795","callStack":[{"upstreamBuild":74526,"upstreamProject":"node-test-commit-windows-fanned","upstreamUrl":"job/node-test-commit-windows-fanned/"},{"upstreamBuild":84615,"upstreamProject":"node-test-commit","upstreamUrl":"job/node-test-commit/"},{"upstreamBuild":70668,"upstreamProject":"node-test-pull-request","upstreamUrl":"job/node-test-pull-request/"},{"prId":"60441"}],"tap":{"ok":false,"name":"pummel/test-heapdump-urlpattern","id":1156,"buffered":false,"tapError":null,"skip":false,"todo":false,"previous":null,"plan":null,"diag":{"severity":"fail","exitcode":1,"stack":"C:\\workspace\\node-test-binary-windows-js-suites\\node\\test\\common\\heap.js:25\n  const meta = dump.snapshot.meta;\n                    ^\n\nTypeError: Cannot read properties of null (reading 'snapshot')\n    at createJSHeapSnapshot (C:\\workspace\\node-test-binary-windows-js-suites\\node\\test\\common\\heap.js:25:21)\n    at validateByRetainingPath (C:\\workspace\\node-test-binary-windows-js-suites\\node\\test\\common\\heap.js:334:17)\n    at Object.<anonymous> (C:\\workspace\\node-test-binary-windows-js-suites\\node\\test\\pummel\\test-heapdump-urlpattern.js:10:17)\n    at Module._compile (node:internal/modules/cjs/loader:1803:14)\n    at Object..js (node:internal/modules/cjs/loader:1934:10)\n    at Module.load (node:internal/modules/cjs/loader:1524:32)\n    at Module._load (node:internal/modules/cjs/loader:1326:12)\n    at TracingChannel.traceSync (node:diagnostics_channel:328:14)\n    at wrapModuleLoad (node:internal/modules/cjs/loader:245:24)\n    at Module.executeUserEntryPoint [as runMain] (node:internal/modules/run_main:154:5)\n\nNode.js v26.0.0-pre"},"time":804.002,"fullname":"pummel/test-heapdump-urlpattern","closingTestPoint":false}},{"testName":"pummel/test-heapdump-fs-promise","timestamp":1767545414967,"status":"FAILED","jobName":"node-test-binary-windows-js-suites","config":"node-test-binary-windows-js-suites » 0,win11-COMPILED_BY-vs2022_clang #38177","buildUrl":"https://ci.nodejs.org/job/node-test-binary-windows-js-suites/RUN_SUBSET=0,nodes=win11-COMPILED_BY-vs2022_clang/38177/","buildNumber":38177,"builtOn":"test-azure_msft-win11_vs2022-x64-1","nodeVersion":"26.0.0","commitHash":"ed9afc46fe24cd41bf126ab146913e779d3d7795","callStack":[{"upstreamBuild":74526,"upstreamProject":"node-test-commit-windows-fanned","upstreamUrl":"job/node-test-commit-windows-fanned/"},{"upstreamBuild":84615,"upstreamProject":"node-test-commit","upstreamUrl":"job/node-test-commit/"},{"upstreamBuild":70668,"upstreamProject":"node-test-pull-request","upstreamUrl":"job/node-test-pull-request/"},{"prId":"60441"}],"tap":{"ok":false,"name":"pummel/test-heapdump-fs-promise","id":1155,"buffered":false,"tapError":null,"skip":false,"todo":false,"previous":null,"plan":null,"diag":{"severity":"fail","exitcode":1,"stack":"c:\\workspace\\node-test-binary-windows-js-suites\\node\\test\\common\\heap.js:25\n  const meta = dump.snapshot.meta;\n                    ^\n\nTypeError: Cannot read properties of null (reading 'snapshot')\n    at createJSHeapSnapshot (c:\\workspace\\node-test-binary-windows-js-suites\\node\\test\\common\\heap.js:25:21)\n    at validateByRetainingPath (c:\\workspace\\node-test-binary-windows-js-suites\\node\\test\\common\\heap.js:334:17)\n    at Object.<anonymous> (c:\\workspace\\node-test-binary-windows-js-suites\\node\\test\\pummel\\test-heapdump-fs-promise.js:12:17)\n    at Module._compile (node:internal/modules/cjs/loader:1803:14)\n    at Object..js (node:internal/modules/cjs/loader:1934:10)\n    at Module.load (node:internal/modules/cjs/loader:1524:32)\n    at Module._load (node:internal/modules/cjs/loader:1326:12)\n    at TracingChannel.traceSync (node:diagnostics_channel:328:14)\n    at wrapModuleLoad (node:internal/modules/cjs/loader:245:24)\n    at Module.executeUserEntryPoint [as runMain] (node:internal/modules/run_main:154:5)\n\nNode.js v26.0.0-pre"},"time":619.045,"fullname":"pummel/test-heapdump-fs-promise","closingTestPoint":false}},{"testName":"pummel/test-heapdump-tls","timestamp":1767545414967,"status":"FAILED","jobName":"node-test-binary-windows-js-suites","config":"node-test-binary-windows-js-suites » 0,win11-COMPILED_BY-vs2022_clang #38177","buildUrl":"https://ci.nodejs.org/job/node-test-binary-windows-js-suites/RUN_SUBSET=0,nodes=win11-COMPILED_BY-vs2022_clang/38177/","buildNumber":38177,"builtOn":"test-azure_msft-win11_vs2022-x64-1","nodeVersion":"26.0.0","commitHash":"ed9afc46fe24cd41bf126ab146913e779d3d7795","callStack":[{"upstreamBuild":74526,"upstreamProject":"node-test-commit-windows-fanned","upstreamUrl":"job/node-test-commit-windows-fanned/"},{"upstreamBuild":84615,"upstreamProject":"node-test-commit","upstreamUrl":"job/node-test-commit/"},{"upstreamBuild":70668,"upstreamProject":"node-test-pull-request","upstreamUrl":"job/node-test-pull-request/"},{"prId":"60441"}],"tap":{"ok":false,"name":"pummel/test-heapdump-tls","id":1156,"buffered":false,"tapError":null,"skip":false,"todo":false,"previous":null,"plan":null,"diag":{"severity":"fail","exitcode":1,"stack":"c:\\workspace\\node-test-binary-windows-js-suites\\node\\test\\common\\heap.js:25\n  const meta = dump.snapshot.meta;\n                    ^\n\nTypeError: Cannot read properties of null (reading 'snapshot')\n    at createJSHeapSnapshot (c:\\workspace\\node-test-binary-windows-js-suites\\node\\test\\common\\heap.js:25:21)\n    at validateByRetainingPath (c:\\workspace\\node-test-binary-windows-js-suites\\node\\test\\common\\heap.js:334:17)\n    at Object.<anonymous> (c:\\workspace\\node-test-binary-windows-js-suites\\node\\test\\pummel\\test-heapdump-tls.js:15:17)\n    at Module._compile (node:internal/modules/cjs/loader:1803:14)\n    at Object..js (node:internal/modules/cjs/loader:1934:10)\n    at Module.load (node:internal/modules/cjs/loader:1524:32)\n    at Module._load (node:internal/modules/cjs/loader:1326:12)\n    at TracingChannel.traceSync (node:diagnostics_channel:328:14)\n    at wrapModuleLoad (node:internal/modules/cjs/loader:245:24)\n    at Module.executeUserEntryPoint [as runMain] (node:internal/modules/run_main:154:5)\n\nNode.js v26.0.0-pre"},"time":609.043,"fullname":"pummel/test-heapdump-tls","closingTestPoint":false}},{"testName":"pummel/test-heapdump-zlib","timestamp":1767545414967,"status":"FAILED","jobName":"node-test-binary-windows-js-suites","config":"node-test-binary-windows-js-suites » 0,win11-COMPILED_BY-vs2022_clang #38177","buildUrl":"https://ci.nodejs.org/job/node-test-binary-windows-js-suites/RUN_SUBSET=0,nodes=win11-COMPILED_BY-vs2022_clang/38177/","buildNumber":38177,"builtOn":"test-azure_msft-win11_vs2022-x64-1","nodeVersion":"26.0.0","commitHash":"ed9afc46fe24cd41bf126ab146913e779d3d7795","callStack":[{"upstreamBuild":74526,"upstreamProject":"node-test-commit-windows-fanned","upstreamUrl":"job/node-test-commit-windows-fanned/"},{"upstreamBuild":84615,"upstreamProject":"node-test-commit","upstreamUrl":"job/node-test-commit/"},{"upstreamBuild":70668,"upstreamProject":"node-test-pull-request","upstreamUrl":"job/node-test-pull-request/"},{"prId":"60441"}],"tap":{"ok":false,"name":"pummel/test-heapdump-zlib","id":1157,"buffered":false,"tapError":null,"skip":false,"todo":false,"previous":null,"plan":null,"diag":{"severity":"fail","exitcode":1,"stack":"c:\\workspace\\node-test-binary-windows-js-suites\\node\\test\\common\\heap.js:25\n  const meta = dump.snapshot.meta;\n                    ^\n\nTypeError: Cannot read properties of null (reading 'snapshot')\n    at createJSHeapSnapshot (c:\\workspace\\node-test-binary-windows-js-suites\\node\\test\\common\\heap.js:25:21)\n    at validateByRetainingPath (c:\\workspace\\node-test-binary-windows-js-suites\\node\\test\\common\\heap.js:334:17)\n    at Object.<anonymous> (c:\\workspace\\node-test-binary-windows-js-suites\\node\\test\\pummel\\test-heapdump-zlib.js:11:17)\n    at Module._compile (node:internal/modules/cjs/loader:1803:14)\n    at Object..js (node:internal/modules/cjs/loader:1934:10)\n    at Module.load (node:internal/modules/cjs/loader:1524:32)\n    at Module._load (node:internal/modules/cjs/loader:1326:12)\n    at TracingChannel.traceSync (node:diagnostics_channel:328:14)\n    at wrapModuleLoad (node:internal/modules/cjs/loader:245:24)\n    at Module.executeUserEntryPoint [as runMain] (node:internal/modules/run_main:154:5)\n\nNode.js v26.0.0-pre"},"time":564.041,"fullname":"pummel/test-heapdump-zlib","closingTestPoint":false}},{"testName":"pummel/test-worker-take-heapsnapshot","timestamp":1767545414967,"status":"FAILED","jobName":"node-test-binary-windows-js-suites","config":"node-test-binary-windows-js-suites » 0,win11-COMPILED_BY-vs2022_clang #38177","buildUrl":"https://ci.nodejs.org/job/node-test-binary-windows-js-suites/RUN_SUBSET=0,nodes=win11-COMPILED_BY-vs2022_clang/38177/","buildNumber":38177,"builtOn":"test-azure_msft-win11_vs2022-x64-1","nodeVersion":"26.0.0","commitHash":"ed9afc46fe24cd41bf126ab146913e779d3d7795","callStack":[{"upstreamBuild":74526,"upstreamProject":"node-test-commit-windows-fanned","upstreamUrl":"job/node-test-commit-windows-fanned/"},{"upstreamBuild":84615,"upstreamProject":"node-test-commit","upstreamUrl":"job/node-test-commit/"},{"upstreamBuild":70668,"upstreamProject":"node-test-pull-request","upstreamUrl":"job/node-test-pull-request/"},{"prId":"60441"}],"tap":{"ok":false,"name":"pummel/test-worker-take-heapsnapshot","id":1165,"buffered":false,"tapError":null,"skip":false,"todo":false,"previous":null,"plan":null,"diag":{"severity":"fail","exitcode":1,"stack":"c:\\workspace\\node-test-binary-windows-js-suites\\node\\test\\common\\heap.js:25\n  const meta = dump.snapshot.meta;\n                    ^\n\nTypeError: Cannot read properties of null (reading 'snapshot')\n    at createJSHeapSnapshot (c:\\workspace\\node-test-binary-windows-js-suites\\node\\test\\common\\heap.js:25:21)\n    at new State (c:\\workspace\\node-test-binary-windows-js-suites\\node\\test\\common\\heap.js:114:21)\n    at recordState (c:\\workspace\\node-test-binary-windows-js-suites\\node\\test\\common\\heap.js:213:10)\n    at c:\\workspace\\node-test-binary-windows-js-suites\\node\\test\\pummel\\test-worker-take-heapsnapshot.js:13:20\n\nNode.js v26.0.0-pre"},"time":613.042,"fullname":"pummel/test-worker-take-heapsnapshot","closingTestPoint":false}},{"testName":"sequential/test-worker-heapsnapshot-options","timestamp":1767545414967,"status":"FAILED","jobName":"node-test-binary-windows-js-suites","config":"node-test-binary-windows-js-suites » 0,win11-COMPILED_BY-vs2022_clang #38177","buildUrl":"https://ci.nodejs.org/job/node-test-binary-windows-js-suites/RUN_SUBSET=0,nodes=win11-COMPILED_BY-vs2022_clang/38177/","buildNumber":38177,"builtOn":"test-azure_msft-win11_vs2022-x64-1","nodeVersion":"26.0.0","commitHash":"ed9afc46fe24cd41bf126ab146913e779d3d7795","callStack":[{"upstreamBuild":74526,"upstreamProject":"node-test-commit-windows-fanned","upstreamUrl":"job/node-test-commit-windows-fanned/"},{"upstreamBuild":84615,"upstreamProject":"node-test-commit","upstreamUrl":"job/node-test-commit/"},{"upstreamBuild":70668,"upstreamProject":"node-test-pull-request","upstreamUrl":"job/node-test-pull-request/"},{"prId":"60441"}],"tap":{"ok":false,"name":"sequential/test-worker-heapsnapshot-options","id":1194,"buffered":false,"tapError":null,"skip":false,"todo":false,"previous":null,"plan":null,"diag":{"severity":"fail","exitcode":1,"stack":"c:\\workspace\\node-test-binary-windows-js-suites\\node\\test\\common\\heap.js:25\n  const meta = dump.snapshot.meta;\n                    ^\n\nTypeError: Cannot read properties of null (reading 'snapshot')\n    at createJSHeapSnapshot (c:\\workspace\\node-test-binary-windows-js-suites\\node\\test\\common\\heap.js:25:21)\n    at new State (c:\\workspace\\node-test-binary-windows-js-suites\\node\\test\\common\\heap.js:114:21)\n    at recordState (c:\\workspace\\node-test-binary-windows-js-suites\\node\\test\\common\\heap.js:213:10)\n    at c:\\workspace\\node-test-binary-windows-js-suites\\node\\test\\sequential\\test-worker-heapsnapshot-options.js:16:22\n\nNode.js v26.0.0-pre"},"time":650.041,"fullname":"sequential/test-worker-heapsnapshot-options","closingTestPoint":false}},{"testName":"pummel/test-heapdump-fs-promise","timestamp":1767545414967,"status":"FAILED","jobName":"node-test-binary-windows-js-suites","config":"node-test-binary-windows-js-suites » 0,win2019-COMPILED_BY-vs2022_clang #38177","buildUrl":"https://ci.nodejs.org/job/node-test-binary-windows-js-suites/RUN_SUBSET=0,nodes=win2019-COMPILED_BY-vs2022_clang/38177/","buildNumber":38177,"builtOn":"test-rackspace-win2019_vs2019-x64-3","nodeVersion":"26.0.0","commitHash":"ed9afc46fe24cd41bf126ab146913e779d3d7795","callStack":[{"upstreamBuild":74526,"upstreamProject":"node-test-commit-windows-fanned","upstreamUrl":"job/node-test-commit-windows-fanned/"},{"upstreamBuild":84615,"upstreamProject":"node-test-commit","upstreamUrl":"job/node-test-commit/"},{"upstreamBuild":70668,"upstreamProject":"node-test-pull-request","upstreamUrl":"job/node-test-pull-request/"},{"prId":"60441"}],"tap":{"ok":false,"name":"pummel/test-heapdump-fs-promise","id":1155,"buffered":false,"tapError":null,"skip":false,"todo":false,"previous":null,"plan":null,"diag":{"severity":"fail","exitcode":1,"stack":"C:\\workspace\\node-test-binary-windows-js-suites\\node\\test\\common\\heap.js:25\n  const meta = dump.snapshot.meta;\n                    ^\n\nTypeError: Cannot read properties of null (reading 'snapshot')\n    at createJSHeapSnapshot (C:\\workspace\\node-test-binary-windows-js-suites\\node\\test\\common\\heap.js:25:21)\n    at validateByRetainingPath (C:\\workspace\\node-test-binary-windows-js-suites\\node\\test\\common\\heap.js:334:17)\n    at Object.<anonymous> (C:\\workspace\\node-test-binary-windows-js-suites\\node\\test\\pummel\\test-heapdump-fs-promise.js:12:17)\n    at Module._compile (node:internal/modules/cjs/loader:1803:14)\n    at Object..js (node:internal/modules/cjs/loader:1934:10)\n    at Module.load (node:internal/modules/cjs/loader:1524:32)\n    at Module._load (node:internal/modules/cjs/loader:1326:12)\n    at TracingChannel.traceSync (node:diagnostics_channel:328:14)\n    at wrapModuleLoad (node:internal/modules/cjs/loader:245:24)\n    at Module.executeUserEntryPoint [as runMain] (node:internal/modules/run_main:154:5)\n\nNode.js v26.0.0-pre"},"time":700.031,"fullname":"pummel/test-heapdump-fs-promise","closingTestPoint":false}},{"testName":"pummel/test-heapdump-tls","timestamp":1767545414967,"status":"FAILED","jobName":"node-test-binary-windows-js-suites","config":"node-test-binary-windows-js-suites » 0,win2019-COMPILED_BY-vs2022_clang #38177","buildUrl":"https://ci.nodejs.org/job/node-test-binary-windows-js-suites/RUN_SUBSET=0,nodes=win2019-COMPILED_BY-vs2022_clang/38177/","buildNumber":38177,"builtOn":"test-rackspace-win2019_vs2019-x64-3","nodeVersion":"26.0.0","commitHash":"ed9afc46fe24cd41bf126ab146913e779d3d7795","callStack":[{"upstreamBuild":74526,"upstreamProject":"node-test-commit-windows-fanned","upstreamUrl":"job/node-test-commit-windows-fanned/"},{"upstreamBuild":84615,"upstreamProject":"node-test-commit","upstreamUrl":"job/node-test-commit/"},{"upstreamBuild":70668,"upstreamProject":"node-test-pull-request","upstreamUrl":"job/node-test-pull-request/"},{"prId":"60441"}],"tap":{"ok":false,"name":"pummel/test-heapdump-tls","id":1156,"buffered":false,"tapError":null,"skip":false,"todo":false,"previous":null,"plan":null,"diag":{"severity":"fail","exitcode":1,"stack":"C:\\workspace\\node-test-binary-windows-js-suites\\node\\test\\common\\heap.js:25\n  const meta = dump.snapshot.meta;\n                    ^\n\nTypeError: Cannot read properties of null (reading 'snapshot')\n    at createJSHeapSnapshot (C:\\workspace\\node-test-binary-windows-js-suites\\node\\test\\common\\heap.js:25:21)\n    at validateByRetainingPath (C:\\workspace\\node-test-binary-windows-js-suites\\node\\test\\common\\heap.js:334:17)\n    at Object.<anonymous> (C:\\workspace\\node-test-binary-windows-js-suites\\node\\test\\pummel\\test-heapdump-tls.js:15:17)\n    at Module._compile (node:internal/modules/cjs/loader:1803:14)\n    at Object..js (node:internal/modules/cjs/loader:1934:10)\n    at Module.load (node:internal/modules/cjs/loader:1524:32)\n    at Module._load (node:internal/modules/cjs/loader:1326:12)\n    at TracingChannel.traceSync (node:diagnostics_channel:328:14)\n    at wrapModuleLoad (node:internal/modules/cjs/loader:245:24)\n    at Module.executeUserEntryPoint [as runMain] (node:internal/modules/run_main:154:5)\n\nNode.js v26.0.0-pre"},"time":706.014,"fullname":"pummel/test-heapdump-tls","closingTestPoint":false}},{"testName":"pummel/test-heapdump-zlib","timestamp":1767545414967,"status":"FAILED","jobName":"node-test-binary-windows-js-suites","config":"node-test-binary-windows-js-suites » 0,win2019-COMPILED_BY-vs2022_clang #38177","buildUrl":"https://ci.nodejs.org/job/node-test-binary-windows-js-suites/RUN_SUBSET=0,nodes=win2019-COMPILED_BY-vs2022_clang/38177/","buildNumber":38177,"builtOn":"test-rackspace-win2019_vs2019-x64-3","nodeVersion":"26.0.0","commitHash":"ed9afc46fe24cd41bf126ab146913e779d3d7795","callStack":[{"upstreamBuild":74526,"upstreamProject":"node-test-commit-windows-fanned","upstreamUrl":"job/node-test-commit-windows-fanned/"},{"upstreamBuild":84615,"upstreamProject":"node-test-commit","upstreamUrl":"job/node-test-commit/"},{"upstreamBuild":70668,"upstreamProject":"node-test-pull-request","upstreamUrl":"job/node-test-pull-request/"},{"prId":"60441"}],"tap":{"ok":false,"name":"pummel/test-heapdump-zlib","id":1157,"buffered":false,"tapError":null,"skip":false,"todo":false,"previous":null,"plan":null,"diag":{"severity":"fail","exitcode":1,"stack":"C:\\workspace\\node-test-binary-windows-js-suites\\node\\test\\common\\heap.js:25\n  const meta = dump.snapshot.meta;\n                    ^\n\nTypeError: Cannot read properties of null (reading 'snapshot')\n    at createJSHeapSnapshot (C:\\workspace\\node-test-binary-windows-js-suites\\node\\test\\common\\heap.js:25:21)\n    at validateByRetainingPath (C:\\workspace\\node-test-binary-windows-js-suites\\node\\test\\common\\heap.js:334:17)\n    at Object.<anonymous> (C:\\workspace\\node-test-binary-windows-js-suites\\node\\test\\pummel\\test-heapdump-zlib.js:11:17)\n    at Module._compile (node:internal/modules/cjs/loader:1803:14)\n    at Object..js (node:internal/modules/cjs/loader:1934:10)\n    at Module.load (node:internal/modules/cjs/loader:1524:32)\n    at Module._load (node:internal/modules/cjs/loader:1326:12)\n    at TracingChannel.traceSync (node:diagnostics_channel:328:14)\n    at wrapModuleLoad (node:internal/modules/cjs/loader:245:24)\n    at Module.executeUserEntryPoint [as runMain] (node:internal/modules/run_main:154:5)\n\nNode.js v26.0.0-pre"},"time":710.976,"fullname":"pummel/test-heapdump-zlib","closingTestPoint":false}},{"testName":"pummel/test-worker-take-heapsnapshot","timestamp":1767545414967,"status":"FAILED","jobName":"node-test-binary-windows-js-suites","config":"node-test-binary-windows-js-suites » 0,win2019-COMPILED_BY-vs2022_clang #38177","buildUrl":"https://ci.nodejs.org/job/node-test-binary-windows-js-suites/RUN_SUBSET=0,nodes=win2019-COMPILED_BY-vs2022_clang/38177/","buildNumber":38177,"builtOn":"test-rackspace-win2019_vs2019-x64-3","nodeVersion":"26.0.0","commitHash":"ed9afc46fe24cd41bf126ab146913e779d3d7795","callStack":[{"upstreamBuild":74526,"upstreamProject":"node-test-commit-windows-fanned","upstreamUrl":"job/node-test-commit-windows-fanned/"},{"upstreamBuild":84615,"upstreamProject":"node-test-commit","upstreamUrl":"job/node-test-commit/"},{"upstreamBuild":70668,"upstreamProject":"node-test-pull-request","upstreamUrl":"job/node-test-pull-request/"},{"prId":"60441"}],"tap":{"ok":false,"name":"pummel/test-worker-take-heapsnapshot","id":1165,"buffered":false,"tapError":null,"skip":false,"todo":false,"previous":null,"plan":null,"diag":{"severity":"fail","exitcode":1,"stack":"C:\\workspace\\node-test-binary-windows-js-suites\\node\\test\\common\\heap.js:25\n  const meta = dump.snapshot.meta;\n                    ^\n\nTypeError: Cannot read properties of null (reading 'snapshot')\n    at createJSHeapSnapshot (C:\\workspace\\node-test-binary-windows-js-suites\\node\\test\\common\\heap.js:25:21)\n    at new State (C:\\workspace\\node-test-binary-windows-js-suites\\node\\test\\common\\heap.js:114:21)\n    at recordState (C:\\workspace\\node-test-binary-windows-js-suites\\node\\test\\common\\heap.js:213:10)\n    at C:\\workspace\\node-test-binary-windows-js-suites\\node\\test\\pummel\\test-worker-take-heapsnapshot.js:13:20\n\nNode.js v26.0.0-pre"},"time":801.001,"fullname":"pummel/test-worker-take-heapsnapshot","closingTestPoint":false}},{"testName":"sequential/test-worker-heapsnapshot-options","timestamp":1767545414967,"status":"FAILED","jobName":"node-test-binary-windows-js-suites","config":"node-test-binary-windows-js-suites » 0,win2019-COMPILED_BY-vs2022_clang #38177","buildUrl":"https://ci.nodejs.org/job/node-test-binary-windows-js-suites/RUN_SUBSET=0,nodes=win2019-COMPILED_BY-vs2022_clang/38177/","buildNumber":38177,"builtOn":"test-rackspace-win2019_vs2019-x64-3","nodeVersion":"26.0.0","commitHash":"ed9afc46fe24cd41bf126ab146913e779d3d7795","callStack":[{"upstreamBuild":74526,"upstreamProject":"node-test-commit-windows-fanned","upstreamUrl":"job/node-test-commit-windows-fanned/"},{"upstreamBuild":84615,"upstreamProject":"node-test-commit","upstreamUrl":"job/node-test-commit/"},{"upstreamBuild":70668,"upstreamProject":"node-test-pull-request","upstreamUrl":"job/node-test-pull-request/"},{"prId":"60441"}],"tap":{"ok":false,"name":"sequential/test-worker-heapsnapshot-options","id":1194,"buffered":false,"tapError":null,"skip":false,"todo":false,"previous":null,"plan":null,"diag":{"severity":"fail","exitcode":1,"stack":"C:\\workspace\\node-test-binary-windows-js-suites\\node\\test\\common\\heap.js:25\n  const meta = dump.snapshot.meta;\n                    ^\n\nTypeError: Cannot read properties of null (reading 'snapshot')\n    at createJSHeapSnapshot (C:\\workspace\\node-test-binary-windows-js-suites\\node\\test\\common\\heap.js:25:21)\n    at new State (C:\\workspace\\node-test-binary-windows-js-suites\\node\\test\\common\\heap.js:114:21)\n    at recordState (C:\\workspace\\node-test-binary-windows-js-suites\\node\\test\\common\\heap.js:213:10)\n    at C:\\workspace\\node-test-binary-windows-js-suites\\node\\test\\sequential\\test-worker-heapsnapshot-options.js:16:22\n\nNode.js v26.0.0-pre"},"time":770.012,"fullname":"sequential/test-worker-heapsnapshot-options","closingTestPoint":false}},{"testName":"pummel/test-heapdump-http2","timestamp":1767545414967,"status":"FAILED","jobName":"node-test-binary-windows-js-suites","config":"node-test-binary-windows-js-suites » 1,win2022-COMPILED_BY-vs2022_clang #38177","buildUrl":"https://ci.nodejs.org/job/node-test-binary-windows-js-suites/RUN_SUBSET=1,nodes=win2022-COMPILED_BY-vs2022_clang/38177/","buildNumber":38177,"builtOn":"test-rackspace-win2022_vs2022-x64-5","nodeVersion":"26.0.0","commitHash":"ed9afc46fe24cd41bf126ab146913e779d3d7795","callStack":[{"upstreamBuild":74526,"upstreamProject":"node-test-commit-windows-fanned","upstreamUrl":"job/node-test-commit-windows-fanned/"},{"upstreamBuild":84615,"upstreamProject":"node-test-commit","upstreamUrl":"job/node-test-commit/"},{"upstreamBuild":70668,"upstreamProject":"node-test-pull-request","upstreamUrl":"job/node-test-pull-request/"},{"prId":"60441"}],"tap":{"ok":false,"name":"pummel/test-heapdump-http2","id":1155,"buffered":false,"tapError":null,"skip":false,"todo":false,"previous":null,"plan":null,"diag":{"severity":"fail","exitcode":1,"stack":"C:\\workspace\\node-test-binary-windows-js-suites\\node\\test\\common\\heap.js:25\n  const meta = dump.snapshot.meta;\n                    ^\n\nTypeError: Cannot read properties of null (reading 'snapshot')\n    at createJSHeapSnapshot (C:\\workspace\\node-test-binary-windows-js-suites\\node\\test\\common\\heap.js:25:21)\n    at validateByRetainingPath (C:\\workspace\\node-test-binary-windows-js-suites\\node\\test\\common\\heap.js:334:17)\n    at Object.<anonymous> (C:\\workspace\\node-test-binary-windows-js-suites\\node\\test\\pummel\\test-heapdump-http2.js:15:20)\n    at Module._compile (node:internal/modules/cjs/loader:1803:14)\n    at Object..js (node:internal/modules/cjs/loader:1934:10)\n    at Module.load (node:internal/modules/cjs/loader:1524:32)\n    at Module._load (node:internal/modules/cjs/loader:1326:12)\n    at TracingChannel.traceSync (node:diagnostics_channel:328:14)\n    at wrapModuleLoad (node:internal/modules/cjs/loader:245:24)\n    at Module.executeUserEntryPoint [as runMain] (node:internal/modules/run_main:154:5)\n\nNode.js v26.0.0-pre"},"time":911.033,"fullname":"pummel/test-heapdump-http2","closingTestPoint":false}},{"testName":"pummel/test-heapdump-urlpattern","timestamp":1767545414967,"status":"FAILED","jobName":"node-test-binary-windows-js-suites","config":"node-test-binary-windows-js-suites » 1,win2022-COMPILED_BY-vs2022_clang #38177","buildUrl":"https://ci.nodejs.org/job/node-test-binary-windows-js-suites/RUN_SUBSET=1,nodes=win2022-COMPILED_BY-vs2022_clang/38177/","buildNumber":38177,"builtOn":"test-rackspace-win2022_vs2022-x64-5","nodeVersion":"26.0.0","commitHash":"ed9afc46fe24cd41bf126ab146913e779d3d7795","callStack":[{"upstreamBuild":74526,"upstreamProject":"node-test-commit-windows-fanned","upstreamUrl":"job/node-test-commit-windows-fanned/"},{"upstreamBuild":84615,"upstreamProject":"node-test-commit","upstreamUrl":"job/node-test-commit/"},{"upstreamBuild":70668,"upstreamProject":"node-test-pull-request","upstreamUrl":"job/node-test-pull-request/"},{"prId":"60441"}],"tap":{"ok":false,"name":"pummel/test-heapdump-urlpattern","id":1156,"buffered":false,"tapError":null,"skip":false,"todo":false,"previous":null,"plan":null,"diag":{"severity":"fail","exitcode":1,"stack":"C:\\workspace\\node-test-binary-windows-js-suites\\node\\test\\common\\heap.js:25\n  const meta = dump.snapshot.meta;\n                    ^\n\nTypeError: Cannot read properties of null (reading 'snapshot')\n    at createJSHeapSnapshot (C:\\workspace\\node-test-binary-windows-js-suites\\node\\test\\common\\heap.js:25:21)\n    at validateByRetainingPath (C:\\workspace\\node-test-binary-windows-js-suites\\node\\test\\common\\heap.js:334:17)\n    at Object.<anonymous> (C:\\workspace\\node-test-binary-windows-js-suites\\node\\test\\pummel\\test-heapdump-urlpattern.js:10:17)\n    at Module._compile (node:internal/modules/cjs/loader:1803:14)\n    at Object..js (node:internal/modules/cjs/loader:1934:10)\n    at Module.load (node:internal/modules/cjs/loader:1524:32)\n    at Module._load (node:internal/modules/cjs/loader:1326:12)\n    at TracingChannel.traceSync (node:diagnostics_channel:328:14)\n    at wrapModuleLoad (node:internal/modules/cjs/loader:245:24)\n    at Module.executeUserEntryPoint [as runMain] (node:internal/modules/run_main:154:5)\n\nNode.js v26.0.0-pre"},"time":698.008,"fullname":"pummel/test-heapdump-urlpattern","closingTestPoint":false}},{"testName":"pummel/test-heapdump-env","timestamp":1767545414967,"status":"FAILED","jobName":"node-test-binary-windows-js-suites","config":"node-test-binary-windows-js-suites » 0,win11-arm64-COMPILED_BY-vs2022_clang-arm64 #38177","buildUrl":"https://ci.nodejs.org/job/node-test-binary-windows-js-suites/RUN_SUBSET=0,nodes=win11-arm64-COMPILED_BY-vs2022_clang-arm64/38177/","buildNumber":38177,"builtOn":"test-azure_msft-win11_vs2022-arm64-1","nodeVersion":"26.0.0","commitHash":"ed9afc46fe24cd41bf126ab146913e779d3d7795","callStack":[{"upstreamBuild":74526,"upstreamProject":"node-test-commit-windows-fanned","upstreamUrl":"job/node-test-commit-windows-fanned/"},{"upstreamBuild":84615,"upstreamProject":"node-test-commit","upstreamUrl":"job/node-test-commit/"},{"upstreamBuild":70668,"upstreamProject":"node-test-pull-request","upstreamUrl":"job/node-test-pull-request/"},{"prId":"60441"}],"tap":{"ok":false,"name":"pummel/test-heapdump-env","id":1154,"buffered":false,"tapError":null,"skip":false,"todo":false,"previous":null,"plan":null,"diag":{"severity":"fail","exitcode":1,"stack":"d:\\workspace\\node-test-binary-windows-js-suites\\node\\test\\common\\heap.js:25\n  const meta = dump.snapshot.meta;\n                    ^\n\nTypeError: Cannot read properties of null (reading 'snapshot')\n    at createJSHeapSnapshot (d:\\workspace\\node-test-binary-windows-js-suites\\node\\test\\common\\heap.js:25:21)\n    at Object.<anonymous> (d:\\workspace\\node-test-binary-windows-js-suites\\node\\test\\pummel\\test-heapdump-env.js:10:15)\n    at Module._compile (node:internal/modules/cjs/loader:1803:14)\n    at Module._extensions..js (node:internal/modules/cjs/loader:1934:10)\n    at Module.load (node:internal/modules/cjs/loader:1524:32)\n    at Module._load (node:internal/modules/cjs/loader:1326:12)\n    at TracingChannel.traceSync (node:diagnostics_channel:328:14)\n    at wrapModuleLoad (node:internal/modules/cjs/loader:245:24)\n    at Module.executeUserEntryPoint [as runMain] (node:internal/modules/run_main:154:5)\n    at node:internal/main/run_main_module:33:47\n\nNode.js v26.0.0-pre"},"time":638.274,"fullname":"pummel/test-heapdump-env","closingTestPoint":false}},{"testName":"pummel/test-heapdump-shadow-realm","timestamp":1767545414967,"status":"FAILED","jobName":"node-test-binary-windows-js-suites","config":"node-test-binary-windows-js-suites » 0,win11-arm64-COMPILED_BY-vs2022_clang-arm64 #38177","buildUrl":"https://ci.nodejs.org/job/node-test-binary-windows-js-suites/RUN_SUBSET=0,nodes=win11-arm64-COMPILED_BY-vs2022_clang-arm64/38177/","buildNumber":38177,"builtOn":"test-azure_msft-win11_vs2022-arm64-1","nodeVersion":"26.0.0","commitHash":"ed9afc46fe24cd41bf126ab146913e779d3d7795","callStack":[{"upstreamBuild":74526,"upstreamProject":"node-test-commit-windows-fanned","upstreamUrl":"job/node-test-commit-windows-fanned/"},{"upstreamBuild":84615,"upstreamProject":"node-test-commit","upstreamUrl":"job/node-test-commit/"},{"upstreamBuild":70668,"upstreamProject":"node-test-pull-request","upstreamUrl":"job/node-test-pull-request/"},{"prId":"60441"}],"tap":{"ok":false,"name":"pummel/test-heapdump-shadow-realm","id":1155,"buffered":false,"tapError":null,"skip":false,"todo":false,"previous":null,"plan":null,"diag":{"severity":"fail","exitcode":1,"stack":"d:\\workspace\\node-test-binary-windows-js-suites\\node\\test\\common\\heap.js:25\n  const meta = dump.snapshot.meta;\n                    ^\n\nTypeError: Cannot read properties of null (reading 'snapshot')\n    at createJSHeapSnapshot (d:\\workspace\\node-test-binary-windows-js-suites\\node\\test\\common\\heap.js:25:21)\n    at validateByRetainingPath (d:\\workspace\\node-test-binary-windows-js-suites\\node\\test\\common\\heap.js:334:17)\n    at Object.<anonymous> (d:\\workspace\\node-test-binary-windows-js-suites\\node\\test\\pummel\\test-heapdump-shadow-realm.js:11:17)\n    at Module._compile (node:internal/modules/cjs/loader:1803:14)\n    at Module._extensions..js (node:internal/modules/cjs/loader:1934:10)\n    at Module.load (node:internal/modules/cjs/loader:1524:32)\n    at Module._load (node:internal/modules/cjs/loader:1326:12)\n    at TracingChannel.traceSync (node:diagnostics_channel:328:14)\n    at wrapModuleLoad (node:internal/modules/cjs/loader:245:24)\n    at Module.executeUserEntryPoint [as runMain] (node:internal/modules/run_main:154:5)\n\nNode.js v26.0.0-pre"},"time":572.277,"fullname":"pummel/test-heapdump-shadow-realm","closingTestPoint":false}},{"testName":"pummel/test-heapdump-worker","timestamp":1767545414967,"status":"FAILED","jobName":"node-test-binary-windows-js-suites","config":"node-test-binary-windows-js-suites » 0,win11-arm64-COMPILED_BY-vs2022_clang-arm64 #38177","buildUrl":"https://ci.nodejs.org/job/node-test-binary-windows-js-suites/RUN_SUBSET=0,nodes=win11-arm64-COMPILED_BY-vs2022_clang-arm64/38177/","buildNumber":38177,"builtOn":"test-azure_msft-win11_vs2022-arm64-1","nodeVersion":"26.0.0","commitHash":"ed9afc46fe24cd41bf126ab146913e779d3d7795","callStack":[{"upstreamBuild":74526,"upstreamProject":"node-test-commit-windows-fanned","upstreamUrl":"job/node-test-commit-windows-fanned/"},{"upstreamBuild":84615,"upstreamProject":"node-test-commit","upstreamUrl":"job/node-test-commit/"},{"upstreamBuild":70668,"upstreamProject":"node-test-pull-request","upstreamUrl":"job/node-test-pull-request/"},{"prId":"60441"}],"tap":{"ok":false,"name":"pummel/test-heapdump-worker","id":1156,"buffered":false,"tapError":null,"skip":false,"todo":false,"previous":null,"plan":null,"diag":{"severity":"fail","exitcode":1,"stack":"d:\\workspace\\node-test-binary-windows-js-suites\\node\\test\\common\\heap.js:25\n  const meta = dump.snapshot.meta;\n                    ^\n\nTypeError: Cannot read properties of null (reading 'snapshot')\n    at createJSHeapSnapshot (d:\\workspace\\node-test-binary-windows-js-suites\\node\\test\\common\\heap.js:25:21)\n    at validateByRetainingPath (d:\\workspace\\node-test-binary-windows-js-suites\\node\\test\\common\\heap.js:334:17)\n    at Object.<anonymous> (d:\\workspace\\node-test-binary-windows-js-suites\\node\\test\\pummel\\test-heapdump-worker.js:12:17)\n    at Module._compile (node:internal/modules/cjs/loader:1803:14)\n    at Module._extensions..js (node:internal/modules/cjs/loader:1934:10)\n    at Module.load (node:internal/modules/cjs/loader:1524:32)\n    at Module._load (node:internal/modules/cjs/loader:1326:12)\n    at TracingChannel.traceSync (node:diagnostics_channel:328:14)\n    at wrapModuleLoad (node:internal/modules/cjs/loader:245:24)\n    at Module.executeUserEntryPoint [as runMain] (node:internal/modules/run_main:154:5)\n\nNode.js v26.0.0-pre"},"time":573.213,"fullname":"pummel/test-heapdump-worker","closingTestPoint":false}},{"testName":"sequential/test-get-heapsnapshot-options","timestamp":1767545414967,"status":"FAILED","jobName":"node-test-binary-windows-js-suites","config":"node-test-binary-windows-js-suites » 0,win11-arm64-COMPILED_BY-vs2022_clang-arm64 #38177","buildUrl":"https://ci.nodejs.org/job/node-test-binary-windows-js-suites/RUN_SUBSET=0,nodes=win11-arm64-COMPILED_BY-vs2022_clang-arm64/38177/","buildNumber":38177,"builtOn":"test-azure_msft-win11_vs2022-arm64-1","nodeVersion":"26.0.0","commitHash":"ed9afc46fe24cd41bf126ab146913e779d3d7795","callStack":[{"upstreamBuild":74526,"upstreamProject":"node-test-commit-windows-fanned","upstreamUrl":"job/node-test-commit-windows-fanned/"},{"upstreamBuild":84615,"upstreamProject":"node-test-commit","upstreamUrl":"job/node-test-commit/"},{"upstreamBuild":70668,"upstreamProject":"node-test-pull-request","upstreamUrl":"job/node-test-pull-request/"},{"prId":"60441"}],"tap":{"ok":false,"name":"sequential/test-get-heapsnapshot-options","id":1176,"buffered":false,"tapError":null,"skip":false,"todo":false,"previous":null,"plan":null,"diag":{"severity":"fail","exitcode":1,"stack":"[STDERR] d:\\workspace\\node-test-binary-windows-js-suites\\node\\test\\common\\heap.js:25\n  const meta = dump.snapshot.meta;\n                    ^\n\nTypeError: Cannot read properties of null (reading 'snapshot')\n    at createJSHeapSnapshot (d:\\workspace\\node-test-binary-windows-js-suites\\node\\test\\common\\heap.js:25:21)\n    at new State (d:\\workspace\\node-test-binary-windows-js-suites\\node\\test\\common\\heap.js:114:21)\n    at recordState (d:\\workspace\\node-test-binary-windows-js-suites\\node\\test\\common\\heap.js:213:10)\n    at Object.<anonymous> (d:\\workspace\\node-test-binary-windows-js-suites\\node\\test\\sequential\\test-get-heapsnapshot-options.js:14:20)\n    at Module._compile (node:internal/modules/cjs/loader:1803:14)\n    at Module._extensions..js (node:internal/modules/cjs/loader:1934:10)\n    at Module.load (node:internal/modules/cjs/loader:1524:32)\n    at Module._load (node:internal/modules/cjs/loader:1326:12)\n    at TracingChannel.traceSync (node:diagnostics_channel:328:14)\n    at wrapModuleLoad (node:internal/modules/cjs/loader:245:24)\n\nNode.js v26.0.0-pre\n\n[STDOUT] \nnode:internal/assert/utils:146\n  throw error;\n  ^\n\nAssertionError [ERR_ASSERTION]: Expected values to be strictly equal:\n\n1 !== 0\n\n    at Object.<anonymous> (d:\\workspace\\node-test-binary-windows-js-suites\\node\\test\\sequential\\test-get-heapsnapshot-options.js:38:10)\n    at Module._compile (node:internal/modules/cjs/loader:1803:14)\n    at Module._extensions..js (node:internal/modules/cjs/loader:1934:10)\n    at Module.load (node:internal/modules/cjs/loader:1524:32)\n    at Module._load (node:internal/modules/cjs/loader:1326:12)\n    at TracingChannel.traceSync (node:diagnostics_channel:328:14)\n    at wrapModuleLoad (node:internal/modules/cjs/loader:245:24)\n    at Module.executeUserEntryPoint [as runMain] (node:internal/modules/run_main:154:5)\n    at node:internal/main/run_main_module:33:47 {\n  generatedMessage: true,\n  code: 'ERR_ASSERTION',\n  actual: 1,\n  expected: 0,\n  operator: 'strictEqual',\n  diff: 'simple'\n}\n\nNode.js v26.0.0-pre"},"time":831.421,"fullname":"sequential/test-get-heapsnapshot-options","closingTestPoint":false}},{"testName":"pummel/test-heapdump-http2","timestamp":1767545414967,"status":"FAILED","jobName":"node-test-binary-windows-js-suites","config":"node-test-binary-windows-js-suites » 1,win11-COMPILED_BY-vs2022_clang #38177","buildUrl":"https://ci.nodejs.org/job/node-test-binary-windows-js-suites/RUN_SUBSET=1,nodes=win11-COMPILED_BY-vs2022_clang/38177/","buildNumber":38177,"builtOn":"test-azure_msft-win11_vs2022-x64-4","nodeVersion":"26.0.0","commitHash":"ed9afc46fe24cd41bf126ab146913e779d3d7795","callStack":[{"upstreamBuild":74526,"upstreamProject":"node-test-commit-windows-fanned","upstreamUrl":"job/node-test-commit-windows-fanned/"},{"upstreamBuild":84615,"upstreamProject":"node-test-commit","upstreamUrl":"job/node-test-commit/"},{"upstreamBuild":70668,"upstreamProject":"node-test-pull-request","upstreamUrl":"job/node-test-pull-request/"},{"prId":"60441"}],"tap":{"ok":false,"name":"pummel/test-heapdump-http2","id":1155,"buffered":false,"tapError":null,"skip":false,"todo":false,"previous":null,"plan":null,"diag":{"severity":"fail","exitcode":1,"stack":"c:\\workspace\\node-test-binary-windows-js-suites\\node\\test\\common\\heap.js:25\n  const meta = dump.snapshot.meta;\n                    ^\n\nTypeError: Cannot read properties of null (reading 'snapshot')\n    at createJSHeapSnapshot (c:\\workspace\\node-test-binary-windows-js-suites\\node\\test\\common\\heap.js:25:21)\n    at validateByRetainingPath (c:\\workspace\\node-test-binary-windows-js-suites\\node\\test\\common\\heap.js:334:17)\n    at Object.<anonymous> (c:\\workspace\\node-test-binary-windows-js-suites\\node\\test\\pummel\\test-heapdump-http2.js:15:20)\n    at Module._compile (node:internal/modules/cjs/loader:1803:14)\n    at Object..js (node:internal/modules/cjs/loader:1934:10)\n    at Module.load (node:internal/modules/cjs/loader:1524:32)\n    at Module._load (node:internal/modules/cjs/loader:1326:12)\n    at TracingChannel.traceSync (node:diagnostics_channel:328:14)\n    at wrapModuleLoad (node:internal/modules/cjs/loader:245:24)\n    at Module.executeUserEntryPoint [as runMain] (node:internal/modules/run_main:154:5)\n\nNode.js v26.0.0-pre"},"time":399,"fullname":"pummel/test-heapdump-http2","closingTestPoint":false}},{"testName":"pummel/test-heapdump-urlpattern","timestamp":1767545414967,"status":"FAILED","jobName":"node-test-binary-windows-js-suites","config":"node-test-binary-windows-js-suites » 1,win11-COMPILED_BY-vs2022_clang #38177","buildUrl":"https://ci.nodejs.org/job/node-test-binary-windows-js-suites/RUN_SUBSET=1,nodes=win11-COMPILED_BY-vs2022_clang/38177/","buildNumber":38177,"builtOn":"test-azure_msft-win11_vs2022-x64-4","nodeVersion":"26.0.0","commitHash":"ed9afc46fe24cd41bf126ab146913e779d3d7795","callStack":[{"upstreamBuild":74526,"upstreamProject":"node-test-commit-windows-fanned","upstreamUrl":"job/node-test-commit-windows-fanned/"},{"upstreamBuild":84615,"upstreamProject":"node-test-commit","upstreamUrl":"job/node-test-commit/"},{"upstreamBuild":70668,"upstreamProject":"node-test-pull-request","upstreamUrl":"job/node-test-pull-request/"},{"prId":"60441"}],"tap":{"ok":false,"name":"pummel/test-heapdump-urlpattern","id":1156,"buffered":false,"tapError":null,"skip":false,"todo":false,"previous":null,"plan":null,"diag":{"severity":"fail","exitcode":1,"stack":"c:\\workspace\\node-test-binary-windows-js-suites\\node\\test\\common\\heap.js:25\n  const meta = dump.snapshot.meta;\n                    ^\n\nTypeError: Cannot read properties of null (reading 'snapshot')\n    at createJSHeapSnapshot (c:\\workspace\\node-test-binary-windows-js-suites\\node\\test\\common\\heap.js:25:21)\n    at validateByRetainingPath (c:\\workspace\\node-test-binary-windows-js-suites\\node\\test\\common\\heap.js:334:17)\n    at Object.<anonymous> (c:\\workspace\\node-test-binary-windows-js-suites\\node\\test\\pummel\\test-heapdump-urlpattern.js:10:17)\n    at Module._compile (node:internal/modules/cjs/loader:1803:14)\n    at Object..js (node:internal/modules/cjs/loader:1934:10)\n    at Module.load (node:internal/modules/cjs/loader:1524:32)\n    at Module._load (node:internal/modules/cjs/loader:1326:12)\n    at TracingChannel.traceSync (node:diagnostics_channel:328:14)\n    at wrapModuleLoad (node:internal/modules/cjs/loader:245:24)\n    at Module.executeUserEntryPoint [as runMain] (node:internal/modules/run_main:154:5)\n\nNode.js v26.0.0-pre"},"time":365.001,"fullname":"pummel/test-heapdump-urlpattern","closingTestPoint":false}}]}