{"failedTests":[{"testName":"js-tests.junit.xml/[empty]","timestamp":1767806503560,"status":"FAILED","jobName":"node-test-binary-windows-js-suites","config":"node-test-binary-windows-js-suites » 2,win11-arm64-COMPILED_BY-vs2019-arm64 #38205","buildUrl":"https://ci.nodejs.org/job/node-test-binary-windows-js-suites/RUN_SUBSET=2,nodes=win11-arm64-COMPILED_BY-vs2019-arm64/38205/","buildNumber":38205,"builtOn":"test-azure_msft-win11_vs2022-arm64-4","nodeVersion":"20.20.0","commitHash":"39da91a82ed0e864611cc3e1c7ad7d6b1472da9e","callStack":[{"upstreamBuild":74558,"upstreamProject":"node-test-commit-windows-fanned","upstreamUrl":"job/node-test-commit-windows-fanned/"},{"upstreamBuild":84656,"upstreamProject":"node-test-commit","upstreamUrl":"job/node-test-commit/"},{"upstreamBuild":70700,"upstreamProject":"node-test-pull-request","upstreamUrl":"job/node-test-pull-request/"},{"prId":"804"}],"tap":null},{"testName":"parallel/test-buffer-slow","timestamp":1767806503560,"status":"FAILED","jobName":"node-test-binary-windows-js-suites","config":"node-test-binary-windows-js-suites » 0,win2019-COMPILED_BY-vs2019 #38205","buildUrl":"https://ci.nodejs.org/job/node-test-binary-windows-js-suites/RUN_SUBSET=0,nodes=win2019-COMPILED_BY-vs2019/38205/","buildNumber":38205,"builtOn":"test-rackspace-win2019_vs2019-x64-1","nodeVersion":"20.20.0","commitHash":"39da91a82ed0e864611cc3e1c7ad7d6b1472da9e","callStack":[{"upstreamBuild":74558,"upstreamProject":"node-test-commit-windows-fanned","upstreamUrl":"job/node-test-commit-windows-fanned/"},{"upstreamBuild":84656,"upstreamProject":"node-test-commit","upstreamUrl":"job/node-test-commit/"},{"upstreamBuild":70700,"upstreamProject":"node-test-pull-request","upstreamUrl":"job/node-test-pull-request/"},{"prId":"804"}],"tap":{"ok":false,"name":"parallel/test-buffer-slow","id":107,"buffered":false,"tapError":null,"skip":false,"todo":false,"previous":null,"plan":null,"diag":{"severity":"fail","exitcode":134,"stack":"\n<--- Last few GCs --->\n\n[3636:000001FA16F3B530]      106 ms: Mark-Compact (reduce) 3.6 (6.2) -> 3.6 (5.0) MB, 10.43 / 0.00 ms  (average mu = 0.068, current mu = 0.055) external memory pressure; GC in old space requested\n[3636:000001FA16F3B530]      111 ms: Mark-Compact (reduce) 3.6 (5.0) -> 3.6 (5.0) MB, 5.27 / 0.00 ms  (average mu = 0.045, current mu = 0.009) external memory pressure; GC in old space requested\n\n\n<--- JS stacktrace --->\n\nFATAL ERROR: v8::ArrayBuffer::NewBackingStore Allocation failed - process out of memory\n----- Native stack trace -----\n\n 1: 00007FF75CE3BD9B node::SetCppgcReference+19867\n 2: 00007FF75CDAAD08 v8::base::CPU::num_virtual_address_bits+92856\n 3: 00007FF75D824551 v8::Isolate::ReportExternalAllocationLimitReached+65\n 4: 00007FF75D80DCA8 v8::Function::Experimental_IsNopFunction+1336\n 5: 00007FF75D81FD99 v8::ArrayBuffer::NewBackingStore+185\n 6: 00007FF75CDD515C node::Buffer::Copy+1964\n 7: 00007FF75D7DAA3E v8::SharedValueConveyor::SharedValueConveyor+416270\n 8: 00007FF75D7DA63A v8::SharedValueConveyor::SharedValueConveyor+415242\n 9: 00007FF75D7DA8FF v8::SharedValueConveyor::SharedValueConveyor+415951\n10: 00007FF75D7DA770 v8::SharedValueConveyor::SharedValueConveyor+415552\n11: 00007FF75D8CF38E v8::PropertyDescriptor::writable+650622\n12: 00007FF75D840A30 v8::PropertyDescriptor::writable+66592\n13: 00007FF75D840A30 v8::PropertyDescriptor::writable+66592\n14: 00007FF75D840A30 v8::PropertyDescriptor::writable+66592\n15: 00007FF75D840A30 v8::PropertyDescriptor::writable+66592\n16: 00007FF75D840A30 v8::PropertyDescriptor::writable+66592\n17: 00007FF75D840A30 v8::PropertyDescriptor::writable+66592\n18: 00007FF75D840A30 v8::PropertyDescriptor::writable+66592\n19: 00007FF75D840A30 v8::PropertyDescriptor::writable+66592\n20: 00007FF75D840A30 v8::PropertyDescriptor::writable+66592\n21: 00007FF75D83EDF0 v8::PropertyDescriptor::writable+59360\n22: 00007FF75D83E9EB v8::PropertyDescriptor::writable+58331\n23: 00007FF75D6EF9B8 v8::FixedArray::Length+3928\n24: 00007FF75D6EF2B3 v8::FixedArray::Length+2131\n25: 00007FF75D8037DB v8::Function::Call+571\n26: 00007FF75CDCA59A node::OnFatalError+129114\n27: 00007FF75CD212A6 node::TriggerNodeReport+23830\n28: 00007FF75CDEE40B node::Start+2011\n29: 00007FF75CE6F7D5 node::LoadEnvironment+245\n30: 00007FF75CD557BA DH_get0_priv_key+153754\n31: 00007FF75CDEEF8D node::Start+4957\n32: 00007FF75CDEDC60 node::Start+48\n33: 00007FF75CB9D91C AES_cbc_encrypt+151372\n34: 00007FF75E046C5C inflateValidate+19196\n35: 00007FFEFEF17AC4 BaseThreadInitThunk+20\n36: 00007FFEFF61A8C1 RtlUserThreadStart+33"},"time":534.039,"fullname":"parallel/test-buffer-slow","closingTestPoint":false}},{"testName":"parallel/test-permission-fs-symlink-relative","timestamp":1767806503560,"status":"FAILED","jobName":"node-test-binary-windows-js-suites","config":"node-test-binary-windows-js-suites » 0,win2019-COMPILED_BY-vs2019 #38205","buildUrl":"https://ci.nodejs.org/job/node-test-binary-windows-js-suites/RUN_SUBSET=0,nodes=win2019-COMPILED_BY-vs2019/38205/","buildNumber":38205,"builtOn":"test-rackspace-win2019_vs2019-x64-1","nodeVersion":"20.20.0","commitHash":"39da91a82ed0e864611cc3e1c7ad7d6b1472da9e","callStack":[{"upstreamBuild":74558,"upstreamProject":"node-test-commit-windows-fanned","upstreamUrl":"job/node-test-commit-windows-fanned/"},{"upstreamBuild":84656,"upstreamProject":"node-test-commit","upstreamUrl":"job/node-test-commit/"},{"upstreamBuild":70700,"upstreamProject":"node-test-pull-request","upstreamUrl":"job/node-test-pull-request/"},{"prId":"804"}],"tap":{"ok":false,"name":"parallel/test-permission-fs-symlink-relative","id":608,"buffered":false,"tapError":null,"skip":false,"todo":false,"previous":null,"plan":null,"diag":{"severity":"fail","exitcode":1,"stack":"node:assert:377\n      throw err;\n      ^\n\nAssertionError [ERR_ASSERTION]: Expected values to be strictly deep-equal:\n+ actual - expected\n\n  Comparison {\n+   code: 'EEXIST',\n+   message: \"EEXIST: file already exists, symlink 'a' -> 'C:\\\\workspace\\\\node-test-binary-windows-js-suites\\\\node\\\\test\\\\parallel\\\\test-permission-fs-symlink-relative.js'\"\n-   code: 'ERR_ACCESS_DENIED',\n-   message: /symlink API requires full fs\\.read and fs\\.write permissions/\n  }\n    at Object.<anonymous> (C:\\workspace\\node-test-binary-windows-js-suites\\node\\test\\parallel\\test-permission-fs-symlink-relative.js:19:14)\n    at Module._compile (node:internal/modules/cjs/loader:1521:14)\n    at Module._extensions..js (node:internal/modules/cjs/loader:1623:10)\n    at Module.load (node:internal/modules/cjs/loader:1266:32)\n    at Module._load (node:internal/modules/cjs/loader:1091:12)\n    at Function.executeUserEntryPoint [as runMain] (node:internal/modules/run_main:164:12)\n    at node:internal/main/run_main_module:28:49 {\n  generatedMessage: true,\n  code: 'ERR_ASSERTION',\n  actual: Error: EEXIST: file already exists, symlink 'a' -> 'C:\\workspace\\node-test-binary-windows-js-suites\\node\\test\\parallel\\test-permission-fs-symlink-relative.js'\n      at symlinkSync (node:fs:1822:11)\n      at C:\\workspace\\node-test-binary-windows-js-suites\\node\\test\\parallel\\test-permission-fs-symlink-relative.js:19:27\n      at getActual (node:assert:498:5)\n      at Function.throws (node:assert:644:24)\n      at Object.<anonymous> (C:\\workspace\\node-test-binary-windows-js-suites\\node\\test\\parallel\\test-permission-fs-symlink-relative.js:19:14)\n      at Module._compile (node:internal/modules/cjs/loader:1521:14)\n      at Module._extensions..js (node:internal/modules/cjs/loader:1623:10)\n      at Module.load (node:internal/modules/cjs/loader:1266:32)\n      at Module._load (node:internal/modules/cjs/loader:1091:12)\n      at Function.executeUserEntryPoint [as runMain] (node:internal/modules/run_main:164:12) {\n    errno: -4075,\n    code: 'EEXIST',\n    syscall: 'symlink',\n    path: 'a',\n    dest: 'C:\\\\workspace\\\\node-test-binary-windows-js-suites\\\\node\\\\test\\\\parallel\\\\test-permission-fs-symlink-relative.js'\n  },\n  expected: {\n    code: 'ERR_ACCESS_DENIED',\n    message: /symlink API requires full fs\\.read and fs\\.write permissions/\n  },\n  operator: 'throws'\n}\n\nNode.js v20.20.0"},"time":367.012,"fullname":"parallel/test-permission-fs-symlink-relative","closingTestPoint":false}},{"testName":"parallel/test-permission-fs-symlink-relative","timestamp":1767806503560,"status":"FAILED","jobName":"node-test-binary-windows-js-suites","config":"node-test-binary-windows-js-suites » 1,win11-arm64-COMPILED_BY-vs2019-arm64 #38205","buildUrl":"https://ci.nodejs.org/job/node-test-binary-windows-js-suites/RUN_SUBSET=1,nodes=win11-arm64-COMPILED_BY-vs2019-arm64/38205/","buildNumber":38205,"builtOn":"test-azure_msft-win11_vs2022-arm64-5","nodeVersion":"20.20.0","commitHash":"39da91a82ed0e864611cc3e1c7ad7d6b1472da9e","callStack":[{"upstreamBuild":74558,"upstreamProject":"node-test-commit-windows-fanned","upstreamUrl":"job/node-test-commit-windows-fanned/"},{"upstreamBuild":84656,"upstreamProject":"node-test-commit","upstreamUrl":"job/node-test-commit/"},{"upstreamBuild":70700,"upstreamProject":"node-test-pull-request","upstreamUrl":"job/node-test-pull-request/"},{"prId":"804"}],"tap":{"ok":false,"name":"parallel/test-permission-fs-symlink-relative","id":603,"buffered":false,"tapError":null,"skip":false,"todo":false,"previous":null,"plan":null,"diag":{"severity":"fail","exitcode":1,"stack":"node:assert:377\n      throw err;\n      ^\n\nAssertionError [ERR_ASSERTION]: Expected values to be strictly deep-equal:\n+ actual - expected\n\n  Comparison {\n+   code: 'EEXIST',\n+   message: \"EEXIST: file already exists, symlink 'a' -> 'd:\\\\workspace\\\\node-test-binary-windows-js-suites\\\\node\\\\test\\\\parallel\\\\test-permission-fs-symlink-relative.js'\"\n-   code: 'ERR_ACCESS_DENIED',\n-   message: /symlink API requires full fs\\.read and fs\\.write permissions/\n  }\n    at Object.<anonymous> (d:\\workspace\\node-test-binary-windows-js-suites\\node\\test\\parallel\\test-permission-fs-symlink-relative.js:19:14)\n    at Module._compile (node:internal/modules/cjs/loader:1521:14)\n    at Module._extensions..js (node:internal/modules/cjs/loader:1623:10)\n    at Module.load (node:internal/modules/cjs/loader:1266:32)\n    at Module._load (node:internal/modules/cjs/loader:1091:12)\n    at Function.executeUserEntryPoint [as runMain] (node:internal/modules/run_main:164:12)\n    at node:internal/main/run_main_module:28:49 {\n  generatedMessage: true,\n  code: 'ERR_ASSERTION',\n  actual: Error: EEXIST: file already exists, symlink 'a' -> 'd:\\workspace\\node-test-binary-windows-js-suites\\node\\test\\parallel\\test-permission-fs-symlink-relative.js'\n      at symlinkSync (node:fs:1822:11)\n      at d:\\workspace\\node-test-binary-windows-js-suites\\node\\test\\parallel\\test-permission-fs-symlink-relative.js:19:27\n      at getActual (node:assert:498:5)\n      at Function.throws (node:assert:644:24)\n      at Object.<anonymous> (d:\\workspace\\node-test-binary-windows-js-suites\\node\\test\\parallel\\test-permission-fs-symlink-relative.js:19:14)\n      at Module._compile (node:internal/modules/cjs/loader:1521:14)\n      at Module._extensions..js (node:internal/modules/cjs/loader:1623:10)\n      at Module.load (node:internal/modules/cjs/loader:1266:32)\n      at Module._load (node:internal/modules/cjs/loader:1091:12)\n      at Function.executeUserEntryPoint [as runMain] (node:internal/modules/run_main:164:12) {\n    errno: -4075,\n    code: 'EEXIST',\n    syscall: 'symlink',\n    path: 'a',\n    dest: 'd:\\\\workspace\\\\node-test-binary-windows-js-suites\\\\node\\\\test\\\\parallel\\\\test-permission-fs-symlink-relative.js'\n  },\n  expected: {\n    code: 'ERR_ACCESS_DENIED',\n    message: /symlink API requires full fs\\.read and fs\\.write permissions/\n  },\n  operator: 'throws'\n}\n\nNode.js v20.20.0"},"time":300,"fullname":"parallel/test-permission-fs-symlink-relative","closingTestPoint":false}},{"testName":"parallel/test-permission-fs-symlink-relative","timestamp":1767806503560,"status":"FAILED","jobName":"node-test-binary-windows-js-suites","config":"node-test-binary-windows-js-suites » 0,win10-COMPILED_BY-vs2019 #38205","buildUrl":"https://ci.nodejs.org/job/node-test-binary-windows-js-suites/RUN_SUBSET=0,nodes=win10-COMPILED_BY-vs2019/38205/","buildNumber":38205,"builtOn":"test-azure_msft-win10_vs2019-x64-4","nodeVersion":"20.20.0","commitHash":"39da91a82ed0e864611cc3e1c7ad7d6b1472da9e","callStack":[{"upstreamBuild":74558,"upstreamProject":"node-test-commit-windows-fanned","upstreamUrl":"job/node-test-commit-windows-fanned/"},{"upstreamBuild":84656,"upstreamProject":"node-test-commit","upstreamUrl":"job/node-test-commit/"},{"upstreamBuild":70700,"upstreamProject":"node-test-pull-request","upstreamUrl":"job/node-test-pull-request/"},{"prId":"804"}],"tap":{"ok":false,"name":"parallel/test-permission-fs-symlink-relative","id":609,"buffered":false,"tapError":null,"skip":false,"todo":false,"previous":null,"plan":null,"diag":{"severity":"fail","exitcode":1,"stack":"node:assert:377\n      throw err;\n      ^\n\nAssertionError [ERR_ASSERTION]: Expected values to be strictly deep-equal:\n+ actual - expected\n\n  Comparison {\n+   code: 'EEXIST',\n+   message: \"EEXIST: file already exists, symlink 'a' -> 'c:\\\\workspace\\\\node-test-binary-windows-js-suites\\\\node\\\\test\\\\parallel\\\\test-permission-fs-symlink-relative.js'\"\n-   code: 'ERR_ACCESS_DENIED',\n-   message: /symlink API requires full fs\\.read and fs\\.write permissions/\n  }\n    at Object.<anonymous> (c:\\workspace\\node-test-binary-windows-js-suites\\node\\test\\parallel\\test-permission-fs-symlink-relative.js:19:14)\n    at Module._compile (node:internal/modules/cjs/loader:1521:14)\n    at Module._extensions..js (node:internal/modules/cjs/loader:1623:10)\n    at Module.load (node:internal/modules/cjs/loader:1266:32)\n    at Module._load (node:internal/modules/cjs/loader:1091:12)\n    at Function.executeUserEntryPoint [as runMain] (node:internal/modules/run_main:164:12)\n    at node:internal/main/run_main_module:28:49 {\n  generatedMessage: true,\n  code: 'ERR_ASSERTION',\n  actual: Error: EEXIST: file already exists, symlink 'a' -> 'c:\\workspace\\node-test-binary-windows-js-suites\\node\\test\\parallel\\test-permission-fs-symlink-relative.js'\n      at symlinkSync (node:fs:1822:11)\n      at c:\\workspace\\node-test-binary-windows-js-suites\\node\\test\\parallel\\test-permission-fs-symlink-relative.js:19:27\n      at getActual (node:assert:498:5)\n      at Function.throws (node:assert:644:24)\n      at Object.<anonymous> (c:\\workspace\\node-test-binary-windows-js-suites\\node\\test\\parallel\\test-permission-fs-symlink-relative.js:19:14)\n      at Module._compile (node:internal/modules/cjs/loader:1521:14)\n      at Module._extensions..js (node:internal/modules/cjs/loader:1623:10)\n      at Module.load (node:internal/modules/cjs/loader:1266:32)\n      at Module._load (node:internal/modules/cjs/loader:1091:12)\n      at Function.executeUserEntryPoint [as runMain] (node:internal/modules/run_main:164:12) {\n    errno: -4075,\n    code: 'EEXIST',\n    syscall: 'symlink',\n    path: 'a',\n    dest: 'c:\\\\workspace\\\\node-test-binary-windows-js-suites\\\\node\\\\test\\\\parallel\\\\test-permission-fs-symlink-relative.js'\n  },\n  expected: {\n    code: 'ERR_ACCESS_DENIED',\n    message: /symlink API requires full fs\\.read and fs\\.write permissions/\n  },\n  operator: 'throws'\n}\n\nNode.js v20.20.0"},"time":130.002,"fullname":"parallel/test-permission-fs-symlink-relative","closingTestPoint":false}},{"testName":"parallel/test-permission-fs-symlink-relative","timestamp":1767806503560,"status":"FAILED","jobName":"node-test-binary-windows-js-suites","config":"node-test-binary-windows-js-suites » 0,win11-COMPILED_BY-vs2019 #38205","buildUrl":"https://ci.nodejs.org/job/node-test-binary-windows-js-suites/RUN_SUBSET=0,nodes=win11-COMPILED_BY-vs2019/38205/","buildNumber":38205,"builtOn":"test-azure_msft-win11_vs2022-x64-4","nodeVersion":"20.20.0","commitHash":"39da91a82ed0e864611cc3e1c7ad7d6b1472da9e","callStack":[{"upstreamBuild":74558,"upstreamProject":"node-test-commit-windows-fanned","upstreamUrl":"job/node-test-commit-windows-fanned/"},{"upstreamBuild":84656,"upstreamProject":"node-test-commit","upstreamUrl":"job/node-test-commit/"},{"upstreamBuild":70700,"upstreamProject":"node-test-pull-request","upstreamUrl":"job/node-test-pull-request/"},{"prId":"804"}],"tap":{"ok":false,"name":"parallel/test-permission-fs-symlink-relative","id":610,"buffered":false,"tapError":null,"skip":false,"todo":false,"previous":null,"plan":null,"diag":{"severity":"fail","exitcode":1,"stack":"node:assert:377\n      throw err;\n      ^\n\nAssertionError [ERR_ASSERTION]: Expected values to be strictly deep-equal:\n+ actual - expected\n\n  Comparison {\n+   code: 'EEXIST',\n+   message: \"EEXIST: file already exists, symlink 'a' -> 'c:\\\\workspace\\\\node-test-binary-windows-js-suites\\\\node\\\\test\\\\parallel\\\\test-permission-fs-symlink-relative.js'\"\n-   code: 'ERR_ACCESS_DENIED',\n-   message: /symlink API requires full fs\\.read and fs\\.write permissions/\n  }\n    at Object.<anonymous> (c:\\workspace\\node-test-binary-windows-js-suites\\node\\test\\parallel\\test-permission-fs-symlink-relative.js:19:14)\n    at Module._compile (node:internal/modules/cjs/loader:1521:14)\n    at Module._extensions..js (node:internal/modules/cjs/loader:1623:10)\n    at Module.load (node:internal/modules/cjs/loader:1266:32)\n    at Module._load (node:internal/modules/cjs/loader:1091:12)\n    at Function.executeUserEntryPoint [as runMain] (node:internal/modules/run_main:164:12)\n    at node:internal/main/run_main_module:28:49 {\n  generatedMessage: true,\n  code: 'ERR_ASSERTION',\n  actual: Error: EEXIST: file already exists, symlink 'a' -> 'c:\\workspace\\node-test-binary-windows-js-suites\\node\\test\\parallel\\test-permission-fs-symlink-relative.js'\n      at symlinkSync (node:fs:1822:11)\n      at c:\\workspace\\node-test-binary-windows-js-suites\\node\\test\\parallel\\test-permission-fs-symlink-relative.js:19:27\n      at getActual (node:assert:498:5)\n      at Function.throws (node:assert:644:24)\n      at Object.<anonymous> (c:\\workspace\\node-test-binary-windows-js-suites\\node\\test\\parallel\\test-permission-fs-symlink-relative.js:19:14)\n      at Module._compile (node:internal/modules/cjs/loader:1521:14)\n      at Module._extensions..js (node:internal/modules/cjs/loader:1623:10)\n      at Module.load (node:internal/modules/cjs/loader:1266:32)\n      at Module._load (node:internal/modules/cjs/loader:1091:12)\n      at Function.executeUserEntryPoint [as runMain] (node:internal/modules/run_main:164:12) {\n    errno: -4075,\n    code: 'EEXIST',\n    syscall: 'symlink',\n    path: 'a',\n    dest: 'c:\\\\workspace\\\\node-test-binary-windows-js-suites\\\\node\\\\test\\\\parallel\\\\test-permission-fs-symlink-relative.js'\n  },\n  expected: {\n    code: 'ERR_ACCESS_DENIED',\n    message: /symlink API requires full fs\\.read and fs\\.write permissions/\n  },\n  operator: 'throws'\n}\n\nNode.js v20.20.0"},"time":163.999,"fullname":"parallel/test-permission-fs-symlink-relative","closingTestPoint":false}},{"testName":"js-tests.junit.xml/[empty]","timestamp":1767806503560,"status":"FAILED","jobName":"node-test-binary-windows-js-suites","config":"node-test-binary-windows-js-suites » 1,win2019-COMPILED_BY-vs2019 #38205","buildUrl":"https://ci.nodejs.org/job/node-test-binary-windows-js-suites/RUN_SUBSET=1,nodes=win2019-COMPILED_BY-vs2019/38205/","buildNumber":38205,"builtOn":"test-rackspace-win2019_vs2019-x64-2","nodeVersion":"20.20.0","commitHash":"39da91a82ed0e864611cc3e1c7ad7d6b1472da9e","callStack":[{"upstreamBuild":74558,"upstreamProject":"node-test-commit-windows-fanned","upstreamUrl":"job/node-test-commit-windows-fanned/"},{"upstreamBuild":84656,"upstreamProject":"node-test-commit","upstreamUrl":"job/node-test-commit/"},{"upstreamBuild":70700,"upstreamProject":"node-test-pull-request","upstreamUrl":"job/node-test-pull-request/"},{"prId":"804"}],"tap":null},{"testName":"parallel/test-permission-fs-symlink-relative","timestamp":1767806503560,"status":"FAILED","jobName":"node-test-binary-windows-js-suites","config":"node-test-binary-windows-js-suites » 0,win2022-COMPILED_BY-vs2019 #38205","buildUrl":"https://ci.nodejs.org/job/node-test-binary-windows-js-suites/RUN_SUBSET=0,nodes=win2022-COMPILED_BY-vs2019/38205/","buildNumber":38205,"builtOn":"test-rackspace-win2022_vs2022-x64-3","nodeVersion":"20.20.0","commitHash":"39da91a82ed0e864611cc3e1c7ad7d6b1472da9e","callStack":[{"upstreamBuild":74558,"upstreamProject":"node-test-commit-windows-fanned","upstreamUrl":"job/node-test-commit-windows-fanned/"},{"upstreamBuild":84656,"upstreamProject":"node-test-commit","upstreamUrl":"job/node-test-commit/"},{"upstreamBuild":70700,"upstreamProject":"node-test-pull-request","upstreamUrl":"job/node-test-pull-request/"},{"prId":"804"}],"tap":{"ok":false,"name":"parallel/test-permission-fs-symlink-relative","id":607,"buffered":false,"tapError":null,"skip":false,"todo":false,"previous":null,"plan":null,"diag":{"severity":"fail","exitcode":1,"stack":"node:assert:377\n      throw err;\n      ^\n\nAssertionError [ERR_ASSERTION]: Expected values to be strictly deep-equal:\n+ actual - expected\n\n  Comparison {\n+   code: 'EEXIST',\n+   message: \"EEXIST: file already exists, symlink 'a' -> 'C:\\\\workspace\\\\node-test-binary-windows-js-suites\\\\node\\\\test\\\\parallel\\\\test-permission-fs-symlink-relative.js'\"\n-   code: 'ERR_ACCESS_DENIED',\n-   message: /symlink API requires full fs\\.read and fs\\.write permissions/\n  }\n    at Object.<anonymous> (C:\\workspace\\node-test-binary-windows-js-suites\\node\\test\\parallel\\test-permission-fs-symlink-relative.js:19:14)\n    at Module._compile (node:internal/modules/cjs/loader:1521:14)\n    at Module._extensions..js (node:internal/modules/cjs/loader:1623:10)\n    at Module.load (node:internal/modules/cjs/loader:1266:32)\n    at Module._load (node:internal/modules/cjs/loader:1091:12)\n    at Function.executeUserEntryPoint [as runMain] (node:internal/modules/run_main:164:12)\n    at node:internal/main/run_main_module:28:49 {\n  generatedMessage: true,\n  code: 'ERR_ASSERTION',\n  actual: Error: EEXIST: file already exists, symlink 'a' -> 'C:\\workspace\\node-test-binary-windows-js-suites\\node\\test\\parallel\\test-permission-fs-symlink-relative.js'\n      at symlinkSync (node:fs:1822:11)\n      at C:\\workspace\\node-test-binary-windows-js-suites\\node\\test\\parallel\\test-permission-fs-symlink-relative.js:19:27\n      at getActual (node:assert:498:5)\n      at Function.throws (node:assert:644:24)\n      at Object.<anonymous> (C:\\workspace\\node-test-binary-windows-js-suites\\node\\test\\parallel\\test-permission-fs-symlink-relative.js:19:14)\n      at Module._compile (node:internal/modules/cjs/loader:1521:14)\n      at Module._extensions..js (node:internal/modules/cjs/loader:1623:10)\n      at Module.load (node:internal/modules/cjs/loader:1266:32)\n      at Module._load (node:internal/modules/cjs/loader:1091:12)\n      at Function.executeUserEntryPoint [as runMain] (node:internal/modules/run_main:164:12) {\n    errno: -4075,\n    code: 'EEXIST',\n    syscall: 'symlink',\n    path: 'a',\n    dest: 'C:\\\\workspace\\\\node-test-binary-windows-js-suites\\\\node\\\\test\\\\parallel\\\\test-permission-fs-symlink-relative.js'\n  },\n  expected: {\n    code: 'ERR_ACCESS_DENIED',\n    message: /symlink API requires full fs\\.read and fs\\.write permissions/\n  },\n  operator: 'throws'\n}\n\nNode.js v20.20.0"},"time":254.995,"fullname":"parallel/test-permission-fs-symlink-relative","closingTestPoint":false}},{"testName":"parallel/test-buffer-slow","timestamp":1767806503560,"status":"FAILED","jobName":"node-test-binary-windows-js-suites","config":"node-test-binary-windows-js-suites » 0,win2016-COMPILED_BY-vs2019-x86 #38205","buildUrl":"https://ci.nodejs.org/job/node-test-binary-windows-js-suites/RUN_SUBSET=0,nodes=win2016-COMPILED_BY-vs2019-x86/38205/","buildNumber":38205,"builtOn":"test-rackspace-win2016_vs2015-x64-1","nodeVersion":"20.20.0","commitHash":"39da91a82ed0e864611cc3e1c7ad7d6b1472da9e","callStack":[{"upstreamBuild":74558,"upstreamProject":"node-test-commit-windows-fanned","upstreamUrl":"job/node-test-commit-windows-fanned/"},{"upstreamBuild":84656,"upstreamProject":"node-test-commit","upstreamUrl":"job/node-test-commit/"},{"upstreamBuild":70700,"upstreamProject":"node-test-pull-request","upstreamUrl":"job/node-test-pull-request/"},{"prId":"804"}],"tap":{"ok":false,"name":"parallel/test-buffer-slow","id":109,"buffered":false,"tapError":null,"skip":false,"todo":false,"previous":null,"plan":null,"diag":{"severity":"fail","exitcode":134,"stack":"\n<--- Last few GCs --->\n\n[8288:008D6258]       92 ms: Mark-Compact (reduce) 2.0 (4.7) -> 2.0 (3.4) MB, 9.71 / 0.00 ms  (average mu = 0.008, current mu = 0.005) external memory pressure; GC in old space requested\n[8288:008D6258]       96 ms: Mark-Compact (reduce) 2.0 (3.4) -> 2.0 (3.4) MB, 4.56 / 0.00 ms  (average mu = 0.009, current mu = 0.011) external memory pressure; GC in old space requested\n\n\n<--- JS stacktrace --->\n\nFATAL ERROR: v8::ArrayBuffer::NewBackingStore Allocation failed - process out of memory\n----- Native stack trace -----"},"time":407.999,"fullname":"parallel/test-buffer-slow","closingTestPoint":false}},{"testName":"parallel/test-permission-fs-symlink-relative","timestamp":1767806503560,"status":"FAILED","jobName":"node-test-binary-windows-js-suites","config":"node-test-binary-windows-js-suites » 0,win2016-COMPILED_BY-vs2019-x86 #38205","buildUrl":"https://ci.nodejs.org/job/node-test-binary-windows-js-suites/RUN_SUBSET=0,nodes=win2016-COMPILED_BY-vs2019-x86/38205/","buildNumber":38205,"builtOn":"test-rackspace-win2016_vs2015-x64-1","nodeVersion":"20.20.0","commitHash":"39da91a82ed0e864611cc3e1c7ad7d6b1472da9e","callStack":[{"upstreamBuild":74558,"upstreamProject":"node-test-commit-windows-fanned","upstreamUrl":"job/node-test-commit-windows-fanned/"},{"upstreamBuild":84656,"upstreamProject":"node-test-commit","upstreamUrl":"job/node-test-commit/"},{"upstreamBuild":70700,"upstreamProject":"node-test-pull-request","upstreamUrl":"job/node-test-pull-request/"},{"prId":"804"}],"tap":{"ok":false,"name":"parallel/test-permission-fs-symlink-relative","id":606,"buffered":false,"tapError":null,"skip":false,"todo":false,"previous":null,"plan":null,"diag":{"severity":"fail","exitcode":1,"stack":"node:assert:377\n      throw err;\n      ^\n\nAssertionError [ERR_ASSERTION]: Expected values to be strictly deep-equal:\n+ actual - expected\n\n  Comparison {\n+   code: 'EEXIST',\n+   message: \"EEXIST: file already exists, symlink 'a' -> 'C:\\\\workspace\\\\node-test-binary-windows-js-suites\\\\node\\\\test\\\\parallel\\\\test-permission-fs-symlink-relative.js'\"\n-   code: 'ERR_ACCESS_DENIED',\n-   message: /symlink API requires full fs\\.read and fs\\.write permissions/\n  }\n    at Object.<anonymous> (C:\\workspace\\node-test-binary-windows-js-suites\\node\\test\\parallel\\test-permission-fs-symlink-relative.js:19:14)\n    at Module._compile (node:internal/modules/cjs/loader:1521:14)\n    at Module._extensions..js (node:internal/modules/cjs/loader:1623:10)\n    at Module.load (node:internal/modules/cjs/loader:1266:32)\n    at Module._load (node:internal/modules/cjs/loader:1091:12)\n    at Function.executeUserEntryPoint [as runMain] (node:internal/modules/run_main:164:12)\n    at node:internal/main/run_main_module:28:49 {\n  generatedMessage: true,\n  code: 'ERR_ASSERTION',\n  actual: Error: EEXIST: file already exists, symlink 'a' -> 'C:\\workspace\\node-test-binary-windows-js-suites\\node\\test\\parallel\\test-permission-fs-symlink-relative.js'\n      at symlinkSync (node:fs:1822:11)\n      at C:\\workspace\\node-test-binary-windows-js-suites\\node\\test\\parallel\\test-permission-fs-symlink-relative.js:19:27\n      at getActual (node:assert:498:5)\n      at Function.throws (node:assert:644:24)\n      at Object.<anonymous> (C:\\workspace\\node-test-binary-windows-js-suites\\node\\test\\parallel\\test-permission-fs-symlink-relative.js:19:14)\n      at Module._compile (node:internal/modules/cjs/loader:1521:14)\n      at Module._extensions..js (node:internal/modules/cjs/loader:1623:10)\n      at Module.load (node:internal/modules/cjs/loader:1266:32)\n      at Module._load (node:internal/modules/cjs/loader:1091:12)\n      at Function.executeUserEntryPoint [as runMain] (node:internal/modules/run_main:164:12) {\n    errno: -4075,\n    code: 'EEXIST',\n    syscall: 'symlink',\n    path: 'a',\n    dest: 'C:\\\\workspace\\\\node-test-binary-windows-js-suites\\\\node\\\\test\\\\parallel\\\\test-permission-fs-symlink-relative.js'\n  },\n  expected: {\n    code: 'ERR_ACCESS_DENIED',\n    message: /symlink API requires full fs\\.read and fs\\.write permissions/\n  },\n  operator: 'throws'\n}\n\nNode.js v20.20.0"},"time":288.003,"fullname":"parallel/test-permission-fs-symlink-relative","closingTestPoint":false}},{"testName":"js-tests.junit.xml/[empty]","timestamp":1767806503560,"status":"FAILED","jobName":"node-test-binary-windows-js-suites","config":"node-test-binary-windows-js-suites » 1,win2022-COMPILED_BY-vs2019 #38205","buildUrl":"https://ci.nodejs.org/job/node-test-binary-windows-js-suites/RUN_SUBSET=1,nodes=win2022-COMPILED_BY-vs2019/38205/","buildNumber":38205,"builtOn":"test-rackspace-win2022_vs2022-x64-3","nodeVersion":"20.20.0","commitHash":"39da91a82ed0e864611cc3e1c7ad7d6b1472da9e","callStack":[{"upstreamBuild":74558,"upstreamProject":"node-test-commit-windows-fanned","upstreamUrl":"job/node-test-commit-windows-fanned/"},{"upstreamBuild":84656,"upstreamProject":"node-test-commit","upstreamUrl":"job/node-test-commit/"},{"upstreamBuild":70700,"upstreamProject":"node-test-pull-request","upstreamUrl":"job/node-test-pull-request/"},{"prId":"804"}],"tap":null},{"testName":"js-tests.junit.xml/[empty]","timestamp":1767806503560,"status":"FAILED","jobName":"node-test-binary-windows-js-suites","config":"node-test-binary-windows-js-suites » 1,win10-COMPILED_BY-vs2019 #38205","buildUrl":"https://ci.nodejs.org/job/node-test-binary-windows-js-suites/RUN_SUBSET=1,nodes=win10-COMPILED_BY-vs2019/38205/","buildNumber":38205,"builtOn":"test-azure_msft-win10_vs2019-x64-1","nodeVersion":"20.20.0","commitHash":"39da91a82ed0e864611cc3e1c7ad7d6b1472da9e","callStack":[{"upstreamBuild":74558,"upstreamProject":"node-test-commit-windows-fanned","upstreamUrl":"job/node-test-commit-windows-fanned/"},{"upstreamBuild":84656,"upstreamProject":"node-test-commit","upstreamUrl":"job/node-test-commit/"},{"upstreamBuild":70700,"upstreamProject":"node-test-pull-request","upstreamUrl":"job/node-test-pull-request/"},{"prId":"804"}],"tap":null},{"testName":"js-tests.junit.xml/[empty]","timestamp":1767806503560,"status":"FAILED","jobName":"node-test-binary-windows-js-suites","config":"node-test-binary-windows-js-suites » 1,win2016-COMPILED_BY-vs2019-x86 #38205","buildUrl":"https://ci.nodejs.org/job/node-test-binary-windows-js-suites/RUN_SUBSET=1,nodes=win2016-COMPILED_BY-vs2019-x86/38205/","buildNumber":38205,"builtOn":"test-rackspace-win2016_vs2015-x64-1","nodeVersion":"20.20.0","commitHash":"39da91a82ed0e864611cc3e1c7ad7d6b1472da9e","callStack":[{"upstreamBuild":74558,"upstreamProject":"node-test-commit-windows-fanned","upstreamUrl":"job/node-test-commit-windows-fanned/"},{"upstreamBuild":84656,"upstreamProject":"node-test-commit","upstreamUrl":"job/node-test-commit/"},{"upstreamBuild":70700,"upstreamProject":"node-test-pull-request","upstreamUrl":"job/node-test-pull-request/"},{"prId":"804"}],"tap":null},{"testName":"js-tests.junit.xml/[empty]","timestamp":1767806503560,"status":"FAILED","jobName":"node-test-binary-windows-js-suites","config":"node-test-binary-windows-js-suites » 1,win11-COMPILED_BY-vs2019 #38205","buildUrl":"https://ci.nodejs.org/job/node-test-binary-windows-js-suites/RUN_SUBSET=1,nodes=win11-COMPILED_BY-vs2019/38205/","buildNumber":38205,"builtOn":"test-azure_msft-win11_vs2022-x64-4","nodeVersion":"20.20.0","commitHash":"39da91a82ed0e864611cc3e1c7ad7d6b1472da9e","callStack":[{"upstreamBuild":74558,"upstreamProject":"node-test-commit-windows-fanned","upstreamUrl":"job/node-test-commit-windows-fanned/"},{"upstreamBuild":84656,"upstreamProject":"node-test-commit","upstreamUrl":"job/node-test-commit/"},{"upstreamBuild":70700,"upstreamProject":"node-test-pull-request","upstreamUrl":"job/node-test-pull-request/"},{"prId":"804"}],"tap":null}]}