{"failedTests":[{"testName":"parallel/test-buffer-slow","timestamp":1767853618419,"status":"FAILED","jobName":"node-test-binary-windows-js-suites","config":"node-test-binary-windows-js-suites » 3,win2019-COMPILED_BY-vs2019 #38214","buildUrl":"https://ci.nodejs.org/job/node-test-binary-windows-js-suites/RUN_SUBSET=3,nodes=win2019-COMPILED_BY-vs2019/38214/","buildNumber":38214,"builtOn":"test-rackspace-win2019_vs2019-x64-2","nodeVersion":"20.20.0","commitHash":"b577bea0e5ed2493e62b508bb4e1308465c7da5c","callStack":[{"upstreamBuild":74563,"upstreamProject":"node-test-commit-windows-fanned","upstreamUrl":"job/node-test-commit-windows-fanned/"},{"upstreamBuild":84661,"upstreamProject":"node-test-commit","upstreamUrl":"job/node-test-commit/"},{"upstreamBuild":70704,"upstreamProject":"node-test-pull-request","upstreamUrl":"job/node-test-pull-request/"},{"prId":"804"}],"tap":{"ok":false,"name":"parallel/test-buffer-slow","id":113,"buffered":false,"tapError":null,"skip":false,"todo":false,"previous":null,"plan":null,"diag":{"severity":"fail","exitcode":134,"stack":"\n<--- Last few GCs --->\n\n[8756:0000017A817B9430]      120 ms: Mark-Compact (reduce) 3.6 (6.2) -> 3.6 (5.0) MB, 8.98 / 0.00 ms  (average mu = 0.035, current mu = 0.007) external memory pressure; GC in old space requested\n[8756:0000017A817B9430]      127 ms: Mark-Compact (reduce) 3.6 (5.0) -> 3.6 (5.0) MB, 6.20 / 0.00 ms  (average mu = 0.020, current mu = 0.004) external memory pressure; GC in old space requested\n\n\n<--- JS stacktrace --->\n\nFATAL ERROR: v8::ArrayBuffer::NewBackingStore Allocation failed - process out of memory\n----- Native stack trace -----\n\n 1: 00007FF752B5C01B node::DumpNativeBacktrace+155 [C:\\workspace\\node-compile-windows\\node\\src\\debug_utils.cc]:L322\n 2: 00007FF752ACAF88 node::OOMErrorHandler+360 [C:\\workspace\\node-compile-windows\\node\\src\\node_errors.cc]:L625\n 3: 00007FF7535447D1 v8::Utils::ReportOOMFailure+33 [C:\\workspace\\node-compile-windows\\node\\deps\\v8\\src\\api\\api.cc]:L353\n 4: 00007FF75352DF28 v8::internal::V8::FatalProcessOutOfMemory+696 [C:\\workspace\\node-compile-windows\\node\\deps\\v8\\src\\api\\api.cc]:L299\n 5: 00007FF753540019 v8::ArrayBuffer::NewBackingStore+185 [C:\\workspace\\node-compile-windows\\node\\deps\\v8\\src\\api\\api.cc]:L8739\n 6: 00007FF752AF53CC node::Buffer::`anonymous namespace'::CreateUnsafeArrayBuffer+428 [C:\\workspace\\node-compile-windows\\node\\src\\node_buffer.cc]:L1407\n 7: 00007FF7534FACBE v8::internal::FunctionCallbackArguments::Call+206 [C:\\workspace\\node-compile-windows\\node\\deps\\v8\\src\\api\\api-arguments-inl.h]:L147\n 8: 00007FF7534FA8BA v8::internal::`anonymous namespace'::HandleApiCallHelper<0>+586 [C:\\workspace\\node-compile-windows\\node\\deps\\v8\\src\\builtins\\builtins-api.cc]:L115\n 9: 00007FF7534FAB7F v8::internal::Builtin_Impl_HandleApiCall+255 [C:\\workspace\\node-compile-windows\\node\\deps\\v8\\src\\builtins\\builtins-api.cc]:L144\n10: 00007FF7534FA9F0 v8::internal::Builtin_HandleApiCall+32 [C:\\workspace\\node-compile-windows\\node\\deps\\v8\\src\\builtins\\builtins-api.cc]:L135\n11: 00007FF7535EF60E Builtins_CEntry_Return1_ArgvOnStack_BuiltinExit+58 [C:\\workspace\\node-compile-windows\\node\\out\\Release\\obj\\v8_snapshot\\embedded.S]:L22157\n12: 00007FF753560CB0 Builtins_InterpreterEntryTrampoline+220 [C:\\workspace\\node-compile-windows\\node\\out\\Release\\obj\\v8_snapshot\\embedded.S]:L3755\n13: 00007FF753560CB0 Builtins_InterpreterEntryTrampoline+220 [C:\\workspace\\node-compile-windows\\node\\out\\Release\\obj\\v8_snapshot\\embedded.S]:L3755\n14: 00007FF753560CB0 Builtins_InterpreterEntryTrampoline+220 [C:\\workspace\\node-compile-windows\\node\\out\\Release\\obj\\v8_snapshot\\embedded.S]:L3755\n15: 00007FF753560CB0 Builtins_InterpreterEntryTrampoline+220 [C:\\workspace\\node-compile-windows\\node\\out\\Release\\obj\\v8_snapshot\\embedded.S]:L3755\n16: 00007FF753560CB0 Builtins_InterpreterEntryTrampoline+220 [C:\\workspace\\node-compile-windows\\node\\out\\Release\\obj\\v8_snapshot\\embedded.S]:L3755\n17: 00007FF753560CB0 Builtins_InterpreterEntryTrampoline+220 [C:\\workspace\\node-compile-windows\\node\\out\\Release\\obj\\v8_snapshot\\embedded.S]:L3755\n18: 00007FF753560CB0 Builtins_InterpreterEntryTrampoline+220 [C:\\workspace\\node-compile-windows\\node\\out\\Release\\obj\\v8_snapshot\\embedded.S]:L3755\n19: 00007FF753560CB0 Builtins_InterpreterEntryTrampoline+220 [C:\\workspace\\node-compile-windows\\node\\out\\Release\\obj\\v8_snapshot\\embedded.S]:L3755\n20: 00007FF753560CB0 Builtins_InterpreterEntryTrampoline+220 [C:\\workspace\\node-compile-windows\\node\\out\\Release\\obj\\v8_snapshot\\embedded.S]:L3755\n21: 00007FF75355F070 Builtins_JSEntryTrampoline+92 [C:\\workspace\\node-compile-windows\\node\\out\\Release\\obj\\v8_snapshot\\embedded.S]:L3515\n22: 00007FF75355EC6B Builtins_JSEntry+215 [C:\\workspace\\node-compile-windows\\node\\out\\Release\\obj\\v8_snapshot\\embedded.S]:L3473\n23: 00007FF75340FC38 v8::internal::`anonymous namespace'::Invoke+1224 [C:\\workspace\\node-compile-windows\\node\\deps\\v8\\src\\execution\\execution.cc]:L430\n24: 00007FF75340F533 v8::internal::Execution::Call+163 [C:\\workspace\\node-compile-windows\\node\\deps\\v8\\src\\execution\\execution.cc]:L531\n25: 00007FF753523A5B v8::Function::Call+571 [C:\\workspace\\node-compile-windows\\node\\deps\\v8\\src\\api\\api.cc]:L5546\n26: 00007FF752AEA80A node::builtins::BuiltinLoader::CompileAndCall+618 [C:\\workspace\\node-compile-windows\\node\\src\\node_builtins.cc]:L474\n27: 00007FF752A412D6 node::Realm::ExecuteBootstrapper+86 [C:\\workspace\\node-compile-windows\\node\\src\\node_realm.cc]:L169\n28: 00007FF752B0E67B node::StartExecution+1803 [C:\\workspace\\node-compile-windows\\node\\src\\node.cc]:L438\n29: 00007FF752B8FA55 node::LoadEnvironment+245 [C:\\workspace\\node-compile-windows\\node\\src\\api\\environment.cc]:L520\n30: 00007FF752A757EA node::NodeMainInstance::Run+234 [C:\\workspace\\node-compile-windows\\node\\src\\node_main_instance.cc]:L100\n31: 00007FF752B0F1FD node::StartInternal+1533 [C:\\workspace\\node-compile-windows\\node\\src\\node.cc]:L1517\n32: 00007FF752B0DED0 node::Start+48 [C:\\workspace\\node-compile-windows\\node\\src\\node.cc]:L1525\n33: 00007FF7528BD93C wmain+460 [C:\\workspace\\node-compile-windows\\node\\src\\node_main.cc]:L91\n34: 00007FF753D66EDC __scrt_common_main_seh+268 [D:\\a\\_work\\1\\s\\src\\vctools\\crt\\vcstartup\\src\\startup\\exe_common.inl]:L288\n35: 00007FF931E27AC4 BaseThreadInitThunk+20\n36: 00007FF932DBA8C1 RtlUserThreadStart+33"},"time":1064.014,"fullname":"parallel/test-buffer-slow","closingTestPoint":false}},{"testName":"parallel/test-buffer-slow","timestamp":1767853618419,"status":"FAILED","jobName":"node-test-binary-windows-js-suites","config":"node-test-binary-windows-js-suites » 3,win2016-COMPILED_BY-vs2019-x86 #38214","buildUrl":"https://ci.nodejs.org/job/node-test-binary-windows-js-suites/RUN_SUBSET=3,nodes=win2016-COMPILED_BY-vs2019-x86/38214/","buildNumber":38214,"builtOn":"test-azure_msft-win2016_vs2017-x64-1","nodeVersion":"20.20.0","commitHash":"b577bea0e5ed2493e62b508bb4e1308465c7da5c","callStack":[{"upstreamBuild":74563,"upstreamProject":"node-test-commit-windows-fanned","upstreamUrl":"job/node-test-commit-windows-fanned/"},{"upstreamBuild":84661,"upstreamProject":"node-test-commit","upstreamUrl":"job/node-test-commit/"},{"upstreamBuild":70704,"upstreamProject":"node-test-pull-request","upstreamUrl":"job/node-test-pull-request/"},{"prId":"804"}],"tap":{"ok":false,"name":"parallel/test-buffer-slow","id":109,"buffered":false,"tapError":null,"skip":false,"todo":false,"previous":null,"plan":null,"diag":{"severity":"fail","exitcode":134,"stack":"\n<--- Last few GCs --->\n\n[7948:04D0C7E8]       66 ms: Mark-Compact (reduce) 2.0 (4.7) -> 2.0 (3.4) MB, 7.84 / 0.00 ms  (average mu = 0.008, current mu = 0.007) external memory pressure; GC in old space requested\n[7948:04D0C7E8]       70 ms: Mark-Compact (reduce) 2.0 (3.4) -> 2.0 (3.4) MB, 3.61 / 0.00 ms  (average mu = 0.007, current mu = 0.006) external memory pressure; GC in old space requested\n\n\n<--- JS stacktrace --->\n\nFATAL ERROR: v8::ArrayBuffer::NewBackingStore Allocation failed - process out of memory\n----- Native stack trace -----"},"time":236.004,"fullname":"parallel/test-buffer-slow","closingTestPoint":false}}]}