{"failedTests":[{"testName":"parallel/test-crypto-cipheriv-decipheriv","timestamp":1767873020142,"status":"FAILED","jobName":"node-test-binary-windows-js-suites","config":"node-test-binary-windows-js-suites » 1,win2016-COMPILED_BY-vs2022-x86 #38225","buildUrl":"https://ci.nodejs.org/job/node-test-binary-windows-js-suites/RUN_SUBSET=1,nodes=win2016-COMPILED_BY-vs2022-x86/38225/","buildNumber":38225,"builtOn":"test-rackspace-win2016_vs2015-x64-2","nodeVersion":"22.22.0","commitHash":"03322f77f40db342426cadfb8ff09ecedc56c7cb","callStack":[{"upstreamBuild":74574,"upstreamProject":"node-test-commit-windows-fanned","upstreamUrl":"job/node-test-commit-windows-fanned/"},{"upstreamBuild":84674,"upstreamProject":"node-test-commit","upstreamUrl":"job/node-test-commit/"},{"upstreamBuild":70715,"upstreamProject":"node-test-pull-request","upstreamUrl":"job/node-test-pull-request/"},{"prId":"801"}],"tap":{"ok":false,"name":"parallel/test-crypto-cipheriv-decipheriv","id":198,"buffered":false,"tapError":null,"skip":false,"todo":false,"previous":null,"plan":null,"diag":{"severity":"fail","exitcode":134,"stack":"\n<--- Last few GCs --->\n\n[6924:00951000]      145 ms: Mark-Compact (reduce) 2.9 (5.5) -> 2.7 (4.5) MB, pooled: 0 MB, 5.92 / 0.00 ms  (average mu = 0.815, current mu = 0.009) external memory pressure; GC in old space requested\n[6924:00951000]      157 ms: Mark-Compact (reduce) 2.7 (4.5) -> 2.7 (4.3) MB, pooled: 0 MB, 12.21 / 0.00 ms  (average mu = 0.612, current mu = 0.004) external memory pressure; GC in old space requested\n\n\n<--- JS stacktrace --->\n\nFATAL ERROR: v8::ArrayBuffer::NewBackingStore Allocation failed - process out of memory\n----- Native stack trace -----"},"time":519.001,"fullname":"parallel/test-crypto-cipheriv-decipheriv","closingTestPoint":false}},{"testName":"parallel/test-inspector-network-fetch","timestamp":1767873020142,"status":"FAILED","jobName":"node-test-binary-windows-js-suites","config":"node-test-binary-windows-js-suites » 1,win2022-COMPILED_BY-vs2022 #38225","buildUrl":"https://ci.nodejs.org/job/node-test-binary-windows-js-suites/RUN_SUBSET=1,nodes=win2022-COMPILED_BY-vs2022/38225/","buildNumber":38225,"builtOn":"test-rackspace-win2022_vs2022-x64-2","nodeVersion":"22.22.0","commitHash":"03322f77f40db342426cadfb8ff09ecedc56c7cb","callStack":[{"upstreamBuild":74574,"upstreamProject":"node-test-commit-windows-fanned","upstreamUrl":"job/node-test-commit-windows-fanned/"},{"upstreamBuild":84674,"upstreamProject":"node-test-commit","upstreamUrl":"job/node-test-commit/"},{"upstreamBuild":70715,"upstreamProject":"node-test-pull-request","upstreamUrl":"job/node-test-pull-request/"},{"prId":"801"}],"tap":{"ok":false,"name":"parallel/test-inspector-network-fetch","id":594,"buffered":false,"tapError":null,"skip":false,"todo":": Fix flaky test","previous":null,"plan":null,"diag":{"severity":"flaky","exitcode":1,"stack":"Debugger listening on ws://127.0.0.1:52386/4ecd8757-c246-42e7-b12e-74e8646da9dc\nFor help, see: https://nodejs.org/en/docs/inspector\n(node:4860) [UNDICI-EHPA] Warning: EnvHttpProxyAgent is experimental, expect them to change at any time.\n(Use `node --trace-warnings ...` to show where the warning was created)\n(node:4860) [ERR_ASSERTION] AssertionError [ERR_ASSERTION]: Expected values to be strictly equal:\n\n400 !== 200\n\nnode:internal/deps/undici/undici:14902\n      Error.captureStackTrace(err);\n            ^\n\nTypeError: fetch failed\n    at node:internal/deps/undici/undici:14902:13\n    at process.processTicksAndRejections (node:internal/process/task_queues:105:5) {\n  [cause]: [Error: 701D0000:error:0A0000C6:SSL routines:tls_get_more_records:packet length too long:C:\\workspace\\node-compile-windows\\node\\deps\\openssl\\openssl\\ssl\\record\\methods\\tls_common.c:663:\n  ] {\n    library: 'SSL routines',\n    reason: 'packet length too long',\n    code: 'ERR_SSL_PACKET_LENGTH_TOO_LONG'\n  }\n}\n\nNode.js v22.22.0"},"time":435.007,"fullname":"parallel/test-inspector-network-fetch","closingTestPoint":false}}]}