{"failedTests":[{"testName":"parallel/test-crypto-cipheriv-decipheriv","timestamp":1767865071759,"status":"FAILED","jobName":"node-test-binary-windows-js-suites","config":"node-test-binary-windows-js-suites » 1,win2016-COMPILED_BY-vs2022-x86 #38220","buildUrl":"https://ci.nodejs.org/job/node-test-binary-windows-js-suites/RUN_SUBSET=1,nodes=win2016-COMPILED_BY-vs2022-x86/38220/","buildNumber":38220,"builtOn":"test-azure_msft-win2016_vs2017-x64-2","nodeVersion":"22.22.0","commitHash":"03322f77f40db342426cadfb8ff09ecedc56c7cb","callStack":[{"upstreamBuild":74569,"upstreamProject":"node-test-commit-windows-fanned","upstreamUrl":"job/node-test-commit-windows-fanned/"},{"upstreamBuild":84668,"upstreamProject":"node-test-commit","upstreamUrl":"job/node-test-commit/"},{"upstreamBuild":70710,"upstreamProject":"node-test-pull-request","upstreamUrl":"job/node-test-pull-request/"},{"prId":"801"}],"tap":{"ok":false,"name":"parallel/test-crypto-cipheriv-decipheriv","id":200,"buffered":false,"tapError":null,"skip":false,"todo":false,"previous":null,"plan":null,"diag":{"severity":"fail","exitcode":134,"stack":"\n<--- Last few GCs --->\n\n[7648:063A1000]      149 ms: Mark-Compact (reduce) 2.9 (5.5) -> 2.7 (4.5) MB, pooled: 0 MB, 5.76 / 0.00 ms  (average mu = 0.846, current mu = 0.005) external memory pressure; GC in old space requested\n[7648:063A1000]      157 ms: Mark-Compact (reduce) 2.7 (4.5) -> 2.7 (4.3) MB, pooled: 0 MB, 8.15 / 0.00 ms  (average mu = 0.698, current mu = 0.003) external memory pressure; GC in old space requested\n\n\n<--- JS stacktrace --->\n\nFATAL ERROR: v8::ArrayBuffer::NewBackingStore Allocation failed - process out of memory\n----- Native stack trace -----"},"time":410.001,"fullname":"parallel/test-crypto-cipheriv-decipheriv","closingTestPoint":false}},{"testName":"parallel/test-inspector-network-fetch","timestamp":1767865071759,"status":"FAILED","jobName":"node-test-binary-windows-js-suites","config":"node-test-binary-windows-js-suites » 1,win2022-COMPILED_BY-vs2022 #38220","buildUrl":"https://ci.nodejs.org/job/node-test-binary-windows-js-suites/RUN_SUBSET=1,nodes=win2022-COMPILED_BY-vs2022/38220/","buildNumber":38220,"builtOn":"test-rackspace-win2022_vs2022-x64-2","nodeVersion":"22.22.0","commitHash":"03322f77f40db342426cadfb8ff09ecedc56c7cb","callStack":[{"upstreamBuild":74569,"upstreamProject":"node-test-commit-windows-fanned","upstreamUrl":"job/node-test-commit-windows-fanned/"},{"upstreamBuild":84668,"upstreamProject":"node-test-commit","upstreamUrl":"job/node-test-commit/"},{"upstreamBuild":70710,"upstreamProject":"node-test-pull-request","upstreamUrl":"job/node-test-pull-request/"},{"prId":"801"}],"tap":{"ok":false,"name":"parallel/test-inspector-network-fetch","id":595,"buffered":false,"tapError":null,"skip":false,"todo":": Fix flaky test","previous":null,"plan":null,"diag":{"severity":"flaky","exitcode":1,"stack":"Debugger listening on ws://127.0.0.1:62488/02234d1f-6b1d-4846-8912-1c0e1a882fd7\nFor help, see: https://nodejs.org/en/docs/inspector\n(node:9712) [UNDICI-EHPA] Warning: EnvHttpProxyAgent is experimental, expect them to change at any time.\n(Use `node --trace-warnings ...` to show where the warning was created)\nnode:internal/deps/undici/undici:14902\n      Error.captureStackTrace(err);\n            ^\n\nTypeError: fetch failed\n    at node:internal/deps/undici/undici:14902:13\n    at process.processTicksAndRejections (node:internal/process/task_queues:105:5) {\n  [cause]: [Error: 84230000:error:0A0000C6:SSL routines:tls_get_more_records:packet length too long:C:\\workspace\\node-compile-windows\\node\\deps\\openssl\\openssl\\ssl\\record\\methods\\tls_common.c:663:\n  ] {\n    library: 'SSL routines',\n    reason: 'packet length too long',\n    code: 'ERR_SSL_PACKET_LENGTH_TOO_LONG'\n  }\n}\n\nNode.js v22.22.0"},"time":520.007,"fullname":"parallel/test-inspector-network-fetch","closingTestPoint":false}},{"testName":"parallel/test-inspector-network-fetch","timestamp":1767865071759,"status":"FAILED","jobName":"node-test-binary-windows-js-suites","config":"node-test-binary-windows-js-suites » 1,win2019-COMPILED_BY-vs2022 #38220","buildUrl":"https://ci.nodejs.org/job/node-test-binary-windows-js-suites/RUN_SUBSET=1,nodes=win2019-COMPILED_BY-vs2022/38220/","buildNumber":38220,"builtOn":"test-rackspace-win2019_vs2019-x64-1","nodeVersion":"22.22.0","commitHash":"03322f77f40db342426cadfb8ff09ecedc56c7cb","callStack":[{"upstreamBuild":74569,"upstreamProject":"node-test-commit-windows-fanned","upstreamUrl":"job/node-test-commit-windows-fanned/"},{"upstreamBuild":84668,"upstreamProject":"node-test-commit","upstreamUrl":"job/node-test-commit/"},{"upstreamBuild":70710,"upstreamProject":"node-test-pull-request","upstreamUrl":"job/node-test-pull-request/"},{"prId":"801"}],"tap":{"ok":false,"name":"parallel/test-inspector-network-fetch","id":593,"buffered":false,"tapError":null,"skip":false,"todo":": Fix flaky test","previous":null,"plan":null,"diag":{"severity":"flaky","exitcode":1,"stack":"Debugger listening on ws://127.0.0.1:49170/2fa5c457-8fca-4684-8bb8-3b94d8e7aa6e\nFor help, see: https://nodejs.org/en/docs/inspector\n(node:8200) [UNDICI-EHPA] Warning: EnvHttpProxyAgent is experimental, expect them to change at any time.\n(Use `node --trace-warnings ...` to show where the warning was created)\n(node:8200) [ERR_ASSERTION] AssertionError [ERR_ASSERTION]: Expected values to be strictly equal:\n\n400 !== 200\n\nnode:internal/deps/undici/undici:14902\n      Error.captureStackTrace(err);\n            ^\n\nTypeError: fetch failed\n    at node:internal/deps/undici/undici:14902:13\n    at process.processTicksAndRejections (node:internal/process/task_queues:105:5) {\n  [cause]: [Error: 6C0D0000:error:0A0000C6:SSL routines:tls_get_more_records:packet length too long:C:\\workspace\\node-compile-windows\\node\\deps\\openssl\\openssl\\ssl\\record\\methods\\tls_common.c:663:\n  ] {\n    library: 'SSL routines',\n    reason: 'packet length too long',\n    code: 'ERR_SSL_PACKET_LENGTH_TOO_LONG'\n  }\n}\n\nNode.js v22.22.0"},"time":524.981,"fullname":"parallel/test-inspector-network-fetch","closingTestPoint":false}}]}