{"failedTests":[{"testName":"es-module/test-esm-loader-hooks","timestamp":1767891709198,"status":"FAILED","jobName":"node-test-binary-windows-js-suites","config":"node-test-binary-windows-js-suites Â» 3,win2016-COMPILED_BY-vs2022-x86 #38234","buildUrl":"https://ci.nodejs.org/job/node-test-binary-windows-js-suites/RUN_SUBSET=3,nodes=win2016-COMPILED_BY-vs2022-x86/38234/","buildNumber":38234,"builtOn":"test-azure_msft-win2016_vs2017-x64-1","nodeVersion":"22.22.0","commitHash":"a0cbb229413f8bbee5bc15f6687d4c977cd84ef0","callStack":[{"upstreamBuild":74584,"upstreamProject":"node-test-commit-windows-fanned","upstreamUrl":"job/node-test-commit-windows-fanned/"},{"upstreamBuild":84682,"upstreamProject":"node-test-commit","upstreamUrl":"job/node-test-commit/"},{"upstreamBuild":70722,"upstreamProject":"node-test-pull-request","upstreamUrl":"job/node-test-pull-request/"},{"prId":"801"}],"tap":{"ok":false,"name":"es-module/test-esm-loader-hooks","id":93,"buffered":false,"tapError":null,"skip":false,"todo":false,"previous":null,"plan":null,"diag":{"severity":"fail","exitcode":1,"stack":"Test failure: 'should use ESM loader to respond to require.resolve calls when opting in'\nLocation: test\\es-module\\test-esm-loader-hooks.mjs:747:3\nAssertionError [ERR_ASSERTION]: Expected values to be strictly equal:\n\n3221225477 !== 0\n\n    at TestContext.<anonymous> (file:///C:/workspace/node-test-binary-windows-js-suites/node/test/es-module/test-esm-loader-hooks.mjs:771:12)\n    at process.processTicksAndRejections (node:internal/process/task_queues:105:5)\n    at async Test.run (node:internal/test_runner/test:1054:7)\n    at async Suite.processPendingSubtests (node:internal/test_runner/test:744:7) {\n  generatedMessage: true,\n  code: 'ERR_ASSERTION',\n  actual: 3221225477,\n  expected: 0,\n  operator: 'strictEqual',\n  diff: 'simple'\n}"},"time":8057.164,"fullname":"es-module/test-esm-loader-hooks","closingTestPoint":false}}]}