{"failedTests":[{"testName":"parallel/test-zlib-init-assert","timestamp":1768154044077,"status":"FAILED","jobName":"node-test-binary-windows-js-suites","config":"node-test-binary-windows-js-suites » 1,win2022-COMPILED_BY-vs2022_clang #38285","buildUrl":"https://ci.nodejs.org/job/node-test-binary-windows-js-suites/RUN_SUBSET=1,nodes=win2022-COMPILED_BY-vs2022_clang/38285/","buildNumber":38285,"builtOn":"test-rackspace-win2022_vs2022-x64-4","nodeVersion":"26.0.0","commitHash":"07320afe08b1e990d113be059337f29d1239f52d","callStack":[{"upstreamBuild":74635,"upstreamProject":"node-test-commit-windows-fanned","upstreamUrl":"job/node-test-commit-windows-fanned/"},{"upstreamBuild":84745,"upstreamProject":"node-test-commit","upstreamUrl":"job/node-test-commit/"},{"upstreamBuild":70772,"upstreamProject":"node-test-pull-request","upstreamUrl":"job/node-test-pull-request/"},{"prId":"61342"}],"tap":{"ok":false,"name":"parallel/test-zlib-init-assert","id":1100,"buffered":false,"tapError":null,"skip":false,"todo":false,"previous":null,"plan":null,"diag":{"severity":"fail","exitcode":1,"stack":"node:internal/assert/utils:146\n  throw error;\n  ^\n\nAssertionError [ERR_ASSERTION]: Expected values to be strictly equal:\n\n134 !== 1\n\n    at ChildProcess.<anonymous> (C:\\workspace\\node-test-binary-windows-js-suites\\node\\test\\parallel\\test-zlib-init-assert.js:46:12)\n    at ChildProcess.<anonymous> (C:\\workspace\\node-test-binary-windows-js-suites\\node\\test\\common\\index.js:506:15)\n    at ChildProcess.emit (node:events:508:20)\n    at maybeClose (node:internal/child_process:1084:16)\n    at ChildProcess._handle.onexit (node:internal/child_process:304:5) {\n  generatedMessage: true,\n  code: 'ERR_ASSERTION',\n  actual: 134,\n  expected: 1,\n  operator: 'strictEqual',\n  diff: 'simple'\n}\n\nNode.js v26.0.0-pre"},"time":761.035,"fullname":"parallel/test-zlib-init-assert","closingTestPoint":false}},{"testName":"parallel/test-zlib-init-assert","timestamp":1768154044077,"status":"FAILED","jobName":"node-test-binary-windows-js-suites","config":"node-test-binary-windows-js-suites » 1,win2019-COMPILED_BY-vs2022_clang #38285","buildUrl":"https://ci.nodejs.org/job/node-test-binary-windows-js-suites/RUN_SUBSET=1,nodes=win2019-COMPILED_BY-vs2022_clang/38285/","buildNumber":38285,"builtOn":"test-rackspace-win2019_vs2019-x64-3","nodeVersion":"26.0.0","commitHash":"07320afe08b1e990d113be059337f29d1239f52d","callStack":[{"upstreamBuild":74635,"upstreamProject":"node-test-commit-windows-fanned","upstreamUrl":"job/node-test-commit-windows-fanned/"},{"upstreamBuild":84745,"upstreamProject":"node-test-commit","upstreamUrl":"job/node-test-commit/"},{"upstreamBuild":70772,"upstreamProject":"node-test-pull-request","upstreamUrl":"job/node-test-pull-request/"},{"prId":"61342"}],"tap":{"ok":false,"name":"parallel/test-zlib-init-assert","id":1102,"buffered":false,"tapError":null,"skip":false,"todo":false,"previous":null,"plan":null,"diag":{"severity":"fail","exitcode":1,"stack":"node:internal/assert/utils:146\n  throw error;\n  ^\n\nAssertionError [ERR_ASSERTION]: Expected values to be strictly equal:\n\n134 !== 1\n\n    at ChildProcess.<anonymous> (C:\\workspace\\node-test-binary-windows-js-suites\\node\\test\\parallel\\test-zlib-init-assert.js:66:12)\n    at ChildProcess.<anonymous> (C:\\workspace\\node-test-binary-windows-js-suites\\node\\test\\common\\index.js:506:15)\n    at ChildProcess.emit (node:events:508:20)\n    at maybeClose (node:internal/child_process:1084:16)\n    at ChildProcess._handle.onexit (node:internal/child_process:304:5) {\n  generatedMessage: true,\n  code: 'ERR_ASSERTION',\n  actual: 134,\n  expected: 1,\n  operator: 'strictEqual',\n  diff: 'simple'\n}\n\nNode.js v26.0.0-pre"},"time":864.003,"fullname":"parallel/test-zlib-init-assert","closingTestPoint":false}},{"testName":"parallel/test-zlib-init-assert","timestamp":1768154044077,"status":"FAILED","jobName":"node-test-binary-windows-js-suites","config":"node-test-binary-windows-js-suites » 1,win11-COMPILED_BY-vs2022_clang #38285","buildUrl":"https://ci.nodejs.org/job/node-test-binary-windows-js-suites/RUN_SUBSET=1,nodes=win11-COMPILED_BY-vs2022_clang/38285/","buildNumber":38285,"builtOn":"test-azure_msft-win11_vs2022-x64-1","nodeVersion":"26.0.0","commitHash":"07320afe08b1e990d113be059337f29d1239f52d","callStack":[{"upstreamBuild":74635,"upstreamProject":"node-test-commit-windows-fanned","upstreamUrl":"job/node-test-commit-windows-fanned/"},{"upstreamBuild":84745,"upstreamProject":"node-test-commit","upstreamUrl":"job/node-test-commit/"},{"upstreamBuild":70772,"upstreamProject":"node-test-pull-request","upstreamUrl":"job/node-test-pull-request/"},{"prId":"61342"}],"tap":{"ok":false,"name":"parallel/test-zlib-init-assert","id":1096,"buffered":false,"tapError":null,"skip":false,"todo":false,"previous":null,"plan":null,"diag":{"severity":"fail","exitcode":1,"stack":"node:internal/assert/utils:146\n  throw error;\n  ^\n\nAssertionError [ERR_ASSERTION]: Expected values to be strictly equal:\n\n134 !== 1\n\n    at ChildProcess.<anonymous> (c:\\workspace\\node-test-binary-windows-js-suites\\node\\test\\parallel\\test-zlib-init-assert.js:46:12)\n    at ChildProcess.<anonymous> (c:\\workspace\\node-test-binary-windows-js-suites\\node\\test\\common\\index.js:506:15)\n    at ChildProcess.emit (node:events:508:20)\n    at maybeClose (node:internal/child_process:1084:16)\n    at ChildProcess._handle.onexit (node:internal/child_process:304:5) {\n  generatedMessage: true,\n  code: 'ERR_ASSERTION',\n  actual: 134,\n  expected: 1,\n  operator: 'strictEqual',\n  diff: 'simple'\n}\n\nNode.js v26.0.0-pre"},"time":635.131,"fullname":"parallel/test-zlib-init-assert","closingTestPoint":false}},{"testName":"parallel/test-zlib-init-assert","timestamp":1768154044077,"status":"FAILED","jobName":"node-test-binary-windows-js-suites","config":"node-test-binary-windows-js-suites » 2,win11-arm64-COMPILED_BY-vs2022_clang-arm64 #38285","buildUrl":"https://ci.nodejs.org/job/node-test-binary-windows-js-suites/RUN_SUBSET=2,nodes=win11-arm64-COMPILED_BY-vs2022_clang-arm64/38285/","buildNumber":38285,"builtOn":"test-azure_msft-win11_vs2022-arm64-2","nodeVersion":"26.0.0","commitHash":"07320afe08b1e990d113be059337f29d1239f52d","callStack":[{"upstreamBuild":74635,"upstreamProject":"node-test-commit-windows-fanned","upstreamUrl":"job/node-test-commit-windows-fanned/"},{"upstreamBuild":84745,"upstreamProject":"node-test-commit","upstreamUrl":"job/node-test-commit/"},{"upstreamBuild":70772,"upstreamProject":"node-test-pull-request","upstreamUrl":"job/node-test-pull-request/"},{"prId":"61342"}],"tap":{"ok":false,"name":"parallel/test-zlib-init-assert","id":1101,"buffered":false,"tapError":null,"skip":false,"todo":false,"previous":null,"plan":null,"diag":{"severity":"fail","exitcode":1,"stack":"node:internal/assert/utils:146\n  throw error;\n  ^\n\nAssertionError [ERR_ASSERTION]: Expected values to be strictly equal:\n\n134 !== 1\n\n    at ChildProcess.<anonymous> (d:\\workspace\\node-test-binary-windows-js-suites\\node\\test\\parallel\\test-zlib-init-assert.js:66:12)\n    at ChildProcess.<anonymous> (d:\\workspace\\node-test-binary-windows-js-suites\\node\\test\\common\\index.js:506:15)\n    at ChildProcess.emit (node:events:508:20)\n    at maybeClose (node:internal/child_process:1084:16)\n    at ChildProcess._handle.onexit (node:internal/child_process:304:5) {\n  generatedMessage: true,\n  code: 'ERR_ASSERTION',\n  actual: 134,\n  expected: 1,\n  operator: 'strictEqual',\n  diff: 'simple'\n}\n\nNode.js v26.0.0-pre"},"time":792.997,"fullname":"parallel/test-zlib-init-assert","closingTestPoint":false}},{"testName":"parallel/test-zlib-init-assert","timestamp":1768154044077,"status":"FAILED","jobName":"node-test-binary-windows-js-suites","config":"node-test-binary-windows-js-suites » 1,win10-COMPILED_BY-vs2022_clang #38285","buildUrl":"https://ci.nodejs.org/job/node-test-binary-windows-js-suites/RUN_SUBSET=1,nodes=win10-COMPILED_BY-vs2022_clang/38285/","buildNumber":38285,"builtOn":"test-azure_msft-win10_vs2019-x64-3","nodeVersion":"26.0.0","commitHash":"07320afe08b1e990d113be059337f29d1239f52d","callStack":[{"upstreamBuild":74635,"upstreamProject":"node-test-commit-windows-fanned","upstreamUrl":"job/node-test-commit-windows-fanned/"},{"upstreamBuild":84745,"upstreamProject":"node-test-commit","upstreamUrl":"job/node-test-commit/"},{"upstreamBuild":70772,"upstreamProject":"node-test-pull-request","upstreamUrl":"job/node-test-pull-request/"},{"prId":"61342"}],"tap":{"ok":false,"name":"parallel/test-zlib-init-assert","id":1098,"buffered":false,"tapError":null,"skip":false,"todo":false,"previous":null,"plan":null,"diag":{"severity":"fail","exitcode":1,"stack":"node:internal/assert/utils:146\n  throw error;\n  ^\n\nAssertionError [ERR_ASSERTION]: Expected values to be strictly equal:\n\n134 !== 1\n\n    at ChildProcess.<anonymous> (c:\\workspace\\node-test-binary-windows-js-suites\\node\\test\\parallel\\test-zlib-init-assert.js:46:12)\n    at ChildProcess.<anonymous> (c:\\workspace\\node-test-binary-windows-js-suites\\node\\test\\common\\index.js:506:15)\n    at ChildProcess.emit (node:events:508:20)\n    at maybeClose (node:internal/child_process:1084:16)\n    at ChildProcess._handle.onexit (node:internal/child_process:304:5) {\n  generatedMessage: true,\n  code: 'ERR_ASSERTION',\n  actual: 134,\n  expected: 1,\n  operator: 'strictEqual',\n  diff: 'simple'\n}\n\nNode.js v26.0.0-pre"},"time":625.05,"fullname":"parallel/test-zlib-init-assert","closingTestPoint":false}}]}