{"failedTests":[{"testName":"parallel/test-heapsnapshot-near-heap-limit-by-api-in-worker","timestamp":1768185688952,"status":"FAILED","jobName":"node-test-binary-windows-js-suites","config":"node-test-binary-windows-js-suites » 3,win10-COMPILED_BY-vs2022_clang #38289","buildUrl":"https://ci.nodejs.org/job/node-test-binary-windows-js-suites/RUN_SUBSET=3,nodes=win10-COMPILED_BY-vs2022_clang/38289/","buildNumber":38289,"builtOn":"test-azure_msft-win10_vs2019-x64-3","nodeVersion":"26.0.0","commitHash":"68712db9198de83c0f379183b1ab4f97cafefe18","callStack":[{"upstreamBuild":74641,"upstreamProject":"node-test-commit-windows-fanned","upstreamUrl":"job/node-test-commit-windows-fanned/"},{"upstreamBuild":84753,"upstreamProject":"node-test-commit","upstreamUrl":"job/node-test-commit/"},{"upstreamBuild":70780,"upstreamProject":"node-test-pull-request","upstreamUrl":"job/node-test-pull-request/"},{"prId":"61347"}],"tap":{"ok":false,"name":"parallel/test-heapsnapshot-near-heap-limit-by-api-in-worker","id":428,"buffered":false,"tapError":null,"skip":false,"todo":false,"previous":null,"plan":null,"diag":{"severity":"fail","exitcode":1,"stack":"\nInvoked NearHeapLimitCallback, processing=false, current_limit=52428800, initial_limit=52428800\nmax_young_gen_size=100663296, young_gen_size=0, old_gen_size=55716264, total_size=55716264\nEstimated available memory=264671232, estimated overhead=100663296\nStart generating Heap.20260112.025551.5548.1.001.heapsnapshot...\nInvoked NearHeapLimitCallback, processing=true, current_limit=52428800, initial_limit=52428800\nmax_young_gen_size=100663296, young_gen_size=0, old_gen_size=55697624, total_size=55697624\nEstimated available memory=282095616, estimated overhead=100663296\nNot generating snapshots in nested callback. new_limit=153092096\n1/1 snapshots taken.\nRemoving the near heap limit callbackWrote snapshot to c:\\workspace\\node-test-binary-windows-js-suites\\node\\test\\.tmp.430\\Heap.20260112.025551.5548.1.001.heapsnapshot\n\n<--- Last few GCs --->\n\n[5548:000002B680056000]      910 ms: Scavenge 78.9 (95.4) -> 78.3 (108.6) MB, pooled: 0.0 MB, 5.87 / 0.00 ms (average mu = 0.940, current mu = 0.939) allocation failure; \n[5548:000002B680056000]      915 ms: Incremental Mark-Compact 78.8 (108.6) -> 78.7 (108.6) MB, pooled: 0.5 MB, 1.46 / 0.00 ms (+ 1.1 ms in 38 steps since start of marking, biggest step 0.2 ms, walltime since start of marking 5 ms) (average mu = 0.954, cur\nFATAL ERROR: Scavenger: semi-space copy Allocation failed - JavaScript heap out of memory\n----- Native stack trace -----\n\n 1: 00007FF731376666 \n 2: 00007FF731F2A49A \n 3: 00007FF731D33847 \n 4: 00007FF731CB73B3 \n 5: 00007FF731CAE7AC \n 6: 00007FF731CA7E61 \n 7: 00007FF731CA5918 \n 8: 00007FF731CA56C2 \n 9: 00007FF73272F21F \n10: 00007FF7312C573E \n11: 00007FF731F7E9F6 \n12: 00007FF733371D66 \n13: 00007FF9D6437374 BaseThreadInitThunk+20\n14: 00007FF9D7EFCC91 \n\nnode:internal/assert/utils:146\n  throw error;\n  ^\n\nAssertionError [ERR_ASSERTION]: The expression evaluated to a falsy value:\n\n  assert(stderr.includes('ERR_WORKER_OUT_OF_MEMORY'))\n\n    at Object.<anonymous> (c:\\workspace\\node-test-binary-windows-js-suites\\node\\test\\parallel\\test-heapsnapshot-near-heap-limit-by-api-in-worker.js:36:5)\n    at Module._compile (node:internal/modules/cjs/loader:1803:14)\n    at Object..js (node:internal/modules/cjs/loader:1934:10)\n    at Module.load (node:internal/modules/cjs/loader:1524:32)\n    at Module._load (node:internal/modules/cjs/loader:1326:12)\n    at TracingChannel.traceSync (node:diagnostics_channel:328:14)\n    at wrapModuleLoad (node:internal/modules/cjs/loader:245:24)\n    at Module.executeUserEntryPoint [as runMain] (node:internal/modules/run_main:154:5)\n    at node:internal/main/run_main_module:33:47 {\n  generatedMessage: true,\n  code: 'ERR_ASSERTION',\n  actual: false,\n  expected: true,\n  operator: '==',\n  diff: 'simple'\n}\n\nNode.js v26.0.0-pre"},"time":1648.121,"fullname":"parallel/test-heapsnapshot-near-heap-limit-by-api-in-worker","closingTestPoint":false}},{"testName":"parallel/test-heap-prof-loop-drained","timestamp":1768185688952,"status":"FAILED","jobName":"node-test-binary-windows-js-suites","config":"node-test-binary-windows-js-suites » 3,win10-COMPILED_BY-vs2022_clang #38289","buildUrl":"https://ci.nodejs.org/job/node-test-binary-windows-js-suites/RUN_SUBSET=3,nodes=win10-COMPILED_BY-vs2022_clang/38289/","buildNumber":38289,"builtOn":"test-azure_msft-win10_vs2019-x64-3","nodeVersion":"26.0.0","commitHash":"68712db9198de83c0f379183b1ab4f97cafefe18","callStack":[{"upstreamBuild":74641,"upstreamProject":"node-test-commit-windows-fanned","upstreamUrl":"job/node-test-commit-windows-fanned/"},{"upstreamBuild":84753,"upstreamProject":"node-test-commit","upstreamUrl":"job/node-test-commit/"},{"upstreamBuild":70780,"upstreamProject":"node-test-pull-request","upstreamUrl":"job/node-test-pull-request/"},{"prId":"61347"}],"tap":{"ok":false,"name":"parallel/test-heap-prof-loop-drained","id":430,"buffered":false,"tapError":null,"skip":false,"todo":false,"previous":null,"plan":null,"diag":{"severity":"fail","exitcode":1,"stack":"Dispatching message { \"id\": 1, \"method\": \"HeapProfiler.enable\" }\nReceived heap profile message\n{\"id\":1,\"result\":{}}\nDispatching message { \"id\": 2, \"method\": \"HeapProfiler.startSampling\", \"params\": { \"samplingInterval\": 128 } }\nReceived heap profile message\n{\"id\":2,\"result\":{}}\n\n{\n  status: 3221226505,\n  signal: null,\n  output: [\n    null,\n    <Buffer >,\n    <Buffer 44 69 73 70 61 74 63 68 69 6e 67 20 6d 65 73 73 61 67 65 20 7b 20 22 69 64 22 3a 20 31 2c 20 22 6d 65 74 68 6f 64 22 3a 20 22 48 65 61 70 50 72 6f 66 ... 234 more bytes>\n  ],\n  pid: 10940,\n  stdout: <Buffer >,\n  stderr: <Buffer 44 69 73 70 61 74 63 68 69 6e 67 20 6d 65 73 73 61 67 65 20 7b 20 22 69 64 22 3a 20 31 2c 20 22 6d 65 74 68 6f 64 22 3a 20 22 48 65 61 70 50 72 6f 66 ... 234 more bytes>\n}\nnode:internal/assert/utils:146\n  throw error;\n  ^\n\nAssertionError [ERR_ASSERTION]: Expected values to be strictly equal:\n\n3221226505 !== 0\n\n    at Object.<anonymous> (c:\\workspace\\node-test-binary-windows-js-suites\\node\\test\\parallel\\test-heap-prof-loop-drained.js:37:10)\n    at Module._compile (node:internal/modules/cjs/loader:1803:14)\n    at Object..js (node:internal/modules/cjs/loader:1934:10)\n    at Module.load (node:internal/modules/cjs/loader:1524:32)\n    at Module._load (node:internal/modules/cjs/loader:1326:12)\n    at TracingChannel.traceSync (node:diagnostics_channel:328:14)\n    at wrapModuleLoad (node:internal/modules/cjs/loader:245:24)\n    at Module.executeUserEntryPoint [as runMain] (node:internal/modules/run_main:154:5)\n    at node:internal/main/run_main_module:33:47 {\n  generatedMessage: true,\n  code: 'ERR_ASSERTION',\n  actual: 3221226505,\n  expected: 0,\n  operator: 'strictEqual',\n  diff: 'simple'\n}\n\nNode.js v26.0.0-pre"},"time":4967.37,"fullname":"parallel/test-heap-prof-loop-drained","closingTestPoint":false}},{"testName":"parallel/test-assert-large-object-diff-oom","timestamp":1768185688952,"status":"FAILED","jobName":"node-test-binary-windows-js-suites","config":"node-test-binary-windows-js-suites » 3,win10-COMPILED_BY-vs2022_clang #38289","buildUrl":"https://ci.nodejs.org/job/node-test-binary-windows-js-suites/RUN_SUBSET=3,nodes=win10-COMPILED_BY-vs2022_clang/38289/","buildNumber":38289,"builtOn":"test-azure_msft-win10_vs2019-x64-3","nodeVersion":"26.0.0","commitHash":"68712db9198de83c0f379183b1ab4f97cafefe18","callStack":[{"upstreamBuild":74641,"upstreamProject":"node-test-commit-windows-fanned","upstreamUrl":"job/node-test-commit-windows-fanned/"},{"upstreamBuild":84753,"upstreamProject":"node-test-commit","upstreamUrl":"job/node-test-commit/"},{"upstreamBuild":70780,"upstreamProject":"node-test-pull-request","upstreamUrl":"job/node-test-pull-request/"},{"prId":"61347"}],"tap":{"ok":false,"name":"parallel/test-assert-large-object-diff-oom","id":431,"buffered":false,"tapError":null,"skip":false,"todo":false,"previous":null,"plan":null,"diag":{"severity":"fail","exitcode":134,"stack":"\n<--- Last few GCs --->\n\n[3716:00000204D342E000]    56704 ms: Mark-Compact (reduce) 16.0 (17.3) -> 16.0 (17.3) MB, pooled: 0.0 MB, 7.93 / 0.00 ms (average mu = 0.115, current mu = 0.104) last resort; GC in old space requested\n[3716:00000204D342E000]    56713 ms: Mark-Compact (reduce) 16.0 (17.3) -> 16.0 (17.3) MB, pooled: 0.0 MB, 8.90 / 0.00 ms (average mu = 0.058, current mu = 0.003) last resort; GC in old space requested\n\nFATAL ERROR: CALL_AND_RETRY_LAST Allocation failed - JavaScript heap out of memory\n----- Native stack trace -----\n\n 1: 00007FF731376666 node::OnFatalError+1286\n 2: 00007FF731F2A49A v8::Function::NewInstance+330\n 3: 00007FF731D4BBF5 X509_STORE_set_cleanup+693\n 4: 00007FF731D5BE79 SSL_CTX_set_cookie_generate_cb+30073\n 5: 00007FF731D60B94 SSL_CTX_set_cookie_generate_cb+49812\n 6: 00007FF731AE2C50 v8::RegExp::GetFlags+382672\n 7: 00007FF731F00E89 v8::internal::ThreadIsolation::LookupJumpTableAllocations+534697\n 8: 00007FF731F004AB v8::internal::ThreadIsolation::LookupJumpTableAllocations+532171\n 9: 00007FF733207A7A v8::platform::DelayedTaskQueue::Terminate+8677130\n10: 00007FF7332C94CF v8::platform::DelayedTaskQueue::Terminate+9470303\n11: 00000204800EB2B1 "},"time":59035.414,"fullname":"parallel/test-assert-large-object-diff-oom","closingTestPoint":false}},{"testName":"parallel/test-assert-large-object-diff-oom","timestamp":1768185688952,"status":"FAILED","jobName":"node-test-binary-windows-js-suites","config":"node-test-binary-windows-js-suites » 2,win11-arm64-COMPILED_BY-vs2022_clang-arm64 #38289","buildUrl":"https://ci.nodejs.org/job/node-test-binary-windows-js-suites/RUN_SUBSET=2,nodes=win11-arm64-COMPILED_BY-vs2022_clang-arm64/38289/","buildNumber":38289,"builtOn":"test-azure_msft-win11_vs2022-arm64-5","nodeVersion":"26.0.0","commitHash":"68712db9198de83c0f379183b1ab4f97cafefe18","callStack":[{"upstreamBuild":74641,"upstreamProject":"node-test-commit-windows-fanned","upstreamUrl":"job/node-test-commit-windows-fanned/"},{"upstreamBuild":84753,"upstreamProject":"node-test-commit","upstreamUrl":"job/node-test-commit/"},{"upstreamBuild":70780,"upstreamProject":"node-test-pull-request","upstreamUrl":"job/node-test-pull-request/"},{"prId":"61347"}],"tap":{"ok":false,"name":"parallel/test-assert-large-object-diff-oom","id":1150,"buffered":false,"tapError":null,"skip":false,"todo":false,"previous":null,"plan":null,"diag":{"severity":"fail","exitcode":1,"stack":"timeout"},"time":122971.571,"fullname":"parallel/test-assert-large-object-diff-oom","closingTestPoint":false}}]}