{"failedTests":[{"testName":"parallel/test-inspector-network-fetch","timestamp":1768389656481,"status":"FAILED","jobName":"node-test-binary-windows-js-suites","config":"node-test-binary-windows-js-suites Â» 1,win2019-COMPILED_BY-vs2022 #38313","buildUrl":"https://ci.nodejs.org/job/node-test-binary-windows-js-suites/RUN_SUBSET=1,nodes=win2019-COMPILED_BY-vs2022/38313/","buildNumber":38313,"builtOn":"test-rackspace-win2019_vs2019-x64-1","nodeVersion":"22.22.1","commitHash":"eef8ba0667d441afbf046cf9faf38e5eed135d7b","callStack":[{"upstreamBuild":74664,"upstreamProject":"node-test-commit-windows-fanned","upstreamUrl":"job/node-test-commit-windows-fanned/"},{"upstreamBuild":84786,"upstreamProject":"node-test-commit","upstreamUrl":"job/node-test-commit/"},{"upstreamBuild":449,"upstreamProject":"node-daily-v22.x-staging","upstreamUrl":"job/node-daily-v22.x-staging/"}],"tap":{"ok":false,"name":"parallel/test-inspector-network-fetch","id":594,"buffered":false,"tapError":null,"skip":false,"todo":": Fix flaky test","previous":null,"plan":null,"diag":{"severity":"flaky","exitcode":1,"stack":"Debugger listening on ws://127.0.0.1:61737/f2e2a055-d6d0-4de8-8e32-ed948ab44ecf\nFor help, see: https://nodejs.org/en/docs/inspector\n(node:8648) [UNDICI-EHPA] Warning: EnvHttpProxyAgent is experimental, expect them to change at any time.\n(Use `node --trace-warnings ...` to show where the warning was created)\n(node:8648) [ERR_ASSERTION] AssertionError [ERR_ASSERTION]: Expected values to be strictly equal:\n\n400 !== 200\n\nnode:internal/deps/undici/undici:14902\n      Error.captureStackTrace(err);\n            ^\n\nTypeError: fetch failed\n    at node:internal/deps/undici/undici:14902:13\n    at process.processTicksAndRejections (node:internal/process/task_queues:105:5) {\n  [cause]: [Error: 24270000:error:0A0000C6:SSL routines:tls_get_more_records:packet length too long:C:\\workspace\\node-compile-windows\\node\\deps\\openssl\\openssl\\ssl\\record\\methods\\tls_common.c:663:\n  ] {\n    library: 'SSL routines',\n    reason: 'packet length too long',\n    code: 'ERR_SSL_PACKET_LENGTH_TOO_LONG'\n  }\n}\n\nNode.js v22.22.1-pre"},"time":520.013,"fullname":"parallel/test-inspector-network-fetch","closingTestPoint":false}}]}