{"failedTests":[{"testName":"parallel/test-inspector-emit-protocol-event","timestamp":1768795445253,"status":"FAILED","jobName":"node-test-binary-windows-js-suites","config":"node-test-binary-windows-js-suites » 0,win11-arm64-COMPILED_BY-vs2022_clang-arm64 #38391","buildUrl":"https://ci.nodejs.org/job/node-test-binary-windows-js-suites/RUN_SUBSET=0,nodes=win11-arm64-COMPILED_BY-vs2022_clang-arm64/38391/","buildNumber":38391,"builtOn":"test-azure_msft-win11_vs2022-arm64-1","nodeVersion":"26.0.0","commitHash":"7f25f1e30fb36405f4a172ce2a6bfe266e820987","callStack":[{"upstreamBuild":74742,"upstreamProject":"node-test-commit-windows-fanned","upstreamUrl":"job/node-test-commit-windows-fanned/"},{"upstreamBuild":84787,"upstreamProject":"node-test-commit","upstreamUrl":"job/node-test-commit/"},{"upstreamBuild":70800,"upstreamProject":"node-test-pull-request","upstreamUrl":"job/node-test-pull-request/"},{"prId":"61139"}],"tap":{"ok":false,"name":"parallel/test-inspector-emit-protocol-event","id":613,"buffered":false,"tapError":null,"skip":false,"todo":false,"previous":null,"plan":null,"diag":{"severity":"fail","exitcode":1,"stack":"Mismatched <anonymous> function calls. Expected exactly 1, actual 0.\n    at Proxy.mustCall (d:\\workspace\\node-test-binary-windows-js-suites\\node\\test\\common\\index.js:464:10)\n    at d:\\workspace\\node-test-binary-windows-js-suites\\node\\test\\parallel\\test-inspector-emit-protocol-event.js:185:52\nDebugger listening on ws://127.0.0.1:55226/85fcd4c7-6254-4dfc-92dc-1979eba2b519\nFor help, see: https://nodejs.org/en/docs/inspector"},"time":262.996,"fullname":"parallel/test-inspector-emit-protocol-event","closingTestPoint":false}},{"testName":"parallel/test-inspector-emit-protocol-event","timestamp":1768795445253,"status":"FAILED","jobName":"node-test-binary-windows-js-suites","config":"node-test-binary-windows-js-suites » 3,win2022-COMPILED_BY-vs2022_clang #38391","buildUrl":"https://ci.nodejs.org/job/node-test-binary-windows-js-suites/RUN_SUBSET=3,nodes=win2022-COMPILED_BY-vs2022_clang/38391/","buildNumber":38391,"builtOn":"test-rackspace-win2022_vs2022-x64-4","nodeVersion":"26.0.0","commitHash":"7f25f1e30fb36405f4a172ce2a6bfe266e820987","callStack":[{"upstreamBuild":74742,"upstreamProject":"node-test-commit-windows-fanned","upstreamUrl":"job/node-test-commit-windows-fanned/"},{"upstreamBuild":84787,"upstreamProject":"node-test-commit","upstreamUrl":"job/node-test-commit/"},{"upstreamBuild":70800,"upstreamProject":"node-test-pull-request","upstreamUrl":"job/node-test-pull-request/"},{"prId":"61139"}],"tap":{"ok":false,"name":"parallel/test-inspector-emit-protocol-event","id":614,"buffered":false,"tapError":null,"skip":false,"todo":false,"previous":null,"plan":null,"diag":{"severity":"fail","exitcode":1,"stack":"Mismatched <anonymous> function calls. Expected exactly 1, actual 0.\n    at Proxy.mustCall (C:\\workspace\\node-test-binary-windows-js-suites\\node\\test\\common\\index.js:464:10)\n    at C:\\workspace\\node-test-binary-windows-js-suites\\node\\test\\parallel\\test-inspector-emit-protocol-event.js:185:52\nDebugger listening on ws://127.0.0.1:49827/b56d79a3-82b4-43a4-a24c-2fdac51d12cd\nFor help, see: https://nodejs.org/en/docs/inspector"},"time":401.031,"fullname":"parallel/test-inspector-emit-protocol-event","closingTestPoint":false}},{"testName":"parallel/test-inspector-dom-storage","timestamp":1768795445253,"status":"FAILED","jobName":"node-test-binary-windows-js-suites","config":"node-test-binary-windows-js-suites » 2,win2019-COMPILED_BY-vs2022_clang #38391","buildUrl":"https://ci.nodejs.org/job/node-test-binary-windows-js-suites/RUN_SUBSET=2,nodes=win2019-COMPILED_BY-vs2022_clang/38391/","buildNumber":38391,"builtOn":"test-rackspace-win2019_vs2019-x64-4","nodeVersion":"26.0.0","commitHash":"7f25f1e30fb36405f4a172ce2a6bfe266e820987","callStack":[{"upstreamBuild":74742,"upstreamProject":"node-test-commit-windows-fanned","upstreamUrl":"job/node-test-commit-windows-fanned/"},{"upstreamBuild":84787,"upstreamProject":"node-test-commit","upstreamUrl":"job/node-test-commit/"},{"upstreamBuild":70800,"upstreamProject":"node-test-pull-request","upstreamUrl":"job/node-test-pull-request/"},{"prId":"61139"}],"tap":{"ok":false,"name":"parallel/test-inspector-dom-storage","id":613,"buffered":false,"tapError":null,"skip":false,"todo":false,"previous":null,"plan":null,"diag":{"severity":"fail","exitcode":1,"stack":"Debugger listening on ws://127.0.0.1:56126/1a9ab06d-c784-4722-87e6-7f24539a9a95\nFor help, see: https://nodejs.org/en/docs/inspector\nnode:internal/process/promises:332\n    triggerUncaughtException(err, true /* fromPromise */);\n    ^\n\nAssertionError [ERR_ASSERTION]: Expected values to be strictly deep-equal:\n+ actual - expected\n\n+ []\n- [\n-   [\n-     '1',\n-     '2'\n-   ],\n-   [\n-     'key1',\n-     'value1'\n-   ],\n-   [\n-     'key2',\n-     'value2'\n-   ],\n-   [\n-     'true',\n-     'booleanKey'\n-   ]\n- ]\n\n    at checkStorage (C:\\workspace\\node-test-binary-windows-js-suites\\node\\test\\parallel\\test-inspector-dom-storage.js:47:12)\n    at async test (C:\\workspace\\node-test-binary-windows-js-suites\\node\\test\\parallel\\test-inspector-dom-storage.js:27:3) {\n  generatedMessage: true,\n  code: 'ERR_ASSERTION',\n  actual: [],\n  expected: [\n    [ '1', '2' ],\n    [ 'key1', 'value1' ],\n    [ 'key2', 'value2' ],\n    [ 'true', 'booleanKey' ]\n  ],\n  operator: 'deepStrictEqual',\n  diff: 'simple'\n}\n\nNode.js v26.0.0-pre"},"time":386.989,"fullname":"parallel/test-inspector-dom-storage","closingTestPoint":false}},{"testName":"parallel/test-inspector-dom-storage","timestamp":1768795445253,"status":"FAILED","jobName":"node-test-binary-windows-js-suites","config":"node-test-binary-windows-js-suites » 2,win11-COMPILED_BY-vs2022_clang #38391","buildUrl":"https://ci.nodejs.org/job/node-test-binary-windows-js-suites/RUN_SUBSET=2,nodes=win11-COMPILED_BY-vs2022_clang/38391/","buildNumber":38391,"builtOn":"test-azure_msft-win11_vs2022-x64-4","nodeVersion":"26.0.0","commitHash":"7f25f1e30fb36405f4a172ce2a6bfe266e820987","callStack":[{"upstreamBuild":74742,"upstreamProject":"node-test-commit-windows-fanned","upstreamUrl":"job/node-test-commit-windows-fanned/"},{"upstreamBuild":84787,"upstreamProject":"node-test-commit","upstreamUrl":"job/node-test-commit/"},{"upstreamBuild":70800,"upstreamProject":"node-test-pull-request","upstreamUrl":"job/node-test-pull-request/"},{"prId":"61139"}],"tap":{"ok":false,"name":"parallel/test-inspector-dom-storage","id":616,"buffered":false,"tapError":null,"skip":false,"todo":false,"previous":null,"plan":null,"diag":{"severity":"fail","exitcode":1,"stack":"Debugger listening on ws://127.0.0.1:56236/75c2b6df-451c-4f43-8f28-6d6c922e085a\nFor help, see: https://nodejs.org/en/docs/inspector\nnode:internal/process/promises:332\n    triggerUncaughtException(err, true /* fromPromise */);\n    ^\n\nAssertionError [ERR_ASSERTION]: Expected values to be strictly deep-equal:\n+ actual - expected\n\n+ []\n- [\n-   [\n-     '1',\n-     '2'\n-   ],\n-   [\n-     'key1',\n-     'value1'\n-   ],\n-   [\n-     'key2',\n-     'value2'\n-   ],\n-   [\n-     'true',\n-     'booleanKey'\n-   ]\n- ]\n\n    at checkStorage (c:\\workspace\\node-test-binary-windows-js-suites\\node\\test\\parallel\\test-inspector-dom-storage.js:47:12)\n    at async test (c:\\workspace\\node-test-binary-windows-js-suites\\node\\test\\parallel\\test-inspector-dom-storage.js:27:3) {\n  generatedMessage: true,\n  code: 'ERR_ASSERTION',\n  actual: [],\n  expected: [\n    [ '1', '2' ],\n    [ 'key1', 'value1' ],\n    [ 'key2', 'value2' ],\n    [ 'true', 'booleanKey' ]\n  ],\n  operator: 'deepStrictEqual',\n  diff: 'simple'\n}\n\nNode.js v26.0.0-pre"},"time":155.979,"fullname":"parallel/test-inspector-dom-storage","closingTestPoint":false}},{"testName":"parallel/test-inspector-dom-storage","timestamp":1768795445253,"status":"FAILED","jobName":"node-test-binary-windows-js-suites","config":"node-test-binary-windows-js-suites » 2,win10-COMPILED_BY-vs2022_clang #38391","buildUrl":"https://ci.nodejs.org/job/node-test-binary-windows-js-suites/RUN_SUBSET=2,nodes=win10-COMPILED_BY-vs2022_clang/38391/","buildNumber":38391,"builtOn":"test-azure_msft-win10_vs2019-x64-4","nodeVersion":"26.0.0","commitHash":"7f25f1e30fb36405f4a172ce2a6bfe266e820987","callStack":[{"upstreamBuild":74742,"upstreamProject":"node-test-commit-windows-fanned","upstreamUrl":"job/node-test-commit-windows-fanned/"},{"upstreamBuild":84787,"upstreamProject":"node-test-commit","upstreamUrl":"job/node-test-commit/"},{"upstreamBuild":70800,"upstreamProject":"node-test-pull-request","upstreamUrl":"job/node-test-pull-request/"},{"prId":"61139"}],"tap":{"ok":false,"name":"parallel/test-inspector-dom-storage","id":616,"buffered":false,"tapError":null,"skip":false,"todo":false,"previous":null,"plan":null,"diag":{"severity":"fail","exitcode":1,"stack":"Debugger listening on ws://127.0.0.1:60397/40bdbed7-7912-4d7e-92ce-51b08cbab298\nFor help, see: https://nodejs.org/en/docs/inspector\nnode:internal/process/promises:332\n    triggerUncaughtException(err, true /* fromPromise */);\n    ^\n\nAssertionError [ERR_ASSERTION]: Expected values to be strictly deep-equal:\n+ actual - expected\n\n+ []\n- [\n-   [\n-     '1',\n-     '2'\n-   ],\n-   [\n-     'key1',\n-     'value1'\n-   ],\n-   [\n-     'key2',\n-     'value2'\n-   ],\n-   [\n-     'true',\n-     'booleanKey'\n-   ]\n- ]\n\n    at checkStorage (c:\\workspace\\node-test-binary-windows-js-suites\\node\\test\\parallel\\test-inspector-dom-storage.js:47:12)\n    at async test (c:\\workspace\\node-test-binary-windows-js-suites\\node\\test\\parallel\\test-inspector-dom-storage.js:27:3) {\n  generatedMessage: true,\n  code: 'ERR_ASSERTION',\n  actual: [],\n  expected: [\n    [ '1', '2' ],\n    [ 'key1', 'value1' ],\n    [ 'key2', 'value2' ],\n    [ 'true', 'booleanKey' ]\n  ],\n  operator: 'deepStrictEqual',\n  diff: 'simple'\n}\n\nNode.js v26.0.0-pre"},"time":158.008,"fullname":"parallel/test-inspector-dom-storage","closingTestPoint":false}},{"testName":"async-hooks/test-graph.shutdown","timestamp":1768795445253,"status":"FAILED","jobName":"node-test-binary-windows-js-suites","config":"node-test-binary-windows-js-suites » 3,win11-arm64-COMPILED_BY-vs2022_clang-arm64 #38391","buildUrl":"https://ci.nodejs.org/job/node-test-binary-windows-js-suites/RUN_SUBSET=3,nodes=win11-arm64-COMPILED_BY-vs2022_clang-arm64/38391/","buildNumber":38391,"builtOn":"test-azure_msft-win11_vs2022-arm64-2","nodeVersion":"26.0.0","commitHash":"7f25f1e30fb36405f4a172ce2a6bfe266e820987","callStack":[{"upstreamBuild":74742,"upstreamProject":"node-test-commit-windows-fanned","upstreamUrl":"job/node-test-commit-windows-fanned/"},{"upstreamBuild":84787,"upstreamProject":"node-test-commit","upstreamUrl":"job/node-test-commit/"},{"upstreamBuild":70800,"upstreamProject":"node-test-pull-request","upstreamUrl":"job/node-test-pull-request/"},{"prId":"61139"}],"tap":{"ok":false,"name":"async-hooks/test-graph.shutdown","id":12,"buffered":false,"tapError":null,"skip":false,"todo":false,"previous":null,"plan":null,"diag":{"severity":"fail","exitcode":3221226505,"stack":""},"time":429.003,"fullname":"async-hooks/test-graph.shutdown","closingTestPoint":false}},{"testName":"parallel/test-inspector-dom-storage","timestamp":1768795445253,"status":"FAILED","jobName":"node-test-binary-windows-js-suites","config":"node-test-binary-windows-js-suites » 3,win11-arm64-COMPILED_BY-vs2022_clang-arm64 #38391","buildUrl":"https://ci.nodejs.org/job/node-test-binary-windows-js-suites/RUN_SUBSET=3,nodes=win11-arm64-COMPILED_BY-vs2022_clang-arm64/38391/","buildNumber":38391,"builtOn":"test-azure_msft-win11_vs2022-arm64-2","nodeVersion":"26.0.0","commitHash":"7f25f1e30fb36405f4a172ce2a6bfe266e820987","callStack":[{"upstreamBuild":74742,"upstreamProject":"node-test-commit-windows-fanned","upstreamUrl":"job/node-test-commit-windows-fanned/"},{"upstreamBuild":84787,"upstreamProject":"node-test-commit","upstreamUrl":"job/node-test-commit/"},{"upstreamBuild":70800,"upstreamProject":"node-test-pull-request","upstreamUrl":"job/node-test-pull-request/"},{"prId":"61139"}],"tap":{"ok":false,"name":"parallel/test-inspector-dom-storage","id":614,"buffered":false,"tapError":null,"skip":false,"todo":false,"previous":null,"plan":null,"diag":{"severity":"fail","exitcode":1,"stack":"Debugger listening on ws://127.0.0.1:58255/d4c5082d-9d62-4808-8836-62c768047a9c\nFor help, see: https://nodejs.org/en/docs/inspector\nnode:internal/process/promises:332\n    triggerUncaughtException(err, true /* fromPromise */);\n    ^\n\nAssertionError [ERR_ASSERTION]: Expected values to be strictly deep-equal:\n+ actual - expected\n\n+ []\n- [\n-   [\n-     '1',\n-     '2'\n-   ],\n-   [\n-     'key1',\n-     'value1'\n-   ],\n-   [\n-     'key2',\n-     'value2'\n-   ],\n-   [\n-     'true',\n-     'booleanKey'\n-   ]\n- ]\n\n    at checkStorage (d:\\workspace\\node-test-binary-windows-js-suites\\node\\test\\parallel\\test-inspector-dom-storage.js:47:12)\n    at async test (d:\\workspace\\node-test-binary-windows-js-suites\\node\\test\\parallel\\test-inspector-dom-storage.js:27:3) {\n  generatedMessage: true,\n  code: 'ERR_ASSERTION',\n  actual: [],\n  expected: [\n    [ '1', '2' ],\n    [ 'key1', 'value1' ],\n    [ 'key2', 'value2' ],\n    [ 'true', 'booleanKey' ]\n  ],\n  operator: 'deepStrictEqual',\n  diff: 'simple'\n}\n\nNode.js v26.0.0-pre"},"time":271.994,"fullname":"parallel/test-inspector-dom-storage","closingTestPoint":false}},{"testName":"parallel/test-inspector-emit-protocol-event","timestamp":1768795445253,"status":"FAILED","jobName":"node-test-binary-windows-js-suites","config":"node-test-binary-windows-js-suites » 3,win2019-COMPILED_BY-vs2022_clang #38391","buildUrl":"https://ci.nodejs.org/job/node-test-binary-windows-js-suites/RUN_SUBSET=3,nodes=win2019-COMPILED_BY-vs2022_clang/38391/","buildNumber":38391,"builtOn":"test-rackspace-win2019_vs2019-x64-3","nodeVersion":"26.0.0","commitHash":"7f25f1e30fb36405f4a172ce2a6bfe266e820987","callStack":[{"upstreamBuild":74742,"upstreamProject":"node-test-commit-windows-fanned","upstreamUrl":"job/node-test-commit-windows-fanned/"},{"upstreamBuild":84787,"upstreamProject":"node-test-commit","upstreamUrl":"job/node-test-commit/"},{"upstreamBuild":70800,"upstreamProject":"node-test-pull-request","upstreamUrl":"job/node-test-pull-request/"},{"prId":"61139"}],"tap":{"ok":false,"name":"parallel/test-inspector-emit-protocol-event","id":614,"buffered":false,"tapError":null,"skip":false,"todo":false,"previous":null,"plan":null,"diag":{"severity":"fail","exitcode":1,"stack":"Mismatched <anonymous> function calls. Expected exactly 1, actual 0.\n    at Proxy.mustCall (C:\\workspace\\node-test-binary-windows-js-suites\\node\\test\\common\\index.js:464:10)\n    at C:\\workspace\\node-test-binary-windows-js-suites\\node\\test\\parallel\\test-inspector-emit-protocol-event.js:185:52\nDebugger listening on ws://127.0.0.1:59518/a75d5277-2645-4124-9135-fd9771920499\nFor help, see: https://nodejs.org/en/docs/inspector"},"time":292.028,"fullname":"parallel/test-inspector-emit-protocol-event","closingTestPoint":false}},{"testName":"parallel/test-inspector-emit-protocol-event","timestamp":1768795445253,"status":"FAILED","jobName":"node-test-binary-windows-js-suites","config":"node-test-binary-windows-js-suites » 3,win11-COMPILED_BY-vs2022_clang #38391","buildUrl":"https://ci.nodejs.org/job/node-test-binary-windows-js-suites/RUN_SUBSET=3,nodes=win11-COMPILED_BY-vs2022_clang/38391/","buildNumber":38391,"builtOn":"test-azure_msft-win11_vs2022-x64-3","nodeVersion":"26.0.0","commitHash":"7f25f1e30fb36405f4a172ce2a6bfe266e820987","callStack":[{"upstreamBuild":74742,"upstreamProject":"node-test-commit-windows-fanned","upstreamUrl":"job/node-test-commit-windows-fanned/"},{"upstreamBuild":84787,"upstreamProject":"node-test-commit","upstreamUrl":"job/node-test-commit/"},{"upstreamBuild":70800,"upstreamProject":"node-test-pull-request","upstreamUrl":"job/node-test-pull-request/"},{"prId":"61139"}],"tap":{"ok":false,"name":"parallel/test-inspector-emit-protocol-event","id":615,"buffered":false,"tapError":null,"skip":false,"todo":false,"previous":null,"plan":null,"diag":{"severity":"fail","exitcode":1,"stack":"Mismatched <anonymous> function calls. Expected exactly 1, actual 0.\n    at Proxy.mustCall (c:\\workspace\\node-test-binary-windows-js-suites\\node\\test\\common\\index.js:464:10)\n    at c:\\workspace\\node-test-binary-windows-js-suites\\node\\test\\parallel\\test-inspector-emit-protocol-event.js:185:52\nDebugger listening on ws://127.0.0.1:58599/bd6fbc5e-ab39-4fc9-b094-843003a692b1\nFor help, see: https://nodejs.org/en/docs/inspector"},"time":216.571,"fullname":"parallel/test-inspector-emit-protocol-event","closingTestPoint":false}},{"testName":"parallel/test-inspector-dom-storage","timestamp":1768795445253,"status":"FAILED","jobName":"node-test-binary-windows-js-suites","config":"node-test-binary-windows-js-suites » 2,win2022-COMPILED_BY-vs2022_clang #38391","buildUrl":"https://ci.nodejs.org/job/node-test-binary-windows-js-suites/RUN_SUBSET=2,nodes=win2022-COMPILED_BY-vs2022_clang/38391/","buildNumber":38391,"builtOn":"test-rackspace-win2022_vs2022-x64-6","nodeVersion":"26.0.0","commitHash":"7f25f1e30fb36405f4a172ce2a6bfe266e820987","callStack":[{"upstreamBuild":74742,"upstreamProject":"node-test-commit-windows-fanned","upstreamUrl":"job/node-test-commit-windows-fanned/"},{"upstreamBuild":84787,"upstreamProject":"node-test-commit","upstreamUrl":"job/node-test-commit/"},{"upstreamBuild":70800,"upstreamProject":"node-test-pull-request","upstreamUrl":"job/node-test-pull-request/"},{"prId":"61139"}],"tap":{"ok":false,"name":"parallel/test-inspector-dom-storage","id":613,"buffered":false,"tapError":null,"skip":false,"todo":false,"previous":null,"plan":null,"diag":{"severity":"fail","exitcode":1,"stack":"Debugger listening on ws://127.0.0.1:60371/755b8b8b-3d2b-4cfc-8338-37a2cf2a5043\nFor help, see: https://nodejs.org/en/docs/inspector\nnode:internal/process/promises:332\n    triggerUncaughtException(err, true /* fromPromise */);\n    ^\n\nAssertionError [ERR_ASSERTION]: Expected values to be strictly deep-equal:\n+ actual - expected\n\n+ []\n- [\n-   [\n-     '1',\n-     '2'\n-   ],\n-   [\n-     'key1',\n-     'value1'\n-   ],\n-   [\n-     'key2',\n-     'value2'\n-   ],\n-   [\n-     'true',\n-     'booleanKey'\n-   ]\n- ]\n\n    at checkStorage (C:\\workspace\\node-test-binary-windows-js-suites\\node\\test\\parallel\\test-inspector-dom-storage.js:47:12)\n    at async test (C:\\workspace\\node-test-binary-windows-js-suites\\node\\test\\parallel\\test-inspector-dom-storage.js:27:3) {\n  generatedMessage: true,\n  code: 'ERR_ASSERTION',\n  actual: [],\n  expected: [\n    [ '1', '2' ],\n    [ 'key1', 'value1' ],\n    [ 'key2', 'value2' ],\n    [ 'true', 'booleanKey' ]\n  ],\n  operator: 'deepStrictEqual',\n  diff: 'simple'\n}\n\nNode.js v26.0.0-pre"},"time":239.003,"fullname":"parallel/test-inspector-dom-storage","closingTestPoint":false}},{"testName":"parallel/test-inspector-emit-protocol-event","timestamp":1768795445253,"status":"FAILED","jobName":"node-test-binary-windows-js-suites","config":"node-test-binary-windows-js-suites » 3,win10-COMPILED_BY-vs2022_clang #38391","buildUrl":"https://ci.nodejs.org/job/node-test-binary-windows-js-suites/RUN_SUBSET=3,nodes=win10-COMPILED_BY-vs2022_clang/38391/","buildNumber":38391,"builtOn":"test-azure_msft-win10_vs2019-x64-2","nodeVersion":"26.0.0","commitHash":"7f25f1e30fb36405f4a172ce2a6bfe266e820987","callStack":[{"upstreamBuild":74742,"upstreamProject":"node-test-commit-windows-fanned","upstreamUrl":"job/node-test-commit-windows-fanned/"},{"upstreamBuild":84787,"upstreamProject":"node-test-commit","upstreamUrl":"job/node-test-commit/"},{"upstreamBuild":70800,"upstreamProject":"node-test-pull-request","upstreamUrl":"job/node-test-pull-request/"},{"prId":"61139"}],"tap":{"ok":false,"name":"parallel/test-inspector-emit-protocol-event","id":615,"buffered":false,"tapError":null,"skip":false,"todo":false,"previous":null,"plan":null,"diag":{"severity":"fail","exitcode":1,"stack":"Mismatched <anonymous> function calls. Expected exactly 1, actual 0.\n    at Proxy.mustCall (c:\\workspace\\node-test-binary-windows-js-suites\\node\\test\\common\\index.js:464:10)\n    at c:\\workspace\\node-test-binary-windows-js-suites\\node\\test\\parallel\\test-inspector-emit-protocol-event.js:185:52\nDebugger listening on ws://127.0.0.1:59676/d1f071ea-c560-4f36-9bd6-517e4ae2af2e\nFor help, see: https://nodejs.org/en/docs/inspector"},"time":187.001,"fullname":"parallel/test-inspector-emit-protocol-event","closingTestPoint":false}}]}