{"failedTests":[{"testName":"parallel/test-inspector-network-fetch","timestamp":1769165686532,"status":"FAILED","jobName":"node-test-binary-windows-js-suites","config":"node-test-binary-windows-js-suites Â» 1,win2022-COMPILED_BY-vs2022 #38471","buildUrl":"https://ci.nodejs.org/job/node-test-binary-windows-js-suites/RUN_SUBSET=1,nodes=win2022-COMPILED_BY-vs2022/38471/","buildNumber":38471,"builtOn":"test-rackspace-win2022_vs2022-x64-2","nodeVersion":"22.22.1","commitHash":"1107bda21e6fcd35b143338021e6e5bf465be1eb","callStack":[{"upstreamBuild":74823,"upstreamProject":"node-test-commit-windows-fanned","upstreamUrl":"job/node-test-commit-windows-fanned/"},{"upstreamBuild":85012,"upstreamProject":"node-test-commit","upstreamUrl":"job/node-test-commit/"},{"upstreamBuild":458,"upstreamProject":"node-daily-v22.x-staging","upstreamUrl":"job/node-daily-v22.x-staging/"}],"tap":{"ok":false,"name":"parallel/test-inspector-network-fetch","id":593,"buffered":false,"tapError":null,"skip":false,"todo":": Fix flaky test","previous":null,"plan":null,"diag":{"severity":"flaky","exitcode":1,"stack":"Debugger listening on ws://127.0.0.1:50701/bf2df790-e5b0-4768-a3df-83981c580fa2\nFor help, see: https://nodejs.org/en/docs/inspector\n(node:8472) [UNDICI-EHPA] Warning: EnvHttpProxyAgent is experimental, expect them to change at any time.\n(Use `node --trace-warnings ...` to show where the warning was created)\n(node:8472) [ERR_ASSERTION] AssertionError [ERR_ASSERTION]: Expected values to be strictly equal:\n\n400 !== 200\n\nnode:internal/deps/undici/undici:14902\n      Error.captureStackTrace(err);\n            ^\n\nTypeError: fetch failed\n    at node:internal/deps/undici/undici:14902:13\n    at process.processTicksAndRejections (node:internal/process/task_queues:105:5) {\n  [cause]: [Error: 140E0000:error:0A0000C6:SSL routines:tls_get_more_records:packet length too long:C:\\workspace\\node-compile-windows\\node\\deps\\openssl\\openssl\\ssl\\record\\methods\\tls_common.c:663:\n  ] {\n    library: 'SSL routines',\n    reason: 'packet length too long',\n    code: 'ERR_SSL_PACKET_LENGTH_TOO_LONG'\n  }\n}\n\nNode.js v22.22.1-pre"},"time":501.006,"fullname":"parallel/test-inspector-network-fetch","closingTestPoint":false}}]}