{"failedTests":[{"testName":"parallel/test-runner-watch-mode","timestamp":1769513149448,"status":"FAILED","jobName":"node-test-binary-windows-js-suites","config":"node-test-binary-windows-js-suites » 0,win2019-COMPILED_BY-vs2022 #38532","buildUrl":"https://ci.nodejs.org/job/node-test-binary-windows-js-suites/RUN_SUBSET=0,nodes=win2019-COMPILED_BY-vs2022/38532/","buildNumber":38532,"builtOn":"test-rackspace-win2019_vs2019-x64-2","nodeVersion":"22.22.1","commitHash":"1107bda21e6fcd35b143338021e6e5bf465be1eb","callStack":[{"upstreamBuild":74892,"upstreamProject":"node-test-commit-windows-fanned","upstreamUrl":"job/node-test-commit-windows-fanned/"},{"upstreamBuild":85112,"upstreamProject":"node-test-commit","upstreamUrl":"job/node-test-commit/"},{"upstreamBuild":462,"upstreamProject":"node-daily-v22.x-staging","upstreamUrl":"job/node-daily-v22.x-staging/"}],"tap":{"ok":false,"name":"parallel/test-runner-watch-mode","id":975,"buffered":false,"tapError":null,"skip":false,"todo":": Fix flaky test","previous":null,"plan":null,"diag":{"severity":"flaky","exitcode":1,"stack":"Test failure: 'should run new tests when a new file is created in the watched directory'\nLocation: test\\parallel\\test-runner-watch-mode.mjs:195:7\nAssertionError [ERR_ASSERTION]: The input did not match the regular expression /tests 1/. Input:\n\n'✔ new-test-file.test.js (2.1396ms)\\n' +\n  '✔ test has ran (0.4716ms)\\n' +\n  'ℹ tests 2\\n' +\n  'ℹ suites 0\\n' +\n  'ℹ pass 2\\n' +\n  'ℹ fail 0\\n' +\n  'ℹ cancelled 0\\n' +\n  'ℹ skipped 0\\n' +\n  'ℹ todo 0\\n' +\n  'ℹ duration_ms 226.2922\\n'\n\n    at testCreate (file:///C:/workspace/node-test-binary-windows-js-suites/node/test/parallel/test-runner-watch-mode.mjs:154:14)\n    at process.processTicksAndRejections (node:internal/process/task_queues:105:5)\n    at async testWatch (file:///C:/workspace/node-test-binary-windows-js-suites/node/test/parallel/test-runner-watch-mode.mjs:164:26)\n    at async TestContext.<anonymous> (file:///C:/workspace/node-test-binary-windows-js-suites/node/test/parallel/test-runner-watch-mode.mjs:200:9)\n    at async Test.run (node:internal/test_runner/test:1054:7)\n    at async Suite.processPendingSubtests (node:internal/test_runner/test:744:7) {\n  generatedMessage: true,\n  code: 'ERR_ASSERTION',\n  actual: '✔ new-test-file.test.js (2.1396ms)\\n' +\n    '✔ test has ran (0.4716ms)\\n' +\n    'ℹ tests 2\\n' +\n    'ℹ suites 0\\n' +\n    'ℹ pass 2\\n' +\n    'ℹ fail 0\\n' +\n    'ℹ cancelled 0\\n' +\n    'ℹ skipped 0\\n' +\n    'ℹ todo 0\\n' +\n    'ℹ duration_ms 226.2922\\n' +\n    '...',\n  expected: /tests 1/,\n  operator: 'match',\n  diff: 'simple'\n}\n\nTest failure: 'should run tests with ESM dependency'\nLocation: test\\parallel\\test-runner-watch-mode.mjs:179:7\nAssertionError [ERR_ASSERTION]: The input did not match the regular expression /tests 1/. Input:\n\n'✔ test has ran (2.3851ms)\\n' +\n  '✔ test has ran (2.2386ms)\\n' +\n  'ℹ tests 2\\n' +\n  'ℹ suites 0\\n' +\n  'ℹ pass 2\\n' +\n  'ℹ fail 0\\n' +\n  'ℹ cancelled 0\\n' +\n  'ℹ skipped 0\\n' +\n  'ℹ todo 0\\n' +\n  'ℹ duration_ms 228.5135\\n'\n\n    at testUpdate (file:///C:/workspace/node-test-binary-windows-js-suites/node/test/parallel/test-runner-watch-mode.mjs:80:14)\n    at process.processTicksAndRejections (node:internal/process/task_queues:105:5)\n    at async testWatch (file:///C:/workspace/node-test-binary-windows-js-suites/node/test/parallel/test-runner-watch-mode.mjs:161:26)\n    at async TestContext.<anonymous> (file:///C:/workspace/node-test-binary-windows-js-suites/node/test/parallel/test-runner-watch-mode.mjs:180:9)\n    at async Test.run (node:internal/test_runner/test:1054:7)\n    at async Suite.processPendingSubtests (node:internal/test_runner/test:744:7) {\n  generatedMessage: true,\n  code: 'ERR_ASSERTION',\n  actual: '✔ test has ran (2.3851ms)\\n' +\n    '✔ test has ran (2.2386ms)\\n' +\n    'ℹ tests 2\\n' +\n    'ℹ suites 0\\n' +\n    'ℹ pass 2\\n' +\n    'ℹ fail 0\\n' +\n    'ℹ cancelled 0\\n' +\n    'ℹ skipped 0\\n' +\n    'ℹ todo 0\\n' +\n    'ℹ duration_ms 228.5135\\n' +\n    '...',\n  expected: /tests 1/,\n  operator: 'match',\n  diff: 'simple'\n}"},"time":27803.243,"fullname":"parallel/test-runner-watch-mode","closingTestPoint":false}},{"testName":"js-tests.junit.xml/[empty]","timestamp":1769513149448,"status":"FAILED","jobName":"node-test-binary-windows-js-suites","config":"node-test-binary-windows-js-suites » 3,win2016-COMPILED_BY-vs2022-x86 #38532","buildUrl":"https://ci.nodejs.org/job/node-test-binary-windows-js-suites/RUN_SUBSET=3,nodes=win2016-COMPILED_BY-vs2022-x86/38532/","buildNumber":38532,"builtOn":"test-rackspace-win2016_vs2015-x64-2","nodeVersion":"22.22.1","commitHash":"1107bda21e6fcd35b143338021e6e5bf465be1eb","callStack":[{"upstreamBuild":74892,"upstreamProject":"node-test-commit-windows-fanned","upstreamUrl":"job/node-test-commit-windows-fanned/"},{"upstreamBuild":85112,"upstreamProject":"node-test-commit","upstreamUrl":"job/node-test-commit/"},{"upstreamBuild":462,"upstreamProject":"node-daily-v22.x-staging","upstreamUrl":"job/node-daily-v22.x-staging/"}],"tap":null},{"testName":"parallel/test-async-context-frame","timestamp":1769513149448,"status":"FAILED","jobName":"node-test-binary-windows-js-suites","config":"node-test-binary-windows-js-suites » 1,win2022-COMPILED_BY-vs2022 #38532","buildUrl":"https://ci.nodejs.org/job/node-test-binary-windows-js-suites/RUN_SUBSET=1,nodes=win2022-COMPILED_BY-vs2022/38532/","buildNumber":38532,"builtOn":"test-rackspace-win2022_vs2022-x64-2","nodeVersion":"22.22.1","commitHash":"1107bda21e6fcd35b143338021e6e5bf465be1eb","callStack":[{"upstreamBuild":74892,"upstreamProject":"node-test-commit-windows-fanned","upstreamUrl":"job/node-test-commit-windows-fanned/"},{"upstreamBuild":85112,"upstreamProject":"node-test-commit","upstreamUrl":"job/node-test-commit/"},{"upstreamBuild":462,"upstreamProject":"node-daily-v22.x-staging","upstreamUrl":"job/node-daily-v22.x-staging/"}],"tap":{"ok":false,"name":"parallel/test-async-context-frame","id":511,"buffered":false,"tapError":null,"skip":false,"todo":": Fix flaky test","previous":null,"plan":null,"diag":{"severity":"flaky","exitcode":1,"stack":"Test failure: 'async-hooks\\test-async-local-storage-errors.js'\nLocation: test\\parallel\\test-async-context-frame.mjs:49:5\nAssertionError [ERR_ASSERTION]: Test async-hooks\\test-async-local-storage-errors.js failed with exit code 3221225477\n\n3221225477 !== 0\n\n    at TestContext.<anonymous> (file:///C:/workspace/node-test-binary-windows-js-suites/node/test/parallel/test-async-context-frame.mjs:61:7)\n    at process.processTicksAndRejections (node:internal/process/task_queues:105:5)\n    at async Test.run (node:internal/test_runner/test:1054:7)\n    at async Suite.processPendingSubtests (node:internal/test_runner/test:744:7) {\n  generatedMessage: false,\n  code: 'ERR_ASSERTION',\n  actual: 3221225477,\n  expected: 0,\n  operator: 'strictEqual',\n  diff: 'simple'\n}"},"time":39748.488,"fullname":"parallel/test-async-context-frame","closingTestPoint":false}},{"testName":"parallel/test-inspector-network-fetch","timestamp":1769513149448,"status":"FAILED","jobName":"node-test-binary-windows-js-suites","config":"node-test-binary-windows-js-suites » 1,win2022-COMPILED_BY-vs2022 #38532","buildUrl":"https://ci.nodejs.org/job/node-test-binary-windows-js-suites/RUN_SUBSET=1,nodes=win2022-COMPILED_BY-vs2022/38532/","buildNumber":38532,"builtOn":"test-rackspace-win2022_vs2022-x64-2","nodeVersion":"22.22.1","commitHash":"1107bda21e6fcd35b143338021e6e5bf465be1eb","callStack":[{"upstreamBuild":74892,"upstreamProject":"node-test-commit-windows-fanned","upstreamUrl":"job/node-test-commit-windows-fanned/"},{"upstreamBuild":85112,"upstreamProject":"node-test-commit","upstreamUrl":"job/node-test-commit/"},{"upstreamBuild":462,"upstreamProject":"node-daily-v22.x-staging","upstreamUrl":"job/node-daily-v22.x-staging/"}],"tap":{"ok":false,"name":"parallel/test-inspector-network-fetch","id":594,"buffered":false,"tapError":null,"skip":false,"todo":": Fix flaky test","previous":null,"plan":null,"diag":{"severity":"flaky","exitcode":1,"stack":"Debugger listening on ws://127.0.0.1:57070/422aba91-b706-4268-a001-04fe82ab686e\nFor help, see: https://nodejs.org/en/docs/inspector\n(node:5028) [UNDICI-EHPA] Warning: EnvHttpProxyAgent is experimental, expect them to change at any time.\n(Use `node --trace-warnings ...` to show where the warning was created)\nnode:internal/deps/undici/undici:14902\n      Error.captureStackTrace(err);\n            ^\n\nTypeError: fetch failed\n    at node:internal/deps/undici/undici:14902:13\n    at process.processTicksAndRejections (node:internal/process/task_queues:105:5) {\n  [cause]: [Error: EC1C0000:error:0A0000C6:SSL routines:tls_get_more_records:packet length too long:C:\\workspace\\node-compile-windows\\node\\deps\\openssl\\openssl\\ssl\\record\\methods\\tls_common.c:663:\n  ] {\n    library: 'SSL routines',\n    reason: 'packet length too long',\n    code: 'ERR_SSL_PACKET_LENGTH_TOO_LONG'\n  }\n}\n\nNode.js v22.22.1-pre"},"time":515.041,"fullname":"parallel/test-inspector-network-fetch","closingTestPoint":false}}]}