{"failedTests":[{"testName":"parallel/test-node-output-errors","timestamp":1770044697538,"status":"FAILED","jobName":"node-test-binary-windows-js-suites","config":"node-test-binary-windows-js-suites » 0,win11-arm64-COMPILED_BY-vs2022_clang-arm64 #38617","buildUrl":"https://ci.nodejs.org/job/node-test-binary-windows-js-suites/RUN_SUBSET=0,nodes=win11-arm64-COMPILED_BY-vs2022_clang-arm64/38617/","buildNumber":38617,"builtOn":"test-azure_msft-win11_vs2022-arm64-2","nodeVersion":"26.0.0","commitHash":"3da8d5c54dc0b28b7da7450483d8389cd4c425ef","callStack":[{"upstreamBuild":74988,"upstreamProject":"node-test-commit-windows-fanned","upstreamUrl":"job/node-test-commit-windows-fanned/"},{"upstreamBuild":85248,"upstreamProject":"node-test-commit","upstreamUrl":"job/node-test-commit/"},{"upstreamBuild":71169,"upstreamProject":"node-test-pull-request","upstreamUrl":"job/node-test-pull-request/"},{"prId":"61590"}],"tap":{"ok":false,"name":"parallel/test-node-output-errors","id":815,"buffered":false,"tapError":null,"skip":false,"todo":false,"previous":null,"plan":null,"diag":{"severity":"fail","exitcode":1,"stack":"Test failure: 'errors/async_error_eval_esm.js'\nLocation: test\\parallel\\test-node-output-errors.mjs:79:5\nAssertionError [ERR_ASSERTION]: Expected values to be strictly equal:\n+ actual - expected\n\n  'Error: test\\n' +\n+   '    at one (file:///<project-root>/[eval1]:2:9)\\n' +\n+   '    at two (file:///<project-root>/[eval1]:15:9)\\n' +\n+   '    at async three (file:///<project-root>/[eval1]:18:3)\\n' +\n+   '    at async four (file:///<project-root>/[eval1]:22:3)\\n' +\n+   '    at async main (file:///<project-root>/[eval1]:28:5)\\n' +\n-   '    at one (file://<project-root>/[eval1]:2:9)\\n' +\n-   '    at two (file://<project-root>/[eval1]:15:9)\\n' +\n-   '    at async three (file://<project-root>/[eval1]:18:3)\\n' +\n-   '    at async four (file://<project-root>/[eval1]:22:3)\\n' +\n-   '    at async main (file://<project-root>/[eval1]:28:5)\\n' +\n    '\\n'\n\n    at assertSnapshot (d:\\workspace\\node-test-binary-windows-js-suites\\node\\test\\common\\assertSnapshot.js:100:12)\n    at async Module.spawnAndAssert (d:\\workspace\\node-test-binary-windows-js-suites\\node\\test\\common\\assertSnapshot.js:135:3)\n    at async TestContext.<anonymous> (file:///d:/workspace/node-test-binary-windows-js-suites/node/test/parallel/test-node-output-errors.mjs:80:7)\n    at async Test.run (node:internal/test_runner/test:1125:7)\n    at async Suite.processPendingSubtests (node:internal/test_runner/test:787:7) {\n  generatedMessage: true,\n  code: 'ERR_ASSERTION',\n  actual: 'Error: test\\n' +\n    '    at one (file:///<project-root>/[eval1]:2:9)\\n' +\n    '    at two (file:///<project-root>/[eval1]:15:9)\\n' +\n    '    at async three (file:///<project-root>/[eval1]:18:3)\\n' +\n    '    at async four (file:///<project-root>/[eval1]:22:3)\\n' +\n    '    at async main (file:///<project-root>/[eval1]:28:5)\\n' +\n    '\\n',\n  expected: 'Error: test\\n' +\n    '    at one (file://<project-root>/[eval1]:2:9)\\n' +\n    '    at two (file://<project-root>/[eval1]:15:9)\\n' +\n    '    at async three (file://<project-root>/[eval1]:18:3)\\n' +\n    '    at async four (file://<project-root>/[eval1]:22:3)\\n' +\n    '    at async main (file://<project-root>/[eval1]:28:5)\\n' +\n    '\\n',\n  operator: 'strictEqual',\n  diff: 'simple'\n}\n\nTest failure: 'errors/async_error_sync_esm.mjs'\nLocation: test\\parallel\\test-node-output-errors.mjs:79:5\nAssertionError [ERR_ASSERTION]: Expected values to be strictly equal:\n+ actual - expected\n\n  'Error: test\\n' +\n    '    at one (<project-root>/test/fixtures/async-error.js:4:9)\\n' +\n    '    at two (<project-root>/test/fixtures/async-error.js:17:9)\\n' +\n    '    at async three (<project-root>/test/fixtures/async-error.js:20:3)\\n' +\n    '    at async four (<project-root>/test/fixtures/async-error.js:24:3)\\n' +\n+   '    at async main (file:///<project-root>/test/fixtures/errors/async_error_sync_esm.mjs:6:5)\\n'\n-   '    at async main (file://<project-root>/test/fixtures/errors/async_error_sync_esm.mjs:6:5)\\n'\n\n    at assertSnapshot (d:\\workspace\\node-test-binary-windows-js-suites\\node\\test\\common\\assertSnapshot.js:100:12)\n    at async Module.spawnAndAssert (d:\\workspace\\node-test-binary-windows-js-suites\\node\\test\\common\\assertSnapshot.js:135:3)\n    at async TestContext.<anonymous> (file:///d:/workspace/node-test-binary-windows-js-suites/node/test/parallel/test-node-output-errors.mjs:80:7)\n    at async Test.run (node:internal/test_runner/test:1125:7)\n    at async Suite.processPendingSubtests (node:internal/test_runner/test:787:7) {\n  generatedMessage: true,\n  code: 'ERR_ASSERTION',\n  actual: 'Error: test\\n' +\n    '    at one (<project-root>/test/fixtures/async-error.js:4:9)\\n' +\n    '    at two (<project-root>/test/fixtures/async-error.js:17:9)\\n' +\n    '    at async three (<project-root>/test/fixtures/async-error.js:20:3)\\n' +\n    '    at async four (<project-root>/test/fixtures/async-error.js:24:3)\\n' +\n    '    at async main (file:///<project-root>/test/fixtures/errors/async_error_sync_esm.mjs:6:5)\\n',\n  expected: 'Error: test\\n' +\n    '    at one (<project-root>/test/fixtures/async-error.js:4:9)\\n' +\n    '    at two (<project-root>/test/fixtures/async-error.js:17:9)\\n' +\n    '    at async three (<project-root>/test/fixtures/async-error.js:20:3)\\n' +\n    '    at async four (<project-root>/test/fixtures/async-error.js:24:3)\\n' +\n    '    at async main (file://<project-root>/test/fixtures/errors/async_error_sync_esm.mjs:6:5)\\n',\n  operator: 'strictEqual',\n  diff: 'simple'\n}"},"time":8794.424,"fullname":"parallel/test-node-output-errors","closingTestPoint":false}},{"testName":"parallel/test-node-output-errors","timestamp":1770044697538,"status":"FAILED","jobName":"node-test-binary-windows-js-suites","config":"node-test-binary-windows-js-suites » 3,win10-COMPILED_BY-vs2022_clang #38617","buildUrl":"https://ci.nodejs.org/job/node-test-binary-windows-js-suites/RUN_SUBSET=3,nodes=win10-COMPILED_BY-vs2022_clang/38617/","buildNumber":38617,"builtOn":"test-azure_msft-win10_vs2019-x64-2","nodeVersion":"26.0.0","commitHash":"3da8d5c54dc0b28b7da7450483d8389cd4c425ef","callStack":[{"upstreamBuild":74988,"upstreamProject":"node-test-commit-windows-fanned","upstreamUrl":"job/node-test-commit-windows-fanned/"},{"upstreamBuild":85248,"upstreamProject":"node-test-commit","upstreamUrl":"job/node-test-commit/"},{"upstreamBuild":71169,"upstreamProject":"node-test-pull-request","upstreamUrl":"job/node-test-pull-request/"},{"prId":"61590"}],"tap":{"ok":false,"name":"parallel/test-node-output-errors","id":760,"buffered":false,"tapError":null,"skip":false,"todo":false,"previous":null,"plan":null,"diag":{"severity":"fail","exitcode":1,"stack":"Test failure: 'errors/async_error_eval_esm.js'\nLocation: test\\parallel\\test-node-output-errors.mjs:79:5\nAssertionError [ERR_ASSERTION]: Expected values to be strictly equal:\n+ actual - expected\n\n  'Error: test\\n' +\n+   '    at one (file:///<project-root>/[eval1]:2:9)\\n' +\n+   '    at two (file:///<project-root>/[eval1]:15:9)\\n' +\n+   '    at async three (file:///<project-root>/[eval1]:18:3)\\n' +\n+   '    at async four (file:///<project-root>/[eval1]:22:3)\\n' +\n+   '    at async main (file:///<project-root>/[eval1]:28:5)\\n' +\n-   '    at one (file://<project-root>/[eval1]:2:9)\\n' +\n-   '    at two (file://<project-root>/[eval1]:15:9)\\n' +\n-   '    at async three (file://<project-root>/[eval1]:18:3)\\n' +\n-   '    at async four (file://<project-root>/[eval1]:22:3)\\n' +\n-   '    at async main (file://<project-root>/[eval1]:28:5)\\n' +\n    '\\n'\n\n    at assertSnapshot (c:\\workspace\\node-test-binary-windows-js-suites\\node\\test\\common\\assertSnapshot.js:100:12)\n    at async Module.spawnAndAssert (c:\\workspace\\node-test-binary-windows-js-suites\\node\\test\\common\\assertSnapshot.js:135:3)\n    at async TestContext.<anonymous> (file:///c:/workspace/node-test-binary-windows-js-suites/node/test/parallel/test-node-output-errors.mjs:80:7)\n    at async Test.run (node:internal/test_runner/test:1125:7)\n    at async Suite.processPendingSubtests (node:internal/test_runner/test:787:7) {\n  generatedMessage: true,\n  code: 'ERR_ASSERTION',\n  actual: 'Error: test\\n' +\n    '    at one (file:///<project-root>/[eval1]:2:9)\\n' +\n    '    at two (file:///<project-root>/[eval1]:15:9)\\n' +\n    '    at async three (file:///<project-root>/[eval1]:18:3)\\n' +\n    '    at async four (file:///<project-root>/[eval1]:22:3)\\n' +\n    '    at async main (file:///<project-root>/[eval1]:28:5)\\n' +\n    '\\n',\n  expected: 'Error: test\\n' +\n    '    at one (file://<project-root>/[eval1]:2:9)\\n' +\n    '    at two (file://<project-root>/[eval1]:15:9)\\n' +\n    '    at async three (file://<project-root>/[eval1]:18:3)\\n' +\n    '    at async four (file://<project-root>/[eval1]:22:3)\\n' +\n    '    at async main (file://<project-root>/[eval1]:28:5)\\n' +\n    '\\n',\n  operator: 'strictEqual',\n  diff: 'simple'\n}\n\nTest failure: 'errors/async_error_sync_esm.mjs'\nLocation: test\\parallel\\test-node-output-errors.mjs:79:5\nAssertionError [ERR_ASSERTION]: Expected values to be strictly equal:\n+ actual - expected\n\n  'Error: test\\n' +\n    '    at one (<project-root>/test/fixtures/async-error.js:4:9)\\n' +\n    '    at two (<project-root>/test/fixtures/async-error.js:17:9)\\n' +\n    '    at async three (<project-root>/test/fixtures/async-error.js:20:3)\\n' +\n    '    at async four (<project-root>/test/fixtures/async-error.js:24:3)\\n' +\n+   '    at async main (file:///<project-root>/test/fixtures/errors/async_error_sync_esm.mjs:6:5)\\n'\n-   '    at async main (file://<project-root>/test/fixtures/errors/async_error_sync_esm.mjs:6:5)\\n'\n\n    at assertSnapshot (c:\\workspace\\node-test-binary-windows-js-suites\\node\\test\\common\\assertSnapshot.js:100:12)\n    at async Module.spawnAndAssert (c:\\workspace\\node-test-binary-windows-js-suites\\node\\test\\common\\assertSnapshot.js:135:3)\n    at async TestContext.<anonymous> (file:///c:/workspace/node-test-binary-windows-js-suites/node/test/parallel/test-node-output-errors.mjs:80:7)\n    at async Test.run (node:internal/test_runner/test:1125:7)\n    at async Suite.processPendingSubtests (node:internal/test_runner/test:787:7) {\n  generatedMessage: true,\n  code: 'ERR_ASSERTION',\n  actual: 'Error: test\\n' +\n    '    at one (<project-root>/test/fixtures/async-error.js:4:9)\\n' +\n    '    at two (<project-root>/test/fixtures/async-error.js:17:9)\\n' +\n    '    at async three (<project-root>/test/fixtures/async-error.js:20:3)\\n' +\n    '    at async four (<project-root>/test/fixtures/async-error.js:24:3)\\n' +\n    '    at async main (file:///<project-root>/test/fixtures/errors/async_error_sync_esm.mjs:6:5)\\n',\n  expected: 'Error: test\\n' +\n    '    at one (<project-root>/test/fixtures/async-error.js:4:9)\\n' +\n    '    at two (<project-root>/test/fixtures/async-error.js:17:9)\\n' +\n    '    at async three (<project-root>/test/fixtures/async-error.js:20:3)\\n' +\n    '    at async four (<project-root>/test/fixtures/async-error.js:24:3)\\n' +\n    '    at async main (file://<project-root>/test/fixtures/errors/async_error_sync_esm.mjs:6:5)\\n',\n  operator: 'strictEqual',\n  diff: 'simple'\n}"},"time":4800.026,"fullname":"parallel/test-node-output-errors","closingTestPoint":false}},{"testName":"parallel/test-node-output-errors","timestamp":1770044697538,"status":"FAILED","jobName":"node-test-binary-windows-js-suites","config":"node-test-binary-windows-js-suites » 3,win2019-COMPILED_BY-vs2022_clang #38617","buildUrl":"https://ci.nodejs.org/job/node-test-binary-windows-js-suites/RUN_SUBSET=3,nodes=win2019-COMPILED_BY-vs2022_clang/38617/","buildNumber":38617,"builtOn":"test-rackspace-win2019_vs2019-x64-4","nodeVersion":"26.0.0","commitHash":"3da8d5c54dc0b28b7da7450483d8389cd4c425ef","callStack":[{"upstreamBuild":74988,"upstreamProject":"node-test-commit-windows-fanned","upstreamUrl":"job/node-test-commit-windows-fanned/"},{"upstreamBuild":85248,"upstreamProject":"node-test-commit","upstreamUrl":"job/node-test-commit/"},{"upstreamBuild":71169,"upstreamProject":"node-test-pull-request","upstreamUrl":"job/node-test-pull-request/"},{"prId":"61590"}],"tap":{"ok":false,"name":"parallel/test-node-output-errors","id":814,"buffered":false,"tapError":null,"skip":false,"todo":false,"previous":null,"plan":null,"diag":{"severity":"fail","exitcode":1,"stack":"Test failure: 'errors/async_error_eval_esm.js'\nLocation: test\\parallel\\test-node-output-errors.mjs:79:5\nAssertionError [ERR_ASSERTION]: Expected values to be strictly equal:\n+ actual - expected\n\n  'Error: test\\n' +\n+   '    at one (file:///<project-root>/[eval1]:2:9)\\n' +\n+   '    at two (file:///<project-root>/[eval1]:15:9)\\n' +\n+   '    at async three (file:///<project-root>/[eval1]:18:3)\\n' +\n+   '    at async four (file:///<project-root>/[eval1]:22:3)\\n' +\n+   '    at async main (file:///<project-root>/[eval1]:28:5)\\n' +\n-   '    at one (file://<project-root>/[eval1]:2:9)\\n' +\n-   '    at two (file://<project-root>/[eval1]:15:9)\\n' +\n-   '    at async three (file://<project-root>/[eval1]:18:3)\\n' +\n-   '    at async four (file://<project-root>/[eval1]:22:3)\\n' +\n-   '    at async main (file://<project-root>/[eval1]:28:5)\\n' +\n    '\\n'\n\n    at assertSnapshot (C:\\workspace\\node-test-binary-windows-js-suites\\node\\test\\common\\assertSnapshot.js:100:12)\n    at async Module.spawnAndAssert (C:\\workspace\\node-test-binary-windows-js-suites\\node\\test\\common\\assertSnapshot.js:135:3)\n    at async TestContext.<anonymous> (file:///C:/workspace/node-test-binary-windows-js-suites/node/test/parallel/test-node-output-errors.mjs:80:7)\n    at async Test.run (node:internal/test_runner/test:1125:7)\n    at async Suite.processPendingSubtests (node:internal/test_runner/test:787:7) {\n  generatedMessage: true,\n  code: 'ERR_ASSERTION',\n  actual: 'Error: test\\n' +\n    '    at one (file:///<project-root>/[eval1]:2:9)\\n' +\n    '    at two (file:///<project-root>/[eval1]:15:9)\\n' +\n    '    at async three (file:///<project-root>/[eval1]:18:3)\\n' +\n    '    at async four (file:///<project-root>/[eval1]:22:3)\\n' +\n    '    at async main (file:///<project-root>/[eval1]:28:5)\\n' +\n    '\\n',\n  expected: 'Error: test\\n' +\n    '    at one (file://<project-root>/[eval1]:2:9)\\n' +\n    '    at two (file://<project-root>/[eval1]:15:9)\\n' +\n    '    at async three (file://<project-root>/[eval1]:18:3)\\n' +\n    '    at async four (file://<project-root>/[eval1]:22:3)\\n' +\n    '    at async main (file://<project-root>/[eval1]:28:5)\\n' +\n    '\\n',\n  operator: 'strictEqual',\n  diff: 'simple'\n}\n\nTest failure: 'errors/async_error_sync_esm.mjs'\nLocation: test\\parallel\\test-node-output-errors.mjs:79:5\nAssertionError [ERR_ASSERTION]: Expected values to be strictly equal:\n+ actual - expected\n\n  'Error: test\\n' +\n    '    at one (<project-root>/test/fixtures/async-error.js:4:9)\\n' +\n    '    at two (<project-root>/test/fixtures/async-error.js:17:9)\\n' +\n    '    at async three (<project-root>/test/fixtures/async-error.js:20:3)\\n' +\n    '    at async four (<project-root>/test/fixtures/async-error.js:24:3)\\n' +\n+   '    at async main (file:///<project-root>/test/fixtures/errors/async_error_sync_esm.mjs:6:5)\\n'\n-   '    at async main (file://<project-root>/test/fixtures/errors/async_error_sync_esm.mjs:6:5)\\n'\n\n    at assertSnapshot (C:\\workspace\\node-test-binary-windows-js-suites\\node\\test\\common\\assertSnapshot.js:100:12)\n    at async Module.spawnAndAssert (C:\\workspace\\node-test-binary-windows-js-suites\\node\\test\\common\\assertSnapshot.js:135:3)\n    at async TestContext.<anonymous> (file:///C:/workspace/node-test-binary-windows-js-suites/node/test/parallel/test-node-output-errors.mjs:80:7)\n    at async Test.run (node:internal/test_runner/test:1125:7)\n    at async Suite.processPendingSubtests (node:internal/test_runner/test:787:7) {\n  generatedMessage: true,\n  code: 'ERR_ASSERTION',\n  actual: 'Error: test\\n' +\n    '    at one (<project-root>/test/fixtures/async-error.js:4:9)\\n' +\n    '    at two (<project-root>/test/fixtures/async-error.js:17:9)\\n' +\n    '    at async three (<project-root>/test/fixtures/async-error.js:20:3)\\n' +\n    '    at async four (<project-root>/test/fixtures/async-error.js:24:3)\\n' +\n    '    at async main (file:///<project-root>/test/fixtures/errors/async_error_sync_esm.mjs:6:5)\\n',\n  expected: 'Error: test\\n' +\n    '    at one (<project-root>/test/fixtures/async-error.js:4:9)\\n' +\n    '    at two (<project-root>/test/fixtures/async-error.js:17:9)\\n' +\n    '    at async three (<project-root>/test/fixtures/async-error.js:20:3)\\n' +\n    '    at async four (<project-root>/test/fixtures/async-error.js:24:3)\\n' +\n    '    at async main (file://<project-root>/test/fixtures/errors/async_error_sync_esm.mjs:6:5)\\n',\n  operator: 'strictEqual',\n  diff: 'simple'\n}"},"time":10126.158,"fullname":"parallel/test-node-output-errors","closingTestPoint":false}},{"testName":"parallel/test-node-output-errors","timestamp":1770044697538,"status":"FAILED","jobName":"node-test-binary-windows-js-suites","config":"node-test-binary-windows-js-suites » 3,win2022-COMPILED_BY-vs2022_clang #38617","buildUrl":"https://ci.nodejs.org/job/node-test-binary-windows-js-suites/RUN_SUBSET=3,nodes=win2022-COMPILED_BY-vs2022_clang/38617/","buildNumber":38617,"builtOn":"test-rackspace-win2022_vs2022-x64-4","nodeVersion":"26.0.0","commitHash":"3da8d5c54dc0b28b7da7450483d8389cd4c425ef","callStack":[{"upstreamBuild":74988,"upstreamProject":"node-test-commit-windows-fanned","upstreamUrl":"job/node-test-commit-windows-fanned/"},{"upstreamBuild":85248,"upstreamProject":"node-test-commit","upstreamUrl":"job/node-test-commit/"},{"upstreamBuild":71169,"upstreamProject":"node-test-pull-request","upstreamUrl":"job/node-test-pull-request/"},{"prId":"61590"}],"tap":{"ok":false,"name":"parallel/test-node-output-errors","id":813,"buffered":false,"tapError":null,"skip":false,"todo":false,"previous":null,"plan":null,"diag":{"severity":"fail","exitcode":1,"stack":"Test failure: 'errors/async_error_eval_esm.js'\nLocation: test\\parallel\\test-node-output-errors.mjs:79:5\nAssertionError [ERR_ASSERTION]: Expected values to be strictly equal:\n+ actual - expected\n\n  'Error: test\\n' +\n+   '    at one (file:///<project-root>/[eval1]:2:9)\\n' +\n+   '    at two (file:///<project-root>/[eval1]:15:9)\\n' +\n+   '    at async three (file:///<project-root>/[eval1]:18:3)\\n' +\n+   '    at async four (file:///<project-root>/[eval1]:22:3)\\n' +\n+   '    at async main (file:///<project-root>/[eval1]:28:5)\\n' +\n-   '    at one (file://<project-root>/[eval1]:2:9)\\n' +\n-   '    at two (file://<project-root>/[eval1]:15:9)\\n' +\n-   '    at async three (file://<project-root>/[eval1]:18:3)\\n' +\n-   '    at async four (file://<project-root>/[eval1]:22:3)\\n' +\n-   '    at async main (file://<project-root>/[eval1]:28:5)\\n' +\n    '\\n'\n\n    at assertSnapshot (C:\\workspace\\node-test-binary-windows-js-suites\\node\\test\\common\\assertSnapshot.js:100:12)\n    at async Module.spawnAndAssert (C:\\workspace\\node-test-binary-windows-js-suites\\node\\test\\common\\assertSnapshot.js:135:3)\n    at async TestContext.<anonymous> (file:///C:/workspace/node-test-binary-windows-js-suites/node/test/parallel/test-node-output-errors.mjs:80:7)\n    at async Test.run (node:internal/test_runner/test:1125:7)\n    at async Suite.processPendingSubtests (node:internal/test_runner/test:787:7) {\n  generatedMessage: true,\n  code: 'ERR_ASSERTION',\n  actual: 'Error: test\\n' +\n    '    at one (file:///<project-root>/[eval1]:2:9)\\n' +\n    '    at two (file:///<project-root>/[eval1]:15:9)\\n' +\n    '    at async three (file:///<project-root>/[eval1]:18:3)\\n' +\n    '    at async four (file:///<project-root>/[eval1]:22:3)\\n' +\n    '    at async main (file:///<project-root>/[eval1]:28:5)\\n' +\n    '\\n',\n  expected: 'Error: test\\n' +\n    '    at one (file://<project-root>/[eval1]:2:9)\\n' +\n    '    at two (file://<project-root>/[eval1]:15:9)\\n' +\n    '    at async three (file://<project-root>/[eval1]:18:3)\\n' +\n    '    at async four (file://<project-root>/[eval1]:22:3)\\n' +\n    '    at async main (file://<project-root>/[eval1]:28:5)\\n' +\n    '\\n',\n  operator: 'strictEqual',\n  diff: 'simple'\n}\n\nTest failure: 'errors/async_error_sync_esm.mjs'\nLocation: test\\parallel\\test-node-output-errors.mjs:79:5\nAssertionError [ERR_ASSERTION]: Expected values to be strictly equal:\n+ actual - expected\n\n  'Error: test\\n' +\n    '    at one (<project-root>/test/fixtures/async-error.js:4:9)\\n' +\n    '    at two (<project-root>/test/fixtures/async-error.js:17:9)\\n' +\n    '    at async three (<project-root>/test/fixtures/async-error.js:20:3)\\n' +\n    '    at async four (<project-root>/test/fixtures/async-error.js:24:3)\\n' +\n+   '    at async main (file:///<project-root>/test/fixtures/errors/async_error_sync_esm.mjs:6:5)\\n'\n-   '    at async main (file://<project-root>/test/fixtures/errors/async_error_sync_esm.mjs:6:5)\\n'\n\n    at assertSnapshot (C:\\workspace\\node-test-binary-windows-js-suites\\node\\test\\common\\assertSnapshot.js:100:12)\n    at async Module.spawnAndAssert (C:\\workspace\\node-test-binary-windows-js-suites\\node\\test\\common\\assertSnapshot.js:135:3)\n    at async TestContext.<anonymous> (file:///C:/workspace/node-test-binary-windows-js-suites/node/test/parallel/test-node-output-errors.mjs:80:7)\n    at async Test.run (node:internal/test_runner/test:1125:7)\n    at async Suite.processPendingSubtests (node:internal/test_runner/test:787:7) {\n  generatedMessage: true,\n  code: 'ERR_ASSERTION',\n  actual: 'Error: test\\n' +\n    '    at one (<project-root>/test/fixtures/async-error.js:4:9)\\n' +\n    '    at two (<project-root>/test/fixtures/async-error.js:17:9)\\n' +\n    '    at async three (<project-root>/test/fixtures/async-error.js:20:3)\\n' +\n    '    at async four (<project-root>/test/fixtures/async-error.js:24:3)\\n' +\n    '    at async main (file:///<project-root>/test/fixtures/errors/async_error_sync_esm.mjs:6:5)\\n',\n  expected: 'Error: test\\n' +\n    '    at one (<project-root>/test/fixtures/async-error.js:4:9)\\n' +\n    '    at two (<project-root>/test/fixtures/async-error.js:17:9)\\n' +\n    '    at async three (<project-root>/test/fixtures/async-error.js:20:3)\\n' +\n    '    at async four (<project-root>/test/fixtures/async-error.js:24:3)\\n' +\n    '    at async main (file://<project-root>/test/fixtures/errors/async_error_sync_esm.mjs:6:5)\\n',\n  operator: 'strictEqual',\n  diff: 'simple'\n}"},"time":10464.16,"fullname":"parallel/test-node-output-errors","closingTestPoint":false}},{"testName":"parallel/test-node-output-errors","timestamp":1770044697538,"status":"FAILED","jobName":"node-test-binary-windows-js-suites","config":"node-test-binary-windows-js-suites » 3,win11-COMPILED_BY-vs2022_clang #38617","buildUrl":"https://ci.nodejs.org/job/node-test-binary-windows-js-suites/RUN_SUBSET=3,nodes=win11-COMPILED_BY-vs2022_clang/38617/","buildNumber":38617,"builtOn":"test-azure_msft-win11_vs2022-x64-2","nodeVersion":"26.0.0","commitHash":"3da8d5c54dc0b28b7da7450483d8389cd4c425ef","callStack":[{"upstreamBuild":74988,"upstreamProject":"node-test-commit-windows-fanned","upstreamUrl":"job/node-test-commit-windows-fanned/"},{"upstreamBuild":85248,"upstreamProject":"node-test-commit","upstreamUrl":"job/node-test-commit/"},{"upstreamBuild":71169,"upstreamProject":"node-test-pull-request","upstreamUrl":"job/node-test-pull-request/"},{"prId":"61590"}],"tap":{"ok":false,"name":"parallel/test-node-output-errors","id":759,"buffered":false,"tapError":null,"skip":false,"todo":false,"previous":null,"plan":null,"diag":{"severity":"fail","exitcode":1,"stack":"Test failure: 'errors/async_error_eval_esm.js'\nLocation: test\\parallel\\test-node-output-errors.mjs:79:5\nAssertionError [ERR_ASSERTION]: Expected values to be strictly equal:\n+ actual - expected\n\n  'Error: test\\n' +\n+   '    at one (file:///<project-root>/[eval1]:2:9)\\n' +\n+   '    at two (file:///<project-root>/[eval1]:15:9)\\n' +\n+   '    at async three (file:///<project-root>/[eval1]:18:3)\\n' +\n+   '    at async four (file:///<project-root>/[eval1]:22:3)\\n' +\n+   '    at async main (file:///<project-root>/[eval1]:28:5)\\n' +\n-   '    at one (file://<project-root>/[eval1]:2:9)\\n' +\n-   '    at two (file://<project-root>/[eval1]:15:9)\\n' +\n-   '    at async three (file://<project-root>/[eval1]:18:3)\\n' +\n-   '    at async four (file://<project-root>/[eval1]:22:3)\\n' +\n-   '    at async main (file://<project-root>/[eval1]:28:5)\\n' +\n    '\\n'\n\n    at assertSnapshot (c:\\workspace\\node-test-binary-windows-js-suites\\node\\test\\common\\assertSnapshot.js:100:12)\n    at async Module.spawnAndAssert (c:\\workspace\\node-test-binary-windows-js-suites\\node\\test\\common\\assertSnapshot.js:135:3)\n    at async TestContext.<anonymous> (file:///c:/workspace/node-test-binary-windows-js-suites/node/test/parallel/test-node-output-errors.mjs:80:7)\n    at async Test.run (node:internal/test_runner/test:1125:7)\n    at async Suite.processPendingSubtests (node:internal/test_runner/test:787:7) {\n  generatedMessage: true,\n  code: 'ERR_ASSERTION',\n  actual: 'Error: test\\n' +\n    '    at one (file:///<project-root>/[eval1]:2:9)\\n' +\n    '    at two (file:///<project-root>/[eval1]:15:9)\\n' +\n    '    at async three (file:///<project-root>/[eval1]:18:3)\\n' +\n    '    at async four (file:///<project-root>/[eval1]:22:3)\\n' +\n    '    at async main (file:///<project-root>/[eval1]:28:5)\\n' +\n    '\\n',\n  expected: 'Error: test\\n' +\n    '    at one (file://<project-root>/[eval1]:2:9)\\n' +\n    '    at two (file://<project-root>/[eval1]:15:9)\\n' +\n    '    at async three (file://<project-root>/[eval1]:18:3)\\n' +\n    '    at async four (file://<project-root>/[eval1]:22:3)\\n' +\n    '    at async main (file://<project-root>/[eval1]:28:5)\\n' +\n    '\\n',\n  operator: 'strictEqual',\n  diff: 'simple'\n}\n\nTest failure: 'errors/async_error_sync_esm.mjs'\nLocation: test\\parallel\\test-node-output-errors.mjs:79:5\nAssertionError [ERR_ASSERTION]: Expected values to be strictly equal:\n+ actual - expected\n\n  'Error: test\\n' +\n    '    at one (<project-root>/test/fixtures/async-error.js:4:9)\\n' +\n    '    at two (<project-root>/test/fixtures/async-error.js:17:9)\\n' +\n    '    at async three (<project-root>/test/fixtures/async-error.js:20:3)\\n' +\n    '    at async four (<project-root>/test/fixtures/async-error.js:24:3)\\n' +\n+   '    at async main (file:///<project-root>/test/fixtures/errors/async_error_sync_esm.mjs:6:5)\\n'\n-   '    at async main (file://<project-root>/test/fixtures/errors/async_error_sync_esm.mjs:6:5)\\n'\n\n    at assertSnapshot (c:\\workspace\\node-test-binary-windows-js-suites\\node\\test\\common\\assertSnapshot.js:100:12)\n    at async Module.spawnAndAssert (c:\\workspace\\node-test-binary-windows-js-suites\\node\\test\\common\\assertSnapshot.js:135:3)\n    at async TestContext.<anonymous> (file:///c:/workspace/node-test-binary-windows-js-suites/node/test/parallel/test-node-output-errors.mjs:80:7)\n    at async Test.run (node:internal/test_runner/test:1125:7)\n    at async Suite.processPendingSubtests (node:internal/test_runner/test:787:7) {\n  generatedMessage: true,\n  code: 'ERR_ASSERTION',\n  actual: 'Error: test\\n' +\n    '    at one (<project-root>/test/fixtures/async-error.js:4:9)\\n' +\n    '    at two (<project-root>/test/fixtures/async-error.js:17:9)\\n' +\n    '    at async three (<project-root>/test/fixtures/async-error.js:20:3)\\n' +\n    '    at async four (<project-root>/test/fixtures/async-error.js:24:3)\\n' +\n    '    at async main (file:///<project-root>/test/fixtures/errors/async_error_sync_esm.mjs:6:5)\\n',\n  expected: 'Error: test\\n' +\n    '    at one (<project-root>/test/fixtures/async-error.js:4:9)\\n' +\n    '    at two (<project-root>/test/fixtures/async-error.js:17:9)\\n' +\n    '    at async three (<project-root>/test/fixtures/async-error.js:20:3)\\n' +\n    '    at async four (<project-root>/test/fixtures/async-error.js:24:3)\\n' +\n    '    at async main (file://<project-root>/test/fixtures/errors/async_error_sync_esm.mjs:6:5)\\n',\n  operator: 'strictEqual',\n  diff: 'simple'\n}"},"time":6254.068,"fullname":"parallel/test-node-output-errors","closingTestPoint":false}}]}