{"failedTests":[{"testName":"test-runner/test-output-tap-escape","timestamp":1770675707268,"status":"FAILED","jobName":"node-test-binary-windows-js-suites","config":"node-test-binary-windows-js-suites » 0,win11-arm64-COMPILED_BY-vs2022_clang-arm64 #38716","buildUrl":"https://ci.nodejs.org/job/node-test-binary-windows-js-suites/RUN_SUBSET=0,nodes=win11-arm64-COMPILED_BY-vs2022_clang-arm64/38716/","buildNumber":38716,"builtOn":"test-azure_msft-win11_vs2022-arm64-1","nodeVersion":"26.0.0","commitHash":"c2dc96910a8f95190d0814abe8fc0751afbe9911","callStack":[{"upstreamBuild":75091,"upstreamProject":"node-test-commit-windows-fanned","upstreamUrl":"job/node-test-commit-windows-fanned/"},{"upstreamBuild":85388,"upstreamProject":"node-test-commit","upstreamUrl":"job/node-test-commit/"},{"upstreamBuild":71281,"upstreamProject":"node-test-pull-request","upstreamUrl":"job/node-test-pull-request/"},{"prId":"61665"}],"tap":{"ok":false,"name":"test-runner/test-output-tap-escape","id":1148,"buffered":false,"tapError":null,"skip":false,"todo":false,"previous":null,"plan":null,"diag":{"severity":"fail","exitcode":1,"stack":"node:internal/modules/run_main:107\n    triggerUncaughtException(\n    ^\n\nAssertionError [ERR_ASSERTION]: Expected values to be strictly equal:\n+ actual - expected\n... Skipped lines\n\n  'TAP version 13\\n' +\n+   '# Subtest: escaped description / /# //#/ /n /t /f /v /b /r\\n' +\n+   'ok 1 - escaped description / /# //#/ /n /t /f /v /b /r\\n' +\n-   '# Subtest: escaped description \\\\\\\\ \\\\# \\\\\\\\\\\\#\\\\\\\\ \\\\\\\\n \\\\\\\\t \\\\\\\\f \\\\\\\\v \\\\\\\\b \\\\\\\\r\\n' +\n-   'ok 1 - escaped description \\\\\\\\ \\\\# \\\\\\\\\\\\#\\\\\\\\ \\\\\\\\n \\\\\\\\t \\\\\\\\f \\\\\\\\v \\\\\\\\b \\\\\\\\r\\n' +\n    '  ---\\n' +\n    '  duration_ms: *\\n' +\n    \"  type: 'test'\\n\" +\n    '  ...\\n' +\n    '# Subtest: escaped skip message\\n' +\n+   'ok 2 - escaped skip message # SKIP /#skip\\n' +\n-   'ok 2 - escaped skip message # SKIP \\\\#skip\\n' +\n    '  ---\\n' +\n    '  duration_ms: *\\n' +\n    \"  type: 'test'\\n\" +\n    '  ...\\n' +\n    '# Subtest: escaped todo message\\n' +\n+   'ok 3 - escaped todo message # TODO /#todo\\n' +\n-   'ok 3 - escaped todo message # TODO \\\\#todo\\n' +\n    '  ---\\n' +\n    '  duration_ms: *\\n' +\n    \"  type: 'test'\\n\" +\n    '  ...\\n' +\n    '# Subtest: escaped diagnostic\\n' +\n...\n    '  ...\\n' +\n+   '# /#diagnostic\\n' +\n-   '# \\\\#diagnostic\\n' +\n    '1..4\\n' +\n    '# tests 4\\n' +\n    '# suites 0\\n' +\n    '# pass 2\\n' +\n    '# fail 0\\n' +\n\n    at assertSnapshot (d:\\workspace\\node-test-binary-windows-js-suites\\node\\test\\common\\assertSnapshot.js:168:12)\n    at async spawnAndAssert (d:\\workspace\\node-test-binary-windows-js-suites\\node\\test\\common\\assertSnapshot.js:203:3)\n    at async file:///d:/workspace/node-test-binary-windows-js-suites/node/test/test-runner/test-output-tap-escape.mjs:11:1 {\n  generatedMessage: true,\n  code: 'ERR_ASSERTION',\n  actual: 'TAP version 13\\n' +\n    '# Subtest: escaped description / /# //#/ /n /t /f /v /b /r\\n' +\n    'ok 1 - escaped description / /# //#/ /n /t /f /v /b /r\\n' +\n    '  ---\\n' +\n    '  duration_ms: *\\n' +\n    \"  type: 'test'\\n\" +\n    '  ...\\n' +\n    '# Subtest: escaped skip message\\n' +\n    'ok 2 - escaped skip message # SKIP /#skip\\n' +\n    '  ---\\n' +\n    '  duration_ms: *\\n' +\n    \"  type: 'test'\\n\" +\n    '  ...\\n' +\n    '# Subtest: escaped todo message\\n' +\n    'ok 3 - escaped todo message # TODO /#todo\\n' +\n    '  ---\\n' +\n    '  duration_ms: *\\n' +\n    \"  type: 'test'\\n\" +\n    '  ...\\n' +\n    '# Subtest: escaped diagnostic\\n' +\n    'ok 4 - escaped diagnostic\\n' +\n    '  ---\\n' +\n    '  duration_ms: *\\n' +\n    \"  type: 'test'\\n\" +\n    '  ...\\n' +\n    '# /#diagnostic\\n' +\n    '1..4\\n' +\n    '# tests 4\\n' +\n    '# suites 0\\n' +\n    '# pass 2\\n' +\n    '# fail 0\\n' +\n    '# cancelled 0\\n' +\n    '# skipped 1\\n' +\n    '# todo 1\\n' +\n    '# duration_ms *\\n',\n  expected: 'TAP version 13\\n' +\n    '# Subtest: escaped description \\\\\\\\ \\\\# \\\\\\\\\\\\#\\\\\\\\ \\\\\\\\n \\\\\\\\t \\\\\\\\f \\\\\\\\v \\\\\\\\b \\\\\\\\r\\n' +\n    'ok 1 - escaped description \\\\\\\\ \\\\# \\\\\\\\\\\\#\\\\\\\\ \\\\\\\\n \\\\\\\\t \\\\\\\\f \\\\\\\\v \\\\\\\\b \\\\\\\\r\\n' +\n    '  ---\\n' +\n    '  duration_ms: *\\n' +\n    \"  type: 'test'\\n\" +\n    '  ...\\n' +\n    '# Subtest: escaped skip message\\n' +\n    'ok 2 - escaped skip message # SKIP \\\\#skip\\n' +\n    '  ---\\n' +\n    '  duration_ms: *\\n' +\n    \"  type: 'test'\\n\" +\n    '  ...\\n' +\n    '# Subtest: escaped todo message\\n' +\n    'ok 3 - escaped todo message # TODO \\\\#todo\\n' +\n    '  ---\\n' +\n    '  duration_ms: *\\n' +\n    \"  type: 'test'\\n\" +\n    '  ...\\n' +\n    '# Subtest: escaped diagnostic\\n' +\n    'ok 4 - escaped diagnostic\\n' +\n    '  ---\\n' +\n    '  duration_ms: *\\n' +\n    \"  type: 'test'\\n\" +\n    '  ...\\n' +\n    '# \\\\#diagnostic\\n' +\n    '1..4\\n' +\n    '# tests 4\\n' +\n    '# suites 0\\n' +\n    '# pass 2\\n' +\n    '# fail 0\\n' +\n    '# cancelled 0\\n' +\n    '# skipped 1\\n' +\n    '# todo 1\\n' +\n    '# duration_ms *\\n',\n  operator: 'strictEqual',\n  diff: 'simple'\n}\n\nNode.js v26.0.0-pre"},"time":646.992,"fullname":"test-runner/test-output-tap-escape","closingTestPoint":false}},{"testName":"test-runner/test-output-tap-escape","timestamp":1770675707268,"status":"FAILED","jobName":"node-test-binary-windows-js-suites","config":"node-test-binary-windows-js-suites » 3,win10-COMPILED_BY-vs2022_clang #38716","buildUrl":"https://ci.nodejs.org/job/node-test-binary-windows-js-suites/RUN_SUBSET=3,nodes=win10-COMPILED_BY-vs2022_clang/38716/","buildNumber":38716,"builtOn":"test-azure_msft-win10_vs2019-x64-3","nodeVersion":"26.0.0","commitHash":"c2dc96910a8f95190d0814abe8fc0751afbe9911","callStack":[{"upstreamBuild":75091,"upstreamProject":"node-test-commit-windows-fanned","upstreamUrl":"job/node-test-commit-windows-fanned/"},{"upstreamBuild":85388,"upstreamProject":"node-test-commit","upstreamUrl":"job/node-test-commit/"},{"upstreamBuild":71281,"upstreamProject":"node-test-pull-request","upstreamUrl":"job/node-test-pull-request/"},{"prId":"61665"}],"tap":{"ok":false,"name":"test-runner/test-output-tap-escape","id":1148,"buffered":false,"tapError":null,"skip":false,"todo":false,"previous":null,"plan":null,"diag":{"severity":"fail","exitcode":1,"stack":"node:internal/modules/run_main:107\n    triggerUncaughtException(\n    ^\n\nAssertionError [ERR_ASSERTION]: Expected values to be strictly equal:\n+ actual - expected\n... Skipped lines\n\n  'TAP version 13\\n' +\n+   '# Subtest: escaped description / /# //#/ /n /t /f /v /b /r\\n' +\n+   'ok 1 - escaped description / /# //#/ /n /t /f /v /b /r\\n' +\n-   '# Subtest: escaped description \\\\\\\\ \\\\# \\\\\\\\\\\\#\\\\\\\\ \\\\\\\\n \\\\\\\\t \\\\\\\\f \\\\\\\\v \\\\\\\\b \\\\\\\\r\\n' +\n-   'ok 1 - escaped description \\\\\\\\ \\\\# \\\\\\\\\\\\#\\\\\\\\ \\\\\\\\n \\\\\\\\t \\\\\\\\f \\\\\\\\v \\\\\\\\b \\\\\\\\r\\n' +\n    '  ---\\n' +\n    '  duration_ms: *\\n' +\n    \"  type: 'test'\\n\" +\n    '  ...\\n' +\n    '# Subtest: escaped skip message\\n' +\n+   'ok 2 - escaped skip message # SKIP /#skip\\n' +\n-   'ok 2 - escaped skip message # SKIP \\\\#skip\\n' +\n    '  ---\\n' +\n    '  duration_ms: *\\n' +\n    \"  type: 'test'\\n\" +\n    '  ...\\n' +\n    '# Subtest: escaped todo message\\n' +\n+   'ok 3 - escaped todo message # TODO /#todo\\n' +\n-   'ok 3 - escaped todo message # TODO \\\\#todo\\n' +\n    '  ---\\n' +\n    '  duration_ms: *\\n' +\n    \"  type: 'test'\\n\" +\n    '  ...\\n' +\n    '# Subtest: escaped diagnostic\\n' +\n...\n    '  ...\\n' +\n+   '# /#diagnostic\\n' +\n-   '# \\\\#diagnostic\\n' +\n    '1..4\\n' +\n    '# tests 4\\n' +\n    '# suites 0\\n' +\n    '# pass 2\\n' +\n    '# fail 0\\n' +\n\n    at assertSnapshot (c:\\workspace\\node-test-binary-windows-js-suites\\node\\test\\common\\assertSnapshot.js:168:12)\n    at async spawnAndAssert (c:\\workspace\\node-test-binary-windows-js-suites\\node\\test\\common\\assertSnapshot.js:203:3)\n    at async file:///c:/workspace/node-test-binary-windows-js-suites/node/test/test-runner/test-output-tap-escape.mjs:11:1 {\n  generatedMessage: true,\n  code: 'ERR_ASSERTION',\n  actual: 'TAP version 13\\n' +\n    '# Subtest: escaped description / /# //#/ /n /t /f /v /b /r\\n' +\n    'ok 1 - escaped description / /# //#/ /n /t /f /v /b /r\\n' +\n    '  ---\\n' +\n    '  duration_ms: *\\n' +\n    \"  type: 'test'\\n\" +\n    '  ...\\n' +\n    '# Subtest: escaped skip message\\n' +\n    'ok 2 - escaped skip message # SKIP /#skip\\n' +\n    '  ---\\n' +\n    '  duration_ms: *\\n' +\n    \"  type: 'test'\\n\" +\n    '  ...\\n' +\n    '# Subtest: escaped todo message\\n' +\n    'ok 3 - escaped todo message # TODO /#todo\\n' +\n    '  ---\\n' +\n    '  duration_ms: *\\n' +\n    \"  type: 'test'\\n\" +\n    '  ...\\n' +\n    '# Subtest: escaped diagnostic\\n' +\n    'ok 4 - escaped diagnostic\\n' +\n    '  ---\\n' +\n    '  duration_ms: *\\n' +\n    \"  type: 'test'\\n\" +\n    '  ...\\n' +\n    '# /#diagnostic\\n' +\n    '1..4\\n' +\n    '# tests 4\\n' +\n    '# suites 0\\n' +\n    '# pass 2\\n' +\n    '# fail 0\\n' +\n    '# cancelled 0\\n' +\n    '# skipped 1\\n' +\n    '# todo 1\\n' +\n    '# duration_ms *\\n',\n  expected: 'TAP version 13\\n' +\n    '# Subtest: escaped description \\\\\\\\ \\\\# \\\\\\\\\\\\#\\\\\\\\ \\\\\\\\n \\\\\\\\t \\\\\\\\f \\\\\\\\v \\\\\\\\b \\\\\\\\r\\n' +\n    'ok 1 - escaped description \\\\\\\\ \\\\# \\\\\\\\\\\\#\\\\\\\\ \\\\\\\\n \\\\\\\\t \\\\\\\\f \\\\\\\\v \\\\\\\\b \\\\\\\\r\\n' +\n    '  ---\\n' +\n    '  duration_ms: *\\n' +\n    \"  type: 'test'\\n\" +\n    '  ...\\n' +\n    '# Subtest: escaped skip message\\n' +\n    'ok 2 - escaped skip message # SKIP \\\\#skip\\n' +\n    '  ---\\n' +\n    '  duration_ms: *\\n' +\n    \"  type: 'test'\\n\" +\n    '  ...\\n' +\n    '# Subtest: escaped todo message\\n' +\n    'ok 3 - escaped todo message # TODO \\\\#todo\\n' +\n    '  ---\\n' +\n    '  duration_ms: *\\n' +\n    \"  type: 'test'\\n\" +\n    '  ...\\n' +\n    '# Subtest: escaped diagnostic\\n' +\n    'ok 4 - escaped diagnostic\\n' +\n    '  ---\\n' +\n    '  duration_ms: *\\n' +\n    \"  type: 'test'\\n\" +\n    '  ...\\n' +\n    '# \\\\#diagnostic\\n' +\n    '1..4\\n' +\n    '# tests 4\\n' +\n    '# suites 0\\n' +\n    '# pass 2\\n' +\n    '# fail 0\\n' +\n    '# cancelled 0\\n' +\n    '# skipped 1\\n' +\n    '# todo 1\\n' +\n    '# duration_ms *\\n',\n  operator: 'strictEqual',\n  diff: 'simple'\n}\n\nNode.js v26.0.0-pre"},"time":437.029,"fullname":"test-runner/test-output-tap-escape","closingTestPoint":false}},{"testName":"test-runner/test-output-tap-escape","timestamp":1770675707268,"status":"FAILED","jobName":"node-test-binary-windows-js-suites","config":"node-test-binary-windows-js-suites » 3,win2019-COMPILED_BY-vs2022_clang #38716","buildUrl":"https://ci.nodejs.org/job/node-test-binary-windows-js-suites/RUN_SUBSET=3,nodes=win2019-COMPILED_BY-vs2022_clang/38716/","buildNumber":38716,"builtOn":"test-rackspace-win2019_vs2019-x64-3","nodeVersion":"26.0.0","commitHash":"c2dc96910a8f95190d0814abe8fc0751afbe9911","callStack":[{"upstreamBuild":75091,"upstreamProject":"node-test-commit-windows-fanned","upstreamUrl":"job/node-test-commit-windows-fanned/"},{"upstreamBuild":85388,"upstreamProject":"node-test-commit","upstreamUrl":"job/node-test-commit/"},{"upstreamBuild":71281,"upstreamProject":"node-test-pull-request","upstreamUrl":"job/node-test-pull-request/"},{"prId":"61665"}],"tap":{"ok":false,"name":"test-runner/test-output-tap-escape","id":1149,"buffered":false,"tapError":null,"skip":false,"todo":false,"previous":null,"plan":null,"diag":{"severity":"fail","exitcode":1,"stack":"node:internal/modules/run_main:107\n    triggerUncaughtException(\n    ^\n\nAssertionError [ERR_ASSERTION]: Expected values to be strictly equal:\n+ actual - expected\n... Skipped lines\n\n  'TAP version 13\\n' +\n+   '# Subtest: escaped description / /# //#/ /n /t /f /v /b /r\\n' +\n+   'ok 1 - escaped description / /# //#/ /n /t /f /v /b /r\\n' +\n-   '# Subtest: escaped description \\\\\\\\ \\\\# \\\\\\\\\\\\#\\\\\\\\ \\\\\\\\n \\\\\\\\t \\\\\\\\f \\\\\\\\v \\\\\\\\b \\\\\\\\r\\n' +\n-   'ok 1 - escaped description \\\\\\\\ \\\\# \\\\\\\\\\\\#\\\\\\\\ \\\\\\\\n \\\\\\\\t \\\\\\\\f \\\\\\\\v \\\\\\\\b \\\\\\\\r\\n' +\n    '  ---\\n' +\n    '  duration_ms: *\\n' +\n    \"  type: 'test'\\n\" +\n    '  ...\\n' +\n    '# Subtest: escaped skip message\\n' +\n+   'ok 2 - escaped skip message # SKIP /#skip\\n' +\n-   'ok 2 - escaped skip message # SKIP \\\\#skip\\n' +\n    '  ---\\n' +\n    '  duration_ms: *\\n' +\n    \"  type: 'test'\\n\" +\n    '  ...\\n' +\n    '# Subtest: escaped todo message\\n' +\n+   'ok 3 - escaped todo message # TODO /#todo\\n' +\n-   'ok 3 - escaped todo message # TODO \\\\#todo\\n' +\n    '  ---\\n' +\n    '  duration_ms: *\\n' +\n    \"  type: 'test'\\n\" +\n    '  ...\\n' +\n    '# Subtest: escaped diagnostic\\n' +\n...\n    '  ...\\n' +\n+   '# /#diagnostic\\n' +\n-   '# \\\\#diagnostic\\n' +\n    '1..4\\n' +\n    '# tests 4\\n' +\n    '# suites 0\\n' +\n    '# pass 2\\n' +\n    '# fail 0\\n' +\n\n    at assertSnapshot (C:\\workspace\\node-test-binary-windows-js-suites\\node\\test\\common\\assertSnapshot.js:168:12)\n    at async spawnAndAssert (C:\\workspace\\node-test-binary-windows-js-suites\\node\\test\\common\\assertSnapshot.js:203:3)\n    at async file:///C:/workspace/node-test-binary-windows-js-suites/node/test/test-runner/test-output-tap-escape.mjs:11:1 {\n  generatedMessage: true,\n  code: 'ERR_ASSERTION',\n  actual: 'TAP version 13\\n' +\n    '# Subtest: escaped description / /# //#/ /n /t /f /v /b /r\\n' +\n    'ok 1 - escaped description / /# //#/ /n /t /f /v /b /r\\n' +\n    '  ---\\n' +\n    '  duration_ms: *\\n' +\n    \"  type: 'test'\\n\" +\n    '  ...\\n' +\n    '# Subtest: escaped skip message\\n' +\n    'ok 2 - escaped skip message # SKIP /#skip\\n' +\n    '  ---\\n' +\n    '  duration_ms: *\\n' +\n    \"  type: 'test'\\n\" +\n    '  ...\\n' +\n    '# Subtest: escaped todo message\\n' +\n    'ok 3 - escaped todo message # TODO /#todo\\n' +\n    '  ---\\n' +\n    '  duration_ms: *\\n' +\n    \"  type: 'test'\\n\" +\n    '  ...\\n' +\n    '# Subtest: escaped diagnostic\\n' +\n    'ok 4 - escaped diagnostic\\n' +\n    '  ---\\n' +\n    '  duration_ms: *\\n' +\n    \"  type: 'test'\\n\" +\n    '  ...\\n' +\n    '# /#diagnostic\\n' +\n    '1..4\\n' +\n    '# tests 4\\n' +\n    '# suites 0\\n' +\n    '# pass 2\\n' +\n    '# fail 0\\n' +\n    '# cancelled 0\\n' +\n    '# skipped 1\\n' +\n    '# todo 1\\n' +\n    '# duration_ms *\\n',\n  expected: 'TAP version 13\\n' +\n    '# Subtest: escaped description \\\\\\\\ \\\\# \\\\\\\\\\\\#\\\\\\\\ \\\\\\\\n \\\\\\\\t \\\\\\\\f \\\\\\\\v \\\\\\\\b \\\\\\\\r\\n' +\n    'ok 1 - escaped description \\\\\\\\ \\\\# \\\\\\\\\\\\#\\\\\\\\ \\\\\\\\n \\\\\\\\t \\\\\\\\f \\\\\\\\v \\\\\\\\b \\\\\\\\r\\n' +\n    '  ---\\n' +\n    '  duration_ms: *\\n' +\n    \"  type: 'test'\\n\" +\n    '  ...\\n' +\n    '# Subtest: escaped skip message\\n' +\n    'ok 2 - escaped skip message # SKIP \\\\#skip\\n' +\n    '  ---\\n' +\n    '  duration_ms: *\\n' +\n    \"  type: 'test'\\n\" +\n    '  ...\\n' +\n    '# Subtest: escaped todo message\\n' +\n    'ok 3 - escaped todo message # TODO \\\\#todo\\n' +\n    '  ---\\n' +\n    '  duration_ms: *\\n' +\n    \"  type: 'test'\\n\" +\n    '  ...\\n' +\n    '# Subtest: escaped diagnostic\\n' +\n    'ok 4 - escaped diagnostic\\n' +\n    '  ---\\n' +\n    '  duration_ms: *\\n' +\n    \"  type: 'test'\\n\" +\n    '  ...\\n' +\n    '# \\\\#diagnostic\\n' +\n    '1..4\\n' +\n    '# tests 4\\n' +\n    '# suites 0\\n' +\n    '# pass 2\\n' +\n    '# fail 0\\n' +\n    '# cancelled 0\\n' +\n    '# skipped 1\\n' +\n    '# todo 1\\n' +\n    '# duration_ms *\\n',\n  operator: 'strictEqual',\n  diff: 'simple'\n}\n\nNode.js v26.0.0-pre"},"time":1295.01,"fullname":"test-runner/test-output-tap-escape","closingTestPoint":false}},{"testName":"test-runner/test-output-tap-escape","timestamp":1770675707268,"status":"FAILED","jobName":"node-test-binary-windows-js-suites","config":"node-test-binary-windows-js-suites » 3,win2022-COMPILED_BY-vs2022_clang #38716","buildUrl":"https://ci.nodejs.org/job/node-test-binary-windows-js-suites/RUN_SUBSET=3,nodes=win2022-COMPILED_BY-vs2022_clang/38716/","buildNumber":38716,"builtOn":"test-rackspace-win2022_vs2022-x64-4","nodeVersion":"26.0.0","commitHash":"c2dc96910a8f95190d0814abe8fc0751afbe9911","callStack":[{"upstreamBuild":75091,"upstreamProject":"node-test-commit-windows-fanned","upstreamUrl":"job/node-test-commit-windows-fanned/"},{"upstreamBuild":85388,"upstreamProject":"node-test-commit","upstreamUrl":"job/node-test-commit/"},{"upstreamBuild":71281,"upstreamProject":"node-test-pull-request","upstreamUrl":"job/node-test-pull-request/"},{"prId":"61665"}],"tap":{"ok":false,"name":"test-runner/test-output-tap-escape","id":1148,"buffered":false,"tapError":null,"skip":false,"todo":false,"previous":null,"plan":null,"diag":{"severity":"fail","exitcode":1,"stack":"node:internal/modules/run_main:107\n    triggerUncaughtException(\n    ^\n\nAssertionError [ERR_ASSERTION]: Expected values to be strictly equal:\n+ actual - expected\n... Skipped lines\n\n  'TAP version 13\\n' +\n+   '# Subtest: escaped description / /# //#/ /n /t /f /v /b /r\\n' +\n+   'ok 1 - escaped description / /# //#/ /n /t /f /v /b /r\\n' +\n-   '# Subtest: escaped description \\\\\\\\ \\\\# \\\\\\\\\\\\#\\\\\\\\ \\\\\\\\n \\\\\\\\t \\\\\\\\f \\\\\\\\v \\\\\\\\b \\\\\\\\r\\n' +\n-   'ok 1 - escaped description \\\\\\\\ \\\\# \\\\\\\\\\\\#\\\\\\\\ \\\\\\\\n \\\\\\\\t \\\\\\\\f \\\\\\\\v \\\\\\\\b \\\\\\\\r\\n' +\n    '  ---\\n' +\n    '  duration_ms: *\\n' +\n    \"  type: 'test'\\n\" +\n    '  ...\\n' +\n    '# Subtest: escaped skip message\\n' +\n+   'ok 2 - escaped skip message # SKIP /#skip\\n' +\n-   'ok 2 - escaped skip message # SKIP \\\\#skip\\n' +\n    '  ---\\n' +\n    '  duration_ms: *\\n' +\n    \"  type: 'test'\\n\" +\n    '  ...\\n' +\n    '# Subtest: escaped todo message\\n' +\n+   'ok 3 - escaped todo message # TODO /#todo\\n' +\n-   'ok 3 - escaped todo message # TODO \\\\#todo\\n' +\n    '  ---\\n' +\n    '  duration_ms: *\\n' +\n    \"  type: 'test'\\n\" +\n    '  ...\\n' +\n    '# Subtest: escaped diagnostic\\n' +\n...\n    '  ...\\n' +\n+   '# /#diagnostic\\n' +\n-   '# \\\\#diagnostic\\n' +\n    '1..4\\n' +\n    '# tests 4\\n' +\n    '# suites 0\\n' +\n    '# pass 2\\n' +\n    '# fail 0\\n' +\n\n    at assertSnapshot (C:\\workspace\\node-test-binary-windows-js-suites\\node\\test\\common\\assertSnapshot.js:168:12)\n    at async spawnAndAssert (C:\\workspace\\node-test-binary-windows-js-suites\\node\\test\\common\\assertSnapshot.js:203:3)\n    at async file:///C:/workspace/node-test-binary-windows-js-suites/node/test/test-runner/test-output-tap-escape.mjs:11:1 {\n  generatedMessage: true,\n  code: 'ERR_ASSERTION',\n  actual: 'TAP version 13\\n' +\n    '# Subtest: escaped description / /# //#/ /n /t /f /v /b /r\\n' +\n    'ok 1 - escaped description / /# //#/ /n /t /f /v /b /r\\n' +\n    '  ---\\n' +\n    '  duration_ms: *\\n' +\n    \"  type: 'test'\\n\" +\n    '  ...\\n' +\n    '# Subtest: escaped skip message\\n' +\n    'ok 2 - escaped skip message # SKIP /#skip\\n' +\n    '  ---\\n' +\n    '  duration_ms: *\\n' +\n    \"  type: 'test'\\n\" +\n    '  ...\\n' +\n    '# Subtest: escaped todo message\\n' +\n    'ok 3 - escaped todo message # TODO /#todo\\n' +\n    '  ---\\n' +\n    '  duration_ms: *\\n' +\n    \"  type: 'test'\\n\" +\n    '  ...\\n' +\n    '# Subtest: escaped diagnostic\\n' +\n    'ok 4 - escaped diagnostic\\n' +\n    '  ---\\n' +\n    '  duration_ms: *\\n' +\n    \"  type: 'test'\\n\" +\n    '  ...\\n' +\n    '# /#diagnostic\\n' +\n    '1..4\\n' +\n    '# tests 4\\n' +\n    '# suites 0\\n' +\n    '# pass 2\\n' +\n    '# fail 0\\n' +\n    '# cancelled 0\\n' +\n    '# skipped 1\\n' +\n    '# todo 1\\n' +\n    '# duration_ms *\\n',\n  expected: 'TAP version 13\\n' +\n    '# Subtest: escaped description \\\\\\\\ \\\\# \\\\\\\\\\\\#\\\\\\\\ \\\\\\\\n \\\\\\\\t \\\\\\\\f \\\\\\\\v \\\\\\\\b \\\\\\\\r\\n' +\n    'ok 1 - escaped description \\\\\\\\ \\\\# \\\\\\\\\\\\#\\\\\\\\ \\\\\\\\n \\\\\\\\t \\\\\\\\f \\\\\\\\v \\\\\\\\b \\\\\\\\r\\n' +\n    '  ---\\n' +\n    '  duration_ms: *\\n' +\n    \"  type: 'test'\\n\" +\n    '  ...\\n' +\n    '# Subtest: escaped skip message\\n' +\n    'ok 2 - escaped skip message # SKIP \\\\#skip\\n' +\n    '  ---\\n' +\n    '  duration_ms: *\\n' +\n    \"  type: 'test'\\n\" +\n    '  ...\\n' +\n    '# Subtest: escaped todo message\\n' +\n    'ok 3 - escaped todo message # TODO \\\\#todo\\n' +\n    '  ---\\n' +\n    '  duration_ms: *\\n' +\n    \"  type: 'test'\\n\" +\n    '  ...\\n' +\n    '# Subtest: escaped diagnostic\\n' +\n    'ok 4 - escaped diagnostic\\n' +\n    '  ---\\n' +\n    '  duration_ms: *\\n' +\n    \"  type: 'test'\\n\" +\n    '  ...\\n' +\n    '# \\\\#diagnostic\\n' +\n    '1..4\\n' +\n    '# tests 4\\n' +\n    '# suites 0\\n' +\n    '# pass 2\\n' +\n    '# fail 0\\n' +\n    '# cancelled 0\\n' +\n    '# skipped 1\\n' +\n    '# todo 1\\n' +\n    '# duration_ms *\\n',\n  operator: 'strictEqual',\n  diff: 'simple'\n}\n\nNode.js v26.0.0-pre"},"time":914.011,"fullname":"test-runner/test-output-tap-escape","closingTestPoint":false}},{"testName":"test-runner/test-output-tap-escape","timestamp":1770675707268,"status":"FAILED","jobName":"node-test-binary-windows-js-suites","config":"node-test-binary-windows-js-suites » 3,win11-COMPILED_BY-vs2022_clang #38716","buildUrl":"https://ci.nodejs.org/job/node-test-binary-windows-js-suites/RUN_SUBSET=3,nodes=win11-COMPILED_BY-vs2022_clang/38716/","buildNumber":38716,"builtOn":"test-azure_msft-win11_vs2022-x64-2","nodeVersion":"26.0.0","commitHash":"c2dc96910a8f95190d0814abe8fc0751afbe9911","callStack":[{"upstreamBuild":75091,"upstreamProject":"node-test-commit-windows-fanned","upstreamUrl":"job/node-test-commit-windows-fanned/"},{"upstreamBuild":85388,"upstreamProject":"node-test-commit","upstreamUrl":"job/node-test-commit/"},{"upstreamBuild":71281,"upstreamProject":"node-test-pull-request","upstreamUrl":"job/node-test-pull-request/"},{"prId":"61665"}],"tap":{"ok":false,"name":"test-runner/test-output-tap-escape","id":1148,"buffered":false,"tapError":null,"skip":false,"todo":false,"previous":null,"plan":null,"diag":{"severity":"fail","exitcode":1,"stack":"node:internal/modules/run_main:107\n    triggerUncaughtException(\n    ^\n\nAssertionError [ERR_ASSERTION]: Expected values to be strictly equal:\n+ actual - expected\n... Skipped lines\n\n  'TAP version 13\\n' +\n+   '# Subtest: escaped description / /# //#/ /n /t /f /v /b /r\\n' +\n+   'ok 1 - escaped description / /# //#/ /n /t /f /v /b /r\\n' +\n-   '# Subtest: escaped description \\\\\\\\ \\\\# \\\\\\\\\\\\#\\\\\\\\ \\\\\\\\n \\\\\\\\t \\\\\\\\f \\\\\\\\v \\\\\\\\b \\\\\\\\r\\n' +\n-   'ok 1 - escaped description \\\\\\\\ \\\\# \\\\\\\\\\\\#\\\\\\\\ \\\\\\\\n \\\\\\\\t \\\\\\\\f \\\\\\\\v \\\\\\\\b \\\\\\\\r\\n' +\n    '  ---\\n' +\n    '  duration_ms: *\\n' +\n    \"  type: 'test'\\n\" +\n    '  ...\\n' +\n    '# Subtest: escaped skip message\\n' +\n+   'ok 2 - escaped skip message # SKIP /#skip\\n' +\n-   'ok 2 - escaped skip message # SKIP \\\\#skip\\n' +\n    '  ---\\n' +\n    '  duration_ms: *\\n' +\n    \"  type: 'test'\\n\" +\n    '  ...\\n' +\n    '# Subtest: escaped todo message\\n' +\n+   'ok 3 - escaped todo message # TODO /#todo\\n' +\n-   'ok 3 - escaped todo message # TODO \\\\#todo\\n' +\n    '  ---\\n' +\n    '  duration_ms: *\\n' +\n    \"  type: 'test'\\n\" +\n    '  ...\\n' +\n    '# Subtest: escaped diagnostic\\n' +\n...\n    '  ...\\n' +\n+   '# /#diagnostic\\n' +\n-   '# \\\\#diagnostic\\n' +\n    '1..4\\n' +\n    '# tests 4\\n' +\n    '# suites 0\\n' +\n    '# pass 2\\n' +\n    '# fail 0\\n' +\n\n    at assertSnapshot (c:\\workspace\\node-test-binary-windows-js-suites\\node\\test\\common\\assertSnapshot.js:168:12)\n    at async spawnAndAssert (c:\\workspace\\node-test-binary-windows-js-suites\\node\\test\\common\\assertSnapshot.js:203:3)\n    at async file:///c:/workspace/node-test-binary-windows-js-suites/node/test/test-runner/test-output-tap-escape.mjs:11:1 {\n  generatedMessage: true,\n  code: 'ERR_ASSERTION',\n  actual: 'TAP version 13\\n' +\n    '# Subtest: escaped description / /# //#/ /n /t /f /v /b /r\\n' +\n    'ok 1 - escaped description / /# //#/ /n /t /f /v /b /r\\n' +\n    '  ---\\n' +\n    '  duration_ms: *\\n' +\n    \"  type: 'test'\\n\" +\n    '  ...\\n' +\n    '# Subtest: escaped skip message\\n' +\n    'ok 2 - escaped skip message # SKIP /#skip\\n' +\n    '  ---\\n' +\n    '  duration_ms: *\\n' +\n    \"  type: 'test'\\n\" +\n    '  ...\\n' +\n    '# Subtest: escaped todo message\\n' +\n    'ok 3 - escaped todo message # TODO /#todo\\n' +\n    '  ---\\n' +\n    '  duration_ms: *\\n' +\n    \"  type: 'test'\\n\" +\n    '  ...\\n' +\n    '# Subtest: escaped diagnostic\\n' +\n    'ok 4 - escaped diagnostic\\n' +\n    '  ---\\n' +\n    '  duration_ms: *\\n' +\n    \"  type: 'test'\\n\" +\n    '  ...\\n' +\n    '# /#diagnostic\\n' +\n    '1..4\\n' +\n    '# tests 4\\n' +\n    '# suites 0\\n' +\n    '# pass 2\\n' +\n    '# fail 0\\n' +\n    '# cancelled 0\\n' +\n    '# skipped 1\\n' +\n    '# todo 1\\n' +\n    '# duration_ms *\\n',\n  expected: 'TAP version 13\\n' +\n    '# Subtest: escaped description \\\\\\\\ \\\\# \\\\\\\\\\\\#\\\\\\\\ \\\\\\\\n \\\\\\\\t \\\\\\\\f \\\\\\\\v \\\\\\\\b \\\\\\\\r\\n' +\n    'ok 1 - escaped description \\\\\\\\ \\\\# \\\\\\\\\\\\#\\\\\\\\ \\\\\\\\n \\\\\\\\t \\\\\\\\f \\\\\\\\v \\\\\\\\b \\\\\\\\r\\n' +\n    '  ---\\n' +\n    '  duration_ms: *\\n' +\n    \"  type: 'test'\\n\" +\n    '  ...\\n' +\n    '# Subtest: escaped skip message\\n' +\n    'ok 2 - escaped skip message # SKIP \\\\#skip\\n' +\n    '  ---\\n' +\n    '  duration_ms: *\\n' +\n    \"  type: 'test'\\n\" +\n    '  ...\\n' +\n    '# Subtest: escaped todo message\\n' +\n    'ok 3 - escaped todo message # TODO \\\\#todo\\n' +\n    '  ---\\n' +\n    '  duration_ms: *\\n' +\n    \"  type: 'test'\\n\" +\n    '  ...\\n' +\n    '# Subtest: escaped diagnostic\\n' +\n    'ok 4 - escaped diagnostic\\n' +\n    '  ---\\n' +\n    '  duration_ms: *\\n' +\n    \"  type: 'test'\\n\" +\n    '  ...\\n' +\n    '# \\\\#diagnostic\\n' +\n    '1..4\\n' +\n    '# tests 4\\n' +\n    '# suites 0\\n' +\n    '# pass 2\\n' +\n    '# fail 0\\n' +\n    '# cancelled 0\\n' +\n    '# skipped 1\\n' +\n    '# todo 1\\n' +\n    '# duration_ms *\\n',\n  operator: 'strictEqual',\n  diff: 'simple'\n}\n\nNode.js v26.0.0-pre"},"time":354.006,"fullname":"test-runner/test-output-tap-escape","closingTestPoint":false}}]}