{"failedTests":[{"testName":"parallel/test-inspector-network-fetch","timestamp":1770916810964,"status":"FAILED","jobName":"node-test-binary-windows-js-suites","config":"node-test-binary-windows-js-suites Â» 1,win2022-COMPILED_BY-vs2022 #38757","buildUrl":"https://ci.nodejs.org/job/node-test-binary-windows-js-suites/RUN_SUBSET=1,nodes=win2022-COMPILED_BY-vs2022/38757/","buildNumber":38757,"builtOn":"test-rackspace-win2022_vs2022-x64-2","nodeVersion":"22.22.1","commitHash":"dfff7a1cc57e98dc22b7c34bbf633d250f225d77","callStack":[{"upstreamBuild":75135,"upstreamProject":"node-test-commit-windows-fanned","upstreamUrl":"job/node-test-commit-windows-fanned/"},{"upstreamBuild":85441,"upstreamProject":"node-test-commit","upstreamUrl":"job/node-test-commit/"},{"upstreamBuild":71324,"upstreamProject":"node-test-pull-request","upstreamUrl":"job/node-test-pull-request/"},{"prId":"61789"}],"tap":{"ok":false,"name":"parallel/test-inspector-network-fetch","id":595,"buffered":false,"tapError":null,"skip":false,"todo":": Fix flaky test","previous":null,"plan":null,"diag":{"severity":"flaky","exitcode":1,"stack":"Debugger listening on ws://127.0.0.1:51067/349e3d37-58c7-45a8-a1fe-d6aab0149a9c\nFor help, see: https://nodejs.org/en/docs/inspector\n(node:10168) [UNDICI-EHPA] Warning: EnvHttpProxyAgent is experimental, expect them to change at any time.\n(Use `node --trace-warnings ...` to show where the warning was created)\n(node:10168) [ERR_ASSERTION] AssertionError [ERR_ASSERTION]: Expected values to be strictly equal:\n\n400 !== 200\n\nnode:internal/deps/undici/undici:14902\n      Error.captureStackTrace(err);\n            ^\n\nTypeError: fetch failed\n    at node:internal/deps/undici/undici:14902:13\n    at process.processTicksAndRejections (node:internal/process/task_queues:105:5) {\n  [cause]: [Error: 0C1E0000:error:0A0000C6:SSL routines:tls_get_more_records:packet length too long:C:\\workspace\\node-compile-windows\\node\\deps\\openssl\\openssl\\ssl\\record\\methods\\tls_common.c:663:\n  ] {\n    library: 'SSL routines',\n    reason: 'packet length too long',\n    code: 'ERR_SSL_PACKET_LENGTH_TOO_LONG'\n  }\n}\n\nNode.js v22.22.1-pre"},"time":512.036,"fullname":"parallel/test-inspector-network-fetch","closingTestPoint":false}}]}