{"failedTests":[{"testName":"parallel/test-esm-loader-hooks-inspect-wait","timestamp":1771414508719,"status":"FAILED","jobName":"node-test-binary-windows-js-suites","config":"node-test-binary-windows-js-suites Â» 1,win2019-COMPILED_BY-vs2022_clang #38777","buildUrl":"https://ci.nodejs.org/job/node-test-binary-windows-js-suites/RUN_SUBSET=1,nodes=win2019-COMPILED_BY-vs2022_clang/38777/","buildNumber":38777,"builtOn":"test-rackspace-win2019_vs2019-x64-4","nodeVersion":"26.0.0","commitHash":"911e04c946b85b4c42cb77c5c5c0d282125e201e","callStack":[{"upstreamBuild":75159,"upstreamProject":"node-test-commit-windows-fanned","upstreamUrl":"job/node-test-commit-windows-fanned/"},{"upstreamBuild":85472,"upstreamProject":"node-test-commit","upstreamUrl":"job/node-test-commit/"},{"upstreamBuild":71348,"upstreamProject":"node-test-pull-request","upstreamUrl":"job/node-test-pull-request/"},{"prId":"61833"}],"tap":{"ok":false,"name":"parallel/test-esm-loader-hooks-inspect-wait","id":349,"buffered":false,"tapError":null,"skip":false,"todo":false,"previous":null,"plan":null,"diag":{"severity":"fail","exitcode":1,"stack":"[test] Connecting to a child Node process\n[test] Testing /json/list\n[err] Debugger listening on ws://127.0.0.1:63521/4b557395-a77c-4e44-ae40-d0ae9f7dceb8\n[err] \n[err] For help, see: https://nodejs.org/en/docs/inspector\n[err] \n[err] Debugger attached.\n[err] \n[err] ESM 7216: Translating StandardModule file:///C:/workspace/node-test-binary-windows-js-suites/node/test/fixtures/es-module-loaders/register-loader.mjs [Object: null prototype] {\n[err]   format: 'module',\n[err]   responseURL: 'file:///C:/workspace/node-test-binary-windows-js-suites/node/test/fixtures/es-module-loaders/register-loader.mjs',\n[err]   source: <Buffer 69 6d 70 6f 72 74 20 7b 20 72 65 67 69 73 74 65 72 20 7d 20 66 72 6f 6d 20 27 6e 6f 64 65 3a 6d 6f 64 75 6c 65 27 3b 0d 0a 69 6d 70 6f 72 74 20 66 69 ... 124 more bytes>,\n[err]   shouldBeReloadedByCJSLoader: false,\n[err]   translatorKey: 'module'\n[err] }\n[err] \n[err] ESM 7216: Storing file:///C:/workspace/node-test-binary-windows-js-suites/node/test/fixtures/es-module-loaders/register-loader.mjs (implicit type) in ModuleLoadMap\n[err] \n[err] ESM 7216: Translating BuiltinModule node:module [Object: null prototype] {\n[err]   format: 'builtin',\n[err]   responseURL: 'node:module',\n[err]   source: null,\n[err]   shouldBeReloadedByCJSLoader: false,\n[err]   translatorKey: 'builtin'\n[err] }\n[err] \n[err] ESM 7216: Loading BuiltinModule node:module\n[err] \n[err] ESM 7216: Storing node:module (implicit type) in ModuleLoadMap\n[err] \n[err] ESM 7216: Storing node:module (implicit type) in ModuleLoadMap\n[err] \n[err] ESM 7216: ModuleJobBase.syncLink() file:///C:/workspace/node-test-binary-windows-js-suites/node/test/fixtures/es-module-loaders/register-loader.mjs -> node:module ModuleJob {\n[err]   loader: ModuleLoader {\n[err]     loadCache: LoadCache(2) [Map] {\n[err]       'file:///C:/workspace/node-test-binary-windows-js-suites/node/test/fixtures/es-module-loaders/register-loader.mjs' => [Object: null prototype],\n[err]       'node:module' => [Object: null prototype]\n[err]     },\n[err]     translators: SafeMap(11) {\n[err]       'module' => [Function: moduleStrategy],\n[err]       'commonjs-sync' => [Function: requireCommonJS],\n[err]       'require-commonjs' => [Function (anonymous)],\n[err]       'require-commonjs-typescript' => [Function (anonymous)],\n[err]       'commonjs' => [Function: commonjsStrategy],\n[err]       'builtin' => [Function: builtinStrategy],\n[err]       'json' => [Function: jsonStrategy],\n[err]       'wasm' => [Function (anonymous)],\n[err]       'addon' => [Function: translateAddon],\n[err]       'commonjs-typescript' => [Function (anonymous)],\n[err]       'module-typescript' => [Function (anonymous)]\n[err]     },\n[err]     isForAsyncLoaderHookWorker: false\n[err]   },\n[err]   importAttributes: [Object: null prototype] {},\n[err]   phase: 2,\n[err]   isMain: false,\n[err]   inspectBrk: false,\n[err]   url: 'node:module',\n[err]   module: ModuleWrap { synthetic: true, url: 'node:module' },\n[err]   modulePromise: Promise { ModuleWrap { synthetic: true, url: 'node:module' } },\n[err]   commonJsDeps: [],\n[err]   linked: [],\n[err]   instantiated: undefined\n[err] }\n[err] \n[err] ESM 7216: Translating CJSModule file:///C:/workspace/node-test-binary-windows-js-suites/node/test/common/fixtures.js [Object: null prototype] {\n[err]   format: 'commonjs',\n[err]   responseURL: 'file:///C:/workspace/node-test-binary-windows-js-suites/node/test/common/fixtures.js',\n[err]   source: <Buffer 27 75 73 65 20 73 74 72 69 63 74 27 3b 0d 0a 0d 0a 63 6f 6e 73 74 20 70 61 74 68 20 3d 20 72 65 71 75 69 72 65 28 27 70 61 74 68 27 29 3b 0d 0a 63 6f ... 2721 more bytes>,\n[err]   shouldBeReloadedByCJSLoader: true,\n[err]   translatorKey: 'commonjs'\n[err] }\n[err] \n[err] ESM 7216: Preparsing exports of C:\\workspace\\node-test-binary-windows-js-suites\\node\\test\\common\\fixtures.js\n[err] \n[err] ESM 7216: Storing file:///C:/workspace/node-test-binary-windows-js-suites/node/test/common/fixtures.js (implicit type) in ModuleLoadMap\n[err] \n[err] ESM 7216: Storing file:///C:/workspace/node-test-binary-windows-js-suites/node/test/common/fixtures.js (implicit type) in ModuleLoadMap\n[err] \n[err] ESM 7216: ModuleJobBase.syncLink() file:///C:/workspace/node-test-binary-windows-js-suites/node/test/fixtures/es-module-loaders/register-loader.mjs -> ../../common/fixtures.js ModuleJob {\n[err]   loader: ModuleLoader {\n[err]     loadCache: LoadCache(3) [Map] {\n[err]       'file:///C:/workspace/node-test-binary-windows-js-suites/node/test/fixtures/es-module-loaders/register-loader.mjs' => [Object: null prototype],\n[err]       'node:module' => [Object: null prototype],\n[err]       'file:///C:/workspace/node-test-binary-windows-js-suites/node/test/common/fixtures.js' => [Object: null prototype]\n[err]     },\n[err]     translators: SafeMap(11) {\n[err]       'module' => [Function: moduleStrategy],\n[err]       'commonjs-sync' => [Function: requireCommonJS],\n[err]       'require-commonjs' => [Function (anonymous)],\n[err]       'require-commonjs-typescript' => [Function (anonymous)],\n[err]       'commonjs' => [Function: commonjsStrategy],\n[err]       'builtin' => [Function: builtinStrategy],\n[err]       'json' => [Function: jsonStrategy],\n[err]       'wasm' => [Function (anonymous)],\n[err]       'addon' => [Function: translateAddon],\n[err]       'commonjs-typescript' => [Function (anonymous)],\n[err]       'module-typescript' => [Function (anonymous)]\n[err]     },\n[err]     isForAsyncLoaderHookWorker: false\n[err]   },\n[err]   importAttributes: [Object: null prototype] {},\n[err]   phase: 2,\n[err]   isMain: false,\n[err]   inspectBrk: false,\n[err]   url: 'file:///C:/workspace/node-test-binary-windows-js-suites/node/test/common/fixtures.js',\n[err]   module: ModuleWrap {\n[err]     synthetic: true,\n[err]     url: 'file:///C:/workspace/node-test-binary-windows-js-suites/node/test/common/fixtures.js',\n[err]     isCommonJS: true,\n[err]     Symbol(imported_cjs_symbol): {\n[err]       id: 'C:\\\\workspace\\\\node-test-binary-windows-js-suites\\\\node\\\\test\\\\common\\\\fixtures.js',\n[err]       path: 'C:\\\\workspace\\\\node-test-binary-windows-js-suites\\\\node\\\\test\\\\common',\n[err]       exports: {},\n[err]       filename: 'C:\\\\workspace\\\\node-test-binary-windows-js-suites\\\\node\\\\test\\\\common\\\\fixtures.js',\n[err]       loaded: false,\n[err]       children: [],\n[err]       paths: [Array],\n[err]       Symbol(kIsCachedByESMLoader): true\n[err]     }\n[err]   },\n[err]   modulePromise: Promise {\n[err]     ModuleWrap {\n[err]       synthetic: true,\n[err]       url: 'file:///C:/workspace/node-test-binary-windows-js-suites/node/test/common/fixtures.js',\n[err]       isCommonJS: true,\n[err]       Symbol(imported_cjs_symbol): [Object]\n[err]     }\n[err]   },\n[err]   commonJsDeps: [],\n[err]   linked: [],\n[err]   instantiated: undefined\n[err] }\n[err] \n[err] ESM 7216: Storing file:///C:/workspace/node-test-binary-windows-js-suites/node/test/fixtures/es-module-loaders/register-loader.mjs (implicit type) in ModuleLoadMap\n[err] ESM 7216: ModuleJob.run() ModuleWrap {\n[err]   hasTopLevelAwait: false,\n[err]   sourceURL: undefined,\n[err]   sourceMapURL: undefined,\n[err]   synthetic: false,\n[err]   url: 'file:///C:/workspace/node-test-binary-windows-js-suites/node/test/fixtures/es-module-loaders/register-loader.mjs',\n[err]   isMain: true\n[err] }\n[err] ESM 7216: async addJobsToDependencyGraph() file:///C:/workspace/node-test-binary-windows-js-suites/node/test/fixtures/es-module-loaders/register-loader.mjs ModuleJob {\n[err]   loader: ModuleLoader {\n[err]     loadCache: LoadCache(3) [Map] {\n[err]       'file:///C:/workspace/node-test-binary-windows-js-suites/node/test/fixtures/es-module-loaders/register-loader.mjs' => [Object: null prototype],\n[err]       'node:module' => [Object: null prototype],\n[err]       'file:///C:/workspace/node-test-binary-windows-js-suites/node/test/common/fixtures.js' => [Object: null prototype]\n[err]     },\n[err]     translators: SafeMap(11) {\n[err]       'module' => [Function: moduleStrategy],\n[err]       'commonjs-sync' => [Function: requireCommonJS],\n[err]       'require-commonjs' => [Function (anonymous)],\n[err]       'require-commonjs-typescript' => [Function (anonymous)],\n[err]       'commonjs' => [Function: commonjsStrategy],\n[err]       'builtin' => [Function: builtinStrategy],\n[err]       'json' => [Function: jsonStrategy],\n[err]       'wasm' => [Function (anonymous)],\n[err]       'addon' => [Function: translateAddon],\n[err]       'commonjs-typescript' => [Function (anonymous)],\n[err]       'module-typescript' => [Function (anonymous)]\n[err]     },\n[err]     isForAsyncLoaderHookWorker: false\n[err]   },\n[err]   importAttributes: [Object: null prototype] {},\n[err]   phase: 2,\n[err]   isMain: true,\n[err]   inspectBrk: false,\n[err]   url: 'file:///C:/workspace/node-test-binary-windows-js-suites/node/test/fixtures/es-module-loaders/register-loader.mjs',\n[err]   module: ModuleWrap {\n[err]     hasTopLevelAwait: false,\n[err]     sourceURL: undefined,\n[err]     sourceMapURL: undefined,\n[err]     synthetic: false,\n[err]     url: 'file:///C:/workspace/node-test-binary-windows-js-suites/node/test/fixtures/es-module-loaders/register-loader.mjs',\n[err]     isMain: true\n[err]   },\n[err]   modulePromise: Promise {\n[err]     ModuleWrap {\n[err]       hasTopLevelAwait: false,\n[err]       sourceURL: undefined,\n[err]       sourceMapURL: undefined,\n[err]       synthetic: false,\n[err]       url: 'file:///C:/workspace/node-test-binary-windows-js-suites/node/test/fixtures/es-module-loaders/register-loader.mjs',\n[err]       isMain: true\n[err]     }\n[err]   },\n[err]   commonJsDeps: [ undefined, true ],\n[err]   linked: [\n[err]     ModuleJob {\n[err]       loader: [ModuleLoader],\n[err]       importAttributes: [Object: null prototype] {},\n[err]       phase: 2,\n[err]       isMain: false,\n[err]       inspectBrk: false,\n[err]       url: 'node:module',\n[err]       module: [ModuleWrap],\n[err]       modulePromise: [Promise],\n[err]       commonJsDeps: [],\n[err]       linked: [],\n[err]       instantiated: undefined\n[err]     },\n[err]     ModuleJob {\n[err]       loader: [ModuleLoader],\n[err]       importAttributes: [Object: null prototype] {},\n[err]       phase: 2,\n[err]       isMain: false,\n[err]       inspectBrk: false,\n[err]       url: 'file:///C:/workspace/node-test-binary-windows-js-suites/node/test/common/fixtures.js',\n[err]       module: [ModuleWrap],\n[err]       modulePromise: [Promise],\n[err]       commonJsDeps: [],\n[err]       linked: [],\n[err]       instantiated: undefined\n[err]     }\n[err]   ],\n[err]   instantiated: undefined\n[err] }\n[err] ESM 7216: async addJobsToDependencyGraph() file:///C:/workspace/node-test-binary-windows-js-suites/node/test/fixtures/es-module-loaders/register-loader.mjs ModuleJob {\n[err]   loader: ModuleLoader {\n[err]     loadCache: LoadCache(3) [Map] {\n[err]       'file:///C:/workspace/node-test-binary-windows-js-suites/node/test/fixtures/es-module-loaders/register-loader.mjs' => [Object: null prototype],\n[err]       'node:module' => [Object: null prototype],\n[err]       'file:///C:/workspace/node-test-binary-windows-js-suites/node/test/common/fixtures.js' => [Object: null prototype]\n[err]     },\n[err]     translators: SafeMap(11) {\n[err]       'module' => [Function: moduleStrategy],\n[err]       'commonjs-sync' => [Function: requireCommonJS],\n[err]       'require-commonjs' => [Function (anonymous)],\n[err]       'require-commonjs-typescript' => [Function (anonymous)],\n[err]       'commonjs' => [Function: commonjsStrategy],\n[err]       'builtin' => [Function: builtinStrategy],\n[err]       'json' => [Function: jsonStrategy],\n[err]       'wasm' => [Function (anonymous)],\n[err]       'addon' => [Function: translateAddon],\n[err]       'commonjs-typescript' => [Function (anonymous)],\n[err]       'module-typescript' => [Function (anonymous)]\n[err]     },\n[err]     isForAsyncLoaderHookWorker: false\n[err]   },\n[err]   importAttributes: [Object: null prototype] {},\n[err]   phase: 2,\n[err]   isMain: false,\n[err]   inspectBrk: false,\n[err]   url: 'node:module',\n[err]   module: ModuleWrap { synthetic: true, url: 'node:module' },\n[err]   modulePromise: Promise { ModuleWrap { synthetic: true, url: 'node:module' } },\n[err]   commonJsDeps: [],\n[err]   linked: [],\n[err]   instantiated: undefined\n[err] }\n[err] \n[err] ESM 7216: async addJobsToDependencyGraph() file:///C:/workspace/node-test-binary-windows-js-suites/node/test/fixtures/es-module-loaders/register-loader.mjs ModuleJob {\n[err]   loader: ModuleLoader {\n[err]     loadCache: LoadCache(3) [Map] {\n[err]       'file:///C:/workspace/node-test-binary-windows-js-suites/node/test/fixtures/es-module-loaders/register-loader.mjs' => [Object: null prototype],\n[err]       'node:module' => [Object: null prototype],\n[err]       'file:///C:/workspace/node-test-binary-windows-js-suites/node/test/common/fixtures.js' => [Object: null prototype]\n[err]     },\n[err]     translators: SafeMap(11) {\n[err]       'module' => [Function: moduleStrategy],\n[err]       'commonjs-sync' => [Function: requireCommonJS],\n[err]       'require-commonjs' => [Function (anonymous)],\n[err]       'require-commonjs-typescript' => [Function (anonymous)],\n[err]       'commonjs' => [Function: commonjsStrategy],\n[err]       'builtin' => [Function: builtinStrategy],\n[err]       'json' => [Function: jsonStrategy],\n[err]       'wasm' => [Function (anonymous)],\n[err]       'addon' => [Function: translateAddon],\n[err]       'commonjs-typescript' => [Function (anonymous)],\n[err]       'module-typescript' => [Function (anonymous)]\n[err]     },\n[err]     isForAsyncLoaderHookWorker: false\n[err]   },\n[err]   importAttributes: [Object: null prototype] {},\n[err]   phase: 2,\n[err]   isMain: false,\n[err]   inspectBrk: false,\n[err]   url: 'file:///C:/workspace/node-test-binary-windows-js-suites/node/test/common/fixtures.js',\n[err]   module: ModuleWrap {\n[err]     synthetic: true,\n[err]     url: 'file:///C:/workspace/node-test-binary-windows-js-suites/node/test/common/fixtures.js',\n[err]     isCommonJS: true,\n[err]     Symbol(imported_cjs_symbol): {\n[err]       id: 'C:\\\\workspace\\\\node-test-binary-windows-js-suites\\\\node\\\\test\\\\common\\\\fixtures.js',\n[err]       path: 'C:\\\\workspace\\\\node-test-binary-windows-js-suites\\\\node\\\\test\\\\common',\n[err]       exports: {},\n[err]       filename: 'C:\\\\workspace\\\\node-test-binary-windows-js-suites\\\\node\\\\test\\\\common\\\\fixtures.js',\n[err]       loaded: false,\n[err]       children: [],\n[err]       paths: [Array],\n[err]       Symbol(kIsCachedByESMLoader): true\n[err]     }\n[err]   },\n[err]   modulePromise: Promise {\n[err]     ModuleWrap {\n[err]       synthetic: true,\n[err]       url: 'file:///C:/workspace/node-test-binary-windows-js-suites/node/test/common/fixtures.js',\n[err]       isCommonJS: true,\n[err]       Symbol(imported_cjs_symbol): [Object]\n[err]     }\n[err]   },\n[err]   commonJsDeps: [],\n[err]   linked: [],\n[err]   instantiated: undefined\n[err] }\n[err] ESM 7216: Loading CJSModule file:///C:/workspace/node-test-binary-windows-js-suites/node/test/common/fixtures.js\n[err] \n[err] ASYNC_LOADER_WORKER 7216: wait for signal from worker\n[err] \n[err] ASYNC_LOADER_WORKER 7216: post sync message to worker {\n[err]   method: 'register',\n[err]   args: [\n[err]     'file:///C:/workspace/node-test-binary-windows-js-suites/node/test/fixtures/es-module-loaders/loader-resolve-passthru.mjs',\n[err]     'data:',\n[err]     undefined,\n[err]     undefined\n[err]   ],\n[err]   transferList: undefined\n[err] }\n[err] \n[err] ASYNC_LOADER_WORKER 7216: wait for sync response from worker {\n[err]   method: 'register',\n[err]   args: [\n[err]     'file:///C:/workspace/node-test-binary-windows-js-suites/node/test/fixtures/es-module-loaders/loader-resolve-passthru.mjs',\n[err]     'data:',\n[err]     undefined,\n[err]     undefined\n[err]   ]\n[err] }\n[err] ASYNC_LOADER_WORKER 7216: got sync message from worker {\n[err]   method: 'register',\n[err]   args: [\n[err]     'file:///C:/workspace/node-test-binary-windows-js-suites/node/test/fixtures/es-module-loaders/loader-resolve-passthru.mjs',\n[err]     'data:',\n[err]     undefined,\n[err]     undefined\n[err]   ],\n[err]   response: undefined\n[err] }\n[err] ASYNC_LOADER_WORKER 7216: wait for sync response from worker {\n[err]   method: 'register',\n[err]   args: [\n[err]     'file:///C:/workspace/node-test-binary-windows-js-suites/node/test/fixtures/es-module-loaders/loader-resolve-passthru.mjs',\n[err]     'data:',\n[err]     undefined,\n[err]     undefined\n[err]   ]\n[err] }\n[err] \n[err] ASYNC_LOADER_WORKER 7216: got sync message from worker {\n[err]   method: 'register',\n[err]   args: [\n[err]     'file:///C:/workspace/node-test-binary-windows-js-suites/node/test/fixtures/es-module-loaders/loader-resolve-passthru.mjs',\n[err]     'data:',\n[err]     undefined,\n[err]     undefined\n[err]   ],\n[err]   response: { message: { status: 'success', body: undefined } }\n[err] }\n[err] \n[err] ESM 7216: Storing file:///C:/workspace/node-test-binary-windows-js-suites/node/test/fixtures/es-module-loaders/loader-resolve-passthru.mjs (implicit type) in ModuleLoadMap\n[err] \n[err] ESM 7216: ModuleJob.run() undefined\n[err] \n[err] ESM 7216: async addJobsToDependencyGraph() file:///C:/workspace/node-test-binary-windows-js-suites/node/test/fixtures/es-module-loaders/loader-resolve-passthru.mjs ModuleJob {\n[err]   loader: ModuleLoader {\n[err]     loadCache: LoadCache(1) [Map] {\n[err]       'file:///C:/workspace/node-test-binary-windows-js-suites/node/test/fixtures/es-module-loaders/loader-resolve-passthru.mjs' => [Object: null prototype]\n[err]     },\n[err]     translators: SafeMap(11) {\n[err]       'module' => [Function: moduleStrategy],\n[err]       'commonjs-sync' => [Function: requireCommonJS],\n[err]       'require-commonjs' => [Function (anonymous)],\n[err]       'require-commonjs-typescript' => [Function (anonymous)],\n[err]       'commonjs' => [Function: commonjsStrategy],\n[err]       'builtin' => [Function: builtinStrategy],\n[err]       'json' => [Function: jsonStrategy],\n[err]       'wasm' => [Function (anonymous)],\n[err]       'addon' => [Function: translateAddon],\n[err]       'commonjs-typescript' => [Function (anonymous)],\n[err]       'module-typescript' => [Function (anonymous)]\n[err]     },\n[err]     isForAsyncLoaderHookWorker: true\n[err]   },\n[err]   importAttributes: [Object: null prototype] {},\n[err]   phase: 2,\n[err]   isMain: false,\n[err]   inspectBrk: false,\n[err]   url: 'file:///C:/workspace/node-test-binary-windows-js-suites/node/test/fixtures/es-module-loaders/loader-resolve-passthru.mjs',\n[err]   modulePromise: Promise { <pending> },\n[err]   linked: Promise { <pending> },\n[err]   instantiated: undefined\n[err] }\n[err] ESM 7216: Translating StandardModule file:///C:/workspace/node-test-binary-windows-js-suites/node/test/fixtures/es-module-loaders/loader-resolve-passthru.mjs [Object: null prototype] {\n[err]   format: 'module',\n[err]   responseURL: 'file:///C:/workspace/node-test-binary-windows-js-suites/node/test/fixtures/es-module-loaders/loader-resolve-passthru.mjs',\n[err]   source: <Buffer 69 6d 70 6f 72 74 20 7b 20 77 72 69 74 65 53 79 6e 63 20 7d 20 66 72 6f 6d 20 27 6e 6f 64 65 3a 66 73 27 3b 0d 0a 0d 0a 65 78 70 6f 72 74 20 61 73 79 ... 529 more bytes>,\n[err]   translatorKey: 'module'\n[err] }\n[err] ESM 7216: Storing node:fs (implicit type) in ModuleLoadMap\n[err] ESM 7216: ModuleJob.asyncLink() file:///C:/workspace/node-test-binary-windows-js-suites/node/test/fixtures/es-module-loaders/loader-resolve-passthru.mjs -> node:fs ModuleJob {\n[err]   loader: ModuleLoader {\n[err]     loadCache: LoadCache(2) [Map] {\n[err]       'file:///C:/workspace/node-test-binary-windows-js-suites/node/test/fixtures/es-module-loaders/loader-resolve-passthru.mjs' => [Object: null prototype],\n[err]       'node:fs' => [Object: null prototype]\n[err]     },\n[err]     translators: SafeMap(11) {\n[err]       'module' => [Function: moduleStrategy],\n[err]       'commonjs-sync' => [Function: requireCommonJS],\n[err]       'require-commonjs' => [Function (anonymous)],\n[err]       'require-commonjs-typescript' => [Function (anonymous)],\n[err]       'commonjs' => [Function: commonjsStrategy],\n[err]       'builtin' => [Function: builtinStrategy],\n[err]       'json' => [Function: jsonStrategy],\n[err]       'wasm' => [Function (anonymous)],\n[err]       'addon' => [Function: translateAddon],\n[err]       'commonjs-typescript' => [Function (anonymous)],\n[err]       'module-typescript' => [Function (anonymous)]\n[err]     },\n[err]     isForAsyncLoaderHookWorker: true\n[err]   },\n[err]   importAttributes: [Object: null prototype] {},\n[err]   phase: 2,\n[err]   isMain: false,\n[err]   inspectBrk: false,\n[err]   url: 'node:fs',\n[err]   modulePromise: Promise { <pending> },\n[err]   linked: Promise { <pending> },\n[err]   instantiated: undefined\n[err] }\n[err] ESM 7216: Translating BuiltinModule node:fs [Object: null prototype] {\n[err]   format: 'builtin',\n[err]   responseURL: 'node:fs',\n[err]   source: null,\n[err]   translatorKey: 'builtin'\n[err] }\n[err] ESM 7216: Loading BuiltinModule node:fs\n[err] ESM 7216: async addJobsToDependencyGraph() file:///C:/workspace/node-test-binary-windows-js-suites/node/test/fixtures/es-module-loaders/loader-resolve-passthru.mjs ModuleJob {\n[err]   loader: ModuleLoader {\n[err]     loadCache: LoadCache(2) [Map] {\n[err]       'file:///C:/workspace/node-test-binary-windows-js-suites/node/test/fixtures/es-module-loaders/loader-resolve-passthru.mjs' => [Object: null prototype],\n[err]       'node:fs' => [Object: null prototype]\n[err]     },\n[err]     translators: SafeMap(11) {\n[err]       'module' => [Function: moduleStrategy],\n[err]       'commonjs-sync' => [Function: requireCommonJS],\n[err]       'require-commonjs' => [Function (anonymous)],\n[err]       'require-commonjs-typescript' => [Function (anonymous)],\n[err]       'commonjs' => [Function: commonjsStrategy],\n[err]       'builtin' => [Function: builtinStrategy],\n[err]       'json' => [Function: jsonStrategy],\n[err]       'wasm' => [Function (anonymous)],\n[err]       'addon' => [Function: translateAddon],\n[err]       'commonjs-typescript' => [Function (anonymous)],\n[err]       'module-typescript' => [Function (anonymous)]\n[err]     },\n[err]     isForAsyncLoaderHookWorker: true\n[err]   },\n[err]   importAttributes: [Object: null prototype] {},\n[err]   phase: 2,\n[err]   isMain: false,\n[err]   inspectBrk: false,\n[err]   url: 'node:fs',\n[err]   modulePromise: Promise { ModuleWrap { synthetic: true, url: 'node:fs' } },\n[err]   linked: Promise { [] },\n[err]   instantiated: undefined,\n[err]   module: ModuleWrap { synthetic: true, url: 'node:fs' },\n[err]   commonJsDeps: []\n[err] }\n[err] \n[err] Waiting for the debugger to disconnect...\n[err] \nAssertionError [ERR_ASSERTION]: Expected values to be strictly deep-equal:\n+ actual - expected\n\n  {\n+   exitCode: 3221225477,\n-   exitCode: 0,\n    signal: null\n  }\n\n    at runTest (C:\\workspace\\node-test-binary-windows-js-suites\\node\\test\\parallel\\test-esm-loader-hooks-inspect-wait.js:29:10)\n    at process.processTicksAndRejections (node:internal/process/task_queues:104:5) {\n  generatedMessage: true,\n  code: 'ERR_ASSERTION',\n  actual: [Object],\n  expected: [Object],\n  operator: 'deepStrictEqual',\n  diff: 'simple'\n}\n1"},"time":1134.833,"fullname":"parallel/test-esm-loader-hooks-inspect-wait","closingTestPoint":false}}]}