{"failedTests":[{"testName":"parallel/test-http-header-obstext","timestamp":1771426257374,"status":"FAILED","jobName":"node-test-binary-windows-js-suites","config":"node-test-binary-windows-js-suites » 3,win11-arm64-COMPILED_BY-vs2022_clang-arm64 #38784","buildUrl":"https://ci.nodejs.org/job/node-test-binary-windows-js-suites/RUN_SUBSET=3,nodes=win11-arm64-COMPILED_BY-vs2022_clang-arm64/38784/","buildNumber":38784,"builtOn":"test-azure_msft-win11_vs2022-arm64-3","nodeVersion":"26.0.0","commitHash":"6a25a76777230ac65bf5ea2203a78dc2b0d5188c","callStack":[{"upstreamBuild":75165,"upstreamProject":"node-test-commit-windows-fanned","upstreamUrl":"job/node-test-commit-windows-fanned/"},{"upstreamBuild":85479,"upstreamProject":"node-test-commit","upstreamUrl":"job/node-test-commit/"},{"upstreamBuild":71354,"upstreamProject":"node-test-pull-request","upstreamUrl":"job/node-test-pull-request/"},{"prId":"61829"}],"tap":{"ok":false,"name":"parallel/test-http-header-obstext","id":482,"buffered":false,"tapError":null,"skip":false,"todo":false,"previous":null,"plan":null,"diag":{"severity":"fail","exitcode":3221226505,"stack":""},"time":363.001,"fullname":"parallel/test-http-header-obstext","closingTestPoint":false}},{"testName":"parallel/test-net-socket-write-after-close","timestamp":1771426257374,"status":"FAILED","jobName":"node-test-binary-windows-js-suites","config":"node-test-binary-windows-js-suites » 1,win2019-COMPILED_BY-vs2022_clang #38784","buildUrl":"https://ci.nodejs.org/job/node-test-binary-windows-js-suites/RUN_SUBSET=1,nodes=win2019-COMPILED_BY-vs2022_clang/38784/","buildNumber":38784,"builtOn":"test-rackspace-win2019_vs2019-x64-4","nodeVersion":"26.0.0","commitHash":"6a25a76777230ac65bf5ea2203a78dc2b0d5188c","callStack":[{"upstreamBuild":75165,"upstreamProject":"node-test-commit-windows-fanned","upstreamUrl":"job/node-test-commit-windows-fanned/"},{"upstreamBuild":85479,"upstreamProject":"node-test-commit","upstreamUrl":"job/node-test-commit/"},{"upstreamBuild":71354,"upstreamProject":"node-test-pull-request","upstreamUrl":"job/node-test-pull-request/"},{"prId":"61829"}],"tap":{"ok":false,"name":"parallel/test-net-socket-write-after-close","id":705,"buffered":false,"tapError":null,"skip":false,"todo":false,"previous":null,"plan":null,"diag":{"severity":"fail","exitcode":1,"stack":"node:internal/assert/utils:146\n  throw error;\n  ^\n\nAssertionError [ERR_ASSERTION]: Expected values to be strictly equal:\n+ actual - expected\n\n+ 'write EPIPE'\n- 'write EBADF'\n          ^\n\n    at Socket.<anonymous> (C:\\workspace\\node-test-binary-windows-js-suites\\node\\test\\parallel\\test-net-socket-write-after-close.js:15:16)\n    at Socket.<anonymous> (C:\\workspace\\node-test-binary-windows-js-suites\\node\\test\\common\\index.js:507:15)\n    at Socket.emit (node:events:508:20)\n    at emitErrorNT (node:internal/streams/destroy:170:8)\n    at emitErrorCloseNT (node:internal/streams/destroy:129:3)\n    at process.processTicksAndRejections (node:internal/process/task_queues:90:21) {\n  generatedMessage: true,\n  code: 'ERR_ASSERTION',\n  actual: 'write EPIPE',\n  expected: 'write EBADF',\n  operator: 'strictEqual',\n  diff: 'simple'\n}\n\nNode.js v26.0.0-pre"},"time":513.002,"fullname":"parallel/test-net-socket-write-after-close","closingTestPoint":false}},{"testName":"parallel/test-net-socket-write-after-close","timestamp":1771426257374,"status":"FAILED","jobName":"node-test-binary-windows-js-suites","config":"node-test-binary-windows-js-suites » 1,win11-COMPILED_BY-vs2022_clang #38784","buildUrl":"https://ci.nodejs.org/job/node-test-binary-windows-js-suites/RUN_SUBSET=1,nodes=win11-COMPILED_BY-vs2022_clang/38784/","buildNumber":38784,"builtOn":"test-azure_msft-win11_vs2022-x64-3","nodeVersion":"26.0.0","commitHash":"6a25a76777230ac65bf5ea2203a78dc2b0d5188c","callStack":[{"upstreamBuild":75165,"upstreamProject":"node-test-commit-windows-fanned","upstreamUrl":"job/node-test-commit-windows-fanned/"},{"upstreamBuild":85479,"upstreamProject":"node-test-commit","upstreamUrl":"job/node-test-commit/"},{"upstreamBuild":71354,"upstreamProject":"node-test-pull-request","upstreamUrl":"job/node-test-pull-request/"},{"prId":"61829"}],"tap":{"ok":false,"name":"parallel/test-net-socket-write-after-close","id":706,"buffered":false,"tapError":null,"skip":false,"todo":false,"previous":null,"plan":null,"diag":{"severity":"fail","exitcode":1,"stack":"node:internal/assert/utils:146\n  throw error;\n  ^\n\nAssertionError [ERR_ASSERTION]: Expected values to be strictly equal:\n+ actual - expected\n\n+ 'write EPIPE'\n- 'write EBADF'\n          ^\n\n    at Socket.<anonymous> (c:\\workspace\\node-test-binary-windows-js-suites\\node\\test\\parallel\\test-net-socket-write-after-close.js:15:16)\n    at Socket.<anonymous> (c:\\workspace\\node-test-binary-windows-js-suites\\node\\test\\common\\index.js:507:15)\n    at Socket.emit (node:events:508:20)\n    at emitErrorNT (node:internal/streams/destroy:170:8)\n    at emitErrorCloseNT (node:internal/streams/destroy:129:3)\n    at process.processTicksAndRejections (node:internal/process/task_queues:90:21) {\n  generatedMessage: true,\n  code: 'ERR_ASSERTION',\n  actual: 'write EPIPE',\n  expected: 'write EBADF',\n  operator: 'strictEqual',\n  diff: 'simple'\n}\n\nNode.js v26.0.0-pre"},"time":247.131,"fullname":"parallel/test-net-socket-write-after-close","closingTestPoint":false}},{"testName":"parallel/test-net-socket-write-after-close","timestamp":1771426257374,"status":"FAILED","jobName":"node-test-binary-windows-js-suites","config":"node-test-binary-windows-js-suites » 1,win10-COMPILED_BY-vs2022_clang #38784","buildUrl":"https://ci.nodejs.org/job/node-test-binary-windows-js-suites/RUN_SUBSET=1,nodes=win10-COMPILED_BY-vs2022_clang/38784/","buildNumber":38784,"builtOn":"test-azure_msft-win10_vs2019-x64-2","nodeVersion":"26.0.0","commitHash":"6a25a76777230ac65bf5ea2203a78dc2b0d5188c","callStack":[{"upstreamBuild":75165,"upstreamProject":"node-test-commit-windows-fanned","upstreamUrl":"job/node-test-commit-windows-fanned/"},{"upstreamBuild":85479,"upstreamProject":"node-test-commit","upstreamUrl":"job/node-test-commit/"},{"upstreamBuild":71354,"upstreamProject":"node-test-pull-request","upstreamUrl":"job/node-test-pull-request/"},{"prId":"61829"}],"tap":{"ok":false,"name":"parallel/test-net-socket-write-after-close","id":706,"buffered":false,"tapError":null,"skip":false,"todo":false,"previous":null,"plan":null,"diag":{"severity":"fail","exitcode":1,"stack":"node:internal/assert/utils:146\n  throw error;\n  ^\n\nAssertionError [ERR_ASSERTION]: Expected values to be strictly equal:\n+ actual - expected\n\n+ 'write EPIPE'\n- 'write EBADF'\n          ^\n\n    at Socket.<anonymous> (c:\\workspace\\node-test-binary-windows-js-suites\\node\\test\\parallel\\test-net-socket-write-after-close.js:15:16)\n    at Socket.<anonymous> (c:\\workspace\\node-test-binary-windows-js-suites\\node\\test\\common\\index.js:507:15)\n    at Socket.emit (node:events:508:20)\n    at emitErrorNT (node:internal/streams/destroy:170:8)\n    at emitErrorCloseNT (node:internal/streams/destroy:129:3)\n    at process.processTicksAndRejections (node:internal/process/task_queues:90:21) {\n  generatedMessage: true,\n  code: 'ERR_ASSERTION',\n  actual: 'write EPIPE',\n  expected: 'write EBADF',\n  operator: 'strictEqual',\n  diff: 'simple'\n}\n\nNode.js v26.0.0-pre"},"time":265,"fullname":"parallel/test-net-socket-write-after-close","closingTestPoint":false}},{"testName":"parallel/test-net-socket-write-after-close","timestamp":1771426257374,"status":"FAILED","jobName":"node-test-binary-windows-js-suites","config":"node-test-binary-windows-js-suites » 1,win2022-COMPILED_BY-vs2022_clang #38784","buildUrl":"https://ci.nodejs.org/job/node-test-binary-windows-js-suites/RUN_SUBSET=1,nodes=win2022-COMPILED_BY-vs2022_clang/38784/","buildNumber":38784,"builtOn":"test-rackspace-win2022_vs2022-x64-6","nodeVersion":"26.0.0","commitHash":"6a25a76777230ac65bf5ea2203a78dc2b0d5188c","callStack":[{"upstreamBuild":75165,"upstreamProject":"node-test-commit-windows-fanned","upstreamUrl":"job/node-test-commit-windows-fanned/"},{"upstreamBuild":85479,"upstreamProject":"node-test-commit","upstreamUrl":"job/node-test-commit/"},{"upstreamBuild":71354,"upstreamProject":"node-test-pull-request","upstreamUrl":"job/node-test-pull-request/"},{"prId":"61829"}],"tap":{"ok":false,"name":"parallel/test-net-socket-write-after-close","id":704,"buffered":false,"tapError":null,"skip":false,"todo":false,"previous":null,"plan":null,"diag":{"severity":"fail","exitcode":1,"stack":"node:internal/assert/utils:146\n  throw error;\n  ^\n\nAssertionError [ERR_ASSERTION]: Expected values to be strictly equal:\n+ actual - expected\n\n+ 'write EPIPE'\n- 'write EBADF'\n          ^\n\n    at Socket.<anonymous> (C:\\workspace\\node-test-binary-windows-js-suites\\node\\test\\parallel\\test-net-socket-write-after-close.js:15:16)\n    at Socket.<anonymous> (C:\\workspace\\node-test-binary-windows-js-suites\\node\\test\\common\\index.js:507:15)\n    at Socket.emit (node:events:508:20)\n    at emitErrorNT (node:internal/streams/destroy:170:8)\n    at emitErrorCloseNT (node:internal/streams/destroy:129:3)\n    at process.processTicksAndRejections (node:internal/process/task_queues:90:21) {\n  generatedMessage: true,\n  code: 'ERR_ASSERTION',\n  actual: 'write EPIPE',\n  expected: 'write EBADF',\n  operator: 'strictEqual',\n  diff: 'simple'\n}\n\nNode.js v26.0.0-pre"},"time":285.004,"fullname":"parallel/test-net-socket-write-after-close","closingTestPoint":false}},{"testName":"parallel/test-http-should-keep-alive","timestamp":1771426257374,"status":"FAILED","jobName":"node-test-binary-windows-js-suites","config":"node-test-binary-windows-js-suites » 0,win11-arm64-COMPILED_BY-vs2022_clang-arm64 #38784","buildUrl":"https://ci.nodejs.org/job/node-test-binary-windows-js-suites/RUN_SUBSET=0,nodes=win11-arm64-COMPILED_BY-vs2022_clang-arm64/38784/","buildNumber":38784,"builtOn":"test-azure_msft-win11_vs2022-arm64-2","nodeVersion":"26.0.0","commitHash":"6a25a76777230ac65bf5ea2203a78dc2b0d5188c","callStack":[{"upstreamBuild":75165,"upstreamProject":"node-test-commit-windows-fanned","upstreamUrl":"job/node-test-commit-windows-fanned/"},{"upstreamBuild":85479,"upstreamProject":"node-test-commit","upstreamUrl":"job/node-test-commit/"},{"upstreamBuild":71354,"upstreamProject":"node-test-pull-request","upstreamUrl":"job/node-test-pull-request/"},{"prId":"61829"}],"tap":{"ok":false,"name":"parallel/test-http-should-keep-alive","id":531,"buffered":false,"tapError":null,"skip":false,"todo":false,"previous":null,"plan":null,"diag":{"severity":"fail","exitcode":3221226505,"stack":""},"time":398.005,"fullname":"parallel/test-http-should-keep-alive","closingTestPoint":false}},{"testName":"parallel/test-net-socket-write-after-close","timestamp":1771426257374,"status":"FAILED","jobName":"node-test-binary-windows-js-suites","config":"node-test-binary-windows-js-suites » 2,win11-arm64-COMPILED_BY-vs2022_clang-arm64 #38784","buildUrl":"https://ci.nodejs.org/job/node-test-binary-windows-js-suites/RUN_SUBSET=2,nodes=win11-arm64-COMPILED_BY-vs2022_clang-arm64/38784/","buildNumber":38784,"builtOn":"test-azure_msft-win11_vs2022-arm64-1","nodeVersion":"26.0.0","commitHash":"6a25a76777230ac65bf5ea2203a78dc2b0d5188c","callStack":[{"upstreamBuild":75165,"upstreamProject":"node-test-commit-windows-fanned","upstreamUrl":"job/node-test-commit-windows-fanned/"},{"upstreamBuild":85479,"upstreamProject":"node-test-commit","upstreamUrl":"job/node-test-commit/"},{"upstreamBuild":71354,"upstreamProject":"node-test-pull-request","upstreamUrl":"job/node-test-pull-request/"},{"prId":"61829"}],"tap":{"ok":false,"name":"parallel/test-net-socket-write-after-close","id":705,"buffered":false,"tapError":null,"skip":false,"todo":false,"previous":null,"plan":null,"diag":{"severity":"fail","exitcode":1,"stack":"node:internal/assert/utils:146\n  throw error;\n  ^\n\nAssertionError [ERR_ASSERTION]: Expected values to be strictly equal:\n+ actual - expected\n\n+ 'write EPIPE'\n- 'write EBADF'\n          ^\n\n    at Socket.<anonymous> (d:\\workspace\\node-test-binary-windows-js-suites\\node\\test\\parallel\\test-net-socket-write-after-close.js:15:16)\n    at Socket.<anonymous> (d:\\workspace\\node-test-binary-windows-js-suites\\node\\test\\common\\index.js:507:15)\n    at Socket.emit (node:events:508:20)\n    at emitErrorNT (node:internal/streams/destroy:170:8)\n    at emitErrorCloseNT (node:internal/streams/destroy:129:3)\n    at process.processTicksAndRejections (node:internal/process/task_queues:90:21) {\n  generatedMessage: true,\n  code: 'ERR_ASSERTION',\n  actual: 'write EPIPE',\n  expected: 'write EBADF',\n  operator: 'strictEqual',\n  diff: 'simple'\n}\n\nNode.js v26.0.0-pre"},"time":293.996,"fullname":"parallel/test-net-socket-write-after-close","closingTestPoint":false}}]}