{"failedTests":[{"testName":"parallel/test-child-process-advanced-serialization-splitted-length-field","timestamp":1771636405307,"status":"FAILED","jobName":"node-test-binary-windows-js-suites","config":"node-test-binary-windows-js-suites » 3,win2019-COMPILED_BY-vs2019 #38822","buildUrl":"https://ci.nodejs.org/job/node-test-binary-windows-js-suites/RUN_SUBSET=3,nodes=win2019-COMPILED_BY-vs2019/38822/","buildNumber":38822,"builtOn":"test-rackspace-win2019_vs2019-x64-1","nodeVersion":"20.20.1","commitHash":"b61c6a3ea8341cc4ef4fc59bc7e526b01f3d1684","callStack":[{"upstreamBuild":75217,"upstreamProject":"node-test-commit-windows-fanned","upstreamUrl":"job/node-test-commit-windows-fanned/"},{"upstreamBuild":85520,"upstreamProject":"node-test-commit","upstreamUrl":"job/node-test-commit/"},{"upstreamBuild":71387,"upstreamProject":"node-test-pull-request","upstreamUrl":"job/node-test-pull-request/"},{"prId":"61912"}],"tap":{"ok":false,"name":"parallel/test-child-process-advanced-serialization-splitted-length-field","id":107,"buffered":false,"tapError":null,"skip":false,"todo":false,"previous":null,"plan":null,"diag":{"severity":"fail","exitcode":1,"stack":"node:internal/child_process:420\n    throw new ErrnoException(err, 'spawn');\n    ^\n\nError: spawn UNKNOWN\n    at ChildProcess.spawn (node:internal/child_process:420:11)\n    at Object.spawn (node:child_process:762:9)\n    at Object.<anonymous> (C:\\workspace\\node-test-binary-windows-js-suites\\node\\test\\parallel\\test-child-process-advanced-serialization-splitted-length-field.js:19:31)\n    at Module._compile (node:internal/modules/cjs/loader:1521:14)\n    at Module._extensions..js (node:internal/modules/cjs/loader:1623:10)\n    at Module.load (node:internal/modules/cjs/loader:1266:32)\n    at Module._load (node:internal/modules/cjs/loader:1091:12)\n    at Function.executeUserEntryPoint [as runMain] (node:internal/modules/run_main:164:12)\n    at node:internal/main/run_main_module:28:49 {\n  errno: -4094,\n  code: 'UNKNOWN',\n  syscall: 'spawn'\n}\n\nNode.js v20.20.1-pre"},"time":325.035,"fullname":"parallel/test-child-process-advanced-serialization-splitted-length-field","closingTestPoint":false}},{"testName":"parallel/test-async-hooks-fatal-error","timestamp":1771636405307,"status":"FAILED","jobName":"node-test-binary-windows-js-suites","config":"node-test-binary-windows-js-suites » 3,win2019-COMPILED_BY-vs2019 #38822","buildUrl":"https://ci.nodejs.org/job/node-test-binary-windows-js-suites/RUN_SUBSET=3,nodes=win2019-COMPILED_BY-vs2019/38822/","buildNumber":38822,"builtOn":"test-rackspace-win2019_vs2019-x64-1","nodeVersion":"20.20.1","commitHash":"b61c6a3ea8341cc4ef4fc59bc7e526b01f3d1684","callStack":[{"upstreamBuild":75217,"upstreamProject":"node-test-commit-windows-fanned","upstreamUrl":"job/node-test-commit-windows-fanned/"},{"upstreamBuild":85520,"upstreamProject":"node-test-commit","upstreamUrl":"job/node-test-commit/"},{"upstreamBuild":71387,"upstreamProject":"node-test-pull-request","upstreamUrl":"job/node-test-pull-request/"},{"prId":"61912"}],"tap":{"ok":false,"name":"parallel/test-async-hooks-fatal-error","id":113,"buffered":false,"tapError":null,"skip":false,"todo":false,"previous":null,"plan":null,"diag":{"severity":"fail","exitcode":1,"stack":"node:assert:90\n  throw new AssertionError(obj);\n  ^\n\nAssertionError [ERR_ASSERTION]: destroy\n\n3221226505 !== 1\n\n    at main (C:\\workspace\\node-test-binary-windows-js-suites\\node\\test\\parallel\\test-async-hooks-fatal-error.js:49:14)\n    at Object.<anonymous> (C:\\workspace\\node-test-binary-windows-js-suites\\node\\test\\parallel\\test-async-hooks-fatal-error.js:10:3)\n    at Module._compile (node:internal/modules/cjs/loader:1521:14)\n    at Module._extensions..js (node:internal/modules/cjs/loader:1623:10)\n    at Module.load (node:internal/modules/cjs/loader:1266:32)\n    at Module._load (node:internal/modules/cjs/loader:1091:12)\n    at Function.executeUserEntryPoint [as runMain] (node:internal/modules/run_main:164:12)\n    at node:internal/main/run_main_module:28:49 {\n  generatedMessage: false,\n  code: 'ERR_ASSERTION',\n  actual: 3221226505,\n  expected: 1,\n  operator: 'strictEqual'\n}\n\nNode.js v20.20.1-pre"},"time":1787.043,"fullname":"parallel/test-async-hooks-fatal-error","closingTestPoint":false}}]}