{"failedTests":[{"testName":"parallel/test-tls-dhe","timestamp":1771760636134,"status":"FAILED","jobName":"node-test-binary-windows-js-suites","config":"node-test-binary-windows-js-suites Â» 3,win2016-COMPILED_BY-vs2022-x86 #38844","buildUrl":"https://ci.nodejs.org/job/node-test-binary-windows-js-suites/RUN_SUBSET=3,nodes=win2016-COMPILED_BY-vs2022-x86/38844/","buildNumber":38844,"builtOn":"test-azure_msft-win2016_vs2017-x64-1","nodeVersion":"22.22.1","commitHash":"4ef4225b83a97c3083604b20cbe2aa5a2d51f5a6","callStack":[{"upstreamBuild":75243,"upstreamProject":"node-test-commit-windows-fanned","upstreamUrl":"job/node-test-commit-windows-fanned/"},{"upstreamBuild":85541,"upstreamProject":"node-test-commit","upstreamUrl":"job/node-test-commit/"},{"upstreamBuild":486,"upstreamProject":"node-daily-v22.x-staging","upstreamUrl":"job/node-daily-v22.x-staging/"}],"tap":{"ok":false,"name":"parallel/test-tls-dhe","id":888,"buffered":false,"tapError":null,"skip":false,"todo":false,"previous":null,"plan":null,"diag":{"severity":"fail","exitcode":1,"stack":"node:assert:847\n    throw newErr;\n    ^\n\nAssertionError [ERR_ASSERTION]: ifError got unwanted exception: Command failed: C:\\workspace\\node-test-binary-windows-js-suites\\node\\Release\\openssl-cli s_client -connect 127.0.0.1:57710 -cipher DHE-RSA-AES128-SHA256:ECDHE-RSA-AES128-SHA256:@SECLEVEL=1\nConnecting to 127.0.0.1\n\nCan't use SSL_get_servername\n\ndepth=0 C=US, ST=CA, L=SF, O=Joyent, OU=Node.js, CN=agent2, emailAddress=ry@tinyclouds.org\n\nverify error:num=18:self-signed certificate\n\nverify return:1\n\ndepth=0 C=US, ST=CA, L=SF, O=Joyent, OU=Node.js, CN=agent2, emailAddress=ry@tinyclouds.org\n\nverify return:1\n\n38190000:error:0A000126:SSL routines::unexpected eof while reading:C:\\workspace\\node-compile-windows\\node\\deps\\openssl\\openssl\\ssl\\record\\rec_layer_s3.c:703:\n\n\n    at C:\\workspace\\node-test-binary-windows-js-suites\\node\\test\\common\\index.js:401:12\n    at C:\\workspace\\node-test-binary-windows-js-suites\\node\\test\\common\\index.js:438:15\n    at ChildProcess.exithandler (node:child_process:424:5)\n    at genericNodeError (node:internal/errors:983:15)\n    at wrappedFn (node:internal/errors:537:14)\n    at ChildProcess.exithandler (node:child_process:417:12)\n    at ChildProcess.emit (node:events:519:28)\n    at maybeClose (node:internal/child_process:1101:16)\n    at ChildProcess._handle.onexit (node:internal/child_process:304:5) {\n  generatedMessage: false,\n  code: 'ERR_ASSERTION',\n  actual: Error: Command failed: C:\\workspace\\node-test-binary-windows-js-suites\\node\\Release\\openssl-cli s_client -connect 127.0.0.1:57710 -cipher DHE-RSA-AES128-SHA256:ECDHE-RSA-AES128-SHA256:@SECLEVEL=1\n  Connecting to 127.0.0.1\n\n  Can't use SSL_get_servername\n\n  depth=0 C=US, ST=CA, L=SF, O=Joyent, OU=Node.js, CN=agent2, emailAddress=ry@tinyclouds.org\n\n  verify error:num=18:self-signed certificate\n\n  verify return:1\n\n  depth=0 C=US, ST=CA, L=SF, O=Joyent, OU=Node.js, CN=agent2, emailAddress=ry@tinyclouds.org\n\n  verify return:1\n\n  38190000:error:0A000126:SSL routines::unexpected eof while reading:C:\\workspace\\node-compile-windows\\node\\deps\\openssl\\openssl\\ssl\\record\\rec_layer_s3.c:703:\n\n  \n      at genericNodeError (node:internal/errors:983:15)\n      at wrappedFn (node:internal/errors:537:14)\n      at ChildProcess.exithandler (node:child_process:417:12)\n      at ChildProcess.emit (node:events:519:28)\n      at maybeClose (node:internal/child_process:1101:16)\n      at ChildProcess._handle.onexit (node:internal/child_process:304:5) {\n    code: 1,\n    killed: false,\n    signal: null,\n    cmd: 'C:\\\\workspace\\\\node-test-binary-windows-js-suites\\\\node\\\\Release\\\\openssl-cli s_client -connect 127.0.0.1:57710 -cipher DHE-RSA-AES128-SHA256:ECDHE-RSA-AES128-SHA256:@SECLEVEL=1'\n  },\n  expected: null,\n  operator: 'ifError',\n  diff: 'simple'\n}\n\nNode.js v22.22.1-pre"},"time":291.009,"fullname":"parallel/test-tls-dhe","closingTestPoint":false}}]}