{"failedTests":[{"testName":"parallel/test-child-process-array-prototype-setter","timestamp":1772019872046,"status":"FAILED","jobName":"node-test-binary-windows-js-suites","config":"node-test-binary-windows-js-suites » 0,win2019-COMPILED_BY-vs2022_clang #38890","buildUrl":"https://ci.nodejs.org/job/node-test-binary-windows-js-suites/RUN_SUBSET=0,nodes=win2019-COMPILED_BY-vs2022_clang/38890/","buildNumber":38890,"builtOn":"test-rackspace-win2019_vs2019-x64-2","nodeVersion":"26.0.0","commitHash":"2f715eefdc93cec534b474f1bbf33930a478571a","callStack":[{"upstreamBuild":75289,"upstreamProject":"node-test-commit-windows-fanned","upstreamUrl":"job/node-test-commit-windows-fanned/"},{"upstreamBuild":85603,"upstreamProject":"node-test-commit","upstreamUrl":"job/node-test-commit/"},{"upstreamBuild":71447,"upstreamProject":"node-test-pull-request","upstreamUrl":"job/node-test-pull-request/"},{"prId":"61978"}],"tap":{"ok":false,"name":"parallel/test-child-process-array-prototype-setter","id":163,"buffered":false,"tapError":null,"skip":false,"todo":false,"previous":null,"plan":null,"diag":{"severity":"fail","exitcode":1,"stack":"[process 5560]: --- stderr ---\n\n[process 5560]: --- stdout ---\nundefined\n\n[process 5560]: status = 0, signal = null\nC:\\workspace\\node-test-binary-windows-js-suites\\node\\test\\common\\child_process.js:112\n    throw error;\n    ^\n\nError: - stdout did not match expectation, checker throws:\nAssertionError [ERR_ASSERTION]: The input did not match the regular expression /^ERR_INVALID_ARG_TYPE\\\\r?\\\\n$/. Input:\n\n'undefined\\n'\n\n    at stdout (C:\\workspace\\node-test-binary-windows-js-suites\\node\\test\\parallel\\test-child-process-array-prototype-setter.js:24:12)\n    at checkOutput (C:\\workspace\\node-test-binary-windows-js-suites\\node\\test\\common\\child_process.js:52:7)\n    at expectSyncExit (C:\\workspace\\node-test-binary-windows-js-suites\\node\\test\\common\\child_process.js:129:32)\n    at spawnSyncAndAssert (C:\\workspace\\node-test-binary-windows-js-suites\\node\\test\\common\\child_process.js:155:10)\n    at Object.<anonymous> (C:\\workspace\\node-test-binary-windows-js-suites\\node\\test\\parallel\\test-child-process-array-prototype-setter.js:22:1)\n    at Module._compile (node:internal/modules/cjs/loader:1811:14)\n    at Object..js (node:internal/modules/cjs/loader:1951:10)\n    at Module.load (node:internal/modules/cjs/loader:1532:32)\n    at Module._load (node:internal/modules/cjs/loader:1334:12)\n    at wrapModuleLoad (node:internal/modules/cjs/loader:255:19) {\n  generatedMessage: true,\n  code: 'ERR_ASSERTION',\n  actual: 'undefined\\n',\n  expected: /^ERR_INVALID_ARG_TYPE\\\\r?\\\\n$/,\n  operator: 'match',\n  diff: 'simple'\n}\n    at Object.<anonymous> (C:\\workspace\\node-test-binary-windows-js-suites\\node\\test\\parallel\\test-child-process-array-prototype-setter.js:22:1)\n    at Module._compile (node:internal/modules/cjs/loader:1811:14)\n    at Object..js (node:internal/modules/cjs/loader:1951:10)\n    at Module.load (node:internal/modules/cjs/loader:1532:32)\n    at Module._load (node:internal/modules/cjs/loader:1334:12)\n    at wrapModuleLoad (node:internal/modules/cjs/loader:255:19)\n    at Module.executeUserEntryPoint [as runMain] (node:internal/modules/run_main:154:5)\n    at node:internal/main/run_main_module:33:47 {\n  command: 'C:\\\\workspace\\\\node-test-binary-windows-js-suites\\\\node\\\\Release\\\\node.exe -e \\n' +\n    \"Object.defineProperty(Array.prototype, '2', {\\n\" +\n    '  __proto__: null,\\n' +\n    '  set() {},\\n' +\n    '  configurable: true,\\n' +\n    '});\\n' +\n    '\\n' +\n    'try {\\n' +\n    \"  require('child_process').spawn(process.execPath, ['-e', '0']);\\n\" +\n    \"  console.log('NO_ERROR');\\n\" +\n    '} catch (error) {\\n' +\n    '  console.log(error.code);\\n' +\n    '}\\n'\n}\n\nNode.js v26.0.0-pre"},"time":453.993,"fullname":"parallel/test-child-process-array-prototype-setter","closingTestPoint":false}},{"testName":"parallel/test-child-process-array-prototype-setter","timestamp":1772019872046,"status":"FAILED","jobName":"node-test-binary-windows-js-suites","config":"node-test-binary-windows-js-suites » 0,win11-COMPILED_BY-vs2022_clang #38890","buildUrl":"https://ci.nodejs.org/job/node-test-binary-windows-js-suites/RUN_SUBSET=0,nodes=win11-COMPILED_BY-vs2022_clang/38890/","buildNumber":38890,"builtOn":"test-azure_msft-win11_vs2022-x64-2","nodeVersion":"26.0.0","commitHash":"2f715eefdc93cec534b474f1bbf33930a478571a","callStack":[{"upstreamBuild":75289,"upstreamProject":"node-test-commit-windows-fanned","upstreamUrl":"job/node-test-commit-windows-fanned/"},{"upstreamBuild":85603,"upstreamProject":"node-test-commit","upstreamUrl":"job/node-test-commit/"},{"upstreamBuild":71447,"upstreamProject":"node-test-pull-request","upstreamUrl":"job/node-test-pull-request/"},{"prId":"61978"}],"tap":{"ok":false,"name":"parallel/test-child-process-array-prototype-setter","id":163,"buffered":false,"tapError":null,"skip":false,"todo":false,"previous":null,"plan":null,"diag":{"severity":"fail","exitcode":1,"stack":"[process 11320]: --- stderr ---\n\n[process 11320]: --- stdout ---\nundefined\n\n[process 11320]: status = 0, signal = null\nc:\\workspace\\node-test-binary-windows-js-suites\\node\\test\\common\\child_process.js:112\n    throw error;\n    ^\n\nError: - stdout did not match expectation, checker throws:\nAssertionError [ERR_ASSERTION]: The input did not match the regular expression /^ERR_INVALID_ARG_TYPE\\\\r?\\\\n$/. Input:\n\n'undefined\\n'\n\n    at stdout (c:\\workspace\\node-test-binary-windows-js-suites\\node\\test\\parallel\\test-child-process-array-prototype-setter.js:24:12)\n    at checkOutput (c:\\workspace\\node-test-binary-windows-js-suites\\node\\test\\common\\child_process.js:52:7)\n    at expectSyncExit (c:\\workspace\\node-test-binary-windows-js-suites\\node\\test\\common\\child_process.js:129:32)\n    at spawnSyncAndAssert (c:\\workspace\\node-test-binary-windows-js-suites\\node\\test\\common\\child_process.js:155:10)\n    at Object.<anonymous> (c:\\workspace\\node-test-binary-windows-js-suites\\node\\test\\parallel\\test-child-process-array-prototype-setter.js:22:1)\n    at Module._compile (node:internal/modules/cjs/loader:1811:14)\n    at Object..js (node:internal/modules/cjs/loader:1951:10)\n    at Module.load (node:internal/modules/cjs/loader:1532:32)\n    at Module._load (node:internal/modules/cjs/loader:1334:12)\n    at wrapModuleLoad (node:internal/modules/cjs/loader:255:19) {\n  generatedMessage: true,\n  code: 'ERR_ASSERTION',\n  actual: 'undefined\\n',\n  expected: /^ERR_INVALID_ARG_TYPE\\\\r?\\\\n$/,\n  operator: 'match',\n  diff: 'simple'\n}\n    at Object.<anonymous> (c:\\workspace\\node-test-binary-windows-js-suites\\node\\test\\parallel\\test-child-process-array-prototype-setter.js:22:1)\n    at Module._compile (node:internal/modules/cjs/loader:1811:14)\n    at Object..js (node:internal/modules/cjs/loader:1951:10)\n    at Module.load (node:internal/modules/cjs/loader:1532:32)\n    at Module._load (node:internal/modules/cjs/loader:1334:12)\n    at wrapModuleLoad (node:internal/modules/cjs/loader:255:19)\n    at Module.executeUserEntryPoint [as runMain] (node:internal/modules/run_main:154:5)\n    at node:internal/main/run_main_module:33:47 {\n  command: 'c:\\\\workspace\\\\node-test-binary-windows-js-suites\\\\node\\\\Release\\\\node.exe -e \\n' +\n    \"Object.defineProperty(Array.prototype, '2', {\\n\" +\n    '  __proto__: null,\\n' +\n    '  set() {},\\n' +\n    '  configurable: true,\\n' +\n    '});\\n' +\n    '\\n' +\n    'try {\\n' +\n    \"  require('child_process').spawn(process.execPath, ['-e', '0']);\\n\" +\n    \"  console.log('NO_ERROR');\\n\" +\n    '} catch (error) {\\n' +\n    '  console.log(error.code);\\n' +\n    '}\\n'\n}\n\nNode.js v26.0.0-pre"},"time":276.001,"fullname":"parallel/test-child-process-array-prototype-setter","closingTestPoint":false}},{"testName":"parallel/test-child-process-array-prototype-setter","timestamp":1772019872046,"status":"FAILED","jobName":"node-test-binary-windows-js-suites","config":"node-test-binary-windows-js-suites » 0,win2022-COMPILED_BY-vs2022_clang #38890","buildUrl":"https://ci.nodejs.org/job/node-test-binary-windows-js-suites/RUN_SUBSET=0,nodes=win2022-COMPILED_BY-vs2022_clang/38890/","buildNumber":38890,"builtOn":"test-rackspace-win2022_vs2022-x64-2","nodeVersion":"26.0.0","commitHash":"2f715eefdc93cec534b474f1bbf33930a478571a","callStack":[{"upstreamBuild":75289,"upstreamProject":"node-test-commit-windows-fanned","upstreamUrl":"job/node-test-commit-windows-fanned/"},{"upstreamBuild":85603,"upstreamProject":"node-test-commit","upstreamUrl":"job/node-test-commit/"},{"upstreamBuild":71447,"upstreamProject":"node-test-pull-request","upstreamUrl":"job/node-test-pull-request/"},{"prId":"61978"}],"tap":{"ok":false,"name":"parallel/test-child-process-array-prototype-setter","id":161,"buffered":false,"tapError":null,"skip":false,"todo":false,"previous":null,"plan":null,"diag":{"severity":"fail","exitcode":1,"stack":"[process 6884]: --- stderr ---\n\n[process 6884]: --- stdout ---\nundefined\n\n[process 6884]: status = 0, signal = null\nC:\\workspace\\node-test-binary-windows-js-suites\\node\\test\\common\\child_process.js:112\n    throw error;\n    ^\n\nError: - stdout did not match expectation, checker throws:\nAssertionError [ERR_ASSERTION]: The input did not match the regular expression /^ERR_INVALID_ARG_TYPE\\\\r?\\\\n$/. Input:\n\n'undefined\\n'\n\n    at stdout (C:\\workspace\\node-test-binary-windows-js-suites\\node\\test\\parallel\\test-child-process-array-prototype-setter.js:24:12)\n    at checkOutput (C:\\workspace\\node-test-binary-windows-js-suites\\node\\test\\common\\child_process.js:52:7)\n    at expectSyncExit (C:\\workspace\\node-test-binary-windows-js-suites\\node\\test\\common\\child_process.js:129:32)\n    at spawnSyncAndAssert (C:\\workspace\\node-test-binary-windows-js-suites\\node\\test\\common\\child_process.js:155:10)\n    at Object.<anonymous> (C:\\workspace\\node-test-binary-windows-js-suites\\node\\test\\parallel\\test-child-process-array-prototype-setter.js:22:1)\n    at Module._compile (node:internal/modules/cjs/loader:1811:14)\n    at Object..js (node:internal/modules/cjs/loader:1951:10)\n    at Module.load (node:internal/modules/cjs/loader:1532:32)\n    at Module._load (node:internal/modules/cjs/loader:1334:12)\n    at wrapModuleLoad (node:internal/modules/cjs/loader:255:19) {\n  generatedMessage: true,\n  code: 'ERR_ASSERTION',\n  actual: 'undefined\\n',\n  expected: /^ERR_INVALID_ARG_TYPE\\\\r?\\\\n$/,\n  operator: 'match',\n  diff: 'simple'\n}\n    at Object.<anonymous> (C:\\workspace\\node-test-binary-windows-js-suites\\node\\test\\parallel\\test-child-process-array-prototype-setter.js:22:1)\n    at Module._compile (node:internal/modules/cjs/loader:1811:14)\n    at Object..js (node:internal/modules/cjs/loader:1951:10)\n    at Module.load (node:internal/modules/cjs/loader:1532:32)\n    at Module._load (node:internal/modules/cjs/loader:1334:12)\n    at wrapModuleLoad (node:internal/modules/cjs/loader:255:19)\n    at Module.executeUserEntryPoint [as runMain] (node:internal/modules/run_main:154:5)\n    at node:internal/main/run_main_module:33:47 {\n  command: 'C:\\\\workspace\\\\node-test-binary-windows-js-suites\\\\node\\\\Release\\\\node.exe -e \\n' +\n    \"Object.defineProperty(Array.prototype, '2', {\\n\" +\n    '  __proto__: null,\\n' +\n    '  set() {},\\n' +\n    '  configurable: true,\\n' +\n    '});\\n' +\n    '\\n' +\n    'try {\\n' +\n    \"  require('child_process').spawn(process.execPath, ['-e', '0']);\\n\" +\n    \"  console.log('NO_ERROR');\\n\" +\n    '} catch (error) {\\n' +\n    '  console.log(error.code);\\n' +\n    '}\\n'\n}\n\nNode.js v26.0.0-pre"},"time":457.992,"fullname":"parallel/test-child-process-array-prototype-setter","closingTestPoint":false}},{"testName":"parallel/test-child-process-array-prototype-setter","timestamp":1772019872046,"status":"FAILED","jobName":"node-test-binary-windows-js-suites","config":"node-test-binary-windows-js-suites » 0,win10-COMPILED_BY-vs2022_clang #38890","buildUrl":"https://ci.nodejs.org/job/node-test-binary-windows-js-suites/RUN_SUBSET=0,nodes=win10-COMPILED_BY-vs2022_clang/38890/","buildNumber":38890,"builtOn":"test-azure_msft-win10_vs2019-x64-3","nodeVersion":"26.0.0","commitHash":"2f715eefdc93cec534b474f1bbf33930a478571a","callStack":[{"upstreamBuild":75289,"upstreamProject":"node-test-commit-windows-fanned","upstreamUrl":"job/node-test-commit-windows-fanned/"},{"upstreamBuild":85603,"upstreamProject":"node-test-commit","upstreamUrl":"job/node-test-commit/"},{"upstreamBuild":71447,"upstreamProject":"node-test-pull-request","upstreamUrl":"job/node-test-pull-request/"},{"prId":"61978"}],"tap":{"ok":false,"name":"parallel/test-child-process-array-prototype-setter","id":165,"buffered":false,"tapError":null,"skip":false,"todo":false,"previous":null,"plan":null,"diag":{"severity":"fail","exitcode":1,"stack":"[process 1684]: --- stderr ---\n\n[process 1684]: --- stdout ---\nundefined\n\n[process 1684]: status = 0, signal = null\nc:\\workspace\\node-test-binary-windows-js-suites\\node\\test\\common\\child_process.js:112\n    throw error;\n    ^\n\nError: - stdout did not match expectation, checker throws:\nAssertionError [ERR_ASSERTION]: The input did not match the regular expression /^ERR_INVALID_ARG_TYPE\\\\r?\\\\n$/. Input:\n\n'undefined\\n'\n\n    at stdout (c:\\workspace\\node-test-binary-windows-js-suites\\node\\test\\parallel\\test-child-process-array-prototype-setter.js:24:12)\n    at checkOutput (c:\\workspace\\node-test-binary-windows-js-suites\\node\\test\\common\\child_process.js:52:7)\n    at expectSyncExit (c:\\workspace\\node-test-binary-windows-js-suites\\node\\test\\common\\child_process.js:129:32)\n    at spawnSyncAndAssert (c:\\workspace\\node-test-binary-windows-js-suites\\node\\test\\common\\child_process.js:155:10)\n    at Object.<anonymous> (c:\\workspace\\node-test-binary-windows-js-suites\\node\\test\\parallel\\test-child-process-array-prototype-setter.js:22:1)\n    at Module._compile (node:internal/modules/cjs/loader:1811:14)\n    at Object..js (node:internal/modules/cjs/loader:1951:10)\n    at Module.load (node:internal/modules/cjs/loader:1532:32)\n    at Module._load (node:internal/modules/cjs/loader:1334:12)\n    at wrapModuleLoad (node:internal/modules/cjs/loader:255:19) {\n  generatedMessage: true,\n  code: 'ERR_ASSERTION',\n  actual: 'undefined\\n',\n  expected: /^ERR_INVALID_ARG_TYPE\\\\r?\\\\n$/,\n  operator: 'match',\n  diff: 'simple'\n}\n    at Object.<anonymous> (c:\\workspace\\node-test-binary-windows-js-suites\\node\\test\\parallel\\test-child-process-array-prototype-setter.js:22:1)\n    at Module._compile (node:internal/modules/cjs/loader:1811:14)\n    at Object..js (node:internal/modules/cjs/loader:1951:10)\n    at Module.load (node:internal/modules/cjs/loader:1532:32)\n    at Module._load (node:internal/modules/cjs/loader:1334:12)\n    at wrapModuleLoad (node:internal/modules/cjs/loader:255:19)\n    at Module.executeUserEntryPoint [as runMain] (node:internal/modules/run_main:154:5)\n    at node:internal/main/run_main_module:33:47 {\n  command: 'c:\\\\workspace\\\\node-test-binary-windows-js-suites\\\\node\\\\Release\\\\node.exe -e \\n' +\n    \"Object.defineProperty(Array.prototype, '2', {\\n\" +\n    '  __proto__: null,\\n' +\n    '  set() {},\\n' +\n    '  configurable: true,\\n' +\n    '});\\n' +\n    '\\n' +\n    'try {\\n' +\n    \"  require('child_process').spawn(process.execPath, ['-e', '0']);\\n\" +\n    \"  console.log('NO_ERROR');\\n\" +\n    '} catch (error) {\\n' +\n    '  console.log(error.code);\\n' +\n    '}\\n'\n}\n\nNode.js v26.0.0-pre"},"time":310.023,"fullname":"parallel/test-child-process-array-prototype-setter","closingTestPoint":false}},{"testName":"parallel/test-child-process-array-prototype-setter","timestamp":1772019872046,"status":"FAILED","jobName":"node-test-binary-windows-js-suites","config":"node-test-binary-windows-js-suites » 3,win11-arm64-COMPILED_BY-vs2022_clang-arm64 #38890","buildUrl":"https://ci.nodejs.org/job/node-test-binary-windows-js-suites/RUN_SUBSET=3,nodes=win11-arm64-COMPILED_BY-vs2022_clang-arm64/38890/","buildNumber":38890,"builtOn":"test-azure_msft-win11_vs2022-arm64-3","nodeVersion":"26.0.0","commitHash":"2f715eefdc93cec534b474f1bbf33930a478571a","callStack":[{"upstreamBuild":75289,"upstreamProject":"node-test-commit-windows-fanned","upstreamUrl":"job/node-test-commit-windows-fanned/"},{"upstreamBuild":85603,"upstreamProject":"node-test-commit","upstreamUrl":"job/node-test-commit/"},{"upstreamBuild":71447,"upstreamProject":"node-test-pull-request","upstreamUrl":"job/node-test-pull-request/"},{"prId":"61978"}],"tap":{"ok":false,"name":"parallel/test-child-process-array-prototype-setter","id":165,"buffered":false,"tapError":null,"skip":false,"todo":false,"previous":null,"plan":null,"diag":{"severity":"fail","exitcode":1,"stack":"[process 20964]: --- stderr ---\n\n[process 20964]: --- stdout ---\nundefined\n\n[process 20964]: status = 0, signal = null\nd:\\workspace\\node-test-binary-windows-js-suites\\node\\test\\common\\child_process.js:112\n    throw error;\n    ^\n\nError: - stdout did not match expectation, checker throws:\nAssertionError [ERR_ASSERTION]: The input did not match the regular expression /^ERR_INVALID_ARG_TYPE\\\\r?\\\\n$/. Input:\n\n'undefined\\n'\n\n    at stdout (d:\\workspace\\node-test-binary-windows-js-suites\\node\\test\\parallel\\test-child-process-array-prototype-setter.js:24:12)\n    at checkOutput (d:\\workspace\\node-test-binary-windows-js-suites\\node\\test\\common\\child_process.js:52:7)\n    at expectSyncExit (d:\\workspace\\node-test-binary-windows-js-suites\\node\\test\\common\\child_process.js:129:32)\n    at spawnSyncAndAssert (d:\\workspace\\node-test-binary-windows-js-suites\\node\\test\\common\\child_process.js:155:10)\n    at Object.<anonymous> (d:\\workspace\\node-test-binary-windows-js-suites\\node\\test\\parallel\\test-child-process-array-prototype-setter.js:22:1)\n    at Module._compile (node:internal/modules/cjs/loader:1811:14)\n    at Module._extensions..js (node:internal/modules/cjs/loader:1951:10)\n    at Module.load (node:internal/modules/cjs/loader:1532:32)\n    at Module._load (node:internal/modules/cjs/loader:1334:12)\n    at wrapModuleLoad (node:internal/modules/cjs/loader:255:19) {\n  generatedMessage: true,\n  code: 'ERR_ASSERTION',\n  actual: 'undefined\\n',\n  expected: /^ERR_INVALID_ARG_TYPE\\\\r?\\\\n$/,\n  operator: 'match',\n  diff: 'simple'\n}\n    at Object.<anonymous> (d:\\workspace\\node-test-binary-windows-js-suites\\node\\test\\parallel\\test-child-process-array-prototype-setter.js:22:1)\n    at Module._compile (node:internal/modules/cjs/loader:1811:14)\n    at Module._extensions..js (node:internal/modules/cjs/loader:1951:10)\n    at Module.load (node:internal/modules/cjs/loader:1532:32)\n    at Module._load (node:internal/modules/cjs/loader:1334:12)\n    at wrapModuleLoad (node:internal/modules/cjs/loader:255:19)\n    at Module.executeUserEntryPoint [as runMain] (node:internal/modules/run_main:154:5)\n    at node:internal/main/run_main_module:33:47 {\n  command: 'd:\\\\workspace\\\\node-test-binary-windows-js-suites\\\\node\\\\Release\\\\node.exe -e \\n' +\n    \"Object.defineProperty(Array.prototype, '2', {\\n\" +\n    '  __proto__: null,\\n' +\n    '  set() {},\\n' +\n    '  configurable: true,\\n' +\n    '});\\n' +\n    '\\n' +\n    'try {\\n' +\n    \"  require('child_process').spawn(process.execPath, ['-e', '0']);\\n\" +\n    \"  console.log('NO_ERROR');\\n\" +\n    '} catch (error) {\\n' +\n    '  console.log(error.code);\\n' +\n    '}\\n'\n}\n\nNode.js v26.0.0-pre"},"time":478.004,"fullname":"parallel/test-child-process-array-prototype-setter","closingTestPoint":false}}]}